---------------------------------------
Policy: TD3, Env: HalfCheetah-v2, Seed: 0
---------------------------------------
---------------------------------------
Evaluation over 10 episodes: -0.925
---------------------------------------
Total T: 1000 Episode Num: 1 Episode T: 1000 Reward: -283.696
Total T: 2000 Episode Num: 2 Episode T: 1000 Reward: -418.297
Total T: 3000 Episode Num: 3 Episode T: 1000 Reward: -374.501
Total T: 4000 Episode Num: 4 Episode T: 1000 Reward: -351.407
Total T: 5000 Episode Num: 5 Episode T: 1000 Reward: -200.111
---------------------------------------
Evaluation over 10 episodes: -0.908
---------------------------------------
Total T: 6000 Episode Num: 6 Episode T: 1000 Reward: -280.519
Total T: 7000 Episode Num: 7 Episode T: 1000 Reward: -314.794
Total T: 8000 Episode Num: 8 Episode T: 1000 Reward: -221.637
Total T: 9000 Episode Num: 9 Episode T: 1000 Reward: -392.028
Total T: 10000 Episode Num: 10 Episode T: 1000 Reward: -231.677
---------------------------------------
Evaluation over 10 episodes: -0.908
---------------------------------------
Total T: 11000 Episode Num: 11 Episode T: 1000 Reward: -223.619
Total T: 12000 Episode Num: 12 Episode T: 1000 Reward: -252.392
Total T: 13000 Episode Num: 13 Episode T: 1000 Reward: -325.796
Total T: 14000 Episode Num: 14 Episode T: 1000 Reward: -285.250
Total T: 15000 Episode Num: 15 Episode T: 1000 Reward: -451.390
---------------------------------------
Evaluation over 10 episodes: -0.917
---------------------------------------
Total T: 16000 Episode Num: 16 Episode T: 1000 Reward: -311.158
Total T: 17000 Episode Num: 17 Episode T: 1000 Reward: -234.535
Total T: 18000 Episode Num: 18 Episode T: 1000 Reward: -147.769
Total T: 19000 Episode Num: 19 Episode T: 1000 Reward: -240.141
Total T: 20000 Episode Num: 20 Episode T: 1000 Reward: -252.708
---------------------------------------
Evaluation over 10 episodes: -0.886
---------------------------------------
Total T: 21000 Episode Num: 21 Episode T: 1000 Reward: -281.707
Total T: 22000 Episode Num: 22 Episode T: 1000 Reward: -350.794
Total T: 23000 Episode Num: 23 Episode T: 1000 Reward: -308.224
Total T: 24000 Episode Num: 24 Episode T: 1000 Reward: -398.985
Total T: 25000 Episode Num: 25 Episode T: 1000 Reward: -280.643
---------------------------------------
Evaluation over 10 episodes: -0.873
---------------------------------------
Total T: 26000 Episode Num: 26 Episode T: 1000 Reward: -190.251
Total T: 27000 Episode Num: 27 Episode T: 1000 Reward: -186.209
Total T: 28000 Episode Num: 28 Episode T: 1000 Reward: -187.028
Total T: 29000 Episode Num: 29 Episode T: 1000 Reward: -195.619
Total T: 30000 Episode Num: 30 Episode T: 1000 Reward: -199.533
---------------------------------------
Evaluation over 10 episodes: -238.496
---------------------------------------
Total T: 31000 Episode Num: 31 Episode T: 1000 Reward: -206.063
Total T: 32000 Episode Num: 32 Episode T: 1000 Reward: -462.701
Total T: 33000 Episode Num: 33 Episode T: 1000 Reward: -486.486
Total T: 34000 Episode Num: 34 Episode T: 1000 Reward: -472.406
Total T: 35000 Episode Num: 35 Episode T: 1000 Reward: -405.851
---------------------------------------
Evaluation over 10 episodes: -295.621
---------------------------------------
Total T: 36000 Episode Num: 36 Episode T: 1000 Reward: -258.407
Total T: 37000 Episode Num: 37 Episode T: 1000 Reward: -428.031
Total T: 38000 Episode Num: 38 Episode T: 1000 Reward: 44.814
Total T: 39000 Episode Num: 39 Episode T: 1000 Reward: 495.773
Total T: 40000 Episode Num: 40 Episode T: 1000 Reward: 219.497
---------------------------------------
Evaluation over 10 episodes: -34.426
---------------------------------------
Total T: 41000 Episode Num: 41 Episode T: 1000 Reward: 123.344
Total T: 42000 Episode Num: 42 Episode T: 1000 Reward: 892.872
Total T: 43000 Episode Num: 43 Episode T: 1000 Reward: 179.208
Total T: 44000 Episode Num: 44 Episode T: 1000 Reward: 8.378
Total T: 45000 Episode Num: 45 Episode T: 1000 Reward: 1623.394
---------------------------------------
Evaluation over 10 episodes: 1547.395
---------------------------------------
Total T: 46000 Episode Num: 46 Episode T: 1000 Reward: 1514.624
Total T: 47000 Episode Num: 47 Episode T: 1000 Reward: 1827.348
Total T: 48000 Episode Num: 48 Episode T: 1000 Reward: 1807.085
Total T: 49000 Episode Num: 49 Episode T: 1000 Reward: 1997.593
Total T: 50000 Episode Num: 50 Episode T: 1000 Reward: 2174.747
---------------------------------------
Evaluation over 10 episodes: 1878.567
---------------------------------------
Total T: 51000 Episode Num: 51 Episode T: 1000 Reward: 2076.170
Total T: 52000 Episode Num: 52 Episode T: 1000 Reward: 2238.664
Total T: 53000 Episode Num: 53 Episode T: 1000 Reward: 2306.884
Total T: 54000 Episode Num: 54 Episode T: 1000 Reward: 2499.221
Total T: 55000 Episode Num: 55 Episode T: 1000 Reward: 3164.922
---------------------------------------
Evaluation over 10 episodes: 2729.265
---------------------------------------
Total T: 56000 Episode Num: 56 Episode T: 1000 Reward: 3200.270
Total T: 57000 Episode Num: 57 Episode T: 1000 Reward: 3246.496
Total T: 58000 Episode Num: 58 Episode T: 1000 Reward: 3223.039
Total T: 59000 Episode Num: 59 Episode T: 1000 Reward: 3243.578
Total T: 60000 Episode Num: 60 Episode T: 1000 Reward: 3340.814
---------------------------------------
Evaluation over 10 episodes: 3362.107
---------------------------------------
Total T: 61000 Episode Num: 61 Episode T: 1000 Reward: 3392.286
Total T: 62000 Episode Num: 62 Episode T: 1000 Reward: 3350.485
Total T: 63000 Episode Num: 63 Episode T: 1000 Reward: 3301.362
Total T: 64000 Episode Num: 64 Episode T: 1000 Reward: 3349.726
Total T: 65000 Episode Num: 65 Episode T: 1000 Reward: 3502.440
---------------------------------------
Evaluation over 10 episodes: 3538.858
---------------------------------------
Total T: 66000 Episode Num: 66 Episode T: 1000 Reward: 3441.133
Total T: 67000 Episode Num: 67 Episode T: 1000 Reward: 3543.256
Total T: 68000 Episode Num: 68 Episode T: 1000 Reward: 3549.150
Total T: 69000 Episode Num: 69 Episode T: 1000 Reward: 3457.507
Total T: 70000 Episode Num: 70 Episode T: 1000 Reward: 3321.839
---------------------------------------
Evaluation over 10 episodes: 3585.641
---------------------------------------
Total T: 71000 Episode Num: 71 Episode T: 1000 Reward: 3587.079
Total T: 72000 Episode Num: 72 Episode T: 1000 Reward: 3623.534
Total T: 73000 Episode Num: 73 Episode T: 1000 Reward: 3266.161
Total T: 74000 Episode Num: 74 Episode T: 1000 Reward: 3418.223
Total T: 75000 Episode Num: 75 Episode T: 1000 Reward: 3333.654
---------------------------------------
Evaluation over 10 episodes: 3423.186
---------------------------------------
Total T: 76000 Episode Num: 76 Episode T: 1000 Reward: 3296.833
Total T: 77000 Episode Num: 77 Episode T: 1000 Reward: 3418.260
Total T: 78000 Episode Num: 78 Episode T: 1000 Reward: 3434.708
Total T: 79000 Episode Num: 79 Episode T: 1000 Reward: 3521.657
Total T: 80000 Episode Num: 80 Episode T: 1000 Reward: 3519.309
---------------------------------------
Evaluation over 10 episodes: 3467.117
---------------------------------------
Total T: 81000 Episode Num: 81 Episode T: 1000 Reward: 3412.296
Total T: 82000 Episode Num: 82 Episode T: 1000 Reward: 3383.187
Total T: 83000 Episode Num: 83 Episode T: 1000 Reward: 3383.391
Total T: 84000 Episode Num: 84 Episode T: 1000 Reward: 3449.584
Total T: 85000 Episode Num: 85 Episode T: 1000 Reward: 3482.699
---------------------------------------
Evaluation over 10 episodes: 3487.142
---------------------------------------
Total T: 86000 Episode Num: 86 Episode T: 1000 Reward: 3444.126
Total T: 87000 Episode Num: 87 Episode T: 1000 Reward: 3469.494
Total T: 88000 Episode Num: 88 Episode T: 1000 Reward: 3376.493
Total T: 89000 Episode Num: 89 Episode T: 1000 Reward: 3408.065
Total T: 90000 Episode Num: 90 Episode T: 1000 Reward: 3467.215
---------------------------------------
Evaluation over 10 episodes: 3423.756
---------------------------------------
Total T: 91000 Episode Num: 91 Episode T: 1000 Reward: 3422.143
Total T: 92000 Episode Num: 92 Episode T: 1000 Reward: 3469.097
Total T: 93000 Episode Num: 93 Episode T: 1000 Reward: 3445.344
Total T: 94000 Episode Num: 94 Episode T: 1000 Reward: 3404.913
Total T: 95000 Episode Num: 95 Episode T: 1000 Reward: 3557.013
---------------------------------------
Evaluation over 10 episodes: 3619.316
---------------------------------------
Total T: 96000 Episode Num: 96 Episode T: 1000 Reward: 3499.433
Total T: 97000 Episode Num: 97 Episode T: 1000 Reward: 3549.996
Total T: 98000 Episode Num: 98 Episode T: 1000 Reward: 3695.302
Total T: 99000 Episode Num: 99 Episode T: 1000 Reward: 3728.654
Total T: 100000 Episode Num: 100 Episode T: 1000 Reward: 3701.426
---------------------------------------
Evaluation over 10 episodes: 3625.266
---------------------------------------
Total T: 101000 Episode Num: 101 Episode T: 1000 Reward: 3733.797
Total T: 102000 Episode Num: 102 Episode T: 1000 Reward: 3739.267
Total T: 103000 Episode Num: 103 Episode T: 1000 Reward: 3643.491
Total T: 104000 Episode Num: 104 Episode T: 1000 Reward: 3667.742
Total T: 105000 Episode Num: 105 Episode T: 1000 Reward: 3734.312
---------------------------------------
Evaluation over 10 episodes: 3688.692
---------------------------------------
Total T: 106000 Episode Num: 106 Episode T: 1000 Reward: 3740.073
Total T: 107000 Episode Num: 107 Episode T: 1000 Reward: 3608.571
Total T: 108000 Episode Num: 108 Episode T: 1000 Reward: 3629.746
Total T: 109000 Episode Num: 109 Episode T: 1000 Reward: 3610.821
Total T: 110000 Episode Num: 110 Episode T: 1000 Reward: 3434.250
---------------------------------------
Evaluation over 10 episodes: 3618.413
---------------------------------------
Total T: 111000 Episode Num: 111 Episode T: 1000 Reward: 3655.984
Total T: 112000 Episode Num: 112 Episode T: 1000 Reward: 3751.665
Total T: 113000 Episode Num: 113 Episode T: 1000 Reward: 3583.622
Total T: 114000 Episode Num: 114 Episode T: 1000 Reward: 3560.143
Total T: 115000 Episode Num: 115 Episode T: 1000 Reward: 3568.793
---------------------------------------
Evaluation over 10 episodes: 3640.863
---------------------------------------
Total T: 116000 Episode Num: 116 Episode T: 1000 Reward: 3451.406
Total T: 117000 Episode Num: 117 Episode T: 1000 Reward: 3580.659
Total T: 118000 Episode Num: 118 Episode T: 1000 Reward: 3558.264
Total T: 119000 Episode Num: 119 Episode T: 1000 Reward: 3552.284
Total T: 120000 Episode Num: 120 Episode T: 1000 Reward: 3631.873
---------------------------------------
Evaluation over 10 episodes: 3654.344
---------------------------------------
Total T: 121000 Episode Num: 121 Episode T: 1000 Reward: 3577.408
Total T: 122000 Episode Num: 122 Episode T: 1000 Reward: 3634.606
Total T: 123000 Episode Num: 123 Episode T: 1000 Reward: 3570.440
Total T: 124000 Episode Num: 124 Episode T: 1000 Reward: 3586.930
Total T: 125000 Episode Num: 125 Episode T: 1000 Reward: 3564.079
---------------------------------------
Evaluation over 10 episodes: 3622.200
---------------------------------------
Total T: 126000 Episode Num: 126 Episode T: 1000 Reward: 3583.186
Total T: 127000 Episode Num: 127 Episode T: 1000 Reward: 3552.544
Total T: 128000 Episode Num: 128 Episode T: 1000 Reward: 3518.067
Total T: 129000 Episode Num: 129 Episode T: 1000 Reward: 3508.949
Total T: 130000 Episode Num: 130 Episode T: 1000 Reward: 3564.203
---------------------------------------
Evaluation over 10 episodes: 3503.682
---------------------------------------
Total T: 131000 Episode Num: 131 Episode T: 1000 Reward: 3520.089
Total T: 132000 Episode Num: 132 Episode T: 1000 Reward: 3519.057
Total T: 133000 Episode Num: 133 Episode T: 1000 Reward: 3568.320
Total T: 134000 Episode Num: 134 Episode T: 1000 Reward: 3631.971
Total T: 135000 Episode Num: 135 Episode T: 1000 Reward: 3612.965
---------------------------------------
Evaluation over 10 episodes: 3552.631
---------------------------------------
Total T: 136000 Episode Num: 136 Episode T: 1000 Reward: 3621.296
Total T: 137000 Episode Num: 137 Episode T: 1000 Reward: 3606.254
Total T: 138000 Episode Num: 138 Episode T: 1000 Reward: 3589.784
Total T: 139000 Episode Num: 139 Episode T: 1000 Reward: 3643.314
Total T: 140000 Episode Num: 140 Episode T: 1000 Reward: 3691.808
---------------------------------------
Evaluation over 10 episodes: 3627.868
---------------------------------------
Total T: 141000 Episode Num: 141 Episode T: 1000 Reward: 3567.203
Total T: 142000 Episode Num: 142 Episode T: 1000 Reward: 3643.711
Total T: 143000 Episode Num: 143 Episode T: 1000 Reward: 3666.661
Total T: 144000 Episode Num: 144 Episode T: 1000 Reward: 3604.487
Total T: 145000 Episode Num: 145 Episode T: 1000 Reward: 3613.812
---------------------------------------
Evaluation over 10 episodes: 3713.375
---------------------------------------
Total T: 146000 Episode Num: 146 Episode T: 1000 Reward: 3685.461
Total T: 147000 Episode Num: 147 Episode T: 1000 Reward: 3680.968
Total T: 148000 Episode Num: 148 Episode T: 1000 Reward: 3650.256
Total T: 149000 Episode Num: 149 Episode T: 1000 Reward: 3715.343
Total T: 150000 Episode Num: 150 Episode T: 1000 Reward: 3672.398
---------------------------------------
Evaluation over 10 episodes: 3674.648
---------------------------------------
Total T: 151000 Episode Num: 151 Episode T: 1000 Reward: 3625.984
Total T: 152000 Episode Num: 152 Episode T: 1000 Reward: 3659.858
Total T: 153000 Episode Num: 153 Episode T: 1000 Reward: 3591.239
Total T: 154000 Episode Num: 154 Episode T: 1000 Reward: 3723.082
Total T: 155000 Episode Num: 155 Episode T: 1000 Reward: 3610.368
---------------------------------------
Evaluation over 10 episodes: 3544.286
---------------------------------------
Total T: 156000 Episode Num: 156 Episode T: 1000 Reward: 3606.656
Total T: 157000 Episode Num: 157 Episode T: 1000 Reward: 3568.453
Total T: 158000 Episode Num: 158 Episode T: 1000 Reward: 3653.879
Total T: 159000 Episode Num: 159 Episode T: 1000 Reward: 3622.601
Total T: 160000 Episode Num: 160 Episode T: 1000 Reward: 3720.065
---------------------------------------
Evaluation over 10 episodes: 3599.133
---------------------------------------
Total T: 161000 Episode Num: 161 Episode T: 1000 Reward: 3675.478
Total T: 162000 Episode Num: 162 Episode T: 1000 Reward: 3657.406
Total T: 163000 Episode Num: 163 Episode T: 1000 Reward: 3655.829
Total T: 164000 Episode Num: 164 Episode T: 1000 Reward: 3639.899
Total T: 165000 Episode Num: 165 Episode T: 1000 Reward: 3708.856
---------------------------------------
Evaluation over 10 episodes: 3728.522
---------------------------------------
Total T: 166000 Episode Num: 166 Episode T: 1000 Reward: 3586.537
Total T: 167000 Episode Num: 167 Episode T: 1000 Reward: 3698.303
Total T: 168000 Episode Num: 168 Episode T: 1000 Reward: 3717.355
Total T: 169000 Episode Num: 169 Episode T: 1000 Reward: 3680.139
Total T: 170000 Episode Num: 170 Episode T: 1000 Reward: 3719.620
---------------------------------------
Evaluation over 10 episodes: 3764.781
---------------------------------------
Total T: 171000 Episode Num: 171 Episode T: 1000 Reward: 3664.874
Total T: 172000 Episode Num: 172 Episode T: 1000 Reward: 3726.134
Total T: 173000 Episode Num: 173 Episode T: 1000 Reward: 3654.250
Total T: 174000 Episode Num: 174 Episode T: 1000 Reward: 3765.691
Total T: 175000 Episode Num: 175 Episode T: 1000 Reward: 3744.774
---------------------------------------
Evaluation over 10 episodes: 3691.687
---------------------------------------
Total T: 176000 Episode Num: 176 Episode T: 1000 Reward: 3733.385
Total T: 177000 Episode Num: 177 Episode T: 1000 Reward: 3727.050
Total T: 178000 Episode Num: 178 Episode T: 1000 Reward: 3742.327
Total T: 179000 Episode Num: 179 Episode T: 1000 Reward: 3744.606
Total T: 180000 Episode Num: 180 Episode T: 1000 Reward: 3715.072
---------------------------------------
Evaluation over 10 episodes: 3830.761
---------------------------------------
Total T: 181000 Episode Num: 181 Episode T: 1000 Reward: 3721.781
Total T: 182000 Episode Num: 182 Episode T: 1000 Reward: 3738.250
Total T: 183000 Episode Num: 183 Episode T: 1000 Reward: 3684.894
Total T: 184000 Episode Num: 184 Episode T: 1000 Reward: 3832.039
Total T: 185000 Episode Num: 185 Episode T: 1000 Reward: 3749.393
---------------------------------------
Evaluation over 10 episodes: 3679.174
---------------------------------------
Total T: 186000 Episode Num: 186 Episode T: 1000 Reward: 3735.974
Total T: 187000 Episode Num: 187 Episode T: 1000 Reward: 3728.634
Total T: 188000 Episode Num: 188 Episode T: 1000 Reward: 3733.362
Total T: 189000 Episode Num: 189 Episode T: 1000 Reward: 3706.213
Total T: 190000 Episode Num: 190 Episode T: 1000 Reward: 3735.881
---------------------------------------
Evaluation over 10 episodes: 3688.354
---------------------------------------
Total T: 191000 Episode Num: 191 Episode T: 1000 Reward: 3756.089
Total T: 192000 Episode Num: 192 Episode T: 1000 Reward: 3755.890
Total T: 193000 Episode Num: 193 Episode T: 1000 Reward: 3786.763
Total T: 194000 Episode Num: 194 Episode T: 1000 Reward: 3789.686
Total T: 195000 Episode Num: 195 Episode T: 1000 Reward: 3726.780
---------------------------------------
Evaluation over 10 episodes: 3764.126
---------------------------------------
Total T: 196000 Episode Num: 196 Episode T: 1000 Reward: 3818.769
Total T: 197000 Episode Num: 197 Episode T: 1000 Reward: 3852.099
Total T: 198000 Episode Num: 198 Episode T: 1000 Reward: 3866.044
Total T: 199000 Episode Num: 199 Episode T: 1000 Reward: 3826.335
Total T: 200000 Episode Num: 200 Episode T: 1000 Reward: 3876.989
---------------------------------------
Evaluation over 10 episodes: 3845.863
---------------------------------------
Total T: 201000 Episode Num: 201 Episode T: 1000 Reward: 3805.130
Total T: 202000 Episode Num: 202 Episode T: 1000 Reward: 3847.816
Total T: 203000 Episode Num: 203 Episode T: 1000 Reward: 3868.321
Total T: 204000 Episode Num: 204 Episode T: 1000 Reward: 3888.872
Total T: 205000 Episode Num: 205 Episode T: 1000 Reward: 3880.288
---------------------------------------
Evaluation over 10 episodes: 3872.372
---------------------------------------
Total T: 206000 Episode Num: 206 Episode T: 1000 Reward: 3854.847
Total T: 207000 Episode Num: 207 Episode T: 1000 Reward: 3921.036
Total T: 208000 Episode Num: 208 Episode T: 1000 Reward: 3871.927
Total T: 209000 Episode Num: 209 Episode T: 1000 Reward: 3898.158
Total T: 210000 Episode Num: 210 Episode T: 1000 Reward: 3886.965
---------------------------------------
Evaluation over 10 episodes: 3888.191
---------------------------------------
Total T: 211000 Episode Num: 211 Episode T: 1000 Reward: 3865.507
Total T: 212000 Episode Num: 212 Episode T: 1000 Reward: 3877.922
Total T: 213000 Episode Num: 213 Episode T: 1000 Reward: 3910.959
Total T: 214000 Episode Num: 214 Episode T: 1000 Reward: 3886.345
Total T: 215000 Episode Num: 215 Episode T: 1000 Reward: 3916.007
---------------------------------------
Evaluation over 10 episodes: 3938.639
---------------------------------------
Total T: 216000 Episode Num: 216 Episode T: 1000 Reward: 3985.559
Total T: 217000 Episode Num: 217 Episode T: 1000 Reward: 3910.022
Total T: 218000 Episode Num: 218 Episode T: 1000 Reward: 3901.274
Total T: 219000 Episode Num: 219 Episode T: 1000 Reward: 3894.142
Total T: 220000 Episode Num: 220 Episode T: 1000 Reward: 3898.668
---------------------------------------
Evaluation over 10 episodes: 4021.505
---------------------------------------
Total T: 221000 Episode Num: 221 Episode T: 1000 Reward: 3946.926
Total T: 222000 Episode Num: 222 Episode T: 1000 Reward: 3894.993
Total T: 223000 Episode Num: 223 Episode T: 1000 Reward: 3981.927
Total T: 224000 Episode Num: 224 Episode T: 1000 Reward: 3969.655
Total T: 225000 Episode Num: 225 Episode T: 1000 Reward: 3898.038
---------------------------------------
Evaluation over 10 episodes: 3980.217
---------------------------------------
Total T: 226000 Episode Num: 226 Episode T: 1000 Reward: 3901.745
Total T: 227000 Episode Num: 227 Episode T: 1000 Reward: 3968.663
Total T: 228000 Episode Num: 228 Episode T: 1000 Reward: 3891.280
Total T: 229000 Episode Num: 229 Episode T: 1000 Reward: 3900.928
Total T: 230000 Episode Num: 230 Episode T: 1000 Reward: 3960.589
---------------------------------------
Evaluation over 10 episodes: 3819.736
---------------------------------------
Total T: 231000 Episode Num: 231 Episode T: 1000 Reward: 3949.625
Total T: 232000 Episode Num: 232 Episode T: 1000 Reward: 3962.640
Total T: 233000 Episode Num: 233 Episode T: 1000 Reward: 3926.341
Total T: 234000 Episode Num: 234 Episode T: 1000 Reward: 3939.229
Total T: 235000 Episode Num: 235 Episode T: 1000 Reward: 3985.276
---------------------------------------
Evaluation over 10 episodes: 3920.760
---------------------------------------
Total T: 236000 Episode Num: 236 Episode T: 1000 Reward: 3948.312
Total T: 237000 Episode Num: 237 Episode T: 1000 Reward: 3943.879
Total T: 238000 Episode Num: 238 Episode T: 1000 Reward: 3910.337
Total T: 239000 Episode Num: 239 Episode T: 1000 Reward: 3989.665
Total T: 240000 Episode Num: 240 Episode T: 1000 Reward: 3929.153
---------------------------------------
Evaluation over 10 episodes: 3874.932
---------------------------------------
Total T: 241000 Episode Num: 241 Episode T: 1000 Reward: 3984.883
Total T: 242000 Episode Num: 242 Episode T: 1000 Reward: 3958.409
Total T: 243000 Episode Num: 243 Episode T: 1000 Reward: 3984.817
Total T: 244000 Episode Num: 244 Episode T: 1000 Reward: 4024.447
Total T: 245000 Episode Num: 245 Episode T: 1000 Reward: 3991.187
---------------------------------------
Evaluation over 10 episodes: 3865.741
---------------------------------------
Total T: 246000 Episode Num: 246 Episode T: 1000 Reward: 3980.042
Total T: 247000 Episode Num: 247 Episode T: 1000 Reward: 3936.457
Total T: 248000 Episode Num: 248 Episode T: 1000 Reward: 3982.463
Total T: 249000 Episode Num: 249 Episode T: 1000 Reward: 3966.087
Total T: 250000 Episode Num: 250 Episode T: 1000 Reward: 3960.152
---------------------------------------
Evaluation over 10 episodes: 3962.237
---------------------------------------
Total T: 251000 Episode Num: 251 Episode T: 1000 Reward: 3964.207
Total T: 252000 Episode Num: 252 Episode T: 1000 Reward: 4003.234
Total T: 253000 Episode Num: 253 Episode T: 1000 Reward: 3958.349
Total T: 254000 Episode Num: 254 Episode T: 1000 Reward: 3961.820
Total T: 255000 Episode Num: 255 Episode T: 1000 Reward: 3972.287
---------------------------------------
Evaluation over 10 episodes: 3971.541
---------------------------------------
Total T: 256000 Episode Num: 256 Episode T: 1000 Reward: 3934.128
Total T: 257000 Episode Num: 257 Episode T: 1000 Reward: 4002.531
Total T: 258000 Episode Num: 258 Episode T: 1000 Reward: 4005.561
Total T: 259000 Episode Num: 259 Episode T: 1000 Reward: 4007.628
Total T: 260000 Episode Num: 260 Episode T: 1000 Reward: 4070.145
---------------------------------------
Evaluation over 10 episodes: 4084.465
---------------------------------------
Total T: 261000 Episode Num: 261 Episode T: 1000 Reward: 3975.869
Total T: 262000 Episode Num: 262 Episode T: 1000 Reward: 3955.808
Total T: 263000 Episode Num: 263 Episode T: 1000 Reward: 3994.573
Total T: 264000 Episode Num: 264 Episode T: 1000 Reward: 3997.279
Total T: 265000 Episode Num: 265 Episode T: 1000 Reward: 3965.649
---------------------------------------
Evaluation over 10 episodes: 3957.853
---------------------------------------
Total T: 266000 Episode Num: 266 Episode T: 1000 Reward: 3983.509
Total T: 267000 Episode Num: 267 Episode T: 1000 Reward: 4018.001
Total T: 268000 Episode Num: 268 Episode T: 1000 Reward: 3955.225
Total T: 269000 Episode Num: 269 Episode T: 1000 Reward: 3967.081
Total T: 270000 Episode Num: 270 Episode T: 1000 Reward: 3998.747
---------------------------------------
Evaluation over 10 episodes: 3948.309
---------------------------------------
Total T: 271000 Episode Num: 271 Episode T: 1000 Reward: 3986.351
Total T: 272000 Episode Num: 272 Episode T: 1000 Reward: 4041.294
Total T: 273000 Episode Num: 273 Episode T: 1000 Reward: 3958.215
Total T: 274000 Episode Num: 274 Episode T: 1000 Reward: 3999.028
Total T: 275000 Episode Num: 275 Episode T: 1000 Reward: 3965.284
---------------------------------------
Evaluation over 10 episodes: 4050.115
---------------------------------------
Total T: 276000 Episode Num: 276 Episode T: 1000 Reward: 4022.384
Total T: 277000 Episode Num: 277 Episode T: 1000 Reward: 4037.519
Total T: 278000 Episode Num: 278 Episode T: 1000 Reward: 4005.532
Total T: 279000 Episode Num: 279 Episode T: 1000 Reward: 3991.083
Total T: 280000 Episode Num: 280 Episode T: 1000 Reward: 3989.477
---------------------------------------
Evaluation over 10 episodes: 4063.017
---------------------------------------
Total T: 281000 Episode Num: 281 Episode T: 1000 Reward: 4033.644
Total T: 282000 Episode Num: 282 Episode T: 1000 Reward: 3982.333
Total T: 283000 Episode Num: 283 Episode T: 1000 Reward: 4031.961
Total T: 284000 Episode Num: 284 Episode T: 1000 Reward: 4067.893
Total T: 285000 Episode Num: 285 Episode T: 1000 Reward: 4030.112
---------------------------------------
Evaluation over 10 episodes: 3990.353
---------------------------------------
Total T: 286000 Episode Num: 286 Episode T: 1000 Reward: 4036.866
Total T: 287000 Episode Num: 287 Episode T: 1000 Reward: 4016.895
Total T: 288000 Episode Num: 288 Episode T: 1000 Reward: 3998.084
Total T: 289000 Episode Num: 289 Episode T: 1000 Reward: 4019.638
Total T: 290000 Episode Num: 290 Episode T: 1000 Reward: 4025.213
---------------------------------------
Evaluation over 10 episodes: 4067.800
---------------------------------------
Total T: 291000 Episode Num: 291 Episode T: 1000 Reward: 4019.263
Total T: 292000 Episode Num: 292 Episode T: 1000 Reward: 4021.876
Total T: 293000 Episode Num: 293 Episode T: 1000 Reward: 4019.828
Total T: 294000 Episode Num: 294 Episode T: 1000 Reward: 4049.300
Total T: 295000 Episode Num: 295 Episode T: 1000 Reward: 4016.581
---------------------------------------
Evaluation over 10 episodes: 4038.966
---------------------------------------
Total T: 296000 Episode Num: 296 Episode T: 1000 Reward: 4025.155
Total T: 297000 Episode Num: 297 Episode T: 1000 Reward: 4062.974
Total T: 298000 Episode Num: 298 Episode T: 1000 Reward: 4025.420
Total T: 299000 Episode Num: 299 Episode T: 1000 Reward: 3982.915
Total T: 300000 Episode Num: 300 Episode T: 1000 Reward: 4040.022
---------------------------------------
Evaluation over 10 episodes: 4024.140
---------------------------------------
Total T: 301000 Episode Num: 301 Episode T: 1000 Reward: 4062.127
Total T: 302000 Episode Num: 302 Episode T: 1000 Reward: 3990.898
Total T: 303000 Episode Num: 303 Episode T: 1000 Reward: 4021.376
Total T: 304000 Episode Num: 304 Episode T: 1000 Reward: 4002.185
Total T: 305000 Episode Num: 305 Episode T: 1000 Reward: 4067.333
---------------------------------------
Evaluation over 10 episodes: 4099.846
---------------------------------------
Total T: 306000 Episode Num: 306 Episode T: 1000 Reward: 4023.072
Total T: 307000 Episode Num: 307 Episode T: 1000 Reward: 4043.148
Total T: 308000 Episode Num: 308 Episode T: 1000 Reward: 4016.480
Total T: 309000 Episode Num: 309 Episode T: 1000 Reward: 4028.148
Total T: 310000 Episode Num: 310 Episode T: 1000 Reward: 4004.170
---------------------------------------
Evaluation over 10 episodes: 4017.749
---------------------------------------
Total T: 311000 Episode Num: 311 Episode T: 1000 Reward: 4052.823
Total T: 312000 Episode Num: 312 Episode T: 1000 Reward: 3792.726
Total T: 313000 Episode Num: 313 Episode T: 1000 Reward: 4031.909
Total T: 314000 Episode Num: 314 Episode T: 1000 Reward: 4048.326
Total T: 315000 Episode Num: 315 Episode T: 1000 Reward: 4035.308
---------------------------------------
Evaluation over 10 episodes: 4026.743
---------------------------------------
Total T: 316000 Episode Num: 316 Episode T: 1000 Reward: 4023.020
Total T: 317000 Episode Num: 317 Episode T: 1000 Reward: 4046.234
Total T: 318000 Episode Num: 318 Episode T: 1000 Reward: 4070.660
Total T: 319000 Episode Num: 319 Episode T: 1000 Reward: 4059.989
Total T: 320000 Episode Num: 320 Episode T: 1000 Reward: 4054.851
---------------------------------------
Evaluation over 10 episodes: 4053.707
---------------------------------------
Total T: 321000 Episode Num: 321 Episode T: 1000 Reward: 4027.178
Total T: 322000 Episode Num: 322 Episode T: 1000 Reward: 4023.266
Total T: 323000 Episode Num: 323 Episode T: 1000 Reward: 4016.347
Total T: 324000 Episode Num: 324 Episode T: 1000 Reward: 4064.317
Total T: 325000 Episode Num: 325 Episode T: 1000 Reward: 4056.783
---------------------------------------
Evaluation over 10 episodes: 4123.615
---------------------------------------
Total T: 326000 Episode Num: 326 Episode T: 1000 Reward: 4068.903
Total T: 327000 Episode Num: 327 Episode T: 1000 Reward: 4072.818
Total T: 328000 Episode Num: 328 Episode T: 1000 Reward: 4065.140
Total T: 329000 Episode Num: 329 Episode T: 1000 Reward: 4058.362
Total T: 330000 Episode Num: 330 Episode T: 1000 Reward: 4030.700
---------------------------------------
Evaluation over 10 episodes: 4072.290
---------------------------------------
Total T: 331000 Episode Num: 331 Episode T: 1000 Reward: 4067.156
Total T: 332000 Episode Num: 332 Episode T: 1000 Reward: 4093.243
Total T: 333000 Episode Num: 333 Episode T: 1000 Reward: 4064.457
Total T: 334000 Episode Num: 334 Episode T: 1000 Reward: 4055.831
Total T: 335000 Episode Num: 335 Episode T: 1000 Reward: 4061.035
---------------------------------------
Evaluation over 10 episodes: 4039.009
---------------------------------------
Total T: 336000 Episode Num: 336 Episode T: 1000 Reward: 4082.956
Total T: 337000 Episode Num: 337 Episode T: 1000 Reward: 4061.695
Total T: 338000 Episode Num: 338 Episode T: 1000 Reward: 4034.405
Total T: 339000 Episode Num: 339 Episode T: 1000 Reward: 4107.202
Total T: 340000 Episode Num: 340 Episode T: 1000 Reward: 4045.405
---------------------------------------
Evaluation over 10 episodes: 4158.966
---------------------------------------
Total T: 341000 Episode Num: 341 Episode T: 1000 Reward: 4029.447
Total T: 342000 Episode Num: 342 Episode T: 1000 Reward: 4088.710
Total T: 343000 Episode Num: 343 Episode T: 1000 Reward: 4070.904
Total T: 344000 Episode Num: 344 Episode T: 1000 Reward: 4012.474
Total T: 345000 Episode Num: 345 Episode T: 1000 Reward: 4065.884
---------------------------------------
Evaluation over 10 episodes: 4081.757
---------------------------------------
Total T: 346000 Episode Num: 346 Episode T: 1000 Reward: 4071.452
Total T: 347000 Episode Num: 347 Episode T: 1000 Reward: 4093.490
Total T: 348000 Episode Num: 348 Episode T: 1000 Reward: 4104.260
Total T: 349000 Episode Num: 349 Episode T: 1000 Reward: 4046.767
Total T: 350000 Episode Num: 350 Episode T: 1000 Reward: 4072.362
---------------------------------------
Evaluation over 10 episodes: 4122.497
---------------------------------------
Total T: 351000 Episode Num: 351 Episode T: 1000 Reward: 4034.817
Total T: 352000 Episode Num: 352 Episode T: 1000 Reward: 4070.875
Total T: 353000 Episode Num: 353 Episode T: 1000 Reward: 4062.375
Total T: 354000 Episode Num: 354 Episode T: 1000 Reward: 4038.721
Total T: 355000 Episode Num: 355 Episode T: 1000 Reward: 4025.497
---------------------------------------
Evaluation over 10 episodes: 4097.739
---------------------------------------
Total T: 356000 Episode Num: 356 Episode T: 1000 Reward: 4076.416
Total T: 357000 Episode Num: 357 Episode T: 1000 Reward: 4099.708
Total T: 358000 Episode Num: 358 Episode T: 1000 Reward: 4088.910
Total T: 359000 Episode Num: 359 Episode T: 1000 Reward: 4111.108
Total T: 360000 Episode Num: 360 Episode T: 1000 Reward: 4065.312
---------------------------------------
Evaluation over 10 episodes: 4129.139
---------------------------------------
Total T: 361000 Episode Num: 361 Episode T: 1000 Reward: 4129.867
Total T: 362000 Episode Num: 362 Episode T: 1000 Reward: 4094.890
Total T: 363000 Episode Num: 363 Episode T: 1000 Reward: 4088.054
Total T: 364000 Episode Num: 364 Episode T: 1000 Reward: 4061.388
Total T: 365000 Episode Num: 365 Episode T: 1000 Reward: 4105.342
---------------------------------------
Evaluation over 10 episodes: 4107.503
---------------------------------------
Total T: 366000 Episode Num: 366 Episode T: 1000 Reward: 4099.259
Total T: 367000 Episode Num: 367 Episode T: 1000 Reward: 4069.792
Total T: 368000 Episode Num: 368 Episode T: 1000 Reward: 4080.209
Total T: 369000 Episode Num: 369 Episode T: 1000 Reward: 4075.814
Total T: 370000 Episode Num: 370 Episode T: 1000 Reward: 4107.600
---------------------------------------
Evaluation over 10 episodes: 4072.165
---------------------------------------
Total T: 371000 Episode Num: 371 Episode T: 1000 Reward: 4061.488
Total T: 372000 Episode Num: 372 Episode T: 1000 Reward: 4056.529
Total T: 373000 Episode Num: 373 Episode T: 1000 Reward: 4071.018
Total T: 374000 Episode Num: 374 Episode T: 1000 Reward: 4114.217
Total T: 375000 Episode Num: 375 Episode T: 1000 Reward: 4102.156
---------------------------------------
Evaluation over 10 episodes: 4106.929
---------------------------------------
Total T: 376000 Episode Num: 376 Episode T: 1000 Reward: 4099.630
Total T: 377000 Episode Num: 377 Episode T: 1000 Reward: 4082.193
Total T: 378000 Episode Num: 378 Episode T: 1000 Reward: 4088.104
Total T: 379000 Episode Num: 379 Episode T: 1000 Reward: 4135.858
Total T: 380000 Episode Num: 380 Episode T: 1000 Reward: 4085.185
---------------------------------------
Evaluation over 10 episodes: 4111.661
---------------------------------------
Total T: 381000 Episode Num: 381 Episode T: 1000 Reward: 4081.910
Total T: 382000 Episode Num: 382 Episode T: 1000 Reward: 4069.107
Total T: 383000 Episode Num: 383 Episode T: 1000 Reward: 4091.993
Total T: 384000 Episode Num: 384 Episode T: 1000 Reward: 4058.708
Total T: 385000 Episode Num: 385 Episode T: 1000 Reward: 4105.092
---------------------------------------
Evaluation over 10 episodes: 4113.738
---------------------------------------
Total T: 386000 Episode Num: 386 Episode T: 1000 Reward: 4129.321
Total T: 387000 Episode Num: 387 Episode T: 1000 Reward: 4111.494
Total T: 388000 Episode Num: 388 Episode T: 1000 Reward: 4125.745
Total T: 389000 Episode Num: 389 Episode T: 1000 Reward: 4183.500
Total T: 390000 Episode Num: 390 Episode T: 1000 Reward: 4092.888
---------------------------------------
Evaluation over 10 episodes: 4115.866
---------------------------------------
Total T: 391000 Episode Num: 391 Episode T: 1000 Reward: 4220.997
Total T: 392000 Episode Num: 392 Episode T: 1000 Reward: 4158.235
Total T: 393000 Episode Num: 393 Episode T: 1000 Reward: 4145.434
Total T: 394000 Episode Num: 394 Episode T: 1000 Reward: 4086.398
Total T: 395000 Episode Num: 395 Episode T: 1000 Reward: 4137.056
---------------------------------------
Evaluation over 10 episodes: 4205.360
---------------------------------------
Total T: 396000 Episode Num: 396 Episode T: 1000 Reward: 4192.921
Total T: 397000 Episode Num: 397 Episode T: 1000 Reward: 4166.663
Total T: 398000 Episode Num: 398 Episode T: 1000 Reward: 4219.888
Total T: 399000 Episode Num: 399 Episode T: 1000 Reward: 4247.409
Total T: 400000 Episode Num: 400 Episode T: 1000 Reward: 4175.811
---------------------------------------
Evaluation over 10 episodes: 4252.476
---------------------------------------
Total T: 401000 Episode Num: 401 Episode T: 1000 Reward: 4217.013
Total T: 402000 Episode Num: 402 Episode T: 1000 Reward: 4192.209
Total T: 403000 Episode Num: 403 Episode T: 1000 Reward: 4238.223
Total T: 404000 Episode Num: 404 Episode T: 1000 Reward: 4199.371
Total T: 405000 Episode Num: 405 Episode T: 1000 Reward: 4200.849
---------------------------------------
Evaluation over 10 episodes: 4152.621
---------------------------------------
Total T: 406000 Episode Num: 406 Episode T: 1000 Reward: 4227.875
Total T: 407000 Episode Num: 407 Episode T: 1000 Reward: 4181.327
Total T: 408000 Episode Num: 408 Episode T: 1000 Reward: 4167.031
Total T: 409000 Episode Num: 409 Episode T: 1000 Reward: 4271.314
Total T: 410000 Episode Num: 410 Episode T: 1000 Reward: 4228.149
---------------------------------------
Evaluation over 10 episodes: 4231.849
---------------------------------------
Total T: 411000 Episode Num: 411 Episode T: 1000 Reward: 4292.290
Total T: 412000 Episode Num: 412 Episode T: 1000 Reward: 4206.358
Total T: 413000 Episode Num: 413 Episode T: 1000 Reward: 4245.390
Total T: 414000 Episode Num: 414 Episode T: 1000 Reward: 4237.881
Total T: 415000 Episode Num: 415 Episode T: 1000 Reward: 4214.740
---------------------------------------
Evaluation over 10 episodes: 4142.363
---------------------------------------
Total T: 416000 Episode Num: 416 Episode T: 1000 Reward: 4253.056
Total T: 417000 Episode Num: 417 Episode T: 1000 Reward: 4233.542
Total T: 418000 Episode Num: 418 Episode T: 1000 Reward: 4285.330
Total T: 419000 Episode Num: 419 Episode T: 1000 Reward: 4221.034
Total T: 420000 Episode Num: 420 Episode T: 1000 Reward: 4168.069
---------------------------------------
Evaluation over 10 episodes: 4083.772
---------------------------------------
Total T: 421000 Episode Num: 421 Episode T: 1000 Reward: 4306.374
Total T: 422000 Episode Num: 422 Episode T: 1000 Reward: 4250.517
Total T: 423000 Episode Num: 423 Episode T: 1000 Reward: 4158.689
Total T: 424000 Episode Num: 424 Episode T: 1000 Reward: 4144.494
Total T: 425000 Episode Num: 425 Episode T: 1000 Reward: 4111.466
---------------------------------------
Evaluation over 10 episodes: 4172.748
---------------------------------------
Total T: 426000 Episode Num: 426 Episode T: 1000 Reward: 4122.479
Total T: 427000 Episode Num: 427 Episode T: 1000 Reward: 4246.311
Total T: 428000 Episode Num: 428 Episode T: 1000 Reward: 4202.287
Total T: 429000 Episode Num: 429 Episode T: 1000 Reward: 4205.322
Total T: 430000 Episode Num: 430 Episode T: 1000 Reward: 4214.339
---------------------------------------
Evaluation over 10 episodes: 4169.244
---------------------------------------
Total T: 431000 Episode Num: 431 Episode T: 1000 Reward: 4194.006
Total T: 432000 Episode Num: 432 Episode T: 1000 Reward: 4195.298
Total T: 433000 Episode Num: 433 Episode T: 1000 Reward: 4242.329
Total T: 434000 Episode Num: 434 Episode T: 1000 Reward: 4223.019
Total T: 435000 Episode Num: 435 Episode T: 1000 Reward: 4250.192
---------------------------------------
Evaluation over 10 episodes: 4299.516
---------------------------------------
Total T: 436000 Episode Num: 436 Episode T: 1000 Reward: 4278.398
Total T: 437000 Episode Num: 437 Episode T: 1000 Reward: 4224.928
Total T: 438000 Episode Num: 438 Episode T: 1000 Reward: 4205.871
Total T: 439000 Episode Num: 439 Episode T: 1000 Reward: 4231.300
Total T: 440000 Episode Num: 440 Episode T: 1000 Reward: 4298.820
---------------------------------------
Evaluation over 10 episodes: 4248.633
---------------------------------------
Total T: 441000 Episode Num: 441 Episode T: 1000 Reward: 4158.112
Total T: 442000 Episode Num: 442 Episode T: 1000 Reward: 4271.314
Total T: 443000 Episode Num: 443 Episode T: 1000 Reward: 4381.840
Total T: 444000 Episode Num: 444 Episode T: 1000 Reward: 4304.699
Total T: 445000 Episode Num: 445 Episode T: 1000 Reward: 4215.983
---------------------------------------
Evaluation over 10 episodes: 4366.974
---------------------------------------
Total T: 446000 Episode Num: 446 Episode T: 1000 Reward: 4296.198
Total T: 447000 Episode Num: 447 Episode T: 1000 Reward: 4333.905
Total T: 448000 Episode Num: 448 Episode T: 1000 Reward: 4277.974
Total T: 449000 Episode Num: 449 Episode T: 1000 Reward: 4351.427
Total T: 450000 Episode Num: 450 Episode T: 1000 Reward: 4310.014
---------------------------------------
Evaluation over 10 episodes: 4361.807
---------------------------------------
Total T: 451000 Episode Num: 451 Episode T: 1000 Reward: 4283.634
Total T: 452000 Episode Num: 452 Episode T: 1000 Reward: 4320.845
Total T: 453000 Episode Num: 453 Episode T: 1000 Reward: 4355.740
Total T: 454000 Episode Num: 454 Episode T: 1000 Reward: 4211.320
Total T: 455000 Episode Num: 455 Episode T: 1000 Reward: 4401.806
---------------------------------------
Evaluation over 10 episodes: 4359.213
---------------------------------------
Total T: 456000 Episode Num: 456 Episode T: 1000 Reward: 4349.100
Total T: 457000 Episode Num: 457 Episode T: 1000 Reward: 4279.336
Total T: 458000 Episode Num: 458 Episode T: 1000 Reward: 4307.899
Total T: 459000 Episode Num: 459 Episode T: 1000 Reward: 4375.696
Total T: 460000 Episode Num: 460 Episode T: 1000 Reward: 4398.239
---------------------------------------
Evaluation over 10 episodes: 4411.745
---------------------------------------
Total T: 461000 Episode Num: 461 Episode T: 1000 Reward: 4298.688
Total T: 462000 Episode Num: 462 Episode T: 1000 Reward: 4371.588
Total T: 463000 Episode Num: 463 Episode T: 1000 Reward: 4354.755
Total T: 464000 Episode Num: 464 Episode T: 1000 Reward: 4354.737
Total T: 465000 Episode Num: 465 Episode T: 1000 Reward: 4373.751
---------------------------------------
Evaluation over 10 episodes: 4423.053
---------------------------------------
Total T: 466000 Episode Num: 466 Episode T: 1000 Reward: 4427.639
Total T: 467000 Episode Num: 467 Episode T: 1000 Reward: 4378.977
Total T: 468000 Episode Num: 468 Episode T: 1000 Reward: 4353.589
Total T: 469000 Episode Num: 469 Episode T: 1000 Reward: 4463.996
Total T: 470000 Episode Num: 470 Episode T: 1000 Reward: 4390.460
---------------------------------------
Evaluation over 10 episodes: 4442.504
---------------------------------------
Total T: 471000 Episode Num: 471 Episode T: 1000 Reward: 4420.578
Total T: 472000 Episode Num: 472 Episode T: 1000 Reward: 4419.977
Total T: 473000 Episode Num: 473 Episode T: 1000 Reward: 4436.843
Total T: 474000 Episode Num: 474 Episode T: 1000 Reward: 4502.463
Total T: 475000 Episode Num: 475 Episode T: 1000 Reward: 4485.103
---------------------------------------
Evaluation over 10 episodes: 4431.032
---------------------------------------
Total T: 476000 Episode Num: 476 Episode T: 1000 Reward: 4426.082
Total T: 477000 Episode Num: 477 Episode T: 1000 Reward: 4529.373
Total T: 478000 Episode Num: 478 Episode T: 1000 Reward: 4593.712
Total T: 479000 Episode Num: 479 Episode T: 1000 Reward: 4493.923
Total T: 480000 Episode Num: 480 Episode T: 1000 Reward: 4463.748
---------------------------------------
Evaluation over 10 episodes: 4475.075
---------------------------------------
Total T: 481000 Episode Num: 481 Episode T: 1000 Reward: 4487.375
Total T: 482000 Episode Num: 482 Episode T: 1000 Reward: 4548.680
Total T: 483000 Episode Num: 483 Episode T: 1000 Reward: 4465.032
Total T: 484000 Episode Num: 484 Episode T: 1000 Reward: 4464.931
Total T: 485000 Episode Num: 485 Episode T: 1000 Reward: 4623.105
---------------------------------------
Evaluation over 10 episodes: 4466.679
---------------------------------------
Total T: 486000 Episode Num: 486 Episode T: 1000 Reward: 4614.188
Total T: 487000 Episode Num: 487 Episode T: 1000 Reward: 4639.631
Total T: 488000 Episode Num: 488 Episode T: 1000 Reward: 4478.716
Total T: 489000 Episode Num: 489 Episode T: 1000 Reward: 4568.049
Total T: 490000 Episode Num: 490 Episode T: 1000 Reward: 4573.771
---------------------------------------
Evaluation over 10 episodes: 4494.437
---------------------------------------
Total T: 491000 Episode Num: 491 Episode T: 1000 Reward: 4574.661
Total T: 492000 Episode Num: 492 Episode T: 1000 Reward: 4571.379
Total T: 493000 Episode Num: 493 Episode T: 1000 Reward: 4491.915
Total T: 494000 Episode Num: 494 Episode T: 1000 Reward: 4429.714
Total T: 495000 Episode Num: 495 Episode T: 1000 Reward: 4456.457
---------------------------------------
Evaluation over 10 episodes: 4524.020
---------------------------------------
Total T: 496000 Episode Num: 496 Episode T: 1000 Reward: 4462.375
Total T: 497000 Episode Num: 497 Episode T: 1000 Reward: 4494.644
Total T: 498000 Episode Num: 498 Episode T: 1000 Reward: 4601.478
Total T: 499000 Episode Num: 499 Episode T: 1000 Reward: 4541.015
Total T: 500000 Episode Num: 500 Episode T: 1000 Reward: 4504.035
---------------------------------------
Evaluation over 10 episodes: 4553.993
---------------------------------------
Total T: 501000 Episode Num: 501 Episode T: 1000 Reward: 4524.948
Total T: 502000 Episode Num: 502 Episode T: 1000 Reward: 4399.443
Total T: 503000 Episode Num: 503 Episode T: 1000 Reward: 4489.910
Total T: 504000 Episode Num: 504 Episode T: 1000 Reward: 4612.353
Total T: 505000 Episode Num: 505 Episode T: 1000 Reward: 4590.470
---------------------------------------
Evaluation over 10 episodes: 4452.814
---------------------------------------
Total T: 506000 Episode Num: 506 Episode T: 1000 Reward: 4547.678
Total T: 507000 Episode Num: 507 Episode T: 1000 Reward: 4562.130
Total T: 508000 Episode Num: 508 Episode T: 1000 Reward: 4541.504
Total T: 509000 Episode Num: 509 Episode T: 1000 Reward: 4544.670
Total T: 510000 Episode Num: 510 Episode T: 1000 Reward: 4684.479
---------------------------------------
Evaluation over 10 episodes: 4621.731
---------------------------------------
Total T: 511000 Episode Num: 511 Episode T: 1000 Reward: 4522.742
Total T: 512000 Episode Num: 512 Episode T: 1000 Reward: 4627.783
Total T: 513000 Episode Num: 513 Episode T: 1000 Reward: 4631.721
Total T: 514000 Episode Num: 514 Episode T: 1000 Reward: 4582.127
Total T: 515000 Episode Num: 515 Episode T: 1000 Reward: 4529.422
---------------------------------------
Evaluation over 10 episodes: 4526.740
---------------------------------------
Total T: 516000 Episode Num: 516 Episode T: 1000 Reward: 4645.202
Total T: 517000 Episode Num: 517 Episode T: 1000 Reward: 4603.285
Total T: 518000 Episode Num: 518 Episode T: 1000 Reward: 4471.196
Total T: 519000 Episode Num: 519 Episode T: 1000 Reward: 4709.210
Total T: 520000 Episode Num: 520 Episode T: 1000 Reward: 4745.733
---------------------------------------
Evaluation over 10 episodes: 4579.347
---------------------------------------
Total T: 521000 Episode Num: 521 Episode T: 1000 Reward: 4490.165
Total T: 522000 Episode Num: 522 Episode T: 1000 Reward: 4531.494
Total T: 523000 Episode Num: 523 Episode T: 1000 Reward: 4374.658
Total T: 524000 Episode Num: 524 Episode T: 1000 Reward: 4567.568
Total T: 525000 Episode Num: 525 Episode T: 1000 Reward: 4635.427
---------------------------------------
Evaluation over 10 episodes: 4504.946
---------------------------------------
Total T: 526000 Episode Num: 526 Episode T: 1000 Reward: 4544.271
Total T: 527000 Episode Num: 527 Episode T: 1000 Reward: 4554.380
Total T: 528000 Episode Num: 528 Episode T: 1000 Reward: 4593.631
Total T: 529000 Episode Num: 529 Episode T: 1000 Reward: 4682.714
Total T: 530000 Episode Num: 530 Episode T: 1000 Reward: 4570.864
---------------------------------------
Evaluation over 10 episodes: 4666.720
---------------------------------------
Total T: 531000 Episode Num: 531 Episode T: 1000 Reward: 4642.018
Total T: 532000 Episode Num: 532 Episode T: 1000 Reward: 4425.782
Total T: 533000 Episode Num: 533 Episode T: 1000 Reward: 4728.365
Total T: 534000 Episode Num: 534 Episode T: 1000 Reward: 4672.369
Total T: 535000 Episode Num: 535 Episode T: 1000 Reward: 4736.093
---------------------------------------
Evaluation over 10 episodes: 4637.408
---------------------------------------
Total T: 536000 Episode Num: 536 Episode T: 1000 Reward: 4728.130
Total T: 537000 Episode Num: 537 Episode T: 1000 Reward: 4830.160
Total T: 538000 Episode Num: 538 Episode T: 1000 Reward: 4685.716
Total T: 539000 Episode Num: 539 Episode T: 1000 Reward: 4704.935
Total T: 540000 Episode Num: 540 Episode T: 1000 Reward: 4797.036
---------------------------------------
Evaluation over 10 episodes: 4823.037
---------------------------------------
Total T: 541000 Episode Num: 541 Episode T: 1000 Reward: 4743.099
Total T: 542000 Episode Num: 542 Episode T: 1000 Reward: 4824.309
Total T: 543000 Episode Num: 543 Episode T: 1000 Reward: 4783.742
Total T: 544000 Episode Num: 544 Episode T: 1000 Reward: 4811.440
Total T: 545000 Episode Num: 545 Episode T: 1000 Reward: 4669.798
---------------------------------------
Evaluation over 10 episodes: 4857.855
---------------------------------------
Total T: 546000 Episode Num: 546 Episode T: 1000 Reward: 4848.845
Total T: 547000 Episode Num: 547 Episode T: 1000 Reward: 4974.083
Total T: 548000 Episode Num: 548 Episode T: 1000 Reward: 4947.478
Total T: 549000 Episode Num: 549 Episode T: 1000 Reward: 4887.716
Total T: 550000 Episode Num: 550 Episode T: 1000 Reward: 4837.860
---------------------------------------
Evaluation over 10 episodes: 4880.792
---------------------------------------
Total T: 551000 Episode Num: 551 Episode T: 1000 Reward: 4907.048
Total T: 552000 Episode Num: 552 Episode T: 1000 Reward: 4742.003
Total T: 553000 Episode Num: 553 Episode T: 1000 Reward: 4828.533
Total T: 554000 Episode Num: 554 Episode T: 1000 Reward: 4772.541
Total T: 555000 Episode Num: 555 Episode T: 1000 Reward: 4988.455
---------------------------------------
Evaluation over 10 episodes: 4782.999
---------------------------------------
Total T: 556000 Episode Num: 556 Episode T: 1000 Reward: 4940.308
Total T: 557000 Episode Num: 557 Episode T: 1000 Reward: 5081.113
Total T: 558000 Episode Num: 558 Episode T: 1000 Reward: 5080.361
Total T: 559000 Episode Num: 559 Episode T: 1000 Reward: 4965.508
Total T: 560000 Episode Num: 560 Episode T: 1000 Reward: 4855.243
---------------------------------------
Evaluation over 10 episodes: 4957.650
---------------------------------------
Total T: 561000 Episode Num: 561 Episode T: 1000 Reward: 5054.797
Total T: 562000 Episode Num: 562 Episode T: 1000 Reward: 5162.750
Total T: 563000 Episode Num: 563 Episode T: 1000 Reward: 5208.672
Total T: 564000 Episode Num: 564 Episode T: 1000 Reward: 5114.645
Total T: 565000 Episode Num: 565 Episode T: 1000 Reward: 4923.251
---------------------------------------
Evaluation over 10 episodes: 5100.894
---------------------------------------
Total T: 566000 Episode Num: 566 Episode T: 1000 Reward: 5086.761
Total T: 567000 Episode Num: 567 Episode T: 1000 Reward: 5272.749
Total T: 568000 Episode Num: 568 Episode T: 1000 Reward: 5151.667
Total T: 569000 Episode Num: 569 Episode T: 1000 Reward: 5187.575
Total T: 570000 Episode Num: 570 Episode T: 1000 Reward: 5076.707
---------------------------------------
Evaluation over 10 episodes: 4750.281
---------------------------------------
Total T: 571000 Episode Num: 571 Episode T: 1000 Reward: 4850.731
Total T: 572000 Episode Num: 572 Episode T: 1000 Reward: 5029.994
Total T: 573000 Episode Num: 573 Episode T: 1000 Reward: 5159.969
Total T: 574000 Episode Num: 574 Episode T: 1000 Reward: 3251.316
Total T: 575000 Episode Num: 575 Episode T: 1000 Reward: 5215.341
---------------------------------------
Evaluation over 10 episodes: 5042.581
---------------------------------------
Total T: 576000 Episode Num: 576 Episode T: 1000 Reward: 5143.350
Total T: 577000 Episode Num: 577 Episode T: 1000 Reward: 4952.899
Total T: 578000 Episode Num: 578 Episode T: 1000 Reward: 5126.902
Total T: 579000 Episode Num: 579 Episode T: 1000 Reward: 4976.295
Total T: 580000 Episode Num: 580 Episode T: 1000 Reward: 4963.762
---------------------------------------
Evaluation over 10 episodes: 5163.144
---------------------------------------
Total T: 581000 Episode Num: 581 Episode T: 1000 Reward: 5195.337
Total T: 582000 Episode Num: 582 Episode T: 1000 Reward: 4990.410
Total T: 583000 Episode Num: 583 Episode T: 1000 Reward: 5160.632
Total T: 584000 Episode Num: 584 Episode T: 1000 Reward: 5218.393
Total T: 585000 Episode Num: 585 Episode T: 1000 Reward: 5338.986
---------------------------------------
Evaluation over 10 episodes: 5244.470
---------------------------------------
Total T: 586000 Episode Num: 586 Episode T: 1000 Reward: 5282.980
Total T: 587000 Episode Num: 587 Episode T: 1000 Reward: 5321.574
Total T: 588000 Episode Num: 588 Episode T: 1000 Reward: 5296.300
Total T: 589000 Episode Num: 589 Episode T: 1000 Reward: 5256.150
Total T: 590000 Episode Num: 590 Episode T: 1000 Reward: 5330.555
---------------------------------------
Evaluation over 10 episodes: 5276.842
---------------------------------------
Total T: 591000 Episode Num: 591 Episode T: 1000 Reward: 4909.024
Total T: 592000 Episode Num: 592 Episode T: 1000 Reward: 5009.435
Total T: 593000 Episode Num: 593 Episode T: 1000 Reward: 5205.545
Total T: 594000 Episode Num: 594 Episode T: 1000 Reward: 5374.926
Total T: 595000 Episode Num: 595 Episode T: 1000 Reward: 5179.211
---------------------------------------
Evaluation over 10 episodes: 5069.905
---------------------------------------
Total T: 596000 Episode Num: 596 Episode T: 1000 Reward: 5376.508
Total T: 597000 Episode Num: 597 Episode T: 1000 Reward: 5389.957
Total T: 598000 Episode Num: 598 Episode T: 1000 Reward: 5448.794
Total T: 599000 Episode Num: 599 Episode T: 1000 Reward: 5360.357
Total T: 600000 Episode Num: 600 Episode T: 1000 Reward: 5444.991
---------------------------------------
Evaluation over 10 episodes: 4315.200
---------------------------------------
Total T: 601000 Episode Num: 601 Episode T: 1000 Reward: 5340.569
Total T: 602000 Episode Num: 602 Episode T: 1000 Reward: 5339.289
Total T: 603000 Episode Num: 603 Episode T: 1000 Reward: 5467.257
Total T: 604000 Episode Num: 604 Episode T: 1000 Reward: 5311.055
Total T: 605000 Episode Num: 605 Episode T: 1000 Reward: 5281.504
---------------------------------------
Evaluation over 10 episodes: 4965.185
---------------------------------------
Total T: 606000 Episode Num: 606 Episode T: 1000 Reward: 5571.658
Total T: 607000 Episode Num: 607 Episode T: 1000 Reward: 5423.637
Total T: 608000 Episode Num: 608 Episode T: 1000 Reward: 5393.995
Total T: 609000 Episode Num: 609 Episode T: 1000 Reward: 5029.634
Total T: 610000 Episode Num: 610 Episode T: 1000 Reward: 5492.661
---------------------------------------
Evaluation over 10 episodes: 5054.847
---------------------------------------
Total T: 611000 Episode Num: 611 Episode T: 1000 Reward: 5556.995
Total T: 612000 Episode Num: 612 Episode T: 1000 Reward: 5573.775
Total T: 613000 Episode Num: 613 Episode T: 1000 Reward: 5430.435
Total T: 614000 Episode Num: 614 Episode T: 1000 Reward: 5511.755
Total T: 615000 Episode Num: 615 Episode T: 1000 Reward: 5530.912
---------------------------------------
Evaluation over 10 episodes: 5390.803
---------------------------------------
Total T: 616000 Episode Num: 616 Episode T: 1000 Reward: 5355.874
Total T: 617000 Episode Num: 617 Episode T: 1000 Reward: 5729.233
Total T: 618000 Episode Num: 618 Episode T: 1000 Reward: 5533.935
Total T: 619000 Episode Num: 619 Episode T: 1000 Reward: 5524.846
Total T: 620000 Episode Num: 620 Episode T: 1000 Reward: 5500.425
---------------------------------------
Evaluation over 10 episodes: 5559.184
---------------------------------------
Total T: 621000 Episode Num: 621 Episode T: 1000 Reward: 5509.487
Total T: 622000 Episode Num: 622 Episode T: 1000 Reward: 5410.354
Total T: 623000 Episode Num: 623 Episode T: 1000 Reward: 5700.068
Total T: 624000 Episode Num: 624 Episode T: 1000 Reward: 5555.024
Total T: 625000 Episode Num: 625 Episode T: 1000 Reward: 5661.359
---------------------------------------
Evaluation over 10 episodes: 5705.272
---------------------------------------
Total T: 626000 Episode Num: 626 Episode T: 1000 Reward: 5554.708
Total T: 627000 Episode Num: 627 Episode T: 1000 Reward: 5666.186
Total T: 628000 Episode Num: 628 Episode T: 1000 Reward: 5642.205
Total T: 629000 Episode Num: 629 Episode T: 1000 Reward: 1144.530
Total T: 630000 Episode Num: 630 Episode T: 1000 Reward: 5800.206
---------------------------------------
Evaluation over 10 episodes: 5298.114
---------------------------------------
Total T: 631000 Episode Num: 631 Episode T: 1000 Reward: 5838.470
Total T: 632000 Episode Num: 632 Episode T: 1000 Reward: 5574.836
Total T: 633000 Episode Num: 633 Episode T: 1000 Reward: 5592.909
Total T: 634000 Episode Num: 634 Episode T: 1000 Reward: 5697.605
Total T: 635000 Episode Num: 635 Episode T: 1000 Reward: 5702.151
---------------------------------------
Evaluation over 10 episodes: 5767.938
---------------------------------------
Total T: 636000 Episode Num: 636 Episode T: 1000 Reward: 5668.965
Total T: 637000 Episode Num: 637 Episode T: 1000 Reward: 5790.301
Total T: 638000 Episode Num: 638 Episode T: 1000 Reward: 5669.243
Total T: 639000 Episode Num: 639 Episode T: 1000 Reward: 5486.739
Total T: 640000 Episode Num: 640 Episode T: 1000 Reward: 5570.668
---------------------------------------
Evaluation over 10 episodes: 5559.141
---------------------------------------
Total T: 641000 Episode Num: 641 Episode T: 1000 Reward: 5697.902
Total T: 642000 Episode Num: 642 Episode T: 1000 Reward: 5798.177
Total T: 643000 Episode Num: 643 Episode T: 1000 Reward: 5773.613
Total T: 644000 Episode Num: 644 Episode T: 1000 Reward: 5820.565
Total T: 645000 Episode Num: 645 Episode T: 1000 Reward: 5437.395
---------------------------------------
Evaluation over 10 episodes: 5729.597
---------------------------------------
Total T: 646000 Episode Num: 646 Episode T: 1000 Reward: 5658.820
Total T: 647000 Episode Num: 647 Episode T: 1000 Reward: 5762.706
Total T: 648000 Episode Num: 648 Episode T: 1000 Reward: 5826.481
Total T: 649000 Episode Num: 649 Episode T: 1000 Reward: 5744.371
Total T: 650000 Episode Num: 650 Episode T: 1000 Reward: 5729.111
---------------------------------------
Evaluation over 10 episodes: 5594.538
---------------------------------------
Total T: 651000 Episode Num: 651 Episode T: 1000 Reward: 5754.667
Total T: 652000 Episode Num: 652 Episode T: 1000 Reward: 5701.747
Total T: 653000 Episode Num: 653 Episode T: 1000 Reward: 5688.985
Total T: 654000 Episode Num: 654 Episode T: 1000 Reward: 5762.484
Total T: 655000 Episode Num: 655 Episode T: 1000 Reward: 5710.850
---------------------------------------
Evaluation over 10 episodes: 5742.276
---------------------------------------
Total T: 656000 Episode Num: 656 Episode T: 1000 Reward: 5814.950
Total T: 657000 Episode Num: 657 Episode T: 1000 Reward: 5945.643
Total T: 658000 Episode Num: 658 Episode T: 1000 Reward: 5806.319
Total T: 659000 Episode Num: 659 Episode T: 1000 Reward: 5814.155
Total T: 660000 Episode Num: 660 Episode T: 1000 Reward: 5726.947
---------------------------------------
Evaluation over 10 episodes: 5880.858
---------------------------------------
Total T: 661000 Episode Num: 661 Episode T: 1000 Reward: 5970.492
Total T: 662000 Episode Num: 662 Episode T: 1000 Reward: 5595.764
Total T: 663000 Episode Num: 663 Episode T: 1000 Reward: 5812.757
Total T: 664000 Episode Num: 664 Episode T: 1000 Reward: 5936.443
Total T: 665000 Episode Num: 665 Episode T: 1000 Reward: 5585.142
---------------------------------------
Evaluation over 10 episodes: 5845.170
---------------------------------------
Total T: 666000 Episode Num: 666 Episode T: 1000 Reward: 5949.443
Total T: 667000 Episode Num: 667 Episode T: 1000 Reward: 5857.160
Total T: 668000 Episode Num: 668 Episode T: 1000 Reward: 5758.407
Total T: 669000 Episode Num: 669 Episode T: 1000 Reward: 5967.871
Total T: 670000 Episode Num: 670 Episode T: 1000 Reward: 5917.373
---------------------------------------
Evaluation over 10 episodes: 5786.894
---------------------------------------
Total T: 671000 Episode Num: 671 Episode T: 1000 Reward: 5922.249
Total T: 672000 Episode Num: 672 Episode T: 1000 Reward: 5841.724
Total T: 673000 Episode Num: 673 Episode T: 1000 Reward: 5886.170
Total T: 674000 Episode Num: 674 Episode T: 1000 Reward: 5935.337
Total T: 675000 Episode Num: 675 Episode T: 1000 Reward: 5865.648
---------------------------------------
Evaluation over 10 episodes: 5699.754
---------------------------------------
Total T: 676000 Episode Num: 676 Episode T: 1000 Reward: 5879.017
Total T: 677000 Episode Num: 677 Episode T: 1000 Reward: 5834.845
Total T: 678000 Episode Num: 678 Episode T: 1000 Reward: 5900.181
Total T: 679000 Episode Num: 679 Episode T: 1000 Reward: 5950.134
Total T: 680000 Episode Num: 680 Episode T: 1000 Reward: 5869.118
---------------------------------------
Evaluation over 10 episodes: 5673.132
---------------------------------------
Total T: 681000 Episode Num: 681 Episode T: 1000 Reward: 5886.113
Total T: 682000 Episode Num: 682 Episode T: 1000 Reward: 5872.890
Total T: 683000 Episode Num: 683 Episode T: 1000 Reward: 5949.952
Total T: 684000 Episode Num: 684 Episode T: 1000 Reward: 5836.117
Total T: 685000 Episode Num: 685 Episode T: 1000 Reward: 5797.718
---------------------------------------
Evaluation over 10 episodes: 5752.972
---------------------------------------
Total T: 686000 Episode Num: 686 Episode T: 1000 Reward: 5961.910
Total T: 687000 Episode Num: 687 Episode T: 1000 Reward: 5867.001
Total T: 688000 Episode Num: 688 Episode T: 1000 Reward: 5913.722
Total T: 689000 Episode Num: 689 Episode T: 1000 Reward: 5964.069
Total T: 690000 Episode Num: 690 Episode T: 1000 Reward: 5927.844
---------------------------------------
Evaluation over 10 episodes: 5983.231
---------------------------------------
Total T: 691000 Episode Num: 691 Episode T: 1000 Reward: 5912.096
Total T: 692000 Episode Num: 692 Episode T: 1000 Reward: 5948.153
Total T: 693000 Episode Num: 693 Episode T: 1000 Reward: 5908.644
Total T: 694000 Episode Num: 694 Episode T: 1000 Reward: 6049.371
Total T: 695000 Episode Num: 695 Episode T: 1000 Reward: 6058.122
---------------------------------------
Evaluation over 10 episodes: 5851.543
---------------------------------------
Total T: 696000 Episode Num: 696 Episode T: 1000 Reward: 5998.677
Total T: 697000 Episode Num: 697 Episode T: 1000 Reward: 5930.405
Total T: 698000 Episode Num: 698 Episode T: 1000 Reward: 6015.289
Total T: 699000 Episode Num: 699 Episode T: 1000 Reward: 5910.477
Total T: 700000 Episode Num: 700 Episode T: 1000 Reward: 5951.309
---------------------------------------
Evaluation over 10 episodes: 5760.479
---------------------------------------
Total T: 701000 Episode Num: 701 Episode T: 1000 Reward: 5951.602
Total T: 702000 Episode Num: 702 Episode T: 1000 Reward: 5896.647
Total T: 703000 Episode Num: 703 Episode T: 1000 Reward: 5824.887
Total T: 704000 Episode Num: 704 Episode T: 1000 Reward: 6133.956
Total T: 705000 Episode Num: 705 Episode T: 1000 Reward: 5818.728
---------------------------------------
Evaluation over 10 episodes: 5985.972
---------------------------------------
Total T: 706000 Episode Num: 706 Episode T: 1000 Reward: 5920.062
Total T: 707000 Episode Num: 707 Episode T: 1000 Reward: 5997.002
Total T: 708000 Episode Num: 708 Episode T: 1000 Reward: 5833.773
Total T: 709000 Episode Num: 709 Episode T: 1000 Reward: 5900.606
Total T: 710000 Episode Num: 710 Episode T: 1000 Reward: 5967.658
---------------------------------------
Evaluation over 10 episodes: 5842.773
---------------------------------------
Total T: 711000 Episode Num: 711 Episode T: 1000 Reward: 5775.922
Total T: 712000 Episode Num: 712 Episode T: 1000 Reward: 5929.922
Total T: 713000 Episode Num: 713 Episode T: 1000 Reward: 5942.026
Total T: 714000 Episode Num: 714 Episode T: 1000 Reward: 5969.312
Total T: 715000 Episode Num: 715 Episode T: 1000 Reward: 5911.100
---------------------------------------
Evaluation over 10 episodes: 5908.514
---------------------------------------
Total T: 716000 Episode Num: 716 Episode T: 1000 Reward: 6014.823
Total T: 717000 Episode Num: 717 Episode T: 1000 Reward: 5892.401
Total T: 718000 Episode Num: 718 Episode T: 1000 Reward: 5990.378
Total T: 719000 Episode Num: 719 Episode T: 1000 Reward: 6067.974
Total T: 720000 Episode Num: 720 Episode T: 1000 Reward: 5773.154
---------------------------------------
Evaluation over 10 episodes: 5886.173
---------------------------------------
Total T: 721000 Episode Num: 721 Episode T: 1000 Reward: 5945.624
Total T: 722000 Episode Num: 722 Episode T: 1000 Reward: 5962.676
Total T: 723000 Episode Num: 723 Episode T: 1000 Reward: 5938.369
Total T: 724000 Episode Num: 724 Episode T: 1000 Reward: 5963.125
Total T: 725000 Episode Num: 725 Episode T: 1000 Reward: 6054.831
---------------------------------------
Evaluation over 10 episodes: 5932.596
---------------------------------------
Total T: 726000 Episode Num: 726 Episode T: 1000 Reward: 3621.477
Total T: 727000 Episode Num: 727 Episode T: 1000 Reward: 5840.307
Total T: 728000 Episode Num: 728 Episode T: 1000 Reward: 5935.472
Total T: 729000 Episode Num: 729 Episode T: 1000 Reward: 5991.562
Total T: 730000 Episode Num: 730 Episode T: 1000 Reward: 5986.890
---------------------------------------
Evaluation over 10 episodes: 6075.440
---------------------------------------
Total T: 731000 Episode Num: 731 Episode T: 1000 Reward: 5924.612
Total T: 732000 Episode Num: 732 Episode T: 1000 Reward: 5967.493
Total T: 733000 Episode Num: 733 Episode T: 1000 Reward: 6005.073
Total T: 734000 Episode Num: 734 Episode T: 1000 Reward: 5883.378
Total T: 735000 Episode Num: 735 Episode T: 1000 Reward: 5951.610
---------------------------------------
Evaluation over 10 episodes: 5906.490
---------------------------------------
Total T: 736000 Episode Num: 736 Episode T: 1000 Reward: 6007.694
Total T: 737000 Episode Num: 737 Episode T: 1000 Reward: 6007.448
Total T: 738000 Episode Num: 738 Episode T: 1000 Reward: 5893.844
Total T: 739000 Episode Num: 739 Episode T: 1000 Reward: 5949.026
Total T: 740000 Episode Num: 740 Episode T: 1000 Reward: 6029.422
---------------------------------------
Evaluation over 10 episodes: 5893.988
---------------------------------------
Total T: 741000 Episode Num: 741 Episode T: 1000 Reward: 5591.367
Total T: 742000 Episode Num: 742 Episode T: 1000 Reward: 6015.550
Total T: 743000 Episode Num: 743 Episode T: 1000 Reward: 6001.810
Total T: 744000 Episode Num: 744 Episode T: 1000 Reward: 6080.427
Total T: 745000 Episode Num: 745 Episode T: 1000 Reward: 5949.906
---------------------------------------
Evaluation over 10 episodes: 5901.321
---------------------------------------
Total T: 746000 Episode Num: 746 Episode T: 1000 Reward: 6045.400
Total T: 747000 Episode Num: 747 Episode T: 1000 Reward: 6019.203
Total T: 748000 Episode Num: 748 Episode T: 1000 Reward: 5912.967
Total T: 749000 Episode Num: 749 Episode T: 1000 Reward: 6091.051
Total T: 750000 Episode Num: 750 Episode T: 1000 Reward: 6080.881
---------------------------------------
Evaluation over 10 episodes: 6071.554
---------------------------------------
Total T: 751000 Episode Num: 751 Episode T: 1000 Reward: 6053.525
Total T: 752000 Episode Num: 752 Episode T: 1000 Reward: 5885.182
Total T: 753000 Episode Num: 753 Episode T: 1000 Reward: 5900.277
Total T: 754000 Episode Num: 754 Episode T: 1000 Reward: 5973.058
Total T: 755000 Episode Num: 755 Episode T: 1000 Reward: 5959.813
---------------------------------------
Evaluation over 10 episodes: 5944.156
---------------------------------------
Total T: 756000 Episode Num: 756 Episode T: 1000 Reward: 6067.715
Total T: 757000 Episode Num: 757 Episode T: 1000 Reward: 6043.766
Total T: 758000 Episode Num: 758 Episode T: 1000 Reward: 6124.642
Total T: 759000 Episode Num: 759 Episode T: 1000 Reward: 5921.371
Total T: 760000 Episode Num: 760 Episode T: 1000 Reward: 5994.460
---------------------------------------
Evaluation over 10 episodes: 5681.933
---------------------------------------
Total T: 761000 Episode Num: 761 Episode T: 1000 Reward: 6028.131
Total T: 762000 Episode Num: 762 Episode T: 1000 Reward: 5889.161
Total T: 763000 Episode Num: 763 Episode T: 1000 Reward: 5937.534
Total T: 764000 Episode Num: 764 Episode T: 1000 Reward: 6029.342
Total T: 765000 Episode Num: 765 Episode T: 1000 Reward: 6070.642
---------------------------------------
Evaluation over 10 episodes: 5400.800
---------------------------------------
Total T: 766000 Episode Num: 766 Episode T: 1000 Reward: 5949.225
Total T: 767000 Episode Num: 767 Episode T: 1000 Reward: 6041.778
Total T: 768000 Episode Num: 768 Episode T: 1000 Reward: 6011.277
Total T: 769000 Episode Num: 769 Episode T: 1000 Reward: 6113.020
Total T: 770000 Episode Num: 770 Episode T: 1000 Reward: 6052.419
---------------------------------------
Evaluation over 10 episodes: 5914.029
---------------------------------------
Total T: 771000 Episode Num: 771 Episode T: 1000 Reward: 6038.341
Total T: 772000 Episode Num: 772 Episode T: 1000 Reward: 6126.915
Total T: 773000 Episode Num: 773 Episode T: 1000 Reward: 5901.140
Total T: 774000 Episode Num: 774 Episode T: 1000 Reward: 5998.407
Total T: 775000 Episode Num: 775 Episode T: 1000 Reward: 6062.006
---------------------------------------
Evaluation over 10 episodes: 6109.044
---------------------------------------
Total T: 776000 Episode Num: 776 Episode T: 1000 Reward: 6037.988
Total T: 777000 Episode Num: 777 Episode T: 1000 Reward: 6006.177
Total T: 778000 Episode Num: 778 Episode T: 1000 Reward: 6074.998
Total T: 779000 Episode Num: 779 Episode T: 1000 Reward: 5991.127
Total T: 780000 Episode Num: 780 Episode T: 1000 Reward: 5970.782
---------------------------------------
Evaluation over 10 episodes: 6102.043
---------------------------------------
Total T: 781000 Episode Num: 781 Episode T: 1000 Reward: 5959.062
Total T: 782000 Episode Num: 782 Episode T: 1000 Reward: 6123.386
Total T: 783000 Episode Num: 783 Episode T: 1000 Reward: 6128.968
Total T: 784000 Episode Num: 784 Episode T: 1000 Reward: 6013.977
Total T: 785000 Episode Num: 785 Episode T: 1000 Reward: 6033.196
---------------------------------------
Evaluation over 10 episodes: 6055.021
---------------------------------------
Total T: 786000 Episode Num: 786 Episode T: 1000 Reward: 6141.295
Total T: 787000 Episode Num: 787 Episode T: 1000 Reward: 6039.166
Total T: 788000 Episode Num: 788 Episode T: 1000 Reward: 6050.388
Total T: 789000 Episode Num: 789 Episode T: 1000 Reward: 6027.841
Total T: 790000 Episode Num: 790 Episode T: 1000 Reward: 5943.396
---------------------------------------
Evaluation over 10 episodes: 5810.673
---------------------------------------
Total T: 791000 Episode Num: 791 Episode T: 1000 Reward: 6108.597
Total T: 792000 Episode Num: 792 Episode T: 1000 Reward: 6216.755
Total T: 793000 Episode Num: 793 Episode T: 1000 Reward: 5892.294
Total T: 794000 Episode Num: 794 Episode T: 1000 Reward: 6112.291
Total T: 795000 Episode Num: 795 Episode T: 1000 Reward: 5993.108
---------------------------------------
Evaluation over 10 episodes: 5893.006
---------------------------------------
Total T: 796000 Episode Num: 796 Episode T: 1000 Reward: 5886.580
Total T: 797000 Episode Num: 797 Episode T: 1000 Reward: 5958.022
Total T: 798000 Episode Num: 798 Episode T: 1000 Reward: 6074.204
Total T: 799000 Episode Num: 799 Episode T: 1000 Reward: 6163.156
Total T: 800000 Episode Num: 800 Episode T: 1000 Reward: 6133.409
---------------------------------------
Evaluation over 10 episodes: 6022.633
---------------------------------------
Total T: 801000 Episode Num: 801 Episode T: 1000 Reward: 6030.173
Total T: 802000 Episode Num: 802 Episode T: 1000 Reward: 6096.652
Total T: 803000 Episode Num: 803 Episode T: 1000 Reward: 5998.187
Total T: 804000 Episode Num: 804 Episode T: 1000 Reward: 5968.429
Total T: 805000 Episode Num: 805 Episode T: 1000 Reward: 6159.735
---------------------------------------
Evaluation over 10 episodes: 6127.058
---------------------------------------
Total T: 806000 Episode Num: 806 Episode T: 1000 Reward: 6123.672
Total T: 807000 Episode Num: 807 Episode T: 1000 Reward: 6001.878
Total T: 808000 Episode Num: 808 Episode T: 1000 Reward: 6119.825
Total T: 809000 Episode Num: 809 Episode T: 1000 Reward: 6126.294
Total T: 810000 Episode Num: 810 Episode T: 1000 Reward: 6035.401
---------------------------------------
Evaluation over 10 episodes: 5961.248
---------------------------------------
Total T: 811000 Episode Num: 811 Episode T: 1000 Reward: 6045.132
Total T: 812000 Episode Num: 812 Episode T: 1000 Reward: 6157.922
Total T: 813000 Episode Num: 813 Episode T: 1000 Reward: 6117.161
Total T: 814000 Episode Num: 814 Episode T: 1000 Reward: 6020.298
Total T: 815000 Episode Num: 815 Episode T: 1000 Reward: 6123.378
---------------------------------------
Evaluation over 10 episodes: 6094.115
---------------------------------------
Total T: 816000 Episode Num: 816 Episode T: 1000 Reward: 6099.565
Total T: 817000 Episode Num: 817 Episode T: 1000 Reward: 5968.239
Total T: 818000 Episode Num: 818 Episode T: 1000 Reward: 6080.922
Total T: 819000 Episode Num: 819 Episode T: 1000 Reward: 6193.382
Total T: 820000 Episode Num: 820 Episode T: 1000 Reward: 6126.416
---------------------------------------
Evaluation over 10 episodes: 5994.131
---------------------------------------
Total T: 821000 Episode Num: 821 Episode T: 1000 Reward: 6086.082
Total T: 822000 Episode Num: 822 Episode T: 1000 Reward: 5873.806
Total T: 823000 Episode Num: 823 Episode T: 1000 Reward: 6181.524
Total T: 824000 Episode Num: 824 Episode T: 1000 Reward: 6158.040
Total T: 825000 Episode Num: 825 Episode T: 1000 Reward: 6052.404
---------------------------------------
Evaluation over 10 episodes: 6090.983
---------------------------------------
Total T: 826000 Episode Num: 826 Episode T: 1000 Reward: 6005.630
Total T: 827000 Episode Num: 827 Episode T: 1000 Reward: 6032.144
Total T: 828000 Episode Num: 828 Episode T: 1000 Reward: 6182.968
Total T: 829000 Episode Num: 829 Episode T: 1000 Reward: 6086.305
Total T: 830000 Episode Num: 830 Episode T: 1000 Reward: 6116.330
---------------------------------------
Evaluation over 10 episodes: 6137.866
---------------------------------------
Total T: 831000 Episode Num: 831 Episode T: 1000 Reward: 5892.768
Total T: 832000 Episode Num: 832 Episode T: 1000 Reward: 6071.493
Total T: 833000 Episode Num: 833 Episode T: 1000 Reward: 6138.992
Total T: 834000 Episode Num: 834 Episode T: 1000 Reward: 6069.323
Total T: 835000 Episode Num: 835 Episode T: 1000 Reward: 6019.414
---------------------------------------
Evaluation over 10 episodes: 6208.371
---------------------------------------
Total T: 836000 Episode Num: 836 Episode T: 1000 Reward: 6166.016
Total T: 837000 Episode Num: 837 Episode T: 1000 Reward: 6063.677
Total T: 838000 Episode Num: 838 Episode T: 1000 Reward: 6037.477
Total T: 839000 Episode Num: 839 Episode T: 1000 Reward: 6173.091
Total T: 840000 Episode Num: 840 Episode T: 1000 Reward: 6050.421
---------------------------------------
Evaluation over 10 episodes: 6122.763
---------------------------------------
Total T: 841000 Episode Num: 841 Episode T: 1000 Reward: 6154.410
Total T: 842000 Episode Num: 842 Episode T: 1000 Reward: 6027.766
Total T: 843000 Episode Num: 843 Episode T: 1000 Reward: 6065.516
Total T: 844000 Episode Num: 844 Episode T: 1000 Reward: 5998.527
Total T: 845000 Episode Num: 845 Episode T: 1000 Reward: 6158.412
---------------------------------------
Evaluation over 10 episodes: 6211.940
---------------------------------------
Total T: 846000 Episode Num: 846 Episode T: 1000 Reward: 6138.867
Total T: 847000 Episode Num: 847 Episode T: 1000 Reward: 6122.042
Total T: 848000 Episode Num: 848 Episode T: 1000 Reward: 5993.360
Total T: 849000 Episode Num: 849 Episode T: 1000 Reward: 5968.079
Total T: 850000 Episode Num: 850 Episode T: 1000 Reward: 6050.084
---------------------------------------
Evaluation over 10 episodes: 6110.276
---------------------------------------
Total T: 851000 Episode Num: 851 Episode T: 1000 Reward: 6123.523
Total T: 852000 Episode Num: 852 Episode T: 1000 Reward: 6212.656
Total T: 853000 Episode Num: 853 Episode T: 1000 Reward: 6041.810
Total T: 854000 Episode Num: 854 Episode T: 1000 Reward: 6234.282
Total T: 855000 Episode Num: 855 Episode T: 1000 Reward: 6195.009
---------------------------------------
Evaluation over 10 episodes: 6193.766
---------------------------------------
Total T: 856000 Episode Num: 856 Episode T: 1000 Reward: 5966.376
Total T: 857000 Episode Num: 857 Episode T: 1000 Reward: 6064.595
Total T: 858000 Episode Num: 858 Episode T: 1000 Reward: 6164.784
Total T: 859000 Episode Num: 859 Episode T: 1000 Reward: 5740.605
Total T: 860000 Episode Num: 860 Episode T: 1000 Reward: 6202.480
---------------------------------------
Evaluation over 10 episodes: 6227.626
---------------------------------------
Total T: 861000 Episode Num: 861 Episode T: 1000 Reward: 5984.633
Total T: 862000 Episode Num: 862 Episode T: 1000 Reward: 6227.980
Total T: 863000 Episode Num: 863 Episode T: 1000 Reward: 6084.523
Total T: 864000 Episode Num: 864 Episode T: 1000 Reward: 6190.839
Total T: 865000 Episode Num: 865 Episode T: 1000 Reward: 6122.105
---------------------------------------
Evaluation over 10 episodes: 6087.583
---------------------------------------
Total T: 866000 Episode Num: 866 Episode T: 1000 Reward: 6077.104
Total T: 867000 Episode Num: 867 Episode T: 1000 Reward: 6106.341
Total T: 868000 Episode Num: 868 Episode T: 1000 Reward: 6066.958
Total T: 869000 Episode Num: 869 Episode T: 1000 Reward: 6201.150
Total T: 870000 Episode Num: 870 Episode T: 1000 Reward: 6096.603
---------------------------------------
Evaluation over 10 episodes: 6122.174
---------------------------------------
Total T: 871000 Episode Num: 871 Episode T: 1000 Reward: 6166.198
Total T: 872000 Episode Num: 872 Episode T: 1000 Reward: 5643.997
Total T: 873000 Episode Num: 873 Episode T: 1000 Reward: 6268.869
Total T: 874000 Episode Num: 874 Episode T: 1000 Reward: 6158.458
Total T: 875000 Episode Num: 875 Episode T: 1000 Reward: 6163.679
---------------------------------------
Evaluation over 10 episodes: 6175.919
---------------------------------------
Total T: 876000 Episode Num: 876 Episode T: 1000 Reward: 6153.637
Total T: 877000 Episode Num: 877 Episode T: 1000 Reward: 6126.504
Total T: 878000 Episode Num: 878 Episode T: 1000 Reward: 6243.153
Total T: 879000 Episode Num: 879 Episode T: 1000 Reward: 5666.940
Total T: 880000 Episode Num: 880 Episode T: 1000 Reward: 6264.954
---------------------------------------
Evaluation over 10 episodes: 6239.603
---------------------------------------
Total T: 881000 Episode Num: 881 Episode T: 1000 Reward: 6194.426
Total T: 882000 Episode Num: 882 Episode T: 1000 Reward: 6107.116
Total T: 883000 Episode Num: 883 Episode T: 1000 Reward: 6342.496
Total T: 884000 Episode Num: 884 Episode T: 1000 Reward: 6091.026
Total T: 885000 Episode Num: 885 Episode T: 1000 Reward: 6281.714
---------------------------------------
Evaluation over 10 episodes: 6177.530
---------------------------------------
Total T: 886000 Episode Num: 886 Episode T: 1000 Reward: 6103.639
Total T: 887000 Episode Num: 887 Episode T: 1000 Reward: 6256.272
Total T: 888000 Episode Num: 888 Episode T: 1000 Reward: 6089.083
Total T: 889000 Episode Num: 889 Episode T: 1000 Reward: 6142.980
Total T: 890000 Episode Num: 890 Episode T: 1000 Reward: 6118.705
---------------------------------------
Evaluation over 10 episodes: 6327.331
---------------------------------------
Total T: 891000 Episode Num: 891 Episode T: 1000 Reward: 6134.540
Total T: 892000 Episode Num: 892 Episode T: 1000 Reward: 6197.579
Total T: 893000 Episode Num: 893 Episode T: 1000 Reward: 6157.099
Total T: 894000 Episode Num: 894 Episode T: 1000 Reward: 5771.859
Total T: 895000 Episode Num: 895 Episode T: 1000 Reward: 6100.002
---------------------------------------
Evaluation over 10 episodes: 6198.212
---------------------------------------
Total T: 896000 Episode Num: 896 Episode T: 1000 Reward: 6135.619
Total T: 897000 Episode Num: 897 Episode T: 1000 Reward: 6152.658
Total T: 898000 Episode Num: 898 Episode T: 1000 Reward: 6132.452
Total T: 899000 Episode Num: 899 Episode T: 1000 Reward: 5587.941
Total T: 900000 Episode Num: 900 Episode T: 1000 Reward: 6203.845
---------------------------------------
Evaluation over 10 episodes: 6304.103
---------------------------------------
Total T: 901000 Episode Num: 901 Episode T: 1000 Reward: 6223.088
Total T: 902000 Episode Num: 902 Episode T: 1000 Reward: 6233.779
Total T: 903000 Episode Num: 903 Episode T: 1000 Reward: 6202.180
Total T: 904000 Episode Num: 904 Episode T: 1000 Reward: 6276.204
Total T: 905000 Episode Num: 905 Episode T: 1000 Reward: 6161.696
---------------------------------------
Evaluation over 10 episodes: 6103.810
---------------------------------------
Total T: 906000 Episode Num: 906 Episode T: 1000 Reward: 6067.604
Total T: 907000 Episode Num: 907 Episode T: 1000 Reward: 6176.779
Total T: 908000 Episode Num: 908 Episode T: 1000 Reward: 6194.722
Total T: 909000 Episode Num: 909 Episode T: 1000 Reward: 5903.485
Total T: 910000 Episode Num: 910 Episode T: 1000 Reward: 6171.728
---------------------------------------
Evaluation over 10 episodes: 6188.974
---------------------------------------
Total T: 911000 Episode Num: 911 Episode T: 1000 Reward: 6164.526
Total T: 912000 Episode Num: 912 Episode T: 1000 Reward: 6184.005
Total T: 913000 Episode Num: 913 Episode T: 1000 Reward: 6195.917
Total T: 914000 Episode Num: 914 Episode T: 1000 Reward: 6169.377
Total T: 915000 Episode Num: 915 Episode T: 1000 Reward: 5353.302
---------------------------------------
Evaluation over 10 episodes: 6127.847
---------------------------------------
Total T: 916000 Episode Num: 916 Episode T: 1000 Reward: 6190.809
Total T: 917000 Episode Num: 917 Episode T: 1000 Reward: 6215.055
Total T: 918000 Episode Num: 918 Episode T: 1000 Reward: 6079.132
Total T: 919000 Episode Num: 919 Episode T: 1000 Reward: 6126.267
Total T: 920000 Episode Num: 920 Episode T: 1000 Reward: 6227.910
---------------------------------------
Evaluation over 10 episodes: 6173.032
---------------------------------------
Total T: 921000 Episode Num: 921 Episode T: 1000 Reward: 6154.813
Total T: 922000 Episode Num: 922 Episode T: 1000 Reward: 6150.230
Total T: 923000 Episode Num: 923 Episode T: 1000 Reward: 6115.885
Total T: 924000 Episode Num: 924 Episode T: 1000 Reward: 6205.244
Total T: 925000 Episode Num: 925 Episode T: 1000 Reward: 6169.294
---------------------------------------
Evaluation over 10 episodes: 6147.961
---------------------------------------
Total T: 926000 Episode Num: 926 Episode T: 1000 Reward: 6187.672
Total T: 927000 Episode Num: 927 Episode T: 1000 Reward: 6099.121
Total T: 928000 Episode Num: 928 Episode T: 1000 Reward: 6188.076
Total T: 929000 Episode Num: 929 Episode T: 1000 Reward: 6224.289
Total T: 930000 Episode Num: 930 Episode T: 1000 Reward: 6222.655
---------------------------------------
Evaluation over 10 episodes: 6198.816
---------------------------------------
Total T: 931000 Episode Num: 931 Episode T: 1000 Reward: 6215.357
Total T: 932000 Episode Num: 932 Episode T: 1000 Reward: 5965.331
Total T: 933000 Episode Num: 933 Episode T: 1000 Reward: 6129.241
Total T: 934000 Episode Num: 934 Episode T: 1000 Reward: 6186.091
Total T: 935000 Episode Num: 935 Episode T: 1000 Reward: 6283.198
---------------------------------------
Evaluation over 10 episodes: 6091.331
---------------------------------------
Total T: 936000 Episode Num: 936 Episode T: 1000 Reward: 6231.370
Total T: 937000 Episode Num: 937 Episode T: 1000 Reward: 6164.943
Total T: 938000 Episode Num: 938 Episode T: 1000 Reward: 6180.131
Total T: 939000 Episode Num: 939 Episode T: 1000 Reward: 6129.177
Total T: 940000 Episode Num: 940 Episode T: 1000 Reward: 6245.726
---------------------------------------
Evaluation over 10 episodes: 6173.152
---------------------------------------
Total T: 941000 Episode Num: 941 Episode T: 1000 Reward: 6271.013
Total T: 942000 Episode Num: 942 Episode T: 1000 Reward: 6243.841
Total T: 943000 Episode Num: 943 Episode T: 1000 Reward: 6150.361
Total T: 944000 Episode Num: 944 Episode T: 1000 Reward: 6122.406
Total T: 945000 Episode Num: 945 Episode T: 1000 Reward: 6242.867
---------------------------------------
Evaluation over 10 episodes: 6194.845
---------------------------------------
Total T: 946000 Episode Num: 946 Episode T: 1000 Reward: 6141.739
Total T: 947000 Episode Num: 947 Episode T: 1000 Reward: 6148.481
Total T: 948000 Episode Num: 948 Episode T: 1000 Reward: 6308.843
Total T: 949000 Episode Num: 949 Episode T: 1000 Reward: 6318.066
Total T: 950000 Episode Num: 950 Episode T: 1000 Reward: 6242.961
---------------------------------------
Evaluation over 10 episodes: 6197.764
---------------------------------------
Total T: 951000 Episode Num: 951 Episode T: 1000 Reward: 6082.849
Total T: 952000 Episode Num: 952 Episode T: 1000 Reward: 6122.138
Total T: 953000 Episode Num: 953 Episode T: 1000 Reward: 6168.636
Total T: 954000 Episode Num: 954 Episode T: 1000 Reward: 6205.183
Total T: 955000 Episode Num: 955 Episode T: 1000 Reward: 6064.663
---------------------------------------
Evaluation over 10 episodes: 6267.544
---------------------------------------
Total T: 956000 Episode Num: 956 Episode T: 1000 Reward: 6259.736
Total T: 957000 Episode Num: 957 Episode T: 1000 Reward: 6177.977
Total T: 958000 Episode Num: 958 Episode T: 1000 Reward: 6089.562
Total T: 959000 Episode Num: 959 Episode T: 1000 Reward: 6190.969
Total T: 960000 Episode Num: 960 Episode T: 1000 Reward: 6019.729
---------------------------------------
Evaluation over 10 episodes: 6260.136
---------------------------------------
Total T: 961000 Episode Num: 961 Episode T: 1000 Reward: 6154.924
Total T: 962000 Episode Num: 962 Episode T: 1000 Reward: 6129.208
Total T: 963000 Episode Num: 963 Episode T: 1000 Reward: 6164.069
Total T: 964000 Episode Num: 964 Episode T: 1000 Reward: 6201.045
Total T: 965000 Episode Num: 965 Episode T: 1000 Reward: 5657.765
---------------------------------------
Evaluation over 10 episodes: 6268.773
---------------------------------------
Total T: 966000 Episode Num: 966 Episode T: 1000 Reward: 6124.097
Total T: 967000 Episode Num: 967 Episode T: 1000 Reward: 6318.116
Total T: 968000 Episode Num: 968 Episode T: 1000 Reward: 6152.702
Total T: 969000 Episode Num: 969 Episode T: 1000 Reward: 6063.469
Total T: 970000 Episode Num: 970 Episode T: 1000 Reward: 6183.984
---------------------------------------
Evaluation over 10 episodes: 6148.423
---------------------------------------
Total T: 971000 Episode Num: 971 Episode T: 1000 Reward: 6150.422
Total T: 972000 Episode Num: 972 Episode T: 1000 Reward: 6262.728
Total T: 973000 Episode Num: 973 Episode T: 1000 Reward: 6198.779
Total T: 974000 Episode Num: 974 Episode T: 1000 Reward: 6261.706
Total T: 975000 Episode Num: 975 Episode T: 1000 Reward: 6254.533
---------------------------------------
Evaluation over 10 episodes: 6083.008
---------------------------------------
Total T: 976000 Episode Num: 976 Episode T: 1000 Reward: 6195.826
Total T: 977000 Episode Num: 977 Episode T: 1000 Reward: 6255.292
Total T: 978000 Episode Num: 978 Episode T: 1000 Reward: 6147.565
Total T: 979000 Episode Num: 979 Episode T: 1000 Reward: 5982.248
Total T: 980000 Episode Num: 980 Episode T: 1000 Reward: 6174.280
---------------------------------------
Evaluation over 10 episodes: 6154.944
---------------------------------------
Total T: 981000 Episode Num: 981 Episode T: 1000 Reward: 6207.556
Total T: 982000 Episode Num: 982 Episode T: 1000 Reward: 6121.370
Total T: 983000 Episode Num: 983 Episode T: 1000 Reward: 6180.447
Total T: 984000 Episode Num: 984 Episode T: 1000 Reward: 6163.770
Total T: 985000 Episode Num: 985 Episode T: 1000 Reward: 6018.560
---------------------------------------
Evaluation over 10 episodes: 6220.326
---------------------------------------
Total T: 986000 Episode Num: 986 Episode T: 1000 Reward: 6146.326
Total T: 987000 Episode Num: 987 Episode T: 1000 Reward: 6185.723
Total T: 988000 Episode Num: 988 Episode T: 1000 Reward: 6175.523
Total T: 989000 Episode Num: 989 Episode T: 1000 Reward: 6111.363
Total T: 990000 Episode Num: 990 Episode T: 1000 Reward: 6216.052
---------------------------------------
Evaluation over 10 episodes: 6205.900
---------------------------------------
Total T: 991000 Episode Num: 991 Episode T: 1000 Reward: 6249.050
Total T: 992000 Episode Num: 992 Episode T: 1000 Reward: 6221.017
Total T: 993000 Episode Num: 993 Episode T: 1000 Reward: 6154.976
Total T: 994000 Episode Num: 994 Episode T: 1000 Reward: 6174.296
Total T: 995000 Episode Num: 995 Episode T: 1000 Reward: 6152.282
---------------------------------------
Evaluation over 10 episodes: 6138.604
---------------------------------------
Total T: 996000 Episode Num: 996 Episode T: 1000 Reward: 6195.873
Total T: 997000 Episode Num: 997 Episode T: 1000 Reward: 6205.051
Total T: 998000 Episode Num: 998 Episode T: 1000 Reward: 6092.621
Total T: 999000 Episode Num: 999 Episode T: 1000 Reward: 6257.792
Total T: 1000000 Episode Num: 1000 Episode T: 1000 Reward: 6099.472
---------------------------------------
Evaluation over 10 episodes: 6224.683
---------------------------------------
