---------------------------------------
Policy: TD3, Env: HalfCheetah-v2, Seed: 0
---------------------------------------
---------------------------------------
Evaluation over 10 episodes: -1.043
---------------------------------------
Total T: 1000 Episode Num: 1 Episode T: 1000 Reward: -291.898
Total T: 2000 Episode Num: 2 Episode T: 1000 Reward: -124.045
Total T: 3000 Episode Num: 3 Episode T: 1000 Reward: -302.494
Total T: 4000 Episode Num: 4 Episode T: 1000 Reward: -283.653
Total T: 5000 Episode Num: 5 Episode T: 1000 Reward: -194.800
---------------------------------------
Evaluation over 10 episodes: -1.013
---------------------------------------
Total T: 6000 Episode Num: 6 Episode T: 1000 Reward: -410.451
Total T: 7000 Episode Num: 7 Episode T: 1000 Reward: -308.098
Total T: 8000 Episode Num: 8 Episode T: 1000 Reward: -366.158
Total T: 9000 Episode Num: 9 Episode T: 1000 Reward: -225.878
Total T: 10000 Episode Num: 10 Episode T: 1000 Reward: -296.224
---------------------------------------
Evaluation over 10 episodes: -0.991
---------------------------------------
Total T: 11000 Episode Num: 11 Episode T: 1000 Reward: -232.157
Total T: 12000 Episode Num: 12 Episode T: 1000 Reward: -213.194
Total T: 13000 Episode Num: 13 Episode T: 1000 Reward: -239.179
Total T: 14000 Episode Num: 14 Episode T: 1000 Reward: -333.922
Total T: 15000 Episode Num: 15 Episode T: 1000 Reward: -232.961
---------------------------------------
Evaluation over 10 episodes: -1.025
---------------------------------------
Total T: 16000 Episode Num: 16 Episode T: 1000 Reward: -167.681
Total T: 17000 Episode Num: 17 Episode T: 1000 Reward: -408.670
Total T: 18000 Episode Num: 18 Episode T: 1000 Reward: -401.657
Total T: 19000 Episode Num: 19 Episode T: 1000 Reward: -194.052
Total T: 20000 Episode Num: 20 Episode T: 1000 Reward: -206.805
---------------------------------------
Evaluation over 10 episodes: -0.987
---------------------------------------
Total T: 21000 Episode Num: 21 Episode T: 1000 Reward: -294.929
Total T: 22000 Episode Num: 22 Episode T: 1000 Reward: -246.067
Total T: 23000 Episode Num: 23 Episode T: 1000 Reward: -238.876
Total T: 24000 Episode Num: 24 Episode T: 1000 Reward: -248.134
Total T: 25000 Episode Num: 25 Episode T: 1000 Reward: -103.855
---------------------------------------
Evaluation over 10 episodes: -0.999
---------------------------------------
Total T: 26000 Episode Num: 26 Episode T: 1000 Reward: -289.829
Total T: 27000 Episode Num: 27 Episode T: 1000 Reward: -325.227
Total T: 28000 Episode Num: 28 Episode T: 1000 Reward: -338.090
Total T: 29000 Episode Num: 29 Episode T: 1000 Reward: -351.690
Total T: 30000 Episode Num: 30 Episode T: 1000 Reward: -324.735
---------------------------------------
Evaluation over 10 episodes: -406.976
---------------------------------------
Total T: 31000 Episode Num: 31 Episode T: 1000 Reward: -132.831
Total T: 32000 Episode Num: 32 Episode T: 1000 Reward: -109.064
Total T: 33000 Episode Num: 33 Episode T: 1000 Reward: -146.986
Total T: 34000 Episode Num: 34 Episode T: 1000 Reward: -359.086
Total T: 35000 Episode Num: 35 Episode T: 1000 Reward: -190.374
---------------------------------------
Evaluation over 10 episodes: -166.715
---------------------------------------
Total T: 36000 Episode Num: 36 Episode T: 1000 Reward: -141.780
Total T: 37000 Episode Num: 37 Episode T: 1000 Reward: -256.400
Total T: 38000 Episode Num: 38 Episode T: 1000 Reward: -116.424
Total T: 39000 Episode Num: 39 Episode T: 1000 Reward: 394.107
Total T: 40000 Episode Num: 40 Episode T: 1000 Reward: -66.624
---------------------------------------
Evaluation over 10 episodes: 58.223
---------------------------------------
Total T: 41000 Episode Num: 41 Episode T: 1000 Reward: -117.211
Total T: 42000 Episode Num: 42 Episode T: 1000 Reward: 5.892
Total T: 43000 Episode Num: 43 Episode T: 1000 Reward: 156.008
Total T: 44000 Episode Num: 44 Episode T: 1000 Reward: 436.224
Total T: 45000 Episode Num: 45 Episode T: 1000 Reward: 643.944
---------------------------------------
Evaluation over 10 episodes: 1177.627
---------------------------------------
Total T: 46000 Episode Num: 46 Episode T: 1000 Reward: 1410.007
Total T: 47000 Episode Num: 47 Episode T: 1000 Reward: 950.965
Total T: 48000 Episode Num: 48 Episode T: 1000 Reward: 1575.142
Total T: 49000 Episode Num: 49 Episode T: 1000 Reward: 1765.898
Total T: 50000 Episode Num: 50 Episode T: 1000 Reward: 1895.394
---------------------------------------
Evaluation over 10 episodes: 1664.241
---------------------------------------
Total T: 51000 Episode Num: 51 Episode T: 1000 Reward: 1757.758
Total T: 52000 Episode Num: 52 Episode T: 1000 Reward: 1960.704
Total T: 53000 Episode Num: 53 Episode T: 1000 Reward: 2139.817
Total T: 54000 Episode Num: 54 Episode T: 1000 Reward: 2081.343
Total T: 55000 Episode Num: 55 Episode T: 1000 Reward: 1855.919
---------------------------------------
Evaluation over 10 episodes: 2154.913
---------------------------------------
Total T: 56000 Episode Num: 56 Episode T: 1000 Reward: 2315.633
Total T: 57000 Episode Num: 57 Episode T: 1000 Reward: 2115.928
Total T: 58000 Episode Num: 58 Episode T: 1000 Reward: 2265.352
Total T: 59000 Episode Num: 59 Episode T: 1000 Reward: 2631.690
Total T: 60000 Episode Num: 60 Episode T: 1000 Reward: 2280.857
---------------------------------------
Evaluation over 10 episodes: 2424.672
---------------------------------------
Total T: 61000 Episode Num: 61 Episode T: 1000 Reward: 2811.548
Total T: 62000 Episode Num: 62 Episode T: 1000 Reward: 2560.995
Total T: 63000 Episode Num: 63 Episode T: 1000 Reward: 2839.013
Total T: 64000 Episode Num: 64 Episode T: 1000 Reward: 3150.931
Total T: 65000 Episode Num: 65 Episode T: 1000 Reward: 2728.905
---------------------------------------
Evaluation over 10 episodes: 2592.330
---------------------------------------
Total T: 66000 Episode Num: 66 Episode T: 1000 Reward: 2984.259
Total T: 67000 Episode Num: 67 Episode T: 1000 Reward: 3140.980
Total T: 68000 Episode Num: 68 Episode T: 1000 Reward: 3250.731
Total T: 69000 Episode Num: 69 Episode T: 1000 Reward: 3180.366
Total T: 70000 Episode Num: 70 Episode T: 1000 Reward: 3325.839
---------------------------------------
Evaluation over 10 episodes: 3304.173
---------------------------------------
Total T: 71000 Episode Num: 71 Episode T: 1000 Reward: 3257.701
Total T: 72000 Episode Num: 72 Episode T: 1000 Reward: 3505.355
Total T: 73000 Episode Num: 73 Episode T: 1000 Reward: 3258.555
Total T: 74000 Episode Num: 74 Episode T: 1000 Reward: 3620.699
Total T: 75000 Episode Num: 75 Episode T: 1000 Reward: 3459.966
---------------------------------------
Evaluation over 10 episodes: 3365.688
---------------------------------------
Total T: 76000 Episode Num: 76 Episode T: 1000 Reward: 3364.281
Total T: 77000 Episode Num: 77 Episode T: 1000 Reward: 3578.506
Total T: 78000 Episode Num: 78 Episode T: 1000 Reward: 3432.112
Total T: 79000 Episode Num: 79 Episode T: 1000 Reward: 3501.573
Total T: 80000 Episode Num: 80 Episode T: 1000 Reward: 3595.427
---------------------------------------
Evaluation over 10 episodes: 3514.372
---------------------------------------
Total T: 81000 Episode Num: 81 Episode T: 1000 Reward: 3353.273
Total T: 82000 Episode Num: 82 Episode T: 1000 Reward: 3659.471
Total T: 83000 Episode Num: 83 Episode T: 1000 Reward: 3486.246
Total T: 84000 Episode Num: 84 Episode T: 1000 Reward: 3665.863
Total T: 85000 Episode Num: 85 Episode T: 1000 Reward: 3589.418
---------------------------------------
Evaluation over 10 episodes: 3664.905
---------------------------------------
Total T: 86000 Episode Num: 86 Episode T: 1000 Reward: 3779.431
Total T: 87000 Episode Num: 87 Episode T: 1000 Reward: 3735.846
Total T: 88000 Episode Num: 88 Episode T: 1000 Reward: 3657.604
Total T: 89000 Episode Num: 89 Episode T: 1000 Reward: 3580.038
Total T: 90000 Episode Num: 90 Episode T: 1000 Reward: 3815.115
---------------------------------------
Evaluation over 10 episodes: 3820.922
---------------------------------------
Total T: 91000 Episode Num: 91 Episode T: 1000 Reward: 3872.627
Total T: 92000 Episode Num: 92 Episode T: 1000 Reward: 3789.350
Total T: 93000 Episode Num: 93 Episode T: 1000 Reward: 3890.678
Total T: 94000 Episode Num: 94 Episode T: 1000 Reward: 3599.263
Total T: 95000 Episode Num: 95 Episode T: 1000 Reward: 3600.065
---------------------------------------
Evaluation over 10 episodes: 3752.050
---------------------------------------
Total T: 96000 Episode Num: 96 Episode T: 1000 Reward: 3595.515
Total T: 97000 Episode Num: 97 Episode T: 1000 Reward: 3769.937
Total T: 98000 Episode Num: 98 Episode T: 1000 Reward: 3721.565
Total T: 99000 Episode Num: 99 Episode T: 1000 Reward: 3770.957
Total T: 100000 Episode Num: 100 Episode T: 1000 Reward: 3835.964
---------------------------------------
Evaluation over 10 episodes: 3887.062
---------------------------------------
Total T: 101000 Episode Num: 101 Episode T: 1000 Reward: 3877.100
Total T: 102000 Episode Num: 102 Episode T: 1000 Reward: 3714.186
Total T: 103000 Episode Num: 103 Episode T: 1000 Reward: 4034.171
Total T: 104000 Episode Num: 104 Episode T: 1000 Reward: 4165.570
Total T: 105000 Episode Num: 105 Episode T: 1000 Reward: 3950.380
---------------------------------------
Evaluation over 10 episodes: 3848.883
---------------------------------------
Total T: 106000 Episode Num: 106 Episode T: 1000 Reward: 3746.352
Total T: 107000 Episode Num: 107 Episode T: 1000 Reward: 3715.030
Total T: 108000 Episode Num: 108 Episode T: 1000 Reward: 3737.593
Total T: 109000 Episode Num: 109 Episode T: 1000 Reward: 3777.430
Total T: 110000 Episode Num: 110 Episode T: 1000 Reward: 3911.830
---------------------------------------
Evaluation over 10 episodes: 4113.030
---------------------------------------
Total T: 111000 Episode Num: 111 Episode T: 1000 Reward: 3748.143
Total T: 112000 Episode Num: 112 Episode T: 1000 Reward: 3995.722
Total T: 113000 Episode Num: 113 Episode T: 1000 Reward: 3989.350
Total T: 114000 Episode Num: 114 Episode T: 1000 Reward: 3932.363
Total T: 115000 Episode Num: 115 Episode T: 1000 Reward: 3902.076
---------------------------------------
Evaluation over 10 episodes: 4034.676
---------------------------------------
Total T: 116000 Episode Num: 116 Episode T: 1000 Reward: 4054.939
Total T: 117000 Episode Num: 117 Episode T: 1000 Reward: 4085.857
Total T: 118000 Episode Num: 118 Episode T: 1000 Reward: 4098.844
Total T: 119000 Episode Num: 119 Episode T: 1000 Reward: 4283.928
Total T: 120000 Episode Num: 120 Episode T: 1000 Reward: 4255.834
---------------------------------------
Evaluation over 10 episodes: 4138.388
---------------------------------------
Total T: 121000 Episode Num: 121 Episode T: 1000 Reward: 3990.102
Total T: 122000 Episode Num: 122 Episode T: 1000 Reward: 4069.310
Total T: 123000 Episode Num: 123 Episode T: 1000 Reward: 4056.352
Total T: 124000 Episode Num: 124 Episode T: 1000 Reward: 4158.577
Total T: 125000 Episode Num: 125 Episode T: 1000 Reward: 4180.895
---------------------------------------
Evaluation over 10 episodes: 4072.046
---------------------------------------
Total T: 126000 Episode Num: 126 Episode T: 1000 Reward: 3911.798
Total T: 127000 Episode Num: 127 Episode T: 1000 Reward: 4234.302
Total T: 128000 Episode Num: 128 Episode T: 1000 Reward: 4035.794
Total T: 129000 Episode Num: 129 Episode T: 1000 Reward: 4362.421
Total T: 130000 Episode Num: 130 Episode T: 1000 Reward: 4227.610
---------------------------------------
Evaluation over 10 episodes: 4235.259
---------------------------------------
Total T: 131000 Episode Num: 131 Episode T: 1000 Reward: 4383.591
Total T: 132000 Episode Num: 132 Episode T: 1000 Reward: 4242.151
Total T: 133000 Episode Num: 133 Episode T: 1000 Reward: 4251.411
Total T: 134000 Episode Num: 134 Episode T: 1000 Reward: 4341.781
Total T: 135000 Episode Num: 135 Episode T: 1000 Reward: 4289.852
---------------------------------------
Evaluation over 10 episodes: 3852.375
---------------------------------------
Total T: 136000 Episode Num: 136 Episode T: 1000 Reward: 4364.450
Total T: 137000 Episode Num: 137 Episode T: 1000 Reward: 4176.868
Total T: 138000 Episode Num: 138 Episode T: 1000 Reward: 4210.942
Total T: 139000 Episode Num: 139 Episode T: 1000 Reward: 4398.820
Total T: 140000 Episode Num: 140 Episode T: 1000 Reward: 4196.161
---------------------------------------
Evaluation over 10 episodes: 4145.755
---------------------------------------
Total T: 141000 Episode Num: 141 Episode T: 1000 Reward: 393.812
Total T: 142000 Episode Num: 142 Episode T: 1000 Reward: 4293.553
Total T: 143000 Episode Num: 143 Episode T: 1000 Reward: 4351.893
Total T: 144000 Episode Num: 144 Episode T: 1000 Reward: 3249.210
Total T: 145000 Episode Num: 145 Episode T: 1000 Reward: 4337.585
---------------------------------------
Evaluation over 10 episodes: 4369.610
---------------------------------------
Total T: 146000 Episode Num: 146 Episode T: 1000 Reward: 4467.630
Total T: 147000 Episode Num: 147 Episode T: 1000 Reward: 4426.114
Total T: 148000 Episode Num: 148 Episode T: 1000 Reward: 4462.132
Total T: 149000 Episode Num: 149 Episode T: 1000 Reward: 4432.408
Total T: 150000 Episode Num: 150 Episode T: 1000 Reward: 4396.590
---------------------------------------
Evaluation over 10 episodes: 4403.087
---------------------------------------
Total T: 151000 Episode Num: 151 Episode T: 1000 Reward: 4316.640
Total T: 152000 Episode Num: 152 Episode T: 1000 Reward: 4378.678
Total T: 153000 Episode Num: 153 Episode T: 1000 Reward: 4322.513
Total T: 154000 Episode Num: 154 Episode T: 1000 Reward: 4483.613
Total T: 155000 Episode Num: 155 Episode T: 1000 Reward: 4257.289
---------------------------------------
Evaluation over 10 episodes: 4036.712
---------------------------------------
Total T: 156000 Episode Num: 156 Episode T: 1000 Reward: 4507.943
Total T: 157000 Episode Num: 157 Episode T: 1000 Reward: 4305.587
Total T: 158000 Episode Num: 158 Episode T: 1000 Reward: 4628.198
Total T: 159000 Episode Num: 159 Episode T: 1000 Reward: 4614.662
Total T: 160000 Episode Num: 160 Episode T: 1000 Reward: 4652.336
---------------------------------------
Evaluation over 10 episodes: 4700.368
---------------------------------------
Total T: 161000 Episode Num: 161 Episode T: 1000 Reward: 4662.336
Total T: 162000 Episode Num: 162 Episode T: 1000 Reward: 4800.671
Total T: 163000 Episode Num: 163 Episode T: 1000 Reward: 4562.031
Total T: 164000 Episode Num: 164 Episode T: 1000 Reward: 4577.471
Total T: 165000 Episode Num: 165 Episode T: 1000 Reward: 4545.342
---------------------------------------
Evaluation over 10 episodes: 4593.138
---------------------------------------
Total T: 166000 Episode Num: 166 Episode T: 1000 Reward: 4618.617
Total T: 167000 Episode Num: 167 Episode T: 1000 Reward: 4665.129
Total T: 168000 Episode Num: 168 Episode T: 1000 Reward: 4687.309
Total T: 169000 Episode Num: 169 Episode T: 1000 Reward: 4769.972
Total T: 170000 Episode Num: 170 Episode T: 1000 Reward: 4789.125
---------------------------------------
Evaluation over 10 episodes: 4820.555
---------------------------------------
Total T: 171000 Episode Num: 171 Episode T: 1000 Reward: 4803.959
Total T: 172000 Episode Num: 172 Episode T: 1000 Reward: 4802.508
Total T: 173000 Episode Num: 173 Episode T: 1000 Reward: 4886.774
Total T: 174000 Episode Num: 174 Episode T: 1000 Reward: 4958.209
Total T: 175000 Episode Num: 175 Episode T: 1000 Reward: 4832.372
---------------------------------------
Evaluation over 10 episodes: 4591.457
---------------------------------------
Total T: 176000 Episode Num: 176 Episode T: 1000 Reward: 4922.488
Total T: 177000 Episode Num: 177 Episode T: 1000 Reward: 4877.007
Total T: 178000 Episode Num: 178 Episode T: 1000 Reward: 4911.625
Total T: 179000 Episode Num: 179 Episode T: 1000 Reward: 5059.850
Total T: 180000 Episode Num: 180 Episode T: 1000 Reward: 4770.275
---------------------------------------
Evaluation over 10 episodes: 5147.352
---------------------------------------
Total T: 181000 Episode Num: 181 Episode T: 1000 Reward: 5116.706
Total T: 182000 Episode Num: 182 Episode T: 1000 Reward: 4947.167
Total T: 183000 Episode Num: 183 Episode T: 1000 Reward: 4911.995
Total T: 184000 Episode Num: 184 Episode T: 1000 Reward: 4990.957
Total T: 185000 Episode Num: 185 Episode T: 1000 Reward: 4928.904
---------------------------------------
Evaluation over 10 episodes: 5106.049
---------------------------------------
Total T: 186000 Episode Num: 186 Episode T: 1000 Reward: 4945.695
Total T: 187000 Episode Num: 187 Episode T: 1000 Reward: 4918.571
Total T: 188000 Episode Num: 188 Episode T: 1000 Reward: 5063.132
Total T: 189000 Episode Num: 189 Episode T: 1000 Reward: 4904.522
Total T: 190000 Episode Num: 190 Episode T: 1000 Reward: 4845.678
---------------------------------------
Evaluation over 10 episodes: 4846.417
---------------------------------------
Total T: 191000 Episode Num: 191 Episode T: 1000 Reward: 4984.923
Total T: 192000 Episode Num: 192 Episode T: 1000 Reward: 5054.004
Total T: 193000 Episode Num: 193 Episode T: 1000 Reward: 4876.657
Total T: 194000 Episode Num: 194 Episode T: 1000 Reward: 5002.805
Total T: 195000 Episode Num: 195 Episode T: 1000 Reward: 4651.958
---------------------------------------
Evaluation over 10 episodes: 5179.288
---------------------------------------
Total T: 196000 Episode Num: 196 Episode T: 1000 Reward: 5031.798
Total T: 197000 Episode Num: 197 Episode T: 1000 Reward: 4802.736
Total T: 198000 Episode Num: 198 Episode T: 1000 Reward: 5053.149
Total T: 199000 Episode Num: 199 Episode T: 1000 Reward: 5060.537
Total T: 200000 Episode Num: 200 Episode T: 1000 Reward: 5212.892
---------------------------------------
Evaluation over 10 episodes: 4971.200
---------------------------------------
Total T: 201000 Episode Num: 201 Episode T: 1000 Reward: 5185.642
Total T: 202000 Episode Num: 202 Episode T: 1000 Reward: 4975.855
Total T: 203000 Episode Num: 203 Episode T: 1000 Reward: 5089.291
Total T: 204000 Episode Num: 204 Episode T: 1000 Reward: 5027.177
Total T: 205000 Episode Num: 205 Episode T: 1000 Reward: 5119.651
---------------------------------------
Evaluation over 10 episodes: 4845.943
---------------------------------------
Total T: 206000 Episode Num: 206 Episode T: 1000 Reward: 5026.515
Total T: 207000 Episode Num: 207 Episode T: 1000 Reward: 5123.840
Total T: 208000 Episode Num: 208 Episode T: 1000 Reward: 5463.283
Total T: 209000 Episode Num: 209 Episode T: 1000 Reward: 5103.414
Total T: 210000 Episode Num: 210 Episode T: 1000 Reward: 4987.131
---------------------------------------
Evaluation over 10 episodes: 5270.314
---------------------------------------
Total T: 211000 Episode Num: 211 Episode T: 1000 Reward: 5191.132
Total T: 212000 Episode Num: 212 Episode T: 1000 Reward: 5290.251
Total T: 213000 Episode Num: 213 Episode T: 1000 Reward: 5235.977
Total T: 214000 Episode Num: 214 Episode T: 1000 Reward: 5095.422
Total T: 215000 Episode Num: 215 Episode T: 1000 Reward: 5286.232
---------------------------------------
Evaluation over 10 episodes: 5195.710
---------------------------------------
Total T: 216000 Episode Num: 216 Episode T: 1000 Reward: 5197.442
Total T: 217000 Episode Num: 217 Episode T: 1000 Reward: 5216.968
Total T: 218000 Episode Num: 218 Episode T: 1000 Reward: 5289.133
Total T: 219000 Episode Num: 219 Episode T: 1000 Reward: 5358.369
Total T: 220000 Episode Num: 220 Episode T: 1000 Reward: 5118.952
---------------------------------------
Evaluation over 10 episodes: 4922.772
---------------------------------------
Total T: 221000 Episode Num: 221 Episode T: 1000 Reward: 5345.478
Total T: 222000 Episode Num: 222 Episode T: 1000 Reward: 5088.091
Total T: 223000 Episode Num: 223 Episode T: 1000 Reward: 5286.716
Total T: 224000 Episode Num: 224 Episode T: 1000 Reward: 5347.123
Total T: 225000 Episode Num: 225 Episode T: 1000 Reward: 5269.365
---------------------------------------
Evaluation over 10 episodes: 5173.350
---------------------------------------
Total T: 226000 Episode Num: 226 Episode T: 1000 Reward: 5128.680
Total T: 227000 Episode Num: 227 Episode T: 1000 Reward: 5384.336
Total T: 228000 Episode Num: 228 Episode T: 1000 Reward: 5513.020
Total T: 229000 Episode Num: 229 Episode T: 1000 Reward: 5348.060
Total T: 230000 Episode Num: 230 Episode T: 1000 Reward: 5248.374
---------------------------------------
Evaluation over 10 episodes: 5351.509
---------------------------------------
Total T: 231000 Episode Num: 231 Episode T: 1000 Reward: 5097.492
Total T: 232000 Episode Num: 232 Episode T: 1000 Reward: 5389.549
Total T: 233000 Episode Num: 233 Episode T: 1000 Reward: 5167.238
Total T: 234000 Episode Num: 234 Episode T: 1000 Reward: 5349.485
Total T: 235000 Episode Num: 235 Episode T: 1000 Reward: 5310.589
---------------------------------------
Evaluation over 10 episodes: 5362.764
---------------------------------------
Total T: 236000 Episode Num: 236 Episode T: 1000 Reward: 5507.231
Total T: 237000 Episode Num: 237 Episode T: 1000 Reward: 5180.349
Total T: 238000 Episode Num: 238 Episode T: 1000 Reward: 5406.543
Total T: 239000 Episode Num: 239 Episode T: 1000 Reward: 5167.533
Total T: 240000 Episode Num: 240 Episode T: 1000 Reward: 5520.240
---------------------------------------
Evaluation over 10 episodes: 5462.359
---------------------------------------
Total T: 241000 Episode Num: 241 Episode T: 1000 Reward: 5495.081
Total T: 242000 Episode Num: 242 Episode T: 1000 Reward: 5226.847
Total T: 243000 Episode Num: 243 Episode T: 1000 Reward: 5496.601
Total T: 244000 Episode Num: 244 Episode T: 1000 Reward: 5476.643
Total T: 245000 Episode Num: 245 Episode T: 1000 Reward: 5468.267
---------------------------------------
Evaluation over 10 episodes: 5271.066
---------------------------------------
Total T: 246000 Episode Num: 246 Episode T: 1000 Reward: 5190.869
Total T: 247000 Episode Num: 247 Episode T: 1000 Reward: 5433.364
Total T: 248000 Episode Num: 248 Episode T: 1000 Reward: 5629.672
Total T: 249000 Episode Num: 249 Episode T: 1000 Reward: 5353.940
Total T: 250000 Episode Num: 250 Episode T: 1000 Reward: 5517.737
---------------------------------------
Evaluation over 10 episodes: 5707.539
---------------------------------------
Total T: 251000 Episode Num: 251 Episode T: 1000 Reward: 5339.834
Total T: 252000 Episode Num: 252 Episode T: 1000 Reward: 5513.752
Total T: 253000 Episode Num: 253 Episode T: 1000 Reward: 5519.795
Total T: 254000 Episode Num: 254 Episode T: 1000 Reward: 5398.558
Total T: 255000 Episode Num: 255 Episode T: 1000 Reward: 5613.827
---------------------------------------
Evaluation over 10 episodes: 5467.027
---------------------------------------
Total T: 256000 Episode Num: 256 Episode T: 1000 Reward: 5470.834
Total T: 257000 Episode Num: 257 Episode T: 1000 Reward: 5292.793
Total T: 258000 Episode Num: 258 Episode T: 1000 Reward: 5261.231
Total T: 259000 Episode Num: 259 Episode T: 1000 Reward: 5417.784
Total T: 260000 Episode Num: 260 Episode T: 1000 Reward: 5538.134
---------------------------------------
Evaluation over 10 episodes: 5345.489
---------------------------------------
Total T: 261000 Episode Num: 261 Episode T: 1000 Reward: 5445.943
Total T: 262000 Episode Num: 262 Episode T: 1000 Reward: 5466.292
Total T: 263000 Episode Num: 263 Episode T: 1000 Reward: 5458.646
Total T: 264000 Episode Num: 264 Episode T: 1000 Reward: 5495.334
Total T: 265000 Episode Num: 265 Episode T: 1000 Reward: 5518.000
---------------------------------------
Evaluation over 10 episodes: 5701.489
---------------------------------------
Total T: 266000 Episode Num: 266 Episode T: 1000 Reward: 5442.009
Total T: 267000 Episode Num: 267 Episode T: 1000 Reward: 5467.439
Total T: 268000 Episode Num: 268 Episode T: 1000 Reward: 5593.528
Total T: 269000 Episode Num: 269 Episode T: 1000 Reward: 5826.008
Total T: 270000 Episode Num: 270 Episode T: 1000 Reward: 5482.590
---------------------------------------
Evaluation over 10 episodes: 5642.755
---------------------------------------
Total T: 271000 Episode Num: 271 Episode T: 1000 Reward: 5240.456
Total T: 272000 Episode Num: 272 Episode T: 1000 Reward: 5698.923
Total T: 273000 Episode Num: 273 Episode T: 1000 Reward: 5525.603
Total T: 274000 Episode Num: 274 Episode T: 1000 Reward: 5643.592
Total T: 275000 Episode Num: 275 Episode T: 1000 Reward: 5583.649
---------------------------------------
Evaluation over 10 episodes: 5598.737
---------------------------------------
Total T: 276000 Episode Num: 276 Episode T: 1000 Reward: 5697.323
Total T: 277000 Episode Num: 277 Episode T: 1000 Reward: 5660.107
Total T: 278000 Episode Num: 278 Episode T: 1000 Reward: 5531.508
Total T: 279000 Episode Num: 279 Episode T: 1000 Reward: 5589.457
Total T: 280000 Episode Num: 280 Episode T: 1000 Reward: 5587.366
---------------------------------------
Evaluation over 10 episodes: 5437.489
---------------------------------------
Total T: 281000 Episode Num: 281 Episode T: 1000 Reward: 5497.938
Total T: 282000 Episode Num: 282 Episode T: 1000 Reward: 5463.961
Total T: 283000 Episode Num: 283 Episode T: 1000 Reward: 5210.228
Total T: 284000 Episode Num: 284 Episode T: 1000 Reward: 5760.322
Total T: 285000 Episode Num: 285 Episode T: 1000 Reward: 5422.168
---------------------------------------
Evaluation over 10 episodes: 5284.098
---------------------------------------
Total T: 286000 Episode Num: 286 Episode T: 1000 Reward: 5640.735
Total T: 287000 Episode Num: 287 Episode T: 1000 Reward: 5656.671
Total T: 288000 Episode Num: 288 Episode T: 1000 Reward: 5464.378
Total T: 289000 Episode Num: 289 Episode T: 1000 Reward: 5596.462
Total T: 290000 Episode Num: 290 Episode T: 1000 Reward: 5750.695
---------------------------------------
Evaluation over 10 episodes: 5257.978
---------------------------------------
Total T: 291000 Episode Num: 291 Episode T: 1000 Reward: 5680.878
Total T: 292000 Episode Num: 292 Episode T: 1000 Reward: 5594.148
Total T: 293000 Episode Num: 293 Episode T: 1000 Reward: 5696.887
Total T: 294000 Episode Num: 294 Episode T: 1000 Reward: 5842.285
Total T: 295000 Episode Num: 295 Episode T: 1000 Reward: 5611.673
---------------------------------------
Evaluation over 10 episodes: 5827.867
---------------------------------------
Total T: 296000 Episode Num: 296 Episode T: 1000 Reward: 5638.230
Total T: 297000 Episode Num: 297 Episode T: 1000 Reward: 5461.698
Total T: 298000 Episode Num: 298 Episode T: 1000 Reward: 5880.091
Total T: 299000 Episode Num: 299 Episode T: 1000 Reward: 5811.371
Total T: 300000 Episode Num: 300 Episode T: 1000 Reward: 5441.861
---------------------------------------
Evaluation over 10 episodes: 5957.547
---------------------------------------
Total T: 301000 Episode Num: 301 Episode T: 1000 Reward: 5864.634
Total T: 302000 Episode Num: 302 Episode T: 1000 Reward: 5734.152
Total T: 303000 Episode Num: 303 Episode T: 1000 Reward: 5623.281
Total T: 304000 Episode Num: 304 Episode T: 1000 Reward: 5669.591
Total T: 305000 Episode Num: 305 Episode T: 1000 Reward: 5558.949
---------------------------------------
Evaluation over 10 episodes: 6053.805
---------------------------------------
Total T: 306000 Episode Num: 306 Episode T: 1000 Reward: 5832.286
Total T: 307000 Episode Num: 307 Episode T: 1000 Reward: 5872.071
Total T: 308000 Episode Num: 308 Episode T: 1000 Reward: 5840.210
Total T: 309000 Episode Num: 309 Episode T: 1000 Reward: 5475.687
Total T: 310000 Episode Num: 310 Episode T: 1000 Reward: 5673.452
---------------------------------------
Evaluation over 10 episodes: 5846.037
---------------------------------------
Total T: 311000 Episode Num: 311 Episode T: 1000 Reward: 5596.199
Total T: 312000 Episode Num: 312 Episode T: 1000 Reward: 5642.897
Total T: 313000 Episode Num: 313 Episode T: 1000 Reward: 5909.202
Total T: 314000 Episode Num: 314 Episode T: 1000 Reward: 5932.628
Total T: 315000 Episode Num: 315 Episode T: 1000 Reward: 6013.928
---------------------------------------
Evaluation over 10 episodes: 6036.293
---------------------------------------
Total T: 316000 Episode Num: 316 Episode T: 1000 Reward: 5713.030
Total T: 317000 Episode Num: 317 Episode T: 1000 Reward: 5765.811
Total T: 318000 Episode Num: 318 Episode T: 1000 Reward: 5783.461
Total T: 319000 Episode Num: 319 Episode T: 1000 Reward: 5792.616
Total T: 320000 Episode Num: 320 Episode T: 1000 Reward: 5833.199
---------------------------------------
Evaluation over 10 episodes: 5635.976
---------------------------------------
Total T: 321000 Episode Num: 321 Episode T: 1000 Reward: 5927.493
Total T: 322000 Episode Num: 322 Episode T: 1000 Reward: 6012.189
Total T: 323000 Episode Num: 323 Episode T: 1000 Reward: 5529.556
Total T: 324000 Episode Num: 324 Episode T: 1000 Reward: 5941.594
Total T: 325000 Episode Num: 325 Episode T: 1000 Reward: 5695.466
---------------------------------------
Evaluation over 10 episodes: 5215.150
---------------------------------------
Total T: 326000 Episode Num: 326 Episode T: 1000 Reward: 5923.278
Total T: 327000 Episode Num: 327 Episode T: 1000 Reward: 5756.719
Total T: 328000 Episode Num: 328 Episode T: 1000 Reward: 5664.940
Total T: 329000 Episode Num: 329 Episode T: 1000 Reward: 5905.198
Total T: 330000 Episode Num: 330 Episode T: 1000 Reward: 5832.655
---------------------------------------
Evaluation over 10 episodes: 5898.377
---------------------------------------
Total T: 331000 Episode Num: 331 Episode T: 1000 Reward: 5903.586
Total T: 332000 Episode Num: 332 Episode T: 1000 Reward: 5743.726
Total T: 333000 Episode Num: 333 Episode T: 1000 Reward: 6015.849
Total T: 334000 Episode Num: 334 Episode T: 1000 Reward: 5848.783
Total T: 335000 Episode Num: 335 Episode T: 1000 Reward: 5970.896
---------------------------------------
Evaluation over 10 episodes: 5753.984
---------------------------------------
Total T: 336000 Episode Num: 336 Episode T: 1000 Reward: 5837.280
Total T: 337000 Episode Num: 337 Episode T: 1000 Reward: 5759.016
Total T: 338000 Episode Num: 338 Episode T: 1000 Reward: 5781.495
Total T: 339000 Episode Num: 339 Episode T: 1000 Reward: 5673.626
Total T: 340000 Episode Num: 340 Episode T: 1000 Reward: 5936.280
---------------------------------------
Evaluation over 10 episodes: 5386.493
---------------------------------------
Total T: 341000 Episode Num: 341 Episode T: 1000 Reward: 5847.757
Total T: 342000 Episode Num: 342 Episode T: 1000 Reward: 5874.043
Total T: 343000 Episode Num: 343 Episode T: 1000 Reward: 5859.621
Total T: 344000 Episode Num: 344 Episode T: 1000 Reward: 5806.267
Total T: 345000 Episode Num: 345 Episode T: 1000 Reward: 5688.453
---------------------------------------
Evaluation over 10 episodes: 5960.823
---------------------------------------
Total T: 346000 Episode Num: 346 Episode T: 1000 Reward: 5939.896
Total T: 347000 Episode Num: 347 Episode T: 1000 Reward: 5856.992
Total T: 348000 Episode Num: 348 Episode T: 1000 Reward: 5891.786
Total T: 349000 Episode Num: 349 Episode T: 1000 Reward: 5861.247
Total T: 350000 Episode Num: 350 Episode T: 1000 Reward: 5985.019
---------------------------------------
Evaluation over 10 episodes: 5956.830
---------------------------------------
Total T: 351000 Episode Num: 351 Episode T: 1000 Reward: 5772.814
Total T: 352000 Episode Num: 352 Episode T: 1000 Reward: 5799.038
Total T: 353000 Episode Num: 353 Episode T: 1000 Reward: 5944.302
Total T: 354000 Episode Num: 354 Episode T: 1000 Reward: 5844.780
Total T: 355000 Episode Num: 355 Episode T: 1000 Reward: 6011.143
---------------------------------------
Evaluation over 10 episodes: 6065.651
---------------------------------------
Total T: 356000 Episode Num: 356 Episode T: 1000 Reward: 6114.313
Total T: 357000 Episode Num: 357 Episode T: 1000 Reward: 5966.392
Total T: 358000 Episode Num: 358 Episode T: 1000 Reward: 5966.887
Total T: 359000 Episode Num: 359 Episode T: 1000 Reward: 5888.080
Total T: 360000 Episode Num: 360 Episode T: 1000 Reward: 6096.052
---------------------------------------
Evaluation over 10 episodes: 6323.798
---------------------------------------
Total T: 361000 Episode Num: 361 Episode T: 1000 Reward: 5772.675
Total T: 362000 Episode Num: 362 Episode T: 1000 Reward: 6043.579
Total T: 363000 Episode Num: 363 Episode T: 1000 Reward: 5951.269
Total T: 364000 Episode Num: 364 Episode T: 1000 Reward: 5979.276
Total T: 365000 Episode Num: 365 Episode T: 1000 Reward: 6145.564
---------------------------------------
Evaluation over 10 episodes: 6400.905
---------------------------------------
Total T: 366000 Episode Num: 366 Episode T: 1000 Reward: 5876.080
Total T: 367000 Episode Num: 367 Episode T: 1000 Reward: 6087.056
Total T: 368000 Episode Num: 368 Episode T: 1000 Reward: 6130.442
Total T: 369000 Episode Num: 369 Episode T: 1000 Reward: 5909.201
Total T: 370000 Episode Num: 370 Episode T: 1000 Reward: 5995.073
---------------------------------------
Evaluation over 10 episodes: 6212.002
---------------------------------------
Total T: 371000 Episode Num: 371 Episode T: 1000 Reward: 6156.400
Total T: 372000 Episode Num: 372 Episode T: 1000 Reward: 6225.304
Total T: 373000 Episode Num: 373 Episode T: 1000 Reward: 5941.542
Total T: 374000 Episode Num: 374 Episode T: 1000 Reward: 5837.255
Total T: 375000 Episode Num: 375 Episode T: 1000 Reward: 5942.573
---------------------------------------
Evaluation over 10 episodes: 6146.543
---------------------------------------
Total T: 376000 Episode Num: 376 Episode T: 1000 Reward: 6001.147
Total T: 377000 Episode Num: 377 Episode T: 1000 Reward: 6309.794
Total T: 378000 Episode Num: 378 Episode T: 1000 Reward: 6107.016
Total T: 379000 Episode Num: 379 Episode T: 1000 Reward: 6052.259
Total T: 380000 Episode Num: 380 Episode T: 1000 Reward: 5985.727
---------------------------------------
Evaluation over 10 episodes: 6196.356
---------------------------------------
Total T: 381000 Episode Num: 381 Episode T: 1000 Reward: 5791.649
Total T: 382000 Episode Num: 382 Episode T: 1000 Reward: 6211.719
Total T: 383000 Episode Num: 383 Episode T: 1000 Reward: 6109.662
Total T: 384000 Episode Num: 384 Episode T: 1000 Reward: 6125.527
Total T: 385000 Episode Num: 385 Episode T: 1000 Reward: 6115.625
---------------------------------------
Evaluation over 10 episodes: 6040.542
---------------------------------------
Total T: 386000 Episode Num: 386 Episode T: 1000 Reward: 5965.330
Total T: 387000 Episode Num: 387 Episode T: 1000 Reward: 6130.336
Total T: 388000 Episode Num: 388 Episode T: 1000 Reward: 6170.900
Total T: 389000 Episode Num: 389 Episode T: 1000 Reward: 6328.447
Total T: 390000 Episode Num: 390 Episode T: 1000 Reward: 6007.781
---------------------------------------
Evaluation over 10 episodes: 6373.134
---------------------------------------
Total T: 391000 Episode Num: 391 Episode T: 1000 Reward: 6130.712
Total T: 392000 Episode Num: 392 Episode T: 1000 Reward: 6138.381
Total T: 393000 Episode Num: 393 Episode T: 1000 Reward: 6091.630
Total T: 394000 Episode Num: 394 Episode T: 1000 Reward: 6333.215
Total T: 395000 Episode Num: 395 Episode T: 1000 Reward: 5990.759
---------------------------------------
Evaluation over 10 episodes: 6313.011
---------------------------------------
Total T: 396000 Episode Num: 396 Episode T: 1000 Reward: 6043.177
Total T: 397000 Episode Num: 397 Episode T: 1000 Reward: 6419.765
Total T: 398000 Episode Num: 398 Episode T: 1000 Reward: 6236.053
Total T: 399000 Episode Num: 399 Episode T: 1000 Reward: 6021.423
Total T: 400000 Episode Num: 400 Episode T: 1000 Reward: 5986.864
---------------------------------------
Evaluation over 10 episodes: 6188.507
---------------------------------------
Total T: 401000 Episode Num: 401 Episode T: 1000 Reward: 6076.879
Total T: 402000 Episode Num: 402 Episode T: 1000 Reward: 6264.884
Total T: 403000 Episode Num: 403 Episode T: 1000 Reward: 6327.562
Total T: 404000 Episode Num: 404 Episode T: 1000 Reward: 6279.967
Total T: 405000 Episode Num: 405 Episode T: 1000 Reward: 6295.710
---------------------------------------
Evaluation over 10 episodes: 6218.864
---------------------------------------
Total T: 406000 Episode Num: 406 Episode T: 1000 Reward: 6009.820
Total T: 407000 Episode Num: 407 Episode T: 1000 Reward: 6409.661
Total T: 408000 Episode Num: 408 Episode T: 1000 Reward: 6040.930
Total T: 409000 Episode Num: 409 Episode T: 1000 Reward: 6208.773
Total T: 410000 Episode Num: 410 Episode T: 1000 Reward: 6226.416
---------------------------------------
Evaluation over 10 episodes: 6198.388
---------------------------------------
Total T: 411000 Episode Num: 411 Episode T: 1000 Reward: 6342.569
Total T: 412000 Episode Num: 412 Episode T: 1000 Reward: 6242.156
Total T: 413000 Episode Num: 413 Episode T: 1000 Reward: 1757.955
Total T: 414000 Episode Num: 414 Episode T: 1000 Reward: 6235.088
Total T: 415000 Episode Num: 415 Episode T: 1000 Reward: 6197.506
---------------------------------------
Evaluation over 10 episodes: 6380.890
---------------------------------------
Total T: 416000 Episode Num: 416 Episode T: 1000 Reward: 6247.738
Total T: 417000 Episode Num: 417 Episode T: 1000 Reward: 6113.031
Total T: 418000 Episode Num: 418 Episode T: 1000 Reward: 6323.463
Total T: 419000 Episode Num: 419 Episode T: 1000 Reward: 6323.211
Total T: 420000 Episode Num: 420 Episode T: 1000 Reward: 6440.224
---------------------------------------
Evaluation over 10 episodes: 5762.353
---------------------------------------
Total T: 421000 Episode Num: 421 Episode T: 1000 Reward: 6444.476
Total T: 422000 Episode Num: 422 Episode T: 1000 Reward: 6291.385
Total T: 423000 Episode Num: 423 Episode T: 1000 Reward: 6322.750
Total T: 424000 Episode Num: 424 Episode T: 1000 Reward: 6304.920
Total T: 425000 Episode Num: 425 Episode T: 1000 Reward: 6403.410
---------------------------------------
Evaluation over 10 episodes: 6090.199
---------------------------------------
Total T: 426000 Episode Num: 426 Episode T: 1000 Reward: 6305.771
Total T: 427000 Episode Num: 427 Episode T: 1000 Reward: 6267.749
Total T: 428000 Episode Num: 428 Episode T: 1000 Reward: 6312.988
Total T: 429000 Episode Num: 429 Episode T: 1000 Reward: 6182.317
Total T: 430000 Episode Num: 430 Episode T: 1000 Reward: 6309.317
---------------------------------------
Evaluation over 10 episodes: 6592.740
---------------------------------------
Total T: 431000 Episode Num: 431 Episode T: 1000 Reward: 6317.290
Total T: 432000 Episode Num: 432 Episode T: 1000 Reward: 6525.365
Total T: 433000 Episode Num: 433 Episode T: 1000 Reward: 6444.382
Total T: 434000 Episode Num: 434 Episode T: 1000 Reward: 6348.270
Total T: 435000 Episode Num: 435 Episode T: 1000 Reward: 6327.852
---------------------------------------
Evaluation over 10 episodes: 6605.588
---------------------------------------
Total T: 436000 Episode Num: 436 Episode T: 1000 Reward: 6397.728
Total T: 437000 Episode Num: 437 Episode T: 1000 Reward: 6376.531
Total T: 438000 Episode Num: 438 Episode T: 1000 Reward: 6449.486
Total T: 439000 Episode Num: 439 Episode T: 1000 Reward: 6317.043
Total T: 440000 Episode Num: 440 Episode T: 1000 Reward: 6496.668
---------------------------------------
Evaluation over 10 episodes: 6685.032
---------------------------------------
Total T: 441000 Episode Num: 441 Episode T: 1000 Reward: 6427.901
Total T: 442000 Episode Num: 442 Episode T: 1000 Reward: 6226.794
Total T: 443000 Episode Num: 443 Episode T: 1000 Reward: 6758.996
Total T: 444000 Episode Num: 444 Episode T: 1000 Reward: 6572.248
Total T: 445000 Episode Num: 445 Episode T: 1000 Reward: 6345.080
---------------------------------------
Evaluation over 10 episodes: 6606.917
---------------------------------------
Total T: 446000 Episode Num: 446 Episode T: 1000 Reward: 6434.209
Total T: 447000 Episode Num: 447 Episode T: 1000 Reward: 6441.373
Total T: 448000 Episode Num: 448 Episode T: 1000 Reward: 6696.285
Total T: 449000 Episode Num: 449 Episode T: 1000 Reward: 5309.508
Total T: 450000 Episode Num: 450 Episode T: 1000 Reward: 6503.701
---------------------------------------
Evaluation over 10 episodes: 6344.120
---------------------------------------
Total T: 451000 Episode Num: 451 Episode T: 1000 Reward: 6286.130
Total T: 452000 Episode Num: 452 Episode T: 1000 Reward: 6483.128
Total T: 453000 Episode Num: 453 Episode T: 1000 Reward: 6540.109
Total T: 454000 Episode Num: 454 Episode T: 1000 Reward: 6519.817
Total T: 455000 Episode Num: 455 Episode T: 1000 Reward: 6466.731
---------------------------------------
Evaluation over 10 episodes: 6669.717
---------------------------------------
Total T: 456000 Episode Num: 456 Episode T: 1000 Reward: 6354.930
Total T: 457000 Episode Num: 457 Episode T: 1000 Reward: 6313.884
Total T: 458000 Episode Num: 458 Episode T: 1000 Reward: 6134.737
Total T: 459000 Episode Num: 459 Episode T: 1000 Reward: 6431.034
Total T: 460000 Episode Num: 460 Episode T: 1000 Reward: 6621.266
---------------------------------------
Evaluation over 10 episodes: 6824.076
---------------------------------------
Total T: 461000 Episode Num: 461 Episode T: 1000 Reward: 6322.834
Total T: 462000 Episode Num: 462 Episode T: 1000 Reward: 6633.426
Total T: 463000 Episode Num: 463 Episode T: 1000 Reward: 6529.797
Total T: 464000 Episode Num: 464 Episode T: 1000 Reward: 6423.910
Total T: 465000 Episode Num: 465 Episode T: 1000 Reward: 6377.073
---------------------------------------
Evaluation over 10 episodes: 6104.429
---------------------------------------
Total T: 466000 Episode Num: 466 Episode T: 1000 Reward: 6368.435
Total T: 467000 Episode Num: 467 Episode T: 1000 Reward: 6645.145
Total T: 468000 Episode Num: 468 Episode T: 1000 Reward: 6386.523
Total T: 469000 Episode Num: 469 Episode T: 1000 Reward: 6642.539
Total T: 470000 Episode Num: 470 Episode T: 1000 Reward: 6469.044
---------------------------------------
Evaluation over 10 episodes: 6512.688
---------------------------------------
Total T: 471000 Episode Num: 471 Episode T: 1000 Reward: 6534.892
Total T: 472000 Episode Num: 472 Episode T: 1000 Reward: 6443.542
Total T: 473000 Episode Num: 473 Episode T: 1000 Reward: 6616.359
Total T: 474000 Episode Num: 474 Episode T: 1000 Reward: 6493.556
Total T: 475000 Episode Num: 475 Episode T: 1000 Reward: 6472.480
---------------------------------------
Evaluation over 10 episodes: 6912.705
---------------------------------------
Total T: 476000 Episode Num: 476 Episode T: 1000 Reward: 6486.422
Total T: 477000 Episode Num: 477 Episode T: 1000 Reward: 6364.061
Total T: 478000 Episode Num: 478 Episode T: 1000 Reward: 6585.402
Total T: 479000 Episode Num: 479 Episode T: 1000 Reward: 6843.279
Total T: 480000 Episode Num: 480 Episode T: 1000 Reward: 6429.539
---------------------------------------
Evaluation over 10 episodes: 6829.492
---------------------------------------
Total T: 481000 Episode Num: 481 Episode T: 1000 Reward: 6582.634
Total T: 482000 Episode Num: 482 Episode T: 1000 Reward: 6552.725
Total T: 483000 Episode Num: 483 Episode T: 1000 Reward: 6605.050
Total T: 484000 Episode Num: 484 Episode T: 1000 Reward: 6538.737
Total T: 485000 Episode Num: 485 Episode T: 1000 Reward: 6406.534
---------------------------------------
Evaluation over 10 episodes: 6614.623
---------------------------------------
Total T: 486000 Episode Num: 486 Episode T: 1000 Reward: 6575.458
Total T: 487000 Episode Num: 487 Episode T: 1000 Reward: 6397.704
Total T: 488000 Episode Num: 488 Episode T: 1000 Reward: 6766.064
Total T: 489000 Episode Num: 489 Episode T: 1000 Reward: 6429.302
Total T: 490000 Episode Num: 490 Episode T: 1000 Reward: 6700.622
---------------------------------------
Evaluation over 10 episodes: 6227.542
---------------------------------------
Total T: 491000 Episode Num: 491 Episode T: 1000 Reward: 6675.988
Total T: 492000 Episode Num: 492 Episode T: 1000 Reward: 6683.654
Total T: 493000 Episode Num: 493 Episode T: 1000 Reward: 6563.789
Total T: 494000 Episode Num: 494 Episode T: 1000 Reward: 6480.155
Total T: 495000 Episode Num: 495 Episode T: 1000 Reward: 6644.924
---------------------------------------
Evaluation over 10 episodes: 6765.123
---------------------------------------
Total T: 496000 Episode Num: 496 Episode T: 1000 Reward: 6584.148
Total T: 497000 Episode Num: 497 Episode T: 1000 Reward: 6704.795
Total T: 498000 Episode Num: 498 Episode T: 1000 Reward: 6438.278
Total T: 499000 Episode Num: 499 Episode T: 1000 Reward: 6814.932
Total T: 500000 Episode Num: 500 Episode T: 1000 Reward: 6759.499
---------------------------------------
Evaluation over 10 episodes: 5994.221
---------------------------------------
Total T: 501000 Episode Num: 501 Episode T: 1000 Reward: 6830.678
Total T: 502000 Episode Num: 502 Episode T: 1000 Reward: 6802.901
Total T: 503000 Episode Num: 503 Episode T: 1000 Reward: 6741.034
Total T: 504000 Episode Num: 504 Episode T: 1000 Reward: 6626.844
Total T: 505000 Episode Num: 505 Episode T: 1000 Reward: 6754.877
---------------------------------------
Evaluation over 10 episodes: 6883.397
---------------------------------------
Total T: 506000 Episode Num: 506 Episode T: 1000 Reward: 6524.511
Total T: 507000 Episode Num: 507 Episode T: 1000 Reward: 6730.897
Total T: 508000 Episode Num: 508 Episode T: 1000 Reward: 7041.973
Total T: 509000 Episode Num: 509 Episode T: 1000 Reward: 6732.642
Total T: 510000 Episode Num: 510 Episode T: 1000 Reward: 6656.348
---------------------------------------
Evaluation over 10 episodes: 6715.283
---------------------------------------
Total T: 511000 Episode Num: 511 Episode T: 1000 Reward: 6658.270
Total T: 512000 Episode Num: 512 Episode T: 1000 Reward: 6762.414
Total T: 513000 Episode Num: 513 Episode T: 1000 Reward: 6539.452
Total T: 514000 Episode Num: 514 Episode T: 1000 Reward: 6793.735
Total T: 515000 Episode Num: 515 Episode T: 1000 Reward: 6707.431
---------------------------------------
Evaluation over 10 episodes: 7014.010
---------------------------------------
Total T: 516000 Episode Num: 516 Episode T: 1000 Reward: 6736.664
Total T: 517000 Episode Num: 517 Episode T: 1000 Reward: 6645.643
Total T: 518000 Episode Num: 518 Episode T: 1000 Reward: 6962.364
Total T: 519000 Episode Num: 519 Episode T: 1000 Reward: 6668.906
Total T: 520000 Episode Num: 520 Episode T: 1000 Reward: 6868.650
---------------------------------------
Evaluation over 10 episodes: 6854.741
---------------------------------------
Total T: 521000 Episode Num: 521 Episode T: 1000 Reward: 6642.795
Total T: 522000 Episode Num: 522 Episode T: 1000 Reward: 6813.626
Total T: 523000 Episode Num: 523 Episode T: 1000 Reward: 6786.700
Total T: 524000 Episode Num: 524 Episode T: 1000 Reward: 6941.314
Total T: 525000 Episode Num: 525 Episode T: 1000 Reward: 6732.132
---------------------------------------
Evaluation over 10 episodes: 6965.580
---------------------------------------
Total T: 526000 Episode Num: 526 Episode T: 1000 Reward: 6904.804
Total T: 527000 Episode Num: 527 Episode T: 1000 Reward: 6815.823
Total T: 528000 Episode Num: 528 Episode T: 1000 Reward: 6749.200
Total T: 529000 Episode Num: 529 Episode T: 1000 Reward: 6794.116
Total T: 530000 Episode Num: 530 Episode T: 1000 Reward: 6789.432
---------------------------------------
Evaluation over 10 episodes: 6348.991
---------------------------------------
Total T: 531000 Episode Num: 531 Episode T: 1000 Reward: 7159.507
Total T: 532000 Episode Num: 532 Episode T: 1000 Reward: 6940.547
Total T: 533000 Episode Num: 533 Episode T: 1000 Reward: 6622.227
Total T: 534000 Episode Num: 534 Episode T: 1000 Reward: 7052.516
Total T: 535000 Episode Num: 535 Episode T: 1000 Reward: 6989.808
---------------------------------------
Evaluation over 10 episodes: 6523.952
---------------------------------------
Total T: 536000 Episode Num: 536 Episode T: 1000 Reward: 7186.085
Total T: 537000 Episode Num: 537 Episode T: 1000 Reward: 6754.009
Total T: 538000 Episode Num: 538 Episode T: 1000 Reward: 6887.379
Total T: 539000 Episode Num: 539 Episode T: 1000 Reward: 7057.808
Total T: 540000 Episode Num: 540 Episode T: 1000 Reward: 6550.847
---------------------------------------
Evaluation over 10 episodes: 6905.266
---------------------------------------
Total T: 541000 Episode Num: 541 Episode T: 1000 Reward: 7022.124
Total T: 542000 Episode Num: 542 Episode T: 1000 Reward: 6979.170
Total T: 543000 Episode Num: 543 Episode T: 1000 Reward: 6748.394
Total T: 544000 Episode Num: 544 Episode T: 1000 Reward: 6839.452
Total T: 545000 Episode Num: 545 Episode T: 1000 Reward: 6657.534
---------------------------------------
Evaluation over 10 episodes: 7152.915
---------------------------------------
Total T: 546000 Episode Num: 546 Episode T: 1000 Reward: 6730.171
Total T: 547000 Episode Num: 547 Episode T: 1000 Reward: 6676.532
Total T: 548000 Episode Num: 548 Episode T: 1000 Reward: 7150.584
Total T: 549000 Episode Num: 549 Episode T: 1000 Reward: 7242.433
Total T: 550000 Episode Num: 550 Episode T: 1000 Reward: 6904.530
---------------------------------------
Evaluation over 10 episodes: 7058.310
---------------------------------------
Total T: 551000 Episode Num: 551 Episode T: 1000 Reward: 7012.479
Total T: 552000 Episode Num: 552 Episode T: 1000 Reward: 6858.381
Total T: 553000 Episode Num: 553 Episode T: 1000 Reward: 7177.282
Total T: 554000 Episode Num: 554 Episode T: 1000 Reward: 6956.799
Total T: 555000 Episode Num: 555 Episode T: 1000 Reward: 6800.528
---------------------------------------
Evaluation over 10 episodes: 7071.439
---------------------------------------
Total T: 556000 Episode Num: 556 Episode T: 1000 Reward: 7131.272
Total T: 557000 Episode Num: 557 Episode T: 1000 Reward: 6989.537
Total T: 558000 Episode Num: 558 Episode T: 1000 Reward: 6578.556
Total T: 559000 Episode Num: 559 Episode T: 1000 Reward: 6985.686
Total T: 560000 Episode Num: 560 Episode T: 1000 Reward: 6973.124
---------------------------------------
Evaluation over 10 episodes: 7199.758
---------------------------------------
Total T: 561000 Episode Num: 561 Episode T: 1000 Reward: 6855.280
Total T: 562000 Episode Num: 562 Episode T: 1000 Reward: 6896.144
Total T: 563000 Episode Num: 563 Episode T: 1000 Reward: 6964.385
Total T: 564000 Episode Num: 564 Episode T: 1000 Reward: 7323.753
Total T: 565000 Episode Num: 565 Episode T: 1000 Reward: 7086.680
---------------------------------------
Evaluation over 10 episodes: 6764.564
---------------------------------------
Total T: 566000 Episode Num: 566 Episode T: 1000 Reward: 7122.590
Total T: 567000 Episode Num: 567 Episode T: 1000 Reward: 7107.026
Total T: 568000 Episode Num: 568 Episode T: 1000 Reward: 6935.075
Total T: 569000 Episode Num: 569 Episode T: 1000 Reward: 6871.505
Total T: 570000 Episode Num: 570 Episode T: 1000 Reward: 6880.782
---------------------------------------
Evaluation over 10 episodes: 7390.271
---------------------------------------
Total T: 571000 Episode Num: 571 Episode T: 1000 Reward: 6978.134
Total T: 572000 Episode Num: 572 Episode T: 1000 Reward: 7045.545
Total T: 573000 Episode Num: 573 Episode T: 1000 Reward: 7129.773
Total T: 574000 Episode Num: 574 Episode T: 1000 Reward: 7111.553
Total T: 575000 Episode Num: 575 Episode T: 1000 Reward: 7219.490
---------------------------------------
Evaluation over 10 episodes: 7122.869
---------------------------------------
Total T: 576000 Episode Num: 576 Episode T: 1000 Reward: 7111.004
Total T: 577000 Episode Num: 577 Episode T: 1000 Reward: 6837.876
Total T: 578000 Episode Num: 578 Episode T: 1000 Reward: 7215.949
Total T: 579000 Episode Num: 579 Episode T: 1000 Reward: 7226.628
Total T: 580000 Episode Num: 580 Episode T: 1000 Reward: 7177.633
---------------------------------------
Evaluation over 10 episodes: 7071.618
---------------------------------------
Total T: 581000 Episode Num: 581 Episode T: 1000 Reward: 6886.303
Total T: 582000 Episode Num: 582 Episode T: 1000 Reward: 7074.533
Total T: 583000 Episode Num: 583 Episode T: 1000 Reward: 7110.782
Total T: 584000 Episode Num: 584 Episode T: 1000 Reward: 7124.646
Total T: 585000 Episode Num: 585 Episode T: 1000 Reward: 7060.929
---------------------------------------
Evaluation over 10 episodes: 7201.359
---------------------------------------
Total T: 586000 Episode Num: 586 Episode T: 1000 Reward: 7075.729
Total T: 587000 Episode Num: 587 Episode T: 1000 Reward: 6969.026
Total T: 588000 Episode Num: 588 Episode T: 1000 Reward: 6772.811
Total T: 589000 Episode Num: 589 Episode T: 1000 Reward: 7133.343
Total T: 590000 Episode Num: 590 Episode T: 1000 Reward: 7189.456
---------------------------------------
Evaluation over 10 episodes: 7246.928
---------------------------------------
Total T: 591000 Episode Num: 591 Episode T: 1000 Reward: 6747.912
Total T: 592000 Episode Num: 592 Episode T: 1000 Reward: 7351.423
Total T: 593000 Episode Num: 593 Episode T: 1000 Reward: 7000.532
Total T: 594000 Episode Num: 594 Episode T: 1000 Reward: 7059.073
Total T: 595000 Episode Num: 595 Episode T: 1000 Reward: 7095.921
---------------------------------------
Evaluation over 10 episodes: 6490.900
---------------------------------------
Total T: 596000 Episode Num: 596 Episode T: 1000 Reward: 7100.057
Total T: 597000 Episode Num: 597 Episode T: 1000 Reward: 6894.535
Total T: 598000 Episode Num: 598 Episode T: 1000 Reward: 7061.245
Total T: 599000 Episode Num: 599 Episode T: 1000 Reward: 7207.677
Total T: 600000 Episode Num: 600 Episode T: 1000 Reward: 7183.709
---------------------------------------
Evaluation over 10 episodes: 6512.611
---------------------------------------
Total T: 601000 Episode Num: 601 Episode T: 1000 Reward: 6976.053
Total T: 602000 Episode Num: 602 Episode T: 1000 Reward: 7250.151
Total T: 603000 Episode Num: 603 Episode T: 1000 Reward: 7216.396
Total T: 604000 Episode Num: 604 Episode T: 1000 Reward: 6958.685
Total T: 605000 Episode Num: 605 Episode T: 1000 Reward: 7032.693
---------------------------------------
Evaluation over 10 episodes: 7269.146
---------------------------------------
Total T: 606000 Episode Num: 606 Episode T: 1000 Reward: 7147.525
Total T: 607000 Episode Num: 607 Episode T: 1000 Reward: 6897.625
Total T: 608000 Episode Num: 608 Episode T: 1000 Reward: 7315.234
Total T: 609000 Episode Num: 609 Episode T: 1000 Reward: 7235.386
Total T: 610000 Episode Num: 610 Episode T: 1000 Reward: 7139.190
---------------------------------------
Evaluation over 10 episodes: 7036.348
---------------------------------------
Total T: 611000 Episode Num: 611 Episode T: 1000 Reward: 7258.709
Total T: 612000 Episode Num: 612 Episode T: 1000 Reward: 7134.508
Total T: 613000 Episode Num: 613 Episode T: 1000 Reward: 7076.378
Total T: 614000 Episode Num: 614 Episode T: 1000 Reward: 7077.810
Total T: 615000 Episode Num: 615 Episode T: 1000 Reward: 7204.642
---------------------------------------
Evaluation over 10 episodes: 6833.653
---------------------------------------
Total T: 616000 Episode Num: 616 Episode T: 1000 Reward: 7199.175
Total T: 617000 Episode Num: 617 Episode T: 1000 Reward: 7086.652
Total T: 618000 Episode Num: 618 Episode T: 1000 Reward: 7045.337
Total T: 619000 Episode Num: 619 Episode T: 1000 Reward: 7087.497
Total T: 620000 Episode Num: 620 Episode T: 1000 Reward: 7330.713
---------------------------------------
Evaluation over 10 episodes: 7056.936
---------------------------------------
Total T: 621000 Episode Num: 621 Episode T: 1000 Reward: 7073.696
Total T: 622000 Episode Num: 622 Episode T: 1000 Reward: 7171.834
Total T: 623000 Episode Num: 623 Episode T: 1000 Reward: 7154.058
Total T: 624000 Episode Num: 624 Episode T: 1000 Reward: 6940.225
Total T: 625000 Episode Num: 625 Episode T: 1000 Reward: 7112.736
---------------------------------------
Evaluation over 10 episodes: 6970.948
---------------------------------------
Total T: 626000 Episode Num: 626 Episode T: 1000 Reward: 7102.770
Total T: 627000 Episode Num: 627 Episode T: 1000 Reward: 7182.027
Total T: 628000 Episode Num: 628 Episode T: 1000 Reward: 7444.743
Total T: 629000 Episode Num: 629 Episode T: 1000 Reward: 7380.880
Total T: 630000 Episode Num: 630 Episode T: 1000 Reward: 7206.255
---------------------------------------
Evaluation over 10 episodes: 7260.539
---------------------------------------
Total T: 631000 Episode Num: 631 Episode T: 1000 Reward: 7018.743
Total T: 632000 Episode Num: 632 Episode T: 1000 Reward: 7041.222
Total T: 633000 Episode Num: 633 Episode T: 1000 Reward: 7212.233
Total T: 634000 Episode Num: 634 Episode T: 1000 Reward: 7542.448
Total T: 635000 Episode Num: 635 Episode T: 1000 Reward: 7209.022
---------------------------------------
Evaluation over 10 episodes: 7438.434
---------------------------------------
Total T: 636000 Episode Num: 636 Episode T: 1000 Reward: 6952.504
Total T: 637000 Episode Num: 637 Episode T: 1000 Reward: 7097.330
Total T: 638000 Episode Num: 638 Episode T: 1000 Reward: 6975.297
Total T: 639000 Episode Num: 639 Episode T: 1000 Reward: 7404.464
Total T: 640000 Episode Num: 640 Episode T: 1000 Reward: 7237.629
---------------------------------------
Evaluation over 10 episodes: 7029.103
---------------------------------------
Total T: 641000 Episode Num: 641 Episode T: 1000 Reward: 6972.273
Total T: 642000 Episode Num: 642 Episode T: 1000 Reward: 7103.963
Total T: 643000 Episode Num: 643 Episode T: 1000 Reward: 7330.089
Total T: 644000 Episode Num: 644 Episode T: 1000 Reward: 7462.357
Total T: 645000 Episode Num: 645 Episode T: 1000 Reward: 7329.674
---------------------------------------
Evaluation over 10 episodes: 6958.378
---------------------------------------
Total T: 646000 Episode Num: 646 Episode T: 1000 Reward: 7403.931
Total T: 647000 Episode Num: 647 Episode T: 1000 Reward: 7278.037
Total T: 648000 Episode Num: 648 Episode T: 1000 Reward: 7208.208
Total T: 649000 Episode Num: 649 Episode T: 1000 Reward: 7440.043
Total T: 650000 Episode Num: 650 Episode T: 1000 Reward: 7363.564
---------------------------------------
Evaluation over 10 episodes: 6563.592
---------------------------------------
Total T: 651000 Episode Num: 651 Episode T: 1000 Reward: 7388.824
Total T: 652000 Episode Num: 652 Episode T: 1000 Reward: 7130.854
Total T: 653000 Episode Num: 653 Episode T: 1000 Reward: 7216.163
Total T: 654000 Episode Num: 654 Episode T: 1000 Reward: 7347.100
Total T: 655000 Episode Num: 655 Episode T: 1000 Reward: 6968.254
---------------------------------------
Evaluation over 10 episodes: 7713.868
---------------------------------------
Total T: 656000 Episode Num: 656 Episode T: 1000 Reward: 7405.486
Total T: 657000 Episode Num: 657 Episode T: 1000 Reward: 7184.101
Total T: 658000 Episode Num: 658 Episode T: 1000 Reward: 7479.936
Total T: 659000 Episode Num: 659 Episode T: 1000 Reward: 7270.171
Total T: 660000 Episode Num: 660 Episode T: 1000 Reward: 7320.457
---------------------------------------
Evaluation over 10 episodes: 7779.412
---------------------------------------
Total T: 661000 Episode Num: 661 Episode T: 1000 Reward: 7086.806
Total T: 662000 Episode Num: 662 Episode T: 1000 Reward: 7146.095
Total T: 663000 Episode Num: 663 Episode T: 1000 Reward: 7372.407
Total T: 664000 Episode Num: 664 Episode T: 1000 Reward: 7310.058
Total T: 665000 Episode Num: 665 Episode T: 1000 Reward: 7519.495
---------------------------------------
Evaluation over 10 episodes: 6873.820
---------------------------------------
Total T: 666000 Episode Num: 666 Episode T: 1000 Reward: 7206.505
Total T: 667000 Episode Num: 667 Episode T: 1000 Reward: 7219.352
Total T: 668000 Episode Num: 668 Episode T: 1000 Reward: 7206.821
Total T: 669000 Episode Num: 669 Episode T: 1000 Reward: 7146.179
Total T: 670000 Episode Num: 670 Episode T: 1000 Reward: 7635.879
---------------------------------------
Evaluation over 10 episodes: 6913.610
---------------------------------------
Total T: 671000 Episode Num: 671 Episode T: 1000 Reward: 7375.815
Total T: 672000 Episode Num: 672 Episode T: 1000 Reward: 7495.043
Total T: 673000 Episode Num: 673 Episode T: 1000 Reward: 7143.133
Total T: 674000 Episode Num: 674 Episode T: 1000 Reward: 7234.544
Total T: 675000 Episode Num: 675 Episode T: 1000 Reward: 7403.471
---------------------------------------
Evaluation over 10 episodes: 7345.806
---------------------------------------
Total T: 676000 Episode Num: 676 Episode T: 1000 Reward: 7421.626
Total T: 677000 Episode Num: 677 Episode T: 1000 Reward: 7514.092
Total T: 678000 Episode Num: 678 Episode T: 1000 Reward: 7164.854
Total T: 679000 Episode Num: 679 Episode T: 1000 Reward: 7324.075
Total T: 680000 Episode Num: 680 Episode T: 1000 Reward: 7193.927
---------------------------------------
Evaluation over 10 episodes: 7297.222
---------------------------------------
Total T: 681000 Episode Num: 681 Episode T: 1000 Reward: 7358.182
Total T: 682000 Episode Num: 682 Episode T: 1000 Reward: 7466.182
Total T: 683000 Episode Num: 683 Episode T: 1000 Reward: 7622.435
Total T: 684000 Episode Num: 684 Episode T: 1000 Reward: 7344.960
Total T: 685000 Episode Num: 685 Episode T: 1000 Reward: 7185.476
---------------------------------------
Evaluation over 10 episodes: 7352.524
---------------------------------------
Total T: 686000 Episode Num: 686 Episode T: 1000 Reward: 6972.535
Total T: 687000 Episode Num: 687 Episode T: 1000 Reward: 7322.179
Total T: 688000 Episode Num: 688 Episode T: 1000 Reward: 7354.997
Total T: 689000 Episode Num: 689 Episode T: 1000 Reward: 7547.228
Total T: 690000 Episode Num: 690 Episode T: 1000 Reward: 7378.441
---------------------------------------
Evaluation over 10 episodes: 7364.720
---------------------------------------
Total T: 691000 Episode Num: 691 Episode T: 1000 Reward: 7202.080
Total T: 692000 Episode Num: 692 Episode T: 1000 Reward: 7165.020
Total T: 693000 Episode Num: 693 Episode T: 1000 Reward: 7336.888
Total T: 694000 Episode Num: 694 Episode T: 1000 Reward: 7190.810
Total T: 695000 Episode Num: 695 Episode T: 1000 Reward: 7112.314
---------------------------------------
Evaluation over 10 episodes: 7301.432
---------------------------------------
Total T: 696000 Episode Num: 696 Episode T: 1000 Reward: 7673.991
Total T: 697000 Episode Num: 697 Episode T: 1000 Reward: 7245.999
Total T: 698000 Episode Num: 698 Episode T: 1000 Reward: 7597.941
Total T: 699000 Episode Num: 699 Episode T: 1000 Reward: 7187.502
Total T: 700000 Episode Num: 700 Episode T: 1000 Reward: 7392.572
---------------------------------------
Evaluation over 10 episodes: 7709.383
---------------------------------------
Total T: 701000 Episode Num: 701 Episode T: 1000 Reward: 7447.589
Total T: 702000 Episode Num: 702 Episode T: 1000 Reward: 7178.228
Total T: 703000 Episode Num: 703 Episode T: 1000 Reward: 7401.067
Total T: 704000 Episode Num: 704 Episode T: 1000 Reward: 7531.757
Total T: 705000 Episode Num: 705 Episode T: 1000 Reward: 7366.806
---------------------------------------
Evaluation over 10 episodes: 7066.683
---------------------------------------
Total T: 706000 Episode Num: 706 Episode T: 1000 Reward: 7668.415
Total T: 707000 Episode Num: 707 Episode T: 1000 Reward: 7679.321
Total T: 708000 Episode Num: 708 Episode T: 1000 Reward: 7417.121
Total T: 709000 Episode Num: 709 Episode T: 1000 Reward: 7197.054
Total T: 710000 Episode Num: 710 Episode T: 1000 Reward: 5940.075
---------------------------------------
Evaluation over 10 episodes: 7247.120
---------------------------------------
Total T: 711000 Episode Num: 711 Episode T: 1000 Reward: 7422.305
Total T: 712000 Episode Num: 712 Episode T: 1000 Reward: 7626.964
Total T: 713000 Episode Num: 713 Episode T: 1000 Reward: 7235.455
Total T: 714000 Episode Num: 714 Episode T: 1000 Reward: 7238.834
Total T: 715000 Episode Num: 715 Episode T: 1000 Reward: 7333.381
---------------------------------------
Evaluation over 10 episodes: 7634.281
---------------------------------------
Total T: 716000 Episode Num: 716 Episode T: 1000 Reward: 7324.238
Total T: 717000 Episode Num: 717 Episode T: 1000 Reward: 7443.219
Total T: 718000 Episode Num: 718 Episode T: 1000 Reward: 7441.408
Total T: 719000 Episode Num: 719 Episode T: 1000 Reward: 7562.597
Total T: 720000 Episode Num: 720 Episode T: 1000 Reward: 7506.640
---------------------------------------
Evaluation over 10 episodes: 7024.250
---------------------------------------
Total T: 721000 Episode Num: 721 Episode T: 1000 Reward: 7471.257
Total T: 722000 Episode Num: 722 Episode T: 1000 Reward: 7414.682
Total T: 723000 Episode Num: 723 Episode T: 1000 Reward: 7511.447
Total T: 724000 Episode Num: 724 Episode T: 1000 Reward: 7215.656
Total T: 725000 Episode Num: 725 Episode T: 1000 Reward: 6996.421
---------------------------------------
Evaluation over 10 episodes: 7744.175
---------------------------------------
Total T: 726000 Episode Num: 726 Episode T: 1000 Reward: 7495.408
Total T: 727000 Episode Num: 727 Episode T: 1000 Reward: 7535.037
Total T: 728000 Episode Num: 728 Episode T: 1000 Reward: 7679.874
Total T: 729000 Episode Num: 729 Episode T: 1000 Reward: 7278.908
Total T: 730000 Episode Num: 730 Episode T: 1000 Reward: 7455.001
---------------------------------------
Evaluation over 10 episodes: 7790.765
---------------------------------------
Total T: 731000 Episode Num: 731 Episode T: 1000 Reward: 7248.281
Total T: 732000 Episode Num: 732 Episode T: 1000 Reward: 6769.214
Total T: 733000 Episode Num: 733 Episode T: 1000 Reward: 7643.830
Total T: 734000 Episode Num: 734 Episode T: 1000 Reward: 7642.398
Total T: 735000 Episode Num: 735 Episode T: 1000 Reward: 7520.464
---------------------------------------
Evaluation over 10 episodes: 7786.626
---------------------------------------
Total T: 736000 Episode Num: 736 Episode T: 1000 Reward: 7481.154
Total T: 737000 Episode Num: 737 Episode T: 1000 Reward: 7377.338
Total T: 738000 Episode Num: 738 Episode T: 1000 Reward: 7487.050
Total T: 739000 Episode Num: 739 Episode T: 1000 Reward: 7488.540
Total T: 740000 Episode Num: 740 Episode T: 1000 Reward: 7487.633
---------------------------------------
Evaluation over 10 episodes: 6697.397
---------------------------------------
Total T: 741000 Episode Num: 741 Episode T: 1000 Reward: 7350.274
Total T: 742000 Episode Num: 742 Episode T: 1000 Reward: 7596.184
Total T: 743000 Episode Num: 743 Episode T: 1000 Reward: 7350.510
Total T: 744000 Episode Num: 744 Episode T: 1000 Reward: 7494.474
Total T: 745000 Episode Num: 745 Episode T: 1000 Reward: 7394.189
---------------------------------------
Evaluation over 10 episodes: 7269.112
---------------------------------------
Total T: 746000 Episode Num: 746 Episode T: 1000 Reward: 7419.360
Total T: 747000 Episode Num: 747 Episode T: 1000 Reward: 7725.778
Total T: 748000 Episode Num: 748 Episode T: 1000 Reward: 7249.433
Total T: 749000 Episode Num: 749 Episode T: 1000 Reward: 7445.993
Total T: 750000 Episode Num: 750 Episode T: 1000 Reward: 7541.441
---------------------------------------
Evaluation over 10 episodes: 7803.262
---------------------------------------
Total T: 751000 Episode Num: 751 Episode T: 1000 Reward: 7296.989
Total T: 752000 Episode Num: 752 Episode T: 1000 Reward: 7509.672
Total T: 753000 Episode Num: 753 Episode T: 1000 Reward: 7614.095
Total T: 754000 Episode Num: 754 Episode T: 1000 Reward: 7211.043
Total T: 755000 Episode Num: 755 Episode T: 1000 Reward: 7155.742
---------------------------------------
Evaluation over 10 episodes: 7877.781
---------------------------------------
Total T: 756000 Episode Num: 756 Episode T: 1000 Reward: 7435.085
Total T: 757000 Episode Num: 757 Episode T: 1000 Reward: 7476.619
Total T: 758000 Episode Num: 758 Episode T: 1000 Reward: 7405.045
Total T: 759000 Episode Num: 759 Episode T: 1000 Reward: 7768.948
Total T: 760000 Episode Num: 760 Episode T: 1000 Reward: 7345.256
---------------------------------------
Evaluation over 10 episodes: 7709.820
---------------------------------------
Total T: 761000 Episode Num: 761 Episode T: 1000 Reward: 7477.307
Total T: 762000 Episode Num: 762 Episode T: 1000 Reward: 7552.796
Total T: 763000 Episode Num: 763 Episode T: 1000 Reward: 7547.194
Total T: 764000 Episode Num: 764 Episode T: 1000 Reward: 7544.307
Total T: 765000 Episode Num: 765 Episode T: 1000 Reward: 7406.450
---------------------------------------
Evaluation over 10 episodes: 6796.530
---------------------------------------
Total T: 766000 Episode Num: 766 Episode T: 1000 Reward: 7527.079
Total T: 767000 Episode Num: 767 Episode T: 1000 Reward: 7468.449
Total T: 768000 Episode Num: 768 Episode T: 1000 Reward: 7402.604
Total T: 769000 Episode Num: 769 Episode T: 1000 Reward: 7512.131
Total T: 770000 Episode Num: 770 Episode T: 1000 Reward: 7535.358
---------------------------------------
Evaluation over 10 episodes: 7671.716
---------------------------------------
Total T: 771000 Episode Num: 771 Episode T: 1000 Reward: 7321.461
Total T: 772000 Episode Num: 772 Episode T: 1000 Reward: 7606.487
Total T: 773000 Episode Num: 773 Episode T: 1000 Reward: 7367.201
Total T: 774000 Episode Num: 774 Episode T: 1000 Reward: 7199.912
Total T: 775000 Episode Num: 775 Episode T: 1000 Reward: 7592.392
---------------------------------------
Evaluation over 10 episodes: 7880.309
---------------------------------------
Total T: 776000 Episode Num: 776 Episode T: 1000 Reward: 7599.817
Total T: 777000 Episode Num: 777 Episode T: 1000 Reward: 7432.953
Total T: 778000 Episode Num: 778 Episode T: 1000 Reward: 7606.765
Total T: 779000 Episode Num: 779 Episode T: 1000 Reward: 7521.749
Total T: 780000 Episode Num: 780 Episode T: 1000 Reward: 7273.647
---------------------------------------
Evaluation over 10 episodes: 7920.448
---------------------------------------
Total T: 781000 Episode Num: 781 Episode T: 1000 Reward: 7512.606
Total T: 782000 Episode Num: 782 Episode T: 1000 Reward: 7224.706
Total T: 783000 Episode Num: 783 Episode T: 1000 Reward: 7614.868
Total T: 784000 Episode Num: 784 Episode T: 1000 Reward: 7635.344
Total T: 785000 Episode Num: 785 Episode T: 1000 Reward: 7298.646
---------------------------------------
Evaluation over 10 episodes: 7828.546
---------------------------------------
Total T: 786000 Episode Num: 786 Episode T: 1000 Reward: 7323.934
Total T: 787000 Episode Num: 787 Episode T: 1000 Reward: 7382.627
Total T: 788000 Episode Num: 788 Episode T: 1000 Reward: 7217.193
Total T: 789000 Episode Num: 789 Episode T: 1000 Reward: 7834.651
Total T: 790000 Episode Num: 790 Episode T: 1000 Reward: 7658.618
---------------------------------------
Evaluation over 10 episodes: 7942.395
---------------------------------------
Total T: 791000 Episode Num: 791 Episode T: 1000 Reward: 7258.808
Total T: 792000 Episode Num: 792 Episode T: 1000 Reward: 7494.309
Total T: 793000 Episode Num: 793 Episode T: 1000 Reward: 7240.770
Total T: 794000 Episode Num: 794 Episode T: 1000 Reward: 7302.741
Total T: 795000 Episode Num: 795 Episode T: 1000 Reward: 7542.833
---------------------------------------
Evaluation over 10 episodes: 7632.388
---------------------------------------
Total T: 796000 Episode Num: 796 Episode T: 1000 Reward: 7348.365
Total T: 797000 Episode Num: 797 Episode T: 1000 Reward: 7761.866
Total T: 798000 Episode Num: 798 Episode T: 1000 Reward: 7658.557
Total T: 799000 Episode Num: 799 Episode T: 1000 Reward: 7565.344
Total T: 800000 Episode Num: 800 Episode T: 1000 Reward: 7391.269
---------------------------------------
Evaluation over 10 episodes: 7752.307
---------------------------------------
Total T: 801000 Episode Num: 801 Episode T: 1000 Reward: 7450.510
Total T: 802000 Episode Num: 802 Episode T: 1000 Reward: 7444.709
Total T: 803000 Episode Num: 803 Episode T: 1000 Reward: 7676.397
Total T: 804000 Episode Num: 804 Episode T: 1000 Reward: 7485.704
Total T: 805000 Episode Num: 805 Episode T: 1000 Reward: 7385.049
---------------------------------------
Evaluation over 10 episodes: 7876.769
---------------------------------------
Total T: 806000 Episode Num: 806 Episode T: 1000 Reward: 7261.642
Total T: 807000 Episode Num: 807 Episode T: 1000 Reward: 7262.053
Total T: 808000 Episode Num: 808 Episode T: 1000 Reward: 7523.672
Total T: 809000 Episode Num: 809 Episode T: 1000 Reward: 7452.591
Total T: 810000 Episode Num: 810 Episode T: 1000 Reward: 7582.974
---------------------------------------
Evaluation over 10 episodes: 6774.022
---------------------------------------
Total T: 811000 Episode Num: 811 Episode T: 1000 Reward: 7766.287
Total T: 812000 Episode Num: 812 Episode T: 1000 Reward: 7576.036
Total T: 813000 Episode Num: 813 Episode T: 1000 Reward: 7362.343
Total T: 814000 Episode Num: 814 Episode T: 1000 Reward: 7453.965
Total T: 815000 Episode Num: 815 Episode T: 1000 Reward: 7455.498
---------------------------------------
Evaluation over 10 episodes: 8043.935
---------------------------------------
Total T: 816000 Episode Num: 816 Episode T: 1000 Reward: 7463.875
Total T: 817000 Episode Num: 817 Episode T: 1000 Reward: 7356.876
Total T: 818000 Episode Num: 818 Episode T: 1000 Reward: 7481.386
Total T: 819000 Episode Num: 819 Episode T: 1000 Reward: 7547.145
Total T: 820000 Episode Num: 820 Episode T: 1000 Reward: 7825.062
---------------------------------------
Evaluation over 10 episodes: 7963.931
---------------------------------------
Total T: 821000 Episode Num: 821 Episode T: 1000 Reward: 7232.038
Total T: 822000 Episode Num: 822 Episode T: 1000 Reward: 7526.155
Total T: 823000 Episode Num: 823 Episode T: 1000 Reward: 7469.732
Total T: 824000 Episode Num: 824 Episode T: 1000 Reward: 7608.309
Total T: 825000 Episode Num: 825 Episode T: 1000 Reward: 7843.906
---------------------------------------
Evaluation over 10 episodes: 7849.218
---------------------------------------
Total T: 826000 Episode Num: 826 Episode T: 1000 Reward: 7399.944
Total T: 827000 Episode Num: 827 Episode T: 1000 Reward: 7647.588
Total T: 828000 Episode Num: 828 Episode T: 1000 Reward: 7378.717
Total T: 829000 Episode Num: 829 Episode T: 1000 Reward: 7506.423
Total T: 830000 Episode Num: 830 Episode T: 1000 Reward: 7908.702
---------------------------------------
Evaluation over 10 episodes: 6875.017
---------------------------------------
Total T: 831000 Episode Num: 831 Episode T: 1000 Reward: 7585.518
Total T: 832000 Episode Num: 832 Episode T: 1000 Reward: 7506.138
Total T: 833000 Episode Num: 833 Episode T: 1000 Reward: 7295.631
Total T: 834000 Episode Num: 834 Episode T: 1000 Reward: 7414.968
Total T: 835000 Episode Num: 835 Episode T: 1000 Reward: 7684.862
---------------------------------------
Evaluation over 10 episodes: 7299.382
---------------------------------------
Total T: 836000 Episode Num: 836 Episode T: 1000 Reward: 7650.424
Total T: 837000 Episode Num: 837 Episode T: 1000 Reward: 7659.322
Total T: 838000 Episode Num: 838 Episode T: 1000 Reward: 7361.745
Total T: 839000 Episode Num: 839 Episode T: 1000 Reward: 7603.647
Total T: 840000 Episode Num: 840 Episode T: 1000 Reward: 7690.961
---------------------------------------
Evaluation over 10 episodes: 7450.623
---------------------------------------
Total T: 841000 Episode Num: 841 Episode T: 1000 Reward: 7693.689
Total T: 842000 Episode Num: 842 Episode T: 1000 Reward: 7700.632
Total T: 843000 Episode Num: 843 Episode T: 1000 Reward: 7385.513
Total T: 844000 Episode Num: 844 Episode T: 1000 Reward: 7556.422
Total T: 845000 Episode Num: 845 Episode T: 1000 Reward: 7384.080
---------------------------------------
Evaluation over 10 episodes: 7893.581
---------------------------------------
Total T: 846000 Episode Num: 846 Episode T: 1000 Reward: 7661.224
Total T: 847000 Episode Num: 847 Episode T: 1000 Reward: 7569.330
Total T: 848000 Episode Num: 848 Episode T: 1000 Reward: 7619.936
Total T: 849000 Episode Num: 849 Episode T: 1000 Reward: 7846.682
Total T: 850000 Episode Num: 850 Episode T: 1000 Reward: 7431.139
---------------------------------------
Evaluation over 10 episodes: 8122.175
---------------------------------------
Total T: 851000 Episode Num: 851 Episode T: 1000 Reward: 7782.543
Total T: 852000 Episode Num: 852 Episode T: 1000 Reward: 7587.403
Total T: 853000 Episode Num: 853 Episode T: 1000 Reward: 7649.050
Total T: 854000 Episode Num: 854 Episode T: 1000 Reward: 7912.612
Total T: 855000 Episode Num: 855 Episode T: 1000 Reward: 7555.331
---------------------------------------
Evaluation over 10 episodes: 7818.754
---------------------------------------
Total T: 856000 Episode Num: 856 Episode T: 1000 Reward: 7990.314
Total T: 857000 Episode Num: 857 Episode T: 1000 Reward: 7755.556
Total T: 858000 Episode Num: 858 Episode T: 1000 Reward: 7328.623
Total T: 859000 Episode Num: 859 Episode T: 1000 Reward: 7339.309
Total T: 860000 Episode Num: 860 Episode T: 1000 Reward: 7823.484
---------------------------------------
Evaluation over 10 episodes: 7778.137
---------------------------------------
Total T: 861000 Episode Num: 861 Episode T: 1000 Reward: 8090.480
Total T: 862000 Episode Num: 862 Episode T: 1000 Reward: 7565.975
Total T: 863000 Episode Num: 863 Episode T: 1000 Reward: 7788.704
Total T: 864000 Episode Num: 864 Episode T: 1000 Reward: 7409.435
Total T: 865000 Episode Num: 865 Episode T: 1000 Reward: 7660.188
---------------------------------------
Evaluation over 10 episodes: 8050.747
---------------------------------------
Total T: 866000 Episode Num: 866 Episode T: 1000 Reward: 7657.104
Total T: 867000 Episode Num: 867 Episode T: 1000 Reward: 7644.480
Total T: 868000 Episode Num: 868 Episode T: 1000 Reward: 8057.160
Total T: 869000 Episode Num: 869 Episode T: 1000 Reward: 7466.504
Total T: 870000 Episode Num: 870 Episode T: 1000 Reward: 7646.114
---------------------------------------
Evaluation over 10 episodes: 8192.820
---------------------------------------
Total T: 871000 Episode Num: 871 Episode T: 1000 Reward: 7434.737
Total T: 872000 Episode Num: 872 Episode T: 1000 Reward: 7486.536
Total T: 873000 Episode Num: 873 Episode T: 1000 Reward: 7665.061
Total T: 874000 Episode Num: 874 Episode T: 1000 Reward: 7703.740
Total T: 875000 Episode Num: 875 Episode T: 1000 Reward: 7647.540
---------------------------------------
Evaluation over 10 episodes: 7932.020
---------------------------------------
Total T: 876000 Episode Num: 876 Episode T: 1000 Reward: 7484.554
Total T: 877000 Episode Num: 877 Episode T: 1000 Reward: 7572.917
Total T: 878000 Episode Num: 878 Episode T: 1000 Reward: 7415.027
Total T: 879000 Episode Num: 879 Episode T: 1000 Reward: 7923.984
Total T: 880000 Episode Num: 880 Episode T: 1000 Reward: 7974.908
---------------------------------------
Evaluation over 10 episodes: 8200.624
---------------------------------------
Total T: 881000 Episode Num: 881 Episode T: 1000 Reward: 7447.502
Total T: 882000 Episode Num: 882 Episode T: 1000 Reward: 7669.095
Total T: 883000 Episode Num: 883 Episode T: 1000 Reward: 7792.122
Total T: 884000 Episode Num: 884 Episode T: 1000 Reward: 7983.394
Total T: 885000 Episode Num: 885 Episode T: 1000 Reward: 7994.974
---------------------------------------
Evaluation over 10 episodes: 8045.907
---------------------------------------
Total T: 886000 Episode Num: 886 Episode T: 1000 Reward: 7541.368
Total T: 887000 Episode Num: 887 Episode T: 1000 Reward: 7975.381
Total T: 888000 Episode Num: 888 Episode T: 1000 Reward: 7709.486
Total T: 889000 Episode Num: 889 Episode T: 1000 Reward: 7778.609
Total T: 890000 Episode Num: 890 Episode T: 1000 Reward: 8141.192
---------------------------------------
Evaluation over 10 episodes: 8107.843
---------------------------------------
Total T: 891000 Episode Num: 891 Episode T: 1000 Reward: 7461.119
Total T: 892000 Episode Num: 892 Episode T: 1000 Reward: 7911.676
Total T: 893000 Episode Num: 893 Episode T: 1000 Reward: 7772.381
Total T: 894000 Episode Num: 894 Episode T: 1000 Reward: 7703.192
Total T: 895000 Episode Num: 895 Episode T: 1000 Reward: 8197.842
---------------------------------------
Evaluation over 10 episodes: 7610.270
---------------------------------------
Total T: 896000 Episode Num: 896 Episode T: 1000 Reward: 7460.440
Total T: 897000 Episode Num: 897 Episode T: 1000 Reward: 7743.204
Total T: 898000 Episode Num: 898 Episode T: 1000 Reward: 7525.735
Total T: 899000 Episode Num: 899 Episode T: 1000 Reward: 7605.950
Total T: 900000 Episode Num: 900 Episode T: 1000 Reward: 7389.504
---------------------------------------
Evaluation over 10 episodes: 7152.530
---------------------------------------
Total T: 901000 Episode Num: 901 Episode T: 1000 Reward: 7706.852
Total T: 902000 Episode Num: 902 Episode T: 1000 Reward: 7936.467
Total T: 903000 Episode Num: 903 Episode T: 1000 Reward: 7591.699
Total T: 904000 Episode Num: 904 Episode T: 1000 Reward: 7554.822
Total T: 905000 Episode Num: 905 Episode T: 1000 Reward: 7674.509
---------------------------------------
Evaluation over 10 episodes: 7633.053
---------------------------------------
Total T: 906000 Episode Num: 906 Episode T: 1000 Reward: 7804.222
Total T: 907000 Episode Num: 907 Episode T: 1000 Reward: 7587.116
Total T: 908000 Episode Num: 908 Episode T: 1000 Reward: 7872.437
Total T: 909000 Episode Num: 909 Episode T: 1000 Reward: 7932.601
Total T: 910000 Episode Num: 910 Episode T: 1000 Reward: 7466.941
---------------------------------------
Evaluation over 10 episodes: 8084.745
---------------------------------------
Total T: 911000 Episode Num: 911 Episode T: 1000 Reward: 7970.029
Total T: 912000 Episode Num: 912 Episode T: 1000 Reward: 7484.490
Total T: 913000 Episode Num: 913 Episode T: 1000 Reward: 7438.387
Total T: 914000 Episode Num: 914 Episode T: 1000 Reward: 7881.204
Total T: 915000 Episode Num: 915 Episode T: 1000 Reward: 7959.844
---------------------------------------
Evaluation over 10 episodes: 6980.689
---------------------------------------
Total T: 916000 Episode Num: 916 Episode T: 1000 Reward: 8166.555
Total T: 917000 Episode Num: 917 Episode T: 1000 Reward: 7311.838
Total T: 918000 Episode Num: 918 Episode T: 1000 Reward: 7740.816
Total T: 919000 Episode Num: 919 Episode T: 1000 Reward: 7629.447
Total T: 920000 Episode Num: 920 Episode T: 1000 Reward: 7534.771
---------------------------------------
Evaluation over 10 episodes: 8022.039
---------------------------------------
Total T: 921000 Episode Num: 921 Episode T: 1000 Reward: 7817.460
Total T: 922000 Episode Num: 922 Episode T: 1000 Reward: 7803.785
Total T: 923000 Episode Num: 923 Episode T: 1000 Reward: 8073.073
Total T: 924000 Episode Num: 924 Episode T: 1000 Reward: 7797.826
Total T: 925000 Episode Num: 925 Episode T: 1000 Reward: 7722.575
---------------------------------------
Evaluation over 10 episodes: 8233.577
---------------------------------------
Total T: 926000 Episode Num: 926 Episode T: 1000 Reward: 7700.046
Total T: 927000 Episode Num: 927 Episode T: 1000 Reward: 7874.076
Total T: 928000 Episode Num: 928 Episode T: 1000 Reward: 7906.527
Total T: 929000 Episode Num: 929 Episode T: 1000 Reward: 7698.482
Total T: 930000 Episode Num: 930 Episode T: 1000 Reward: 7800.717
---------------------------------------
Evaluation over 10 episodes: 6781.533
---------------------------------------
Total T: 931000 Episode Num: 931 Episode T: 1000 Reward: 7713.573
Total T: 932000 Episode Num: 932 Episode T: 1000 Reward: 7899.397
Total T: 933000 Episode Num: 933 Episode T: 1000 Reward: 7534.248
Total T: 934000 Episode Num: 934 Episode T: 1000 Reward: 7802.514
Total T: 935000 Episode Num: 935 Episode T: 1000 Reward: 7661.286
---------------------------------------
Evaluation over 10 episodes: 7691.650
---------------------------------------
Total T: 936000 Episode Num: 936 Episode T: 1000 Reward: 7950.357
Total T: 937000 Episode Num: 937 Episode T: 1000 Reward: 7954.353
Total T: 938000 Episode Num: 938 Episode T: 1000 Reward: 7856.901
Total T: 939000 Episode Num: 939 Episode T: 1000 Reward: 7800.112
Total T: 940000 Episode Num: 940 Episode T: 1000 Reward: 7328.169
---------------------------------------
Evaluation over 10 episodes: 8104.321
---------------------------------------
Total T: 941000 Episode Num: 941 Episode T: 1000 Reward: 7930.677
Total T: 942000 Episode Num: 942 Episode T: 1000 Reward: 7758.983
Total T: 943000 Episode Num: 943 Episode T: 1000 Reward: 7766.089
Total T: 944000 Episode Num: 944 Episode T: 1000 Reward: 7907.688
Total T: 945000 Episode Num: 945 Episode T: 1000 Reward: 7877.717
---------------------------------------
Evaluation over 10 episodes: 7147.860
---------------------------------------
Total T: 946000 Episode Num: 946 Episode T: 1000 Reward: 7894.908
Total T: 947000 Episode Num: 947 Episode T: 1000 Reward: 7519.134
Total T: 948000 Episode Num: 948 Episode T: 1000 Reward: 7926.467
Total T: 949000 Episode Num: 949 Episode T: 1000 Reward: 7665.820
Total T: 950000 Episode Num: 950 Episode T: 1000 Reward: 7758.377
---------------------------------------
Evaluation over 10 episodes: 7891.960
---------------------------------------
Total T: 951000 Episode Num: 951 Episode T: 1000 Reward: 7798.532
Total T: 952000 Episode Num: 952 Episode T: 1000 Reward: 7822.099
Total T: 953000 Episode Num: 953 Episode T: 1000 Reward: 8088.989
Total T: 954000 Episode Num: 954 Episode T: 1000 Reward: 7607.323
Total T: 955000 Episode Num: 955 Episode T: 1000 Reward: 8134.421
---------------------------------------
Evaluation over 10 episodes: 8227.169
---------------------------------------
Total T: 956000 Episode Num: 956 Episode T: 1000 Reward: 7653.980
Total T: 957000 Episode Num: 957 Episode T: 1000 Reward: 8022.193
Total T: 958000 Episode Num: 958 Episode T: 1000 Reward: 7848.192
Total T: 959000 Episode Num: 959 Episode T: 1000 Reward: 7796.780
Total T: 960000 Episode Num: 960 Episode T: 1000 Reward: 8247.343
---------------------------------------
Evaluation over 10 episodes: 7679.739
---------------------------------------
Total T: 961000 Episode Num: 961 Episode T: 1000 Reward: 7553.559
Total T: 962000 Episode Num: 962 Episode T: 1000 Reward: 7797.438
Total T: 963000 Episode Num: 963 Episode T: 1000 Reward: 7586.874
Total T: 964000 Episode Num: 964 Episode T: 1000 Reward: 7644.907
Total T: 965000 Episode Num: 965 Episode T: 1000 Reward: 7949.645
---------------------------------------
Evaluation over 10 episodes: 7299.916
---------------------------------------
Total T: 966000 Episode Num: 966 Episode T: 1000 Reward: 7765.998
Total T: 967000 Episode Num: 967 Episode T: 1000 Reward: 8175.386
Total T: 968000 Episode Num: 968 Episode T: 1000 Reward: 7798.722
Total T: 969000 Episode Num: 969 Episode T: 1000 Reward: 7935.253
Total T: 970000 Episode Num: 970 Episode T: 1000 Reward: 7747.474
---------------------------------------
Evaluation over 10 episodes: 7417.137
---------------------------------------
Total T: 971000 Episode Num: 971 Episode T: 1000 Reward: 7923.562
Total T: 972000 Episode Num: 972 Episode T: 1000 Reward: 8223.230
Total T: 973000 Episode Num: 973 Episode T: 1000 Reward: 7964.690
Total T: 974000 Episode Num: 974 Episode T: 1000 Reward: 7766.457
Total T: 975000 Episode Num: 975 Episode T: 1000 Reward: 7596.799
---------------------------------------
Evaluation over 10 episodes: 8232.322
---------------------------------------
Total T: 976000 Episode Num: 976 Episode T: 1000 Reward: 7833.770
Total T: 977000 Episode Num: 977 Episode T: 1000 Reward: 8014.693
Total T: 978000 Episode Num: 978 Episode T: 1000 Reward: 7999.031
Total T: 979000 Episode Num: 979 Episode T: 1000 Reward: 7941.819
Total T: 980000 Episode Num: 980 Episode T: 1000 Reward: 7735.265
---------------------------------------
Evaluation over 10 episodes: 8239.443
---------------------------------------
Total T: 981000 Episode Num: 981 Episode T: 1000 Reward: 8004.605
Total T: 982000 Episode Num: 982 Episode T: 1000 Reward: 7677.238
Total T: 983000 Episode Num: 983 Episode T: 1000 Reward: 7944.730
Total T: 984000 Episode Num: 984 Episode T: 1000 Reward: 7849.008
Total T: 985000 Episode Num: 985 Episode T: 1000 Reward: 7865.955
---------------------------------------
Evaluation over 10 episodes: 7129.331
---------------------------------------
Total T: 986000 Episode Num: 986 Episode T: 1000 Reward: 7948.967
Total T: 987000 Episode Num: 987 Episode T: 1000 Reward: 7601.565
Total T: 988000 Episode Num: 988 Episode T: 1000 Reward: 7928.030
Total T: 989000 Episode Num: 989 Episode T: 1000 Reward: 7598.826
Total T: 990000 Episode Num: 990 Episode T: 1000 Reward: 7997.935
---------------------------------------
Evaluation over 10 episodes: 7663.837
---------------------------------------
Total T: 991000 Episode Num: 991 Episode T: 1000 Reward: 8249.483
Total T: 992000 Episode Num: 992 Episode T: 1000 Reward: 7711.503
Total T: 993000 Episode Num: 993 Episode T: 1000 Reward: 7994.406
Total T: 994000 Episode Num: 994 Episode T: 1000 Reward: 7502.854
Total T: 995000 Episode Num: 995 Episode T: 1000 Reward: 7925.974
---------------------------------------
Evaluation over 10 episodes: 8124.003
---------------------------------------
Total T: 996000 Episode Num: 996 Episode T: 1000 Reward: 7837.202
Total T: 997000 Episode Num: 997 Episode T: 1000 Reward: 7991.003
Total T: 998000 Episode Num: 998 Episode T: 1000 Reward: 7985.043
Total T: 999000 Episode Num: 999 Episode T: 1000 Reward: 7631.570
Total T: 1000000 Episode Num: 1000 Episode T: 1000 Reward: 7982.275
---------------------------------------
Evaluation over 10 episodes: 8385.912
---------------------------------------
