---------------------------------------
Policy: TD3, Env: HalfCheetah-v2, Seed: 0
---------------------------------------
---------------------------------------
Evaluation over 10 episodes: -6.685
---------------------------------------
Total T: 1000 Episode Num: 1 Episode T: 1000 Reward: -210.870
Total T: 2000 Episode Num: 2 Episode T: 1000 Reward: -409.377
Total T: 3000 Episode Num: 3 Episode T: 1000 Reward: -401.068
Total T: 4000 Episode Num: 4 Episode T: 1000 Reward: -213.602
Total T: 5000 Episode Num: 5 Episode T: 1000 Reward: -133.484
---------------------------------------
Evaluation over 10 episodes: -5.599
---------------------------------------
Total T: 6000 Episode Num: 6 Episode T: 1000 Reward: -284.156
Total T: 7000 Episode Num: 7 Episode T: 1000 Reward: -237.280
Total T: 8000 Episode Num: 8 Episode T: 1000 Reward: -166.000
Total T: 9000 Episode Num: 9 Episode T: 1000 Reward: -202.244
Total T: 10000 Episode Num: 10 Episode T: 1000 Reward: -293.285
---------------------------------------
Evaluation over 10 episodes: -5.992
---------------------------------------
Total T: 11000 Episode Num: 11 Episode T: 1000 Reward: -443.176
Total T: 12000 Episode Num: 12 Episode T: 1000 Reward: -389.449
Total T: 13000 Episode Num: 13 Episode T: 1000 Reward: -201.116
Total T: 14000 Episode Num: 14 Episode T: 1000 Reward: -206.679
Total T: 15000 Episode Num: 15 Episode T: 1000 Reward: -266.302
---------------------------------------
Evaluation over 10 episodes: -4.279
---------------------------------------
Total T: 16000 Episode Num: 16 Episode T: 1000 Reward: -267.725
Total T: 17000 Episode Num: 17 Episode T: 1000 Reward: -500.703
Total T: 18000 Episode Num: 18 Episode T: 1000 Reward: -392.719
Total T: 19000 Episode Num: 19 Episode T: 1000 Reward: -191.443
Total T: 20000 Episode Num: 20 Episode T: 1000 Reward: -269.630
---------------------------------------
Evaluation over 10 episodes: -5.492
---------------------------------------
Total T: 21000 Episode Num: 21 Episode T: 1000 Reward: -301.237
Total T: 22000 Episode Num: 22 Episode T: 1000 Reward: -350.338
Total T: 23000 Episode Num: 23 Episode T: 1000 Reward: -241.851
Total T: 24000 Episode Num: 24 Episode T: 1000 Reward: -328.543
Total T: 25000 Episode Num: 25 Episode T: 1000 Reward: -137.539
---------------------------------------
Evaluation over 10 episodes: -6.843
---------------------------------------
Total T: 26000 Episode Num: 26 Episode T: 1000 Reward: -182.475
Total T: 27000 Episode Num: 27 Episode T: 1000 Reward: -168.100
Total T: 28000 Episode Num: 28 Episode T: 1000 Reward: -178.231
Total T: 29000 Episode Num: 29 Episode T: 1000 Reward: -205.724
Total T: 30000 Episode Num: 30 Episode T: 1000 Reward: -212.505
---------------------------------------
Evaluation over 10 episodes: -369.654
---------------------------------------
Total T: 31000 Episode Num: 31 Episode T: 1000 Reward: -373.645
Total T: 32000 Episode Num: 32 Episode T: 1000 Reward: -272.920
Total T: 33000 Episode Num: 33 Episode T: 1000 Reward: -395.209
Total T: 34000 Episode Num: 34 Episode T: 1000 Reward: -479.577
Total T: 35000 Episode Num: 35 Episode T: 1000 Reward: -240.520
---------------------------------------
Evaluation over 10 episodes: -258.339
---------------------------------------
Total T: 36000 Episode Num: 36 Episode T: 1000 Reward: -179.853
Total T: 37000 Episode Num: 37 Episode T: 1000 Reward: -73.377
Total T: 38000 Episode Num: 38 Episode T: 1000 Reward: 47.635
Total T: 39000 Episode Num: 39 Episode T: 1000 Reward: 906.177
Total T: 40000 Episode Num: 40 Episode T: 1000 Reward: 1020.800
---------------------------------------
Evaluation over 10 episodes: 1270.813
---------------------------------------
Total T: 41000 Episode Num: 41 Episode T: 1000 Reward: 1259.302
Total T: 42000 Episode Num: 42 Episode T: 1000 Reward: -216.383
Total T: 43000 Episode Num: 43 Episode T: 1000 Reward: 719.099
Total T: 44000 Episode Num: 44 Episode T: 1000 Reward: 1285.673
Total T: 45000 Episode Num: 45 Episode T: 1000 Reward: -37.835
---------------------------------------
Evaluation over 10 episodes: 1561.948
---------------------------------------
Total T: 46000 Episode Num: 46 Episode T: 1000 Reward: 1858.315
Total T: 47000 Episode Num: 47 Episode T: 1000 Reward: 2088.942
Total T: 48000 Episode Num: 48 Episode T: 1000 Reward: 1958.216
Total T: 49000 Episode Num: 49 Episode T: 1000 Reward: 2267.311
Total T: 50000 Episode Num: 50 Episode T: 1000 Reward: 1970.666
---------------------------------------
Evaluation over 10 episodes: 2291.768
---------------------------------------
Total T: 51000 Episode Num: 51 Episode T: 1000 Reward: 2171.979
Total T: 52000 Episode Num: 52 Episode T: 1000 Reward: 2234.041
Total T: 53000 Episode Num: 53 Episode T: 1000 Reward: 2143.243
Total T: 54000 Episode Num: 54 Episode T: 1000 Reward: 2214.973
Total T: 55000 Episode Num: 55 Episode T: 1000 Reward: 2357.625
---------------------------------------
Evaluation over 10 episodes: 2316.733
---------------------------------------
Total T: 56000 Episode Num: 56 Episode T: 1000 Reward: 2484.412
Total T: 57000 Episode Num: 57 Episode T: 1000 Reward: 2288.306
Total T: 58000 Episode Num: 58 Episode T: 1000 Reward: 2460.934
Total T: 59000 Episode Num: 59 Episode T: 1000 Reward: 2477.115
Total T: 60000 Episode Num: 60 Episode T: 1000 Reward: 2579.909
---------------------------------------
Evaluation over 10 episodes: 2423.797
---------------------------------------
Total T: 61000 Episode Num: 61 Episode T: 1000 Reward: 2569.060
Total T: 62000 Episode Num: 62 Episode T: 1000 Reward: 2742.306
Total T: 63000 Episode Num: 63 Episode T: 1000 Reward: 2752.420
Total T: 64000 Episode Num: 64 Episode T: 1000 Reward: 2760.572
Total T: 65000 Episode Num: 65 Episode T: 1000 Reward: 2841.053
---------------------------------------
Evaluation over 10 episodes: 2807.252
---------------------------------------
Total T: 66000 Episode Num: 66 Episode T: 1000 Reward: 2972.789
Total T: 67000 Episode Num: 67 Episode T: 1000 Reward: 2953.870
Total T: 68000 Episode Num: 68 Episode T: 1000 Reward: 2919.270
Total T: 69000 Episode Num: 69 Episode T: 1000 Reward: 2972.802
Total T: 70000 Episode Num: 70 Episode T: 1000 Reward: 3019.209
---------------------------------------
Evaluation over 10 episodes: 2986.500
---------------------------------------
Total T: 71000 Episode Num: 71 Episode T: 1000 Reward: 3011.584
Total T: 72000 Episode Num: 72 Episode T: 1000 Reward: 2994.973
Total T: 73000 Episode Num: 73 Episode T: 1000 Reward: 3048.309
Total T: 74000 Episode Num: 74 Episode T: 1000 Reward: 3299.634
Total T: 75000 Episode Num: 75 Episode T: 1000 Reward: 3051.337
---------------------------------------
Evaluation over 10 episodes: 3085.699
---------------------------------------
Total T: 76000 Episode Num: 76 Episode T: 1000 Reward: 3181.140
Total T: 77000 Episode Num: 77 Episode T: 1000 Reward: 3183.438
Total T: 78000 Episode Num: 78 Episode T: 1000 Reward: 3204.286
Total T: 79000 Episode Num: 79 Episode T: 1000 Reward: 3249.596
Total T: 80000 Episode Num: 80 Episode T: 1000 Reward: 3260.390
---------------------------------------
Evaluation over 10 episodes: 3429.148
---------------------------------------
Total T: 81000 Episode Num: 81 Episode T: 1000 Reward: 3402.563
Total T: 82000 Episode Num: 82 Episode T: 1000 Reward: 3455.167
Total T: 83000 Episode Num: 83 Episode T: 1000 Reward: 3484.228
Total T: 84000 Episode Num: 84 Episode T: 1000 Reward: 3388.082
Total T: 85000 Episode Num: 85 Episode T: 1000 Reward: 3515.869
---------------------------------------
Evaluation over 10 episodes: 3437.348
---------------------------------------
Total T: 86000 Episode Num: 86 Episode T: 1000 Reward: 3373.847
Total T: 87000 Episode Num: 87 Episode T: 1000 Reward: 3477.762
Total T: 88000 Episode Num: 88 Episode T: 1000 Reward: 3463.799
Total T: 89000 Episode Num: 89 Episode T: 1000 Reward: 3545.945
Total T: 90000 Episode Num: 90 Episode T: 1000 Reward: 3485.225
---------------------------------------
Evaluation over 10 episodes: 3519.015
---------------------------------------
Total T: 91000 Episode Num: 91 Episode T: 1000 Reward: 3566.742
Total T: 92000 Episode Num: 92 Episode T: 1000 Reward: 3674.714
Total T: 93000 Episode Num: 93 Episode T: 1000 Reward: 3549.454
Total T: 94000 Episode Num: 94 Episode T: 1000 Reward: 3613.031
Total T: 95000 Episode Num: 95 Episode T: 1000 Reward: 3577.614
---------------------------------------
Evaluation over 10 episodes: 3584.053
---------------------------------------
Total T: 96000 Episode Num: 96 Episode T: 1000 Reward: 3559.345
Total T: 97000 Episode Num: 97 Episode T: 1000 Reward: 3539.182
Total T: 98000 Episode Num: 98 Episode T: 1000 Reward: 3537.656
Total T: 99000 Episode Num: 99 Episode T: 1000 Reward: 3488.756
Total T: 100000 Episode Num: 100 Episode T: 1000 Reward: 3565.801
---------------------------------------
Evaluation over 10 episodes: 3571.242
---------------------------------------
Total T: 101000 Episode Num: 101 Episode T: 1000 Reward: 3540.467
Total T: 102000 Episode Num: 102 Episode T: 1000 Reward: 3476.231
Total T: 103000 Episode Num: 103 Episode T: 1000 Reward: 3588.791
Total T: 104000 Episode Num: 104 Episode T: 1000 Reward: 3533.002
Total T: 105000 Episode Num: 105 Episode T: 1000 Reward: 3576.583
---------------------------------------
Evaluation over 10 episodes: 3569.693
---------------------------------------
Total T: 106000 Episode Num: 106 Episode T: 1000 Reward: 3562.252
Total T: 107000 Episode Num: 107 Episode T: 1000 Reward: 3577.849
Total T: 108000 Episode Num: 108 Episode T: 1000 Reward: 3577.038
Total T: 109000 Episode Num: 109 Episode T: 1000 Reward: 3613.287
Total T: 110000 Episode Num: 110 Episode T: 1000 Reward: 3568.813
---------------------------------------
Evaluation over 10 episodes: 3536.140
---------------------------------------
Total T: 111000 Episode Num: 111 Episode T: 1000 Reward: 3616.330
Total T: 112000 Episode Num: 112 Episode T: 1000 Reward: 3568.816
Total T: 113000 Episode Num: 113 Episode T: 1000 Reward: 3586.744
Total T: 114000 Episode Num: 114 Episode T: 1000 Reward: 3609.431
Total T: 115000 Episode Num: 115 Episode T: 1000 Reward: 3665.584
---------------------------------------
Evaluation over 10 episodes: 3599.189
---------------------------------------
Total T: 116000 Episode Num: 116 Episode T: 1000 Reward: 3677.168
Total T: 117000 Episode Num: 117 Episode T: 1000 Reward: 3653.314
Total T: 118000 Episode Num: 118 Episode T: 1000 Reward: 3627.375
Total T: 119000 Episode Num: 119 Episode T: 1000 Reward: 3654.174
Total T: 120000 Episode Num: 120 Episode T: 1000 Reward: 3744.012
---------------------------------------
Evaluation over 10 episodes: 3653.369
---------------------------------------
Total T: 121000 Episode Num: 121 Episode T: 1000 Reward: 3729.569
Total T: 122000 Episode Num: 122 Episode T: 1000 Reward: 3668.135
Total T: 123000 Episode Num: 123 Episode T: 1000 Reward: 3786.456
Total T: 124000 Episode Num: 124 Episode T: 1000 Reward: 3757.389
Total T: 125000 Episode Num: 125 Episode T: 1000 Reward: 3689.219
---------------------------------------
Evaluation over 10 episodes: 3737.652
---------------------------------------
Total T: 126000 Episode Num: 126 Episode T: 1000 Reward: 3752.546
Total T: 127000 Episode Num: 127 Episode T: 1000 Reward: 3771.294
Total T: 128000 Episode Num: 128 Episode T: 1000 Reward: 3857.525
Total T: 129000 Episode Num: 129 Episode T: 1000 Reward: 3790.917
Total T: 130000 Episode Num: 130 Episode T: 1000 Reward: 3847.400
---------------------------------------
Evaluation over 10 episodes: 3840.063
---------------------------------------
Total T: 131000 Episode Num: 131 Episode T: 1000 Reward: 3826.833
Total T: 132000 Episode Num: 132 Episode T: 1000 Reward: 3821.497
Total T: 133000 Episode Num: 133 Episode T: 1000 Reward: 3897.289
Total T: 134000 Episode Num: 134 Episode T: 1000 Reward: 3779.212
Total T: 135000 Episode Num: 135 Episode T: 1000 Reward: 3890.886
---------------------------------------
Evaluation over 10 episodes: 3834.238
---------------------------------------
Total T: 136000 Episode Num: 136 Episode T: 1000 Reward: 3840.944
Total T: 137000 Episode Num: 137 Episode T: 1000 Reward: 3892.663
Total T: 138000 Episode Num: 138 Episode T: 1000 Reward: 3906.081
Total T: 139000 Episode Num: 139 Episode T: 1000 Reward: 3918.759
Total T: 140000 Episode Num: 140 Episode T: 1000 Reward: 4009.214
---------------------------------------
Evaluation over 10 episodes: 3932.388
---------------------------------------
Total T: 141000 Episode Num: 141 Episode T: 1000 Reward: 3938.597
Total T: 142000 Episode Num: 142 Episode T: 1000 Reward: 3943.322
Total T: 143000 Episode Num: 143 Episode T: 1000 Reward: 4065.652
Total T: 144000 Episode Num: 144 Episode T: 1000 Reward: 4025.374
Total T: 145000 Episode Num: 145 Episode T: 1000 Reward: 4078.935
---------------------------------------
Evaluation over 10 episodes: 3984.594
---------------------------------------
Total T: 146000 Episode Num: 146 Episode T: 1000 Reward: 4074.458
Total T: 147000 Episode Num: 147 Episode T: 1000 Reward: 4200.779
Total T: 148000 Episode Num: 148 Episode T: 1000 Reward: 4154.391
Total T: 149000 Episode Num: 149 Episode T: 1000 Reward: 4195.738
Total T: 150000 Episode Num: 150 Episode T: 1000 Reward: 3971.312
---------------------------------------
Evaluation over 10 episodes: 4142.411
---------------------------------------
Total T: 151000 Episode Num: 151 Episode T: 1000 Reward: 3954.705
Total T: 152000 Episode Num: 152 Episode T: 1000 Reward: 4036.181
Total T: 153000 Episode Num: 153 Episode T: 1000 Reward: 4207.935
Total T: 154000 Episode Num: 154 Episode T: 1000 Reward: 4191.900
Total T: 155000 Episode Num: 155 Episode T: 1000 Reward: 4345.429
---------------------------------------
Evaluation over 10 episodes: 4259.062
---------------------------------------
Total T: 156000 Episode Num: 156 Episode T: 1000 Reward: 4315.837
Total T: 157000 Episode Num: 157 Episode T: 1000 Reward: 4405.515
Total T: 158000 Episode Num: 158 Episode T: 1000 Reward: 4229.505
Total T: 159000 Episode Num: 159 Episode T: 1000 Reward: 4098.116
Total T: 160000 Episode Num: 160 Episode T: 1000 Reward: 4266.556
---------------------------------------
Evaluation over 10 episodes: 3471.125
---------------------------------------
Total T: 161000 Episode Num: 161 Episode T: 1000 Reward: 4094.771
Total T: 162000 Episode Num: 162 Episode T: 1000 Reward: 1607.872
Total T: 163000 Episode Num: 163 Episode T: 1000 Reward: 4324.076
Total T: 164000 Episode Num: 164 Episode T: 1000 Reward: 4388.329
Total T: 165000 Episode Num: 165 Episode T: 1000 Reward: 4339.952
---------------------------------------
Evaluation over 10 episodes: 4025.538
---------------------------------------
Total T: 166000 Episode Num: 166 Episode T: 1000 Reward: 4144.619
Total T: 167000 Episode Num: 167 Episode T: 1000 Reward: 4260.888
Total T: 168000 Episode Num: 168 Episode T: 1000 Reward: 4460.410
Total T: 169000 Episode Num: 169 Episode T: 1000 Reward: 4342.653
Total T: 170000 Episode Num: 170 Episode T: 1000 Reward: 2949.784
---------------------------------------
Evaluation over 10 episodes: 4445.112
---------------------------------------
Total T: 171000 Episode Num: 171 Episode T: 1000 Reward: 4129.004
Total T: 172000 Episode Num: 172 Episode T: 1000 Reward: 4309.681
Total T: 173000 Episode Num: 173 Episode T: 1000 Reward: 4409.514
Total T: 174000 Episode Num: 174 Episode T: 1000 Reward: 4360.935
Total T: 175000 Episode Num: 175 Episode T: 1000 Reward: 4453.754
---------------------------------------
Evaluation over 10 episodes: 4426.197
---------------------------------------
Total T: 176000 Episode Num: 176 Episode T: 1000 Reward: 4338.779
Total T: 177000 Episode Num: 177 Episode T: 1000 Reward: 4331.485
Total T: 178000 Episode Num: 178 Episode T: 1000 Reward: 4413.788
Total T: 179000 Episode Num: 179 Episode T: 1000 Reward: 4447.742
Total T: 180000 Episode Num: 180 Episode T: 1000 Reward: 4342.543
---------------------------------------
Evaluation over 10 episodes: 4548.687
---------------------------------------
Total T: 181000 Episode Num: 181 Episode T: 1000 Reward: 4508.197
Total T: 182000 Episode Num: 182 Episode T: 1000 Reward: 4463.324
Total T: 183000 Episode Num: 183 Episode T: 1000 Reward: 4635.120
Total T: 184000 Episode Num: 184 Episode T: 1000 Reward: 1322.836
Total T: 185000 Episode Num: 185 Episode T: 1000 Reward: 4677.549
---------------------------------------
Evaluation over 10 episodes: 4689.047
---------------------------------------
Total T: 186000 Episode Num: 186 Episode T: 1000 Reward: 4499.984
Total T: 187000 Episode Num: 187 Episode T: 1000 Reward: 4619.742
Total T: 188000 Episode Num: 188 Episode T: 1000 Reward: 4552.996
Total T: 189000 Episode Num: 189 Episode T: 1000 Reward: 4674.373
Total T: 190000 Episode Num: 190 Episode T: 1000 Reward: 4440.227
---------------------------------------
Evaluation over 10 episodes: 4646.302
---------------------------------------
Total T: 191000 Episode Num: 191 Episode T: 1000 Reward: 4725.544
Total T: 192000 Episode Num: 192 Episode T: 1000 Reward: 4606.086
Total T: 193000 Episode Num: 193 Episode T: 1000 Reward: 4609.977
Total T: 194000 Episode Num: 194 Episode T: 1000 Reward: 4642.033
Total T: 195000 Episode Num: 195 Episode T: 1000 Reward: 4659.613
---------------------------------------
Evaluation over 10 episodes: 4607.086
---------------------------------------
Total T: 196000 Episode Num: 196 Episode T: 1000 Reward: 4664.468
Total T: 197000 Episode Num: 197 Episode T: 1000 Reward: 4605.828
Total T: 198000 Episode Num: 198 Episode T: 1000 Reward: 4732.186
Total T: 199000 Episode Num: 199 Episode T: 1000 Reward: 4619.798
Total T: 200000 Episode Num: 200 Episode T: 1000 Reward: 4673.927
---------------------------------------
Evaluation over 10 episodes: 4780.739
---------------------------------------
Total T: 201000 Episode Num: 201 Episode T: 1000 Reward: 1673.944
Total T: 202000 Episode Num: 202 Episode T: 1000 Reward: 4886.698
Total T: 203000 Episode Num: 203 Episode T: 1000 Reward: 4655.961
Total T: 204000 Episode Num: 204 Episode T: 1000 Reward: 4678.292
Total T: 205000 Episode Num: 205 Episode T: 1000 Reward: 4776.461
---------------------------------------
Evaluation over 10 episodes: 4707.603
---------------------------------------
Total T: 206000 Episode Num: 206 Episode T: 1000 Reward: 4753.752
Total T: 207000 Episode Num: 207 Episode T: 1000 Reward: 4752.078
Total T: 208000 Episode Num: 208 Episode T: 1000 Reward: 4724.887
Total T: 209000 Episode Num: 209 Episode T: 1000 Reward: 4824.461
Total T: 210000 Episode Num: 210 Episode T: 1000 Reward: 4773.202
---------------------------------------
Evaluation over 10 episodes: 4734.037
---------------------------------------
Total T: 211000 Episode Num: 211 Episode T: 1000 Reward: 4829.849
Total T: 212000 Episode Num: 212 Episode T: 1000 Reward: 4898.389
Total T: 213000 Episode Num: 213 Episode T: 1000 Reward: 4816.667
Total T: 214000 Episode Num: 214 Episode T: 1000 Reward: 4919.267
Total T: 215000 Episode Num: 215 Episode T: 1000 Reward: 4890.935
---------------------------------------
Evaluation over 10 episodes: 5011.339
---------------------------------------
Total T: 216000 Episode Num: 216 Episode T: 1000 Reward: 4839.234
Total T: 217000 Episode Num: 217 Episode T: 1000 Reward: 4960.772
Total T: 218000 Episode Num: 218 Episode T: 1000 Reward: 4796.346
Total T: 219000 Episode Num: 219 Episode T: 1000 Reward: 4921.851
Total T: 220000 Episode Num: 220 Episode T: 1000 Reward: 4815.911
---------------------------------------
Evaluation over 10 episodes: 4987.180
---------------------------------------
Total T: 221000 Episode Num: 221 Episode T: 1000 Reward: 5007.327
Total T: 222000 Episode Num: 222 Episode T: 1000 Reward: 4953.381
Total T: 223000 Episode Num: 223 Episode T: 1000 Reward: 4898.561
Total T: 224000 Episode Num: 224 Episode T: 1000 Reward: 4825.908
Total T: 225000 Episode Num: 225 Episode T: 1000 Reward: 4958.383
---------------------------------------
Evaluation over 10 episodes: 4775.816
---------------------------------------
Total T: 226000 Episode Num: 226 Episode T: 1000 Reward: 4904.784
Total T: 227000 Episode Num: 227 Episode T: 1000 Reward: 5027.972
Total T: 228000 Episode Num: 228 Episode T: 1000 Reward: 4886.219
Total T: 229000 Episode Num: 229 Episode T: 1000 Reward: 5059.932
Total T: 230000 Episode Num: 230 Episode T: 1000 Reward: 5102.182
---------------------------------------
Evaluation over 10 episodes: 5151.419
---------------------------------------
Total T: 231000 Episode Num: 231 Episode T: 1000 Reward: 4909.688
Total T: 232000 Episode Num: 232 Episode T: 1000 Reward: 5059.121
Total T: 233000 Episode Num: 233 Episode T: 1000 Reward: 4987.903
Total T: 234000 Episode Num: 234 Episode T: 1000 Reward: 4962.020
Total T: 235000 Episode Num: 235 Episode T: 1000 Reward: 5072.595
---------------------------------------
Evaluation over 10 episodes: 5215.401
---------------------------------------
Total T: 236000 Episode Num: 236 Episode T: 1000 Reward: 4990.506
Total T: 237000 Episode Num: 237 Episode T: 1000 Reward: 5007.276
Total T: 238000 Episode Num: 238 Episode T: 1000 Reward: 5073.064
Total T: 239000 Episode Num: 239 Episode T: 1000 Reward: 5075.249
Total T: 240000 Episode Num: 240 Episode T: 1000 Reward: 5102.031
---------------------------------------
Evaluation over 10 episodes: 5067.034
---------------------------------------
Total T: 241000 Episode Num: 241 Episode T: 1000 Reward: 5227.459
Total T: 242000 Episode Num: 242 Episode T: 1000 Reward: 4886.403
Total T: 243000 Episode Num: 243 Episode T: 1000 Reward: 5083.837
Total T: 244000 Episode Num: 244 Episode T: 1000 Reward: 4989.982
Total T: 245000 Episode Num: 245 Episode T: 1000 Reward: 5135.796
---------------------------------------
Evaluation over 10 episodes: 5501.806
---------------------------------------
Total T: 246000 Episode Num: 246 Episode T: 1000 Reward: 5045.923
Total T: 247000 Episode Num: 247 Episode T: 1000 Reward: 5197.123
Total T: 248000 Episode Num: 248 Episode T: 1000 Reward: 5193.597
Total T: 249000 Episode Num: 249 Episode T: 1000 Reward: 5116.850
Total T: 250000 Episode Num: 250 Episode T: 1000 Reward: 5030.137
---------------------------------------
Evaluation over 10 episodes: 5573.498
---------------------------------------
Total T: 251000 Episode Num: 251 Episode T: 1000 Reward: 4971.752
Total T: 252000 Episode Num: 252 Episode T: 1000 Reward: 5237.865
Total T: 253000 Episode Num: 253 Episode T: 1000 Reward: 5147.265
Total T: 254000 Episode Num: 254 Episode T: 1000 Reward: 5291.488
Total T: 255000 Episode Num: 255 Episode T: 1000 Reward: 5075.158
---------------------------------------
Evaluation over 10 episodes: 5281.447
---------------------------------------
Total T: 256000 Episode Num: 256 Episode T: 1000 Reward: 5012.101
Total T: 257000 Episode Num: 257 Episode T: 1000 Reward: 5304.474
Total T: 258000 Episode Num: 258 Episode T: 1000 Reward: 5279.331
Total T: 259000 Episode Num: 259 Episode T: 1000 Reward: 5185.787
Total T: 260000 Episode Num: 260 Episode T: 1000 Reward: 5260.547
---------------------------------------
Evaluation over 10 episodes: 4120.671
---------------------------------------
Total T: 261000 Episode Num: 261 Episode T: 1000 Reward: 5157.050
Total T: 262000 Episode Num: 262 Episode T: 1000 Reward: 5301.091
Total T: 263000 Episode Num: 263 Episode T: 1000 Reward: 5154.580
Total T: 264000 Episode Num: 264 Episode T: 1000 Reward: 5351.778
Total T: 265000 Episode Num: 265 Episode T: 1000 Reward: 5287.785
---------------------------------------
Evaluation over 10 episodes: 5410.876
---------------------------------------
Total T: 266000 Episode Num: 266 Episode T: 1000 Reward: 5365.415
Total T: 267000 Episode Num: 267 Episode T: 1000 Reward: 5191.860
Total T: 268000 Episode Num: 268 Episode T: 1000 Reward: 5308.727
Total T: 269000 Episode Num: 269 Episode T: 1000 Reward: 5312.193
Total T: 270000 Episode Num: 270 Episode T: 1000 Reward: 5423.299
---------------------------------------
Evaluation over 10 episodes: 5189.074
---------------------------------------
Total T: 271000 Episode Num: 271 Episode T: 1000 Reward: 5187.973
Total T: 272000 Episode Num: 272 Episode T: 1000 Reward: 5336.376
Total T: 273000 Episode Num: 273 Episode T: 1000 Reward: 4916.751
Total T: 274000 Episode Num: 274 Episode T: 1000 Reward: 5405.060
Total T: 275000 Episode Num: 275 Episode T: 1000 Reward: 5326.146
---------------------------------------
Evaluation over 10 episodes: 5265.244
---------------------------------------
Total T: 276000 Episode Num: 276 Episode T: 1000 Reward: 5283.177