---------------------------------------
Policy: TD3, Env: HalfCheetah-v2, Seed: 1
---------------------------------------
---------------------------------------
Evaluation over 10 episodes: -1.678
---------------------------------------
Total T: 1000 Episode Num: 1 Episode T: 1000 Reward: -245.218
Total T: 2000 Episode Num: 2 Episode T: 1000 Reward: -293.362
Total T: 3000 Episode Num: 3 Episode T: 1000 Reward: -390.900
Total T: 4000 Episode Num: 4 Episode T: 1000 Reward: -230.847
Total T: 5000 Episode Num: 5 Episode T: 1000 Reward: -122.657
---------------------------------------
Evaluation over 10 episodes: -1.666
---------------------------------------
Total T: 6000 Episode Num: 6 Episode T: 1000 Reward: -206.726
Total T: 7000 Episode Num: 7 Episode T: 1000 Reward: -256.095
Total T: 8000 Episode Num: 8 Episode T: 1000 Reward: -315.205
Total T: 9000 Episode Num: 9 Episode T: 1000 Reward: -186.219
Total T: 10000 Episode Num: 10 Episode T: 1000 Reward: -172.017
---------------------------------------
Evaluation over 10 episodes: -1.662
---------------------------------------
Total T: 11000 Episode Num: 11 Episode T: 1000 Reward: -354.442
Total T: 12000 Episode Num: 12 Episode T: 1000 Reward: -365.633
Total T: 13000 Episode Num: 13 Episode T: 1000 Reward: -373.017
Total T: 14000 Episode Num: 14 Episode T: 1000 Reward: -198.073
Total T: 15000 Episode Num: 15 Episode T: 1000 Reward: -182.998
---------------------------------------
Evaluation over 10 episodes: -1.686
---------------------------------------
Total T: 16000 Episode Num: 16 Episode T: 1000 Reward: -282.289
Total T: 17000 Episode Num: 17 Episode T: 1000 Reward: -294.484
Total T: 18000 Episode Num: 18 Episode T: 1000 Reward: -187.710
Total T: 19000 Episode Num: 19 Episode T: 1000 Reward: -513.868
Total T: 20000 Episode Num: 20 Episode T: 1000 Reward: -451.190
---------------------------------------
Evaluation over 10 episodes: -1.642
---------------------------------------
Total T: 21000 Episode Num: 21 Episode T: 1000 Reward: -102.644
Total T: 22000 Episode Num: 22 Episode T: 1000 Reward: -328.854
Total T: 23000 Episode Num: 23 Episode T: 1000 Reward: -213.190
Total T: 24000 Episode Num: 24 Episode T: 1000 Reward: -270.026
Total T: 25000 Episode Num: 25 Episode T: 1000 Reward: -425.705
---------------------------------------
Evaluation over 10 episodes: -1.635
---------------------------------------
Total T: 26000 Episode Num: 26 Episode T: 1000 Reward: -293.432
Total T: 27000 Episode Num: 27 Episode T: 1000 Reward: -315.779
Total T: 28000 Episode Num: 28 Episode T: 1000 Reward: -370.583
Total T: 29000 Episode Num: 29 Episode T: 1000 Reward: -305.174
Total T: 30000 Episode Num: 30 Episode T: 1000 Reward: -461.268
---------------------------------------
Evaluation over 10 episodes: -475.518
---------------------------------------
Total T: 31000 Episode Num: 31 Episode T: 1000 Reward: -486.172
Total T: 32000 Episode Num: 32 Episode T: 1000 Reward: -379.675
Total T: 33000 Episode Num: 33 Episode T: 1000 Reward: -281.430
Total T: 34000 Episode Num: 34 Episode T: 1000 Reward: -247.688
Total T: 35000 Episode Num: 35 Episode T: 1000 Reward: -186.533
---------------------------------------
Evaluation over 10 episodes: -181.764
---------------------------------------
Total T: 36000 Episode Num: 36 Episode T: 1000 Reward: -255.664
Total T: 37000 Episode Num: 37 Episode T: 1000 Reward: -313.524
Total T: 38000 Episode Num: 38 Episode T: 1000 Reward: -296.322
Total T: 39000 Episode Num: 39 Episode T: 1000 Reward: 307.249
Total T: 40000 Episode Num: 40 Episode T: 1000 Reward: 838.115
---------------------------------------
Evaluation over 10 episodes: 1230.158
---------------------------------------
Total T: 41000 Episode Num: 41 Episode T: 1000 Reward: 789.843
Total T: 42000 Episode Num: 42 Episode T: 1000 Reward: 1374.860
Total T: 43000 Episode Num: 43 Episode T: 1000 Reward: 1405.914
Total T: 44000 Episode Num: 44 Episode T: 1000 Reward: 1591.294
Total T: 45000 Episode Num: 45 Episode T: 1000 Reward: 1876.094
---------------------------------------
Evaluation over 10 episodes: 1470.215
---------------------------------------
Total T: 46000 Episode Num: 46 Episode T: 1000 Reward: 2222.876
Total T: 47000 Episode Num: 47 Episode T: 1000 Reward: 1788.725
Total T: 48000 Episode Num: 48 Episode T: 1000 Reward: 2009.337
Total T: 49000 Episode Num: 49 Episode T: 1000 Reward: 1708.269
Total T: 50000 Episode Num: 50 Episode T: 1000 Reward: 2312.294
---------------------------------------
Evaluation over 10 episodes: 2182.085
---------------------------------------
Total T: 51000 Episode Num: 51 Episode T: 1000 Reward: 2530.947
Total T: 52000 Episode Num: 52 Episode T: 1000 Reward: 45.612
Total T: 53000 Episode Num: 53 Episode T: 1000 Reward: 2724.202
Total T: 54000 Episode Num: 54 Episode T: 1000 Reward: 2639.636
Total T: 55000 Episode Num: 55 Episode T: 1000 Reward: 292.600
---------------------------------------
Evaluation over 10 episodes: 2358.900
---------------------------------------
Total T: 56000 Episode Num: 56 Episode T: 1000 Reward: 2773.736
Total T: 57000 Episode Num: 57 Episode T: 1000 Reward: 2265.079
Total T: 58000 Episode Num: 58 Episode T: 1000 Reward: 2832.367
Total T: 59000 Episode Num: 59 Episode T: 1000 Reward: 2762.029
Total T: 60000 Episode Num: 60 Episode T: 1000 Reward: 2824.866
---------------------------------------
Evaluation over 10 episodes: 2564.782
---------------------------------------
Total T: 61000 Episode Num: 61 Episode T: 1000 Reward: 2735.169
Total T: 62000 Episode Num: 62 Episode T: 1000 Reward: 2703.598
Total T: 63000 Episode Num: 63 Episode T: 1000 Reward: 3309.158
Total T: 64000 Episode Num: 64 Episode T: 1000 Reward: 2894.867
Total T: 65000 Episode Num: 65 Episode T: 1000 Reward: 2875.299
---------------------------------------
Evaluation over 10 episodes: 2383.781
---------------------------------------
Total T: 66000 Episode Num: 66 Episode T: 1000 Reward: 3111.737
Total T: 67000 Episode Num: 67 Episode T: 1000 Reward: 1714.170
Total T: 68000 Episode Num: 68 Episode T: 1000 Reward: 3106.316
Total T: 69000 Episode Num: 69 Episode T: 1000 Reward: 3173.525
Total T: 70000 Episode Num: 70 Episode T: 1000 Reward: 6.826
---------------------------------------
Evaluation over 10 episodes: 2915.721
---------------------------------------
Total T: 71000 Episode Num: 71 Episode T: 1000 Reward: 393.300
Total T: 72000 Episode Num: 72 Episode T: 1000 Reward: 3179.982
Total T: 73000 Episode Num: 73 Episode T: 1000 Reward: 3065.212
Total T: 74000 Episode Num: 74 Episode T: 1000 Reward: 3380.264
Total T: 75000 Episode Num: 75 Episode T: 1000 Reward: 3189.473
---------------------------------------
Evaluation over 10 episodes: 3520.777
---------------------------------------
Total T: 76000 Episode Num: 76 Episode T: 1000 Reward: 3397.214
Total T: 77000 Episode Num: 77 Episode T: 1000 Reward: 3503.530
Total T: 78000 Episode Num: 78 Episode T: 1000 Reward: 3924.338
Total T: 79000 Episode Num: 79 Episode T: 1000 Reward: 3683.460
Total T: 80000 Episode Num: 80 Episode T: 1000 Reward: 3653.431
---------------------------------------
Evaluation over 10 episodes: 3915.335
---------------------------------------
Total T: 81000 Episode Num: 81 Episode T: 1000 Reward: 3704.525
Total T: 82000 Episode Num: 82 Episode T: 1000 Reward: 3774.059
Total T: 83000 Episode Num: 83 Episode T: 1000 Reward: 3887.384
Total T: 84000 Episode Num: 84 Episode T: 1000 Reward: 3735.037
Total T: 85000 Episode Num: 85 Episode T: 1000 Reward: 3811.016
---------------------------------------
Evaluation over 10 episodes: 3861.562
---------------------------------------
Total T: 86000 Episode Num: 86 Episode T: 1000 Reward: 3728.254
Total T: 87000 Episode Num: 87 Episode T: 1000 Reward: 3974.844
Total T: 88000 Episode Num: 88 Episode T: 1000 Reward: 3694.150
Total T: 89000 Episode Num: 89 Episode T: 1000 Reward: 4049.259
Total T: 90000 Episode Num: 90 Episode T: 1000 Reward: 3875.516
---------------------------------------
Evaluation over 10 episodes: 3828.456
---------------------------------------
Total T: 91000 Episode Num: 91 Episode T: 1000 Reward: 3823.043
Total T: 92000 Episode Num: 92 Episode T: 1000 Reward: 3953.216