---------------------------------------
Policy: TD3, Env: HalfCheetah-v2, Seed: 0
---------------------------------------
---------------------------------------
Evaluation over 10 episodes: -10.902
---------------------------------------
Total T: 1000 Episode Num: 1 Episode T: 1000 Reward: -185.333
Total T: 2000 Episode Num: 2 Episode T: 1000 Reward: -187.836
Total T: 3000 Episode Num: 3 Episode T: 1000 Reward: -411.942
Total T: 4000 Episode Num: 4 Episode T: 1000 Reward: -275.710
Total T: 5000 Episode Num: 5 Episode T: 1000 Reward: -248.201
---------------------------------------
Evaluation over 10 episodes: -10.024
---------------------------------------
Total T: 6000 Episode Num: 6 Episode T: 1000 Reward: -426.964
Total T: 7000 Episode Num: 7 Episode T: 1000 Reward: -350.529
Total T: 8000 Episode Num: 8 Episode T: 1000 Reward: -222.691
Total T: 9000 Episode Num: 9 Episode T: 1000 Reward: -392.430
Total T: 10000 Episode Num: 10 Episode T: 1000 Reward: -174.636
---------------------------------------
Evaluation over 10 episodes: -10.435
---------------------------------------
Total T: 11000 Episode Num: 11 Episode T: 1000 Reward: -221.113
Total T: 12000 Episode Num: 12 Episode T: 1000 Reward: -273.745
Total T: 13000 Episode Num: 13 Episode T: 1000 Reward: -153.452
Total T: 14000 Episode Num: 14 Episode T: 1000 Reward: -115.359
Total T: 15000 Episode Num: 15 Episode T: 1000 Reward: -310.733
---------------------------------------
Evaluation over 10 episodes: -7.953
---------------------------------------
Total T: 16000 Episode Num: 16 Episode T: 1000 Reward: -399.765
Total T: 17000 Episode Num: 17 Episode T: 1000 Reward: -364.164
Total T: 18000 Episode Num: 18 Episode T: 1000 Reward: -360.279
Total T: 19000 Episode Num: 19 Episode T: 1000 Reward: -259.324
Total T: 20000 Episode Num: 20 Episode T: 1000 Reward: -426.186
---------------------------------------
Evaluation over 10 episodes: -9.561
---------------------------------------
Total T: 21000 Episode Num: 21 Episode T: 1000 Reward: -230.819
Total T: 22000 Episode Num: 22 Episode T: 1000 Reward: -287.838
Total T: 23000 Episode Num: 23 Episode T: 1000 Reward: -182.980
Total T: 24000 Episode Num: 24 Episode T: 1000 Reward: -304.657
Total T: 25000 Episode Num: 25 Episode T: 1000 Reward: -271.668
---------------------------------------
Evaluation over 10 episodes: -11.858
---------------------------------------
Total T: 26000 Episode Num: 26 Episode T: 1000 Reward: -475.045
Total T: 27000 Episode Num: 27 Episode T: 1000 Reward: -480.956
Total T: 28000 Episode Num: 28 Episode T: 1000 Reward: -516.823
Total T: 29000 Episode Num: 29 Episode T: 1000 Reward: -383.792
Total T: 30000 Episode Num: 30 Episode T: 1000 Reward: -431.146
---------------------------------------
Evaluation over 10 episodes: -535.208
---------------------------------------
Total T: 31000 Episode Num: 31 Episode T: 1000 Reward: -306.488
Total T: 32000 Episode Num: 32 Episode T: 1000 Reward: -222.427
Total T: 33000 Episode Num: 33 Episode T: 1000 Reward: -94.572
Total T: 34000 Episode Num: 34 Episode T: 1000 Reward: -297.345
Total T: 35000 Episode Num: 35 Episode T: 1000 Reward: -385.239
---------------------------------------
Evaluation over 10 episodes: -457.397
---------------------------------------
Total T: 36000 Episode Num: 36 Episode T: 1000 Reward: -422.557
Total T: 37000 Episode Num: 37 Episode T: 1000 Reward: -550.145
Total T: 38000 Episode Num: 38 Episode T: 1000 Reward: -703.998
Total T: 39000 Episode Num: 39 Episode T: 1000 Reward: -446.291
Total T: 40000 Episode Num: 40 Episode T: 1000 Reward: -418.598
---------------------------------------
Evaluation over 10 episodes: -131.049
---------------------------------------
Total T: 41000 Episode Num: 41 Episode T: 1000 Reward: 179.116
Total T: 42000 Episode Num: 42 Episode T: 1000 Reward: -29.356
Total T: 43000 Episode Num: 43 Episode T: 1000 Reward: -196.644
Total T: 44000 Episode Num: 44 Episode T: 1000 Reward: 47.855
Total T: 45000 Episode Num: 45 Episode T: 1000 Reward: -333.710
---------------------------------------
Evaluation over 10 episodes: 224.159
---------------------------------------
Total T: 46000 Episode Num: 46 Episode T: 1000 Reward: 101.899
Total T: 47000 Episode Num: 47 Episode T: 1000 Reward: -41.738
Total T: 48000 Episode Num: 48 Episode T: 1000 Reward: -229.173
Total T: 49000 Episode Num: 49 Episode T: 1000 Reward: 405.674
Total T: 50000 Episode Num: 50 Episode T: 1000 Reward: 1568.940
---------------------------------------
Evaluation over 10 episodes: 1455.134
---------------------------------------
Total T: 51000 Episode Num: 51 Episode T: 1000 Reward: 1427.276
Total T: 52000 Episode Num: 52 Episode T: 1000 Reward: 1552.230
Total T: 53000 Episode Num: 53 Episode T: 1000 Reward: 1608.908
Total T: 54000 Episode Num: 54 Episode T: 1000 Reward: 1451.188
Total T: 55000 Episode Num: 55 Episode T: 1000 Reward: 2255.538
---------------------------------------
Evaluation over 10 episodes: 1982.459
---------------------------------------
Total T: 56000 Episode Num: 56 Episode T: 1000 Reward: 2209.238
Total T: 57000 Episode Num: 57 Episode T: 1000 Reward: 2366.299
Total T: 58000 Episode Num: 58 Episode T: 1000 Reward: 2431.801
Total T: 59000 Episode Num: 59 Episode T: 1000 Reward: 2576.495
Total T: 60000 Episode Num: 60 Episode T: 1000 Reward: 2750.918
---------------------------------------
Evaluation over 10 episodes: 2648.322
---------------------------------------
Total T: 61000 Episode Num: 61 Episode T: 1000 Reward: 2563.459
Total T: 62000 Episode Num: 62 Episode T: 1000 Reward: 2725.304
Total T: 63000 Episode Num: 63 Episode T: 1000 Reward: 2358.463
Total T: 64000 Episode Num: 64 Episode T: 1000 Reward: 562.963
Total T: 65000 Episode Num: 65 Episode T: 1000 Reward: 2882.075
---------------------------------------
Evaluation over 10 episodes: 2635.744
---------------------------------------
Total T: 66000 Episode Num: 66 Episode T: 1000 Reward: 3323.624
Total T: 67000 Episode Num: 67 Episode T: 1000 Reward: 445.859
Total T: 68000 Episode Num: 68 Episode T: 1000 Reward: 3145.197
Total T: 69000 Episode Num: 69 Episode T: 1000 Reward: 3105.011
Total T: 70000 Episode Num: 70 Episode T: 1000 Reward: 3196.824
---------------------------------------
Evaluation over 10 episodes: 3297.941
---------------------------------------
Total T: 71000 Episode Num: 71 Episode T: 1000 Reward: 3219.239
Total T: 72000 Episode Num: 72 Episode T: 1000 Reward: 3133.339
Total T: 73000 Episode Num: 73 Episode T: 1000 Reward: 976.130
Total T: 74000 Episode Num: 74 Episode T: 1000 Reward: 3360.523
Total T: 75000 Episode Num: 75 Episode T: 1000 Reward: 3370.540
---------------------------------------
Evaluation over 10 episodes: 3263.980
---------------------------------------
Total T: 76000 Episode Num: 76 Episode T: 1000 Reward: 3636.441
Total T: 77000 Episode Num: 77 Episode T: 1000 Reward: 3620.402
Total T: 78000 Episode Num: 78 Episode T: 1000 Reward: 3211.224
Total T: 79000 Episode Num: 79 Episode T: 1000 Reward: 3401.927
Total T: 80000 Episode Num: 80 Episode T: 1000 Reward: 3388.461
---------------------------------------
Evaluation over 10 episodes: 3619.021
---------------------------------------
Total T: 81000 Episode Num: 81 Episode T: 1000 Reward: 3387.455
Total T: 82000 Episode Num: 82 Episode T: 1000 Reward: 3497.296
Total T: 83000 Episode Num: 83 Episode T: 1000 Reward: 3580.598
Total T: 84000 Episode Num: 84 Episode T: 1000 Reward: 3491.116
Total T: 85000 Episode Num: 85 Episode T: 1000 Reward: 3839.028
---------------------------------------
Evaluation over 10 episodes: 3833.295
---------------------------------------
Total T: 86000 Episode Num: 86 Episode T: 1000 Reward: 3373.023
Total T: 87000 Episode Num: 87 Episode T: 1000 Reward: 3733.155
Total T: 88000 Episode Num: 88 Episode T: 1000 Reward: 3918.191
Total T: 89000 Episode Num: 89 Episode T: 1000 Reward: 3711.908
Total T: 90000 Episode Num: 90 Episode T: 1000 Reward: 3759.625
---------------------------------------
Evaluation over 10 episodes: 3991.369
---------------------------------------
Total T: 91000 Episode Num: 91 Episode T: 1000 Reward: 3723.314
Total T: 92000 Episode Num: 92 Episode T: 1000 Reward: 3637.881
Total T: 93000 Episode Num: 93 Episode T: 1000 Reward: 3678.797
Total T: 94000 Episode Num: 94 Episode T: 1000 Reward: 4006.659
Total T: 95000 Episode Num: 95 Episode T: 1000 Reward: 3655.529
---------------------------------------
Evaluation over 10 episodes: 3686.731
---------------------------------------
Total T: 96000 Episode Num: 96 Episode T: 1000 Reward: 3976.047
Total T: 97000 Episode Num: 97 Episode T: 1000 Reward: 3771.113
Total T: 98000 Episode Num: 98 Episode T: 1000 Reward: 3813.789
Total T: 99000 Episode Num: 99 Episode T: 1000 Reward: 3895.890
Total T: 100000 Episode Num: 100 Episode T: 1000 Reward: 3923.159
---------------------------------------
Evaluation over 10 episodes: 3952.343
---------------------------------------
Total T: 101000 Episode Num: 101 Episode T: 1000 Reward: 3843.980
Total T: 102000 Episode Num: 102 Episode T: 1000 Reward: 4011.623
Total T: 103000 Episode Num: 103 Episode T: 1000 Reward: 3798.275
Total T: 104000 Episode Num: 104 Episode T: 1000 Reward: 3714.015
Total T: 105000 Episode Num: 105 Episode T: 1000 Reward: 3999.428
---------------------------------------
Evaluation over 10 episodes: 4017.994
---------------------------------------
Total T: 106000 Episode Num: 106 Episode T: 1000 Reward: 3892.262
Total T: 107000 Episode Num: 107 Episode T: 1000 Reward: 4093.847
Total T: 108000 Episode Num: 108 Episode T: 1000 Reward: 4026.143
Total T: 109000 Episode Num: 109 Episode T: 1000 Reward: 4066.450
Total T: 110000 Episode Num: 110 Episode T: 1000 Reward: 3994.294
---------------------------------------
Evaluation over 10 episodes: 4066.476
---------------------------------------
Total T: 111000 Episode Num: 111 Episode T: 1000 Reward: 4127.993
Total T: 112000 Episode Num: 112 Episode T: 1000 Reward: 4193.414
Total T: 113000 Episode Num: 113 Episode T: 1000 Reward: 4255.835
Total T: 114000 Episode Num: 114 Episode T: 1000 Reward: 4003.055
Total T: 115000 Episode Num: 115 Episode T: 1000 Reward: 4208.638
---------------------------------------
Evaluation over 10 episodes: 4367.473
---------------------------------------
Total T: 116000 Episode Num: 116 Episode T: 1000 Reward: 4448.180
Total T: 117000 Episode Num: 117 Episode T: 1000 Reward: 4147.907
Total T: 118000 Episode Num: 118 Episode T: 1000 Reward: 4253.489
Total T: 119000 Episode Num: 119 Episode T: 1000 Reward: 4359.128
Total T: 120000 Episode Num: 120 Episode T: 1000 Reward: 4342.166
---------------------------------------
Evaluation over 10 episodes: 4390.997
---------------------------------------
Total T: 121000 Episode Num: 121 Episode T: 1000 Reward: 4394.171
Total T: 122000 Episode Num: 122 Episode T: 1000 Reward: 4365.020
Total T: 123000 Episode Num: 123 Episode T: 1000 Reward: 4443.326
Total T: 124000 Episode Num: 124 Episode T: 1000 Reward: 4363.636
Total T: 125000 Episode Num: 125 Episode T: 1000 Reward: 4527.758
---------------------------------------
Evaluation over 10 episodes: 4470.194
---------------------------------------
Total T: 126000 Episode Num: 126 Episode T: 1000 Reward: 4386.402
Total T: 127000 Episode Num: 127 Episode T: 1000 Reward: 4433.400
Total T: 128000 Episode Num: 128 Episode T: 1000 Reward: 4449.349
Total T: 129000 Episode Num: 129 Episode T: 1000 Reward: 4658.596
Total T: 130000 Episode Num: 130 Episode T: 1000 Reward: 4404.423
---------------------------------------
Evaluation over 10 episodes: 4646.580
---------------------------------------
Total T: 131000 Episode Num: 131 Episode T: 1000 Reward: 4615.024
Total T: 132000 Episode Num: 132 Episode T: 1000 Reward: 4728.870
Total T: 133000 Episode Num: 133 Episode T: 1000 Reward: 4852.010
Total T: 134000 Episode Num: 134 Episode T: 1000 Reward: 3663.294
Total T: 135000 Episode Num: 135 Episode T: 1000 Reward: 4832.258
---------------------------------------
Evaluation over 10 episodes: 4594.396
---------------------------------------
Total T: 136000 Episode Num: 136 Episode T: 1000 Reward: 4490.594
Total T: 137000 Episode Num: 137 Episode T: 1000 Reward: 4600.955
Total T: 138000 Episode Num: 138 Episode T: 1000 Reward: 4752.867
Total T: 139000 Episode Num: 139 Episode T: 1000 Reward: 4726.029
Total T: 140000 Episode Num: 140 Episode T: 1000 Reward: 4770.576
---------------------------------------
Evaluation over 10 episodes: 4816.164
---------------------------------------
Total T: 141000 Episode Num: 141 Episode T: 1000 Reward: 4765.821
Total T: 142000 Episode Num: 142 Episode T: 1000 Reward: 4656.797
Total T: 143000 Episode Num: 143 Episode T: 1000 Reward: 4832.212
Total T: 144000 Episode Num: 144 Episode T: 1000 Reward: 4844.432
Total T: 145000 Episode Num: 145 Episode T: 1000 Reward: 4746.336
---------------------------------------
Evaluation over 10 episodes: 4835.917
---------------------------------------
Total T: 146000 Episode Num: 146 Episode T: 1000 Reward: 4720.152
Total T: 147000 Episode Num: 147 Episode T: 1000 Reward: 4878.258
Total T: 148000 Episode Num: 148 Episode T: 1000 Reward: 4756.213
Total T: 149000 Episode Num: 149 Episode T: 1000 Reward: 4867.821
Total T: 150000 Episode Num: 150 Episode T: 1000 Reward: 4740.756
---------------------------------------
Evaluation over 10 episodes: 4574.638
---------------------------------------
Total T: 151000 Episode Num: 151 Episode T: 1000 Reward: 4812.449
Total T: 152000 Episode Num: 152 Episode T: 1000 Reward: 4998.915
Total T: 153000 Episode Num: 153 Episode T: 1000 Reward: 4952.535
Total T: 154000 Episode Num: 154 Episode T: 1000 Reward: 4926.789
Total T: 155000 Episode Num: 155 Episode T: 1000 Reward: 4854.631
---------------------------------------
Evaluation over 10 episodes: 4997.217
---------------------------------------
Total T: 156000 Episode Num: 156 Episode T: 1000 Reward: 5008.301
Total T: 157000 Episode Num: 157 Episode T: 1000 Reward: 4864.199
Total T: 158000 Episode Num: 158 Episode T: 1000 Reward: 5012.316
Total T: 159000 Episode Num: 159 Episode T: 1000 Reward: 4962.379
Total T: 160000 Episode Num: 160 Episode T: 1000 Reward: 4930.908
---------------------------------------
Evaluation over 10 episodes: 4915.589
---------------------------------------
Total T: 161000 Episode Num: 161 Episode T: 1000 Reward: 5008.148
Total T: 162000 Episode Num: 162 Episode T: 1000 Reward: 4996.771
Total T: 163000 Episode Num: 163 Episode T: 1000 Reward: 5037.404
Total T: 164000 Episode Num: 164 Episode T: 1000 Reward: 5091.128
Total T: 165000 Episode Num: 165 Episode T: 1000 Reward: 5156.889
---------------------------------------
Evaluation over 10 episodes: 4912.403
---------------------------------------
Total T: 166000 Episode Num: 166 Episode T: 1000 Reward: 4843.414
Total T: 167000 Episode Num: 167 Episode T: 1000 Reward: 4984.324
Total T: 168000 Episode Num: 168 Episode T: 1000 Reward: 4886.982
Total T: 169000 Episode Num: 169 Episode T: 1000 Reward: 5125.901
Total T: 170000 Episode Num: 170 Episode T: 1000 Reward: 4814.510
---------------------------------------
Evaluation over 10 episodes: 4932.148
---------------------------------------
Total T: 171000 Episode Num: 171 Episode T: 1000 Reward: 5153.033
Total T: 172000 Episode Num: 172 Episode T: 1000 Reward: 4984.706
Total T: 173000 Episode Num: 173 Episode T: 1000 Reward: 5086.159
Total T: 174000 Episode Num: 174 Episode T: 1000 Reward: 5230.926
Total T: 175000 Episode Num: 175 Episode T: 1000 Reward: 4980.936
---------------------------------------
Evaluation over 10 episodes: 5083.740
---------------------------------------
Total T: 176000 Episode Num: 176 Episode T: 1000 Reward: 5194.484
Total T: 177000 Episode Num: 177 Episode T: 1000 Reward: 5136.194
Total T: 178000 Episode Num: 178 Episode T: 1000 Reward: 5143.060
Total T: 179000 Episode Num: 179 Episode T: 1000 Reward: 5236.214
Total T: 180000 Episode Num: 180 Episode T: 1000 Reward: 5146.386
---------------------------------------
Evaluation over 10 episodes: 5202.807
---------------------------------------
Total T: 181000 Episode Num: 181 Episode T: 1000 Reward: 5097.224
Total T: 182000 Episode Num: 182 Episode T: 1000 Reward: 5161.043
Total T: 183000 Episode Num: 183 Episode T: 1000 Reward: 5115.105
Total T: 184000 Episode Num: 184 Episode T: 1000 Reward: 5093.002
Total T: 185000 Episode Num: 185 Episode T: 1000 Reward: 5202.826
---------------------------------------
Evaluation over 10 episodes: 5268.588
---------------------------------------
Total T: 186000 Episode Num: 186 Episode T: 1000 Reward: 5169.696
Total T: 187000 Episode Num: 187 Episode T: 1000 Reward: 5173.370
Total T: 188000 Episode Num: 188 Episode T: 1000 Reward: 5287.261
Total T: 189000 Episode Num: 189 Episode T: 1000 Reward: 5316.964
Total T: 190000 Episode Num: 190 Episode T: 1000 Reward: 5143.163
---------------------------------------
Evaluation over 10 episodes: 5284.977
---------------------------------------
Total T: 191000 Episode Num: 191 Episode T: 1000 Reward: 5224.918
Total T: 192000 Episode Num: 192 Episode T: 1000 Reward: 5274.387
Total T: 193000 Episode Num: 193 Episode T: 1000 Reward: 5208.566
Total T: 194000 Episode Num: 194 Episode T: 1000 Reward: 5383.693
Total T: 195000 Episode Num: 195 Episode T: 1000 Reward: 5186.263
---------------------------------------
Evaluation over 10 episodes: 5297.934
---------------------------------------
Total T: 196000 Episode Num: 196 Episode T: 1000 Reward: 5313.668
Total T: 197000 Episode Num: 197 Episode T: 1000 Reward: 5304.169
Total T: 198000 Episode Num: 198 Episode T: 1000 Reward: 5454.809
Total T: 199000 Episode Num: 199 Episode T: 1000 Reward: 5343.417
Total T: 200000 Episode Num: 200 Episode T: 1000 Reward: 5475.435
---------------------------------------
Evaluation over 10 episodes: 5297.084
---------------------------------------
Total T: 201000 Episode Num: 201 Episode T: 1000 Reward: 5390.989
Total T: 202000 Episode Num: 202 Episode T: 1000 Reward: 5374.716
Total T: 203000 Episode Num: 203 Episode T: 1000 Reward: 5362.626
Total T: 204000 Episode Num: 204 Episode T: 1000 Reward: 5414.445
Total T: 205000 Episode Num: 205 Episode T: 1000 Reward: 5462.596
---------------------------------------
Evaluation over 10 episodes: 5487.786
---------------------------------------
Total T: 206000 Episode Num: 206 Episode T: 1000 Reward: 5290.688
Total T: 207000 Episode Num: 207 Episode T: 1000 Reward: 5346.600
Total T: 208000 Episode Num: 208 Episode T: 1000 Reward: 5376.873
Total T: 209000 Episode Num: 209 Episode T: 1000 Reward: 5436.410
Total T: 210000 Episode Num: 210 Episode T: 1000 Reward: 5368.867
---------------------------------------
Evaluation over 10 episodes: 5436.140
---------------------------------------
Total T: 211000 Episode Num: 211 Episode T: 1000 Reward: 5447.669
Total T: 212000 Episode Num: 212 Episode T: 1000 Reward: 5530.309
Total T: 213000 Episode Num: 213 Episode T: 1000 Reward: 5461.558
Total T: 214000 Episode Num: 214 Episode T: 1000 Reward: 5381.848
Total T: 215000 Episode Num: 215 Episode T: 1000 Reward: 5503.934
---------------------------------------
Evaluation over 10 episodes: 5554.992
---------------------------------------
Total T: 216000 Episode Num: 216 Episode T: 1000 Reward: 5543.034
Total T: 217000 Episode Num: 217 Episode T: 1000 Reward: 5612.734
Total T: 218000 Episode Num: 218 Episode T: 1000 Reward: 5517.032
Total T: 219000 Episode Num: 219 Episode T: 1000 Reward: 5414.229
Total T: 220000 Episode Num: 220 Episode T: 1000 Reward: 5588.669
---------------------------------------
Evaluation over 10 episodes: 5564.969
---------------------------------------
Total T: 221000 Episode Num: 221 Episode T: 1000 Reward: 5536.408
Total T: 222000 Episode Num: 222 Episode T: 1000 Reward: 5550.633
Total T: 223000 Episode Num: 223 Episode T: 1000 Reward: 5579.223
Total T: 224000 Episode Num: 224 Episode T: 1000 Reward: 5565.783
Total T: 225000 Episode Num: 225 Episode T: 1000 Reward: 5548.503
---------------------------------------
Evaluation over 10 episodes: 5522.936
---------------------------------------
Total T: 226000 Episode Num: 226 Episode T: 1000 Reward: 5601.699
Total T: 227000 Episode Num: 227 Episode T: 1000 Reward: 5635.156
Total T: 228000 Episode Num: 228 Episode T: 1000 Reward: 5607.175
Total T: 229000 Episode Num: 229 Episode T: 1000 Reward: 5621.113
Total T: 230000 Episode Num: 230 Episode T: 1000 Reward: 5358.605
---------------------------------------
Evaluation over 10 episodes: 5619.902
---------------------------------------
Total T: 231000 Episode Num: 231 Episode T: 1000 Reward: 5620.546
Total T: 232000 Episode Num: 232 Episode T: 1000 Reward: 5654.782
Total T: 233000 Episode Num: 233 Episode T: 1000 Reward: 5770.805
Total T: 234000 Episode Num: 234 Episode T: 1000 Reward: 5572.838
Total T: 235000 Episode Num: 235 Episode T: 1000 Reward: 5639.417
---------------------------------------
Evaluation over 10 episodes: 5418.937
---------------------------------------
Total T: 236000 Episode Num: 236 Episode T: 1000 Reward: 5618.197
Total T: 237000 Episode Num: 237 Episode T: 1000 Reward: 5649.825
Total T: 238000 Episode Num: 238 Episode T: 1000 Reward: 5515.055
Total T: 239000 Episode Num: 239 Episode T: 1000 Reward: 5596.473
Total T: 240000 Episode Num: 240 Episode T: 1000 Reward: 5526.090
---------------------------------------
Evaluation over 10 episodes: 5729.475
---------------------------------------
Total T: 241000 Episode Num: 241 Episode T: 1000 Reward: 5731.705
Total T: 242000 Episode Num: 242 Episode T: 1000 Reward: 5602.431
Total T: 243000 Episode Num: 243 Episode T: 1000 Reward: 5650.489
Total T: 244000 Episode Num: 244 Episode T: 1000 Reward: 5630.637
Total T: 245000 Episode Num: 245 Episode T: 1000 Reward: 5743.848
---------------------------------------
Evaluation over 10 episodes: 5605.919
---------------------------------------
Total T: 246000 Episode Num: 246 Episode T: 1000 Reward: 5715.135
Total T: 247000 Episode Num: 247 Episode T: 1000 Reward: 5661.817
Total T: 248000 Episode Num: 248 Episode T: 1000 Reward: 5670.248
Total T: 249000 Episode Num: 249 Episode T: 1000 Reward: 5617.890
Total T: 250000 Episode Num: 250 Episode T: 1000 Reward: 5734.425
---------------------------------------
Evaluation over 10 episodes: 5760.455
---------------------------------------
Total T: 251000 Episode Num: 251 Episode T: 1000 Reward: 5692.982
Total T: 252000 Episode Num: 252 Episode T: 1000 Reward: 5825.626
Total T: 253000 Episode Num: 253 Episode T: 1000 Reward: 5655.457
Total T: 254000 Episode Num: 254 Episode T: 1000 Reward: 5772.809
Total T: 255000 Episode Num: 255 Episode T: 1000 Reward: 5596.275
---------------------------------------
Evaluation over 10 episodes: 5701.955
---------------------------------------
Total T: 256000 Episode Num: 256 Episode T: 1000 Reward: 5713.520
Total T: 257000 Episode Num: 257 Episode T: 1000 Reward: 5763.518
Total T: 258000 Episode Num: 258 Episode T: 1000 Reward: 5742.364
Total T: 259000 Episode Num: 259 Episode T: 1000 Reward: 5852.677
Total T: 260000 Episode Num: 260 Episode T: 1000 Reward: 5774.138
---------------------------------------
Evaluation over 10 episodes: 5718.180
---------------------------------------
Total T: 261000 Episode Num: 261 Episode T: 1000 Reward: 5740.712
Total T: 262000 Episode Num: 262 Episode T: 1000 Reward: 5713.222
Total T: 263000 Episode Num: 263 Episode T: 1000 Reward: 5793.761
Total T: 264000 Episode Num: 264 Episode T: 1000 Reward: 5731.044
Total T: 265000 Episode Num: 265 Episode T: 1000 Reward: 5749.326
---------------------------------------
Evaluation over 10 episodes: 5660.924
---------------------------------------
Total T: 266000 Episode Num: 266 Episode T: 1000 Reward: 5812.131
Total T: 267000 Episode Num: 267 Episode T: 1000 Reward: 5838.026
Total T: 268000 Episode Num: 268 Episode T: 1000 Reward: 5799.927
Total T: 269000 Episode Num: 269 Episode T: 1000 Reward: 5794.717
Total T: 270000 Episode Num: 270 Episode T: 1000 Reward: 5897.462
---------------------------------------
Evaluation over 10 episodes: 5740.229
---------------------------------------
Total T: 271000 Episode Num: 271 Episode T: 1000 Reward: 5579.965
Total T: 272000 Episode Num: 272 Episode T: 1000 Reward: 5898.707
Total T: 273000 Episode Num: 273 Episode T: 1000 Reward: 5773.454
Total T: 274000 Episode Num: 274 Episode T: 1000 Reward: 5809.669
Total T: 275000 Episode Num: 275 Episode T: 1000 Reward: 5934.927
---------------------------------------
Evaluation over 10 episodes: 5818.282
---------------------------------------
Total T: 276000 Episode Num: 276 Episode T: 1000 Reward: 5840.500
Total T: 277000 Episode Num: 277 Episode T: 1000 Reward: 5759.897
Total T: 278000 Episode Num: 278 Episode T: 1000 Reward: 6004.992
Total T: 279000 Episode Num: 279 Episode T: 1000 Reward: 5863.324
Total T: 280000 Episode Num: 280 Episode T: 1000 Reward: 5707.929
---------------------------------------
Evaluation over 10 episodes: 5811.359
---------------------------------------
Total T: 281000 Episode Num: 281 Episode T: 1000 Reward: 5730.873
Total T: 282000 Episode Num: 282 Episode T: 1000 Reward: 5787.193
Total T: 283000 Episode Num: 283 Episode T: 1000 Reward: 5900.617
Total T: 284000 Episode Num: 284 Episode T: 1000 Reward: 5925.508
Total T: 285000 Episode Num: 285 Episode T: 1000 Reward: 5871.471
---------------------------------------
Evaluation over 10 episodes: 5820.681
---------------------------------------
Total T: 286000 Episode Num: 286 Episode T: 1000 Reward: 5951.080
Total T: 287000 Episode Num: 287 Episode T: 1000 Reward: 5761.873
Total T: 288000 Episode Num: 288 Episode T: 1000 Reward: 5776.293
Total T: 289000 Episode Num: 289 Episode T: 1000 Reward: 5838.090
Total T: 290000 Episode Num: 290 Episode T: 1000 Reward: 5850.480
---------------------------------------
Evaluation over 10 episodes: 5880.594
---------------------------------------
Total T: 291000 Episode Num: 291 Episode T: 1000 Reward: 5841.127
Total T: 292000 Episode Num: 292 Episode T: 1000 Reward: 5842.164
Total T: 293000 Episode Num: 293 Episode T: 1000 Reward: 5953.985
Total T: 294000 Episode Num: 294 Episode T: 1000 Reward: 5729.964
Total T: 295000 Episode Num: 295 Episode T: 1000 Reward: 5915.247
---------------------------------------
Evaluation over 10 episodes: 5920.643
---------------------------------------
Total T: 296000 Episode Num: 296 Episode T: 1000 Reward: 5759.906
Total T: 297000 Episode Num: 297 Episode T: 1000 Reward: 5922.567
Total T: 298000 Episode Num: 298 Episode T: 1000 Reward: 5850.538
Total T: 299000 Episode Num: 299 Episode T: 1000 Reward: 5809.243
Total T: 300000 Episode Num: 300 Episode T: 1000 Reward: 5906.041
---------------------------------------
Evaluation over 10 episodes: 5854.643
---------------------------------------
Total T: 301000 Episode Num: 301 Episode T: 1000 Reward: 5882.698
Total T: 302000 Episode Num: 302 Episode T: 1000 Reward: 5719.647
Total T: 303000 Episode Num: 303 Episode T: 1000 Reward: 5811.114
Total T: 304000 Episode Num: 304 Episode T: 1000 Reward: 5990.109
Total T: 305000 Episode Num: 305 Episode T: 1000 Reward: 5888.046
---------------------------------------
Evaluation over 10 episodes: 5883.194
---------------------------------------
Total T: 306000 Episode Num: 306 Episode T: 1000 Reward: 5958.826
Total T: 307000 Episode Num: 307 Episode T: 1000 Reward: 5754.136
Total T: 308000 Episode Num: 308 Episode T: 1000 Reward: 5869.668
Total T: 309000 Episode Num: 309 Episode T: 1000 Reward: 5859.363
Total T: 310000 Episode Num: 310 Episode T: 1000 Reward: 5768.866
---------------------------------------
Evaluation over 10 episodes: 5779.021
---------------------------------------
Total T: 311000 Episode Num: 311 Episode T: 1000 Reward: 5828.594
Total T: 312000 Episode Num: 312 Episode T: 1000 Reward: 5834.596
Total T: 313000 Episode Num: 313 Episode T: 1000 Reward: 5838.871
Total T: 314000 Episode Num: 314 Episode T: 1000 Reward: 5973.274
Total T: 315000 Episode Num: 315 Episode T: 1000 Reward: 5861.055
---------------------------------------
Evaluation over 10 episodes: 5984.765
---------------------------------------
Total T: 316000 Episode Num: 316 Episode T: 1000 Reward: 5807.124
Total T: 317000 Episode Num: 317 Episode T: 1000 Reward: 6040.014
Total T: 318000 Episode Num: 318 Episode T: 1000 Reward: 5959.598
Total T: 319000 Episode Num: 319 Episode T: 1000 Reward: 5992.035
Total T: 320000 Episode Num: 320 Episode T: 1000 Reward: 6016.411
---------------------------------------
Evaluation over 10 episodes: 5973.863
---------------------------------------
Total T: 321000 Episode Num: 321 Episode T: 1000 Reward: 6073.964
Total T: 322000 Episode Num: 322 Episode T: 1000 Reward: 5919.118
Total T: 323000 Episode Num: 323 Episode T: 1000 Reward: 6024.207
Total T: 324000 Episode Num: 324 Episode T: 1000 Reward: 5850.794
Total T: 325000 Episode Num: 325 Episode T: 1000 Reward: 6054.746
---------------------------------------
Evaluation over 10 episodes: 5953.556
---------------------------------------
Total T: 326000 Episode Num: 326 Episode T: 1000 Reward: 5841.071
Total T: 327000 Episode Num: 327 Episode T: 1000 Reward: 6007.872
Total T: 328000 Episode Num: 328 Episode T: 1000 Reward: 5844.933
Total T: 329000 Episode Num: 329 Episode T: 1000 Reward: 5964.693
Total T: 330000 Episode Num: 330 Episode T: 1000 Reward: 6055.717
---------------------------------------
Evaluation over 10 episodes: 5957.581
---------------------------------------
Total T: 331000 Episode Num: 331 Episode T: 1000 Reward: 6118.074
Total T: 332000 Episode Num: 332 Episode T: 1000 Reward: 6031.567
Total T: 333000 Episode Num: 333 Episode T: 1000 Reward: 6029.320
Total T: 334000 Episode Num: 334 Episode T: 1000 Reward: 5970.620
Total T: 335000 Episode Num: 335 Episode T: 1000 Reward: 6106.454
---------------------------------------
Evaluation over 10 episodes: 6059.251
---------------------------------------
Total T: 336000 Episode Num: 336 Episode T: 1000 Reward: 5900.496
Total T: 337000 Episode Num: 337 Episode T: 1000 Reward: 5976.699
Total T: 338000 Episode Num: 338 Episode T: 1000 Reward: 6088.795
Total T: 339000 Episode Num: 339 Episode T: 1000 Reward: 5988.534
Total T: 340000 Episode Num: 340 Episode T: 1000 Reward: 5895.004
---------------------------------------
Evaluation over 10 episodes: 5902.618
---------------------------------------
Total T: 341000 Episode Num: 341 Episode T: 1000 Reward: 6124.202
Total T: 342000 Episode Num: 342 Episode T: 1000 Reward: 6003.932
Total T: 343000 Episode Num: 343 Episode T: 1000 Reward: 5942.639
Total T: 344000 Episode Num: 344 Episode T: 1000 Reward: 6001.689
Total T: 345000 Episode Num: 345 Episode T: 1000 Reward: 6039.783
---------------------------------------
Evaluation over 10 episodes: 6057.302
---------------------------------------
Total T: 346000 Episode Num: 346 Episode T: 1000 Reward: 6141.703
Total T: 347000 Episode Num: 347 Episode T: 1000 Reward: 6010.668
Total T: 348000 Episode Num: 348 Episode T: 1000 Reward: 6072.945
Total T: 349000 Episode Num: 349 Episode T: 1000 Reward: 6162.071
Total T: 350000 Episode Num: 350 Episode T: 1000 Reward: 5993.552
---------------------------------------
Evaluation over 10 episodes: 6044.982
---------------------------------------
Total T: 351000 Episode Num: 351 Episode T: 1000 Reward: 5996.782
Total T: 352000 Episode Num: 352 Episode T: 1000 Reward: 6147.368
Total T: 353000 Episode Num: 353 Episode T: 1000 Reward: 6084.984
Total T: 354000 Episode Num: 354 Episode T: 1000 Reward: 6043.596
Total T: 355000 Episode Num: 355 Episode T: 1000 Reward: 6045.429
---------------------------------------
Evaluation over 10 episodes: 5604.019
---------------------------------------
Total T: 356000 Episode Num: 356 Episode T: 1000 Reward: 5946.311
Total T: 357000 Episode Num: 357 Episode T: 1000 Reward: 6222.372
Total T: 358000 Episode Num: 358 Episode T: 1000 Reward: 5907.671
Total T: 359000 Episode Num: 359 Episode T: 1000 Reward: 6140.559
Total T: 360000 Episode Num: 360 Episode T: 1000 Reward: 6155.579
---------------------------------------
Evaluation over 10 episodes: 6131.395
---------------------------------------
Total T: 361000 Episode Num: 361 Episode T: 1000 Reward: 6165.518
Total T: 362000 Episode Num: 362 Episode T: 1000 Reward: 6071.282
Total T: 363000 Episode Num: 363 Episode T: 1000 Reward: 6203.097
Total T: 364000 Episode Num: 364 Episode T: 1000 Reward: 6100.446
Total T: 365000 Episode Num: 365 Episode T: 1000 Reward: 6227.072
---------------------------------------
Evaluation over 10 episodes: 6128.063
---------------------------------------
Total T: 366000 Episode Num: 366 Episode T: 1000 Reward: 6183.840
Total T: 367000 Episode Num: 367 Episode T: 1000 Reward: 6174.375
Total T: 368000 Episode Num: 368 Episode T: 1000 Reward: 6025.032
Total T: 369000 Episode Num: 369 Episode T: 1000 Reward: 5964.972
Total T: 370000 Episode Num: 370 Episode T: 1000 Reward: 6096.139
---------------------------------------
Evaluation over 10 episodes: 6117.503
---------------------------------------
Total T: 371000 Episode Num: 371 Episode T: 1000 Reward: 5996.874
Total T: 372000 Episode Num: 372 Episode T: 1000 Reward: 6127.939
Total T: 373000 Episode Num: 373 Episode T: 1000 Reward: 6037.493
Total T: 374000 Episode Num: 374 Episode T: 1000 Reward: 6180.407
Total T: 375000 Episode Num: 375 Episode T: 1000 Reward: 6166.305
---------------------------------------
Evaluation over 10 episodes: 6110.810
---------------------------------------
Total T: 376000 Episode Num: 376 Episode T: 1000 Reward: 6100.478
Total T: 377000 Episode Num: 377 Episode T: 1000 Reward: 6091.586
Total T: 378000 Episode Num: 378 Episode T: 1000 Reward: 6189.865
Total T: 379000 Episode Num: 379 Episode T: 1000 Reward: 6061.107
Total T: 380000 Episode Num: 380 Episode T: 1000 Reward: 6080.597
---------------------------------------
Evaluation over 10 episodes: 6172.456
---------------------------------------
Total T: 381000 Episode Num: 381 Episode T: 1000 Reward: 6114.069
Total T: 382000 Episode Num: 382 Episode T: 1000 Reward: 5995.260
Total T: 383000 Episode Num: 383 Episode T: 1000 Reward: 6162.158
Total T: 384000 Episode Num: 384 Episode T: 1000 Reward: 6060.351
Total T: 385000 Episode Num: 385 Episode T: 1000 Reward: 6180.002
---------------------------------------
Evaluation over 10 episodes: 6099.080
---------------------------------------
Total T: 386000 Episode Num: 386 Episode T: 1000 Reward: 6232.140
Total T: 387000 Episode Num: 387 Episode T: 1000 Reward: 6129.707
Total T: 388000 Episode Num: 388 Episode T: 1000 Reward: 6252.178
Total T: 389000 Episode Num: 389 Episode T: 1000 Reward: 6331.209
Total T: 390000 Episode Num: 390 Episode T: 1000 Reward: 6321.586
---------------------------------------
Evaluation over 10 episodes: 6208.929
---------------------------------------
Total T: 391000 Episode Num: 391 Episode T: 1000 Reward: 6132.760
Total T: 392000 Episode Num: 392 Episode T: 1000 Reward: 6193.578
Total T: 393000 Episode Num: 393 Episode T: 1000 Reward: 6258.834
Total T: 394000 Episode Num: 394 Episode T: 1000 Reward: 6210.689
Total T: 395000 Episode Num: 395 Episode T: 1000 Reward: 6128.749
---------------------------------------
Evaluation over 10 episodes: 6201.826
---------------------------------------
Total T: 396000 Episode Num: 396 Episode T: 1000 Reward: 6258.864
Total T: 397000 Episode Num: 397 Episode T: 1000 Reward: 6094.619
Total T: 398000 Episode Num: 398 Episode T: 1000 Reward: 6229.625
Total T: 399000 Episode Num: 399 Episode T: 1000 Reward: 6278.726
Total T: 400000 Episode Num: 400 Episode T: 1000 Reward: 6144.857
---------------------------------------
Evaluation over 10 episodes: 6236.940
---------------------------------------
Total T: 401000 Episode Num: 401 Episode T: 1000 Reward: 6295.037
Total T: 402000 Episode Num: 402 Episode T: 1000 Reward: 6403.751
Total T: 403000 Episode Num: 403 Episode T: 1000 Reward: 6213.836
Total T: 404000 Episode Num: 404 Episode T: 1000 Reward: 6128.070
Total T: 405000 Episode Num: 405 Episode T: 1000 Reward: 6276.352
---------------------------------------
Evaluation over 10 episodes: 6233.984
---------------------------------------
Total T: 406000 Episode Num: 406 Episode T: 1000 Reward: 6422.666
Total T: 407000 Episode Num: 407 Episode T: 1000 Reward: 6338.550
Total T: 408000 Episode Num: 408 Episode T: 1000 Reward: 6380.487
Total T: 409000 Episode Num: 409 Episode T: 1000 Reward: 6367.891
Total T: 410000 Episode Num: 410 Episode T: 1000 Reward: 6240.460
---------------------------------------
Evaluation over 10 episodes: 6347.820
---------------------------------------
Total T: 411000 Episode Num: 411 Episode T: 1000 Reward: 6324.571
Total T: 412000 Episode Num: 412 Episode T: 1000 Reward: 6163.822
Total T: 413000 Episode Num: 413 Episode T: 1000 Reward: 6379.973
Total T: 414000 Episode Num: 414 Episode T: 1000 Reward: 6285.879
Total T: 415000 Episode Num: 415 Episode T: 1000 Reward: 6386.342
---------------------------------------
Evaluation over 10 episodes: 6192.380
---------------------------------------
Total T: 416000 Episode Num: 416 Episode T: 1000 Reward: 6473.453
Total T: 417000 Episode Num: 417 Episode T: 1000 Reward: 6368.408
Total T: 418000 Episode Num: 418 Episode T: 1000 Reward: 6465.921
Total T: 419000 Episode Num: 419 Episode T: 1000 Reward: 6330.464
Total T: 420000 Episode Num: 420 Episode T: 1000 Reward: 6246.791
---------------------------------------
Evaluation over 10 episodes: 6284.241
---------------------------------------
Total T: 421000 Episode Num: 421 Episode T: 1000 Reward: 6271.173
Total T: 422000 Episode Num: 422 Episode T: 1000 Reward: 6350.715
Total T: 423000 Episode Num: 423 Episode T: 1000 Reward: 6415.423
Total T: 424000 Episode Num: 424 Episode T: 1000 Reward: 6377.720
Total T: 425000 Episode Num: 425 Episode T: 1000 Reward: 6474.783
---------------------------------------
Evaluation over 10 episodes: 6349.383
---------------------------------------
Total T: 426000 Episode Num: 426 Episode T: 1000 Reward: 6329.031
Total T: 427000 Episode Num: 427 Episode T: 1000 Reward: 6433.343
Total T: 428000 Episode Num: 428 Episode T: 1000 Reward: 6413.032
Total T: 429000 Episode Num: 429 Episode T: 1000 Reward: 6276.686
Total T: 430000 Episode Num: 430 Episode T: 1000 Reward: 6441.885
---------------------------------------
Evaluation over 10 episodes: 6422.646
---------------------------------------
Total T: 431000 Episode Num: 431 Episode T: 1000 Reward: 6381.565
Total T: 432000 Episode Num: 432 Episode T: 1000 Reward: 6490.792
Total T: 433000 Episode Num: 433 Episode T: 1000 Reward: 6446.952
Total T: 434000 Episode Num: 434 Episode T: 1000 Reward: 6501.263
Total T: 435000 Episode Num: 435 Episode T: 1000 Reward: 6552.736
---------------------------------------
Evaluation over 10 episodes: 6491.959
---------------------------------------
Total T: 436000 Episode Num: 436 Episode T: 1000 Reward: 6591.859
Total T: 437000 Episode Num: 437 Episode T: 1000 Reward: 6609.871
Total T: 438000 Episode Num: 438 Episode T: 1000 Reward: 6440.693
Total T: 439000 Episode Num: 439 Episode T: 1000 Reward: 6549.062
Total T: 440000 Episode Num: 440 Episode T: 1000 Reward: 6376.462
---------------------------------------
Evaluation over 10 episodes: 6596.834
---------------------------------------
Total T: 441000 Episode Num: 441 Episode T: 1000 Reward: 6417.958
Total T: 442000 Episode Num: 442 Episode T: 1000 Reward: 6376.966
Total T: 443000 Episode Num: 443 Episode T: 1000 Reward: 6503.417
Total T: 444000 Episode Num: 444 Episode T: 1000 Reward: 6437.332
Total T: 445000 Episode Num: 445 Episode T: 1000 Reward: 6473.838
---------------------------------------
Evaluation over 10 episodes: 6521.571
---------------------------------------
Total T: 446000 Episode Num: 446 Episode T: 1000 Reward: 6462.091
Total T: 447000 Episode Num: 447 Episode T: 1000 Reward: 6368.284
Total T: 448000 Episode Num: 448 Episode T: 1000 Reward: 6167.755
Total T: 449000 Episode Num: 449 Episode T: 1000 Reward: 6476.909
Total T: 450000 Episode Num: 450 Episode T: 1000 Reward: 1638.310
---------------------------------------
Evaluation over 10 episodes: 6502.041
---------------------------------------
Total T: 451000 Episode Num: 451 Episode T: 1000 Reward: 4343.980
Total T: 452000 Episode Num: 452 Episode T: 1000 Reward: 6429.037
Total T: 453000 Episode Num: 453 Episode T: 1000 Reward: 6616.262
Total T: 454000 Episode Num: 454 Episode T: 1000 Reward: 6243.284
Total T: 455000 Episode Num: 455 Episode T: 1000 Reward: 6463.959
---------------------------------------
Evaluation over 10 episodes: 6526.500
---------------------------------------
Total T: 456000 Episode Num: 456 Episode T: 1000 Reward: 6567.494
Total T: 457000 Episode Num: 457 Episode T: 1000 Reward: 3071.638
Total T: 458000 Episode Num: 458 Episode T: 1000 Reward: 6335.808
Total T: 459000 Episode Num: 459 Episode T: 1000 Reward: 6445.601
Total T: 460000 Episode Num: 460 Episode T: 1000 Reward: 6406.627
---------------------------------------
Evaluation over 10 episodes: 6208.819
---------------------------------------
Total T: 461000 Episode Num: 461 Episode T: 1000 Reward: 6605.699
Total T: 462000 Episode Num: 462 Episode T: 1000 Reward: 6450.771
Total T: 463000 Episode Num: 463 Episode T: 1000 Reward: 6473.262
Total T: 464000 Episode Num: 464 Episode T: 1000 Reward: 6531.295
Total T: 465000 Episode Num: 465 Episode T: 1000 Reward: 6287.995
---------------------------------------
Evaluation over 10 episodes: 6554.797
---------------------------------------
Total T: 466000 Episode Num: 466 Episode T: 1000 Reward: 6528.060
Total T: 467000 Episode Num: 467 Episode T: 1000 Reward: 6569.751
Total T: 468000 Episode Num: 468 Episode T: 1000 Reward: 6652.474
Total T: 469000 Episode Num: 469 Episode T: 1000 Reward: 6397.547
Total T: 470000 Episode Num: 470 Episode T: 1000 Reward: 6397.906
---------------------------------------
Evaluation over 10 episodes: 6520.016
---------------------------------------
Total T: 471000 Episode Num: 471 Episode T: 1000 Reward: 6761.306
Total T: 472000 Episode Num: 472 Episode T: 1000 Reward: 6351.203
Total T: 473000 Episode Num: 473 Episode T: 1000 Reward: 6379.672
Total T: 474000 Episode Num: 474 Episode T: 1000 Reward: 6488.284
Total T: 475000 Episode Num: 475 Episode T: 1000 Reward: 6476.652
---------------------------------------
Evaluation over 10 episodes: 6542.622
---------------------------------------
Total T: 476000 Episode Num: 476 Episode T: 1000 Reward: 6418.370
Total T: 477000 Episode Num: 477 Episode T: 1000 Reward: 6378.259
Total T: 478000 Episode Num: 478 Episode T: 1000 Reward: 6366.931
Total T: 479000 Episode Num: 479 Episode T: 1000 Reward: 6481.655
Total T: 480000 Episode Num: 480 Episode T: 1000 Reward: 6616.296
---------------------------------------
Evaluation over 10 episodes: 6536.413
---------------------------------------
Total T: 481000 Episode Num: 481 Episode T: 1000 Reward: 6320.681
Total T: 482000 Episode Num: 482 Episode T: 1000 Reward: 6507.079
Total T: 483000 Episode Num: 483 Episode T: 1000 Reward: 6645.723
Total T: 484000 Episode Num: 484 Episode T: 1000 Reward: 6423.382
Total T: 485000 Episode Num: 485 Episode T: 1000 Reward: 6648.326
---------------------------------------
Evaluation over 10 episodes: 6629.509
---------------------------------------
Total T: 486000 Episode Num: 486 Episode T: 1000 Reward: 6713.999
Total T: 487000 Episode Num: 487 Episode T: 1000 Reward: 6585.114
Total T: 488000 Episode Num: 488 Episode T: 1000 Reward: 6499.753
Total T: 489000 Episode Num: 489 Episode T: 1000 Reward: 6609.480
Total T: 490000 Episode Num: 490 Episode T: 1000 Reward: 6599.554
---------------------------------------
Evaluation over 10 episodes: 6541.868
---------------------------------------
Total T: 491000 Episode Num: 491 Episode T: 1000 Reward: 6217.384
Total T: 492000 Episode Num: 492 Episode T: 1000 Reward: 6493.721
Total T: 493000 Episode Num: 493 Episode T: 1000 Reward: 6656.009
Total T: 494000 Episode Num: 494 Episode T: 1000 Reward: 6624.454
Total T: 495000 Episode Num: 495 Episode T: 1000 Reward: 6592.960
---------------------------------------
Evaluation over 10 episodes: 6625.343
---------------------------------------
Total T: 496000 Episode Num: 496 Episode T: 1000 Reward: 6543.003
Total T: 497000 Episode Num: 497 Episode T: 1000 Reward: 6644.585
Total T: 498000 Episode Num: 498 Episode T: 1000 Reward: 6588.743
Total T: 499000 Episode Num: 499 Episode T: 1000 Reward: 6381.088
Total T: 500000 Episode Num: 500 Episode T: 1000 Reward: 6605.237
---------------------------------------
Evaluation over 10 episodes: 6228.016
---------------------------------------
Total T: 501000 Episode Num: 501 Episode T: 1000 Reward: 6562.079
Total T: 502000 Episode Num: 502 Episode T: 1000 Reward: 6473.778
Total T: 503000 Episode Num: 503 Episode T: 1000 Reward: 6660.377
Total T: 504000 Episode Num: 504 Episode T: 1000 Reward: 6602.775
Total T: 505000 Episode Num: 505 Episode T: 1000 Reward: 6557.172
---------------------------------------
Evaluation over 10 episodes: 6664.464
---------------------------------------
Total T: 506000 Episode Num: 506 Episode T: 1000 Reward: 6493.090
Total T: 507000 Episode Num: 507 Episode T: 1000 Reward: 6664.927
Total T: 508000 Episode Num: 508 Episode T: 1000 Reward: 6748.925
Total T: 509000 Episode Num: 509 Episode T: 1000 Reward: 6796.359
Total T: 510000 Episode Num: 510 Episode T: 1000 Reward: 6609.995
---------------------------------------
Evaluation over 10 episodes: 6658.392
---------------------------------------
Total T: 511000 Episode Num: 511 Episode T: 1000 Reward: 6495.171
Total T: 512000 Episode Num: 512 Episode T: 1000 Reward: 6622.544
Total T: 513000 Episode Num: 513 Episode T: 1000 Reward: 6633.163
Total T: 514000 Episode Num: 514 Episode T: 1000 Reward: 6676.269
Total T: 515000 Episode Num: 515 Episode T: 1000 Reward: 6863.549
---------------------------------------
Evaluation over 10 episodes: 6658.571
---------------------------------------
Total T: 516000 Episode Num: 516 Episode T: 1000 Reward: 6614.939
Total T: 517000 Episode Num: 517 Episode T: 1000 Reward: 6529.818
Total T: 518000 Episode Num: 518 Episode T: 1000 Reward: 6792.130
Total T: 519000 Episode Num: 519 Episode T: 1000 Reward: 6745.363
Total T: 520000 Episode Num: 520 Episode T: 1000 Reward: 6720.933
---------------------------------------
Evaluation over 10 episodes: 6738.780
---------------------------------------
Total T: 521000 Episode Num: 521 Episode T: 1000 Reward: 6707.460
Total T: 522000 Episode Num: 522 Episode T: 1000 Reward: 6741.987
Total T: 523000 Episode Num: 523 Episode T: 1000 Reward: 6694.528
Total T: 524000 Episode Num: 524 Episode T: 1000 Reward: 6636.588
Total T: 525000 Episode Num: 525 Episode T: 1000 Reward: 6777.751
---------------------------------------
Evaluation over 10 episodes: 6564.946
---------------------------------------
Total T: 526000 Episode Num: 526 Episode T: 1000 Reward: 6629.255
Total T: 527000 Episode Num: 527 Episode T: 1000 Reward: 6695.043
Total T: 528000 Episode Num: 528 Episode T: 1000 Reward: 6627.490
Total T: 529000 Episode Num: 529 Episode T: 1000 Reward: 6607.525
Total T: 530000 Episode Num: 530 Episode T: 1000 Reward: 6455.574
---------------------------------------
Evaluation over 10 episodes: 6710.457
---------------------------------------
Total T: 531000 Episode Num: 531 Episode T: 1000 Reward: 6795.074
Total T: 532000 Episode Num: 532 Episode T: 1000 Reward: 6661.936
Total T: 533000 Episode Num: 533 Episode T: 1000 Reward: 6828.099
Total T: 534000 Episode Num: 534 Episode T: 1000 Reward: 6751.659
Total T: 535000 Episode Num: 535 Episode T: 1000 Reward: 6616.300
---------------------------------------
Evaluation over 10 episodes: 6739.399
---------------------------------------
Total T: 536000 Episode Num: 536 Episode T: 1000 Reward: 6791.973
Total T: 537000 Episode Num: 537 Episode T: 1000 Reward: 6926.076
Total T: 538000 Episode Num: 538 Episode T: 1000 Reward: 6747.394
Total T: 539000 Episode Num: 539 Episode T: 1000 Reward: 6749.206
Total T: 540000 Episode Num: 540 Episode T: 1000 Reward: 6791.447
---------------------------------------
Evaluation over 10 episodes: 6671.169
---------------------------------------
Total T: 541000 Episode Num: 541 Episode T: 1000 Reward: 6782.754
Total T: 542000 Episode Num: 542 Episode T: 1000 Reward: 6888.257
Total T: 543000 Episode Num: 543 Episode T: 1000 Reward: 6683.963
Total T: 544000 Episode Num: 544 Episode T: 1000 Reward: 6644.602
Total T: 545000 Episode Num: 545 Episode T: 1000 Reward: 6681.305
---------------------------------------
Evaluation over 10 episodes: 6766.595
---------------------------------------
Total T: 546000 Episode Num: 546 Episode T: 1000 Reward: 6560.197
Total T: 547000 Episode Num: 547 Episode T: 1000 Reward: 6600.593
Total T: 548000 Episode Num: 548 Episode T: 1000 Reward: 6878.672
Total T: 549000 Episode Num: 549 Episode T: 1000 Reward: 6738.877
Total T: 550000 Episode Num: 550 Episode T: 1000 Reward: 6935.679
---------------------------------------
Evaluation over 10 episodes: 6820.625
---------------------------------------
Total T: 551000 Episode Num: 551 Episode T: 1000 Reward: 6853.608
Total T: 552000 Episode Num: 552 Episode T: 1000 Reward: 7105.561
Total T: 553000 Episode Num: 553 Episode T: 1000 Reward: 6835.590
Total T: 554000 Episode Num: 554 Episode T: 1000 Reward: 6936.670
Total T: 555000 Episode Num: 555 Episode T: 1000 Reward: 6748.886
---------------------------------------
Evaluation over 10 episodes: 6711.980
---------------------------------------
Total T: 556000 Episode Num: 556 Episode T: 1000 Reward: 6816.987
Total T: 557000 Episode Num: 557 Episode T: 1000 Reward: 6946.880
Total T: 558000 Episode Num: 558 Episode T: 1000 Reward: 6572.736
Total T: 559000 Episode Num: 559 Episode T: 1000 Reward: 6834.288
Total T: 560000 Episode Num: 560 Episode T: 1000 Reward: 6946.733
---------------------------------------
Evaluation over 10 episodes: 6792.652
---------------------------------------
Total T: 561000 Episode Num: 561 Episode T: 1000 Reward: 6757.669
Total T: 562000 Episode Num: 562 Episode T: 1000 Reward: 6782.861
Total T: 563000 Episode Num: 563 Episode T: 1000 Reward: 6934.130
Total T: 564000 Episode Num: 564 Episode T: 1000 Reward: 6905.349
Total T: 565000 Episode Num: 565 Episode T: 1000 Reward: 6953.420
---------------------------------------
Evaluation over 10 episodes: 6807.234
---------------------------------------
Total T: 566000 Episode Num: 566 Episode T: 1000 Reward: 6789.767
Total T: 567000 Episode Num: 567 Episode T: 1000 Reward: 6863.498
Total T: 568000 Episode Num: 568 Episode T: 1000 Reward: 6477.238
Total T: 569000 Episode Num: 569 Episode T: 1000 Reward: 6757.665
Total T: 570000 Episode Num: 570 Episode T: 1000 Reward: 6863.129
---------------------------------------
Evaluation over 10 episodes: 6893.740
---------------------------------------
Total T: 571000 Episode Num: 571 Episode T: 1000 Reward: 6889.909
Total T: 572000 Episode Num: 572 Episode T: 1000 Reward: 6657.503
Total T: 573000 Episode Num: 573 Episode T: 1000 Reward: 6847.560
Total T: 574000 Episode Num: 574 Episode T: 1000 Reward: 6761.227
Total T: 575000 Episode Num: 575 Episode T: 1000 Reward: 6540.650
---------------------------------------
Evaluation over 10 episodes: 6962.243
---------------------------------------
Total T: 576000 Episode Num: 576 Episode T: 1000 Reward: 6854.765
Total T: 577000 Episode Num: 577 Episode T: 1000 Reward: 6769.140
Total T: 578000 Episode Num: 578 Episode T: 1000 Reward: 6710.388
Total T: 579000 Episode Num: 579 Episode T: 1000 Reward: 6729.385
Total T: 580000 Episode Num: 580 Episode T: 1000 Reward: 6892.386
---------------------------------------
Evaluation over 10 episodes: 6856.448
---------------------------------------
Total T: 581000 Episode Num: 581 Episode T: 1000 Reward: 6523.610
Total T: 582000 Episode Num: 582 Episode T: 1000 Reward: 6741.238
Total T: 583000 Episode Num: 583 Episode T: 1000 Reward: 6740.832
Total T: 584000 Episode Num: 584 Episode T: 1000 Reward: 6833.624
Total T: 585000 Episode Num: 585 Episode T: 1000 Reward: 6934.974
---------------------------------------
Evaluation over 10 episodes: 6899.882
---------------------------------------
Total T: 586000 Episode Num: 586 Episode T: 1000 Reward: 6941.769
Total T: 587000 Episode Num: 587 Episode T: 1000 Reward: 6734.469
Total T: 588000 Episode Num: 588 Episode T: 1000 Reward: 7047.274
Total T: 589000 Episode Num: 589 Episode T: 1000 Reward: 6844.380
Total T: 590000 Episode Num: 590 Episode T: 1000 Reward: 6914.701
---------------------------------------
Evaluation over 10 episodes: 6902.660
---------------------------------------
Total T: 591000 Episode Num: 591 Episode T: 1000 Reward: 6934.538
Total T: 592000 Episode Num: 592 Episode T: 1000 Reward: 6807.733
Total T: 593000 Episode Num: 593 Episode T: 1000 Reward: 7118.107
Total T: 594000 Episode Num: 594 Episode T: 1000 Reward: 6980.067
Total T: 595000 Episode Num: 595 Episode T: 1000 Reward: 7011.576
---------------------------------------
Evaluation over 10 episodes: 6938.032
---------------------------------------
Total T: 596000 Episode Num: 596 Episode T: 1000 Reward: 6658.972
Total T: 597000 Episode Num: 597 Episode T: 1000 Reward: 6827.949
Total T: 598000 Episode Num: 598 Episode T: 1000 Reward: 6866.904
Total T: 599000 Episode Num: 599 Episode T: 1000 Reward: 7080.895
Total T: 600000 Episode Num: 600 Episode T: 1000 Reward: 6962.954
---------------------------------------
Evaluation over 10 episodes: 6978.443
---------------------------------------
Total T: 601000 Episode Num: 601 Episode T: 1000 Reward: 6773.480
Total T: 602000 Episode Num: 602 Episode T: 1000 Reward: 7027.286
Total T: 603000 Episode Num: 603 Episode T: 1000 Reward: 6964.543
Total T: 604000 Episode Num: 604 Episode T: 1000 Reward: 6924.746
Total T: 605000 Episode Num: 605 Episode T: 1000 Reward: 6925.623
---------------------------------------
Evaluation over 10 episodes: 7022.682
---------------------------------------
Total T: 606000 Episode Num: 606 Episode T: 1000 Reward: 6894.967
Total T: 607000 Episode Num: 607 Episode T: 1000 Reward: 6877.350
Total T: 608000 Episode Num: 608 Episode T: 1000 Reward: 6807.163
Total T: 609000 Episode Num: 609 Episode T: 1000 Reward: 6867.312
Total T: 610000 Episode Num: 610 Episode T: 1000 Reward: 6973.094
---------------------------------------
Evaluation over 10 episodes: 6951.116
---------------------------------------
Total T: 611000 Episode Num: 611 Episode T: 1000 Reward: 7009.932
Total T: 612000 Episode Num: 612 Episode T: 1000 Reward: 6986.613
Total T: 613000 Episode Num: 613 Episode T: 1000 Reward: 7044.894
Total T: 614000 Episode Num: 614 Episode T: 1000 Reward: 6776.131
Total T: 615000 Episode Num: 615 Episode T: 1000 Reward: 7132.009
---------------------------------------
Evaluation over 10 episodes: 6947.931
---------------------------------------
Total T: 616000 Episode Num: 616 Episode T: 1000 Reward: 6914.327
Total T: 617000 Episode Num: 617 Episode T: 1000 Reward: 6746.821
Total T: 618000 Episode Num: 618 Episode T: 1000 Reward: 6888.577
Total T: 619000 Episode Num: 619 Episode T: 1000 Reward: 7237.474
Total T: 620000 Episode Num: 620 Episode T: 1000 Reward: 7029.465
---------------------------------------
Evaluation over 10 episodes: 6846.071
---------------------------------------
Total T: 621000 Episode Num: 621 Episode T: 1000 Reward: 6957.232
Total T: 622000 Episode Num: 622 Episode T: 1000 Reward: 6949.863
Total T: 623000 Episode Num: 623 Episode T: 1000 Reward: 7080.402
Total T: 624000 Episode Num: 624 Episode T: 1000 Reward: 6797.129
Total T: 625000 Episode Num: 625 Episode T: 1000 Reward: 6885.856
---------------------------------------
Evaluation over 10 episodes: 6985.132
---------------------------------------
Total T: 626000 Episode Num: 626 Episode T: 1000 Reward: 7010.596
Total T: 627000 Episode Num: 627 Episode T: 1000 Reward: 7025.821
Total T: 628000 Episode Num: 628 Episode T: 1000 Reward: 7026.652
Total T: 629000 Episode Num: 629 Episode T: 1000 Reward: 6895.870
Total T: 630000 Episode Num: 630 Episode T: 1000 Reward: 6839.754
---------------------------------------
Evaluation over 10 episodes: 6909.490
---------------------------------------
Total T: 631000 Episode Num: 631 Episode T: 1000 Reward: 7110.488
Total T: 632000 Episode Num: 632 Episode T: 1000 Reward: 6936.753
Total T: 633000 Episode Num: 633 Episode T: 1000 Reward: 6853.617
Total T: 634000 Episode Num: 634 Episode T: 1000 Reward: 6741.570
Total T: 635000 Episode Num: 635 Episode T: 1000 Reward: 7078.640
---------------------------------------
Evaluation over 10 episodes: 6879.294
---------------------------------------
Total T: 636000 Episode Num: 636 Episode T: 1000 Reward: 6969.980
Total T: 637000 Episode Num: 637 Episode T: 1000 Reward: 6945.289
Total T: 638000 Episode Num: 638 Episode T: 1000 Reward: 6934.915
Total T: 639000 Episode Num: 639 Episode T: 1000 Reward: 6934.463
Total T: 640000 Episode Num: 640 Episode T: 1000 Reward: 6959.822
---------------------------------------
Evaluation over 10 episodes: 7095.725
---------------------------------------
Total T: 641000 Episode Num: 641 Episode T: 1000 Reward: 6884.615
Total T: 642000 Episode Num: 642 Episode T: 1000 Reward: 6985.114
Total T: 643000 Episode Num: 643 Episode T: 1000 Reward: 6865.095
Total T: 644000 Episode Num: 644 Episode T: 1000 Reward: 7093.074
Total T: 645000 Episode Num: 645 Episode T: 1000 Reward: 6979.793
---------------------------------------
Evaluation over 10 episodes: 7024.997
---------------------------------------
Total T: 646000 Episode Num: 646 Episode T: 1000 Reward: 7221.763
Total T: 647000 Episode Num: 647 Episode T: 1000 Reward: 6938.784
Total T: 648000 Episode Num: 648 Episode T: 1000 Reward: 6848.618
Total T: 649000 Episode Num: 649 Episode T: 1000 Reward: 7135.638
Total T: 650000 Episode Num: 650 Episode T: 1000 Reward: 7124.967
---------------------------------------
Evaluation over 10 episodes: 6435.532
---------------------------------------
Total T: 651000 Episode Num: 651 Episode T: 1000 Reward: 6990.676
Total T: 652000 Episode Num: 652 Episode T: 1000 Reward: 7205.067
Total T: 653000 Episode Num: 653 Episode T: 1000 Reward: 7065.846
Total T: 654000 Episode Num: 654 Episode T: 1000 Reward: 7111.466
Total T: 655000 Episode Num: 655 Episode T: 1000 Reward: 6988.350
---------------------------------------
Evaluation over 10 episodes: 7089.054
---------------------------------------
Total T: 656000 Episode Num: 656 Episode T: 1000 Reward: 6927.453
Total T: 657000 Episode Num: 657 Episode T: 1000 Reward: 7004.961
Total T: 658000 Episode Num: 658 Episode T: 1000 Reward: 6994.073
Total T: 659000 Episode Num: 659 Episode T: 1000 Reward: 7062.972
Total T: 660000 Episode Num: 660 Episode T: 1000 Reward: 7063.822
---------------------------------------
Evaluation over 10 episodes: 7130.165
---------------------------------------
Total T: 661000 Episode Num: 661 Episode T: 1000 Reward: 7280.662
Total T: 662000 Episode Num: 662 Episode T: 1000 Reward: 6901.087
Total T: 663000 Episode Num: 663 Episode T: 1000 Reward: 7192.602
Total T: 664000 Episode Num: 664 Episode T: 1000 Reward: 7053.245
Total T: 665000 Episode Num: 665 Episode T: 1000 Reward: 6991.800
---------------------------------------
Evaluation over 10 episodes: 7097.456
---------------------------------------
Total T: 666000 Episode Num: 666 Episode T: 1000 Reward: 7138.649
Total T: 667000 Episode Num: 667 Episode T: 1000 Reward: 7203.790
Total T: 668000 Episode Num: 668 Episode T: 1000 Reward: 7213.410
Total T: 669000 Episode Num: 669 Episode T: 1000 Reward: 6980.963
Total T: 670000 Episode Num: 670 Episode T: 1000 Reward: 7030.230
---------------------------------------
Evaluation over 10 episodes: 6977.911
---------------------------------------
Total T: 671000 Episode Num: 671 Episode T: 1000 Reward: 7114.792
Total T: 672000 Episode Num: 672 Episode T: 1000 Reward: 7064.475
Total T: 673000 Episode Num: 673 Episode T: 1000 Reward: 7056.197
Total T: 674000 Episode Num: 674 Episode T: 1000 Reward: 7081.852
Total T: 675000 Episode Num: 675 Episode T: 1000 Reward: 7060.176
---------------------------------------
Evaluation over 10 episodes: 7122.516
---------------------------------------
Total T: 676000 Episode Num: 676 Episode T: 1000 Reward: 7165.641
Total T: 677000 Episode Num: 677 Episode T: 1000 Reward: 7147.802
Total T: 678000 Episode Num: 678 Episode T: 1000 Reward: 6917.908
Total T: 679000 Episode Num: 679 Episode T: 1000 Reward: 6904.734
Total T: 680000 Episode Num: 680 Episode T: 1000 Reward: 7218.010
---------------------------------------
Evaluation over 10 episodes: 7217.156
---------------------------------------
Total T: 681000 Episode Num: 681 Episode T: 1000 Reward: 7292.201
Total T: 682000 Episode Num: 682 Episode T: 1000 Reward: 7132.510
Total T: 683000 Episode Num: 683 Episode T: 1000 Reward: 6990.255
Total T: 684000 Episode Num: 684 Episode T: 1000 Reward: 7126.460
Total T: 685000 Episode Num: 685 Episode T: 1000 Reward: 7110.617
---------------------------------------
Evaluation over 10 episodes: 7174.986
---------------------------------------
Total T: 686000 Episode Num: 686 Episode T: 1000 Reward: 7190.401
Total T: 687000 Episode Num: 687 Episode T: 1000 Reward: 7034.388
Total T: 688000 Episode Num: 688 Episode T: 1000 Reward: 7253.828
Total T: 689000 Episode Num: 689 Episode T: 1000 Reward: 6910.835
Total T: 690000 Episode Num: 690 Episode T: 1000 Reward: 7091.905
---------------------------------------
Evaluation over 10 episodes: 7184.532
---------------------------------------
Total T: 691000 Episode Num: 691 Episode T: 1000 Reward: 7286.585
Total T: 692000 Episode Num: 692 Episode T: 1000 Reward: 7071.113
Total T: 693000 Episode Num: 693 Episode T: 1000 Reward: 7223.217
Total T: 694000 Episode Num: 694 Episode T: 1000 Reward: 7075.926
Total T: 695000 Episode Num: 695 Episode T: 1000 Reward: 7156.541
---------------------------------------
Evaluation over 10 episodes: 7145.615
---------------------------------------
Total T: 696000 Episode Num: 696 Episode T: 1000 Reward: 7132.663
Total T: 697000 Episode Num: 697 Episode T: 1000 Reward: 7028.942
Total T: 698000 Episode Num: 698 Episode T: 1000 Reward: 7315.787
Total T: 699000 Episode Num: 699 Episode T: 1000 Reward: 7174.699
Total T: 700000 Episode Num: 700 Episode T: 1000 Reward: 7037.606
---------------------------------------
Evaluation over 10 episodes: 7161.313
---------------------------------------
Total T: 701000 Episode Num: 701 Episode T: 1000 Reward: 7200.936
Total T: 702000 Episode Num: 702 Episode T: 1000 Reward: 7034.385
Total T: 703000 Episode Num: 703 Episode T: 1000 Reward: 7209.319
Total T: 704000 Episode Num: 704 Episode T: 1000 Reward: 7216.909
Total T: 705000 Episode Num: 705 Episode T: 1000 Reward: 7182.427
---------------------------------------
Evaluation over 10 episodes: 7257.447
---------------------------------------
Total T: 706000 Episode Num: 706 Episode T: 1000 Reward: 7212.830
Total T: 707000 Episode Num: 707 Episode T: 1000 Reward: 7167.668
Total T: 708000 Episode Num: 708 Episode T: 1000 Reward: 7042.652
Total T: 709000 Episode Num: 709 Episode T: 1000 Reward: 7073.819
Total T: 710000 Episode Num: 710 Episode T: 1000 Reward: 7303.081
---------------------------------------
Evaluation over 10 episodes: 7149.679
---------------------------------------
Total T: 711000 Episode Num: 711 Episode T: 1000 Reward: 7333.400
Total T: 712000 Episode Num: 712 Episode T: 1000 Reward: 7023.409
Total T: 713000 Episode Num: 713 Episode T: 1000 Reward: 6897.215
Total T: 714000 Episode Num: 714 Episode T: 1000 Reward: 7111.995
Total T: 715000 Episode Num: 715 Episode T: 1000 Reward: 7006.752
---------------------------------------
Evaluation over 10 episodes: 7222.337
---------------------------------------
Total T: 716000 Episode Num: 716 Episode T: 1000 Reward: 7370.487
Total T: 717000 Episode Num: 717 Episode T: 1000 Reward: 7294.922
Total T: 718000 Episode Num: 718 Episode T: 1000 Reward: 7418.251
Total T: 719000 Episode Num: 719 Episode T: 1000 Reward: 7236.314
Total T: 720000 Episode Num: 720 Episode T: 1000 Reward: 7200.468
---------------------------------------
Evaluation over 10 episodes: 7309.681
---------------------------------------
Total T: 721000 Episode Num: 721 Episode T: 1000 Reward: 7251.004
Total T: 722000 Episode Num: 722 Episode T: 1000 Reward: 7048.424
Total T: 723000 Episode Num: 723 Episode T: 1000 Reward: 7254.910
Total T: 724000 Episode Num: 724 Episode T: 1000 Reward: 7235.022
Total T: 725000 Episode Num: 725 Episode T: 1000 Reward: 7350.841
---------------------------------------
Evaluation over 10 episodes: 7264.172
---------------------------------------
Total T: 726000 Episode Num: 726 Episode T: 1000 Reward: 7301.339
Total T: 727000 Episode Num: 727 Episode T: 1000 Reward: 7227.304
Total T: 728000 Episode Num: 728 Episode T: 1000 Reward: 7238.298
Total T: 729000 Episode Num: 729 Episode T: 1000 Reward: 7393.771
Total T: 730000 Episode Num: 730 Episode T: 1000 Reward: 7330.022
---------------------------------------
Evaluation over 10 episodes: 7237.792
---------------------------------------
Total T: 731000 Episode Num: 731 Episode T: 1000 Reward: 7316.498
Total T: 732000 Episode Num: 732 Episode T: 1000 Reward: 7197.866
Total T: 733000 Episode Num: 733 Episode T: 1000 Reward: 7201.377
Total T: 734000 Episode Num: 734 Episode T: 1000 Reward: 7163.668
Total T: 735000 Episode Num: 735 Episode T: 1000 Reward: 7180.155
---------------------------------------
Evaluation over 10 episodes: 7249.515
---------------------------------------
Total T: 736000 Episode Num: 736 Episode T: 1000 Reward: 7084.319
Total T: 737000 Episode Num: 737 Episode T: 1000 Reward: 7325.202
Total T: 738000 Episode Num: 738 Episode T: 1000 Reward: 7244.051
Total T: 739000 Episode Num: 739 Episode T: 1000 Reward: 7322.606
Total T: 740000 Episode Num: 740 Episode T: 1000 Reward: 7229.961
---------------------------------------
Evaluation over 10 episodes: 6519.050
---------------------------------------
Total T: 741000 Episode Num: 741 Episode T: 1000 Reward: 7343.176
Total T: 742000 Episode Num: 742 Episode T: 1000 Reward: 7301.921
Total T: 743000 Episode Num: 743 Episode T: 1000 Reward: 7123.263
Total T: 744000 Episode Num: 744 Episode T: 1000 Reward: 7226.304
Total T: 745000 Episode Num: 745 Episode T: 1000 Reward: 7080.895
---------------------------------------
Evaluation over 10 episodes: 7313.362
---------------------------------------
Total T: 746000 Episode Num: 746 Episode T: 1000 Reward: 7154.617
Total T: 747000 Episode Num: 747 Episode T: 1000 Reward: 7137.442
Total T: 748000 Episode Num: 748 Episode T: 1000 Reward: 7481.780
Total T: 749000 Episode Num: 749 Episode T: 1000 Reward: 7311.988
Total T: 750000 Episode Num: 750 Episode T: 1000 Reward: 7319.408
---------------------------------------
Evaluation over 10 episodes: 7060.980
---------------------------------------
Total T: 751000 Episode Num: 751 Episode T: 1000 Reward: 7300.957
Total T: 752000 Episode Num: 752 Episode T: 1000 Reward: 7342.584
Total T: 753000 Episode Num: 753 Episode T: 1000 Reward: 7195.123
Total T: 754000 Episode Num: 754 Episode T: 1000 Reward: 7118.497
Total T: 755000 Episode Num: 755 Episode T: 1000 Reward: 7092.099
---------------------------------------
Evaluation over 10 episodes: 7398.225
---------------------------------------
Total T: 756000 Episode Num: 756 Episode T: 1000 Reward: 7240.287
Total T: 757000 Episode Num: 757 Episode T: 1000 Reward: 7408.012
Total T: 758000 Episode Num: 758 Episode T: 1000 Reward: 7223.860
Total T: 759000 Episode Num: 759 Episode T: 1000 Reward: 7411.066
Total T: 760000 Episode Num: 760 Episode T: 1000 Reward: 7239.931
---------------------------------------
Evaluation over 10 episodes: 7314.856
---------------------------------------
Total T: 761000 Episode Num: 761 Episode T: 1000 Reward: 7416.760
Total T: 762000 Episode Num: 762 Episode T: 1000 Reward: 7359.481
Total T: 763000 Episode Num: 763 Episode T: 1000 Reward: 7544.202
Total T: 764000 Episode Num: 764 Episode T: 1000 Reward: 7393.352
Total T: 765000 Episode Num: 765 Episode T: 1000 Reward: 7228.727
---------------------------------------
Evaluation over 10 episodes: 7289.427
---------------------------------------
Total T: 766000 Episode Num: 766 Episode T: 1000 Reward: 7321.625
Total T: 767000 Episode Num: 767 Episode T: 1000 Reward: 7261.003
Total T: 768000 Episode Num: 768 Episode T: 1000 Reward: 7107.691
Total T: 769000 Episode Num: 769 Episode T: 1000 Reward: 7218.202
Total T: 770000 Episode Num: 770 Episode T: 1000 Reward: 7460.681
---------------------------------------
Evaluation over 10 episodes: 7370.055
---------------------------------------
Total T: 771000 Episode Num: 771 Episode T: 1000 Reward: 7428.048
Total T: 772000 Episode Num: 772 Episode T: 1000 Reward: 7341.349
Total T: 773000 Episode Num: 773 Episode T: 1000 Reward: 7414.713
Total T: 774000 Episode Num: 774 Episode T: 1000 Reward: 7313.614
Total T: 775000 Episode Num: 775 Episode T: 1000 Reward: 7279.066
---------------------------------------
Evaluation over 10 episodes: 7413.103
---------------------------------------
Total T: 776000 Episode Num: 776 Episode T: 1000 Reward: 7285.841
Total T: 777000 Episode Num: 777 Episode T: 1000 Reward: 7477.541
Total T: 778000 Episode Num: 778 Episode T: 1000 Reward: 7455.519
Total T: 779000 Episode Num: 779 Episode T: 1000 Reward: 7396.595
Total T: 780000 Episode Num: 780 Episode T: 1000 Reward: 7247.095
---------------------------------------
Evaluation over 10 episodes: 7076.421
---------------------------------------
Total T: 781000 Episode Num: 781 Episode T: 1000 Reward: 7448.512
Total T: 782000 Episode Num: 782 Episode T: 1000 Reward: 7245.591
Total T: 783000 Episode Num: 783 Episode T: 1000 Reward: 7393.898
Total T: 784000 Episode Num: 784 Episode T: 1000 Reward: 7513.989
Total T: 785000 Episode Num: 785 Episode T: 1000 Reward: 7335.644
---------------------------------------
Evaluation over 10 episodes: 7292.295
---------------------------------------
Total T: 786000 Episode Num: 786 Episode T: 1000 Reward: 7428.163
Total T: 787000 Episode Num: 787 Episode T: 1000 Reward: 7426.035
Total T: 788000 Episode Num: 788 Episode T: 1000 Reward: 7318.201
Total T: 789000 Episode Num: 789 Episode T: 1000 Reward: 7379.672
Total T: 790000 Episode Num: 790 Episode T: 1000 Reward: 7184.147
---------------------------------------
Evaluation over 10 episodes: 7408.640
---------------------------------------
Total T: 791000 Episode Num: 791 Episode T: 1000 Reward: 7494.089
Total T: 792000 Episode Num: 792 Episode T: 1000 Reward: 7448.379
Total T: 793000 Episode Num: 793 Episode T: 1000 Reward: 7377.907
Total T: 794000 Episode Num: 794 Episode T: 1000 Reward: 7330.494
Total T: 795000 Episode Num: 795 Episode T: 1000 Reward: 7561.680
---------------------------------------
Evaluation over 10 episodes: 7541.053
---------------------------------------
Total T: 796000 Episode Num: 796 Episode T: 1000 Reward: 7418.356
Total T: 797000 Episode Num: 797 Episode T: 1000 Reward: 7040.649
Total T: 798000 Episode Num: 798 Episode T: 1000 Reward: 7331.794
Total T: 799000 Episode Num: 799 Episode T: 1000 Reward: 7473.222
Total T: 800000 Episode Num: 800 Episode T: 1000 Reward: 7637.117
---------------------------------------
Evaluation over 10 episodes: 7535.740
---------------------------------------
Total T: 801000 Episode Num: 801 Episode T: 1000 Reward: 7479.434
Total T: 802000 Episode Num: 802 Episode T: 1000 Reward: 7361.745
Total T: 803000 Episode Num: 803 Episode T: 1000 Reward: 7212.524
Total T: 804000 Episode Num: 804 Episode T: 1000 Reward: 7438.306
Total T: 805000 Episode Num: 805 Episode T: 1000 Reward: 7407.779
---------------------------------------
Evaluation over 10 episodes: 7446.991
---------------------------------------
Total T: 806000 Episode Num: 806 Episode T: 1000 Reward: 7459.417
Total T: 807000 Episode Num: 807 Episode T: 1000 Reward: 7600.016
Total T: 808000 Episode Num: 808 Episode T: 1000 Reward: 7409.350
Total T: 809000 Episode Num: 809 Episode T: 1000 Reward: 7470.242
Total T: 810000 Episode Num: 810 Episode T: 1000 Reward: 7592.350
---------------------------------------
Evaluation over 10 episodes: 7507.792
---------------------------------------
Total T: 811000 Episode Num: 811 Episode T: 1000 Reward: 7478.965
Total T: 812000 Episode Num: 812 Episode T: 1000 Reward: 7398.425
Total T: 813000 Episode Num: 813 Episode T: 1000 Reward: 7315.782
Total T: 814000 Episode Num: 814 Episode T: 1000 Reward: 7686.702
Total T: 815000 Episode Num: 815 Episode T: 1000 Reward: 7440.214
---------------------------------------
Evaluation over 10 episodes: 7498.307
---------------------------------------
Total T: 816000 Episode Num: 816 Episode T: 1000 Reward: 7375.349
Total T: 817000 Episode Num: 817 Episode T: 1000 Reward: 7207.051
Total T: 818000 Episode Num: 818 Episode T: 1000 Reward: 7470.144
Total T: 819000 Episode Num: 819 Episode T: 1000 Reward: 7527.469
Total T: 820000 Episode Num: 820 Episode T: 1000 Reward: 7411.269
---------------------------------------
Evaluation over 10 episodes: 7488.838
---------------------------------------
Total T: 821000 Episode Num: 821 Episode T: 1000 Reward: 7494.369
Total T: 822000 Episode Num: 822 Episode T: 1000 Reward: 7541.576
Total T: 823000 Episode Num: 823 Episode T: 1000 Reward: 7484.434
Total T: 824000 Episode Num: 824 Episode T: 1000 Reward: 7477.160
Total T: 825000 Episode Num: 825 Episode T: 1000 Reward: 7489.417
---------------------------------------
Evaluation over 10 episodes: 7058.404
---------------------------------------
Total T: 826000 Episode Num: 826 Episode T: 1000 Reward: 7156.691
Total T: 827000 Episode Num: 827 Episode T: 1000 Reward: 7665.670
Total T: 828000 Episode Num: 828 Episode T: 1000 Reward: 7569.474
Total T: 829000 Episode Num: 829 Episode T: 1000 Reward: 7315.956
Total T: 830000 Episode Num: 830 Episode T: 1000 Reward: 7367.883
---------------------------------------
Evaluation over 10 episodes: 7576.494
---------------------------------------
Total T: 831000 Episode Num: 831 Episode T: 1000 Reward: 7515.128
Total T: 832000 Episode Num: 832 Episode T: 1000 Reward: 7162.669
Total T: 833000 Episode Num: 833 Episode T: 1000 Reward: 7474.765
Total T: 834000 Episode Num: 834 Episode T: 1000 Reward: 7666.121
Total T: 835000 Episode Num: 835 Episode T: 1000 Reward: 7375.020
---------------------------------------
Evaluation over 10 episodes: 7423.322
---------------------------------------
Total T: 836000 Episode Num: 836 Episode T: 1000 Reward: 7417.453
Total T: 837000 Episode Num: 837 Episode T: 1000 Reward: 7499.414
Total T: 838000 Episode Num: 838 Episode T: 1000 Reward: 7504.632
Total T: 839000 Episode Num: 839 Episode T: 1000 Reward: 7346.249
Total T: 840000 Episode Num: 840 Episode T: 1000 Reward: 7667.784
---------------------------------------
Evaluation over 10 episodes: 7524.395
---------------------------------------
Total T: 841000 Episode Num: 841 Episode T: 1000 Reward: 7371.827
Total T: 842000 Episode Num: 842 Episode T: 1000 Reward: 7725.389
Total T: 843000 Episode Num: 843 Episode T: 1000 Reward: 7586.409
Total T: 844000 Episode Num: 844 Episode T: 1000 Reward: 7474.863
Total T: 845000 Episode Num: 845 Episode T: 1000 Reward: 7386.503
---------------------------------------
Evaluation over 10 episodes: 7511.571
---------------------------------------
Total T: 846000 Episode Num: 846 Episode T: 1000 Reward: 7666.630
Total T: 847000 Episode Num: 847 Episode T: 1000 Reward: 7651.942
Total T: 848000 Episode Num: 848 Episode T: 1000 Reward: 7510.377
Total T: 849000 Episode Num: 849 Episode T: 1000 Reward: 7669.922
Total T: 850000 Episode Num: 850 Episode T: 1000 Reward: 7346.030
---------------------------------------
Evaluation over 10 episodes: 7615.389
---------------------------------------
Total T: 851000 Episode Num: 851 Episode T: 1000 Reward: 7487.818
Total T: 852000 Episode Num: 852 Episode T: 1000 Reward: 7550.875
Total T: 853000 Episode Num: 853 Episode T: 1000 Reward: 7620.237
Total T: 854000 Episode Num: 854 Episode T: 1000 Reward: 7522.778
Total T: 855000 Episode Num: 855 Episode T: 1000 Reward: 7608.480
---------------------------------------
Evaluation over 10 episodes: 7516.351
---------------------------------------
Total T: 856000 Episode Num: 856 Episode T: 1000 Reward: 7890.215
Total T: 857000 Episode Num: 857 Episode T: 1000 Reward: 7674.732
Total T: 858000 Episode Num: 858 Episode T: 1000 Reward: 7271.650
Total T: 859000 Episode Num: 859 Episode T: 1000 Reward: 7345.357
Total T: 860000 Episode Num: 860 Episode T: 1000 Reward: 7591.450
---------------------------------------
Evaluation over 10 episodes: 7647.459
---------------------------------------
Total T: 861000 Episode Num: 861 Episode T: 1000 Reward: 7528.712
Total T: 862000 Episode Num: 862 Episode T: 1000 Reward: 7501.259
Total T: 863000 Episode Num: 863 Episode T: 1000 Reward: 7766.063
Total T: 864000 Episode Num: 864 Episode T: 1000 Reward: 7562.685
Total T: 865000 Episode Num: 865 Episode T: 1000 Reward: 7491.867
---------------------------------------
Evaluation over 10 episodes: 7532.272
---------------------------------------
Total T: 866000 Episode Num: 866 Episode T: 1000 Reward: 7668.886
Total T: 867000 Episode Num: 867 Episode T: 1000 Reward: 7477.191
Total T: 868000 Episode Num: 868 Episode T: 1000 Reward: 7624.993
Total T: 869000 Episode Num: 869 Episode T: 1000 Reward: 7706.252
Total T: 870000 Episode Num: 870 Episode T: 1000 Reward: 7641.346
---------------------------------------
Evaluation over 10 episodes: 7645.420
---------------------------------------
Total T: 871000 Episode Num: 871 Episode T: 1000 Reward: 7677.676
Total T: 872000 Episode Num: 872 Episode T: 1000 Reward: 7590.959
Total T: 873000 Episode Num: 873 Episode T: 1000 Reward: 7387.306
Total T: 874000 Episode Num: 874 Episode T: 1000 Reward: 7623.684
Total T: 875000 Episode Num: 875 Episode T: 1000 Reward: 7361.647
---------------------------------------
Evaluation over 10 episodes: 7692.814
---------------------------------------
Total T: 876000 Episode Num: 876 Episode T: 1000 Reward: 7502.655
Total T: 877000 Episode Num: 877 Episode T: 1000 Reward: 7392.723
Total T: 878000 Episode Num: 878 Episode T: 1000 Reward: 7480.175
Total T: 879000 Episode Num: 879 Episode T: 1000 Reward: 7356.072
Total T: 880000 Episode Num: 880 Episode T: 1000 Reward: 7446.007
---------------------------------------
Evaluation over 10 episodes: 7609.807
---------------------------------------
Total T: 881000 Episode Num: 881 Episode T: 1000 Reward: 7653.796
Total T: 882000 Episode Num: 882 Episode T: 1000 Reward: 7716.820
Total T: 883000 Episode Num: 883 Episode T: 1000 Reward: 7732.614
Total T: 884000 Episode Num: 884 Episode T: 1000 Reward: 7667.132
Total T: 885000 Episode Num: 885 Episode T: 1000 Reward: 7789.506
---------------------------------------
Evaluation over 10 episodes: 7624.306
---------------------------------------
Total T: 886000 Episode Num: 886 Episode T: 1000 Reward: 7481.371
Total T: 887000 Episode Num: 887 Episode T: 1000 Reward: 7630.118
Total T: 888000 Episode Num: 888 Episode T: 1000 Reward: 7605.283
Total T: 889000 Episode Num: 889 Episode T: 1000 Reward: 7681.179
Total T: 890000 Episode Num: 890 Episode T: 1000 Reward: 7620.445
---------------------------------------
Evaluation over 10 episodes: 6921.266
---------------------------------------
Total T: 891000 Episode Num: 891 Episode T: 1000 Reward: 7729.771
Total T: 892000 Episode Num: 892 Episode T: 1000 Reward: 7737.256
Total T: 893000 Episode Num: 893 Episode T: 1000 Reward: 7731.250
Total T: 894000 Episode Num: 894 Episode T: 1000 Reward: 7637.049
Total T: 895000 Episode Num: 895 Episode T: 1000 Reward: 7761.754
---------------------------------------
Evaluation over 10 episodes: 7646.862
---------------------------------------
Total T: 896000 Episode Num: 896 Episode T: 1000 Reward: 7711.339
Total T: 897000 Episode Num: 897 Episode T: 1000 Reward: 7603.676
Total T: 898000 Episode Num: 898 Episode T: 1000 Reward: 7602.091
Total T: 899000 Episode Num: 899 Episode T: 1000 Reward: 7608.396
Total T: 900000 Episode Num: 900 Episode T: 1000 Reward: 7572.459
---------------------------------------
Evaluation over 10 episodes: 7687.322
---------------------------------------
Total T: 901000 Episode Num: 901 Episode T: 1000 Reward: 7567.126
Total T: 902000 Episode Num: 902 Episode T: 1000 Reward: 7599.712
Total T: 903000 Episode Num: 903 Episode T: 1000 Reward: 7595.651
Total T: 904000 Episode Num: 904 Episode T: 1000 Reward: 7799.157
Total T: 905000 Episode Num: 905 Episode T: 1000 Reward: 7567.132
---------------------------------------
Evaluation over 10 episodes: 7729.764
---------------------------------------
Total T: 906000 Episode Num: 906 Episode T: 1000 Reward: 7747.278
Total T: 907000 Episode Num: 907 Episode T: 1000 Reward: 7492.184
Total T: 908000 Episode Num: 908 Episode T: 1000 Reward: 7916.529
Total T: 909000 Episode Num: 909 Episode T: 1000 Reward: 7784.193
Total T: 910000 Episode Num: 910 Episode T: 1000 Reward: 7543.102
---------------------------------------
Evaluation over 10 episodes: 7572.052
---------------------------------------
Total T: 911000 Episode Num: 911 Episode T: 1000 Reward: 7654.938
Total T: 912000 Episode Num: 912 Episode T: 1000 Reward: 7729.420
Total T: 913000 Episode Num: 913 Episode T: 1000 Reward: 7937.241
Total T: 914000 Episode Num: 914 Episode T: 1000 Reward: 7623.043
Total T: 915000 Episode Num: 915 Episode T: 1000 Reward: 7659.066
---------------------------------------
Evaluation over 10 episodes: 7808.628
---------------------------------------
Total T: 916000 Episode Num: 916 Episode T: 1000 Reward: 6955.399
Total T: 917000 Episode Num: 917 Episode T: 1000 Reward: 7591.934
Total T: 918000 Episode Num: 918 Episode T: 1000 Reward: 7543.042
Total T: 919000 Episode Num: 919 Episode T: 1000 Reward: 7700.971
Total T: 920000 Episode Num: 920 Episode T: 1000 Reward: 7687.505
---------------------------------------
Evaluation over 10 episodes: 7241.227
---------------------------------------
Total T: 921000 Episode Num: 921 Episode T: 1000 Reward: 7768.817
Total T: 922000 Episode Num: 922 Episode T: 1000 Reward: 7710.669
Total T: 923000 Episode Num: 923 Episode T: 1000 Reward: 7869.580
Total T: 924000 Episode Num: 924 Episode T: 1000 Reward: 7794.804
Total T: 925000 Episode Num: 925 Episode T: 1000 Reward: 7805.325
---------------------------------------
Evaluation over 10 episodes: 7604.729
---------------------------------------
Total T: 926000 Episode Num: 926 Episode T: 1000 Reward: 7590.019
Total T: 927000 Episode Num: 927 Episode T: 1000 Reward: 7527.881
Total T: 928000 Episode Num: 928 Episode T: 1000 Reward: 7751.207
Total T: 929000 Episode Num: 929 Episode T: 1000 Reward: 7839.116
Total T: 930000 Episode Num: 930 Episode T: 1000 Reward: 7975.057
---------------------------------------
Evaluation over 10 episodes: 7084.364
---------------------------------------
Total T: 931000 Episode Num: 931 Episode T: 1000 Reward: 7731.793
Total T: 932000 Episode Num: 932 Episode T: 1000 Reward: 7713.279
Total T: 933000 Episode Num: 933 Episode T: 1000 Reward: 7679.115
Total T: 934000 Episode Num: 934 Episode T: 1000 Reward: 7662.959
Total T: 935000 Episode Num: 935 Episode T: 1000 Reward: 7781.302
---------------------------------------
Evaluation over 10 episodes: 7843.699
---------------------------------------
Total T: 936000 Episode Num: 936 Episode T: 1000 Reward: 7870.613
Total T: 937000 Episode Num: 937 Episode T: 1000 Reward: 7742.690
Total T: 938000 Episode Num: 938 Episode T: 1000 Reward: 7704.281
Total T: 939000 Episode Num: 939 Episode T: 1000 Reward: 7685.654
Total T: 940000 Episode Num: 940 Episode T: 1000 Reward: 7802.062
---------------------------------------
Evaluation over 10 episodes: 7743.552
---------------------------------------
Total T: 941000 Episode Num: 941 Episode T: 1000 Reward: 7883.626
Total T: 942000 Episode Num: 942 Episode T: 1000 Reward: 7763.278
Total T: 943000 Episode Num: 943 Episode T: 1000 Reward: 7700.312
Total T: 944000 Episode Num: 944 Episode T: 1000 Reward: 7903.257
Total T: 945000 Episode Num: 945 Episode T: 1000 Reward: 7860.443
---------------------------------------
Evaluation over 10 episodes: 7742.662
---------------------------------------
Total T: 946000 Episode Num: 946 Episode T: 1000 Reward: 7802.749
Total T: 947000 Episode Num: 947 Episode T: 1000 Reward: 7747.780
Total T: 948000 Episode Num: 948 Episode T: 1000 Reward: 7639.215
Total T: 949000 Episode Num: 949 Episode T: 1000 Reward: 7839.326
Total T: 950000 Episode Num: 950 Episode T: 1000 Reward: 7614.844
---------------------------------------
Evaluation over 10 episodes: 7727.430
---------------------------------------
Total T: 951000 Episode Num: 951 Episode T: 1000 Reward: 7587.838
Total T: 952000 Episode Num: 952 Episode T: 1000 Reward: 7978.902
Total T: 953000 Episode Num: 953 Episode T: 1000 Reward: 7734.464
Total T: 954000 Episode Num: 954 Episode T: 1000 Reward: 7633.354
Total T: 955000 Episode Num: 955 Episode T: 1000 Reward: 7433.598
---------------------------------------
Evaluation over 10 episodes: 7911.646
---------------------------------------
Total T: 956000 Episode Num: 956 Episode T: 1000 Reward: 7684.195
Total T: 957000 Episode Num: 957 Episode T: 1000 Reward: 8061.949
Total T: 958000 Episode Num: 958 Episode T: 1000 Reward: 7847.719
Total T: 959000 Episode Num: 959 Episode T: 1000 Reward: 7709.992
Total T: 960000 Episode Num: 960 Episode T: 1000 Reward: 7720.784
---------------------------------------
Evaluation over 10 episodes: 7787.903
---------------------------------------
Total T: 961000 Episode Num: 961 Episode T: 1000 Reward: 7596.579
Total T: 962000 Episode Num: 962 Episode T: 1000 Reward: 7763.432
Total T: 963000 Episode Num: 963 Episode T: 1000 Reward: 744.432
Total T: 964000 Episode Num: 964 Episode T: 1000 Reward: 7680.678
Total T: 965000 Episode Num: 965 Episode T: 1000 Reward: 7724.708
---------------------------------------
Evaluation over 10 episodes: 7859.929
---------------------------------------
Total T: 966000 Episode Num: 966 Episode T: 1000 Reward: 7829.957
Total T: 967000 Episode Num: 967 Episode T: 1000 Reward: 7895.237
Total T: 968000 Episode Num: 968 Episode T: 1000 Reward: 7980.249
Total T: 969000 Episode Num: 969 Episode T: 1000 Reward: 7775.595
Total T: 970000 Episode Num: 970 Episode T: 1000 Reward: 7624.686
---------------------------------------
Evaluation over 10 episodes: 7740.186
---------------------------------------
Total T: 971000 Episode Num: 971 Episode T: 1000 Reward: 7800.157
Total T: 972000 Episode Num: 972 Episode T: 1000 Reward: 8007.509
Total T: 973000 Episode Num: 973 Episode T: 1000 Reward: 7951.622
Total T: 974000 Episode Num: 974 Episode T: 1000 Reward: 7816.550
Total T: 975000 Episode Num: 975 Episode T: 1000 Reward: 7856.689
---------------------------------------
Evaluation over 10 episodes: 7942.608
---------------------------------------
Total T: 976000 Episode Num: 976 Episode T: 1000 Reward: 7757.637
Total T: 977000 Episode Num: 977 Episode T: 1000 Reward: 7788.140
Total T: 978000 Episode Num: 978 Episode T: 1000 Reward: 7746.921
Total T: 979000 Episode Num: 979 Episode T: 1000 Reward: 7909.658
Total T: 980000 Episode Num: 980 Episode T: 1000 Reward: 7880.421
---------------------------------------
Evaluation over 10 episodes: 8010.792
---------------------------------------
Total T: 981000 Episode Num: 981 Episode T: 1000 Reward: 7464.206
Total T: 982000 Episode Num: 982 Episode T: 1000 Reward: 7852.907
Total T: 983000 Episode Num: 983 Episode T: 1000 Reward: 8023.997
Total T: 984000 Episode Num: 984 Episode T: 1000 Reward: 8023.238
Total T: 985000 Episode Num: 985 Episode T: 1000 Reward: 7772.649
---------------------------------------
Evaluation over 10 episodes: 7897.031
---------------------------------------
Total T: 986000 Episode Num: 986 Episode T: 1000 Reward: 7946.367
Total T: 987000 Episode Num: 987 Episode T: 1000 Reward: 7808.765
Total T: 988000 Episode Num: 988 Episode T: 1000 Reward: 8185.099
Total T: 989000 Episode Num: 989 Episode T: 1000 Reward: 8003.019
Total T: 990000 Episode Num: 990 Episode T: 1000 Reward: 8014.719
---------------------------------------
Evaluation over 10 episodes: 7978.396
---------------------------------------
Total T: 991000 Episode Num: 991 Episode T: 1000 Reward: 7860.900
Total T: 992000 Episode Num: 992 Episode T: 1000 Reward: 7747.448
Total T: 993000 Episode Num: 993 Episode T: 1000 Reward: 7993.369
Total T: 994000 Episode Num: 994 Episode T: 1000 Reward: 8109.272
Total T: 995000 Episode Num: 995 Episode T: 1000 Reward: 8014.997
---------------------------------------
Evaluation over 10 episodes: 8029.268
---------------------------------------
Total T: 996000 Episode Num: 996 Episode T: 1000 Reward: 7827.335
Total T: 997000 Episode Num: 997 Episode T: 1000 Reward: 7960.045
Total T: 998000 Episode Num: 998 Episode T: 1000 Reward: 7600.192
Total T: 999000 Episode Num: 999 Episode T: 1000 Reward: 7776.392
Total T: 1000000 Episode Num: 1000 Episode T: 1000 Reward: 7832.968
---------------------------------------
Evaluation over 10 episodes: 8062.598
---------------------------------------
