---------------------------------------
Policy: TD3, Env: HalfCheetah-v2, Seed: 0
---------------------------------------
---------------------------------------
Evaluation over 10 episodes: -6.685
---------------------------------------
Total T: 1000 Episode Num: 1 Episode T: 1000 Reward: -247.486
Total T: 2000 Episode Num: 2 Episode T: 1000 Reward: -311.619
Total T: 3000 Episode Num: 3 Episode T: 1000 Reward: -217.207
Total T: 4000 Episode Num: 4 Episode T: 1000 Reward: -238.787
Total T: 5000 Episode Num: 5 Episode T: 1000 Reward: -237.613
---------------------------------------
Evaluation over 10 episodes: -5.599
---------------------------------------
Total T: 6000 Episode Num: 6 Episode T: 1000 Reward: -164.432
Total T: 7000 Episode Num: 7 Episode T: 1000 Reward: -407.537
Total T: 8000 Episode Num: 8 Episode T: 1000 Reward: -269.976
Total T: 9000 Episode Num: 9 Episode T: 1000 Reward: -263.989
Total T: 10000 Episode Num: 10 Episode T: 1000 Reward: -321.862
---------------------------------------
Evaluation over 10 episodes: -5.992
---------------------------------------
Total T: 11000 Episode Num: 11 Episode T: 1000 Reward: -398.149
Total T: 12000 Episode Num: 12 Episode T: 1000 Reward: -332.263
Total T: 13000 Episode Num: 13 Episode T: 1000 Reward: -240.612
Total T: 14000 Episode Num: 14 Episode T: 1000 Reward: -233.452
Total T: 15000 Episode Num: 15 Episode T: 1000 Reward: -283.117
---------------------------------------
Evaluation over 10 episodes: -4.279
---------------------------------------
Total T: 16000 Episode Num: 16 Episode T: 1000 Reward: -270.209
Total T: 17000 Episode Num: 17 Episode T: 1000 Reward: -274.854
Total T: 18000 Episode Num: 18 Episode T: 1000 Reward: -317.121
Total T: 19000 Episode Num: 19 Episode T: 1000 Reward: -239.223
Total T: 20000 Episode Num: 20 Episode T: 1000 Reward: -310.932
---------------------------------------
Evaluation over 10 episodes: -5.492
---------------------------------------
Total T: 21000 Episode Num: 21 Episode T: 1000 Reward: -274.433
Total T: 22000 Episode Num: 22 Episode T: 1000 Reward: -318.034
Total T: 23000 Episode Num: 23 Episode T: 1000 Reward: -340.919
Total T: 24000 Episode Num: 24 Episode T: 1000 Reward: -378.780
Total T: 25000 Episode Num: 25 Episode T: 1000 Reward: -276.301
---------------------------------------
Evaluation over 10 episodes: -6.843
---------------------------------------
Total T: 26000 Episode Num: 26 Episode T: 1000 Reward: -208.704
Total T: 27000 Episode Num: 27 Episode T: 1000 Reward: -227.855
Total T: 28000 Episode Num: 28 Episode T: 1000 Reward: -184.755
Total T: 29000 Episode Num: 29 Episode T: 1000 Reward: -503.768
Total T: 30000 Episode Num: 30 Episode T: 1000 Reward: -301.577
---------------------------------------
Evaluation over 10 episodes: -195.449
---------------------------------------
Total T: 31000 Episode Num: 31 Episode T: 1000 Reward: -31.812
Total T: 32000 Episode Num: 32 Episode T: 1000 Reward: -56.944
Total T: 33000 Episode Num: 33 Episode T: 1000 Reward: 45.267
Total T: 34000 Episode Num: 34 Episode T: 1000 Reward: 283.341
Total T: 35000 Episode Num: 35 Episode T: 1000 Reward: 156.999
---------------------------------------
Evaluation over 10 episodes: 199.622
---------------------------------------
Total T: 36000 Episode Num: 36 Episode T: 1000 Reward: 181.166
Total T: 37000 Episode Num: 37 Episode T: 1000 Reward: 207.374
Total T: 38000 Episode Num: 38 Episode T: 1000 Reward: 172.903
Total T: 39000 Episode Num: 39 Episode T: 1000 Reward: 199.257
Total T: 40000 Episode Num: 40 Episode T: 1000 Reward: 415.582
---------------------------------------
Evaluation over 10 episodes: 481.188
---------------------------------------
Total T: 41000 Episode Num: 41 Episode T: 1000 Reward: 416.994
Total T: 42000 Episode Num: 42 Episode T: 1000 Reward: 356.720
Total T: 43000 Episode Num: 43 Episode T: 1000 Reward: 403.959
Total T: 44000 Episode Num: 44 Episode T: 1000 Reward: 517.931
Total T: 45000 Episode Num: 45 Episode T: 1000 Reward: 953.023
---------------------------------------
Evaluation over 10 episodes: 787.981
---------------------------------------
Total T: 46000 Episode Num: 46 Episode T: 1000 Reward: 570.262
Total T: 47000 Episode Num: 47 Episode T: 1000 Reward: 880.326
Total T: 48000 Episode Num: 48 Episode T: 1000 Reward: 1286.359
Total T: 49000 Episode Num: 49 Episode T: 1000 Reward: 558.311
Total T: 50000 Episode Num: 50 Episode T: 1000 Reward: 1410.278
---------------------------------------
Evaluation over 10 episodes: 865.448
---------------------------------------
Total T: 51000 Episode Num: 51 Episode T: 1000 Reward: 934.758
Total T: 52000 Episode Num: 52 Episode T: 1000 Reward: 802.660
Total T: 53000 Episode Num: 53 Episode T: 1000 Reward: 764.846
Total T: 54000 Episode Num: 54 Episode T: 1000 Reward: 822.293
Total T: 55000 Episode Num: 55 Episode T: 1000 Reward: 689.920
---------------------------------------
Evaluation over 10 episodes: 989.061
---------------------------------------
Total T: 56000 Episode Num: 56 Episode T: 1000 Reward: 1136.475
Total T: 57000 Episode Num: 57 Episode T: 1000 Reward: 1657.966
Total T: 58000 Episode Num: 58 Episode T: 1000 Reward: 1961.079
Total T: 59000 Episode Num: 59 Episode T: 1000 Reward: 858.901
Total T: 60000 Episode Num: 60 Episode T: 1000 Reward: 1862.885
---------------------------------------
Evaluation over 10 episodes: 1959.297
---------------------------------------
Total T: 61000 Episode Num: 61 Episode T: 1000 Reward: 1976.808
Total T: 62000 Episode Num: 62 Episode T: 1000 Reward: 1946.767
Total T: 63000 Episode Num: 63 Episode T: 1000 Reward: 2258.447
Total T: 64000 Episode Num: 64 Episode T: 1000 Reward: 2135.360
Total T: 65000 Episode Num: 65 Episode T: 1000 Reward: 2238.637
---------------------------------------
Evaluation over 10 episodes: 2257.583
---------------------------------------
Total T: 66000 Episode Num: 66 Episode T: 1000 Reward: 594.946
Total T: 67000 Episode Num: 67 Episode T: 1000 Reward: 2229.674
Total T: 68000 Episode Num: 68 Episode T: 1000 Reward: 2154.246
Total T: 69000 Episode Num: 69 Episode T: 1000 Reward: 2381.584
Total T: 70000 Episode Num: 70 Episode T: 1000 Reward: 2106.959
---------------------------------------
Evaluation over 10 episodes: 2306.004
---------------------------------------
Total T: 71000 Episode Num: 71 Episode T: 1000 Reward: 2506.550
Total T: 72000 Episode Num: 72 Episode T: 1000 Reward: 2323.426
Total T: 73000 Episode Num: 73 Episode T: 1000 Reward: 2408.882
Total T: 74000 Episode Num: 74 Episode T: 1000 Reward: 2534.856
Total T: 75000 Episode Num: 75 Episode T: 1000 Reward: 2573.091
---------------------------------------
Evaluation over 10 episodes: 2555.841
---------------------------------------
Total T: 76000 Episode Num: 76 Episode T: 1000 Reward: 2535.762
Total T: 77000 Episode Num: 77 Episode T: 1000 Reward: 2602.190
Total T: 78000 Episode Num: 78 Episode T: 1000 Reward: 2616.221
Total T: 79000 Episode Num: 79 Episode T: 1000 Reward: 2613.308
Total T: 80000 Episode Num: 80 Episode T: 1000 Reward: 2570.853
---------------------------------------
Evaluation over 10 episodes: 2823.075
---------------------------------------
Total T: 81000 Episode Num: 81 Episode T: 1000 Reward: 2764.440
Total T: 82000 Episode Num: 82 Episode T: 1000 Reward: 2718.506
Total T: 83000 Episode Num: 83 Episode T: 1000 Reward: 2686.302
Total T: 84000 Episode Num: 84 Episode T: 1000 Reward: 2873.532
Total T: 85000 Episode Num: 85 Episode T: 1000 Reward: 2900.803
---------------------------------------
Evaluation over 10 episodes: 2886.998
---------------------------------------
Total T: 86000 Episode Num: 86 Episode T: 1000 Reward: 2929.706
Total T: 87000 Episode Num: 87 Episode T: 1000 Reward: 2986.170
Total T: 88000 Episode Num: 88 Episode T: 1000 Reward: 2937.897
Total T: 89000 Episode Num: 89 Episode T: 1000 Reward: 2989.653
Total T: 90000 Episode Num: 90 Episode T: 1000 Reward: 3138.605
---------------------------------------
Evaluation over 10 episodes: 3095.773
---------------------------------------
Total T: 91000 Episode Num: 91 Episode T: 1000 Reward: 3055.970
Total T: 92000 Episode Num: 92 Episode T: 1000 Reward: 3172.455
Total T: 93000 Episode Num: 93 Episode T: 1000 Reward: 3126.685
Total T: 94000 Episode Num: 94 Episode T: 1000 Reward: 3148.764
Total T: 95000 Episode Num: 95 Episode T: 1000 Reward: 3179.300
---------------------------------------
Evaluation over 10 episodes: 3258.883
---------------------------------------
Total T: 96000 Episode Num: 96 Episode T: 1000 Reward: 3257.029
Total T: 97000 Episode Num: 97 Episode T: 1000 Reward: 3320.929
Total T: 98000 Episode Num: 98 Episode T: 1000 Reward: 3212.830
Total T: 99000 Episode Num: 99 Episode T: 1000 Reward: 3456.622
Total T: 100000 Episode Num: 100 Episode T: 1000 Reward: 3464.779
---------------------------------------
Evaluation over 10 episodes: 3539.009
---------------------------------------
Total T: 101000 Episode Num: 101 Episode T: 1000 Reward: 3538.271
Total T: 102000 Episode Num: 102 Episode T: 1000 Reward: 3367.318
Total T: 103000 Episode Num: 103 Episode T: 1000 Reward: 3277.101
Total T: 104000 Episode Num: 104 Episode T: 1000 Reward: 3450.788
Total T: 105000 Episode Num: 105 Episode T: 1000 Reward: 3572.787
---------------------------------------
Evaluation over 10 episodes: 3083.508
---------------------------------------
Total T: 106000 Episode Num: 106 Episode T: 1000 Reward: 3540.485
Total T: 107000 Episode Num: 107 Episode T: 1000 Reward: 3268.714
Total T: 108000 Episode Num: 108 Episode T: 1000 Reward: 3493.402
Total T: 109000 Episode Num: 109 Episode T: 1000 Reward: 3273.673
Total T: 110000 Episode Num: 110 Episode T: 1000 Reward: 3587.301
---------------------------------------
Evaluation over 10 episodes: 3117.689
---------------------------------------
Total T: 111000 Episode Num: 111 Episode T: 1000 Reward: 3341.510
Total T: 112000 Episode Num: 112 Episode T: 1000 Reward: 3619.467
Total T: 113000 Episode Num: 113 Episode T: 1000 Reward: 3570.322
Total T: 114000 Episode Num: 114 Episode T: 1000 Reward: 3690.423
Total T: 115000 Episode Num: 115 Episode T: 1000 Reward: 3594.795
---------------------------------------
Evaluation over 10 episodes: 3756.813
---------------------------------------
Total T: 116000 Episode Num: 116 Episode T: 1000 Reward: 3755.645
Total T: 117000 Episode Num: 117 Episode T: 1000 Reward: 3796.169
Total T: 118000 Episode Num: 118 Episode T: 1000 Reward: 3755.053
Total T: 119000 Episode Num: 119 Episode T: 1000 Reward: 3714.183
Total T: 120000 Episode Num: 120 Episode T: 1000 Reward: 3862.575
---------------------------------------
Evaluation over 10 episodes: 3808.310
---------------------------------------
Total T: 121000 Episode Num: 121 Episode T: 1000 Reward: 3786.198
Total T: 122000 Episode Num: 122 Episode T: 1000 Reward: 3843.846
Total T: 123000 Episode Num: 123 Episode T: 1000 Reward: 3785.251
Total T: 124000 Episode Num: 124 Episode T: 1000 Reward: 3807.461
Total T: 125000 Episode Num: 125 Episode T: 1000 Reward: 3770.614
---------------------------------------
Evaluation over 10 episodes: 3710.934
---------------------------------------
Total T: 126000 Episode Num: 126 Episode T: 1000 Reward: 3806.162
Total T: 127000 Episode Num: 127 Episode T: 1000 Reward: 3796.842
Total T: 128000 Episode Num: 128 Episode T: 1000 Reward: 3855.738
Total T: 129000 Episode Num: 129 Episode T: 1000 Reward: 3841.732
Total T: 130000 Episode Num: 130 Episode T: 1000 Reward: 3690.338
---------------------------------------
Evaluation over 10 episodes: 3810.017
---------------------------------------
Total T: 131000 Episode Num: 131 Episode T: 1000 Reward: 3773.916
Total T: 132000 Episode Num: 132 Episode T: 1000 Reward: 3792.003
Total T: 133000 Episode Num: 133 Episode T: 1000 Reward: 3831.954
Total T: 134000 Episode Num: 134 Episode T: 1000 Reward: 3834.187
Total T: 135000 Episode Num: 135 Episode T: 1000 Reward: 3857.097
---------------------------------------
Evaluation over 10 episodes: 3895.266
---------------------------------------
Total T: 136000 Episode Num: 136 Episode T: 1000 Reward: 3869.807
Total T: 137000 Episode Num: 137 Episode T: 1000 Reward: 3847.357
Total T: 138000 Episode Num: 138 Episode T: 1000 Reward: 3895.962
Total T: 139000 Episode Num: 139 Episode T: 1000 Reward: 3872.496
Total T: 140000 Episode Num: 140 Episode T: 1000 Reward: 3762.964
---------------------------------------
Evaluation over 10 episodes: 3867.565
---------------------------------------
Total T: 141000 Episode Num: 141 Episode T: 1000 Reward: 3922.015
Total T: 142000 Episode Num: 142 Episode T: 1000 Reward: 3846.941
Total T: 143000 Episode Num: 143 Episode T: 1000 Reward: 3877.435
Total T: 144000 Episode Num: 144 Episode T: 1000 Reward: 3776.914
Total T: 145000 Episode Num: 145 Episode T: 1000 Reward: 3847.405
---------------------------------------
Evaluation over 10 episodes: 3960.955
---------------------------------------
Total T: 146000 Episode Num: 146 Episode T: 1000 Reward: 4010.972
Total T: 147000 Episode Num: 147 Episode T: 1000 Reward: 3968.693
Total T: 148000 Episode Num: 148 Episode T: 1000 Reward: 3703.492
Total T: 149000 Episode Num: 149 Episode T: 1000 Reward: 3919.357
Total T: 150000 Episode Num: 150 Episode T: 1000 Reward: 3942.613
---------------------------------------
Evaluation over 10 episodes: 4042.686
---------------------------------------
Total T: 151000 Episode Num: 151 Episode T: 1000 Reward: 3930.545
Total T: 152000 Episode Num: 152 Episode T: 1000 Reward: 3804.402
Total T: 153000 Episode Num: 153 Episode T: 1000 Reward: 3934.428
Total T: 154000 Episode Num: 154 Episode T: 1000 Reward: 3917.767
Total T: 155000 Episode Num: 155 Episode T: 1000 Reward: 3906.854
---------------------------------------
Evaluation over 10 episodes: 4029.517
---------------------------------------
Total T: 156000 Episode Num: 156 Episode T: 1000 Reward: 3936.516
Total T: 157000 Episode Num: 157 Episode T: 1000 Reward: 3848.421
Total T: 158000 Episode Num: 158 Episode T: 1000 Reward: 3842.293
Total T: 159000 Episode Num: 159 Episode T: 1000 Reward: 3890.583
Total T: 160000 Episode Num: 160 Episode T: 1000 Reward: 4003.083
---------------------------------------
Evaluation over 10 episodes: 3864.050
---------------------------------------
Total T: 161000 Episode Num: 161 Episode T: 1000 Reward: 3994.672
Total T: 162000 Episode Num: 162 Episode T: 1000 Reward: 3923.401
Total T: 163000 Episode Num: 163 Episode T: 1000 Reward: 3938.802
Total T: 164000 Episode Num: 164 Episode T: 1000 Reward: 3999.011
Total T: 165000 Episode Num: 165 Episode T: 1000 Reward: 4020.468
---------------------------------------
Evaluation over 10 episodes: 4036.089
---------------------------------------
Total T: 166000 Episode Num: 166 Episode T: 1000 Reward: 3985.826
Total T: 167000 Episode Num: 167 Episode T: 1000 Reward: 4059.276
Total T: 168000 Episode Num: 168 Episode T: 1000 Reward: 3967.831
Total T: 169000 Episode Num: 169 Episode T: 1000 Reward: 3922.065
Total T: 170000 Episode Num: 170 Episode T: 1000 Reward: 4058.386
---------------------------------------
Evaluation over 10 episodes: 4001.960
---------------------------------------
Total T: 171000 Episode Num: 171 Episode T: 1000 Reward: 3887.848
Total T: 172000 Episode Num: 172 Episode T: 1000 Reward: 4020.754
Total T: 173000 Episode Num: 173 Episode T: 1000 Reward: 3964.900
Total T: 174000 Episode Num: 174 Episode T: 1000 Reward: 3990.544
Total T: 175000 Episode Num: 175 Episode T: 1000 Reward: 4048.198
---------------------------------------
Evaluation over 10 episodes: 3940.334
---------------------------------------
Total T: 176000 Episode Num: 176 Episode T: 1000 Reward: 4048.070
Total T: 177000 Episode Num: 177 Episode T: 1000 Reward: 3927.107
Total T: 178000 Episode Num: 178 Episode T: 1000 Reward: 4097.345
Total T: 179000 Episode Num: 179 Episode T: 1000 Reward: 4056.536
Total T: 180000 Episode Num: 180 Episode T: 1000 Reward: 4070.930
---------------------------------------
Evaluation over 10 episodes: 4073.450
---------------------------------------
Total T: 181000 Episode Num: 181 Episode T: 1000 Reward: 4042.914
Total T: 182000 Episode Num: 182 Episode T: 1000 Reward: 4136.070
Total T: 183000 Episode Num: 183 Episode T: 1000 Reward: 4095.752
Total T: 184000 Episode Num: 184 Episode T: 1000 Reward: 4180.807
Total T: 185000 Episode Num: 185 Episode T: 1000 Reward: 4135.536
---------------------------------------
Evaluation over 10 episodes: 4193.499
---------------------------------------
Total T: 186000 Episode Num: 186 Episode T: 1000 Reward: 4143.586
Total T: 187000 Episode Num: 187 Episode T: 1000 Reward: 4146.743
Total T: 188000 Episode Num: 188 Episode T: 1000 Reward: 4221.732
Total T: 189000 Episode Num: 189 Episode T: 1000 Reward: 4120.521
Total T: 190000 Episode Num: 190 Episode T: 1000 Reward: 4200.955
---------------------------------------
Evaluation over 10 episodes: 4113.697
---------------------------------------
Total T: 191000 Episode Num: 191 Episode T: 1000 Reward: 4171.597
Total T: 192000 Episode Num: 192 Episode T: 1000 Reward: 4271.639
Total T: 193000 Episode Num: 193 Episode T: 1000 Reward: 4175.915
Total T: 194000 Episode Num: 194 Episode T: 1000 Reward: 4147.910
Total T: 195000 Episode Num: 195 Episode T: 1000 Reward: 4216.827
---------------------------------------
Evaluation over 10 episodes: 3861.936
---------------------------------------
Total T: 196000 Episode Num: 196 Episode T: 1000 Reward: 4160.875
Total T: 197000 Episode Num: 197 Episode T: 1000 Reward: 4238.560
Total T: 198000 Episode Num: 198 Episode T: 1000 Reward: 4355.367
Total T: 199000 Episode Num: 199 Episode T: 1000 Reward: 4285.722
Total T: 200000 Episode Num: 200 Episode T: 1000 Reward: 4229.191
---------------------------------------
Evaluation over 10 episodes: 4239.319
---------------------------------------
Total T: 201000 Episode Num: 201 Episode T: 1000 Reward: 4334.269
Total T: 202000 Episode Num: 202 Episode T: 1000 Reward: 4151.470
Total T: 203000 Episode Num: 203 Episode T: 1000 Reward: 4303.922
Total T: 204000 Episode Num: 204 Episode T: 1000 Reward: 4230.048
Total T: 205000 Episode Num: 205 Episode T: 1000 Reward: 4295.610
---------------------------------------
Evaluation over 10 episodes: 4410.104
---------------------------------------
Total T: 206000 Episode Num: 206 Episode T: 1000 Reward: 4299.488
Total T: 207000 Episode Num: 207 Episode T: 1000 Reward: 4366.670
Total T: 208000 Episode Num: 208 Episode T: 1000 Reward: 4407.435
Total T: 209000 Episode Num: 209 Episode T: 1000 Reward: 4460.100
Total T: 210000 Episode Num: 210 Episode T: 1000 Reward: 4434.802
---------------------------------------
Evaluation over 10 episodes: 4298.336
---------------------------------------
Total T: 211000 Episode Num: 211 Episode T: 1000 Reward: 4372.521
Total T: 212000 Episode Num: 212 Episode T: 1000 Reward: 4475.114
Total T: 213000 Episode Num: 213 Episode T: 1000 Reward: 4408.563
Total T: 214000 Episode Num: 214 Episode T: 1000 Reward: 4563.862
Total T: 215000 Episode Num: 215 Episode T: 1000 Reward: 4621.959
---------------------------------------
Evaluation over 10 episodes: 4401.954
---------------------------------------
Total T: 216000 Episode Num: 216 Episode T: 1000 Reward: 4565.326
Total T: 217000 Episode Num: 217 Episode T: 1000 Reward: 4474.389
Total T: 218000 Episode Num: 218 Episode T: 1000 Reward: 4484.738
Total T: 219000 Episode Num: 219 Episode T: 1000 Reward: 4553.038
Total T: 220000 Episode Num: 220 Episode T: 1000 Reward: 4574.111
---------------------------------------
Evaluation over 10 episodes: 4225.633
---------------------------------------
Total T: 221000 Episode Num: 221 Episode T: 1000 Reward: 4631.947
Total T: 222000 Episode Num: 222 Episode T: 1000 Reward: 4293.523
Total T: 223000 Episode Num: 223 Episode T: 1000 Reward: 4410.541
Total T: 224000 Episode Num: 224 Episode T: 1000 Reward: 4376.618
Total T: 225000 Episode Num: 225 Episode T: 1000 Reward: 4373.377
---------------------------------------
Evaluation over 10 episodes: 4670.148
---------------------------------------
Total T: 226000 Episode Num: 226 Episode T: 1000 Reward: 4390.966
Total T: 227000 Episode Num: 227 Episode T: 1000 Reward: 4714.001
Total T: 228000 Episode Num: 228 Episode T: 1000 Reward: 4514.003
Total T: 229000 Episode Num: 229 Episode T: 1000 Reward: 4601.792
Total T: 230000 Episode Num: 230 Episode T: 1000 Reward: 1326.533
---------------------------------------
Evaluation over 10 episodes: 4607.870
---------------------------------------
Total T: 231000 Episode Num: 231 Episode T: 1000 Reward: 4582.314
Total T: 232000 Episode Num: 232 Episode T: 1000 Reward: 4651.915
Total T: 233000 Episode Num: 233 Episode T: 1000 Reward: 4688.272
Total T: 234000 Episode Num: 234 Episode T: 1000 Reward: 4571.995
Total T: 235000 Episode Num: 235 Episode T: 1000 Reward: 4697.575
---------------------------------------
Evaluation over 10 episodes: 4654.472
---------------------------------------
Total T: 236000 Episode Num: 236 Episode T: 1000 Reward: 4793.241
Total T: 237000 Episode Num: 237 Episode T: 1000 Reward: 4767.364
Total T: 238000 Episode Num: 238 Episode T: 1000 Reward: 4679.330
Total T: 239000 Episode Num: 239 Episode T: 1000 Reward: 4689.791
Total T: 240000 Episode Num: 240 Episode T: 1000 Reward: 4662.607
---------------------------------------
Evaluation over 10 episodes: 4684.653
---------------------------------------
Total T: 241000 Episode Num: 241 Episode T: 1000 Reward: 4595.805
Total T: 242000 Episode Num: 242 Episode T: 1000 Reward: 4747.224
Total T: 243000 Episode Num: 243 Episode T: 1000 Reward: 4768.843
Total T: 244000 Episode Num: 244 Episode T: 1000 Reward: 4667.682
Total T: 245000 Episode Num: 245 Episode T: 1000 Reward: 4629.713
---------------------------------------
Evaluation over 10 episodes: 4672.869
---------------------------------------
Total T: 246000 Episode Num: 246 Episode T: 1000 Reward: 2583.932
Total T: 247000 Episode Num: 247 Episode T: 1000 Reward: 4785.264
Total T: 248000 Episode Num: 248 Episode T: 1000 Reward: 4635.845
Total T: 249000 Episode Num: 249 Episode T: 1000 Reward: 4398.487
Total T: 250000 Episode Num: 250 Episode T: 1000 Reward: 4907.543
---------------------------------------
Evaluation over 10 episodes: 4940.879
---------------------------------------
Total T: 251000 Episode Num: 251 Episode T: 1000 Reward: 4965.994
Total T: 252000 Episode Num: 252 Episode T: 1000 Reward: 4810.238
Total T: 253000 Episode Num: 253 Episode T: 1000 Reward: 4836.595
Total T: 254000 Episode Num: 254 Episode T: 1000 Reward: 4859.586
Total T: 255000 Episode Num: 255 Episode T: 1000 Reward: 4954.538
---------------------------------------
Evaluation over 10 episodes: 4858.766
---------------------------------------
Total T: 256000 Episode Num: 256 Episode T: 1000 Reward: 4992.467
Total T: 257000 Episode Num: 257 Episode T: 1000 Reward: 4804.532
Total T: 258000 Episode Num: 258 Episode T: 1000 Reward: 4862.972
Total T: 259000 Episode Num: 259 Episode T: 1000 Reward: 4866.500
Total T: 260000 Episode Num: 260 Episode T: 1000 Reward: 4880.745
---------------------------------------
Evaluation over 10 episodes: 4537.723
---------------------------------------
Total T: 261000 Episode Num: 261 Episode T: 1000 Reward: 4933.089
Total T: 262000 Episode Num: 262 Episode T: 1000 Reward: 4832.252
Total T: 263000 Episode Num: 263 Episode T: 1000 Reward: 5068.816
Total T: 264000 Episode Num: 264 Episode T: 1000 Reward: 4959.209
Total T: 265000 Episode Num: 265 Episode T: 1000 Reward: 4984.208
---------------------------------------
Evaluation over 10 episodes: 5167.076
---------------------------------------
Total T: 266000 Episode Num: 266 Episode T: 1000 Reward: 4881.618
Total T: 267000 Episode Num: 267 Episode T: 1000 Reward: 4986.673
Total T: 268000 Episode Num: 268 Episode T: 1000 Reward: 5008.845
Total T: 269000 Episode Num: 269 Episode T: 1000 Reward: 5104.402
Total T: 270000 Episode Num: 270 Episode T: 1000 Reward: 4699.522
---------------------------------------
Evaluation over 10 episodes: 5161.419
---------------------------------------
Total T: 271000 Episode Num: 271 Episode T: 1000 Reward: 4993.840
Total T: 272000 Episode Num: 272 Episode T: 1000 Reward: 5078.189
Total T: 273000 Episode Num: 273 Episode T: 1000 Reward: 5155.011
Total T: 274000 Episode Num: 274 Episode T: 1000 Reward: 5086.663
Total T: 275000 Episode Num: 275 Episode T: 1000 Reward: 5010.346
---------------------------------------
Evaluation over 10 episodes: 4643.221
---------------------------------------
Total T: 276000 Episode Num: 276 Episode T: 1000 Reward: 5081.629