---------------------------------------
Policy: TD3, Env: Swimmer-v2, Seed: 0
---------------------------------------
---------------------------------------
Evaluation over 10 episodes: -2.800
---------------------------------------
Total T: 1000 Episode Num: 1 Episode T: 1000 Reward: 15.944
Total T: 2000 Episode Num: 2 Episode T: 1000 Reward: -11.070
Total T: 3000 Episode Num: 3 Episode T: 1000 Reward: -8.874
Total T: 4000 Episode Num: 4 Episode T: 1000 Reward: 13.933
Total T: 5000 Episode Num: 5 Episode T: 1000 Reward: -0.783
---------------------------------------
Evaluation over 10 episodes: -2.419
---------------------------------------
Total T: 6000 Episode Num: 6 Episode T: 1000 Reward: 13.821
Total T: 7000 Episode Num: 7 Episode T: 1000 Reward: -11.720
Total T: 8000 Episode Num: 8 Episode T: 1000 Reward: 13.367
Total T: 9000 Episode Num: 9 Episode T: 1000 Reward: -1.406
Total T: 10000 Episode Num: 10 Episode T: 1000 Reward: -5.690
---------------------------------------
Evaluation over 10 episodes: -2.586
---------------------------------------
Total T: 11000 Episode Num: 11 Episode T: 1000 Reward: -7.385
Total T: 12000 Episode Num: 12 Episode T: 1000 Reward: 9.512
Total T: 13000 Episode Num: 13 Episode T: 1000 Reward: -7.098
Total T: 14000 Episode Num: 14 Episode T: 1000 Reward: -13.222
Total T: 15000 Episode Num: 15 Episode T: 1000 Reward: 8.597
---------------------------------------
Evaluation over 10 episodes: -1.715
---------------------------------------
Total T: 16000 Episode Num: 16 Episode T: 1000 Reward: -10.142
Total T: 17000 Episode Num: 17 Episode T: 1000 Reward: 6.959
Total T: 18000 Episode Num: 18 Episode T: 1000 Reward: 16.148
Total T: 19000 Episode Num: 19 Episode T: 1000 Reward: 14.906
Total T: 20000 Episode Num: 20 Episode T: 1000 Reward: 8.797
---------------------------------------
Evaluation over 10 episodes: -2.667
---------------------------------------
Total T: 21000 Episode Num: 21 Episode T: 1000 Reward: 14.349
Total T: 22000 Episode Num: 22 Episode T: 1000 Reward: -8.024
Total T: 23000 Episode Num: 23 Episode T: 1000 Reward: -10.767
Total T: 24000 Episode Num: 24 Episode T: 1000 Reward: 0.573
Total T: 25000 Episode Num: 25 Episode T: 1000 Reward: -7.434
---------------------------------------
Evaluation over 10 episodes: -1.962
---------------------------------------
Total T: 26000 Episode Num: 26 Episode T: 1000 Reward: -7.245
Total T: 27000 Episode Num: 27 Episode T: 1000 Reward: 37.519
Total T: 28000 Episode Num: 28 Episode T: 1000 Reward: 35.098
Total T: 29000 Episode Num: 29 Episode T: 1000 Reward: 10.234
Total T: 30000 Episode Num: 30 Episode T: 1000 Reward: 22.688
---------------------------------------
Evaluation over 10 episodes: 30.664
---------------------------------------
Total T: 31000 Episode Num: 31 Episode T: 1000 Reward: 31.781
Total T: 32000 Episode Num: 32 Episode T: 1000 Reward: 26.055
Total T: 33000 Episode Num: 33 Episode T: 1000 Reward: 30.720
Total T: 34000 Episode Num: 34 Episode T: 1000 Reward: 31.493
Total T: 35000 Episode Num: 35 Episode T: 1000 Reward: 33.181
---------------------------------------
Evaluation over 10 episodes: 40.136
---------------------------------------
Total T: 36000 Episode Num: 36 Episode T: 1000 Reward: 24.746
Total T: 37000 Episode Num: 37 Episode T: 1000 Reward: 25.081
Total T: 38000 Episode Num: 38 Episode T: 1000 Reward: 34.412
Total T: 39000 Episode Num: 39 Episode T: 1000 Reward: 35.133
Total T: 40000 Episode Num: 40 Episode T: 1000 Reward: 13.917
---------------------------------------
Evaluation over 10 episodes: 14.058
---------------------------------------
Total T: 41000 Episode Num: 41 Episode T: 1000 Reward: 9.310
Total T: 42000 Episode Num: 42 Episode T: 1000 Reward: 7.882
Total T: 43000 Episode Num: 43 Episode T: 1000 Reward: 8.609
Total T: 44000 Episode Num: 44 Episode T: 1000 Reward: 8.145
Total T: 45000 Episode Num: 45 Episode T: 1000 Reward: 25.690
---------------------------------------
Evaluation over 10 episodes: 11.395
---------------------------------------
Total T: 46000 Episode Num: 46 Episode T: 1000 Reward: 3.584
Total T: 47000 Episode Num: 47 Episode T: 1000 Reward: 14.759
Total T: 48000 Episode Num: 48 Episode T: 1000 Reward: 21.596
Total T: 49000 Episode Num: 49 Episode T: 1000 Reward: 19.926
Total T: 50000 Episode Num: 50 Episode T: 1000 Reward: 14.377
---------------------------------------
Evaluation over 10 episodes: 16.813
---------------------------------------
Total T: 51000 Episode Num: 51 Episode T: 1000 Reward: 10.381
Total T: 52000 Episode Num: 52 Episode T: 1000 Reward: 39.322
Total T: 53000 Episode Num: 53 Episode T: 1000 Reward: 39.787
Total T: 54000 Episode Num: 54 Episode T: 1000 Reward: 53.257
Total T: 55000 Episode Num: 55 Episode T: 1000 Reward: 17.902
---------------------------------------
Evaluation over 10 episodes: 35.004
---------------------------------------
Total T: 56000 Episode Num: 56 Episode T: 1000 Reward: 44.852
Total T: 57000 Episode Num: 57 Episode T: 1000 Reward: 29.877
Total T: 58000 Episode Num: 58 Episode T: 1000 Reward: 29.023
Total T: 59000 Episode Num: 59 Episode T: 1000 Reward: 23.357
Total T: 60000 Episode Num: 60 Episode T: 1000 Reward: 33.296
---------------------------------------
Evaluation over 10 episodes: 29.018
---------------------------------------
Total T: 61000 Episode Num: 61 Episode T: 1000 Reward: 16.313
Total T: 62000 Episode Num: 62 Episode T: 1000 Reward: 10.699
Total T: 63000 Episode Num: 63 Episode T: 1000 Reward: 10.997
Total T: 64000 Episode Num: 64 Episode T: 1000 Reward: 35.811
Total T: 65000 Episode Num: 65 Episode T: 1000 Reward: 30.293
---------------------------------------
Evaluation over 10 episodes: 44.547
---------------------------------------
Total T: 66000 Episode Num: 66 Episode T: 1000 Reward: 32.578
Total T: 67000 Episode Num: 67 Episode T: 1000 Reward: 24.976
Total T: 68000 Episode Num: 68 Episode T: 1000 Reward: 27.188
Total T: 69000 Episode Num: 69 Episode T: 1000 Reward: 27.396
Total T: 70000 Episode Num: 70 Episode T: 1000 Reward: 26.078
---------------------------------------
Evaluation over 10 episodes: 29.494
---------------------------------------
Total T: 71000 Episode Num: 71 Episode T: 1000 Reward: 23.039
Total T: 72000 Episode Num: 72 Episode T: 1000 Reward: 32.828
Total T: 73000 Episode Num: 73 Episode T: 1000 Reward: 31.896
Total T: 74000 Episode Num: 74 Episode T: 1000 Reward: 31.645
Total T: 75000 Episode Num: 75 Episode T: 1000 Reward: 30.751
---------------------------------------
Evaluation over 10 episodes: 34.182
---------------------------------------
Total T: 76000 Episode Num: 76 Episode T: 1000 Reward: 39.561
Total T: 77000 Episode Num: 77 Episode T: 1000 Reward: 48.877
Total T: 78000 Episode Num: 78 Episode T: 1000 Reward: 46.377
Total T: 79000 Episode Num: 79 Episode T: 1000 Reward: 27.001
Total T: 80000 Episode Num: 80 Episode T: 1000 Reward: 27.837
---------------------------------------
Evaluation over 10 episodes: 38.630
---------------------------------------
Total T: 81000 Episode Num: 81 Episode T: 1000 Reward: 29.962
Total T: 82000 Episode Num: 82 Episode T: 1000 Reward: 16.220
Total T: 83000 Episode Num: 83 Episode T: 1000 Reward: 15.386
Total T: 84000 Episode Num: 84 Episode T: 1000 Reward: 14.285
Total T: 85000 Episode Num: 85 Episode T: 1000 Reward: 22.249
---------------------------------------
Evaluation over 10 episodes: 35.860
---------------------------------------
Total T: 86000 Episode Num: 86 Episode T: 1000 Reward: 31.410
Total T: 87000 Episode Num: 87 Episode T: 1000 Reward: 24.080
Total T: 88000 Episode Num: 88 Episode T: 1000 Reward: 28.214
Total T: 89000 Episode Num: 89 Episode T: 1000 Reward: 22.600
Total T: 90000 Episode Num: 90 Episode T: 1000 Reward: 35.562
---------------------------------------
Evaluation over 10 episodes: 43.165
---------------------------------------
Total T: 91000 Episode Num: 91 Episode T: 1000 Reward: 26.885
Total T: 92000 Episode Num: 92 Episode T: 1000 Reward: 17.604
Total T: 93000 Episode Num: 93 Episode T: 1000 Reward: 16.796
Total T: 94000 Episode Num: 94 Episode T: 1000 Reward: 13.663
Total T: 95000 Episode Num: 95 Episode T: 1000 Reward: 26.978
---------------------------------------
Evaluation over 10 episodes: 35.186
---------------------------------------
Total T: 96000 Episode Num: 96 Episode T: 1000 Reward: 18.934
Total T: 97000 Episode Num: 97 Episode T: 1000 Reward: 40.223
Total T: 98000 Episode Num: 98 Episode T: 1000 Reward: 22.942
Total T: 99000 Episode Num: 99 Episode T: 1000 Reward: 20.493
Total T: 100000 Episode Num: 100 Episode T: 1000 Reward: 38.048
---------------------------------------
Evaluation over 10 episodes: 38.580
---------------------------------------
Total T: 101000 Episode Num: 101 Episode T: 1000 Reward: 41.506
Total T: 102000 Episode Num: 102 Episode T: 1000 Reward: 40.236
Total T: 103000 Episode Num: 103 Episode T: 1000 Reward: 40.925
Total T: 104000 Episode Num: 104 Episode T: 1000 Reward: 37.073
Total T: 105000 Episode Num: 105 Episode T: 1000 Reward: 39.085
---------------------------------------
Evaluation over 10 episodes: 41.824
---------------------------------------
Total T: 106000 Episode Num: 106 Episode T: 1000 Reward: 42.538
Total T: 107000 Episode Num: 107 Episode T: 1000 Reward: 38.602
Total T: 108000 Episode Num: 108 Episode T: 1000 Reward: 38.722
Total T: 109000 Episode Num: 109 Episode T: 1000 Reward: 38.230
Total T: 110000 Episode Num: 110 Episode T: 1000 Reward: 38.811
---------------------------------------
Evaluation over 10 episodes: 43.325
---------------------------------------
Total T: 111000 Episode Num: 111 Episode T: 1000 Reward: 43.036
Total T: 112000 Episode Num: 112 Episode T: 1000 Reward: 40.372
Total T: 113000 Episode Num: 113 Episode T: 1000 Reward: 39.166
Total T: 114000 Episode Num: 114 Episode T: 1000 Reward: 37.388
Total T: 115000 Episode Num: 115 Episode T: 1000 Reward: 39.497
---------------------------------------
Evaluation over 10 episodes: 38.760
---------------------------------------
Total T: 116000 Episode Num: 116 Episode T: 1000 Reward: 36.596
Total T: 117000 Episode Num: 117 Episode T: 1000 Reward: 38.787
Total T: 118000 Episode Num: 118 Episode T: 1000 Reward: 37.527
Total T: 119000 Episode Num: 119 Episode T: 1000 Reward: 35.606
Total T: 120000 Episode Num: 120 Episode T: 1000 Reward: 37.496
---------------------------------------
Evaluation over 10 episodes: 35.865
---------------------------------------
Total T: 121000 Episode Num: 121 Episode T: 1000 Reward: 40.422
Total T: 122000 Episode Num: 122 Episode T: 1000 Reward: 36.789
Total T: 123000 Episode Num: 123 Episode T: 1000 Reward: 35.687
Total T: 124000 Episode Num: 124 Episode T: 1000 Reward: 39.277
Total T: 125000 Episode Num: 125 Episode T: 1000 Reward: 37.370
---------------------------------------
Evaluation over 10 episodes: 36.805
---------------------------------------
Total T: 126000 Episode Num: 126 Episode T: 1000 Reward: 37.472
Total T: 127000 Episode Num: 127 Episode T: 1000 Reward: 36.404
Total T: 128000 Episode Num: 128 Episode T: 1000 Reward: 39.410
Total T: 129000 Episode Num: 129 Episode T: 1000 Reward: -3.324
Total T: 130000 Episode Num: 130 Episode T: 1000 Reward: 40.618
---------------------------------------
Evaluation over 10 episodes: 28.980
---------------------------------------
Total T: 131000 Episode Num: 131 Episode T: 1000 Reward: 45.181
Total T: 132000 Episode Num: 132 Episode T: 1000 Reward: 12.180
Total T: 133000 Episode Num: 133 Episode T: 1000 Reward: 39.298
Total T: 134000 Episode Num: 134 Episode T: 1000 Reward: 39.157
Total T: 135000 Episode Num: 135 Episode T: 1000 Reward: 40.016
---------------------------------------
Evaluation over 10 episodes: 11.410
---------------------------------------
Total T: 136000 Episode Num: 136 Episode T: 1000 Reward: 11.743
Total T: 137000 Episode Num: 137 Episode T: 1000 Reward: 12.274
Total T: 138000 Episode Num: 138 Episode T: 1000 Reward: 9.489
Total T: 139000 Episode Num: 139 Episode T: 1000 Reward: 42.870
Total T: 140000 Episode Num: 140 Episode T: 1000 Reward: 7.231
---------------------------------------
Evaluation over 10 episodes: 2.781
---------------------------------------
Total T: 141000 Episode Num: 141 Episode T: 1000 Reward: 12.049
Total T: 142000 Episode Num: 142 Episode T: 1000 Reward: 38.571
Total T: 143000 Episode Num: 143 Episode T: 1000 Reward: 38.487
Total T: 144000 Episode Num: 144 Episode T: 1000 Reward: 39.270
Total T: 145000 Episode Num: 145 Episode T: 1000 Reward: 46.275
---------------------------------------
Evaluation over 10 episodes: 41.353
---------------------------------------
Total T: 146000 Episode Num: 146 Episode T: 1000 Reward: 39.626
Total T: 147000 Episode Num: 147 Episode T: 1000 Reward: 40.623
Total T: 148000 Episode Num: 148 Episode T: 1000 Reward: 40.706
Total T: 149000 Episode Num: 149 Episode T: 1000 Reward: 41.896
Total T: 150000 Episode Num: 150 Episode T: 1000 Reward: 39.729
---------------------------------------
Evaluation over 10 episodes: 46.925
---------------------------------------
Total T: 151000 Episode Num: 151 Episode T: 1000 Reward: 40.009
Total T: 152000 Episode Num: 152 Episode T: 1000 Reward: 40.413
Total T: 153000 Episode Num: 153 Episode T: 1000 Reward: 41.527
Total T: 154000 Episode Num: 154 Episode T: 1000 Reward: 40.585
Total T: 155000 Episode Num: 155 Episode T: 1000 Reward: 40.911
---------------------------------------
Evaluation over 10 episodes: 40.458
---------------------------------------
Total T: 156000 Episode Num: 156 Episode T: 1000 Reward: 40.350
Total T: 157000 Episode Num: 157 Episode T: 1000 Reward: 39.107
Total T: 158000 Episode Num: 158 Episode T: 1000 Reward: 40.767
Total T: 159000 Episode Num: 159 Episode T: 1000 Reward: 41.915
Total T: 160000 Episode Num: 160 Episode T: 1000 Reward: 40.711
---------------------------------------
Evaluation over 10 episodes: 41.544
---------------------------------------
Total T: 161000 Episode Num: 161 Episode T: 1000 Reward: 39.767
Total T: 162000 Episode Num: 162 Episode T: 1000 Reward: 42.813
Total T: 163000 Episode Num: 163 Episode T: 1000 Reward: 43.089
Total T: 164000 Episode Num: 164 Episode T: 1000 Reward: 40.196
Total T: 165000 Episode Num: 165 Episode T: 1000 Reward: 41.957
---------------------------------------
Evaluation over 10 episodes: 42.616
---------------------------------------
Total T: 166000 Episode Num: 166 Episode T: 1000 Reward: 38.096
Total T: 167000 Episode Num: 167 Episode T: 1000 Reward: 38.062
Total T: 168000 Episode Num: 168 Episode T: 1000 Reward: 42.162
Total T: 169000 Episode Num: 169 Episode T: 1000 Reward: 41.637
Total T: 170000 Episode Num: 170 Episode T: 1000 Reward: 45.310
---------------------------------------
Evaluation over 10 episodes: 43.263
---------------------------------------
Total T: 171000 Episode Num: 171 Episode T: 1000 Reward: 43.378
Total T: 172000 Episode Num: 172 Episode T: 1000 Reward: 42.405
Total T: 173000 Episode Num: 173 Episode T: 1000 Reward: 45.345
Total T: 174000 Episode Num: 174 Episode T: 1000 Reward: 37.571
Total T: 175000 Episode Num: 175 Episode T: 1000 Reward: 40.819
---------------------------------------
Evaluation over 10 episodes: 42.277
---------------------------------------
Total T: 176000 Episode Num: 176 Episode T: 1000 Reward: 41.973
Total T: 177000 Episode Num: 177 Episode T: 1000 Reward: 44.620
Total T: 178000 Episode Num: 178 Episode T: 1000 Reward: 42.207
Total T: 179000 Episode Num: 179 Episode T: 1000 Reward: 44.134
Total T: 180000 Episode Num: 180 Episode T: 1000 Reward: 41.547
---------------------------------------
Evaluation over 10 episodes: 44.048
---------------------------------------
Total T: 181000 Episode Num: 181 Episode T: 1000 Reward: 44.064
Total T: 182000 Episode Num: 182 Episode T: 1000 Reward: 43.849
Total T: 183000 Episode Num: 183 Episode T: 1000 Reward: 42.996
Total T: 184000 Episode Num: 184 Episode T: 1000 Reward: 41.397
Total T: 185000 Episode Num: 185 Episode T: 1000 Reward: 45.104
---------------------------------------
Evaluation over 10 episodes: 42.996
---------------------------------------
Total T: 186000 Episode Num: 186 Episode T: 1000 Reward: 42.066
Total T: 187000 Episode Num: 187 Episode T: 1000 Reward: 41.061
Total T: 188000 Episode Num: 188 Episode T: 1000 Reward: 42.193
Total T: 189000 Episode Num: 189 Episode T: 1000 Reward: 42.890
Total T: 190000 Episode Num: 190 Episode T: 1000 Reward: 43.599
---------------------------------------
Evaluation over 10 episodes: 47.585
---------------------------------------
Total T: 191000 Episode Num: 191 Episode T: 1000 Reward: 44.003
Total T: 192000 Episode Num: 192 Episode T: 1000 Reward: 43.264
Total T: 193000 Episode Num: 193 Episode T: 1000 Reward: 40.849
Total T: 194000 Episode Num: 194 Episode T: 1000 Reward: 39.950
Total T: 195000 Episode Num: 195 Episode T: 1000 Reward: 44.209
---------------------------------------
Evaluation over 10 episodes: 46.631
---------------------------------------
Total T: 196000 Episode Num: 196 Episode T: 1000 Reward: 41.666
Total T: 197000 Episode Num: 197 Episode T: 1000 Reward: 43.086
Total T: 198000 Episode Num: 198 Episode T: 1000 Reward: 43.266
Total T: 199000 Episode Num: 199 Episode T: 1000 Reward: 42.913
Total T: 200000 Episode Num: 200 Episode T: 1000 Reward: 42.760
---------------------------------------
Evaluation over 10 episodes: 44.309
---------------------------------------
Total T: 201000 Episode Num: 201 Episode T: 1000 Reward: 41.987
Total T: 202000 Episode Num: 202 Episode T: 1000 Reward: 42.073
Total T: 203000 Episode Num: 203 Episode T: 1000 Reward: 40.209
Total T: 204000 Episode Num: 204 Episode T: 1000 Reward: 42.017
Total T: 205000 Episode Num: 205 Episode T: 1000 Reward: 41.860
---------------------------------------
Evaluation over 10 episodes: 45.412
---------------------------------------
Total T: 206000 Episode Num: 206 Episode T: 1000 Reward: 44.677
Total T: 207000 Episode Num: 207 Episode T: 1000 Reward: 41.788
Total T: 208000 Episode Num: 208 Episode T: 1000 Reward: 41.920
Total T: 209000 Episode Num: 209 Episode T: 1000 Reward: 39.907
Total T: 210000 Episode Num: 210 Episode T: 1000 Reward: 41.754
---------------------------------------
Evaluation over 10 episodes: 43.243
---------------------------------------
Total T: 211000 Episode Num: 211 Episode T: 1000 Reward: 45.159
Total T: 212000 Episode Num: 212 Episode T: 1000 Reward: 44.768
Total T: 213000 Episode Num: 213 Episode T: 1000 Reward: 44.990
Total T: 214000 Episode Num: 214 Episode T: 1000 Reward: 44.009
Total T: 215000 Episode Num: 215 Episode T: 1000 Reward: 41.910
---------------------------------------
Evaluation over 10 episodes: 43.783
---------------------------------------
Total T: 216000 Episode Num: 216 Episode T: 1000 Reward: 45.278
Total T: 217000 Episode Num: 217 Episode T: 1000 Reward: 44.930
Total T: 218000 Episode Num: 218 Episode T: 1000 Reward: 43.832
Total T: 219000 Episode Num: 219 Episode T: 1000 Reward: 43.292
Total T: 220000 Episode Num: 220 Episode T: 1000 Reward: 43.608
---------------------------------------
Evaluation over 10 episodes: 45.382
---------------------------------------
Total T: 221000 Episode Num: 221 Episode T: 1000 Reward: 42.191
Total T: 222000 Episode Num: 222 Episode T: 1000 Reward: 43.949
Total T: 223000 Episode Num: 223 Episode T: 1000 Reward: 41.711
Total T: 224000 Episode Num: 224 Episode T: 1000 Reward: 42.325
Total T: 225000 Episode Num: 225 Episode T: 1000 Reward: 42.224
---------------------------------------
Evaluation over 10 episodes: 45.376
---------------------------------------
Total T: 226000 Episode Num: 226 Episode T: 1000 Reward: 43.436
Total T: 227000 Episode Num: 227 Episode T: 1000 Reward: 45.247
Total T: 228000 Episode Num: 228 Episode T: 1000 Reward: 46.527
Total T: 229000 Episode Num: 229 Episode T: 1000 Reward: 45.805
Total T: 230000 Episode Num: 230 Episode T: 1000 Reward: 42.316
---------------------------------------
Evaluation over 10 episodes: 44.235
---------------------------------------
Total T: 231000 Episode Num: 231 Episode T: 1000 Reward: 42.365
Total T: 232000 Episode Num: 232 Episode T: 1000 Reward: 43.194
Total T: 233000 Episode Num: 233 Episode T: 1000 Reward: 48.447
Total T: 234000 Episode Num: 234 Episode T: 1000 Reward: 45.509
Total T: 235000 Episode Num: 235 Episode T: 1000 Reward: 45.615
---------------------------------------
Evaluation over 10 episodes: 45.452
---------------------------------------
Total T: 236000 Episode Num: 236 Episode T: 1000 Reward: 42.530
Total T: 237000 Episode Num: 237 Episode T: 1000 Reward: 42.847
Total T: 238000 Episode Num: 238 Episode T: 1000 Reward: 45.461
Total T: 239000 Episode Num: 239 Episode T: 1000 Reward: 43.225
Total T: 240000 Episode Num: 240 Episode T: 1000 Reward: 41.637
---------------------------------------
Evaluation over 10 episodes: 46.973
---------------------------------------
Total T: 241000 Episode Num: 241 Episode T: 1000 Reward: 42.341
Total T: 242000 Episode Num: 242 Episode T: 1000 Reward: 41.926
Total T: 243000 Episode Num: 243 Episode T: 1000 Reward: 44.363
Total T: 244000 Episode Num: 244 Episode T: 1000 Reward: 46.719
Total T: 245000 Episode Num: 245 Episode T: 1000 Reward: 43.485
---------------------------------------
Evaluation over 10 episodes: 46.663
---------------------------------------
Total T: 246000 Episode Num: 246 Episode T: 1000 Reward: 44.117
Total T: 247000 Episode Num: 247 Episode T: 1000 Reward: 45.629
Total T: 248000 Episode Num: 248 Episode T: 1000 Reward: 43.666
Total T: 249000 Episode Num: 249 Episode T: 1000 Reward: 43.844
Total T: 250000 Episode Num: 250 Episode T: 1000 Reward: 46.686
---------------------------------------
Evaluation over 10 episodes: 43.734
---------------------------------------
Total T: 251000 Episode Num: 251 Episode T: 1000 Reward: 40.973
Total T: 252000 Episode Num: 252 Episode T: 1000 Reward: 44.834
Total T: 253000 Episode Num: 253 Episode T: 1000 Reward: 43.290
Total T: 254000 Episode Num: 254 Episode T: 1000 Reward: 44.188
Total T: 255000 Episode Num: 255 Episode T: 1000 Reward: 39.497
---------------------------------------
Evaluation over 10 episodes: 44.922
---------------------------------------
Total T: 256000 Episode Num: 256 Episode T: 1000 Reward: 44.934
Total T: 257000 Episode Num: 257 Episode T: 1000 Reward: 44.470
Total T: 258000 Episode Num: 258 Episode T: 1000 Reward: 45.307
Total T: 259000 Episode Num: 259 Episode T: 1000 Reward: 43.543
Total T: 260000 Episode Num: 260 Episode T: 1000 Reward: 42.059
---------------------------------------
Evaluation over 10 episodes: 44.280
---------------------------------------
Total T: 261000 Episode Num: 261 Episode T: 1000 Reward: 44.309
Total T: 262000 Episode Num: 262 Episode T: 1000 Reward: 43.520
Total T: 263000 Episode Num: 263 Episode T: 1000 Reward: 44.321
Total T: 264000 Episode Num: 264 Episode T: 1000 Reward: 45.439
Total T: 265000 Episode Num: 265 Episode T: 1000 Reward: 43.649
---------------------------------------
Evaluation over 10 episodes: 44.239
---------------------------------------
Total T: 266000 Episode Num: 266 Episode T: 1000 Reward: 45.183
Total T: 267000 Episode Num: 267 Episode T: 1000 Reward: 42.293
Total T: 268000 Episode Num: 268 Episode T: 1000 Reward: 43.966
Total T: 269000 Episode Num: 269 Episode T: 1000 Reward: 43.982
Total T: 270000 Episode Num: 270 Episode T: 1000 Reward: 44.319
---------------------------------------
Evaluation over 10 episodes: 46.175
---------------------------------------
Total T: 271000 Episode Num: 271 Episode T: 1000 Reward: 45.602
Total T: 272000 Episode Num: 272 Episode T: 1000 Reward: 47.217
Total T: 273000 Episode Num: 273 Episode T: 1000 Reward: 43.287
Total T: 274000 Episode Num: 274 Episode T: 1000 Reward: 43.162
Total T: 275000 Episode Num: 275 Episode T: 1000 Reward: 41.775
---------------------------------------
Evaluation over 10 episodes: 45.348
---------------------------------------
Total T: 276000 Episode Num: 276 Episode T: 1000 Reward: 41.447
Total T: 277000 Episode Num: 277 Episode T: 1000 Reward: 43.685
Total T: 278000 Episode Num: 278 Episode T: 1000 Reward: 41.292
Total T: 279000 Episode Num: 279 Episode T: 1000 Reward: 44.690
Total T: 280000 Episode Num: 280 Episode T: 1000 Reward: 42.738
---------------------------------------
Evaluation over 10 episodes: 47.788
---------------------------------------
Total T: 281000 Episode Num: 281 Episode T: 1000 Reward: 45.463
Total T: 282000 Episode Num: 282 Episode T: 1000 Reward: 43.678
Total T: 283000 Episode Num: 283 Episode T: 1000 Reward: 44.248
Total T: 284000 Episode Num: 284 Episode T: 1000 Reward: 45.351
Total T: 285000 Episode Num: 285 Episode T: 1000 Reward: 45.080
---------------------------------------
Evaluation over 10 episodes: 46.216
---------------------------------------
Total T: 286000 Episode Num: 286 Episode T: 1000 Reward: 44.098
Total T: 287000 Episode Num: 287 Episode T: 1000 Reward: 45.857
Total T: 288000 Episode Num: 288 Episode T: 1000 Reward: 43.677
Total T: 289000 Episode Num: 289 Episode T: 1000 Reward: 46.327
Total T: 290000 Episode Num: 290 Episode T: 1000 Reward: 44.799
---------------------------------------
Evaluation over 10 episodes: 48.129
---------------------------------------
Total T: 291000 Episode Num: 291 Episode T: 1000 Reward: 41.624
Total T: 292000 Episode Num: 292 Episode T: 1000 Reward: 43.829
Total T: 293000 Episode Num: 293 Episode T: 1000 Reward: 43.292
Total T: 294000 Episode Num: 294 Episode T: 1000 Reward: 45.958
Total T: 295000 Episode Num: 295 Episode T: 1000 Reward: 42.549
---------------------------------------
Evaluation over 10 episodes: 46.250
---------------------------------------
Total T: 296000 Episode Num: 296 Episode T: 1000 Reward: 43.658
Total T: 297000 Episode Num: 297 Episode T: 1000 Reward: 43.710
Total T: 298000 Episode Num: 298 Episode T: 1000 Reward: 44.219
Total T: 299000 Episode Num: 299 Episode T: 1000 Reward: 44.903
Total T: 300000 Episode Num: 300 Episode T: 1000 Reward: 42.804
---------------------------------------
Evaluation over 10 episodes: 46.551
---------------------------------------
Total T: 301000 Episode Num: 301 Episode T: 1000 Reward: 43.303
Total T: 302000 Episode Num: 302 Episode T: 1000 Reward: 41.924
Total T: 303000 Episode Num: 303 Episode T: 1000 Reward: 44.820
Total T: 304000 Episode Num: 304 Episode T: 1000 Reward: 44.472
Total T: 305000 Episode Num: 305 Episode T: 1000 Reward: 44.441
---------------------------------------
Evaluation over 10 episodes: 46.543
---------------------------------------
Total T: 306000 Episode Num: 306 Episode T: 1000 Reward: 42.871
Total T: 307000 Episode Num: 307 Episode T: 1000 Reward: 45.013
Total T: 308000 Episode Num: 308 Episode T: 1000 Reward: 41.500
Total T: 309000 Episode Num: 309 Episode T: 1000 Reward: 45.185
Total T: 310000 Episode Num: 310 Episode T: 1000 Reward: 43.964
---------------------------------------
Evaluation over 10 episodes: 48.645
---------------------------------------
Total T: 311000 Episode Num: 311 Episode T: 1000 Reward: 51.464
Total T: 312000 Episode Num: 312 Episode T: 1000 Reward: 57.473
Total T: 313000 Episode Num: 313 Episode T: 1000 Reward: 43.125
Total T: 314000 Episode Num: 314 Episode T: 1000 Reward: 44.167
Total T: 315000 Episode Num: 315 Episode T: 1000 Reward: 45.432
---------------------------------------
Evaluation over 10 episodes: 47.698
---------------------------------------
Total T: 316000 Episode Num: 316 Episode T: 1000 Reward: 44.936
Total T: 317000 Episode Num: 317 Episode T: 1000 Reward: 43.580
Total T: 318000 Episode Num: 318 Episode T: 1000 Reward: 60.296
Total T: 319000 Episode Num: 319 Episode T: 1000 Reward: 43.129
Total T: 320000 Episode Num: 320 Episode T: 1000 Reward: 51.580
---------------------------------------
Evaluation over 10 episodes: 49.166
---------------------------------------
Total T: 321000 Episode Num: 321 Episode T: 1000 Reward: 45.352
Total T: 322000 Episode Num: 322 Episode T: 1000 Reward: 44.476
Total T: 323000 Episode Num: 323 Episode T: 1000 Reward: 45.581
Total T: 324000 Episode Num: 324 Episode T: 1000 Reward: 46.860
Total T: 325000 Episode Num: 325 Episode T: 1000 Reward: 43.213
---------------------------------------
Evaluation over 10 episodes: 52.670
---------------------------------------
Total T: 326000 Episode Num: 326 Episode T: 1000 Reward: 60.317
Total T: 327000 Episode Num: 327 Episode T: 1000 Reward: 46.687
Total T: 328000 Episode Num: 328 Episode T: 1000 Reward: 46.948
Total T: 329000 Episode Num: 329 Episode T: 1000 Reward: 43.276
Total T: 330000 Episode Num: 330 Episode T: 1000 Reward: 61.523
---------------------------------------
Evaluation over 10 episodes: 49.202
---------------------------------------
Total T: 331000 Episode Num: 331 Episode T: 1000 Reward: 58.780
Total T: 332000 Episode Num: 332 Episode T: 1000 Reward: 54.839
Total T: 333000 Episode Num: 333 Episode T: 1000 Reward: 50.816
Total T: 334000 Episode Num: 334 Episode T: 1000 Reward: 45.419
Total T: 335000 Episode Num: 335 Episode T: 1000 Reward: 62.833
---------------------------------------
Evaluation over 10 episodes: 50.981
---------------------------------------
Total T: 336000 Episode Num: 336 Episode T: 1000 Reward: 56.359
Total T: 337000 Episode Num: 337 Episode T: 1000 Reward: 46.271
Total T: 338000 Episode Num: 338 Episode T: 1000 Reward: 59.946
Total T: 339000 Episode Num: 339 Episode T: 1000 Reward: 47.775
Total T: 340000 Episode Num: 340 Episode T: 1000 Reward: 46.046
---------------------------------------
Evaluation over 10 episodes: 56.094
---------------------------------------
Total T: 341000 Episode Num: 341 Episode T: 1000 Reward: 56.758
Total T: 342000 Episode Num: 342 Episode T: 1000 Reward: 60.390
Total T: 343000 Episode Num: 343 Episode T: 1000 Reward: 57.385
Total T: 344000 Episode Num: 344 Episode T: 1000 Reward: 44.972
Total T: 345000 Episode Num: 345 Episode T: 1000 Reward: 42.811
---------------------------------------
Evaluation over 10 episodes: 50.423
---------------------------------------
Total T: 346000 Episode Num: 346 Episode T: 1000 Reward: 43.054
Total T: 347000 Episode Num: 347 Episode T: 1000 Reward: 57.429
Total T: 348000 Episode Num: 348 Episode T: 1000 Reward: 57.824
Total T: 349000 Episode Num: 349 Episode T: 1000 Reward: 45.172
Total T: 350000 Episode Num: 350 Episode T: 1000 Reward: 44.633
---------------------------------------
Evaluation over 10 episodes: 60.089
---------------------------------------
Total T: 351000 Episode Num: 351 Episode T: 1000 Reward: 44.988
Total T: 352000 Episode Num: 352 Episode T: 1000 Reward: 60.092
Total T: 353000 Episode Num: 353 Episode T: 1000 Reward: 57.613
Total T: 354000 Episode Num: 354 Episode T: 1000 Reward: 54.124
Total T: 355000 Episode Num: 355 Episode T: 1000 Reward: 45.150
---------------------------------------
Evaluation over 10 episodes: 55.450
---------------------------------------
Total T: 356000 Episode Num: 356 Episode T: 1000 Reward: 59.201
Total T: 357000 Episode Num: 357 Episode T: 1000 Reward: 56.266
Total T: 358000 Episode Num: 358 Episode T: 1000 Reward: 45.624
Total T: 359000 Episode Num: 359 Episode T: 1000 Reward: 57.828
Total T: 360000 Episode Num: 360 Episode T: 1000 Reward: 52.317
---------------------------------------
Evaluation over 10 episodes: 57.230
---------------------------------------
Total T: 361000 Episode Num: 361 Episode T: 1000 Reward: 42.982
Total T: 362000 Episode Num: 362 Episode T: 1000 Reward: 53.891
Total T: 363000 Episode Num: 363 Episode T: 1000 Reward: 49.041
Total T: 364000 Episode Num: 364 Episode T: 1000 Reward: 55.446
Total T: 365000 Episode Num: 365 Episode T: 1000 Reward: 42.776
---------------------------------------
Evaluation over 10 episodes: 51.405
---------------------------------------
Total T: 366000 Episode Num: 366 Episode T: 1000 Reward: 59.288
Total T: 367000 Episode Num: 367 Episode T: 1000 Reward: 44.248
Total T: 368000 Episode Num: 368 Episode T: 1000 Reward: 59.020
Total T: 369000 Episode Num: 369 Episode T: 1000 Reward: 45.324
Total T: 370000 Episode Num: 370 Episode T: 1000 Reward: 45.701
---------------------------------------
Evaluation over 10 episodes: 48.430
---------------------------------------
Total T: 371000 Episode Num: 371 Episode T: 1000 Reward: 45.629
Total T: 372000 Episode Num: 372 Episode T: 1000 Reward: 63.463
Total T: 373000 Episode Num: 373 Episode T: 1000 Reward: 59.121
Total T: 374000 Episode Num: 374 Episode T: 1000 Reward: 45.658
Total T: 375000 Episode Num: 375 Episode T: 1000 Reward: 45.906
---------------------------------------
Evaluation over 10 episodes: 54.420
---------------------------------------
Total T: 376000 Episode Num: 376 Episode T: 1000 Reward: 45.257
Total T: 377000 Episode Num: 377 Episode T: 1000 Reward: 45.528
Total T: 378000 Episode Num: 378 Episode T: 1000 Reward: 43.385
Total T: 379000 Episode Num: 379 Episode T: 1000 Reward: 43.743
Total T: 380000 Episode Num: 380 Episode T: 1000 Reward: 43.437
---------------------------------------
Evaluation over 10 episodes: 54.502
---------------------------------------
Total T: 381000 Episode Num: 381 Episode T: 1000 Reward: 45.156
Total T: 382000 Episode Num: 382 Episode T: 1000 Reward: 42.301
Total T: 383000 Episode Num: 383 Episode T: 1000 Reward: 39.853
Total T: 384000 Episode Num: 384 Episode T: 1000 Reward: 56.592
Total T: 385000 Episode Num: 385 Episode T: 1000 Reward: 45.264
---------------------------------------
Evaluation over 10 episodes: 49.942
---------------------------------------
Total T: 386000 Episode Num: 386 Episode T: 1000 Reward: 62.523
Total T: 387000 Episode Num: 387 Episode T: 1000 Reward: 45.679
Total T: 388000 Episode Num: 388 Episode T: 1000 Reward: 60.933
Total T: 389000 Episode Num: 389 Episode T: 1000 Reward: 60.011
Total T: 390000 Episode Num: 390 Episode T: 1000 Reward: 62.648
---------------------------------------
Evaluation over 10 episodes: 50.905
---------------------------------------
Total T: 391000 Episode Num: 391 Episode T: 1000 Reward: 46.453
Total T: 392000 Episode Num: 392 Episode T: 1000 Reward: 44.190
Total T: 393000 Episode Num: 393 Episode T: 1000 Reward: 56.880
Total T: 394000 Episode Num: 394 Episode T: 1000 Reward: 57.852
Total T: 395000 Episode Num: 395 Episode T: 1000 Reward: 58.736
---------------------------------------
Evaluation over 10 episodes: 50.005
---------------------------------------
Total T: 396000 Episode Num: 396 Episode T: 1000 Reward: 57.351
Total T: 397000 Episode Num: 397 Episode T: 1000 Reward: 59.109
Total T: 398000 Episode Num: 398 Episode T: 1000 Reward: 59.195
Total T: 399000 Episode Num: 399 Episode T: 1000 Reward: 57.267
Total T: 400000 Episode Num: 400 Episode T: 1000 Reward: 54.898
---------------------------------------
Evaluation over 10 episodes: 50.226
---------------------------------------
Total T: 401000 Episode Num: 401 Episode T: 1000 Reward: 44.410
Total T: 402000 Episode Num: 402 Episode T: 1000 Reward: 57.814
Total T: 403000 Episode Num: 403 Episode T: 1000 Reward: 59.514
Total T: 404000 Episode Num: 404 Episode T: 1000 Reward: 44.551
Total T: 405000 Episode Num: 405 Episode T: 1000 Reward: 58.204
---------------------------------------
Evaluation over 10 episodes: 50.991
---------------------------------------
Total T: 406000 Episode Num: 406 Episode T: 1000 Reward: 59.136
Total T: 407000 Episode Num: 407 Episode T: 1000 Reward: 61.930
Total T: 408000 Episode Num: 408 Episode T: 1000 Reward: 44.409
Total T: 409000 Episode Num: 409 Episode T: 1000 Reward: 60.095
Total T: 410000 Episode Num: 410 Episode T: 1000 Reward: 60.151
---------------------------------------
Evaluation over 10 episodes: 53.545
---------------------------------------
Total T: 411000 Episode Num: 411 Episode T: 1000 Reward: 43.150
Total T: 412000 Episode Num: 412 Episode T: 1000 Reward: 57.858
Total T: 413000 Episode Num: 413 Episode T: 1000 Reward: 42.602
Total T: 414000 Episode Num: 414 Episode T: 1000 Reward: 56.428
Total T: 415000 Episode Num: 415 Episode T: 1000 Reward: 57.861
---------------------------------------
Evaluation over 10 episodes: 51.435
---------------------------------------
Total T: 416000 Episode Num: 416 Episode T: 1000 Reward: 56.270
Total T: 417000 Episode Num: 417 Episode T: 1000 Reward: 57.637
Total T: 418000 Episode Num: 418 Episode T: 1000 Reward: 45.734
Total T: 419000 Episode Num: 419 Episode T: 1000 Reward: 43.938
Total T: 420000 Episode Num: 420 Episode T: 1000 Reward: 61.119
---------------------------------------
Evaluation over 10 episodes: 51.703
---------------------------------------
Total T: 421000 Episode Num: 421 Episode T: 1000 Reward: 61.743
Total T: 422000 Episode Num: 422 Episode T: 1000 Reward: 44.442
Total T: 423000 Episode Num: 423 Episode T: 1000 Reward: 57.556
Total T: 424000 Episode Num: 424 Episode T: 1000 Reward: 62.474
Total T: 425000 Episode Num: 425 Episode T: 1000 Reward: 43.992
---------------------------------------
Evaluation over 10 episodes: 51.742
---------------------------------------
Total T: 426000 Episode Num: 426 Episode T: 1000 Reward: 61.606
Total T: 427000 Episode Num: 427 Episode T: 1000 Reward: 57.587
Total T: 428000 Episode Num: 428 Episode T: 1000 Reward: 44.636
Total T: 429000 Episode Num: 429 Episode T: 1000 Reward: 46.447
Total T: 430000 Episode Num: 430 Episode T: 1000 Reward: 60.356
---------------------------------------
Evaluation over 10 episodes: 56.346
---------------------------------------
Total T: 431000 Episode Num: 431 Episode T: 1000 Reward: 61.124
Total T: 432000 Episode Num: 432 Episode T: 1000 Reward: 59.713
Total T: 433000 Episode Num: 433 Episode T: 1000 Reward: 43.649
Total T: 434000 Episode Num: 434 Episode T: 1000 Reward: 59.670
Total T: 435000 Episode Num: 435 Episode T: 1000 Reward: 47.755
---------------------------------------
Evaluation over 10 episodes: 56.102
---------------------------------------
Total T: 436000 Episode Num: 436 Episode T: 1000 Reward: 59.676
Total T: 437000 Episode Num: 437 Episode T: 1000 Reward: 60.672
Total T: 438000 Episode Num: 438 Episode T: 1000 Reward: 45.577
Total T: 439000 Episode Num: 439 Episode T: 1000 Reward: 44.525
Total T: 440000 Episode Num: 440 Episode T: 1000 Reward: 46.572
---------------------------------------
Evaluation over 10 episodes: 48.525
---------------------------------------
Total T: 441000 Episode Num: 441 Episode T: 1000 Reward: 46.914
Total T: 442000 Episode Num: 442 Episode T: 1000 Reward: 47.269
Total T: 443000 Episode Num: 443 Episode T: 1000 Reward: 45.682
Total T: 444000 Episode Num: 444 Episode T: 1000 Reward: 62.433
Total T: 445000 Episode Num: 445 Episode T: 1000 Reward: 61.445
---------------------------------------
Evaluation over 10 episodes: 62.295
---------------------------------------
Total T: 446000 Episode Num: 446 Episode T: 1000 Reward: 62.544
Total T: 447000 Episode Num: 447 Episode T: 1000 Reward: 54.815
Total T: 448000 Episode Num: 448 Episode T: 1000 Reward: 60.398
Total T: 449000 Episode Num: 449 Episode T: 1000 Reward: 59.611
Total T: 450000 Episode Num: 450 Episode T: 1000 Reward: 59.054
---------------------------------------
Evaluation over 10 episodes: 54.065
---------------------------------------
Total T: 451000 Episode Num: 451 Episode T: 1000 Reward: 44.818
Total T: 452000 Episode Num: 452 Episode T: 1000 Reward: 46.111
Total T: 453000 Episode Num: 453 Episode T: 1000 Reward: 47.537
Total T: 454000 Episode Num: 454 Episode T: 1000 Reward: 57.712
Total T: 455000 Episode Num: 455 Episode T: 1000 Reward: 57.216
---------------------------------------
Evaluation over 10 episodes: 47.622
---------------------------------------
Total T: 456000 Episode Num: 456 Episode T: 1000 Reward: 58.232
Total T: 457000 Episode Num: 457 Episode T: 1000 Reward: 43.525
Total T: 458000 Episode Num: 458 Episode T: 1000 Reward: 43.695
Total T: 459000 Episode Num: 459 Episode T: 1000 Reward: 58.416
Total T: 460000 Episode Num: 460 Episode T: 1000 Reward: 45.982
---------------------------------------
Evaluation over 10 episodes: 54.047
---------------------------------------
Total T: 461000 Episode Num: 461 Episode T: 1000 Reward: 43.829
Total T: 462000 Episode Num: 462 Episode T: 1000 Reward: 66.939
Total T: 463000 Episode Num: 463 Episode T: 1000 Reward: 65.090
Total T: 464000 Episode Num: 464 Episode T: 1000 Reward: 62.155
Total T: 465000 Episode Num: 465 Episode T: 1000 Reward: 46.555
---------------------------------------
Evaluation over 10 episodes: 58.569
---------------------------------------
Total T: 466000 Episode Num: 466 Episode T: 1000 Reward: 68.133
Total T: 467000 Episode Num: 467 Episode T: 1000 Reward: 46.567
Total T: 468000 Episode Num: 468 Episode T: 1000 Reward: 43.665
Total T: 469000 Episode Num: 469 Episode T: 1000 Reward: 69.254
Total T: 470000 Episode Num: 470 Episode T: 1000 Reward: 44.336
---------------------------------------
Evaluation over 10 episodes: 59.377
---------------------------------------
Total T: 471000 Episode Num: 471 Episode T: 1000 Reward: 47.035
Total T: 472000 Episode Num: 472 Episode T: 1000 Reward: 63.771
Total T: 473000 Episode Num: 473 Episode T: 1000 Reward: 68.158
Total T: 474000 Episode Num: 474 Episode T: 1000 Reward: 61.790
Total T: 475000 Episode Num: 475 Episode T: 1000 Reward: 65.835
---------------------------------------
Evaluation over 10 episodes: 65.632
---------------------------------------
Total T: 476000 Episode Num: 476 Episode T: 1000 Reward: 48.415
Total T: 477000 Episode Num: 477 Episode T: 1000 Reward: 63.514
Total T: 478000 Episode Num: 478 Episode T: 1000 Reward: 41.143
Total T: 479000 Episode Num: 479 Episode T: 1000 Reward: 71.401
Total T: 480000 Episode Num: 480 Episode T: 1000 Reward: 46.941
---------------------------------------
Evaluation over 10 episodes: 62.031
---------------------------------------
Total T: 481000 Episode Num: 481 Episode T: 1000 Reward: 43.513
Total T: 482000 Episode Num: 482 Episode T: 1000 Reward: 69.541
Total T: 483000 Episode Num: 483 Episode T: 1000 Reward: 66.653
Total T: 484000 Episode Num: 484 Episode T: 1000 Reward: 43.546
Total T: 485000 Episode Num: 485 Episode T: 1000 Reward: 70.513
---------------------------------------
Evaluation over 10 episodes: 62.981
---------------------------------------
Total T: 486000 Episode Num: 486 Episode T: 1000 Reward: 67.164
Total T: 487000 Episode Num: 487 Episode T: 1000 Reward: 67.986
Total T: 488000 Episode Num: 488 Episode T: 1000 Reward: 66.416
Total T: 489000 Episode Num: 489 Episode T: 1000 Reward: 74.948
Total T: 490000 Episode Num: 490 Episode T: 1000 Reward: 47.711
---------------------------------------
Evaluation over 10 episodes: 62.524
---------------------------------------
Total T: 491000 Episode Num: 491 Episode T: 1000 Reward: 67.728
Total T: 492000 Episode Num: 492 Episode T: 1000 Reward: 46.325
Total T: 493000 Episode Num: 493 Episode T: 1000 Reward: 71.398
Total T: 494000 Episode Num: 494 Episode T: 1000 Reward: 45.971
Total T: 495000 Episode Num: 495 Episode T: 1000 Reward: 71.650
---------------------------------------
Evaluation over 10 episodes: 61.741
---------------------------------------
Total T: 496000 Episode Num: 496 Episode T: 1000 Reward: 72.436
Total T: 497000 Episode Num: 497 Episode T: 1000 Reward: 69.476
Total T: 498000 Episode Num: 498 Episode T: 1000 Reward: 77.448
Total T: 499000 Episode Num: 499 Episode T: 1000 Reward: 69.605
Total T: 500000 Episode Num: 500 Episode T: 1000 Reward: 68.512
---------------------------------------
Evaluation over 10 episodes: 63.989
---------------------------------------
Total T: 501000 Episode Num: 501 Episode T: 1000 Reward: 68.329
Total T: 502000 Episode Num: 502 Episode T: 1000 Reward: 66.415
Total T: 503000 Episode Num: 503 Episode T: 1000 Reward: 43.724
Total T: 504000 Episode Num: 504 Episode T: 1000 Reward: 45.688
Total T: 505000 Episode Num: 505 Episode T: 1000 Reward: 71.023
---------------------------------------
Evaluation over 10 episodes: 55.717
---------------------------------------
Total T: 506000 Episode Num: 506 Episode T: 1000 Reward: 44.440
Total T: 507000 Episode Num: 507 Episode T: 1000 Reward: 74.127
Total T: 508000 Episode Num: 508 Episode T: 1000 Reward: 69.252
Total T: 509000 Episode Num: 509 Episode T: 1000 Reward: 68.655
Total T: 510000 Episode Num: 510 Episode T: 1000 Reward: 71.355
---------------------------------------
Evaluation over 10 episodes: 58.909
---------------------------------------
Total T: 511000 Episode Num: 511 Episode T: 1000 Reward: 68.881
Total T: 512000 Episode Num: 512 Episode T: 1000 Reward: 45.178
Total T: 513000 Episode Num: 513 Episode T: 1000 Reward: 67.299
Total T: 514000 Episode Num: 514 Episode T: 1000 Reward: 70.349
Total T: 515000 Episode Num: 515 Episode T: 1000 Reward: 70.073
---------------------------------------
Evaluation over 10 episodes: 60.811
---------------------------------------
Total T: 516000 Episode Num: 516 Episode T: 1000 Reward: 74.759
Total T: 517000 Episode Num: 517 Episode T: 1000 Reward: 43.143
Total T: 518000 Episode Num: 518 Episode T: 1000 Reward: 44.442
Total T: 519000 Episode Num: 519 Episode T: 1000 Reward: 73.186
Total T: 520000 Episode Num: 520 Episode T: 1000 Reward: 44.334
---------------------------------------
Evaluation over 10 episodes: 57.713
---------------------------------------
Total T: 521000 Episode Num: 521 Episode T: 1000 Reward: 48.681
Total T: 522000 Episode Num: 522 Episode T: 1000 Reward: 70.956
Total T: 523000 Episode Num: 523 Episode T: 1000 Reward: 71.781
Total T: 524000 Episode Num: 524 Episode T: 1000 Reward: 43.881
Total T: 525000 Episode Num: 525 Episode T: 1000 Reward: 72.271
---------------------------------------
Evaluation over 10 episodes: 56.012
---------------------------------------
Total T: 526000 Episode Num: 526 Episode T: 1000 Reward: 47.249
Total T: 527000 Episode Num: 527 Episode T: 1000 Reward: 68.474
Total T: 528000 Episode Num: 528 Episode T: 1000 Reward: 48.984
Total T: 529000 Episode Num: 529 Episode T: 1000 Reward: 68.065
Total T: 530000 Episode Num: 530 Episode T: 1000 Reward: 45.611
---------------------------------------
Evaluation over 10 episodes: 62.065
---------------------------------------
Total T: 531000 Episode Num: 531 Episode T: 1000 Reward: 47.758
Total T: 532000 Episode Num: 532 Episode T: 1000 Reward: 73.929
Total T: 533000 Episode Num: 533 Episode T: 1000 Reward: 46.334
Total T: 534000 Episode Num: 534 Episode T: 1000 Reward: 74.939
Total T: 535000 Episode Num: 535 Episode T: 1000 Reward: 42.237
---------------------------------------
Evaluation over 10 episodes: 61.373
---------------------------------------
Total T: 536000 Episode Num: 536 Episode T: 1000 Reward: 45.772
Total T: 537000 Episode Num: 537 Episode T: 1000 Reward: 43.696
Total T: 538000 Episode Num: 538 Episode T: 1000 Reward: 68.460
Total T: 539000 Episode Num: 539 Episode T: 1000 Reward: 44.802
Total T: 540000 Episode Num: 540 Episode T: 1000 Reward: 74.226
---------------------------------------
Evaluation over 10 episodes: 62.075
---------------------------------------
Total T: 541000 Episode Num: 541 Episode T: 1000 Reward: 45.485
Total T: 542000 Episode Num: 542 Episode T: 1000 Reward: 71.470
Total T: 543000 Episode Num: 543 Episode T: 1000 Reward: 46.409
Total T: 544000 Episode Num: 544 Episode T: 1000 Reward: 49.148
Total T: 545000 Episode Num: 545 Episode T: 1000 Reward: 48.051
---------------------------------------
Evaluation over 10 episodes: 62.245
---------------------------------------
Total T: 546000 Episode Num: 546 Episode T: 1000 Reward: 67.880
Total T: 547000 Episode Num: 547 Episode T: 1000 Reward: 45.729
Total T: 548000 Episode Num: 548 Episode T: 1000 Reward: 76.344
Total T: 549000 Episode Num: 549 Episode T: 1000 Reward: 45.192
Total T: 550000 Episode Num: 550 Episode T: 1000 Reward: 79.435
---------------------------------------
Evaluation over 10 episodes: 62.392
---------------------------------------
Total T: 551000 Episode Num: 551 Episode T: 1000 Reward: 69.277
Total T: 552000 Episode Num: 552 Episode T: 1000 Reward: 72.205
Total T: 553000 Episode Num: 553 Episode T: 1000 Reward: 47.568
Total T: 554000 Episode Num: 554 Episode T: 1000 Reward: 67.170
Total T: 555000 Episode Num: 555 Episode T: 1000 Reward: 46.943
---------------------------------------
Evaluation over 10 episodes: 61.546
---------------------------------------
Total T: 556000 Episode Num: 556 Episode T: 1000 Reward: 44.345
Total T: 557000 Episode Num: 557 Episode T: 1000 Reward: 71.248
Total T: 558000 Episode Num: 558 Episode T: 1000 Reward: 48.568
Total T: 559000 Episode Num: 559 Episode T: 1000 Reward: 70.717
Total T: 560000 Episode Num: 560 Episode T: 1000 Reward: 48.082
---------------------------------------
Evaluation over 10 episodes: 61.065
---------------------------------------
Total T: 561000 Episode Num: 561 Episode T: 1000 Reward: 72.386
Total T: 562000 Episode Num: 562 Episode T: 1000 Reward: 45.831
Total T: 563000 Episode Num: 563 Episode T: 1000 Reward: 69.139
Total T: 564000 Episode Num: 564 Episode T: 1000 Reward: 75.730
Total T: 565000 Episode Num: 565 Episode T: 1000 Reward: 44.447
---------------------------------------
Evaluation over 10 episodes: 63.135
---------------------------------------
Total T: 566000 Episode Num: 566 Episode T: 1000 Reward: 76.538
Total T: 567000 Episode Num: 567 Episode T: 1000 Reward: 47.307
Total T: 568000 Episode Num: 568 Episode T: 1000 Reward: 47.239
Total T: 569000 Episode Num: 569 Episode T: 1000 Reward: 75.301
Total T: 570000 Episode Num: 570 Episode T: 1000 Reward: 45.777
---------------------------------------
Evaluation over 10 episodes: 64.052
---------------------------------------
Total T: 571000 Episode Num: 571 Episode T: 1000 Reward: 43.824
Total T: 572000 Episode Num: 572 Episode T: 1000 Reward: 48.302
Total T: 573000 Episode Num: 573 Episode T: 1000 Reward: 69.634
Total T: 574000 Episode Num: 574 Episode T: 1000 Reward: 72.504
Total T: 575000 Episode Num: 575 Episode T: 1000 Reward: 43.839
---------------------------------------
Evaluation over 10 episodes: 59.744
---------------------------------------
Total T: 576000 Episode Num: 576 Episode T: 1000 Reward: 44.611
Total T: 577000 Episode Num: 577 Episode T: 1000 Reward: 73.592
Total T: 578000 Episode Num: 578 Episode T: 1000 Reward: 73.979
Total T: 579000 Episode Num: 579 Episode T: 1000 Reward: 43.132
Total T: 580000 Episode Num: 580 Episode T: 1000 Reward: 73.558
---------------------------------------
Evaluation over 10 episodes: 58.795
---------------------------------------
Total T: 581000 Episode Num: 581 Episode T: 1000 Reward: 72.287
Total T: 582000 Episode Num: 582 Episode T: 1000 Reward: 47.209
Total T: 583000 Episode Num: 583 Episode T: 1000 Reward: 73.706
Total T: 584000 Episode Num: 584 Episode T: 1000 Reward: 45.228
Total T: 585000 Episode Num: 585 Episode T: 1000 Reward: 44.603
---------------------------------------
Evaluation over 10 episodes: 60.732
---------------------------------------
Total T: 586000 Episode Num: 586 Episode T: 1000 Reward: 48.785
Total T: 587000 Episode Num: 587 Episode T: 1000 Reward: 46.527
Total T: 588000 Episode Num: 588 Episode T: 1000 Reward: 44.453
Total T: 589000 Episode Num: 589 Episode T: 1000 Reward: 47.427
Total T: 590000 Episode Num: 590 Episode T: 1000 Reward: 44.030
---------------------------------------
Evaluation over 10 episodes: 62.215
---------------------------------------
Total T: 591000 Episode Num: 591 Episode T: 1000 Reward: 75.397
Total T: 592000 Episode Num: 592 Episode T: 1000 Reward: 72.808
Total T: 593000 Episode Num: 593 Episode T: 1000 Reward: 43.352
Total T: 594000 Episode Num: 594 Episode T: 1000 Reward: 48.468
Total T: 595000 Episode Num: 595 Episode T: 1000 Reward: 73.798
---------------------------------------
Evaluation over 10 episodes: 60.365
---------------------------------------
Total T: 596000 Episode Num: 596 Episode T: 1000 Reward: 44.904
Total T: 597000 Episode Num: 597 Episode T: 1000 Reward: 70.861
Total T: 598000 Episode Num: 598 Episode T: 1000 Reward: 71.711
Total T: 599000 Episode Num: 599 Episode T: 1000 Reward: 72.848
Total T: 600000 Episode Num: 600 Episode T: 1000 Reward: 44.731
---------------------------------------
Evaluation over 10 episodes: 61.467
---------------------------------------
Total T: 601000 Episode Num: 601 Episode T: 1000 Reward: 73.892
Total T: 602000 Episode Num: 602 Episode T: 1000 Reward: 69.359
Total T: 603000 Episode Num: 603 Episode T: 1000 Reward: 43.689
Total T: 604000 Episode Num: 604 Episode T: 1000 Reward: 74.342
Total T: 605000 Episode Num: 605 Episode T: 1000 Reward: 74.806
---------------------------------------
Evaluation over 10 episodes: 63.087
---------------------------------------
Total T: 606000 Episode Num: 606 Episode T: 1000 Reward: 72.322
Total T: 607000 Episode Num: 607 Episode T: 1000 Reward: 41.970
Total T: 608000 Episode Num: 608 Episode T: 1000 Reward: 46.868
Total T: 609000 Episode Num: 609 Episode T: 1000 Reward: 52.300
Total T: 610000 Episode Num: 610 Episode T: 1000 Reward: 74.089
---------------------------------------
Evaluation over 10 episodes: 63.317
---------------------------------------
Total T: 611000 Episode Num: 611 Episode T: 1000 Reward: 46.188
Total T: 612000 Episode Num: 612 Episode T: 1000 Reward: 73.671
Total T: 613000 Episode Num: 613 Episode T: 1000 Reward: 46.784
Total T: 614000 Episode Num: 614 Episode T: 1000 Reward: 71.779
Total T: 615000 Episode Num: 615 Episode T: 1000 Reward: 45.036
---------------------------------------
Evaluation over 10 episodes: 61.073
---------------------------------------
Total T: 616000 Episode Num: 616 Episode T: 1000 Reward: 72.427
Total T: 617000 Episode Num: 617 Episode T: 1000 Reward: 46.308
Total T: 618000 Episode Num: 618 Episode T: 1000 Reward: 75.269
Total T: 619000 Episode Num: 619 Episode T: 1000 Reward: 75.051
Total T: 620000 Episode Num: 620 Episode T: 1000 Reward: 43.826
---------------------------------------
Evaluation over 10 episodes: 63.459
---------------------------------------
Total T: 621000 Episode Num: 621 Episode T: 1000 Reward: 44.435
Total T: 622000 Episode Num: 622 Episode T: 1000 Reward: 75.599
Total T: 623000 Episode Num: 623 Episode T: 1000 Reward: 46.059
Total T: 624000 Episode Num: 624 Episode T: 1000 Reward: 47.169
Total T: 625000 Episode Num: 625 Episode T: 1000 Reward: 80.884
---------------------------------------
Evaluation over 10 episodes: 61.674
---------------------------------------
Total T: 626000 Episode Num: 626 Episode T: 1000 Reward: 47.871
Total T: 627000 Episode Num: 627 Episode T: 1000 Reward: 83.855
Total T: 628000 Episode Num: 628 Episode T: 1000 Reward: 72.651
Total T: 629000 Episode Num: 629 Episode T: 1000 Reward: 45.825
Total T: 630000 Episode Num: 630 Episode T: 1000 Reward: 44.946
---------------------------------------
Evaluation over 10 episodes: 61.962
---------------------------------------
Total T: 631000 Episode Num: 631 Episode T: 1000 Reward: 43.825
Total T: 632000 Episode Num: 632 Episode T: 1000 Reward: 47.944
Total T: 633000 Episode Num: 633 Episode T: 1000 Reward: 80.787
Total T: 634000 Episode Num: 634 Episode T: 1000 Reward: 46.735
Total T: 635000 Episode Num: 635 Episode T: 1000 Reward: 44.584
---------------------------------------
Evaluation over 10 episodes: 60.256
---------------------------------------
Total T: 636000 Episode Num: 636 Episode T: 1000 Reward: 74.254
Total T: 637000 Episode Num: 637 Episode T: 1000 Reward: 47.116
Total T: 638000 Episode Num: 638 Episode T: 1000 Reward: 43.220
Total T: 639000 Episode Num: 639 Episode T: 1000 Reward: 76.480
Total T: 640000 Episode Num: 640 Episode T: 1000 Reward: 46.243
---------------------------------------
Evaluation over 10 episodes: 62.561
---------------------------------------
Total T: 641000 Episode Num: 641 Episode T: 1000 Reward: 73.697
Total T: 642000 Episode Num: 642 Episode T: 1000 Reward: 82.327
Total T: 643000 Episode Num: 643 Episode T: 1000 Reward: 75.153
Total T: 644000 Episode Num: 644 Episode T: 1000 Reward: 44.320
Total T: 645000 Episode Num: 645 Episode T: 1000 Reward: 42.257
---------------------------------------
Evaluation over 10 episodes: 59.333
---------------------------------------
Total T: 646000 Episode Num: 646 Episode T: 1000 Reward: 44.011
Total T: 647000 Episode Num: 647 Episode T: 1000 Reward: 83.967
Total T: 648000 Episode Num: 648 Episode T: 1000 Reward: 44.898
Total T: 649000 Episode Num: 649 Episode T: 1000 Reward: 71.893
Total T: 650000 Episode Num: 650 Episode T: 1000 Reward: 45.230
---------------------------------------
Evaluation over 10 episodes: 61.759
---------------------------------------
Total T: 651000 Episode Num: 651 Episode T: 1000 Reward: 83.366
Total T: 652000 Episode Num: 652 Episode T: 1000 Reward: 46.215
Total T: 653000 Episode Num: 653 Episode T: 1000 Reward: 45.092
Total T: 654000 Episode Num: 654 Episode T: 1000 Reward: 78.391
Total T: 655000 Episode Num: 655 Episode T: 1000 Reward: 79.675
---------------------------------------
Evaluation over 10 episodes: 66.085
---------------------------------------
Total T: 656000 Episode Num: 656 Episode T: 1000 Reward: 47.508
Total T: 657000 Episode Num: 657 Episode T: 1000 Reward: 45.493
Total T: 658000 Episode Num: 658 Episode T: 1000 Reward: 82.258
Total T: 659000 Episode Num: 659 Episode T: 1000 Reward: 45.810
Total T: 660000 Episode Num: 660 Episode T: 1000 Reward: 77.074
---------------------------------------
Evaluation over 10 episodes: 62.093
---------------------------------------
Total T: 661000 Episode Num: 661 Episode T: 1000 Reward: 47.759
Total T: 662000 Episode Num: 662 Episode T: 1000 Reward: 45.175
Total T: 663000 Episode Num: 663 Episode T: 1000 Reward: 47.463
Total T: 664000 Episode Num: 664 Episode T: 1000 Reward: 72.597
Total T: 665000 Episode Num: 665 Episode T: 1000 Reward: 82.536
---------------------------------------
Evaluation over 10 episodes: 62.449
---------------------------------------
Total T: 666000 Episode Num: 666 Episode T: 1000 Reward: 74.850
Total T: 667000 Episode Num: 667 Episode T: 1000 Reward: 46.109
Total T: 668000 Episode Num: 668 Episode T: 1000 Reward: 82.836
Total T: 669000 Episode Num: 669 Episode T: 1000 Reward: 47.602
Total T: 670000 Episode Num: 670 Episode T: 1000 Reward: 82.384
---------------------------------------
Evaluation over 10 episodes: 61.754
---------------------------------------
Total T: 671000 Episode Num: 671 Episode T: 1000 Reward: 82.434
Total T: 672000 Episode Num: 672 Episode T: 1000 Reward: 80.417
Total T: 673000 Episode Num: 673 Episode T: 1000 Reward: 43.162
Total T: 674000 Episode Num: 674 Episode T: 1000 Reward: 44.929
Total T: 675000 Episode Num: 675 Episode T: 1000 Reward: 75.568
---------------------------------------
Evaluation over 10 episodes: 64.650
---------------------------------------
Total T: 676000 Episode Num: 676 Episode T: 1000 Reward: 45.632
Total T: 677000 Episode Num: 677 Episode T: 1000 Reward: 48.445
Total T: 678000 Episode Num: 678 Episode T: 1000 Reward: 47.641
Total T: 679000 Episode Num: 679 Episode T: 1000 Reward: 64.446
Total T: 680000 Episode Num: 680 Episode T: 1000 Reward: 72.503
---------------------------------------
Evaluation over 10 episodes: 60.536
---------------------------------------
Total T: 681000 Episode Num: 681 Episode T: 1000 Reward: 75.235
Total T: 682000 Episode Num: 682 Episode T: 1000 Reward: 79.922
Total T: 683000 Episode Num: 683 Episode T: 1000 Reward: 46.379
Total T: 684000 Episode Num: 684 Episode T: 1000 Reward: 46.388
Total T: 685000 Episode Num: 685 Episode T: 1000 Reward: 75.037
---------------------------------------
Evaluation over 10 episodes: 63.492
---------------------------------------
Total T: 686000 Episode Num: 686 Episode T: 1000 Reward: 49.886
Total T: 687000 Episode Num: 687 Episode T: 1000 Reward: 81.219
Total T: 688000 Episode Num: 688 Episode T: 1000 Reward: 45.008
Total T: 689000 Episode Num: 689 Episode T: 1000 Reward: 46.985
Total T: 690000 Episode Num: 690 Episode T: 1000 Reward: 72.879
---------------------------------------
Evaluation over 10 episodes: 62.625
---------------------------------------
Total T: 691000 Episode Num: 691 Episode T: 1000 Reward: 46.437
Total T: 692000 Episode Num: 692 Episode T: 1000 Reward: 79.235
Total T: 693000 Episode Num: 693 Episode T: 1000 Reward: 72.429
Total T: 694000 Episode Num: 694 Episode T: 1000 Reward: 45.820
Total T: 695000 Episode Num: 695 Episode T: 1000 Reward: 82.323
---------------------------------------
Evaluation over 10 episodes: 64.357
---------------------------------------
Total T: 696000 Episode Num: 696 Episode T: 1000 Reward: 82.345
Total T: 697000 Episode Num: 697 Episode T: 1000 Reward: 44.565
Total T: 698000 Episode Num: 698 Episode T: 1000 Reward: 73.019
Total T: 699000 Episode Num: 699 Episode T: 1000 Reward: 82.080
Total T: 700000 Episode Num: 700 Episode T: 1000 Reward: 44.258
---------------------------------------
Evaluation over 10 episodes: 64.231
---------------------------------------
Total T: 701000 Episode Num: 701 Episode T: 1000 Reward: 46.447
Total T: 702000 Episode Num: 702 Episode T: 1000 Reward: 83.975
Total T: 703000 Episode Num: 703 Episode T: 1000 Reward: 79.693
Total T: 704000 Episode Num: 704 Episode T: 1000 Reward: 43.200
Total T: 705000 Episode Num: 705 Episode T: 1000 Reward: 79.503
---------------------------------------
Evaluation over 10 episodes: 63.847
---------------------------------------
Total T: 706000 Episode Num: 706 Episode T: 1000 Reward: 81.248
Total T: 707000 Episode Num: 707 Episode T: 1000 Reward: 83.228
Total T: 708000 Episode Num: 708 Episode T: 1000 Reward: 47.697
Total T: 709000 Episode Num: 709 Episode T: 1000 Reward: 86.081
Total T: 710000 Episode Num: 710 Episode T: 1000 Reward: 46.502
---------------------------------------
Evaluation over 10 episodes: 68.279
---------------------------------------
Total T: 711000 Episode Num: 711 Episode T: 1000 Reward: 81.901
Total T: 712000 Episode Num: 712 Episode T: 1000 Reward: 81.073
Total T: 713000 Episode Num: 713 Episode T: 1000 Reward: 78.022
Total T: 714000 Episode Num: 714 Episode T: 1000 Reward: 44.628
Total T: 715000 Episode Num: 715 Episode T: 1000 Reward: 47.369
---------------------------------------
Evaluation over 10 episodes: 66.819
---------------------------------------
Total T: 716000 Episode Num: 716 Episode T: 1000 Reward: 84.438
Total T: 717000 Episode Num: 717 Episode T: 1000 Reward: 45.779
Total T: 718000 Episode Num: 718 Episode T: 1000 Reward: 47.429
Total T: 719000 Episode Num: 719 Episode T: 1000 Reward: 47.206
Total T: 720000 Episode Num: 720 Episode T: 1000 Reward: 44.294
---------------------------------------
Evaluation over 10 episodes: 69.069
---------------------------------------
Total T: 721000 Episode Num: 721 Episode T: 1000 Reward: 83.046
Total T: 722000 Episode Num: 722 Episode T: 1000 Reward: 43.535
Total T: 723000 Episode Num: 723 Episode T: 1000 Reward: 44.718
Total T: 724000 Episode Num: 724 Episode T: 1000 Reward: 46.478
Total T: 725000 Episode Num: 725 Episode T: 1000 Reward: 84.284
---------------------------------------
Evaluation over 10 episodes: 67.908
---------------------------------------
Total T: 726000 Episode Num: 726 Episode T: 1000 Reward: 48.108
Total T: 727000 Episode Num: 727 Episode T: 1000 Reward: 44.708
Total T: 728000 Episode Num: 728 Episode T: 1000 Reward: 46.297
Total T: 729000 Episode Num: 729 Episode T: 1000 Reward: 83.023
Total T: 730000 Episode Num: 730 Episode T: 1000 Reward: 42.681
---------------------------------------
Evaluation over 10 episodes: 64.169
---------------------------------------
Total T: 731000 Episode Num: 731 Episode T: 1000 Reward: 46.619
Total T: 732000 Episode Num: 732 Episode T: 1000 Reward: 84.384
Total T: 733000 Episode Num: 733 Episode T: 1000 Reward: 83.379
Total T: 734000 Episode Num: 734 Episode T: 1000 Reward: 83.246
Total T: 735000 Episode Num: 735 Episode T: 1000 Reward: 84.225
---------------------------------------
Evaluation over 10 episodes: 68.136
---------------------------------------
Total T: 736000 Episode Num: 736 Episode T: 1000 Reward: 81.515
Total T: 737000 Episode Num: 737 Episode T: 1000 Reward: 85.133
Total T: 738000 Episode Num: 738 Episode T: 1000 Reward: 46.039
Total T: 739000 Episode Num: 739 Episode T: 1000 Reward: 84.655
Total T: 740000 Episode Num: 740 Episode T: 1000 Reward: 85.807
---------------------------------------
Evaluation over 10 episodes: 69.994
---------------------------------------
Total T: 741000 Episode Num: 741 Episode T: 1000 Reward: 47.329
Total T: 742000 Episode Num: 742 Episode T: 1000 Reward: 45.740
Total T: 743000 Episode Num: 743 Episode T: 1000 Reward: 84.741
Total T: 744000 Episode Num: 744 Episode T: 1000 Reward: 83.464
Total T: 745000 Episode Num: 745 Episode T: 1000 Reward: 87.425
---------------------------------------
Evaluation over 10 episodes: 64.995
---------------------------------------
Total T: 746000 Episode Num: 746 Episode T: 1000 Reward: 44.754
Total T: 747000 Episode Num: 747 Episode T: 1000 Reward: 87.233
Total T: 748000 Episode Num: 748 Episode T: 1000 Reward: 82.261
Total T: 749000 Episode Num: 749 Episode T: 1000 Reward: 84.695
Total T: 750000 Episode Num: 750 Episode T: 1000 Reward: 83.560
---------------------------------------
Evaluation over 10 episodes: 70.700
---------------------------------------
Total T: 751000 Episode Num: 751 Episode T: 1000 Reward: 84.052
Total T: 752000 Episode Num: 752 Episode T: 1000 Reward: 83.403
Total T: 753000 Episode Num: 753 Episode T: 1000 Reward: 85.820
Total T: 754000 Episode Num: 754 Episode T: 1000 Reward: 46.185
Total T: 755000 Episode Num: 755 Episode T: 1000 Reward: 84.527
---------------------------------------
Evaluation over 10 episodes: 75.934
---------------------------------------
Total T: 756000 Episode Num: 756 Episode T: 1000 Reward: 88.388
Total T: 757000 Episode Num: 757 Episode T: 1000 Reward: 84.948
Total T: 758000 Episode Num: 758 Episode T: 1000 Reward: 86.289
Total T: 759000 Episode Num: 759 Episode T: 1000 Reward: 87.402
Total T: 760000 Episode Num: 760 Episode T: 1000 Reward: 88.118
---------------------------------------
Evaluation over 10 episodes: 66.714
---------------------------------------
Total T: 761000 Episode Num: 761 Episode T: 1000 Reward: 87.814
Total T: 762000 Episode Num: 762 Episode T: 1000 Reward: 87.846
Total T: 763000 Episode Num: 763 Episode T: 1000 Reward: 87.247
Total T: 764000 Episode Num: 764 Episode T: 1000 Reward: 89.993
Total T: 765000 Episode Num: 765 Episode T: 1000 Reward: 87.639
---------------------------------------
Evaluation over 10 episodes: 73.043
---------------------------------------
Total T: 766000 Episode Num: 766 Episode T: 1000 Reward: 43.118
Total T: 767000 Episode Num: 767 Episode T: 1000 Reward: 45.309
Total T: 768000 Episode Num: 768 Episode T: 1000 Reward: 46.410
Total T: 769000 Episode Num: 769 Episode T: 1000 Reward: 87.079
Total T: 770000 Episode Num: 770 Episode T: 1000 Reward: 88.784
---------------------------------------
Evaluation over 10 episodes: 77.140
---------------------------------------
Total T: 771000 Episode Num: 771 Episode T: 1000 Reward: 45.946
Total T: 772000 Episode Num: 772 Episode T: 1000 Reward: 88.803
Total T: 773000 Episode Num: 773 Episode T: 1000 Reward: 45.065
Total T: 774000 Episode Num: 774 Episode T: 1000 Reward: 89.051
Total T: 775000 Episode Num: 775 Episode T: 1000 Reward: 91.737
---------------------------------------
Evaluation over 10 episodes: 77.627
---------------------------------------
Total T: 776000 Episode Num: 776 Episode T: 1000 Reward: 43.661
Total T: 777000 Episode Num: 777 Episode T: 1000 Reward: 88.345
Total T: 778000 Episode Num: 778 Episode T: 1000 Reward: 48.055
Total T: 779000 Episode Num: 779 Episode T: 1000 Reward: 91.338
Total T: 780000 Episode Num: 780 Episode T: 1000 Reward: 87.969
---------------------------------------
Evaluation over 10 episodes: 72.675
---------------------------------------
Total T: 781000 Episode Num: 781 Episode T: 1000 Reward: 89.761
Total T: 782000 Episode Num: 782 Episode T: 1000 Reward: 88.192
Total T: 783000 Episode Num: 783 Episode T: 1000 Reward: 86.554
Total T: 784000 Episode Num: 784 Episode T: 1000 Reward: 87.223
Total T: 785000 Episode Num: 785 Episode T: 1000 Reward: 87.432
---------------------------------------
Evaluation over 10 episodes: 75.034
---------------------------------------
Total T: 786000 Episode Num: 786 Episode T: 1000 Reward: 46.644
Total T: 787000 Episode Num: 787 Episode T: 1000 Reward: 87.278
Total T: 788000 Episode Num: 788 Episode T: 1000 Reward: 86.336
Total T: 789000 Episode Num: 789 Episode T: 1000 Reward: 48.622
Total T: 790000 Episode Num: 790 Episode T: 1000 Reward: 87.508
---------------------------------------
Evaluation over 10 episodes: 77.731
---------------------------------------
Total T: 791000 Episode Num: 791 Episode T: 1000 Reward: 88.978
Total T: 792000 Episode Num: 792 Episode T: 1000 Reward: 84.919
Total T: 793000 Episode Num: 793 Episode T: 1000 Reward: 45.410
Total T: 794000 Episode Num: 794 Episode T: 1000 Reward: 90.729
Total T: 795000 Episode Num: 795 Episode T: 1000 Reward: 88.726
---------------------------------------
Evaluation over 10 episodes: 83.061
---------------------------------------
Total T: 796000 Episode Num: 796 Episode T: 1000 Reward: 89.930
Total T: 797000 Episode Num: 797 Episode T: 1000 Reward: 47.653
Total T: 798000 Episode Num: 798 Episode T: 1000 Reward: 88.038
Total T: 799000 Episode Num: 799 Episode T: 1000 Reward: 89.436
Total T: 800000 Episode Num: 800 Episode T: 1000 Reward: 90.398
---------------------------------------
Evaluation over 10 episodes: 82.452
---------------------------------------
Total T: 801000 Episode Num: 801 Episode T: 1000 Reward: 47.384
Total T: 802000 Episode Num: 802 Episode T: 1000 Reward: 89.516
Total T: 803000 Episode Num: 803 Episode T: 1000 Reward: 47.163
Total T: 804000 Episode Num: 804 Episode T: 1000 Reward: 47.929
Total T: 805000 Episode Num: 805 Episode T: 1000 Reward: 86.848
---------------------------------------
Evaluation over 10 episodes: 84.198
---------------------------------------
Total T: 806000 Episode Num: 806 Episode T: 1000 Reward: 44.965
Total T: 807000 Episode Num: 807 Episode T: 1000 Reward: 86.910
Total T: 808000 Episode Num: 808 Episode T: 1000 Reward: 88.011
Total T: 809000 Episode Num: 809 Episode T: 1000 Reward: 88.948
Total T: 810000 Episode Num: 810 Episode T: 1000 Reward: 46.006
---------------------------------------
Evaluation over 10 episodes: 81.268
---------------------------------------
Total T: 811000 Episode Num: 811 Episode T: 1000 Reward: 87.982
Total T: 812000 Episode Num: 812 Episode T: 1000 Reward: 91.887
Total T: 813000 Episode Num: 813 Episode T: 1000 Reward: 43.414
Total T: 814000 Episode Num: 814 Episode T: 1000 Reward: 87.341
Total T: 815000 Episode Num: 815 Episode T: 1000 Reward: 86.296
---------------------------------------
Evaluation over 10 episodes: 80.612
---------------------------------------
Total T: 816000 Episode Num: 816 Episode T: 1000 Reward: 89.385
Total T: 817000 Episode Num: 817 Episode T: 1000 Reward: 46.269
Total T: 818000 Episode Num: 818 Episode T: 1000 Reward: 87.053
Total T: 819000 Episode Num: 819 Episode T: 1000 Reward: 91.128
Total T: 820000 Episode Num: 820 Episode T: 1000 Reward: 46.353
---------------------------------------
Evaluation over 10 episodes: 84.226
---------------------------------------
Total T: 821000 Episode Num: 821 Episode T: 1000 Reward: 91.221
Total T: 822000 Episode Num: 822 Episode T: 1000 Reward: 88.025
Total T: 823000 Episode Num: 823 Episode T: 1000 Reward: 90.528
Total T: 824000 Episode Num: 824 Episode T: 1000 Reward: 45.449
Total T: 825000 Episode Num: 825 Episode T: 1000 Reward: 90.184
---------------------------------------
Evaluation over 10 episodes: 84.774
---------------------------------------
Total T: 826000 Episode Num: 826 Episode T: 1000 Reward: 88.962
Total T: 827000 Episode Num: 827 Episode T: 1000 Reward: 47.833
Total T: 828000 Episode Num: 828 Episode T: 1000 Reward: 91.014
Total T: 829000 Episode Num: 829 Episode T: 1000 Reward: 91.391
Total T: 830000 Episode Num: 830 Episode T: 1000 Reward: 90.774
---------------------------------------
Evaluation over 10 episodes: 79.886
---------------------------------------
Total T: 831000 Episode Num: 831 Episode T: 1000 Reward: 88.652
Total T: 832000 Episode Num: 832 Episode T: 1000 Reward: 46.468
Total T: 833000 Episode Num: 833 Episode T: 1000 Reward: 90.998
Total T: 834000 Episode Num: 834 Episode T: 1000 Reward: 89.317
Total T: 835000 Episode Num: 835 Episode T: 1000 Reward: 46.991
---------------------------------------
Evaluation over 10 episodes: 85.044
---------------------------------------
Total T: 836000 Episode Num: 836 Episode T: 1000 Reward: 90.195
Total T: 837000 Episode Num: 837 Episode T: 1000 Reward: 44.835
Total T: 838000 Episode Num: 838 Episode T: 1000 Reward: 48.136
Total T: 839000 Episode Num: 839 Episode T: 1000 Reward: 48.300
Total T: 840000 Episode Num: 840 Episode T: 1000 Reward: 47.987
---------------------------------------
Evaluation over 10 episodes: 74.539
---------------------------------------
Total T: 841000 Episode Num: 841 Episode T: 1000 Reward: 89.891
Total T: 842000 Episode Num: 842 Episode T: 1000 Reward: 89.105
Total T: 843000 Episode Num: 843 Episode T: 1000 Reward: 91.250
Total T: 844000 Episode Num: 844 Episode T: 1000 Reward: 87.434
Total T: 845000 Episode Num: 845 Episode T: 1000 Reward: 49.606
---------------------------------------
Evaluation over 10 episodes: 82.699
---------------------------------------
Total T: 846000 Episode Num: 846 Episode T: 1000 Reward: 50.976
Total T: 847000 Episode Num: 847 Episode T: 1000 Reward: 47.302
Total T: 848000 Episode Num: 848 Episode T: 1000 Reward: 49.413
Total T: 849000 Episode Num: 849 Episode T: 1000 Reward: 92.684
Total T: 850000 Episode Num: 850 Episode T: 1000 Reward: 47.830
---------------------------------------
Evaluation over 10 episodes: 81.546
---------------------------------------
Total T: 851000 Episode Num: 851 Episode T: 1000 Reward: 46.453
Total T: 852000 Episode Num: 852 Episode T: 1000 Reward: 91.014
Total T: 853000 Episode Num: 853 Episode T: 1000 Reward: 90.365
Total T: 854000 Episode Num: 854 Episode T: 1000 Reward: 45.771
Total T: 855000 Episode Num: 855 Episode T: 1000 Reward: 45.899
---------------------------------------
Evaluation over 10 episodes: 78.429
---------------------------------------
Total T: 856000 Episode Num: 856 Episode T: 1000 Reward: 91.168
Total T: 857000 Episode Num: 857 Episode T: 1000 Reward: 91.579
Total T: 858000 Episode Num: 858 Episode T: 1000 Reward: 45.995
Total T: 859000 Episode Num: 859 Episode T: 1000 Reward: 89.336
Total T: 860000 Episode Num: 860 Episode T: 1000 Reward: 88.840
---------------------------------------
Evaluation over 10 episodes: 82.981
---------------------------------------
Total T: 861000 Episode Num: 861 Episode T: 1000 Reward: 47.786
Total T: 862000 Episode Num: 862 Episode T: 1000 Reward: 89.383
Total T: 863000 Episode Num: 863 Episode T: 1000 Reward: 90.270
Total T: 864000 Episode Num: 864 Episode T: 1000 Reward: 88.870
Total T: 865000 Episode Num: 865 Episode T: 1000 Reward: 89.826
---------------------------------------
Evaluation over 10 episodes: 84.288
---------------------------------------
Total T: 866000 Episode Num: 866 Episode T: 1000 Reward: 91.026
Total T: 867000 Episode Num: 867 Episode T: 1000 Reward: 88.040
Total T: 868000 Episode Num: 868 Episode T: 1000 Reward: 91.009
Total T: 869000 Episode Num: 869 Episode T: 1000 Reward: 89.893
Total T: 870000 Episode Num: 870 Episode T: 1000 Reward: 44.215
---------------------------------------
Evaluation over 10 episodes: 78.818
---------------------------------------
Total T: 871000 Episode Num: 871 Episode T: 1000 Reward: 87.173
Total T: 872000 Episode Num: 872 Episode T: 1000 Reward: 43.699
Total T: 873000 Episode Num: 873 Episode T: 1000 Reward: 89.847
Total T: 874000 Episode Num: 874 Episode T: 1000 Reward: 90.830
Total T: 875000 Episode Num: 875 Episode T: 1000 Reward: 91.112
---------------------------------------
Evaluation over 10 episodes: 81.236
---------------------------------------
Total T: 876000 Episode Num: 876 Episode T: 1000 Reward: 90.334
Total T: 877000 Episode Num: 877 Episode T: 1000 Reward: 92.648
Total T: 878000 Episode Num: 878 Episode T: 1000 Reward: 88.327
Total T: 879000 Episode Num: 879 Episode T: 1000 Reward: 91.374
Total T: 880000 Episode Num: 880 Episode T: 1000 Reward: 90.559
---------------------------------------
Evaluation over 10 episodes: 80.567
---------------------------------------
Total T: 881000 Episode Num: 881 Episode T: 1000 Reward: 44.610
Total T: 882000 Episode Num: 882 Episode T: 1000 Reward: 91.948
Total T: 883000 Episode Num: 883 Episode T: 1000 Reward: 92.016
Total T: 884000 Episode Num: 884 Episode T: 1000 Reward: 90.875
Total T: 885000 Episode Num: 885 Episode T: 1000 Reward: 90.367
---------------------------------------
Evaluation over 10 episodes: 83.121
---------------------------------------
Total T: 886000 Episode Num: 886 Episode T: 1000 Reward: 48.556
Total T: 887000 Episode Num: 887 Episode T: 1000 Reward: 91.941
Total T: 888000 Episode Num: 888 Episode T: 1000 Reward: 89.887
Total T: 889000 Episode Num: 889 Episode T: 1000 Reward: 92.282
Total T: 890000 Episode Num: 890 Episode T: 1000 Reward: 92.093
---------------------------------------
Evaluation over 10 episodes: 85.024
---------------------------------------
Total T: 891000 Episode Num: 891 Episode T: 1000 Reward: 93.396
Total T: 892000 Episode Num: 892 Episode T: 1000 Reward: 93.095
Total T: 893000 Episode Num: 893 Episode T: 1000 Reward: 94.572
Total T: 894000 Episode Num: 894 Episode T: 1000 Reward: 89.486
Total T: 895000 Episode Num: 895 Episode T: 1000 Reward: 46.370
---------------------------------------
Evaluation over 10 episodes: 80.037
---------------------------------------
Total T: 896000 Episode Num: 896 Episode T: 1000 Reward: 92.716
Total T: 897000 Episode Num: 897 Episode T: 1000 Reward: 92.914
Total T: 898000 Episode Num: 898 Episode T: 1000 Reward: 95.672
Total T: 899000 Episode Num: 899 Episode T: 1000 Reward: 46.252
Total T: 900000 Episode Num: 900 Episode T: 1000 Reward: 48.134
---------------------------------------
Evaluation over 10 episodes: 84.301
---------------------------------------
Total T: 901000 Episode Num: 901 Episode T: 1000 Reward: 46.338
Total T: 902000 Episode Num: 902 Episode T: 1000 Reward: 94.128
Total T: 903000 Episode Num: 903 Episode T: 1000 Reward: 43.068
Total T: 904000 Episode Num: 904 Episode T: 1000 Reward: 46.889
Total T: 905000 Episode Num: 905 Episode T: 1000 Reward: 45.473
---------------------------------------
Evaluation over 10 episodes: 83.013
---------------------------------------
Total T: 906000 Episode Num: 906 Episode T: 1000 Reward: 94.345
Total T: 907000 Episode Num: 907 Episode T: 1000 Reward: 48.114
Total T: 908000 Episode Num: 908 Episode T: 1000 Reward: 46.282
Total T: 909000 Episode Num: 909 Episode T: 1000 Reward: 94.511
Total T: 910000 Episode Num: 910 Episode T: 1000 Reward: 92.371
---------------------------------------
Evaluation over 10 episodes: 84.486
---------------------------------------
Total T: 911000 Episode Num: 911 Episode T: 1000 Reward: 90.799
Total T: 912000 Episode Num: 912 Episode T: 1000 Reward: 46.451
Total T: 913000 Episode Num: 913 Episode T: 1000 Reward: 92.419
Total T: 914000 Episode Num: 914 Episode T: 1000 Reward: 45.421
Total T: 915000 Episode Num: 915 Episode T: 1000 Reward: 93.615
---------------------------------------
Evaluation over 10 episodes: 83.177
---------------------------------------
Total T: 916000 Episode Num: 916 Episode T: 1000 Reward: 45.828
Total T: 917000 Episode Num: 917 Episode T: 1000 Reward: 92.391
Total T: 918000 Episode Num: 918 Episode T: 1000 Reward: 93.938
Total T: 919000 Episode Num: 919 Episode T: 1000 Reward: 92.405
Total T: 920000 Episode Num: 920 Episode T: 1000 Reward: 91.453
---------------------------------------
Evaluation over 10 episodes: 86.363
---------------------------------------
Total T: 921000 Episode Num: 921 Episode T: 1000 Reward: 92.703
Total T: 922000 Episode Num: 922 Episode T: 1000 Reward: 91.852
Total T: 923000 Episode Num: 923 Episode T: 1000 Reward: 46.418
Total T: 924000 Episode Num: 924 Episode T: 1000 Reward: 48.759
Total T: 925000 Episode Num: 925 Episode T: 1000 Reward: 91.770
---------------------------------------
Evaluation over 10 episodes: 84.201
---------------------------------------
Total T: 926000 Episode Num: 926 Episode T: 1000 Reward: 44.816
Total T: 927000 Episode Num: 927 Episode T: 1000 Reward: 43.865
Total T: 928000 Episode Num: 928 Episode T: 1000 Reward: 93.382
Total T: 929000 Episode Num: 929 Episode T: 1000 Reward: 92.623
Total T: 930000 Episode Num: 930 Episode T: 1000 Reward: 94.528
---------------------------------------
Evaluation over 10 episodes: 84.028
---------------------------------------
Total T: 931000 Episode Num: 931 Episode T: 1000 Reward: 46.851
Total T: 932000 Episode Num: 932 Episode T: 1000 Reward: 94.601
Total T: 933000 Episode Num: 933 Episode T: 1000 Reward: 94.703
Total T: 934000 Episode Num: 934 Episode T: 1000 Reward: 46.247
Total T: 935000 Episode Num: 935 Episode T: 1000 Reward: 92.512
---------------------------------------
Evaluation over 10 episodes: 86.599
---------------------------------------
Total T: 936000 Episode Num: 936 Episode T: 1000 Reward: 93.755
Total T: 937000 Episode Num: 937 Episode T: 1000 Reward: 94.691
Total T: 938000 Episode Num: 938 Episode T: 1000 Reward: 50.197
Total T: 939000 Episode Num: 939 Episode T: 1000 Reward: 95.639
Total T: 940000 Episode Num: 940 Episode T: 1000 Reward: 48.496
---------------------------------------
Evaluation over 10 episodes: 79.567
---------------------------------------
Total T: 941000 Episode Num: 941 Episode T: 1000 Reward: 44.234
Total T: 942000 Episode Num: 942 Episode T: 1000 Reward: 92.863
Total T: 943000 Episode Num: 943 Episode T: 1000 Reward: 95.430
Total T: 944000 Episode Num: 944 Episode T: 1000 Reward: 94.735
Total T: 945000 Episode Num: 945 Episode T: 1000 Reward: 96.531
---------------------------------------
Evaluation over 10 episodes: 86.949
---------------------------------------
Total T: 946000 Episode Num: 946 Episode T: 1000 Reward: 49.626
Total T: 947000 Episode Num: 947 Episode T: 1000 Reward: 97.137
Total T: 948000 Episode Num: 948 Episode T: 1000 Reward: 95.248
Total T: 949000 Episode Num: 949 Episode T: 1000 Reward: 95.876
Total T: 950000 Episode Num: 950 Episode T: 1000 Reward: 96.808
---------------------------------------
Evaluation over 10 episodes: 87.433
---------------------------------------
Total T: 951000 Episode Num: 951 Episode T: 1000 Reward: 95.865
Total T: 952000 Episode Num: 952 Episode T: 1000 Reward: 45.122
Total T: 953000 Episode Num: 953 Episode T: 1000 Reward: 46.839
Total T: 954000 Episode Num: 954 Episode T: 1000 Reward: 94.585
Total T: 955000 Episode Num: 955 Episode T: 1000 Reward: 94.149
---------------------------------------
Evaluation over 10 episodes: 83.508
---------------------------------------
Total T: 956000 Episode Num: 956 Episode T: 1000 Reward: 50.091
Total T: 957000 Episode Num: 957 Episode T: 1000 Reward: 95.306
Total T: 958000 Episode Num: 958 Episode T: 1000 Reward: 96.166
Total T: 959000 Episode Num: 959 Episode T: 1000 Reward: 96.613
Total T: 960000 Episode Num: 960 Episode T: 1000 Reward: 47.178
---------------------------------------
Evaluation over 10 episodes: 84.087
---------------------------------------
Total T: 961000 Episode Num: 961 Episode T: 1000 Reward: 94.237
Total T: 962000 Episode Num: 962 Episode T: 1000 Reward: 93.157
Total T: 963000 Episode Num: 963 Episode T: 1000 Reward: 95.276
Total T: 964000 Episode Num: 964 Episode T: 1000 Reward: 42.748
Total T: 965000 Episode Num: 965 Episode T: 1000 Reward: 91.152
---------------------------------------
Evaluation over 10 episodes: 85.097
---------------------------------------
Total T: 966000 Episode Num: 966 Episode T: 1000 Reward: 47.220
Total T: 967000 Episode Num: 967 Episode T: 1000 Reward: 94.371
Total T: 968000 Episode Num: 968 Episode T: 1000 Reward: 48.970
Total T: 969000 Episode Num: 969 Episode T: 1000 Reward: 95.551
Total T: 970000 Episode Num: 970 Episode T: 1000 Reward: 49.889
---------------------------------------
Evaluation over 10 episodes: 86.875
---------------------------------------
Total T: 971000 Episode Num: 971 Episode T: 1000 Reward: 93.998
Total T: 972000 Episode Num: 972 Episode T: 1000 Reward: 47.242
Total T: 973000 Episode Num: 973 Episode T: 1000 Reward: 48.482
Total T: 974000 Episode Num: 974 Episode T: 1000 Reward: 93.952
Total T: 975000 Episode Num: 975 Episode T: 1000 Reward: 47.920
---------------------------------------
Evaluation over 10 episodes: 80.917
---------------------------------------
Total T: 976000 Episode Num: 976 Episode T: 1000 Reward: 94.957
Total T: 977000 Episode Num: 977 Episode T: 1000 Reward: 93.417
Total T: 978000 Episode Num: 978 Episode T: 1000 Reward: 93.345
Total T: 979000 Episode Num: 979 Episode T: 1000 Reward: 46.846
Total T: 980000 Episode Num: 980 Episode T: 1000 Reward: 92.553
---------------------------------------
Evaluation over 10 episodes: 86.678
---------------------------------------
Total T: 981000 Episode Num: 981 Episode T: 1000 Reward: 94.128
Total T: 982000 Episode Num: 982 Episode T: 1000 Reward: 95.512
Total T: 983000 Episode Num: 983 Episode T: 1000 Reward: 94.674
Total T: 984000 Episode Num: 984 Episode T: 1000 Reward: 96.252
Total T: 985000 Episode Num: 985 Episode T: 1000 Reward: 45.990
---------------------------------------
Evaluation over 10 episodes: 87.717
---------------------------------------
Total T: 986000 Episode Num: 986 Episode T: 1000 Reward: 92.697
Total T: 987000 Episode Num: 987 Episode T: 1000 Reward: 94.979
Total T: 988000 Episode Num: 988 Episode T: 1000 Reward: 92.876
Total T: 989000 Episode Num: 989 Episode T: 1000 Reward: 91.715
Total T: 990000 Episode Num: 990 Episode T: 1000 Reward: 48.318
---------------------------------------
Evaluation over 10 episodes: 85.652
---------------------------------------
Total T: 991000 Episode Num: 991 Episode T: 1000 Reward: 96.814
Total T: 992000 Episode Num: 992 Episode T: 1000 Reward: 91.176
Total T: 993000 Episode Num: 993 Episode T: 1000 Reward: 91.136
Total T: 994000 Episode Num: 994 Episode T: 1000 Reward: 93.503
Total T: 995000 Episode Num: 995 Episode T: 1000 Reward: 93.137
---------------------------------------
Evaluation over 10 episodes: 86.786
---------------------------------------
Total T: 996000 Episode Num: 996 Episode T: 1000 Reward: 94.009
Total T: 997000 Episode Num: 997 Episode T: 1000 Reward: 93.698
Total T: 998000 Episode Num: 998 Episode T: 1000 Reward: 93.797
Total T: 999000 Episode Num: 999 Episode T: 1000 Reward: 47.700
Total T: 1000000 Episode Num: 1000 Episode T: 1000 Reward: 91.385
---------------------------------------
Evaluation over 10 episodes: 84.248
---------------------------------------
