---------------------------------------
Policy: TD3, Env: Walker2d-v2, Seed: 0
---------------------------------------
---------------------------------------
Evaluation over 10 episodes: 7.597
---------------------------------------
Total T: 26 Episode Num: 1 Episode T: 26 Reward: 11.172
Total T: 37 Episode Num: 2 Episode T: 11 Reward: -4.673
Total T: 50 Episode Num: 3 Episode T: 13 Reward: -1.627
Total T: 61 Episode Num: 4 Episode T: 11 Reward: -3.771
Total T: 105 Episode Num: 5 Episode T: 44 Reward: 26.466
Total T: 123 Episode Num: 6 Episode T: 18 Reward: 5.613
Total T: 140 Episode Num: 7 Episode T: 17 Reward: -0.017
Total T: 160 Episode Num: 8 Episode T: 20 Reward: 7.056
Total T: 190 Episode Num: 9 Episode T: 30 Reward: 15.174
Total T: 211 Episode Num: 10 Episode T: 21 Reward: 1.974
Total T: 233 Episode Num: 11 Episode T: 22 Reward: 1.072
Total T: 270 Episode Num: 12 Episode T: 37 Reward: 14.749
Total T: 286 Episode Num: 13 Episode T: 16 Reward: -2.930
Total T: 304 Episode Num: 14 Episode T: 18 Reward: 2.421
Total T: 316 Episode Num: 15 Episode T: 12 Reward: -0.234
Total T: 349 Episode Num: 16 Episode T: 33 Reward: 6.651
Total T: 370 Episode Num: 17 Episode T: 21 Reward: 8.808
Total T: 402 Episode Num: 18 Episode T: 32 Reward: 6.374
Total T: 417 Episode Num: 19 Episode T: 15 Reward: -4.412
Total T: 428 Episode Num: 20 Episode T: 11 Reward: -1.410
Total T: 447 Episode Num: 21 Episode T: 19 Reward: -1.918
Total T: 469 Episode Num: 22 Episode T: 22 Reward: 9.518
Total T: 479 Episode Num: 23 Episode T: 10 Reward: -0.461
Total T: 504 Episode Num: 24 Episode T: 25 Reward: 3.528
Total T: 529 Episode Num: 25 Episode T: 25 Reward: 6.054
Total T: 541 Episode Num: 26 Episode T: 12 Reward: -3.216
Total T: 573 Episode Num: 27 Episode T: 32 Reward: -0.781
Total T: 598 Episode Num: 28 Episode T: 25 Reward: 1.495
Total T: 634 Episode Num: 29 Episode T: 36 Reward: 10.053
Total T: 645 Episode Num: 30 Episode T: 11 Reward: -2.087
Total T: 704 Episode Num: 31 Episode T: 59 Reward: 14.190
Total T: 732 Episode Num: 32 Episode T: 28 Reward: -8.234
Total T: 749 Episode Num: 33 Episode T: 17 Reward: 0.933
Total T: 771 Episode Num: 34 Episode T: 22 Reward: -11.272
Total T: 809 Episode Num: 35 Episode T: 38 Reward: 4.998
Total T: 818 Episode Num: 36 Episode T: 9 Reward: -2.990
Total T: 833 Episode Num: 37 Episode T: 15 Reward: 1.851
Total T: 852 Episode Num: 38 Episode T: 19 Reward: 0.904
Total T: 882 Episode Num: 39 Episode T: 30 Reward: 10.782
Total T: 910 Episode Num: 40 Episode T: 28 Reward: 1.190
Total T: 925 Episode Num: 41 Episode T: 15 Reward: 2.592
Total T: 949 Episode Num: 42 Episode T: 24 Reward: 5.079
Total T: 960 Episode Num: 43 Episode T: 11 Reward: -1.684
Total T: 987 Episode Num: 44 Episode T: 27 Reward: 1.927
Total T: 1001 Episode Num: 45 Episode T: 14 Reward: -1.621
Total T: 1010 Episode Num: 46 Episode T: 9 Reward: -0.354
Total T: 1042 Episode Num: 47 Episode T: 32 Reward: 3.842
Total T: 1052 Episode Num: 48 Episode T: 10 Reward: -1.028
Total T: 1073 Episode Num: 49 Episode T: 21 Reward: -5.522
Total T: 1109 Episode Num: 50 Episode T: 36 Reward: 0.232
Total T: 1133 Episode Num: 51 Episode T: 24 Reward: 1.180
Total T: 1170 Episode Num: 52 Episode T: 37 Reward: 0.314
Total T: 1179 Episode Num: 53 Episode T: 9 Reward: -1.457
Total T: 1219 Episode Num: 54 Episode T: 40 Reward: 17.281
Total T: 1238 Episode Num: 55 Episode T: 19 Reward: 3.608
Total T: 1246 Episode Num: 56 Episode T: 8 Reward: -1.683
Total T: 1268 Episode Num: 57 Episode T: 22 Reward: -0.537
Total T: 1283 Episode Num: 58 Episode T: 15 Reward: -2.126
Total T: 1300 Episode Num: 59 Episode T: 17 Reward: -6.877
Total T: 1323 Episode Num: 60 Episode T: 23 Reward: 3.958
Total T: 1341 Episode Num: 61 Episode T: 18 Reward: -4.758
Total T: 1359 Episode Num: 62 Episode T: 18 Reward: -3.184
Total T: 1372 Episode Num: 63 Episode T: 13 Reward: 0.699
Total T: 1397 Episode Num: 64 Episode T: 25 Reward: -2.916
Total T: 1418 Episode Num: 65 Episode T: 21 Reward: -5.354
Total T: 1436 Episode Num: 66 Episode T: 18 Reward: 1.387
Total T: 1453 Episode Num: 67 Episode T: 17 Reward: 2.282
Total T: 1467 Episode Num: 68 Episode T: 14 Reward: 0.484
Total T: 1480 Episode Num: 69 Episode T: 13 Reward: 1.979
Total T: 1500 Episode Num: 70 Episode T: 20 Reward: 6.556
Total T: 1516 Episode Num: 71 Episode T: 16 Reward: -0.852
Total T: 1528 Episode Num: 72 Episode T: 12 Reward: -5.776
Total T: 1548 Episode Num: 73 Episode T: 20 Reward: 1.531
Total T: 1574 Episode Num: 74 Episode T: 26 Reward: -1.324
Total T: 1596 Episode Num: 75 Episode T: 22 Reward: -2.097
Total T: 1634 Episode Num: 76 Episode T: 38 Reward: 7.417
Total T: 1666 Episode Num: 77 Episode T: 32 Reward: 7.808
Total T: 1679 Episode Num: 78 Episode T: 13 Reward: 3.881
Total T: 1691 Episode Num: 79 Episode T: 12 Reward: 1.074
Total T: 1705 Episode Num: 80 Episode T: 14 Reward: 1.426
Total T: 1718 Episode Num: 81 Episode T: 13 Reward: -1.326
Total T: 1751 Episode Num: 82 Episode T: 33 Reward: -3.611
Total T: 1772 Episode Num: 83 Episode T: 21 Reward: -1.246
Total T: 1790 Episode Num: 84 Episode T: 18 Reward: 0.948
Total T: 1825 Episode Num: 85 Episode T: 35 Reward: 5.659
Total T: 1838 Episode Num: 86 Episode T: 13 Reward: -2.880
Total T: 1862 Episode Num: 87 Episode T: 24 Reward: -3.876
Total T: 1887 Episode Num: 88 Episode T: 25 Reward: 1.186
Total T: 1922 Episode Num: 89 Episode T: 35 Reward: 5.931
Total T: 1941 Episode Num: 90 Episode T: 19 Reward: 3.854
Total T: 1950 Episode Num: 91 Episode T: 9 Reward: -2.045
Total T: 1997 Episode Num: 92 Episode T: 47 Reward: 21.153
Total T: 2018 Episode Num: 93 Episode T: 21 Reward: 5.653
Total T: 2030 Episode Num: 94 Episode T: 12 Reward: 1.617
Total T: 2074 Episode Num: 95 Episode T: 44 Reward: -1.286
Total T: 2082 Episode Num: 96 Episode T: 8 Reward: -3.886
Total T: 2110 Episode Num: 97 Episode T: 28 Reward: 7.184
Total T: 2123 Episode Num: 98 Episode T: 13 Reward: 4.118
Total T: 2151 Episode Num: 99 Episode T: 28 Reward: -1.904
Total T: 2167 Episode Num: 100 Episode T: 16 Reward: 4.992
Total T: 2194 Episode Num: 101 Episode T: 27 Reward: 3.533
Total T: 2238 Episode Num: 102 Episode T: 44 Reward: 0.696
Total T: 2255 Episode Num: 103 Episode T: 17 Reward: 4.620
Total T: 2281 Episode Num: 104 Episode T: 26 Reward: 4.821
Total T: 2300 Episode Num: 105 Episode T: 19 Reward: 6.457
Total T: 2326 Episode Num: 106 Episode T: 26 Reward: 11.054
Total T: 2337 Episode Num: 107 Episode T: 11 Reward: -1.758
Total T: 2359 Episode Num: 108 Episode T: 22 Reward: 6.391
Total T: 2376 Episode Num: 109 Episode T: 17 Reward: 3.885
Total T: 2391 Episode Num: 110 Episode T: 15 Reward: -2.934
Total T: 2434 Episode Num: 111 Episode T: 43 Reward: 8.570
Total T: 2443 Episode Num: 112 Episode T: 9 Reward: -0.681
Total T: 2461 Episode Num: 113 Episode T: 18 Reward: -4.288
Total T: 2478 Episode Num: 114 Episode T: 17 Reward: 4.020
Total T: 2490 Episode Num: 115 Episode T: 12 Reward: 1.166
Total T: 2501 Episode Num: 116 Episode T: 11 Reward: -0.283
Total T: 2517 Episode Num: 117 Episode T: 16 Reward: 3.028
Total T: 2530 Episode Num: 118 Episode T: 13 Reward: -0.600
Total T: 2559 Episode Num: 119 Episode T: 29 Reward: -2.306
Total T: 2572 Episode Num: 120 Episode T: 13 Reward: 2.305
Total T: 2586 Episode Num: 121 Episode T: 14 Reward: 2.123
Total T: 2639 Episode Num: 122 Episode T: 53 Reward: 21.107
Total T: 2661 Episode Num: 123 Episode T: 22 Reward: 1.228
Total T: 2677 Episode Num: 124 Episode T: 16 Reward: 5.577
Total T: 2693 Episode Num: 125 Episode T: 16 Reward: 3.974
Total T: 2706 Episode Num: 126 Episode T: 13 Reward: 2.290
Total T: 2721 Episode Num: 127 Episode T: 15 Reward: 3.141
Total T: 2733 Episode Num: 128 Episode T: 12 Reward: 0.047
Total T: 2772 Episode Num: 129 Episode T: 39 Reward: -1.603
Total T: 2792 Episode Num: 130 Episode T: 20 Reward: 0.934
Total T: 2815 Episode Num: 131 Episode T: 23 Reward: 1.285
Total T: 2843 Episode Num: 132 Episode T: 28 Reward: 11.236
Total T: 2863 Episode Num: 133 Episode T: 20 Reward: -11.069
Total T: 2872 Episode Num: 134 Episode T: 9 Reward: -2.496
Total T: 2887 Episode Num: 135 Episode T: 15 Reward: -1.959
Total T: 2902 Episode Num: 136 Episode T: 15 Reward: -6.490
Total T: 2917 Episode Num: 137 Episode T: 15 Reward: -3.162
Total T: 2940 Episode Num: 138 Episode T: 23 Reward: 2.566
Total T: 2966 Episode Num: 139 Episode T: 26 Reward: -3.242
Total T: 2976 Episode Num: 140 Episode T: 10 Reward: -0.948
Total T: 2990 Episode Num: 141 Episode T: 14 Reward: 0.442
Total T: 3018 Episode Num: 142 Episode T: 28 Reward: 10.418
Total T: 3027 Episode Num: 143 Episode T: 9 Reward: -1.028
Total T: 3044 Episode Num: 144 Episode T: 17 Reward: 6.523
Total T: 3054 Episode Num: 145 Episode T: 10 Reward: -5.149
Total T: 3076 Episode Num: 146 Episode T: 22 Reward: 6.296
Total T: 3095 Episode Num: 147 Episode T: 19 Reward: 1.157
Total T: 3109 Episode Num: 148 Episode T: 14 Reward: 3.828
Total T: 3117 Episode Num: 149 Episode T: 8 Reward: -1.635
Total T: 3129 Episode Num: 150 Episode T: 12 Reward: -1.297
Total T: 3145 Episode Num: 151 Episode T: 16 Reward: 5.922
Total T: 3170 Episode Num: 152 Episode T: 25 Reward: 1.427
Total T: 3189 Episode Num: 153 Episode T: 19 Reward: 1.911
Total T: 3210 Episode Num: 154 Episode T: 21 Reward: 9.291
Total T: 3258 Episode Num: 155 Episode T: 48 Reward: 8.779
Total T: 3277 Episode Num: 156 Episode T: 19 Reward: -4.527
Total T: 3289 Episode Num: 157 Episode T: 12 Reward: -0.304
Total T: 3312 Episode Num: 158 Episode T: 23 Reward: 3.767
Total T: 3359 Episode Num: 159 Episode T: 47 Reward: 23.181
Total T: 3386 Episode Num: 160 Episode T: 27 Reward: 3.463
Total T: 3403 Episode Num: 161 Episode T: 17 Reward: 1.710
Total T: 3438 Episode Num: 162 Episode T: 35 Reward: 12.977
Total T: 3475 Episode Num: 163 Episode T: 37 Reward: 21.600
Total T: 3487 Episode Num: 164 Episode T: 12 Reward: -0.677
Total T: 3498 Episode Num: 165 Episode T: 11 Reward: -1.813
Total T: 3532 Episode Num: 166 Episode T: 34 Reward: 4.249
Total T: 3558 Episode Num: 167 Episode T: 26 Reward: -1.226
Total T: 3569 Episode Num: 168 Episode T: 11 Reward: -4.516
Total T: 3591 Episode Num: 169 Episode T: 22 Reward: -5.349
Total T: 3607 Episode Num: 170 Episode T: 16 Reward: -2.213
Total T: 3623 Episode Num: 171 Episode T: 16 Reward: 5.480
Total T: 3642 Episode Num: 172 Episode T: 19 Reward: 2.790
Total T: 3666 Episode Num: 173 Episode T: 24 Reward: 1.881
Total T: 3703 Episode Num: 174 Episode T: 37 Reward: 8.333
Total T: 3719 Episode Num: 175 Episode T: 16 Reward: 1.948
Total T: 3734 Episode Num: 176 Episode T: 15 Reward: 4.069
Total T: 3754 Episode Num: 177 Episode T: 20 Reward: 0.114
Total T: 3775 Episode Num: 178 Episode T: 21 Reward: -1.360
Total T: 3795 Episode Num: 179 Episode T: 20 Reward: 5.013
Total T: 3819 Episode Num: 180 Episode T: 24 Reward: 5.427
Total T: 3844 Episode Num: 181 Episode T: 25 Reward: -1.461
Total T: 3870 Episode Num: 182 Episode T: 26 Reward: 6.088
Total T: 3907 Episode Num: 183 Episode T: 37 Reward: 8.432
Total T: 3925 Episode Num: 184 Episode T: 18 Reward: -4.869
Total T: 3950 Episode Num: 185 Episode T: 25 Reward: -4.071
Total T: 3986 Episode Num: 186 Episode T: 36 Reward: 14.010
Total T: 4018 Episode Num: 187 Episode T: 32 Reward: 7.348
Total T: 4042 Episode Num: 188 Episode T: 24 Reward: -3.221
Total T: 4061 Episode Num: 189 Episode T: 19 Reward: 4.462
Total T: 4080 Episode Num: 190 Episode T: 19 Reward: 2.728
Total T: 4103 Episode Num: 191 Episode T: 23 Reward: 1.295
Total T: 4118 Episode Num: 192 Episode T: 15 Reward: 5.104
Total T: 4149 Episode Num: 193 Episode T: 31 Reward: 5.272
Total T: 4173 Episode Num: 194 Episode T: 24 Reward: -2.959
Total T: 4185 Episode Num: 195 Episode T: 12 Reward: -2.651
Total T: 4199 Episode Num: 196 Episode T: 14 Reward: -3.864
Total T: 4216 Episode Num: 197 Episode T: 17 Reward: -10.080
Total T: 4232 Episode Num: 198 Episode T: 16 Reward: 3.510
Total T: 4250 Episode Num: 199 Episode T: 18 Reward: 7.914
Total T: 4272 Episode Num: 200 Episode T: 22 Reward: -1.645
Total T: 4292 Episode Num: 201 Episode T: 20 Reward: 0.304
Total T: 4313 Episode Num: 202 Episode T: 21 Reward: 6.269
Total T: 4334 Episode Num: 203 Episode T: 21 Reward: 4.424
Total T: 4353 Episode Num: 204 Episode T: 19 Reward: -6.173
Total T: 4373 Episode Num: 205 Episode T: 20 Reward: 3.227
Total T: 4396 Episode Num: 206 Episode T: 23 Reward: -0.817
Total T: 4424 Episode Num: 207 Episode T: 28 Reward: 10.117
Total T: 4439 Episode Num: 208 Episode T: 15 Reward: 3.211
Total T: 4471 Episode Num: 209 Episode T: 32 Reward: 17.776
Total T: 4488 Episode Num: 210 Episode T: 17 Reward: 6.659
Total T: 4525 Episode Num: 211 Episode T: 37 Reward: 4.003
Total T: 4541 Episode Num: 212 Episode T: 16 Reward: -4.967
Total T: 4550 Episode Num: 213 Episode T: 9 Reward: -2.449
Total T: 4560 Episode Num: 214 Episode T: 10 Reward: -1.216
Total T: 4574 Episode Num: 215 Episode T: 14 Reward: -3.152
Total T: 4592 Episode Num: 216 Episode T: 18 Reward: -11.394
Total T: 4613 Episode Num: 217 Episode T: 21 Reward: 9.606
Total T: 4631 Episode Num: 218 Episode T: 18 Reward: -0.237
Total T: 4645 Episode Num: 219 Episode T: 14 Reward: 2.176
Total T: 4666 Episode Num: 220 Episode T: 21 Reward: 4.459
Total T: 4677 Episode Num: 221 Episode T: 11 Reward: 2.041
Total T: 4698 Episode Num: 222 Episode T: 21 Reward: 8.264
Total T: 4746 Episode Num: 223 Episode T: 48 Reward: 20.255
Total T: 4765 Episode Num: 224 Episode T: 19 Reward: 1.683
Total T: 4778 Episode Num: 225 Episode T: 13 Reward: -1.561
Total T: 4809 Episode Num: 226 Episode T: 31 Reward: 14.798
Total T: 4829 Episode Num: 227 Episode T: 20 Reward: 2.489
Total T: 4848 Episode Num: 228 Episode T: 19 Reward: 8.637
Total T: 4866 Episode Num: 229 Episode T: 18 Reward: 1.674
Total T: 4909 Episode Num: 230 Episode T: 43 Reward: 10.782
Total T: 4922 Episode Num: 231 Episode T: 13 Reward: -0.698
Total T: 4935 Episode Num: 232 Episode T: 13 Reward: 1.588
Total T: 4961 Episode Num: 233 Episode T: 26 Reward: 1.727
Total T: 4974 Episode Num: 234 Episode T: 13 Reward: -0.331
Total T: 4993 Episode Num: 235 Episode T: 19 Reward: 9.530
---------------------------------------
Evaluation over 10 episodes: 7.335
---------------------------------------
Total T: 5008 Episode Num: 236 Episode T: 15 Reward: -2.028
Total T: 5039 Episode Num: 237 Episode T: 31 Reward: 4.705
Total T: 5054 Episode Num: 238 Episode T: 15 Reward: 0.906
Total T: 5065 Episode Num: 239 Episode T: 11 Reward: -0.498
Total T: 5087 Episode Num: 240 Episode T: 22 Reward: 0.177
Total T: 5104 Episode Num: 241 Episode T: 17 Reward: 2.526
Total T: 5115 Episode Num: 242 Episode T: 11 Reward: -5.745
Total T: 5136 Episode Num: 243 Episode T: 21 Reward: 10.266
Total T: 5173 Episode Num: 244 Episode T: 37 Reward: 8.338
Total T: 5193 Episode Num: 245 Episode T: 20 Reward: 3.956
Total T: 5205 Episode Num: 246 Episode T: 12 Reward: -1.798
Total T: 5228 Episode Num: 247 Episode T: 23 Reward: -1.157
Total T: 5257 Episode Num: 248 Episode T: 29 Reward: 10.069
Total T: 5288 Episode Num: 249 Episode T: 31 Reward: 0.485
Total T: 5324 Episode Num: 250 Episode T: 36 Reward: 13.029
Total T: 5344 Episode Num: 251 Episode T: 20 Reward: 4.599
Total T: 5377 Episode Num: 252 Episode T: 33 Reward: 11.486
Total T: 5430 Episode Num: 253 Episode T: 53 Reward: 13.931
Total T: 5453 Episode Num: 254 Episode T: 23 Reward: -1.682
Total T: 5479 Episode Num: 255 Episode T: 26 Reward: 8.761
Total T: 5502 Episode Num: 256 Episode T: 23 Reward: 9.504
Total T: 5515 Episode Num: 257 Episode T: 13 Reward: -2.164
Total T: 5537 Episode Num: 258 Episode T: 22 Reward: 6.396
Total T: 5549 Episode Num: 259 Episode T: 12 Reward: -4.712
Total T: 5565 Episode Num: 260 Episode T: 16 Reward: 3.713
Total T: 5584 Episode Num: 261 Episode T: 19 Reward: 5.321
Total T: 5595 Episode Num: 262 Episode T: 11 Reward: -1.951
Total T: 5606 Episode Num: 263 Episode T: 11 Reward: -1.305
Total T: 5628 Episode Num: 264 Episode T: 22 Reward: -2.537
Total T: 5641 Episode Num: 265 Episode T: 13 Reward: -0.047
Total T: 5659 Episode Num: 266 Episode T: 18 Reward: 2.035
Total T: 5681 Episode Num: 267 Episode T: 22 Reward: -3.172
Total T: 5706 Episode Num: 268 Episode T: 25 Reward: -0.892
Total T: 5718 Episode Num: 269 Episode T: 12 Reward: -0.942
Total T: 5739 Episode Num: 270 Episode T: 21 Reward: 6.224
Total T: 5756 Episode Num: 271 Episode T: 17 Reward: 2.099
Total T: 5786 Episode Num: 272 Episode T: 30 Reward: 3.436
Total T: 5800 Episode Num: 273 Episode T: 14 Reward: 2.964
Total T: 5825 Episode Num: 274 Episode T: 25 Reward: 14.626
Total T: 5835 Episode Num: 275 Episode T: 10 Reward: -4.240
Total T: 5858 Episode Num: 276 Episode T: 23 Reward: 2.136
Total T: 5873 Episode Num: 277 Episode T: 15 Reward: -2.509
Total T: 5909 Episode Num: 278 Episode T: 36 Reward: 4.739
Total T: 5933 Episode Num: 279 Episode T: 24 Reward: 13.631
Total T: 5958 Episode Num: 280 Episode T: 25 Reward: 10.249
Total T: 5970 Episode Num: 281 Episode T: 12 Reward: -1.483
Total T: 6014 Episode Num: 282 Episode T: 44 Reward: 13.588
Total T: 6044 Episode Num: 283 Episode T: 30 Reward: 6.717
Total T: 6057 Episode Num: 284 Episode T: 13 Reward: -5.468
Total T: 6073 Episode Num: 285 Episode T: 16 Reward: 1.565
Total T: 6104 Episode Num: 286 Episode T: 31 Reward: 0.423
Total T: 6145 Episode Num: 287 Episode T: 41 Reward: 17.591
Total T: 6161 Episode Num: 288 Episode T: 16 Reward: -0.952
Total T: 6193 Episode Num: 289 Episode T: 32 Reward: 12.816
Total T: 6223 Episode Num: 290 Episode T: 30 Reward: 5.024
Total T: 6233 Episode Num: 291 Episode T: 10 Reward: -1.898
Total T: 6251 Episode Num: 292 Episode T: 18 Reward: 0.622
Total T: 6273 Episode Num: 293 Episode T: 22 Reward: -1.047
Total T: 6303 Episode Num: 294 Episode T: 30 Reward: 10.337
Total T: 6314 Episode Num: 295 Episode T: 11 Reward: 0.902
Total T: 6345 Episode Num: 296 Episode T: 31 Reward: 3.991
Total T: 6386 Episode Num: 297 Episode T: 41 Reward: 1.762
Total T: 6405 Episode Num: 298 Episode T: 19 Reward: 1.785
Total T: 6419 Episode Num: 299 Episode T: 14 Reward: -2.131
Total T: 6445 Episode Num: 300 Episode T: 26 Reward: 9.259
Total T: 6456 Episode Num: 301 Episode T: 11 Reward: -1.504
Total T: 6477 Episode Num: 302 Episode T: 21 Reward: 7.380
Total T: 6495 Episode Num: 303 Episode T: 18 Reward: -6.483
Total T: 6514 Episode Num: 304 Episode T: 19 Reward: -10.647
Total T: 6531 Episode Num: 305 Episode T: 17 Reward: 6.904
Total T: 6567 Episode Num: 306 Episode T: 36 Reward: 7.659
Total T: 6583 Episode Num: 307 Episode T: 16 Reward: 3.816
Total T: 6604 Episode Num: 308 Episode T: 21 Reward: -0.847
Total T: 6633 Episode Num: 309 Episode T: 29 Reward: 2.817
Total T: 6678 Episode Num: 310 Episode T: 45 Reward: 28.287
Total T: 6686 Episode Num: 311 Episode T: 8 Reward: -2.340
Total T: 6701 Episode Num: 312 Episode T: 15 Reward: 1.430
Total T: 6728 Episode Num: 313 Episode T: 27 Reward: 11.306
Total T: 6744 Episode Num: 314 Episode T: 16 Reward: 5.029
Total T: 6760 Episode Num: 315 Episode T: 16 Reward: -3.113
Total T: 6787 Episode Num: 316 Episode T: 27 Reward: 3.143
Total T: 6803 Episode Num: 317 Episode T: 16 Reward: -4.635
Total T: 6819 Episode Num: 318 Episode T: 16 Reward: 0.569
Total T: 6843 Episode Num: 319 Episode T: 24 Reward: -5.564
Total T: 6878 Episode Num: 320 Episode T: 35 Reward: 17.285
Total T: 6903 Episode Num: 321 Episode T: 25 Reward: -0.672
Total T: 6930 Episode Num: 322 Episode T: 27 Reward: 2.167
Total T: 6954 Episode Num: 323 Episode T: 24 Reward: 0.105
Total T: 6975 Episode Num: 324 Episode T: 21 Reward: 6.698
Total T: 6996 Episode Num: 325 Episode T: 21 Reward: -5.641
Total T: 7015 Episode Num: 326 Episode T: 19 Reward: 6.679
Total T: 7033 Episode Num: 327 Episode T: 18 Reward: -4.602
Total T: 7053 Episode Num: 328 Episode T: 20 Reward: 3.567
Total T: 7067 Episode Num: 329 Episode T: 14 Reward: 0.599
Total T: 7098 Episode Num: 330 Episode T: 31 Reward: -10.223
Total T: 7124 Episode Num: 331 Episode T: 26 Reward: 13.617
Total T: 7141 Episode Num: 332 Episode T: 17 Reward: -6.964
Total T: 7159 Episode Num: 333 Episode T: 18 Reward: -0.786
Total T: 7184 Episode Num: 334 Episode T: 25 Reward: 8.968
Total T: 7196 Episode Num: 335 Episode T: 12 Reward: -2.189
Total T: 7235 Episode Num: 336 Episode T: 39 Reward: 26.715
Total T: 7249 Episode Num: 337 Episode T: 14 Reward: -0.509
Total T: 7276 Episode Num: 338 Episode T: 27 Reward: 8.077
Total T: 7297 Episode Num: 339 Episode T: 21 Reward: 4.115
Total T: 7327 Episode Num: 340 Episode T: 30 Reward: 1.471
Total T: 7357 Episode Num: 341 Episode T: 30 Reward: 3.546
Total T: 7373 Episode Num: 342 Episode T: 16 Reward: 0.092
Total T: 7393 Episode Num: 343 Episode T: 20 Reward: 3.863
Total T: 7413 Episode Num: 344 Episode T: 20 Reward: -7.481
Total T: 7429 Episode Num: 345 Episode T: 16 Reward: 2.127
Total T: 7447 Episode Num: 346 Episode T: 18 Reward: 4.702
Total T: 7458 Episode Num: 347 Episode T: 11 Reward: -0.639
Total T: 7465 Episode Num: 348 Episode T: 7 Reward: -4.369
Total T: 7477 Episode Num: 349 Episode T: 12 Reward: -1.442
Total T: 7504 Episode Num: 350 Episode T: 27 Reward: 2.111
Total T: 7524 Episode Num: 351 Episode T: 20 Reward: 1.184
Total T: 7541 Episode Num: 352 Episode T: 17 Reward: 1.181
Total T: 7558 Episode Num: 353 Episode T: 17 Reward: -2.955
Total T: 7583 Episode Num: 354 Episode T: 25 Reward: 7.553
Total T: 7597 Episode Num: 355 Episode T: 14 Reward: 4.069
Total T: 7643 Episode Num: 356 Episode T: 46 Reward: 7.797
Total T: 7655 Episode Num: 357 Episode T: 12 Reward: 1.684
Total T: 7666 Episode Num: 358 Episode T: 11 Reward: 0.756
Total T: 7693 Episode Num: 359 Episode T: 27 Reward: 2.596
Total T: 7707 Episode Num: 360 Episode T: 14 Reward: 3.108
Total T: 7721 Episode Num: 361 Episode T: 14 Reward: 1.404
Total T: 7760 Episode Num: 362 Episode T: 39 Reward: 16.790
Total T: 7774 Episode Num: 363 Episode T: 14 Reward: 1.928
Total T: 7808 Episode Num: 364 Episode T: 34 Reward: 7.198
Total T: 7844 Episode Num: 365 Episode T: 36 Reward: 4.816
Total T: 7856 Episode Num: 366 Episode T: 12 Reward: -0.668
Total T: 7882 Episode Num: 367 Episode T: 26 Reward: 0.873
Total T: 7921 Episode Num: 368 Episode T: 39 Reward: -1.295
Total T: 7942 Episode Num: 369 Episode T: 21 Reward: -1.012
Total T: 7951 Episode Num: 370 Episode T: 9 Reward: -2.852
Total T: 7981 Episode Num: 371 Episode T: 30 Reward: 0.666
Total T: 7998 Episode Num: 372 Episode T: 17 Reward: 4.220
Total T: 8019 Episode Num: 373 Episode T: 21 Reward: 0.148
Total T: 8034 Episode Num: 374 Episode T: 15 Reward: -1.606
Total T: 8056 Episode Num: 375 Episode T: 22 Reward: -2.662
Total T: 8078 Episode Num: 376 Episode T: 22 Reward: 2.323
Total T: 8099 Episode Num: 377 Episode T: 21 Reward: -3.963
Total T: 8113 Episode Num: 378 Episode T: 14 Reward: 3.982
Total T: 8126 Episode Num: 379 Episode T: 13 Reward: -1.584
Total T: 8157 Episode Num: 380 Episode T: 31 Reward: 1.322
Total T: 8198 Episode Num: 381 Episode T: 41 Reward: 18.986
Total T: 8215 Episode Num: 382 Episode T: 17 Reward: 4.264
Total T: 8234 Episode Num: 383 Episode T: 19 Reward: 4.224
Total T: 8260 Episode Num: 384 Episode T: 26 Reward: 5.675
Total T: 8287 Episode Num: 385 Episode T: 27 Reward: 13.021
Total T: 8307 Episode Num: 386 Episode T: 20 Reward: 0.638
Total T: 8359 Episode Num: 387 Episode T: 52 Reward: 18.511
Total T: 8390 Episode Num: 388 Episode T: 31 Reward: 5.353
Total T: 8409 Episode Num: 389 Episode T: 19 Reward: 5.364
Total T: 8457 Episode Num: 390 Episode T: 48 Reward: 31.875
Total T: 8476 Episode Num: 391 Episode T: 19 Reward: -5.766
Total T: 8496 Episode Num: 392 Episode T: 20 Reward: -2.966
Total T: 8513 Episode Num: 393 Episode T: 17 Reward: 2.355
Total T: 8528 Episode Num: 394 Episode T: 15 Reward: 6.834
Total T: 8556 Episode Num: 395 Episode T: 28 Reward: -5.245
Total T: 8579 Episode Num: 396 Episode T: 23 Reward: 2.548
Total T: 8606 Episode Num: 397 Episode T: 27 Reward: 1.144
Total T: 8636 Episode Num: 398 Episode T: 30 Reward: 13.078
Total T: 8651 Episode Num: 399 Episode T: 15 Reward: -0.910
Total T: 8660 Episode Num: 400 Episode T: 9 Reward: -4.149
Total T: 8683 Episode Num: 401 Episode T: 23 Reward: -1.455
Total T: 8703 Episode Num: 402 Episode T: 20 Reward: 3.630
Total T: 8724 Episode Num: 403 Episode T: 21 Reward: 5.518
Total T: 8771 Episode Num: 404 Episode T: 47 Reward: 23.737
Total T: 8788 Episode Num: 405 Episode T: 17 Reward: 1.884
Total T: 8805 Episode Num: 406 Episode T: 17 Reward: 0.350
Total T: 8819 Episode Num: 407 Episode T: 14 Reward: 2.310
Total T: 8832 Episode Num: 408 Episode T: 13 Reward: 0.011
Total T: 8842 Episode Num: 409 Episode T: 10 Reward: -0.524
Total T: 8865 Episode Num: 410 Episode T: 23 Reward: 0.244
Total T: 8883 Episode Num: 411 Episode T: 18 Reward: -2.264
Total T: 8913 Episode Num: 412 Episode T: 30 Reward: 12.957
Total T: 8927 Episode Num: 413 Episode T: 14 Reward: -0.468
Total T: 8953 Episode Num: 414 Episode T: 26 Reward: 6.560
Total T: 8966 Episode Num: 415 Episode T: 13 Reward: 2.875
Total T: 9001 Episode Num: 416 Episode T: 35 Reward: 17.416
Total T: 9026 Episode Num: 417 Episode T: 25 Reward: 8.731
Total T: 9041 Episode Num: 418 Episode T: 15 Reward: 2.377
Total T: 9052 Episode Num: 419 Episode T: 11 Reward: 1.334
Total T: 9064 Episode Num: 420 Episode T: 12 Reward: -1.787
Total T: 9083 Episode Num: 421 Episode T: 19 Reward: 5.370
Total T: 9113 Episode Num: 422 Episode T: 30 Reward: 14.980
Total T: 9137 Episode Num: 423 Episode T: 24 Reward: 10.086
Total T: 9154 Episode Num: 424 Episode T: 17 Reward: -0.698
Total T: 9173 Episode Num: 425 Episode T: 19 Reward: -2.461
Total T: 9195 Episode Num: 426 Episode T: 22 Reward: 2.416
Total T: 9214 Episode Num: 427 Episode T: 19 Reward: -1.927
Total T: 9247 Episode Num: 428 Episode T: 33 Reward: 6.003
Total T: 9263 Episode Num: 429 Episode T: 16 Reward: 2.006
Total T: 9278 Episode Num: 430 Episode T: 15 Reward: 2.849
Total T: 9289 Episode Num: 431 Episode T: 11 Reward: 1.098
Total T: 9305 Episode Num: 432 Episode T: 16 Reward: -5.674
Total T: 9319 Episode Num: 433 Episode T: 14 Reward: 0.378
Total T: 9330 Episode Num: 434 Episode T: 11 Reward: -0.088
Total T: 9368 Episode Num: 435 Episode T: 38 Reward: 1.098
Total T: 9396 Episode Num: 436 Episode T: 28 Reward: 6.260
Total T: 9411 Episode Num: 437 Episode T: 15 Reward: 1.683
Total T: 9432 Episode Num: 438 Episode T: 21 Reward: 5.042
Total T: 9458 Episode Num: 439 Episode T: 26 Reward: 14.850
Total T: 9487 Episode Num: 440 Episode T: 29 Reward: -0.862
Total T: 9502 Episode Num: 441 Episode T: 15 Reward: -1.798
Total T: 9519 Episode Num: 442 Episode T: 17 Reward: 2.005
Total T: 9532 Episode Num: 443 Episode T: 13 Reward: -0.199
Total T: 9555 Episode Num: 444 Episode T: 23 Reward: 3.282
Total T: 9571 Episode Num: 445 Episode T: 16 Reward: 1.907
Total T: 9579 Episode Num: 446 Episode T: 8 Reward: -1.282
Total T: 9603 Episode Num: 447 Episode T: 24 Reward: 5.643
Total T: 9617 Episode Num: 448 Episode T: 14 Reward: -0.085
Total T: 9644 Episode Num: 449 Episode T: 27 Reward: -1.502
Total T: 9665 Episode Num: 450 Episode T: 21 Reward: -1.991
Total T: 9676 Episode Num: 451 Episode T: 11 Reward: 1.267
Total T: 9693 Episode Num: 452 Episode T: 17 Reward: 7.141
Total T: 9708 Episode Num: 453 Episode T: 15 Reward: 4.591
Total T: 9744 Episode Num: 454 Episode T: 36 Reward: 6.869
Total T: 9762 Episode Num: 455 Episode T: 18 Reward: 0.961
Total T: 9774 Episode Num: 456 Episode T: 12 Reward: 1.844
Total T: 9795 Episode Num: 457 Episode T: 21 Reward: -6.301
Total T: 9806 Episode Num: 458 Episode T: 11 Reward: -5.154
Total T: 9820 Episode Num: 459 Episode T: 14 Reward: -0.318
Total T: 9836 Episode Num: 460 Episode T: 16 Reward: 4.761
Total T: 9856 Episode Num: 461 Episode T: 20 Reward: 3.712
Total T: 9868 Episode Num: 462 Episode T: 12 Reward: -0.840
Total T: 9885 Episode Num: 463 Episode T: 17 Reward: 3.213
Total T: 9899 Episode Num: 464 Episode T: 14 Reward: 1.598
Total T: 9925 Episode Num: 465 Episode T: 26 Reward: 1.831
Total T: 9937 Episode Num: 466 Episode T: 12 Reward: 0.524
Total T: 9959 Episode Num: 467 Episode T: 22 Reward: 2.429
Total T: 9971 Episode Num: 468 Episode T: 12 Reward: -2.397
Total T: 9987 Episode Num: 469 Episode T: 16 Reward: 0.598
---------------------------------------
Evaluation over 10 episodes: 8.158
---------------------------------------
Total T: 10005 Episode Num: 470 Episode T: 18 Reward: -0.352
Total T: 10028 Episode Num: 471 Episode T: 23 Reward: -9.410
Total T: 10041 Episode Num: 472 Episode T: 13 Reward: -0.126
Total T: 10054 Episode Num: 473 Episode T: 13 Reward: 2.746
Total T: 10080 Episode Num: 474 Episode T: 26 Reward: 4.289
Total T: 10108 Episode Num: 475 Episode T: 28 Reward: 9.708
Total T: 10137 Episode Num: 476 Episode T: 29 Reward: 12.692
Total T: 10166 Episode Num: 477 Episode T: 29 Reward: -4.528
Total T: 10178 Episode Num: 478 Episode T: 12 Reward: 0.941
Total T: 10189 Episode Num: 479 Episode T: 11 Reward: 0.640
Total T: 10204 Episode Num: 480 Episode T: 15 Reward: 5.555
Total T: 10236 Episode Num: 481 Episode T: 32 Reward: 4.481
Total T: 10250 Episode Num: 482 Episode T: 14 Reward: -5.786
Total T: 10279 Episode Num: 483 Episode T: 29 Reward: 17.790
Total T: 10311 Episode Num: 484 Episode T: 32 Reward: 5.665
Total T: 10346 Episode Num: 485 Episode T: 35 Reward: 14.581
Total T: 10373 Episode Num: 486 Episode T: 27 Reward: 13.986
Total T: 10394 Episode Num: 487 Episode T: 21 Reward: 3.528
Total T: 10410 Episode Num: 488 Episode T: 16 Reward: 4.105
Total T: 10421 Episode Num: 489 Episode T: 11 Reward: 1.871
Total T: 10435 Episode Num: 490 Episode T: 14 Reward: -4.029
Total T: 10447 Episode Num: 491 Episode T: 12 Reward: -1.867
Total T: 10470 Episode Num: 492 Episode T: 23 Reward: -0.266
Total T: 10493 Episode Num: 493 Episode T: 23 Reward: 4.411
Total T: 10506 Episode Num: 494 Episode T: 13 Reward: 1.728
Total T: 10518 Episode Num: 495 Episode T: 12 Reward: 0.932
Total T: 10535 Episode Num: 496 Episode T: 17 Reward: 2.226
Total T: 10551 Episode Num: 497 Episode T: 16 Reward: -1.087
Total T: 10581 Episode Num: 498 Episode T: 30 Reward: 5.134
Total T: 10593 Episode Num: 499 Episode T: 12 Reward: -3.038
Total T: 10619 Episode Num: 500 Episode T: 26 Reward: 6.485
Total T: 10630 Episode Num: 501 Episode T: 11 Reward: -2.984
Total T: 10645 Episode Num: 502 Episode T: 15 Reward: -1.766
Total T: 10661 Episode Num: 503 Episode T: 16 Reward: 1.825
Total T: 10683 Episode Num: 504 Episode T: 22 Reward: 2.496
Total T: 10693 Episode Num: 505 Episode T: 10 Reward: -1.389
Total T: 10713 Episode Num: 506 Episode T: 20 Reward: 5.721
Total T: 10732 Episode Num: 507 Episode T: 19 Reward: 4.411
Total T: 10744 Episode Num: 508 Episode T: 12 Reward: -2.054
Total T: 10758 Episode Num: 509 Episode T: 14 Reward: -7.538
Total T: 10786 Episode Num: 510 Episode T: 28 Reward: 4.447
Total T: 10817 Episode Num: 511 Episode T: 31 Reward: 6.555
Total T: 10849 Episode Num: 512 Episode T: 32 Reward: 7.783
Total T: 10868 Episode Num: 513 Episode T: 19 Reward: 6.846
Total T: 10895 Episode Num: 514 Episode T: 27 Reward: 3.073
Total T: 10908 Episode Num: 515 Episode T: 13 Reward: 1.082
Total T: 10942 Episode Num: 516 Episode T: 34 Reward: 5.141
Total T: 10956 Episode Num: 517 Episode T: 14 Reward: -0.748
Total T: 10970 Episode Num: 518 Episode T: 14 Reward: 0.832
Total T: 10981 Episode Num: 519 Episode T: 11 Reward: -0.264
Total T: 10998 Episode Num: 520 Episode T: 17 Reward: 6.958
Total T: 11014 Episode Num: 521 Episode T: 16 Reward: 1.012
Total T: 11029 Episode Num: 522 Episode T: 15 Reward: -2.696
Total T: 11039 Episode Num: 523 Episode T: 10 Reward: -5.317
Total T: 11065 Episode Num: 524 Episode T: 26 Reward: 6.981
Total T: 11086 Episode Num: 525 Episode T: 21 Reward: -4.995
Total T: 11116 Episode Num: 526 Episode T: 30 Reward: 11.310
Total T: 11129 Episode Num: 527 Episode T: 13 Reward: -0.423
Total T: 11137 Episode Num: 528 Episode T: 8 Reward: -3.843
Total T: 11188 Episode Num: 529 Episode T: 51 Reward: 3.492
Total T: 11207 Episode Num: 530 Episode T: 19 Reward: -0.604
Total T: 11241 Episode Num: 531 Episode T: 34 Reward: 10.477
Total T: 11261 Episode Num: 532 Episode T: 20 Reward: -3.038
Total T: 11282 Episode Num: 533 Episode T: 21 Reward: -2.907
Total T: 11325 Episode Num: 534 Episode T: 43 Reward: 3.456
Total T: 11346 Episode Num: 535 Episode T: 21 Reward: 8.337
Total T: 11362 Episode Num: 536 Episode T: 16 Reward: 0.233
Total T: 11382 Episode Num: 537 Episode T: 20 Reward: -4.664
Total T: 11399 Episode Num: 538 Episode T: 17 Reward: 3.743
Total T: 11416 Episode Num: 539 Episode T: 17 Reward: 4.179
Total T: 11442 Episode Num: 540 Episode T: 26 Reward: 8.897
Total T: 11460 Episode Num: 541 Episode T: 18 Reward: -1.600
Total T: 11474 Episode Num: 542 Episode T: 14 Reward: 3.638
Total T: 11488 Episode Num: 543 Episode T: 14 Reward: -0.417
Total T: 11512 Episode Num: 544 Episode T: 24 Reward: -3.257
Total T: 11537 Episode Num: 545 Episode T: 25 Reward: 0.969
Total T: 11550 Episode Num: 546 Episode T: 13 Reward: 3.586
Total T: 11559 Episode Num: 547 Episode T: 9 Reward: -2.583
Total T: 11582 Episode Num: 548 Episode T: 23 Reward: -0.492
Total T: 11608 Episode Num: 549 Episode T: 26 Reward: 7.171
Total T: 11635 Episode Num: 550 Episode T: 27 Reward: 5.258
Total T: 11656 Episode Num: 551 Episode T: 21 Reward: 8.526
Total T: 11677 Episode Num: 552 Episode T: 21 Reward: 7.804
Total T: 11698 Episode Num: 553 Episode T: 21 Reward: 11.287
Total T: 11712 Episode Num: 554 Episode T: 14 Reward: -7.811
Total T: 11750 Episode Num: 555 Episode T: 38 Reward: 7.812
Total T: 11772 Episode Num: 556 Episode T: 22 Reward: -4.894
Total T: 11789 Episode Num: 557 Episode T: 17 Reward: 4.359
Total T: 11801 Episode Num: 558 Episode T: 12 Reward: -0.074
Total T: 11815 Episode Num: 559 Episode T: 14 Reward: -0.068
Total T: 11839 Episode Num: 560 Episode T: 24 Reward: -4.650
Total T: 11861 Episode Num: 561 Episode T: 22 Reward: -7.061
Total T: 11879 Episode Num: 562 Episode T: 18 Reward: 7.777
Total T: 11902 Episode Num: 563 Episode T: 23 Reward: 5.476
Total T: 11912 Episode Num: 564 Episode T: 10 Reward: -1.590
Total T: 11931 Episode Num: 565 Episode T: 19 Reward: 0.611
Total T: 11973 Episode Num: 566 Episode T: 42 Reward: 6.311
Total T: 11986 Episode Num: 567 Episode T: 13 Reward: 3.304
Total T: 12014 Episode Num: 568 Episode T: 28 Reward: 12.778
Total T: 12034 Episode Num: 569 Episode T: 20 Reward: 3.169
Total T: 12066 Episode Num: 570 Episode T: 32 Reward: 10.963
Total T: 12077 Episode Num: 571 Episode T: 11 Reward: -0.524
Total T: 12105 Episode Num: 572 Episode T: 28 Reward: 9.835
Total T: 12135 Episode Num: 573 Episode T: 30 Reward: 4.273
Total T: 12146 Episode Num: 574 Episode T: 11 Reward: -0.151
Total T: 12162 Episode Num: 575 Episode T: 16 Reward: 0.870
Total T: 12172 Episode Num: 576 Episode T: 10 Reward: -3.543
Total T: 12189 Episode Num: 577 Episode T: 17 Reward: -1.560
Total T: 12203 Episode Num: 578 Episode T: 14 Reward: -3.531
Total T: 12214 Episode Num: 579 Episode T: 11 Reward: 0.149
Total T: 12253 Episode Num: 580 Episode T: 39 Reward: 8.370
Total T: 12271 Episode Num: 581 Episode T: 18 Reward: 4.667
Total T: 12284 Episode Num: 582 Episode T: 13 Reward: -0.438
Total T: 12320 Episode Num: 583 Episode T: 36 Reward: 13.081
Total T: 12343 Episode Num: 584 Episode T: 23 Reward: -5.458
Total T: 12362 Episode Num: 585 Episode T: 19 Reward: 6.783
Total T: 12383 Episode Num: 586 Episode T: 21 Reward: -8.094
Total T: 12402 Episode Num: 587 Episode T: 19 Reward: 2.670
Total T: 12418 Episode Num: 588 Episode T: 16 Reward: -8.542
Total T: 12430 Episode Num: 589 Episode T: 12 Reward: 1.687
Total T: 12444 Episode Num: 590 Episode T: 14 Reward: 0.896
Total T: 12459 Episode Num: 591 Episode T: 15 Reward: 1.773
Total T: 12485 Episode Num: 592 Episode T: 26 Reward: -7.633
Total T: 12497 Episode Num: 593 Episode T: 12 Reward: -3.882
Total T: 12523 Episode Num: 594 Episode T: 26 Reward: -0.927
Total T: 12578 Episode Num: 595 Episode T: 55 Reward: 21.735
Total T: 12592 Episode Num: 596 Episode T: 14 Reward: -3.652
Total T: 12613 Episode Num: 597 Episode T: 21 Reward: 2.984
Total T: 12628 Episode Num: 598 Episode T: 15 Reward: 0.581
Total T: 12642 Episode Num: 599 Episode T: 14 Reward: -3.367
Total T: 12660 Episode Num: 600 Episode T: 18 Reward: -1.021
Total T: 12670 Episode Num: 601 Episode T: 10 Reward: -1.402
Total T: 12682 Episode Num: 602 Episode T: 12 Reward: 2.182
Total T: 12696 Episode Num: 603 Episode T: 14 Reward: -2.200
Total T: 12705 Episode Num: 604 Episode T: 9 Reward: -1.563
Total T: 12718 Episode Num: 605 Episode T: 13 Reward: 3.632
Total T: 12731 Episode Num: 606 Episode T: 13 Reward: -0.274
Total T: 12756 Episode Num: 607 Episode T: 25 Reward: 5.600
Total T: 12776 Episode Num: 608 Episode T: 20 Reward: 2.227
Total T: 12787 Episode Num: 609 Episode T: 11 Reward: -1.148
Total T: 12808 Episode Num: 610 Episode T: 21 Reward: -3.067
Total T: 12826 Episode Num: 611 Episode T: 18 Reward: -4.471
Total T: 12867 Episode Num: 612 Episode T: 41 Reward: 20.941
Total T: 12883 Episode Num: 613 Episode T: 16 Reward: -1.537
Total T: 12897 Episode Num: 614 Episode T: 14 Reward: -1.994
Total T: 12913 Episode Num: 615 Episode T: 16 Reward: -0.372
Total T: 12932 Episode Num: 616 Episode T: 19 Reward: -6.099
Total T: 12943 Episode Num: 617 Episode T: 11 Reward: 1.938
Total T: 12957 Episode Num: 618 Episode T: 14 Reward: -0.436
Total T: 12975 Episode Num: 619 Episode T: 18 Reward: 6.124
Total T: 12992 Episode Num: 620 Episode T: 17 Reward: 5.909
Total T: 13004 Episode Num: 621 Episode T: 12 Reward: 0.116
Total T: 13035 Episode Num: 622 Episode T: 31 Reward: 2.565
Total T: 13050 Episode Num: 623 Episode T: 15 Reward: -8.939
Total T: 13059 Episode Num: 624 Episode T: 9 Reward: -5.122
Total T: 13069 Episode Num: 625 Episode T: 10 Reward: 0.782
Total T: 13086 Episode Num: 626 Episode T: 17 Reward: -4.572
Total T: 13104 Episode Num: 627 Episode T: 18 Reward: -4.503
Total T: 13128 Episode Num: 628 Episode T: 24 Reward: 11.915
Total T: 13153 Episode Num: 629 Episode T: 25 Reward: 3.036
Total T: 13166 Episode Num: 630 Episode T: 13 Reward: -4.153
Total T: 13179 Episode Num: 631 Episode T: 13 Reward: 0.100
Total T: 13198 Episode Num: 632 Episode T: 19 Reward: 1.692
Total T: 13235 Episode Num: 633 Episode T: 37 Reward: 11.544
Total T: 13252 Episode Num: 634 Episode T: 17 Reward: -0.314
Total T: 13270 Episode Num: 635 Episode T: 18 Reward: -4.728
Total T: 13287 Episode Num: 636 Episode T: 17 Reward: -6.550
Total T: 13309 Episode Num: 637 Episode T: 22 Reward: 7.974
Total T: 13331 Episode Num: 638 Episode T: 22 Reward: -2.802
Total T: 13352 Episode Num: 639 Episode T: 21 Reward: 5.805
Total T: 13383 Episode Num: 640 Episode T: 31 Reward: -1.201
Total T: 13400 Episode Num: 641 Episode T: 17 Reward: 2.169
Total T: 13415 Episode Num: 642 Episode T: 15 Reward: 1.139
Total T: 13437 Episode Num: 643 Episode T: 22 Reward: 7.025
Total T: 13455 Episode Num: 644 Episode T: 18 Reward: -3.563
Total T: 13466 Episode Num: 645 Episode T: 11 Reward: -2.078
Total T: 13503 Episode Num: 646 Episode T: 37 Reward: 18.105
Total T: 13522 Episode Num: 647 Episode T: 19 Reward: 7.482
Total T: 13544 Episode Num: 648 Episode T: 22 Reward: -0.168
Total T: 13566 Episode Num: 649 Episode T: 22 Reward: -5.448
Total T: 13587 Episode Num: 650 Episode T: 21 Reward: 6.622
Total T: 13627 Episode Num: 651 Episode T: 40 Reward: 12.417
Total T: 13665 Episode Num: 652 Episode T: 38 Reward: -9.087
Total T: 13685 Episode Num: 653 Episode T: 20 Reward: 2.677
Total T: 13702 Episode Num: 654 Episode T: 17 Reward: -3.229
Total T: 13723 Episode Num: 655 Episode T: 21 Reward: 5.532
Total T: 13746 Episode Num: 656 Episode T: 23 Reward: -3.290
Total T: 13765 Episode Num: 657 Episode T: 19 Reward: -6.584
Total T: 13777 Episode Num: 658 Episode T: 12 Reward: -2.320
Total T: 13805 Episode Num: 659 Episode T: 28 Reward: -5.806
Total T: 13816 Episode Num: 660 Episode T: 11 Reward: -4.704
Total T: 13834 Episode Num: 661 Episode T: 18 Reward: 4.513
Total T: 13857 Episode Num: 662 Episode T: 23 Reward: 3.453
Total T: 13877 Episode Num: 663 Episode T: 20 Reward: 9.029
Total T: 13891 Episode Num: 664 Episode T: 14 Reward: -0.211
Total T: 13900 Episode Num: 665 Episode T: 9 Reward: -1.804
Total T: 13937 Episode Num: 666 Episode T: 37 Reward: 4.378
Total T: 13952 Episode Num: 667 Episode T: 15 Reward: -2.757
Total T: 13962 Episode Num: 668 Episode T: 10 Reward: -1.132
Total T: 13979 Episode Num: 669 Episode T: 17 Reward: -0.041
Total T: 13994 Episode Num: 670 Episode T: 15 Reward: -2.272
Total T: 14004 Episode Num: 671 Episode T: 10 Reward: 1.393
Total T: 14016 Episode Num: 672 Episode T: 12 Reward: -1.831
Total T: 14048 Episode Num: 673 Episode T: 32 Reward: 1.921
Total T: 14066 Episode Num: 674 Episode T: 18 Reward: 6.429
Total T: 14091 Episode Num: 675 Episode T: 25 Reward: 8.131
Total T: 14137 Episode Num: 676 Episode T: 46 Reward: 13.699
Total T: 14160 Episode Num: 677 Episode T: 23 Reward: 8.119
Total T: 14170 Episode Num: 678 Episode T: 10 Reward: -4.696
Total T: 14205 Episode Num: 679 Episode T: 35 Reward: 9.788
Total T: 14219 Episode Num: 680 Episode T: 14 Reward: 0.444
Total T: 14230 Episode Num: 681 Episode T: 11 Reward: -1.454
Total T: 14247 Episode Num: 682 Episode T: 17 Reward: 4.097
Total T: 14270 Episode Num: 683 Episode T: 23 Reward: -3.192
Total T: 14287 Episode Num: 684 Episode T: 17 Reward: 1.485
Total T: 14347 Episode Num: 685 Episode T: 60 Reward: 25.764
Total T: 14363 Episode Num: 686 Episode T: 16 Reward: 0.728
Total T: 14376 Episode Num: 687 Episode T: 13 Reward: -1.361
Total T: 14407 Episode Num: 688 Episode T: 31 Reward: 11.417
Total T: 14422 Episode Num: 689 Episode T: 15 Reward: 0.107
Total T: 14439 Episode Num: 690 Episode T: 17 Reward: -4.510
Total T: 14463 Episode Num: 691 Episode T: 24 Reward: 5.497
Total T: 14476 Episode Num: 692 Episode T: 13 Reward: -2.526
Total T: 14499 Episode Num: 693 Episode T: 23 Reward: 3.073
Total T: 14515 Episode Num: 694 Episode T: 16 Reward: -1.340
Total T: 14529 Episode Num: 695 Episode T: 14 Reward: 1.163
Total T: 14553 Episode Num: 696 Episode T: 24 Reward: 9.644
Total T: 14599 Episode Num: 697 Episode T: 46 Reward: 28.873
Total T: 14616 Episode Num: 698 Episode T: 17 Reward: -3.754
Total T: 14628 Episode Num: 699 Episode T: 12 Reward: 1.158
Total T: 14642 Episode Num: 700 Episode T: 14 Reward: -3.489
Total T: 14671 Episode Num: 701 Episode T: 29 Reward: 5.633
Total T: 14686 Episode Num: 702 Episode T: 15 Reward: 0.985
Total T: 14699 Episode Num: 703 Episode T: 13 Reward: 1.694
Total T: 14710 Episode Num: 704 Episode T: 11 Reward: 0.472
Total T: 14729 Episode Num: 705 Episode T: 19 Reward: -5.407
Total T: 14743 Episode Num: 706 Episode T: 14 Reward: -2.085
Total T: 14765 Episode Num: 707 Episode T: 22 Reward: -2.844
Total T: 14785 Episode Num: 708 Episode T: 20 Reward: -2.529
Total T: 14798 Episode Num: 709 Episode T: 13 Reward: 0.718
Total T: 14810 Episode Num: 710 Episode T: 12 Reward: -0.136
Total T: 14821 Episode Num: 711 Episode T: 11 Reward: 1.966
Total T: 14842 Episode Num: 712 Episode T: 21 Reward: -2.486
Total T: 14855 Episode Num: 713 Episode T: 13 Reward: -1.252
Total T: 14882 Episode Num: 714 Episode T: 27 Reward: -2.104
Total T: 14898 Episode Num: 715 Episode T: 16 Reward: 3.607
Total T: 14907 Episode Num: 716 Episode T: 9 Reward: -2.098
Total T: 14922 Episode Num: 717 Episode T: 15 Reward: 2.032
Total T: 14941 Episode Num: 718 Episode T: 19 Reward: -2.028
Total T: 14951 Episode Num: 719 Episode T: 10 Reward: -2.749
Total T: 14975 Episode Num: 720 Episode T: 24 Reward: -2.089
Total T: 14989 Episode Num: 721 Episode T: 14 Reward: 1.088
---------------------------------------
Evaluation over 10 episodes: 6.806
---------------------------------------
Total T: 15006 Episode Num: 722 Episode T: 17 Reward: 2.463
Total T: 15048 Episode Num: 723 Episode T: 42 Reward: 10.413
Total T: 15076 Episode Num: 724 Episode T: 28 Reward: 5.221
Total T: 15087 Episode Num: 725 Episode T: 11 Reward: -1.636
Total T: 15109 Episode Num: 726 Episode T: 22 Reward: -0.087
Total T: 15152 Episode Num: 727 Episode T: 43 Reward: 23.234
Total T: 15173 Episode Num: 728 Episode T: 21 Reward: 5.829
Total T: 15195 Episode Num: 729 Episode T: 22 Reward: 2.548
Total T: 15208 Episode Num: 730 Episode T: 13 Reward: -1.729
Total T: 15229 Episode Num: 731 Episode T: 21 Reward: 8.935
Total T: 15237 Episode Num: 732 Episode T: 8 Reward: -4.149
Total T: 15262 Episode Num: 733 Episode T: 25 Reward: 13.198
Total T: 15280 Episode Num: 734 Episode T: 18 Reward: 1.401
Total T: 15297 Episode Num: 735 Episode T: 17 Reward: -0.491
Total T: 15314 Episode Num: 736 Episode T: 17 Reward: 3.047
Total T: 15344 Episode Num: 737 Episode T: 30 Reward: 13.126
Total T: 15356 Episode Num: 738 Episode T: 12 Reward: -2.881
Total T: 15371 Episode Num: 739 Episode T: 15 Reward: 5.076
Total T: 15385 Episode Num: 740 Episode T: 14 Reward: 1.473
Total T: 15404 Episode Num: 741 Episode T: 19 Reward: 6.805
Total T: 15425 Episode Num: 742 Episode T: 21 Reward: 1.473
Total T: 15445 Episode Num: 743 Episode T: 20 Reward: 3.320
Total T: 15464 Episode Num: 744 Episode T: 19 Reward: -3.106
Total T: 15487 Episode Num: 745 Episode T: 23 Reward: -1.564
Total T: 15521 Episode Num: 746 Episode T: 34 Reward: 7.786
Total T: 15536 Episode Num: 747 Episode T: 15 Reward: -0.365
Total T: 15562 Episode Num: 748 Episode T: 26 Reward: 0.222
Total T: 15574 Episode Num: 749 Episode T: 12 Reward: 0.431
Total T: 15589 Episode Num: 750 Episode T: 15 Reward: 4.479
Total T: 15612 Episode Num: 751 Episode T: 23 Reward: -4.443
Total T: 15623 Episode Num: 752 Episode T: 11 Reward: -0.702
Total T: 15642 Episode Num: 753 Episode T: 19 Reward: 2.845
Total T: 15662 Episode Num: 754 Episode T: 20 Reward: -10.270
Total T: 15677 Episode Num: 755 Episode T: 15 Reward: 0.267
Total T: 15690 Episode Num: 756 Episode T: 13 Reward: 1.213
Total T: 15708 Episode Num: 757 Episode T: 18 Reward: 5.835
Total T: 15731 Episode Num: 758 Episode T: 23 Reward: 4.546
Total T: 15751 Episode Num: 759 Episode T: 20 Reward: -4.452
Total T: 15768 Episode Num: 760 Episode T: 17 Reward: -5.019
Total T: 15792 Episode Num: 761 Episode T: 24 Reward: 7.035
Total T: 15816 Episode Num: 762 Episode T: 24 Reward: 3.850
Total T: 15831 Episode Num: 763 Episode T: 15 Reward: 0.679
Total T: 15848 Episode Num: 764 Episode T: 17 Reward: -4.796
Total T: 15886 Episode Num: 765 Episode T: 38 Reward: 6.440
Total T: 15896 Episode Num: 766 Episode T: 10 Reward: -1.045
Total T: 15921 Episode Num: 767 Episode T: 25 Reward: -2.140
Total T: 15932 Episode Num: 768 Episode T: 11 Reward: -2.914
Total T: 15942 Episode Num: 769 Episode T: 10 Reward: -0.441
Total T: 15961 Episode Num: 770 Episode T: 19 Reward: 0.958
Total T: 15981 Episode Num: 771 Episode T: 20 Reward: -0.941
Total T: 15991 Episode Num: 772 Episode T: 10 Reward: -0.122
Total T: 16009 Episode Num: 773 Episode T: 18 Reward: 3.952
Total T: 16027 Episode Num: 774 Episode T: 18 Reward: 3.494
Total T: 16046 Episode Num: 775 Episode T: 19 Reward: 1.181
Total T: 16057 Episode Num: 776 Episode T: 11 Reward: -0.036
Total T: 16072 Episode Num: 777 Episode T: 15 Reward: 1.701
Total T: 16089 Episode Num: 778 Episode T: 17 Reward: -1.955
Total T: 16111 Episode Num: 779 Episode T: 22 Reward: 2.472
Total T: 16132 Episode Num: 780 Episode T: 21 Reward: 3.144
Total T: 16151 Episode Num: 781 Episode T: 19 Reward: 0.668
Total T: 16184 Episode Num: 782 Episode T: 33 Reward: 19.953
Total T: 16209 Episode Num: 783 Episode T: 25 Reward: 6.700
Total T: 16231 Episode Num: 784 Episode T: 22 Reward: -6.520
Total T: 16252 Episode Num: 785 Episode T: 21 Reward: 4.579
Total T: 16269 Episode Num: 786 Episode T: 17 Reward: -4.041
Total T: 16285 Episode Num: 787 Episode T: 16 Reward: 1.283
Total T: 16301 Episode Num: 788 Episode T: 16 Reward: 0.422
Total T: 16314 Episode Num: 789 Episode T: 13 Reward: -0.647
Total T: 16329 Episode Num: 790 Episode T: 15 Reward: -4.691
Total T: 16348 Episode Num: 791 Episode T: 19 Reward: 8.551
Total T: 16361 Episode Num: 792 Episode T: 13 Reward: 2.254
Total T: 16374 Episode Num: 793 Episode T: 13 Reward: 1.111
Total T: 16389 Episode Num: 794 Episode T: 15 Reward: -2.890
Total T: 16403 Episode Num: 795 Episode T: 14 Reward: -1.069
Total T: 16415 Episode Num: 796 Episode T: 12 Reward: -0.043
Total T: 16440 Episode Num: 797 Episode T: 25 Reward: 7.191
Total T: 16459 Episode Num: 798 Episode T: 19 Reward: -10.730
Total T: 16472 Episode Num: 799 Episode T: 13 Reward: -2.736
Total T: 16495 Episode Num: 800 Episode T: 23 Reward: -1.648
Total T: 16505 Episode Num: 801 Episode T: 10 Reward: -2.946
Total T: 16526 Episode Num: 802 Episode T: 21 Reward: -8.068
Total T: 16547 Episode Num: 803 Episode T: 21 Reward: -4.113
Total T: 16572 Episode Num: 804 Episode T: 25 Reward: 8.135
Total T: 16587 Episode Num: 805 Episode T: 15 Reward: -7.179
Total T: 16607 Episode Num: 806 Episode T: 20 Reward: 0.199
Total T: 16626 Episode Num: 807 Episode T: 19 Reward: -3.536
Total T: 16642 Episode Num: 808 Episode T: 16 Reward: 0.717
Total T: 16669 Episode Num: 809 Episode T: 27 Reward: 1.412
Total T: 16693 Episode Num: 810 Episode T: 24 Reward: -0.085
Total T: 16719 Episode Num: 811 Episode T: 26 Reward: -4.097
Total T: 16744 Episode Num: 812 Episode T: 25 Reward: 6.373
Total T: 16771 Episode Num: 813 Episode T: 27 Reward: 1.281
Total T: 16795 Episode Num: 814 Episode T: 24 Reward: 8.093
Total T: 16813 Episode Num: 815 Episode T: 18 Reward: 5.657
Total T: 16834 Episode Num: 816 Episode T: 21 Reward: 4.839
Total T: 16851 Episode Num: 817 Episode T: 17 Reward: -2.012
Total T: 16869 Episode Num: 818 Episode T: 18 Reward: 0.764
Total T: 16881 Episode Num: 819 Episode T: 12 Reward: -2.995
Total T: 16894 Episode Num: 820 Episode T: 13 Reward: -4.270
Total T: 16927 Episode Num: 821 Episode T: 33 Reward: 0.379
Total T: 16963 Episode Num: 822 Episode T: 36 Reward: 5.889
Total T: 16986 Episode Num: 823 Episode T: 23 Reward: 0.655
Total T: 16995 Episode Num: 824 Episode T: 9 Reward: -2.060
Total T: 17006 Episode Num: 825 Episode T: 11 Reward: -1.572
Total T: 17015 Episode Num: 826 Episode T: 9 Reward: -0.642
Total T: 17028 Episode Num: 827 Episode T: 13 Reward: 0.763
Total T: 17049 Episode Num: 828 Episode T: 21 Reward: 5.834
Total T: 17069 Episode Num: 829 Episode T: 20 Reward: 2.081
Total T: 17096 Episode Num: 830 Episode T: 27 Reward: 4.198
Total T: 17110 Episode Num: 831 Episode T: 14 Reward: -5.354
Total T: 17131 Episode Num: 832 Episode T: 21 Reward: 9.175
Total T: 17152 Episode Num: 833 Episode T: 21 Reward: 7.949
Total T: 17169 Episode Num: 834 Episode T: 17 Reward: 1.228
Total T: 17180 Episode Num: 835 Episode T: 11 Reward: 1.196
Total T: 17193 Episode Num: 836 Episode T: 13 Reward: -5.634
Total T: 17233 Episode Num: 837 Episode T: 40 Reward: 9.570
Total T: 17271 Episode Num: 838 Episode T: 38 Reward: 4.152
Total T: 17295 Episode Num: 839 Episode T: 24 Reward: 7.980
Total T: 17314 Episode Num: 840 Episode T: 19 Reward: 1.891
Total T: 17332 Episode Num: 841 Episode T: 18 Reward: -3.098
Total T: 17363 Episode Num: 842 Episode T: 31 Reward: 8.445
Total T: 17378 Episode Num: 843 Episode T: 15 Reward: 3.314
Total T: 17390 Episode Num: 844 Episode T: 12 Reward: -0.057
Total T: 17413 Episode Num: 845 Episode T: 23 Reward: -0.942
Total T: 17441 Episode Num: 846 Episode T: 28 Reward: 6.378
Total T: 17465 Episode Num: 847 Episode T: 24 Reward: 5.571
Total T: 17478 Episode Num: 848 Episode T: 13 Reward: -0.438
Total T: 17501 Episode Num: 849 Episode T: 23 Reward: 1.505
Total T: 17527 Episode Num: 850 Episode T: 26 Reward: 4.039
Total T: 17544 Episode Num: 851 Episode T: 17 Reward: 5.473
Total T: 17559 Episode Num: 852 Episode T: 15 Reward: -5.385
Total T: 17587 Episode Num: 853 Episode T: 28 Reward: 5.552
Total T: 17595 Episode Num: 854 Episode T: 8 Reward: -3.111
Total T: 17610 Episode Num: 855 Episode T: 15 Reward: -5.791
Total T: 17621 Episode Num: 856 Episode T: 11 Reward: -4.685
Total T: 17636 Episode Num: 857 Episode T: 15 Reward: 3.560
Total T: 17671 Episode Num: 858 Episode T: 35 Reward: 14.363
Total T: 17693 Episode Num: 859 Episode T: 22 Reward: 7.061
Total T: 17702 Episode Num: 860 Episode T: 9 Reward: -0.563
Total T: 17716 Episode Num: 861 Episode T: 14 Reward: 3.999
Total T: 17732 Episode Num: 862 Episode T: 16 Reward: 0.824
Total T: 17752 Episode Num: 863 Episode T: 20 Reward: -0.219
Total T: 17770 Episode Num: 864 Episode T: 18 Reward: 2.171
Total T: 17786 Episode Num: 865 Episode T: 16 Reward: 1.889
Total T: 17813 Episode Num: 866 Episode T: 27 Reward: 5.715
Total T: 17850 Episode Num: 867 Episode T: 37 Reward: 11.390
Total T: 17885 Episode Num: 868 Episode T: 35 Reward: 6.282
Total T: 17922 Episode Num: 869 Episode T: 37 Reward: -0.062
Total T: 17974 Episode Num: 870 Episode T: 52 Reward: 38.815
Total T: 17986 Episode Num: 871 Episode T: 12 Reward: 0.492
Total T: 18007 Episode Num: 872 Episode T: 21 Reward: -4.771
Total T: 18019 Episode Num: 873 Episode T: 12 Reward: -5.123
Total T: 18044 Episode Num: 874 Episode T: 25 Reward: 4.979
Total T: 18058 Episode Num: 875 Episode T: 14 Reward: -3.803
Total T: 18071 Episode Num: 876 Episode T: 13 Reward: -0.849
Total T: 18084 Episode Num: 877 Episode T: 13 Reward: -3.711
Total T: 18103 Episode Num: 878 Episode T: 19 Reward: 2.395
Total T: 18128 Episode Num: 879 Episode T: 25 Reward: -0.515
Total T: 18153 Episode Num: 880 Episode T: 25 Reward: -1.671
Total T: 18177 Episode Num: 881 Episode T: 24 Reward: -1.151
Total T: 18200 Episode Num: 882 Episode T: 23 Reward: 5.357
Total T: 18213 Episode Num: 883 Episode T: 13 Reward: 2.786
Total T: 18230 Episode Num: 884 Episode T: 17 Reward: -3.783
Total T: 18247 Episode Num: 885 Episode T: 17 Reward: -4.620
Total T: 18289 Episode Num: 886 Episode T: 42 Reward: 10.914
Total T: 18308 Episode Num: 887 Episode T: 19 Reward: 5.140
Total T: 18332 Episode Num: 888 Episode T: 24 Reward: 7.219
Total T: 18343 Episode Num: 889 Episode T: 11 Reward: -3.653
Total T: 18362 Episode Num: 890 Episode T: 19 Reward: 2.477
Total T: 18404 Episode Num: 891 Episode T: 42 Reward: 3.697
Total T: 18415 Episode Num: 892 Episode T: 11 Reward: -6.656
Total T: 18445 Episode Num: 893 Episode T: 30 Reward: -0.106
Total T: 18464 Episode Num: 894 Episode T: 19 Reward: -3.912
Total T: 18484 Episode Num: 895 Episode T: 20 Reward: 1.727
Total T: 18498 Episode Num: 896 Episode T: 14 Reward: -2.007
Total T: 18523 Episode Num: 897 Episode T: 25 Reward: 3.766
Total T: 18539 Episode Num: 898 Episode T: 16 Reward: 1.347
Total T: 18554 Episode Num: 899 Episode T: 15 Reward: 3.368
Total T: 18577 Episode Num: 900 Episode T: 23 Reward: 8.403
Total T: 18599 Episode Num: 901 Episode T: 22 Reward: -0.077
Total T: 18651 Episode Num: 902 Episode T: 52 Reward: 18.539
Total T: 18662 Episode Num: 903 Episode T: 11 Reward: -3.631
Total T: 18684 Episode Num: 904 Episode T: 22 Reward: 5.157
Total T: 18693 Episode Num: 905 Episode T: 9 Reward: -0.938
Total T: 18715 Episode Num: 906 Episode T: 22 Reward: -1.951
Total T: 18731 Episode Num: 907 Episode T: 16 Reward: -3.684
Total T: 18747 Episode Num: 908 Episode T: 16 Reward: 5.833
Total T: 18757 Episode Num: 909 Episode T: 10 Reward: -0.875
Total T: 18784 Episode Num: 910 Episode T: 27 Reward: 10.136
Total T: 18797 Episode Num: 911 Episode T: 13 Reward: 2.180
Total T: 18818 Episode Num: 912 Episode T: 21 Reward: 0.305
Total T: 18853 Episode Num: 913 Episode T: 35 Reward: 2.808
Total T: 18863 Episode Num: 914 Episode T: 10 Reward: -3.953
Total T: 18886 Episode Num: 915 Episode T: 23 Reward: 3.291
Total T: 18903 Episode Num: 916 Episode T: 17 Reward: 2.588
Total T: 18913 Episode Num: 917 Episode T: 10 Reward: -1.837
Total T: 18933 Episode Num: 918 Episode T: 20 Reward: 3.160
Total T: 18949 Episode Num: 919 Episode T: 16 Reward: 1.813
Total T: 18961 Episode Num: 920 Episode T: 12 Reward: 0.433
Total T: 18980 Episode Num: 921 Episode T: 19 Reward: -2.930
Total T: 18991 Episode Num: 922 Episode T: 11 Reward: -7.687
Total T: 19017 Episode Num: 923 Episode T: 26 Reward: -0.417
Total T: 19030 Episode Num: 924 Episode T: 13 Reward: -0.916
Total T: 19049 Episode Num: 925 Episode T: 19 Reward: -8.350
Total T: 19065 Episode Num: 926 Episode T: 16 Reward: -5.725
Total T: 19101 Episode Num: 927 Episode T: 36 Reward: 1.053
Total T: 19115 Episode Num: 928 Episode T: 14 Reward: -4.875
Total T: 19129 Episode Num: 929 Episode T: 14 Reward: 4.476
Total T: 19139 Episode Num: 930 Episode T: 10 Reward: -3.409
Total T: 19171 Episode Num: 931 Episode T: 32 Reward: 10.656
Total T: 19187 Episode Num: 932 Episode T: 16 Reward: -0.363
Total T: 19220 Episode Num: 933 Episode T: 33 Reward: -2.520
Total T: 19231 Episode Num: 934 Episode T: 11 Reward: -7.535
Total T: 19252 Episode Num: 935 Episode T: 21 Reward: 4.968
Total T: 19271 Episode Num: 936 Episode T: 19 Reward: 5.166
Total T: 19298 Episode Num: 937 Episode T: 27 Reward: -1.443
Total T: 19315 Episode Num: 938 Episode T: 17 Reward: 5.302
Total T: 19339 Episode Num: 939 Episode T: 24 Reward: -1.904
Total T: 19377 Episode Num: 940 Episode T: 38 Reward: 12.970
Total T: 19389 Episode Num: 941 Episode T: 12 Reward: -4.505
Total T: 19416 Episode Num: 942 Episode T: 27 Reward: 8.206
Total T: 19443 Episode Num: 943 Episode T: 27 Reward: -3.279
Total T: 19465 Episode Num: 944 Episode T: 22 Reward: 5.671
Total T: 19478 Episode Num: 945 Episode T: 13 Reward: -5.192
Total T: 19502 Episode Num: 946 Episode T: 24 Reward: -7.874
Total T: 19521 Episode Num: 947 Episode T: 19 Reward: -2.520
Total T: 19531 Episode Num: 948 Episode T: 10 Reward: -1.536
Total T: 19551 Episode Num: 949 Episode T: 20 Reward: 4.585
Total T: 19577 Episode Num: 950 Episode T: 26 Reward: 2.488
Total T: 19606 Episode Num: 951 Episode T: 29 Reward: 3.494
Total T: 19631 Episode Num: 952 Episode T: 25 Reward: 8.500
Total T: 19679 Episode Num: 953 Episode T: 48 Reward: 22.211
Total T: 19710 Episode Num: 954 Episode T: 31 Reward: -2.906
Total T: 19728 Episode Num: 955 Episode T: 18 Reward: -2.585
Total T: 19755 Episode Num: 956 Episode T: 27 Reward: 5.896
Total T: 19771 Episode Num: 957 Episode T: 16 Reward: -2.336
Total T: 19795 Episode Num: 958 Episode T: 24 Reward: -1.169
Total T: 19808 Episode Num: 959 Episode T: 13 Reward: 2.199
Total T: 19824 Episode Num: 960 Episode T: 16 Reward: 0.542
Total T: 19840 Episode Num: 961 Episode T: 16 Reward: -6.486
Total T: 19883 Episode Num: 962 Episode T: 43 Reward: 7.290
Total T: 19902 Episode Num: 963 Episode T: 19 Reward: -3.537
Total T: 19922 Episode Num: 964 Episode T: 20 Reward: -1.886
Total T: 19941 Episode Num: 965 Episode T: 19 Reward: -0.370
Total T: 19971 Episode Num: 966 Episode T: 30 Reward: 12.633
Total T: 19987 Episode Num: 967 Episode T: 16 Reward: 5.326
---------------------------------------
Evaluation over 10 episodes: 7.892
---------------------------------------
Total T: 20019 Episode Num: 968 Episode T: 32 Reward: -0.285
Total T: 20037 Episode Num: 969 Episode T: 18 Reward: 2.635
Total T: 20051 Episode Num: 970 Episode T: 14 Reward: 1.349
Total T: 20070 Episode Num: 971 Episode T: 19 Reward: 2.351
Total T: 20084 Episode Num: 972 Episode T: 14 Reward: 2.120
Total T: 20094 Episode Num: 973 Episode T: 10 Reward: -3.323
Total T: 20140 Episode Num: 974 Episode T: 46 Reward: 20.809
Total T: 20177 Episode Num: 975 Episode T: 37 Reward: 16.105
Total T: 20200 Episode Num: 976 Episode T: 23 Reward: 9.508
Total T: 20216 Episode Num: 977 Episode T: 16 Reward: 0.010
Total T: 20239 Episode Num: 978 Episode T: 23 Reward: -4.054
Total T: 20254 Episode Num: 979 Episode T: 15 Reward: 2.870
Total T: 20278 Episode Num: 980 Episode T: 24 Reward: 6.585
Total T: 20288 Episode Num: 981 Episode T: 10 Reward: -0.495
Total T: 20305 Episode Num: 982 Episode T: 17 Reward: -4.516
Total T: 20328 Episode Num: 983 Episode T: 23 Reward: 5.796
Total T: 20344 Episode Num: 984 Episode T: 16 Reward: 2.852
Total T: 20362 Episode Num: 985 Episode T: 18 Reward: 1.609
Total T: 20375 Episode Num: 986 Episode T: 13 Reward: 1.513
Total T: 20389 Episode Num: 987 Episode T: 14 Reward: 5.152
Total T: 20403 Episode Num: 988 Episode T: 14 Reward: 1.358
Total T: 20438 Episode Num: 989 Episode T: 35 Reward: -0.194
Total T: 20453 Episode Num: 990 Episode T: 15 Reward: -0.064
Total T: 20488 Episode Num: 991 Episode T: 35 Reward: 5.812
Total T: 20501 Episode Num: 992 Episode T: 13 Reward: 3.105
Total T: 20518 Episode Num: 993 Episode T: 17 Reward: 1.977
Total T: 20531 Episode Num: 994 Episode T: 13 Reward: 2.471
Total T: 20581 Episode Num: 995 Episode T: 50 Reward: 50.701
Total T: 20591 Episode Num: 996 Episode T: 10 Reward: -0.941
Total T: 20608 Episode Num: 997 Episode T: 17 Reward: 1.204
Total T: 20623 Episode Num: 998 Episode T: 15 Reward: 4.544
Total T: 20636 Episode Num: 999 Episode T: 13 Reward: 0.398
Total T: 20651 Episode Num: 1000 Episode T: 15 Reward: -2.382
Total T: 20691 Episode Num: 1001 Episode T: 40 Reward: -1.917
Total T: 20709 Episode Num: 1002 Episode T: 18 Reward: -3.279
Total T: 20731 Episode Num: 1003 Episode T: 22 Reward: -6.854
Total T: 20748 Episode Num: 1004 Episode T: 17 Reward: 1.936
Total T: 20774 Episode Num: 1005 Episode T: 26 Reward: -4.443
Total T: 20791 Episode Num: 1006 Episode T: 17 Reward: 0.290
Total T: 20810 Episode Num: 1007 Episode T: 19 Reward: -2.327
Total T: 20833 Episode Num: 1008 Episode T: 23 Reward: 5.350
Total T: 20853 Episode Num: 1009 Episode T: 20 Reward: 0.651
Total T: 20875 Episode Num: 1010 Episode T: 22 Reward: 13.317
Total T: 20888 Episode Num: 1011 Episode T: 13 Reward: -1.076
Total T: 20900 Episode Num: 1012 Episode T: 12 Reward: 1.904
Total T: 20931 Episode Num: 1013 Episode T: 31 Reward: 14.680
Total T: 20944 Episode Num: 1014 Episode T: 13 Reward: 0.017
Total T: 20956 Episode Num: 1015 Episode T: 12 Reward: -1.350
Total T: 20978 Episode Num: 1016 Episode T: 22 Reward: 6.721
Total T: 21005 Episode Num: 1017 Episode T: 27 Reward: -1.701
Total T: 21021 Episode Num: 1018 Episode T: 16 Reward: -3.276
Total T: 21042 Episode Num: 1019 Episode T: 21 Reward: -2.921
Total T: 21057 Episode Num: 1020 Episode T: 15 Reward: -0.698
Total T: 21070 Episode Num: 1021 Episode T: 13 Reward: 3.345
Total T: 21093 Episode Num: 1022 Episode T: 23 Reward: -6.455
Total T: 21102 Episode Num: 1023 Episode T: 9 Reward: -1.614
Total T: 21120 Episode Num: 1024 Episode T: 18 Reward: -3.368
Total T: 21130 Episode Num: 1025 Episode T: 10 Reward: -5.955
Total T: 21147 Episode Num: 1026 Episode T: 17 Reward: 6.731
Total T: 21166 Episode Num: 1027 Episode T: 19 Reward: 5.344
Total T: 21183 Episode Num: 1028 Episode T: 17 Reward: -0.328
Total T: 21200 Episode Num: 1029 Episode T: 17 Reward: 4.167
Total T: 21221 Episode Num: 1030 Episode T: 21 Reward: -1.652
Total T: 21243 Episode Num: 1031 Episode T: 22 Reward: 3.903
Total T: 21283 Episode Num: 1032 Episode T: 40 Reward: 17.402
Total T: 21311 Episode Num: 1033 Episode T: 28 Reward: -3.243
Total T: 21325 Episode Num: 1034 Episode T: 14 Reward: -0.987
Total T: 21362 Episode Num: 1035 Episode T: 37 Reward: 9.326
Total T: 21384 Episode Num: 1036 Episode T: 22 Reward: -2.975
Total T: 21398 Episode Num: 1037 Episode T: 14 Reward: 3.256
Total T: 21416 Episode Num: 1038 Episode T: 18 Reward: 1.861
Total T: 21426 Episode Num: 1039 Episode T: 10 Reward: -2.105
Total T: 21448 Episode Num: 1040 Episode T: 22 Reward: 2.016
Total T: 21461 Episode Num: 1041 Episode T: 13 Reward: 1.893
Total T: 21484 Episode Num: 1042 Episode T: 23 Reward: -1.440
Total T: 21515 Episode Num: 1043 Episode T: 31 Reward: 12.160
Total T: 21534 Episode Num: 1044 Episode T: 19 Reward: 1.028
Total T: 21549 Episode Num: 1045 Episode T: 15 Reward: -4.153
Total T: 21562 Episode Num: 1046 Episode T: 13 Reward: -1.509
Total T: 21583 Episode Num: 1047 Episode T: 21 Reward: 8.779
Total T: 21605 Episode Num: 1048 Episode T: 22 Reward: 8.012
Total T: 21614 Episode Num: 1049 Episode T: 9 Reward: -2.881
Total T: 21630 Episode Num: 1050 Episode T: 16 Reward: -0.812
Total T: 21660 Episode Num: 1051 Episode T: 30 Reward: 7.903
Total T: 21671 Episode Num: 1052 Episode T: 11 Reward: 0.188
Total T: 21704 Episode Num: 1053 Episode T: 33 Reward: 4.001
Total T: 21714 Episode Num: 1054 Episode T: 10 Reward: -0.373
Total T: 21723 Episode Num: 1055 Episode T: 9 Reward: -1.313
Total T: 21750 Episode Num: 1056 Episode T: 27 Reward: 2.534
Total T: 21772 Episode Num: 1057 Episode T: 22 Reward: 4.493
Total T: 21794 Episode Num: 1058 Episode T: 22 Reward: 2.555
Total T: 21816 Episode Num: 1059 Episode T: 22 Reward: -3.860
Total T: 21844 Episode Num: 1060 Episode T: 28 Reward: 11.043
Total T: 21869 Episode Num: 1061 Episode T: 25 Reward: -5.747
Total T: 21898 Episode Num: 1062 Episode T: 29 Reward: 1.439
Total T: 21926 Episode Num: 1063 Episode T: 28 Reward: 10.172
Total T: 21955 Episode Num: 1064 Episode T: 29 Reward: 14.068
Total T: 21969 Episode Num: 1065 Episode T: 14 Reward: 3.759
Total T: 21995 Episode Num: 1066 Episode T: 26 Reward: -0.709
Total T: 22011 Episode Num: 1067 Episode T: 16 Reward: -0.552
Total T: 22040 Episode Num: 1068 Episode T: 29 Reward: 2.966
Total T: 22066 Episode Num: 1069 Episode T: 26 Reward: 11.316
Total T: 22076 Episode Num: 1070 Episode T: 10 Reward: -3.979
Total T: 22094 Episode Num: 1071 Episode T: 18 Reward: 1.057
Total T: 22106 Episode Num: 1072 Episode T: 12 Reward: 0.489
Total T: 22131 Episode Num: 1073 Episode T: 25 Reward: 10.363
Total T: 22151 Episode Num: 1074 Episode T: 20 Reward: -0.594
Total T: 22165 Episode Num: 1075 Episode T: 14 Reward: 3.343
Total T: 22187 Episode Num: 1076 Episode T: 22 Reward: 5.797
Total T: 22206 Episode Num: 1077 Episode T: 19 Reward: -3.956
Total T: 22220 Episode Num: 1078 Episode T: 14 Reward: -0.291
Total T: 22253 Episode Num: 1079 Episode T: 33 Reward: -5.760
Total T: 22269 Episode Num: 1080 Episode T: 16 Reward: 6.723
Total T: 22292 Episode Num: 1081 Episode T: 23 Reward: -0.559
Total T: 22301 Episode Num: 1082 Episode T: 9 Reward: -1.584
Total T: 22320 Episode Num: 1083 Episode T: 19 Reward: 1.832
Total T: 22345 Episode Num: 1084 Episode T: 25 Reward: 12.820
Total T: 22370 Episode Num: 1085 Episode T: 25 Reward: -2.195
Total T: 22391 Episode Num: 1086 Episode T: 21 Reward: -6.612
Total T: 22402 Episode Num: 1087 Episode T: 11 Reward: -0.399
Total T: 22423 Episode Num: 1088 Episode T: 21 Reward: -5.872
Total T: 22434 Episode Num: 1089 Episode T: 11 Reward: -1.734
Total T: 22446 Episode Num: 1090 Episode T: 12 Reward: 1.290
Total T: 22464 Episode Num: 1091 Episode T: 18 Reward: -2.608
Total T: 22477 Episode Num: 1092 Episode T: 13 Reward: 1.142
Total T: 22503 Episode Num: 1093 Episode T: 26 Reward: 12.398
Total T: 22527 Episode Num: 1094 Episode T: 24 Reward: 2.130
Total T: 22557 Episode Num: 1095 Episode T: 30 Reward: 1.456
Total T: 22589 Episode Num: 1096 Episode T: 32 Reward: 6.510
Total T: 22609 Episode Num: 1097 Episode T: 20 Reward: 2.088
Total T: 22631 Episode Num: 1098 Episode T: 22 Reward: -5.163
Total T: 22671 Episode Num: 1099 Episode T: 40 Reward: 29.585
Total T: 22682 Episode Num: 1100 Episode T: 11 Reward: -1.954
Total T: 22695 Episode Num: 1101 Episode T: 13 Reward: 4.528
Total T: 22710 Episode Num: 1102 Episode T: 15 Reward: 1.920
Total T: 22724 Episode Num: 1103 Episode T: 14 Reward: 5.223
Total T: 22735 Episode Num: 1104 Episode T: 11 Reward: -1.770
Total T: 22770 Episode Num: 1105 Episode T: 35 Reward: 10.675
Total T: 22783 Episode Num: 1106 Episode T: 13 Reward: 2.668
Total T: 22806 Episode Num: 1107 Episode T: 23 Reward: 2.649
Total T: 22842 Episode Num: 1108 Episode T: 36 Reward: 16.851
Total T: 22872 Episode Num: 1109 Episode T: 30 Reward: 10.391
Total T: 22896 Episode Num: 1110 Episode T: 24 Reward: 8.572
Total T: 22916 Episode Num: 1111 Episode T: 20 Reward: 6.407
Total T: 22940 Episode Num: 1112 Episode T: 24 Reward: -2.900
Total T: 22964 Episode Num: 1113 Episode T: 24 Reward: -1.573
Total T: 23009 Episode Num: 1114 Episode T: 45 Reward: 9.625
Total T: 23020 Episode Num: 1115 Episode T: 11 Reward: 0.103
Total T: 23038 Episode Num: 1116 Episode T: 18 Reward: -5.608
Total T: 23052 Episode Num: 1117 Episode T: 14 Reward: -3.230
Total T: 23075 Episode Num: 1118 Episode T: 23 Reward: 6.008
Total T: 23092 Episode Num: 1119 Episode T: 17 Reward: -2.875
Total T: 23105 Episode Num: 1120 Episode T: 13 Reward: 2.250
Total T: 23143 Episode Num: 1121 Episode T: 38 Reward: 22.763
Total T: 23153 Episode Num: 1122 Episode T: 10 Reward: -0.810
Total T: 23168 Episode Num: 1123 Episode T: 15 Reward: 2.683
Total T: 23180 Episode Num: 1124 Episode T: 12 Reward: 2.714
Total T: 23198 Episode Num: 1125 Episode T: 18 Reward: -3.108
Total T: 23211 Episode Num: 1126 Episode T: 13 Reward: -0.931
Total T: 23232 Episode Num: 1127 Episode T: 21 Reward: -5.578
Total T: 23258 Episode Num: 1128 Episode T: 26 Reward: -1.282
Total T: 23274 Episode Num: 1129 Episode T: 16 Reward: -3.836
Total T: 23296 Episode Num: 1130 Episode T: 22 Reward: -2.406
Total T: 23313 Episode Num: 1131 Episode T: 17 Reward: 1.183
Total T: 23339 Episode Num: 1132 Episode T: 26 Reward: -5.563
Total T: 23354 Episode Num: 1133 Episode T: 15 Reward: 4.791
Total T: 23378 Episode Num: 1134 Episode T: 24 Reward: -4.111
Total T: 23389 Episode Num: 1135 Episode T: 11 Reward: -1.346
Total T: 23407 Episode Num: 1136 Episode T: 18 Reward: -7.517
Total T: 23422 Episode Num: 1137 Episode T: 15 Reward: 0.922
Total T: 23453 Episode Num: 1138 Episode T: 31 Reward: 1.591
Total T: 23489 Episode Num: 1139 Episode T: 36 Reward: 11.059
Total T: 23509 Episode Num: 1140 Episode T: 20 Reward: 0.714
Total T: 23543 Episode Num: 1141 Episode T: 34 Reward: 7.547
Total T: 23562 Episode Num: 1142 Episode T: 19 Reward: 1.152
Total T: 23574 Episode Num: 1143 Episode T: 12 Reward: -0.721
Total T: 23597 Episode Num: 1144 Episode T: 23 Reward: 2.303
Total T: 23613 Episode Num: 1145 Episode T: 16 Reward: 0.174
Total T: 23629 Episode Num: 1146 Episode T: 16 Reward: 4.516
Total T: 23646 Episode Num: 1147 Episode T: 17 Reward: 1.230
Total T: 23661 Episode Num: 1148 Episode T: 15 Reward: -0.056
Total T: 23696 Episode Num: 1149 Episode T: 35 Reward: 6.281
Total T: 23711 Episode Num: 1150 Episode T: 15 Reward: -0.374
Total T: 23722 Episode Num: 1151 Episode T: 11 Reward: -0.603
Total T: 23744 Episode Num: 1152 Episode T: 22 Reward: 7.249
Total T: 23757 Episode Num: 1153 Episode T: 13 Reward: 0.725
Total T: 23776 Episode Num: 1154 Episode T: 19 Reward: -8.336
Total T: 23789 Episode Num: 1155 Episode T: 13 Reward: -0.829
Total T: 23809 Episode Num: 1156 Episode T: 20 Reward: -3.167
Total T: 23837 Episode Num: 1157 Episode T: 28 Reward: 6.945
Total T: 23867 Episode Num: 1158 Episode T: 30 Reward: 10.462
Total T: 23883 Episode Num: 1159 Episode T: 16 Reward: 1.208
Total T: 23904 Episode Num: 1160 Episode T: 21 Reward: -0.696
Total T: 23939 Episode Num: 1161 Episode T: 35 Reward: 3.152
Total T: 23952 Episode Num: 1162 Episode T: 13 Reward: -0.747
Total T: 23964 Episode Num: 1163 Episode T: 12 Reward: -1.739
Total T: 23975 Episode Num: 1164 Episode T: 11 Reward: 2.150
Total T: 23989 Episode Num: 1165 Episode T: 14 Reward: 1.119
Total T: 24022 Episode Num: 1166 Episode T: 33 Reward: 7.230
Total T: 24043 Episode Num: 1167 Episode T: 21 Reward: 4.503
Total T: 24062 Episode Num: 1168 Episode T: 19 Reward: -7.236
Total T: 24092 Episode Num: 1169 Episode T: 30 Reward: 2.442
Total T: 24109 Episode Num: 1170 Episode T: 17 Reward: 3.447
Total T: 24138 Episode Num: 1171 Episode T: 29 Reward: 8.981
Total T: 24152 Episode Num: 1172 Episode T: 14 Reward: 3.292
Total T: 24166 Episode Num: 1173 Episode T: 14 Reward: -4.240
Total T: 24183 Episode Num: 1174 Episode T: 17 Reward: -6.511
Total T: 24199 Episode Num: 1175 Episode T: 16 Reward: -2.529
Total T: 24220 Episode Num: 1176 Episode T: 21 Reward: 5.053
Total T: 24237 Episode Num: 1177 Episode T: 17 Reward: -2.599
Total T: 24255 Episode Num: 1178 Episode T: 18 Reward: 3.646
Total T: 24271 Episode Num: 1179 Episode T: 16 Reward: 1.088
Total T: 24285 Episode Num: 1180 Episode T: 14 Reward: -5.863
Total T: 24304 Episode Num: 1181 Episode T: 19 Reward: -8.744
Total T: 24316 Episode Num: 1182 Episode T: 12 Reward: -0.656
Total T: 24348 Episode Num: 1183 Episode T: 32 Reward: 5.498
Total T: 24372 Episode Num: 1184 Episode T: 24 Reward: 3.086
Total T: 24390 Episode Num: 1185 Episode T: 18 Reward: 1.327
Total T: 24405 Episode Num: 1186 Episode T: 15 Reward: 1.431
Total T: 24416 Episode Num: 1187 Episode T: 11 Reward: 0.212
Total T: 24429 Episode Num: 1188 Episode T: 13 Reward: 0.608
Total T: 24459 Episode Num: 1189 Episode T: 30 Reward: 13.819
Total T: 24475 Episode Num: 1190 Episode T: 16 Reward: 3.967
Total T: 24489 Episode Num: 1191 Episode T: 14 Reward: -3.949
Total T: 24503 Episode Num: 1192 Episode T: 14 Reward: 3.906
Total T: 24515 Episode Num: 1193 Episode T: 12 Reward: -2.142
Total T: 24530 Episode Num: 1194 Episode T: 15 Reward: -2.574
Total T: 24543 Episode Num: 1195 Episode T: 13 Reward: 1.404
Total T: 24556 Episode Num: 1196 Episode T: 13 Reward: -1.869
Total T: 24576 Episode Num: 1197 Episode T: 20 Reward: 4.343
Total T: 24588 Episode Num: 1198 Episode T: 12 Reward: -0.011
Total T: 24601 Episode Num: 1199 Episode T: 13 Reward: -0.530
Total T: 24612 Episode Num: 1200 Episode T: 11 Reward: 1.794
Total T: 24636 Episode Num: 1201 Episode T: 24 Reward: 2.609
Total T: 24656 Episode Num: 1202 Episode T: 20 Reward: 3.937
Total T: 24684 Episode Num: 1203 Episode T: 28 Reward: 6.356
Total T: 24704 Episode Num: 1204 Episode T: 20 Reward: -5.428
Total T: 24719 Episode Num: 1205 Episode T: 15 Reward: 4.144
Total T: 24736 Episode Num: 1206 Episode T: 17 Reward: -3.198
Total T: 24779 Episode Num: 1207 Episode T: 43 Reward: 13.084
Total T: 24810 Episode Num: 1208 Episode T: 31 Reward: 9.883
Total T: 24835 Episode Num: 1209 Episode T: 25 Reward: 1.266
Total T: 24861 Episode Num: 1210 Episode T: 26 Reward: 2.204
Total T: 24874 Episode Num: 1211 Episode T: 13 Reward: 0.899
Total T: 24898 Episode Num: 1212 Episode T: 24 Reward: -4.723
Total T: 24915 Episode Num: 1213 Episode T: 17 Reward: -0.674
Total T: 24933 Episode Num: 1214 Episode T: 18 Reward: 2.474
Total T: 24943 Episode Num: 1215 Episode T: 10 Reward: -1.735
Total T: 24987 Episode Num: 1216 Episode T: 44 Reward: 7.438
---------------------------------------
Evaluation over 10 episodes: 10.976
---------------------------------------
Total T: 25007 Episode Num: 1217 Episode T: 20 Reward: 2.034
Total T: 25015 Episode Num: 1218 Episode T: 8 Reward: -1.402
Total T: 25034 Episode Num: 1219 Episode T: 19 Reward: -1.541
Total T: 25068 Episode Num: 1220 Episode T: 34 Reward: -14.586
Total T: 25118 Episode Num: 1221 Episode T: 50 Reward: -13.671
Total T: 25185 Episode Num: 1222 Episode T: 67 Reward: -7.634
Total T: 25251 Episode Num: 1223 Episode T: 66 Reward: -4.199
Total T: 25323 Episode Num: 1224 Episode T: 72 Reward: -22.926
Total T: 25394 Episode Num: 1225 Episode T: 71 Reward: -22.071
Total T: 25465 Episode Num: 1226 Episode T: 71 Reward: -22.717
Total T: 25538 Episode Num: 1227 Episode T: 73 Reward: -24.721
Total T: 25610 Episode Num: 1228 Episode T: 72 Reward: -22.427
Total T: 25681 Episode Num: 1229 Episode T: 71 Reward: -14.907
Total T: 25752 Episode Num: 1230 Episode T: 71 Reward: -16.528
Total T: 25823 Episode Num: 1231 Episode T: 71 Reward: -18.747
Total T: 25894 Episode Num: 1232 Episode T: 71 Reward: -18.461
Total T: 25964 Episode Num: 1233 Episode T: 70 Reward: -16.607
Total T: 26033 Episode Num: 1234 Episode T: 69 Reward: -13.123
Total T: 26102 Episode Num: 1235 Episode T: 69 Reward: -12.796
Total T: 26217 Episode Num: 1236 Episode T: 115 Reward: -1.221
Total T: 26412 Episode Num: 1237 Episode T: 195 Reward: 81.823
Total T: 26617 Episode Num: 1238 Episode T: 205 Reward: 91.041
Total T: 26847 Episode Num: 1239 Episode T: 230 Reward: 117.208
Total T: 26975 Episode Num: 1240 Episode T: 128 Reward: 103.800
Total T: 27115 Episode Num: 1241 Episode T: 140 Reward: 214.146
Total T: 27607 Episode Num: 1242 Episode T: 492 Reward: 501.567
Total T: 27747 Episode Num: 1243 Episode T: 140 Reward: 89.795
Total T: 27891 Episode Num: 1244 Episode T: 144 Reward: 90.773
Total T: 28079 Episode Num: 1245 Episode T: 188 Reward: 311.099
Total T: 28364 Episode Num: 1246 Episode T: 285 Reward: 159.547
Total T: 29364 Episode Num: 1247 Episode T: 1000 Reward: 1058.716
Total T: 29619 Episode Num: 1248 Episode T: 255 Reward: 400.410
Total T: 29773 Episode Num: 1249 Episode T: 154 Reward: 262.932
---------------------------------------
Evaluation over 10 episodes: 398.576
---------------------------------------
Total T: 30413 Episode Num: 1250 Episode T: 640 Reward: 420.601
Total T: 30754 Episode Num: 1251 Episode T: 341 Reward: 478.037
Total T: 31188 Episode Num: 1252 Episode T: 434 Reward: 567.372
Total T: 31903 Episode Num: 1253 Episode T: 715 Reward: 478.434
Total T: 32003 Episode Num: 1254 Episode T: 100 Reward: 178.936
Total T: 32128 Episode Num: 1255 Episode T: 125 Reward: 224.347
Total T: 32235 Episode Num: 1256 Episode T: 107 Reward: 199.978
Total T: 32349 Episode Num: 1257 Episode T: 114 Reward: 196.536
Total T: 32454 Episode Num: 1258 Episode T: 105 Reward: 199.472
Total T: 32578 Episode Num: 1259 Episode T: 124 Reward: 222.392
Total T: 32718 Episode Num: 1260 Episode T: 140 Reward: 233.438
Total T: 32950 Episode Num: 1261 Episode T: 232 Reward: 364.143
Total T: 33157 Episode Num: 1262 Episode T: 207 Reward: 284.096
Total T: 33266 Episode Num: 1263 Episode T: 109 Reward: 188.977
Total T: 33915 Episode Num: 1264 Episode T: 649 Reward: 656.218
Total T: 34029 Episode Num: 1265 Episode T: 114 Reward: 205.090
Total T: 34105 Episode Num: 1266 Episode T: 76 Reward: 133.836
Total T: 34213 Episode Num: 1267 Episode T: 108 Reward: 209.312
Total T: 34336 Episode Num: 1268 Episode T: 123 Reward: 23.760
Total T: 34437 Episode Num: 1269 Episode T: 101 Reward: 187.485
Total T: 34615 Episode Num: 1270 Episode T: 178 Reward: 260.445
Total T: 34748 Episode Num: 1271 Episode T: 133 Reward: 215.765
Total T: 34851 Episode Num: 1272 Episode T: 103 Reward: 56.738
Total T: 34976 Episode Num: 1273 Episode T: 125 Reward: 50.635
---------------------------------------
Evaluation over 10 episodes: 79.897
---------------------------------------
Total T: 35081 Episode Num: 1274 Episode T: 105 Reward: 183.293
Total T: 35280 Episode Num: 1275 Episode T: 199 Reward: 316.021
Total T: 35365 Episode Num: 1276 Episode T: 85 Reward: 16.140
Total T: 35476 Episode Num: 1277 Episode T: 111 Reward: 182.378
Total T: 35702 Episode Num: 1278 Episode T: 226 Reward: 322.543
Total T: 35915 Episode Num: 1279 Episode T: 213 Reward: 270.951
Total T: 36028 Episode Num: 1280 Episode T: 113 Reward: 210.012
Total T: 36202 Episode Num: 1281 Episode T: 174 Reward: 301.129
Total T: 36309 Episode Num: 1282 Episode T: 107 Reward: 200.347
Total T: 36396 Episode Num: 1283 Episode T: 87 Reward: 174.148
Total T: 36497 Episode Num: 1284 Episode T: 101 Reward: 192.333
Total T: 36618 Episode Num: 1285 Episode T: 121 Reward: 229.907
Total T: 36710 Episode Num: 1286 Episode T: 92 Reward: 177.785
Total T: 36819 Episode Num: 1287 Episode T: 109 Reward: 187.857
Total T: 36944 Episode Num: 1288 Episode T: 125 Reward: 229.236
Total T: 37058 Episode Num: 1289 Episode T: 114 Reward: 214.426
Total T: 37149 Episode Num: 1290 Episode T: 91 Reward: 171.909
Total T: 37466 Episode Num: 1291 Episode T: 317 Reward: 477.419
Total T: 37610 Episode Num: 1292 Episode T: 144 Reward: 235.912
Total T: 37728 Episode Num: 1293 Episode T: 118 Reward: 212.270
Total T: 37856 Episode Num: 1294 Episode T: 128 Reward: 245.939
Total T: 37966 Episode Num: 1295 Episode T: 110 Reward: 202.932
Total T: 38118 Episode Num: 1296 Episode T: 152 Reward: 260.345
Total T: 38392 Episode Num: 1297 Episode T: 274 Reward: 408.896
Total T: 38530 Episode Num: 1298 Episode T: 138 Reward: 59.439
Total T: 38669 Episode Num: 1299 Episode T: 139 Reward: 258.817
Total T: 38819 Episode Num: 1300 Episode T: 150 Reward: 228.737
Total T: 39031 Episode Num: 1301 Episode T: 212 Reward: 341.543
Total T: 39177 Episode Num: 1302 Episode T: 146 Reward: 264.993
Total T: 39258 Episode Num: 1303 Episode T: 81 Reward: 147.007
Total T: 39352 Episode Num: 1304 Episode T: 94 Reward: 174.466
Total T: 39535 Episode Num: 1305 Episode T: 183 Reward: 300.011
Total T: 39666 Episode Num: 1306 Episode T: 131 Reward: 248.252
Total T: 39874 Episode Num: 1307 Episode T: 208 Reward: 317.434
---------------------------------------
Evaluation over 10 episodes: 218.609
---------------------------------------
Total T: 40040 Episode Num: 1308 Episode T: 166 Reward: 293.523
Total T: 40158 Episode Num: 1309 Episode T: 118 Reward: 223.486
Total T: 40395 Episode Num: 1310 Episode T: 237 Reward: 386.298
Total T: 40541 Episode Num: 1311 Episode T: 146 Reward: 289.985
Total T: 40698 Episode Num: 1312 Episode T: 157 Reward: 298.436
Total T: 40854 Episode Num: 1313 Episode T: 156 Reward: 273.349
Total T: 40963 Episode Num: 1314 Episode T: 109 Reward: 221.828
Total T: 41106 Episode Num: 1315 Episode T: 143 Reward: 239.724
Total T: 41402 Episode Num: 1316 Episode T: 296 Reward: 395.474
Total T: 41778 Episode Num: 1317 Episode T: 376 Reward: 525.137
Total T: 41991 Episode Num: 1318 Episode T: 213 Reward: 147.906
Total T: 42116 Episode Num: 1319 Episode T: 125 Reward: 230.137
Total T: 42282 Episode Num: 1320 Episode T: 166 Reward: 283.255
Total T: 42465 Episode Num: 1321 Episode T: 183 Reward: 310.835
Total T: 42605 Episode Num: 1322 Episode T: 140 Reward: 55.450
Total T: 42727 Episode Num: 1323 Episode T: 122 Reward: 60.695
Total T: 42996 Episode Num: 1324 Episode T: 269 Reward: 384.112
Total T: 43316 Episode Num: 1325 Episode T: 320 Reward: 461.834
Total T: 43455 Episode Num: 1326 Episode T: 139 Reward: 237.425
Total T: 43558 Episode Num: 1327 Episode T: 103 Reward: 39.827
Total T: 43786 Episode Num: 1328 Episode T: 228 Reward: 359.191
Total T: 43912 Episode Num: 1329 Episode T: 126 Reward: 237.150
Total T: 44067 Episode Num: 1330 Episode T: 155 Reward: 259.309
Total T: 44623 Episode Num: 1331 Episode T: 556 Reward: 626.382
Total T: 44771 Episode Num: 1332 Episode T: 148 Reward: 261.449
Total T: 44953 Episode Num: 1333 Episode T: 182 Reward: 278.944
---------------------------------------
Evaluation over 10 episodes: 332.316
---------------------------------------
Total T: 45074 Episode Num: 1334 Episode T: 121 Reward: 233.475
Total T: 45191 Episode Num: 1335 Episode T: 117 Reward: 220.665
Total T: 45465 Episode Num: 1336 Episode T: 274 Reward: 409.693
Total T: 45581 Episode Num: 1337 Episode T: 116 Reward: 228.453
Total T: 45705 Episode Num: 1338 Episode T: 124 Reward: 229.514
Total T: 45856 Episode Num: 1339 Episode T: 151 Reward: 274.033srun: Job step aborted: Waiting up to 32 seconds for job step to finish.
slurmstepd: *** JOB 188250 CANCELLED AT 2020-06-07T13:09:36 *** on simba-compute-13
slurmstepd: *** STEP 188250.0 CANCELLED AT 2020-06-07T13:09:36 *** on simba-compute-13
