---------------------------------------
Policy: TD3, Env: HalfCheetah-v2, Seed: 0
---------------------------------------
---------------------------------------
Evaluation over 10 episodes: -1.189
---------------------------------------
Total T: 1000 Episode Num: 1 Episode T: 1000 Reward: -106.729
Total T: 2000 Episode Num: 2 Episode T: 1000 Reward: -172.414
Total T: 3000 Episode Num: 3 Episode T: 1000 Reward: -283.432
Total T: 4000 Episode Num: 4 Episode T: 1000 Reward: -233.771
Total T: 5000 Episode Num: 5 Episode T: 1000 Reward: -91.803
---------------------------------------
Evaluation over 10 episodes: -1.161
---------------------------------------
Total T: 6000 Episode Num: 6 Episode T: 1000 Reward: -229.517
Total T: 7000 Episode Num: 7 Episode T: 1000 Reward: -224.595
Total T: 8000 Episode Num: 8 Episode T: 1000 Reward: -392.159
Total T: 9000 Episode Num: 9 Episode T: 1000 Reward: -212.463
Total T: 10000 Episode Num: 10 Episode T: 1000 Reward: -301.316
---------------------------------------
Evaluation over 10 episodes: -1.120
---------------------------------------
Total T: 11000 Episode Num: 11 Episode T: 1000 Reward: -253.880
Total T: 12000 Episode Num: 12 Episode T: 1000 Reward: -259.884
Total T: 13000 Episode Num: 13 Episode T: 1000 Reward: -203.516
Total T: 14000 Episode Num: 14 Episode T: 1000 Reward: -169.676
Total T: 15000 Episode Num: 15 Episode T: 1000 Reward: -262.316
---------------------------------------
Evaluation over 10 episodes: -1.150
---------------------------------------
Total T: 16000 Episode Num: 16 Episode T: 1000 Reward: -412.829
Total T: 17000 Episode Num: 17 Episode T: 1000 Reward: -184.320
Total T: 18000 Episode Num: 18 Episode T: 1000 Reward: -331.665
Total T: 19000 Episode Num: 19 Episode T: 1000 Reward: -235.925
Total T: 20000 Episode Num: 20 Episode T: 1000 Reward: -300.680
---------------------------------------
Evaluation over 10 episodes: -1.132
---------------------------------------
Total T: 21000 Episode Num: 21 Episode T: 1000 Reward: -161.957
Total T: 22000 Episode Num: 22 Episode T: 1000 Reward: -247.075
Total T: 23000 Episode Num: 23 Episode T: 1000 Reward: -303.269
Total T: 24000 Episode Num: 24 Episode T: 1000 Reward: -353.704
Total T: 25000 Episode Num: 25 Episode T: 1000 Reward: -316.136
---------------------------------------
Evaluation over 10 episodes: -1.167
---------------------------------------
Total T: 26000 Episode Num: 26 Episode T: 1000 Reward: -512.928
Total T: 27000 Episode Num: 27 Episode T: 1000 Reward: -465.346
Total T: 28000 Episode Num: 28 Episode T: 1000 Reward: -504.526
Total T: 29000 Episode Num: 29 Episode T: 1000 Reward: -492.828
Total T: 30000 Episode Num: 30 Episode T: 1000 Reward: -407.625
---------------------------------------
Evaluation over 10 episodes: -353.740
---------------------------------------
Total T: 31000 Episode Num: 31 Episode T: 1000 Reward: -362.129
Total T: 32000 Episode Num: 32 Episode T: 1000 Reward: -379.931
Total T: 33000 Episode Num: 33 Episode T: 1000 Reward: -396.890
Total T: 34000 Episode Num: 34 Episode T: 1000 Reward: -421.784
Total T: 35000 Episode Num: 35 Episode T: 1000 Reward: -403.486
---------------------------------------
Evaluation over 10 episodes: -340.814
---------------------------------------
Total T: 36000 Episode Num: 36 Episode T: 1000 Reward: -325.436
Total T: 37000 Episode Num: 37 Episode T: 1000 Reward: 671.556
Total T: 38000 Episode Num: 38 Episode T: 1000 Reward: -406.930
Total T: 39000 Episode Num: 39 Episode T: 1000 Reward: -482.947
Total T: 40000 Episode Num: 40 Episode T: 1000 Reward: -410.060
---------------------------------------
Evaluation over 10 episodes: -487.200
---------------------------------------
Total T: 41000 Episode Num: 41 Episode T: 1000 Reward: -433.787
Total T: 42000 Episode Num: 42 Episode T: 1000 Reward: -527.564
Total T: 43000 Episode Num: 43 Episode T: 1000 Reward: -166.361
Total T: 44000 Episode Num: 44 Episode T: 1000 Reward: -515.086
Total T: 45000 Episode Num: 45 Episode T: 1000 Reward: 349.994
---------------------------------------
Evaluation over 10 episodes: 696.566
---------------------------------------
Total T: 46000 Episode Num: 46 Episode T: 1000 Reward: -60.523
Total T: 47000 Episode Num: 47 Episode T: 1000 Reward: 1649.753
Total T: 48000 Episode Num: 48 Episode T: 1000 Reward: 1398.664
Total T: 49000 Episode Num: 49 Episode T: 1000 Reward: 1705.168
Total T: 50000 Episode Num: 50 Episode T: 1000 Reward: 481.694
---------------------------------------
Evaluation over 10 episodes: 1590.473
---------------------------------------
Total T: 51000 Episode Num: 51 Episode T: 1000 Reward: 1917.832
Total T: 52000 Episode Num: 52 Episode T: 1000 Reward: 2095.968
Total T: 53000 Episode Num: 53 Episode T: 1000 Reward: 2026.598
Total T: 54000 Episode Num: 54 Episode T: 1000 Reward: 2142.777
Total T: 55000 Episode Num: 55 Episode T: 1000 Reward: 2298.792
---------------------------------------
Evaluation over 10 episodes: 2471.023
---------------------------------------
Total T: 56000 Episode Num: 56 Episode T: 1000 Reward: 2521.198
Total T: 57000 Episode Num: 57 Episode T: 1000 Reward: 2582.697
Total T: 58000 Episode Num: 58 Episode T: 1000 Reward: 2656.565
Total T: 59000 Episode Num: 59 Episode T: 1000 Reward: 2807.152
Total T: 60000 Episode Num: 60 Episode T: 1000 Reward: 1134.007
---------------------------------------
Evaluation over 10 episodes: 1630.285
---------------------------------------
Total T: 61000 Episode Num: 61 Episode T: 1000 Reward: 2840.322
Total T: 62000 Episode Num: 62 Episode T: 1000 Reward: 3169.565
Total T: 63000 Episode Num: 63 Episode T: 1000 Reward: 1155.155
Total T: 64000 Episode Num: 64 Episode T: 1000 Reward: 3280.158
Total T: 65000 Episode Num: 65 Episode T: 1000 Reward: 3371.714
---------------------------------------
Evaluation over 10 episodes: 1928.483
---------------------------------------
Total T: 66000 Episode Num: 66 Episode T: 1000 Reward: 2820.175
Total T: 67000 Episode Num: 67 Episode T: 1000 Reward: 2970.600
Total T: 68000 Episode Num: 68 Episode T: 1000 Reward: 3429.914
Total T: 69000 Episode Num: 69 Episode T: 1000 Reward: 3370.884
Total T: 70000 Episode Num: 70 Episode T: 1000 Reward: 3322.907
---------------------------------------
Evaluation over 10 episodes: 3130.977
---------------------------------------
Total T: 71000 Episode Num: 71 Episode T: 1000 Reward: 3720.372
Total T: 72000 Episode Num: 72 Episode T: 1000 Reward: 3669.846
Total T: 73000 Episode Num: 73 Episode T: 1000 Reward: 3671.455
Total T: 74000 Episode Num: 74 Episode T: 1000 Reward: 3618.987
Total T: 75000 Episode Num: 75 Episode T: 1000 Reward: 3667.351
---------------------------------------
Evaluation over 10 episodes: 2984.061
---------------------------------------
Total T: 76000 Episode Num: 76 Episode T: 1000 Reward: 1819.382
Total T: 77000 Episode Num: 77 Episode T: 1000 Reward: 3888.400
Total T: 78000 Episode Num: 78 Episode T: 1000 Reward: 3933.023
Total T: 79000 Episode Num: 79 Episode T: 1000 Reward: 1596.662
Total T: 80000 Episode Num: 80 Episode T: 1000 Reward: 2999.642
---------------------------------------
Evaluation over 10 episodes: 3536.803
---------------------------------------
Total T: 81000 Episode Num: 81 Episode T: 1000 Reward: 4045.456
Total T: 82000 Episode Num: 82 Episode T: 1000 Reward: 1674.996
Total T: 83000 Episode Num: 83 Episode T: 1000 Reward: -315.883
Total T: 84000 Episode Num: 84 Episode T: 1000 Reward: 4150.746
Total T: 85000 Episode Num: 85 Episode T: 1000 Reward: 4302.787
---------------------------------------
Evaluation over 10 episodes: 3900.612
---------------------------------------
Total T: 86000 Episode Num: 86 Episode T: 1000 Reward: 4185.921
Total T: 87000 Episode Num: 87 Episode T: 1000 Reward: 4195.754
Total T: 88000 Episode Num: 88 Episode T: 1000 Reward: 4020.824
Total T: 89000 Episode Num: 89 Episode T: 1000 Reward: 4151.639
Total T: 90000 Episode Num: 90 Episode T: 1000 Reward: 4300.580
---------------------------------------
Evaluation over 10 episodes: 3184.893
---------------------------------------
Total T: 91000 Episode Num: 91 Episode T: 1000 Reward: 4304.771
Total T: 92000 Episode Num: 92 Episode T: 1000 Reward: 1123.762