---------------------------------------
Policy: TD3, Env: HalfCheetah-v2, Seed: 0
---------------------------------------
---------------------------------------
Evaluation over 10 episodes: -170.881
---------------------------------------
Total T: 1000 Episode Num: 1 Episode T: 1000 Reward: -302.150
Total T: 2000 Episode Num: 2 Episode T: 1000 Reward: -216.136
Total T: 3000 Episode Num: 3 Episode T: 1000 Reward: -201.981
Total T: 4000 Episode Num: 4 Episode T: 1000 Reward: -228.967
Total T: 5000 Episode Num: 5 Episode T: 1000 Reward: -291.339
---------------------------------------
Evaluation over 10 episodes: -169.052
---------------------------------------
Total T: 6000 Episode Num: 6 Episode T: 1000 Reward: -235.936
Total T: 7000 Episode Num: 7 Episode T: 1000 Reward: -297.695
Total T: 8000 Episode Num: 8 Episode T: 1000 Reward: -239.657
Total T: 9000 Episode Num: 9 Episode T: 1000 Reward: -286.331
Total T: 10000 Episode Num: 10 Episode T: 1000 Reward: -482.202
---------------------------------------
Evaluation over 10 episodes: -166.626
---------------------------------------
Total T: 11000 Episode Num: 11 Episode T: 1000 Reward: -152.041
Total T: 12000 Episode Num: 12 Episode T: 1000 Reward: -167.708
Total T: 13000 Episode Num: 13 Episode T: 1000 Reward: -252.882
Total T: 14000 Episode Num: 14 Episode T: 1000 Reward: -309.391
Total T: 15000 Episode Num: 15 Episode T: 1000 Reward: -300.830
---------------------------------------
Evaluation over 10 episodes: -153.699
---------------------------------------
Total T: 16000 Episode Num: 16 Episode T: 1000 Reward: -438.704
Total T: 17000 Episode Num: 17 Episode T: 1000 Reward: -208.185
Total T: 18000 Episode Num: 18 Episode T: 1000 Reward: -281.804
Total T: 19000 Episode Num: 19 Episode T: 1000 Reward: -362.906
Total T: 20000 Episode Num: 20 Episode T: 1000 Reward: -302.354
---------------------------------------
Evaluation over 10 episodes: -169.214
---------------------------------------
Total T: 21000 Episode Num: 21 Episode T: 1000 Reward: -350.322
Total T: 22000 Episode Num: 22 Episode T: 1000 Reward: -345.733
Total T: 23000 Episode Num: 23 Episode T: 1000 Reward: -372.633
Total T: 24000 Episode Num: 24 Episode T: 1000 Reward: -345.755
Total T: 25000 Episode Num: 25 Episode T: 1000 Reward: -232.866
---------------------------------------
Evaluation over 10 episodes: -170.545
---------------------------------------
Total T: 26000 Episode Num: 26 Episode T: 1000 Reward: -443.036
Total T: 27000 Episode Num: 27 Episode T: 1000 Reward: -411.872
Total T: 28000 Episode Num: 28 Episode T: 1000 Reward: -412.486
Total T: 29000 Episode Num: 29 Episode T: 1000 Reward: -361.367
Total T: 30000 Episode Num: 30 Episode T: 1000 Reward: -337.710
---------------------------------------
Evaluation over 10 episodes: -408.635
---------------------------------------
Total T: 31000 Episode Num: 31 Episode T: 1000 Reward: -410.426
Total T: 32000 Episode Num: 32 Episode T: 1000 Reward: -297.218
Total T: 33000 Episode Num: 33 Episode T: 1000 Reward: -322.198
Total T: 34000 Episode Num: 34 Episode T: 1000 Reward: -498.287
Total T: 35000 Episode Num: 35 Episode T: 1000 Reward: -347.860
---------------------------------------
Evaluation over 10 episodes: -407.640
---------------------------------------
Total T: 36000 Episode Num: 36 Episode T: 1000 Reward: -435.012
Total T: 37000 Episode Num: 37 Episode T: 1000 Reward: 94.039
Total T: 38000 Episode Num: 38 Episode T: 1000 Reward: 417.480
Total T: 39000 Episode Num: 39 Episode T: 1000 Reward: 793.917
Total T: 40000 Episode Num: 40 Episode T: 1000 Reward: 559.513
---------------------------------------
Evaluation over 10 episodes: 829.770
---------------------------------------
Total T: 41000 Episode Num: 41 Episode T: 1000 Reward: 1252.082
Total T: 42000 Episode Num: 42 Episode T: 1000 Reward: 1587.080
Total T: 43000 Episode Num: 43 Episode T: 1000 Reward: 1681.150
Total T: 44000 Episode Num: 44 Episode T: 1000 Reward: 1816.704
Total T: 45000 Episode Num: 45 Episode T: 1000 Reward: 1675.313
---------------------------------------
Evaluation over 10 episodes: 1283.565
---------------------------------------
Total T: 46000 Episode Num: 46 Episode T: 1000 Reward: 1877.219
Total T: 47000 Episode Num: 47 Episode T: 1000 Reward: 1976.349
Total T: 48000 Episode Num: 48 Episode T: 1000 Reward: 1946.068
Total T: 49000 Episode Num: 49 Episode T: 1000 Reward: 2165.345
Total T: 50000 Episode Num: 50 Episode T: 1000 Reward: 2089.595
---------------------------------------
Evaluation over 10 episodes: 1986.599
---------------------------------------
Total T: 51000 Episode Num: 51 Episode T: 1000 Reward: 1932.498
Total T: 52000 Episode Num: 52 Episode T: 1000 Reward: 2125.077
Total T: 53000 Episode Num: 53 Episode T: 1000 Reward: 2066.461
Total T: 54000 Episode Num: 54 Episode T: 1000 Reward: 2221.176
Total T: 55000 Episode Num: 55 Episode T: 1000 Reward: 2256.455
---------------------------------------
Evaluation over 10 episodes: 1952.019
---------------------------------------
Total T: 56000 Episode Num: 56 Episode T: 1000 Reward: 2186.221
Total T: 57000 Episode Num: 57 Episode T: 1000 Reward: 2460.007
Total T: 58000 Episode Num: 58 Episode T: 1000 Reward: 443.637
Total T: 59000 Episode Num: 59 Episode T: 1000 Reward: 1444.621
Total T: 60000 Episode Num: 60 Episode T: 1000 Reward: 1061.738
---------------------------------------
Evaluation over 10 episodes: 1807.131
---------------------------------------
Total T: 61000 Episode Num: 61 Episode T: 1000 Reward: 1725.279
Total T: 62000 Episode Num: 62 Episode T: 1000 Reward: -177.180
Total T: 63000 Episode Num: 63 Episode T: 1000 Reward: 371.074
Total T: 64000 Episode Num: 64 Episode T: 1000 Reward: 2727.751
Total T: 65000 Episode Num: 65 Episode T: 1000 Reward: 2608.818
---------------------------------------
Evaluation over 10 episodes: 2707.152
---------------------------------------
Total T: 66000 Episode Num: 66 Episode T: 1000 Reward: 2902.338
Total T: 67000 Episode Num: 67 Episode T: 1000 Reward: 2806.172
Total T: 68000 Episode Num: 68 Episode T: 1000 Reward: 2933.569
Total T: 69000 Episode Num: 69 Episode T: 1000 Reward: 2405.600
Total T: 70000 Episode Num: 70 Episode T: 1000 Reward: 2632.408
---------------------------------------
Evaluation over 10 episodes: 2613.066
---------------------------------------
Total T: 71000 Episode Num: 71 Episode T: 1000 Reward: 2971.999
Total T: 72000 Episode Num: 72 Episode T: 1000 Reward: 2923.823
Total T: 73000 Episode Num: 73 Episode T: 1000 Reward: 2850.015
Total T: 74000 Episode Num: 74 Episode T: 1000 Reward: 832.547
Total T: 75000 Episode Num: 75 Episode T: 1000 Reward: 3155.954
---------------------------------------
Evaluation over 10 episodes: 2940.849
---------------------------------------
Total T: 76000 Episode Num: 76 Episode T: 1000 Reward: 2965.910
Total T: 77000 Episode Num: 77 Episode T: 1000 Reward: 3061.991
Total T: 78000 Episode Num: 78 Episode T: 1000 Reward: 3144.727
Total T: 79000 Episode Num: 79 Episode T: 1000 Reward: 3178.544
Total T: 80000 Episode Num: 80 Episode T: 1000 Reward: 3215.231
---------------------------------------
Evaluation over 10 episodes: 2930.216
---------------------------------------
Total T: 81000 Episode Num: 81 Episode T: 1000 Reward: 3131.395
Total T: 82000 Episode Num: 82 Episode T: 1000 Reward: 3198.992
Total T: 83000 Episode Num: 83 Episode T: 1000 Reward: 3018.730
Total T: 84000 Episode Num: 84 Episode T: 1000 Reward: 3124.984
Total T: 85000 Episode Num: 85 Episode T: 1000 Reward: 3256.954
---------------------------------------
Evaluation over 10 episodes: 3342.564
---------------------------------------
Total T: 86000 Episode Num: 86 Episode T: 1000 Reward: 3337.362
Total T: 87000 Episode Num: 87 Episode T: 1000 Reward: 3545.545
Total T: 88000 Episode Num: 88 Episode T: 1000 Reward: 3482.753
Total T: 89000 Episode Num: 89 Episode T: 1000 Reward: 3176.514
Total T: 90000 Episode Num: 90 Episode T: 1000 Reward: 3556.279
---------------------------------------
Evaluation over 10 episodes: 3448.309
---------------------------------------
Total T: 91000 Episode Num: 91 Episode T: 1000 Reward: 3395.875
Total T: 92000 Episode Num: 92 Episode T: 1000 Reward: 3831.718
Total T: 93000 Episode Num: 93 Episode T: 1000 Reward: 3241.347
Total T: 94000 Episode Num: 94 Episode T: 1000 Reward: 3778.885
Total T: 95000 Episode Num: 95 Episode T: 1000 Reward: 3662.162
---------------------------------------
Evaluation over 10 episodes: 3603.674
---------------------------------------
Total T: 96000 Episode Num: 96 Episode T: 1000 Reward: 3471.412
Total T: 97000 Episode Num: 97 Episode T: 1000 Reward: 3754.895
Total T: 98000 Episode Num: 98 Episode T: 1000 Reward: 3789.830
Total T: 99000 Episode Num: 99 Episode T: 1000 Reward: 3601.924
Total T: 100000 Episode Num: 100 Episode T: 1000 Reward: 3854.133
---------------------------------------
Evaluation over 10 episodes: 3765.874
---------------------------------------
Total T: 101000 Episode Num: 101 Episode T: 1000 Reward: 3611.705
Total T: 102000 Episode Num: 102 Episode T: 1000 Reward: 3700.745
Total T: 103000 Episode Num: 103 Episode T: 1000 Reward: 3546.079
Total T: 104000 Episode Num: 104 Episode T: 1000 Reward: 3691.541
Total T: 105000 Episode Num: 105 Episode T: 1000 Reward: 3474.967
---------------------------------------
Evaluation over 10 episodes: 3805.443
---------------------------------------
Total T: 106000 Episode Num: 106 Episode T: 1000 Reward: 3799.594
Total T: 107000 Episode Num: 107 Episode T: 1000 Reward: 3731.767
Total T: 108000 Episode Num: 108 Episode T: 1000 Reward: 3770.432
Total T: 109000 Episode Num: 109 Episode T: 1000 Reward: 3740.254
Total T: 110000 Episode Num: 110 Episode T: 1000 Reward: 3804.320
---------------------------------------
Evaluation over 10 episodes: 3881.934
---------------------------------------
Total T: 111000 Episode Num: 111 Episode T: 1000 Reward: 4176.594
Total T: 112000 Episode Num: 112 Episode T: 1000 Reward: 3883.772
Total T: 113000 Episode Num: 113 Episode T: 1000 Reward: 3946.179
Total T: 114000 Episode Num: 114 Episode T: 1000 Reward: 4067.091
Total T: 115000 Episode Num: 115 Episode T: 1000 Reward: 3812.825
---------------------------------------
Evaluation over 10 episodes: 4013.818
---------------------------------------
Total T: 116000 Episode Num: 116 Episode T: 1000 Reward: 4231.925
Total T: 117000 Episode Num: 117 Episode T: 1000 Reward: 4393.266
Total T: 118000 Episode Num: 118 Episode T: 1000 Reward: 3799.955
Total T: 119000 Episode Num: 119 Episode T: 1000 Reward: 3760.122
Total T: 120000 Episode Num: 120 Episode T: 1000 Reward: 4173.722
---------------------------------------
Evaluation over 10 episodes: 3730.111
---------------------------------------
Total T: 121000 Episode Num: 121 Episode T: 1000 Reward: 4066.428
Total T: 122000 Episode Num: 122 Episode T: 1000 Reward: 4168.345
Total T: 123000 Episode Num: 123 Episode T: 1000 Reward: 4133.902
Total T: 124000 Episode Num: 124 Episode T: 1000 Reward: 3660.888
Total T: 125000 Episode Num: 125 Episode T: 1000 Reward: 4038.800
---------------------------------------
Evaluation over 10 episodes: 3603.686
---------------------------------------
Total T: 126000 Episode Num: 126 Episode T: 1000 Reward: 3858.954
Total T: 127000 Episode Num: 127 Episode T: 1000 Reward: 4298.242
Total T: 128000 Episode Num: 128 Episode T: 1000 Reward: 4087.064
Total T: 129000 Episode Num: 129 Episode T: 1000 Reward: 4168.681
Total T: 130000 Episode Num: 130 Episode T: 1000 Reward: 3971.242
---------------------------------------
Evaluation over 10 episodes: 4176.890
---------------------------------------
Total T: 131000 Episode Num: 131 Episode T: 1000 Reward: 4201.596
Total T: 132000 Episode Num: 132 Episode T: 1000 Reward: 4069.193
Total T: 133000 Episode Num: 133 Episode T: 1000 Reward: 4157.175
Total T: 134000 Episode Num: 134 Episode T: 1000 Reward: 4387.410
Total T: 135000 Episode Num: 135 Episode T: 1000 Reward: 4070.295
---------------------------------------
Evaluation over 10 episodes: 4345.592
---------------------------------------
Total T: 136000 Episode Num: 136 Episode T: 1000 Reward: 4228.272
Total T: 137000 Episode Num: 137 Episode T: 1000 Reward: 4462.135
Total T: 138000 Episode Num: 138 Episode T: 1000 Reward: 4314.322
Total T: 139000 Episode Num: 139 Episode T: 1000 Reward: 4155.040
Total T: 140000 Episode Num: 140 Episode T: 1000 Reward: 4287.314
---------------------------------------
Evaluation over 10 episodes: 4247.319
---------------------------------------
Total T: 141000 Episode Num: 141 Episode T: 1000 Reward: 4371.556
Total T: 142000 Episode Num: 142 Episode T: 1000 Reward: 4346.928
Total T: 143000 Episode Num: 143 Episode T: 1000 Reward: 4378.137
Total T: 144000 Episode Num: 144 Episode T: 1000 Reward: 4241.918
Total T: 145000 Episode Num: 145 Episode T: 1000 Reward: 4307.932
---------------------------------------
Evaluation over 10 episodes: 4410.162
---------------------------------------
Total T: 146000 Episode Num: 146 Episode T: 1000 Reward: 4676.912
Total T: 147000 Episode Num: 147 Episode T: 1000 Reward: 4434.794
Total T: 148000 Episode Num: 148 Episode T: 1000 Reward: 4336.218
Total T: 149000 Episode Num: 149 Episode T: 1000 Reward: 4704.486
Total T: 150000 Episode Num: 150 Episode T: 1000 Reward: 4508.643
---------------------------------------
Evaluation over 10 episodes: 4520.253
---------------------------------------
Total T: 151000 Episode Num: 151 Episode T: 1000 Reward: 4460.573
Total T: 152000 Episode Num: 152 Episode T: 1000 Reward: 4331.165
Total T: 153000 Episode Num: 153 Episode T: 1000 Reward: 4536.224
Total T: 154000 Episode Num: 154 Episode T: 1000 Reward: 4491.654
Total T: 155000 Episode Num: 155 Episode T: 1000 Reward: 4550.202
---------------------------------------
Evaluation over 10 episodes: 4280.315
---------------------------------------
Total T: 156000 Episode Num: 156 Episode T: 1000 Reward: 4779.406
Total T: 157000 Episode Num: 157 Episode T: 1000 Reward: 4633.814
Total T: 158000 Episode Num: 158 Episode T: 1000 Reward: 4243.880
Total T: 159000 Episode Num: 159 Episode T: 1000 Reward: 4623.992
Total T: 160000 Episode Num: 160 Episode T: 1000 Reward: 4652.831
---------------------------------------
Evaluation over 10 episodes: 4615.482
---------------------------------------
Total T: 161000 Episode Num: 161 Episode T: 1000 Reward: 4475.971
Total T: 162000 Episode Num: 162 Episode T: 1000 Reward: 4545.610
Total T: 163000 Episode Num: 163 Episode T: 1000 Reward: 4659.279
Total T: 164000 Episode Num: 164 Episode T: 1000 Reward: 4358.638
Total T: 165000 Episode Num: 165 Episode T: 1000 Reward: 4647.586
---------------------------------------
Evaluation over 10 episodes: 4622.922
---------------------------------------
Total T: 166000 Episode Num: 166 Episode T: 1000 Reward: 4461.891
Total T: 167000 Episode Num: 167 Episode T: 1000 Reward: 4308.420
Total T: 168000 Episode Num: 168 Episode T: 1000 Reward: 4786.851
Total T: 169000 Episode Num: 169 Episode T: 1000 Reward: 4798.576
Total T: 170000 Episode Num: 170 Episode T: 1000 Reward: 4836.185
---------------------------------------
Evaluation over 10 episodes: 4660.796
---------------------------------------
Total T: 171000 Episode Num: 171 Episode T: 1000 Reward: 4780.157
Total T: 172000 Episode Num: 172 Episode T: 1000 Reward: 4655.309
Total T: 173000 Episode Num: 173 Episode T: 1000 Reward: 4752.880
Total T: 174000 Episode Num: 174 Episode T: 1000 Reward: 4884.812
Total T: 175000 Episode Num: 175 Episode T: 1000 Reward: 4710.607
---------------------------------------
Evaluation over 10 episodes: 4748.640
---------------------------------------
Total T: 176000 Episode Num: 176 Episode T: 1000 Reward: 4663.582
Total T: 177000 Episode Num: 177 Episode T: 1000 Reward: 4230.197
Total T: 178000 Episode Num: 178 Episode T: 1000 Reward: 4730.824
Total T: 179000 Episode Num: 179 Episode T: 1000 Reward: 4718.403
Total T: 180000 Episode Num: 180 Episode T: 1000 Reward: 4722.248
---------------------------------------
Evaluation over 10 episodes: 4323.543
---------------------------------------
Total T: 181000 Episode Num: 181 Episode T: 1000 Reward: 4743.860
Total T: 182000 Episode Num: 182 Episode T: 1000 Reward: 4847.118
Total T: 183000 Episode Num: 183 Episode T: 1000 Reward: 4814.093
Total T: 184000 Episode Num: 184 Episode T: 1000 Reward: 5081.186
Total T: 185000 Episode Num: 185 Episode T: 1000 Reward: 4896.880
---------------------------------------
Evaluation over 10 episodes: 4502.037
---------------------------------------
Total T: 186000 Episode Num: 186 Episode T: 1000 Reward: 4892.507
Total T: 187000 Episode Num: 187 Episode T: 1000 Reward: 4659.112
Total T: 188000 Episode Num: 188 Episode T: 1000 Reward: 5025.154
Total T: 189000 Episode Num: 189 Episode T: 1000 Reward: 4789.990
Total T: 190000 Episode Num: 190 Episode T: 1000 Reward: 4594.711
---------------------------------------
Evaluation over 10 episodes: 4651.997
---------------------------------------
Total T: 191000 Episode Num: 191 Episode T: 1000 Reward: 4683.376
Total T: 192000 Episode Num: 192 Episode T: 1000 Reward: 4707.066
Total T: 193000 Episode Num: 193 Episode T: 1000 Reward: 4703.796
Total T: 194000 Episode Num: 194 Episode T: 1000 Reward: 4977.379
Total T: 195000 Episode Num: 195 Episode T: 1000 Reward: 4785.707
---------------------------------------
Evaluation over 10 episodes: 4730.659
---------------------------------------
Total T: 196000 Episode Num: 196 Episode T: 1000 Reward: 5041.703
Total T: 197000 Episode Num: 197 Episode T: 1000 Reward: 5079.168
Total T: 198000 Episode Num: 198 Episode T: 1000 Reward: 4815.097
Total T: 199000 Episode Num: 199 Episode T: 1000 Reward: 4949.631
Total T: 200000 Episode Num: 200 Episode T: 1000 Reward: 4869.945
---------------------------------------
Evaluation over 10 episodes: 4805.346
---------------------------------------
Total T: 201000 Episode Num: 201 Episode T: 1000 Reward: 4722.651
Total T: 202000 Episode Num: 202 Episode T: 1000 Reward: 5103.313
Total T: 203000 Episode Num: 203 Episode T: 1000 Reward: 5176.514
Total T: 204000 Episode Num: 204 Episode T: 1000 Reward: 5029.513
Total T: 205000 Episode Num: 205 Episode T: 1000 Reward: 4973.383
---------------------------------------
Evaluation over 10 episodes: 5002.469
---------------------------------------
Total T: 206000 Episode Num: 206 Episode T: 1000 Reward: 5010.246
Total T: 207000 Episode Num: 207 Episode T: 1000 Reward: 4857.903
Total T: 208000 Episode Num: 208 Episode T: 1000 Reward: 4897.210
Total T: 209000 Episode Num: 209 Episode T: 1000 Reward: 5042.723
Total T: 210000 Episode Num: 210 Episode T: 1000 Reward: 4991.050
---------------------------------------
Evaluation over 10 episodes: 5009.146
---------------------------------------
Total T: 211000 Episode Num: 211 Episode T: 1000 Reward: 5181.757
Total T: 212000 Episode Num: 212 Episode T: 1000 Reward: 4972.379
Total T: 213000 Episode Num: 213 Episode T: 1000 Reward: 4902.746
Total T: 214000 Episode Num: 214 Episode T: 1000 Reward: 5008.758
Total T: 215000 Episode Num: 215 Episode T: 1000 Reward: 5045.674
---------------------------------------
Evaluation over 10 episodes: 5077.609
---------------------------------------
Total T: 216000 Episode Num: 216 Episode T: 1000 Reward: 5111.883
Total T: 217000 Episode Num: 217 Episode T: 1000 Reward: 5128.386
Total T: 218000 Episode Num: 218 Episode T: 1000 Reward: 5049.504
Total T: 219000 Episode Num: 219 Episode T: 1000 Reward: 5497.898
Total T: 220000 Episode Num: 220 Episode T: 1000 Reward: 5030.608
---------------------------------------
Evaluation over 10 episodes: 5125.179
---------------------------------------
Total T: 221000 Episode Num: 221 Episode T: 1000 Reward: 5225.077
Total T: 222000 Episode Num: 222 Episode T: 1000 Reward: 4992.515
Total T: 223000 Episode Num: 223 Episode T: 1000 Reward: 5165.316
Total T: 224000 Episode Num: 224 Episode T: 1000 Reward: 4952.750
Total T: 225000 Episode Num: 225 Episode T: 1000 Reward: 5242.840
---------------------------------------
Evaluation over 10 episodes: 4666.585
---------------------------------------
Total T: 226000 Episode Num: 226 Episode T: 1000 Reward: 4952.796
Total T: 227000 Episode Num: 227 Episode T: 1000 Reward: 4943.557
Total T: 228000 Episode Num: 228 Episode T: 1000 Reward: 5151.786
Total T: 229000 Episode Num: 229 Episode T: 1000 Reward: 4739.633
Total T: 230000 Episode Num: 230 Episode T: 1000 Reward: 5465.426
---------------------------------------
Evaluation over 10 episodes: 5267.815
---------------------------------------
Total T: 231000 Episode Num: 231 Episode T: 1000 Reward: 5293.982
Total T: 232000 Episode Num: 232 Episode T: 1000 Reward: 5168.872
Total T: 233000 Episode Num: 233 Episode T: 1000 Reward: 5283.533
Total T: 234000 Episode Num: 234 Episode T: 1000 Reward: 5271.651
Total T: 235000 Episode Num: 235 Episode T: 1000 Reward: 4997.272
---------------------------------------
Evaluation over 10 episodes: 5099.641
---------------------------------------
Total T: 236000 Episode Num: 236 Episode T: 1000 Reward: 5496.147
Total T: 237000 Episode Num: 237 Episode T: 1000 Reward: 5091.335
Total T: 238000 Episode Num: 238 Episode T: 1000 Reward: 4830.503
Total T: 239000 Episode Num: 239 Episode T: 1000 Reward: 5259.001
Total T: 240000 Episode Num: 240 Episode T: 1000 Reward: 5271.827
---------------------------------------
Evaluation over 10 episodes: 5129.345
---------------------------------------
Total T: 241000 Episode Num: 241 Episode T: 1000 Reward: 5373.258
Total T: 242000 Episode Num: 242 Episode T: 1000 Reward: 5609.686
Total T: 243000 Episode Num: 243 Episode T: 1000 Reward: 5219.519
Total T: 244000 Episode Num: 244 Episode T: 1000 Reward: 5153.405
Total T: 245000 Episode Num: 245 Episode T: 1000 Reward: 4508.283
---------------------------------------
Evaluation over 10 episodes: 5311.959
---------------------------------------
Total T: 246000 Episode Num: 246 Episode T: 1000 Reward: 5253.473
Total T: 247000 Episode Num: 247 Episode T: 1000 Reward: 5134.244
Total T: 248000 Episode Num: 248 Episode T: 1000 Reward: 5177.533
Total T: 249000 Episode Num: 249 Episode T: 1000 Reward: 5044.230
Total T: 250000 Episode Num: 250 Episode T: 1000 Reward: 2853.395
---------------------------------------
Evaluation over 10 episodes: 5215.423
---------------------------------------
Total T: 251000 Episode Num: 251 Episode T: 1000 Reward: 5438.247
Total T: 252000 Episode Num: 252 Episode T: 1000 Reward: 5344.942
Total T: 253000 Episode Num: 253 Episode T: 1000 Reward: 5421.495
Total T: 254000 Episode Num: 254 Episode T: 1000 Reward: 5229.477
Total T: 255000 Episode Num: 255 Episode T: 1000 Reward: 5401.809
---------------------------------------
Evaluation over 10 episodes: 5094.692
---------------------------------------
Total T: 256000 Episode Num: 256 Episode T: 1000 Reward: 5380.456
Total T: 257000 Episode Num: 257 Episode T: 1000 Reward: 5533.924
Total T: 258000 Episode Num: 258 Episode T: 1000 Reward: 4981.928
Total T: 259000 Episode Num: 259 Episode T: 1000 Reward: 5373.618
Total T: 260000 Episode Num: 260 Episode T: 1000 Reward: 5201.564
---------------------------------------
Evaluation over 10 episodes: 5089.340
---------------------------------------
Total T: 261000 Episode Num: 261 Episode T: 1000 Reward: 5473.934
Total T: 262000 Episode Num: 262 Episode T: 1000 Reward: 5183.926
Total T: 263000 Episode Num: 263 Episode T: 1000 Reward: 5402.637
Total T: 264000 Episode Num: 264 Episode T: 1000 Reward: 805.245
Total T: 265000 Episode Num: 265 Episode T: 1000 Reward: 5114.315
---------------------------------------
Evaluation over 10 episodes: 5332.503
---------------------------------------
Total T: 266000 Episode Num: 266 Episode T: 1000 Reward: 5524.098
Total T: 267000 Episode Num: 267 Episode T: 1000 Reward: 5706.378
Total T: 268000 Episode Num: 268 Episode T: 1000 Reward: 5336.285
Total T: 269000 Episode Num: 269 Episode T: 1000 Reward: 5231.626
Total T: 270000 Episode Num: 270 Episode T: 1000 Reward: 5136.478
---------------------------------------
Evaluation over 10 episodes: 5228.016
---------------------------------------
Total T: 271000 Episode Num: 271 Episode T: 1000 Reward: 5304.225
Total T: 272000 Episode Num: 272 Episode T: 1000 Reward: 5472.566
Total T: 273000 Episode Num: 273 Episode T: 1000 Reward: 5278.118
Total T: 274000 Episode Num: 274 Episode T: 1000 Reward: 4998.024
Total T: 275000 Episode Num: 275 Episode T: 1000 Reward: 5267.581
---------------------------------------
Evaluation over 10 episodes: 5398.039
---------------------------------------
Total T: 276000 Episode Num: 276 Episode T: 1000 Reward: 5416.093
Total T: 277000 Episode Num: 277 Episode T: 1000 Reward: 5336.106
Total T: 278000 Episode Num: 278 Episode T: 1000 Reward: 5216.639
Total T: 279000 Episode Num: 279 Episode T: 1000 Reward: 5392.419
Total T: 280000 Episode Num: 280 Episode T: 1000 Reward: 5399.218
---------------------------------------
Evaluation over 10 episodes: 5272.278
---------------------------------------
Total T: 281000 Episode Num: 281 Episode T: 1000 Reward: 5165.429
Total T: 282000 Episode Num: 282 Episode T: 1000 Reward: 4948.567
Total T: 283000 Episode Num: 283 Episode T: 1000 Reward: 5510.052
Total T: 284000 Episode Num: 284 Episode T: 1000 Reward: 5213.319
Total T: 285000 Episode Num: 285 Episode T: 1000 Reward: 5521.921
---------------------------------------
Evaluation over 10 episodes: 5374.358
---------------------------------------
Total T: 286000 Episode Num: 286 Episode T: 1000 Reward: 5066.270
Total T: 287000 Episode Num: 287 Episode T: 1000 Reward: 5272.251
Total T: 288000 Episode Num: 288 Episode T: 1000 Reward: 5406.366
Total T: 289000 Episode Num: 289 Episode T: 1000 Reward: 5500.916
Total T: 290000 Episode Num: 290 Episode T: 1000 Reward: 5351.907
---------------------------------------
Evaluation over 10 episodes: 5226.780
---------------------------------------
Total T: 291000 Episode Num: 291 Episode T: 1000 Reward: 5437.492
Total T: 292000 Episode Num: 292 Episode T: 1000 Reward: 5356.734
Total T: 293000 Episode Num: 293 Episode T: 1000 Reward: 5059.066
Total T: 294000 Episode Num: 294 Episode T: 1000 Reward: 5526.554
Total T: 295000 Episode Num: 295 Episode T: 1000 Reward: 5142.221
---------------------------------------
Evaluation over 10 episodes: 5551.706
---------------------------------------
Total T: 296000 Episode Num: 296 Episode T: 1000 Reward: 5517.883
Total T: 297000 Episode Num: 297 Episode T: 1000 Reward: 5679.749
Total T: 298000 Episode Num: 298 Episode T: 1000 Reward: 5070.969
Total T: 299000 Episode Num: 299 Episode T: 1000 Reward: 5442.085
Total T: 300000 Episode Num: 300 Episode T: 1000 Reward: 5256.064
---------------------------------------
Evaluation over 10 episodes: 4926.827
---------------------------------------
Total T: 301000 Episode Num: 301 Episode T: 1000 Reward: 5197.807
Total T: 302000 Episode Num: 302 Episode T: 1000 Reward: 5782.576
Total T: 303000 Episode Num: 303 Episode T: 1000 Reward: 5380.080
Total T: 304000 Episode Num: 304 Episode T: 1000 Reward: 5622.645
Total T: 305000 Episode Num: 305 Episode T: 1000 Reward: 5574.708
---------------------------------------
Evaluation over 10 episodes: 4783.349
---------------------------------------
Total T: 306000 Episode Num: 306 Episode T: 1000 Reward: 5434.243
Total T: 307000 Episode Num: 307 Episode T: 1000 Reward: 5678.925
Total T: 308000 Episode Num: 308 Episode T: 1000 Reward: 5469.981
Total T: 309000 Episode Num: 309 Episode T: 1000 Reward: 5649.943
Total T: 310000 Episode Num: 310 Episode T: 1000 Reward: 5388.200
---------------------------------------
Evaluation over 10 episodes: 5347.726
---------------------------------------
Total T: 311000 Episode Num: 311 Episode T: 1000 Reward: 5438.168
Total T: 312000 Episode Num: 312 Episode T: 1000 Reward: 389.546
Total T: 313000 Episode Num: 313 Episode T: 1000 Reward: 5673.259
Total T: 314000 Episode Num: 314 Episode T: 1000 Reward: 4844.873
Total T: 315000 Episode Num: 315 Episode T: 1000 Reward: 5431.778
---------------------------------------
Evaluation over 10 episodes: 5472.690
---------------------------------------
Total T: 316000 Episode Num: 316 Episode T: 1000 Reward: 5943.719
Total T: 317000 Episode Num: 317 Episode T: 1000 Reward: 5436.418
Total T: 318000 Episode Num: 318 Episode T: 1000 Reward: 5655.193
Total T: 319000 Episode Num: 319 Episode T: 1000 Reward: 5687.087
Total T: 320000 Episode Num: 320 Episode T: 1000 Reward: 5370.913
---------------------------------------
Evaluation over 10 episodes: 5740.394
---------------------------------------
Total T: 321000 Episode Num: 321 Episode T: 1000 Reward: 5411.124
Total T: 322000 Episode Num: 322 Episode T: 1000 Reward: 5643.642
Total T: 323000 Episode Num: 323 Episode T: 1000 Reward: 5058.630
Total T: 324000 Episode Num: 324 Episode T: 1000 Reward: 5569.521
Total T: 325000 Episode Num: 325 Episode T: 1000 Reward: 5838.691
---------------------------------------
Evaluation over 10 episodes: 5585.714
---------------------------------------
Total T: 326000 Episode Num: 326 Episode T: 1000 Reward: 5831.494
Total T: 327000 Episode Num: 327 Episode T: 1000 Reward: 5124.345
Total T: 328000 Episode Num: 328 Episode T: 1000 Reward: 5485.464
Total T: 329000 Episode Num: 329 Episode T: 1000 Reward: 5498.456
Total T: 330000 Episode Num: 330 Episode T: 1000 Reward: 5784.527
---------------------------------------
Evaluation over 10 episodes: 5309.487
---------------------------------------
Total T: 331000 Episode Num: 331 Episode T: 1000 Reward: 5540.637
Total T: 332000 Episode Num: 332 Episode T: 1000 Reward: 5379.503
Total T: 333000 Episode Num: 333 Episode T: 1000 Reward: 5293.600
Total T: 334000 Episode Num: 334 Episode T: 1000 Reward: 5307.454
Total T: 335000 Episode Num: 335 Episode T: 1000 Reward: 5859.060
---------------------------------------
Evaluation over 10 episodes: 5716.366
---------------------------------------
Total T: 336000 Episode Num: 336 Episode T: 1000 Reward: 6033.121
Total T: 337000 Episode Num: 337 Episode T: 1000 Reward: 5745.866
Total T: 338000 Episode Num: 338 Episode T: 1000 Reward: 5763.016
Total T: 339000 Episode Num: 339 Episode T: 1000 Reward: 5583.782
Total T: 340000 Episode Num: 340 Episode T: 1000 Reward: 5606.031
---------------------------------------
Evaluation over 10 episodes: 5597.130
---------------------------------------
Total T: 341000 Episode Num: 341 Episode T: 1000 Reward: 5344.806
Total T: 342000 Episode Num: 342 Episode T: 1000 Reward: 5666.912
Total T: 343000 Episode Num: 343 Episode T: 1000 Reward: 5693.806
Total T: 344000 Episode Num: 344 Episode T: 1000 Reward: 5697.562
Total T: 345000 Episode Num: 345 Episode T: 1000 Reward: 5460.387
---------------------------------------
Evaluation over 10 episodes: 5283.332
---------------------------------------
Total T: 346000 Episode Num: 346 Episode T: 1000 Reward: 5455.481
Total T: 347000 Episode Num: 347 Episode T: 1000 Reward: 5775.716
Total T: 348000 Episode Num: 348 Episode T: 1000 Reward: 5751.970
Total T: 349000 Episode Num: 349 Episode T: 1000 Reward: 5912.387
Total T: 350000 Episode Num: 350 Episode T: 1000 Reward: 5673.551
---------------------------------------
Evaluation over 10 episodes: 5864.091
---------------------------------------
Total T: 351000 Episode Num: 351 Episode T: 1000 Reward: 5808.917
Total T: 352000 Episode Num: 352 Episode T: 1000 Reward: 5608.531
Total T: 353000 Episode Num: 353 Episode T: 1000 Reward: 5295.071
Total T: 354000 Episode Num: 354 Episode T: 1000 Reward: 5825.587
Total T: 355000 Episode Num: 355 Episode T: 1000 Reward: 5303.748
---------------------------------------
Evaluation over 10 episodes: 5545.930
---------------------------------------
Total T: 356000 Episode Num: 356 Episode T: 1000 Reward: 5848.579
Total T: 357000 Episode Num: 357 Episode T: 1000 Reward: 5799.499
Total T: 358000 Episode Num: 358 Episode T: 1000 Reward: 5905.404
Total T: 359000 Episode Num: 359 Episode T: 1000 Reward: 5965.235
Total T: 360000 Episode Num: 360 Episode T: 1000 Reward: 5937.270
---------------------------------------
Evaluation over 10 episodes: 5702.257
---------------------------------------
Total T: 361000 Episode Num: 361 Episode T: 1000 Reward: 5962.531
Total T: 362000 Episode Num: 362 Episode T: 1000 Reward: 5889.560
Total T: 363000 Episode Num: 363 Episode T: 1000 Reward: 5854.666
Total T: 364000 Episode Num: 364 Episode T: 1000 Reward: 5414.276
Total T: 365000 Episode Num: 365 Episode T: 1000 Reward: 5722.178
---------------------------------------
Evaluation over 10 episodes: 5909.813
---------------------------------------
Total T: 366000 Episode Num: 366 Episode T: 1000 Reward: 6140.720
Total T: 367000 Episode Num: 367 Episode T: 1000 Reward: 5574.645
Total T: 368000 Episode Num: 368 Episode T: 1000 Reward: 5555.423
Total T: 369000 Episode Num: 369 Episode T: 1000 Reward: 5608.252
Total T: 370000 Episode Num: 370 Episode T: 1000 Reward: 5573.887
---------------------------------------
Evaluation over 10 episodes: 5893.049
---------------------------------------
Total T: 371000 Episode Num: 371 Episode T: 1000 Reward: 6244.964
Total T: 372000 Episode Num: 372 Episode T: 1000 Reward: 5837.237
Total T: 373000 Episode Num: 373 Episode T: 1000 Reward: 544.425
Total T: 374000 Episode Num: 374 Episode T: 1000 Reward: 5851.293
Total T: 375000 Episode Num: 375 Episode T: 1000 Reward: 5991.900
---------------------------------------
Evaluation over 10 episodes: 5926.152
---------------------------------------
Total T: 376000 Episode Num: 376 Episode T: 1000 Reward: 5537.225
Total T: 377000 Episode Num: 377 Episode T: 1000 Reward: 5983.645
Total T: 378000 Episode Num: 378 Episode T: 1000 Reward: 6041.061
Total T: 379000 Episode Num: 379 Episode T: 1000 Reward: 6144.134
Total T: 380000 Episode Num: 380 Episode T: 1000 Reward: 2446.042
---------------------------------------
Evaluation over 10 episodes: 5811.055
---------------------------------------
Total T: 381000 Episode Num: 381 Episode T: 1000 Reward: 5523.944
Total T: 382000 Episode Num: 382 Episode T: 1000 Reward: 5950.301
Total T: 383000 Episode Num: 383 Episode T: 1000 Reward: 5157.806
Total T: 384000 Episode Num: 384 Episode T: 1000 Reward: 5717.375
Total T: 385000 Episode Num: 385 Episode T: 1000 Reward: 6007.068
---------------------------------------
Evaluation over 10 episodes: 5954.594
---------------------------------------
Total T: 386000 Episode Num: 386 Episode T: 1000 Reward: 5687.670
Total T: 387000 Episode Num: 387 Episode T: 1000 Reward: 5845.307
Total T: 388000 Episode Num: 388 Episode T: 1000 Reward: 5769.136
Total T: 389000 Episode Num: 389 Episode T: 1000 Reward: 6223.046
Total T: 390000 Episode Num: 390 Episode T: 1000 Reward: 6010.118
---------------------------------------
Evaluation over 10 episodes: 5739.357
---------------------------------------
Total T: 391000 Episode Num: 391 Episode T: 1000 Reward: 6037.268
Total T: 392000 Episode Num: 392 Episode T: 1000 Reward: 6131.584
Total T: 393000 Episode Num: 393 Episode T: 1000 Reward: 6436.083
Total T: 394000 Episode Num: 394 Episode T: 1000 Reward: 5739.909
Total T: 395000 Episode Num: 395 Episode T: 1000 Reward: 6016.641
---------------------------------------
Evaluation over 10 episodes: 5968.167
---------------------------------------
Total T: 396000 Episode Num: 396 Episode T: 1000 Reward: 5989.767
Total T: 397000 Episode Num: 397 Episode T: 1000 Reward: 6004.019
Total T: 398000 Episode Num: 398 Episode T: 1000 Reward: 5822.488
Total T: 399000 Episode Num: 399 Episode T: 1000 Reward: 6299.292
Total T: 400000 Episode Num: 400 Episode T: 1000 Reward: 5454.590
---------------------------------------
Evaluation over 10 episodes: 5757.706
---------------------------------------
Total T: 401000 Episode Num: 401 Episode T: 1000 Reward: 5350.322
Total T: 402000 Episode Num: 402 Episode T: 1000 Reward: 5721.169
Total T: 403000 Episode Num: 403 Episode T: 1000 Reward: 6297.856
Total T: 404000 Episode Num: 404 Episode T: 1000 Reward: 5637.210
Total T: 405000 Episode Num: 405 Episode T: 1000 Reward: 5995.100
---------------------------------------
Evaluation over 10 episodes: 5870.848
---------------------------------------
Total T: 406000 Episode Num: 406 Episode T: 1000 Reward: 5932.692
Total T: 407000 Episode Num: 407 Episode T: 1000 Reward: 6065.420
Total T: 408000 Episode Num: 408 Episode T: 1000 Reward: 6137.558
Total T: 409000 Episode Num: 409 Episode T: 1000 Reward: 5750.554
Total T: 410000 Episode Num: 410 Episode T: 1000 Reward: 5884.414
---------------------------------------
Evaluation over 10 episodes: 5750.080
---------------------------------------
Total T: 411000 Episode Num: 411 Episode T: 1000 Reward: 5671.046
Total T: 412000 Episode Num: 412 Episode T: 1000 Reward: 5887.236
Total T: 413000 Episode Num: 413 Episode T: 1000 Reward: 6023.823
Total T: 414000 Episode Num: 414 Episode T: 1000 Reward: 5791.021
Total T: 415000 Episode Num: 415 Episode T: 1000 Reward: 5867.918
---------------------------------------
Evaluation over 10 episodes: 5349.533
---------------------------------------
Total T: 416000 Episode Num: 416 Episode T: 1000 Reward: 5692.990
Total T: 417000 Episode Num: 417 Episode T: 1000 Reward: 6130.270
Total T: 418000 Episode Num: 418 Episode T: 1000 Reward: 6036.637
Total T: 419000 Episode Num: 419 Episode T: 1000 Reward: 6258.538
Total T: 420000 Episode Num: 420 Episode T: 1000 Reward: 5754.933
---------------------------------------
Evaluation over 10 episodes: 5814.445
---------------------------------------
Total T: 421000 Episode Num: 421 Episode T: 1000 Reward: 5202.273
Total T: 422000 Episode Num: 422 Episode T: 1000 Reward: 6045.138
Total T: 423000 Episode Num: 423 Episode T: 1000 Reward: 5564.061
Total T: 424000 Episode Num: 424 Episode T: 1000 Reward: 5797.857
Total T: 425000 Episode Num: 425 Episode T: 1000 Reward: 5649.398
---------------------------------------
Evaluation over 10 episodes: 5919.705
---------------------------------------
Total T: 426000 Episode Num: 426 Episode T: 1000 Reward: 5838.709
Total T: 427000 Episode Num: 427 Episode T: 1000 Reward: 6189.192
Total T: 428000 Episode Num: 428 Episode T: 1000 Reward: 5842.073
Total T: 429000 Episode Num: 429 Episode T: 1000 Reward: 6188.608
Total T: 430000 Episode Num: 430 Episode T: 1000 Reward: 6023.174
---------------------------------------
Evaluation over 10 episodes: 5925.259
---------------------------------------
Total T: 431000 Episode Num: 431 Episode T: 1000 Reward: 6322.222
Total T: 432000 Episode Num: 432 Episode T: 1000 Reward: 5814.505
Total T: 433000 Episode Num: 433 Episode T: 1000 Reward: 6044.722
Total T: 434000 Episode Num: 434 Episode T: 1000 Reward: 5741.508
Total T: 435000 Episode Num: 435 Episode T: 1000 Reward: 6071.459
---------------------------------------
Evaluation over 10 episodes: 5946.013
---------------------------------------
Total T: 436000 Episode Num: 436 Episode T: 1000 Reward: 5398.847
Total T: 437000 Episode Num: 437 Episode T: 1000 Reward: 6360.022
Total T: 438000 Episode Num: 438 Episode T: 1000 Reward: 6053.130
Total T: 439000 Episode Num: 439 Episode T: 1000 Reward: 5792.790
Total T: 440000 Episode Num: 440 Episode T: 1000 Reward: 6252.666
---------------------------------------
Evaluation over 10 episodes: 5988.987
---------------------------------------
Total T: 441000 Episode Num: 441 Episode T: 1000 Reward: 6379.640
Total T: 442000 Episode Num: 442 Episode T: 1000 Reward: 6115.518
Total T: 443000 Episode Num: 443 Episode T: 1000 Reward: 2397.348
Total T: 444000 Episode Num: 444 Episode T: 1000 Reward: 5584.861
Total T: 445000 Episode Num: 445 Episode T: 1000 Reward: 5554.817
---------------------------------------
Evaluation over 10 episodes: 5994.170
---------------------------------------
Total T: 446000 Episode Num: 446 Episode T: 1000 Reward: 5879.382
Total T: 447000 Episode Num: 447 Episode T: 1000 Reward: 6147.929
Total T: 448000 Episode Num: 448 Episode T: 1000 Reward: 6058.810
Total T: 449000 Episode Num: 449 Episode T: 1000 Reward: 6056.706
Total T: 450000 Episode Num: 450 Episode T: 1000 Reward: 5817.080
---------------------------------------
Evaluation over 10 episodes: 6118.749
---------------------------------------
Total T: 451000 Episode Num: 451 Episode T: 1000 Reward: 5464.675
Total T: 452000 Episode Num: 452 Episode T: 1000 Reward: 6025.766
Total T: 453000 Episode Num: 453 Episode T: 1000 Reward: 5976.190
Total T: 454000 Episode Num: 454 Episode T: 1000 Reward: 5818.792
Total T: 455000 Episode Num: 455 Episode T: 1000 Reward: 5878.853
---------------------------------------
Evaluation over 10 episodes: 6141.885
---------------------------------------
Total T: 456000 Episode Num: 456 Episode T: 1000 Reward: 6195.623
Total T: 457000 Episode Num: 457 Episode T: 1000 Reward: 6013.819
Total T: 458000 Episode Num: 458 Episode T: 1000 Reward: 6075.991
Total T: 459000 Episode Num: 459 Episode T: 1000 Reward: 6468.985
Total T: 460000 Episode Num: 460 Episode T: 1000 Reward: 6045.072
---------------------------------------
Evaluation over 10 episodes: 6041.891
---------------------------------------
Total T: 461000 Episode Num: 461 Episode T: 1000 Reward: 6108.757
Total T: 462000 Episode Num: 462 Episode T: 1000 Reward: 6190.513
Total T: 463000 Episode Num: 463 Episode T: 1000 Reward: 6088.433
Total T: 464000 Episode Num: 464 Episode T: 1000 Reward: 5985.959
Total T: 465000 Episode Num: 465 Episode T: 1000 Reward: 5723.919
---------------------------------------
Evaluation over 10 episodes: 6079.122
---------------------------------------
Total T: 466000 Episode Num: 466 Episode T: 1000 Reward: 5992.146
Total T: 467000 Episode Num: 467 Episode T: 1000 Reward: 6305.528
Total T: 468000 Episode Num: 468 Episode T: 1000 Reward: 1549.606
Total T: 469000 Episode Num: 469 Episode T: 1000 Reward: 6012.998
Total T: 470000 Episode Num: 470 Episode T: 1000 Reward: 6479.386
---------------------------------------
Evaluation over 10 episodes: 6102.405
---------------------------------------
Total T: 471000 Episode Num: 471 Episode T: 1000 Reward: 5987.979
Total T: 472000 Episode Num: 472 Episode T: 1000 Reward: 6494.404
Total T: 473000 Episode Num: 473 Episode T: 1000 Reward: 6182.902
Total T: 474000 Episode Num: 474 Episode T: 1000 Reward: 5825.887
Total T: 475000 Episode Num: 475 Episode T: 1000 Reward: 6627.258
---------------------------------------
Evaluation over 10 episodes: 6037.468
---------------------------------------
Total T: 476000 Episode Num: 476 Episode T: 1000 Reward: 6060.569
Total T: 477000 Episode Num: 477 Episode T: 1000 Reward: 5923.862
Total T: 478000 Episode Num: 478 Episode T: 1000 Reward: 6360.450
Total T: 479000 Episode Num: 479 Episode T: 1000 Reward: 6178.176
Total T: 480000 Episode Num: 480 Episode T: 1000 Reward: 6030.584
---------------------------------------
Evaluation over 10 episodes: 6236.290
---------------------------------------
Total T: 481000 Episode Num: 481 Episode T: 1000 Reward: 6406.774
Total T: 482000 Episode Num: 482 Episode T: 1000 Reward: 5989.081
Total T: 483000 Episode Num: 483 Episode T: 1000 Reward: 6109.773
Total T: 484000 Episode Num: 484 Episode T: 1000 Reward: 6294.192
Total T: 485000 Episode Num: 485 Episode T: 1000 Reward: 6022.358
---------------------------------------
Evaluation over 10 episodes: 6177.608
---------------------------------------
Total T: 486000 Episode Num: 486 Episode T: 1000 Reward: 6039.466
Total T: 487000 Episode Num: 487 Episode T: 1000 Reward: 6692.537
Total T: 488000 Episode Num: 488 Episode T: 1000 Reward: 5825.922
Total T: 489000 Episode Num: 489 Episode T: 1000 Reward: 6309.764
Total T: 490000 Episode Num: 490 Episode T: 1000 Reward: 5947.394
---------------------------------------
Evaluation over 10 episodes: 6205.598
---------------------------------------
Total T: 491000 Episode Num: 491 Episode T: 1000 Reward: 6300.087
Total T: 492000 Episode Num: 492 Episode T: 1000 Reward: 6061.304
Total T: 493000 Episode Num: 493 Episode T: 1000 Reward: 6199.057
Total T: 494000 Episode Num: 494 Episode T: 1000 Reward: 6195.504
Total T: 495000 Episode Num: 495 Episode T: 1000 Reward: 5926.934
---------------------------------------
Evaluation over 10 episodes: 6316.042
---------------------------------------
Total T: 496000 Episode Num: 496 Episode T: 1000 Reward: 5852.145
Total T: 497000 Episode Num: 497 Episode T: 1000 Reward: 5879.624
Total T: 498000 Episode Num: 498 Episode T: 1000 Reward: 6010.756
Total T: 499000 Episode Num: 499 Episode T: 1000 Reward: 6629.462
Total T: 500000 Episode Num: 500 Episode T: 1000 Reward: 6110.603
---------------------------------------
Evaluation over 10 episodes: 6029.511
---------------------------------------
Total T: 501000 Episode Num: 501 Episode T: 1000 Reward: 6239.495
Total T: 502000 Episode Num: 502 Episode T: 1000 Reward: 5963.722
Total T: 503000 Episode Num: 503 Episode T: 1000 Reward: 5690.340
Total T: 504000 Episode Num: 504 Episode T: 1000 Reward: 6325.327
Total T: 505000 Episode Num: 505 Episode T: 1000 Reward: 6169.521
---------------------------------------
Evaluation over 10 episodes: 6045.417
---------------------------------------
Total T: 506000 Episode Num: 506 Episode T: 1000 Reward: 6380.021
Total T: 507000 Episode Num: 507 Episode T: 1000 Reward: 6315.807
Total T: 508000 Episode Num: 508 Episode T: 1000 Reward: 6109.683
Total T: 509000 Episode Num: 509 Episode T: 1000 Reward: 6082.503
Total T: 510000 Episode Num: 510 Episode T: 1000 Reward: 6266.126
---------------------------------------
Evaluation over 10 episodes: 6312.260
---------------------------------------
Total T: 511000 Episode Num: 511 Episode T: 1000 Reward: 6449.908
Total T: 512000 Episode Num: 512 Episode T: 1000 Reward: 5942.894
Total T: 513000 Episode Num: 513 Episode T: 1000 Reward: 6323.930
Total T: 514000 Episode Num: 514 Episode T: 1000 Reward: 6099.736
Total T: 515000 Episode Num: 515 Episode T: 1000 Reward: 6140.472
---------------------------------------
Evaluation over 10 episodes: 6208.531
---------------------------------------
Total T: 516000 Episode Num: 516 Episode T: 1000 Reward: 6088.275
Total T: 517000 Episode Num: 517 Episode T: 1000 Reward: 5936.385
Total T: 518000 Episode Num: 518 Episode T: 1000 Reward: 6564.797
Total T: 519000 Episode Num: 519 Episode T: 1000 Reward: 6414.337
Total T: 520000 Episode Num: 520 Episode T: 1000 Reward: 6683.957
---------------------------------------
Evaluation over 10 episodes: 6290.137
---------------------------------------
Total T: 521000 Episode Num: 521 Episode T: 1000 Reward: 6566.802
Total T: 522000 Episode Num: 522 Episode T: 1000 Reward: 5919.883
Total T: 523000 Episode Num: 523 Episode T: 1000 Reward: 5994.380
Total T: 524000 Episode Num: 524 Episode T: 1000 Reward: 6534.780
Total T: 525000 Episode Num: 525 Episode T: 1000 Reward: 6525.130
---------------------------------------
Evaluation over 10 episodes: 5822.859
---------------------------------------
Total T: 526000 Episode Num: 526 Episode T: 1000 Reward: 6211.723
Total T: 527000 Episode Num: 527 Episode T: 1000 Reward: 6213.389
Total T: 528000 Episode Num: 528 Episode T: 1000 Reward: 6079.713
Total T: 529000 Episode Num: 529 Episode T: 1000 Reward: 5960.582
Total T: 530000 Episode Num: 530 Episode T: 1000 Reward: 6117.069
---------------------------------------
Evaluation over 10 episodes: 6369.923
---------------------------------------
Total T: 531000 Episode Num: 531 Episode T: 1000 Reward: 6452.985
Total T: 532000 Episode Num: 532 Episode T: 1000 Reward: 6262.924
Total T: 533000 Episode Num: 533 Episode T: 1000 Reward: 5896.297
Total T: 534000 Episode Num: 534 Episode T: 1000 Reward: 5831.981
Total T: 535000 Episode Num: 535 Episode T: 1000 Reward: 5933.753
---------------------------------------
Evaluation over 10 episodes: 6236.566
---------------------------------------
Total T: 536000 Episode Num: 536 Episode T: 1000 Reward: 6021.998
Total T: 537000 Episode Num: 537 Episode T: 1000 Reward: 6316.328
Total T: 538000 Episode Num: 538 Episode T: 1000 Reward: 6343.896
Total T: 539000 Episode Num: 539 Episode T: 1000 Reward: 6170.689
Total T: 540000 Episode Num: 540 Episode T: 1000 Reward: 6191.658
---------------------------------------
Evaluation over 10 episodes: 5972.978
---------------------------------------
Total T: 541000 Episode Num: 541 Episode T: 1000 Reward: 4758.670
Total T: 542000 Episode Num: 542 Episode T: 1000 Reward: 6712.585
Total T: 543000 Episode Num: 543 Episode T: 1000 Reward: 6414.836
Total T: 544000 Episode Num: 544 Episode T: 1000 Reward: 6122.944
Total T: 545000 Episode Num: 545 Episode T: 1000 Reward: 6641.518
---------------------------------------
Evaluation over 10 episodes: 6385.567
---------------------------------------
Total T: 546000 Episode Num: 546 Episode T: 1000 Reward: 6163.232
Total T: 547000 Episode Num: 547 Episode T: 1000 Reward: 6189.540
Total T: 548000 Episode Num: 548 Episode T: 1000 Reward: 6299.907
Total T: 549000 Episode Num: 549 Episode T: 1000 Reward: 6916.994
Total T: 550000 Episode Num: 550 Episode T: 1000 Reward: 6121.823
---------------------------------------
Evaluation over 10 episodes: 6290.970
---------------------------------------
Total T: 551000 Episode Num: 551 Episode T: 1000 Reward: 6511.680
Total T: 552000 Episode Num: 552 Episode T: 1000 Reward: 6234.248
Total T: 553000 Episode Num: 553 Episode T: 1000 Reward: 6561.239
Total T: 554000 Episode Num: 554 Episode T: 1000 Reward: 6181.423
Total T: 555000 Episode Num: 555 Episode T: 1000 Reward: 6294.198
---------------------------------------
Evaluation over 10 episodes: 6153.627
---------------------------------------
Total T: 556000 Episode Num: 556 Episode T: 1000 Reward: 6606.966
Total T: 557000 Episode Num: 557 Episode T: 1000 Reward: 6419.874
Total T: 558000 Episode Num: 558 Episode T: 1000 Reward: 6043.785
Total T: 559000 Episode Num: 559 Episode T: 1000 Reward: 6461.514
Total T: 560000 Episode Num: 560 Episode T: 1000 Reward: 6160.681
---------------------------------------
Evaluation over 10 episodes: 6369.614
---------------------------------------
Total T: 561000 Episode Num: 561 Episode T: 1000 Reward: 5970.978
Total T: 562000 Episode Num: 562 Episode T: 1000 Reward: 6699.915
Total T: 563000 Episode Num: 563 Episode T: 1000 Reward: 6108.678
Total T: 564000 Episode Num: 564 Episode T: 1000 Reward: 6091.430
Total T: 565000 Episode Num: 565 Episode T: 1000 Reward: 6097.737
---------------------------------------
Evaluation over 10 episodes: 6207.543
---------------------------------------
Total T: 566000 Episode Num: 566 Episode T: 1000 Reward: 6367.208
Total T: 567000 Episode Num: 567 Episode T: 1000 Reward: 6476.186
Total T: 568000 Episode Num: 568 Episode T: 1000 Reward: 6575.754
Total T: 569000 Episode Num: 569 Episode T: 1000 Reward: 6502.803
Total T: 570000 Episode Num: 570 Episode T: 1000 Reward: 6151.671
---------------------------------------
Evaluation over 10 episodes: 6403.480
---------------------------------------
Total T: 571000 Episode Num: 571 Episode T: 1000 Reward: 6152.725
Total T: 572000 Episode Num: 572 Episode T: 1000 Reward: 6612.791
Total T: 573000 Episode Num: 573 Episode T: 1000 Reward: 6327.500
Total T: 574000 Episode Num: 574 Episode T: 1000 Reward: 6657.298
Total T: 575000 Episode Num: 575 Episode T: 1000 Reward: 6598.310
---------------------------------------
Evaluation over 10 episodes: 6729.464
---------------------------------------
Total T: 576000 Episode Num: 576 Episode T: 1000 Reward: 6801.690
Total T: 577000 Episode Num: 577 Episode T: 1000 Reward: 6266.217
Total T: 578000 Episode Num: 578 Episode T: 1000 Reward: 6110.674
Total T: 579000 Episode Num: 579 Episode T: 1000 Reward: 6185.417
Total T: 580000 Episode Num: 580 Episode T: 1000 Reward: 6744.566
---------------------------------------
Evaluation over 10 episodes: 5976.559
---------------------------------------
Total T: 581000 Episode Num: 581 Episode T: 1000 Reward: 6474.113
Total T: 582000 Episode Num: 582 Episode T: 1000 Reward: 6367.144
Total T: 583000 Episode Num: 583 Episode T: 1000 Reward: 6097.721
Total T: 584000 Episode Num: 584 Episode T: 1000 Reward: 6025.307
Total T: 585000 Episode Num: 585 Episode T: 1000 Reward: 7010.607
---------------------------------------
Evaluation over 10 episodes: 6557.574
---------------------------------------
Total T: 586000 Episode Num: 586 Episode T: 1000 Reward: 6605.608
Total T: 587000 Episode Num: 587 Episode T: 1000 Reward: 6232.672
Total T: 588000 Episode Num: 588 Episode T: 1000 Reward: 6308.336
Total T: 589000 Episode Num: 589 Episode T: 1000 Reward: 6812.133
Total T: 590000 Episode Num: 590 Episode T: 1000 Reward: 6127.517
---------------------------------------
Evaluation over 10 episodes: 5989.333
---------------------------------------
Total T: 591000 Episode Num: 591 Episode T: 1000 Reward: 6458.908
Total T: 592000 Episode Num: 592 Episode T: 1000 Reward: 6259.309
Total T: 593000 Episode Num: 593 Episode T: 1000 Reward: 6887.217
Total T: 594000 Episode Num: 594 Episode T: 1000 Reward: 6021.663
Total T: 595000 Episode Num: 595 Episode T: 1000 Reward: 6151.623
---------------------------------------
Evaluation over 10 episodes: 6564.886
---------------------------------------
Total T: 596000 Episode Num: 596 Episode T: 1000 Reward: 6245.789
Total T: 597000 Episode Num: 597 Episode T: 1000 Reward: 6593.203
Total T: 598000 Episode Num: 598 Episode T: 1000 Reward: 6619.273
Total T: 599000 Episode Num: 599 Episode T: 1000 Reward: 6013.742
Total T: 600000 Episode Num: 600 Episode T: 1000 Reward: 6143.183
---------------------------------------
Evaluation over 10 episodes: 6592.315
---------------------------------------
Total T: 601000 Episode Num: 601 Episode T: 1000 Reward: 6698.749
Total T: 602000 Episode Num: 602 Episode T: 1000 Reward: 6466.965
Total T: 603000 Episode Num: 603 Episode T: 1000 Reward: 6934.955
Total T: 604000 Episode Num: 604 Episode T: 1000 Reward: 6646.164
Total T: 605000 Episode Num: 605 Episode T: 1000 Reward: 6524.379
---------------------------------------
Evaluation over 10 episodes: 6127.761
---------------------------------------
Total T: 606000 Episode Num: 606 Episode T: 1000 Reward: 5890.467
Total T: 607000 Episode Num: 607 Episode T: 1000 Reward: 6440.858
Total T: 608000 Episode Num: 608 Episode T: 1000 Reward: 5859.684
Total T: 609000 Episode Num: 609 Episode T: 1000 Reward: 6655.985
Total T: 610000 Episode Num: 610 Episode T: 1000 Reward: 6111.912
---------------------------------------
Evaluation over 10 episodes: 6320.003
---------------------------------------
Total T: 611000 Episode Num: 611 Episode T: 1000 Reward: 6592.597
Total T: 612000 Episode Num: 612 Episode T: 1000 Reward: 4830.318
Total T: 613000 Episode Num: 613 Episode T: 1000 Reward: 6537.495
Total T: 614000 Episode Num: 614 Episode T: 1000 Reward: 6071.726
Total T: 615000 Episode Num: 615 Episode T: 1000 Reward: 6561.509
---------------------------------------
Evaluation over 10 episodes: 6060.598
---------------------------------------
Total T: 616000 Episode Num: 616 Episode T: 1000 Reward: 6478.968
Total T: 617000 Episode Num: 617 Episode T: 1000 Reward: 6811.972
Total T: 618000 Episode Num: 618 Episode T: 1000 Reward: 6760.751
Total T: 619000 Episode Num: 619 Episode T: 1000 Reward: 6735.876
Total T: 620000 Episode Num: 620 Episode T: 1000 Reward: 6203.446
---------------------------------------
Evaluation over 10 episodes: 6422.886
---------------------------------------
Total T: 621000 Episode Num: 621 Episode T: 1000 Reward: 6667.281
Total T: 622000 Episode Num: 622 Episode T: 1000 Reward: 6447.582
Total T: 623000 Episode Num: 623 Episode T: 1000 Reward: 6571.398
Total T: 624000 Episode Num: 624 Episode T: 1000 Reward: 6410.978
Total T: 625000 Episode Num: 625 Episode T: 1000 Reward: 6597.277
---------------------------------------
Evaluation over 10 episodes: 6266.198
---------------------------------------
Total T: 626000 Episode Num: 626 Episode T: 1000 Reward: 6009.019
Total T: 627000 Episode Num: 627 Episode T: 1000 Reward: 6356.102
Total T: 628000 Episode Num: 628 Episode T: 1000 Reward: 6873.376
Total T: 629000 Episode Num: 629 Episode T: 1000 Reward: 6686.676
Total T: 630000 Episode Num: 630 Episode T: 1000 Reward: 5984.839
---------------------------------------
Evaluation over 10 episodes: 6415.408
---------------------------------------
Total T: 631000 Episode Num: 631 Episode T: 1000 Reward: 6728.576
Total T: 632000 Episode Num: 632 Episode T: 1000 Reward: 6799.167
Total T: 633000 Episode Num: 633 Episode T: 1000 Reward: 6326.009
Total T: 634000 Episode Num: 634 Episode T: 1000 Reward: 6389.346
Total T: 635000 Episode Num: 635 Episode T: 1000 Reward: 6569.361
---------------------------------------
Evaluation over 10 episodes: 6206.910
---------------------------------------
Total T: 636000 Episode Num: 636 Episode T: 1000 Reward: 6324.782
Total T: 637000 Episode Num: 637 Episode T: 1000 Reward: 6417.272
Total T: 638000 Episode Num: 638 Episode T: 1000 Reward: 6941.566
Total T: 639000 Episode Num: 639 Episode T: 1000 Reward: 6521.297
Total T: 640000 Episode Num: 640 Episode T: 1000 Reward: 6685.284
---------------------------------------
Evaluation over 10 episodes: 6651.120
---------------------------------------
Total T: 641000 Episode Num: 641 Episode T: 1000 Reward: 6419.678
Total T: 642000 Episode Num: 642 Episode T: 1000 Reward: 6761.851
Total T: 643000 Episode Num: 643 Episode T: 1000 Reward: 6367.664
Total T: 644000 Episode Num: 644 Episode T: 1000 Reward: 6790.352
Total T: 645000 Episode Num: 645 Episode T: 1000 Reward: 6362.228
---------------------------------------
Evaluation over 10 episodes: 6104.123
---------------------------------------
Total T: 646000 Episode Num: 646 Episode T: 1000 Reward: 6341.322
Total T: 647000 Episode Num: 647 Episode T: 1000 Reward: 6683.487
Total T: 648000 Episode Num: 648 Episode T: 1000 Reward: 5919.646
Total T: 649000 Episode Num: 649 Episode T: 1000 Reward: 6010.760
Total T: 650000 Episode Num: 650 Episode T: 1000 Reward: 6282.947
---------------------------------------
Evaluation over 10 episodes: 6760.073
---------------------------------------
Total T: 651000 Episode Num: 651 Episode T: 1000 Reward: 6459.387
Total T: 652000 Episode Num: 652 Episode T: 1000 Reward: 6388.056
Total T: 653000 Episode Num: 653 Episode T: 1000 Reward: 6562.573
Total T: 654000 Episode Num: 654 Episode T: 1000 Reward: 6733.168
Total T: 655000 Episode Num: 655 Episode T: 1000 Reward: 7127.246
---------------------------------------
Evaluation over 10 episodes: 6834.032
---------------------------------------
Total T: 656000 Episode Num: 656 Episode T: 1000 Reward: 6478.543
Total T: 657000 Episode Num: 657 Episode T: 1000 Reward: 6978.872
Total T: 658000 Episode Num: 658 Episode T: 1000 Reward: 6618.995
Total T: 659000 Episode Num: 659 Episode T: 1000 Reward: 6682.885
Total T: 660000 Episode Num: 660 Episode T: 1000 Reward: 6289.657
---------------------------------------
Evaluation over 10 episodes: 6429.773
---------------------------------------
Total T: 661000 Episode Num: 661 Episode T: 1000 Reward: 6923.772
Total T: 662000 Episode Num: 662 Episode T: 1000 Reward: 6675.557
Total T: 663000 Episode Num: 663 Episode T: 1000 Reward: 6903.984
Total T: 664000 Episode Num: 664 Episode T: 1000 Reward: 6696.868
Total T: 665000 Episode Num: 665 Episode T: 1000 Reward: 7171.011
---------------------------------------
Evaluation over 10 episodes: 6443.163
---------------------------------------
Total T: 666000 Episode Num: 666 Episode T: 1000 Reward: 6271.590
Total T: 667000 Episode Num: 667 Episode T: 1000 Reward: 6478.805
Total T: 668000 Episode Num: 668 Episode T: 1000 Reward: 5995.898
Total T: 669000 Episode Num: 669 Episode T: 1000 Reward: 6619.690
Total T: 670000 Episode Num: 670 Episode T: 1000 Reward: 6608.806
---------------------------------------
Evaluation over 10 episodes: 6627.951
---------------------------------------
Total T: 671000 Episode Num: 671 Episode T: 1000 Reward: 6433.221
Total T: 672000 Episode Num: 672 Episode T: 1000 Reward: 6632.036
Total T: 673000 Episode Num: 673 Episode T: 1000 Reward: 6637.452
Total T: 674000 Episode Num: 674 Episode T: 1000 Reward: 7208.102
Total T: 675000 Episode Num: 675 Episode T: 1000 Reward: 6733.893
---------------------------------------
Evaluation over 10 episodes: 6344.823
---------------------------------------
Total T: 676000 Episode Num: 676 Episode T: 1000 Reward: 6623.752
Total T: 677000 Episode Num: 677 Episode T: 1000 Reward: 6736.828
Total T: 678000 Episode Num: 678 Episode T: 1000 Reward: 6842.905
Total T: 679000 Episode Num: 679 Episode T: 1000 Reward: 6251.094
Total T: 680000 Episode Num: 680 Episode T: 1000 Reward: 7185.115
---------------------------------------
Evaluation over 10 episodes: 6891.147
---------------------------------------
Total T: 681000 Episode Num: 681 Episode T: 1000 Reward: 6631.640
Total T: 682000 Episode Num: 682 Episode T: 1000 Reward: 6714.046
Total T: 683000 Episode Num: 683 Episode T: 1000 Reward: 6719.478
Total T: 684000 Episode Num: 684 Episode T: 1000 Reward: 6350.434
Total T: 685000 Episode Num: 685 Episode T: 1000 Reward: 6403.936
---------------------------------------
Evaluation over 10 episodes: 6271.686
---------------------------------------
Total T: 686000 Episode Num: 686 Episode T: 1000 Reward: 6772.621
Total T: 687000 Episode Num: 687 Episode T: 1000 Reward: 5717.377
Total T: 688000 Episode Num: 688 Episode T: 1000 Reward: 6351.795
Total T: 689000 Episode Num: 689 Episode T: 1000 Reward: 7005.993
Total T: 690000 Episode Num: 690 Episode T: 1000 Reward: 6058.122
---------------------------------------
Evaluation over 10 episodes: 6419.130
---------------------------------------
Total T: 691000 Episode Num: 691 Episode T: 1000 Reward: 6555.312
Total T: 692000 Episode Num: 692 Episode T: 1000 Reward: 6179.872
Total T: 693000 Episode Num: 693 Episode T: 1000 Reward: 6302.560
Total T: 694000 Episode Num: 694 Episode T: 1000 Reward: 6070.530
Total T: 695000 Episode Num: 695 Episode T: 1000 Reward: 6908.467
---------------------------------------
Evaluation over 10 episodes: 6648.966
---------------------------------------
Total T: 696000 Episode Num: 696 Episode T: 1000 Reward: 6806.267
Total T: 697000 Episode Num: 697 Episode T: 1000 Reward: 6433.963
Total T: 698000 Episode Num: 698 Episode T: 1000 Reward: 6734.082
Total T: 699000 Episode Num: 699 Episode T: 1000 Reward: 7232.453
Total T: 700000 Episode Num: 700 Episode T: 1000 Reward: 6501.025
---------------------------------------
Evaluation over 10 episodes: 6484.312
---------------------------------------
Total T: 701000 Episode Num: 701 Episode T: 1000 Reward: 6745.893
Total T: 702000 Episode Num: 702 Episode T: 1000 Reward: 6562.931
Total T: 703000 Episode Num: 703 Episode T: 1000 Reward: 6544.748
Total T: 704000 Episode Num: 704 Episode T: 1000 Reward: 6580.048
Total T: 705000 Episode Num: 705 Episode T: 1000 Reward: 7230.561
---------------------------------------
Evaluation over 10 episodes: 6657.250
---------------------------------------
Total T: 706000 Episode Num: 706 Episode T: 1000 Reward: 6244.809
Total T: 707000 Episode Num: 707 Episode T: 1000 Reward: 6485.530
Total T: 708000 Episode Num: 708 Episode T: 1000 Reward: 6575.618
Total T: 709000 Episode Num: 709 Episode T: 1000 Reward: 6297.655
Total T: 710000 Episode Num: 710 Episode T: 1000 Reward: 6634.175
---------------------------------------
Evaluation over 10 episodes: 6761.676
---------------------------------------
Total T: 711000 Episode Num: 711 Episode T: 1000 Reward: 6283.584
Total T: 712000 Episode Num: 712 Episode T: 1000 Reward: 6724.166
Total T: 713000 Episode Num: 713 Episode T: 1000 Reward: 6388.989
Total T: 714000 Episode Num: 714 Episode T: 1000 Reward: 6927.535
Total T: 715000 Episode Num: 715 Episode T: 1000 Reward: 6172.098
---------------------------------------
Evaluation over 10 episodes: 6505.903
---------------------------------------
Total T: 716000 Episode Num: 716 Episode T: 1000 Reward: 6879.572
Total T: 717000 Episode Num: 717 Episode T: 1000 Reward: 6800.655
Total T: 718000 Episode Num: 718 Episode T: 1000 Reward: 6956.356
Total T: 719000 Episode Num: 719 Episode T: 1000 Reward: 6500.536
Total T: 720000 Episode Num: 720 Episode T: 1000 Reward: 6632.013
---------------------------------------
Evaluation over 10 episodes: 6791.656
---------------------------------------
Total T: 721000 Episode Num: 721 Episode T: 1000 Reward: 6278.349
Total T: 722000 Episode Num: 722 Episode T: 1000 Reward: 6877.246
Total T: 723000 Episode Num: 723 Episode T: 1000 Reward: 6336.944
Total T: 724000 Episode Num: 724 Episode T: 1000 Reward: 6318.253
Total T: 725000 Episode Num: 725 Episode T: 1000 Reward: 6959.240
---------------------------------------
Evaluation over 10 episodes: 6604.542
---------------------------------------
Total T: 726000 Episode Num: 726 Episode T: 1000 Reward: 2162.896
Total T: 727000 Episode Num: 727 Episode T: 1000 Reward: 6743.280
Total T: 728000 Episode Num: 728 Episode T: 1000 Reward: 6635.607
Total T: 729000 Episode Num: 729 Episode T: 1000 Reward: 7038.633
Total T: 730000 Episode Num: 730 Episode T: 1000 Reward: 6983.634
---------------------------------------
Evaluation over 10 episodes: 6727.075
---------------------------------------
Total T: 731000 Episode Num: 731 Episode T: 1000 Reward: 6259.333
Total T: 732000 Episode Num: 732 Episode T: 1000 Reward: 6315.154
Total T: 733000 Episode Num: 733 Episode T: 1000 Reward: 6727.854
Total T: 734000 Episode Num: 734 Episode T: 1000 Reward: 6331.288
Total T: 735000 Episode Num: 735 Episode T: 1000 Reward: 6686.505
---------------------------------------
Evaluation over 10 episodes: 6335.951
---------------------------------------
Total T: 736000 Episode Num: 736 Episode T: 1000 Reward: 6545.491
Total T: 737000 Episode Num: 737 Episode T: 1000 Reward: 6699.183
Total T: 738000 Episode Num: 738 Episode T: 1000 Reward: 6463.154
Total T: 739000 Episode Num: 739 Episode T: 1000 Reward: 6815.454
Total T: 740000 Episode Num: 740 Episode T: 1000 Reward: 6646.261
---------------------------------------
Evaluation over 10 episodes: 6895.842
---------------------------------------
Total T: 741000 Episode Num: 741 Episode T: 1000 Reward: 6739.311
Total T: 742000 Episode Num: 742 Episode T: 1000 Reward: 6695.407
Total T: 743000 Episode Num: 743 Episode T: 1000 Reward: 6529.113
Total T: 744000 Episode Num: 744 Episode T: 1000 Reward: 6803.342
Total T: 745000 Episode Num: 745 Episode T: 1000 Reward: 6742.867
---------------------------------------
Evaluation over 10 episodes: 6568.178
---------------------------------------
Total T: 746000 Episode Num: 746 Episode T: 1000 Reward: 6426.609
Total T: 747000 Episode Num: 747 Episode T: 1000 Reward: 6496.835
Total T: 748000 Episode Num: 748 Episode T: 1000 Reward: 7494.171
Total T: 749000 Episode Num: 749 Episode T: 1000 Reward: 6969.224
Total T: 750000 Episode Num: 750 Episode T: 1000 Reward: 6456.931
---------------------------------------
Evaluation over 10 episodes: 6770.572
---------------------------------------
Total T: 751000 Episode Num: 751 Episode T: 1000 Reward: 6596.306
Total T: 752000 Episode Num: 752 Episode T: 1000 Reward: 6895.868
Total T: 753000 Episode Num: 753 Episode T: 1000 Reward: 6553.786
Total T: 754000 Episode Num: 754 Episode T: 1000 Reward: 6918.751
Total T: 755000 Episode Num: 755 Episode T: 1000 Reward: 7135.689
---------------------------------------
Evaluation over 10 episodes: 6707.168
---------------------------------------
Total T: 756000 Episode Num: 756 Episode T: 1000 Reward: 6951.643
Total T: 757000 Episode Num: 757 Episode T: 1000 Reward: 6569.802
Total T: 758000 Episode Num: 758 Episode T: 1000 Reward: 6619.034
Total T: 759000 Episode Num: 759 Episode T: 1000 Reward: 3577.664
Total T: 760000 Episode Num: 760 Episode T: 1000 Reward: 7028.976
---------------------------------------
Evaluation over 10 episodes: 6457.084
---------------------------------------
Total T: 761000 Episode Num: 761 Episode T: 1000 Reward: 7070.011
Total T: 762000 Episode Num: 762 Episode T: 1000 Reward: 7013.320
Total T: 763000 Episode Num: 763 Episode T: 1000 Reward: 6992.005
Total T: 764000 Episode Num: 764 Episode T: 1000 Reward: 6682.175
Total T: 765000 Episode Num: 765 Episode T: 1000 Reward: 6329.166
---------------------------------------
Evaluation over 10 episodes: 6867.117
---------------------------------------
Total T: 766000 Episode Num: 766 Episode T: 1000 Reward: 6738.850
Total T: 767000 Episode Num: 767 Episode T: 1000 Reward: 5833.876
Total T: 768000 Episode Num: 768 Episode T: 1000 Reward: 6088.761
Total T: 769000 Episode Num: 769 Episode T: 1000 Reward: 6494.317
Total T: 770000 Episode Num: 770 Episode T: 1000 Reward: 6994.094
---------------------------------------
Evaluation over 10 episodes: 6984.187
---------------------------------------
Total T: 771000 Episode Num: 771 Episode T: 1000 Reward: 6575.924
Total T: 772000 Episode Num: 772 Episode T: 1000 Reward: 6874.341
Total T: 773000 Episode Num: 773 Episode T: 1000 Reward: 6792.053
Total T: 774000 Episode Num: 774 Episode T: 1000 Reward: 6697.405
Total T: 775000 Episode Num: 775 Episode T: 1000 Reward: 6898.131
---------------------------------------
Evaluation over 10 episodes: 6666.480
---------------------------------------
Total T: 776000 Episode Num: 776 Episode T: 1000 Reward: 6949.366
Total T: 777000 Episode Num: 777 Episode T: 1000 Reward: 6847.918
Total T: 778000 Episode Num: 778 Episode T: 1000 Reward: 7391.371
Total T: 779000 Episode Num: 779 Episode T: 1000 Reward: 6818.399
Total T: 780000 Episode Num: 780 Episode T: 1000 Reward: 6691.351
---------------------------------------
Evaluation over 10 episodes: 7170.206
---------------------------------------
Total T: 781000 Episode Num: 781 Episode T: 1000 Reward: 6969.268
Total T: 782000 Episode Num: 782 Episode T: 1000 Reward: 6750.554
Total T: 783000 Episode Num: 783 Episode T: 1000 Reward: 7099.779
Total T: 784000 Episode Num: 784 Episode T: 1000 Reward: 6632.262
Total T: 785000 Episode Num: 785 Episode T: 1000 Reward: 6062.870
---------------------------------------
Evaluation over 10 episodes: 6790.576
---------------------------------------
Total T: 786000 Episode Num: 786 Episode T: 1000 Reward: 6287.757
Total T: 787000 Episode Num: 787 Episode T: 1000 Reward: 7378.747
Total T: 788000 Episode Num: 788 Episode T: 1000 Reward: 7086.379
Total T: 789000 Episode Num: 789 Episode T: 1000 Reward: 7126.343
Total T: 790000 Episode Num: 790 Episode T: 1000 Reward: 6885.162
---------------------------------------
Evaluation over 10 episodes: 6807.287
---------------------------------------
Total T: 791000 Episode Num: 791 Episode T: 1000 Reward: 6886.886
Total T: 792000 Episode Num: 792 Episode T: 1000 Reward: 6595.850
Total T: 793000 Episode Num: 793 Episode T: 1000 Reward: 6426.089
Total T: 794000 Episode Num: 794 Episode T: 1000 Reward: 6537.695
Total T: 795000 Episode Num: 795 Episode T: 1000 Reward: 6654.373
---------------------------------------
Evaluation over 10 episodes: 6653.931
---------------------------------------
Total T: 796000 Episode Num: 796 Episode T: 1000 Reward: 7153.265
Total T: 797000 Episode Num: 797 Episode T: 1000 Reward: 1982.884
Total T: 798000 Episode Num: 798 Episode T: 1000 Reward: 6726.901
Total T: 799000 Episode Num: 799 Episode T: 1000 Reward: 6520.860
Total T: 800000 Episode Num: 800 Episode T: 1000 Reward: 7204.640
---------------------------------------
Evaluation over 10 episodes: 6861.477
---------------------------------------
Total T: 801000 Episode Num: 801 Episode T: 1000 Reward: 6825.448
Total T: 802000 Episode Num: 802 Episode T: 1000 Reward: 7040.977
Total T: 803000 Episode Num: 803 Episode T: 1000 Reward: 7195.893
Total T: 804000 Episode Num: 804 Episode T: 1000 Reward: 7094.994
Total T: 805000 Episode Num: 805 Episode T: 1000 Reward: 6531.980
---------------------------------------
Evaluation over 10 episodes: 6714.526
---------------------------------------
Total T: 806000 Episode Num: 806 Episode T: 1000 Reward: 6625.748
Total T: 807000 Episode Num: 807 Episode T: 1000 Reward: 6413.866
Total T: 808000 Episode Num: 808 Episode T: 1000 Reward: 6869.357
Total T: 809000 Episode Num: 809 Episode T: 1000 Reward: 6736.623
Total T: 810000 Episode Num: 810 Episode T: 1000 Reward: 6773.956
---------------------------------------
Evaluation over 10 episodes: 6924.926
---------------------------------------
Total T: 811000 Episode Num: 811 Episode T: 1000 Reward: 6700.923
Total T: 812000 Episode Num: 812 Episode T: 1000 Reward: 7123.478
Total T: 813000 Episode Num: 813 Episode T: 1000 Reward: 6391.628
Total T: 814000 Episode Num: 814 Episode T: 1000 Reward: 6721.110
Total T: 815000 Episode Num: 815 Episode T: 1000 Reward: 6813.759
---------------------------------------
Evaluation over 10 episodes: 6909.798
---------------------------------------
Total T: 816000 Episode Num: 816 Episode T: 1000 Reward: 6602.082
Total T: 817000 Episode Num: 817 Episode T: 1000 Reward: 6569.610
Total T: 818000 Episode Num: 818 Episode T: 1000 Reward: 6802.107
Total T: 819000 Episode Num: 819 Episode T: 1000 Reward: 6716.789
Total T: 820000 Episode Num: 820 Episode T: 1000 Reward: 6759.831
---------------------------------------
Evaluation over 10 episodes: 6921.675
---------------------------------------
Total T: 821000 Episode Num: 821 Episode T: 1000 Reward: 6891.875
Total T: 822000 Episode Num: 822 Episode T: 1000 Reward: 6483.836
Total T: 823000 Episode Num: 823 Episode T: 1000 Reward: 6721.628
Total T: 824000 Episode Num: 824 Episode T: 1000 Reward: 6504.922
Total T: 825000 Episode Num: 825 Episode T: 1000 Reward: 6277.236
---------------------------------------
Evaluation over 10 episodes: 6320.277
---------------------------------------
Total T: 826000 Episode Num: 826 Episode T: 1000 Reward: 6965.956
Total T: 827000 Episode Num: 827 Episode T: 1000 Reward: 6916.699
Total T: 828000 Episode Num: 828 Episode T: 1000 Reward: 6575.864
Total T: 829000 Episode Num: 829 Episode T: 1000 Reward: 7247.087
Total T: 830000 Episode Num: 830 Episode T: 1000 Reward: 6873.671
---------------------------------------
Evaluation over 10 episodes: 7127.751
---------------------------------------
Total T: 831000 Episode Num: 831 Episode T: 1000 Reward: 6187.765
Total T: 832000 Episode Num: 832 Episode T: 1000 Reward: 6461.526
Total T: 833000 Episode Num: 833 Episode T: 1000 Reward: 6874.281
Total T: 834000 Episode Num: 834 Episode T: 1000 Reward: 7452.573
Total T: 835000 Episode Num: 835 Episode T: 1000 Reward: 7030.891
---------------------------------------
Evaluation over 10 episodes: 7052.774
---------------------------------------
Total T: 836000 Episode Num: 836 Episode T: 1000 Reward: 6401.751
Total T: 837000 Episode Num: 837 Episode T: 1000 Reward: 6987.627
Total T: 838000 Episode Num: 838 Episode T: 1000 Reward: 7158.836
Total T: 839000 Episode Num: 839 Episode T: 1000 Reward: 6859.664
Total T: 840000 Episode Num: 840 Episode T: 1000 Reward: 6961.048
---------------------------------------
Evaluation over 10 episodes: 6973.078
---------------------------------------
Total T: 841000 Episode Num: 841 Episode T: 1000 Reward: 7183.980
Total T: 842000 Episode Num: 842 Episode T: 1000 Reward: 6367.977
Total T: 843000 Episode Num: 843 Episode T: 1000 Reward: 7053.019
Total T: 844000 Episode Num: 844 Episode T: 1000 Reward: 7534.450
Total T: 845000 Episode Num: 845 Episode T: 1000 Reward: 6799.736
---------------------------------------
Evaluation over 10 episodes: 7131.117
---------------------------------------
Total T: 846000 Episode Num: 846 Episode T: 1000 Reward: 6936.947
Total T: 847000 Episode Num: 847 Episode T: 1000 Reward: 6613.944
Total T: 848000 Episode Num: 848 Episode T: 1000 Reward: 6870.578
Total T: 849000 Episode Num: 849 Episode T: 1000 Reward: 7117.307
Total T: 850000 Episode Num: 850 Episode T: 1000 Reward: 7026.951
---------------------------------------
Evaluation over 10 episodes: 6962.815
---------------------------------------
Total T: 851000 Episode Num: 851 Episode T: 1000 Reward: 7098.836
Total T: 852000 Episode Num: 852 Episode T: 1000 Reward: 6651.139
Total T: 853000 Episode Num: 853 Episode T: 1000 Reward: 6923.817
Total T: 854000 Episode Num: 854 Episode T: 1000 Reward: 6179.901
Total T: 855000 Episode Num: 855 Episode T: 1000 Reward: 7028.277
---------------------------------------
Evaluation over 10 episodes: 6899.947
---------------------------------------
Total T: 856000 Episode Num: 856 Episode T: 1000 Reward: 6618.061
Total T: 857000 Episode Num: 857 Episode T: 1000 Reward: 6910.039
Total T: 858000 Episode Num: 858 Episode T: 1000 Reward: 7048.284
Total T: 859000 Episode Num: 859 Episode T: 1000 Reward: 6877.131
Total T: 860000 Episode Num: 860 Episode T: 1000 Reward: 7410.648
---------------------------------------
Evaluation over 10 episodes: 7184.259
---------------------------------------
Total T: 861000 Episode Num: 861 Episode T: 1000 Reward: 7518.974
Total T: 862000 Episode Num: 862 Episode T: 1000 Reward: 6908.065
Total T: 863000 Episode Num: 863 Episode T: 1000 Reward: 7077.569
Total T: 864000 Episode Num: 864 Episode T: 1000 Reward: 7100.967
Total T: 865000 Episode Num: 865 Episode T: 1000 Reward: 7086.221
---------------------------------------
Evaluation over 10 episodes: 7142.077
---------------------------------------
Total T: 866000 Episode Num: 866 Episode T: 1000 Reward: 6987.931
Total T: 867000 Episode Num: 867 Episode T: 1000 Reward: 6748.112
Total T: 868000 Episode Num: 868 Episode T: 1000 Reward: 6402.861
Total T: 869000 Episode Num: 869 Episode T: 1000 Reward: 7236.129
Total T: 870000 Episode Num: 870 Episode T: 1000 Reward: 6849.458
---------------------------------------
Evaluation over 10 episodes: 7027.935
---------------------------------------
Total T: 871000 Episode Num: 871 Episode T: 1000 Reward: 7469.542
Total T: 872000 Episode Num: 872 Episode T: 1000 Reward: 6818.814
Total T: 873000 Episode Num: 873 Episode T: 1000 Reward: 6534.559
Total T: 874000 Episode Num: 874 Episode T: 1000 Reward: 7182.933
Total T: 875000 Episode Num: 875 Episode T: 1000 Reward: 6828.935
---------------------------------------
Evaluation over 10 episodes: 6834.949
---------------------------------------
Total T: 876000 Episode Num: 876 Episode T: 1000 Reward: 7468.154
Total T: 877000 Episode Num: 877 Episode T: 1000 Reward: 7043.600
Total T: 878000 Episode Num: 878 Episode T: 1000 Reward: 6564.436
Total T: 879000 Episode Num: 879 Episode T: 1000 Reward: 7496.234
Total T: 880000 Episode Num: 880 Episode T: 1000 Reward: 6747.367
---------------------------------------
Evaluation over 10 episodes: 6978.508
---------------------------------------
Total T: 881000 Episode Num: 881 Episode T: 1000 Reward: 6889.426
Total T: 882000 Episode Num: 882 Episode T: 1000 Reward: 7081.465
Total T: 883000 Episode Num: 883 Episode T: 1000 Reward: 7050.046
Total T: 884000 Episode Num: 884 Episode T: 1000 Reward: 6942.432
Total T: 885000 Episode Num: 885 Episode T: 1000 Reward: 6742.191
---------------------------------------
Evaluation over 10 episodes: 7029.462
---------------------------------------
Total T: 886000 Episode Num: 886 Episode T: 1000 Reward: 7166.411
Total T: 887000 Episode Num: 887 Episode T: 1000 Reward: 6854.119
Total T: 888000 Episode Num: 888 Episode T: 1000 Reward: 6944.302
Total T: 889000 Episode Num: 889 Episode T: 1000 Reward: 6268.685
Total T: 890000 Episode Num: 890 Episode T: 1000 Reward: 7393.902
---------------------------------------
Evaluation over 10 episodes: 6969.360
---------------------------------------
Total T: 891000 Episode Num: 891 Episode T: 1000 Reward: 6661.713
Total T: 892000 Episode Num: 892 Episode T: 1000 Reward: 7387.876
Total T: 893000 Episode Num: 893 Episode T: 1000 Reward: 6557.047
Total T: 894000 Episode Num: 894 Episode T: 1000 Reward: 7082.625
Total T: 895000 Episode Num: 895 Episode T: 1000 Reward: 6979.037
---------------------------------------
Evaluation over 10 episodes: 6724.541
---------------------------------------
Total T: 896000 Episode Num: 896 Episode T: 1000 Reward: 6818.864
Total T: 897000 Episode Num: 897 Episode T: 1000 Reward: 7292.443
Total T: 898000 Episode Num: 898 Episode T: 1000 Reward: 6666.327
Total T: 899000 Episode Num: 899 Episode T: 1000 Reward: 6895.218
Total T: 900000 Episode Num: 900 Episode T: 1000 Reward: 6691.366
---------------------------------------
Evaluation over 10 episodes: 7114.285
---------------------------------------
Total T: 901000 Episode Num: 901 Episode T: 1000 Reward: 6995.145
Total T: 902000 Episode Num: 902 Episode T: 1000 Reward: 6967.398
Total T: 903000 Episode Num: 903 Episode T: 1000 Reward: 6222.239
Total T: 904000 Episode Num: 904 Episode T: 1000 Reward: 7219.636
Total T: 905000 Episode Num: 905 Episode T: 1000 Reward: 7072.726
---------------------------------------
Evaluation over 10 episodes: 7289.673
---------------------------------------
Total T: 906000 Episode Num: 906 Episode T: 1000 Reward: 7618.671
Total T: 907000 Episode Num: 907 Episode T: 1000 Reward: 7282.146
Total T: 908000 Episode Num: 908 Episode T: 1000 Reward: 6997.653
Total T: 909000 Episode Num: 909 Episode T: 1000 Reward: 6835.872
Total T: 910000 Episode Num: 910 Episode T: 1000 Reward: 7174.507
---------------------------------------
Evaluation over 10 episodes: 6938.105
---------------------------------------
Total T: 911000 Episode Num: 911 Episode T: 1000 Reward: 7118.302
Total T: 912000 Episode Num: 912 Episode T: 1000 Reward: 6902.815
Total T: 913000 Episode Num: 913 Episode T: 1000 Reward: 6514.912
Total T: 914000 Episode Num: 914 Episode T: 1000 Reward: 6865.955
Total T: 915000 Episode Num: 915 Episode T: 1000 Reward: 7240.686
---------------------------------------
Evaluation over 10 episodes: 7233.835
---------------------------------------
Total T: 916000 Episode Num: 916 Episode T: 1000 Reward: 7490.500
Total T: 917000 Episode Num: 917 Episode T: 1000 Reward: 7257.318
Total T: 918000 Episode Num: 918 Episode T: 1000 Reward: 7276.351
Total T: 919000 Episode Num: 919 Episode T: 1000 Reward: 7599.212
Total T: 920000 Episode Num: 920 Episode T: 1000 Reward: 7302.489
---------------------------------------
Evaluation over 10 episodes: 6788.030
---------------------------------------
Total T: 921000 Episode Num: 921 Episode T: 1000 Reward: 7036.828
Total T: 922000 Episode Num: 922 Episode T: 1000 Reward: 6768.769
Total T: 923000 Episode Num: 923 Episode T: 1000 Reward: 7157.797
Total T: 924000 Episode Num: 924 Episode T: 1000 Reward: 7320.125
Total T: 925000 Episode Num: 925 Episode T: 1000 Reward: 6420.752
---------------------------------------
Evaluation over 10 episodes: 7407.843
---------------------------------------
Total T: 926000 Episode Num: 926 Episode T: 1000 Reward: 6771.521
Total T: 927000 Episode Num: 927 Episode T: 1000 Reward: 7091.255
Total T: 928000 Episode Num: 928 Episode T: 1000 Reward: 7366.704
Total T: 929000 Episode Num: 929 Episode T: 1000 Reward: 6919.602
Total T: 930000 Episode Num: 930 Episode T: 1000 Reward: 7345.212
---------------------------------------
Evaluation over 10 episodes: 7022.098
---------------------------------------
Total T: 931000 Episode Num: 931 Episode T: 1000 Reward: 7648.758
Total T: 932000 Episode Num: 932 Episode T: 1000 Reward: 7370.235
Total T: 933000 Episode Num: 933 Episode T: 1000 Reward: 7437.810
Total T: 934000 Episode Num: 934 Episode T: 1000 Reward: 7515.767
Total T: 935000 Episode Num: 935 Episode T: 1000 Reward: 7596.103
---------------------------------------
Evaluation over 10 episodes: 7466.071
---------------------------------------
Total T: 936000 Episode Num: 936 Episode T: 1000 Reward: 6952.245
Total T: 937000 Episode Num: 937 Episode T: 1000 Reward: 7268.510
Total T: 938000 Episode Num: 938 Episode T: 1000 Reward: 7009.799
Total T: 939000 Episode Num: 939 Episode T: 1000 Reward: 6681.648
Total T: 940000 Episode Num: 940 Episode T: 1000 Reward: 6642.715
---------------------------------------
Evaluation over 10 episodes: 6937.849
---------------------------------------
Total T: 941000 Episode Num: 941 Episode T: 1000 Reward: 6594.384
Total T: 942000 Episode Num: 942 Episode T: 1000 Reward: 6776.647
Total T: 943000 Episode Num: 943 Episode T: 1000 Reward: 6669.226
Total T: 944000 Episode Num: 944 Episode T: 1000 Reward: 6570.871
Total T: 945000 Episode Num: 945 Episode T: 1000 Reward: 6748.997
---------------------------------------
Evaluation over 10 episodes: 7027.983
---------------------------------------
Total T: 946000 Episode Num: 946 Episode T: 1000 Reward: 6972.664
Total T: 947000 Episode Num: 947 Episode T: 1000 Reward: 6743.423
Total T: 948000 Episode Num: 948 Episode T: 1000 Reward: 6817.561
Total T: 949000 Episode Num: 949 Episode T: 1000 Reward: 7162.586
Total T: 950000 Episode Num: 950 Episode T: 1000 Reward: 7098.894
---------------------------------------
Evaluation over 10 episodes: 7389.869
---------------------------------------
Total T: 951000 Episode Num: 951 Episode T: 1000 Reward: 7415.214
Total T: 952000 Episode Num: 952 Episode T: 1000 Reward: 7260.475
Total T: 953000 Episode Num: 953 Episode T: 1000 Reward: 7379.297
Total T: 954000 Episode Num: 954 Episode T: 1000 Reward: 7112.337
Total T: 955000 Episode Num: 955 Episode T: 1000 Reward: 6447.425
---------------------------------------
Evaluation over 10 episodes: 6952.345
---------------------------------------
Total T: 956000 Episode Num: 956 Episode T: 1000 Reward: 7266.962
Total T: 957000 Episode Num: 957 Episode T: 1000 Reward: 7123.413
Total T: 958000 Episode Num: 958 Episode T: 1000 Reward: 7117.914
Total T: 959000 Episode Num: 959 Episode T: 1000 Reward: 6841.212
Total T: 960000 Episode Num: 960 Episode T: 1000 Reward: 7330.074
---------------------------------------
Evaluation over 10 episodes: 7108.709
---------------------------------------
Total T: 961000 Episode Num: 961 Episode T: 1000 Reward: 7516.444
Total T: 962000 Episode Num: 962 Episode T: 1000 Reward: 6972.506
Total T: 963000 Episode Num: 963 Episode T: 1000 Reward: 6946.531
Total T: 964000 Episode Num: 964 Episode T: 1000 Reward: 7328.377
Total T: 965000 Episode Num: 965 Episode T: 1000 Reward: 6944.157
---------------------------------------
Evaluation over 10 episodes: 6161.069
---------------------------------------
Total T: 966000 Episode Num: 966 Episode T: 1000 Reward: 7303.302
Total T: 967000 Episode Num: 967 Episode T: 1000 Reward: 6821.998
Total T: 968000 Episode Num: 968 Episode T: 1000 Reward: 7297.943
Total T: 969000 Episode Num: 969 Episode T: 1000 Reward: 6999.250
Total T: 970000 Episode Num: 970 Episode T: 1000 Reward: 7235.922
---------------------------------------
Evaluation over 10 episodes: 7176.742
---------------------------------------
Total T: 971000 Episode Num: 971 Episode T: 1000 Reward: 7674.157
Total T: 972000 Episode Num: 972 Episode T: 1000 Reward: 7264.055
Total T: 973000 Episode Num: 973 Episode T: 1000 Reward: 7428.172
Total T: 974000 Episode Num: 974 Episode T: 1000 Reward: 7363.614
Total T: 975000 Episode Num: 975 Episode T: 1000 Reward: 8151.039
---------------------------------------
Evaluation over 10 episodes: 7113.643
---------------------------------------
Total T: 976000 Episode Num: 976 Episode T: 1000 Reward: 6815.344
Total T: 977000 Episode Num: 977 Episode T: 1000 Reward: 6929.148
Total T: 978000 Episode Num: 978 Episode T: 1000 Reward: 6697.701
Total T: 979000 Episode Num: 979 Episode T: 1000 Reward: 7616.196
Total T: 980000 Episode Num: 980 Episode T: 1000 Reward: 7395.417
---------------------------------------
Evaluation over 10 episodes: 7602.277
---------------------------------------
Total T: 981000 Episode Num: 981 Episode T: 1000 Reward: 6602.678
Total T: 982000 Episode Num: 982 Episode T: 1000 Reward: 7043.102
Total T: 983000 Episode Num: 983 Episode T: 1000 Reward: 6670.177
Total T: 984000 Episode Num: 984 Episode T: 1000 Reward: 7656.859
Total T: 985000 Episode Num: 985 Episode T: 1000 Reward: 7104.779
---------------------------------------
Evaluation over 10 episodes: 7152.837
---------------------------------------
Total T: 986000 Episode Num: 986 Episode T: 1000 Reward: 7228.764
Total T: 987000 Episode Num: 987 Episode T: 1000 Reward: 7211.406
Total T: 988000 Episode Num: 988 Episode T: 1000 Reward: 6616.256
Total T: 989000 Episode Num: 989 Episode T: 1000 Reward: 7186.914
Total T: 990000 Episode Num: 990 Episode T: 1000 Reward: 7103.803
---------------------------------------
Evaluation over 10 episodes: 7158.411
---------------------------------------
Total T: 991000 Episode Num: 991 Episode T: 1000 Reward: 6991.988
Total T: 992000 Episode Num: 992 Episode T: 1000 Reward: 6830.129
Total T: 993000 Episode Num: 993 Episode T: 1000 Reward: 6876.982
Total T: 994000 Episode Num: 994 Episode T: 1000 Reward: 7169.731
Total T: 995000 Episode Num: 995 Episode T: 1000 Reward: 7310.185
---------------------------------------
Evaluation over 10 episodes: 7448.875
---------------------------------------
Total T: 996000 Episode Num: 996 Episode T: 1000 Reward: 7199.603
Total T: 997000 Episode Num: 997 Episode T: 1000 Reward: 6375.603
Total T: 998000 Episode Num: 998 Episode T: 1000 Reward: 7466.957
Total T: 999000 Episode Num: 999 Episode T: 1000 Reward: 7473.159
Total T: 1000000 Episode Num: 1000 Episode T: 1000 Reward: 7389.495
---------------------------------------
Evaluation over 10 episodes: 7289.151
---------------------------------------
