---------------------------------------
Policy: TD3, Env: HalfCheetah-v2, Seed: 0
---------------------------------------
---------------------------------------
Evaluation over 10 episodes: -48.691
---------------------------------------
Total T: 1000 Episode Num: 1 Episode T: 1000 Reward: -409.956
Total T: 2000 Episode Num: 2 Episode T: 1000 Reward: -239.541
Total T: 3000 Episode Num: 3 Episode T: 1000 Reward: -321.863
Total T: 4000 Episode Num: 4 Episode T: 1000 Reward: -376.030
Total T: 5000 Episode Num: 5 Episode T: 1000 Reward: -216.202
---------------------------------------
Evaluation over 10 episodes: -41.196
---------------------------------------
Total T: 6000 Episode Num: 6 Episode T: 1000 Reward: -339.882
Total T: 7000 Episode Num: 7 Episode T: 1000 Reward: -288.536
Total T: 8000 Episode Num: 8 Episode T: 1000 Reward: -334.727
Total T: 9000 Episode Num: 9 Episode T: 1000 Reward: -329.909
Total T: 10000 Episode Num: 10 Episode T: 1000 Reward: -157.793
---------------------------------------
Evaluation over 10 episodes: -47.553
---------------------------------------
Total T: 11000 Episode Num: 11 Episode T: 1000 Reward: -313.943
Total T: 12000 Episode Num: 12 Episode T: 1000 Reward: -190.324
Total T: 13000 Episode Num: 13 Episode T: 1000 Reward: -191.180
Total T: 14000 Episode Num: 14 Episode T: 1000 Reward: -340.949
Total T: 15000 Episode Num: 15 Episode T: 1000 Reward: -271.177
---------------------------------------
Evaluation over 10 episodes: -43.308
---------------------------------------
Total T: 16000 Episode Num: 16 Episode T: 1000 Reward: -227.092
Total T: 17000 Episode Num: 17 Episode T: 1000 Reward: -212.681
Total T: 18000 Episode Num: 18 Episode T: 1000 Reward: -374.110
Total T: 19000 Episode Num: 19 Episode T: 1000 Reward: -313.093
Total T: 20000 Episode Num: 20 Episode T: 1000 Reward: -180.822
---------------------------------------
Evaluation over 10 episodes: -46.828
---------------------------------------
Total T: 21000 Episode Num: 21 Episode T: 1000 Reward: -406.498
Total T: 22000 Episode Num: 22 Episode T: 1000 Reward: -284.039
Total T: 23000 Episode Num: 23 Episode T: 1000 Reward: -154.515
Total T: 24000 Episode Num: 24 Episode T: 1000 Reward: -438.910
Total T: 25000 Episode Num: 25 Episode T: 1000 Reward: -426.197
---------------------------------------
Evaluation over 10 episodes: -50.385
---------------------------------------
Total T: 26000 Episode Num: 26 Episode T: 1000 Reward: -545.623
Total T: 27000 Episode Num: 27 Episode T: 1000 Reward: -519.084
Total T: 28000 Episode Num: 28 Episode T: 1000 Reward: -513.788
Total T: 29000 Episode Num: 29 Episode T: 1000 Reward: -529.200
Total T: 30000 Episode Num: 30 Episode T: 1000 Reward: -488.631
---------------------------------------
Evaluation over 10 episodes: -346.335
---------------------------------------
Total T: 31000 Episode Num: 31 Episode T: 1000 Reward: -415.278
Total T: 32000 Episode Num: 32 Episode T: 1000 Reward: -333.547
Total T: 33000 Episode Num: 33 Episode T: 1000 Reward: -344.988
Total T: 34000 Episode Num: 34 Episode T: 1000 Reward: -224.753
Total T: 35000 Episode Num: 35 Episode T: 1000 Reward: -53.248
---------------------------------------
Evaluation over 10 episodes: 43.808
---------------------------------------
Total T: 36000 Episode Num: 36 Episode T: 1000 Reward: 123.712
Total T: 37000 Episode Num: 37 Episode T: 1000 Reward: 75.456
Total T: 38000 Episode Num: 38 Episode T: 1000 Reward: 27.278
Total T: 39000 Episode Num: 39 Episode T: 1000 Reward: -39.058
Total T: 40000 Episode Num: 40 Episode T: 1000 Reward: -94.636
---------------------------------------
Evaluation over 10 episodes: -184.785
---------------------------------------
Total T: 41000 Episode Num: 41 Episode T: 1000 Reward: 95.143
Total T: 42000 Episode Num: 42 Episode T: 1000 Reward: -376.423
Total T: 43000 Episode Num: 43 Episode T: 1000 Reward: -643.766
Total T: 44000 Episode Num: 44 Episode T: 1000 Reward: -167.976
Total T: 45000 Episode Num: 45 Episode T: 1000 Reward: -225.752
---------------------------------------
Evaluation over 10 episodes: -434.302
---------------------------------------
Total T: 46000 Episode Num: 46 Episode T: 1000 Reward: -478.464
Total T: 47000 Episode Num: 47 Episode T: 1000 Reward: -377.744
Total T: 48000 Episode Num: 48 Episode T: 1000 Reward: 164.920
Total T: 49000 Episode Num: 49 Episode T: 1000 Reward: -99.105
Total T: 50000 Episode Num: 50 Episode T: 1000 Reward: -480.920
---------------------------------------
Evaluation over 10 episodes: -95.392
---------------------------------------
Total T: 51000 Episode Num: 51 Episode T: 1000 Reward: -134.526
Total T: 52000 Episode Num: 52 Episode T: 1000 Reward: 60.216
Total T: 53000 Episode Num: 53 Episode T: 1000 Reward: -58.606
Total T: 54000 Episode Num: 54 Episode T: 1000 Reward: 393.126
Total T: 55000 Episode Num: 55 Episode T: 1000 Reward: 880.128
---------------------------------------
Evaluation over 10 episodes: 673.142
---------------------------------------
Total T: 56000 Episode Num: 56 Episode T: 1000 Reward: 1151.538
Total T: 57000 Episode Num: 57 Episode T: 1000 Reward: 1000.474
Total T: 58000 Episode Num: 58 Episode T: 1000 Reward: 1165.817
Total T: 59000 Episode Num: 59 Episode T: 1000 Reward: 935.744
Total T: 60000 Episode Num: 60 Episode T: 1000 Reward: 370.307
---------------------------------------
Evaluation over 10 episodes: 817.017
---------------------------------------
Total T: 61000 Episode Num: 61 Episode T: 1000 Reward: 942.281
Total T: 62000 Episode Num: 62 Episode T: 1000 Reward: 1091.306
Total T: 63000 Episode Num: 63 Episode T: 1000 Reward: 1240.403
Total T: 64000 Episode Num: 64 Episode T: 1000 Reward: 987.957
Total T: 65000 Episode Num: 65 Episode T: 1000 Reward: 555.573
---------------------------------------
Evaluation over 10 episodes: 784.355
---------------------------------------
Total T: 66000 Episode Num: 66 Episode T: 1000 Reward: 1076.050
Total T: 67000 Episode Num: 67 Episode T: 1000 Reward: 691.646
Total T: 68000 Episode Num: 68 Episode T: 1000 Reward: 1289.096
Total T: 69000 Episode Num: 69 Episode T: 1000 Reward: 1367.538
Total T: 70000 Episode Num: 70 Episode T: 1000 Reward: 682.787
---------------------------------------
Evaluation over 10 episodes: 1179.214
---------------------------------------
Total T: 71000 Episode Num: 71 Episode T: 1000 Reward: 783.240
Total T: 72000 Episode Num: 72 Episode T: 1000 Reward: 792.107
Total T: 73000 Episode Num: 73 Episode T: 1000 Reward: 335.836
Total T: 74000 Episode Num: 74 Episode T: 1000 Reward: 391.413
Total T: 75000 Episode Num: 75 Episode T: 1000 Reward: 1092.070
---------------------------------------
Evaluation over 10 episodes: 1397.935
---------------------------------------
Total T: 76000 Episode Num: 76 Episode T: 1000 Reward: 1622.832
Total T: 77000 Episode Num: 77 Episode T: 1000 Reward: 1793.437
Total T: 78000 Episode Num: 78 Episode T: 1000 Reward: 1605.481
Total T: 79000 Episode Num: 79 Episode T: 1000 Reward: 1236.286
Total T: 80000 Episode Num: 80 Episode T: 1000 Reward: 629.004
---------------------------------------
Evaluation over 10 episodes: 1684.033
---------------------------------------
Total T: 81000 Episode Num: 81 Episode T: 1000 Reward: 930.967
Total T: 82000 Episode Num: 82 Episode T: 1000 Reward: 1936.431
Total T: 83000 Episode Num: 83 Episode T: 1000 Reward: 2010.618
Total T: 84000 Episode Num: 84 Episode T: 1000 Reward: 2256.747
Total T: 85000 Episode Num: 85 Episode T: 1000 Reward: 2071.286
---------------------------------------
Evaluation over 10 episodes: 1946.546
---------------------------------------
Total T: 86000 Episode Num: 86 Episode T: 1000 Reward: 2174.908
Total T: 87000 Episode Num: 87 Episode T: 1000 Reward: 2013.560
Total T: 88000 Episode Num: 88 Episode T: 1000 Reward: 2076.040
Total T: 89000 Episode Num: 89 Episode T: 1000 Reward: 2446.503
Total T: 90000 Episode Num: 90 Episode T: 1000 Reward: 2207.320
---------------------------------------
Evaluation over 10 episodes: 2298.800
---------------------------------------
Total T: 91000 Episode Num: 91 Episode T: 1000 Reward: 2427.556
Total T: 92000 Episode Num: 92 Episode T: 1000 Reward: 2625.686
Total T: 93000 Episode Num: 93 Episode T: 1000 Reward: 2639.579
Total T: 94000 Episode Num: 94 Episode T: 1000 Reward: 2638.426
Total T: 95000 Episode Num: 95 Episode T: 1000 Reward: 1045.798
---------------------------------------
Evaluation over 10 episodes: 2442.060
---------------------------------------
Total T: 96000 Episode Num: 96 Episode T: 1000 Reward: 2600.836
Total T: 97000 Episode Num: 97 Episode T: 1000 Reward: 2783.732
Total T: 98000 Episode Num: 98 Episode T: 1000 Reward: 2892.305
Total T: 99000 Episode Num: 99 Episode T: 1000 Reward: 2943.773
Total T: 100000 Episode Num: 100 Episode T: 1000 Reward: 3154.664
---------------------------------------
Evaluation over 10 episodes: 3027.407
---------------------------------------
Total T: 101000 Episode Num: 101 Episode T: 1000 Reward: 3197.967
Total T: 102000 Episode Num: 102 Episode T: 1000 Reward: 3224.892
Total T: 103000 Episode Num: 103 Episode T: 1000 Reward: 3107.618
Total T: 104000 Episode Num: 104 Episode T: 1000 Reward: 3242.535
Total T: 105000 Episode Num: 105 Episode T: 1000 Reward: 3101.861
---------------------------------------
Evaluation over 10 episodes: 3111.106
---------------------------------------
Total T: 106000 Episode Num: 106 Episode T: 1000 Reward: 3212.163
Total T: 107000 Episode Num: 107 Episode T: 1000 Reward: 3029.603
Total T: 108000 Episode Num: 108 Episode T: 1000 Reward: 3184.033
Total T: 109000 Episode Num: 109 Episode T: 1000 Reward: 3215.969
Total T: 110000 Episode Num: 110 Episode T: 1000 Reward: 3181.560
---------------------------------------
Evaluation over 10 episodes: 3235.350
---------------------------------------
Total T: 111000 Episode Num: 111 Episode T: 1000 Reward: 3180.766
Total T: 112000 Episode Num: 112 Episode T: 1000 Reward: 3121.216
Total T: 113000 Episode Num: 113 Episode T: 1000 Reward: 3245.130
Total T: 114000 Episode Num: 114 Episode T: 1000 Reward: 3306.842
Total T: 115000 Episode Num: 115 Episode T: 1000 Reward: 3278.190
---------------------------------------
Evaluation over 10 episodes: 3245.893
---------------------------------------
Total T: 116000 Episode Num: 116 Episode T: 1000 Reward: 3192.805
Total T: 117000 Episode Num: 117 Episode T: 1000 Reward: 3255.649
Total T: 118000 Episode Num: 118 Episode T: 1000 Reward: 3320.492
Total T: 119000 Episode Num: 119 Episode T: 1000 Reward: 3258.265
Total T: 120000 Episode Num: 120 Episode T: 1000 Reward: 3233.750
---------------------------------------
Evaluation over 10 episodes: 3208.043
---------------------------------------
Total T: 121000 Episode Num: 121 Episode T: 1000 Reward: 3227.054
Total T: 122000 Episode Num: 122 Episode T: 1000 Reward: 3251.200
Total T: 123000 Episode Num: 123 Episode T: 1000 Reward: 3258.823
Total T: 124000 Episode Num: 124 Episode T: 1000 Reward: 3222.591
Total T: 125000 Episode Num: 125 Episode T: 1000 Reward: 3059.214
---------------------------------------
Evaluation over 10 episodes: 3253.387
---------------------------------------
Total T: 126000 Episode Num: 126 Episode T: 1000 Reward: 3280.096
Total T: 127000 Episode Num: 127 Episode T: 1000 Reward: 3188.978
Total T: 128000 Episode Num: 128 Episode T: 1000 Reward: 3234.386
Total T: 129000 Episode Num: 129 Episode T: 1000 Reward: 3304.561
Total T: 130000 Episode Num: 130 Episode T: 1000 Reward: 3170.902
---------------------------------------
Evaluation over 10 episodes: 3258.202
---------------------------------------
Total T: 131000 Episode Num: 131 Episode T: 1000 Reward: 3219.982
Total T: 132000 Episode Num: 132 Episode T: 1000 Reward: 3269.210
Total T: 133000 Episode Num: 133 Episode T: 1000 Reward: 3233.827
Total T: 134000 Episode Num: 134 Episode T: 1000 Reward: 3198.226
Total T: 135000 Episode Num: 135 Episode T: 1000 Reward: 3366.650
---------------------------------------
Evaluation over 10 episodes: 3229.835
---------------------------------------
Total T: 136000 Episode Num: 136 Episode T: 1000 Reward: 3290.135
Total T: 137000 Episode Num: 137 Episode T: 1000 Reward: 3255.000
Total T: 138000 Episode Num: 138 Episode T: 1000 Reward: 3220.577
Total T: 139000 Episode Num: 139 Episode T: 1000 Reward: 3259.648
Total T: 140000 Episode Num: 140 Episode T: 1000 Reward: 3112.554
---------------------------------------
Evaluation over 10 episodes: 3308.361
---------------------------------------
Total T: 141000 Episode Num: 141 Episode T: 1000 Reward: 3304.172
Total T: 142000 Episode Num: 142 Episode T: 1000 Reward: 3008.507
Total T: 143000 Episode Num: 143 Episode T: 1000 Reward: 3265.971
Total T: 144000 Episode Num: 144 Episode T: 1000 Reward: 3340.775
Total T: 145000 Episode Num: 145 Episode T: 1000 Reward: 3175.838
---------------------------------------
Evaluation over 10 episodes: 3259.844
---------------------------------------
Total T: 146000 Episode Num: 146 Episode T: 1000 Reward: 3294.791
Total T: 147000 Episode Num: 147 Episode T: 1000 Reward: 3272.546
Total T: 148000 Episode Num: 148 Episode T: 1000 Reward: 3232.524
Total T: 149000 Episode Num: 149 Episode T: 1000 Reward: 3274.471
Total T: 150000 Episode Num: 150 Episode T: 1000 Reward: 3177.891
---------------------------------------
Evaluation over 10 episodes: 3289.575
---------------------------------------
Total T: 151000 Episode Num: 151 Episode T: 1000 Reward: 3318.109
Total T: 152000 Episode Num: 152 Episode T: 1000 Reward: 3213.077
Total T: 153000 Episode Num: 153 Episode T: 1000 Reward: 3167.331
Total T: 154000 Episode Num: 154 Episode T: 1000 Reward: 3334.272
Total T: 155000 Episode Num: 155 Episode T: 1000 Reward: 3305.080
---------------------------------------
Evaluation over 10 episodes: 3318.536
---------------------------------------
Total T: 156000 Episode Num: 156 Episode T: 1000 Reward: 3382.813
Total T: 157000 Episode Num: 157 Episode T: 1000 Reward: 3324.167
Total T: 158000 Episode Num: 158 Episode T: 1000 Reward: 3330.547
Total T: 159000 Episode Num: 159 Episode T: 1000 Reward: 3224.544
Total T: 160000 Episode Num: 160 Episode T: 1000 Reward: 3329.656
---------------------------------------
Evaluation over 10 episodes: 3266.436
---------------------------------------
Total T: 161000 Episode Num: 161 Episode T: 1000 Reward: 3227.266
Total T: 162000 Episode Num: 162 Episode T: 1000 Reward: 3272.251
Total T: 163000 Episode Num: 163 Episode T: 1000 Reward: 3260.428
Total T: 164000 Episode Num: 164 Episode T: 1000 Reward: 3262.902
Total T: 165000 Episode Num: 165 Episode T: 1000 Reward: 3266.979
---------------------------------------
Evaluation over 10 episodes: 3306.843
---------------------------------------
Total T: 166000 Episode Num: 166 Episode T: 1000 Reward: 3180.234
Total T: 167000 Episode Num: 167 Episode T: 1000 Reward: 3202.397
Total T: 168000 Episode Num: 168 Episode T: 1000 Reward: 3335.726
Total T: 169000 Episode Num: 169 Episode T: 1000 Reward: 3342.628
Total T: 170000 Episode Num: 170 Episode T: 1000 Reward: 3260.116
---------------------------------------
Evaluation over 10 episodes: 3277.388
---------------------------------------
Total T: 171000 Episode Num: 171 Episode T: 1000 Reward: 3219.136
Total T: 172000 Episode Num: 172 Episode T: 1000 Reward: 3355.104
Total T: 173000 Episode Num: 173 Episode T: 1000 Reward: 3216.976
Total T: 174000 Episode Num: 174 Episode T: 1000 Reward: 3260.717
Total T: 175000 Episode Num: 175 Episode T: 1000 Reward: 3249.376
---------------------------------------
Evaluation over 10 episodes: 3336.858
---------------------------------------
Total T: 176000 Episode Num: 176 Episode T: 1000 Reward: 3339.088
Total T: 177000 Episode Num: 177 Episode T: 1000 Reward: 3107.121
Total T: 178000 Episode Num: 178 Episode T: 1000 Reward: 3299.231
Total T: 179000 Episode Num: 179 Episode T: 1000 Reward: 3243.722
Total T: 180000 Episode Num: 180 Episode T: 1000 Reward: 3245.356
---------------------------------------
Evaluation over 10 episodes: 3283.641
---------------------------------------
Total T: 181000 Episode Num: 181 Episode T: 1000 Reward: 3215.632
Total T: 182000 Episode Num: 182 Episode T: 1000 Reward: 3243.515
Total T: 183000 Episode Num: 183 Episode T: 1000 Reward: 3404.503
Total T: 184000 Episode Num: 184 Episode T: 1000 Reward: 3306.733
Total T: 185000 Episode Num: 185 Episode T: 1000 Reward: 3331.135
---------------------------------------
Evaluation over 10 episodes: 3273.630
---------------------------------------
Total T: 186000 Episode Num: 186 Episode T: 1000 Reward: 3192.845
Total T: 187000 Episode Num: 187 Episode T: 1000 Reward: 3252.393
Total T: 188000 Episode Num: 188 Episode T: 1000 Reward: 3278.620
Total T: 189000 Episode Num: 189 Episode T: 1000 Reward: 3344.008
Total T: 190000 Episode Num: 190 Episode T: 1000 Reward: 3266.902
---------------------------------------
Evaluation over 10 episodes: 3245.927
---------------------------------------
Total T: 191000 Episode Num: 191 Episode T: 1000 Reward: 3382.446
Total T: 192000 Episode Num: 192 Episode T: 1000 Reward: 3190.606
Total T: 193000 Episode Num: 193 Episode T: 1000 Reward: 3222.592
Total T: 194000 Episode Num: 194 Episode T: 1000 Reward: 3295.544
Total T: 195000 Episode Num: 195 Episode T: 1000 Reward: 3278.364
---------------------------------------
Evaluation over 10 episodes: 3291.637
---------------------------------------
Total T: 196000 Episode Num: 196 Episode T: 1000 Reward: 3352.140
Total T: 197000 Episode Num: 197 Episode T: 1000 Reward: 3301.331
Total T: 198000 Episode Num: 198 Episode T: 1000 Reward: 3188.997
Total T: 199000 Episode Num: 199 Episode T: 1000 Reward: 3251.260
Total T: 200000 Episode Num: 200 Episode T: 1000 Reward: 3164.573
---------------------------------------
Evaluation over 10 episodes: 3236.110
---------------------------------------
Total T: 201000 Episode Num: 201 Episode T: 1000 Reward: 3293.711
Total T: 202000 Episode Num: 202 Episode T: 1000 Reward: 3406.058
Total T: 203000 Episode Num: 203 Episode T: 1000 Reward: 3302.885
Total T: 204000 Episode Num: 204 Episode T: 1000 Reward: 3170.791
Total T: 205000 Episode Num: 205 Episode T: 1000 Reward: 3420.835
---------------------------------------
Evaluation over 10 episodes: 3264.181
---------------------------------------
Total T: 206000 Episode Num: 206 Episode T: 1000 Reward: 3210.327
Total T: 207000 Episode Num: 207 Episode T: 1000 Reward: 3277.977
Total T: 208000 Episode Num: 208 Episode T: 1000 Reward: 3378.087
Total T: 209000 Episode Num: 209 Episode T: 1000 Reward: 3237.522
Total T: 210000 Episode Num: 210 Episode T: 1000 Reward: 3292.716
---------------------------------------
Evaluation over 10 episodes: 3289.737
---------------------------------------
Total T: 211000 Episode Num: 211 Episode T: 1000 Reward: 3250.271
Total T: 212000 Episode Num: 212 Episode T: 1000 Reward: 3223.049
Total T: 213000 Episode Num: 213 Episode T: 1000 Reward: 3408.741
Total T: 214000 Episode Num: 214 Episode T: 1000 Reward: 3347.672
Total T: 215000 Episode Num: 215 Episode T: 1000 Reward: 3333.480
---------------------------------------
Evaluation over 10 episodes: 3299.561
---------------------------------------
Total T: 216000 Episode Num: 216 Episode T: 1000 Reward: 3291.396
Total T: 217000 Episode Num: 217 Episode T: 1000 Reward: 3261.218
Total T: 218000 Episode Num: 218 Episode T: 1000 Reward: 3265.751
Total T: 219000 Episode Num: 219 Episode T: 1000 Reward: 3349.983
Total T: 220000 Episode Num: 220 Episode T: 1000 Reward: 3306.846
---------------------------------------
Evaluation over 10 episodes: 3300.959
---------------------------------------
Total T: 221000 Episode Num: 221 Episode T: 1000 Reward: 3333.792
Total T: 222000 Episode Num: 222 Episode T: 1000 Reward: 3365.037
Total T: 223000 Episode Num: 223 Episode T: 1000 Reward: 3334.466
Total T: 224000 Episode Num: 224 Episode T: 1000 Reward: 3278.885
Total T: 225000 Episode Num: 225 Episode T: 1000 Reward: 3319.367
---------------------------------------
Evaluation over 10 episodes: 3312.885
---------------------------------------
Total T: 226000 Episode Num: 226 Episode T: 1000 Reward: 3269.304
Total T: 227000 Episode Num: 227 Episode T: 1000 Reward: 3454.283
Total T: 228000 Episode Num: 228 Episode T: 1000 Reward: 3306.417
Total T: 229000 Episode Num: 229 Episode T: 1000 Reward: 3375.765
Total T: 230000 Episode Num: 230 Episode T: 1000 Reward: 3279.664
---------------------------------------
Evaluation over 10 episodes: 3309.113
---------------------------------------
Total T: 231000 Episode Num: 231 Episode T: 1000 Reward: 3294.966
Total T: 232000 Episode Num: 232 Episode T: 1000 Reward: 3447.581
Total T: 233000 Episode Num: 233 Episode T: 1000 Reward: 3293.432
Total T: 234000 Episode Num: 234 Episode T: 1000 Reward: 3342.560
Total T: 235000 Episode Num: 235 Episode T: 1000 Reward: 3195.783
---------------------------------------
Evaluation over 10 episodes: 3307.964
---------------------------------------
Total T: 236000 Episode Num: 236 Episode T: 1000 Reward: 3276.130
Total T: 237000 Episode Num: 237 Episode T: 1000 Reward: 3287.869
Total T: 238000 Episode Num: 238 Episode T: 1000 Reward: 3307.222
Total T: 239000 Episode Num: 239 Episode T: 1000 Reward: 3401.027
Total T: 240000 Episode Num: 240 Episode T: 1000 Reward: 3283.668
---------------------------------------
Evaluation over 10 episodes: 3283.275
---------------------------------------
Total T: 241000 Episode Num: 241 Episode T: 1000 Reward: 3246.443
Total T: 242000 Episode Num: 242 Episode T: 1000 Reward: 3279.371
Total T: 243000 Episode Num: 243 Episode T: 1000 Reward: 3316.744
Total T: 244000 Episode Num: 244 Episode T: 1000 Reward: 3312.293
Total T: 245000 Episode Num: 245 Episode T: 1000 Reward: 3326.641
---------------------------------------
Evaluation over 10 episodes: 3317.036
---------------------------------------
Total T: 246000 Episode Num: 246 Episode T: 1000 Reward: 3309.596
Total T: 247000 Episode Num: 247 Episode T: 1000 Reward: 3333.923
Total T: 248000 Episode Num: 248 Episode T: 1000 Reward: 3410.079
Total T: 249000 Episode Num: 249 Episode T: 1000 Reward: 3292.273
Total T: 250000 Episode Num: 250 Episode T: 1000 Reward: 3227.436
---------------------------------------
Evaluation over 10 episodes: 3293.814
---------------------------------------
Total T: 251000 Episode Num: 251 Episode T: 1000 Reward: 3320.487
Total T: 252000 Episode Num: 252 Episode T: 1000 Reward: 3330.697
Total T: 253000 Episode Num: 253 Episode T: 1000 Reward: 3315.766
Total T: 254000 Episode Num: 254 Episode T: 1000 Reward: 3329.914
Total T: 255000 Episode Num: 255 Episode T: 1000 Reward: 3316.322
---------------------------------------
Evaluation over 10 episodes: 3317.944
---------------------------------------
Total T: 256000 Episode Num: 256 Episode T: 1000 Reward: 3352.577
Total T: 257000 Episode Num: 257 Episode T: 1000 Reward: 3197.835
Total T: 258000 Episode Num: 258 Episode T: 1000 Reward: 3343.299
Total T: 259000 Episode Num: 259 Episode T: 1000 Reward: 3288.862
Total T: 260000 Episode Num: 260 Episode T: 1000 Reward: 3338.533
---------------------------------------
Evaluation over 10 episodes: 3296.189
---------------------------------------
Total T: 261000 Episode Num: 261 Episode T: 1000 Reward: 3320.371
Total T: 262000 Episode Num: 262 Episode T: 1000 Reward: 3288.650
Total T: 263000 Episode Num: 263 Episode T: 1000 Reward: 3400.276
Total T: 264000 Episode Num: 264 Episode T: 1000 Reward: 3283.672
Total T: 265000 Episode Num: 265 Episode T: 1000 Reward: 3256.994
---------------------------------------
Evaluation over 10 episodes: 3347.259
---------------------------------------
Total T: 266000 Episode Num: 266 Episode T: 1000 Reward: 3397.938
Total T: 267000 Episode Num: 267 Episode T: 1000 Reward: 3344.594
Total T: 268000 Episode Num: 268 Episode T: 1000 Reward: 3383.053
Total T: 269000 Episode Num: 269 Episode T: 1000 Reward: 3282.364
Total T: 270000 Episode Num: 270 Episode T: 1000 Reward: 3298.957
---------------------------------------
Evaluation over 10 episodes: 3320.387
---------------------------------------
Total T: 271000 Episode Num: 271 Episode T: 1000 Reward: 3280.574
Total T: 272000 Episode Num: 272 Episode T: 1000 Reward: 3325.579
Total T: 273000 Episode Num: 273 Episode T: 1000 Reward: 3281.699
Total T: 274000 Episode Num: 274 Episode T: 1000 Reward: 3336.474
Total T: 275000 Episode Num: 275 Episode T: 1000 Reward: 3333.586
---------------------------------------
Evaluation over 10 episodes: 3322.655
---------------------------------------
Total T: 276000 Episode Num: 276 Episode T: 1000 Reward: 3447.024
Total T: 277000 Episode Num: 277 Episode T: 1000 Reward: 3308.503
Total T: 278000 Episode Num: 278 Episode T: 1000 Reward: 3340.076
Total T: 279000 Episode Num: 279 Episode T: 1000 Reward: 3244.121
Total T: 280000 Episode Num: 280 Episode T: 1000 Reward: 3395.058
---------------------------------------
Evaluation over 10 episodes: 3313.113
---------------------------------------
Total T: 281000 Episode Num: 281 Episode T: 1000 Reward: 3325.657
Total T: 282000 Episode Num: 282 Episode T: 1000 Reward: 3271.193
Total T: 283000 Episode Num: 283 Episode T: 1000 Reward: 3320.533
Total T: 284000 Episode Num: 284 Episode T: 1000 Reward: 3340.796
Total T: 285000 Episode Num: 285 Episode T: 1000 Reward: 3376.765
---------------------------------------
Evaluation over 10 episodes: 3348.741
---------------------------------------
Total T: 286000 Episode Num: 286 Episode T: 1000 Reward: 3200.123
Total T: 287000 Episode Num: 287 Episode T: 1000 Reward: 3237.387
Total T: 288000 Episode Num: 288 Episode T: 1000 Reward: 3339.144
Total T: 289000 Episode Num: 289 Episode T: 1000 Reward: 3395.083
Total T: 290000 Episode Num: 290 Episode T: 1000 Reward: 3322.149
---------------------------------------
Evaluation over 10 episodes: 3337.944
---------------------------------------
Total T: 291000 Episode Num: 291 Episode T: 1000 Reward: 3325.596
Total T: 292000 Episode Num: 292 Episode T: 1000 Reward: 3383.014
Total T: 293000 Episode Num: 293 Episode T: 1000 Reward: 3321.009
Total T: 294000 Episode Num: 294 Episode T: 1000 Reward: 3313.234
Total T: 295000 Episode Num: 295 Episode T: 1000 Reward: 3385.480
---------------------------------------
Evaluation over 10 episodes: 3354.970
---------------------------------------
Total T: 296000 Episode Num: 296 Episode T: 1000 Reward: 3224.321
Total T: 297000 Episode Num: 297 Episode T: 1000 Reward: 3342.166
Total T: 298000 Episode Num: 298 Episode T: 1000 Reward: 3339.616
Total T: 299000 Episode Num: 299 Episode T: 1000 Reward: 3295.625
Total T: 300000 Episode Num: 300 Episode T: 1000 Reward: 3314.384
---------------------------------------
Evaluation over 10 episodes: 3338.578
---------------------------------------
Total T: 301000 Episode Num: 301 Episode T: 1000 Reward: 3385.591
Total T: 302000 Episode Num: 302 Episode T: 1000 Reward: 3300.780
Total T: 303000 Episode Num: 303 Episode T: 1000 Reward: 3277.540
Total T: 304000 Episode Num: 304 Episode T: 1000 Reward: 3291.858
Total T: 305000 Episode Num: 305 Episode T: 1000 Reward: 3297.694
---------------------------------------
Evaluation over 10 episodes: 3339.454
---------------------------------------
Total T: 306000 Episode Num: 306 Episode T: 1000 Reward: 3290.972
Total T: 307000 Episode Num: 307 Episode T: 1000 Reward: 3359.488
Total T: 308000 Episode Num: 308 Episode T: 1000 Reward: 3319.477
Total T: 309000 Episode Num: 309 Episode T: 1000 Reward: 3366.601
Total T: 310000 Episode Num: 310 Episode T: 1000 Reward: 3321.575
---------------------------------------
Evaluation over 10 episodes: 3357.473
---------------------------------------
Total T: 311000 Episode Num: 311 Episode T: 1000 Reward: 3268.159
Total T: 312000 Episode Num: 312 Episode T: 1000 Reward: 3381.960
Total T: 313000 Episode Num: 313 Episode T: 1000 Reward: 3412.507
Total T: 314000 Episode Num: 314 Episode T: 1000 Reward: 3315.074
Total T: 315000 Episode Num: 315 Episode T: 1000 Reward: 3257.996
---------------------------------------
Evaluation over 10 episodes: 3316.798
---------------------------------------
Total T: 316000 Episode Num: 316 Episode T: 1000 Reward: 3400.988
Total T: 317000 Episode Num: 317 Episode T: 1000 Reward: 3309.993
Total T: 318000 Episode Num: 318 Episode T: 1000 Reward: 3274.259
Total T: 319000 Episode Num: 319 Episode T: 1000 Reward: 3208.430
Total T: 320000 Episode Num: 320 Episode T: 1000 Reward: 3361.116
---------------------------------------
Evaluation over 10 episodes: 3337.990
---------------------------------------
Total T: 321000 Episode Num: 321 Episode T: 1000 Reward: 3333.556
Total T: 322000 Episode Num: 322 Episode T: 1000 Reward: 3274.660
Total T: 323000 Episode Num: 323 Episode T: 1000 Reward: 3380.401
Total T: 324000 Episode Num: 324 Episode T: 1000 Reward: 3306.918
Total T: 325000 Episode Num: 325 Episode T: 1000 Reward: 3406.795
---------------------------------------
Evaluation over 10 episodes: 3289.668
---------------------------------------
Total T: 326000 Episode Num: 326 Episode T: 1000 Reward: 3400.806
Total T: 327000 Episode Num: 327 Episode T: 1000 Reward: 3303.436
Total T: 328000 Episode Num: 328 Episode T: 1000 Reward: 3316.693
Total T: 329000 Episode Num: 329 Episode T: 1000 Reward: 3339.653
Total T: 330000 Episode Num: 330 Episode T: 1000 Reward: 3369.371
---------------------------------------
Evaluation over 10 episodes: 3361.374
---------------------------------------
Total T: 331000 Episode Num: 331 Episode T: 1000 Reward: 3388.906
Total T: 332000 Episode Num: 332 Episode T: 1000 Reward: 3337.012
Total T: 333000 Episode Num: 333 Episode T: 1000 Reward: 3341.289
Total T: 334000 Episode Num: 334 Episode T: 1000 Reward: 3289.862
Total T: 335000 Episode Num: 335 Episode T: 1000 Reward: 3381.511
---------------------------------------
Evaluation over 10 episodes: 3337.570
---------------------------------------
Total T: 336000 Episode Num: 336 Episode T: 1000 Reward: 3312.124
Total T: 337000 Episode Num: 337 Episode T: 1000 Reward: 3418.182
Total T: 338000 Episode Num: 338 Episode T: 1000 Reward: 3418.153
Total T: 339000 Episode Num: 339 Episode T: 1000 Reward: 3363.516
Total T: 340000 Episode Num: 340 Episode T: 1000 Reward: 3355.139
---------------------------------------
Evaluation over 10 episodes: 3355.658
---------------------------------------
Total T: 341000 Episode Num: 341 Episode T: 1000 Reward: 3283.076
Total T: 342000 Episode Num: 342 Episode T: 1000 Reward: 3404.068
Total T: 343000 Episode Num: 343 Episode T: 1000 Reward: 3316.921
Total T: 344000 Episode Num: 344 Episode T: 1000 Reward: 3346.925
Total T: 345000 Episode Num: 345 Episode T: 1000 Reward: 3373.691
---------------------------------------
Evaluation over 10 episodes: 3343.824
---------------------------------------
Total T: 346000 Episode Num: 346 Episode T: 1000 Reward: 3415.967
Total T: 347000 Episode Num: 347 Episode T: 1000 Reward: 3252.291
Total T: 348000 Episode Num: 348 Episode T: 1000 Reward: 3298.859
Total T: 349000 Episode Num: 349 Episode T: 1000 Reward: 3380.584
Total T: 350000 Episode Num: 350 Episode T: 1000 Reward: 3357.057
---------------------------------------
Evaluation over 10 episodes: 3360.872
---------------------------------------
Total T: 351000 Episode Num: 351 Episode T: 1000 Reward: 3311.991
Total T: 352000 Episode Num: 352 Episode T: 1000 Reward: 3388.161
Total T: 353000 Episode Num: 353 Episode T: 1000 Reward: 3432.426
Total T: 354000 Episode Num: 354 Episode T: 1000 Reward: 3371.207
Total T: 355000 Episode Num: 355 Episode T: 1000 Reward: 3262.917
---------------------------------------
Evaluation over 10 episodes: 3360.019
---------------------------------------
Total T: 356000 Episode Num: 356 Episode T: 1000 Reward: 3369.147
Total T: 357000 Episode Num: 357 Episode T: 1000 Reward: 3366.161
Total T: 358000 Episode Num: 358 Episode T: 1000 Reward: 3307.707
Total T: 359000 Episode Num: 359 Episode T: 1000 Reward: 3398.371
Total T: 360000 Episode Num: 360 Episode T: 1000 Reward: 3242.143
---------------------------------------
Evaluation over 10 episodes: 3378.620
---------------------------------------
Total T: 361000 Episode Num: 361 Episode T: 1000 Reward: 3415.533
Total T: 362000 Episode Num: 362 Episode T: 1000 Reward: 3347.829
Total T: 363000 Episode Num: 363 Episode T: 1000 Reward: 3285.888
Total T: 364000 Episode Num: 364 Episode T: 1000 Reward: 3362.708
Total T: 365000 Episode Num: 365 Episode T: 1000 Reward: 3432.048
---------------------------------------
Evaluation over 10 episodes: 3355.750
---------------------------------------
Total T: 366000 Episode Num: 366 Episode T: 1000 Reward: 3348.239
Total T: 367000 Episode Num: 367 Episode T: 1000 Reward: 3361.446
Total T: 368000 Episode Num: 368 Episode T: 1000 Reward: 3348.282
Total T: 369000 Episode Num: 369 Episode T: 1000 Reward: 3359.721
Total T: 370000 Episode Num: 370 Episode T: 1000 Reward: 3374.983
---------------------------------------
Evaluation over 10 episodes: 3361.175
---------------------------------------
Total T: 371000 Episode Num: 371 Episode T: 1000 Reward: 3284.157
Total T: 372000 Episode Num: 372 Episode T: 1000 Reward: 3331.426
Total T: 373000 Episode Num: 373 Episode T: 1000 Reward: 3387.864
Total T: 374000 Episode Num: 374 Episode T: 1000 Reward: 3341.605
Total T: 375000 Episode Num: 375 Episode T: 1000 Reward: 3317.383
---------------------------------------
Evaluation over 10 episodes: 3324.656
---------------------------------------
Total T: 376000 Episode Num: 376 Episode T: 1000 Reward: 3393.261
Total T: 377000 Episode Num: 377 Episode T: 1000 Reward: 3303.975
Total T: 378000 Episode Num: 378 Episode T: 1000 Reward: 3391.097
Total T: 379000 Episode Num: 379 Episode T: 1000 Reward: 3340.737
Total T: 380000 Episode Num: 380 Episode T: 1000 Reward: 3312.673
---------------------------------------
Evaluation over 10 episodes: 3357.270
---------------------------------------
Total T: 381000 Episode Num: 381 Episode T: 1000 Reward: 3390.486
Total T: 382000 Episode Num: 382 Episode T: 1000 Reward: 3350.954
Total T: 383000 Episode Num: 383 Episode T: 1000 Reward: 3390.569
Total T: 384000 Episode Num: 384 Episode T: 1000 Reward: 3360.130
Total T: 385000 Episode Num: 385 Episode T: 1000 Reward: 3314.609
---------------------------------------
Evaluation over 10 episodes: 3379.337
---------------------------------------
Total T: 386000 Episode Num: 386 Episode T: 1000 Reward: 3438.785
Total T: 387000 Episode Num: 387 Episode T: 1000 Reward: 3462.912
Total T: 388000 Episode Num: 388 Episode T: 1000 Reward: 3305.189
Total T: 389000 Episode Num: 389 Episode T: 1000 Reward: 3316.691
Total T: 390000 Episode Num: 390 Episode T: 1000 Reward: 3336.893
---------------------------------------
Evaluation over 10 episodes: 3362.715
---------------------------------------
Total T: 391000 Episode Num: 391 Episode T: 1000 Reward: 3316.689
Total T: 392000 Episode Num: 392 Episode T: 1000 Reward: 3346.568
Total T: 393000 Episode Num: 393 Episode T: 1000 Reward: 3222.433
Total T: 394000 Episode Num: 394 Episode T: 1000 Reward: 3352.079
Total T: 395000 Episode Num: 395 Episode T: 1000 Reward: 3316.475
---------------------------------------
Evaluation over 10 episodes: 3363.577
---------------------------------------
Total T: 396000 Episode Num: 396 Episode T: 1000 Reward: 3391.530
Total T: 397000 Episode Num: 397 Episode T: 1000 Reward: 3384.604
Total T: 398000 Episode Num: 398 Episode T: 1000 Reward: 3349.768
Total T: 399000 Episode Num: 399 Episode T: 1000 Reward: 3212.802
Total T: 400000 Episode Num: 400 Episode T: 1000 Reward: 3270.220
---------------------------------------
Evaluation over 10 episodes: 3343.590
---------------------------------------
Total T: 401000 Episode Num: 401 Episode T: 1000 Reward: 3348.174
Total T: 402000 Episode Num: 402 Episode T: 1000 Reward: 3327.559
Total T: 403000 Episode Num: 403 Episode T: 1000 Reward: 3455.915
Total T: 404000 Episode Num: 404 Episode T: 1000 Reward: 3391.609
Total T: 405000 Episode Num: 405 Episode T: 1000 Reward: 3275.943
---------------------------------------
Evaluation over 10 episodes: 3359.952
---------------------------------------
Total T: 406000 Episode Num: 406 Episode T: 1000 Reward: 3319.111
Total T: 407000 Episode Num: 407 Episode T: 1000 Reward: 3403.233
Total T: 408000 Episode Num: 408 Episode T: 1000 Reward: 3334.374
Total T: 409000 Episode Num: 409 Episode T: 1000 Reward: 3355.906
Total T: 410000 Episode Num: 410 Episode T: 1000 Reward: 3445.779
---------------------------------------
Evaluation over 10 episodes: 3365.336
---------------------------------------
Total T: 411000 Episode Num: 411 Episode T: 1000 Reward: 3338.386
Total T: 412000 Episode Num: 412 Episode T: 1000 Reward: 3348.712
Total T: 413000 Episode Num: 413 Episode T: 1000 Reward: 3324.230
Total T: 414000 Episode Num: 414 Episode T: 1000 Reward: 3354.233
Total T: 415000 Episode Num: 415 Episode T: 1000 Reward: 3397.605
---------------------------------------
Evaluation over 10 episodes: 3379.084
---------------------------------------
Total T: 416000 Episode Num: 416 Episode T: 1000 Reward: 3393.344
Total T: 417000 Episode Num: 417 Episode T: 1000 Reward: 3309.602
Total T: 418000 Episode Num: 418 Episode T: 1000 Reward: 3446.811
Total T: 419000 Episode Num: 419 Episode T: 1000 Reward: 3383.625
Total T: 420000 Episode Num: 420 Episode T: 1000 Reward: 3380.474
---------------------------------------
Evaluation over 10 episodes: 3347.623
---------------------------------------
Total T: 421000 Episode Num: 421 Episode T: 1000 Reward: 3343.299
Total T: 422000 Episode Num: 422 Episode T: 1000 Reward: 3391.346
Total T: 423000 Episode Num: 423 Episode T: 1000 Reward: 3361.564
Total T: 424000 Episode Num: 424 Episode T: 1000 Reward: 3374.639
Total T: 425000 Episode Num: 425 Episode T: 1000 Reward: 3377.385
---------------------------------------
Evaluation over 10 episodes: 3398.398
---------------------------------------
Total T: 426000 Episode Num: 426 Episode T: 1000 Reward: 3353.753
Total T: 427000 Episode Num: 427 Episode T: 1000 Reward: 3342.292
Total T: 428000 Episode Num: 428 Episode T: 1000 Reward: 3352.859
Total T: 429000 Episode Num: 429 Episode T: 1000 Reward: 3399.984
Total T: 430000 Episode Num: 430 Episode T: 1000 Reward: 3407.766
---------------------------------------
Evaluation over 10 episodes: 3369.384
---------------------------------------
Total T: 431000 Episode Num: 431 Episode T: 1000 Reward: 3346.467
Total T: 432000 Episode Num: 432 Episode T: 1000 Reward: 3417.151
Total T: 433000 Episode Num: 433 Episode T: 1000 Reward: 3353.067
Total T: 434000 Episode Num: 434 Episode T: 1000 Reward: 3335.600
Total T: 435000 Episode Num: 435 Episode T: 1000 Reward: 3323.003
---------------------------------------
Evaluation over 10 episodes: 3368.385
---------------------------------------
Total T: 436000 Episode Num: 436 Episode T: 1000 Reward: 3348.213
Total T: 437000 Episode Num: 437 Episode T: 1000 Reward: 3304.894
Total T: 438000 Episode Num: 438 Episode T: 1000 Reward: 3360.471
Total T: 439000 Episode Num: 439 Episode T: 1000 Reward: 3416.384
Total T: 440000 Episode Num: 440 Episode T: 1000 Reward: 3417.010
---------------------------------------
Evaluation over 10 episodes: 3382.936
---------------------------------------
Total T: 441000 Episode Num: 441 Episode T: 1000 Reward: 3365.737
Total T: 442000 Episode Num: 442 Episode T: 1000 Reward: 3394.969
Total T: 443000 Episode Num: 443 Episode T: 1000 Reward: 3400.242
Total T: 444000 Episode Num: 444 Episode T: 1000 Reward: 3370.747
Total T: 445000 Episode Num: 445 Episode T: 1000 Reward: 3328.588
---------------------------------------
Evaluation over 10 episodes: 3355.202
---------------------------------------
Total T: 446000 Episode Num: 446 Episode T: 1000 Reward: 3414.283
Total T: 447000 Episode Num: 447 Episode T: 1000 Reward: 3338.466
Total T: 448000 Episode Num: 448 Episode T: 1000 Reward: 3427.864
Total T: 449000 Episode Num: 449 Episode T: 1000 Reward: 3454.344
Total T: 450000 Episode Num: 450 Episode T: 1000 Reward: 3322.883
---------------------------------------
Evaluation over 10 episodes: 3372.372
---------------------------------------
Total T: 451000 Episode Num: 451 Episode T: 1000 Reward: 3357.724
Total T: 452000 Episode Num: 452 Episode T: 1000 Reward: 3370.945
Total T: 453000 Episode Num: 453 Episode T: 1000 Reward: 3407.811
Total T: 454000 Episode Num: 454 Episode T: 1000 Reward: 3300.802
Total T: 455000 Episode Num: 455 Episode T: 1000 Reward: 3352.136
---------------------------------------
Evaluation over 10 episodes: 3373.745
---------------------------------------
Total T: 456000 Episode Num: 456 Episode T: 1000 Reward: 3314.845
Total T: 457000 Episode Num: 457 Episode T: 1000 Reward: 3382.542
Total T: 458000 Episode Num: 458 Episode T: 1000 Reward: 3333.164
Total T: 459000 Episode Num: 459 Episode T: 1000 Reward: 3345.167
Total T: 460000 Episode Num: 460 Episode T: 1000 Reward: 3356.043
---------------------------------------
Evaluation over 10 episodes: 3366.993
---------------------------------------
Total T: 461000 Episode Num: 461 Episode T: 1000 Reward: 3486.212
Total T: 462000 Episode Num: 462 Episode T: 1000 Reward: 3514.162
Total T: 463000 Episode Num: 463 Episode T: 1000 Reward: 3342.458
Total T: 464000 Episode Num: 464 Episode T: 1000 Reward: 3347.247
Total T: 465000 Episode Num: 465 Episode T: 1000 Reward: 3410.942
---------------------------------------
Evaluation over 10 episodes: 3396.596
---------------------------------------
Total T: 466000 Episode Num: 466 Episode T: 1000 Reward: 3376.622
Total T: 467000 Episode Num: 467 Episode T: 1000 Reward: 3464.831
Total T: 468000 Episode Num: 468 Episode T: 1000 Reward: 3361.028
Total T: 469000 Episode Num: 469 Episode T: 1000 Reward: 3362.352
Total T: 470000 Episode Num: 470 Episode T: 1000 Reward: 3460.709
---------------------------------------
Evaluation over 10 episodes: 3379.815
---------------------------------------
Total T: 471000 Episode Num: 471 Episode T: 1000 Reward: 3418.826
Total T: 472000 Episode Num: 472 Episode T: 1000 Reward: 3339.206
Total T: 473000 Episode Num: 473 Episode T: 1000 Reward: 3298.591
Total T: 474000 Episode Num: 474 Episode T: 1000 Reward: 3384.765
Total T: 475000 Episode Num: 475 Episode T: 1000 Reward: 3245.742
---------------------------------------
Evaluation over 10 episodes: 3365.044
---------------------------------------
Total T: 476000 Episode Num: 476 Episode T: 1000 Reward: 3361.694
Total T: 477000 Episode Num: 477 Episode T: 1000 Reward: 3369.542
Total T: 478000 Episode Num: 478 Episode T: 1000 Reward: 3279.950
Total T: 479000 Episode Num: 479 Episode T: 1000 Reward: 3342.195
Total T: 480000 Episode Num: 480 Episode T: 1000 Reward: 3398.694
---------------------------------------
Evaluation over 10 episodes: 3346.752
---------------------------------------
Total T: 481000 Episode Num: 481 Episode T: 1000 Reward: 3355.940
Total T: 482000 Episode Num: 482 Episode T: 1000 Reward: 3393.205
Total T: 483000 Episode Num: 483 Episode T: 1000 Reward: 3373.034
Total T: 484000 Episode Num: 484 Episode T: 1000 Reward: 3339.739
Total T: 485000 Episode Num: 485 Episode T: 1000 Reward: 3348.087
---------------------------------------
Evaluation over 10 episodes: 3409.901
---------------------------------------
Total T: 486000 Episode Num: 486 Episode T: 1000 Reward: 3467.567
Total T: 487000 Episode Num: 487 Episode T: 1000 Reward: 3366.826
Total T: 488000 Episode Num: 488 Episode T: 1000 Reward: 3344.749
Total T: 489000 Episode Num: 489 Episode T: 1000 Reward: 3303.517
Total T: 490000 Episode Num: 490 Episode T: 1000 Reward: 3376.180
---------------------------------------
Evaluation over 10 episodes: 3382.217
---------------------------------------
Total T: 491000 Episode Num: 491 Episode T: 1000 Reward: 3381.540
Total T: 492000 Episode Num: 492 Episode T: 1000 Reward: 3301.647
Total T: 493000 Episode Num: 493 Episode T: 1000 Reward: 3422.416
Total T: 494000 Episode Num: 494 Episode T: 1000 Reward: 3385.394
Total T: 495000 Episode Num: 495 Episode T: 1000 Reward: 3280.508
---------------------------------------
Evaluation over 10 episodes: 3396.737
---------------------------------------
Total T: 496000 Episode Num: 496 Episode T: 1000 Reward: 3401.634
Total T: 497000 Episode Num: 497 Episode T: 1000 Reward: 3316.555
Total T: 498000 Episode Num: 498 Episode T: 1000 Reward: 3385.079
Total T: 499000 Episode Num: 499 Episode T: 1000 Reward: 3433.574
Total T: 500000 Episode Num: 500 Episode T: 1000 Reward: 3348.155
---------------------------------------
Evaluation over 10 episodes: 3372.777
---------------------------------------
Total T: 501000 Episode Num: 501 Episode T: 1000 Reward: 3470.323
Total T: 502000 Episode Num: 502 Episode T: 1000 Reward: 3434.861
Total T: 503000 Episode Num: 503 Episode T: 1000 Reward: 3383.855
Total T: 504000 Episode Num: 504 Episode T: 1000 Reward: 3389.552
Total T: 505000 Episode Num: 505 Episode T: 1000 Reward: 3341.970
---------------------------------------
Evaluation over 10 episodes: 3409.722
---------------------------------------
Total T: 506000 Episode Num: 506 Episode T: 1000 Reward: 3403.304
Total T: 507000 Episode Num: 507 Episode T: 1000 Reward: 3393.017
Total T: 508000 Episode Num: 508 Episode T: 1000 Reward: 3443.042
Total T: 509000 Episode Num: 509 Episode T: 1000 Reward: 3430.579
Total T: 510000 Episode Num: 510 Episode T: 1000 Reward: 3468.048
---------------------------------------
Evaluation over 10 episodes: 3409.428
---------------------------------------
Total T: 511000 Episode Num: 511 Episode T: 1000 Reward: 3397.742
Total T: 512000 Episode Num: 512 Episode T: 1000 Reward: 3421.403
Total T: 513000 Episode Num: 513 Episode T: 1000 Reward: 3417.042
Total T: 514000 Episode Num: 514 Episode T: 1000 Reward: 3410.377
Total T: 515000 Episode Num: 515 Episode T: 1000 Reward: 3470.495
---------------------------------------
Evaluation over 10 episodes: 3336.448
---------------------------------------
Total T: 516000 Episode Num: 516 Episode T: 1000 Reward: 3384.024
Total T: 517000 Episode Num: 517 Episode T: 1000 Reward: 3376.126
Total T: 518000 Episode Num: 518 Episode T: 1000 Reward: 3363.276
Total T: 519000 Episode Num: 519 Episode T: 1000 Reward: 3361.958
Total T: 520000 Episode Num: 520 Episode T: 1000 Reward: 3399.256
---------------------------------------
Evaluation over 10 episodes: 3412.176
---------------------------------------
Total T: 521000 Episode Num: 521 Episode T: 1000 Reward: 3421.509
Total T: 522000 Episode Num: 522 Episode T: 1000 Reward: 3416.688
Total T: 523000 Episode Num: 523 Episode T: 1000 Reward: 3357.400
Total T: 524000 Episode Num: 524 Episode T: 1000 Reward: 3308.007
Total T: 525000 Episode Num: 525 Episode T: 1000 Reward: 3420.635
---------------------------------------
Evaluation over 10 episodes: 3417.636
---------------------------------------
Total T: 526000 Episode Num: 526 Episode T: 1000 Reward: 3363.194
Total T: 527000 Episode Num: 527 Episode T: 1000 Reward: 3400.720
Total T: 528000 Episode Num: 528 Episode T: 1000 Reward: 3397.015
Total T: 529000 Episode Num: 529 Episode T: 1000 Reward: 3332.846
Total T: 530000 Episode Num: 530 Episode T: 1000 Reward: 3356.128
---------------------------------------
Evaluation over 10 episodes: 3401.302
---------------------------------------
Total T: 531000 Episode Num: 531 Episode T: 1000 Reward: 3365.364
Total T: 532000 Episode Num: 532 Episode T: 1000 Reward: 3427.408
Total T: 533000 Episode Num: 533 Episode T: 1000 Reward: 3310.722
Total T: 534000 Episode Num: 534 Episode T: 1000 Reward: 3511.928
Total T: 535000 Episode Num: 535 Episode T: 1000 Reward: 3472.201
---------------------------------------
Evaluation over 10 episodes: 3370.996
---------------------------------------
Total T: 536000 Episode Num: 536 Episode T: 1000 Reward: 3396.023
Total T: 537000 Episode Num: 537 Episode T: 1000 Reward: 3368.514
Total T: 538000 Episode Num: 538 Episode T: 1000 Reward: 3363.119
Total T: 539000 Episode Num: 539 Episode T: 1000 Reward: 3374.285
Total T: 540000 Episode Num: 540 Episode T: 1000 Reward: 3411.662
---------------------------------------
Evaluation over 10 episodes: 3410.371
---------------------------------------
Total T: 541000 Episode Num: 541 Episode T: 1000 Reward: 3420.751
Total T: 542000 Episode Num: 542 Episode T: 1000 Reward: 3389.760
Total T: 543000 Episode Num: 543 Episode T: 1000 Reward: 3438.836
Total T: 544000 Episode Num: 544 Episode T: 1000 Reward: 3397.910
Total T: 545000 Episode Num: 545 Episode T: 1000 Reward: 3270.368
---------------------------------------
Evaluation over 10 episodes: 3444.761
---------------------------------------
Total T: 546000 Episode Num: 546 Episode T: 1000 Reward: 3462.939
Total T: 547000 Episode Num: 547 Episode T: 1000 Reward: 3425.860
Total T: 548000 Episode Num: 548 Episode T: 1000 Reward: 3389.283
Total T: 549000 Episode Num: 549 Episode T: 1000 Reward: 3395.076
Total T: 550000 Episode Num: 550 Episode T: 1000 Reward: 3392.234
---------------------------------------
Evaluation over 10 episodes: 3432.737
---------------------------------------
Total T: 551000 Episode Num: 551 Episode T: 1000 Reward: 3395.347
Total T: 552000 Episode Num: 552 Episode T: 1000 Reward: 3442.415
Total T: 553000 Episode Num: 553 Episode T: 1000 Reward: 3519.447
Total T: 554000 Episode Num: 554 Episode T: 1000 Reward: 3438.630
Total T: 555000 Episode Num: 555 Episode T: 1000 Reward: 3340.069
---------------------------------------
Evaluation over 10 episodes: 3403.046
---------------------------------------
Total T: 556000 Episode Num: 556 Episode T: 1000 Reward: 3388.712
Total T: 557000 Episode Num: 557 Episode T: 1000 Reward: 3309.040
Total T: 558000 Episode Num: 558 Episode T: 1000 Reward: 3490.794
Total T: 559000 Episode Num: 559 Episode T: 1000 Reward: 3357.613
Total T: 560000 Episode Num: 560 Episode T: 1000 Reward: 3425.319
---------------------------------------
Evaluation over 10 episodes: 3398.597
---------------------------------------
Total T: 561000 Episode Num: 561 Episode T: 1000 Reward: 3305.873
Total T: 562000 Episode Num: 562 Episode T: 1000 Reward: 3413.660
Total T: 563000 Episode Num: 563 Episode T: 1000 Reward: 3452.211
Total T: 564000 Episode Num: 564 Episode T: 1000 Reward: 3392.060
Total T: 565000 Episode Num: 565 Episode T: 1000 Reward: 3424.248
---------------------------------------
Evaluation over 10 episodes: 3377.064
---------------------------------------
Total T: 566000 Episode Num: 566 Episode T: 1000 Reward: 3359.499
Total T: 567000 Episode Num: 567 Episode T: 1000 Reward: 3458.106
Total T: 568000 Episode Num: 568 Episode T: 1000 Reward: 3405.517
Total T: 569000 Episode Num: 569 Episode T: 1000 Reward: 3445.462
Total T: 570000 Episode Num: 570 Episode T: 1000 Reward: 3409.366
---------------------------------------
Evaluation over 10 episodes: 3419.860
---------------------------------------
Total T: 571000 Episode Num: 571 Episode T: 1000 Reward: 3325.122
Total T: 572000 Episode Num: 572 Episode T: 1000 Reward: 3474.233
Total T: 573000 Episode Num: 573 Episode T: 1000 Reward: 3430.483
Total T: 574000 Episode Num: 574 Episode T: 1000 Reward: 3447.192
Total T: 575000 Episode Num: 575 Episode T: 1000 Reward: 3378.805
---------------------------------------
Evaluation over 10 episodes: 3388.625
---------------------------------------
Total T: 576000 Episode Num: 576 Episode T: 1000 Reward: 3349.176
Total T: 577000 Episode Num: 577 Episode T: 1000 Reward: 3398.042
Total T: 578000 Episode Num: 578 Episode T: 1000 Reward: 3455.291
Total T: 579000 Episode Num: 579 Episode T: 1000 Reward: 3391.191
Total T: 580000 Episode Num: 580 Episode T: 1000 Reward: 3443.038
---------------------------------------
Evaluation over 10 episodes: 3357.059
---------------------------------------
Total T: 581000 Episode Num: 581 Episode T: 1000 Reward: 3484.082
Total T: 582000 Episode Num: 582 Episode T: 1000 Reward: 3480.407
Total T: 583000 Episode Num: 583 Episode T: 1000 Reward: 3375.178
Total T: 584000 Episode Num: 584 Episode T: 1000 Reward: 3397.506
Total T: 585000 Episode Num: 585 Episode T: 1000 Reward: 3350.737
---------------------------------------
Evaluation over 10 episodes: 3430.261
---------------------------------------
Total T: 586000 Episode Num: 586 Episode T: 1000 Reward: 3367.872
Total T: 587000 Episode Num: 587 Episode T: 1000 Reward: 3352.013
Total T: 588000 Episode Num: 588 Episode T: 1000 Reward: 3370.461
Total T: 589000 Episode Num: 589 Episode T: 1000 Reward: 3438.532
Total T: 590000 Episode Num: 590 Episode T: 1000 Reward: 3380.415
---------------------------------------
Evaluation over 10 episodes: 3402.035
---------------------------------------
Total T: 591000 Episode Num: 591 Episode T: 1000 Reward: 3441.435
Total T: 592000 Episode Num: 592 Episode T: 1000 Reward: 3423.223
Total T: 593000 Episode Num: 593 Episode T: 1000 Reward: 3351.657
Total T: 594000 Episode Num: 594 Episode T: 1000 Reward: 3498.822
Total T: 595000 Episode Num: 595 Episode T: 1000 Reward: 3479.094
---------------------------------------
Evaluation over 10 episodes: 3464.040
---------------------------------------
Total T: 596000 Episode Num: 596 Episode T: 1000 Reward: 3449.388
Total T: 597000 Episode Num: 597 Episode T: 1000 Reward: 3412.921
Total T: 598000 Episode Num: 598 Episode T: 1000 Reward: 3424.003
Total T: 599000 Episode Num: 599 Episode T: 1000 Reward: 3350.682
Total T: 600000 Episode Num: 600 Episode T: 1000 Reward: 3400.341
---------------------------------------
Evaluation over 10 episodes: 3433.251
---------------------------------------
Total T: 601000 Episode Num: 601 Episode T: 1000 Reward: 3359.278
Total T: 602000 Episode Num: 602 Episode T: 1000 Reward: 3401.533
Total T: 603000 Episode Num: 603 Episode T: 1000 Reward: 3352.664
Total T: 604000 Episode Num: 604 Episode T: 1000 Reward: 3382.821
Total T: 605000 Episode Num: 605 Episode T: 1000 Reward: 3440.222
---------------------------------------
Evaluation over 10 episodes: 3405.884
---------------------------------------
Total T: 606000 Episode Num: 606 Episode T: 1000 Reward: 3384.282
Total T: 607000 Episode Num: 607 Episode T: 1000 Reward: 3409.584
Total T: 608000 Episode Num: 608 Episode T: 1000 Reward: 3361.433
Total T: 609000 Episode Num: 609 Episode T: 1000 Reward: 3403.744
Total T: 610000 Episode Num: 610 Episode T: 1000 Reward: 3324.690
---------------------------------------
Evaluation over 10 episodes: 3443.268
---------------------------------------
Total T: 611000 Episode Num: 611 Episode T: 1000 Reward: 3390.038
Total T: 612000 Episode Num: 612 Episode T: 1000 Reward: 3382.636
Total T: 613000 Episode Num: 613 Episode T: 1000 Reward: 3399.490
Total T: 614000 Episode Num: 614 Episode T: 1000 Reward: 3432.671
Total T: 615000 Episode Num: 615 Episode T: 1000 Reward: 3441.570
---------------------------------------
Evaluation over 10 episodes: 3366.805
---------------------------------------
Total T: 616000 Episode Num: 616 Episode T: 1000 Reward: 3428.016
Total T: 617000 Episode Num: 617 Episode T: 1000 Reward: 3460.413
Total T: 618000 Episode Num: 618 Episode T: 1000 Reward: 3390.595
Total T: 619000 Episode Num: 619 Episode T: 1000 Reward: 3336.611
Total T: 620000 Episode Num: 620 Episode T: 1000 Reward: 3434.415
---------------------------------------
Evaluation over 10 episodes: 3420.657
---------------------------------------
Total T: 621000 Episode Num: 621 Episode T: 1000 Reward: 3427.690
Total T: 622000 Episode Num: 622 Episode T: 1000 Reward: 3463.648
Total T: 623000 Episode Num: 623 Episode T: 1000 Reward: 3414.234
Total T: 624000 Episode Num: 624 Episode T: 1000 Reward: 3415.221
Total T: 625000 Episode Num: 625 Episode T: 1000 Reward: 3460.895
---------------------------------------
Evaluation over 10 episodes: 3399.678
---------------------------------------
Total T: 626000 Episode Num: 626 Episode T: 1000 Reward: 3438.163
Total T: 627000 Episode Num: 627 Episode T: 1000 Reward: 3437.454
Total T: 628000 Episode Num: 628 Episode T: 1000 Reward: 3430.794
Total T: 629000 Episode Num: 629 Episode T: 1000 Reward: 3445.910
Total T: 630000 Episode Num: 630 Episode T: 1000 Reward: 3499.084
---------------------------------------
Evaluation over 10 episodes: 3426.241
---------------------------------------
Total T: 631000 Episode Num: 631 Episode T: 1000 Reward: 3381.690
Total T: 632000 Episode Num: 632 Episode T: 1000 Reward: 3454.614
Total T: 633000 Episode Num: 633 Episode T: 1000 Reward: 3468.235
Total T: 634000 Episode Num: 634 Episode T: 1000 Reward: 3438.465
Total T: 635000 Episode Num: 635 Episode T: 1000 Reward: 3344.304
---------------------------------------
Evaluation over 10 episodes: 3413.391
---------------------------------------
Total T: 636000 Episode Num: 636 Episode T: 1000 Reward: 3465.603
Total T: 637000 Episode Num: 637 Episode T: 1000 Reward: 3438.776
Total T: 638000 Episode Num: 638 Episode T: 1000 Reward: 3381.251
Total T: 639000 Episode Num: 639 Episode T: 1000 Reward: 3312.373
Total T: 640000 Episode Num: 640 Episode T: 1000 Reward: 3455.096
---------------------------------------
Evaluation over 10 episodes: 3441.473
---------------------------------------
Total T: 641000 Episode Num: 641 Episode T: 1000 Reward: 3435.894
Total T: 642000 Episode Num: 642 Episode T: 1000 Reward: 3423.892
Total T: 643000 Episode Num: 643 Episode T: 1000 Reward: 3427.197
Total T: 644000 Episode Num: 644 Episode T: 1000 Reward: 3395.675
Total T: 645000 Episode Num: 645 Episode T: 1000 Reward: 3411.960
---------------------------------------
Evaluation over 10 episodes: 3429.743
---------------------------------------
Total T: 646000 Episode Num: 646 Episode T: 1000 Reward: 3360.157
Total T: 647000 Episode Num: 647 Episode T: 1000 Reward: 3400.686
Total T: 648000 Episode Num: 648 Episode T: 1000 Reward: 3436.941
Total T: 649000 Episode Num: 649 Episode T: 1000 Reward: 3440.612
Total T: 650000 Episode Num: 650 Episode T: 1000 Reward: 3388.213
---------------------------------------
Evaluation over 10 episodes: 3412.856
---------------------------------------
Total T: 651000 Episode Num: 651 Episode T: 1000 Reward: 3357.492
Total T: 652000 Episode Num: 652 Episode T: 1000 Reward: 3478.370
Total T: 653000 Episode Num: 653 Episode T: 1000 Reward: 3451.520
Total T: 654000 Episode Num: 654 Episode T: 1000 Reward: 3483.141
Total T: 655000 Episode Num: 655 Episode T: 1000 Reward: 3416.630
---------------------------------------
Evaluation over 10 episodes: 3453.426
---------------------------------------
Total T: 656000 Episode Num: 656 Episode T: 1000 Reward: 3411.550
Total T: 657000 Episode Num: 657 Episode T: 1000 Reward: 3473.007
Total T: 658000 Episode Num: 658 Episode T: 1000 Reward: 3371.936
Total T: 659000 Episode Num: 659 Episode T: 1000 Reward: 3401.055
Total T: 660000 Episode Num: 660 Episode T: 1000 Reward: 3426.178
---------------------------------------
Evaluation over 10 episodes: 3440.613
---------------------------------------
Total T: 661000 Episode Num: 661 Episode T: 1000 Reward: 3462.874
Total T: 662000 Episode Num: 662 Episode T: 1000 Reward: 3513.998
Total T: 663000 Episode Num: 663 Episode T: 1000 Reward: 3421.712
Total T: 664000 Episode Num: 664 Episode T: 1000 Reward: 3424.470
Total T: 665000 Episode Num: 665 Episode T: 1000 Reward: 3386.505
---------------------------------------
Evaluation over 10 episodes: 3436.536
---------------------------------------
Total T: 666000 Episode Num: 666 Episode T: 1000 Reward: 3464.710
Total T: 667000 Episode Num: 667 Episode T: 1000 Reward: 3358.090
Total T: 668000 Episode Num: 668 Episode T: 1000 Reward: 3435.793
Total T: 669000 Episode Num: 669 Episode T: 1000 Reward: 3308.297
Total T: 670000 Episode Num: 670 Episode T: 1000 Reward: 3446.443
---------------------------------------
Evaluation over 10 episodes: 3438.930
---------------------------------------
Total T: 671000 Episode Num: 671 Episode T: 1000 Reward: 3503.033
Total T: 672000 Episode Num: 672 Episode T: 1000 Reward: 3464.329
Total T: 673000 Episode Num: 673 Episode T: 1000 Reward: 3423.270
Total T: 674000 Episode Num: 674 Episode T: 1000 Reward: 3403.898
Total T: 675000 Episode Num: 675 Episode T: 1000 Reward: 3248.596
---------------------------------------
Evaluation over 10 episodes: 3424.468
---------------------------------------
Total T: 676000 Episode Num: 676 Episode T: 1000 Reward: 3463.436
Total T: 677000 Episode Num: 677 Episode T: 1000 Reward: 3451.386
Total T: 678000 Episode Num: 678 Episode T: 1000 Reward: 3461.233
Total T: 679000 Episode Num: 679 Episode T: 1000 Reward: 3387.046
Total T: 680000 Episode Num: 680 Episode T: 1000 Reward: 3407.372
---------------------------------------
Evaluation over 10 episodes: 3384.615
---------------------------------------
Total T: 681000 Episode Num: 681 Episode T: 1000 Reward: 3435.979
Total T: 682000 Episode Num: 682 Episode T: 1000 Reward: 3497.950
Total T: 683000 Episode Num: 683 Episode T: 1000 Reward: 3437.708
Total T: 684000 Episode Num: 684 Episode T: 1000 Reward: 3395.564
Total T: 685000 Episode Num: 685 Episode T: 1000 Reward: 3347.226
---------------------------------------
Evaluation over 10 episodes: 3431.028
---------------------------------------
Total T: 686000 Episode Num: 686 Episode T: 1000 Reward: 3449.253
Total T: 687000 Episode Num: 687 Episode T: 1000 Reward: 3430.043
Total T: 688000 Episode Num: 688 Episode T: 1000 Reward: 3461.258
Total T: 689000 Episode Num: 689 Episode T: 1000 Reward: 3425.472
Total T: 690000 Episode Num: 690 Episode T: 1000 Reward: 3388.830
---------------------------------------
Evaluation over 10 episodes: 3433.262
---------------------------------------
Total T: 691000 Episode Num: 691 Episode T: 1000 Reward: 3332.064
Total T: 692000 Episode Num: 692 Episode T: 1000 Reward: 3372.127
Total T: 693000 Episode Num: 693 Episode T: 1000 Reward: 3376.197
Total T: 694000 Episode Num: 694 Episode T: 1000 Reward: 3395.864
Total T: 695000 Episode Num: 695 Episode T: 1000 Reward: 3447.037
---------------------------------------
Evaluation over 10 episodes: 3432.775
---------------------------------------
Total T: 696000 Episode Num: 696 Episode T: 1000 Reward: 3398.426
Total T: 697000 Episode Num: 697 Episode T: 1000 Reward: 3500.771
Total T: 698000 Episode Num: 698 Episode T: 1000 Reward: 3536.367
Total T: 699000 Episode Num: 699 Episode T: 1000 Reward: 3454.941
Total T: 700000 Episode Num: 700 Episode T: 1000 Reward: 3419.505
---------------------------------------
Evaluation over 10 episodes: 3417.035
---------------------------------------
Total T: 701000 Episode Num: 701 Episode T: 1000 Reward: 3490.366
Total T: 702000 Episode Num: 702 Episode T: 1000 Reward: 3489.550
Total T: 703000 Episode Num: 703 Episode T: 1000 Reward: 3366.970
Total T: 704000 Episode Num: 704 Episode T: 1000 Reward: 3467.393
Total T: 705000 Episode Num: 705 Episode T: 1000 Reward: 3378.593
---------------------------------------
Evaluation over 10 episodes: 3435.908
---------------------------------------
Total T: 706000 Episode Num: 706 Episode T: 1000 Reward: 3456.029
Total T: 707000 Episode Num: 707 Episode T: 1000 Reward: 3430.193
Total T: 708000 Episode Num: 708 Episode T: 1000 Reward: 3404.692
Total T: 709000 Episode Num: 709 Episode T: 1000 Reward: 3431.474
Total T: 710000 Episode Num: 710 Episode T: 1000 Reward: 3444.319
---------------------------------------
Evaluation over 10 episodes: 3453.574
---------------------------------------
Total T: 711000 Episode Num: 711 Episode T: 1000 Reward: 3399.232
Total T: 712000 Episode Num: 712 Episode T: 1000 Reward: 3456.756
Total T: 713000 Episode Num: 713 Episode T: 1000 Reward: 3491.564
Total T: 714000 Episode Num: 714 Episode T: 1000 Reward: 3446.378
Total T: 715000 Episode Num: 715 Episode T: 1000 Reward: 3489.102
---------------------------------------
Evaluation over 10 episodes: 3457.636
---------------------------------------
Total T: 716000 Episode Num: 716 Episode T: 1000 Reward: 3435.111
Total T: 717000 Episode Num: 717 Episode T: 1000 Reward: 3339.475
Total T: 718000 Episode Num: 718 Episode T: 1000 Reward: 3447.671
Total T: 719000 Episode Num: 719 Episode T: 1000 Reward: 3477.079
Total T: 720000 Episode Num: 720 Episode T: 1000 Reward: 3403.600
---------------------------------------
Evaluation over 10 episodes: 3430.839
---------------------------------------
Total T: 721000 Episode Num: 721 Episode T: 1000 Reward: 3455.597
Total T: 722000 Episode Num: 722 Episode T: 1000 Reward: 3459.693
Total T: 723000 Episode Num: 723 Episode T: 1000 Reward: 3402.966
Total T: 724000 Episode Num: 724 Episode T: 1000 Reward: 3459.564
Total T: 725000 Episode Num: 725 Episode T: 1000 Reward: 3428.910
---------------------------------------
Evaluation over 10 episodes: 3434.225
---------------------------------------
Total T: 726000 Episode Num: 726 Episode T: 1000 Reward: 3429.058
Total T: 727000 Episode Num: 727 Episode T: 1000 Reward: 3413.959
Total T: 728000 Episode Num: 728 Episode T: 1000 Reward: 3561.398
Total T: 729000 Episode Num: 729 Episode T: 1000 Reward: 3383.385
Total T: 730000 Episode Num: 730 Episode T: 1000 Reward: 3417.156
---------------------------------------
Evaluation over 10 episodes: 3403.726
---------------------------------------
Total T: 731000 Episode Num: 731 Episode T: 1000 Reward: 3439.579
Total T: 732000 Episode Num: 732 Episode T: 1000 Reward: 3379.360
Total T: 733000 Episode Num: 733 Episode T: 1000 Reward: 3399.583
Total T: 734000 Episode Num: 734 Episode T: 1000 Reward: 3362.499
Total T: 735000 Episode Num: 735 Episode T: 1000 Reward: 3444.488
---------------------------------------
Evaluation over 10 episodes: 3456.595
---------------------------------------
Total T: 736000 Episode Num: 736 Episode T: 1000 Reward: 3364.624
Total T: 737000 Episode Num: 737 Episode T: 1000 Reward: 3306.462
Total T: 738000 Episode Num: 738 Episode T: 1000 Reward: 3347.305
Total T: 739000 Episode Num: 739 Episode T: 1000 Reward: 3526.158
Total T: 740000 Episode Num: 740 Episode T: 1000 Reward: 3365.157
---------------------------------------
Evaluation over 10 episodes: 3457.922
---------------------------------------
Total T: 741000 Episode Num: 741 Episode T: 1000 Reward: 3444.228
Total T: 742000 Episode Num: 742 Episode T: 1000 Reward: 3361.287
Total T: 743000 Episode Num: 743 Episode T: 1000 Reward: 3389.989
Total T: 744000 Episode Num: 744 Episode T: 1000 Reward: 3441.229
Total T: 745000 Episode Num: 745 Episode T: 1000 Reward: 3467.135
---------------------------------------
Evaluation over 10 episodes: 3428.171
---------------------------------------
Total T: 746000 Episode Num: 746 Episode T: 1000 Reward: 3430.511
Total T: 747000 Episode Num: 747 Episode T: 1000 Reward: 3356.874
Total T: 748000 Episode Num: 748 Episode T: 1000 Reward: 3404.986
Total T: 749000 Episode Num: 749 Episode T: 1000 Reward: 3493.136
Total T: 750000 Episode Num: 750 Episode T: 1000 Reward: 3437.590
---------------------------------------
Evaluation over 10 episodes: 3450.256
---------------------------------------
Total T: 751000 Episode Num: 751 Episode T: 1000 Reward: 3378.747
Total T: 752000 Episode Num: 752 Episode T: 1000 Reward: 3426.505
Total T: 753000 Episode Num: 753 Episode T: 1000 Reward: 3463.269
Total T: 754000 Episode Num: 754 Episode T: 1000 Reward: 3436.329
Total T: 755000 Episode Num: 755 Episode T: 1000 Reward: 3402.220
---------------------------------------
Evaluation over 10 episodes: 3420.532
---------------------------------------
Total T: 756000 Episode Num: 756 Episode T: 1000 Reward: 3403.561
Total T: 757000 Episode Num: 757 Episode T: 1000 Reward: 3440.712
Total T: 758000 Episode Num: 758 Episode T: 1000 Reward: 3421.328
Total T: 759000 Episode Num: 759 Episode T: 1000 Reward: 3475.233
Total T: 760000 Episode Num: 760 Episode T: 1000 Reward: 3456.627
---------------------------------------
Evaluation over 10 episodes: 3398.825
---------------------------------------
Total T: 761000 Episode Num: 761 Episode T: 1000 Reward: 3512.266
Total T: 762000 Episode Num: 762 Episode T: 1000 Reward: 3454.615
Total T: 763000 Episode Num: 763 Episode T: 1000 Reward: 3418.878
Total T: 764000 Episode Num: 764 Episode T: 1000 Reward: 3360.631
Total T: 765000 Episode Num: 765 Episode T: 1000 Reward: 3419.558
---------------------------------------
Evaluation over 10 episodes: 3451.250
---------------------------------------
Total T: 766000 Episode Num: 766 Episode T: 1000 Reward: 3372.156
Total T: 767000 Episode Num: 767 Episode T: 1000 Reward: 3436.151
Total T: 768000 Episode Num: 768 Episode T: 1000 Reward: 3355.438
Total T: 769000 Episode Num: 769 Episode T: 1000 Reward: 3551.657
Total T: 770000 Episode Num: 770 Episode T: 1000 Reward: 3511.027
---------------------------------------
Evaluation over 10 episodes: 3453.388
---------------------------------------
Total T: 771000 Episode Num: 771 Episode T: 1000 Reward: 3527.942
Total T: 772000 Episode Num: 772 Episode T: 1000 Reward: 3425.946
Total T: 773000 Episode Num: 773 Episode T: 1000 Reward: 3400.153
Total T: 774000 Episode Num: 774 Episode T: 1000 Reward: 3415.029
Total T: 775000 Episode Num: 775 Episode T: 1000 Reward: 3400.280
---------------------------------------
Evaluation over 10 episodes: 3443.705
---------------------------------------
Total T: 776000 Episode Num: 776 Episode T: 1000 Reward: 3479.464
Total T: 777000 Episode Num: 777 Episode T: 1000 Reward: 3373.409
Total T: 778000 Episode Num: 778 Episode T: 1000 Reward: 3417.143
Total T: 779000 Episode Num: 779 Episode T: 1000 Reward: 3519.584
Total T: 780000 Episode Num: 780 Episode T: 1000 Reward: 3518.815
---------------------------------------
Evaluation over 10 episodes: 3455.035
---------------------------------------
Total T: 781000 Episode Num: 781 Episode T: 1000 Reward: 3483.013
Total T: 782000 Episode Num: 782 Episode T: 1000 Reward: 3389.427
Total T: 783000 Episode Num: 783 Episode T: 1000 Reward: 3446.462
Total T: 784000 Episode Num: 784 Episode T: 1000 Reward: 3441.653
Total T: 785000 Episode Num: 785 Episode T: 1000 Reward: 3407.506
---------------------------------------
Evaluation over 10 episodes: 3456.654
---------------------------------------
Total T: 786000 Episode Num: 786 Episode T: 1000 Reward: 3436.973
Total T: 787000 Episode Num: 787 Episode T: 1000 Reward: 3382.587
Total T: 788000 Episode Num: 788 Episode T: 1000 Reward: 3434.231
Total T: 789000 Episode Num: 789 Episode T: 1000 Reward: 3486.219
Total T: 790000 Episode Num: 790 Episode T: 1000 Reward: 3463.993
---------------------------------------
Evaluation over 10 episodes: 3448.763
---------------------------------------
Total T: 791000 Episode Num: 791 Episode T: 1000 Reward: 3420.930
Total T: 792000 Episode Num: 792 Episode T: 1000 Reward: 3445.023
Total T: 793000 Episode Num: 793 Episode T: 1000 Reward: 3473.112
Total T: 794000 Episode Num: 794 Episode T: 1000 Reward: 3421.751
Total T: 795000 Episode Num: 795 Episode T: 1000 Reward: 3498.488
---------------------------------------
Evaluation over 10 episodes: 3388.019
---------------------------------------
Total T: 796000 Episode Num: 796 Episode T: 1000 Reward: 3502.393
Total T: 797000 Episode Num: 797 Episode T: 1000 Reward: 3425.769
Total T: 798000 Episode Num: 798 Episode T: 1000 Reward: 3443.635
Total T: 799000 Episode Num: 799 Episode T: 1000 Reward: 3433.166
Total T: 800000 Episode Num: 800 Episode T: 1000 Reward: 3517.831
---------------------------------------
Evaluation over 10 episodes: 3429.632
---------------------------------------
Total T: 801000 Episode Num: 801 Episode T: 1000 Reward: 3468.014
Total T: 802000 Episode Num: 802 Episode T: 1000 Reward: 3446.656
Total T: 803000 Episode Num: 803 Episode T: 1000 Reward: 3384.449
Total T: 804000 Episode Num: 804 Episode T: 1000 Reward: 3385.771
Total T: 805000 Episode Num: 805 Episode T: 1000 Reward: 3416.707
---------------------------------------
Evaluation over 10 episodes: 3467.743
---------------------------------------
Total T: 806000 Episode Num: 806 Episode T: 1000 Reward: 3473.122
Total T: 807000 Episode Num: 807 Episode T: 1000 Reward: 3464.068
Total T: 808000 Episode Num: 808 Episode T: 1000 Reward: 3412.423
Total T: 809000 Episode Num: 809 Episode T: 1000 Reward: 3462.986
Total T: 810000 Episode Num: 810 Episode T: 1000 Reward: 3513.819
---------------------------------------
Evaluation over 10 episodes: 3448.278
---------------------------------------
Total T: 811000 Episode Num: 811 Episode T: 1000 Reward: 3512.714
Total T: 812000 Episode Num: 812 Episode T: 1000 Reward: 3371.454
Total T: 813000 Episode Num: 813 Episode T: 1000 Reward: 3409.998
Total T: 814000 Episode Num: 814 Episode T: 1000 Reward: 3510.242
Total T: 815000 Episode Num: 815 Episode T: 1000 Reward: 3471.320
---------------------------------------
Evaluation over 10 episodes: 3466.966
---------------------------------------
Total T: 816000 Episode Num: 816 Episode T: 1000 Reward: 3429.174
Total T: 817000 Episode Num: 817 Episode T: 1000 Reward: 3402.158
Total T: 818000 Episode Num: 818 Episode T: 1000 Reward: 3434.718
Total T: 819000 Episode Num: 819 Episode T: 1000 Reward: 3419.831
Total T: 820000 Episode Num: 820 Episode T: 1000 Reward: 3532.020
---------------------------------------
Evaluation over 10 episodes: 3427.208
---------------------------------------
Total T: 821000 Episode Num: 821 Episode T: 1000 Reward: 3370.237
Total T: 822000 Episode Num: 822 Episode T: 1000 Reward: 3504.557
Total T: 823000 Episode Num: 823 Episode T: 1000 Reward: 3453.342
Total T: 824000 Episode Num: 824 Episode T: 1000 Reward: 3438.337
Total T: 825000 Episode Num: 825 Episode T: 1000 Reward: 3359.611
---------------------------------------
Evaluation over 10 episodes: 3402.107
---------------------------------------
Total T: 826000 Episode Num: 826 Episode T: 1000 Reward: 3488.800
Total T: 827000 Episode Num: 827 Episode T: 1000 Reward: 3399.371
Total T: 828000 Episode Num: 828 Episode T: 1000 Reward: 3367.417
Total T: 829000 Episode Num: 829 Episode T: 1000 Reward: 3374.544
Total T: 830000 Episode Num: 830 Episode T: 1000 Reward: 3519.292
---------------------------------------
Evaluation over 10 episodes: 3446.462
---------------------------------------
Total T: 831000 Episode Num: 831 Episode T: 1000 Reward: 3438.537
Total T: 832000 Episode Num: 832 Episode T: 1000 Reward: 3449.828
Total T: 833000 Episode Num: 833 Episode T: 1000 Reward: 3465.645
Total T: 834000 Episode Num: 834 Episode T: 1000 Reward: 3489.763
Total T: 835000 Episode Num: 835 Episode T: 1000 Reward: 3432.333
---------------------------------------
Evaluation over 10 episodes: 3444.394
---------------------------------------
Total T: 836000 Episode Num: 836 Episode T: 1000 Reward: 3451.553
Total T: 837000 Episode Num: 837 Episode T: 1000 Reward: 3482.485
Total T: 838000 Episode Num: 838 Episode T: 1000 Reward: 3463.810
Total T: 839000 Episode Num: 839 Episode T: 1000 Reward: 3486.649
Total T: 840000 Episode Num: 840 Episode T: 1000 Reward: 3420.602
---------------------------------------
Evaluation over 10 episodes: 3447.761
---------------------------------------
Total T: 841000 Episode Num: 841 Episode T: 1000 Reward: 3505.827
Total T: 842000 Episode Num: 842 Episode T: 1000 Reward: 3433.601
Total T: 843000 Episode Num: 843 Episode T: 1000 Reward: 3428.600
Total T: 844000 Episode Num: 844 Episode T: 1000 Reward: 3488.208
Total T: 845000 Episode Num: 845 Episode T: 1000 Reward: 3418.661
---------------------------------------
Evaluation over 10 episodes: 3445.334
---------------------------------------
Total T: 846000 Episode Num: 846 Episode T: 1000 Reward: 3414.944
Total T: 847000 Episode Num: 847 Episode T: 1000 Reward: 3416.818
Total T: 848000 Episode Num: 848 Episode T: 1000 Reward: 3389.830
Total T: 849000 Episode Num: 849 Episode T: 1000 Reward: 3451.525
Total T: 850000 Episode Num: 850 Episode T: 1000 Reward: 3470.858
---------------------------------------
Evaluation over 10 episodes: 3473.617
---------------------------------------
Total T: 851000 Episode Num: 851 Episode T: 1000 Reward: 3515.872
Total T: 852000 Episode Num: 852 Episode T: 1000 Reward: 3457.947
Total T: 853000 Episode Num: 853 Episode T: 1000 Reward: 3504.404
Total T: 854000 Episode Num: 854 Episode T: 1000 Reward: 3434.658
Total T: 855000 Episode Num: 855 Episode T: 1000 Reward: 3469.081
---------------------------------------
Evaluation over 10 episodes: 3477.196
---------------------------------------
Total T: 856000 Episode Num: 856 Episode T: 1000 Reward: 3456.062
Total T: 857000 Episode Num: 857 Episode T: 1000 Reward: 3432.972
Total T: 858000 Episode Num: 858 Episode T: 1000 Reward: 3416.483
Total T: 859000 Episode Num: 859 Episode T: 1000 Reward: 3476.485
Total T: 860000 Episode Num: 860 Episode T: 1000 Reward: 3432.687
---------------------------------------
Evaluation over 10 episodes: 3435.704
---------------------------------------
Total T: 861000 Episode Num: 861 Episode T: 1000 Reward: 3421.739
Total T: 862000 Episode Num: 862 Episode T: 1000 Reward: 3484.863
Total T: 863000 Episode Num: 863 Episode T: 1000 Reward: 3411.237
Total T: 864000 Episode Num: 864 Episode T: 1000 Reward: 3464.585
Total T: 865000 Episode Num: 865 Episode T: 1000 Reward: 3422.504
---------------------------------------
Evaluation over 10 episodes: 3446.030
---------------------------------------
Total T: 866000 Episode Num: 866 Episode T: 1000 Reward: 3515.929
Total T: 867000 Episode Num: 867 Episode T: 1000 Reward: 3469.906
Total T: 868000 Episode Num: 868 Episode T: 1000 Reward: 3462.826
Total T: 869000 Episode Num: 869 Episode T: 1000 Reward: 3444.118
Total T: 870000 Episode Num: 870 Episode T: 1000 Reward: 3499.159
---------------------------------------
Evaluation over 10 episodes: 3474.859
---------------------------------------
Total T: 871000 Episode Num: 871 Episode T: 1000 Reward: 3400.816
Total T: 872000 Episode Num: 872 Episode T: 1000 Reward: 3498.498
Total T: 873000 Episode Num: 873 Episode T: 1000 Reward: 3405.957
Total T: 874000 Episode Num: 874 Episode T: 1000 Reward: 3513.869
Total T: 875000 Episode Num: 875 Episode T: 1000 Reward: 3519.257
---------------------------------------
Evaluation over 10 episodes: 3461.608
---------------------------------------
Total T: 876000 Episode Num: 876 Episode T: 1000 Reward: 3432.407
Total T: 877000 Episode Num: 877 Episode T: 1000 Reward: 3464.885
Total T: 878000 Episode Num: 878 Episode T: 1000 Reward: 3417.594
Total T: 879000 Episode Num: 879 Episode T: 1000 Reward: 3547.092
Total T: 880000 Episode Num: 880 Episode T: 1000 Reward: 3446.335
---------------------------------------
Evaluation over 10 episodes: 3445.800
---------------------------------------
Total T: 881000 Episode Num: 881 Episode T: 1000 Reward: 3489.442
Total T: 882000 Episode Num: 882 Episode T: 1000 Reward: 3553.856
Total T: 883000 Episode Num: 883 Episode T: 1000 Reward: 3542.864
Total T: 884000 Episode Num: 884 Episode T: 1000 Reward: 3552.475
Total T: 885000 Episode Num: 885 Episode T: 1000 Reward: 3358.722
---------------------------------------
Evaluation over 10 episodes: 3462.919
---------------------------------------
Total T: 886000 Episode Num: 886 Episode T: 1000 Reward: 3468.419
Total T: 887000 Episode Num: 887 Episode T: 1000 Reward: 3380.354
Total T: 888000 Episode Num: 888 Episode T: 1000 Reward: 3447.444
Total T: 889000 Episode Num: 889 Episode T: 1000 Reward: 3523.139
Total T: 890000 Episode Num: 890 Episode T: 1000 Reward: 3435.960
---------------------------------------
Evaluation over 10 episodes: 3448.687
---------------------------------------
Total T: 891000 Episode Num: 891 Episode T: 1000 Reward: 3444.223
Total T: 892000 Episode Num: 892 Episode T: 1000 Reward: 3467.604
Total T: 893000 Episode Num: 893 Episode T: 1000 Reward: 3578.163
Total T: 894000 Episode Num: 894 Episode T: 1000 Reward: 3455.271
Total T: 895000 Episode Num: 895 Episode T: 1000 Reward: 3465.013
---------------------------------------
Evaluation over 10 episodes: 3441.905
---------------------------------------
Total T: 896000 Episode Num: 896 Episode T: 1000 Reward: 3453.012
Total T: 897000 Episode Num: 897 Episode T: 1000 Reward: 3451.157
Total T: 898000 Episode Num: 898 Episode T: 1000 Reward: 3465.517
Total T: 899000 Episode Num: 899 Episode T: 1000 Reward: 3414.229
Total T: 900000 Episode Num: 900 Episode T: 1000 Reward: 3439.359
---------------------------------------
Evaluation over 10 episodes: 3439.156
---------------------------------------
Total T: 901000 Episode Num: 901 Episode T: 1000 Reward: 3496.593
Total T: 902000 Episode Num: 902 Episode T: 1000 Reward: 3438.288
Total T: 903000 Episode Num: 903 Episode T: 1000 Reward: 3339.120
Total T: 904000 Episode Num: 904 Episode T: 1000 Reward: 3511.680
Total T: 905000 Episode Num: 905 Episode T: 1000 Reward: 3506.556
---------------------------------------
Evaluation over 10 episodes: 3396.550
---------------------------------------
Total T: 906000 Episode Num: 906 Episode T: 1000 Reward: 3364.868
Total T: 907000 Episode Num: 907 Episode T: 1000 Reward: 3564.641
Total T: 908000 Episode Num: 908 Episode T: 1000 Reward: 3463.418
Total T: 909000 Episode Num: 909 Episode T: 1000 Reward: 3493.528
Total T: 910000 Episode Num: 910 Episode T: 1000 Reward: 3459.791
---------------------------------------
Evaluation over 10 episodes: 3458.206
---------------------------------------
Total T: 911000 Episode Num: 911 Episode T: 1000 Reward: 3452.172
Total T: 912000 Episode Num: 912 Episode T: 1000 Reward: 3477.995
Total T: 913000 Episode Num: 913 Episode T: 1000 Reward: 3460.999
Total T: 914000 Episode Num: 914 Episode T: 1000 Reward: 3454.998
Total T: 915000 Episode Num: 915 Episode T: 1000 Reward: 3411.920
---------------------------------------
Evaluation over 10 episodes: 3462.955
---------------------------------------
Total T: 916000 Episode Num: 916 Episode T: 1000 Reward: 3509.866
Total T: 917000 Episode Num: 917 Episode T: 1000 Reward: 3405.158
Total T: 918000 Episode Num: 918 Episode T: 1000 Reward: 3495.047
Total T: 919000 Episode Num: 919 Episode T: 1000 Reward: 3446.527
Total T: 920000 Episode Num: 920 Episode T: 1000 Reward: 3420.001
---------------------------------------
Evaluation over 10 episodes: 3419.877
---------------------------------------
Total T: 921000 Episode Num: 921 Episode T: 1000 Reward: 3477.091
Total T: 922000 Episode Num: 922 Episode T: 1000 Reward: 3464.337
Total T: 923000 Episode Num: 923 Episode T: 1000 Reward: 3453.037
Total T: 924000 Episode Num: 924 Episode T: 1000 Reward: 3455.193
Total T: 925000 Episode Num: 925 Episode T: 1000 Reward: 3490.537
---------------------------------------
Evaluation over 10 episodes: 3458.927
---------------------------------------
Total T: 926000 Episode Num: 926 Episode T: 1000 Reward: 3494.995
Total T: 927000 Episode Num: 927 Episode T: 1000 Reward: 3563.418
Total T: 928000 Episode Num: 928 Episode T: 1000 Reward: 3478.441
Total T: 929000 Episode Num: 929 Episode T: 1000 Reward: 3452.340
Total T: 930000 Episode Num: 930 Episode T: 1000 Reward: 3468.984
---------------------------------------
Evaluation over 10 episodes: 3437.545
---------------------------------------
Total T: 931000 Episode Num: 931 Episode T: 1000 Reward: 3440.402
Total T: 932000 Episode Num: 932 Episode T: 1000 Reward: 3479.461
Total T: 933000 Episode Num: 933 Episode T: 1000 Reward: 3492.648
Total T: 934000 Episode Num: 934 Episode T: 1000 Reward: 3514.254
Total T: 935000 Episode Num: 935 Episode T: 1000 Reward: 3367.730
---------------------------------------
Evaluation over 10 episodes: 3449.057
---------------------------------------
Total T: 936000 Episode Num: 936 Episode T: 1000 Reward: 3442.062
Total T: 937000 Episode Num: 937 Episode T: 1000 Reward: 3497.934
Total T: 938000 Episode Num: 938 Episode T: 1000 Reward: 3505.757
Total T: 939000 Episode Num: 939 Episode T: 1000 Reward: 3463.419
Total T: 940000 Episode Num: 940 Episode T: 1000 Reward: 3517.921
---------------------------------------
Evaluation over 10 episodes: 3468.347
---------------------------------------
Total T: 941000 Episode Num: 941 Episode T: 1000 Reward: 3378.199
Total T: 942000 Episode Num: 942 Episode T: 1000 Reward: 3530.076
Total T: 943000 Episode Num: 943 Episode T: 1000 Reward: 3471.373
Total T: 944000 Episode Num: 944 Episode T: 1000 Reward: 3347.076
Total T: 945000 Episode Num: 945 Episode T: 1000 Reward: 3413.186
---------------------------------------
Evaluation over 10 episodes: 3484.984
---------------------------------------
Total T: 946000 Episode Num: 946 Episode T: 1000 Reward: 3444.753
Total T: 947000 Episode Num: 947 Episode T: 1000 Reward: 3454.658
Total T: 948000 Episode Num: 948 Episode T: 1000 Reward: 3484.156
Total T: 949000 Episode Num: 949 Episode T: 1000 Reward: 3461.502
Total T: 950000 Episode Num: 950 Episode T: 1000 Reward: 3396.403
---------------------------------------
Evaluation over 10 episodes: 3433.447
---------------------------------------
Total T: 951000 Episode Num: 951 Episode T: 1000 Reward: 3397.535
Total T: 952000 Episode Num: 952 Episode T: 1000 Reward: 3468.825
Total T: 953000 Episode Num: 953 Episode T: 1000 Reward: 3492.885
Total T: 954000 Episode Num: 954 Episode T: 1000 Reward: 3482.588
Total T: 955000 Episode Num: 955 Episode T: 1000 Reward: 3372.043
---------------------------------------
Evaluation over 10 episodes: 3460.800
---------------------------------------
Total T: 956000 Episode Num: 956 Episode T: 1000 Reward: 3475.818
Total T: 957000 Episode Num: 957 Episode T: 1000 Reward: 3474.086
Total T: 958000 Episode Num: 958 Episode T: 1000 Reward: 3486.063
Total T: 959000 Episode Num: 959 Episode T: 1000 Reward: 3333.656
Total T: 960000 Episode Num: 960 Episode T: 1000 Reward: 3468.066
---------------------------------------
Evaluation over 10 episodes: 3407.280
---------------------------------------
Total T: 961000 Episode Num: 961 Episode T: 1000 Reward: 3458.511
Total T: 962000 Episode Num: 962 Episode T: 1000 Reward: 3427.077
Total T: 963000 Episode Num: 963 Episode T: 1000 Reward: 3443.009
Total T: 964000 Episode Num: 964 Episode T: 1000 Reward: 3395.467
Total T: 965000 Episode Num: 965 Episode T: 1000 Reward: 3419.281
---------------------------------------
Evaluation over 10 episodes: 3462.321
---------------------------------------
Total T: 966000 Episode Num: 966 Episode T: 1000 Reward: 3447.780
Total T: 967000 Episode Num: 967 Episode T: 1000 Reward: 3514.904
Total T: 968000 Episode Num: 968 Episode T: 1000 Reward: 3457.571
Total T: 969000 Episode Num: 969 Episode T: 1000 Reward: 3479.325
Total T: 970000 Episode Num: 970 Episode T: 1000 Reward: 3461.028
---------------------------------------
Evaluation over 10 episodes: 3448.832
---------------------------------------
Total T: 971000 Episode Num: 971 Episode T: 1000 Reward: 3459.297
Total T: 972000 Episode Num: 972 Episode T: 1000 Reward: 3505.155
Total T: 973000 Episode Num: 973 Episode T: 1000 Reward: 3419.908
Total T: 974000 Episode Num: 974 Episode T: 1000 Reward: 3472.667
Total T: 975000 Episode Num: 975 Episode T: 1000 Reward: 3509.179
---------------------------------------
Evaluation over 10 episodes: 3438.428
---------------------------------------
Total T: 976000 Episode Num: 976 Episode T: 1000 Reward: 3415.884
Total T: 977000 Episode Num: 977 Episode T: 1000 Reward: 3376.391
Total T: 978000 Episode Num: 978 Episode T: 1000 Reward: 3485.984
Total T: 979000 Episode Num: 979 Episode T: 1000 Reward: 3501.770
Total T: 980000 Episode Num: 980 Episode T: 1000 Reward: 3554.647
---------------------------------------
Evaluation over 10 episodes: 3474.107
---------------------------------------
Total T: 981000 Episode Num: 981 Episode T: 1000 Reward: 3529.039
Total T: 982000 Episode Num: 982 Episode T: 1000 Reward: 3389.631
Total T: 983000 Episode Num: 983 Episode T: 1000 Reward: 3429.602
Total T: 984000 Episode Num: 984 Episode T: 1000 Reward: 3498.753
Total T: 985000 Episode Num: 985 Episode T: 1000 Reward: 3443.959
---------------------------------------
Evaluation over 10 episodes: 3461.994
---------------------------------------
Total T: 986000 Episode Num: 986 Episode T: 1000 Reward: 3501.733
Total T: 987000 Episode Num: 987 Episode T: 1000 Reward: 3559.303
Total T: 988000 Episode Num: 988 Episode T: 1000 Reward: 3493.276
Total T: 989000 Episode Num: 989 Episode T: 1000 Reward: 3425.256
Total T: 990000 Episode Num: 990 Episode T: 1000 Reward: 3435.584
---------------------------------------
Evaluation over 10 episodes: 3464.977
---------------------------------------
Total T: 991000 Episode Num: 991 Episode T: 1000 Reward: 3384.652
Total T: 992000 Episode Num: 992 Episode T: 1000 Reward: 3394.717
Total T: 993000 Episode Num: 993 Episode T: 1000 Reward: 3475.583
Total T: 994000 Episode Num: 994 Episode T: 1000 Reward: 3450.516
Total T: 995000 Episode Num: 995 Episode T: 1000 Reward: 3435.508
---------------------------------------
Evaluation over 10 episodes: 3447.836
---------------------------------------
Total T: 996000 Episode Num: 996 Episode T: 1000 Reward: 3467.495
Total T: 997000 Episode Num: 997 Episode T: 1000 Reward: 3454.875
Total T: 998000 Episode Num: 998 Episode T: 1000 Reward: 3474.828
Total T: 999000 Episode Num: 999 Episode T: 1000 Reward: 3466.847
Total T: 1000000 Episode Num: 1000 Episode T: 1000 Reward: 3575.659
---------------------------------------
Evaluation over 10 episodes: 3449.383
---------------------------------------
