---------------------------------------
Policy: TD3, Env: HalfCheetah-v2, Seed: 0
---------------------------------------
---------------------------------------
Evaluation over 10 episodes: -0.947
---------------------------------------
Total T: 1000 Episode Num: 1 Episode T: 1000 Reward: -332.737
Total T: 2000 Episode Num: 2 Episode T: 1000 Reward: -447.061
Total T: 3000 Episode Num: 3 Episode T: 1000 Reward: -220.577
Total T: 4000 Episode Num: 4 Episode T: 1000 Reward: -296.131
Total T: 5000 Episode Num: 5 Episode T: 1000 Reward: -235.793
---------------------------------------
Evaluation over 10 episodes: -0.946
---------------------------------------
Total T: 6000 Episode Num: 6 Episode T: 1000 Reward: -250.664
Total T: 7000 Episode Num: 7 Episode T: 1000 Reward: -418.401
Total T: 8000 Episode Num: 8 Episode T: 1000 Reward: -125.287
Total T: 9000 Episode Num: 9 Episode T: 1000 Reward: -225.692
Total T: 10000 Episode Num: 10 Episode T: 1000 Reward: -251.706
---------------------------------------
Evaluation over 10 episodes: -0.946
---------------------------------------
Total T: 11000 Episode Num: 11 Episode T: 1000 Reward: -235.774
Total T: 12000 Episode Num: 12 Episode T: 1000 Reward: -238.348
Total T: 13000 Episode Num: 13 Episode T: 1000 Reward: -226.440
Total T: 14000 Episode Num: 14 Episode T: 1000 Reward: -213.450
Total T: 15000 Episode Num: 15 Episode T: 1000 Reward: -147.554
---------------------------------------
Evaluation over 10 episodes: -0.946
---------------------------------------
Total T: 16000 Episode Num: 16 Episode T: 1000 Reward: -284.750
Total T: 17000 Episode Num: 17 Episode T: 1000 Reward: -269.797
Total T: 18000 Episode Num: 18 Episode T: 1000 Reward: -286.297
Total T: 19000 Episode Num: 19 Episode T: 1000 Reward: -138.561
Total T: 20000 Episode Num: 20 Episode T: 1000 Reward: -292.812
---------------------------------------
Evaluation over 10 episodes: -0.946
---------------------------------------
Total T: 21000 Episode Num: 21 Episode T: 1000 Reward: -319.091
Total T: 22000 Episode Num: 22 Episode T: 1000 Reward: -353.631
Total T: 23000 Episode Num: 23 Episode T: 1000 Reward: -197.868
Total T: 24000 Episode Num: 24 Episode T: 1000 Reward: -331.647
Total T: 25000 Episode Num: 25 Episode T: 1000 Reward: -260.479
---------------------------------------
Evaluation over 10 episodes: -0.946
---------------------------------------
Total T: 26000 Episode Num: 26 Episode T: 1000 Reward: -334.729
Total T: 27000 Episode Num: 27 Episode T: 1000 Reward: -330.073
Total T: 28000 Episode Num: 28 Episode T: 1000 Reward: -357.890
Total T: 29000 Episode Num: 29 Episode T: 1000 Reward: -271.062
Total T: 30000 Episode Num: 30 Episode T: 1000 Reward: -329.026
---------------------------------------
Evaluation over 10 episodes: -370.419
---------------------------------------
Total T: 31000 Episode Num: 31 Episode T: 1000 Reward: -406.354
Total T: 32000 Episode Num: 32 Episode T: 1000 Reward: -407.696
Total T: 33000 Episode Num: 33 Episode T: 1000 Reward: -283.855
Total T: 34000 Episode Num: 34 Episode T: 1000 Reward: -354.999
Total T: 35000 Episode Num: 35 Episode T: 1000 Reward: -381.701
---------------------------------------
Evaluation over 10 episodes: -470.036
---------------------------------------
Total T: 36000 Episode Num: 36 Episode T: 1000 Reward: -324.579
Total T: 37000 Episode Num: 37 Episode T: 1000 Reward: -313.663
Total T: 38000 Episode Num: 38 Episode T: 1000 Reward: -291.255
Total T: 39000 Episode Num: 39 Episode T: 1000 Reward: -84.365
Total T: 40000 Episode Num: 40 Episode T: 1000 Reward: -122.296
---------------------------------------
Evaluation over 10 episodes: -148.810
---------------------------------------
Total T: 41000 Episode Num: 41 Episode T: 1000 Reward: -170.503
Total T: 42000 Episode Num: 42 Episode T: 1000 Reward: -261.562
Total T: 43000 Episode Num: 43 Episode T: 1000 Reward: -172.365
Total T: 44000 Episode Num: 44 Episode T: 1000 Reward: -392.472
Total T: 45000 Episode Num: 45 Episode T: 1000 Reward: -212.555
---------------------------------------
Evaluation over 10 episodes: 70.188
---------------------------------------
Total T: 46000 Episode Num: 46 Episode T: 1000 Reward: 131.848
Total T: 47000 Episode Num: 47 Episode T: 1000 Reward: 1167.328
Total T: 48000 Episode Num: 48 Episode T: 1000 Reward: 1050.354
Total T: 49000 Episode Num: 49 Episode T: 1000 Reward: 1349.435
Total T: 50000 Episode Num: 50 Episode T: 1000 Reward: 1381.432
---------------------------------------
Evaluation over 10 episodes: 860.829
---------------------------------------
Total T: 51000 Episode Num: 51 Episode T: 1000 Reward: 1368.763
Total T: 52000 Episode Num: 52 Episode T: 1000 Reward: 1701.072
Total T: 53000 Episode Num: 53 Episode T: 1000 Reward: 1575.949
Total T: 54000 Episode Num: 54 Episode T: 1000 Reward: 1694.595
Total T: 55000 Episode Num: 55 Episode T: 1000 Reward: 1953.874
---------------------------------------
Evaluation over 10 episodes: 1714.718
---------------------------------------
Total T: 56000 Episode Num: 56 Episode T: 1000 Reward: 1460.838
Total T: 57000 Episode Num: 57 Episode T: 1000 Reward: 2066.450
Total T: 58000 Episode Num: 58 Episode T: 1000 Reward: 1839.091
Total T: 59000 Episode Num: 59 Episode T: 1000 Reward: 2085.876
Total T: 60000 Episode Num: 60 Episode T: 1000 Reward: 2339.494
---------------------------------------
Evaluation over 10 episodes: 2342.664
---------------------------------------
Total T: 61000 Episode Num: 61 Episode T: 1000 Reward: 2415.874
Total T: 62000 Episode Num: 62 Episode T: 1000 Reward: 2581.321
Total T: 63000 Episode Num: 63 Episode T: 1000 Reward: 2715.345
Total T: 64000 Episode Num: 64 Episode T: 1000 Reward: 2564.235
Total T: 65000 Episode Num: 65 Episode T: 1000 Reward: 2816.271
---------------------------------------
Evaluation over 10 episodes: 2665.564
---------------------------------------
Total T: 66000 Episode Num: 66 Episode T: 1000 Reward: 2721.425
Total T: 67000 Episode Num: 67 Episode T: 1000 Reward: 1611.647
Total T: 68000 Episode Num: 68 Episode T: 1000 Reward: 2733.678
Total T: 69000 Episode Num: 69 Episode T: 1000 Reward: 1325.928
Total T: 70000 Episode Num: 70 Episode T: 1000 Reward: 2722.213
---------------------------------------
Evaluation over 10 episodes: 2740.673
---------------------------------------
Total T: 71000 Episode Num: 71 Episode T: 1000 Reward: 2533.019
Total T: 72000 Episode Num: 72 Episode T: 1000 Reward: 2975.707
Total T: 73000 Episode Num: 73 Episode T: 1000 Reward: 2892.497
Total T: 74000 Episode Num: 74 Episode T: 1000 Reward: 3308.835
Total T: 75000 Episode Num: 75 Episode T: 1000 Reward: 3088.781
---------------------------------------
Evaluation over 10 episodes: 3394.049
---------------------------------------
Total T: 76000 Episode Num: 76 Episode T: 1000 Reward: 3213.696
Total T: 77000 Episode Num: 77 Episode T: 1000 Reward: 3774.315
Total T: 78000 Episode Num: 78 Episode T: 1000 Reward: 3712.872
Total T: 79000 Episode Num: 79 Episode T: 1000 Reward: 3583.076
Total T: 80000 Episode Num: 80 Episode T: 1000 Reward: 3767.121
---------------------------------------
Evaluation over 10 episodes: 3829.998
---------------------------------------
Total T: 81000 Episode Num: 81 Episode T: 1000 Reward: 3382.854
Total T: 82000 Episode Num: 82 Episode T: 1000 Reward: 3742.220
Total T: 83000 Episode Num: 83 Episode T: 1000 Reward: 3844.122
Total T: 84000 Episode Num: 84 Episode T: 1000 Reward: 3700.556
Total T: 85000 Episode Num: 85 Episode T: 1000 Reward: 3815.445
---------------------------------------
Evaluation over 10 episodes: 3966.862
---------------------------------------
Total T: 86000 Episode Num: 86 Episode T: 1000 Reward: 3754.196
Total T: 87000 Episode Num: 87 Episode T: 1000 Reward: 3807.931
Total T: 88000 Episode Num: 88 Episode T: 1000 Reward: 3876.348
Total T: 89000 Episode Num: 89 Episode T: 1000 Reward: 3785.190
Total T: 90000 Episode Num: 90 Episode T: 1000 Reward: 3841.543
---------------------------------------
Evaluation over 10 episodes: 4049.752
---------------------------------------
Total T: 91000 Episode Num: 91 Episode T: 1000 Reward: 4166.641
Total T: 92000 Episode Num: 92 Episode T: 1000 Reward: 4254.893
Total T: 93000 Episode Num: 93 Episode T: 1000 Reward: 4173.662
Total T: 94000 Episode Num: 94 Episode T: 1000 Reward: 4075.322
Total T: 95000 Episode Num: 95 Episode T: 1000 Reward: 4205.145
---------------------------------------
Evaluation over 10 episodes: 4309.018
---------------------------------------
Total T: 96000 Episode Num: 96 Episode T: 1000 Reward: 4154.557
Total T: 97000 Episode Num: 97 Episode T: 1000 Reward: 4278.533
Total T: 98000 Episode Num: 98 Episode T: 1000 Reward: 4231.067
Total T: 99000 Episode Num: 99 Episode T: 1000 Reward: 4263.993
Total T: 100000 Episode Num: 100 Episode T: 1000 Reward: 4384.639
---------------------------------------
Evaluation over 10 episodes: 4492.111
---------------------------------------
Total T: 101000 Episode Num: 101 Episode T: 1000 Reward: 4408.133
Total T: 102000 Episode Num: 102 Episode T: 1000 Reward: 4429.334
Total T: 103000 Episode Num: 103 Episode T: 1000 Reward: 4393.279
Total T: 104000 Episode Num: 104 Episode T: 1000 Reward: 4325.210
Total T: 105000 Episode Num: 105 Episode T: 1000 Reward: 4252.416
---------------------------------------
Evaluation over 10 episodes: 4333.811
---------------------------------------
Total T: 106000 Episode Num: 106 Episode T: 1000 Reward: 4502.085
Total T: 107000 Episode Num: 107 Episode T: 1000 Reward: 4413.320
Total T: 108000 Episode Num: 108 Episode T: 1000 Reward: 4355.101
Total T: 109000 Episode Num: 109 Episode T: 1000 Reward: 4370.902
Total T: 110000 Episode Num: 110 Episode T: 1000 Reward: 4667.733
---------------------------------------
Evaluation over 10 episodes: 4752.917
---------------------------------------
Total T: 111000 Episode Num: 111 Episode T: 1000 Reward: 4293.735
Total T: 112000 Episode Num: 112 Episode T: 1000 Reward: 4557.263
Total T: 113000 Episode Num: 113 Episode T: 1000 Reward: 4552.073
Total T: 114000 Episode Num: 114 Episode T: 1000 Reward: 4519.834
Total T: 115000 Episode Num: 115 Episode T: 1000 Reward: 4669.950
---------------------------------------
Evaluation over 10 episodes: 4649.190
---------------------------------------
Total T: 116000 Episode Num: 116 Episode T: 1000 Reward: 4625.936
Total T: 117000 Episode Num: 117 Episode T: 1000 Reward: 4626.189
Total T: 118000 Episode Num: 118 Episode T: 1000 Reward: 4862.382
Total T: 119000 Episode Num: 119 Episode T: 1000 Reward: 4729.080
Total T: 120000 Episode Num: 120 Episode T: 1000 Reward: 4580.984
---------------------------------------
Evaluation over 10 episodes: 4872.601
---------------------------------------
Total T: 121000 Episode Num: 121 Episode T: 1000 Reward: 4822.101
Total T: 122000 Episode Num: 122 Episode T: 1000 Reward: 4639.452
Total T: 123000 Episode Num: 123 Episode T: 1000 Reward: 4739.204
Total T: 124000 Episode Num: 124 Episode T: 1000 Reward: 4738.718
Total T: 125000 Episode Num: 125 Episode T: 1000 Reward: 4491.924
---------------------------------------
Evaluation over 10 episodes: 4899.515
---------------------------------------
Total T: 126000 Episode Num: 126 Episode T: 1000 Reward: 4640.263
Total T: 127000 Episode Num: 127 Episode T: 1000 Reward: 4633.188
Total T: 128000 Episode Num: 128 Episode T: 1000 Reward: 4711.125
Total T: 129000 Episode Num: 129 Episode T: 1000 Reward: 4742.957
Total T: 130000 Episode Num: 130 Episode T: 1000 Reward: 4836.893
---------------------------------------
Evaluation over 10 episodes: 4763.690
---------------------------------------
Total T: 131000 Episode Num: 131 Episode T: 1000 Reward: 4768.738
Total T: 132000 Episode Num: 132 Episode T: 1000 Reward: 4714.853
Total T: 133000 Episode Num: 133 Episode T: 1000 Reward: 4866.739
Total T: 134000 Episode Num: 134 Episode T: 1000 Reward: 4889.641
Total T: 135000 Episode Num: 135 Episode T: 1000 Reward: 4903.869
---------------------------------------
Evaluation over 10 episodes: 4603.858
---------------------------------------
Total T: 136000 Episode Num: 136 Episode T: 1000 Reward: 4767.128
Total T: 137000 Episode Num: 137 Episode T: 1000 Reward: 4925.922
Total T: 138000 Episode Num: 138 Episode T: 1000 Reward: 4858.746
Total T: 139000 Episode Num: 139 Episode T: 1000 Reward: 4793.409
Total T: 140000 Episode Num: 140 Episode T: 1000 Reward: 4911.626
---------------------------------------
Evaluation over 10 episodes: 4945.448
---------------------------------------
Total T: 141000 Episode Num: 141 Episode T: 1000 Reward: 4886.729
Total T: 142000 Episode Num: 142 Episode T: 1000 Reward: 4898.765
Total T: 143000 Episode Num: 143 Episode T: 1000 Reward: 4864.585
Total T: 144000 Episode Num: 144 Episode T: 1000 Reward: 4888.189
Total T: 145000 Episode Num: 145 Episode T: 1000 Reward: 5042.150
---------------------------------------
Evaluation over 10 episodes: 5048.503
---------------------------------------
Total T: 146000 Episode Num: 146 Episode T: 1000 Reward: 4865.913
Total T: 147000 Episode Num: 147 Episode T: 1000 Reward: 4828.966
Total T: 148000 Episode Num: 148 Episode T: 1000 Reward: 4985.191
Total T: 149000 Episode Num: 149 Episode T: 1000 Reward: 4852.733
Total T: 150000 Episode Num: 150 Episode T: 1000 Reward: 4996.112
---------------------------------------
Evaluation over 10 episodes: 5050.112
---------------------------------------
Total T: 151000 Episode Num: 151 Episode T: 1000 Reward: 4964.954
Total T: 152000 Episode Num: 152 Episode T: 1000 Reward: 4973.453
Total T: 153000 Episode Num: 153 Episode T: 1000 Reward: 5014.702
Total T: 154000 Episode Num: 154 Episode T: 1000 Reward: 4813.890
Total T: 155000 Episode Num: 155 Episode T: 1000 Reward: 5004.551
---------------------------------------
Evaluation over 10 episodes: 4393.419
---------------------------------------
Total T: 156000 Episode Num: 156 Episode T: 1000 Reward: 5006.514
Total T: 157000 Episode Num: 157 Episode T: 1000 Reward: 5035.130
Total T: 158000 Episode Num: 158 Episode T: 1000 Reward: 5142.864
Total T: 159000 Episode Num: 159 Episode T: 1000 Reward: 4824.246
Total T: 160000 Episode Num: 160 Episode T: 1000 Reward: 5082.774
---------------------------------------
Evaluation over 10 episodes: 4990.751
---------------------------------------
Total T: 161000 Episode Num: 161 Episode T: 1000 Reward: 5082.145
Total T: 162000 Episode Num: 162 Episode T: 1000 Reward: 5025.955
Total T: 163000 Episode Num: 163 Episode T: 1000 Reward: 4959.936
Total T: 164000 Episode Num: 164 Episode T: 1000 Reward: 5033.492
Total T: 165000 Episode Num: 165 Episode T: 1000 Reward: 5035.768
---------------------------------------
Evaluation over 10 episodes: 4986.704
---------------------------------------
Total T: 166000 Episode Num: 166 Episode T: 1000 Reward: 5026.678
Total T: 167000 Episode Num: 167 Episode T: 1000 Reward: 5170.106
Total T: 168000 Episode Num: 168 Episode T: 1000 Reward: 5070.845
Total T: 169000 Episode Num: 169 Episode T: 1000 Reward: 5041.960
Total T: 170000 Episode Num: 170 Episode T: 1000 Reward: 5086.506
---------------------------------------
Evaluation over 10 episodes: 5357.865
---------------------------------------
Total T: 171000 Episode Num: 171 Episode T: 1000 Reward: 5011.156
Total T: 172000 Episode Num: 172 Episode T: 1000 Reward: 5073.177
Total T: 173000 Episode Num: 173 Episode T: 1000 Reward: 5075.440
Total T: 174000 Episode Num: 174 Episode T: 1000 Reward: 5145.693
Total T: 175000 Episode Num: 175 Episode T: 1000 Reward: 5081.469
---------------------------------------
Evaluation over 10 episodes: 5351.082
---------------------------------------
Total T: 176000 Episode Num: 176 Episode T: 1000 Reward: 5006.112
Total T: 177000 Episode Num: 177 Episode T: 1000 Reward: 5129.538
Total T: 178000 Episode Num: 178 Episode T: 1000 Reward: 5051.952
Total T: 179000 Episode Num: 179 Episode T: 1000 Reward: 5061.906
Total T: 180000 Episode Num: 180 Episode T: 1000 Reward: 4969.683
---------------------------------------
Evaluation over 10 episodes: 5131.829
---------------------------------------
Total T: 181000 Episode Num: 181 Episode T: 1000 Reward: 5151.465
Total T: 182000 Episode Num: 182 Episode T: 1000 Reward: 5245.851
Total T: 183000 Episode Num: 183 Episode T: 1000 Reward: 5124.063
Total T: 184000 Episode Num: 184 Episode T: 1000 Reward: 5239.763
Total T: 185000 Episode Num: 185 Episode T: 1000 Reward: 5164.242
---------------------------------------
Evaluation over 10 episodes: 5253.545
---------------------------------------
Total T: 186000 Episode Num: 186 Episode T: 1000 Reward: 5207.822
Total T: 187000 Episode Num: 187 Episode T: 1000 Reward: 5293.498
Total T: 188000 Episode Num: 188 Episode T: 1000 Reward: 5215.179
Total T: 189000 Episode Num: 189 Episode T: 1000 Reward: 5211.230
Total T: 190000 Episode Num: 190 Episode T: 1000 Reward: 5071.966
---------------------------------------
Evaluation over 10 episodes: 5244.206
---------------------------------------
Total T: 191000 Episode Num: 191 Episode T: 1000 Reward: 5327.724
Total T: 192000 Episode Num: 192 Episode T: 1000 Reward: 5136.461
Total T: 193000 Episode Num: 193 Episode T: 1000 Reward: 5129.048
Total T: 194000 Episode Num: 194 Episode T: 1000 Reward: 5146.932
Total T: 195000 Episode Num: 195 Episode T: 1000 Reward: 5140.184
---------------------------------------
Evaluation over 10 episodes: 4965.771
---------------------------------------
Total T: 196000 Episode Num: 196 Episode T: 1000 Reward: 5120.674
Total T: 197000 Episode Num: 197 Episode T: 1000 Reward: 5277.204
Total T: 198000 Episode Num: 198 Episode T: 1000 Reward: 5172.640
Total T: 199000 Episode Num: 199 Episode T: 1000 Reward: 5346.865
Total T: 200000 Episode Num: 200 Episode T: 1000 Reward: 5208.031
---------------------------------------
Evaluation over 10 episodes: 5021.020
---------------------------------------
Total T: 201000 Episode Num: 201 Episode T: 1000 Reward: 5209.558
Total T: 202000 Episode Num: 202 Episode T: 1000 Reward: 5349.367
Total T: 203000 Episode Num: 203 Episode T: 1000 Reward: 5281.557
Total T: 204000 Episode Num: 204 Episode T: 1000 Reward: 5245.344
Total T: 205000 Episode Num: 205 Episode T: 1000 Reward: 5278.825
---------------------------------------
Evaluation over 10 episodes: 5299.379
---------------------------------------
Total T: 206000 Episode Num: 206 Episode T: 1000 Reward: 5151.334
Total T: 207000 Episode Num: 207 Episode T: 1000 Reward: 5206.514
Total T: 208000 Episode Num: 208 Episode T: 1000 Reward: 5235.443
Total T: 209000 Episode Num: 209 Episode T: 1000 Reward: 5344.839
Total T: 210000 Episode Num: 210 Episode T: 1000 Reward: 5135.049
---------------------------------------
Evaluation over 10 episodes: 5225.746
---------------------------------------
Total T: 211000 Episode Num: 211 Episode T: 1000 Reward: 5186.307
Total T: 212000 Episode Num: 212 Episode T: 1000 Reward: 5214.827
Total T: 213000 Episode Num: 213 Episode T: 1000 Reward: 5391.543
Total T: 214000 Episode Num: 214 Episode T: 1000 Reward: 5181.766
Total T: 215000 Episode Num: 215 Episode T: 1000 Reward: 5169.467
---------------------------------------
Evaluation over 10 episodes: 5335.749
---------------------------------------
Total T: 216000 Episode Num: 216 Episode T: 1000 Reward: 5167.062
Total T: 217000 Episode Num: 217 Episode T: 1000 Reward: 5277.750
Total T: 218000 Episode Num: 218 Episode T: 1000 Reward: 5279.562
Total T: 219000 Episode Num: 219 Episode T: 1000 Reward: 5128.665
Total T: 220000 Episode Num: 220 Episode T: 1000 Reward: 5315.857
---------------------------------------
Evaluation over 10 episodes: 5394.884
---------------------------------------
Total T: 221000 Episode Num: 221 Episode T: 1000 Reward: 5299.771
Total T: 222000 Episode Num: 222 Episode T: 1000 Reward: 5237.932
Total T: 223000 Episode Num: 223 Episode T: 1000 Reward: 5395.245
Total T: 224000 Episode Num: 224 Episode T: 1000 Reward: 5237.962
Total T: 225000 Episode Num: 225 Episode T: 1000 Reward: 5324.854
---------------------------------------
Evaluation over 10 episodes: 5290.061
---------------------------------------
Total T: 226000 Episode Num: 226 Episode T: 1000 Reward: 5249.239
Total T: 227000 Episode Num: 227 Episode T: 1000 Reward: 5278.282
Total T: 228000 Episode Num: 228 Episode T: 1000 Reward: 5214.215
Total T: 229000 Episode Num: 229 Episode T: 1000 Reward: 5195.767
Total T: 230000 Episode Num: 230 Episode T: 1000 Reward: 5323.809
---------------------------------------
Evaluation over 10 episodes: 4861.027
---------------------------------------
Total T: 231000 Episode Num: 231 Episode T: 1000 Reward: 5324.331
Total T: 232000 Episode Num: 232 Episode T: 1000 Reward: 5283.213
Total T: 233000 Episode Num: 233 Episode T: 1000 Reward: 5321.753
Total T: 234000 Episode Num: 234 Episode T: 1000 Reward: 5419.928
Total T: 235000 Episode Num: 235 Episode T: 1000 Reward: 5301.870
---------------------------------------
Evaluation over 10 episodes: 5419.811
---------------------------------------
Total T: 236000 Episode Num: 236 Episode T: 1000 Reward: 5416.159
Total T: 237000 Episode Num: 237 Episode T: 1000 Reward: 5357.165
Total T: 238000 Episode Num: 238 Episode T: 1000 Reward: 5425.915
Total T: 239000 Episode Num: 239 Episode T: 1000 Reward: 5309.817
Total T: 240000 Episode Num: 240 Episode T: 1000 Reward: 5362.823
---------------------------------------
Evaluation over 10 episodes: 5310.824
---------------------------------------
Total T: 241000 Episode Num: 241 Episode T: 1000 Reward: 5330.897
Total T: 242000 Episode Num: 242 Episode T: 1000 Reward: 5317.549
Total T: 243000 Episode Num: 243 Episode T: 1000 Reward: 5337.148
Total T: 244000 Episode Num: 244 Episode T: 1000 Reward: 5368.281
Total T: 245000 Episode Num: 245 Episode T: 1000 Reward: 5443.004
---------------------------------------
Evaluation over 10 episodes: 4847.748
---------------------------------------
Total T: 246000 Episode Num: 246 Episode T: 1000 Reward: 5353.930
Total T: 247000 Episode Num: 247 Episode T: 1000 Reward: 5566.748
Total T: 248000 Episode Num: 248 Episode T: 1000 Reward: 5293.460
Total T: 249000 Episode Num: 249 Episode T: 1000 Reward: 5487.823
Total T: 250000 Episode Num: 250 Episode T: 1000 Reward: 5406.351
---------------------------------------
Evaluation over 10 episodes: 5380.332
---------------------------------------
Total T: 251000 Episode Num: 251 Episode T: 1000 Reward: 5362.417
Total T: 252000 Episode Num: 252 Episode T: 1000 Reward: 5515.098
Total T: 253000 Episode Num: 253 Episode T: 1000 Reward: 5225.410
Total T: 254000 Episode Num: 254 Episode T: 1000 Reward: 5260.689
Total T: 255000 Episode Num: 255 Episode T: 1000 Reward: 5471.288
---------------------------------------
Evaluation over 10 episodes: 5345.155
---------------------------------------
Total T: 256000 Episode Num: 256 Episode T: 1000 Reward: 5459.326
Total T: 257000 Episode Num: 257 Episode T: 1000 Reward: 5564.003
Total T: 258000 Episode Num: 258 Episode T: 1000 Reward: 5355.174
Total T: 259000 Episode Num: 259 Episode T: 1000 Reward: 5452.545
Total T: 260000 Episode Num: 260 Episode T: 1000 Reward: 5335.967
---------------------------------------
Evaluation over 10 episodes: 5461.502
---------------------------------------
Total T: 261000 Episode Num: 261 Episode T: 1000 Reward: 5367.485
Total T: 262000 Episode Num: 262 Episode T: 1000 Reward: 5294.339
Total T: 263000 Episode Num: 263 Episode T: 1000 Reward: 5310.424
Total T: 264000 Episode Num: 264 Episode T: 1000 Reward: 5442.878
Total T: 265000 Episode Num: 265 Episode T: 1000 Reward: 5326.099
---------------------------------------
Evaluation over 10 episodes: 5398.358
---------------------------------------
Total T: 266000 Episode Num: 266 Episode T: 1000 Reward: 5435.550
Total T: 267000 Episode Num: 267 Episode T: 1000 Reward: 5240.513
Total T: 268000 Episode Num: 268 Episode T: 1000 Reward: 5453.654
Total T: 269000 Episode Num: 269 Episode T: 1000 Reward: 5403.820
Total T: 270000 Episode Num: 270 Episode T: 1000 Reward: 5353.732
---------------------------------------
Evaluation over 10 episodes: 5500.347
---------------------------------------
Total T: 271000 Episode Num: 271 Episode T: 1000 Reward: 5496.782
Total T: 272000 Episode Num: 272 Episode T: 1000 Reward: 5464.209
Total T: 273000 Episode Num: 273 Episode T: 1000 Reward: 5461.695
Total T: 274000 Episode Num: 274 Episode T: 1000 Reward: 5471.899
Total T: 275000 Episode Num: 275 Episode T: 1000 Reward: 5573.311
---------------------------------------
Evaluation over 10 episodes: 5560.758
---------------------------------------
Total T: 276000 Episode Num: 276 Episode T: 1000 Reward: 5531.770
Total T: 277000 Episode Num: 277 Episode T: 1000 Reward: 5387.919
Total T: 278000 Episode Num: 278 Episode T: 1000 Reward: 5509.365
Total T: 279000 Episode Num: 279 Episode T: 1000 Reward: 5378.501
Total T: 280000 Episode Num: 280 Episode T: 1000 Reward: 5383.777
---------------------------------------
Evaluation over 10 episodes: 5263.882
---------------------------------------
Total T: 281000 Episode Num: 281 Episode T: 1000 Reward: 5443.747
Total T: 282000 Episode Num: 282 Episode T: 1000 Reward: 5575.761
Total T: 283000 Episode Num: 283 Episode T: 1000 Reward: 5388.247
Total T: 284000 Episode Num: 284 Episode T: 1000 Reward: 5476.408
Total T: 285000 Episode Num: 285 Episode T: 1000 Reward: 5350.533
---------------------------------------
Evaluation over 10 episodes: 5504.963
---------------------------------------
Total T: 286000 Episode Num: 286 Episode T: 1000 Reward: 5468.014
Total T: 287000 Episode Num: 287 Episode T: 1000 Reward: 5395.621
Total T: 288000 Episode Num: 288 Episode T: 1000 Reward: 5453.876
Total T: 289000 Episode Num: 289 Episode T: 1000 Reward: 5448.962
Total T: 290000 Episode Num: 290 Episode T: 1000 Reward: 5416.216
---------------------------------------
Evaluation over 10 episodes: 5569.139
---------------------------------------
Total T: 291000 Episode Num: 291 Episode T: 1000 Reward: 5470.792
Total T: 292000 Episode Num: 292 Episode T: 1000 Reward: 5450.356
Total T: 293000 Episode Num: 293 Episode T: 1000 Reward: 5641.264
Total T: 294000 Episode Num: 294 Episode T: 1000 Reward: 5415.101
Total T: 295000 Episode Num: 295 Episode T: 1000 Reward: 5447.291
---------------------------------------
Evaluation over 10 episodes: 5572.105
---------------------------------------
Total T: 296000 Episode Num: 296 Episode T: 1000 Reward: 5581.343
Total T: 297000 Episode Num: 297 Episode T: 1000 Reward: 5537.538
Total T: 298000 Episode Num: 298 Episode T: 1000 Reward: 5481.214
Total T: 299000 Episode Num: 299 Episode T: 1000 Reward: 5429.230
Total T: 300000 Episode Num: 300 Episode T: 1000 Reward: 5466.702
---------------------------------------
Evaluation over 10 episodes: 5479.249
---------------------------------------
Total T: 301000 Episode Num: 301 Episode T: 1000 Reward: 5563.838
Total T: 302000 Episode Num: 302 Episode T: 1000 Reward: 5514.518
Total T: 303000 Episode Num: 303 Episode T: 1000 Reward: 5582.323
Total T: 304000 Episode Num: 304 Episode T: 1000 Reward: 5549.529
Total T: 305000 Episode Num: 305 Episode T: 1000 Reward: 5487.307
---------------------------------------
Evaluation over 10 episodes: 5546.529
---------------------------------------
Total T: 306000 Episode Num: 306 Episode T: 1000 Reward: 5560.808
Total T: 307000 Episode Num: 307 Episode T: 1000 Reward: 5624.165
Total T: 308000 Episode Num: 308 Episode T: 1000 Reward: 5606.269
Total T: 309000 Episode Num: 309 Episode T: 1000 Reward: 5557.221
Total T: 310000 Episode Num: 310 Episode T: 1000 Reward: 5445.281
---------------------------------------
Evaluation over 10 episodes: 5529.243
---------------------------------------
Total T: 311000 Episode Num: 311 Episode T: 1000 Reward: 5409.378
Total T: 312000 Episode Num: 312 Episode T: 1000 Reward: 5533.550
Total T: 313000 Episode Num: 313 Episode T: 1000 Reward: 5461.805
Total T: 314000 Episode Num: 314 Episode T: 1000 Reward: 5596.283
Total T: 315000 Episode Num: 315 Episode T: 1000 Reward: 5465.469
---------------------------------------
Evaluation over 10 episodes: 5668.173
---------------------------------------
Total T: 316000 Episode Num: 316 Episode T: 1000 Reward: 5521.638
Total T: 317000 Episode Num: 317 Episode T: 1000 Reward: 5534.280
Total T: 318000 Episode Num: 318 Episode T: 1000 Reward: 5580.563
Total T: 319000 Episode Num: 319 Episode T: 1000 Reward: 5702.252
Total T: 320000 Episode Num: 320 Episode T: 1000 Reward: 5664.521
---------------------------------------
Evaluation over 10 episodes: 5106.173
---------------------------------------
Total T: 321000 Episode Num: 321 Episode T: 1000 Reward: 5576.853
Total T: 322000 Episode Num: 322 Episode T: 1000 Reward: 5628.070
Total T: 323000 Episode Num: 323 Episode T: 1000 Reward: 5446.967
Total T: 324000 Episode Num: 324 Episode T: 1000 Reward: 5586.071
Total T: 325000 Episode Num: 325 Episode T: 1000 Reward: 5579.030
---------------------------------------
Evaluation over 10 episodes: 5424.111
---------------------------------------
Total T: 326000 Episode Num: 326 Episode T: 1000 Reward: 5538.747
Total T: 327000 Episode Num: 327 Episode T: 1000 Reward: 5620.357
Total T: 328000 Episode Num: 328 Episode T: 1000 Reward: 5537.648
Total T: 329000 Episode Num: 329 Episode T: 1000 Reward: 5492.282
Total T: 330000 Episode Num: 330 Episode T: 1000 Reward: 5532.907
---------------------------------------
Evaluation over 10 episodes: 5139.676
---------------------------------------
Total T: 331000 Episode Num: 331 Episode T: 1000 Reward: 5554.396
Total T: 332000 Episode Num: 332 Episode T: 1000 Reward: 5620.142
Total T: 333000 Episode Num: 333 Episode T: 1000 Reward: 5635.990
Total T: 334000 Episode Num: 334 Episode T: 1000 Reward: 5413.291
Total T: 335000 Episode Num: 335 Episode T: 1000 Reward: 5634.228
---------------------------------------
Evaluation over 10 episodes: 5601.036
---------------------------------------
Total T: 336000 Episode Num: 336 Episode T: 1000 Reward: 5495.764
Total T: 337000 Episode Num: 337 Episode T: 1000 Reward: 5564.326
Total T: 338000 Episode Num: 338 Episode T: 1000 Reward: 5512.276
Total T: 339000 Episode Num: 339 Episode T: 1000 Reward: 5562.913
Total T: 340000 Episode Num: 340 Episode T: 1000 Reward: 5532.824
---------------------------------------
Evaluation over 10 episodes: 5559.372
---------------------------------------
Total T: 341000 Episode Num: 341 Episode T: 1000 Reward: 5627.174
Total T: 342000 Episode Num: 342 Episode T: 1000 Reward: 5612.191
Total T: 343000 Episode Num: 343 Episode T: 1000 Reward: 5647.367
Total T: 344000 Episode Num: 344 Episode T: 1000 Reward: 5649.045
Total T: 345000 Episode Num: 345 Episode T: 1000 Reward: 5573.769
---------------------------------------
Evaluation over 10 episodes: 5574.774
---------------------------------------
Total T: 346000 Episode Num: 346 Episode T: 1000 Reward: 5554.335
Total T: 347000 Episode Num: 347 Episode T: 1000 Reward: 5554.087
Total T: 348000 Episode Num: 348 Episode T: 1000 Reward: 5597.818
Total T: 349000 Episode Num: 349 Episode T: 1000 Reward: 5546.931
Total T: 350000 Episode Num: 350 Episode T: 1000 Reward: 5460.326
---------------------------------------
Evaluation over 10 episodes: 5646.803
---------------------------------------
Total T: 351000 Episode Num: 351 Episode T: 1000 Reward: 5733.265
Total T: 352000 Episode Num: 352 Episode T: 1000 Reward: 5613.367
Total T: 353000 Episode Num: 353 Episode T: 1000 Reward: 5575.608
Total T: 354000 Episode Num: 354 Episode T: 1000 Reward: 5648.571
Total T: 355000 Episode Num: 355 Episode T: 1000 Reward: 5615.853
---------------------------------------
Evaluation over 10 episodes: 5329.441
---------------------------------------
Total T: 356000 Episode Num: 356 Episode T: 1000 Reward: 5649.762
Total T: 357000 Episode Num: 357 Episode T: 1000 Reward: 5578.962
Total T: 358000 Episode Num: 358 Episode T: 1000 Reward: 5539.263
Total T: 359000 Episode Num: 359 Episode T: 1000 Reward: 5686.120
Total T: 360000 Episode Num: 360 Episode T: 1000 Reward: 5588.541
---------------------------------------
Evaluation over 10 episodes: 5542.719
---------------------------------------
Total T: 361000 Episode Num: 361 Episode T: 1000 Reward: 5553.668
Total T: 362000 Episode Num: 362 Episode T: 1000 Reward: 5603.954
Total T: 363000 Episode Num: 363 Episode T: 1000 Reward: 5577.891
Total T: 364000 Episode Num: 364 Episode T: 1000 Reward: 5587.013
Total T: 365000 Episode Num: 365 Episode T: 1000 Reward: 5575.352
---------------------------------------
Evaluation over 10 episodes: 5580.334
---------------------------------------
Total T: 366000 Episode Num: 366 Episode T: 1000 Reward: 5572.005
Total T: 367000 Episode Num: 367 Episode T: 1000 Reward: 5651.288
Total T: 368000 Episode Num: 368 Episode T: 1000 Reward: 5530.209
Total T: 369000 Episode Num: 369 Episode T: 1000 Reward: 5664.889
Total T: 370000 Episode Num: 370 Episode T: 1000 Reward: 5673.244
---------------------------------------
Evaluation over 10 episodes: 5613.675
---------------------------------------
Total T: 371000 Episode Num: 371 Episode T: 1000 Reward: 5608.503
Total T: 372000 Episode Num: 372 Episode T: 1000 Reward: 5601.940
Total T: 373000 Episode Num: 373 Episode T: 1000 Reward: 5543.011
Total T: 374000 Episode Num: 374 Episode T: 1000 Reward: 5625.082
Total T: 375000 Episode Num: 375 Episode T: 1000 Reward: 5613.299
---------------------------------------
Evaluation over 10 episodes: 5844.978
---------------------------------------
Total T: 376000 Episode Num: 376 Episode T: 1000 Reward: 5682.311
Total T: 377000 Episode Num: 377 Episode T: 1000 Reward: 5658.253
Total T: 378000 Episode Num: 378 Episode T: 1000 Reward: 5575.830
Total T: 379000 Episode Num: 379 Episode T: 1000 Reward: 5567.516
Total T: 380000 Episode Num: 380 Episode T: 1000 Reward: 5607.454
---------------------------------------
Evaluation over 10 episodes: 5497.528
---------------------------------------
Total T: 381000 Episode Num: 381 Episode T: 1000 Reward: 5599.572
Total T: 382000 Episode Num: 382 Episode T: 1000 Reward: 5596.948
Total T: 383000 Episode Num: 383 Episode T: 1000 Reward: 5579.159
Total T: 384000 Episode Num: 384 Episode T: 1000 Reward: 5600.405
Total T: 385000 Episode Num: 385 Episode T: 1000 Reward: 5651.076
---------------------------------------
Evaluation over 10 episodes: 5627.688
---------------------------------------
Total T: 386000 Episode Num: 386 Episode T: 1000 Reward: 5623.055
Total T: 387000 Episode Num: 387 Episode T: 1000 Reward: 5615.878
Total T: 388000 Episode Num: 388 Episode T: 1000 Reward: 5730.049
Total T: 389000 Episode Num: 389 Episode T: 1000 Reward: 5542.297
Total T: 390000 Episode Num: 390 Episode T: 1000 Reward: 5601.768
---------------------------------------
Evaluation over 10 episodes: 5742.925
---------------------------------------
Total T: 391000 Episode Num: 391 Episode T: 1000 Reward: 5714.286
Total T: 392000 Episode Num: 392 Episode T: 1000 Reward: 5701.357
Total T: 393000 Episode Num: 393 Episode T: 1000 Reward: 5531.163
Total T: 394000 Episode Num: 394 Episode T: 1000 Reward: 5560.107
Total T: 395000 Episode Num: 395 Episode T: 1000 Reward: 5632.999
---------------------------------------
Evaluation over 10 episodes: 5880.462
---------------------------------------
Total T: 396000 Episode Num: 396 Episode T: 1000 Reward: 5821.205
Total T: 397000 Episode Num: 397 Episode T: 1000 Reward: 5607.636
Total T: 398000 Episode Num: 398 Episode T: 1000 Reward: 5618.663
Total T: 399000 Episode Num: 399 Episode T: 1000 Reward: 5648.578
Total T: 400000 Episode Num: 400 Episode T: 1000 Reward: 5617.924
---------------------------------------
Evaluation over 10 episodes: 5532.440
---------------------------------------
Total T: 401000 Episode Num: 401 Episode T: 1000 Reward: 5769.269
Total T: 402000 Episode Num: 402 Episode T: 1000 Reward: 5625.020
Total T: 403000 Episode Num: 403 Episode T: 1000 Reward: 5588.952
Total T: 404000 Episode Num: 404 Episode T: 1000 Reward: 5697.815
Total T: 405000 Episode Num: 405 Episode T: 1000 Reward: 5616.999
---------------------------------------
Evaluation over 10 episodes: 5811.640
---------------------------------------
Total T: 406000 Episode Num: 406 Episode T: 1000 Reward: 5609.068
Total T: 407000 Episode Num: 407 Episode T: 1000 Reward: 5686.467
Total T: 408000 Episode Num: 408 Episode T: 1000 Reward: 5531.247
Total T: 409000 Episode Num: 409 Episode T: 1000 Reward: 5717.630
Total T: 410000 Episode Num: 410 Episode T: 1000 Reward: 5681.723
---------------------------------------
Evaluation over 10 episodes: 5561.645
---------------------------------------
Total T: 411000 Episode Num: 411 Episode T: 1000 Reward: 5689.215
Total T: 412000 Episode Num: 412 Episode T: 1000 Reward: 5706.568
Total T: 413000 Episode Num: 413 Episode T: 1000 Reward: 5728.650
Total T: 414000 Episode Num: 414 Episode T: 1000 Reward: 5737.740
Total T: 415000 Episode Num: 415 Episode T: 1000 Reward: 5661.894
---------------------------------------
Evaluation over 10 episodes: 5792.909
---------------------------------------
Total T: 416000 Episode Num: 416 Episode T: 1000 Reward: 5718.893
Total T: 417000 Episode Num: 417 Episode T: 1000 Reward: 5646.145
Total T: 418000 Episode Num: 418 Episode T: 1000 Reward: 5666.315
Total T: 419000 Episode Num: 419 Episode T: 1000 Reward: 5546.214
Total T: 420000 Episode Num: 420 Episode T: 1000 Reward: 5688.600
---------------------------------------
Evaluation over 10 episodes: 5639.100
---------------------------------------
Total T: 421000 Episode Num: 421 Episode T: 1000 Reward: 5662.066
Total T: 422000 Episode Num: 422 Episode T: 1000 Reward: 5678.219
Total T: 423000 Episode Num: 423 Episode T: 1000 Reward: 5681.923
Total T: 424000 Episode Num: 424 Episode T: 1000 Reward: 5631.377
Total T: 425000 Episode Num: 425 Episode T: 1000 Reward: 5634.570
---------------------------------------
Evaluation over 10 episodes: 5708.444
---------------------------------------
Total T: 426000 Episode Num: 426 Episode T: 1000 Reward: 5622.505
Total T: 427000 Episode Num: 427 Episode T: 1000 Reward: 5717.757
Total T: 428000 Episode Num: 428 Episode T: 1000 Reward: 5639.445
Total T: 429000 Episode Num: 429 Episode T: 1000 Reward: 5783.184
Total T: 430000 Episode Num: 430 Episode T: 1000 Reward: 5655.033
---------------------------------------
Evaluation over 10 episodes: 5560.035
---------------------------------------
Total T: 431000 Episode Num: 431 Episode T: 1000 Reward: 5734.802
Total T: 432000 Episode Num: 432 Episode T: 1000 Reward: 5651.928
Total T: 433000 Episode Num: 433 Episode T: 1000 Reward: 5689.265
Total T: 434000 Episode Num: 434 Episode T: 1000 Reward: 5693.363
Total T: 435000 Episode Num: 435 Episode T: 1000 Reward: 5715.481
---------------------------------------
Evaluation over 10 episodes: 5753.059
---------------------------------------
Total T: 436000 Episode Num: 436 Episode T: 1000 Reward: 5698.786
Total T: 437000 Episode Num: 437 Episode T: 1000 Reward: 5685.906
Total T: 438000 Episode Num: 438 Episode T: 1000 Reward: 5755.611
Total T: 439000 Episode Num: 439 Episode T: 1000 Reward: 5746.108
Total T: 440000 Episode Num: 440 Episode T: 1000 Reward: 5619.700
---------------------------------------
Evaluation over 10 episodes: 5885.396
---------------------------------------
Total T: 441000 Episode Num: 441 Episode T: 1000 Reward: 5698.344
Total T: 442000 Episode Num: 442 Episode T: 1000 Reward: 5795.975
Total T: 443000 Episode Num: 443 Episode T: 1000 Reward: 5642.396
Total T: 444000 Episode Num: 444 Episode T: 1000 Reward: 5690.189
Total T: 445000 Episode Num: 445 Episode T: 1000 Reward: 5722.053
---------------------------------------
Evaluation over 10 episodes: 5650.178
---------------------------------------
Total T: 446000 Episode Num: 446 Episode T: 1000 Reward: 5778.128
Total T: 447000 Episode Num: 447 Episode T: 1000 Reward: 5741.706
Total T: 448000 Episode Num: 448 Episode T: 1000 Reward: 5757.918
Total T: 449000 Episode Num: 449 Episode T: 1000 Reward: 5568.866
Total T: 450000 Episode Num: 450 Episode T: 1000 Reward: 5681.223
---------------------------------------
Evaluation over 10 episodes: 5755.418
---------------------------------------
Total T: 451000 Episode Num: 451 Episode T: 1000 Reward: 5789.905
Total T: 452000 Episode Num: 452 Episode T: 1000 Reward: 5638.649
Total T: 453000 Episode Num: 453 Episode T: 1000 Reward: 5723.039
Total T: 454000 Episode Num: 454 Episode T: 1000 Reward: 5712.783
Total T: 455000 Episode Num: 455 Episode T: 1000 Reward: 5714.678
---------------------------------------
Evaluation over 10 episodes: 5576.722
---------------------------------------
Total T: 456000 Episode Num: 456 Episode T: 1000 Reward: 5789.910
Total T: 457000 Episode Num: 457 Episode T: 1000 Reward: 5676.380
Total T: 458000 Episode Num: 458 Episode T: 1000 Reward: 5660.090
Total T: 459000 Episode Num: 459 Episode T: 1000 Reward: 5753.104
Total T: 460000 Episode Num: 460 Episode T: 1000 Reward: 5662.047
---------------------------------------
Evaluation over 10 episodes: 5755.651
---------------------------------------
Total T: 461000 Episode Num: 461 Episode T: 1000 Reward: 5783.900
Total T: 462000 Episode Num: 462 Episode T: 1000 Reward: 5608.127
Total T: 463000 Episode Num: 463 Episode T: 1000 Reward: 5734.715
Total T: 464000 Episode Num: 464 Episode T: 1000 Reward: 5755.827
Total T: 465000 Episode Num: 465 Episode T: 1000 Reward: 5602.664
---------------------------------------
Evaluation over 10 episodes: 5784.044
---------------------------------------
Total T: 466000 Episode Num: 466 Episode T: 1000 Reward: 5672.224
Total T: 467000 Episode Num: 467 Episode T: 1000 Reward: 5814.817
Total T: 468000 Episode Num: 468 Episode T: 1000 Reward: 5814.347
Total T: 469000 Episode Num: 469 Episode T: 1000 Reward: 5682.129
Total T: 470000 Episode Num: 470 Episode T: 1000 Reward: 5766.519
---------------------------------------
Evaluation over 10 episodes: 5539.005
---------------------------------------
Total T: 471000 Episode Num: 471 Episode T: 1000 Reward: 5827.389
Total T: 472000 Episode Num: 472 Episode T: 1000 Reward: 5594.683
Total T: 473000 Episode Num: 473 Episode T: 1000 Reward: 5693.217
Total T: 474000 Episode Num: 474 Episode T: 1000 Reward: 5721.890
Total T: 475000 Episode Num: 475 Episode T: 1000 Reward: 5678.351
---------------------------------------
Evaluation over 10 episodes: 5669.038
---------------------------------------
Total T: 476000 Episode Num: 476 Episode T: 1000 Reward: 5669.328
Total T: 477000 Episode Num: 477 Episode T: 1000 Reward: 5775.139
Total T: 478000 Episode Num: 478 Episode T: 1000 Reward: 5774.000
Total T: 479000 Episode Num: 479 Episode T: 1000 Reward: 5729.570
Total T: 480000 Episode Num: 480 Episode T: 1000 Reward: 5726.454
---------------------------------------
Evaluation over 10 episodes: 5575.770
---------------------------------------
Total T: 481000 Episode Num: 481 Episode T: 1000 Reward: 5722.172
Total T: 482000 Episode Num: 482 Episode T: 1000 Reward: 5709.390
Total T: 483000 Episode Num: 483 Episode T: 1000 Reward: 5681.502
Total T: 484000 Episode Num: 484 Episode T: 1000 Reward: 5684.818
Total T: 485000 Episode Num: 485 Episode T: 1000 Reward: 5772.163
---------------------------------------
Evaluation over 10 episodes: 5612.151
---------------------------------------
Total T: 486000 Episode Num: 486 Episode T: 1000 Reward: 5728.089
Total T: 487000 Episode Num: 487 Episode T: 1000 Reward: 5718.776
Total T: 488000 Episode Num: 488 Episode T: 1000 Reward: 5655.163
Total T: 489000 Episode Num: 489 Episode T: 1000 Reward: 5777.919
Total T: 490000 Episode Num: 490 Episode T: 1000 Reward: 5655.209
---------------------------------------
Evaluation over 10 episodes: 5827.054
---------------------------------------
Total T: 491000 Episode Num: 491 Episode T: 1000 Reward: 5687.754
Total T: 492000 Episode Num: 492 Episode T: 1000 Reward: 5754.642
Total T: 493000 Episode Num: 493 Episode T: 1000 Reward: 5716.564
Total T: 494000 Episode Num: 494 Episode T: 1000 Reward: 5784.128
Total T: 495000 Episode Num: 495 Episode T: 1000 Reward: 5752.132
---------------------------------------
Evaluation over 10 episodes: 5869.501
---------------------------------------
Total T: 496000 Episode Num: 496 Episode T: 1000 Reward: 5683.474
Total T: 497000 Episode Num: 497 Episode T: 1000 Reward: 5782.864
Total T: 498000 Episode Num: 498 Episode T: 1000 Reward: 5635.472
Total T: 499000 Episode Num: 499 Episode T: 1000 Reward: 5767.285
Total T: 500000 Episode Num: 500 Episode T: 1000 Reward: 5842.902
---------------------------------------
Evaluation over 10 episodes: 5479.745
---------------------------------------
Total T: 501000 Episode Num: 501 Episode T: 1000 Reward: 5718.258
Total T: 502000 Episode Num: 502 Episode T: 1000 Reward: 5699.278
Total T: 503000 Episode Num: 503 Episode T: 1000 Reward: 5660.389
Total T: 504000 Episode Num: 504 Episode T: 1000 Reward: 5726.967
Total T: 505000 Episode Num: 505 Episode T: 1000 Reward: 5673.090
---------------------------------------
Evaluation over 10 episodes: 5890.175
---------------------------------------
Total T: 506000 Episode Num: 506 Episode T: 1000 Reward: 5741.692
Total T: 507000 Episode Num: 507 Episode T: 1000 Reward: 5637.287
Total T: 508000 Episode Num: 508 Episode T: 1000 Reward: 5796.905
Total T: 509000 Episode Num: 509 Episode T: 1000 Reward: 5640.010
Total T: 510000 Episode Num: 510 Episode T: 1000 Reward: 5640.132
---------------------------------------
Evaluation over 10 episodes: 5803.089
---------------------------------------
Total T: 511000 Episode Num: 511 Episode T: 1000 Reward: 5844.439
Total T: 512000 Episode Num: 512 Episode T: 1000 Reward: 5650.991
Total T: 513000 Episode Num: 513 Episode T: 1000 Reward: 5680.860
Total T: 514000 Episode Num: 514 Episode T: 1000 Reward: 5813.492
Total T: 515000 Episode Num: 515 Episode T: 1000 Reward: 5718.088
---------------------------------------
Evaluation over 10 episodes: 5843.303
---------------------------------------
Total T: 516000 Episode Num: 516 Episode T: 1000 Reward: 5834.893
Total T: 517000 Episode Num: 517 Episode T: 1000 Reward: 5758.593
Total T: 518000 Episode Num: 518 Episode T: 1000 Reward: 5762.633
Total T: 519000 Episode Num: 519 Episode T: 1000 Reward: 5703.601
Total T: 520000 Episode Num: 520 Episode T: 1000 Reward: 5798.216
---------------------------------------
Evaluation over 10 episodes: 5793.466
---------------------------------------
Total T: 521000 Episode Num: 521 Episode T: 1000 Reward: 5632.497
Total T: 522000 Episode Num: 522 Episode T: 1000 Reward: 5705.297
Total T: 523000 Episode Num: 523 Episode T: 1000 Reward: 5736.942
Total T: 524000 Episode Num: 524 Episode T: 1000 Reward: 5716.347
Total T: 525000 Episode Num: 525 Episode T: 1000 Reward: 5700.668
---------------------------------------
Evaluation over 10 episodes: 5631.690
---------------------------------------
Total T: 526000 Episode Num: 526 Episode T: 1000 Reward: 5712.408
Total T: 527000 Episode Num: 527 Episode T: 1000 Reward: 5670.416
Total T: 528000 Episode Num: 528 Episode T: 1000 Reward: 5688.462
Total T: 529000 Episode Num: 529 Episode T: 1000 Reward: 5851.747
Total T: 530000 Episode Num: 530 Episode T: 1000 Reward: 5699.493
---------------------------------------
Evaluation over 10 episodes: 5648.424
---------------------------------------
Total T: 531000 Episode Num: 531 Episode T: 1000 Reward: 5841.087
Total T: 532000 Episode Num: 532 Episode T: 1000 Reward: 5824.117
Total T: 533000 Episode Num: 533 Episode T: 1000 Reward: 5777.345
Total T: 534000 Episode Num: 534 Episode T: 1000 Reward: 5829.582
Total T: 535000 Episode Num: 535 Episode T: 1000 Reward: 5707.947
---------------------------------------
Evaluation over 10 episodes: 6043.070
---------------------------------------
Total T: 536000 Episode Num: 536 Episode T: 1000 Reward: 5643.156
Total T: 537000 Episode Num: 537 Episode T: 1000 Reward: 5689.816
Total T: 538000 Episode Num: 538 Episode T: 1000 Reward: 5823.155
Total T: 539000 Episode Num: 539 Episode T: 1000 Reward: 5829.094
Total T: 540000 Episode Num: 540 Episode T: 1000 Reward: 5767.071
---------------------------------------
Evaluation over 10 episodes: 5595.100
---------------------------------------
Total T: 541000 Episode Num: 541 Episode T: 1000 Reward: 5787.425
Total T: 542000 Episode Num: 542 Episode T: 1000 Reward: 5643.316
Total T: 543000 Episode Num: 543 Episode T: 1000 Reward: 5734.732
Total T: 544000 Episode Num: 544 Episode T: 1000 Reward: 5659.059
Total T: 545000 Episode Num: 545 Episode T: 1000 Reward: 5791.920
---------------------------------------
Evaluation over 10 episodes: 5841.672
---------------------------------------
Total T: 546000 Episode Num: 546 Episode T: 1000 Reward: 5648.230
Total T: 547000 Episode Num: 547 Episode T: 1000 Reward: 5779.848
Total T: 548000 Episode Num: 548 Episode T: 1000 Reward: 5813.343
Total T: 549000 Episode Num: 549 Episode T: 1000 Reward: 5803.741
Total T: 550000 Episode Num: 550 Episode T: 1000 Reward: 5809.007
---------------------------------------
Evaluation over 10 episodes: 5774.619
---------------------------------------
Total T: 551000 Episode Num: 551 Episode T: 1000 Reward: 5762.814
Total T: 552000 Episode Num: 552 Episode T: 1000 Reward: 5771.495
Total T: 553000 Episode Num: 553 Episode T: 1000 Reward: 5764.773
Total T: 554000 Episode Num: 554 Episode T: 1000 Reward: 5789.174
Total T: 555000 Episode Num: 555 Episode T: 1000 Reward: 5776.810
---------------------------------------
Evaluation over 10 episodes: 5934.229
---------------------------------------
Total T: 556000 Episode Num: 556 Episode T: 1000 Reward: 5811.657
Total T: 557000 Episode Num: 557 Episode T: 1000 Reward: 5811.784
Total T: 558000 Episode Num: 558 Episode T: 1000 Reward: 5649.220
Total T: 559000 Episode Num: 559 Episode T: 1000 Reward: 5719.135
Total T: 560000 Episode Num: 560 Episode T: 1000 Reward: 5713.571
---------------------------------------
Evaluation over 10 episodes: 5989.220
---------------------------------------
Total T: 561000 Episode Num: 561 Episode T: 1000 Reward: 5741.604
Total T: 562000 Episode Num: 562 Episode T: 1000 Reward: 5798.761
Total T: 563000 Episode Num: 563 Episode T: 1000 Reward: 5788.439
Total T: 564000 Episode Num: 564 Episode T: 1000 Reward: 5749.339
Total T: 565000 Episode Num: 565 Episode T: 1000 Reward: 5850.095
---------------------------------------
Evaluation over 10 episodes: 5587.057
---------------------------------------
Total T: 566000 Episode Num: 566 Episode T: 1000 Reward: 5701.357
Total T: 567000 Episode Num: 567 Episode T: 1000 Reward: 5705.758
Total T: 568000 Episode Num: 568 Episode T: 1000 Reward: 5849.398
Total T: 569000 Episode Num: 569 Episode T: 1000 Reward: 5704.908
Total T: 570000 Episode Num: 570 Episode T: 1000 Reward: 5784.246
---------------------------------------
Evaluation over 10 episodes: 5793.732
---------------------------------------
Total T: 571000 Episode Num: 571 Episode T: 1000 Reward: 5771.230
Total T: 572000 Episode Num: 572 Episode T: 1000 Reward: 5722.676
Total T: 573000 Episode Num: 573 Episode T: 1000 Reward: 5690.197
Total T: 574000 Episode Num: 574 Episode T: 1000 Reward: 5897.563
Total T: 575000 Episode Num: 575 Episode T: 1000 Reward: 5865.214
---------------------------------------
Evaluation over 10 episodes: 5967.927
---------------------------------------
Total T: 576000 Episode Num: 576 Episode T: 1000 Reward: 5677.566
Total T: 577000 Episode Num: 577 Episode T: 1000 Reward: 5832.142
Total T: 578000 Episode Num: 578 Episode T: 1000 Reward: 5750.648
Total T: 579000 Episode Num: 579 Episode T: 1000 Reward: 5862.221
Total T: 580000 Episode Num: 580 Episode T: 1000 Reward: 5807.724
---------------------------------------
Evaluation over 10 episodes: 5800.940
---------------------------------------
Total T: 581000 Episode Num: 581 Episode T: 1000 Reward: 5688.665
Total T: 582000 Episode Num: 582 Episode T: 1000 Reward: 5790.714
Total T: 583000 Episode Num: 583 Episode T: 1000 Reward: 5771.643
Total T: 584000 Episode Num: 584 Episode T: 1000 Reward: 5797.497
Total T: 585000 Episode Num: 585 Episode T: 1000 Reward: 5786.819
---------------------------------------
Evaluation over 10 episodes: 5947.935
---------------------------------------
Total T: 586000 Episode Num: 586 Episode T: 1000 Reward: 5714.485
Total T: 587000 Episode Num: 587 Episode T: 1000 Reward: 5849.657
Total T: 588000 Episode Num: 588 Episode T: 1000 Reward: 5756.516
Total T: 589000 Episode Num: 589 Episode T: 1000 Reward: 5781.453
Total T: 590000 Episode Num: 590 Episode T: 1000 Reward: 5769.689
---------------------------------------
Evaluation over 10 episodes: 5890.260
---------------------------------------
Total T: 591000 Episode Num: 591 Episode T: 1000 Reward: 5690.097
Total T: 592000 Episode Num: 592 Episode T: 1000 Reward: 5742.487
Total T: 593000 Episode Num: 593 Episode T: 1000 Reward: 5791.002
Total T: 594000 Episode Num: 594 Episode T: 1000 Reward: 5804.069
Total T: 595000 Episode Num: 595 Episode T: 1000 Reward: 5735.671
---------------------------------------
Evaluation over 10 episodes: 5796.051
---------------------------------------
Total T: 596000 Episode Num: 596 Episode T: 1000 Reward: 5802.034
Total T: 597000 Episode Num: 597 Episode T: 1000 Reward: 5824.133
Total T: 598000 Episode Num: 598 Episode T: 1000 Reward: 5805.440
Total T: 599000 Episode Num: 599 Episode T: 1000 Reward: 5649.150
Total T: 600000 Episode Num: 600 Episode T: 1000 Reward: 5866.610
---------------------------------------
Evaluation over 10 episodes: 5982.403
---------------------------------------
Total T: 601000 Episode Num: 601 Episode T: 1000 Reward: 5785.993
Total T: 602000 Episode Num: 602 Episode T: 1000 Reward: 5761.714
Total T: 603000 Episode Num: 603 Episode T: 1000 Reward: 5796.319
Total T: 604000 Episode Num: 604 Episode T: 1000 Reward: 5767.740
Total T: 605000 Episode Num: 605 Episode T: 1000 Reward: 5749.284
---------------------------------------
Evaluation over 10 episodes: 5754.033
---------------------------------------
Total T: 606000 Episode Num: 606 Episode T: 1000 Reward: 5700.131
Total T: 607000 Episode Num: 607 Episode T: 1000 Reward: 5779.119
Total T: 608000 Episode Num: 608 Episode T: 1000 Reward: 5675.715
Total T: 609000 Episode Num: 609 Episode T: 1000 Reward: 5813.481
Total T: 610000 Episode Num: 610 Episode T: 1000 Reward: 5860.919
---------------------------------------
Evaluation over 10 episodes: 5705.776
---------------------------------------
Total T: 611000 Episode Num: 611 Episode T: 1000 Reward: 5798.439
Total T: 612000 Episode Num: 612 Episode T: 1000 Reward: 5775.579
Total T: 613000 Episode Num: 613 Episode T: 1000 Reward: 5748.694
Total T: 614000 Episode Num: 614 Episode T: 1000 Reward: 5732.022
Total T: 615000 Episode Num: 615 Episode T: 1000 Reward: 5702.282
---------------------------------------
Evaluation over 10 episodes: 5913.250
---------------------------------------
Total T: 616000 Episode Num: 616 Episode T: 1000 Reward: 5816.780
Total T: 617000 Episode Num: 617 Episode T: 1000 Reward: 5608.376
Total T: 618000 Episode Num: 618 Episode T: 1000 Reward: 5718.199
Total T: 619000 Episode Num: 619 Episode T: 1000 Reward: 5786.697
Total T: 620000 Episode Num: 620 Episode T: 1000 Reward: 5821.242
---------------------------------------
Evaluation over 10 episodes: 5909.159
---------------------------------------
Total T: 621000 Episode Num: 621 Episode T: 1000 Reward: 5747.451
Total T: 622000 Episode Num: 622 Episode T: 1000 Reward: 5882.978
Total T: 623000 Episode Num: 623 Episode T: 1000 Reward: 5718.954
Total T: 624000 Episode Num: 624 Episode T: 1000 Reward: 5714.149
Total T: 625000 Episode Num: 625 Episode T: 1000 Reward: 5840.513
---------------------------------------
Evaluation over 10 episodes: 5726.348
---------------------------------------
Total T: 626000 Episode Num: 626 Episode T: 1000 Reward: 5821.236
Total T: 627000 Episode Num: 627 Episode T: 1000 Reward: 5835.559
Total T: 628000 Episode Num: 628 Episode T: 1000 Reward: 5719.227
Total T: 629000 Episode Num: 629 Episode T: 1000 Reward: 5761.372
Total T: 630000 Episode Num: 630 Episode T: 1000 Reward: 5765.898
---------------------------------------
Evaluation over 10 episodes: 5945.168
---------------------------------------
Total T: 631000 Episode Num: 631 Episode T: 1000 Reward: 5834.151
Total T: 632000 Episode Num: 632 Episode T: 1000 Reward: 5748.810
Total T: 633000 Episode Num: 633 Episode T: 1000 Reward: 5722.345
Total T: 634000 Episode Num: 634 Episode T: 1000 Reward: 5919.903
Total T: 635000 Episode Num: 635 Episode T: 1000 Reward: 5869.884
---------------------------------------
Evaluation over 10 episodes: 5792.629
---------------------------------------
Total T: 636000 Episode Num: 636 Episode T: 1000 Reward: 5954.536
Total T: 637000 Episode Num: 637 Episode T: 1000 Reward: 5767.260
Total T: 638000 Episode Num: 638 Episode T: 1000 Reward: 5687.805
Total T: 639000 Episode Num: 639 Episode T: 1000 Reward: 5799.337
Total T: 640000 Episode Num: 640 Episode T: 1000 Reward: 5803.280
---------------------------------------
Evaluation over 10 episodes: 5795.763
---------------------------------------
Total T: 641000 Episode Num: 641 Episode T: 1000 Reward: 5722.003
Total T: 642000 Episode Num: 642 Episode T: 1000 Reward: 5766.939
Total T: 643000 Episode Num: 643 Episode T: 1000 Reward: 5853.169