---------------------------------------
Policy: TD3, Env: HalfCheetah-v2, Seed: 0
---------------------------------------
---------------------------------------
Evaluation over 10 episodes: -10.902
---------------------------------------
Total T: 1000 Episode Num: 1 Episode T: 1000 Reward: -255.619
Total T: 2000 Episode Num: 2 Episode T: 1000 Reward: -254.596
Total T: 3000 Episode Num: 3 Episode T: 1000 Reward: -251.287
Total T: 4000 Episode Num: 4 Episode T: 1000 Reward: -228.340
Total T: 5000 Episode Num: 5 Episode T: 1000 Reward: -299.228
---------------------------------------
Evaluation over 10 episodes: -10.024
---------------------------------------
Total T: 6000 Episode Num: 6 Episode T: 1000 Reward: -264.066
Total T: 7000 Episode Num: 7 Episode T: 1000 Reward: -348.511
Total T: 8000 Episode Num: 8 Episode T: 1000 Reward: -471.306
Total T: 9000 Episode Num: 9 Episode T: 1000 Reward: -372.010
Total T: 10000 Episode Num: 10 Episode T: 1000 Reward: -314.672
---------------------------------------
Evaluation over 10 episodes: -10.435
---------------------------------------
Total T: 11000 Episode Num: 11 Episode T: 1000 Reward: -247.831
Total T: 12000 Episode Num: 12 Episode T: 1000 Reward: -139.390
Total T: 13000 Episode Num: 13 Episode T: 1000 Reward: -218.168
Total T: 14000 Episode Num: 14 Episode T: 1000 Reward: -312.322
Total T: 15000 Episode Num: 15 Episode T: 1000 Reward: -275.805
---------------------------------------
Evaluation over 10 episodes: -7.953
---------------------------------------
Total T: 16000 Episode Num: 16 Episode T: 1000 Reward: -274.209
Total T: 17000 Episode Num: 17 Episode T: 1000 Reward: -230.840
Total T: 18000 Episode Num: 18 Episode T: 1000 Reward: -447.622
Total T: 19000 Episode Num: 19 Episode T: 1000 Reward: -378.856
Total T: 20000 Episode Num: 20 Episode T: 1000 Reward: -361.237
---------------------------------------
Evaluation over 10 episodes: -9.561
---------------------------------------
Total T: 21000 Episode Num: 21 Episode T: 1000 Reward: -267.379
Total T: 22000 Episode Num: 22 Episode T: 1000 Reward: -209.767
Total T: 23000 Episode Num: 23 Episode T: 1000 Reward: -191.309
Total T: 24000 Episode Num: 24 Episode T: 1000 Reward: -298.319
Total T: 25000 Episode Num: 25 Episode T: 1000 Reward: -168.826
---------------------------------------
Evaluation over 10 episodes: -11.858
---------------------------------------
Total T: 26000 Episode Num: 26 Episode T: 1000 Reward: -516.871
Total T: 27000 Episode Num: 27 Episode T: 1000 Reward: -483.024
Total T: 28000 Episode Num: 28 Episode T: 1000 Reward: -528.560
Total T: 29000 Episode Num: 29 Episode T: 1000 Reward: -481.200
Total T: 30000 Episode Num: 30 Episode T: 1000 Reward: -261.695
---------------------------------------
Evaluation over 10 episodes: -333.872
---------------------------------------
Total T: 31000 Episode Num: 31 Episode T: 1000 Reward: -378.279
Total T: 32000 Episode Num: 32 Episode T: 1000 Reward: -514.400
Total T: 33000 Episode Num: 33 Episode T: 1000 Reward: -436.784
Total T: 34000 Episode Num: 34 Episode T: 1000 Reward: -539.120
Total T: 35000 Episode Num: 35 Episode T: 1000 Reward: -505.979
---------------------------------------
Evaluation over 10 episodes: -310.644
---------------------------------------
Total T: 36000 Episode Num: 36 Episode T: 1000 Reward: -494.494
Total T: 37000 Episode Num: 37 Episode T: 1000 Reward: 546.525
Total T: 38000 Episode Num: 38 Episode T: 1000 Reward: 951.252
Total T: 39000 Episode Num: 39 Episode T: 1000 Reward: 1568.495
Total T: 40000 Episode Num: 40 Episode T: 1000 Reward: 1845.367
---------------------------------------
Evaluation over 10 episodes: 1526.155
---------------------------------------
Total T: 41000 Episode Num: 41 Episode T: 1000 Reward: 2013.143
Total T: 42000 Episode Num: 42 Episode T: 1000 Reward: 1832.319
Total T: 43000 Episode Num: 43 Episode T: 1000 Reward: 181.433
Total T: 44000 Episode Num: 44 Episode T: 1000 Reward: 2241.828
Total T: 45000 Episode Num: 45 Episode T: 1000 Reward: 1957.888
---------------------------------------
Evaluation over 10 episodes: 1607.696
---------------------------------------
Total T: 46000 Episode Num: 46 Episode T: 1000 Reward: 1216.052
Total T: 47000 Episode Num: 47 Episode T: 1000 Reward: 2434.801
Total T: 48000 Episode Num: 48 Episode T: 1000 Reward: 1851.355
Total T: 49000 Episode Num: 49 Episode T: 1000 Reward: 2390.250
Total T: 50000 Episode Num: 50 Episode T: 1000 Reward: 2816.109
---------------------------------------
Evaluation over 10 episodes: 2667.050
---------------------------------------
Total T: 51000 Episode Num: 51 Episode T: 1000 Reward: 3166.971
Total T: 52000 Episode Num: 52 Episode T: 1000 Reward: 282.252
Total T: 53000 Episode Num: 53 Episode T: 1000 Reward: 1162.395
Total T: 54000 Episode Num: 54 Episode T: 1000 Reward: 786.216
Total T: 55000 Episode Num: 55 Episode T: 1000 Reward: 3095.348
---------------------------------------
Evaluation over 10 episodes: 1638.934
---------------------------------------
Total T: 56000 Episode Num: 56 Episode T: 1000 Reward: 3157.104
Total T: 57000 Episode Num: 57 Episode T: 1000 Reward: 3031.821
Total T: 58000 Episode Num: 58 Episode T: 1000 Reward: 2427.129
Total T: 59000 Episode Num: 59 Episode T: 1000 Reward: 3677.806
Total T: 60000 Episode Num: 60 Episode T: 1000 Reward: 3505.623
---------------------------------------
Evaluation over 10 episodes: 2807.116
---------------------------------------
Total T: 61000 Episode Num: 61 Episode T: 1000 Reward: 3399.770
Total T: 62000 Episode Num: 62 Episode T: 1000 Reward: 3312.557
Total T: 63000 Episode Num: 63 Episode T: 1000 Reward: 100.243
Total T: 64000 Episode Num: 64 Episode T: 1000 Reward: 839.360
Total T: 65000 Episode Num: 65 Episode T: 1000 Reward: 3746.075
---------------------------------------
Evaluation over 10 episodes: 3611.569
---------------------------------------
Total T: 66000 Episode Num: 66 Episode T: 1000 Reward: 3416.135
Total T: 67000 Episode Num: 67 Episode T: 1000 Reward: 470.970
Total T: 68000 Episode Num: 68 Episode T: 1000 Reward: 3766.817
Total T: 69000 Episode Num: 69 Episode T: 1000 Reward: 3886.253
Total T: 70000 Episode Num: 70 Episode T: 1000 Reward: 1904.292
---------------------------------------
Evaluation over 10 episodes: 3992.101
---------------------------------------
Total T: 71000 Episode Num: 71 Episode T: 1000 Reward: 3864.394
Total T: 72000 Episode Num: 72 Episode T: 1000 Reward: 4008.999
Total T: 73000 Episode Num: 73 Episode T: 1000 Reward: 2036.263
Total T: 74000 Episode Num: 74 Episode T: 1000 Reward: 4319.451
Total T: 75000 Episode Num: 75 Episode T: 1000 Reward: 3973.508
---------------------------------------
Evaluation over 10 episodes: 3503.970
---------------------------------------
Total T: 76000 Episode Num: 76 Episode T: 1000 Reward: 4206.771
Total T: 77000 Episode Num: 77 Episode T: 1000 Reward: 4174.993
Total T: 78000 Episode Num: 78 Episode T: 1000 Reward: 3896.873
Total T: 79000 Episode Num: 79 Episode T: 1000 Reward: 648.719
Total T: 80000 Episode Num: 80 Episode T: 1000 Reward: 4144.070
---------------------------------------
Evaluation over 10 episodes: 4217.428
---------------------------------------
Total T: 81000 Episode Num: 81 Episode T: 1000 Reward: 993.240
Total T: 82000 Episode Num: 82 Episode T: 1000 Reward: 4037.671
Total T: 83000 Episode Num: 83 Episode T: 1000 Reward: 4367.993
Total T: 84000 Episode Num: 84 Episode T: 1000 Reward: 2388.807
Total T: 85000 Episode Num: 85 Episode T: 1000 Reward: -93.839
---------------------------------------
Evaluation over 10 episodes: 4333.184
---------------------------------------
Total T: 86000 Episode Num: 86 Episode T: 1000 Reward: 3660.309
Total T: 87000 Episode Num: 87 Episode T: 1000 Reward: 4478.811
Total T: 88000 Episode Num: 88 Episode T: 1000 Reward: 4393.336
Total T: 89000 Episode Num: 89 Episode T: 1000 Reward: 4175.637
Total T: 90000 Episode Num: 90 Episode T: 1000 Reward: 4173.378
---------------------------------------
Evaluation over 10 episodes: 4372.473
---------------------------------------
Total T: 91000 Episode Num: 91 Episode T: 1000 Reward: 4405.726
Total T: 92000 Episode Num: 92 Episode T: 1000 Reward: 4283.393
Total T: 93000 Episode Num: 93 Episode T: 1000 Reward: 4375.416
Total T: 94000 Episode Num: 94 Episode T: 1000 Reward: 4380.352
Total T: 95000 Episode Num: 95 Episode T: 1000 Reward: 4509.304
---------------------------------------
Evaluation over 10 episodes: 4166.955
---------------------------------------
Total T: 96000 Episode Num: 96 Episode T: 1000 Reward: 4484.598
Total T: 97000 Episode Num: 97 Episode T: 1000 Reward: 4397.474
Total T: 98000 Episode Num: 98 Episode T: 1000 Reward: 4376.749
Total T: 99000 Episode Num: 99 Episode T: 1000 Reward: 4535.910
Total T: 100000 Episode Num: 100 Episode T: 1000 Reward: 4548.020
---------------------------------------
Evaluation over 10 episodes: 4474.105
---------------------------------------
Total T: 101000 Episode Num: 101 Episode T: 1000 Reward: 4625.553
Total T: 102000 Episode Num: 102 Episode T: 1000 Reward: 4427.777
Total T: 103000 Episode Num: 103 Episode T: 1000 Reward: 4575.981
Total T: 104000 Episode Num: 104 Episode T: 1000 Reward: 4499.268
Total T: 105000 Episode Num: 105 Episode T: 1000 Reward: 4519.006
---------------------------------------
Evaluation over 10 episodes: 4738.385
---------------------------------------
Total T: 106000 Episode Num: 106 Episode T: 1000 Reward: 4625.419
Total T: 107000 Episode Num: 107 Episode T: 1000 Reward: 4620.480
Total T: 108000 Episode Num: 108 Episode T: 1000 Reward: 4670.896
Total T: 109000 Episode Num: 109 Episode T: 1000 Reward: 4755.638
Total T: 110000 Episode Num: 110 Episode T: 1000 Reward: 4725.730
---------------------------------------
Evaluation over 10 episodes: 4816.794
---------------------------------------
Total T: 111000 Episode Num: 111 Episode T: 1000 Reward: 4710.071
Total T: 112000 Episode Num: 112 Episode T: 1000 Reward: 4836.152
Total T: 113000 Episode Num: 113 Episode T: 1000 Reward: 4757.891
Total T: 114000 Episode Num: 114 Episode T: 1000 Reward: 4589.536
Total T: 115000 Episode Num: 115 Episode T: 1000 Reward: 4741.300
---------------------------------------
Evaluation over 10 episodes: 4787.647
---------------------------------------
Total T: 116000 Episode Num: 116 Episode T: 1000 Reward: 4717.322
Total T: 117000 Episode Num: 117 Episode T: 1000 Reward: 4826.366
Total T: 118000 Episode Num: 118 Episode T: 1000 Reward: 4821.120
Total T: 119000 Episode Num: 119 Episode T: 1000 Reward: 4810.360
Total T: 120000 Episode Num: 120 Episode T: 1000 Reward: 4822.533
---------------------------------------
Evaluation over 10 episodes: 4894.840
---------------------------------------
Total T: 121000 Episode Num: 121 Episode T: 1000 Reward: 4807.055
Total T: 122000 Episode Num: 122 Episode T: 1000 Reward: 4829.829
Total T: 123000 Episode Num: 123 Episode T: 1000 Reward: 4857.187
Total T: 124000 Episode Num: 124 Episode T: 1000 Reward: 4791.161
Total T: 125000 Episode Num: 125 Episode T: 1000 Reward: 4979.626
---------------------------------------
Evaluation over 10 episodes: 4937.767
---------------------------------------
Total T: 126000 Episode Num: 126 Episode T: 1000 Reward: 4789.260
Total T: 127000 Episode Num: 127 Episode T: 1000 Reward: 4893.724
Total T: 128000 Episode Num: 128 Episode T: 1000 Reward: 4775.610
Total T: 129000 Episode Num: 129 Episode T: 1000 Reward: 4883.038
Total T: 130000 Episode Num: 130 Episode T: 1000 Reward: 4961.250
---------------------------------------
Evaluation over 10 episodes: 4969.340
---------------------------------------
Total T: 131000 Episode Num: 131 Episode T: 1000 Reward: 4988.537
Total T: 132000 Episode Num: 132 Episode T: 1000 Reward: 4942.114
Total T: 133000 Episode Num: 133 Episode T: 1000 Reward: 4948.031
Total T: 134000 Episode Num: 134 Episode T: 1000 Reward: 4947.936
Total T: 135000 Episode Num: 135 Episode T: 1000 Reward: 4988.881
---------------------------------------
Evaluation over 10 episodes: 5010.584
---------------------------------------
Total T: 136000 Episode Num: 136 Episode T: 1000 Reward: 4902.911
Total T: 137000 Episode Num: 137 Episode T: 1000 Reward: 4979.866
Total T: 138000 Episode Num: 138 Episode T: 1000 Reward: 5023.476
Total T: 139000 Episode Num: 139 Episode T: 1000 Reward: 5043.975
Total T: 140000 Episode Num: 140 Episode T: 1000 Reward: 5059.814
---------------------------------------
Evaluation over 10 episodes: 4543.739
---------------------------------------
Total T: 141000 Episode Num: 141 Episode T: 1000 Reward: 5076.628
Total T: 142000 Episode Num: 142 Episode T: 1000 Reward: 5059.123
Total T: 143000 Episode Num: 143 Episode T: 1000 Reward: 5071.899
Total T: 144000 Episode Num: 144 Episode T: 1000 Reward: 4971.137
Total T: 145000 Episode Num: 145 Episode T: 1000 Reward: 5170.692
---------------------------------------
Evaluation over 10 episodes: 5133.979
---------------------------------------
Total T: 146000 Episode Num: 146 Episode T: 1000 Reward: 5095.198
Total T: 147000 Episode Num: 147 Episode T: 1000 Reward: 5132.072
Total T: 148000 Episode Num: 148 Episode T: 1000 Reward: 5132.564
Total T: 149000 Episode Num: 149 Episode T: 1000 Reward: 5213.864
Total T: 150000 Episode Num: 150 Episode T: 1000 Reward: 5175.197
---------------------------------------
Evaluation over 10 episodes: 5203.238
---------------------------------------
Total T: 151000 Episode Num: 151 Episode T: 1000 Reward: 5127.183
Total T: 152000 Episode Num: 152 Episode T: 1000 Reward: 5226.368
Total T: 153000 Episode Num: 153 Episode T: 1000 Reward: 5170.894
Total T: 154000 Episode Num: 154 Episode T: 1000 Reward: 5094.957
Total T: 155000 Episode Num: 155 Episode T: 1000 Reward: 5235.939
---------------------------------------
Evaluation over 10 episodes: 5234.581
---------------------------------------
Total T: 156000 Episode Num: 156 Episode T: 1000 Reward: 5347.186
Total T: 157000 Episode Num: 157 Episode T: 1000 Reward: 5213.043
Total T: 158000 Episode Num: 158 Episode T: 1000 Reward: 5256.150
Total T: 159000 Episode Num: 159 Episode T: 1000 Reward: 5318.584
Total T: 160000 Episode Num: 160 Episode T: 1000 Reward: 5271.297
---------------------------------------
Evaluation over 10 episodes: 5176.334
---------------------------------------
Total T: 161000 Episode Num: 161 Episode T: 1000 Reward: 5247.163
Total T: 162000 Episode Num: 162 Episode T: 1000 Reward: 5428.523
Total T: 163000 Episode Num: 163 Episode T: 1000 Reward: 5249.798
Total T: 164000 Episode Num: 164 Episode T: 1000 Reward: 5283.815
Total T: 165000 Episode Num: 165 Episode T: 1000 Reward: 5367.288
---------------------------------------
Evaluation over 10 episodes: 5299.766
---------------------------------------
Total T: 166000 Episode Num: 166 Episode T: 1000 Reward: 5233.548
Total T: 167000 Episode Num: 167 Episode T: 1000 Reward: 5445.929
Total T: 168000 Episode Num: 168 Episode T: 1000 Reward: 5337.750
Total T: 169000 Episode Num: 169 Episode T: 1000 Reward: 5379.050
Total T: 170000 Episode Num: 170 Episode T: 1000 Reward: 5436.353
---------------------------------------
Evaluation over 10 episodes: 5074.889
---------------------------------------
Total T: 171000 Episode Num: 171 Episode T: 1000 Reward: 5239.078
Total T: 172000 Episode Num: 172 Episode T: 1000 Reward: 5178.518
Total T: 173000 Episode Num: 173 Episode T: 1000 Reward: 5297.110
Total T: 174000 Episode Num: 174 Episode T: 1000 Reward: 5290.862
Total T: 175000 Episode Num: 175 Episode T: 1000 Reward: 5399.267
---------------------------------------
Evaluation over 10 episodes: 5276.913
---------------------------------------
Total T: 176000 Episode Num: 176 Episode T: 1000 Reward: 5400.121
Total T: 177000 Episode Num: 177 Episode T: 1000 Reward: 5439.414
Total T: 178000 Episode Num: 178 Episode T: 1000 Reward: 5511.201
Total T: 179000 Episode Num: 179 Episode T: 1000 Reward: 5430.028
Total T: 180000 Episode Num: 180 Episode T: 1000 Reward: 5428.554
---------------------------------------
Evaluation over 10 episodes: 5399.464
---------------------------------------
Total T: 181000 Episode Num: 181 Episode T: 1000 Reward: 5520.719
Total T: 182000 Episode Num: 182 Episode T: 1000 Reward: 5575.887
Total T: 183000 Episode Num: 183 Episode T: 1000 Reward: 5503.235
Total T: 184000 Episode Num: 184 Episode T: 1000 Reward: 5513.870
Total T: 185000 Episode Num: 185 Episode T: 1000 Reward: 5414.273
---------------------------------------
Evaluation over 10 episodes: 5536.790
---------------------------------------
Total T: 186000 Episode Num: 186 Episode T: 1000 Reward: 5467.310
Total T: 187000 Episode Num: 187 Episode T: 1000 Reward: 5477.536
Total T: 188000 Episode Num: 188 Episode T: 1000 Reward: 2974.100
Total T: 189000 Episode Num: 189 Episode T: 1000 Reward: 5630.260
Total T: 190000 Episode Num: 190 Episode T: 1000 Reward: 5601.615
---------------------------------------
Evaluation over 10 episodes: 5542.803
---------------------------------------
Total T: 191000 Episode Num: 191 Episode T: 1000 Reward: 5737.739
Total T: 192000 Episode Num: 192 Episode T: 1000 Reward: 5475.109
Total T: 193000 Episode Num: 193 Episode T: 1000 Reward: 5392.992
Total T: 194000 Episode Num: 194 Episode T: 1000 Reward: 5599.409
Total T: 195000 Episode Num: 195 Episode T: 1000 Reward: 5770.786
---------------------------------------
Evaluation over 10 episodes: 5731.410
---------------------------------------
Total T: 196000 Episode Num: 196 Episode T: 1000 Reward: 5561.018
Total T: 197000 Episode Num: 197 Episode T: 1000 Reward: 5460.098
Total T: 198000 Episode Num: 198 Episode T: 1000 Reward: 5519.548
Total T: 199000 Episode Num: 199 Episode T: 1000 Reward: 5766.495
Total T: 200000 Episode Num: 200 Episode T: 1000 Reward: 5728.132
---------------------------------------
Evaluation over 10 episodes: 5720.856
---------------------------------------
Total T: 201000 Episode Num: 201 Episode T: 1000 Reward: 5659.680
Total T: 202000 Episode Num: 202 Episode T: 1000 Reward: 5790.606
Total T: 203000 Episode Num: 203 Episode T: 1000 Reward: 5637.352
Total T: 204000 Episode Num: 204 Episode T: 1000 Reward: 5719.462
Total T: 205000 Episode Num: 205 Episode T: 1000 Reward: 2148.999
---------------------------------------
Evaluation over 10 episodes: 5553.274
---------------------------------------
Total T: 206000 Episode Num: 206 Episode T: 1000 Reward: 5789.191
Total T: 207000 Episode Num: 207 Episode T: 1000 Reward: 5733.169
Total T: 208000 Episode Num: 208 Episode T: 1000 Reward: 5801.426
Total T: 209000 Episode Num: 209 Episode T: 1000 Reward: 5781.256
Total T: 210000 Episode Num: 210 Episode T: 1000 Reward: 5923.026
---------------------------------------
Evaluation over 10 episodes: 5777.937
---------------------------------------
Total T: 211000 Episode Num: 211 Episode T: 1000 Reward: 5805.126
Total T: 212000 Episode Num: 212 Episode T: 1000 Reward: 5701.215
Total T: 213000 Episode Num: 213 Episode T: 1000 Reward: 5762.535
Total T: 214000 Episode Num: 214 Episode T: 1000 Reward: 5646.174
Total T: 215000 Episode Num: 215 Episode T: 1000 Reward: 5579.591
---------------------------------------
Evaluation over 10 episodes: 5688.304
---------------------------------------
Total T: 216000 Episode Num: 216 Episode T: 1000 Reward: 5918.093
Total T: 217000 Episode Num: 217 Episode T: 1000 Reward: 5737.615
Total T: 218000 Episode Num: 218 Episode T: 1000 Reward: 5697.276
Total T: 219000 Episode Num: 219 Episode T: 1000 Reward: 5785.135
Total T: 220000 Episode Num: 220 Episode T: 1000 Reward: 5631.500
---------------------------------------
Evaluation over 10 episodes: 5772.791
---------------------------------------
Total T: 221000 Episode Num: 221 Episode T: 1000 Reward: 5852.906
Total T: 222000 Episode Num: 222 Episode T: 1000 Reward: 5933.793
Total T: 223000 Episode Num: 223 Episode T: 1000 Reward: 5867.287
Total T: 224000 Episode Num: 224 Episode T: 1000 Reward: 5735.458
Total T: 225000 Episode Num: 225 Episode T: 1000 Reward: 5805.740
---------------------------------------
Evaluation over 10 episodes: 5761.723
---------------------------------------
Total T: 226000 Episode Num: 226 Episode T: 1000 Reward: 5768.213
Total T: 227000 Episode Num: 227 Episode T: 1000 Reward: 5843.293
Total T: 228000 Episode Num: 228 Episode T: 1000 Reward: 5874.029
Total T: 229000 Episode Num: 229 Episode T: 1000 Reward: 5888.777
Total T: 230000 Episode Num: 230 Episode T: 1000 Reward: 5944.106
---------------------------------------
Evaluation over 10 episodes: 5819.806
---------------------------------------
Total T: 231000 Episode Num: 231 Episode T: 1000 Reward: 5847.026
Total T: 232000 Episode Num: 232 Episode T: 1000 Reward: 5823.085
Total T: 233000 Episode Num: 233 Episode T: 1000 Reward: 5813.034
Total T: 234000 Episode Num: 234 Episode T: 1000 Reward: 5930.233
Total T: 235000 Episode Num: 235 Episode T: 1000 Reward: 5853.011
---------------------------------------
Evaluation over 10 episodes: 5802.348
---------------------------------------
Total T: 236000 Episode Num: 236 Episode T: 1000 Reward: 5778.026
Total T: 237000 Episode Num: 237 Episode T: 1000 Reward: 5823.537
Total T: 238000 Episode Num: 238 Episode T: 1000 Reward: 5883.284
Total T: 239000 Episode Num: 239 Episode T: 1000 Reward: 5964.715
Total T: 240000 Episode Num: 240 Episode T: 1000 Reward: 5974.190
---------------------------------------
Evaluation over 10 episodes: 6011.503
---------------------------------------
Total T: 241000 Episode Num: 241 Episode T: 1000 Reward: 5864.399
Total T: 242000 Episode Num: 242 Episode T: 1000 Reward: 5873.745
Total T: 243000 Episode Num: 243 Episode T: 1000 Reward: 5997.235
Total T: 244000 Episode Num: 244 Episode T: 1000 Reward: 5845.080
Total T: 245000 Episode Num: 245 Episode T: 1000 Reward: 5759.523
---------------------------------------
Evaluation over 10 episodes: 6001.227
---------------------------------------
Total T: 246000 Episode Num: 246 Episode T: 1000 Reward: 5793.673
Total T: 247000 Episode Num: 247 Episode T: 1000 Reward: 5906.152
Total T: 248000 Episode Num: 248 Episode T: 1000 Reward: 5971.148
Total T: 249000 Episode Num: 249 Episode T: 1000 Reward: 5988.747
Total T: 250000 Episode Num: 250 Episode T: 1000 Reward: 6024.673
---------------------------------------
Evaluation over 10 episodes: 6017.169
---------------------------------------
Total T: 251000 Episode Num: 251 Episode T: 1000 Reward: 5762.567
Total T: 252000 Episode Num: 252 Episode T: 1000 Reward: 5885.043
Total T: 253000 Episode Num: 253 Episode T: 1000 Reward: 6057.067
Total T: 254000 Episode Num: 254 Episode T: 1000 Reward: 6160.603
Total T: 255000 Episode Num: 255 Episode T: 1000 Reward: 5954.209
---------------------------------------
Evaluation over 10 episodes: 5916.898
---------------------------------------
Total T: 256000 Episode Num: 256 Episode T: 1000 Reward: 6035.215
Total T: 257000 Episode Num: 257 Episode T: 1000 Reward: 6035.468
Total T: 258000 Episode Num: 258 Episode T: 1000 Reward: 6043.951
Total T: 259000 Episode Num: 259 Episode T: 1000 Reward: 5916.237
Total T: 260000 Episode Num: 260 Episode T: 1000 Reward: 6006.623
---------------------------------------
Evaluation over 10 episodes: 6026.268
---------------------------------------
Total T: 261000 Episode Num: 261 Episode T: 1000 Reward: 6057.207
Total T: 262000 Episode Num: 262 Episode T: 1000 Reward: 5997.917
Total T: 263000 Episode Num: 263 Episode T: 1000 Reward: 6183.953
Total T: 264000 Episode Num: 264 Episode T: 1000 Reward: 5898.661
Total T: 265000 Episode Num: 265 Episode T: 1000 Reward: 6050.910
---------------------------------------
Evaluation over 10 episodes: 6047.094
---------------------------------------
Total T: 266000 Episode Num: 266 Episode T: 1000 Reward: 6054.812
Total T: 267000 Episode Num: 267 Episode T: 1000 Reward: 6047.812
Total T: 268000 Episode Num: 268 Episode T: 1000 Reward: 6080.069
Total T: 269000 Episode Num: 269 Episode T: 1000 Reward: 6127.131
Total T: 270000 Episode Num: 270 Episode T: 1000 Reward: 6006.982
---------------------------------------
Evaluation over 10 episodes: 6076.431
---------------------------------------
Total T: 271000 Episode Num: 271 Episode T: 1000 Reward: 5840.278
Total T: 272000 Episode Num: 272 Episode T: 1000 Reward: 6140.481
Total T: 273000 Episode Num: 273 Episode T: 1000 Reward: 5935.485
Total T: 274000 Episode Num: 274 Episode T: 1000 Reward: 5947.010
Total T: 275000 Episode Num: 275 Episode T: 1000 Reward: 6135.442
---------------------------------------
Evaluation over 10 episodes: 6158.178
---------------------------------------
Total T: 276000 Episode Num: 276 Episode T: 1000 Reward: 4401.558
Total T: 277000 Episode Num: 277 Episode T: 1000 Reward: 5996.300
Total T: 278000 Episode Num: 278 Episode T: 1000 Reward: 6082.240
Total T: 279000 Episode Num: 279 Episode T: 1000 Reward: 6113.571
Total T: 280000 Episode Num: 280 Episode T: 1000 Reward: 6045.966
---------------------------------------
Evaluation over 10 episodes: 6094.024
---------------------------------------
Total T: 281000 Episode Num: 281 Episode T: 1000 Reward: 6079.117
Total T: 282000 Episode Num: 282 Episode T: 1000 Reward: 6032.066
Total T: 283000 Episode Num: 283 Episode T: 1000 Reward: 6207.933
Total T: 284000 Episode Num: 284 Episode T: 1000 Reward: 6135.680
Total T: 285000 Episode Num: 285 Episode T: 1000 Reward: 6256.473
---------------------------------------
Evaluation over 10 episodes: 6169.057
---------------------------------------
Total T: 286000 Episode Num: 286 Episode T: 1000 Reward: 5882.795
Total T: 287000 Episode Num: 287 Episode T: 1000 Reward: 6141.561
Total T: 288000 Episode Num: 288 Episode T: 1000 Reward: 6294.372
Total T: 289000 Episode Num: 289 Episode T: 1000 Reward: 6268.808
Total T: 290000 Episode Num: 290 Episode T: 1000 Reward: 6168.858
---------------------------------------
Evaluation over 10 episodes: 6244.719
---------------------------------------
Total T: 291000 Episode Num: 291 Episode T: 1000 Reward: 6043.227
Total T: 292000 Episode Num: 292 Episode T: 1000 Reward: 6218.182
Total T: 293000 Episode Num: 293 Episode T: 1000 Reward: 6251.556
Total T: 294000 Episode Num: 294 Episode T: 1000 Reward: 6113.804
Total T: 295000 Episode Num: 295 Episode T: 1000 Reward: 6292.645
---------------------------------------
Evaluation over 10 episodes: 6243.766
---------------------------------------
Total T: 296000 Episode Num: 296 Episode T: 1000 Reward: 6286.294
Total T: 297000 Episode Num: 297 Episode T: 1000 Reward: 6191.478
Total T: 298000 Episode Num: 298 Episode T: 1000 Reward: 6124.555
Total T: 299000 Episode Num: 299 Episode T: 1000 Reward: 6346.990
Total T: 300000 Episode Num: 300 Episode T: 1000 Reward: 6204.612
---------------------------------------
Evaluation over 10 episodes: 6244.326
---------------------------------------
Total T: 301000 Episode Num: 301 Episode T: 1000 Reward: 6294.941
Total T: 302000 Episode Num: 302 Episode T: 1000 Reward: 6203.344
Total T: 303000 Episode Num: 303 Episode T: 1000 Reward: 6288.020
Total T: 304000 Episode Num: 304 Episode T: 1000 Reward: 6225.272
Total T: 305000 Episode Num: 305 Episode T: 1000 Reward: 6167.486
---------------------------------------
Evaluation over 10 episodes: 6279.031
---------------------------------------
Total T: 306000 Episode Num: 306 Episode T: 1000 Reward: 6286.112
Total T: 307000 Episode Num: 307 Episode T: 1000 Reward: 6204.570
Total T: 308000 Episode Num: 308 Episode T: 1000 Reward: 6370.114
Total T: 309000 Episode Num: 309 Episode T: 1000 Reward: 6355.146
Total T: 310000 Episode Num: 310 Episode T: 1000 Reward: 6078.301
---------------------------------------
Evaluation over 10 episodes: 6255.076
---------------------------------------
Total T: 311000 Episode Num: 311 Episode T: 1000 Reward: 6286.677
Total T: 312000 Episode Num: 312 Episode T: 1000 Reward: 6132.643
Total T: 313000 Episode Num: 313 Episode T: 1000 Reward: 6126.064
Total T: 314000 Episode Num: 314 Episode T: 1000 Reward: 6343.712
Total T: 315000 Episode Num: 315 Episode T: 1000 Reward: 6252.680
---------------------------------------
Evaluation over 10 episodes: 6299.365
---------------------------------------
Total T: 316000 Episode Num: 316 Episode T: 1000 Reward: 6226.522
Total T: 317000 Episode Num: 317 Episode T: 1000 Reward: 6231.535
Total T: 318000 Episode Num: 318 Episode T: 1000 Reward: 6276.030
Total T: 319000 Episode Num: 319 Episode T: 1000 Reward: 6331.767
Total T: 320000 Episode Num: 320 Episode T: 1000 Reward: 6308.732
---------------------------------------
Evaluation over 10 episodes: 6346.244
---------------------------------------
Total T: 321000 Episode Num: 321 Episode T: 1000 Reward: 6312.997
Total T: 322000 Episode Num: 322 Episode T: 1000 Reward: 6349.324
Total T: 323000 Episode Num: 323 Episode T: 1000 Reward: 6221.071
Total T: 324000 Episode Num: 324 Episode T: 1000 Reward: 6365.739
Total T: 325000 Episode Num: 325 Episode T: 1000 Reward: 6273.680
---------------------------------------
Evaluation over 10 episodes: 6384.919
---------------------------------------
Total T: 326000 Episode Num: 326 Episode T: 1000 Reward: 6327.461
Total T: 327000 Episode Num: 327 Episode T: 1000 Reward: 6314.840
Total T: 328000 Episode Num: 328 Episode T: 1000 Reward: 6455.629
Total T: 329000 Episode Num: 329 Episode T: 1000 Reward: 6301.792
Total T: 330000 Episode Num: 330 Episode T: 1000 Reward: 6196.585
---------------------------------------
Evaluation over 10 episodes: 6098.689
---------------------------------------
Total T: 331000 Episode Num: 331 Episode T: 1000 Reward: 6306.911
Total T: 332000 Episode Num: 332 Episode T: 1000 Reward: 6490.640
Total T: 333000 Episode Num: 333 Episode T: 1000 Reward: 6349.366
Total T: 334000 Episode Num: 334 Episode T: 1000 Reward: 6327.198
Total T: 335000 Episode Num: 335 Episode T: 1000 Reward: 6357.606
---------------------------------------
Evaluation over 10 episodes: 6470.282
---------------------------------------
Total T: 336000 Episode Num: 336 Episode T: 1000 Reward: 6384.441
Total T: 337000 Episode Num: 337 Episode T: 1000 Reward: 6400.780
Total T: 338000 Episode Num: 338 Episode T: 1000 Reward: 6496.469
Total T: 339000 Episode Num: 339 Episode T: 1000 Reward: 6667.532
Total T: 340000 Episode Num: 340 Episode T: 1000 Reward: 6421.384
---------------------------------------
Evaluation over 10 episodes: 6477.322
---------------------------------------
Total T: 341000 Episode Num: 341 Episode T: 1000 Reward: 6433.508
Total T: 342000 Episode Num: 342 Episode T: 1000 Reward: 6487.826
Total T: 343000 Episode Num: 343 Episode T: 1000 Reward: 6515.363
Total T: 344000 Episode Num: 344 Episode T: 1000 Reward: 6512.489
Total T: 345000 Episode Num: 345 Episode T: 1000 Reward: 6342.603
---------------------------------------
Evaluation over 10 episodes: 6429.896
---------------------------------------
Total T: 346000 Episode Num: 346 Episode T: 1000 Reward: 6397.534
Total T: 347000 Episode Num: 347 Episode T: 1000 Reward: 6495.725
Total T: 348000 Episode Num: 348 Episode T: 1000 Reward: 6446.559
Total T: 349000 Episode Num: 349 Episode T: 1000 Reward: 6470.408
Total T: 350000 Episode Num: 350 Episode T: 1000 Reward: 6572.196
---------------------------------------
Evaluation over 10 episodes: 6529.362
---------------------------------------
Total T: 351000 Episode Num: 351 Episode T: 1000 Reward: 6374.271
Total T: 352000 Episode Num: 352 Episode T: 1000 Reward: 6625.788
Total T: 353000 Episode Num: 353 Episode T: 1000 Reward: 6581.653
Total T: 354000 Episode Num: 354 Episode T: 1000 Reward: 6594.167
Total T: 355000 Episode Num: 355 Episode T: 1000 Reward: 6547.897
---------------------------------------
Evaluation over 10 episodes: 6614.528
---------------------------------------
Total T: 356000 Episode Num: 356 Episode T: 1000 Reward: 6700.573
Total T: 357000 Episode Num: 357 Episode T: 1000 Reward: 6459.724
Total T: 358000 Episode Num: 358 Episode T: 1000 Reward: 6863.132
Total T: 359000 Episode Num: 359 Episode T: 1000 Reward: 6668.087
Total T: 360000 Episode Num: 360 Episode T: 1000 Reward: 6678.736
---------------------------------------
Evaluation over 10 episodes: 6349.793
---------------------------------------
Total T: 361000 Episode Num: 361 Episode T: 1000 Reward: 6755.894
Total T: 362000 Episode Num: 362 Episode T: 1000 Reward: 6707.139
Total T: 363000 Episode Num: 363 Episode T: 1000 Reward: 6131.832
Total T: 364000 Episode Num: 364 Episode T: 1000 Reward: 6585.575
Total T: 365000 Episode Num: 365 Episode T: 1000 Reward: 6462.353
---------------------------------------
Evaluation over 10 episodes: 6779.550
---------------------------------------
Total T: 366000 Episode Num: 366 Episode T: 1000 Reward: 6715.952
Total T: 367000 Episode Num: 367 Episode T: 1000 Reward: 6672.684
Total T: 368000 Episode Num: 368 Episode T: 1000 Reward: 6668.594
Total T: 369000 Episode Num: 369 Episode T: 1000 Reward: 6556.996
Total T: 370000 Episode Num: 370 Episode T: 1000 Reward: 6810.637
---------------------------------------
Evaluation over 10 episodes: 6661.739
---------------------------------------
Total T: 371000 Episode Num: 371 Episode T: 1000 Reward: 6634.151
Total T: 372000 Episode Num: 372 Episode T: 1000 Reward: 6585.949
Total T: 373000 Episode Num: 373 Episode T: 1000 Reward: 6449.688
Total T: 374000 Episode Num: 374 Episode T: 1000 Reward: 6893.423
Total T: 375000 Episode Num: 375 Episode T: 1000 Reward: 6839.751
---------------------------------------
Evaluation over 10 episodes: 6667.398
---------------------------------------
Total T: 376000 Episode Num: 376 Episode T: 1000 Reward: 6684.395
Total T: 377000 Episode Num: 377 Episode T: 1000 Reward: 6632.390
Total T: 378000 Episode Num: 378 Episode T: 1000 Reward: 6808.161
Total T: 379000 Episode Num: 379 Episode T: 1000 Reward: 6856.361
Total T: 380000 Episode Num: 380 Episode T: 1000 Reward: 6865.499
---------------------------------------
Evaluation over 10 episodes: 6683.942
---------------------------------------
Total T: 381000 Episode Num: 381 Episode T: 1000 Reward: 6769.139
Total T: 382000 Episode Num: 382 Episode T: 1000 Reward: 7004.102
Total T: 383000 Episode Num: 383 Episode T: 1000 Reward: 6999.493
Total T: 384000 Episode Num: 384 Episode T: 1000 Reward: 6765.681
Total T: 385000 Episode Num: 385 Episode T: 1000 Reward: 6881.942
---------------------------------------
Evaluation over 10 episodes: 6760.739
---------------------------------------
Total T: 386000 Episode Num: 386 Episode T: 1000 Reward: 6841.375
Total T: 387000 Episode Num: 387 Episode T: 1000 Reward: 7013.865
Total T: 388000 Episode Num: 388 Episode T: 1000 Reward: 6843.652
Total T: 389000 Episode Num: 389 Episode T: 1000 Reward: 6723.686
Total T: 390000 Episode Num: 390 Episode T: 1000 Reward: 6881.836
---------------------------------------
Evaluation over 10 episodes: 6911.289
---------------------------------------
Total T: 391000 Episode Num: 391 Episode T: 1000 Reward: 6708.936
Total T: 392000 Episode Num: 392 Episode T: 1000 Reward: 2575.558
Total T: 393000 Episode Num: 393 Episode T: 1000 Reward: 6718.631
Total T: 394000 Episode Num: 394 Episode T: 1000 Reward: 6885.323
Total T: 395000 Episode Num: 395 Episode T: 1000 Reward: 6743.644
---------------------------------------
Evaluation over 10 episodes: 6876.342
---------------------------------------
Total T: 396000 Episode Num: 396 Episode T: 1000 Reward: 6878.436
Total T: 397000 Episode Num: 397 Episode T: 1000 Reward: 6483.547
Total T: 398000 Episode Num: 398 Episode T: 1000 Reward: 6935.404
Total T: 399000 Episode Num: 399 Episode T: 1000 Reward: 6616.555
Total T: 400000 Episode Num: 400 Episode T: 1000 Reward: 7041.801
---------------------------------------
Evaluation over 10 episodes: 6974.960
---------------------------------------
Total T: 401000 Episode Num: 401 Episode T: 1000 Reward: 7062.434
Total T: 402000 Episode Num: 402 Episode T: 1000 Reward: 6846.638
Total T: 403000 Episode Num: 403 Episode T: 1000 Reward: 6831.295
Total T: 404000 Episode Num: 404 Episode T: 1000 Reward: 6989.310
Total T: 405000 Episode Num: 405 Episode T: 1000 Reward: 6870.667
---------------------------------------
Evaluation over 10 episodes: 6893.042
---------------------------------------
Total T: 406000 Episode Num: 406 Episode T: 1000 Reward: 6717.019
Total T: 407000 Episode Num: 407 Episode T: 1000 Reward: 6650.682
Total T: 408000 Episode Num: 408 Episode T: 1000 Reward: 6519.062
Total T: 409000 Episode Num: 409 Episode T: 1000 Reward: 6706.346
Total T: 410000 Episode Num: 410 Episode T: 1000 Reward: 6892.592
---------------------------------------
Evaluation over 10 episodes: 6841.138
---------------------------------------
Total T: 411000 Episode Num: 411 Episode T: 1000 Reward: 6814.658
Total T: 412000 Episode Num: 412 Episode T: 1000 Reward: 7027.528
Total T: 413000 Episode Num: 413 Episode T: 1000 Reward: 6969.226
Total T: 414000 Episode Num: 414 Episode T: 1000 Reward: 7164.910
Total T: 415000 Episode Num: 415 Episode T: 1000 Reward: 7075.412
---------------------------------------
Evaluation over 10 episodes: 7055.718
---------------------------------------
Total T: 416000 Episode Num: 416 Episode T: 1000 Reward: 6898.254
Total T: 417000 Episode Num: 417 Episode T: 1000 Reward: 6986.530
Total T: 418000 Episode Num: 418 Episode T: 1000 Reward: 6993.988
Total T: 419000 Episode Num: 419 Episode T: 1000 Reward: 7030.503
Total T: 420000 Episode Num: 420 Episode T: 1000 Reward: 7028.416
---------------------------------------
Evaluation over 10 episodes: 7090.025
---------------------------------------
Total T: 421000 Episode Num: 421 Episode T: 1000 Reward: 7068.364
Total T: 422000 Episode Num: 422 Episode T: 1000 Reward: 6941.187
Total T: 423000 Episode Num: 423 Episode T: 1000 Reward: 6855.459
Total T: 424000 Episode Num: 424 Episode T: 1000 Reward: 7001.413
Total T: 425000 Episode Num: 425 Episode T: 1000 Reward: 6969.828
---------------------------------------
Evaluation over 10 episodes: 7040.404
---------------------------------------
Total T: 426000 Episode Num: 426 Episode T: 1000 Reward: 6894.796
Total T: 427000 Episode Num: 427 Episode T: 1000 Reward: 7293.084
Total T: 428000 Episode Num: 428 Episode T: 1000 Reward: 6817.886
Total T: 429000 Episode Num: 429 Episode T: 1000 Reward: 7016.382
Total T: 430000 Episode Num: 430 Episode T: 1000 Reward: 6974.020
---------------------------------------
Evaluation over 10 episodes: 6921.228
---------------------------------------
Total T: 431000 Episode Num: 431 Episode T: 1000 Reward: 6703.670
Total T: 432000 Episode Num: 432 Episode T: 1000 Reward: 7042.992
Total T: 433000 Episode Num: 433 Episode T: 1000 Reward: 6999.592
Total T: 434000 Episode Num: 434 Episode T: 1000 Reward: 6988.507
Total T: 435000 Episode Num: 435 Episode T: 1000 Reward: 7111.368
---------------------------------------
Evaluation over 10 episodes: 7040.700
---------------------------------------
Total T: 436000 Episode Num: 436 Episode T: 1000 Reward: 6794.604
Total T: 437000 Episode Num: 437 Episode T: 1000 Reward: 6849.506
Total T: 438000 Episode Num: 438 Episode T: 1000 Reward: 6893.301
Total T: 439000 Episode Num: 439 Episode T: 1000 Reward: 6899.562
Total T: 440000 Episode Num: 440 Episode T: 1000 Reward: 7076.100
---------------------------------------
Evaluation over 10 episodes: 7092.025
---------------------------------------
Total T: 441000 Episode Num: 441 Episode T: 1000 Reward: 6837.082
Total T: 442000 Episode Num: 442 Episode T: 1000 Reward: 6865.969
Total T: 443000 Episode Num: 443 Episode T: 1000 Reward: 7155.572
Total T: 444000 Episode Num: 444 Episode T: 1000 Reward: 7020.942
Total T: 445000 Episode Num: 445 Episode T: 1000 Reward: 7045.582
---------------------------------------
Evaluation over 10 episodes: 7164.514
---------------------------------------
Total T: 446000 Episode Num: 446 Episode T: 1000 Reward: 7090.305
Total T: 447000 Episode Num: 447 Episode T: 1000 Reward: 7234.815
Total T: 448000 Episode Num: 448 Episode T: 1000 Reward: 7156.152
Total T: 449000 Episode Num: 449 Episode T: 1000 Reward: 6872.124
Total T: 450000 Episode Num: 450 Episode T: 1000 Reward: 7069.739
---------------------------------------
Evaluation over 10 episodes: 7094.272
---------------------------------------
Total T: 451000 Episode Num: 451 Episode T: 1000 Reward: 7087.682
Total T: 452000 Episode Num: 452 Episode T: 1000 Reward: 7303.812
Total T: 453000 Episode Num: 453 Episode T: 1000 Reward: 7009.200
Total T: 454000 Episode Num: 454 Episode T: 1000 Reward: 7201.780
Total T: 455000 Episode Num: 455 Episode T: 1000 Reward: 6902.468
---------------------------------------
Evaluation over 10 episodes: 7114.518
---------------------------------------
Total T: 456000 Episode Num: 456 Episode T: 1000 Reward: 7132.854
Total T: 457000 Episode Num: 457 Episode T: 1000 Reward: 6937.258
Total T: 458000 Episode Num: 458 Episode T: 1000 Reward: 7117.520
Total T: 459000 Episode Num: 459 Episode T: 1000 Reward: 7362.647
Total T: 460000 Episode Num: 460 Episode T: 1000 Reward: 7487.042
---------------------------------------
Evaluation over 10 episodes: 7359.919
---------------------------------------
Total T: 461000 Episode Num: 461 Episode T: 1000 Reward: 7058.128
Total T: 462000 Episode Num: 462 Episode T: 1000 Reward: 7342.391
Total T: 463000 Episode Num: 463 Episode T: 1000 Reward: 7110.362
Total T: 464000 Episode Num: 464 Episode T: 1000 Reward: 6983.947
Total T: 465000 Episode Num: 465 Episode T: 1000 Reward: 7415.027
---------------------------------------
Evaluation over 10 episodes: 7313.600
---------------------------------------
Total T: 466000 Episode Num: 466 Episode T: 1000 Reward: 7412.196
Total T: 467000 Episode Num: 467 Episode T: 1000 Reward: 7335.501
Total T: 468000 Episode Num: 468 Episode T: 1000 Reward: 7358.283
Total T: 469000 Episode Num: 469 Episode T: 1000 Reward: 7433.104
Total T: 470000 Episode Num: 470 Episode T: 1000 Reward: 6962.775
---------------------------------------
Evaluation over 10 episodes: 7354.471
---------------------------------------
Total T: 471000 Episode Num: 471 Episode T: 1000 Reward: 7470.085
Total T: 472000 Episode Num: 472 Episode T: 1000 Reward: 7311.548
Total T: 473000 Episode Num: 473 Episode T: 1000 Reward: 7415.665
Total T: 474000 Episode Num: 474 Episode T: 1000 Reward: 7031.787
Total T: 475000 Episode Num: 475 Episode T: 1000 Reward: 6849.265
---------------------------------------
Evaluation over 10 episodes: 7457.506
---------------------------------------
Total T: 476000 Episode Num: 476 Episode T: 1000 Reward: 7416.591
Total T: 477000 Episode Num: 477 Episode T: 1000 Reward: 7202.574
Total T: 478000 Episode Num: 478 Episode T: 1000 Reward: 7218.759
Total T: 479000 Episode Num: 479 Episode T: 1000 Reward: 7482.675
Total T: 480000 Episode Num: 480 Episode T: 1000 Reward: 7459.088
---------------------------------------
Evaluation over 10 episodes: 7561.655
---------------------------------------
Total T: 481000 Episode Num: 481 Episode T: 1000 Reward: 7369.798
Total T: 482000 Episode Num: 482 Episode T: 1000 Reward: 7247.408
Total T: 483000 Episode Num: 483 Episode T: 1000 Reward: 7444.167
Total T: 484000 Episode Num: 484 Episode T: 1000 Reward: 7517.208
Total T: 485000 Episode Num: 485 Episode T: 1000 Reward: 7428.711
---------------------------------------
Evaluation over 10 episodes: 7667.282
---------------------------------------
Total T: 486000 Episode Num: 486 Episode T: 1000 Reward: 7411.973
Total T: 487000 Episode Num: 487 Episode T: 1000 Reward: 7486.328
Total T: 488000 Episode Num: 488 Episode T: 1000 Reward: 7680.918
Total T: 489000 Episode Num: 489 Episode T: 1000 Reward: 7443.352
Total T: 490000 Episode Num: 490 Episode T: 1000 Reward: 7612.252
---------------------------------------
Evaluation over 10 episodes: 7646.921
---------------------------------------
Total T: 491000 Episode Num: 491 Episode T: 1000 Reward: 7315.820
Total T: 492000 Episode Num: 492 Episode T: 1000 Reward: 7430.805
Total T: 493000 Episode Num: 493 Episode T: 1000 Reward: 7654.993
Total T: 494000 Episode Num: 494 Episode T: 1000 Reward: 7516.537
Total T: 495000 Episode Num: 495 Episode T: 1000 Reward: 7354.401
---------------------------------------
Evaluation over 10 episodes: 7532.163
---------------------------------------
Total T: 496000 Episode Num: 496 Episode T: 1000 Reward: 7553.882
Total T: 497000 Episode Num: 497 Episode T: 1000 Reward: 7559.377
Total T: 498000 Episode Num: 498 Episode T: 1000 Reward: 7205.462
Total T: 499000 Episode Num: 499 Episode T: 1000 Reward: 7476.071
Total T: 500000 Episode Num: 500 Episode T: 1000 Reward: 7532.237
---------------------------------------
Evaluation over 10 episodes: 7384.564
---------------------------------------
Total T: 501000 Episode Num: 501 Episode T: 1000 Reward: 7491.561
Total T: 502000 Episode Num: 502 Episode T: 1000 Reward: 7486.129
Total T: 503000 Episode Num: 503 Episode T: 1000 Reward: 7702.575
Total T: 504000 Episode Num: 504 Episode T: 1000 Reward: 7709.934
Total T: 505000 Episode Num: 505 Episode T: 1000 Reward: 7427.477
---------------------------------------
Evaluation over 10 episodes: 7296.608
---------------------------------------
Total T: 506000 Episode Num: 506 Episode T: 1000 Reward: 7474.281
Total T: 507000 Episode Num: 507 Episode T: 1000 Reward: 7511.124
Total T: 508000 Episode Num: 508 Episode T: 1000 Reward: 7507.109
Total T: 509000 Episode Num: 509 Episode T: 1000 Reward: 7432.849
Total T: 510000 Episode Num: 510 Episode T: 1000 Reward: 7552.245
---------------------------------------
Evaluation over 10 episodes: 7711.433
---------------------------------------
Total T: 511000 Episode Num: 511 Episode T: 1000 Reward: 7670.006
Total T: 512000 Episode Num: 512 Episode T: 1000 Reward: 7601.688
Total T: 513000 Episode Num: 513 Episode T: 1000 Reward: 7859.857
Total T: 514000 Episode Num: 514 Episode T: 1000 Reward: 7559.907
Total T: 515000 Episode Num: 515 Episode T: 1000 Reward: 7822.421
---------------------------------------
Evaluation over 10 episodes: 7794.487
---------------------------------------
Total T: 516000 Episode Num: 516 Episode T: 1000 Reward: 7723.497
Total T: 517000 Episode Num: 517 Episode T: 1000 Reward: 7512.423
Total T: 518000 Episode Num: 518 Episode T: 1000 Reward: 7634.408
Total T: 519000 Episode Num: 519 Episode T: 1000 Reward: 7750.493
Total T: 520000 Episode Num: 520 Episode T: 1000 Reward: 7698.721
---------------------------------------
Evaluation over 10 episodes: 7692.041
---------------------------------------
Total T: 521000 Episode Num: 521 Episode T: 1000 Reward: 7691.352
Total T: 522000 Episode Num: 522 Episode T: 1000 Reward: 7645.813
Total T: 523000 Episode Num: 523 Episode T: 1000 Reward: 7552.443
Total T: 524000 Episode Num: 524 Episode T: 1000 Reward: 7625.095
Total T: 525000 Episode Num: 525 Episode T: 1000 Reward: 7647.969
---------------------------------------
Evaluation over 10 episodes: 7852.592
---------------------------------------
Total T: 526000 Episode Num: 526 Episode T: 1000 Reward: 7568.403
Total T: 527000 Episode Num: 527 Episode T: 1000 Reward: 7447.426
Total T: 528000 Episode Num: 528 Episode T: 1000 Reward: 7467.991
Total T: 529000 Episode Num: 529 Episode T: 1000 Reward: 7672.464
Total T: 530000 Episode Num: 530 Episode T: 1000 Reward: 7617.368
---------------------------------------
Evaluation over 10 episodes: 7835.074
---------------------------------------
Total T: 531000 Episode Num: 531 Episode T: 1000 Reward: 7930.767
Total T: 532000 Episode Num: 532 Episode T: 1000 Reward: 7694.006
Total T: 533000 Episode Num: 533 Episode T: 1000 Reward: 7872.882
Total T: 534000 Episode Num: 534 Episode T: 1000 Reward: 7917.694
Total T: 535000 Episode Num: 535 Episode T: 1000 Reward: 7754.923
---------------------------------------
Evaluation over 10 episodes: 7886.261
---------------------------------------
Total T: 536000 Episode Num: 536 Episode T: 1000 Reward: 7735.003
Total T: 537000 Episode Num: 537 Episode T: 1000 Reward: 7943.254
Total T: 538000 Episode Num: 538 Episode T: 1000 Reward: 7804.905
Total T: 539000 Episode Num: 539 Episode T: 1000 Reward: 7745.752
Total T: 540000 Episode Num: 540 Episode T: 1000 Reward: 7305.749
---------------------------------------
Evaluation over 10 episodes: 7932.052
---------------------------------------
Total T: 541000 Episode Num: 541 Episode T: 1000 Reward: 7748.444
Total T: 542000 Episode Num: 542 Episode T: 1000 Reward: 8026.415
Total T: 543000 Episode Num: 543 Episode T: 1000 Reward: 7821.009
Total T: 544000 Episode Num: 544 Episode T: 1000 Reward: 7611.181
Total T: 545000 Episode Num: 545 Episode T: 1000 Reward: 7825.568
---------------------------------------
Evaluation over 10 episodes: 7889.432
---------------------------------------
Total T: 546000 Episode Num: 546 Episode T: 1000 Reward: 8001.549
Total T: 547000 Episode Num: 547 Episode T: 1000 Reward: 7793.850
Total T: 548000 Episode Num: 548 Episode T: 1000 Reward: 8086.468
Total T: 549000 Episode Num: 549 Episode T: 1000 Reward: 7928.026
Total T: 550000 Episode Num: 550 Episode T: 1000 Reward: 8040.236
---------------------------------------
Evaluation over 10 episodes: 7975.066
---------------------------------------
Total T: 551000 Episode Num: 551 Episode T: 1000 Reward: 7846.675
Total T: 552000 Episode Num: 552 Episode T: 1000 Reward: 7911.298
Total T: 553000 Episode Num: 553 Episode T: 1000 Reward: 7868.762
Total T: 554000 Episode Num: 554 Episode T: 1000 Reward: 7999.889
Total T: 555000 Episode Num: 555 Episode T: 1000 Reward: 7737.045
---------------------------------------
Evaluation over 10 episodes: 8021.530
---------------------------------------
Total T: 556000 Episode Num: 556 Episode T: 1000 Reward: 7822.860
Total T: 557000 Episode Num: 557 Episode T: 1000 Reward: 8068.659
Total T: 558000 Episode Num: 558 Episode T: 1000 Reward: 7906.634
Total T: 559000 Episode Num: 559 Episode T: 1000 Reward: 8012.400
Total T: 560000 Episode Num: 560 Episode T: 1000 Reward: 7961.103
---------------------------------------
Evaluation over 10 episodes: 8030.601
---------------------------------------
Total T: 561000 Episode Num: 561 Episode T: 1000 Reward: 7783.966
Total T: 562000 Episode Num: 562 Episode T: 1000 Reward: 8045.918
Total T: 563000 Episode Num: 563 Episode T: 1000 Reward: 7797.646
Total T: 564000 Episode Num: 564 Episode T: 1000 Reward: 8041.109
Total T: 565000 Episode Num: 565 Episode T: 1000 Reward: 7987.847
---------------------------------------
Evaluation over 10 episodes: 8135.500
---------------------------------------
Total T: 566000 Episode Num: 566 Episode T: 1000 Reward: 7456.938
Total T: 567000 Episode Num: 567 Episode T: 1000 Reward: 8068.369
Total T: 568000 Episode Num: 568 Episode T: 1000 Reward: 8292.679
Total T: 569000 Episode Num: 569 Episode T: 1000 Reward: 7952.518
Total T: 570000 Episode Num: 570 Episode T: 1000 Reward: 7806.625
---------------------------------------
Evaluation over 10 episodes: 8184.098
---------------------------------------
Total T: 571000 Episode Num: 571 Episode T: 1000 Reward: 8026.705
Total T: 572000 Episode Num: 572 Episode T: 1000 Reward: 7983.023
Total T: 573000 Episode Num: 573 Episode T: 1000 Reward: 7791.947
Total T: 574000 Episode Num: 574 Episode T: 1000 Reward: 8131.026
Total T: 575000 Episode Num: 575 Episode T: 1000 Reward: 7841.979
---------------------------------------
Evaluation over 10 episodes: 8030.131
---------------------------------------
Total T: 576000 Episode Num: 576 Episode T: 1000 Reward: 8111.666
Total T: 577000 Episode Num: 577 Episode T: 1000 Reward: 7917.572
Total T: 578000 Episode Num: 578 Episode T: 1000 Reward: 7975.773
Total T: 579000 Episode Num: 579 Episode T: 1000 Reward: 8226.293
Total T: 580000 Episode Num: 580 Episode T: 1000 Reward: 7588.591
---------------------------------------
Evaluation over 10 episodes: 8063.430
---------------------------------------
Total T: 581000 Episode Num: 581 Episode T: 1000 Reward: 7969.414
Total T: 582000 Episode Num: 582 Episode T: 1000 Reward: 7894.049
Total T: 583000 Episode Num: 583 Episode T: 1000 Reward: 7948.494
Total T: 584000 Episode Num: 584 Episode T: 1000 Reward: 7813.717
Total T: 585000 Episode Num: 585 Episode T: 1000 Reward: 8047.327
---------------------------------------
Evaluation over 10 episodes: 8076.207
---------------------------------------
Total T: 586000 Episode Num: 586 Episode T: 1000 Reward: 8116.766
Total T: 587000 Episode Num: 587 Episode T: 1000 Reward: 7922.741
Total T: 588000 Episode Num: 588 Episode T: 1000 Reward: 8055.710
Total T: 589000 Episode Num: 589 Episode T: 1000 Reward: 8100.437
Total T: 590000 Episode Num: 590 Episode T: 1000 Reward: 7784.330
---------------------------------------
Evaluation over 10 episodes: 8049.717
---------------------------------------
Total T: 591000 Episode Num: 591 Episode T: 1000 Reward: 7901.515
Total T: 592000 Episode Num: 592 Episode T: 1000 Reward: 8290.474
Total T: 593000 Episode Num: 593 Episode T: 1000 Reward: 8005.341
Total T: 594000 Episode Num: 594 Episode T: 1000 Reward: 7862.794
Total T: 595000 Episode Num: 595 Episode T: 1000 Reward: 8035.524
---------------------------------------
Evaluation over 10 episodes: 8166.075
---------------------------------------
Total T: 596000 Episode Num: 596 Episode T: 1000 Reward: 7953.864
Total T: 597000 Episode Num: 597 Episode T: 1000 Reward: 7996.908
Total T: 598000 Episode Num: 598 Episode T: 1000 Reward: 8360.395
Total T: 599000 Episode Num: 599 Episode T: 1000 Reward: 7751.469
Total T: 600000 Episode Num: 600 Episode T: 1000 Reward: 8290.386
---------------------------------------
Evaluation over 10 episodes: 7943.567
---------------------------------------
Total T: 601000 Episode Num: 601 Episode T: 1000 Reward: 8257.735
Total T: 602000 Episode Num: 602 Episode T: 1000 Reward: 7832.656
Total T: 603000 Episode Num: 603 Episode T: 1000 Reward: 7871.929
Total T: 604000 Episode Num: 604 Episode T: 1000 Reward: 8104.738
Total T: 605000 Episode Num: 605 Episode T: 1000 Reward: 8152.563
---------------------------------------
Evaluation over 10 episodes: 7830.485
---------------------------------------
Total T: 606000 Episode Num: 606 Episode T: 1000 Reward: 8202.692
Total T: 607000 Episode Num: 607 Episode T: 1000 Reward: 7764.064
Total T: 608000 Episode Num: 608 Episode T: 1000 Reward: 8034.348
Total T: 609000 Episode Num: 609 Episode T: 1000 Reward: 8328.395
Total T: 610000 Episode Num: 610 Episode T: 1000 Reward: 8155.544
---------------------------------------
Evaluation over 10 episodes: 8283.301
---------------------------------------
Total T: 611000 Episode Num: 611 Episode T: 1000 Reward: 7948.962
Total T: 612000 Episode Num: 612 Episode T: 1000 Reward: 7984.142
Total T: 613000 Episode Num: 613 Episode T: 1000 Reward: 8280.634
Total T: 614000 Episode Num: 614 Episode T: 1000 Reward: 8150.785
Total T: 615000 Episode Num: 615 Episode T: 1000 Reward: 8211.980
---------------------------------------
Evaluation over 10 episodes: 8284.502
---------------------------------------
Total T: 616000 Episode Num: 616 Episode T: 1000 Reward: 7979.484
Total T: 617000 Episode Num: 617 Episode T: 1000 Reward: 8311.268
Total T: 618000 Episode Num: 618 Episode T: 1000 Reward: 8318.019
Total T: 619000 Episode Num: 619 Episode T: 1000 Reward: 7977.729
Total T: 620000 Episode Num: 620 Episode T: 1000 Reward: 8121.613
---------------------------------------
Evaluation over 10 episodes: 8188.541
---------------------------------------
Total T: 621000 Episode Num: 621 Episode T: 1000 Reward: 8184.895
Total T: 622000 Episode Num: 622 Episode T: 1000 Reward: 8238.346
Total T: 623000 Episode Num: 623 Episode T: 1000 Reward: 8420.497
Total T: 624000 Episode Num: 624 Episode T: 1000 Reward: 8199.462
Total T: 625000 Episode Num: 625 Episode T: 1000 Reward: 8156.580
---------------------------------------
Evaluation over 10 episodes: 8300.604
---------------------------------------
Total T: 626000 Episode Num: 626 Episode T: 1000 Reward: 8324.165
Total T: 627000 Episode Num: 627 Episode T: 1000 Reward: 8199.175
Total T: 628000 Episode Num: 628 Episode T: 1000 Reward: 8195.471
Total T: 629000 Episode Num: 629 Episode T: 1000 Reward: 8225.297
Total T: 630000 Episode Num: 630 Episode T: 1000 Reward: 8257.883
---------------------------------------
Evaluation over 10 episodes: 8204.280
---------------------------------------
Total T: 631000 Episode Num: 631 Episode T: 1000 Reward: 8403.682
Total T: 632000 Episode Num: 632 Episode T: 1000 Reward: 8441.581
Total T: 633000 Episode Num: 633 Episode T: 1000 Reward: 8516.665
Total T: 634000 Episode Num: 634 Episode T: 1000 Reward: 8501.278
Total T: 635000 Episode Num: 635 Episode T: 1000 Reward: 8035.422
---------------------------------------
Evaluation over 10 episodes: 8310.070
---------------------------------------
Total T: 636000 Episode Num: 636 Episode T: 1000 Reward: 8198.608
Total T: 637000 Episode Num: 637 Episode T: 1000 Reward: 8236.903
Total T: 638000 Episode Num: 638 Episode T: 1000 Reward: 8146.843
Total T: 639000 Episode Num: 639 Episode T: 1000 Reward: 7938.034
Total T: 640000 Episode Num: 640 Episode T: 1000 Reward: 8228.770
---------------------------------------
Evaluation over 10 episodes: 8426.446
---------------------------------------
Total T: 641000 Episode Num: 641 Episode T: 1000 Reward: 8479.153
Total T: 642000 Episode Num: 642 Episode T: 1000 Reward: 8368.035
Total T: 643000 Episode Num: 643 Episode T: 1000 Reward: 8317.647
Total T: 644000 Episode Num: 644 Episode T: 1000 Reward: 8230.529
Total T: 645000 Episode Num: 645 Episode T: 1000 Reward: 8336.995
---------------------------------------
Evaluation over 10 episodes: 8331.434
---------------------------------------
Total T: 646000 Episode Num: 646 Episode T: 1000 Reward: 8267.545
Total T: 647000 Episode Num: 647 Episode T: 1000 Reward: 8198.425
Total T: 648000 Episode Num: 648 Episode T: 1000 Reward: 8322.592
Total T: 649000 Episode Num: 649 Episode T: 1000 Reward: 8379.215
Total T: 650000 Episode Num: 650 Episode T: 1000 Reward: 8263.459
---------------------------------------
Evaluation over 10 episodes: 8511.268
---------------------------------------
Total T: 651000 Episode Num: 651 Episode T: 1000 Reward: 8498.813
Total T: 652000 Episode Num: 652 Episode T: 1000 Reward: 8137.903
Total T: 653000 Episode Num: 653 Episode T: 1000 Reward: 8464.857
Total T: 654000 Episode Num: 654 Episode T: 1000 Reward: 8584.187
Total T: 655000 Episode Num: 655 Episode T: 1000 Reward: 8571.262
---------------------------------------
Evaluation over 10 episodes: 8613.654
---------------------------------------
Total T: 656000 Episode Num: 656 Episode T: 1000 Reward: 8533.163
Total T: 657000 Episode Num: 657 Episode T: 1000 Reward: 8661.340
Total T: 658000 Episode Num: 658 Episode T: 1000 Reward: 8616.871
Total T: 659000 Episode Num: 659 Episode T: 1000 Reward: 8093.362
Total T: 660000 Episode Num: 660 Episode T: 1000 Reward: 8385.075
---------------------------------------
Evaluation over 10 episodes: 8500.713
---------------------------------------
Total T: 661000 Episode Num: 661 Episode T: 1000 Reward: 8580.842
Total T: 662000 Episode Num: 662 Episode T: 1000 Reward: 8163.613
Total T: 663000 Episode Num: 663 Episode T: 1000 Reward: 8182.721
Total T: 664000 Episode Num: 664 Episode T: 1000 Reward: 8322.153
Total T: 665000 Episode Num: 665 Episode T: 1000 Reward: 8319.950
---------------------------------------
Evaluation over 10 episodes: 8477.199
---------------------------------------
Total T: 666000 Episode Num: 666 Episode T: 1000 Reward: 8562.925
Total T: 667000 Episode Num: 667 Episode T: 1000 Reward: 8778.965
Total T: 668000 Episode Num: 668 Episode T: 1000 Reward: 8647.966
Total T: 669000 Episode Num: 669 Episode T: 1000 Reward: 8459.682
Total T: 670000 Episode Num: 670 Episode T: 1000 Reward: 8412.678
---------------------------------------
Evaluation over 10 episodes: 8494.708
---------------------------------------
Total T: 671000 Episode Num: 671 Episode T: 1000 Reward: 8346.420
Total T: 672000 Episode Num: 672 Episode T: 1000 Reward: 8505.072
Total T: 673000 Episode Num: 673 Episode T: 1000 Reward: 8395.964
Total T: 674000 Episode Num: 674 Episode T: 1000 Reward: 8546.425
Total T: 675000 Episode Num: 675 Episode T: 1000 Reward: 8529.961
---------------------------------------
Evaluation over 10 episodes: 8445.691
---------------------------------------
Total T: 676000 Episode Num: 676 Episode T: 1000 Reward: 8480.999
Total T: 677000 Episode Num: 677 Episode T: 1000 Reward: 8245.179
Total T: 678000 Episode Num: 678 Episode T: 1000 Reward: 8853.220
Total T: 679000 Episode Num: 679 Episode T: 1000 Reward: 8544.354
Total T: 680000 Episode Num: 680 Episode T: 1000 Reward: 8246.782
---------------------------------------
Evaluation over 10 episodes: 8630.849
---------------------------------------
Total T: 681000 Episode Num: 681 Episode T: 1000 Reward: 8282.394
Total T: 682000 Episode Num: 682 Episode T: 1000 Reward: 8684.534
Total T: 683000 Episode Num: 683 Episode T: 1000 Reward: 8531.049
Total T: 684000 Episode Num: 684 Episode T: 1000 Reward: 8557.842
Total T: 685000 Episode Num: 685 Episode T: 1000 Reward: 8384.956
---------------------------------------
Evaluation over 10 episodes: 8664.195
---------------------------------------
Total T: 686000 Episode Num: 686 Episode T: 1000 Reward: 8652.590
Total T: 687000 Episode Num: 687 Episode T: 1000 Reward: 8505.561
Total T: 688000 Episode Num: 688 Episode T: 1000 Reward: 8450.655
Total T: 689000 Episode Num: 689 Episode T: 1000 Reward: 8233.272
Total T: 690000 Episode Num: 690 Episode T: 1000 Reward: 8202.585
---------------------------------------
Evaluation over 10 episodes: 8542.769
---------------------------------------
Total T: 691000 Episode Num: 691 Episode T: 1000 Reward: 8610.023
Total T: 692000 Episode Num: 692 Episode T: 1000 Reward: 8599.819
Total T: 693000 Episode Num: 693 Episode T: 1000 Reward: 7959.513
Total T: 694000 Episode Num: 694 Episode T: 1000 Reward: 8479.415
Total T: 695000 Episode Num: 695 Episode T: 1000 Reward: 8552.096
---------------------------------------
Evaluation over 10 episodes: 8559.665
---------------------------------------
Total T: 696000 Episode Num: 696 Episode T: 1000 Reward: 8700.536
Total T: 697000 Episode Num: 697 Episode T: 1000 Reward: 8337.411
Total T: 698000 Episode Num: 698 Episode T: 1000 Reward: 8729.366
Total T: 699000 Episode Num: 699 Episode T: 1000 Reward: 8604.036
Total T: 700000 Episode Num: 700 Episode T: 1000 Reward: 8701.553
---------------------------------------
Evaluation over 10 episodes: 8316.957
---------------------------------------
Total T: 701000 Episode Num: 701 Episode T: 1000 Reward: 8754.922
Total T: 702000 Episode Num: 702 Episode T: 1000 Reward: 8237.558
Total T: 703000 Episode Num: 703 Episode T: 1000 Reward: 8474.643
Total T: 704000 Episode Num: 704 Episode T: 1000 Reward: 8685.345
Total T: 705000 Episode Num: 705 Episode T: 1000 Reward: 8564.442
---------------------------------------
Evaluation over 10 episodes: 8674.725
---------------------------------------
Total T: 706000 Episode Num: 706 Episode T: 1000 Reward: 8863.184
Total T: 707000 Episode Num: 707 Episode T: 1000 Reward: 9085.991
Total T: 708000 Episode Num: 708 Episode T: 1000 Reward: 8466.214
Total T: 709000 Episode Num: 709 Episode T: 1000 Reward: 8990.771
Total T: 710000 Episode Num: 710 Episode T: 1000 Reward: 8784.996
---------------------------------------
Evaluation over 10 episodes: 8726.522
---------------------------------------
Total T: 711000 Episode Num: 711 Episode T: 1000 Reward: 8550.546
Total T: 712000 Episode Num: 712 Episode T: 1000 Reward: 8459.414
Total T: 713000 Episode Num: 713 Episode T: 1000 Reward: 8511.801
Total T: 714000 Episode Num: 714 Episode T: 1000 Reward: 8706.121
Total T: 715000 Episode Num: 715 Episode T: 1000 Reward: 8378.315
---------------------------------------
Evaluation over 10 episodes: 8780.118
---------------------------------------
Total T: 716000 Episode Num: 716 Episode T: 1000 Reward: 8696.074
Total T: 717000 Episode Num: 717 Episode T: 1000 Reward: 8378.509
Total T: 718000 Episode Num: 718 Episode T: 1000 Reward: 8755.351
Total T: 719000 Episode Num: 719 Episode T: 1000 Reward: 8889.449
Total T: 720000 Episode Num: 720 Episode T: 1000 Reward: 8432.126
---------------------------------------
Evaluation over 10 episodes: 8748.829
---------------------------------------
Total T: 721000 Episode Num: 721 Episode T: 1000 Reward: 8523.597
Total T: 722000 Episode Num: 722 Episode T: 1000 Reward: 8894.762
Total T: 723000 Episode Num: 723 Episode T: 1000 Reward: 8469.141
Total T: 724000 Episode Num: 724 Episode T: 1000 Reward: 8781.271
Total T: 725000 Episode Num: 725 Episode T: 1000 Reward: 8486.848
---------------------------------------
Evaluation over 10 episodes: 8666.821
---------------------------------------
Total T: 726000 Episode Num: 726 Episode T: 1000 Reward: 8868.614
Total T: 727000 Episode Num: 727 Episode T: 1000 Reward: 8785.353
Total T: 728000 Episode Num: 728 Episode T: 1000 Reward: 8911.158
Total T: 729000 Episode Num: 729 Episode T: 1000 Reward: 8761.887
Total T: 730000 Episode Num: 730 Episode T: 1000 Reward: 8736.479
---------------------------------------
Evaluation over 10 episodes: 8620.765
---------------------------------------
Total T: 731000 Episode Num: 731 Episode T: 1000 Reward: 8940.358
Total T: 732000 Episode Num: 732 Episode T: 1000 Reward: 8534.866
Total T: 733000 Episode Num: 733 Episode T: 1000 Reward: 8716.661
Total T: 734000 Episode Num: 734 Episode T: 1000 Reward: 8895.048
Total T: 735000 Episode Num: 735 Episode T: 1000 Reward: 8990.674
---------------------------------------
Evaluation over 10 episodes: 8826.083
---------------------------------------
Total T: 736000 Episode Num: 736 Episode T: 1000 Reward: 8723.413
Total T: 737000 Episode Num: 737 Episode T: 1000 Reward: 8752.731
Total T: 738000 Episode Num: 738 Episode T: 1000 Reward: 8601.789
Total T: 739000 Episode Num: 739 Episode T: 1000 Reward: 8778.606
Total T: 740000 Episode Num: 740 Episode T: 1000 Reward: 8824.795
---------------------------------------
Evaluation over 10 episodes: 8554.206
---------------------------------------
Total T: 741000 Episode Num: 741 Episode T: 1000 Reward: 8815.174
Total T: 742000 Episode Num: 742 Episode T: 1000 Reward: 8686.129
Total T: 743000 Episode Num: 743 Episode T: 1000 Reward: 8849.451
Total T: 744000 Episode Num: 744 Episode T: 1000 Reward: 8569.386
Total T: 745000 Episode Num: 745 Episode T: 1000 Reward: 9072.803
---------------------------------------
Evaluation over 10 episodes: 8728.242
---------------------------------------
Total T: 746000 Episode Num: 746 Episode T: 1000 Reward: 8722.684
Total T: 747000 Episode Num: 747 Episode T: 1000 Reward: 8646.334
Total T: 748000 Episode Num: 748 Episode T: 1000 Reward: 8920.197
Total T: 749000 Episode Num: 749 Episode T: 1000 Reward: 8664.426
Total T: 750000 Episode Num: 750 Episode T: 1000 Reward: 8887.154
---------------------------------------
Evaluation over 10 episodes: 8870.199
---------------------------------------
Total T: 751000 Episode Num: 751 Episode T: 1000 Reward: 8827.537
Total T: 752000 Episode Num: 752 Episode T: 1000 Reward: 8829.552
Total T: 753000 Episode Num: 753 Episode T: 1000 Reward: 9125.052
Total T: 754000 Episode Num: 754 Episode T: 1000 Reward: 8823.992
Total T: 755000 Episode Num: 755 Episode T: 1000 Reward: 8925.689
---------------------------------------
Evaluation over 10 episodes: 8886.157
---------------------------------------
Total T: 756000 Episode Num: 756 Episode T: 1000 Reward: 8976.009
Total T: 757000 Episode Num: 757 Episode T: 1000 Reward: 8870.668
Total T: 758000 Episode Num: 758 Episode T: 1000 Reward: 8946.074
Total T: 759000 Episode Num: 759 Episode T: 1000 Reward: 8821.469
Total T: 760000 Episode Num: 760 Episode T: 1000 Reward: 6005.616
---------------------------------------
Evaluation over 10 episodes: 8845.387
---------------------------------------
Total T: 761000 Episode Num: 761 Episode T: 1000 Reward: 8565.568
Total T: 762000 Episode Num: 762 Episode T: 1000 Reward: 9062.471
Total T: 763000 Episode Num: 763 Episode T: 1000 Reward: 9086.673
Total T: 764000 Episode Num: 764 Episode T: 1000 Reward: 8777.948
Total T: 765000 Episode Num: 765 Episode T: 1000 Reward: 8681.071
---------------------------------------
Evaluation over 10 episodes: 8828.390
---------------------------------------
Total T: 766000 Episode Num: 766 Episode T: 1000 Reward: 9098.773
Total T: 767000 Episode Num: 767 Episode T: 1000 Reward: 8722.867
Total T: 768000 Episode Num: 768 Episode T: 1000 Reward: 9148.818
Total T: 769000 Episode Num: 769 Episode T: 1000 Reward: 8709.062
Total T: 770000 Episode Num: 770 Episode T: 1000 Reward: 8898.468
---------------------------------------
Evaluation over 10 episodes: 8837.557
---------------------------------------
Total T: 771000 Episode Num: 771 Episode T: 1000 Reward: 8865.337
Total T: 772000 Episode Num: 772 Episode T: 1000 Reward: 8779.409
Total T: 773000 Episode Num: 773 Episode T: 1000 Reward: 9015.548
Total T: 774000 Episode Num: 774 Episode T: 1000 Reward: 8972.997
Total T: 775000 Episode Num: 775 Episode T: 1000 Reward: 8957.738
---------------------------------------
Evaluation over 10 episodes: 8705.748
---------------------------------------
Total T: 776000 Episode Num: 776 Episode T: 1000 Reward: 8886.757
Total T: 777000 Episode Num: 777 Episode T: 1000 Reward: 8746.345
Total T: 778000 Episode Num: 778 Episode T: 1000 Reward: 8607.082
Total T: 779000 Episode Num: 779 Episode T: 1000 Reward: 8628.653
Total T: 780000 Episode Num: 780 Episode T: 1000 Reward: 9072.119
---------------------------------------
Evaluation over 10 episodes: 8836.354
---------------------------------------
Total T: 781000 Episode Num: 781 Episode T: 1000 Reward: 8955.207
Total T: 782000 Episode Num: 782 Episode T: 1000 Reward: 8892.303
Total T: 783000 Episode Num: 783 Episode T: 1000 Reward: 8888.845
Total T: 784000 Episode Num: 784 Episode T: 1000 Reward: 8579.776
Total T: 785000 Episode Num: 785 Episode T: 1000 Reward: 8934.332
---------------------------------------
Evaluation over 10 episodes: 9005.305
---------------------------------------
Total T: 786000 Episode Num: 786 Episode T: 1000 Reward: 9022.607
Total T: 787000 Episode Num: 787 Episode T: 1000 Reward: 9073.259
Total T: 788000 Episode Num: 788 Episode T: 1000 Reward: 8960.198
Total T: 789000 Episode Num: 789 Episode T: 1000 Reward: 8688.051
Total T: 790000 Episode Num: 790 Episode T: 1000 Reward: 9093.420
---------------------------------------
Evaluation over 10 episodes: 8885.854
---------------------------------------
Total T: 791000 Episode Num: 791 Episode T: 1000 Reward: 9043.508
Total T: 792000 Episode Num: 792 Episode T: 1000 Reward: 9150.245
Total T: 793000 Episode Num: 793 Episode T: 1000 Reward: 8698.101
Total T: 794000 Episode Num: 794 Episode T: 1000 Reward: 8882.173
Total T: 795000 Episode Num: 795 Episode T: 1000 Reward: 8636.780
---------------------------------------
Evaluation over 10 episodes: 8725.681
---------------------------------------
Total T: 796000 Episode Num: 796 Episode T: 1000 Reward: 8951.545
Total T: 797000 Episode Num: 797 Episode T: 1000 Reward: 8707.675
Total T: 798000 Episode Num: 798 Episode T: 1000 Reward: 9140.392
Total T: 799000 Episode Num: 799 Episode T: 1000 Reward: 8908.749
Total T: 800000 Episode Num: 800 Episode T: 1000 Reward: 8857.603
---------------------------------------
Evaluation over 10 episodes: 8859.697
---------------------------------------
Total T: 801000 Episode Num: 801 Episode T: 1000 Reward: 8810.635
Total T: 802000 Episode Num: 802 Episode T: 1000 Reward: 9275.188
Total T: 803000 Episode Num: 803 Episode T: 1000 Reward: 8807.580
Total T: 804000 Episode Num: 804 Episode T: 1000 Reward: 8953.062
Total T: 805000 Episode Num: 805 Episode T: 1000 Reward: 8710.259
---------------------------------------
Evaluation over 10 episodes: 8897.549
---------------------------------------
Total T: 806000 Episode Num: 806 Episode T: 1000 Reward: 8965.970
Total T: 807000 Episode Num: 807 Episode T: 1000 Reward: 9183.299
Total T: 808000 Episode Num: 808 Episode T: 1000 Reward: 8931.612
Total T: 809000 Episode Num: 809 Episode T: 1000 Reward: 8810.676
Total T: 810000 Episode Num: 810 Episode T: 1000 Reward: 8879.484
---------------------------------------
Evaluation over 10 episodes: 8894.872
---------------------------------------
Total T: 811000 Episode Num: 811 Episode T: 1000 Reward: 9068.990
Total T: 812000 Episode Num: 812 Episode T: 1000 Reward: 8912.952
Total T: 813000 Episode Num: 813 Episode T: 1000 Reward: 9058.456
Total T: 814000 Episode Num: 814 Episode T: 1000 Reward: 8998.885
Total T: 815000 Episode Num: 815 Episode T: 1000 Reward: 9004.719
---------------------------------------
Evaluation over 10 episodes: 9079.717
---------------------------------------
Total T: 816000 Episode Num: 816 Episode T: 1000 Reward: 9135.422
Total T: 817000 Episode Num: 817 Episode T: 1000 Reward: 8848.600
Total T: 818000 Episode Num: 818 Episode T: 1000 Reward: 8973.667
Total T: 819000 Episode Num: 819 Episode T: 1000 Reward: 8631.791
Total T: 820000 Episode Num: 820 Episode T: 1000 Reward: 9109.665
---------------------------------------
Evaluation over 10 episodes: 9156.947
---------------------------------------
Total T: 821000 Episode Num: 821 Episode T: 1000 Reward: 8899.501
Total T: 822000 Episode Num: 822 Episode T: 1000 Reward: 9098.547
Total T: 823000 Episode Num: 823 Episode T: 1000 Reward: 8719.204
Total T: 824000 Episode Num: 824 Episode T: 1000 Reward: 8780.805
Total T: 825000 Episode Num: 825 Episode T: 1000 Reward: 8860.761
---------------------------------------
Evaluation over 10 episodes: 8935.901
---------------------------------------
Total T: 826000 Episode Num: 826 Episode T: 1000 Reward: 9001.653
Total T: 827000 Episode Num: 827 Episode T: 1000 Reward: 9313.648
Total T: 828000 Episode Num: 828 Episode T: 1000 Reward: 8705.072
Total T: 829000 Episode Num: 829 Episode T: 1000 Reward: 9170.836
Total T: 830000 Episode Num: 830 Episode T: 1000 Reward: 8934.684
---------------------------------------
Evaluation over 10 episodes: 8914.717
---------------------------------------
Total T: 831000 Episode Num: 831 Episode T: 1000 Reward: 9037.655
Total T: 832000 Episode Num: 832 Episode T: 1000 Reward: 8917.706
Total T: 833000 Episode Num: 833 Episode T: 1000 Reward: 9132.548
Total T: 834000 Episode Num: 834 Episode T: 1000 Reward: 9184.913
Total T: 835000 Episode Num: 835 Episode T: 1000 Reward: 9123.388
---------------------------------------
Evaluation over 10 episodes: 9191.266
---------------------------------------
Total T: 836000 Episode Num: 836 Episode T: 1000 Reward: 9036.265
Total T: 837000 Episode Num: 837 Episode T: 1000 Reward: 9229.933
Total T: 838000 Episode Num: 838 Episode T: 1000 Reward: 8857.990
Total T: 839000 Episode Num: 839 Episode T: 1000 Reward: 8659.630
Total T: 840000 Episode Num: 840 Episode T: 1000 Reward: 9110.927
---------------------------------------
Evaluation over 10 episodes: 9017.715
---------------------------------------
Total T: 841000 Episode Num: 841 Episode T: 1000 Reward: 9004.735
Total T: 842000 Episode Num: 842 Episode T: 1000 Reward: 9021.815
Total T: 843000 Episode Num: 843 Episode T: 1000 Reward: 9030.650
Total T: 844000 Episode Num: 844 Episode T: 1000 Reward: 8979.189
Total T: 845000 Episode Num: 845 Episode T: 1000 Reward: 9485.750
---------------------------------------
Evaluation over 10 episodes: 8972.079
---------------------------------------
Total T: 846000 Episode Num: 846 Episode T: 1000 Reward: 9248.883
Total T: 847000 Episode Num: 847 Episode T: 1000 Reward: 9101.836
Total T: 848000 Episode Num: 848 Episode T: 1000 Reward: 9017.206
Total T: 849000 Episode Num: 849 Episode T: 1000 Reward: 9077.237
Total T: 850000 Episode Num: 850 Episode T: 1000 Reward: 9190.819
---------------------------------------
Evaluation over 10 episodes: 9147.146
---------------------------------------
Total T: 851000 Episode Num: 851 Episode T: 1000 Reward: 9160.802
Total T: 852000 Episode Num: 852 Episode T: 1000 Reward: 9129.455
Total T: 853000 Episode Num: 853 Episode T: 1000 Reward: 9057.522
Total T: 854000 Episode Num: 854 Episode T: 1000 Reward: 9073.927
Total T: 855000 Episode Num: 855 Episode T: 1000 Reward: 9109.690
---------------------------------------
Evaluation over 10 episodes: 9106.703
---------------------------------------
Total T: 856000 Episode Num: 856 Episode T: 1000 Reward: 9026.305
Total T: 857000 Episode Num: 857 Episode T: 1000 Reward: 9054.511
Total T: 858000 Episode Num: 858 Episode T: 1000 Reward: 9054.671
Total T: 859000 Episode Num: 859 Episode T: 1000 Reward: 9028.309
Total T: 860000 Episode Num: 860 Episode T: 1000 Reward: 8913.597
---------------------------------------
Evaluation over 10 episodes: 9058.915
---------------------------------------
Total T: 861000 Episode Num: 861 Episode T: 1000 Reward: 8979.593
Total T: 862000 Episode Num: 862 Episode T: 1000 Reward: 8884.882
Total T: 863000 Episode Num: 863 Episode T: 1000 Reward: 9134.816
Total T: 864000 Episode Num: 864 Episode T: 1000 Reward: 8955.812
Total T: 865000 Episode Num: 865 Episode T: 1000 Reward: 9295.050
---------------------------------------
Evaluation over 10 episodes: 8989.130
---------------------------------------
Total T: 866000 Episode Num: 866 Episode T: 1000 Reward: 9241.688
Total T: 867000 Episode Num: 867 Episode T: 1000 Reward: 9077.056
Total T: 868000 Episode Num: 868 Episode T: 1000 Reward: 9347.438
Total T: 869000 Episode Num: 869 Episode T: 1000 Reward: 9091.022
Total T: 870000 Episode Num: 870 Episode T: 1000 Reward: 9134.368
---------------------------------------
Evaluation over 10 episodes: 9152.488
---------------------------------------
Total T: 871000 Episode Num: 871 Episode T: 1000 Reward: 9204.753
Total T: 872000 Episode Num: 872 Episode T: 1000 Reward: 9233.518
Total T: 873000 Episode Num: 873 Episode T: 1000 Reward: 9363.347
Total T: 874000 Episode Num: 874 Episode T: 1000 Reward: 9307.927
Total T: 875000 Episode Num: 875 Episode T: 1000 Reward: 9377.798
---------------------------------------
Evaluation over 10 episodes: 9101.566
---------------------------------------
Total T: 876000 Episode Num: 876 Episode T: 1000 Reward: 9181.716
Total T: 877000 Episode Num: 877 Episode T: 1000 Reward: 8880.188
Total T: 878000 Episode Num: 878 Episode T: 1000 Reward: 9270.002
Total T: 879000 Episode Num: 879 Episode T: 1000 Reward: 9036.849
Total T: 880000 Episode Num: 880 Episode T: 1000 Reward: 9404.999
---------------------------------------
Evaluation over 10 episodes: 9127.234
---------------------------------------
Total T: 881000 Episode Num: 881 Episode T: 1000 Reward: 9144.924
Total T: 882000 Episode Num: 882 Episode T: 1000 Reward: 9305.912
Total T: 883000 Episode Num: 883 Episode T: 1000 Reward: 9160.409
Total T: 884000 Episode Num: 884 Episode T: 1000 Reward: 9272.189
Total T: 885000 Episode Num: 885 Episode T: 1000 Reward: 8959.041
---------------------------------------
Evaluation over 10 episodes: 9190.947
---------------------------------------
Total T: 886000 Episode Num: 886 Episode T: 1000 Reward: 9047.693
Total T: 887000 Episode Num: 887 Episode T: 1000 Reward: 8925.226
Total T: 888000 Episode Num: 888 Episode T: 1000 Reward: 9103.098
Total T: 889000 Episode Num: 889 Episode T: 1000 Reward: 9195.500
Total T: 890000 Episode Num: 890 Episode T: 1000 Reward: 9259.019
---------------------------------------
Evaluation over 10 episodes: 9269.423
---------------------------------------
Total T: 891000 Episode Num: 891 Episode T: 1000 Reward: 9361.139
Total T: 892000 Episode Num: 892 Episode T: 1000 Reward: 9127.150
Total T: 893000 Episode Num: 893 Episode T: 1000 Reward: 9281.750
Total T: 894000 Episode Num: 894 Episode T: 1000 Reward: 9208.526
Total T: 895000 Episode Num: 895 Episode T: 1000 Reward: 9394.383
---------------------------------------
Evaluation over 10 episodes: 9123.420
---------------------------------------
Total T: 896000 Episode Num: 896 Episode T: 1000 Reward: 9348.009
Total T: 897000 Episode Num: 897 Episode T: 1000 Reward: 9388.163
Total T: 898000 Episode Num: 898 Episode T: 1000 Reward: 9244.127
Total T: 899000 Episode Num: 899 Episode T: 1000 Reward: 9392.310
Total T: 900000 Episode Num: 900 Episode T: 1000 Reward: 8959.615
---------------------------------------
Evaluation over 10 episodes: 9346.767
---------------------------------------
Total T: 901000 Episode Num: 901 Episode T: 1000 Reward: 9278.637
Total T: 902000 Episode Num: 902 Episode T: 1000 Reward: 9263.537
Total T: 903000 Episode Num: 903 Episode T: 1000 Reward: 9416.997
Total T: 904000 Episode Num: 904 Episode T: 1000 Reward: 9112.488
Total T: 905000 Episode Num: 905 Episode T: 1000 Reward: 8795.069
---------------------------------------
Evaluation over 10 episodes: 9404.816
---------------------------------------
Total T: 906000 Episode Num: 906 Episode T: 1000 Reward: 9180.353
Total T: 907000 Episode Num: 907 Episode T: 1000 Reward: 9235.122
Total T: 908000 Episode Num: 908 Episode T: 1000 Reward: 9409.010
Total T: 909000 Episode Num: 909 Episode T: 1000 Reward: 9208.049
Total T: 910000 Episode Num: 910 Episode T: 1000 Reward: 9119.696
---------------------------------------
Evaluation over 10 episodes: 9285.585
---------------------------------------
Total T: 911000 Episode Num: 911 Episode T: 1000 Reward: 8971.498
Total T: 912000 Episode Num: 912 Episode T: 1000 Reward: 9395.991
Total T: 913000 Episode Num: 913 Episode T: 1000 Reward: 9133.106
Total T: 914000 Episode Num: 914 Episode T: 1000 Reward: 9089.357
Total T: 915000 Episode Num: 915 Episode T: 1000 Reward: 9228.597
---------------------------------------
Evaluation over 10 episodes: 9278.950
---------------------------------------
Total T: 916000 Episode Num: 916 Episode T: 1000 Reward: 9278.810
Total T: 917000 Episode Num: 917 Episode T: 1000 Reward: 9075.912
Total T: 918000 Episode Num: 918 Episode T: 1000 Reward: 9313.549
Total T: 919000 Episode Num: 919 Episode T: 1000 Reward: 9102.280
Total T: 920000 Episode Num: 920 Episode T: 1000 Reward: 9462.624
---------------------------------------
Evaluation over 10 episodes: 9265.804
---------------------------------------
Total T: 921000 Episode Num: 921 Episode T: 1000 Reward: 9203.293
Total T: 922000 Episode Num: 922 Episode T: 1000 Reward: 9427.476
Total T: 923000 Episode Num: 923 Episode T: 1000 Reward: 9264.863
Total T: 924000 Episode Num: 924 Episode T: 1000 Reward: 9036.275
Total T: 925000 Episode Num: 925 Episode T: 1000 Reward: 9447.086
---------------------------------------
Evaluation over 10 episodes: 9298.313
---------------------------------------
Total T: 926000 Episode Num: 926 Episode T: 1000 Reward: 9472.266
Total T: 927000 Episode Num: 927 Episode T: 1000 Reward: 9131.901
Total T: 928000 Episode Num: 928 Episode T: 1000 Reward: 9472.722
Total T: 929000 Episode Num: 929 Episode T: 1000 Reward: 9458.992
Total T: 930000 Episode Num: 930 Episode T: 1000 Reward: 9482.817
---------------------------------------
Evaluation over 10 episodes: 9371.197
---------------------------------------
Total T: 931000 Episode Num: 931 Episode T: 1000 Reward: 9645.166
Total T: 932000 Episode Num: 932 Episode T: 1000 Reward: 9599.289
Total T: 933000 Episode Num: 933 Episode T: 1000 Reward: 9527.892
Total T: 934000 Episode Num: 934 Episode T: 1000 Reward: 9588.663
Total T: 935000 Episode Num: 935 Episode T: 1000 Reward: 9229.929
---------------------------------------
Evaluation over 10 episodes: 9375.224
---------------------------------------
Total T: 936000 Episode Num: 936 Episode T: 1000 Reward: 9366.893
Total T: 937000 Episode Num: 937 Episode T: 1000 Reward: 9493.032
Total T: 938000 Episode Num: 938 Episode T: 1000 Reward: 9592.610
Total T: 939000 Episode Num: 939 Episode T: 1000 Reward: 9414.222
Total T: 940000 Episode Num: 940 Episode T: 1000 Reward: 9277.549
---------------------------------------
Evaluation over 10 episodes: 9395.851
---------------------------------------
Total T: 941000 Episode Num: 941 Episode T: 1000 Reward: 9131.659
Total T: 942000 Episode Num: 942 Episode T: 1000 Reward: 9594.475
Total T: 943000 Episode Num: 943 Episode T: 1000 Reward: 9303.420
Total T: 944000 Episode Num: 944 Episode T: 1000 Reward: 9325.913
Total T: 945000 Episode Num: 945 Episode T: 1000 Reward: 9262.773
---------------------------------------
Evaluation over 10 episodes: 9448.369
---------------------------------------
Total T: 946000 Episode Num: 946 Episode T: 1000 Reward: 9237.566
Total T: 947000 Episode Num: 947 Episode T: 1000 Reward: 9390.325
Total T: 948000 Episode Num: 948 Episode T: 1000 Reward: 9379.544
Total T: 949000 Episode Num: 949 Episode T: 1000 Reward: 9416.656
Total T: 950000 Episode Num: 950 Episode T: 1000 Reward: 9195.233
---------------------------------------
Evaluation over 10 episodes: 9513.649
---------------------------------------
Total T: 951000 Episode Num: 951 Episode T: 1000 Reward: 9317.168
Total T: 952000 Episode Num: 952 Episode T: 1000 Reward: 9495.791
Total T: 953000 Episode Num: 953 Episode T: 1000 Reward: 9702.793
Total T: 954000 Episode Num: 954 Episode T: 1000 Reward: 9401.775
Total T: 955000 Episode Num: 955 Episode T: 1000 Reward: 9171.559
---------------------------------------
Evaluation over 10 episodes: 9414.344
---------------------------------------
Total T: 956000 Episode Num: 956 Episode T: 1000 Reward: 9151.794
Total T: 957000 Episode Num: 957 Episode T: 1000 Reward: 9623.913
Total T: 958000 Episode Num: 958 Episode T: 1000 Reward: 9464.299
Total T: 959000 Episode Num: 959 Episode T: 1000 Reward: 9341.786
Total T: 960000 Episode Num: 960 Episode T: 1000 Reward: 9494.334
---------------------------------------
Evaluation over 10 episodes: 9430.082
---------------------------------------
Total T: 961000 Episode Num: 961 Episode T: 1000 Reward: 9640.557
Total T: 962000 Episode Num: 962 Episode T: 1000 Reward: 9086.648
Total T: 963000 Episode Num: 963 Episode T: 1000 Reward: 9220.460
Total T: 964000 Episode Num: 964 Episode T: 1000 Reward: 9523.103
Total T: 965000 Episode Num: 965 Episode T: 1000 Reward: 9211.070
---------------------------------------
Evaluation over 10 episodes: 9592.663
---------------------------------------
Total T: 966000 Episode Num: 966 Episode T: 1000 Reward: 9393.021
Total T: 967000 Episode Num: 967 Episode T: 1000 Reward: 9414.684
Total T: 968000 Episode Num: 968 Episode T: 1000 Reward: 9551.021
Total T: 969000 Episode Num: 969 Episode T: 1000 Reward: 9574.249
Total T: 970000 Episode Num: 970 Episode T: 1000 Reward: 9320.204
---------------------------------------
Evaluation over 10 episodes: 9530.664
---------------------------------------
Total T: 971000 Episode Num: 971 Episode T: 1000 Reward: 9246.376
Total T: 972000 Episode Num: 972 Episode T: 1000 Reward: 9172.221
Total T: 973000 Episode Num: 973 Episode T: 1000 Reward: 9481.450
Total T: 974000 Episode Num: 974 Episode T: 1000 Reward: 9582.133
Total T: 975000 Episode Num: 975 Episode T: 1000 Reward: 9516.527
---------------------------------------
Evaluation over 10 episodes: 9425.882
---------------------------------------
Total T: 976000 Episode Num: 976 Episode T: 1000 Reward: 9430.019
Total T: 977000 Episode Num: 977 Episode T: 1000 Reward: 9565.409
Total T: 978000 Episode Num: 978 Episode T: 1000 Reward: 9623.592
Total T: 979000 Episode Num: 979 Episode T: 1000 Reward: 9588.349
Total T: 980000 Episode Num: 980 Episode T: 1000 Reward: 9720.281
---------------------------------------
Evaluation over 10 episodes: 9402.745
---------------------------------------
Total T: 981000 Episode Num: 981 Episode T: 1000 Reward: 9480.893
Total T: 982000 Episode Num: 982 Episode T: 1000 Reward: 9315.154
Total T: 983000 Episode Num: 983 Episode T: 1000 Reward: 9369.782
Total T: 984000 Episode Num: 984 Episode T: 1000 Reward: 9496.077
Total T: 985000 Episode Num: 985 Episode T: 1000 Reward: 9395.425
---------------------------------------
Evaluation over 10 episodes: 9452.847
---------------------------------------
Total T: 986000 Episode Num: 986 Episode T: 1000 Reward: 9244.842
Total T: 987000 Episode Num: 987 Episode T: 1000 Reward: 9196.725
Total T: 988000 Episode Num: 988 Episode T: 1000 Reward: 9412.933
Total T: 989000 Episode Num: 989 Episode T: 1000 Reward: 9433.404
Total T: 990000 Episode Num: 990 Episode T: 1000 Reward: 9209.601
---------------------------------------
Evaluation over 10 episodes: 9418.236
---------------------------------------
Total T: 991000 Episode Num: 991 Episode T: 1000 Reward: 9488.615
Total T: 992000 Episode Num: 992 Episode T: 1000 Reward: 9605.375
Total T: 993000 Episode Num: 993 Episode T: 1000 Reward: 9533.429
Total T: 994000 Episode Num: 994 Episode T: 1000 Reward: 9413.201
Total T: 995000 Episode Num: 995 Episode T: 1000 Reward: 9351.734
---------------------------------------
Evaluation over 10 episodes: 9470.100
---------------------------------------
Total T: 996000 Episode Num: 996 Episode T: 1000 Reward: 9279.045
Total T: 997000 Episode Num: 997 Episode T: 1000 Reward: 8394.046
Total T: 998000 Episode Num: 998 Episode T: 1000 Reward: 9633.885
Total T: 999000 Episode Num: 999 Episode T: 1000 Reward: 9660.722
Total T: 1000000 Episode Num: 1000 Episode T: 1000 Reward: 9496.862
---------------------------------------
Evaluation over 10 episodes: 9522.580
---------------------------------------
