---------------------------------------
Policy: TD3, Env: HalfCheetah-v2, Seed: 0
---------------------------------------
---------------------------------------
Evaluation over 10 episodes: -48.691
---------------------------------------
Total T: 1000 Episode Num: 1 Episode T: 1000 Reward: -254.766
Total T: 2000 Episode Num: 2 Episode T: 1000 Reward: -217.092
Total T: 3000 Episode Num: 3 Episode T: 1000 Reward: -505.465
Total T: 4000 Episode Num: 4 Episode T: 1000 Reward: -249.806
Total T: 5000 Episode Num: 5 Episode T: 1000 Reward: -346.063
---------------------------------------
Evaluation over 10 episodes: -41.196
---------------------------------------
Total T: 6000 Episode Num: 6 Episode T: 1000 Reward: -269.670
Total T: 7000 Episode Num: 7 Episode T: 1000 Reward: -454.606
Total T: 8000 Episode Num: 8 Episode T: 1000 Reward: -210.138
Total T: 9000 Episode Num: 9 Episode T: 1000 Reward: -153.839
Total T: 10000 Episode Num: 10 Episode T: 1000 Reward: -458.469
---------------------------------------
Evaluation over 10 episodes: -47.553
---------------------------------------
Total T: 11000 Episode Num: 11 Episode T: 1000 Reward: -180.059
Total T: 12000 Episode Num: 12 Episode T: 1000 Reward: -240.756
Total T: 13000 Episode Num: 13 Episode T: 1000 Reward: -345.031
Total T: 14000 Episode Num: 14 Episode T: 1000 Reward: -155.453
Total T: 15000 Episode Num: 15 Episode T: 1000 Reward: -198.265
---------------------------------------
Evaluation over 10 episodes: -43.308
---------------------------------------
Total T: 16000 Episode Num: 16 Episode T: 1000 Reward: -235.436
Total T: 17000 Episode Num: 17 Episode T: 1000 Reward: -177.796
Total T: 18000 Episode Num: 18 Episode T: 1000 Reward: -295.808
Total T: 19000 Episode Num: 19 Episode T: 1000 Reward: -315.968
Total T: 20000 Episode Num: 20 Episode T: 1000 Reward: -408.264
---------------------------------------
Evaluation over 10 episodes: -46.828
---------------------------------------
Total T: 21000 Episode Num: 21 Episode T: 1000 Reward: -300.599
Total T: 22000 Episode Num: 22 Episode T: 1000 Reward: -310.781
Total T: 23000 Episode Num: 23 Episode T: 1000 Reward: -197.972
Total T: 24000 Episode Num: 24 Episode T: 1000 Reward: -214.192
Total T: 25000 Episode Num: 25 Episode T: 1000 Reward: -289.794
---------------------------------------
Evaluation over 10 episodes: -50.385
---------------------------------------
Total T: 26000 Episode Num: 26 Episode T: 1000 Reward: -499.125
Total T: 27000 Episode Num: 27 Episode T: 1000 Reward: -448.907
Total T: 28000 Episode Num: 28 Episode T: 1000 Reward: -483.653
Total T: 29000 Episode Num: 29 Episode T: 1000 Reward: -547.022
Total T: 30000 Episode Num: 30 Episode T: 1000 Reward: -498.807
---------------------------------------
Evaluation over 10 episodes: -469.132
---------------------------------------
Total T: 31000 Episode Num: 31 Episode T: 1000 Reward: -550.241
Total T: 32000 Episode Num: 32 Episode T: 1000 Reward: -516.211
Total T: 33000 Episode Num: 33 Episode T: 1000 Reward: -511.927
Total T: 34000 Episode Num: 34 Episode T: 1000 Reward: -512.160
Total T: 35000 Episode Num: 35 Episode T: 1000 Reward: -477.019
---------------------------------------
Evaluation over 10 episodes: -373.191
---------------------------------------
Total T: 36000 Episode Num: 36 Episode T: 1000 Reward: 301.882
Total T: 37000 Episode Num: 37 Episode T: 1000 Reward: 677.364
Total T: 38000 Episode Num: 38 Episode T: 1000 Reward: 65.557
Total T: 39000 Episode Num: 39 Episode T: 1000 Reward: 1024.711
Total T: 40000 Episode Num: 40 Episode T: 1000 Reward: 956.467
---------------------------------------
Evaluation over 10 episodes: 762.855
---------------------------------------
Total T: 41000 Episode Num: 41 Episode T: 1000 Reward: -24.609
Total T: 42000 Episode Num: 42 Episode T: 1000 Reward: 1216.586
Total T: 43000 Episode Num: 43 Episode T: 1000 Reward: 1192.787
Total T: 44000 Episode Num: 44 Episode T: 1000 Reward: 1492.061
Total T: 45000 Episode Num: 45 Episode T: 1000 Reward: 1339.806
---------------------------------------
Evaluation over 10 episodes: 1406.427
---------------------------------------
Total T: 46000 Episode Num: 46 Episode T: 1000 Reward: 1472.496
Total T: 47000 Episode Num: 47 Episode T: 1000 Reward: 1500.917
Total T: 48000 Episode Num: 48 Episode T: 1000 Reward: 1888.362
Total T: 49000 Episode Num: 49 Episode T: 1000 Reward: 9.576
Total T: 50000 Episode Num: 50 Episode T: 1000 Reward: 1617.809
---------------------------------------
Evaluation over 10 episodes: 1719.648
---------------------------------------
Total T: 51000 Episode Num: 51 Episode T: 1000 Reward: 2161.606
Total T: 52000 Episode Num: 52 Episode T: 1000 Reward: 878.822
Total T: 53000 Episode Num: 53 Episode T: 1000 Reward: 2274.335
Total T: 54000 Episode Num: 54 Episode T: 1000 Reward: -10.506
Total T: 55000 Episode Num: 55 Episode T: 1000 Reward: 2430.066
---------------------------------------
Evaluation over 10 episodes: 2037.541
---------------------------------------
Total T: 56000 Episode Num: 56 Episode T: 1000 Reward: 2309.473
Total T: 57000 Episode Num: 57 Episode T: 1000 Reward: 2461.163
Total T: 58000 Episode Num: 58 Episode T: 1000 Reward: 2531.502
Total T: 59000 Episode Num: 59 Episode T: 1000 Reward: 2494.410
Total T: 60000 Episode Num: 60 Episode T: 1000 Reward: 2322.741
---------------------------------------
Evaluation over 10 episodes: 2521.179
---------------------------------------
Total T: 61000 Episode Num: 61 Episode T: 1000 Reward: 2595.237
Total T: 62000 Episode Num: 62 Episode T: 1000 Reward: 2847.858
Total T: 63000 Episode Num: 63 Episode T: 1000 Reward: 3024.725
Total T: 64000 Episode Num: 64 Episode T: 1000 Reward: 2601.681
Total T: 65000 Episode Num: 65 Episode T: 1000 Reward: 2854.184
---------------------------------------
Evaluation over 10 episodes: 2743.209
---------------------------------------
Total T: 66000 Episode Num: 66 Episode T: 1000 Reward: 3186.460
Total T: 67000 Episode Num: 67 Episode T: 1000 Reward: 2994.432
Total T: 68000 Episode Num: 68 Episode T: 1000 Reward: 2889.391
Total T: 69000 Episode Num: 69 Episode T: 1000 Reward: 2864.588
Total T: 70000 Episode Num: 70 Episode T: 1000 Reward: 3121.512
---------------------------------------
Evaluation over 10 episodes: 3157.845
---------------------------------------
Total T: 71000 Episode Num: 71 Episode T: 1000 Reward: 2648.502
Total T: 72000 Episode Num: 72 Episode T: 1000 Reward: 2808.391
Total T: 73000 Episode Num: 73 Episode T: 1000 Reward: 3395.178
Total T: 74000 Episode Num: 74 Episode T: 1000 Reward: 2411.738
Total T: 75000 Episode Num: 75 Episode T: 1000 Reward: 958.165
---------------------------------------
Evaluation over 10 episodes: 3476.929
---------------------------------------
Total T: 76000 Episode Num: 76 Episode T: 1000 Reward: 2183.304
Total T: 77000 Episode Num: 77 Episode T: 1000 Reward: 3353.448
Total T: 78000 Episode Num: 78 Episode T: 1000 Reward: 3525.783
Total T: 79000 Episode Num: 79 Episode T: 1000 Reward: 3629.159
Total T: 80000 Episode Num: 80 Episode T: 1000 Reward: 3448.088
---------------------------------------
Evaluation over 10 episodes: 3544.233
---------------------------------------
Total T: 81000 Episode Num: 81 Episode T: 1000 Reward: 3737.332
Total T: 82000 Episode Num: 82 Episode T: 1000 Reward: 3460.190
Total T: 83000 Episode Num: 83 Episode T: 1000 Reward: 3651.803
Total T: 84000 Episode Num: 84 Episode T: 1000 Reward: 3830.873
Total T: 85000 Episode Num: 85 Episode T: 1000 Reward: 3965.766
---------------------------------------
Evaluation over 10 episodes: 3855.925
---------------------------------------
Total T: 86000 Episode Num: 86 Episode T: 1000 Reward: 121.370
Total T: 87000 Episode Num: 87 Episode T: 1000 Reward: 3878.727
Total T: 88000 Episode Num: 88 Episode T: 1000 Reward: 3804.404
Total T: 89000 Episode Num: 89 Episode T: 1000 Reward: 3899.336
Total T: 90000 Episode Num: 90 Episode T: 1000 Reward: 3921.949
---------------------------------------
Evaluation over 10 episodes: 3536.915
---------------------------------------
Total T: 91000 Episode Num: 91 Episode T: 1000 Reward: 4062.185
Total T: 92000 Episode Num: 92 Episode T: 1000 Reward: 3733.809
Total T: 93000 Episode Num: 93 Episode T: 1000 Reward: 3886.551
Total T: 94000 Episode Num: 94 Episode T: 1000 Reward: 4156.646
Total T: 95000 Episode Num: 95 Episode T: 1000 Reward: 4107.172
---------------------------------------
Evaluation over 10 episodes: 4078.009
---------------------------------------
Total T: 96000 Episode Num: 96 Episode T: 1000 Reward: 4156.704
Total T: 97000 Episode Num: 97 Episode T: 1000 Reward: 4113.221
Total T: 98000 Episode Num: 98 Episode T: 1000 Reward: 4160.771
Total T: 99000 Episode Num: 99 Episode T: 1000 Reward: 4135.048
Total T: 100000 Episode Num: 100 Episode T: 1000 Reward: 4217.245
---------------------------------------
Evaluation over 10 episodes: 4068.124
---------------------------------------
Total T: 101000 Episode Num: 101 Episode T: 1000 Reward: 4023.584
Total T: 102000 Episode Num: 102 Episode T: 1000 Reward: 4259.708
Total T: 103000 Episode Num: 103 Episode T: 1000 Reward: 4270.616
Total T: 104000 Episode Num: 104 Episode T: 1000 Reward: 4195.251
Total T: 105000 Episode Num: 105 Episode T: 1000 Reward: 4505.046
---------------------------------------
Evaluation over 10 episodes: 4258.744
---------------------------------------
Total T: 106000 Episode Num: 106 Episode T: 1000 Reward: 4250.708
Total T: 107000 Episode Num: 107 Episode T: 1000 Reward: 4683.927
Total T: 108000 Episode Num: 108 Episode T: 1000 Reward: 4352.343
Total T: 109000 Episode Num: 109 Episode T: 1000 Reward: 4304.631
Total T: 110000 Episode Num: 110 Episode T: 1000 Reward: 4551.247
---------------------------------------
Evaluation over 10 episodes: 4651.065
---------------------------------------
Total T: 111000 Episode Num: 111 Episode T: 1000 Reward: 4421.807
Total T: 112000 Episode Num: 112 Episode T: 1000 Reward: 4418.219
Total T: 113000 Episode Num: 113 Episode T: 1000 Reward: 4379.546
Total T: 114000 Episode Num: 114 Episode T: 1000 Reward: 4567.134
Total T: 115000 Episode Num: 115 Episode T: 1000 Reward: 4732.424
---------------------------------------
Evaluation over 10 episodes: 4606.424
---------------------------------------
Total T: 116000 Episode Num: 116 Episode T: 1000 Reward: 4565.967
Total T: 117000 Episode Num: 117 Episode T: 1000 Reward: 4756.666
Total T: 118000 Episode Num: 118 Episode T: 1000 Reward: 4853.886
Total T: 119000 Episode Num: 119 Episode T: 1000 Reward: 4286.814
Total T: 120000 Episode Num: 120 Episode T: 1000 Reward: 5056.726
---------------------------------------
Evaluation over 10 episodes: 4646.351
---------------------------------------
Total T: 121000 Episode Num: 121 Episode T: 1000 Reward: 4487.690
Total T: 122000 Episode Num: 122 Episode T: 1000 Reward: 4417.839
Total T: 123000 Episode Num: 123 Episode T: 1000 Reward: 4895.444
Total T: 124000 Episode Num: 124 Episode T: 1000 Reward: 4618.215
Total T: 125000 Episode Num: 125 Episode T: 1000 Reward: 4680.957
---------------------------------------
Evaluation over 10 episodes: 4248.742
---------------------------------------
Total T: 126000 Episode Num: 126 Episode T: 1000 Reward: 5018.600
Total T: 127000 Episode Num: 127 Episode T: 1000 Reward: 4691.971
Total T: 128000 Episode Num: 128 Episode T: 1000 Reward: 5072.836
Total T: 129000 Episode Num: 129 Episode T: 1000 Reward: 4932.742
Total T: 130000 Episode Num: 130 Episode T: 1000 Reward: 4960.935
---------------------------------------
Evaluation over 10 episodes: 4784.954
---------------------------------------
Total T: 131000 Episode Num: 131 Episode T: 1000 Reward: 4940.572
Total T: 132000 Episode Num: 132 Episode T: 1000 Reward: 5217.744
Total T: 133000 Episode Num: 133 Episode T: 1000 Reward: 4887.252
Total T: 134000 Episode Num: 134 Episode T: 1000 Reward: 4974.925
Total T: 135000 Episode Num: 135 Episode T: 1000 Reward: 4995.441
---------------------------------------
Evaluation over 10 episodes: 4824.571
---------------------------------------
Total T: 136000 Episode Num: 136 Episode T: 1000 Reward: 4869.722
Total T: 137000 Episode Num: 137 Episode T: 1000 Reward: 4928.668
Total T: 138000 Episode Num: 138 Episode T: 1000 Reward: 4984.724
Total T: 139000 Episode Num: 139 Episode T: 1000 Reward: 4611.252
Total T: 140000 Episode Num: 140 Episode T: 1000 Reward: 4959.936
---------------------------------------
Evaluation over 10 episodes: 5075.870
---------------------------------------
Total T: 141000 Episode Num: 141 Episode T: 1000 Reward: 5019.211
Total T: 142000 Episode Num: 142 Episode T: 1000 Reward: 5244.825
Total T: 143000 Episode Num: 143 Episode T: 1000 Reward: 5151.347
Total T: 144000 Episode Num: 144 Episode T: 1000 Reward: 5010.971
Total T: 145000 Episode Num: 145 Episode T: 1000 Reward: 5231.156
---------------------------------------
Evaluation over 10 episodes: 5104.412
---------------------------------------
Total T: 146000 Episode Num: 146 Episode T: 1000 Reward: 5164.937
Total T: 147000 Episode Num: 147 Episode T: 1000 Reward: 5240.443
Total T: 148000 Episode Num: 148 Episode T: 1000 Reward: 5181.604
Total T: 149000 Episode Num: 149 Episode T: 1000 Reward: 5180.744
Total T: 150000 Episode Num: 150 Episode T: 1000 Reward: 5147.457
---------------------------------------
Evaluation over 10 episodes: 5221.620
---------------------------------------
Total T: 151000 Episode Num: 151 Episode T: 1000 Reward: 4923.159
Total T: 152000 Episode Num: 152 Episode T: 1000 Reward: 5342.442
Total T: 153000 Episode Num: 153 Episode T: 1000 Reward: 1839.060
Total T: 154000 Episode Num: 154 Episode T: 1000 Reward: 5130.111
Total T: 155000 Episode Num: 155 Episode T: 1000 Reward: 5266.407
---------------------------------------
Evaluation over 10 episodes: 4728.110
---------------------------------------
Total T: 156000 Episode Num: 156 Episode T: 1000 Reward: 5309.124
Total T: 157000 Episode Num: 157 Episode T: 1000 Reward: 5262.767
Total T: 158000 Episode Num: 158 Episode T: 1000 Reward: 5309.727
Total T: 159000 Episode Num: 159 Episode T: 1000 Reward: 5119.502
Total T: 160000 Episode Num: 160 Episode T: 1000 Reward: 5387.667
---------------------------------------
Evaluation over 10 episodes: 5068.644
---------------------------------------
Total T: 161000 Episode Num: 161 Episode T: 1000 Reward: 5050.691
Total T: 162000 Episode Num: 162 Episode T: 1000 Reward: 5224.199
Total T: 163000 Episode Num: 163 Episode T: 1000 Reward: 5093.462
Total T: 164000 Episode Num: 164 Episode T: 1000 Reward: 5365.951
Total T: 165000 Episode Num: 165 Episode T: 1000 Reward: 5236.909
---------------------------------------
Evaluation over 10 episodes: 5439.309
---------------------------------------
Total T: 166000 Episode Num: 166 Episode T: 1000 Reward: 5467.991
Total T: 167000 Episode Num: 167 Episode T: 1000 Reward: 5143.120
Total T: 168000 Episode Num: 168 Episode T: 1000 Reward: 5650.475
Total T: 169000 Episode Num: 169 Episode T: 1000 Reward: 5569.702
Total T: 170000 Episode Num: 170 Episode T: 1000 Reward: 5393.289
---------------------------------------
Evaluation over 10 episodes: 5504.733
---------------------------------------
Total T: 171000 Episode Num: 171 Episode T: 1000 Reward: 5429.158
Total T: 172000 Episode Num: 172 Episode T: 1000 Reward: 5546.812
Total T: 173000 Episode Num: 173 Episode T: 1000 Reward: 5371.892
Total T: 174000 Episode Num: 174 Episode T: 1000 Reward: 5420.628
Total T: 175000 Episode Num: 175 Episode T: 1000 Reward: 5674.533
---------------------------------------
Evaluation over 10 episodes: 5405.854
---------------------------------------
Total T: 176000 Episode Num: 176 Episode T: 1000 Reward: 5405.713
Total T: 177000 Episode Num: 177 Episode T: 1000 Reward: 5305.861
Total T: 178000 Episode Num: 178 Episode T: 1000 Reward: 5622.241
Total T: 179000 Episode Num: 179 Episode T: 1000 Reward: 5589.786
Total T: 180000 Episode Num: 180 Episode T: 1000 Reward: 5324.951
---------------------------------------
Evaluation over 10 episodes: 5609.370
---------------------------------------
Total T: 181000 Episode Num: 181 Episode T: 1000 Reward: 5574.277
Total T: 182000 Episode Num: 182 Episode T: 1000 Reward: 5608.568
Total T: 183000 Episode Num: 183 Episode T: 1000 Reward: 5795.287
Total T: 184000 Episode Num: 184 Episode T: 1000 Reward: 5684.767
Total T: 185000 Episode Num: 185 Episode T: 1000 Reward: 5486.998
---------------------------------------
Evaluation over 10 episodes: 5641.408
---------------------------------------
Total T: 186000 Episode Num: 186 Episode T: 1000 Reward: 5590.889
Total T: 187000 Episode Num: 187 Episode T: 1000 Reward: 5812.640
Total T: 188000 Episode Num: 188 Episode T: 1000 Reward: 5613.390
Total T: 189000 Episode Num: 189 Episode T: 1000 Reward: 5584.548
Total T: 190000 Episode Num: 190 Episode T: 1000 Reward: 5639.961
---------------------------------------
Evaluation over 10 episodes: 5680.150
---------------------------------------
Total T: 191000 Episode Num: 191 Episode T: 1000 Reward: 5545.695
Total T: 192000 Episode Num: 192 Episode T: 1000 Reward: 5504.202
Total T: 193000 Episode Num: 193 Episode T: 1000 Reward: 5635.339
Total T: 194000 Episode Num: 194 Episode T: 1000 Reward: 5630.705
Total T: 195000 Episode Num: 195 Episode T: 1000 Reward: 5621.639
---------------------------------------
Evaluation over 10 episodes: 5687.448
---------------------------------------
Total T: 196000 Episode Num: 196 Episode T: 1000 Reward: 5582.836
Total T: 197000 Episode Num: 197 Episode T: 1000 Reward: 5650.203
Total T: 198000 Episode Num: 198 Episode T: 1000 Reward: 5571.764
Total T: 199000 Episode Num: 199 Episode T: 1000 Reward: 5624.090
Total T: 200000 Episode Num: 200 Episode T: 1000 Reward: 5777.068
---------------------------------------
Evaluation over 10 episodes: 5708.391
---------------------------------------
Total T: 201000 Episode Num: 201 Episode T: 1000 Reward: 5587.492
Total T: 202000 Episode Num: 202 Episode T: 1000 Reward: 5834.820
Total T: 203000 Episode Num: 203 Episode T: 1000 Reward: 5520.964
Total T: 204000 Episode Num: 204 Episode T: 1000 Reward: 5496.277
Total T: 205000 Episode Num: 205 Episode T: 1000 Reward: 5659.557
---------------------------------------
Evaluation over 10 episodes: 5800.054
---------------------------------------
Total T: 206000 Episode Num: 206 Episode T: 1000 Reward: 5702.877
Total T: 207000 Episode Num: 207 Episode T: 1000 Reward: 5502.968
Total T: 208000 Episode Num: 208 Episode T: 1000 Reward: 5973.018
Total T: 209000 Episode Num: 209 Episode T: 1000 Reward: 5848.148
Total T: 210000 Episode Num: 210 Episode T: 1000 Reward: 5792.415
---------------------------------------
Evaluation over 10 episodes: 5639.268
---------------------------------------
Total T: 211000 Episode Num: 211 Episode T: 1000 Reward: 5844.923
Total T: 212000 Episode Num: 212 Episode T: 1000 Reward: 1974.047
Total T: 213000 Episode Num: 213 Episode T: 1000 Reward: 5713.077
Total T: 214000 Episode Num: 214 Episode T: 1000 Reward: 5872.920
Total T: 215000 Episode Num: 215 Episode T: 1000 Reward: 6018.025
---------------------------------------
Evaluation over 10 episodes: 5909.458
---------------------------------------
Total T: 216000 Episode Num: 216 Episode T: 1000 Reward: 5901.525
Total T: 217000 Episode Num: 217 Episode T: 1000 Reward: 5907.040
Total T: 218000 Episode Num: 218 Episode T: 1000 Reward: 5687.886
Total T: 219000 Episode Num: 219 Episode T: 1000 Reward: 6072.559
Total T: 220000 Episode Num: 220 Episode T: 1000 Reward: 5677.994
---------------------------------------
Evaluation over 10 episodes: 5770.765
---------------------------------------
Total T: 221000 Episode Num: 221 Episode T: 1000 Reward: 5924.006
Total T: 222000 Episode Num: 222 Episode T: 1000 Reward: 5756.668
Total T: 223000 Episode Num: 223 Episode T: 1000 Reward: 5936.162
Total T: 224000 Episode Num: 224 Episode T: 1000 Reward: 5827.934
Total T: 225000 Episode Num: 225 Episode T: 1000 Reward: 5836.056
---------------------------------------
Evaluation over 10 episodes: 5792.555
---------------------------------------
Total T: 226000 Episode Num: 226 Episode T: 1000 Reward: 5886.510
Total T: 227000 Episode Num: 227 Episode T: 1000 Reward: 5669.768
Total T: 228000 Episode Num: 228 Episode T: 1000 Reward: 5851.555
Total T: 229000 Episode Num: 229 Episode T: 1000 Reward: 5974.026
Total T: 230000 Episode Num: 230 Episode T: 1000 Reward: 5852.216
---------------------------------------
Evaluation over 10 episodes: 5913.747
---------------------------------------
Total T: 231000 Episode Num: 231 Episode T: 1000 Reward: 5929.016
Total T: 232000 Episode Num: 232 Episode T: 1000 Reward: 5862.183
Total T: 233000 Episode Num: 233 Episode T: 1000 Reward: 5669.731
Total T: 234000 Episode Num: 234 Episode T: 1000 Reward: 5869.192
Total T: 235000 Episode Num: 235 Episode T: 1000 Reward: 5927.584
---------------------------------------
Evaluation over 10 episodes: 5877.158
---------------------------------------
Total T: 236000 Episode Num: 236 Episode T: 1000 Reward: 5755.858
Total T: 237000 Episode Num: 237 Episode T: 1000 Reward: 6050.255
Total T: 238000 Episode Num: 238 Episode T: 1000 Reward: 5930.060
Total T: 239000 Episode Num: 239 Episode T: 1000 Reward: 5871.378
Total T: 240000 Episode Num: 240 Episode T: 1000 Reward: 5907.160
---------------------------------------
Evaluation over 10 episodes: 5983.713
---------------------------------------
Total T: 241000 Episode Num: 241 Episode T: 1000 Reward: 6063.006
Total T: 242000 Episode Num: 242 Episode T: 1000 Reward: 5852.354
Total T: 243000 Episode Num: 243 Episode T: 1000 Reward: 5957.026
Total T: 244000 Episode Num: 244 Episode T: 1000 Reward: 5980.105
Total T: 245000 Episode Num: 245 Episode T: 1000 Reward: 5910.575
---------------------------------------
Evaluation over 10 episodes: 6058.415
---------------------------------------
Total T: 246000 Episode Num: 246 Episode T: 1000 Reward: 5902.145
Total T: 247000 Episode Num: 247 Episode T: 1000 Reward: 5918.327
Total T: 248000 Episode Num: 248 Episode T: 1000 Reward: 5930.165
Total T: 249000 Episode Num: 249 Episode T: 1000 Reward: 6007.010
Total T: 250000 Episode Num: 250 Episode T: 1000 Reward: 5953.390
---------------------------------------
Evaluation over 10 episodes: 5866.270
---------------------------------------
Total T: 251000 Episode Num: 251 Episode T: 1000 Reward: 6076.504
Total T: 252000 Episode Num: 252 Episode T: 1000 Reward: 5979.808
Total T: 253000 Episode Num: 253 Episode T: 1000 Reward: 5935.464
Total T: 254000 Episode Num: 254 Episode T: 1000 Reward: 6066.111
Total T: 255000 Episode Num: 255 Episode T: 1000 Reward: 6062.114
---------------------------------------
Evaluation over 10 episodes: 6141.026
---------------------------------------
Total T: 256000 Episode Num: 256 Episode T: 1000 Reward: 5943.978
Total T: 257000 Episode Num: 257 Episode T: 1000 Reward: 5967.042
Total T: 258000 Episode Num: 258 Episode T: 1000 Reward: 6050.536
Total T: 259000 Episode Num: 259 Episode T: 1000 Reward: 6189.490
Total T: 260000 Episode Num: 260 Episode T: 1000 Reward: 6113.754
---------------------------------------
Evaluation over 10 episodes: 5991.278
---------------------------------------
Total T: 261000 Episode Num: 261 Episode T: 1000 Reward: 6076.968
Total T: 262000 Episode Num: 262 Episode T: 1000 Reward: 6124.941
Total T: 263000 Episode Num: 263 Episode T: 1000 Reward: 6061.463
Total T: 264000 Episode Num: 264 Episode T: 1000 Reward: 5954.026
Total T: 265000 Episode Num: 265 Episode T: 1000 Reward: 6103.318
---------------------------------------
Evaluation over 10 episodes: 5940.543
---------------------------------------
Total T: 266000 Episode Num: 266 Episode T: 1000 Reward: 5910.646
Total T: 267000 Episode Num: 267 Episode T: 1000 Reward: 5846.395
Total T: 268000 Episode Num: 268 Episode T: 1000 Reward: 6010.467
Total T: 269000 Episode Num: 269 Episode T: 1000 Reward: 6024.223
Total T: 270000 Episode Num: 270 Episode T: 1000 Reward: 6114.156
---------------------------------------
Evaluation over 10 episodes: 6029.665
---------------------------------------
Total T: 271000 Episode Num: 271 Episode T: 1000 Reward: 6221.510
Total T: 272000 Episode Num: 272 Episode T: 1000 Reward: 6262.928
Total T: 273000 Episode Num: 273 Episode T: 1000 Reward: 6014.759
Total T: 274000 Episode Num: 274 Episode T: 1000 Reward: 6028.226
Total T: 275000 Episode Num: 275 Episode T: 1000 Reward: 6193.465
---------------------------------------
Evaluation over 10 episodes: 5978.113
---------------------------------------
Total T: 276000 Episode Num: 276 Episode T: 1000 Reward: 6251.170
Total T: 277000 Episode Num: 277 Episode T: 1000 Reward: 5772.505
Total T: 278000 Episode Num: 278 Episode T: 1000 Reward: 6057.342
Total T: 279000 Episode Num: 279 Episode T: 1000 Reward: 6054.073
Total T: 280000 Episode Num: 280 Episode T: 1000 Reward: 6031.726
---------------------------------------
Evaluation over 10 episodes: 6153.096
---------------------------------------
Total T: 281000 Episode Num: 281 Episode T: 1000 Reward: 6169.434
Total T: 282000 Episode Num: 282 Episode T: 1000 Reward: 6134.989
Total T: 283000 Episode Num: 283 Episode T: 1000 Reward: 6093.555
Total T: 284000 Episode Num: 284 Episode T: 1000 Reward: 6287.128
Total T: 285000 Episode Num: 285 Episode T: 1000 Reward: 6116.351
---------------------------------------
Evaluation over 10 episodes: 6109.795
---------------------------------------
Total T: 286000 Episode Num: 286 Episode T: 1000 Reward: 5963.583
Total T: 287000 Episode Num: 287 Episode T: 1000 Reward: 5973.400
Total T: 288000 Episode Num: 288 Episode T: 1000 Reward: 6097.239
Total T: 289000 Episode Num: 289 Episode T: 1000 Reward: 6029.660
Total T: 290000 Episode Num: 290 Episode T: 1000 Reward: 6290.925
---------------------------------------
Evaluation over 10 episodes: 6088.857
---------------------------------------
Total T: 291000 Episode Num: 291 Episode T: 1000 Reward: 6054.609
Total T: 292000 Episode Num: 292 Episode T: 1000 Reward: 6221.120
Total T: 293000 Episode Num: 293 Episode T: 1000 Reward: 6211.240
Total T: 294000 Episode Num: 294 Episode T: 1000 Reward: 6194.853
Total T: 295000 Episode Num: 295 Episode T: 1000 Reward: 6211.616
---------------------------------------
Evaluation over 10 episodes: 6249.202
---------------------------------------
Total T: 296000 Episode Num: 296 Episode T: 1000 Reward: 6222.831
Total T: 297000 Episode Num: 297 Episode T: 1000 Reward: 5955.525
Total T: 298000 Episode Num: 298 Episode T: 1000 Reward: 6248.823
Total T: 299000 Episode Num: 299 Episode T: 1000 Reward: 6277.344
Total T: 300000 Episode Num: 300 Episode T: 1000 Reward: 6182.843
---------------------------------------
Evaluation over 10 episodes: 6271.847
---------------------------------------
Total T: 301000 Episode Num: 301 Episode T: 1000 Reward: 6123.348
Total T: 302000 Episode Num: 302 Episode T: 1000 Reward: 6017.981
Total T: 303000 Episode Num: 303 Episode T: 1000 Reward: 6224.645
Total T: 304000 Episode Num: 304 Episode T: 1000 Reward: 5947.451
Total T: 305000 Episode Num: 305 Episode T: 1000 Reward: 6379.555
---------------------------------------
Evaluation over 10 episodes: 6261.174
---------------------------------------
Total T: 306000 Episode Num: 306 Episode T: 1000 Reward: 6313.672
Total T: 307000 Episode Num: 307 Episode T: 1000 Reward: 6246.915
Total T: 308000 Episode Num: 308 Episode T: 1000 Reward: 6335.209
Total T: 309000 Episode Num: 309 Episode T: 1000 Reward: 6304.863
Total T: 310000 Episode Num: 310 Episode T: 1000 Reward: 4073.330
---------------------------------------
Evaluation over 10 episodes: 6248.089
---------------------------------------
Total T: 311000 Episode Num: 311 Episode T: 1000 Reward: 6389.499
Total T: 312000 Episode Num: 312 Episode T: 1000 Reward: 6250.876
Total T: 313000 Episode Num: 313 Episode T: 1000 Reward: 6148.719
Total T: 314000 Episode Num: 314 Episode T: 1000 Reward: 6218.602
Total T: 315000 Episode Num: 315 Episode T: 1000 Reward: 6044.332
---------------------------------------
Evaluation over 10 episodes: 6284.990
---------------------------------------
Total T: 316000 Episode Num: 316 Episode T: 1000 Reward: 6162.223
Total T: 317000 Episode Num: 317 Episode T: 1000 Reward: 6237.415
Total T: 318000 Episode Num: 318 Episode T: 1000 Reward: 6138.466
Total T: 319000 Episode Num: 319 Episode T: 1000 Reward: 6037.573
Total T: 320000 Episode Num: 320 Episode T: 1000 Reward: 6056.601
---------------------------------------
Evaluation over 10 episodes: 6329.619
---------------------------------------
Total T: 321000 Episode Num: 321 Episode T: 1000 Reward: 6466.696
Total T: 322000 Episode Num: 322 Episode T: 1000 Reward: 6085.189
Total T: 323000 Episode Num: 323 Episode T: 1000 Reward: 6237.658
Total T: 324000 Episode Num: 324 Episode T: 1000 Reward: 6252.000
Total T: 325000 Episode Num: 325 Episode T: 1000 Reward: 6178.261
---------------------------------------
Evaluation over 10 episodes: 6357.469
---------------------------------------
Total T: 326000 Episode Num: 326 Episode T: 1000 Reward: 6470.336
Total T: 327000 Episode Num: 327 Episode T: 1000 Reward: 6582.965
Total T: 328000 Episode Num: 328 Episode T: 1000 Reward: 6128.538
Total T: 329000 Episode Num: 329 Episode T: 1000 Reward: 6385.795
Total T: 330000 Episode Num: 330 Episode T: 1000 Reward: 6143.888
---------------------------------------
Evaluation over 10 episodes: 6382.000
---------------------------------------
Total T: 331000 Episode Num: 331 Episode T: 1000 Reward: 6301.949
Total T: 332000 Episode Num: 332 Episode T: 1000 Reward: 6246.548
Total T: 333000 Episode Num: 333 Episode T: 1000 Reward: 6432.788
Total T: 334000 Episode Num: 334 Episode T: 1000 Reward: 6280.344
Total T: 335000 Episode Num: 335 Episode T: 1000 Reward: 6302.861
---------------------------------------
Evaluation over 10 episodes: 6372.025
---------------------------------------
Total T: 336000 Episode Num: 336 Episode T: 1000 Reward: 6235.900
Total T: 337000 Episode Num: 337 Episode T: 1000 Reward: 6210.319
Total T: 338000 Episode Num: 338 Episode T: 1000 Reward: 6234.884
Total T: 339000 Episode Num: 339 Episode T: 1000 Reward: 6389.519
Total T: 340000 Episode Num: 340 Episode T: 1000 Reward: 6313.587
---------------------------------------
Evaluation over 10 episodes: 6206.813
---------------------------------------
Total T: 341000 Episode Num: 341 Episode T: 1000 Reward: 6511.623
Total T: 342000 Episode Num: 342 Episode T: 1000 Reward: 6402.778
Total T: 343000 Episode Num: 343 Episode T: 1000 Reward: 6605.194
Total T: 344000 Episode Num: 344 Episode T: 1000 Reward: 6432.831
Total T: 345000 Episode Num: 345 Episode T: 1000 Reward: 6421.413
---------------------------------------
Evaluation over 10 episodes: 6323.215
---------------------------------------
Total T: 346000 Episode Num: 346 Episode T: 1000 Reward: 6406.630
Total T: 347000 Episode Num: 347 Episode T: 1000 Reward: 6515.990
Total T: 348000 Episode Num: 348 Episode T: 1000 Reward: 6403.301
Total T: 349000 Episode Num: 349 Episode T: 1000 Reward: 6398.080
Total T: 350000 Episode Num: 350 Episode T: 1000 Reward: 6446.546
---------------------------------------
Evaluation over 10 episodes: 6411.020
---------------------------------------
Total T: 351000 Episode Num: 351 Episode T: 1000 Reward: 6416.714
Total T: 352000 Episode Num: 352 Episode T: 1000 Reward: 6275.224
Total T: 353000 Episode Num: 353 Episode T: 1000 Reward: 6331.472
Total T: 354000 Episode Num: 354 Episode T: 1000 Reward: 6486.505
Total T: 355000 Episode Num: 355 Episode T: 1000 Reward: 6491.641
---------------------------------------
Evaluation over 10 episodes: 6404.816
---------------------------------------
Total T: 356000 Episode Num: 356 Episode T: 1000 Reward: 6535.782
Total T: 357000 Episode Num: 357 Episode T: 1000 Reward: 6496.735
Total T: 358000 Episode Num: 358 Episode T: 1000 Reward: 6635.616
Total T: 359000 Episode Num: 359 Episode T: 1000 Reward: 6310.950
Total T: 360000 Episode Num: 360 Episode T: 1000 Reward: 6538.926
---------------------------------------
Evaluation over 10 episodes: 6501.868
---------------------------------------
Total T: 361000 Episode Num: 361 Episode T: 1000 Reward: 6387.827
Total T: 362000 Episode Num: 362 Episode T: 1000 Reward: 6368.908
Total T: 363000 Episode Num: 363 Episode T: 1000 Reward: 6539.526
Total T: 364000 Episode Num: 364 Episode T: 1000 Reward: 6463.102
Total T: 365000 Episode Num: 365 Episode T: 1000 Reward: 6315.577
---------------------------------------
Evaluation over 10 episodes: 6442.957
---------------------------------------
Total T: 366000 Episode Num: 366 Episode T: 1000 Reward: 6535.820
Total T: 367000 Episode Num: 367 Episode T: 1000 Reward: 6462.701
Total T: 368000 Episode Num: 368 Episode T: 1000 Reward: 6423.129
Total T: 369000 Episode Num: 369 Episode T: 1000 Reward: 6482.999
Total T: 370000 Episode Num: 370 Episode T: 1000 Reward: 6490.361
---------------------------------------
Evaluation over 10 episodes: 6428.152
---------------------------------------
Total T: 371000 Episode Num: 371 Episode T: 1000 Reward: 6456.679
Total T: 372000 Episode Num: 372 Episode T: 1000 Reward: 6386.735
Total T: 373000 Episode Num: 373 Episode T: 1000 Reward: 6542.796
Total T: 374000 Episode Num: 374 Episode T: 1000 Reward: 6360.076
Total T: 375000 Episode Num: 375 Episode T: 1000 Reward: 6175.989
---------------------------------------
Evaluation over 10 episodes: 6443.756
---------------------------------------
Total T: 376000 Episode Num: 376 Episode T: 1000 Reward: 6618.233
Total T: 377000 Episode Num: 377 Episode T: 1000 Reward: 6464.800
Total T: 378000 Episode Num: 378 Episode T: 1000 Reward: 5936.789
Total T: 379000 Episode Num: 379 Episode T: 1000 Reward: 6276.858
Total T: 380000 Episode Num: 380 Episode T: 1000 Reward: 6348.625
---------------------------------------
Evaluation over 10 episodes: 6477.337
---------------------------------------
Total T: 381000 Episode Num: 381 Episode T: 1000 Reward: 6520.819
Total T: 382000 Episode Num: 382 Episode T: 1000 Reward: 6652.449
Total T: 383000 Episode Num: 383 Episode T: 1000 Reward: 6573.886
Total T: 384000 Episode Num: 384 Episode T: 1000 Reward: 6229.252
Total T: 385000 Episode Num: 385 Episode T: 1000 Reward: 6494.878
---------------------------------------
Evaluation over 10 episodes: 6539.390
---------------------------------------
Total T: 386000 Episode Num: 386 Episode T: 1000 Reward: 6520.927
Total T: 387000 Episode Num: 387 Episode T: 1000 Reward: 6539.111
Total T: 388000 Episode Num: 388 Episode T: 1000 Reward: 6559.905
Total T: 389000 Episode Num: 389 Episode T: 1000 Reward: 6475.152
Total T: 390000 Episode Num: 390 Episode T: 1000 Reward: 6482.752
---------------------------------------
Evaluation over 10 episodes: 6369.647
---------------------------------------
Total T: 391000 Episode Num: 391 Episode T: 1000 Reward: 6542.177
Total T: 392000 Episode Num: 392 Episode T: 1000 Reward: 6472.681
Total T: 393000 Episode Num: 393 Episode T: 1000 Reward: 6381.672
Total T: 394000 Episode Num: 394 Episode T: 1000 Reward: 6461.606
Total T: 395000 Episode Num: 395 Episode T: 1000 Reward: 6601.428
---------------------------------------
Evaluation over 10 episodes: 6570.938
---------------------------------------
Total T: 396000 Episode Num: 396 Episode T: 1000 Reward: 6630.529
Total T: 397000 Episode Num: 397 Episode T: 1000 Reward: 6628.827
Total T: 398000 Episode Num: 398 Episode T: 1000 Reward: 6537.544
Total T: 399000 Episode Num: 399 Episode T: 1000 Reward: 6513.277
Total T: 400000 Episode Num: 400 Episode T: 1000 Reward: 6308.033
---------------------------------------
Evaluation over 10 episodes: 6536.364
---------------------------------------
Total T: 401000 Episode Num: 401 Episode T: 1000 Reward: 6711.360
Total T: 402000 Episode Num: 402 Episode T: 1000 Reward: 6449.293
Total T: 403000 Episode Num: 403 Episode T: 1000 Reward: 6610.598
Total T: 404000 Episode Num: 404 Episode T: 1000 Reward: 6371.157
Total T: 405000 Episode Num: 405 Episode T: 1000 Reward: 6528.211
---------------------------------------
Evaluation over 10 episodes: 6476.020
---------------------------------------
Total T: 406000 Episode Num: 406 Episode T: 1000 Reward: 6527.428
Total T: 407000 Episode Num: 407 Episode T: 1000 Reward: 6483.951
Total T: 408000 Episode Num: 408 Episode T: 1000 Reward: 6452.868
Total T: 409000 Episode Num: 409 Episode T: 1000 Reward: 6670.607
Total T: 410000 Episode Num: 410 Episode T: 1000 Reward: 6440.709
---------------------------------------
Evaluation over 10 episodes: 6625.093
---------------------------------------
Total T: 411000 Episode Num: 411 Episode T: 1000 Reward: 6706.337
Total T: 412000 Episode Num: 412 Episode T: 1000 Reward: 6590.611
Total T: 413000 Episode Num: 413 Episode T: 1000 Reward: 6600.589
Total T: 414000 Episode Num: 414 Episode T: 1000 Reward: 6777.794
Total T: 415000 Episode Num: 415 Episode T: 1000 Reward: 6506.054
---------------------------------------
Evaluation over 10 episodes: 6655.464
---------------------------------------
Total T: 416000 Episode Num: 416 Episode T: 1000 Reward: 6549.947
Total T: 417000 Episode Num: 417 Episode T: 1000 Reward: 6639.487
Total T: 418000 Episode Num: 418 Episode T: 1000 Reward: 6540.423
Total T: 419000 Episode Num: 419 Episode T: 1000 Reward: 6658.512
Total T: 420000 Episode Num: 420 Episode T: 1000 Reward: 6245.541
---------------------------------------
Evaluation over 10 episodes: 6454.064
---------------------------------------
Total T: 421000 Episode Num: 421 Episode T: 1000 Reward: 6336.489
Total T: 422000 Episode Num: 422 Episode T: 1000 Reward: 6597.380
Total T: 423000 Episode Num: 423 Episode T: 1000 Reward: 6603.388
Total T: 424000 Episode Num: 424 Episode T: 1000 Reward: 6600.846
Total T: 425000 Episode Num: 425 Episode T: 1000 Reward: 6267.497
---------------------------------------
Evaluation over 10 episodes: 6601.158
---------------------------------------
Total T: 426000 Episode Num: 426 Episode T: 1000 Reward: 6505.597
Total T: 427000 Episode Num: 427 Episode T: 1000 Reward: 6704.325
Total T: 428000 Episode Num: 428 Episode T: 1000 Reward: 6657.777
Total T: 429000 Episode Num: 429 Episode T: 1000 Reward: 6540.709
Total T: 430000 Episode Num: 430 Episode T: 1000 Reward: 6476.749
---------------------------------------
Evaluation over 10 episodes: 6533.384
---------------------------------------
Total T: 431000 Episode Num: 431 Episode T: 1000 Reward: 6656.195
Total T: 432000 Episode Num: 432 Episode T: 1000 Reward: 6499.266
Total T: 433000 Episode Num: 433 Episode T: 1000 Reward: 6562.591
Total T: 434000 Episode Num: 434 Episode T: 1000 Reward: 6560.819
Total T: 435000 Episode Num: 435 Episode T: 1000 Reward: 6598.141
---------------------------------------
Evaluation over 10 episodes: 6220.075
---------------------------------------
Total T: 436000 Episode Num: 436 Episode T: 1000 Reward: 6473.393
Total T: 437000 Episode Num: 437 Episode T: 1000 Reward: 6891.369
Total T: 438000 Episode Num: 438 Episode T: 1000 Reward: 6911.022
Total T: 439000 Episode Num: 439 Episode T: 1000 Reward: 6637.641
Total T: 440000 Episode Num: 440 Episode T: 1000 Reward: 6762.536
---------------------------------------
Evaluation over 10 episodes: 6667.333
---------------------------------------
Total T: 441000 Episode Num: 441 Episode T: 1000 Reward: 6698.070
Total T: 442000 Episode Num: 442 Episode T: 1000 Reward: 6872.088
Total T: 443000 Episode Num: 443 Episode T: 1000 Reward: 6376.680
Total T: 444000 Episode Num: 444 Episode T: 1000 Reward: 6688.802
Total T: 445000 Episode Num: 445 Episode T: 1000 Reward: 6436.947
---------------------------------------
Evaluation over 10 episodes: 6731.275
---------------------------------------
Total T: 446000 Episode Num: 446 Episode T: 1000 Reward: 6542.190
Total T: 447000 Episode Num: 447 Episode T: 1000 Reward: 6526.722
Total T: 448000 Episode Num: 448 Episode T: 1000 Reward: 6825.477
Total T: 449000 Episode Num: 449 Episode T: 1000 Reward: 6811.873
Total T: 450000 Episode Num: 450 Episode T: 1000 Reward: 6675.512
---------------------------------------
Evaluation over 10 episodes: 6677.461
---------------------------------------
Total T: 451000 Episode Num: 451 Episode T: 1000 Reward: 6836.842
Total T: 452000 Episode Num: 452 Episode T: 1000 Reward: 6506.240
Total T: 453000 Episode Num: 453 Episode T: 1000 Reward: 6723.339
Total T: 454000 Episode Num: 454 Episode T: 1000 Reward: 6359.717
Total T: 455000 Episode Num: 455 Episode T: 1000 Reward: 6777.570
---------------------------------------
Evaluation over 10 episodes: 6556.730
---------------------------------------
Total T: 456000 Episode Num: 456 Episode T: 1000 Reward: 6689.494
Total T: 457000 Episode Num: 457 Episode T: 1000 Reward: 6655.655
Total T: 458000 Episode Num: 458 Episode T: 1000 Reward: 6778.106
Total T: 459000 Episode Num: 459 Episode T: 1000 Reward: 6758.744
Total T: 460000 Episode Num: 460 Episode T: 1000 Reward: 6540.729
---------------------------------------
Evaluation over 10 episodes: 6641.924
---------------------------------------
Total T: 461000 Episode Num: 461 Episode T: 1000 Reward: 6805.528
Total T: 462000 Episode Num: 462 Episode T: 1000 Reward: 6660.722
Total T: 463000 Episode Num: 463 Episode T: 1000 Reward: 6576.688
Total T: 464000 Episode Num: 464 Episode T: 1000 Reward: 6762.861
Total T: 465000 Episode Num: 465 Episode T: 1000 Reward: 6757.525
---------------------------------------
Evaluation over 10 episodes: 6682.831
---------------------------------------
Total T: 466000 Episode Num: 466 Episode T: 1000 Reward: 6647.621
Total T: 467000 Episode Num: 467 Episode T: 1000 Reward: 6648.341
Total T: 468000 Episode Num: 468 Episode T: 1000 Reward: 6710.908
Total T: 469000 Episode Num: 469 Episode T: 1000 Reward: 6856.556
Total T: 470000 Episode Num: 470 Episode T: 1000 Reward: 6646.608
---------------------------------------
Evaluation over 10 episodes: 6778.223
---------------------------------------
Total T: 471000 Episode Num: 471 Episode T: 1000 Reward: 6972.501
Total T: 472000 Episode Num: 472 Episode T: 1000 Reward: 6764.035
Total T: 473000 Episode Num: 473 Episode T: 1000 Reward: 6537.392
Total T: 474000 Episode Num: 474 Episode T: 1000 Reward: 6691.250
Total T: 475000 Episode Num: 475 Episode T: 1000 Reward: 6809.572
---------------------------------------
Evaluation over 10 episodes: 6672.186
---------------------------------------
Total T: 476000 Episode Num: 476 Episode T: 1000 Reward: 6779.576
Total T: 477000 Episode Num: 477 Episode T: 1000 Reward: 6583.182
Total T: 478000 Episode Num: 478 Episode T: 1000 Reward: 6882.062
Total T: 479000 Episode Num: 479 Episode T: 1000 Reward: 6714.329
Total T: 480000 Episode Num: 480 Episode T: 1000 Reward: 6673.211
---------------------------------------
Evaluation over 10 episodes: 6550.705
---------------------------------------
Total T: 481000 Episode Num: 481 Episode T: 1000 Reward: 6837.653
Total T: 482000 Episode Num: 482 Episode T: 1000 Reward: 6776.251
Total T: 483000 Episode Num: 483 Episode T: 1000 Reward: 6812.602
Total T: 484000 Episode Num: 484 Episode T: 1000 Reward: 6899.929
Total T: 485000 Episode Num: 485 Episode T: 1000 Reward: 6890.754
---------------------------------------
Evaluation over 10 episodes: 6742.876
---------------------------------------
Total T: 486000 Episode Num: 486 Episode T: 1000 Reward: 6805.842
Total T: 487000 Episode Num: 487 Episode T: 1000 Reward: 6594.514
Total T: 488000 Episode Num: 488 Episode T: 1000 Reward: 6778.129
Total T: 489000 Episode Num: 489 Episode T: 1000 Reward: 6920.050
Total T: 490000 Episode Num: 490 Episode T: 1000 Reward: 6870.899
---------------------------------------
Evaluation over 10 episodes: 6779.699
---------------------------------------
Total T: 491000 Episode Num: 491 Episode T: 1000 Reward: 6768.328
Total T: 492000 Episode Num: 492 Episode T: 1000 Reward: 6917.575
Total T: 493000 Episode Num: 493 Episode T: 1000 Reward: 6641.833
Total T: 494000 Episode Num: 494 Episode T: 1000 Reward: 6870.027
Total T: 495000 Episode Num: 495 Episode T: 1000 Reward: 6891.105
---------------------------------------
Evaluation over 10 episodes: 6863.451
---------------------------------------
Total T: 496000 Episode Num: 496 Episode T: 1000 Reward: 6793.454
Total T: 497000 Episode Num: 497 Episode T: 1000 Reward: 6825.196
Total T: 498000 Episode Num: 498 Episode T: 1000 Reward: 6825.270
Total T: 499000 Episode Num: 499 Episode T: 1000 Reward: 6826.259
Total T: 500000 Episode Num: 500 Episode T: 1000 Reward: 6650.640
---------------------------------------
Evaluation over 10 episodes: 6705.335
---------------------------------------
Total T: 501000 Episode Num: 501 Episode T: 1000 Reward: 6837.078
Total T: 502000 Episode Num: 502 Episode T: 1000 Reward: 6853.798
Total T: 503000 Episode Num: 503 Episode T: 1000 Reward: 6743.338
Total T: 504000 Episode Num: 504 Episode T: 1000 Reward: 6794.252
Total T: 505000 Episode Num: 505 Episode T: 1000 Reward: 6922.300
---------------------------------------
Evaluation over 10 episodes: 6874.865
---------------------------------------
Total T: 506000 Episode Num: 506 Episode T: 1000 Reward: 6655.958
Total T: 507000 Episode Num: 507 Episode T: 1000 Reward: 6550.599
Total T: 508000 Episode Num: 508 Episode T: 1000 Reward: 6674.466
Total T: 509000 Episode Num: 509 Episode T: 1000 Reward: 6835.159
Total T: 510000 Episode Num: 510 Episode T: 1000 Reward: 6904.449
---------------------------------------
Evaluation over 10 episodes: 6886.094
---------------------------------------
Total T: 511000 Episode Num: 511 Episode T: 1000 Reward: 6787.155
Total T: 512000 Episode Num: 512 Episode T: 1000 Reward: 6939.722
Total T: 513000 Episode Num: 513 Episode T: 1000 Reward: 6605.609
Total T: 514000 Episode Num: 514 Episode T: 1000 Reward: 6675.749
Total T: 515000 Episode Num: 515 Episode T: 1000 Reward: 6844.051
---------------------------------------
Evaluation over 10 episodes: 6915.375
---------------------------------------
Total T: 516000 Episode Num: 516 Episode T: 1000 Reward: 7023.325
Total T: 517000 Episode Num: 517 Episode T: 1000 Reward: 6815.629
Total T: 518000 Episode Num: 518 Episode T: 1000 Reward: 6947.847
Total T: 519000 Episode Num: 519 Episode T: 1000 Reward: 6790.758
Total T: 520000 Episode Num: 520 Episode T: 1000 Reward: 6758.206
---------------------------------------
Evaluation over 10 episodes: 6814.011
---------------------------------------
Total T: 521000 Episode Num: 521 Episode T: 1000 Reward: 6818.519
Total T: 522000 Episode Num: 522 Episode T: 1000 Reward: 6916.853
Total T: 523000 Episode Num: 523 Episode T: 1000 Reward: 6862.294
Total T: 524000 Episode Num: 524 Episode T: 1000 Reward: 6851.260
Total T: 525000 Episode Num: 525 Episode T: 1000 Reward: 6840.764
---------------------------------------
Evaluation over 10 episodes: 6846.282
---------------------------------------
Total T: 526000 Episode Num: 526 Episode T: 1000 Reward: 6908.418
Total T: 527000 Episode Num: 527 Episode T: 1000 Reward: 7119.297
Total T: 528000 Episode Num: 528 Episode T: 1000 Reward: 6896.002
Total T: 529000 Episode Num: 529 Episode T: 1000 Reward: 6830.540
Total T: 530000 Episode Num: 530 Episode T: 1000 Reward: 6804.973
---------------------------------------
Evaluation over 10 episodes: 6960.166
---------------------------------------
Total T: 531000 Episode Num: 531 Episode T: 1000 Reward: 6891.372
Total T: 532000 Episode Num: 532 Episode T: 1000 Reward: 6974.357
Total T: 533000 Episode Num: 533 Episode T: 1000 Reward: 7000.195
Total T: 534000 Episode Num: 534 Episode T: 1000 Reward: 7011.125
Total T: 535000 Episode Num: 535 Episode T: 1000 Reward: 6926.882
---------------------------------------
Evaluation over 10 episodes: 6877.574
---------------------------------------
Total T: 536000 Episode Num: 536 Episode T: 1000 Reward: 6843.786
Total T: 537000 Episode Num: 537 Episode T: 1000 Reward: 7010.493
Total T: 538000 Episode Num: 538 Episode T: 1000 Reward: 7116.767
Total T: 539000 Episode Num: 539 Episode T: 1000 Reward: 6730.095
Total T: 540000 Episode Num: 540 Episode T: 1000 Reward: 7065.911
---------------------------------------
Evaluation over 10 episodes: 6947.143
---------------------------------------
Total T: 541000 Episode Num: 541 Episode T: 1000 Reward: 7050.641
Total T: 542000 Episode Num: 542 Episode T: 1000 Reward: 6714.128
Total T: 543000 Episode Num: 543 Episode T: 1000 Reward: 6646.903
Total T: 544000 Episode Num: 544 Episode T: 1000 Reward: 7049.654
Total T: 545000 Episode Num: 545 Episode T: 1000 Reward: 6798.518
---------------------------------------
Evaluation over 10 episodes: 6873.557
---------------------------------------
Total T: 546000 Episode Num: 546 Episode T: 1000 Reward: 6814.995
Total T: 547000 Episode Num: 547 Episode T: 1000 Reward: 7018.236
Total T: 548000 Episode Num: 548 Episode T: 1000 Reward: 6981.603
Total T: 549000 Episode Num: 549 Episode T: 1000 Reward: 6895.374
Total T: 550000 Episode Num: 550 Episode T: 1000 Reward: 6859.798
---------------------------------------
Evaluation over 10 episodes: 6940.944
---------------------------------------
Total T: 551000 Episode Num: 551 Episode T: 1000 Reward: 6695.964
Total T: 552000 Episode Num: 552 Episode T: 1000 Reward: 6989.063
Total T: 553000 Episode Num: 553 Episode T: 1000 Reward: 6984.042
Total T: 554000 Episode Num: 554 Episode T: 1000 Reward: 6944.735
Total T: 555000 Episode Num: 555 Episode T: 1000 Reward: 7056.001
---------------------------------------
Evaluation over 10 episodes: 6882.844
---------------------------------------
Total T: 556000 Episode Num: 556 Episode T: 1000 Reward: 6802.831
Total T: 557000 Episode Num: 557 Episode T: 1000 Reward: 7203.645
Total T: 558000 Episode Num: 558 Episode T: 1000 Reward: 6982.863
Total T: 559000 Episode Num: 559 Episode T: 1000 Reward: 6839.274
Total T: 560000 Episode Num: 560 Episode T: 1000 Reward: 6830.261
---------------------------------------
Evaluation over 10 episodes: 6933.029
---------------------------------------
Total T: 561000 Episode Num: 561 Episode T: 1000 Reward: 6664.856
Total T: 562000 Episode Num: 562 Episode T: 1000 Reward: 6963.336
Total T: 563000 Episode Num: 563 Episode T: 1000 Reward: 6704.910
Total T: 564000 Episode Num: 564 Episode T: 1000 Reward: 6981.572
Total T: 565000 Episode Num: 565 Episode T: 1000 Reward: 6930.461
---------------------------------------
Evaluation over 10 episodes: 7015.958
---------------------------------------
Total T: 566000 Episode Num: 566 Episode T: 1000 Reward: 6885.528
Total T: 567000 Episode Num: 567 Episode T: 1000 Reward: 6910.267
Total T: 568000 Episode Num: 568 Episode T: 1000 Reward: 6717.029
Total T: 569000 Episode Num: 569 Episode T: 1000 Reward: 6791.541
Total T: 570000 Episode Num: 570 Episode T: 1000 Reward: 6849.356
---------------------------------------
Evaluation over 10 episodes: 7005.172
---------------------------------------
Total T: 571000 Episode Num: 571 Episode T: 1000 Reward: 7188.662
Total T: 572000 Episode Num: 572 Episode T: 1000 Reward: 7064.921
Total T: 573000 Episode Num: 573 Episode T: 1000 Reward: 7094.767
Total T: 574000 Episode Num: 574 Episode T: 1000 Reward: 6951.641
Total T: 575000 Episode Num: 575 Episode T: 1000 Reward: 7211.855
---------------------------------------
Evaluation over 10 episodes: 7056.289
---------------------------------------
Total T: 576000 Episode Num: 576 Episode T: 1000 Reward: 7000.125
Total T: 577000 Episode Num: 577 Episode T: 1000 Reward: 7015.638
Total T: 578000 Episode Num: 578 Episode T: 1000 Reward: 6896.094
Total T: 579000 Episode Num: 579 Episode T: 1000 Reward: 6928.273
Total T: 580000 Episode Num: 580 Episode T: 1000 Reward: 6785.525
---------------------------------------
Evaluation over 10 episodes: 6971.753
---------------------------------------
Total T: 581000 Episode Num: 581 Episode T: 1000 Reward: 7150.317
Total T: 582000 Episode Num: 582 Episode T: 1000 Reward: 7022.476
Total T: 583000 Episode Num: 583 Episode T: 1000 Reward: 7122.491
Total T: 584000 Episode Num: 584 Episode T: 1000 Reward: 6987.477
Total T: 585000 Episode Num: 585 Episode T: 1000 Reward: 7201.637
---------------------------------------
Evaluation over 10 episodes: 7013.669
---------------------------------------
Total T: 586000 Episode Num: 586 Episode T: 1000 Reward: 6981.243
Total T: 587000 Episode Num: 587 Episode T: 1000 Reward: 7013.520
Total T: 588000 Episode Num: 588 Episode T: 1000 Reward: 6862.585
Total T: 589000 Episode Num: 589 Episode T: 1000 Reward: 6914.453
Total T: 590000 Episode Num: 590 Episode T: 1000 Reward: 6912.678
---------------------------------------
Evaluation over 10 episodes: 7146.648
---------------------------------------
Total T: 591000 Episode Num: 591 Episode T: 1000 Reward: 7279.869
Total T: 592000 Episode Num: 592 Episode T: 1000 Reward: 7051.377
Total T: 593000 Episode Num: 593 Episode T: 1000 Reward: 7069.646
Total T: 594000 Episode Num: 594 Episode T: 1000 Reward: 6783.613
Total T: 595000 Episode Num: 595 Episode T: 1000 Reward: 7166.748
---------------------------------------
Evaluation over 10 episodes: 7076.714
---------------------------------------
Total T: 596000 Episode Num: 596 Episode T: 1000 Reward: 6944.247
Total T: 597000 Episode Num: 597 Episode T: 1000 Reward: 6995.934
Total T: 598000 Episode Num: 598 Episode T: 1000 Reward: 7015.429
Total T: 599000 Episode Num: 599 Episode T: 1000 Reward: 7081.928
Total T: 600000 Episode Num: 600 Episode T: 1000 Reward: 7219.648
---------------------------------------
Evaluation over 10 episodes: 7041.833
---------------------------------------
Total T: 601000 Episode Num: 601 Episode T: 1000 Reward: 7002.321
Total T: 602000 Episode Num: 602 Episode T: 1000 Reward: 6869.552
Total T: 603000 Episode Num: 603 Episode T: 1000 Reward: 7107.274
Total T: 604000 Episode Num: 604 Episode T: 1000 Reward: 6984.380
Total T: 605000 Episode Num: 605 Episode T: 1000 Reward: 7124.828
---------------------------------------
Evaluation over 10 episodes: 7105.673
---------------------------------------
Total T: 606000 Episode Num: 606 Episode T: 1000 Reward: 7336.223
Total T: 607000 Episode Num: 607 Episode T: 1000 Reward: 7138.491
Total T: 608000 Episode Num: 608 Episode T: 1000 Reward: 7052.501
Total T: 609000 Episode Num: 609 Episode T: 1000 Reward: 6908.278
Total T: 610000 Episode Num: 610 Episode T: 1000 Reward: 7004.724
---------------------------------------
Evaluation over 10 episodes: 6925.324
---------------------------------------
Total T: 611000 Episode Num: 611 Episode T: 1000 Reward: 7030.768
Total T: 612000 Episode Num: 612 Episode T: 1000 Reward: 6897.436
Total T: 613000 Episode Num: 613 Episode T: 1000 Reward: 7003.484
Total T: 614000 Episode Num: 614 Episode T: 1000 Reward: 6939.139
Total T: 615000 Episode Num: 615 Episode T: 1000 Reward: 6939.796
---------------------------------------
Evaluation over 10 episodes: 6958.896
---------------------------------------
Total T: 616000 Episode Num: 616 Episode T: 1000 Reward: 7025.314
Total T: 617000 Episode Num: 617 Episode T: 1000 Reward: 7234.042
Total T: 618000 Episode Num: 618 Episode T: 1000 Reward: 7106.302
Total T: 619000 Episode Num: 619 Episode T: 1000 Reward: 7133.707
Total T: 620000 Episode Num: 620 Episode T: 1000 Reward: 7099.110
---------------------------------------
Evaluation over 10 episodes: 7045.367
---------------------------------------
Total T: 621000 Episode Num: 621 Episode T: 1000 Reward: 7055.426
Total T: 622000 Episode Num: 622 Episode T: 1000 Reward: 7083.403
Total T: 623000 Episode Num: 623 Episode T: 1000 Reward: 7225.001
Total T: 624000 Episode Num: 624 Episode T: 1000 Reward: 6799.570
Total T: 625000 Episode Num: 625 Episode T: 1000 Reward: 7022.328
---------------------------------------
Evaluation over 10 episodes: 7152.183
---------------------------------------
Total T: 626000 Episode Num: 626 Episode T: 1000 Reward: 6973.610
Total T: 627000 Episode Num: 627 Episode T: 1000 Reward: 7077.304
Total T: 628000 Episode Num: 628 Episode T: 1000 Reward: 7225.110
Total T: 629000 Episode Num: 629 Episode T: 1000 Reward: 7019.635
Total T: 630000 Episode Num: 630 Episode T: 1000 Reward: 7146.662
---------------------------------------
Evaluation over 10 episodes: 7052.234
---------------------------------------
Total T: 631000 Episode Num: 631 Episode T: 1000 Reward: 7284.714
Total T: 632000 Episode Num: 632 Episode T: 1000 Reward: 7209.815
Total T: 633000 Episode Num: 633 Episode T: 1000 Reward: 7138.796
Total T: 634000 Episode Num: 634 Episode T: 1000 Reward: 7122.104
Total T: 635000 Episode Num: 635 Episode T: 1000 Reward: 6891.359
---------------------------------------
Evaluation over 10 episodes: 7057.146
---------------------------------------
Total T: 636000 Episode Num: 636 Episode T: 1000 Reward: 7173.795
Total T: 637000 Episode Num: 637 Episode T: 1000 Reward: 7260.898
Total T: 638000 Episode Num: 638 Episode T: 1000 Reward: 7075.873
Total T: 639000 Episode Num: 639 Episode T: 1000 Reward: 7098.985
Total T: 640000 Episode Num: 640 Episode T: 1000 Reward: 7157.482
---------------------------------------
Evaluation over 10 episodes: 7249.142
---------------------------------------
Total T: 641000 Episode Num: 641 Episode T: 1000 Reward: 7168.789
Total T: 642000 Episode Num: 642 Episode T: 1000 Reward: 7212.157
Total T: 643000 Episode Num: 643 Episode T: 1000 Reward: 7146.856
Total T: 644000 Episode Num: 644 Episode T: 1000 Reward: 7219.902
Total T: 645000 Episode Num: 645 Episode T: 1000 Reward: 7165.155
---------------------------------------
Evaluation over 10 episodes: 7167.021
---------------------------------------
Total T: 646000 Episode Num: 646 Episode T: 1000 Reward: 7058.123
Total T: 647000 Episode Num: 647 Episode T: 1000 Reward: 6780.911
Total T: 648000 Episode Num: 648 Episode T: 1000 Reward: 1898.456
Total T: 649000 Episode Num: 649 Episode T: 1000 Reward: 6964.616
Total T: 650000 Episode Num: 650 Episode T: 1000 Reward: 7018.512
---------------------------------------
Evaluation over 10 episodes: 7153.272
---------------------------------------
Total T: 651000 Episode Num: 651 Episode T: 1000 Reward: 7178.604
Total T: 652000 Episode Num: 652 Episode T: 1000 Reward: 7297.525
Total T: 653000 Episode Num: 653 Episode T: 1000 Reward: 7110.844
Total T: 654000 Episode Num: 654 Episode T: 1000 Reward: 7144.545
Total T: 655000 Episode Num: 655 Episode T: 1000 Reward: 7113.124
---------------------------------------
Evaluation over 10 episodes: 7255.948
---------------------------------------
Total T: 656000 Episode Num: 656 Episode T: 1000 Reward: 7302.099
Total T: 657000 Episode Num: 657 Episode T: 1000 Reward: 7134.763
Total T: 658000 Episode Num: 658 Episode T: 1000 Reward: 7055.476
Total T: 659000 Episode Num: 659 Episode T: 1000 Reward: 7202.255
Total T: 660000 Episode Num: 660 Episode T: 1000 Reward: 7082.411
---------------------------------------
Evaluation over 10 episodes: 7056.649
---------------------------------------
Total T: 661000 Episode Num: 661 Episode T: 1000 Reward: 7338.190
Total T: 662000 Episode Num: 662 Episode T: 1000 Reward: 7194.736
Total T: 663000 Episode Num: 663 Episode T: 1000 Reward: 7097.899
Total T: 664000 Episode Num: 664 Episode T: 1000 Reward: 7085.550
Total T: 665000 Episode Num: 665 Episode T: 1000 Reward: 7399.266
---------------------------------------
Evaluation over 10 episodes: 7073.678
---------------------------------------
Total T: 666000 Episode Num: 666 Episode T: 1000 Reward: 7181.807
Total T: 667000 Episode Num: 667 Episode T: 1000 Reward: 7261.092
Total T: 668000 Episode Num: 668 Episode T: 1000 Reward: 6994.045
Total T: 669000 Episode Num: 669 Episode T: 1000 Reward: 7184.299
Total T: 670000 Episode Num: 670 Episode T: 1000 Reward: 6989.015
---------------------------------------
Evaluation over 10 episodes: 7260.973
---------------------------------------
Total T: 671000 Episode Num: 671 Episode T: 1000 Reward: 7093.807
Total T: 672000 Episode Num: 672 Episode T: 1000 Reward: 7239.321
Total T: 673000 Episode Num: 673 Episode T: 1000 Reward: 6996.833
Total T: 674000 Episode Num: 674 Episode T: 1000 Reward: 7334.556
Total T: 675000 Episode Num: 675 Episode T: 1000 Reward: 7141.516
---------------------------------------
Evaluation over 10 episodes: 7154.660
---------------------------------------
Total T: 676000 Episode Num: 676 Episode T: 1000 Reward: 7330.064
Total T: 677000 Episode Num: 677 Episode T: 1000 Reward: 7292.689
Total T: 678000 Episode Num: 678 Episode T: 1000 Reward: 2931.664
Total T: 679000 Episode Num: 679 Episode T: 1000 Reward: 7237.884
Total T: 680000 Episode Num: 680 Episode T: 1000 Reward: 7365.739
---------------------------------------
Evaluation over 10 episodes: 7211.414
---------------------------------------
Total T: 681000 Episode Num: 681 Episode T: 1000 Reward: 7349.278
Total T: 682000 Episode Num: 682 Episode T: 1000 Reward: 7220.075
Total T: 683000 Episode Num: 683 Episode T: 1000 Reward: 7292.946
Total T: 684000 Episode Num: 684 Episode T: 1000 Reward: 7336.004
Total T: 685000 Episode Num: 685 Episode T: 1000 Reward: 7257.525
---------------------------------------
Evaluation over 10 episodes: 7263.897
---------------------------------------
Total T: 686000 Episode Num: 686 Episode T: 1000 Reward: 7277.646
Total T: 687000 Episode Num: 687 Episode T: 1000 Reward: 7190.720
Total T: 688000 Episode Num: 688 Episode T: 1000 Reward: 7204.776
Total T: 689000 Episode Num: 689 Episode T: 1000 Reward: 7241.570
Total T: 690000 Episode Num: 690 Episode T: 1000 Reward: 7249.864
---------------------------------------
Evaluation over 10 episodes: 7274.150
---------------------------------------
Total T: 691000 Episode Num: 691 Episode T: 1000 Reward: 7384.049
Total T: 692000 Episode Num: 692 Episode T: 1000 Reward: 7148.853
Total T: 693000 Episode Num: 693 Episode T: 1000 Reward: 7170.851
Total T: 694000 Episode Num: 694 Episode T: 1000 Reward: 7080.169
Total T: 695000 Episode Num: 695 Episode T: 1000 Reward: 7327.571
---------------------------------------
Evaluation over 10 episodes: 7278.617
---------------------------------------
Total T: 696000 Episode Num: 696 Episode T: 1000 Reward: 7256.913
Total T: 697000 Episode Num: 697 Episode T: 1000 Reward: 7086.372
Total T: 698000 Episode Num: 698 Episode T: 1000 Reward: 7285.241
Total T: 699000 Episode Num: 699 Episode T: 1000 Reward: 7278.228
Total T: 700000 Episode Num: 700 Episode T: 1000 Reward: 7309.856
---------------------------------------
Evaluation over 10 episodes: 7288.383
---------------------------------------
Total T: 701000 Episode Num: 701 Episode T: 1000 Reward: 7345.463
Total T: 702000 Episode Num: 702 Episode T: 1000 Reward: 7162.276
Total T: 703000 Episode Num: 703 Episode T: 1000 Reward: 7155.067
Total T: 704000 Episode Num: 704 Episode T: 1000 Reward: 7161.709
Total T: 705000 Episode Num: 705 Episode T: 1000 Reward: 6950.234
---------------------------------------
Evaluation over 10 episodes: 7281.295
---------------------------------------
Total T: 706000 Episode Num: 706 Episode T: 1000 Reward: 7450.264
Total T: 707000 Episode Num: 707 Episode T: 1000 Reward: 7168.281
Total T: 708000 Episode Num: 708 Episode T: 1000 Reward: 7000.125
Total T: 709000 Episode Num: 709 Episode T: 1000 Reward: 7100.831
Total T: 710000 Episode Num: 710 Episode T: 1000 Reward: 6834.079
---------------------------------------
Evaluation over 10 episodes: 6660.264
---------------------------------------
Total T: 711000 Episode Num: 711 Episode T: 1000 Reward: 7393.337
Total T: 712000 Episode Num: 712 Episode T: 1000 Reward: 7070.985
Total T: 713000 Episode Num: 713 Episode T: 1000 Reward: 7164.497
Total T: 714000 Episode Num: 714 Episode T: 1000 Reward: 7262.813
Total T: 715000 Episode Num: 715 Episode T: 1000 Reward: 7398.391
---------------------------------------
Evaluation over 10 episodes: 7281.141
---------------------------------------
Total T: 716000 Episode Num: 716 Episode T: 1000 Reward: 7158.145
Total T: 717000 Episode Num: 717 Episode T: 1000 Reward: 7201.338
Total T: 718000 Episode Num: 718 Episode T: 1000 Reward: 7294.790
Total T: 719000 Episode Num: 719 Episode T: 1000 Reward: 7023.130
Total T: 720000 Episode Num: 720 Episode T: 1000 Reward: 7228.900
---------------------------------------
Evaluation over 10 episodes: 7327.328
---------------------------------------
Total T: 721000 Episode Num: 721 Episode T: 1000 Reward: 7172.168
Total T: 722000 Episode Num: 722 Episode T: 1000 Reward: 7164.378
Total T: 723000 Episode Num: 723 Episode T: 1000 Reward: 7103.915
Total T: 724000 Episode Num: 724 Episode T: 1000 Reward: 7231.172
Total T: 725000 Episode Num: 725 Episode T: 1000 Reward: 7173.119
---------------------------------------
Evaluation over 10 episodes: 7274.594
---------------------------------------
Total T: 726000 Episode Num: 726 Episode T: 1000 Reward: 7343.607
Total T: 727000 Episode Num: 727 Episode T: 1000 Reward: 7272.463
Total T: 728000 Episode Num: 728 Episode T: 1000 Reward: 7297.372
Total T: 729000 Episode Num: 729 Episode T: 1000 Reward: 7090.234
Total T: 730000 Episode Num: 730 Episode T: 1000 Reward: 7198.461
---------------------------------------
Evaluation over 10 episodes: 6789.542
---------------------------------------
Total T: 731000 Episode Num: 731 Episode T: 1000 Reward: 7152.937
Total T: 732000 Episode Num: 732 Episode T: 1000 Reward: 7078.722
Total T: 733000 Episode Num: 733 Episode T: 1000 Reward: 7068.131
Total T: 734000 Episode Num: 734 Episode T: 1000 Reward: 7289.816
Total T: 735000 Episode Num: 735 Episode T: 1000 Reward: 7330.948
---------------------------------------
Evaluation over 10 episodes: 7400.883
---------------------------------------
Total T: 736000 Episode Num: 736 Episode T: 1000 Reward: 7305.179
Total T: 737000 Episode Num: 737 Episode T: 1000 Reward: 7248.239
Total T: 738000 Episode Num: 738 Episode T: 1000 Reward: 7305.966
Total T: 739000 Episode Num: 739 Episode T: 1000 Reward: 7175.248
Total T: 740000 Episode Num: 740 Episode T: 1000 Reward: 7309.900
---------------------------------------
Evaluation over 10 episodes: 7044.101
---------------------------------------
Total T: 741000 Episode Num: 741 Episode T: 1000 Reward: 7445.582
Total T: 742000 Episode Num: 742 Episode T: 1000 Reward: 7459.983
Total T: 743000 Episode Num: 743 Episode T: 1000 Reward: 7424.651
Total T: 744000 Episode Num: 744 Episode T: 1000 Reward: 7228.457
Total T: 745000 Episode Num: 745 Episode T: 1000 Reward: 7566.554
---------------------------------------
Evaluation over 10 episodes: 7395.809
---------------------------------------
Total T: 746000 Episode Num: 746 Episode T: 1000 Reward: 7499.809
Total T: 747000 Episode Num: 747 Episode T: 1000 Reward: 7533.005
Total T: 748000 Episode Num: 748 Episode T: 1000 Reward: 7324.926
Total T: 749000 Episode Num: 749 Episode T: 1000 Reward: 7060.981
Total T: 750000 Episode Num: 750 Episode T: 1000 Reward: 7236.368
---------------------------------------
Evaluation over 10 episodes: 7373.138
---------------------------------------
Total T: 751000 Episode Num: 751 Episode T: 1000 Reward: 7150.257
Total T: 752000 Episode Num: 752 Episode T: 1000 Reward: 7393.588
Total T: 753000 Episode Num: 753 Episode T: 1000 Reward: 7270.046
Total T: 754000 Episode Num: 754 Episode T: 1000 Reward: 7310.112
Total T: 755000 Episode Num: 755 Episode T: 1000 Reward: 7415.344
---------------------------------------
Evaluation over 10 episodes: 7414.935
---------------------------------------
Total T: 756000 Episode Num: 756 Episode T: 1000 Reward: 7202.765
Total T: 757000 Episode Num: 757 Episode T: 1000 Reward: 7443.285
Total T: 758000 Episode Num: 758 Episode T: 1000 Reward: 7371.908
Total T: 759000 Episode Num: 759 Episode T: 1000 Reward: 7474.754
Total T: 760000 Episode Num: 760 Episode T: 1000 Reward: 7299.035
---------------------------------------
Evaluation over 10 episodes: 7423.355
---------------------------------------
Total T: 761000 Episode Num: 761 Episode T: 1000 Reward: 7387.394
Total T: 762000 Episode Num: 762 Episode T: 1000 Reward: 7371.371
Total T: 763000 Episode Num: 763 Episode T: 1000 Reward: 7547.336
Total T: 764000 Episode Num: 764 Episode T: 1000 Reward: 7385.523
Total T: 765000 Episode Num: 765 Episode T: 1000 Reward: 7283.232
---------------------------------------
Evaluation over 10 episodes: 7450.693
---------------------------------------
Total T: 766000 Episode Num: 766 Episode T: 1000 Reward: 7556.932
Total T: 767000 Episode Num: 767 Episode T: 1000 Reward: 7575.162
Total T: 768000 Episode Num: 768 Episode T: 1000 Reward: 7409.765
Total T: 769000 Episode Num: 769 Episode T: 1000 Reward: 7456.671
Total T: 770000 Episode Num: 770 Episode T: 1000 Reward: 7430.877
---------------------------------------
Evaluation over 10 episodes: 7117.509
---------------------------------------
Total T: 771000 Episode Num: 771 Episode T: 1000 Reward: 7432.006
Total T: 772000 Episode Num: 772 Episode T: 1000 Reward: 7207.516
Total T: 773000 Episode Num: 773 Episode T: 1000 Reward: 7383.177
Total T: 774000 Episode Num: 774 Episode T: 1000 Reward: 7435.011
Total T: 775000 Episode Num: 775 Episode T: 1000 Reward: 7616.994
---------------------------------------
Evaluation over 10 episodes: 7493.459
---------------------------------------
Total T: 776000 Episode Num: 776 Episode T: 1000 Reward: 7510.272
Total T: 777000 Episode Num: 777 Episode T: 1000 Reward: 6886.680
Total T: 778000 Episode Num: 778 Episode T: 1000 Reward: 7312.407
Total T: 779000 Episode Num: 779 Episode T: 1000 Reward: 7568.336
Total T: 780000 Episode Num: 780 Episode T: 1000 Reward: 7320.297
---------------------------------------
Evaluation over 10 episodes: 7403.507
---------------------------------------
Total T: 781000 Episode Num: 781 Episode T: 1000 Reward: 7593.581
Total T: 782000 Episode Num: 782 Episode T: 1000 Reward: 7328.683
Total T: 783000 Episode Num: 783 Episode T: 1000 Reward: 7546.805
Total T: 784000 Episode Num: 784 Episode T: 1000 Reward: 7336.648
Total T: 785000 Episode Num: 785 Episode T: 1000 Reward: 7368.004
---------------------------------------
Evaluation over 10 episodes: 7526.344
---------------------------------------
Total T: 786000 Episode Num: 786 Episode T: 1000 Reward: 7522.971
Total T: 787000 Episode Num: 787 Episode T: 1000 Reward: 7581.448
Total T: 788000 Episode Num: 788 Episode T: 1000 Reward: 7440.647
Total T: 789000 Episode Num: 789 Episode T: 1000 Reward: 7591.174
Total T: 790000 Episode Num: 790 Episode T: 1000 Reward: 7173.267
---------------------------------------
Evaluation over 10 episodes: 7553.193
---------------------------------------
Total T: 791000 Episode Num: 791 Episode T: 1000 Reward: 7431.054
Total T: 792000 Episode Num: 792 Episode T: 1000 Reward: 7359.264
Total T: 793000 Episode Num: 793 Episode T: 1000 Reward: 7410.383
Total T: 794000 Episode Num: 794 Episode T: 1000 Reward: 7486.487
Total T: 795000 Episode Num: 795 Episode T: 1000 Reward: 7565.509
---------------------------------------
Evaluation over 10 episodes: 7466.028
---------------------------------------
Total T: 796000 Episode Num: 796 Episode T: 1000 Reward: 7401.983
Total T: 797000 Episode Num: 797 Episode T: 1000 Reward: 7654.029
Total T: 798000 Episode Num: 798 Episode T: 1000 Reward: 7520.959
Total T: 799000 Episode Num: 799 Episode T: 1000 Reward: 7403.587
Total T: 800000 Episode Num: 800 Episode T: 1000 Reward: 7548.923
---------------------------------------
Evaluation over 10 episodes: 7484.848
---------------------------------------
Total T: 801000 Episode Num: 801 Episode T: 1000 Reward: 7357.995
Total T: 802000 Episode Num: 802 Episode T: 1000 Reward: 7492.424
Total T: 803000 Episode Num: 803 Episode T: 1000 Reward: 7393.392
Total T: 804000 Episode Num: 804 Episode T: 1000 Reward: 7589.306
Total T: 805000 Episode Num: 805 Episode T: 1000 Reward: 7391.619
---------------------------------------
Evaluation over 10 episodes: 7285.137
---------------------------------------
Total T: 806000 Episode Num: 806 Episode T: 1000 Reward: 7357.353
Total T: 807000 Episode Num: 807 Episode T: 1000 Reward: 7452.192
Total T: 808000 Episode Num: 808 Episode T: 1000 Reward: 7324.511
Total T: 809000 Episode Num: 809 Episode T: 1000 Reward: 7457.809
Total T: 810000 Episode Num: 810 Episode T: 1000 Reward: 7512.306
---------------------------------------
Evaluation over 10 episodes: 7523.529
---------------------------------------
Total T: 811000 Episode Num: 811 Episode T: 1000 Reward: 7529.747
Total T: 812000 Episode Num: 812 Episode T: 1000 Reward: 7544.885
Total T: 813000 Episode Num: 813 Episode T: 1000 Reward: 7512.322
Total T: 814000 Episode Num: 814 Episode T: 1000 Reward: 7372.821
Total T: 815000 Episode Num: 815 Episode T: 1000 Reward: 7587.391
---------------------------------------
Evaluation over 10 episodes: 7510.163
---------------------------------------
Total T: 816000 Episode Num: 816 Episode T: 1000 Reward: 7383.194
Total T: 817000 Episode Num: 817 Episode T: 1000 Reward: 7428.428
Total T: 818000 Episode Num: 818 Episode T: 1000 Reward: 7238.638
Total T: 819000 Episode Num: 819 Episode T: 1000 Reward: 7609.512
Total T: 820000 Episode Num: 820 Episode T: 1000 Reward: 7650.343
---------------------------------------
Evaluation over 10 episodes: 7539.662
---------------------------------------
Total T: 821000 Episode Num: 821 Episode T: 1000 Reward: 7668.905
Total T: 822000 Episode Num: 822 Episode T: 1000 Reward: 7506.356
Total T: 823000 Episode Num: 823 Episode T: 1000 Reward: 7522.653
Total T: 824000 Episode Num: 824 Episode T: 1000 Reward: 7539.412
Total T: 825000 Episode Num: 825 Episode T: 1000 Reward: 7452.032
---------------------------------------
Evaluation over 10 episodes: 7538.833
---------------------------------------
Total T: 826000 Episode Num: 826 Episode T: 1000 Reward: 7456.128