---------------------------------------
Policy: TD3, Env: HalfCheetah-v2, Seed: 0
---------------------------------------
---------------------------------------
Evaluation over 10 episodes: -1.101
---------------------------------------
Total T: 1000 Episode Num: 1 Episode T: 1000 Reward: -201.555
Total T: 2000 Episode Num: 2 Episode T: 1000 Reward: -89.829
Total T: 3000 Episode Num: 3 Episode T: 1000 Reward: -204.902
Total T: 4000 Episode Num: 4 Episode T: 1000 Reward: -207.228
Total T: 5000 Episode Num: 5 Episode T: 1000 Reward: -223.446
---------------------------------------
Evaluation over 10 episodes: -1.092
---------------------------------------
Total T: 6000 Episode Num: 6 Episode T: 1000 Reward: -369.780
Total T: 7000 Episode Num: 7 Episode T: 1000 Reward: -350.754
Total T: 8000 Episode Num: 8 Episode T: 1000 Reward: -357.586
Total T: 9000 Episode Num: 9 Episode T: 1000 Reward: -271.564
Total T: 10000 Episode Num: 10 Episode T: 1000 Reward: -320.480
---------------------------------------
Evaluation over 10 episodes: -1.070
---------------------------------------
Total T: 11000 Episode Num: 11 Episode T: 1000 Reward: -397.861
Total T: 12000 Episode Num: 12 Episode T: 1000 Reward: -370.735
Total T: 13000 Episode Num: 13 Episode T: 1000 Reward: -198.168
Total T: 14000 Episode Num: 14 Episode T: 1000 Reward: -230.288
Total T: 15000 Episode Num: 15 Episode T: 1000 Reward: -138.360
---------------------------------------
Evaluation over 10 episodes: -1.087
---------------------------------------
Total T: 16000 Episode Num: 16 Episode T: 1000 Reward: -260.463
Total T: 17000 Episode Num: 17 Episode T: 1000 Reward: -282.760
Total T: 18000 Episode Num: 18 Episode T: 1000 Reward: -226.640
Total T: 19000 Episode Num: 19 Episode T: 1000 Reward: -228.098
Total T: 20000 Episode Num: 20 Episode T: 1000 Reward: -331.346
---------------------------------------
Evaluation over 10 episodes: -1.073
---------------------------------------
Total T: 21000 Episode Num: 21 Episode T: 1000 Reward: -210.998
Total T: 22000 Episode Num: 22 Episode T: 1000 Reward: -200.303
Total T: 23000 Episode Num: 23 Episode T: 1000 Reward: -172.169
Total T: 24000 Episode Num: 24 Episode T: 1000 Reward: -328.264
Total T: 25000 Episode Num: 25 Episode T: 1000 Reward: -307.843
---------------------------------------
Evaluation over 10 episodes: -1.091
---------------------------------------
Total T: 26000 Episode Num: 26 Episode T: 1000 Reward: -166.935
Total T: 27000 Episode Num: 27 Episode T: 1000 Reward: -517.289
Total T: 28000 Episode Num: 28 Episode T: 1000 Reward: -356.096
Total T: 29000 Episode Num: 29 Episode T: 1000 Reward: -327.232
Total T: 30000 Episode Num: 30 Episode T: 1000 Reward: -626.817
---------------------------------------
Evaluation over 10 episodes: -1092.100
---------------------------------------
Total T: 31000 Episode Num: 31 Episode T: 1000 Reward: -539.188
Total T: 32000 Episode Num: 32 Episode T: 1000 Reward: -295.259
Total T: 33000 Episode Num: 33 Episode T: 1000 Reward: -443.560
Total T: 34000 Episode Num: 34 Episode T: 1000 Reward: -205.285
Total T: 35000 Episode Num: 35 Episode T: 1000 Reward: -307.826
---------------------------------------
Evaluation over 10 episodes: -389.401
---------------------------------------
Total T: 36000 Episode Num: 36 Episode T: 1000 Reward: -301.203
Total T: 37000 Episode Num: 37 Episode T: 1000 Reward: -318.101
Total T: 38000 Episode Num: 38 Episode T: 1000 Reward: -209.179
Total T: 39000 Episode Num: 39 Episode T: 1000 Reward: -196.579
Total T: 40000 Episode Num: 40 Episode T: 1000 Reward: -219.409
---------------------------------------
Evaluation over 10 episodes: -359.239
---------------------------------------
Total T: 41000 Episode Num: 41 Episode T: 1000 Reward: 11.214
Total T: 42000 Episode Num: 42 Episode T: 1000 Reward: -261.431
Total T: 43000 Episode Num: 43 Episode T: 1000 Reward: -400.600
Total T: 44000 Episode Num: 44 Episode T: 1000 Reward: 528.445
Total T: 45000 Episode Num: 45 Episode T: 1000 Reward: 672.500
---------------------------------------
Evaluation over 10 episodes: 949.999
---------------------------------------
Total T: 46000 Episode Num: 46 Episode T: 1000 Reward: 5.179
Total T: 47000 Episode Num: 47 Episode T: 1000 Reward: 200.262
Total T: 48000 Episode Num: 48 Episode T: 1000 Reward: 855.140
Total T: 49000 Episode Num: 49 Episode T: 1000 Reward: 1341.060
Total T: 50000 Episode Num: 50 Episode T: 1000 Reward: 1335.683
---------------------------------------
Evaluation over 10 episodes: 1078.683
---------------------------------------
Total T: 51000 Episode Num: 51 Episode T: 1000 Reward: 1182.126
Total T: 52000 Episode Num: 52 Episode T: 1000 Reward: -198.512
Total T: 53000 Episode Num: 53 Episode T: 1000 Reward: 1686.812
Total T: 54000 Episode Num: 54 Episode T: 1000 Reward: -72.927
Total T: 55000 Episode Num: 55 Episode T: 1000 Reward: 1610.136
---------------------------------------
Evaluation over 10 episodes: 1601.939
---------------------------------------
Total T: 56000 Episode Num: 56 Episode T: 1000 Reward: 1748.993
Total T: 57000 Episode Num: 57 Episode T: 1000 Reward: 1757.110
Total T: 58000 Episode Num: 58 Episode T: 1000 Reward: 1707.137
Total T: 59000 Episode Num: 59 Episode T: 1000 Reward: 1876.391
Total T: 60000 Episode Num: 60 Episode T: 1000 Reward: 1124.767
---------------------------------------
Evaluation over 10 episodes: 1867.985
---------------------------------------
Total T: 61000 Episode Num: 61 Episode T: 1000 Reward: 2007.675
Total T: 62000 Episode Num: 62 Episode T: 1000 Reward: 2102.131
Total T: 63000 Episode Num: 63 Episode T: 1000 Reward: 208.686
Total T: 64000 Episode Num: 64 Episode T: 1000 Reward: 2267.737
Total T: 65000 Episode Num: 65 Episode T: 1000 Reward: 2381.114
---------------------------------------
Evaluation over 10 episodes: 2278.082
---------------------------------------
Total T: 66000 Episode Num: 66 Episode T: 1000 Reward: 2314.486
Total T: 67000 Episode Num: 67 Episode T: 1000 Reward: 2356.893
Total T: 68000 Episode Num: 68 Episode T: 1000 Reward: 2299.612
Total T: 69000 Episode Num: 69 Episode T: 1000 Reward: 2486.202
Total T: 70000 Episode Num: 70 Episode T: 1000 Reward: 2438.427
---------------------------------------
Evaluation over 10 episodes: 2379.364
---------------------------------------
Total T: 71000 Episode Num: 71 Episode T: 1000 Reward: 2224.114
Total T: 72000 Episode Num: 72 Episode T: 1000 Reward: 2418.585
Total T: 73000 Episode Num: 73 Episode T: 1000 Reward: 2910.728
Total T: 74000 Episode Num: 74 Episode T: 1000 Reward: 503.374
Total T: 75000 Episode Num: 75 Episode T: 1000 Reward: 2765.920
---------------------------------------
Evaluation over 10 episodes: 2660.845
---------------------------------------
Total T: 76000 Episode Num: 76 Episode T: 1000 Reward: 1398.110
Total T: 77000 Episode Num: 77 Episode T: 1000 Reward: 2880.275
Total T: 78000 Episode Num: 78 Episode T: 1000 Reward: 3121.823
Total T: 79000 Episode Num: 79 Episode T: 1000 Reward: 1100.475
Total T: 80000 Episode Num: 80 Episode T: 1000 Reward: 726.770
---------------------------------------
Evaluation over 10 episodes: 2386.730
---------------------------------------
Total T: 81000 Episode Num: 81 Episode T: 1000 Reward: 3203.749
Total T: 82000 Episode Num: 82 Episode T: 1000 Reward: 2910.439
Total T: 83000 Episode Num: 83 Episode T: 1000 Reward: 2956.788
Total T: 84000 Episode Num: 84 Episode T: 1000 Reward: 2137.657
Total T: 85000 Episode Num: 85 Episode T: 1000 Reward: 2276.837
---------------------------------------
Evaluation over 10 episodes: 2160.917
---------------------------------------
Total T: 86000 Episode Num: 86 Episode T: 1000 Reward: 3215.192
Total T: 87000 Episode Num: 87 Episode T: 1000 Reward: 3610.532
Total T: 88000 Episode Num: 88 Episode T: 1000 Reward: 3693.249
Total T: 89000 Episode Num: 89 Episode T: 1000 Reward: 3251.675
Total T: 90000 Episode Num: 90 Episode T: 1000 Reward: 3841.342
---------------------------------------
Evaluation over 10 episodes: 2241.477
---------------------------------------
Total T: 91000 Episode Num: 91 Episode T: 1000 Reward: 3680.662
Total T: 92000 Episode Num: 92 Episode T: 1000 Reward: 3719.824
Total T: 93000 Episode Num: 93 Episode T: 1000 Reward: 3580.828
Total T: 94000 Episode Num: 94 Episode T: 1000 Reward: 3479.011
Total T: 95000 Episode Num: 95 Episode T: 1000 Reward: 4283.683
---------------------------------------
Evaluation over 10 episodes: 3450.991
---------------------------------------
Total T: 96000 Episode Num: 96 Episode T: 1000 Reward: 1464.426
Total T: 97000 Episode Num: 97 Episode T: 1000 Reward: 4017.688
Total T: 98000 Episode Num: 98 Episode T: 1000 Reward: 3816.429
Total T: 99000 Episode Num: 99 Episode T: 1000 Reward: 3615.542
Total T: 100000 Episode Num: 100 Episode T: 1000 Reward: 4087.642
---------------------------------------
Evaluation over 10 episodes: 3316.154
---------------------------------------
Total T: 101000 Episode Num: 101 Episode T: 1000 Reward: 2066.070
Total T: 102000 Episode Num: 102 Episode T: 1000 Reward: 3163.294
Total T: 103000 Episode Num: 103 Episode T: 1000 Reward: 4407.039
Total T: 104000 Episode Num: 104 Episode T: 1000 Reward: 1255.688
Total T: 105000 Episode Num: 105 Episode T: 1000 Reward: 4480.282
---------------------------------------
Evaluation over 10 episodes: 3718.671
---------------------------------------
Total T: 106000 Episode Num: 106 Episode T: 1000 Reward: 970.556
Total T: 107000 Episode Num: 107 Episode T: 1000 Reward: 4161.097
Total T: 108000 Episode Num: 108 Episode T: 1000 Reward: 2228.363
Total T: 109000 Episode Num: 109 Episode T: 1000 Reward: 4253.621
Total T: 110000 Episode Num: 110 Episode T: 1000 Reward: 4008.235
---------------------------------------
Evaluation over 10 episodes: 3842.581
---------------------------------------
Total T: 111000 Episode Num: 111 Episode T: 1000 Reward: 4276.323
Total T: 112000 Episode Num: 112 Episode T: 1000 Reward: 4450.384
Total T: 113000 Episode Num: 113 Episode T: 1000 Reward: 4677.913
Total T: 114000 Episode Num: 114 Episode T: 1000 Reward: 4349.110
Total T: 115000 Episode Num: 115 Episode T: 1000 Reward: 4553.459
---------------------------------------
Evaluation over 10 episodes: 4078.159
---------------------------------------
Total T: 116000 Episode Num: 116 Episode T: 1000 Reward: 4591.621
Total T: 117000 Episode Num: 117 Episode T: 1000 Reward: 1277.261
Total T: 118000 Episode Num: 118 Episode T: 1000 Reward: 4940.347
Total T: 119000 Episode Num: 119 Episode T: 1000 Reward: 4712.439
Total T: 120000 Episode Num: 120 Episode T: 1000 Reward: 4968.846
---------------------------------------
Evaluation over 10 episodes: 4230.300
---------------------------------------
Total T: 121000 Episode Num: 121 Episode T: 1000 Reward: 4840.923
Total T: 122000 Episode Num: 122 Episode T: 1000 Reward: 4580.818
Total T: 123000 Episode Num: 123 Episode T: 1000 Reward: 4786.745
Total T: 124000 Episode Num: 124 Episode T: 1000 Reward: 4744.899
Total T: 125000 Episode Num: 125 Episode T: 1000 Reward: 585.171
---------------------------------------
Evaluation over 10 episodes: 4950.300
---------------------------------------
Total T: 126000 Episode Num: 126 Episode T: 1000 Reward: 4732.472
Total T: 127000 Episode Num: 127 Episode T: 1000 Reward: 5246.407
Total T: 128000 Episode Num: 128 Episode T: 1000 Reward: 4619.441
Total T: 129000 Episode Num: 129 Episode T: 1000 Reward: 4953.078
Total T: 130000 Episode Num: 130 Episode T: 1000 Reward: 5058.358
---------------------------------------
Evaluation over 10 episodes: 4507.110
---------------------------------------
Total T: 131000 Episode Num: 131 Episode T: 1000 Reward: 5245.299
Total T: 132000 Episode Num: 132 Episode T: 1000 Reward: 4925.910
Total T: 133000 Episode Num: 133 Episode T: 1000 Reward: 4977.142
Total T: 134000 Episode Num: 134 Episode T: 1000 Reward: 5252.174
Total T: 135000 Episode Num: 135 Episode T: 1000 Reward: 5027.449
---------------------------------------
Evaluation over 10 episodes: 5075.127
---------------------------------------
Total T: 136000 Episode Num: 136 Episode T: 1000 Reward: 4975.609
Total T: 137000 Episode Num: 137 Episode T: 1000 Reward: 3571.857
Total T: 138000 Episode Num: 138 Episode T: 1000 Reward: 4958.123
Total T: 139000 Episode Num: 139 Episode T: 1000 Reward: 5018.703
Total T: 140000 Episode Num: 140 Episode T: 1000 Reward: 5065.111
---------------------------------------
Evaluation over 10 episodes: 4753.226
---------------------------------------
Total T: 141000 Episode Num: 141 Episode T: 1000 Reward: 5084.970
Total T: 142000 Episode Num: 142 Episode T: 1000 Reward: 5248.121
Total T: 143000 Episode Num: 143 Episode T: 1000 Reward: 5199.684
Total T: 144000 Episode Num: 144 Episode T: 1000 Reward: 5294.182
Total T: 145000 Episode Num: 145 Episode T: 1000 Reward: 5334.843
---------------------------------------
Evaluation over 10 episodes: 5113.639
---------------------------------------
Total T: 146000 Episode Num: 146 Episode T: 1000 Reward: 5136.800
Total T: 147000 Episode Num: 147 Episode T: 1000 Reward: 5406.776
Total T: 148000 Episode Num: 148 Episode T: 1000 Reward: 5356.657
Total T: 149000 Episode Num: 149 Episode T: 1000 Reward: 5263.591
Total T: 150000 Episode Num: 150 Episode T: 1000 Reward: 4992.782
---------------------------------------
Evaluation over 10 episodes: 5131.304
---------------------------------------
Total T: 151000 Episode Num: 151 Episode T: 1000 Reward: 5365.811
Total T: 152000 Episode Num: 152 Episode T: 1000 Reward: 5402.181
Total T: 153000 Episode Num: 153 Episode T: 1000 Reward: 5043.643
Total T: 154000 Episode Num: 154 Episode T: 1000 Reward: 5117.628
Total T: 155000 Episode Num: 155 Episode T: 1000 Reward: 5280.145
---------------------------------------
Evaluation over 10 episodes: 5299.669
---------------------------------------
Total T: 156000 Episode Num: 156 Episode T: 1000 Reward: 5186.762
Total T: 157000 Episode Num: 157 Episode T: 1000 Reward: 5399.991
Total T: 158000 Episode Num: 158 Episode T: 1000 Reward: 5288.573
Total T: 159000 Episode Num: 159 Episode T: 1000 Reward: 5661.948
Total T: 160000 Episode Num: 160 Episode T: 1000 Reward: 5475.409
---------------------------------------
Evaluation over 10 episodes: 5428.479
---------------------------------------
Total T: 161000 Episode Num: 161 Episode T: 1000 Reward: 5496.737
Total T: 162000 Episode Num: 162 Episode T: 1000 Reward: 5604.619
Total T: 163000 Episode Num: 163 Episode T: 1000 Reward: 5311.045
Total T: 164000 Episode Num: 164 Episode T: 1000 Reward: 5563.725
Total T: 165000 Episode Num: 165 Episode T: 1000 Reward: 5528.000
---------------------------------------
Evaluation over 10 episodes: 5513.112
---------------------------------------
Total T: 166000 Episode Num: 166 Episode T: 1000 Reward: 5626.076
Total T: 167000 Episode Num: 167 Episode T: 1000 Reward: 5472.482
Total T: 168000 Episode Num: 168 Episode T: 1000 Reward: 5869.588
Total T: 169000 Episode Num: 169 Episode T: 1000 Reward: 5831.001
Total T: 170000 Episode Num: 170 Episode T: 1000 Reward: 5599.255
---------------------------------------
Evaluation over 10 episodes: 5729.040
---------------------------------------
Total T: 171000 Episode Num: 171 Episode T: 1000 Reward: 5893.220
Total T: 172000 Episode Num: 172 Episode T: 1000 Reward: 5400.006
Total T: 173000 Episode Num: 173 Episode T: 1000 Reward: 5992.589
Total T: 174000 Episode Num: 174 Episode T: 1000 Reward: 5877.691
Total T: 175000 Episode Num: 175 Episode T: 1000 Reward: 5699.357
---------------------------------------
Evaluation over 10 episodes: 4877.177
---------------------------------------
Total T: 176000 Episode Num: 176 Episode T: 1000 Reward: 927.867
Total T: 177000 Episode Num: 177 Episode T: 1000 Reward: 5976.240
Total T: 178000 Episode Num: 178 Episode T: 1000 Reward: 5364.767
Total T: 179000 Episode Num: 179 Episode T: 1000 Reward: 5541.857
Total T: 180000 Episode Num: 180 Episode T: 1000 Reward: 5315.436
---------------------------------------
Evaluation over 10 episodes: 5533.094
---------------------------------------
Total T: 181000 Episode Num: 181 Episode T: 1000 Reward: 5905.960
Total T: 182000 Episode Num: 182 Episode T: 1000 Reward: 5780.447
Total T: 183000 Episode Num: 183 Episode T: 1000 Reward: 5789.479
Total T: 184000 Episode Num: 184 Episode T: 1000 Reward: 6089.226
Total T: 185000 Episode Num: 185 Episode T: 1000 Reward: 5777.822
---------------------------------------
Evaluation over 10 episodes: 5990.295
---------------------------------------
Total T: 186000 Episode Num: 186 Episode T: 1000 Reward: 5821.355
Total T: 187000 Episode Num: 187 Episode T: 1000 Reward: 5909.070
Total T: 188000 Episode Num: 188 Episode T: 1000 Reward: 5515.055
Total T: 189000 Episode Num: 189 Episode T: 1000 Reward: 6105.378
Total T: 190000 Episode Num: 190 Episode T: 1000 Reward: 6005.624
---------------------------------------
Evaluation over 10 episodes: 6066.723
---------------------------------------
Total T: 191000 Episode Num: 191 Episode T: 1000 Reward: 5757.233
Total T: 192000 Episode Num: 192 Episode T: 1000 Reward: 5980.499
Total T: 193000 Episode Num: 193 Episode T: 1000 Reward: 5989.347
Total T: 194000 Episode Num: 194 Episode T: 1000 Reward: 5577.209
Total T: 195000 Episode Num: 195 Episode T: 1000 Reward: 5843.987
---------------------------------------
Evaluation over 10 episodes: 5354.285
---------------------------------------
Total T: 196000 Episode Num: 196 Episode T: 1000 Reward: 6185.381
Total T: 197000 Episode Num: 197 Episode T: 1000 Reward: 5864.572
Total T: 198000 Episode Num: 198 Episode T: 1000 Reward: 6054.512
Total T: 199000 Episode Num: 199 Episode T: 1000 Reward: 6181.048
Total T: 200000 Episode Num: 200 Episode T: 1000 Reward: 6327.724
---------------------------------------
Evaluation over 10 episodes: 6007.452
---------------------------------------
Total T: 201000 Episode Num: 201 Episode T: 1000 Reward: 6205.891
Total T: 202000 Episode Num: 202 Episode T: 1000 Reward: 6218.621
Total T: 203000 Episode Num: 203 Episode T: 1000 Reward: 5940.589
Total T: 204000 Episode Num: 204 Episode T: 1000 Reward: 6014.257
Total T: 205000 Episode Num: 205 Episode T: 1000 Reward: 6117.182
---------------------------------------
Evaluation over 10 episodes: 6076.657
---------------------------------------
Total T: 206000 Episode Num: 206 Episode T: 1000 Reward: 6042.810
Total T: 207000 Episode Num: 207 Episode T: 1000 Reward: 6025.945
Total T: 208000 Episode Num: 208 Episode T: 1000 Reward: 5955.491
Total T: 209000 Episode Num: 209 Episode T: 1000 Reward: 6578.153
Total T: 210000 Episode Num: 210 Episode T: 1000 Reward: 6424.030
---------------------------------------
Evaluation over 10 episodes: 5723.663
---------------------------------------
Total T: 211000 Episode Num: 211 Episode T: 1000 Reward: 6287.138
Total T: 212000 Episode Num: 212 Episode T: 1000 Reward: 6163.994
Total T: 213000 Episode Num: 213 Episode T: 1000 Reward: 6397.816
Total T: 214000 Episode Num: 214 Episode T: 1000 Reward: 6196.992
Total T: 215000 Episode Num: 215 Episode T: 1000 Reward: 6497.279
---------------------------------------
Evaluation over 10 episodes: 5636.053
---------------------------------------
Total T: 216000 Episode Num: 216 Episode T: 1000 Reward: 1961.442
Total T: 217000 Episode Num: 217 Episode T: 1000 Reward: 6452.438
Total T: 218000 Episode Num: 218 Episode T: 1000 Reward: 6342.934
Total T: 219000 Episode Num: 219 Episode T: 1000 Reward: 6347.930
Total T: 220000 Episode Num: 220 Episode T: 1000 Reward: 6455.217
---------------------------------------
Evaluation over 10 episodes: 6489.801
---------------------------------------
Total T: 221000 Episode Num: 221 Episode T: 1000 Reward: 6338.598
Total T: 222000 Episode Num: 222 Episode T: 1000 Reward: 5588.852
Total T: 223000 Episode Num: 223 Episode T: 1000 Reward: 6534.323
Total T: 224000 Episode Num: 224 Episode T: 1000 Reward: 6555.981
Total T: 225000 Episode Num: 225 Episode T: 1000 Reward: 1417.391
---------------------------------------
Evaluation over 10 episodes: 5654.904
---------------------------------------
Total T: 226000 Episode Num: 226 Episode T: 1000 Reward: 6639.497
Total T: 227000 Episode Num: 227 Episode T: 1000 Reward: 6527.711
Total T: 228000 Episode Num: 228 Episode T: 1000 Reward: 5886.996
Total T: 229000 Episode Num: 229 Episode T: 1000 Reward: 6701.244
Total T: 230000 Episode Num: 230 Episode T: 1000 Reward: 6777.746
---------------------------------------
Evaluation over 10 episodes: 6132.807
---------------------------------------
Total T: 231000 Episode Num: 231 Episode T: 1000 Reward: 6592.015
Total T: 232000 Episode Num: 232 Episode T: 1000 Reward: 7070.717
Total T: 233000 Episode Num: 233 Episode T: 1000 Reward: 6514.449
Total T: 234000 Episode Num: 234 Episode T: 1000 Reward: 6135.660
Total T: 235000 Episode Num: 235 Episode T: 1000 Reward: 6513.611
---------------------------------------
Evaluation over 10 episodes: 6487.040
---------------------------------------
Total T: 236000 Episode Num: 236 Episode T: 1000 Reward: 6726.717
Total T: 237000 Episode Num: 237 Episode T: 1000 Reward: 6944.050
Total T: 238000 Episode Num: 238 Episode T: 1000 Reward: 1897.629
Total T: 239000 Episode Num: 239 Episode T: 1000 Reward: 6470.001
Total T: 240000 Episode Num: 240 Episode T: 1000 Reward: 3115.170
---------------------------------------
Evaluation over 10 episodes: 6172.785
---------------------------------------
Total T: 241000 Episode Num: 241 Episode T: 1000 Reward: 6929.571
Total T: 242000 Episode Num: 242 Episode T: 1000 Reward: 6855.417
Total T: 243000 Episode Num: 243 Episode T: 1000 Reward: 6513.491
Total T: 244000 Episode Num: 244 Episode T: 1000 Reward: 6755.256
Total T: 245000 Episode Num: 245 Episode T: 1000 Reward: 7063.957
---------------------------------------
Evaluation over 10 episodes: 4937.283
---------------------------------------
Total T: 246000 Episode Num: 246 Episode T: 1000 Reward: 1898.520
Total T: 247000 Episode Num: 247 Episode T: 1000 Reward: 6803.766
Total T: 248000 Episode Num: 248 Episode T: 1000 Reward: 6915.828
Total T: 249000 Episode Num: 249 Episode T: 1000 Reward: 6721.215
Total T: 250000 Episode Num: 250 Episode T: 1000 Reward: 6730.776
---------------------------------------
Evaluation over 10 episodes: 6899.444
---------------------------------------
Total T: 251000 Episode Num: 251 Episode T: 1000 Reward: 6102.962
Total T: 252000 Episode Num: 252 Episode T: 1000 Reward: 6732.619
Total T: 253000 Episode Num: 253 Episode T: 1000 Reward: 7063.226
Total T: 254000 Episode Num: 254 Episode T: 1000 Reward: 7121.755
Total T: 255000 Episode Num: 255 Episode T: 1000 Reward: 7341.088
---------------------------------------
Evaluation over 10 episodes: 6523.088
---------------------------------------
Total T: 256000 Episode Num: 256 Episode T: 1000 Reward: 7298.746
Total T: 257000 Episode Num: 257 Episode T: 1000 Reward: 6758.762
Total T: 258000 Episode Num: 258 Episode T: 1000 Reward: 7134.097
Total T: 259000 Episode Num: 259 Episode T: 1000 Reward: 7052.889
Total T: 260000 Episode Num: 260 Episode T: 1000 Reward: 7229.161
---------------------------------------
Evaluation over 10 episodes: 7180.882
---------------------------------------
Total T: 261000 Episode Num: 261 Episode T: 1000 Reward: 7015.611
Total T: 262000 Episode Num: 262 Episode T: 1000 Reward: 7166.728
Total T: 263000 Episode Num: 263 Episode T: 1000 Reward: 7000.780
Total T: 264000 Episode Num: 264 Episode T: 1000 Reward: 6943.830
Total T: 265000 Episode Num: 265 Episode T: 1000 Reward: 3931.944
---------------------------------------
Evaluation over 10 episodes: 7024.772
---------------------------------------
Total T: 266000 Episode Num: 266 Episode T: 1000 Reward: 7141.839
Total T: 267000 Episode Num: 267 Episode T: 1000 Reward: 7103.233
Total T: 268000 Episode Num: 268 Episode T: 1000 Reward: 6892.219
Total T: 269000 Episode Num: 269 Episode T: 1000 Reward: 7191.093
Total T: 270000 Episode Num: 270 Episode T: 1000 Reward: 548.361
---------------------------------------
Evaluation over 10 episodes: 7233.313
---------------------------------------
Total T: 271000 Episode Num: 271 Episode T: 1000 Reward: 2073.146
Total T: 272000 Episode Num: 272 Episode T: 1000 Reward: 7380.716
Total T: 273000 Episode Num: 273 Episode T: 1000 Reward: 7455.999
Total T: 274000 Episode Num: 274 Episode T: 1000 Reward: 1860.614
Total T: 275000 Episode Num: 275 Episode T: 1000 Reward: 6981.481
---------------------------------------
Evaluation over 10 episodes: 6379.228
---------------------------------------
Total T: 276000 Episode Num: 276 Episode T: 1000 Reward: 6724.956
Total T: 277000 Episode Num: 277 Episode T: 1000 Reward: 6799.280
Total T: 278000 Episode Num: 278 Episode T: 1000 Reward: 7025.880
Total T: 279000 Episode Num: 279 Episode T: 1000 Reward: 2253.985
Total T: 280000 Episode Num: 280 Episode T: 1000 Reward: 7491.367
---------------------------------------
Evaluation over 10 episodes: 7205.109
---------------------------------------
Total T: 281000 Episode Num: 281 Episode T: 1000 Reward: 7251.076
Total T: 282000 Episode Num: 282 Episode T: 1000 Reward: 7209.107
Total T: 283000 Episode Num: 283 Episode T: 1000 Reward: 6854.957
Total T: 284000 Episode Num: 284 Episode T: 1000 Reward: 7405.265
Total T: 285000 Episode Num: 285 Episode T: 1000 Reward: 7325.409
---------------------------------------
Evaluation over 10 episodes: 7088.577
---------------------------------------
Total T: 286000 Episode Num: 286 Episode T: 1000 Reward: 7201.229
Total T: 287000 Episode Num: 287 Episode T: 1000 Reward: 7056.010
Total T: 288000 Episode Num: 288 Episode T: 1000 Reward: 7006.169
Total T: 289000 Episode Num: 289 Episode T: 1000 Reward: 7227.294
Total T: 290000 Episode Num: 290 Episode T: 1000 Reward: 7469.024
---------------------------------------
Evaluation over 10 episodes: 7092.288
---------------------------------------
Total T: 291000 Episode Num: 291 Episode T: 1000 Reward: 7116.099
Total T: 292000 Episode Num: 292 Episode T: 1000 Reward: 7357.500
Total T: 293000 Episode Num: 293 Episode T: 1000 Reward: 7251.603
Total T: 294000 Episode Num: 294 Episode T: 1000 Reward: 7361.797
Total T: 295000 Episode Num: 295 Episode T: 1000 Reward: 7282.324
---------------------------------------
Evaluation over 10 episodes: 6540.798
---------------------------------------
Total T: 296000 Episode Num: 296 Episode T: 1000 Reward: 6923.304
Total T: 297000 Episode Num: 297 Episode T: 1000 Reward: 7440.915
Total T: 298000 Episode Num: 298 Episode T: 1000 Reward: 7336.136
Total T: 299000 Episode Num: 299 Episode T: 1000 Reward: 4843.477
Total T: 300000 Episode Num: 300 Episode T: 1000 Reward: 7141.456
---------------------------------------
Evaluation over 10 episodes: 7329.352
---------------------------------------
Total T: 301000 Episode Num: 301 Episode T: 1000 Reward: 7383.931
Total T: 302000 Episode Num: 302 Episode T: 1000 Reward: 7271.265
Total T: 303000 Episode Num: 303 Episode T: 1000 Reward: 1811.290
Total T: 304000 Episode Num: 304 Episode T: 1000 Reward: 3841.519
Total T: 305000 Episode Num: 305 Episode T: 1000 Reward: 7204.754
---------------------------------------
Evaluation over 10 episodes: 7531.898
---------------------------------------
Total T: 306000 Episode Num: 306 Episode T: 1000 Reward: 7074.359
Total T: 307000 Episode Num: 307 Episode T: 1000 Reward: 7007.954
Total T: 308000 Episode Num: 308 Episode T: 1000 Reward: 7675.875
Total T: 309000 Episode Num: 309 Episode T: 1000 Reward: 7420.463
Total T: 310000 Episode Num: 310 Episode T: 1000 Reward: 7490.269
---------------------------------------
Evaluation over 10 episodes: 7280.798
---------------------------------------
Total T: 311000 Episode Num: 311 Episode T: 1000 Reward: 7388.491
Total T: 312000 Episode Num: 312 Episode T: 1000 Reward: 7541.659
Total T: 313000 Episode Num: 313 Episode T: 1000 Reward: 7567.587
Total T: 314000 Episode Num: 314 Episode T: 1000 Reward: 7871.720
Total T: 315000 Episode Num: 315 Episode T: 1000 Reward: 7541.352
---------------------------------------
Evaluation over 10 episodes: 7655.985
---------------------------------------
Total T: 316000 Episode Num: 316 Episode T: 1000 Reward: 7363.358
Total T: 317000 Episode Num: 317 Episode T: 1000 Reward: 5222.648
Total T: 318000 Episode Num: 318 Episode T: 1000 Reward: 7745.188
Total T: 319000 Episode Num: 319 Episode T: 1000 Reward: 7744.768
Total T: 320000 Episode Num: 320 Episode T: 1000 Reward: 7754.292
---------------------------------------
Evaluation over 10 episodes: 7096.306
---------------------------------------
Total T: 321000 Episode Num: 321 Episode T: 1000 Reward: 7842.451
Total T: 322000 Episode Num: 322 Episode T: 1000 Reward: 7515.525
Total T: 323000 Episode Num: 323 Episode T: 1000 Reward: 7819.835
Total T: 324000 Episode Num: 324 Episode T: 1000 Reward: 7816.483
Total T: 325000 Episode Num: 325 Episode T: 1000 Reward: 7548.578
---------------------------------------
Evaluation over 10 episodes: 7868.608
---------------------------------------
Total T: 326000 Episode Num: 326 Episode T: 1000 Reward: 7750.700
Total T: 327000 Episode Num: 327 Episode T: 1000 Reward: 7700.541
Total T: 328000 Episode Num: 328 Episode T: 1000 Reward: 1741.476
Total T: 329000 Episode Num: 329 Episode T: 1000 Reward: 7474.478
Total T: 330000 Episode Num: 330 Episode T: 1000 Reward: 4904.959
---------------------------------------
Evaluation over 10 episodes: 7911.539
---------------------------------------
Total T: 331000 Episode Num: 331 Episode T: 1000 Reward: 8015.863
Total T: 332000 Episode Num: 332 Episode T: 1000 Reward: 7617.378
Total T: 333000 Episode Num: 333 Episode T: 1000 Reward: 7642.109
Total T: 334000 Episode Num: 334 Episode T: 1000 Reward: 7436.481
Total T: 335000 Episode Num: 335 Episode T: 1000 Reward: 7995.329
---------------------------------------
Evaluation over 10 episodes: 7954.292
---------------------------------------
Total T: 336000 Episode Num: 336 Episode T: 1000 Reward: 7845.767
Total T: 337000 Episode Num: 337 Episode T: 1000 Reward: 7751.541
Total T: 338000 Episode Num: 338 Episode T: 1000 Reward: 8177.249
Total T: 339000 Episode Num: 339 Episode T: 1000 Reward: 3596.542
Total T: 340000 Episode Num: 340 Episode T: 1000 Reward: 7725.223
---------------------------------------
Evaluation over 10 episodes: 7816.669
---------------------------------------
Total T: 341000 Episode Num: 341 Episode T: 1000 Reward: 2732.836
Total T: 342000 Episode Num: 342 Episode T: 1000 Reward: 7895.752
Total T: 343000 Episode Num: 343 Episode T: 1000 Reward: 7466.920
Total T: 344000 Episode Num: 344 Episode T: 1000 Reward: 7588.863
Total T: 345000 Episode Num: 345 Episode T: 1000 Reward: 8131.789
---------------------------------------
Evaluation over 10 episodes: 7856.353
---------------------------------------
Total T: 346000 Episode Num: 346 Episode T: 1000 Reward: 7888.328
Total T: 347000 Episode Num: 347 Episode T: 1000 Reward: 7896.359
Total T: 348000 Episode Num: 348 Episode T: 1000 Reward: 7694.713
Total T: 349000 Episode Num: 349 Episode T: 1000 Reward: 8132.576
Total T: 350000 Episode Num: 350 Episode T: 1000 Reward: 7834.004
---------------------------------------
Evaluation over 10 episodes: 7703.222
---------------------------------------
Total T: 351000 Episode Num: 351 Episode T: 1000 Reward: 7991.315
Total T: 352000 Episode Num: 352 Episode T: 1000 Reward: 8171.103
Total T: 353000 Episode Num: 353 Episode T: 1000 Reward: 8034.420
Total T: 354000 Episode Num: 354 Episode T: 1000 Reward: 8227.975
Total T: 355000 Episode Num: 355 Episode T: 1000 Reward: 8083.471
---------------------------------------
Evaluation over 10 episodes: 7737.701
---------------------------------------
Total T: 356000 Episode Num: 356 Episode T: 1000 Reward: 7736.027
Total T: 357000 Episode Num: 357 Episode T: 1000 Reward: 8063.125
Total T: 358000 Episode Num: 358 Episode T: 1000 Reward: 7954.365
Total T: 359000 Episode Num: 359 Episode T: 1000 Reward: 8014.439
Total T: 360000 Episode Num: 360 Episode T: 1000 Reward: 7998.175
---------------------------------------
Evaluation over 10 episodes: 7445.270
---------------------------------------
Total T: 361000 Episode Num: 361 Episode T: 1000 Reward: 8062.570
Total T: 362000 Episode Num: 362 Episode T: 1000 Reward: 7531.679
Total T: 363000 Episode Num: 363 Episode T: 1000 Reward: 7820.484
Total T: 364000 Episode Num: 364 Episode T: 1000 Reward: 8180.219
Total T: 365000 Episode Num: 365 Episode T: 1000 Reward: 8000.625
---------------------------------------
Evaluation over 10 episodes: 8219.481
---------------------------------------
Total T: 366000 Episode Num: 366 Episode T: 1000 Reward: 7976.778
Total T: 367000 Episode Num: 367 Episode T: 1000 Reward: 8142.421
Total T: 368000 Episode Num: 368 Episode T: 1000 Reward: 7757.424
Total T: 369000 Episode Num: 369 Episode T: 1000 Reward: 6941.566
Total T: 370000 Episode Num: 370 Episode T: 1000 Reward: 2938.056
---------------------------------------
Evaluation over 10 episodes: 8048.984
---------------------------------------
Total T: 371000 Episode Num: 371 Episode T: 1000 Reward: 8145.437
Total T: 372000 Episode Num: 372 Episode T: 1000 Reward: 8089.277
Total T: 373000 Episode Num: 373 Episode T: 1000 Reward: 7852.053
Total T: 374000 Episode Num: 374 Episode T: 1000 Reward: 7633.587
Total T: 375000 Episode Num: 375 Episode T: 1000 Reward: 8219.678
---------------------------------------
Evaluation over 10 episodes: 7693.475
---------------------------------------
Total T: 376000 Episode Num: 376 Episode T: 1000 Reward: 6616.517
Total T: 377000 Episode Num: 377 Episode T: 1000 Reward: 7989.734
Total T: 378000 Episode Num: 378 Episode T: 1000 Reward: 7844.790
Total T: 379000 Episode Num: 379 Episode T: 1000 Reward: 8128.827
Total T: 380000 Episode Num: 380 Episode T: 1000 Reward: 8251.971
---------------------------------------
Evaluation over 10 episodes: 8127.475
---------------------------------------
Total T: 381000 Episode Num: 381 Episode T: 1000 Reward: 8274.599
Total T: 382000 Episode Num: 382 Episode T: 1000 Reward: 8118.689
Total T: 383000 Episode Num: 383 Episode T: 1000 Reward: 8241.546
Total T: 384000 Episode Num: 384 Episode T: 1000 Reward: 8135.779
Total T: 385000 Episode Num: 385 Episode T: 1000 Reward: 8264.194
---------------------------------------
Evaluation over 10 episodes: 8135.921
---------------------------------------
Total T: 386000 Episode Num: 386 Episode T: 1000 Reward: 7811.982
Total T: 387000 Episode Num: 387 Episode T: 1000 Reward: 8189.795
Total T: 388000 Episode Num: 388 Episode T: 1000 Reward: 8315.144
Total T: 389000 Episode Num: 389 Episode T: 1000 Reward: 8116.140
Total T: 390000 Episode Num: 390 Episode T: 1000 Reward: 8167.184
---------------------------------------
Evaluation over 10 episodes: 8302.275
---------------------------------------
Total T: 391000 Episode Num: 391 Episode T: 1000 Reward: 8121.087
Total T: 392000 Episode Num: 392 Episode T: 1000 Reward: 8397.915
Total T: 393000 Episode Num: 393 Episode T: 1000 Reward: 2644.806
Total T: 394000 Episode Num: 394 Episode T: 1000 Reward: 8045.135
Total T: 395000 Episode Num: 395 Episode T: 1000 Reward: 8111.471
---------------------------------------
Evaluation over 10 episodes: 8326.903
---------------------------------------
Total T: 396000 Episode Num: 396 Episode T: 1000 Reward: 8163.524
Total T: 397000 Episode Num: 397 Episode T: 1000 Reward: 7722.938
Total T: 398000 Episode Num: 398 Episode T: 1000 Reward: 7985.316
Total T: 399000 Episode Num: 399 Episode T: 1000 Reward: 8309.268
Total T: 400000 Episode Num: 400 Episode T: 1000 Reward: 8057.681
---------------------------------------
Evaluation over 10 episodes: 8426.042
---------------------------------------
Total T: 401000 Episode Num: 401 Episode T: 1000 Reward: 8709.686
Total T: 402000 Episode Num: 402 Episode T: 1000 Reward: 8152.508
Total T: 403000 Episode Num: 403 Episode T: 1000 Reward: 8649.097
Total T: 404000 Episode Num: 404 Episode T: 1000 Reward: 8119.764
Total T: 405000 Episode Num: 405 Episode T: 1000 Reward: 8181.047
---------------------------------------
Evaluation over 10 episodes: 8209.100
---------------------------------------
Total T: 406000 Episode Num: 406 Episode T: 1000 Reward: 8304.356
Total T: 407000 Episode Num: 407 Episode T: 1000 Reward: 8369.976
Total T: 408000 Episode Num: 408 Episode T: 1000 Reward: 8241.871
Total T: 409000 Episode Num: 409 Episode T: 1000 Reward: 8738.571
Total T: 410000 Episode Num: 410 Episode T: 1000 Reward: 8439.924
---------------------------------------
Evaluation over 10 episodes: 8539.506
---------------------------------------
Total T: 411000 Episode Num: 411 Episode T: 1000 Reward: 8443.943
Total T: 412000 Episode Num: 412 Episode T: 1000 Reward: 8389.878
Total T: 413000 Episode Num: 413 Episode T: 1000 Reward: 2558.410
Total T: 414000 Episode Num: 414 Episode T: 1000 Reward: 8296.657
Total T: 415000 Episode Num: 415 Episode T: 1000 Reward: 8254.795
---------------------------------------
Evaluation over 10 episodes: 8345.940
---------------------------------------
Total T: 416000 Episode Num: 416 Episode T: 1000 Reward: 8675.430
Total T: 417000 Episode Num: 417 Episode T: 1000 Reward: 8206.227
Total T: 418000 Episode Num: 418 Episode T: 1000 Reward: 8180.710
Total T: 419000 Episode Num: 419 Episode T: 1000 Reward: 8580.853
Total T: 420000 Episode Num: 420 Episode T: 1000 Reward: 8298.970
---------------------------------------
Evaluation over 10 episodes: 8285.177
---------------------------------------
Total T: 421000 Episode Num: 421 Episode T: 1000 Reward: 8401.129
Total T: 422000 Episode Num: 422 Episode T: 1000 Reward: 8312.608
Total T: 423000 Episode Num: 423 Episode T: 1000 Reward: 8597.216
Total T: 424000 Episode Num: 424 Episode T: 1000 Reward: 8663.690
Total T: 425000 Episode Num: 425 Episode T: 1000 Reward: 8190.897
---------------------------------------
Evaluation over 10 episodes: 8382.691
---------------------------------------
Total T: 426000 Episode Num: 426 Episode T: 1000 Reward: 8294.531
Total T: 427000 Episode Num: 427 Episode T: 1000 Reward: 8304.374
Total T: 428000 Episode Num: 428 Episode T: 1000 Reward: 8271.468
Total T: 429000 Episode Num: 429 Episode T: 1000 Reward: 8541.272
Total T: 430000 Episode Num: 430 Episode T: 1000 Reward: 8592.592
---------------------------------------
Evaluation over 10 episodes: 8377.143
---------------------------------------
Total T: 431000 Episode Num: 431 Episode T: 1000 Reward: 8379.736
Total T: 432000 Episode Num: 432 Episode T: 1000 Reward: 8494.311
Total T: 433000 Episode Num: 433 Episode T: 1000 Reward: 8523.734
Total T: 434000 Episode Num: 434 Episode T: 1000 Reward: 8413.981
Total T: 435000 Episode Num: 435 Episode T: 1000 Reward: 8738.425
---------------------------------------
Evaluation over 10 episodes: 7947.532
---------------------------------------
Total T: 436000 Episode Num: 436 Episode T: 1000 Reward: 8555.238
Total T: 437000 Episode Num: 437 Episode T: 1000 Reward: 8547.936
Total T: 438000 Episode Num: 438 Episode T: 1000 Reward: 8302.326
Total T: 439000 Episode Num: 439 Episode T: 1000 Reward: 8558.538
Total T: 440000 Episode Num: 440 Episode T: 1000 Reward: 8786.007
---------------------------------------
Evaluation over 10 episodes: 8545.765
---------------------------------------
Total T: 441000 Episode Num: 441 Episode T: 1000 Reward: 8521.223
Total T: 442000 Episode Num: 442 Episode T: 1000 Reward: 8853.994
Total T: 443000 Episode Num: 443 Episode T: 1000 Reward: 8370.768
Total T: 444000 Episode Num: 444 Episode T: 1000 Reward: 8632.437
Total T: 445000 Episode Num: 445 Episode T: 1000 Reward: 8622.239
---------------------------------------
Evaluation over 10 episodes: 7905.838
---------------------------------------
Total T: 446000 Episode Num: 446 Episode T: 1000 Reward: 8591.303
Total T: 447000 Episode Num: 447 Episode T: 1000 Reward: 8413.214
Total T: 448000 Episode Num: 448 Episode T: 1000 Reward: 8458.845
Total T: 449000 Episode Num: 449 Episode T: 1000 Reward: 8461.208
Total T: 450000 Episode Num: 450 Episode T: 1000 Reward: 8006.548
---------------------------------------
Evaluation over 10 episodes: 8052.008
---------------------------------------
Total T: 451000 Episode Num: 451 Episode T: 1000 Reward: 7386.662
Total T: 452000 Episode Num: 452 Episode T: 1000 Reward: 8813.830
Total T: 453000 Episode Num: 453 Episode T: 1000 Reward: 8403.491
Total T: 454000 Episode Num: 454 Episode T: 1000 Reward: 8430.556
Total T: 455000 Episode Num: 455 Episode T: 1000 Reward: 8378.295
---------------------------------------
Evaluation over 10 episodes: 8406.369
---------------------------------------
Total T: 456000 Episode Num: 456 Episode T: 1000 Reward: 8642.314
Total T: 457000 Episode Num: 457 Episode T: 1000 Reward: 8765.013
Total T: 458000 Episode Num: 458 Episode T: 1000 Reward: 8701.291
Total T: 459000 Episode Num: 459 Episode T: 1000 Reward: 8694.759
Total T: 460000 Episode Num: 460 Episode T: 1000 Reward: 8353.944
---------------------------------------
Evaluation over 10 episodes: 8623.161
---------------------------------------
Total T: 461000 Episode Num: 461 Episode T: 1000 Reward: 8735.633
Total T: 462000 Episode Num: 462 Episode T: 1000 Reward: 8301.389
Total T: 463000 Episode Num: 463 Episode T: 1000 Reward: 8278.413
Total T: 464000 Episode Num: 464 Episode T: 1000 Reward: 8816.207
Total T: 465000 Episode Num: 465 Episode T: 1000 Reward: 8561.596
---------------------------------------
Evaluation over 10 episodes: 8735.953
---------------------------------------
Total T: 466000 Episode Num: 466 Episode T: 1000 Reward: 8157.496
Total T: 467000 Episode Num: 467 Episode T: 1000 Reward: 8579.767
Total T: 468000 Episode Num: 468 Episode T: 1000 Reward: 8669.424
Total T: 469000 Episode Num: 469 Episode T: 1000 Reward: 8324.460
Total T: 470000 Episode Num: 470 Episode T: 1000 Reward: 8500.669
---------------------------------------
Evaluation over 10 episodes: 8774.691
---------------------------------------
Total T: 471000 Episode Num: 471 Episode T: 1000 Reward: 8404.615
Total T: 472000 Episode Num: 472 Episode T: 1000 Reward: 3737.205
Total T: 473000 Episode Num: 473 Episode T: 1000 Reward: 8777.700
Total T: 474000 Episode Num: 474 Episode T: 1000 Reward: 8830.787
Total T: 475000 Episode Num: 475 Episode T: 1000 Reward: 8514.858
---------------------------------------
Evaluation over 10 episodes: 8090.987
---------------------------------------
Total T: 476000 Episode Num: 476 Episode T: 1000 Reward: 8563.944
Total T: 477000 Episode Num: 477 Episode T: 1000 Reward: 8388.928
Total T: 478000 Episode Num: 478 Episode T: 1000 Reward: 8771.796
Total T: 479000 Episode Num: 479 Episode T: 1000 Reward: 8940.691
Total T: 480000 Episode Num: 480 Episode T: 1000 Reward: 8714.098
---------------------------------------
Evaluation over 10 episodes: 8598.208
---------------------------------------
Total T: 481000 Episode Num: 481 Episode T: 1000 Reward: 8684.057
Total T: 482000 Episode Num: 482 Episode T: 1000 Reward: 8740.684
Total T: 483000 Episode Num: 483 Episode T: 1000 Reward: 8516.774
Total T: 484000 Episode Num: 484 Episode T: 1000 Reward: 8532.692
Total T: 485000 Episode Num: 485 Episode T: 1000 Reward: 8618.679
---------------------------------------
Evaluation over 10 episodes: 8820.024
---------------------------------------
Total T: 486000 Episode Num: 486 Episode T: 1000 Reward: 8696.041
Total T: 487000 Episode Num: 487 Episode T: 1000 Reward: 8545.314
Total T: 488000 Episode Num: 488 Episode T: 1000 Reward: 8024.681
Total T: 489000 Episode Num: 489 Episode T: 1000 Reward: 8464.588
Total T: 490000 Episode Num: 490 Episode T: 1000 Reward: 8700.664
---------------------------------------
Evaluation over 10 episodes: 8553.022
---------------------------------------
Total T: 491000 Episode Num: 491 Episode T: 1000 Reward: 8701.482
Total T: 492000 Episode Num: 492 Episode T: 1000 Reward: 8721.194
Total T: 493000 Episode Num: 493 Episode T: 1000 Reward: 8692.655
Total T: 494000 Episode Num: 494 Episode T: 1000 Reward: 8842.637
Total T: 495000 Episode Num: 495 Episode T: 1000 Reward: 8490.648
---------------------------------------
Evaluation over 10 episodes: 8493.527
---------------------------------------
Total T: 496000 Episode Num: 496 Episode T: 1000 Reward: 8491.356
Total T: 497000 Episode Num: 497 Episode T: 1000 Reward: 8736.904
Total T: 498000 Episode Num: 498 Episode T: 1000 Reward: 8832.095
Total T: 499000 Episode Num: 499 Episode T: 1000 Reward: 8901.084
Total T: 500000 Episode Num: 500 Episode T: 1000 Reward: 8774.672
---------------------------------------
Evaluation over 10 episodes: 8698.011
---------------------------------------
Total T: 501000 Episode Num: 501 Episode T: 1000 Reward: 8660.278
Total T: 502000 Episode Num: 502 Episode T: 1000 Reward: 8713.927
Total T: 503000 Episode Num: 503 Episode T: 1000 Reward: 8691.837
Total T: 504000 Episode Num: 504 Episode T: 1000 Reward: 8807.993
Total T: 505000 Episode Num: 505 Episode T: 1000 Reward: 8729.351
---------------------------------------
Evaluation over 10 episodes: 8712.000
---------------------------------------
Total T: 506000 Episode Num: 506 Episode T: 1000 Reward: 8904.803
Total T: 507000 Episode Num: 507 Episode T: 1000 Reward: 8676.536
Total T: 508000 Episode Num: 508 Episode T: 1000 Reward: 8752.867
Total T: 509000 Episode Num: 509 Episode T: 1000 Reward: 8654.049
Total T: 510000 Episode Num: 510 Episode T: 1000 Reward: 8905.656
---------------------------------------
Evaluation over 10 episodes: 8675.426
---------------------------------------
Total T: 511000 Episode Num: 511 Episode T: 1000 Reward: 8810.043
Total T: 512000 Episode Num: 512 Episode T: 1000 Reward: 8903.048
Total T: 513000 Episode Num: 513 Episode T: 1000 Reward: 8495.635
Total T: 514000 Episode Num: 514 Episode T: 1000 Reward: 8798.078
Total T: 515000 Episode Num: 515 Episode T: 1000 Reward: 8578.164
---------------------------------------
Evaluation over 10 episodes: 8758.251
---------------------------------------
Total T: 516000 Episode Num: 516 Episode T: 1000 Reward: 2821.470
Total T: 517000 Episode Num: 517 Episode T: 1000 Reward: 8653.480
Total T: 518000 Episode Num: 518 Episode T: 1000 Reward: 8508.487
Total T: 519000 Episode Num: 519 Episode T: 1000 Reward: 8701.178
Total T: 520000 Episode Num: 520 Episode T: 1000 Reward: 9056.059
---------------------------------------
Evaluation over 10 episodes: 9048.589
---------------------------------------
Total T: 521000 Episode Num: 521 Episode T: 1000 Reward: 8899.121
Total T: 522000 Episode Num: 522 Episode T: 1000 Reward: 8522.109
Total T: 523000 Episode Num: 523 Episode T: 1000 Reward: 8788.695
Total T: 524000 Episode Num: 524 Episode T: 1000 Reward: 8754.979
Total T: 525000 Episode Num: 525 Episode T: 1000 Reward: 8870.856
---------------------------------------
Evaluation over 10 episodes: 8764.239
---------------------------------------
Total T: 526000 Episode Num: 526 Episode T: 1000 Reward: 8978.810
Total T: 527000 Episode Num: 527 Episode T: 1000 Reward: 8599.402
Total T: 528000 Episode Num: 528 Episode T: 1000 Reward: 8867.709
Total T: 529000 Episode Num: 529 Episode T: 1000 Reward: 8551.260
Total T: 530000 Episode Num: 530 Episode T: 1000 Reward: 8732.599
---------------------------------------
Evaluation over 10 episodes: 9022.214
---------------------------------------
Total T: 531000 Episode Num: 531 Episode T: 1000 Reward: 8865.018
Total T: 532000 Episode Num: 532 Episode T: 1000 Reward: 8815.726
Total T: 533000 Episode Num: 533 Episode T: 1000 Reward: 9092.198
Total T: 534000 Episode Num: 534 Episode T: 1000 Reward: 9048.903
Total T: 535000 Episode Num: 535 Episode T: 1000 Reward: 8614.736
---------------------------------------
Evaluation over 10 episodes: 8696.227
---------------------------------------
Total T: 536000 Episode Num: 536 Episode T: 1000 Reward: 8724.955
Total T: 537000 Episode Num: 537 Episode T: 1000 Reward: 8797.088
Total T: 538000 Episode Num: 538 Episode T: 1000 Reward: 8686.750
Total T: 539000 Episode Num: 539 Episode T: 1000 Reward: 7333.072
Total T: 540000 Episode Num: 540 Episode T: 1000 Reward: 8709.880
---------------------------------------
Evaluation over 10 episodes: 9149.223
---------------------------------------
Total T: 541000 Episode Num: 541 Episode T: 1000 Reward: 8781.622
Total T: 542000 Episode Num: 542 Episode T: 1000 Reward: 8686.473
Total T: 543000 Episode Num: 543 Episode T: 1000 Reward: 8856.136
Total T: 544000 Episode Num: 544 Episode T: 1000 Reward: 8626.091
Total T: 545000 Episode Num: 545 Episode T: 1000 Reward: 8652.043
---------------------------------------
Evaluation over 10 episodes: 8738.301
---------------------------------------
Total T: 546000 Episode Num: 546 Episode T: 1000 Reward: 9070.227
Total T: 547000 Episode Num: 547 Episode T: 1000 Reward: 8879.779
Total T: 548000 Episode Num: 548 Episode T: 1000 Reward: 8421.570
Total T: 549000 Episode Num: 549 Episode T: 1000 Reward: 9138.561
Total T: 550000 Episode Num: 550 Episode T: 1000 Reward: 8591.630
---------------------------------------
Evaluation over 10 episodes: 8871.425
---------------------------------------
Total T: 551000 Episode Num: 551 Episode T: 1000 Reward: 9141.247
Total T: 552000 Episode Num: 552 Episode T: 1000 Reward: 8971.585
Total T: 553000 Episode Num: 553 Episode T: 1000 Reward: 8589.642
Total T: 554000 Episode Num: 554 Episode T: 1000 Reward: 8714.767
Total T: 555000 Episode Num: 555 Episode T: 1000 Reward: 8838.348
---------------------------------------
Evaluation over 10 episodes: 9083.123
---------------------------------------
Total T: 556000 Episode Num: 556 Episode T: 1000 Reward: 8956.640
Total T: 557000 Episode Num: 557 Episode T: 1000 Reward: 8580.491
Total T: 558000 Episode Num: 558 Episode T: 1000 Reward: 8566.016
Total T: 559000 Episode Num: 559 Episode T: 1000 Reward: 8575.248
Total T: 560000 Episode Num: 560 Episode T: 1000 Reward: 8794.468
---------------------------------------
Evaluation over 10 episodes: 8750.896
---------------------------------------
Total T: 561000 Episode Num: 561 Episode T: 1000 Reward: 8700.911
Total T: 562000 Episode Num: 562 Episode T: 1000 Reward: 9009.411
Total T: 563000 Episode Num: 563 Episode T: 1000 Reward: 8691.315
Total T: 564000 Episode Num: 564 Episode T: 1000 Reward: 8769.078
Total T: 565000 Episode Num: 565 Episode T: 1000 Reward: 8792.336
---------------------------------------
Evaluation over 10 episodes: 9065.329
---------------------------------------
Total T: 566000 Episode Num: 566 Episode T: 1000 Reward: 8643.851
Total T: 567000 Episode Num: 567 Episode T: 1000 Reward: 9013.599
Total T: 568000 Episode Num: 568 Episode T: 1000 Reward: 8933.085
Total T: 569000 Episode Num: 569 Episode T: 1000 Reward: 8954.798
Total T: 570000 Episode Num: 570 Episode T: 1000 Reward: 8729.311
---------------------------------------
Evaluation over 10 episodes: 9040.396
---------------------------------------
Total T: 571000 Episode Num: 571 Episode T: 1000 Reward: 8746.731
Total T: 572000 Episode Num: 572 Episode T: 1000 Reward: 9145.516
Total T: 573000 Episode Num: 573 Episode T: 1000 Reward: 8935.971
Total T: 574000 Episode Num: 574 Episode T: 1000 Reward: 8814.528
Total T: 575000 Episode Num: 575 Episode T: 1000 Reward: 8788.982
---------------------------------------
Evaluation over 10 episodes: 9092.715
---------------------------------------
Total T: 576000 Episode Num: 576 Episode T: 1000 Reward: 9085.739
Total T: 577000 Episode Num: 577 Episode T: 1000 Reward: 8828.801
Total T: 578000 Episode Num: 578 Episode T: 1000 Reward: 8529.838
Total T: 579000 Episode Num: 579 Episode T: 1000 Reward: 9205.852
Total T: 580000 Episode Num: 580 Episode T: 1000 Reward: 9104.162
---------------------------------------
Evaluation over 10 episodes: 9128.238
---------------------------------------
Total T: 581000 Episode Num: 581 Episode T: 1000 Reward: 8750.558
Total T: 582000 Episode Num: 582 Episode T: 1000 Reward: 8894.664
Total T: 583000 Episode Num: 583 Episode T: 1000 Reward: 8774.971
Total T: 584000 Episode Num: 584 Episode T: 1000 Reward: 9025.128
Total T: 585000 Episode Num: 585 Episode T: 1000 Reward: 9242.683
---------------------------------------
Evaluation over 10 episodes: 9155.275
---------------------------------------
Total T: 586000 Episode Num: 586 Episode T: 1000 Reward: 8740.711
Total T: 587000 Episode Num: 587 Episode T: 1000 Reward: 8932.621
Total T: 588000 Episode Num: 588 Episode T: 1000 Reward: 9096.613
Total T: 589000 Episode Num: 589 Episode T: 1000 Reward: 9113.475
Total T: 590000 Episode Num: 590 Episode T: 1000 Reward: 9054.785
---------------------------------------
Evaluation over 10 episodes: 9108.171
---------------------------------------
Total T: 591000 Episode Num: 591 Episode T: 1000 Reward: 8984.849
Total T: 592000 Episode Num: 592 Episode T: 1000 Reward: 8781.207
Total T: 593000 Episode Num: 593 Episode T: 1000 Reward: 8857.341
Total T: 594000 Episode Num: 594 Episode T: 1000 Reward: 9338.296
Total T: 595000 Episode Num: 595 Episode T: 1000 Reward: 9004.182
---------------------------------------
Evaluation over 10 episodes: 8936.783
---------------------------------------
Total T: 596000 Episode Num: 596 Episode T: 1000 Reward: 8962.291
Total T: 597000 Episode Num: 597 Episode T: 1000 Reward: 8969.925
Total T: 598000 Episode Num: 598 Episode T: 1000 Reward: 9301.660
Total T: 599000 Episode Num: 599 Episode T: 1000 Reward: 8904.745
Total T: 600000 Episode Num: 600 Episode T: 1000 Reward: 9371.105
---------------------------------------
Evaluation over 10 episodes: 9061.167
---------------------------------------
Total T: 601000 Episode Num: 601 Episode T: 1000 Reward: 9053.078
Total T: 602000 Episode Num: 602 Episode T: 1000 Reward: 9138.036
Total T: 603000 Episode Num: 603 Episode T: 1000 Reward: 8957.945
Total T: 604000 Episode Num: 604 Episode T: 1000 Reward: 8786.540
Total T: 605000 Episode Num: 605 Episode T: 1000 Reward: 9014.742
---------------------------------------
Evaluation over 10 episodes: 9282.164
---------------------------------------
Total T: 606000 Episode Num: 606 Episode T: 1000 Reward: 9248.506
Total T: 607000 Episode Num: 607 Episode T: 1000 Reward: 9270.481
Total T: 608000 Episode Num: 608 Episode T: 1000 Reward: 9219.871
Total T: 609000 Episode Num: 609 Episode T: 1000 Reward: 9355.719
Total T: 610000 Episode Num: 610 Episode T: 1000 Reward: 8772.733
---------------------------------------
Evaluation over 10 episodes: 9234.512
---------------------------------------
Total T: 611000 Episode Num: 611 Episode T: 1000 Reward: 9065.972
Total T: 612000 Episode Num: 612 Episode T: 1000 Reward: 9091.161
Total T: 613000 Episode Num: 613 Episode T: 1000 Reward: 9172.665
Total T: 614000 Episode Num: 614 Episode T: 1000 Reward: 3288.381
Total T: 615000 Episode Num: 615 Episode T: 1000 Reward: 9261.907
---------------------------------------
Evaluation over 10 episodes: 9179.471
---------------------------------------
Total T: 616000 Episode Num: 616 Episode T: 1000 Reward: 9267.467
Total T: 617000 Episode Num: 617 Episode T: 1000 Reward: 8747.283
Total T: 618000 Episode Num: 618 Episode T: 1000 Reward: 9086.355
Total T: 619000 Episode Num: 619 Episode T: 1000 Reward: 9077.680
Total T: 620000 Episode Num: 620 Episode T: 1000 Reward: 9382.371
---------------------------------------
Evaluation over 10 episodes: 9281.626
---------------------------------------
Total T: 621000 Episode Num: 621 Episode T: 1000 Reward: 9045.978
Total T: 622000 Episode Num: 622 Episode T: 1000 Reward: 9264.268
Total T: 623000 Episode Num: 623 Episode T: 1000 Reward: 9215.969
Total T: 624000 Episode Num: 624 Episode T: 1000 Reward: 9022.847
Total T: 625000 Episode Num: 625 Episode T: 1000 Reward: 9070.132
---------------------------------------
Evaluation over 10 episodes: 8578.453
---------------------------------------
Total T: 626000 Episode Num: 626 Episode T: 1000 Reward: 9185.017
Total T: 627000 Episode Num: 627 Episode T: 1000 Reward: 8984.793
Total T: 628000 Episode Num: 628 Episode T: 1000 Reward: 9047.158
Total T: 629000 Episode Num: 629 Episode T: 1000 Reward: 9141.878
Total T: 630000 Episode Num: 630 Episode T: 1000 Reward: 9071.899
---------------------------------------
Evaluation over 10 episodes: 8937.353
---------------------------------------
Total T: 631000 Episode Num: 631 Episode T: 1000 Reward: 9057.427
Total T: 632000 Episode Num: 632 Episode T: 1000 Reward: 8934.413
Total T: 633000 Episode Num: 633 Episode T: 1000 Reward: 9262.941
Total T: 634000 Episode Num: 634 Episode T: 1000 Reward: 9245.087
Total T: 635000 Episode Num: 635 Episode T: 1000 Reward: 9317.010
---------------------------------------
Evaluation over 10 episodes: 9062.980
---------------------------------------
Total T: 636000 Episode Num: 636 Episode T: 1000 Reward: 9300.376
Total T: 637000 Episode Num: 637 Episode T: 1000 Reward: 9027.774
Total T: 638000 Episode Num: 638 Episode T: 1000 Reward: 9011.996
Total T: 639000 Episode Num: 639 Episode T: 1000 Reward: 9127.740
Total T: 640000 Episode Num: 640 Episode T: 1000 Reward: 9144.869
---------------------------------------
Evaluation over 10 episodes: 9169.608
---------------------------------------
Total T: 641000 Episode Num: 641 Episode T: 1000 Reward: 8960.013
Total T: 642000 Episode Num: 642 Episode T: 1000 Reward: 9073.377
Total T: 643000 Episode Num: 643 Episode T: 1000 Reward: 9326.693
Total T: 644000 Episode Num: 644 Episode T: 1000 Reward: 9156.408
Total T: 645000 Episode Num: 645 Episode T: 1000 Reward: 9287.735
---------------------------------------
Evaluation over 10 episodes: 9266.159
---------------------------------------
Total T: 646000 Episode Num: 646 Episode T: 1000 Reward: 9034.432
Total T: 647000 Episode Num: 647 Episode T: 1000 Reward: 9337.338
Total T: 648000 Episode Num: 648 Episode T: 1000 Reward: 9495.911
Total T: 649000 Episode Num: 649 Episode T: 1000 Reward: 9035.187
Total T: 650000 Episode Num: 650 Episode T: 1000 Reward: 9168.814
---------------------------------------
Evaluation over 10 episodes: 8852.748
---------------------------------------
Total T: 651000 Episode Num: 651 Episode T: 1000 Reward: 9171.561
Total T: 652000 Episode Num: 652 Episode T: 1000 Reward: 8983.030
Total T: 653000 Episode Num: 653 Episode T: 1000 Reward: 9275.944
Total T: 654000 Episode Num: 654 Episode T: 1000 Reward: 9498.930
Total T: 655000 Episode Num: 655 Episode T: 1000 Reward: 4808.124
---------------------------------------
Evaluation over 10 episodes: 9336.563
---------------------------------------
Total T: 656000 Episode Num: 656 Episode T: 1000 Reward: 9284.471
Total T: 657000 Episode Num: 657 Episode T: 1000 Reward: 9193.573
Total T: 658000 Episode Num: 658 Episode T: 1000 Reward: 1435.003
Total T: 659000 Episode Num: 659 Episode T: 1000 Reward: 9196.050
Total T: 660000 Episode Num: 660 Episode T: 1000 Reward: 9256.744
---------------------------------------
Evaluation over 10 episodes: 9219.009
---------------------------------------
Total T: 661000 Episode Num: 661 Episode T: 1000 Reward: 9196.294
Total T: 662000 Episode Num: 662 Episode T: 1000 Reward: 9229.052
Total T: 663000 Episode Num: 663 Episode T: 1000 Reward: 9366.981
Total T: 664000 Episode Num: 664 Episode T: 1000 Reward: 9272.823
Total T: 665000 Episode Num: 665 Episode T: 1000 Reward: 8520.803
---------------------------------------
Evaluation over 10 episodes: 9308.929
---------------------------------------
Total T: 666000 Episode Num: 666 Episode T: 1000 Reward: 9253.152
Total T: 667000 Episode Num: 667 Episode T: 1000 Reward: 9246.454
Total T: 668000 Episode Num: 668 Episode T: 1000 Reward: 9482.798
Total T: 669000 Episode Num: 669 Episode T: 1000 Reward: 9293.726
Total T: 670000 Episode Num: 670 Episode T: 1000 Reward: 9231.674
---------------------------------------
Evaluation over 10 episodes: 8999.751
---------------------------------------
Total T: 671000 Episode Num: 671 Episode T: 1000 Reward: 9321.124
Total T: 672000 Episode Num: 672 Episode T: 1000 Reward: 9133.017
Total T: 673000 Episode Num: 673 Episode T: 1000 Reward: 9547.936
Total T: 674000 Episode Num: 674 Episode T: 1000 Reward: 9120.985
Total T: 675000 Episode Num: 675 Episode T: 1000 Reward: 9228.358
---------------------------------------
Evaluation over 10 episodes: 9177.255
---------------------------------------
Total T: 676000 Episode Num: 676 Episode T: 1000 Reward: 9491.303
Total T: 677000 Episode Num: 677 Episode T: 1000 Reward: 9384.124
Total T: 678000 Episode Num: 678 Episode T: 1000 Reward: 8893.055
Total T: 679000 Episode Num: 679 Episode T: 1000 Reward: 9110.789
Total T: 680000 Episode Num: 680 Episode T: 1000 Reward: 9136.396
---------------------------------------
Evaluation over 10 episodes: 9402.304
---------------------------------------
Total T: 681000 Episode Num: 681 Episode T: 1000 Reward: 9385.668
Total T: 682000 Episode Num: 682 Episode T: 1000 Reward: 9551.953
Total T: 683000 Episode Num: 683 Episode T: 1000 Reward: 9055.960
Total T: 684000 Episode Num: 684 Episode T: 1000 Reward: 9247.359
Total T: 685000 Episode Num: 685 Episode T: 1000 Reward: 9406.067
---------------------------------------
Evaluation over 10 episodes: 9353.361
---------------------------------------
Total T: 686000 Episode Num: 686 Episode T: 1000 Reward: 9429.204
Total T: 687000 Episode Num: 687 Episode T: 1000 Reward: 9325.413
Total T: 688000 Episode Num: 688 Episode T: 1000 Reward: 9323.569
Total T: 689000 Episode Num: 689 Episode T: 1000 Reward: 9074.587
Total T: 690000 Episode Num: 690 Episode T: 1000 Reward: 9244.087
---------------------------------------
Evaluation over 10 episodes: 9337.871
---------------------------------------
Total T: 691000 Episode Num: 691 Episode T: 1000 Reward: 9340.111
Total T: 692000 Episode Num: 692 Episode T: 1000 Reward: 9346.437
Total T: 693000 Episode Num: 693 Episode T: 1000 Reward: 9175.301
Total T: 694000 Episode Num: 694 Episode T: 1000 Reward: 9466.438
Total T: 695000 Episode Num: 695 Episode T: 1000 Reward: 9092.838
---------------------------------------
Evaluation over 10 episodes: 9301.676
---------------------------------------
Total T: 696000 Episode Num: 696 Episode T: 1000 Reward: 9469.355
Total T: 697000 Episode Num: 697 Episode T: 1000 Reward: 9392.464
Total T: 698000 Episode Num: 698 Episode T: 1000 Reward: 9524.984
Total T: 699000 Episode Num: 699 Episode T: 1000 Reward: 9380.289
Total T: 700000 Episode Num: 700 Episode T: 1000 Reward: 9474.509
---------------------------------------
Evaluation over 10 episodes: 8880.250
---------------------------------------
Total T: 701000 Episode Num: 701 Episode T: 1000 Reward: 9429.782
Total T: 702000 Episode Num: 702 Episode T: 1000 Reward: 9290.998
Total T: 703000 Episode Num: 703 Episode T: 1000 Reward: 9097.455
Total T: 704000 Episode Num: 704 Episode T: 1000 Reward: 9534.389
Total T: 705000 Episode Num: 705 Episode T: 1000 Reward: 9222.009
---------------------------------------
Evaluation over 10 episodes: 8961.020
---------------------------------------
Total T: 706000 Episode Num: 706 Episode T: 1000 Reward: 9265.514
Total T: 707000 Episode Num: 707 Episode T: 1000 Reward: 9195.633
Total T: 708000 Episode Num: 708 Episode T: 1000 Reward: 9136.105
Total T: 709000 Episode Num: 709 Episode T: 1000 Reward: 9178.899
Total T: 710000 Episode Num: 710 Episode T: 1000 Reward: 9352.338
---------------------------------------
Evaluation over 10 episodes: 9246.789
---------------------------------------
Total T: 711000 Episode Num: 711 Episode T: 1000 Reward: 9373.016
Total T: 712000 Episode Num: 712 Episode T: 1000 Reward: 9196.596
Total T: 713000 Episode Num: 713 Episode T: 1000 Reward: 9406.237
Total T: 714000 Episode Num: 714 Episode T: 1000 Reward: 9316.834
Total T: 715000 Episode Num: 715 Episode T: 1000 Reward: 9222.123
---------------------------------------
Evaluation over 10 episodes: 9295.887
---------------------------------------
Total T: 716000 Episode Num: 716 Episode T: 1000 Reward: 9403.365
Total T: 717000 Episode Num: 717 Episode T: 1000 Reward: 8888.858
Total T: 718000 Episode Num: 718 Episode T: 1000 Reward: 9386.242
Total T: 719000 Episode Num: 719 Episode T: 1000 Reward: 9293.400
Total T: 720000 Episode Num: 720 Episode T: 1000 Reward: 9235.673
---------------------------------------
Evaluation over 10 episodes: 9452.039
---------------------------------------
Total T: 721000 Episode Num: 721 Episode T: 1000 Reward: 8923.560
Total T: 722000 Episode Num: 722 Episode T: 1000 Reward: 9615.038
Total T: 723000 Episode Num: 723 Episode T: 1000 Reward: 9247.418
Total T: 724000 Episode Num: 724 Episode T: 1000 Reward: 9501.214
Total T: 725000 Episode Num: 725 Episode T: 1000 Reward: 9292.550
---------------------------------------
Evaluation over 10 episodes: 9227.045
---------------------------------------
Total T: 726000 Episode Num: 726 Episode T: 1000 Reward: 9259.182
Total T: 727000 Episode Num: 727 Episode T: 1000 Reward: 9591.031
Total T: 728000 Episode Num: 728 Episode T: 1000 Reward: 9205.552
Total T: 729000 Episode Num: 729 Episode T: 1000 Reward: 9248.224
Total T: 730000 Episode Num: 730 Episode T: 1000 Reward: 9305.860
---------------------------------------
Evaluation over 10 episodes: 9480.410
---------------------------------------
Total T: 731000 Episode Num: 731 Episode T: 1000 Reward: 9244.366
Total T: 732000 Episode Num: 732 Episode T: 1000 Reward: 9458.141
Total T: 733000 Episode Num: 733 Episode T: 1000 Reward: 9736.211
Total T: 734000 Episode Num: 734 Episode T: 1000 Reward: 9235.214
Total T: 735000 Episode Num: 735 Episode T: 1000 Reward: 9503.323
---------------------------------------
Evaluation over 10 episodes: 9536.457
---------------------------------------
Total T: 736000 Episode Num: 736 Episode T: 1000 Reward: 9541.596
Total T: 737000 Episode Num: 737 Episode T: 1000 Reward: 9457.669
Total T: 738000 Episode Num: 738 Episode T: 1000 Reward: 9363.986
Total T: 739000 Episode Num: 739 Episode T: 1000 Reward: 9269.478
Total T: 740000 Episode Num: 740 Episode T: 1000 Reward: 9353.749
---------------------------------------
Evaluation over 10 episodes: 9283.516
---------------------------------------
Total T: 741000 Episode Num: 741 Episode T: 1000 Reward: 9222.360
Total T: 742000 Episode Num: 742 Episode T: 1000 Reward: 9514.429
Total T: 743000 Episode Num: 743 Episode T: 1000 Reward: 9471.526
Total T: 744000 Episode Num: 744 Episode T: 1000 Reward: 9248.062
Total T: 745000 Episode Num: 745 Episode T: 1000 Reward: 9573.958
---------------------------------------
Evaluation over 10 episodes: 9520.772
---------------------------------------
Total T: 746000 Episode Num: 746 Episode T: 1000 Reward: 9346.314
Total T: 747000 Episode Num: 747 Episode T: 1000 Reward: 9551.291
Total T: 748000 Episode Num: 748 Episode T: 1000 Reward: 9352.336
Total T: 749000 Episode Num: 749 Episode T: 1000 Reward: 9427.915
Total T: 750000 Episode Num: 750 Episode T: 1000 Reward: 9512.846
---------------------------------------
Evaluation over 10 episodes: 9508.516
---------------------------------------
Total T: 751000 Episode Num: 751 Episode T: 1000 Reward: 9464.611
Total T: 752000 Episode Num: 752 Episode T: 1000 Reward: 9388.748
Total T: 753000 Episode Num: 753 Episode T: 1000 Reward: 9631.941
Total T: 754000 Episode Num: 754 Episode T: 1000 Reward: 9534.656
Total T: 755000 Episode Num: 755 Episode T: 1000 Reward: 9463.345
---------------------------------------
Evaluation over 10 episodes: 9676.929
---------------------------------------
Total T: 756000 Episode Num: 756 Episode T: 1000 Reward: 9400.910
Total T: 757000 Episode Num: 757 Episode T: 1000 Reward: 9675.841
Total T: 758000 Episode Num: 758 Episode T: 1000 Reward: 9395.736
Total T: 759000 Episode Num: 759 Episode T: 1000 Reward: 9345.175
Total T: 760000 Episode Num: 760 Episode T: 1000 Reward: 9424.577
---------------------------------------
Evaluation over 10 episodes: 9387.715
---------------------------------------
Total T: 761000 Episode Num: 761 Episode T: 1000 Reward: 9437.588
Total T: 762000 Episode Num: 762 Episode T: 1000 Reward: 9578.418
Total T: 763000 Episode Num: 763 Episode T: 1000 Reward: 9544.578
Total T: 764000 Episode Num: 764 Episode T: 1000 Reward: 9751.128
Total T: 765000 Episode Num: 765 Episode T: 1000 Reward: 9206.148
---------------------------------------
Evaluation over 10 episodes: 9442.213
---------------------------------------
Total T: 766000 Episode Num: 766 Episode T: 1000 Reward: 9357.499
Total T: 767000 Episode Num: 767 Episode T: 1000 Reward: 9431.792
Total T: 768000 Episode Num: 768 Episode T: 1000 Reward: 9522.326
Total T: 769000 Episode Num: 769 Episode T: 1000 Reward: 9532.703
Total T: 770000 Episode Num: 770 Episode T: 1000 Reward: 9406.315
---------------------------------------
Evaluation over 10 episodes: 9433.399
---------------------------------------
Total T: 771000 Episode Num: 771 Episode T: 1000 Reward: 9550.884
Total T: 772000 Episode Num: 772 Episode T: 1000 Reward: 9406.302
Total T: 773000 Episode Num: 773 Episode T: 1000 Reward: 9215.976
Total T: 774000 Episode Num: 774 Episode T: 1000 Reward: 9033.516
Total T: 775000 Episode Num: 775 Episode T: 1000 Reward: 9660.831
---------------------------------------
Evaluation over 10 episodes: 9567.745
---------------------------------------
Total T: 776000 Episode Num: 776 Episode T: 1000 Reward: 9546.633
Total T: 777000 Episode Num: 777 Episode T: 1000 Reward: 9305.831
Total T: 778000 Episode Num: 778 Episode T: 1000 Reward: 9762.427
Total T: 779000 Episode Num: 779 Episode T: 1000 Reward: 9096.127
Total T: 780000 Episode Num: 780 Episode T: 1000 Reward: 9438.597
---------------------------------------
Evaluation over 10 episodes: 8763.865
---------------------------------------
Total T: 781000 Episode Num: 781 Episode T: 1000 Reward: 9391.660
Total T: 782000 Episode Num: 782 Episode T: 1000 Reward: 9501.405
Total T: 783000 Episode Num: 783 Episode T: 1000 Reward: 9507.524
Total T: 784000 Episode Num: 784 Episode T: 1000 Reward: 9702.410
Total T: 785000 Episode Num: 785 Episode T: 1000 Reward: 9563.930
---------------------------------------
Evaluation over 10 episodes: 9519.337
---------------------------------------
Total T: 786000 Episode Num: 786 Episode T: 1000 Reward: 9370.458
Total T: 787000 Episode Num: 787 Episode T: 1000 Reward: 9525.757
Total T: 788000 Episode Num: 788 Episode T: 1000 Reward: 9413.659
Total T: 789000 Episode Num: 789 Episode T: 1000 Reward: 9757.147
Total T: 790000 Episode Num: 790 Episode T: 1000 Reward: 9530.562
---------------------------------------
Evaluation over 10 episodes: 9578.509
---------------------------------------
Total T: 791000 Episode Num: 791 Episode T: 1000 Reward: 9453.383
Total T: 792000 Episode Num: 792 Episode T: 1000 Reward: 9526.101
Total T: 793000 Episode Num: 793 Episode T: 1000 Reward: 9359.670
Total T: 794000 Episode Num: 794 Episode T: 1000 Reward: 9555.477
Total T: 795000 Episode Num: 795 Episode T: 1000 Reward: 9478.351
---------------------------------------
Evaluation over 10 episodes: 9693.470
---------------------------------------
Total T: 796000 Episode Num: 796 Episode T: 1000 Reward: 9810.696
Total T: 797000 Episode Num: 797 Episode T: 1000 Reward: 9624.698
Total T: 798000 Episode Num: 798 Episode T: 1000 Reward: 9500.260
Total T: 799000 Episode Num: 799 Episode T: 1000 Reward: 9368.217
Total T: 800000 Episode Num: 800 Episode T: 1000 Reward: 9209.246
---------------------------------------
Evaluation over 10 episodes: 9514.216
---------------------------------------
Total T: 801000 Episode Num: 801 Episode T: 1000 Reward: 9602.298
Total T: 802000 Episode Num: 802 Episode T: 1000 Reward: 9790.048
Total T: 803000 Episode Num: 803 Episode T: 1000 Reward: 9282.961
Total T: 804000 Episode Num: 804 Episode T: 1000 Reward: 9384.401
Total T: 805000 Episode Num: 805 Episode T: 1000 Reward: 9407.711
---------------------------------------
Evaluation over 10 episodes: 9581.671
---------------------------------------
Total T: 806000 Episode Num: 806 Episode T: 1000 Reward: 9482.051
Total T: 807000 Episode Num: 807 Episode T: 1000 Reward: 9404.413
Total T: 808000 Episode Num: 808 Episode T: 1000 Reward: 9773.072
Total T: 809000 Episode Num: 809 Episode T: 1000 Reward: 9464.558
Total T: 810000 Episode Num: 810 Episode T: 1000 Reward: 9432.180
---------------------------------------
Evaluation over 10 episodes: 9507.280
---------------------------------------
Total T: 811000 Episode Num: 811 Episode T: 1000 Reward: 9539.467
Total T: 812000 Episode Num: 812 Episode T: 1000 Reward: 9688.137
Total T: 813000 Episode Num: 813 Episode T: 1000 Reward: 9552.593
Total T: 814000 Episode Num: 814 Episode T: 1000 Reward: 9667.749
Total T: 815000 Episode Num: 815 Episode T: 1000 Reward: 9387.953
---------------------------------------
Evaluation over 10 episodes: 8751.693
---------------------------------------
Total T: 816000 Episode Num: 816 Episode T: 1000 Reward: 9467.572
Total T: 817000 Episode Num: 817 Episode T: 1000 Reward: 9618.181
Total T: 818000 Episode Num: 818 Episode T: 1000 Reward: 9720.195
Total T: 819000 Episode Num: 819 Episode T: 1000 Reward: 9572.007
Total T: 820000 Episode Num: 820 Episode T: 1000 Reward: 9601.751
---------------------------------------
Evaluation over 10 episodes: 9521.955
---------------------------------------
Total T: 821000 Episode Num: 821 Episode T: 1000 Reward: 9746.428
Total T: 822000 Episode Num: 822 Episode T: 1000 Reward: 9598.703
Total T: 823000 Episode Num: 823 Episode T: 1000 Reward: 9739.154
Total T: 824000 Episode Num: 824 Episode T: 1000 Reward: 9557.729
Total T: 825000 Episode Num: 825 Episode T: 1000 Reward: 9407.249
---------------------------------------
Evaluation over 10 episodes: 9753.398
---------------------------------------
Total T: 826000 Episode Num: 826 Episode T: 1000 Reward: 9770.031
Total T: 827000 Episode Num: 827 Episode T: 1000 Reward: 9457.006
Total T: 828000 Episode Num: 828 Episode T: 1000 Reward: 9746.770
Total T: 829000 Episode Num: 829 Episode T: 1000 Reward: 9645.604
Total T: 830000 Episode Num: 830 Episode T: 1000 Reward: 9421.798
---------------------------------------
Evaluation over 10 episodes: 9741.162
---------------------------------------
Total T: 831000 Episode Num: 831 Episode T: 1000 Reward: 9439.638
Total T: 832000 Episode Num: 832 Episode T: 1000 Reward: 9742.370
Total T: 833000 Episode Num: 833 Episode T: 1000 Reward: 9508.449
Total T: 834000 Episode Num: 834 Episode T: 1000 Reward: 9304.902
Total T: 835000 Episode Num: 835 Episode T: 1000 Reward: 9797.560
---------------------------------------
Evaluation over 10 episodes: 9705.516
---------------------------------------
Total T: 836000 Episode Num: 836 Episode T: 1000 Reward: 9829.152
Total T: 837000 Episode Num: 837 Episode T: 1000 Reward: 9506.081
Total T: 838000 Episode Num: 838 Episode T: 1000 Reward: 9835.361
Total T: 839000 Episode Num: 839 Episode T: 1000 Reward: 9839.662
Total T: 840000 Episode Num: 840 Episode T: 1000 Reward: 9409.043
---------------------------------------
Evaluation over 10 episodes: 9667.973
---------------------------------------
Total T: 841000 Episode Num: 841 Episode T: 1000 Reward: 9672.363
Total T: 842000 Episode Num: 842 Episode T: 1000 Reward: 9601.591
Total T: 843000 Episode Num: 843 Episode T: 1000 Reward: 9401.885
Total T: 844000 Episode Num: 844 Episode T: 1000 Reward: 9598.389
Total T: 845000 Episode Num: 845 Episode T: 1000 Reward: 9522.793
---------------------------------------
Evaluation over 10 episodes: 9472.149
---------------------------------------
Total T: 846000 Episode Num: 846 Episode T: 1000 Reward: 9605.375
Total T: 847000 Episode Num: 847 Episode T: 1000 Reward: 9640.939
Total T: 848000 Episode Num: 848 Episode T: 1000 Reward: 9375.649
Total T: 849000 Episode Num: 849 Episode T: 1000 Reward: 9484.299
Total T: 850000 Episode Num: 850 Episode T: 1000 Reward: 9450.700
---------------------------------------
Evaluation over 10 episodes: 9519.200
---------------------------------------
Total T: 851000 Episode Num: 851 Episode T: 1000 Reward: 9880.886
Total T: 852000 Episode Num: 852 Episode T: 1000 Reward: 9880.909
Total T: 853000 Episode Num: 853 Episode T: 1000 Reward: 9616.850
Total T: 854000 Episode Num: 854 Episode T: 1000 Reward: 9745.636
Total T: 855000 Episode Num: 855 Episode T: 1000 Reward: 9729.674
---------------------------------------
Evaluation over 10 episodes: 8812.908
---------------------------------------
Total T: 856000 Episode Num: 856 Episode T: 1000 Reward: 9430.499
Total T: 857000 Episode Num: 857 Episode T: 1000 Reward: 9239.764
Total T: 858000 Episode Num: 858 Episode T: 1000 Reward: 9780.785
Total T: 859000 Episode Num: 859 Episode T: 1000 Reward: 9644.298
Total T: 860000 Episode Num: 860 Episode T: 1000 Reward: 9531.995
---------------------------------------
Evaluation over 10 episodes: 9576.857
---------------------------------------
Total T: 861000 Episode Num: 861 Episode T: 1000 Reward: 9858.559
Total T: 862000 Episode Num: 862 Episode T: 1000 Reward: 9651.793
Total T: 863000 Episode Num: 863 Episode T: 1000 Reward: 9892.368
Total T: 864000 Episode Num: 864 Episode T: 1000 Reward: 9704.352
Total T: 865000 Episode Num: 865 Episode T: 1000 Reward: 9654.686
---------------------------------------
Evaluation over 10 episodes: 9717.541
---------------------------------------
Total T: 866000 Episode Num: 866 Episode T: 1000 Reward: 9675.453
Total T: 867000 Episode Num: 867 Episode T: 1000 Reward: 9643.285
Total T: 868000 Episode Num: 868 Episode T: 1000 Reward: 9869.913
Total T: 869000 Episode Num: 869 Episode T: 1000 Reward: 9798.745
Total T: 870000 Episode Num: 870 Episode T: 1000 Reward: 9382.500
---------------------------------------
Evaluation over 10 episodes: 9527.686
---------------------------------------
Total T: 871000 Episode Num: 871 Episode T: 1000 Reward: 9471.216
Total T: 872000 Episode Num: 872 Episode T: 1000 Reward: 9803.906
Total T: 873000 Episode Num: 873 Episode T: 1000 Reward: 9758.579
Total T: 874000 Episode Num: 874 Episode T: 1000 Reward: 9894.002
Total T: 875000 Episode Num: 875 Episode T: 1000 Reward: 9709.522
---------------------------------------
Evaluation over 10 episodes: 9548.058
---------------------------------------
Total T: 876000 Episode Num: 876 Episode T: 1000 Reward: 9658.821
Total T: 877000 Episode Num: 877 Episode T: 1000 Reward: 9856.865
Total T: 878000 Episode Num: 878 Episode T: 1000 Reward: 9816.729
Total T: 879000 Episode Num: 879 Episode T: 1000 Reward: 9684.093
Total T: 880000 Episode Num: 880 Episode T: 1000 Reward: 9603.374
---------------------------------------
Evaluation over 10 episodes: 9582.462
---------------------------------------
Total T: 881000 Episode Num: 881 Episode T: 1000 Reward: 9382.623
Total T: 882000 Episode Num: 882 Episode T: 1000 Reward: 9755.238
Total T: 883000 Episode Num: 883 Episode T: 1000 Reward: 9779.340
Total T: 884000 Episode Num: 884 Episode T: 1000 Reward: 9907.176
Total T: 885000 Episode Num: 885 Episode T: 1000 Reward: 9754.280
---------------------------------------
Evaluation over 10 episodes: 9606.681
---------------------------------------
Total T: 886000 Episode Num: 886 Episode T: 1000 Reward: 9494.118
Total T: 887000 Episode Num: 887 Episode T: 1000 Reward: 9643.125
Total T: 888000 Episode Num: 888 Episode T: 1000 Reward: 9655.223
Total T: 889000 Episode Num: 889 Episode T: 1000 Reward: 9569.457
Total T: 890000 Episode Num: 890 Episode T: 1000 Reward: 3358.816
---------------------------------------
Evaluation over 10 episodes: 9790.880
---------------------------------------
Total T: 891000 Episode Num: 891 Episode T: 1000 Reward: 9253.390
Total T: 892000 Episode Num: 892 Episode T: 1000 Reward: 9585.525
Total T: 893000 Episode Num: 893 Episode T: 1000 Reward: 9808.236
Total T: 894000 Episode Num: 894 Episode T: 1000 Reward: 9791.859
Total T: 895000 Episode Num: 895 Episode T: 1000 Reward: 9804.145
---------------------------------------
Evaluation over 10 episodes: 10011.894
---------------------------------------
Total T: 896000 Episode Num: 896 Episode T: 1000 Reward: 9712.811
Total T: 897000 Episode Num: 897 Episode T: 1000 Reward: 9472.691
Total T: 898000 Episode Num: 898 Episode T: 1000 Reward: 9851.340
Total T: 899000 Episode Num: 899 Episode T: 1000 Reward: 9776.707
Total T: 900000 Episode Num: 900 Episode T: 1000 Reward: 9545.281
---------------------------------------
Evaluation over 10 episodes: 10038.653
---------------------------------------
Total T: 901000 Episode Num: 901 Episode T: 1000 Reward: 9756.282
Total T: 902000 Episode Num: 902 Episode T: 1000 Reward: 9599.868
Total T: 903000 Episode Num: 903 Episode T: 1000 Reward: 9594.498
Total T: 904000 Episode Num: 904 Episode T: 1000 Reward: 9489.563
Total T: 905000 Episode Num: 905 Episode T: 1000 Reward: 9395.922
---------------------------------------
Evaluation over 10 episodes: 9476.089
---------------------------------------
Total T: 906000 Episode Num: 906 Episode T: 1000 Reward: 9697.010
Total T: 907000 Episode Num: 907 Episode T: 1000 Reward: 9631.642
Total T: 908000 Episode Num: 908 Episode T: 1000 Reward: 9782.702
Total T: 909000 Episode Num: 909 Episode T: 1000 Reward: 10001.115
Total T: 910000 Episode Num: 910 Episode T: 1000 Reward: 9553.922
---------------------------------------
Evaluation over 10 episodes: 9858.317
---------------------------------------
Total T: 911000 Episode Num: 911 Episode T: 1000 Reward: 9888.876
Total T: 912000 Episode Num: 912 Episode T: 1000 Reward: 9799.355
Total T: 913000 Episode Num: 913 Episode T: 1000 Reward: 9892.354
Total T: 914000 Episode Num: 914 Episode T: 1000 Reward: 10022.811
Total T: 915000 Episode Num: 915 Episode T: 1000 Reward: 9510.235
---------------------------------------
Evaluation over 10 episodes: 9888.968
---------------------------------------
Total T: 916000 Episode Num: 916 Episode T: 1000 Reward: 9648.523
Total T: 917000 Episode Num: 917 Episode T: 1000 Reward: 9961.937
Total T: 918000 Episode Num: 918 Episode T: 1000 Reward: 9717.760
Total T: 919000 Episode Num: 919 Episode T: 1000 Reward: 9797.870
Total T: 920000 Episode Num: 920 Episode T: 1000 Reward: 10043.805
---------------------------------------
Evaluation over 10 episodes: 9818.361
---------------------------------------
Total T: 921000 Episode Num: 921 Episode T: 1000 Reward: 9657.781
Total T: 922000 Episode Num: 922 Episode T: 1000 Reward: 9795.445
Total T: 923000 Episode Num: 923 Episode T: 1000 Reward: 9803.611
Total T: 924000 Episode Num: 924 Episode T: 1000 Reward: 9841.607
Total T: 925000 Episode Num: 925 Episode T: 1000 Reward: 9697.791
---------------------------------------
Evaluation over 10 episodes: 9978.397
---------------------------------------
Total T: 926000 Episode Num: 926 Episode T: 1000 Reward: 10024.453
Total T: 927000 Episode Num: 927 Episode T: 1000 Reward: 9662.741
Total T: 928000 Episode Num: 928 Episode T: 1000 Reward: 9907.235
Total T: 929000 Episode Num: 929 Episode T: 1000 Reward: 9906.799
Total T: 930000 Episode Num: 930 Episode T: 1000 Reward: 9566.671
---------------------------------------
Evaluation over 10 episodes: 9703.674
---------------------------------------
Total T: 931000 Episode Num: 931 Episode T: 1000 Reward: 9806.565
Total T: 932000 Episode Num: 932 Episode T: 1000 Reward: 9817.047
Total T: 933000 Episode Num: 933 Episode T: 1000 Reward: 9536.540
Total T: 934000 Episode Num: 934 Episode T: 1000 Reward: 9925.277
Total T: 935000 Episode Num: 935 Episode T: 1000 Reward: 9835.340
---------------------------------------
Evaluation over 10 episodes: 9530.804
---------------------------------------
Total T: 936000 Episode Num: 936 Episode T: 1000 Reward: 9508.186
Total T: 937000 Episode Num: 937 Episode T: 1000 Reward: 9930.976
Total T: 938000 Episode Num: 938 Episode T: 1000 Reward: 9792.245
Total T: 939000 Episode Num: 939 Episode T: 1000 Reward: 9943.086
Total T: 940000 Episode Num: 940 Episode T: 1000 Reward: 9845.814
---------------------------------------
Evaluation over 10 episodes: 9855.220
---------------------------------------
Total T: 941000 Episode Num: 941 Episode T: 1000 Reward: 10027.914
Total T: 942000 Episode Num: 942 Episode T: 1000 Reward: 9892.209
Total T: 943000 Episode Num: 943 Episode T: 1000 Reward: 9924.860
Total T: 944000 Episode Num: 944 Episode T: 1000 Reward: 10066.647
Total T: 945000 Episode Num: 945 Episode T: 1000 Reward: 9597.000
---------------------------------------
Evaluation over 10 episodes: 9970.327
---------------------------------------
Total T: 946000 Episode Num: 946 Episode T: 1000 Reward: 9675.459
Total T: 947000 Episode Num: 947 Episode T: 1000 Reward: 9905.696
Total T: 948000 Episode Num: 948 Episode T: 1000 Reward: 9779.996
Total T: 949000 Episode Num: 949 Episode T: 1000 Reward: 9841.441
Total T: 950000 Episode Num: 950 Episode T: 1000 Reward: 9843.753
---------------------------------------
Evaluation over 10 episodes: 9861.378
---------------------------------------
Total T: 951000 Episode Num: 951 Episode T: 1000 Reward: 9385.012
Total T: 952000 Episode Num: 952 Episode T: 1000 Reward: 9648.318
Total T: 953000 Episode Num: 953 Episode T: 1000 Reward: 9551.512
Total T: 954000 Episode Num: 954 Episode T: 1000 Reward: 9767.602
Total T: 955000 Episode Num: 955 Episode T: 1000 Reward: 9572.923
---------------------------------------
Evaluation over 10 episodes: 9770.910
---------------------------------------
Total T: 956000 Episode Num: 956 Episode T: 1000 Reward: 10019.075
Total T: 957000 Episode Num: 957 Episode T: 1000 Reward: 9900.464
Total T: 958000 Episode Num: 958 Episode T: 1000 Reward: 9616.293
Total T: 959000 Episode Num: 959 Episode T: 1000 Reward: 9710.151
Total T: 960000 Episode Num: 960 Episode T: 1000 Reward: 10075.641
---------------------------------------
Evaluation over 10 episodes: 9584.756
---------------------------------------
Total T: 961000 Episode Num: 961 Episode T: 1000 Reward: 10051.128
Total T: 962000 Episode Num: 962 Episode T: 1000 Reward: 9762.238
Total T: 963000 Episode Num: 963 Episode T: 1000 Reward: 9959.276
Total T: 964000 Episode Num: 964 Episode T: 1000 Reward: 9888.623
Total T: 965000 Episode Num: 965 Episode T: 1000 Reward: 9956.334
---------------------------------------
Evaluation over 10 episodes: 9536.765
---------------------------------------
Total T: 966000 Episode Num: 966 Episode T: 1000 Reward: 10130.038
Total T: 967000 Episode Num: 967 Episode T: 1000 Reward: 10014.295
Total T: 968000 Episode Num: 968 Episode T: 1000 Reward: 9713.722
Total T: 969000 Episode Num: 969 Episode T: 1000 Reward: 9686.732
Total T: 970000 Episode Num: 970 Episode T: 1000 Reward: 9984.710
---------------------------------------
Evaluation over 10 episodes: 9358.222
---------------------------------------
Total T: 971000 Episode Num: 971 Episode T: 1000 Reward: 9675.438
Total T: 972000 Episode Num: 972 Episode T: 1000 Reward: 9695.089
Total T: 973000 Episode Num: 973 Episode T: 1000 Reward: 9406.446
Total T: 974000 Episode Num: 974 Episode T: 1000 Reward: 9949.119
Total T: 975000 Episode Num: 975 Episode T: 1000 Reward: 9775.352
---------------------------------------
Evaluation over 10 episodes: 9709.277
---------------------------------------
Total T: 976000 Episode Num: 976 Episode T: 1000 Reward: 9914.267
Total T: 977000 Episode Num: 977 Episode T: 1000 Reward: 9826.169
Total T: 978000 Episode Num: 978 Episode T: 1000 Reward: 9715.768
Total T: 979000 Episode Num: 979 Episode T: 1000 Reward: 9587.843
Total T: 980000 Episode Num: 980 Episode T: 1000 Reward: 9729.544
---------------------------------------
Evaluation over 10 episodes: 9851.407
---------------------------------------
Total T: 981000 Episode Num: 981 Episode T: 1000 Reward: 9954.080
Total T: 982000 Episode Num: 982 Episode T: 1000 Reward: 9917.438
Total T: 983000 Episode Num: 983 Episode T: 1000 Reward: 9939.172
Total T: 984000 Episode Num: 984 Episode T: 1000 Reward: 9766.802
Total T: 985000 Episode Num: 985 Episode T: 1000 Reward: 10282.897
---------------------------------------
Evaluation over 10 episodes: 9418.079
---------------------------------------
Total T: 986000 Episode Num: 986 Episode T: 1000 Reward: 9593.571
Total T: 987000 Episode Num: 987 Episode T: 1000 Reward: 9843.888
Total T: 988000 Episode Num: 988 Episode T: 1000 Reward: 9706.309
Total T: 989000 Episode Num: 989 Episode T: 1000 Reward: 9913.939
Total T: 990000 Episode Num: 990 Episode T: 1000 Reward: 10115.638
---------------------------------------
Evaluation over 10 episodes: 10102.053
---------------------------------------
Total T: 991000 Episode Num: 991 Episode T: 1000 Reward: 9842.984
Total T: 992000 Episode Num: 992 Episode T: 1000 Reward: 9785.727
Total T: 993000 Episode Num: 993 Episode T: 1000 Reward: 9915.901
Total T: 994000 Episode Num: 994 Episode T: 1000 Reward: 9839.852
Total T: 995000 Episode Num: 995 Episode T: 1000 Reward: 9682.236
---------------------------------------
Evaluation over 10 episodes: 8939.896
---------------------------------------
Total T: 996000 Episode Num: 996 Episode T: 1000 Reward: 9699.118
Total T: 997000 Episode Num: 997 Episode T: 1000 Reward: 9753.608
Total T: 998000 Episode Num: 998 Episode T: 1000 Reward: 10014.580
Total T: 999000 Episode Num: 999 Episode T: 1000 Reward: 9945.471
Total T: 1000000 Episode Num: 1000 Episode T: 1000 Reward: 5306.963
---------------------------------------
Evaluation over 10 episodes: 9941.215
---------------------------------------
