---------------------------------------
Policy: TD3, Env: Swimmer-v2, Seed: 0
---------------------------------------
---------------------------------------
Evaluation over 10 episodes: 2.328
---------------------------------------
Total T: 1000 Episode Num: 1 Episode T: 1000 Reward: -0.565
Total T: 2000 Episode Num: 2 Episode T: 1000 Reward: 5.304
Total T: 3000 Episode Num: 3 Episode T: 1000 Reward: 22.712
Total T: 4000 Episode Num: 4 Episode T: 1000 Reward: 11.460
Total T: 5000 Episode Num: 5 Episode T: 1000 Reward: 6.329
---------------------------------------
Evaluation over 10 episodes: 3.548
---------------------------------------
Total T: 6000 Episode Num: 6 Episode T: 1000 Reward: -4.138
Total T: 7000 Episode Num: 7 Episode T: 1000 Reward: 17.543
Total T: 8000 Episode Num: 8 Episode T: 1000 Reward: -8.481
Total T: 9000 Episode Num: 9 Episode T: 1000 Reward: -1.641
Total T: 10000 Episode Num: 10 Episode T: 1000 Reward: -7.840
---------------------------------------
Evaluation over 10 episodes: 6.033
---------------------------------------
Total T: 11000 Episode Num: 11 Episode T: 1000 Reward: -10.875
Total T: 12000 Episode Num: 12 Episode T: 1000 Reward: 11.062
Total T: 13000 Episode Num: 13 Episode T: 1000 Reward: 13.480
Total T: 14000 Episode Num: 14 Episode T: 1000 Reward: 2.293
Total T: 15000 Episode Num: 15 Episode T: 1000 Reward: -1.151
---------------------------------------
Evaluation over 10 episodes: 3.785
---------------------------------------
Total T: 16000 Episode Num: 16 Episode T: 1000 Reward: 10.772
Total T: 17000 Episode Num: 17 Episode T: 1000 Reward: -1.694
Total T: 18000 Episode Num: 18 Episode T: 1000 Reward: -1.202
Total T: 19000 Episode Num: 19 Episode T: 1000 Reward: 5.160
Total T: 20000 Episode Num: 20 Episode T: 1000 Reward: -16.507
---------------------------------------
Evaluation over 10 episodes: -3.221
---------------------------------------
Total T: 21000 Episode Num: 21 Episode T: 1000 Reward: 16.078
Total T: 22000 Episode Num: 22 Episode T: 1000 Reward: -4.907
Total T: 23000 Episode Num: 23 Episode T: 1000 Reward: 30.461
Total T: 24000 Episode Num: 24 Episode T: 1000 Reward: 6.489
Total T: 25000 Episode Num: 25 Episode T: 1000 Reward: 7.718
---------------------------------------
Evaluation over 10 episodes: -1.942
---------------------------------------
Total T: 26000 Episode Num: 26 Episode T: 1000 Reward: 5.993
Total T: 27000 Episode Num: 27 Episode T: 1000 Reward: 39.376
Total T: 28000 Episode Num: 28 Episode T: 1000 Reward: 41.736
Total T: 29000 Episode Num: 29 Episode T: 1000 Reward: 30.710
Total T: 30000 Episode Num: 30 Episode T: 1000 Reward: 16.910
---------------------------------------
Evaluation over 10 episodes: 23.386
---------------------------------------
Total T: 31000 Episode Num: 31 Episode T: 1000 Reward: 37.072
Total T: 32000 Episode Num: 32 Episode T: 1000 Reward: 29.641
Total T: 33000 Episode Num: 33 Episode T: 1000 Reward: 20.923
Total T: 34000 Episode Num: 34 Episode T: 1000 Reward: 21.123
Total T: 35000 Episode Num: 35 Episode T: 1000 Reward: 36.440
---------------------------------------
Evaluation over 10 episodes: 42.219
---------------------------------------
Total T: 36000 Episode Num: 36 Episode T: 1000 Reward: 39.943
Total T: 37000 Episode Num: 37 Episode T: 1000 Reward: 41.878
Total T: 38000 Episode Num: 38 Episode T: 1000 Reward: 31.712
Total T: 39000 Episode Num: 39 Episode T: 1000 Reward: 39.741
Total T: 40000 Episode Num: 40 Episode T: 1000 Reward: 35.737
---------------------------------------
Evaluation over 10 episodes: 36.998
---------------------------------------
Total T: 41000 Episode Num: 41 Episode T: 1000 Reward: 36.243
Total T: 42000 Episode Num: 42 Episode T: 1000 Reward: 25.501
Total T: 43000 Episode Num: 43 Episode T: 1000 Reward: 35.339
Total T: 44000 Episode Num: 44 Episode T: 1000 Reward: 33.021
Total T: 45000 Episode Num: 45 Episode T: 1000 Reward: 10.193
---------------------------------------
Evaluation over 10 episodes: 21.709
---------------------------------------
Total T: 46000 Episode Num: 46 Episode T: 1000 Reward: 20.174
Total T: 47000 Episode Num: 47 Episode T: 1000 Reward: 24.380
Total T: 48000 Episode Num: 48 Episode T: 1000 Reward: 28.830
Total T: 49000 Episode Num: 49 Episode T: 1000 Reward: 16.954
Total T: 50000 Episode Num: 50 Episode T: 1000 Reward: 11.620
---------------------------------------
Evaluation over 10 episodes: 8.304
---------------------------------------
Total T: 51000 Episode Num: 51 Episode T: 1000 Reward: 4.730
Total T: 52000 Episode Num: 52 Episode T: 1000 Reward: 29.246
Total T: 53000 Episode Num: 53 Episode T: 1000 Reward: 33.468
Total T: 54000 Episode Num: 54 Episode T: 1000 Reward: 27.551
Total T: 55000 Episode Num: 55 Episode T: 1000 Reward: 31.330
---------------------------------------
Evaluation over 10 episodes: 28.917
---------------------------------------
Total T: 56000 Episode Num: 56 Episode T: 1000 Reward: 38.189
Total T: 57000 Episode Num: 57 Episode T: 1000 Reward: 37.464
Total T: 58000 Episode Num: 58 Episode T: 1000 Reward: 40.090
Total T: 59000 Episode Num: 59 Episode T: 1000 Reward: 35.142
Total T: 60000 Episode Num: 60 Episode T: 1000 Reward: 30.961
---------------------------------------
Evaluation over 10 episodes: 33.831
---------------------------------------
Total T: 61000 Episode Num: 61 Episode T: 1000 Reward: 38.960
Total T: 62000 Episode Num: 62 Episode T: 1000 Reward: 50.934
Total T: 63000 Episode Num: 63 Episode T: 1000 Reward: 39.851
Total T: 64000 Episode Num: 64 Episode T: 1000 Reward: 40.838
Total T: 65000 Episode Num: 65 Episode T: 1000 Reward: 31.255
---------------------------------------
Evaluation over 10 episodes: 36.963
---------------------------------------
Total T: 66000 Episode Num: 66 Episode T: 1000 Reward: 35.966
Total T: 67000 Episode Num: 67 Episode T: 1000 Reward: 40.585
Total T: 68000 Episode Num: 68 Episode T: 1000 Reward: 36.191
Total T: 69000 Episode Num: 69 Episode T: 1000 Reward: 41.241
Total T: 70000 Episode Num: 70 Episode T: 1000 Reward: 39.718
---------------------------------------
Evaluation over 10 episodes: 37.228
---------------------------------------
Total T: 71000 Episode Num: 71 Episode T: 1000 Reward: 40.175
Total T: 72000 Episode Num: 72 Episode T: 1000 Reward: 32.341
Total T: 73000 Episode Num: 73 Episode T: 1000 Reward: 38.633
Total T: 74000 Episode Num: 74 Episode T: 1000 Reward: 36.096
Total T: 75000 Episode Num: 75 Episode T: 1000 Reward: 47.436
---------------------------------------
Evaluation over 10 episodes: 35.908
---------------------------------------
Total T: 76000 Episode Num: 76 Episode T: 1000 Reward: 27.419
Total T: 77000 Episode Num: 77 Episode T: 1000 Reward: 38.203
Total T: 78000 Episode Num: 78 Episode T: 1000 Reward: 42.489
Total T: 79000 Episode Num: 79 Episode T: 1000 Reward: 43.915
Total T: 80000 Episode Num: 80 Episode T: 1000 Reward: 28.297
---------------------------------------
Evaluation over 10 episodes: 36.646
---------------------------------------
Total T: 81000 Episode Num: 81 Episode T: 1000 Reward: 41.959
Total T: 82000 Episode Num: 82 Episode T: 1000 Reward: 38.850
Total T: 83000 Episode Num: 83 Episode T: 1000 Reward: 40.458
Total T: 84000 Episode Num: 84 Episode T: 1000 Reward: 38.018
Total T: 85000 Episode Num: 85 Episode T: 1000 Reward: 39.907
---------------------------------------
Evaluation over 10 episodes: 41.021
---------------------------------------
Total T: 86000 Episode Num: 86 Episode T: 1000 Reward: 41.774
Total T: 87000 Episode Num: 87 Episode T: 1000 Reward: 39.688
Total T: 88000 Episode Num: 88 Episode T: 1000 Reward: 42.414
Total T: 89000 Episode Num: 89 Episode T: 1000 Reward: 31.431
Total T: 90000 Episode Num: 90 Episode T: 1000 Reward: 39.550
---------------------------------------
Evaluation over 10 episodes: 39.869
---------------------------------------
Total T: 91000 Episode Num: 91 Episode T: 1000 Reward: 32.874
Total T: 92000 Episode Num: 92 Episode T: 1000 Reward: 41.066
Total T: 93000 Episode Num: 93 Episode T: 1000 Reward: 38.818
Total T: 94000 Episode Num: 94 Episode T: 1000 Reward: 36.376
Total T: 95000 Episode Num: 95 Episode T: 1000 Reward: 35.350
---------------------------------------
Evaluation over 10 episodes: 37.869
---------------------------------------
Total T: 96000 Episode Num: 96 Episode T: 1000 Reward: 37.124
Total T: 97000 Episode Num: 97 Episode T: 1000 Reward: 37.864
Total T: 98000 Episode Num: 98 Episode T: 1000 Reward: 42.913
Total T: 99000 Episode Num: 99 Episode T: 1000 Reward: 38.513
Total T: 100000 Episode Num: 100 Episode T: 1000 Reward: 37.558
---------------------------------------
Evaluation over 10 episodes: 40.878
---------------------------------------
Total T: 101000 Episode Num: 101 Episode T: 1000 Reward: 39.836
Total T: 102000 Episode Num: 102 Episode T: 1000 Reward: 40.935
Total T: 103000 Episode Num: 103 Episode T: 1000 Reward: 41.156
Total T: 104000 Episode Num: 104 Episode T: 1000 Reward: 39.057
Total T: 105000 Episode Num: 105 Episode T: 1000 Reward: 43.984
---------------------------------------
Evaluation over 10 episodes: 41.977
---------------------------------------
Total T: 106000 Episode Num: 106 Episode T: 1000 Reward: 42.831
Total T: 107000 Episode Num: 107 Episode T: 1000 Reward: 42.772
Total T: 108000 Episode Num: 108 Episode T: 1000 Reward: 38.639
Total T: 109000 Episode Num: 109 Episode T: 1000 Reward: 39.284
Total T: 110000 Episode Num: 110 Episode T: 1000 Reward: 40.240
---------------------------------------
Evaluation over 10 episodes: 39.970
---------------------------------------
Total T: 111000 Episode Num: 111 Episode T: 1000 Reward: 42.088
Total T: 112000 Episode Num: 112 Episode T: 1000 Reward: 41.815
Total T: 113000 Episode Num: 113 Episode T: 1000 Reward: 39.996
Total T: 114000 Episode Num: 114 Episode T: 1000 Reward: 41.590
Total T: 115000 Episode Num: 115 Episode T: 1000 Reward: 30.798
---------------------------------------
Evaluation over 10 episodes: 38.627
---------------------------------------
Total T: 116000 Episode Num: 116 Episode T: 1000 Reward: 37.494
Total T: 117000 Episode Num: 117 Episode T: 1000 Reward: 44.073
Total T: 118000 Episode Num: 118 Episode T: 1000 Reward: 40.577
Total T: 119000 Episode Num: 119 Episode T: 1000 Reward: 42.539
Total T: 120000 Episode Num: 120 Episode T: 1000 Reward: 43.169
---------------------------------------
Evaluation over 10 episodes: 37.316
---------------------------------------
Total T: 121000 Episode Num: 121 Episode T: 1000 Reward: 33.133
Total T: 122000 Episode Num: 122 Episode T: 1000 Reward: 19.590
Total T: 123000 Episode Num: 123 Episode T: 1000 Reward: 40.208
Total T: 124000 Episode Num: 124 Episode T: 1000 Reward: 32.411
Total T: 125000 Episode Num: 125 Episode T: 1000 Reward: 24.841
---------------------------------------
Evaluation over 10 episodes: 40.080
---------------------------------------
Total T: 126000 Episode Num: 126 Episode T: 1000 Reward: 27.778
Total T: 127000 Episode Num: 127 Episode T: 1000 Reward: 43.786
Total T: 128000 Episode Num: 128 Episode T: 1000 Reward: 45.671
Total T: 129000 Episode Num: 129 Episode T: 1000 Reward: 43.784
Total T: 130000 Episode Num: 130 Episode T: 1000 Reward: 37.988
---------------------------------------
Evaluation over 10 episodes: 38.333
---------------------------------------
Total T: 131000 Episode Num: 131 Episode T: 1000 Reward: 35.740
Total T: 132000 Episode Num: 132 Episode T: 1000 Reward: 42.394
Total T: 133000 Episode Num: 133 Episode T: 1000 Reward: 41.253
Total T: 134000 Episode Num: 134 Episode T: 1000 Reward: 41.046
Total T: 135000 Episode Num: 135 Episode T: 1000 Reward: 40.747
---------------------------------------
Evaluation over 10 episodes: 42.600
---------------------------------------
Total T: 136000 Episode Num: 136 Episode T: 1000 Reward: 43.062
Total T: 137000 Episode Num: 137 Episode T: 1000 Reward: 42.286
Total T: 138000 Episode Num: 138 Episode T: 1000 Reward: 42.693
Total T: 139000 Episode Num: 139 Episode T: 1000 Reward: 42.041
Total T: 140000 Episode Num: 140 Episode T: 1000 Reward: 44.645
---------------------------------------
Evaluation over 10 episodes: 43.361
---------------------------------------
Total T: 141000 Episode Num: 141 Episode T: 1000 Reward: 43.642
Total T: 142000 Episode Num: 142 Episode T: 1000 Reward: 44.189
Total T: 143000 Episode Num: 143 Episode T: 1000 Reward: 41.070
Total T: 144000 Episode Num: 144 Episode T: 1000 Reward: 41.149
Total T: 145000 Episode Num: 145 Episode T: 1000 Reward: 43.937
---------------------------------------
Evaluation over 10 episodes: 42.222
---------------------------------------
Total T: 146000 Episode Num: 146 Episode T: 1000 Reward: 42.631
Total T: 147000 Episode Num: 147 Episode T: 1000 Reward: 43.178
Total T: 148000 Episode Num: 148 Episode T: 1000 Reward: 41.739
Total T: 149000 Episode Num: 149 Episode T: 1000 Reward: 41.500
Total T: 150000 Episode Num: 150 Episode T: 1000 Reward: 43.785
---------------------------------------
Evaluation over 10 episodes: 43.549
---------------------------------------
Total T: 151000 Episode Num: 151 Episode T: 1000 Reward: 41.073
Total T: 152000 Episode Num: 152 Episode T: 1000 Reward: 42.332
Total T: 153000 Episode Num: 153 Episode T: 1000 Reward: 44.215
Total T: 154000 Episode Num: 154 Episode T: 1000 Reward: 43.262
Total T: 155000 Episode Num: 155 Episode T: 1000 Reward: 43.714
---------------------------------------
Evaluation over 10 episodes: 43.528
---------------------------------------
Total T: 156000 Episode Num: 156 Episode T: 1000 Reward: 44.330
Total T: 157000 Episode Num: 157 Episode T: 1000 Reward: 41.009
Total T: 158000 Episode Num: 158 Episode T: 1000 Reward: 42.222
Total T: 159000 Episode Num: 159 Episode T: 1000 Reward: 44.490
Total T: 160000 Episode Num: 160 Episode T: 1000 Reward: 41.929
---------------------------------------
Evaluation over 10 episodes: 43.407
---------------------------------------
Total T: 161000 Episode Num: 161 Episode T: 1000 Reward: 42.287
Total T: 162000 Episode Num: 162 Episode T: 1000 Reward: 43.260
Total T: 163000 Episode Num: 163 Episode T: 1000 Reward: 44.121
Total T: 164000 Episode Num: 164 Episode T: 1000 Reward: 42.585
Total T: 165000 Episode Num: 165 Episode T: 1000 Reward: 43.603
---------------------------------------
Evaluation over 10 episodes: 44.518
---------------------------------------
Total T: 166000 Episode Num: 166 Episode T: 1000 Reward: 44.948
Total T: 167000 Episode Num: 167 Episode T: 1000 Reward: 43.153
Total T: 168000 Episode Num: 168 Episode T: 1000 Reward: 42.688
Total T: 169000 Episode Num: 169 Episode T: 1000 Reward: 42.079
Total T: 170000 Episode Num: 170 Episode T: 1000 Reward: 44.068
---------------------------------------
Evaluation over 10 episodes: 44.226
---------------------------------------
Total T: 171000 Episode Num: 171 Episode T: 1000 Reward: 43.889
Total T: 172000 Episode Num: 172 Episode T: 1000 Reward: 43.610
Total T: 173000 Episode Num: 173 Episode T: 1000 Reward: 41.026
Total T: 174000 Episode Num: 174 Episode T: 1000 Reward: 42.225
Total T: 175000 Episode Num: 175 Episode T: 1000 Reward: 43.176
---------------------------------------
Evaluation over 10 episodes: 42.664
---------------------------------------
Total T: 176000 Episode Num: 176 Episode T: 1000 Reward: 41.911
Total T: 177000 Episode Num: 177 Episode T: 1000 Reward: 45.079
Total T: 178000 Episode Num: 178 Episode T: 1000 Reward: 43.280
Total T: 179000 Episode Num: 179 Episode T: 1000 Reward: 44.298
Total T: 180000 Episode Num: 180 Episode T: 1000 Reward: 45.416
---------------------------------------
Evaluation over 10 episodes: 43.979
---------------------------------------
Total T: 181000 Episode Num: 181 Episode T: 1000 Reward: 43.026
Total T: 182000 Episode Num: 182 Episode T: 1000 Reward: 41.844
Total T: 183000 Episode Num: 183 Episode T: 1000 Reward: 46.031
Total T: 184000 Episode Num: 184 Episode T: 1000 Reward: 46.541
Total T: 185000 Episode Num: 185 Episode T: 1000 Reward: 42.735
---------------------------------------
Evaluation over 10 episodes: 44.889
---------------------------------------
Total T: 186000 Episode Num: 186 Episode T: 1000 Reward: 45.043
Total T: 187000 Episode Num: 187 Episode T: 1000 Reward: 45.510
Total T: 188000 Episode Num: 188 Episode T: 1000 Reward: 42.196
Total T: 189000 Episode Num: 189 Episode T: 1000 Reward: 47.499
Total T: 190000 Episode Num: 190 Episode T: 1000 Reward: 50.572
---------------------------------------
Evaluation over 10 episodes: 44.808
---------------------------------------
Total T: 191000 Episode Num: 191 Episode T: 1000 Reward: 43.637
Total T: 192000 Episode Num: 192 Episode T: 1000 Reward: 43.517
Total T: 193000 Episode Num: 193 Episode T: 1000 Reward: 45.310
Total T: 194000 Episode Num: 194 Episode T: 1000 Reward: 44.943
Total T: 195000 Episode Num: 195 Episode T: 1000 Reward: 47.466
---------------------------------------
Evaluation over 10 episodes: 48.964
---------------------------------------
Total T: 196000 Episode Num: 196 Episode T: 1000 Reward: 44.576
Total T: 197000 Episode Num: 197 Episode T: 1000 Reward: 49.386
Total T: 198000 Episode Num: 198 Episode T: 1000 Reward: 48.803
Total T: 199000 Episode Num: 199 Episode T: 1000 Reward: 46.186
Total T: 200000 Episode Num: 200 Episode T: 1000 Reward: 43.468
---------------------------------------
Evaluation over 10 episodes: 46.490
---------------------------------------
Total T: 201000 Episode Num: 201 Episode T: 1000 Reward: 44.337
Total T: 202000 Episode Num: 202 Episode T: 1000 Reward: 43.446
Total T: 203000 Episode Num: 203 Episode T: 1000 Reward: 44.363
Total T: 204000 Episode Num: 204 Episode T: 1000 Reward: 42.651
Total T: 205000 Episode Num: 205 Episode T: 1000 Reward: 42.640
---------------------------------------
Evaluation over 10 episodes: 47.010
---------------------------------------
Total T: 206000 Episode Num: 206 Episode T: 1000 Reward: 47.059
Total T: 207000 Episode Num: 207 Episode T: 1000 Reward: 45.930
Total T: 208000 Episode Num: 208 Episode T: 1000 Reward: 44.355
Total T: 209000 Episode Num: 209 Episode T: 1000 Reward: 42.214
Total T: 210000 Episode Num: 210 Episode T: 1000 Reward: 43.171
---------------------------------------
Evaluation over 10 episodes: 46.317
---------------------------------------
Total T: 211000 Episode Num: 211 Episode T: 1000 Reward: 40.784
Total T: 212000 Episode Num: 212 Episode T: 1000 Reward: 44.260
Total T: 213000 Episode Num: 213 Episode T: 1000 Reward: 47.942
Total T: 214000 Episode Num: 214 Episode T: 1000 Reward: 43.072
Total T: 215000 Episode Num: 215 Episode T: 1000 Reward: 42.587
---------------------------------------
Evaluation over 10 episodes: 44.913
---------------------------------------
Total T: 216000 Episode Num: 216 Episode T: 1000 Reward: 46.634
Total T: 217000 Episode Num: 217 Episode T: 1000 Reward: 43.465
Total T: 218000 Episode Num: 218 Episode T: 1000 Reward: 43.520
Total T: 219000 Episode Num: 219 Episode T: 1000 Reward: 40.230
Total T: 220000 Episode Num: 220 Episode T: 1000 Reward: 44.856
---------------------------------------
Evaluation over 10 episodes: 46.252
---------------------------------------
Total T: 221000 Episode Num: 221 Episode T: 1000 Reward: 42.866
Total T: 222000 Episode Num: 222 Episode T: 1000 Reward: 43.230
Total T: 223000 Episode Num: 223 Episode T: 1000 Reward: 49.016
Total T: 224000 Episode Num: 224 Episode T: 1000 Reward: 41.243
Total T: 225000 Episode Num: 225 Episode T: 1000 Reward: 45.366
---------------------------------------
Evaluation over 10 episodes: 42.818
---------------------------------------
Total T: 226000 Episode Num: 226 Episode T: 1000 Reward: 44.120
Total T: 227000 Episode Num: 227 Episode T: 1000 Reward: 43.670
Total T: 228000 Episode Num: 228 Episode T: 1000 Reward: 45.247
Total T: 229000 Episode Num: 229 Episode T: 1000 Reward: 44.628
Total T: 230000 Episode Num: 230 Episode T: 1000 Reward: 43.814
---------------------------------------
Evaluation over 10 episodes: 45.306
---------------------------------------
Total T: 231000 Episode Num: 231 Episode T: 1000 Reward: 43.722
Total T: 232000 Episode Num: 232 Episode T: 1000 Reward: 42.126
Total T: 233000 Episode Num: 233 Episode T: 1000 Reward: 43.264
Total T: 234000 Episode Num: 234 Episode T: 1000 Reward: 46.370
Total T: 235000 Episode Num: 235 Episode T: 1000 Reward: 43.828
---------------------------------------
Evaluation over 10 episodes: 44.561
---------------------------------------
Total T: 236000 Episode Num: 236 Episode T: 1000 Reward: 42.079
Total T: 237000 Episode Num: 237 Episode T: 1000 Reward: 45.822
Total T: 238000 Episode Num: 238 Episode T: 1000 Reward: 44.635
Total T: 239000 Episode Num: 239 Episode T: 1000 Reward: 43.413
Total T: 240000 Episode Num: 240 Episode T: 1000 Reward: 42.369
---------------------------------------
Evaluation over 10 episodes: 44.908
---------------------------------------
Total T: 241000 Episode Num: 241 Episode T: 1000 Reward: 42.880
Total T: 242000 Episode Num: 242 Episode T: 1000 Reward: 42.030
Total T: 243000 Episode Num: 243 Episode T: 1000 Reward: 45.603
Total T: 244000 Episode Num: 244 Episode T: 1000 Reward: 44.862
Total T: 245000 Episode Num: 245 Episode T: 1000 Reward: 44.017
---------------------------------------
Evaluation over 10 episodes: 44.403
---------------------------------------
Total T: 246000 Episode Num: 246 Episode T: 1000 Reward: 42.991
Total T: 247000 Episode Num: 247 Episode T: 1000 Reward: 44.860
Total T: 248000 Episode Num: 248 Episode T: 1000 Reward: 45.791
Total T: 249000 Episode Num: 249 Episode T: 1000 Reward: 43.621
Total T: 250000 Episode Num: 250 Episode T: 1000 Reward: 46.130
---------------------------------------
Evaluation over 10 episodes: 43.516
---------------------------------------
Total T: 251000 Episode Num: 251 Episode T: 1000 Reward: 41.906
Total T: 252000 Episode Num: 252 Episode T: 1000 Reward: 43.056
Total T: 253000 Episode Num: 253 Episode T: 1000 Reward: 42.852
Total T: 254000 Episode Num: 254 Episode T: 1000 Reward: 50.922
Total T: 255000 Episode Num: 255 Episode T: 1000 Reward: 40.365
---------------------------------------
Evaluation over 10 episodes: 49.841
---------------------------------------
Total T: 256000 Episode Num: 256 Episode T: 1000 Reward: 47.632
Total T: 257000 Episode Num: 257 Episode T: 1000 Reward: 37.003
Total T: 258000 Episode Num: 258 Episode T: 1000 Reward: 50.303
Total T: 259000 Episode Num: 259 Episode T: 1000 Reward: 41.543
Total T: 260000 Episode Num: 260 Episode T: 1000 Reward: 41.739
---------------------------------------
Evaluation over 10 episodes: 47.111
---------------------------------------
Total T: 261000 Episode Num: 261 Episode T: 1000 Reward: 43.578
Total T: 262000 Episode Num: 262 Episode T: 1000 Reward: 44.969
Total T: 263000 Episode Num: 263 Episode T: 1000 Reward: 47.251
Total T: 264000 Episode Num: 264 Episode T: 1000 Reward: 44.928
Total T: 265000 Episode Num: 265 Episode T: 1000 Reward: 45.852
---------------------------------------
Evaluation over 10 episodes: 45.217
---------------------------------------
Total T: 266000 Episode Num: 266 Episode T: 1000 Reward: 46.490
Total T: 267000 Episode Num: 267 Episode T: 1000 Reward: 41.994
Total T: 268000 Episode Num: 268 Episode T: 1000 Reward: 42.237
Total T: 269000 Episode Num: 269 Episode T: 1000 Reward: 43.192
Total T: 270000 Episode Num: 270 Episode T: 1000 Reward: 41.590
---------------------------------------
Evaluation over 10 episodes: 44.358
---------------------------------------
Total T: 271000 Episode Num: 271 Episode T: 1000 Reward: 44.785
Total T: 272000 Episode Num: 272 Episode T: 1000 Reward: 45.982
Total T: 273000 Episode Num: 273 Episode T: 1000 Reward: 45.654
Total T: 274000 Episode Num: 274 Episode T: 1000 Reward: 43.327
Total T: 275000 Episode Num: 275 Episode T: 1000 Reward: 43.643
---------------------------------------
Evaluation over 10 episodes: 44.338
---------------------------------------
Total T: 276000 Episode Num: 276 Episode T: 1000 Reward: 49.846
Total T: 277000 Episode Num: 277 Episode T: 1000 Reward: 48.496
Total T: 278000 Episode Num: 278 Episode T: 1000 Reward: 42.908
Total T: 279000 Episode Num: 279 Episode T: 1000 Reward: 50.182
Total T: 280000 Episode Num: 280 Episode T: 1000 Reward: 42.921
---------------------------------------
Evaluation over 10 episodes: 45.956
---------------------------------------
Total T: 281000 Episode Num: 281 Episode T: 1000 Reward: 49.053
Total T: 282000 Episode Num: 282 Episode T: 1000 Reward: 42.519
Total T: 283000 Episode Num: 283 Episode T: 1000 Reward: 46.674
Total T: 284000 Episode Num: 284 Episode T: 1000 Reward: 42.983
Total T: 285000 Episode Num: 285 Episode T: 1000 Reward: 50.337
---------------------------------------
Evaluation over 10 episodes: 49.873
---------------------------------------
Total T: 286000 Episode Num: 286 Episode T: 1000 Reward: 43.947
Total T: 287000 Episode Num: 287 Episode T: 1000 Reward: 52.098
Total T: 288000 Episode Num: 288 Episode T: 1000 Reward: 44.991
Total T: 289000 Episode Num: 289 Episode T: 1000 Reward: 46.778
Total T: 290000 Episode Num: 290 Episode T: 1000 Reward: 46.816
---------------------------------------
Evaluation over 10 episodes: 50.226
---------------------------------------
Total T: 291000 Episode Num: 291 Episode T: 1000 Reward: 53.775
Total T: 292000 Episode Num: 292 Episode T: 1000 Reward: 43.708
Total T: 293000 Episode Num: 293 Episode T: 1000 Reward: 44.846
Total T: 294000 Episode Num: 294 Episode T: 1000 Reward: 46.886
Total T: 295000 Episode Num: 295 Episode T: 1000 Reward: 44.462
---------------------------------------
Evaluation over 10 episodes: 49.810
---------------------------------------
Total T: 296000 Episode Num: 296 Episode T: 1000 Reward: 44.558
Total T: 297000 Episode Num: 297 Episode T: 1000 Reward: 44.976
Total T: 298000 Episode Num: 298 Episode T: 1000 Reward: 45.059
Total T: 299000 Episode Num: 299 Episode T: 1000 Reward: 50.340
Total T: 300000 Episode Num: 300 Episode T: 1000 Reward: 51.540
---------------------------------------
Evaluation over 10 episodes: 47.740
---------------------------------------
Total T: 301000 Episode Num: 301 Episode T: 1000 Reward: 43.834
Total T: 302000 Episode Num: 302 Episode T: 1000 Reward: 52.073
Total T: 303000 Episode Num: 303 Episode T: 1000 Reward: 48.847
Total T: 304000 Episode Num: 304 Episode T: 1000 Reward: 45.132
Total T: 305000 Episode Num: 305 Episode T: 1000 Reward: 45.152
---------------------------------------
Evaluation over 10 episodes: 45.119
---------------------------------------
Total T: 306000 Episode Num: 306 Episode T: 1000 Reward: 50.817
Total T: 307000 Episode Num: 307 Episode T: 1000 Reward: 44.180
Total T: 308000 Episode Num: 308 Episode T: 1000 Reward: 53.064
Total T: 309000 Episode Num: 309 Episode T: 1000 Reward: 43.587
Total T: 310000 Episode Num: 310 Episode T: 1000 Reward: 44.353
---------------------------------------
Evaluation over 10 episodes: 49.295
---------------------------------------
Total T: 311000 Episode Num: 311 Episode T: 1000 Reward: 43.560
Total T: 312000 Episode Num: 312 Episode T: 1000 Reward: 54.102
Total T: 313000 Episode Num: 313 Episode T: 1000 Reward: 41.667
Total T: 314000 Episode Num: 314 Episode T: 1000 Reward: 49.769
Total T: 315000 Episode Num: 315 Episode T: 1000 Reward: 45.550
---------------------------------------
Evaluation over 10 episodes: 49.608
---------------------------------------
Total T: 316000 Episode Num: 316 Episode T: 1000 Reward: 46.517
Total T: 317000 Episode Num: 317 Episode T: 1000 Reward: 44.968
Total T: 318000 Episode Num: 318 Episode T: 1000 Reward: 53.968
Total T: 319000 Episode Num: 319 Episode T: 1000 Reward: 44.214
Total T: 320000 Episode Num: 320 Episode T: 1000 Reward: 51.487
---------------------------------------
Evaluation over 10 episodes: 48.758
---------------------------------------
Total T: 321000 Episode Num: 321 Episode T: 1000 Reward: 44.481
Total T: 322000 Episode Num: 322 Episode T: 1000 Reward: 45.893
Total T: 323000 Episode Num: 323 Episode T: 1000 Reward: 46.046
Total T: 324000 Episode Num: 324 Episode T: 1000 Reward: 45.016
Total T: 325000 Episode Num: 325 Episode T: 1000 Reward: 43.219
---------------------------------------
Evaluation over 10 episodes: 46.302
---------------------------------------
Total T: 326000 Episode Num: 326 Episode T: 1000 Reward: 49.698
Total T: 327000 Episode Num: 327 Episode T: 1000 Reward: 47.174
Total T: 328000 Episode Num: 328 Episode T: 1000 Reward: 50.258
Total T: 329000 Episode Num: 329 Episode T: 1000 Reward: 43.673
Total T: 330000 Episode Num: 330 Episode T: 1000 Reward: 51.127
---------------------------------------
Evaluation over 10 episodes: 49.595
---------------------------------------
Total T: 331000 Episode Num: 331 Episode T: 1000 Reward: 51.189
Total T: 332000 Episode Num: 332 Episode T: 1000 Reward: 49.188
Total T: 333000 Episode Num: 333 Episode T: 1000 Reward: 52.119
Total T: 334000 Episode Num: 334 Episode T: 1000 Reward: 42.996
Total T: 335000 Episode Num: 335 Episode T: 1000 Reward: 52.244
---------------------------------------
Evaluation over 10 episodes: 46.571
---------------------------------------
Total T: 336000 Episode Num: 336 Episode T: 1000 Reward: 50.307
Total T: 337000 Episode Num: 337 Episode T: 1000 Reward: 46.914
Total T: 338000 Episode Num: 338 Episode T: 1000 Reward: 52.927
Total T: 339000 Episode Num: 339 Episode T: 1000 Reward: 46.752
Total T: 340000 Episode Num: 340 Episode T: 1000 Reward: 45.413
---------------------------------------
Evaluation over 10 episodes: 48.102
---------------------------------------
Total T: 341000 Episode Num: 341 Episode T: 1000 Reward: 49.136
Total T: 342000 Episode Num: 342 Episode T: 1000 Reward: 52.133
Total T: 343000 Episode Num: 343 Episode T: 1000 Reward: 51.299
Total T: 344000 Episode Num: 344 Episode T: 1000 Reward: 47.337
Total T: 345000 Episode Num: 345 Episode T: 1000 Reward: 51.880
---------------------------------------
Evaluation over 10 episodes: 49.453
---------------------------------------
Total T: 346000 Episode Num: 346 Episode T: 1000 Reward: 48.133
Total T: 347000 Episode Num: 347 Episode T: 1000 Reward: 48.977
Total T: 348000 Episode Num: 348 Episode T: 1000 Reward: 47.373
Total T: 349000 Episode Num: 349 Episode T: 1000 Reward: 52.097
Total T: 350000 Episode Num: 350 Episode T: 1000 Reward: 45.698
---------------------------------------
Evaluation over 10 episodes: 49.018
---------------------------------------
Total T: 351000 Episode Num: 351 Episode T: 1000 Reward: 44.807
Total T: 352000 Episode Num: 352 Episode T: 1000 Reward: 55.158
Total T: 353000 Episode Num: 353 Episode T: 1000 Reward: 56.869
Total T: 354000 Episode Num: 354 Episode T: 1000 Reward: 55.461
Total T: 355000 Episode Num: 355 Episode T: 1000 Reward: 46.583
---------------------------------------
Evaluation over 10 episodes: 48.629
---------------------------------------
Total T: 356000 Episode Num: 356 Episode T: 1000 Reward: 56.082
Total T: 357000 Episode Num: 357 Episode T: 1000 Reward: 53.768
Total T: 358000 Episode Num: 358 Episode T: 1000 Reward: 47.989
Total T: 359000 Episode Num: 359 Episode T: 1000 Reward: 54.986
Total T: 360000 Episode Num: 360 Episode T: 1000 Reward: 52.174
---------------------------------------
Evaluation over 10 episodes: 51.065
---------------------------------------
Total T: 361000 Episode Num: 361 Episode T: 1000 Reward: 46.090
Total T: 362000 Episode Num: 362 Episode T: 1000 Reward: 52.421
Total T: 363000 Episode Num: 363 Episode T: 1000 Reward: 50.816
Total T: 364000 Episode Num: 364 Episode T: 1000 Reward: 52.702
Total T: 365000 Episode Num: 365 Episode T: 1000 Reward: 43.937
---------------------------------------
Evaluation over 10 episodes: 49.758
---------------------------------------
Total T: 366000 Episode Num: 366 Episode T: 1000 Reward: 45.786
Total T: 367000 Episode Num: 367 Episode T: 1000 Reward: 44.062
Total T: 368000 Episode Num: 368 Episode T: 1000 Reward: 57.065
Total T: 369000 Episode Num: 369 Episode T: 1000 Reward: 47.092
Total T: 370000 Episode Num: 370 Episode T: 1000 Reward: 48.769
---------------------------------------
Evaluation over 10 episodes: 51.795
---------------------------------------
Total T: 371000 Episode Num: 371 Episode T: 1000 Reward: 49.577
Total T: 372000 Episode Num: 372 Episode T: 1000 Reward: 55.636
Total T: 373000 Episode Num: 373 Episode T: 1000 Reward: 57.447
Total T: 374000 Episode Num: 374 Episode T: 1000 Reward: 47.138
Total T: 375000 Episode Num: 375 Episode T: 1000 Reward: 46.869
---------------------------------------
Evaluation over 10 episodes: 53.214
---------------------------------------
Total T: 376000 Episode Num: 376 Episode T: 1000 Reward: 49.050
Total T: 377000 Episode Num: 377 Episode T: 1000 Reward: 48.087
Total T: 378000 Episode Num: 378 Episode T: 1000 Reward: 46.312
Total T: 379000 Episode Num: 379 Episode T: 1000 Reward: 46.807
Total T: 380000 Episode Num: 380 Episode T: 1000 Reward: 46.425
---------------------------------------
Evaluation over 10 episodes: 53.851
---------------------------------------
Total T: 381000 Episode Num: 381 Episode T: 1000 Reward: 48.797
Total T: 382000 Episode Num: 382 Episode T: 1000 Reward: 46.730
Total T: 383000 Episode Num: 383 Episode T: 1000 Reward: 56.060
Total T: 384000 Episode Num: 384 Episode T: 1000 Reward: 56.260
Total T: 385000 Episode Num: 385 Episode T: 1000 Reward: 47.781
---------------------------------------
Evaluation over 10 episodes: 54.540
---------------------------------------
Total T: 386000 Episode Num: 386 Episode T: 1000 Reward: 56.145
Total T: 387000 Episode Num: 387 Episode T: 1000 Reward: 47.598
Total T: 388000 Episode Num: 388 Episode T: 1000 Reward: 57.919
Total T: 389000 Episode Num: 389 Episode T: 1000 Reward: 56.746
Total T: 390000 Episode Num: 390 Episode T: 1000 Reward: 57.077
---------------------------------------
Evaluation over 10 episodes: 51.862
---------------------------------------
Total T: 391000 Episode Num: 391 Episode T: 1000 Reward: 50.749
Total T: 392000 Episode Num: 392 Episode T: 1000 Reward: 47.589
Total T: 393000 Episode Num: 393 Episode T: 1000 Reward: 56.027
Total T: 394000 Episode Num: 394 Episode T: 1000 Reward: 58.948
Total T: 395000 Episode Num: 395 Episode T: 1000 Reward: 60.744
---------------------------------------
Evaluation over 10 episodes: 55.674
---------------------------------------
Total T: 396000 Episode Num: 396 Episode T: 1000 Reward: 60.739
Total T: 397000 Episode Num: 397 Episode T: 1000 Reward: 60.740
Total T: 398000 Episode Num: 398 Episode T: 1000 Reward: 61.433
Total T: 399000 Episode Num: 399 Episode T: 1000 Reward: 60.290
Total T: 400000 Episode Num: 400 Episode T: 1000 Reward: 58.242
---------------------------------------
Evaluation over 10 episodes: 55.420
---------------------------------------
Total T: 401000 Episode Num: 401 Episode T: 1000 Reward: 47.077
Total T: 402000 Episode Num: 402 Episode T: 1000 Reward: 61.326
Total T: 403000 Episode Num: 403 Episode T: 1000 Reward: 63.538
Total T: 404000 Episode Num: 404 Episode T: 1000 Reward: 48.543
Total T: 405000 Episode Num: 405 Episode T: 1000 Reward: 62.134
---------------------------------------
Evaluation over 10 episodes: 55.306
---------------------------------------
Total T: 406000 Episode Num: 406 Episode T: 1000 Reward: 61.840
Total T: 407000 Episode Num: 407 Episode T: 1000 Reward: 63.560
Total T: 408000 Episode Num: 408 Episode T: 1000 Reward: 48.443
Total T: 409000 Episode Num: 409 Episode T: 1000 Reward: 62.731
Total T: 410000 Episode Num: 410 Episode T: 1000 Reward: 63.178
---------------------------------------
Evaluation over 10 episodes: 55.763
---------------------------------------
Total T: 411000 Episode Num: 411 Episode T: 1000 Reward: 46.419
Total T: 412000 Episode Num: 412 Episode T: 1000 Reward: 64.120
Total T: 413000 Episode Num: 413 Episode T: 1000 Reward: 44.263
Total T: 414000 Episode Num: 414 Episode T: 1000 Reward: 62.733
Total T: 415000 Episode Num: 415 Episode T: 1000 Reward: 63.853
---------------------------------------
Evaluation over 10 episodes: 56.533
---------------------------------------
Total T: 416000 Episode Num: 416 Episode T: 1000 Reward: 61.197
Total T: 417000 Episode Num: 417 Episode T: 1000 Reward: 61.340
Total T: 418000 Episode Num: 418 Episode T: 1000 Reward: 48.880
Total T: 419000 Episode Num: 419 Episode T: 1000 Reward: 45.939
Total T: 420000 Episode Num: 420 Episode T: 1000 Reward: 65.681
---------------------------------------
Evaluation over 10 episodes: 54.780
---------------------------------------
Total T: 421000 Episode Num: 421 Episode T: 1000 Reward: 62.575
Total T: 422000 Episode Num: 422 Episode T: 1000 Reward: 46.739
Total T: 423000 Episode Num: 423 Episode T: 1000 Reward: 62.006
Total T: 424000 Episode Num: 424 Episode T: 1000 Reward: 63.412
Total T: 425000 Episode Num: 425 Episode T: 1000 Reward: 46.683
---------------------------------------
Evaluation over 10 episodes: 55.562
---------------------------------------
Total T: 426000 Episode Num: 426 Episode T: 1000 Reward: 62.689
Total T: 427000 Episode Num: 427 Episode T: 1000 Reward: 63.553
Total T: 428000 Episode Num: 428 Episode T: 1000 Reward: 47.688
Total T: 429000 Episode Num: 429 Episode T: 1000 Reward: 45.525
Total T: 430000 Episode Num: 430 Episode T: 1000 Reward: 64.815
---------------------------------------
Evaluation over 10 episodes: 54.452
---------------------------------------
Total T: 431000 Episode Num: 431 Episode T: 1000 Reward: 63.750
Total T: 432000 Episode Num: 432 Episode T: 1000 Reward: 62.928
Total T: 433000 Episode Num: 433 Episode T: 1000 Reward: 46.482
Total T: 434000 Episode Num: 434 Episode T: 1000 Reward: 66.382
Total T: 435000 Episode Num: 435 Episode T: 1000 Reward: 49.395
---------------------------------------
Evaluation over 10 episodes: 56.747
---------------------------------------
Total T: 436000 Episode Num: 436 Episode T: 1000 Reward: 65.413
Total T: 437000 Episode Num: 437 Episode T: 1000 Reward: 66.196
Total T: 438000 Episode Num: 438 Episode T: 1000 Reward: 48.245
Total T: 439000 Episode Num: 439 Episode T: 1000 Reward: 48.805
Total T: 440000 Episode Num: 440 Episode T: 1000 Reward: 48.343
---------------------------------------
Evaluation over 10 episodes: 54.996
---------------------------------------
Total T: 441000 Episode Num: 441 Episode T: 1000 Reward: 49.863
Total T: 442000 Episode Num: 442 Episode T: 1000 Reward: 49.644
Total T: 443000 Episode Num: 443 Episode T: 1000 Reward: 47.837
Total T: 444000 Episode Num: 444 Episode T: 1000 Reward: 66.434
Total T: 445000 Episode Num: 445 Episode T: 1000 Reward: 63.901
---------------------------------------
Evaluation over 10 episodes: 56.821
---------------------------------------
Total T: 446000 Episode Num: 446 Episode T: 1000 Reward: 66.337
Total T: 447000 Episode Num: 447 Episode T: 1000 Reward: 64.911
Total T: 448000 Episode Num: 448 Episode T: 1000 Reward: 66.172
Total T: 449000 Episode Num: 449 Episode T: 1000 Reward: 64.516
Total T: 450000 Episode Num: 450 Episode T: 1000 Reward: 64.385
---------------------------------------
Evaluation over 10 episodes: 58.266
---------------------------------------
Total T: 451000 Episode Num: 451 Episode T: 1000 Reward: 47.975
Total T: 452000 Episode Num: 452 Episode T: 1000 Reward: 48.534
Total T: 453000 Episode Num: 453 Episode T: 1000 Reward: 48.363
Total T: 454000 Episode Num: 454 Episode T: 1000 Reward: 67.293
Total T: 455000 Episode Num: 455 Episode T: 1000 Reward: 66.974
---------------------------------------
Evaluation over 10 episodes: 56.916
---------------------------------------
Total T: 456000 Episode Num: 456 Episode T: 1000 Reward: 65.763
Total T: 457000 Episode Num: 457 Episode T: 1000 Reward: 46.206
Total T: 458000 Episode Num: 458 Episode T: 1000 Reward: 46.197
Total T: 459000 Episode Num: 459 Episode T: 1000 Reward: 65.382
Total T: 460000 Episode Num: 460 Episode T: 1000 Reward: 45.115
---------------------------------------
Evaluation over 10 episodes: 56.799
---------------------------------------
Total T: 461000 Episode Num: 461 Episode T: 1000 Reward: 46.192
Total T: 462000 Episode Num: 462 Episode T: 1000 Reward: 68.442
Total T: 463000 Episode Num: 463 Episode T: 1000 Reward: 67.336
Total T: 464000 Episode Num: 464 Episode T: 1000 Reward: 66.084
Total T: 465000 Episode Num: 465 Episode T: 1000 Reward: 45.850
---------------------------------------
Evaluation over 10 episodes: 56.855
---------------------------------------
Total T: 466000 Episode Num: 466 Episode T: 1000 Reward: 67.729
Total T: 467000 Episode Num: 467 Episode T: 1000 Reward: 49.787
Total T: 468000 Episode Num: 468 Episode T: 1000 Reward: 45.807
Total T: 469000 Episode Num: 469 Episode T: 1000 Reward: 63.534
Total T: 470000 Episode Num: 470 Episode T: 1000 Reward: 46.283
---------------------------------------
Evaluation over 10 episodes: 57.926
---------------------------------------
Total T: 471000 Episode Num: 471 Episode T: 1000 Reward: 48.849
Total T: 472000 Episode Num: 472 Episode T: 1000 Reward: 67.183
Total T: 473000 Episode Num: 473 Episode T: 1000 Reward: 69.065
Total T: 474000 Episode Num: 474 Episode T: 1000 Reward: 68.324
Total T: 475000 Episode Num: 475 Episode T: 1000 Reward: 66.627
---------------------------------------
Evaluation over 10 episodes: 58.340
---------------------------------------
Total T: 476000 Episode Num: 476 Episode T: 1000 Reward: 50.335
Total T: 477000 Episode Num: 477 Episode T: 1000 Reward: 69.055
Total T: 478000 Episode Num: 478 Episode T: 1000 Reward: 45.511
Total T: 479000 Episode Num: 479 Episode T: 1000 Reward: 69.260
Total T: 480000 Episode Num: 480 Episode T: 1000 Reward: 48.557
---------------------------------------
Evaluation over 10 episodes: 60.259
---------------------------------------
Total T: 481000 Episode Num: 481 Episode T: 1000 Reward: 46.078
Total T: 482000 Episode Num: 482 Episode T: 1000 Reward: 68.615
Total T: 483000 Episode Num: 483 Episode T: 1000 Reward: 67.126
Total T: 484000 Episode Num: 484 Episode T: 1000 Reward: 46.160
Total T: 485000 Episode Num: 485 Episode T: 1000 Reward: 69.601
---------------------------------------
Evaluation over 10 episodes: 58.984
---------------------------------------
Total T: 486000 Episode Num: 486 Episode T: 1000 Reward: 67.699
Total T: 487000 Episode Num: 487 Episode T: 1000 Reward: 66.476
Total T: 488000 Episode Num: 488 Episode T: 1000 Reward: 67.376
Total T: 489000 Episode Num: 489 Episode T: 1000 Reward: 66.447
Total T: 490000 Episode Num: 490 Episode T: 1000 Reward: 48.138
---------------------------------------
Evaluation over 10 episodes: 58.195
---------------------------------------
Total T: 491000 Episode Num: 491 Episode T: 1000 Reward: 68.898
Total T: 492000 Episode Num: 492 Episode T: 1000 Reward: 47.232
Total T: 493000 Episode Num: 493 Episode T: 1000 Reward: 69.190
Total T: 494000 Episode Num: 494 Episode T: 1000 Reward: 47.813
Total T: 495000 Episode Num: 495 Episode T: 1000 Reward: 71.767
---------------------------------------
Evaluation over 10 episodes: 58.139
---------------------------------------
Total T: 496000 Episode Num: 496 Episode T: 1000 Reward: 70.312
Total T: 497000 Episode Num: 497 Episode T: 1000 Reward: 71.215
Total T: 498000 Episode Num: 498 Episode T: 1000 Reward: 68.494
Total T: 499000 Episode Num: 499 Episode T: 1000 Reward: 71.283
Total T: 500000 Episode Num: 500 Episode T: 1000 Reward: 69.898
---------------------------------------
Evaluation over 10 episodes: 58.650
---------------------------------------
Total T: 501000 Episode Num: 501 Episode T: 1000 Reward: 71.794
Total T: 502000 Episode Num: 502 Episode T: 1000 Reward: 70.064
Total T: 503000 Episode Num: 503 Episode T: 1000 Reward: 46.099
Total T: 504000 Episode Num: 504 Episode T: 1000 Reward: 46.369
Total T: 505000 Episode Num: 505 Episode T: 1000 Reward: 72.347
---------------------------------------
Evaluation over 10 episodes: 59.927
---------------------------------------
Total T: 506000 Episode Num: 506 Episode T: 1000 Reward: 48.255
Total T: 507000 Episode Num: 507 Episode T: 1000 Reward: 69.998
Total T: 508000 Episode Num: 508 Episode T: 1000 Reward: 71.654
Total T: 509000 Episode Num: 509 Episode T: 1000 Reward: 68.348
Total T: 510000 Episode Num: 510 Episode T: 1000 Reward: 71.980
---------------------------------------
Evaluation over 10 episodes: 59.403
---------------------------------------
Total T: 511000 Episode Num: 511 Episode T: 1000 Reward: 70.097
Total T: 512000 Episode Num: 512 Episode T: 1000 Reward: 46.480
Total T: 513000 Episode Num: 513 Episode T: 1000 Reward: 70.475
Total T: 514000 Episode Num: 514 Episode T: 1000 Reward: 70.951
Total T: 515000 Episode Num: 515 Episode T: 1000 Reward: 73.471
---------------------------------------
Evaluation over 10 episodes: 59.066
---------------------------------------
Total T: 516000 Episode Num: 516 Episode T: 1000 Reward: 74.770
Total T: 517000 Episode Num: 517 Episode T: 1000 Reward: 45.780
Total T: 518000 Episode Num: 518 Episode T: 1000 Reward: 72.454
Total T: 519000 Episode Num: 519 Episode T: 1000 Reward: 73.588
Total T: 520000 Episode Num: 520 Episode T: 1000 Reward: 48.079
---------------------------------------
Evaluation over 10 episodes: 58.406
---------------------------------------
Total T: 521000 Episode Num: 521 Episode T: 1000 Reward: 49.215
Total T: 522000 Episode Num: 522 Episode T: 1000 Reward: 71.948
Total T: 523000 Episode Num: 523 Episode T: 1000 Reward: 71.974
Total T: 524000 Episode Num: 524 Episode T: 1000 Reward: 48.417
Total T: 525000 Episode Num: 525 Episode T: 1000 Reward: 75.982
---------------------------------------
Evaluation over 10 episodes: 60.267
---------------------------------------
Total T: 526000 Episode Num: 526 Episode T: 1000 Reward: 52.241
Total T: 527000 Episode Num: 527 Episode T: 1000 Reward: 71.931
Total T: 528000 Episode Num: 528 Episode T: 1000 Reward: 50.353
Total T: 529000 Episode Num: 529 Episode T: 1000 Reward: 71.894
Total T: 530000 Episode Num: 530 Episode T: 1000 Reward: 48.363
---------------------------------------
Evaluation over 10 episodes: 63.257
---------------------------------------
Total T: 531000 Episode Num: 531 Episode T: 1000 Reward: 48.772
Total T: 532000 Episode Num: 532 Episode T: 1000 Reward: 78.143
Total T: 533000 Episode Num: 533 Episode T: 1000 Reward: 73.625
Total T: 534000 Episode Num: 534 Episode T: 1000 Reward: 75.755
Total T: 535000 Episode Num: 535 Episode T: 1000 Reward: 46.837
---------------------------------------
Evaluation over 10 episodes: 63.071
---------------------------------------
Total T: 536000 Episode Num: 536 Episode T: 1000 Reward: 48.542
Total T: 537000 Episode Num: 537 Episode T: 1000 Reward: 51.544
Total T: 538000 Episode Num: 538 Episode T: 1000 Reward: 75.649
Total T: 539000 Episode Num: 539 Episode T: 1000 Reward: 52.128
Total T: 540000 Episode Num: 540 Episode T: 1000 Reward: 77.882
---------------------------------------
Evaluation over 10 episodes: 68.653
---------------------------------------
Total T: 541000 Episode Num: 541 Episode T: 1000 Reward: 44.932
Total T: 542000 Episode Num: 542 Episode T: 1000 Reward: 77.875
Total T: 543000 Episode Num: 543 Episode T: 1000 Reward: 47.389
Total T: 544000 Episode Num: 544 Episode T: 1000 Reward: 48.418
Total T: 545000 Episode Num: 545 Episode T: 1000 Reward: 47.226
---------------------------------------
Evaluation over 10 episodes: 60.261
---------------------------------------
Total T: 546000 Episode Num: 546 Episode T: 1000 Reward: 73.780
Total T: 547000 Episode Num: 547 Episode T: 1000 Reward: 48.063
Total T: 548000 Episode Num: 548 Episode T: 1000 Reward: 75.578
Total T: 549000 Episode Num: 549 Episode T: 1000 Reward: 46.703
Total T: 550000 Episode Num: 550 Episode T: 1000 Reward: 73.273
---------------------------------------
Evaluation over 10 episodes: 62.782
---------------------------------------
Total T: 551000 Episode Num: 551 Episode T: 1000 Reward: 76.767
Total T: 552000 Episode Num: 552 Episode T: 1000 Reward: 77.229
Total T: 553000 Episode Num: 553 Episode T: 1000 Reward: 47.589
Total T: 554000 Episode Num: 554 Episode T: 1000 Reward: 74.483
Total T: 555000 Episode Num: 555 Episode T: 1000 Reward: 74.929
---------------------------------------
Evaluation over 10 episodes: 63.937
---------------------------------------
Total T: 556000 Episode Num: 556 Episode T: 1000 Reward: 48.592
Total T: 557000 Episode Num: 557 Episode T: 1000 Reward: 76.606
Total T: 558000 Episode Num: 558 Episode T: 1000 Reward: 48.797
Total T: 559000 Episode Num: 559 Episode T: 1000 Reward: 77.308
Total T: 560000 Episode Num: 560 Episode T: 1000 Reward: 50.297
---------------------------------------
Evaluation over 10 episodes: 63.896
---------------------------------------
Total T: 561000 Episode Num: 561 Episode T: 1000 Reward: 78.721
Total T: 562000 Episode Num: 562 Episode T: 1000 Reward: 48.176
Total T: 563000 Episode Num: 563 Episode T: 1000 Reward: 78.248
Total T: 564000 Episode Num: 564 Episode T: 1000 Reward: 77.109
Total T: 565000 Episode Num: 565 Episode T: 1000 Reward: 46.640
---------------------------------------
Evaluation over 10 episodes: 62.798
---------------------------------------
Total T: 566000 Episode Num: 566 Episode T: 1000 Reward: 77.050
Total T: 567000 Episode Num: 567 Episode T: 1000 Reward: 48.277
Total T: 568000 Episode Num: 568 Episode T: 1000 Reward: 49.318
Total T: 569000 Episode Num: 569 Episode T: 1000 Reward: 78.712
Total T: 570000 Episode Num: 570 Episode T: 1000 Reward: 47.594
---------------------------------------
Evaluation over 10 episodes: 63.766
---------------------------------------
Total T: 571000 Episode Num: 571 Episode T: 1000 Reward: 46.586
Total T: 572000 Episode Num: 572 Episode T: 1000 Reward: 47.967
Total T: 573000 Episode Num: 573 Episode T: 1000 Reward: 77.454
Total T: 574000 Episode Num: 574 Episode T: 1000 Reward: 80.731
Total T: 575000 Episode Num: 575 Episode T: 1000 Reward: 45.889
---------------------------------------
Evaluation over 10 episodes: 62.552
---------------------------------------
Total T: 576000 Episode Num: 576 Episode T: 1000 Reward: 47.283
Total T: 577000 Episode Num: 577 Episode T: 1000 Reward: 78.515
Total T: 578000 Episode Num: 578 Episode T: 1000 Reward: 81.962
Total T: 579000 Episode Num: 579 Episode T: 1000 Reward: 47.820
Total T: 580000 Episode Num: 580 Episode T: 1000 Reward: 80.810
---------------------------------------
Evaluation over 10 episodes: 65.275
---------------------------------------
Total T: 581000 Episode Num: 581 Episode T: 1000 Reward: 76.826
Total T: 582000 Episode Num: 582 Episode T: 1000 Reward: 47.771
Total T: 583000 Episode Num: 583 Episode T: 1000 Reward: 79.150
Total T: 584000 Episode Num: 584 Episode T: 1000 Reward: 48.792
Total T: 585000 Episode Num: 585 Episode T: 1000 Reward: 48.301
---------------------------------------
Evaluation over 10 episodes: 65.126
---------------------------------------
Total T: 586000 Episode Num: 586 Episode T: 1000 Reward: 49.239
Total T: 587000 Episode Num: 587 Episode T: 1000 Reward: 48.356
Total T: 588000 Episode Num: 588 Episode T: 1000 Reward: 48.464
Total T: 589000 Episode Num: 589 Episode T: 1000 Reward: 48.623
Total T: 590000 Episode Num: 590 Episode T: 1000 Reward: 46.721
---------------------------------------
Evaluation over 10 episodes: 64.096
---------------------------------------
Total T: 591000 Episode Num: 591 Episode T: 1000 Reward: 79.844
Total T: 592000 Episode Num: 592 Episode T: 1000 Reward: 80.665
Total T: 593000 Episode Num: 593 Episode T: 1000 Reward: 46.492
Total T: 594000 Episode Num: 594 Episode T: 1000 Reward: 49.151
Total T: 595000 Episode Num: 595 Episode T: 1000 Reward: 48.370
---------------------------------------
Evaluation over 10 episodes: 65.754
---------------------------------------
Total T: 596000 Episode Num: 596 Episode T: 1000 Reward: 49.871
Total T: 597000 Episode Num: 597 Episode T: 1000 Reward: 78.310
Total T: 598000 Episode Num: 598 Episode T: 1000 Reward: 79.372
Total T: 599000 Episode Num: 599 Episode T: 1000 Reward: 79.939
Total T: 600000 Episode Num: 600 Episode T: 1000 Reward: 48.477
---------------------------------------
Evaluation over 10 episodes: 65.962
---------------------------------------
Total T: 601000 Episode Num: 601 Episode T: 1000 Reward: 79.069
Total T: 602000 Episode Num: 602 Episode T: 1000 Reward: 77.824
Total T: 603000 Episode Num: 603 Episode T: 1000 Reward: 47.513
Total T: 604000 Episode Num: 604 Episode T: 1000 Reward: 82.793
Total T: 605000 Episode Num: 605 Episode T: 1000 Reward: 80.455
---------------------------------------
Evaluation over 10 episodes: 64.633
---------------------------------------
Total T: 606000 Episode Num: 606 Episode T: 1000 Reward: 82.224
Total T: 607000 Episode Num: 607 Episode T: 1000 Reward: 49.059
Total T: 608000 Episode Num: 608 Episode T: 1000 Reward: 47.712
Total T: 609000 Episode Num: 609 Episode T: 1000 Reward: 49.135
Total T: 610000 Episode Num: 610 Episode T: 1000 Reward: 80.372
---------------------------------------
Evaluation over 10 episodes: 65.248
---------------------------------------
Total T: 611000 Episode Num: 611 Episode T: 1000 Reward: 49.768
Total T: 612000 Episode Num: 612 Episode T: 1000 Reward: 82.285
Total T: 613000 Episode Num: 613 Episode T: 1000 Reward: 49.767
Total T: 614000 Episode Num: 614 Episode T: 1000 Reward: 80.454
Total T: 615000 Episode Num: 615 Episode T: 1000 Reward: 48.735
---------------------------------------
Evaluation over 10 episodes: 66.646
---------------------------------------
Total T: 616000 Episode Num: 616 Episode T: 1000 Reward: 77.756
Total T: 617000 Episode Num: 617 Episode T: 1000 Reward: 46.246
Total T: 618000 Episode Num: 618 Episode T: 1000 Reward: 81.835
Total T: 619000 Episode Num: 619 Episode T: 1000 Reward: 82.358
Total T: 620000 Episode Num: 620 Episode T: 1000 Reward: 47.275
---------------------------------------
Evaluation over 10 episodes: 64.574
---------------------------------------
Total T: 621000 Episode Num: 621 Episode T: 1000 Reward: 48.856
Total T: 622000 Episode Num: 622 Episode T: 1000 Reward: 80.522
Total T: 623000 Episode Num: 623 Episode T: 1000 Reward: 50.511
Total T: 624000 Episode Num: 624 Episode T: 1000 Reward: 49.353
Total T: 625000 Episode Num: 625 Episode T: 1000 Reward: 78.999
---------------------------------------
Evaluation over 10 episodes: 64.534
---------------------------------------
Total T: 626000 Episode Num: 626 Episode T: 1000 Reward: 49.697
Total T: 627000 Episode Num: 627 Episode T: 1000 Reward: 81.859
Total T: 628000 Episode Num: 628 Episode T: 1000 Reward: 79.409
Total T: 629000 Episode Num: 629 Episode T: 1000 Reward: 50.336
Total T: 630000 Episode Num: 630 Episode T: 1000 Reward: 49.303
---------------------------------------
Evaluation over 10 episodes: 63.596
---------------------------------------
Total T: 631000 Episode Num: 631 Episode T: 1000 Reward: 47.363
Total T: 632000 Episode Num: 632 Episode T: 1000 Reward: 49.344
Total T: 633000 Episode Num: 633 Episode T: 1000 Reward: 79.781
Total T: 634000 Episode Num: 634 Episode T: 1000 Reward: 50.494
Total T: 635000 Episode Num: 635 Episode T: 1000 Reward: 48.352
---------------------------------------
Evaluation over 10 episodes: 63.898
---------------------------------------
Total T: 636000 Episode Num: 636 Episode T: 1000 Reward: 81.278
Total T: 637000 Episode Num: 637 Episode T: 1000 Reward: 50.532
Total T: 638000 Episode Num: 638 Episode T: 1000 Reward: 48.422
Total T: 639000 Episode Num: 639 Episode T: 1000 Reward: 83.465
Total T: 640000 Episode Num: 640 Episode T: 1000 Reward: 48.295
---------------------------------------
Evaluation over 10 episodes: 65.455
---------------------------------------
Total T: 641000 Episode Num: 641 Episode T: 1000 Reward: 81.141
Total T: 642000 Episode Num: 642 Episode T: 1000 Reward: 79.105
Total T: 643000 Episode Num: 643 Episode T: 1000 Reward: 82.472
Total T: 644000 Episode Num: 644 Episode T: 1000 Reward: 48.136
Total T: 645000 Episode Num: 645 Episode T: 1000 Reward: 50.653
---------------------------------------
Evaluation over 10 episodes: 64.064
---------------------------------------
Total T: 646000 Episode Num: 646 Episode T: 1000 Reward: 48.381
Total T: 647000 Episode Num: 647 Episode T: 1000 Reward: 79.482
Total T: 648000 Episode Num: 648 Episode T: 1000 Reward: 47.129
Total T: 649000 Episode Num: 649 Episode T: 1000 Reward: 76.519
Total T: 650000 Episode Num: 650 Episode T: 1000 Reward: 48.971
---------------------------------------
Evaluation over 10 episodes: 64.978
---------------------------------------
Total T: 651000 Episode Num: 651 Episode T: 1000 Reward: 81.882
Total T: 652000 Episode Num: 652 Episode T: 1000 Reward: 47.809
Total T: 653000 Episode Num: 653 Episode T: 1000 Reward: 49.249
Total T: 654000 Episode Num: 654 Episode T: 1000 Reward: 78.611
Total T: 655000 Episode Num: 655 Episode T: 1000 Reward: 80.096
---------------------------------------
Evaluation over 10 episodes: 64.457
---------------------------------------
Total T: 656000 Episode Num: 656 Episode T: 1000 Reward: 49.931
Total T: 657000 Episode Num: 657 Episode T: 1000 Reward: 47.732
Total T: 658000 Episode Num: 658 Episode T: 1000 Reward: 77.314
Total T: 659000 Episode Num: 659 Episode T: 1000 Reward: 48.959
Total T: 660000 Episode Num: 660 Episode T: 1000 Reward: 81.916
---------------------------------------
Evaluation over 10 episodes: 63.591
---------------------------------------
Total T: 661000 Episode Num: 661 Episode T: 1000 Reward: 48.920
Total T: 662000 Episode Num: 662 Episode T: 1000 Reward: 46.959
Total T: 663000 Episode Num: 663 Episode T: 1000 Reward: 50.476
Total T: 664000 Episode Num: 664 Episode T: 1000 Reward: 79.253
Total T: 665000 Episode Num: 665 Episode T: 1000 Reward: 79.435
---------------------------------------
Evaluation over 10 episodes: 61.919
---------------------------------------
Total T: 666000 Episode Num: 666 Episode T: 1000 Reward: 82.459
Total T: 667000 Episode Num: 667 Episode T: 1000 Reward: 49.973
Total T: 668000 Episode Num: 668 Episode T: 1000 Reward: 82.520
Total T: 669000 Episode Num: 669 Episode T: 1000 Reward: 46.964
Total T: 670000 Episode Num: 670 Episode T: 1000 Reward: 82.208
---------------------------------------
Evaluation over 10 episodes: 64.347
---------------------------------------
Total T: 671000 Episode Num: 671 Episode T: 1000 Reward: 82.475
Total T: 672000 Episode Num: 672 Episode T: 1000 Reward: 79.477
Total T: 673000 Episode Num: 673 Episode T: 1000 Reward: 47.823
Total T: 674000 Episode Num: 674 Episode T: 1000 Reward: 48.150
Total T: 675000 Episode Num: 675 Episode T: 1000 Reward: 82.326
---------------------------------------
Evaluation over 10 episodes: 65.425
---------------------------------------
Total T: 676000 Episode Num: 676 Episode T: 1000 Reward: 46.409
Total T: 677000 Episode Num: 677 Episode T: 1000 Reward: 49.548
Total T: 678000 Episode Num: 678 Episode T: 1000 Reward: 49.613
Total T: 679000 Episode Num: 679 Episode T: 1000 Reward: 79.963
Total T: 680000 Episode Num: 680 Episode T: 1000 Reward: 79.967
---------------------------------------
Evaluation over 10 episodes: 61.650
---------------------------------------
Total T: 681000 Episode Num: 681 Episode T: 1000 Reward: 78.996
Total T: 682000 Episode Num: 682 Episode T: 1000 Reward: 82.096
Total T: 683000 Episode Num: 683 Episode T: 1000 Reward: 47.664
Total T: 684000 Episode Num: 684 Episode T: 1000 Reward: 49.237
Total T: 685000 Episode Num: 685 Episode T: 1000 Reward: 82.283
---------------------------------------
Evaluation over 10 episodes: 64.108
---------------------------------------
Total T: 686000 Episode Num: 686 Episode T: 1000 Reward: 49.408
Total T: 687000 Episode Num: 687 Episode T: 1000 Reward: 80.691
Total T: 688000 Episode Num: 688 Episode T: 1000 Reward: 48.719
Total T: 689000 Episode Num: 689 Episode T: 1000 Reward: 47.508
Total T: 690000 Episode Num: 690 Episode T: 1000 Reward: 81.513
---------------------------------------
Evaluation over 10 episodes: 66.161
---------------------------------------
Total T: 691000 Episode Num: 691 Episode T: 1000 Reward: 47.486
Total T: 692000 Episode Num: 692 Episode T: 1000 Reward: 81.134
Total T: 693000 Episode Num: 693 Episode T: 1000 Reward: 82.632
Total T: 694000 Episode Num: 694 Episode T: 1000 Reward: 49.419
Total T: 695000 Episode Num: 695 Episode T: 1000 Reward: 81.331
---------------------------------------
Evaluation over 10 episodes: 64.308
---------------------------------------
Total T: 696000 Episode Num: 696 Episode T: 1000 Reward: 82.015
Total T: 697000 Episode Num: 697 Episode T: 1000 Reward: 48.694
Total T: 698000 Episode Num: 698 Episode T: 1000 Reward: 83.057
Total T: 699000 Episode Num: 699 Episode T: 1000 Reward: 48.060
Total T: 700000 Episode Num: 700 Episode T: 1000 Reward: 47.431
---------------------------------------
Evaluation over 10 episodes: 66.770
---------------------------------------
Total T: 701000 Episode Num: 701 Episode T: 1000 Reward: 50.299
Total T: 702000 Episode Num: 702 Episode T: 1000 Reward: 84.533
Total T: 703000 Episode Num: 703 Episode T: 1000 Reward: 46.052
Total T: 704000 Episode Num: 704 Episode T: 1000 Reward: 46.991
Total T: 705000 Episode Num: 705 Episode T: 1000 Reward: 46.616
---------------------------------------
Evaluation over 10 episodes: 64.492
---------------------------------------
Total T: 706000 Episode Num: 706 Episode T: 1000 Reward: 84.251
Total T: 707000 Episode Num: 707 Episode T: 1000 Reward: 84.478
Total T: 708000 Episode Num: 708 Episode T: 1000 Reward: 48.387
Total T: 709000 Episode Num: 709 Episode T: 1000 Reward: 83.294
Total T: 710000 Episode Num: 710 Episode T: 1000 Reward: 49.934
---------------------------------------
Evaluation over 10 episodes: 66.934
---------------------------------------
Total T: 711000 Episode Num: 711 Episode T: 1000 Reward: 83.141
Total T: 712000 Episode Num: 712 Episode T: 1000 Reward: 82.041
Total T: 713000 Episode Num: 713 Episode T: 1000 Reward: 82.200
Total T: 714000 Episode Num: 714 Episode T: 1000 Reward: 48.387
Total T: 715000 Episode Num: 715 Episode T: 1000 Reward: 47.036
---------------------------------------
Evaluation over 10 episodes: 62.344
---------------------------------------
Total T: 716000 Episode Num: 716 Episode T: 1000 Reward: 84.462
Total T: 717000 Episode Num: 717 Episode T: 1000 Reward: 50.263
Total T: 718000 Episode Num: 718 Episode T: 1000 Reward: 50.232
Total T: 719000 Episode Num: 719 Episode T: 1000 Reward: 49.168
Total T: 720000 Episode Num: 720 Episode T: 1000 Reward: 48.700
---------------------------------------
Evaluation over 10 episodes: 64.745
---------------------------------------
Total T: 721000 Episode Num: 721 Episode T: 1000 Reward: 82.553
Total T: 722000 Episode Num: 722 Episode T: 1000 Reward: 46.434
Total T: 723000 Episode Num: 723 Episode T: 1000 Reward: 47.889
Total T: 724000 Episode Num: 724 Episode T: 1000 Reward: 47.596
Total T: 725000 Episode Num: 725 Episode T: 1000 Reward: 83.960
---------------------------------------
Evaluation over 10 episodes: 65.851
---------------------------------------
Total T: 726000 Episode Num: 726 Episode T: 1000 Reward: 48.991
Total T: 727000 Episode Num: 727 Episode T: 1000 Reward: 45.817
Total T: 728000 Episode Num: 728 Episode T: 1000 Reward: 48.446
Total T: 729000 Episode Num: 729 Episode T: 1000 Reward: 79.727
Total T: 730000 Episode Num: 730 Episode T: 1000 Reward: 47.929
---------------------------------------
Evaluation over 10 episodes: 66.107
---------------------------------------
Total T: 731000 Episode Num: 731 Episode T: 1000 Reward: 47.363
Total T: 732000 Episode Num: 732 Episode T: 1000 Reward: 80.200
Total T: 733000 Episode Num: 733 Episode T: 1000 Reward: 80.279
Total T: 734000 Episode Num: 734 Episode T: 1000 Reward: 84.004
Total T: 735000 Episode Num: 735 Episode T: 1000 Reward: 83.083
---------------------------------------
Evaluation over 10 episodes: 64.619
---------------------------------------
Total T: 736000 Episode Num: 736 Episode T: 1000 Reward: 81.863
Total T: 737000 Episode Num: 737 Episode T: 1000 Reward: 83.646
Total T: 738000 Episode Num: 738 Episode T: 1000 Reward: 50.501
Total T: 739000 Episode Num: 739 Episode T: 1000 Reward: 82.821
Total T: 740000 Episode Num: 740 Episode T: 1000 Reward: 84.129
---------------------------------------
Evaluation over 10 episodes: 65.000
---------------------------------------
Total T: 741000 Episode Num: 741 Episode T: 1000 Reward: 50.328
Total T: 742000 Episode Num: 742 Episode T: 1000 Reward: 48.516
Total T: 743000 Episode Num: 743 Episode T: 1000 Reward: 82.417
Total T: 744000 Episode Num: 744 Episode T: 1000 Reward: 81.394
Total T: 745000 Episode Num: 745 Episode T: 1000 Reward: 85.405
---------------------------------------
Evaluation over 10 episodes: 65.121
---------------------------------------
Total T: 746000 Episode Num: 746 Episode T: 1000 Reward: 47.583
Total T: 747000 Episode Num: 747 Episode T: 1000 Reward: 83.814
Total T: 748000 Episode Num: 748 Episode T: 1000 Reward: 82.954
Total T: 749000 Episode Num: 749 Episode T: 1000 Reward: 80.673
Total T: 750000 Episode Num: 750 Episode T: 1000 Reward: 84.307
---------------------------------------
Evaluation over 10 episodes: 64.238
---------------------------------------
Total T: 751000 Episode Num: 751 Episode T: 1000 Reward: 80.798
Total T: 752000 Episode Num: 752 Episode T: 1000 Reward: 83.268
Total T: 753000 Episode Num: 753 Episode T: 1000 Reward: 80.175
Total T: 754000 Episode Num: 754 Episode T: 1000 Reward: 47.526
Total T: 755000 Episode Num: 755 Episode T: 1000 Reward: 46.220
---------------------------------------
Evaluation over 10 episodes: 65.406
---------------------------------------
Total T: 756000 Episode Num: 756 Episode T: 1000 Reward: 49.455
Total T: 757000 Episode Num: 757 Episode T: 1000 Reward: 79.977
Total T: 758000 Episode Num: 758 Episode T: 1000 Reward: 77.952
Total T: 759000 Episode Num: 759 Episode T: 1000 Reward: 83.762
Total T: 760000 Episode Num: 760 Episode T: 1000 Reward: 47.824
---------------------------------------
Evaluation over 10 episodes: 69.175
---------------------------------------
Total T: 761000 Episode Num: 761 Episode T: 1000 Reward: 81.909
Total T: 762000 Episode Num: 762 Episode T: 1000 Reward: 83.496
Total T: 763000 Episode Num: 763 Episode T: 1000 Reward: 78.516
Total T: 764000 Episode Num: 764 Episode T: 1000 Reward: 84.850
Total T: 765000 Episode Num: 765 Episode T: 1000 Reward: 80.653
---------------------------------------
Evaluation over 10 episodes: 63.333
---------------------------------------
Total T: 766000 Episode Num: 766 Episode T: 1000 Reward: 47.248
Total T: 767000 Episode Num: 767 Episode T: 1000 Reward: 49.125
Total T: 768000 Episode Num: 768 Episode T: 1000 Reward: 49.840
Total T: 769000 Episode Num: 769 Episode T: 1000 Reward: 80.358
Total T: 770000 Episode Num: 770 Episode T: 1000 Reward: 82.208
---------------------------------------
Evaluation over 10 episodes: 64.635
---------------------------------------
Total T: 771000 Episode Num: 771 Episode T: 1000 Reward: 48.485
Total T: 772000 Episode Num: 772 Episode T: 1000 Reward: 81.767
Total T: 773000 Episode Num: 773 Episode T: 1000 Reward: 49.501
Total T: 774000 Episode Num: 774 Episode T: 1000 Reward: 79.453
Total T: 775000 Episode Num: 775 Episode T: 1000 Reward: 82.860
---------------------------------------
Evaluation over 10 episodes: 66.476
---------------------------------------
Total T: 776000 Episode Num: 776 Episode T: 1000 Reward: 48.203
Total T: 777000 Episode Num: 777 Episode T: 1000 Reward: 78.098
Total T: 778000 Episode Num: 778 Episode T: 1000 Reward: 49.501
Total T: 779000 Episode Num: 779 Episode T: 1000 Reward: 81.247
Total T: 780000 Episode Num: 780 Episode T: 1000 Reward: 80.800
---------------------------------------
Evaluation over 10 episodes: 64.583
---------------------------------------
Total T: 781000 Episode Num: 781 Episode T: 1000 Reward: 82.127
Total T: 782000 Episode Num: 782 Episode T: 1000 Reward: 80.689
Total T: 783000 Episode Num: 783 Episode T: 1000 Reward: 79.772
Total T: 784000 Episode Num: 784 Episode T: 1000 Reward: 77.708
Total T: 785000 Episode Num: 785 Episode T: 1000 Reward: 48.687
---------------------------------------
Evaluation over 10 episodes: 61.218
---------------------------------------
Total T: 786000 Episode Num: 786 Episode T: 1000 Reward: 47.752
Total T: 787000 Episode Num: 787 Episode T: 1000 Reward: 80.017
Total T: 788000 Episode Num: 788 Episode T: 1000 Reward: 78.840
Total T: 789000 Episode Num: 789 Episode T: 1000 Reward: 49.156
Total T: 790000 Episode Num: 790 Episode T: 1000 Reward: 81.804
---------------------------------------
Evaluation over 10 episodes: 65.863
---------------------------------------
Total T: 791000 Episode Num: 791 Episode T: 1000 Reward: 81.371
Total T: 792000 Episode Num: 792 Episode T: 1000 Reward: 79.725
Total T: 793000 Episode Num: 793 Episode T: 1000 Reward: 48.174
Total T: 794000 Episode Num: 794 Episode T: 1000 Reward: 81.869
Total T: 795000 Episode Num: 795 Episode T: 1000 Reward: 80.855
---------------------------------------
Evaluation over 10 episodes: 69.634
---------------------------------------
Total T: 796000 Episode Num: 796 Episode T: 1000 Reward: 80.865
Total T: 797000 Episode Num: 797 Episode T: 1000 Reward: 48.262
Total T: 798000 Episode Num: 798 Episode T: 1000 Reward: 78.607
Total T: 799000 Episode Num: 799 Episode T: 1000 Reward: 79.188
Total T: 800000 Episode Num: 800 Episode T: 1000 Reward: 48.268
---------------------------------------
Evaluation over 10 episodes: 61.330
---------------------------------------
Total T: 801000 Episode Num: 801 Episode T: 1000 Reward: 49.301
Total T: 802000 Episode Num: 802 Episode T: 1000 Reward: 78.060
Total T: 803000 Episode Num: 803 Episode T: 1000 Reward: 46.994
Total T: 804000 Episode Num: 804 Episode T: 1000 Reward: 49.708
Total T: 805000 Episode Num: 805 Episode T: 1000 Reward: 46.864
---------------------------------------
Evaluation over 10 episodes: 70.670
---------------------------------------
Total T: 806000 Episode Num: 806 Episode T: 1000 Reward: 49.400
Total T: 807000 Episode Num: 807 Episode T: 1000 Reward: 47.638
Total T: 808000 Episode Num: 808 Episode T: 1000 Reward: 80.615
Total T: 809000 Episode Num: 809 Episode T: 1000 Reward: 81.314
Total T: 810000 Episode Num: 810 Episode T: 1000 Reward: 48.815
---------------------------------------
Evaluation over 10 episodes: 67.845
---------------------------------------
Total T: 811000 Episode Num: 811 Episode T: 1000 Reward: 79.841
Total T: 812000 Episode Num: 812 Episode T: 1000 Reward: 83.651
Total T: 813000 Episode Num: 813 Episode T: 1000 Reward: 46.055
Total T: 814000 Episode Num: 814 Episode T: 1000 Reward: 79.027
Total T: 815000 Episode Num: 815 Episode T: 1000 Reward: 79.442
---------------------------------------
Evaluation over 10 episodes: 65.984
---------------------------------------
Total T: 816000 Episode Num: 816 Episode T: 1000 Reward: 48.668
Total T: 817000 Episode Num: 817 Episode T: 1000 Reward: 50.978
Total T: 818000 Episode Num: 818 Episode T: 1000 Reward: 83.996
Total T: 819000 Episode Num: 819 Episode T: 1000 Reward: 79.085
Total T: 820000 Episode Num: 820 Episode T: 1000 Reward: 49.607
---------------------------------------
Evaluation over 10 episodes: 66.542
---------------------------------------
Total T: 821000 Episode Num: 821 Episode T: 1000 Reward: 83.604
Total T: 822000 Episode Num: 822 Episode T: 1000 Reward: 47.726
Total T: 823000 Episode Num: 823 Episode T: 1000 Reward: 81.895
Total T: 824000 Episode Num: 824 Episode T: 1000 Reward: 49.786
Total T: 825000 Episode Num: 825 Episode T: 1000 Reward: 82.907
---------------------------------------
Evaluation over 10 episodes: 67.626
---------------------------------------
Total T: 826000 Episode Num: 826 Episode T: 1000 Reward: 81.391
Total T: 827000 Episode Num: 827 Episode T: 1000 Reward: 47.853
Total T: 828000 Episode Num: 828 Episode T: 1000 Reward: 84.672
Total T: 829000 Episode Num: 829 Episode T: 1000 Reward: 82.355
Total T: 830000 Episode Num: 830 Episode T: 1000 Reward: 83.128
---------------------------------------
Evaluation over 10 episodes: 68.546
---------------------------------------
Total T: 831000 Episode Num: 831 Episode T: 1000 Reward: 80.041
Total T: 832000 Episode Num: 832 Episode T: 1000 Reward: 50.764
Total T: 833000 Episode Num: 833 Episode T: 1000 Reward: 82.600
Total T: 834000 Episode Num: 834 Episode T: 1000 Reward: 82.351
Total T: 835000 Episode Num: 835 Episode T: 1000 Reward: 50.610
---------------------------------------
Evaluation over 10 episodes: 66.473
---------------------------------------
Total T: 836000 Episode Num: 836 Episode T: 1000 Reward: 80.468
Total T: 837000 Episode Num: 837 Episode T: 1000 Reward: 47.145
Total T: 838000 Episode Num: 838 Episode T: 1000 Reward: 51.315
Total T: 839000 Episode Num: 839 Episode T: 1000 Reward: 50.728
Total T: 840000 Episode Num: 840 Episode T: 1000 Reward: 48.595
---------------------------------------
Evaluation over 10 episodes: 70.301
---------------------------------------
Total T: 841000 Episode Num: 841 Episode T: 1000 Reward: 83.504
Total T: 842000 Episode Num: 842 Episode T: 1000 Reward: 82.164
Total T: 843000 Episode Num: 843 Episode T: 1000 Reward: 50.174
Total T: 844000 Episode Num: 844 Episode T: 1000 Reward: 47.701
Total T: 845000 Episode Num: 845 Episode T: 1000 Reward: 50.782
---------------------------------------
Evaluation over 10 episodes: 70.492
---------------------------------------
Total T: 846000 Episode Num: 846 Episode T: 1000 Reward: 51.279
Total T: 847000 Episode Num: 847 Episode T: 1000 Reward: 50.236
Total T: 848000 Episode Num: 848 Episode T: 1000 Reward: 49.287
Total T: 849000 Episode Num: 849 Episode T: 1000 Reward: 84.867
Total T: 850000 Episode Num: 850 Episode T: 1000 Reward: 49.634
---------------------------------------
Evaluation over 10 episodes: 72.209
---------------------------------------
Total T: 851000 Episode Num: 851 Episode T: 1000 Reward: 49.664
Total T: 852000 Episode Num: 852 Episode T: 1000 Reward: 85.828
Total T: 853000 Episode Num: 853 Episode T: 1000 Reward: 84.751
Total T: 854000 Episode Num: 854 Episode T: 1000 Reward: 48.832
Total T: 855000 Episode Num: 855 Episode T: 1000 Reward: 49.382
---------------------------------------
Evaluation over 10 episodes: 67.818
---------------------------------------
Total T: 856000 Episode Num: 856 Episode T: 1000 Reward: 49.242
Total T: 857000 Episode Num: 857 Episode T: 1000 Reward: 88.103
Total T: 858000 Episode Num: 858 Episode T: 1000 Reward: 49.712
Total T: 859000 Episode Num: 859 Episode T: 1000 Reward: 46.193
Total T: 860000 Episode Num: 860 Episode T: 1000 Reward: 83.795
---------------------------------------
Evaluation over 10 episodes: 70.172
---------------------------------------
Total T: 861000 Episode Num: 861 Episode T: 1000 Reward: 48.961
Total T: 862000 Episode Num: 862 Episode T: 1000 Reward: 82.470
Total T: 863000 Episode Num: 863 Episode T: 1000 Reward: 84.231
Total T: 864000 Episode Num: 864 Episode T: 1000 Reward: 47.626
Total T: 865000 Episode Num: 865 Episode T: 1000 Reward: 82.662
---------------------------------------
Evaluation over 10 episodes: 68.625
---------------------------------------
Total T: 866000 Episode Num: 866 Episode T: 1000 Reward: 84.645
Total T: 867000 Episode Num: 867 Episode T: 1000 Reward: 85.041
Total T: 868000 Episode Num: 868 Episode T: 1000 Reward: 83.677
Total T: 869000 Episode Num: 869 Episode T: 1000 Reward: 83.497
Total T: 870000 Episode Num: 870 Episode T: 1000 Reward: 48.584
---------------------------------------
Evaluation over 10 episodes: 70.552
---------------------------------------
Total T: 871000 Episode Num: 871 Episode T: 1000 Reward: 46.642
Total T: 872000 Episode Num: 872 Episode T: 1000 Reward: 47.925
Total T: 873000 Episode Num: 873 Episode T: 1000 Reward: 82.272
Total T: 874000 Episode Num: 874 Episode T: 1000 Reward: 84.854
Total T: 875000 Episode Num: 875 Episode T: 1000 Reward: 86.342
---------------------------------------
Evaluation over 10 episodes: 70.342
---------------------------------------
Total T: 876000 Episode Num: 876 Episode T: 1000 Reward: 81.942
Total T: 877000 Episode Num: 877 Episode T: 1000 Reward: 86.223
Total T: 878000 Episode Num: 878 Episode T: 1000 Reward: 85.916
Total T: 879000 Episode Num: 879 Episode T: 1000 Reward: 83.244
Total T: 880000 Episode Num: 880 Episode T: 1000 Reward: 83.668
---------------------------------------
Evaluation over 10 episodes: 67.054
---------------------------------------
Total T: 881000 Episode Num: 881 Episode T: 1000 Reward: 48.021
Total T: 882000 Episode Num: 882 Episode T: 1000 Reward: 47.927
Total T: 883000 Episode Num: 883 Episode T: 1000 Reward: 96.960
Total T: 884000 Episode Num: 884 Episode T: 1000 Reward: 82.181
Total T: 885000 Episode Num: 885 Episode T: 1000 Reward: 85.992
---------------------------------------
Evaluation over 10 episodes: 72.955
---------------------------------------
Total T: 886000 Episode Num: 886 Episode T: 1000 Reward: 49.868
Total T: 887000 Episode Num: 887 Episode T: 1000 Reward: 84.375
Total T: 888000 Episode Num: 888 Episode T: 1000 Reward: 82.183
Total T: 889000 Episode Num: 889 Episode T: 1000 Reward: 82.706
Total T: 890000 Episode Num: 890 Episode T: 1000 Reward: 84.086
---------------------------------------
Evaluation over 10 episodes: 68.383
---------------------------------------
Total T: 891000 Episode Num: 891 Episode T: 1000 Reward: 49.809
Total T: 892000 Episode Num: 892 Episode T: 1000 Reward: 83.696
Total T: 893000 Episode Num: 893 Episode T: 1000 Reward: 82.858
Total T: 894000 Episode Num: 894 Episode T: 1000 Reward: 83.707
Total T: 895000 Episode Num: 895 Episode T: 1000 Reward: 50.369
---------------------------------------
Evaluation over 10 episodes: 67.080
---------------------------------------
Total T: 896000 Episode Num: 896 Episode T: 1000 Reward: 83.704
Total T: 897000 Episode Num: 897 Episode T: 1000 Reward: 49.003
Total T: 898000 Episode Num: 898 Episode T: 1000 Reward: 86.870
Total T: 899000 Episode Num: 899 Episode T: 1000 Reward: 50.046
Total T: 900000 Episode Num: 900 Episode T: 1000 Reward: 49.840
---------------------------------------
Evaluation over 10 episodes: 63.813
---------------------------------------
Total T: 901000 Episode Num: 901 Episode T: 1000 Reward: 51.174
Total T: 902000 Episode Num: 902 Episode T: 1000 Reward: 85.125
Total T: 903000 Episode Num: 903 Episode T: 1000 Reward: 47.383
Total T: 904000 Episode Num: 904 Episode T: 1000 Reward: 49.462
Total T: 905000 Episode Num: 905 Episode T: 1000 Reward: 48.638
---------------------------------------
Evaluation over 10 episodes: 70.233
---------------------------------------
Total T: 906000 Episode Num: 906 Episode T: 1000 Reward: 83.517
Total T: 907000 Episode Num: 907 Episode T: 1000 Reward: 47.876
Total T: 908000 Episode Num: 908 Episode T: 1000 Reward: 48.109
Total T: 909000 Episode Num: 909 Episode T: 1000 Reward: 85.066
Total T: 910000 Episode Num: 910 Episode T: 1000 Reward: 81.871
---------------------------------------
Evaluation over 10 episodes: 63.632
---------------------------------------
Total T: 911000 Episode Num: 911 Episode T: 1000 Reward: 84.359
Total T: 912000 Episode Num: 912 Episode T: 1000 Reward: 49.484
Total T: 913000 Episode Num: 913 Episode T: 1000 Reward: 85.302
Total T: 914000 Episode Num: 914 Episode T: 1000 Reward: 48.912
Total T: 915000 Episode Num: 915 Episode T: 1000 Reward: 84.205
---------------------------------------
Evaluation over 10 episodes: 67.226
---------------------------------------
Total T: 916000 Episode Num: 916 Episode T: 1000 Reward: 48.927
Total T: 917000 Episode Num: 917 Episode T: 1000 Reward: 83.683
Total T: 918000 Episode Num: 918 Episode T: 1000 Reward: 80.949
Total T: 919000 Episode Num: 919 Episode T: 1000 Reward: 66.600
Total T: 920000 Episode Num: 920 Episode T: 1000 Reward: 80.546
---------------------------------------
Evaluation over 10 episodes: 66.641
---------------------------------------
Total T: 921000 Episode Num: 921 Episode T: 1000 Reward: 84.226
Total T: 922000 Episode Num: 922 Episode T: 1000 Reward: 82.964
Total T: 923000 Episode Num: 923 Episode T: 1000 Reward: 50.372
Total T: 924000 Episode Num: 924 Episode T: 1000 Reward: 48.985
Total T: 925000 Episode Num: 925 Episode T: 1000 Reward: 86.409
---------------------------------------
Evaluation over 10 episodes: 70.231
---------------------------------------
Total T: 926000 Episode Num: 926 Episode T: 1000 Reward: 47.244
Total T: 927000 Episode Num: 927 Episode T: 1000 Reward: 47.140
Total T: 928000 Episode Num: 928 Episode T: 1000 Reward: 88.134
Total T: 929000 Episode Num: 929 Episode T: 1000 Reward: 47.472
Total T: 930000 Episode Num: 930 Episode T: 1000 Reward: 89.721
---------------------------------------
Evaluation over 10 episodes: 68.216
---------------------------------------
Total T: 931000 Episode Num: 931 Episode T: 1000 Reward: 50.645
Total T: 932000 Episode Num: 932 Episode T: 1000 Reward: 85.979
Total T: 933000 Episode Num: 933 Episode T: 1000 Reward: 93.733
Total T: 934000 Episode Num: 934 Episode T: 1000 Reward: 49.982
Total T: 935000 Episode Num: 935 Episode T: 1000 Reward: 82.507
---------------------------------------
Evaluation over 10 episodes: 73.156
---------------------------------------
Total T: 936000 Episode Num: 936 Episode T: 1000 Reward: 84.230
Total T: 937000 Episode Num: 937 Episode T: 1000 Reward: 89.893
Total T: 938000 Episode Num: 938 Episode T: 1000 Reward: 51.213
Total T: 939000 Episode Num: 939 Episode T: 1000 Reward: 89.878
Total T: 940000 Episode Num: 940 Episode T: 1000 Reward: 50.968
---------------------------------------
Evaluation over 10 episodes: 67.965
---------------------------------------
Total T: 941000 Episode Num: 941 Episode T: 1000 Reward: 48.648
Total T: 942000 Episode Num: 942 Episode T: 1000 Reward: 48.343
Total T: 943000 Episode Num: 943 Episode T: 1000 Reward: 89.409
Total T: 944000 Episode Num: 944 Episode T: 1000 Reward: 87.824
Total T: 945000 Episode Num: 945 Episode T: 1000 Reward: 89.301
---------------------------------------
Evaluation over 10 episodes: 65.117
---------------------------------------
Total T: 946000 Episode Num: 946 Episode T: 1000 Reward: 50.764
Total T: 947000 Episode Num: 947 Episode T: 1000 Reward: 85.434
Total T: 948000 Episode Num: 948 Episode T: 1000 Reward: 86.324
Total T: 949000 Episode Num: 949 Episode T: 1000 Reward: 88.295
Total T: 950000 Episode Num: 950 Episode T: 1000 Reward: 87.751
---------------------------------------
Evaluation over 10 episodes: 68.452
---------------------------------------
Total T: 951000 Episode Num: 951 Episode T: 1000 Reward: 87.543
Total T: 952000 Episode Num: 952 Episode T: 1000 Reward: 49.017
Total T: 953000 Episode Num: 953 Episode T: 1000 Reward: 51.506
Total T: 954000 Episode Num: 954 Episode T: 1000 Reward: 85.662
Total T: 955000 Episode Num: 955 Episode T: 1000 Reward: 82.455
---------------------------------------
Evaluation over 10 episodes: 66.462
---------------------------------------
Total T: 956000 Episode Num: 956 Episode T: 1000 Reward: 51.446
Total T: 957000 Episode Num: 957 Episode T: 1000 Reward: 89.395
Total T: 958000 Episode Num: 958 Episode T: 1000 Reward: 84.310
Total T: 959000 Episode Num: 959 Episode T: 1000 Reward: 84.414
Total T: 960000 Episode Num: 960 Episode T: 1000 Reward: 51.166
---------------------------------------
Evaluation over 10 episodes: 68.245
---------------------------------------
Total T: 961000 Episode Num: 961 Episode T: 1000 Reward: 89.811
Total T: 962000 Episode Num: 962 Episode T: 1000 Reward: 84.674
Total T: 963000 Episode Num: 963 Episode T: 1000 Reward: 88.477
Total T: 964000 Episode Num: 964 Episode T: 1000 Reward: 48.687
Total T: 965000 Episode Num: 965 Episode T: 1000 Reward: 48.730
---------------------------------------
Evaluation over 10 episodes: 69.113
---------------------------------------
Total T: 966000 Episode Num: 966 Episode T: 1000 Reward: 50.060
Total T: 967000 Episode Num: 967 Episode T: 1000 Reward: 86.894
Total T: 968000 Episode Num: 968 Episode T: 1000 Reward: 51.441
Total T: 969000 Episode Num: 969 Episode T: 1000 Reward: 90.750
Total T: 970000 Episode Num: 970 Episode T: 1000 Reward: 50.809
---------------------------------------
Evaluation over 10 episodes: 69.116
---------------------------------------
Total T: 971000 Episode Num: 971 Episode T: 1000 Reward: 49.163
Total T: 972000 Episode Num: 972 Episode T: 1000 Reward: 50.525
Total T: 973000 Episode Num: 973 Episode T: 1000 Reward: 49.755
Total T: 974000 Episode Num: 974 Episode T: 1000 Reward: 81.671
Total T: 975000 Episode Num: 975 Episode T: 1000 Reward: 50.060
---------------------------------------
Evaluation over 10 episodes: 68.367
---------------------------------------
Total T: 976000 Episode Num: 976 Episode T: 1000 Reward: 86.062
Total T: 977000 Episode Num: 977 Episode T: 1000 Reward: 87.074
Total T: 978000 Episode Num: 978 Episode T: 1000 Reward: 86.823
Total T: 979000 Episode Num: 979 Episode T: 1000 Reward: 49.383
Total T: 980000 Episode Num: 980 Episode T: 1000 Reward: 48.399
---------------------------------------
Evaluation over 10 episodes: 70.789
---------------------------------------
Total T: 981000 Episode Num: 981 Episode T: 1000 Reward: 87.027
Total T: 982000 Episode Num: 982 Episode T: 1000 Reward: 50.874
Total T: 983000 Episode Num: 983 Episode T: 1000 Reward: 50.184
Total T: 984000 Episode Num: 984 Episode T: 1000 Reward: 86.436
Total T: 985000 Episode Num: 985 Episode T: 1000 Reward: 49.198
---------------------------------------
Evaluation over 10 episodes: 69.171
---------------------------------------
Total T: 986000 Episode Num: 986 Episode T: 1000 Reward: 88.926
Total T: 987000 Episode Num: 987 Episode T: 1000 Reward: 88.104
Total T: 988000 Episode Num: 988 Episode T: 1000 Reward: 86.962
Total T: 989000 Episode Num: 989 Episode T: 1000 Reward: 88.165
Total T: 990000 Episode Num: 990 Episode T: 1000 Reward: 50.332
---------------------------------------
Evaluation over 10 episodes: 69.173
---------------------------------------
Total T: 991000 Episode Num: 991 Episode T: 1000 Reward: 89.652
Total T: 992000 Episode Num: 992 Episode T: 1000 Reward: 49.175
Total T: 993000 Episode Num: 993 Episode T: 1000 Reward: 87.312
Total T: 994000 Episode Num: 994 Episode T: 1000 Reward: 85.967
Total T: 995000 Episode Num: 995 Episode T: 1000 Reward: 88.550
---------------------------------------
Evaluation over 10 episodes: 68.687
---------------------------------------
Total T: 996000 Episode Num: 996 Episode T: 1000 Reward: 85.231
Total T: 997000 Episode Num: 997 Episode T: 1000 Reward: 87.409
Total T: 998000 Episode Num: 998 Episode T: 1000 Reward: 87.185
Total T: 999000 Episode Num: 999 Episode T: 1000 Reward: 50.039
Total T: 1000000 Episode Num: 1000 Episode T: 1000 Reward: 48.687
---------------------------------------
Evaluation over 10 episodes: 70.411
---------------------------------------
