---------------------------------------
Policy: TD3, Env: HalfCheetah-v2, Seed: 1
---------------------------------------
---------------------------------------
Evaluation over 10 episodes: -1.678
---------------------------------------
Total T: 1000 Episode Num: 1 Episode T: 1000 Reward: -346.330
Total T: 2000 Episode Num: 2 Episode T: 1000 Reward: -159.365
Total T: 3000 Episode Num: 3 Episode T: 1000 Reward: -224.846
Total T: 4000 Episode Num: 4 Episode T: 1000 Reward: -240.809
Total T: 5000 Episode Num: 5 Episode T: 1000 Reward: -307.061
---------------------------------------
Evaluation over 10 episodes: -1.666
---------------------------------------
Total T: 6000 Episode Num: 6 Episode T: 1000 Reward: -229.694
Total T: 7000 Episode Num: 7 Episode T: 1000 Reward: -213.730
Total T: 8000 Episode Num: 8 Episode T: 1000 Reward: -421.795
Total T: 9000 Episode Num: 9 Episode T: 1000 Reward: -443.124
Total T: 10000 Episode Num: 10 Episode T: 1000 Reward: -355.251
---------------------------------------
Evaluation over 10 episodes: -1.662
---------------------------------------
Total T: 11000 Episode Num: 11 Episode T: 1000 Reward: -320.928
Total T: 12000 Episode Num: 12 Episode T: 1000 Reward: -286.727
Total T: 13000 Episode Num: 13 Episode T: 1000 Reward: -318.886
Total T: 14000 Episode Num: 14 Episode T: 1000 Reward: -213.691
Total T: 15000 Episode Num: 15 Episode T: 1000 Reward: -135.969
---------------------------------------
Evaluation over 10 episodes: -1.686
---------------------------------------
Total T: 16000 Episode Num: 16 Episode T: 1000 Reward: -203.393
Total T: 17000 Episode Num: 17 Episode T: 1000 Reward: -237.233
Total T: 18000 Episode Num: 18 Episode T: 1000 Reward: -406.589
Total T: 19000 Episode Num: 19 Episode T: 1000 Reward: -458.513
Total T: 20000 Episode Num: 20 Episode T: 1000 Reward: -219.733
---------------------------------------
Evaluation over 10 episodes: -1.642
---------------------------------------
Total T: 21000 Episode Num: 21 Episode T: 1000 Reward: -228.260
Total T: 22000 Episode Num: 22 Episode T: 1000 Reward: -280.534
Total T: 23000 Episode Num: 23 Episode T: 1000 Reward: -407.697
Total T: 24000 Episode Num: 24 Episode T: 1000 Reward: -302.617
Total T: 25000 Episode Num: 25 Episode T: 1000 Reward: -308.465
---------------------------------------
Evaluation over 10 episodes: -1.635
---------------------------------------
Total T: 26000 Episode Num: 26 Episode T: 1000 Reward: -121.882
Total T: 27000 Episode Num: 27 Episode T: 1000 Reward: -228.492
Total T: 28000 Episode Num: 28 Episode T: 1000 Reward: -388.702
Total T: 29000 Episode Num: 29 Episode T: 1000 Reward: -250.953
Total T: 30000 Episode Num: 30 Episode T: 1000 Reward: -356.476
---------------------------------------
Evaluation over 10 episodes: -534.237
---------------------------------------
Total T: 31000 Episode Num: 31 Episode T: 1000 Reward: -400.636
Total T: 32000 Episode Num: 32 Episode T: 1000 Reward: -319.100
Total T: 33000 Episode Num: 33 Episode T: 1000 Reward: -330.351
Total T: 34000 Episode Num: 34 Episode T: 1000 Reward: -78.223
Total T: 35000 Episode Num: 35 Episode T: 1000 Reward: -79.439
---------------------------------------
Evaluation over 10 episodes: -99.687
---------------------------------------
Total T: 36000 Episode Num: 36 Episode T: 1000 Reward: -7.173
Total T: 37000 Episode Num: 37 Episode T: 1000 Reward: -166.689
Total T: 38000 Episode Num: 38 Episode T: 1000 Reward: -194.710
Total T: 39000 Episode Num: 39 Episode T: 1000 Reward: 107.605
Total T: 40000 Episode Num: 40 Episode T: 1000 Reward: -5.899
---------------------------------------
Evaluation over 10 episodes: 89.787
---------------------------------------
Total T: 41000 Episode Num: 41 Episode T: 1000 Reward: -53.803
Total T: 42000 Episode Num: 42 Episode T: 1000 Reward: 235.087
Total T: 43000 Episode Num: 43 Episode T: 1000 Reward: 437.670
Total T: 44000 Episode Num: 44 Episode T: 1000 Reward: 332.933
Total T: 45000 Episode Num: 45 Episode T: 1000 Reward: 201.299
---------------------------------------
Evaluation over 10 episodes: 653.110
---------------------------------------
Total T: 46000 Episode Num: 46 Episode T: 1000 Reward: 405.056
Total T: 47000 Episode Num: 47 Episode T: 1000 Reward: 1517.123
Total T: 48000 Episode Num: 48 Episode T: 1000 Reward: 1439.117
Total T: 49000 Episode Num: 49 Episode T: 1000 Reward: 1607.838
Total T: 50000 Episode Num: 50 Episode T: 1000 Reward: 1597.709
---------------------------------------
Evaluation over 10 episodes: 684.157
---------------------------------------
Total T: 51000 Episode Num: 51 Episode T: 1000 Reward: 753.160
Total T: 52000 Episode Num: 52 Episode T: 1000 Reward: 1975.510
Total T: 53000 Episode Num: 53 Episode T: 1000 Reward: 2041.551
Total T: 54000 Episode Num: 54 Episode T: 1000 Reward: 2380.739
Total T: 55000 Episode Num: 55 Episode T: 1000 Reward: 2116.646
---------------------------------------
Evaluation over 10 episodes: 2325.585
---------------------------------------
Total T: 56000 Episode Num: 56 Episode T: 1000 Reward: 2201.102
Total T: 57000 Episode Num: 57 Episode T: 1000 Reward: 2338.722
Total T: 58000 Episode Num: 58 Episode T: 1000 Reward: 2438.937
Total T: 59000 Episode Num: 59 Episode T: 1000 Reward: 2434.104
Total T: 60000 Episode Num: 60 Episode T: 1000 Reward: 2324.366
---------------------------------------
Evaluation over 10 episodes: 2636.908
---------------------------------------
Total T: 61000 Episode Num: 61 Episode T: 1000 Reward: 2427.467
Total T: 62000 Episode Num: 62 Episode T: 1000 Reward: 2590.677
Total T: 63000 Episode Num: 63 Episode T: 1000 Reward: 2903.529
Total T: 64000 Episode Num: 64 Episode T: 1000 Reward: 3115.890
Total T: 65000 Episode Num: 65 Episode T: 1000 Reward: 3108.941
---------------------------------------
Evaluation over 10 episodes: 3076.740
---------------------------------------
Total T: 66000 Episode Num: 66 Episode T: 1000 Reward: 3025.123
Total T: 67000 Episode Num: 67 Episode T: 1000 Reward: 2922.973
Total T: 68000 Episode Num: 68 Episode T: 1000 Reward: 2867.262
Total T: 69000 Episode Num: 69 Episode T: 1000 Reward: 3235.092
Total T: 70000 Episode Num: 70 Episode T: 1000 Reward: 3256.617
---------------------------------------
Evaluation over 10 episodes: 3153.977
---------------------------------------
Total T: 71000 Episode Num: 71 Episode T: 1000 Reward: 2955.820
Total T: 72000 Episode Num: 72 Episode T: 1000 Reward: 3175.843
Total T: 73000 Episode Num: 73 Episode T: 1000 Reward: 1945.527
Total T: 74000 Episode Num: 74 Episode T: 1000 Reward: 3178.189
Total T: 75000 Episode Num: 75 Episode T: 1000 Reward: 2982.310
---------------------------------------
Evaluation over 10 episodes: 3171.418
---------------------------------------
Total T: 76000 Episode Num: 76 Episode T: 1000 Reward: 3370.614
Total T: 77000 Episode Num: 77 Episode T: 1000 Reward: 3177.769
Total T: 78000 Episode Num: 78 Episode T: 1000 Reward: 3247.795
Total T: 79000 Episode Num: 79 Episode T: 1000 Reward: 3101.383
Total T: 80000 Episode Num: 80 Episode T: 1000 Reward: 3382.055
---------------------------------------
Evaluation over 10 episodes: 3355.484
---------------------------------------
Total T: 81000 Episode Num: 81 Episode T: 1000 Reward: 3325.682
Total T: 82000 Episode Num: 82 Episode T: 1000 Reward: 3509.915
Total T: 83000 Episode Num: 83 Episode T: 1000 Reward: 3321.238
Total T: 84000 Episode Num: 84 Episode T: 1000 Reward: 3538.045
Total T: 85000 Episode Num: 85 Episode T: 1000 Reward: 3548.037
---------------------------------------
Evaluation over 10 episodes: 3504.594
---------------------------------------
Total T: 86000 Episode Num: 86 Episode T: 1000 Reward: 3173.735
Total T: 87000 Episode Num: 87 Episode T: 1000 Reward: 3474.382
Total T: 88000 Episode Num: 88 Episode T: 1000 Reward: 3399.180
Total T: 89000 Episode Num: 89 Episode T: 1000 Reward: 3630.647
Total T: 90000 Episode Num: 90 Episode T: 1000 Reward: 3443.370
---------------------------------------
Evaluation over 10 episodes: 3686.368
---------------------------------------
Total T: 91000 Episode Num: 91 Episode T: 1000 Reward: 3392.947
Total T: 92000 Episode Num: 92 Episode T: 1000 Reward: 3817.312
Total T: 93000 Episode Num: 93 Episode T: 1000 Reward: 3842.043
Total T: 94000 Episode Num: 94 Episode T: 1000 Reward: 3710.638
Total T: 95000 Episode Num: 95 Episode T: 1000 Reward: 3717.437
---------------------------------------
Evaluation over 10 episodes: 3710.884
---------------------------------------
Total T: 96000 Episode Num: 96 Episode T: 1000 Reward: 3591.014
Total T: 97000 Episode Num: 97 Episode T: 1000 Reward: 4003.457
Total T: 98000 Episode Num: 98 Episode T: 1000 Reward: 3583.109
Total T: 99000 Episode Num: 99 Episode T: 1000 Reward: 3674.296
Total T: 100000 Episode Num: 100 Episode T: 1000 Reward: 3894.803
---------------------------------------
Evaluation over 10 episodes: 4002.188
---------------------------------------
Total T: 101000 Episode Num: 101 Episode T: 1000 Reward: 4035.358
Total T: 102000 Episode Num: 102 Episode T: 1000 Reward: 3993.414
Total T: 103000 Episode Num: 103 Episode T: 1000 Reward: 4070.968
Total T: 104000 Episode Num: 104 Episode T: 1000 Reward: 4027.941
Total T: 105000 Episode Num: 105 Episode T: 1000 Reward: 4087.704
---------------------------------------
Evaluation over 10 episodes: 4146.248
---------------------------------------
Total T: 106000 Episode Num: 106 Episode T: 1000 Reward: 4146.064
Total T: 107000 Episode Num: 107 Episode T: 1000 Reward: 4276.136
Total T: 108000 Episode Num: 108 Episode T: 1000 Reward: 3870.012
Total T: 109000 Episode Num: 109 Episode T: 1000 Reward: 4155.416
Total T: 110000 Episode Num: 110 Episode T: 1000 Reward: 3470.143
---------------------------------------
Evaluation over 10 episodes: 3612.890
---------------------------------------
Total T: 111000 Episode Num: 111 Episode T: 1000 Reward: 3838.652
Total T: 112000 Episode Num: 112 Episode T: 1000 Reward: 3648.973
Total T: 113000 Episode Num: 113 Episode T: 1000 Reward: 3658.930
Total T: 114000 Episode Num: 114 Episode T: 1000 Reward: 3690.248
Total T: 115000 Episode Num: 115 Episode T: 1000 Reward: 3833.173
---------------------------------------
Evaluation over 10 episodes: 3673.713
---------------------------------------
Total T: 116000 Episode Num: 116 Episode T: 1000 Reward: 3666.324
Total T: 117000 Episode Num: 117 Episode T: 1000 Reward: 3815.086
Total T: 118000 Episode Num: 118 Episode T: 1000 Reward: 3633.288
Total T: 119000 Episode Num: 119 Episode T: 1000 Reward: 3846.392
Total T: 120000 Episode Num: 120 Episode T: 1000 Reward: 3725.459
---------------------------------------
Evaluation over 10 episodes: 3740.020
---------------------------------------
Total T: 121000 Episode Num: 121 Episode T: 1000 Reward: 3851.827
Total T: 122000 Episode Num: 122 Episode T: 1000 Reward: 3773.648
Total T: 123000 Episode Num: 123 Episode T: 1000 Reward: 3635.864
Total T: 124000 Episode Num: 124 Episode T: 1000 Reward: 3616.719
Total T: 125000 Episode Num: 125 Episode T: 1000 Reward: 3841.052
---------------------------------------
Evaluation over 10 episodes: 4072.299
---------------------------------------
Total T: 126000 Episode Num: 126 Episode T: 1000 Reward: 3900.933
Total T: 127000 Episode Num: 127 Episode T: 1000 Reward: 3655.497
Total T: 128000 Episode Num: 128 Episode T: 1000 Reward: 3476.873
Total T: 129000 Episode Num: 129 Episode T: 1000 Reward: 4020.153
Total T: 130000 Episode Num: 130 Episode T: 1000 Reward: 3851.231
---------------------------------------
Evaluation over 10 episodes: 3690.245
---------------------------------------
Total T: 131000 Episode Num: 131 Episode T: 1000 Reward: 3640.400
Total T: 132000 Episode Num: 132 Episode T: 1000 Reward: 3989.807
Total T: 133000 Episode Num: 133 Episode T: 1000 Reward: 4102.525
Total T: 134000 Episode Num: 134 Episode T: 1000 Reward: 4188.602
Total T: 135000 Episode Num: 135 Episode T: 1000 Reward: 4110.123
---------------------------------------
Evaluation over 10 episodes: 4323.651
---------------------------------------
Total T: 136000 Episode Num: 136 Episode T: 1000 Reward: 4033.994
Total T: 137000 Episode Num: 137 Episode T: 1000 Reward: 4083.263
Total T: 138000 Episode Num: 138 Episode T: 1000 Reward: 4287.273
Total T: 139000 Episode Num: 139 Episode T: 1000 Reward: 4174.048
Total T: 140000 Episode Num: 140 Episode T: 1000 Reward: 4265.411
---------------------------------------
Evaluation over 10 episodes: 4508.988
---------------------------------------
Total T: 141000 Episode Num: 141 Episode T: 1000 Reward: 4041.029
Total T: 142000 Episode Num: 142 Episode T: 1000 Reward: 4250.177
Total T: 143000 Episode Num: 143 Episode T: 1000 Reward: 4297.489
Total T: 144000 Episode Num: 144 Episode T: 1000 Reward: 4362.901
Total T: 145000 Episode Num: 145 Episode T: 1000 Reward: 4218.773
---------------------------------------
Evaluation over 10 episodes: 4387.634
---------------------------------------
Total T: 146000 Episode Num: 146 Episode T: 1000 Reward: 4581.734
Total T: 147000 Episode Num: 147 Episode T: 1000 Reward: 4244.752
Total T: 148000 Episode Num: 148 Episode T: 1000 Reward: 4291.187
Total T: 149000 Episode Num: 149 Episode T: 1000 Reward: 4195.412
Total T: 150000 Episode Num: 150 Episode T: 1000 Reward: 4407.119
---------------------------------------
Evaluation over 10 episodes: 4428.097
---------------------------------------
Total T: 151000 Episode Num: 151 Episode T: 1000 Reward: 4602.246
Total T: 152000 Episode Num: 152 Episode T: 1000 Reward: 4468.850
Total T: 153000 Episode Num: 153 Episode T: 1000 Reward: 4344.179
Total T: 154000 Episode Num: 154 Episode T: 1000 Reward: 4620.562
Total T: 155000 Episode Num: 155 Episode T: 1000 Reward: 4470.824
---------------------------------------
Evaluation over 10 episodes: 4689.209
---------------------------------------
Total T: 156000 Episode Num: 156 Episode T: 1000 Reward: 4683.678
Total T: 157000 Episode Num: 157 Episode T: 1000 Reward: 4545.641
Total T: 158000 Episode Num: 158 Episode T: 1000 Reward: 4613.281
Total T: 159000 Episode Num: 159 Episode T: 1000 Reward: 4522.272
Total T: 160000 Episode Num: 160 Episode T: 1000 Reward: 4397.517
---------------------------------------
Evaluation over 10 episodes: 4683.852
---------------------------------------
Total T: 161000 Episode Num: 161 Episode T: 1000 Reward: 4745.416
Total T: 162000 Episode Num: 162 Episode T: 1000 Reward: 4531.563
Total T: 163000 Episode Num: 163 Episode T: 1000 Reward: 4622.909
Total T: 164000 Episode Num: 164 Episode T: 1000 Reward: 4429.608
Total T: 165000 Episode Num: 165 Episode T: 1000 Reward: 4754.099
---------------------------------------
Evaluation over 10 episodes: 4820.254
---------------------------------------
Total T: 166000 Episode Num: 166 Episode T: 1000 Reward: 4473.629
Total T: 167000 Episode Num: 167 Episode T: 1000 Reward: 4745.614
Total T: 168000 Episode Num: 168 Episode T: 1000 Reward: 4682.966
Total T: 169000 Episode Num: 169 Episode T: 1000 Reward: 4590.504
Total T: 170000 Episode Num: 170 Episode T: 1000 Reward: 4987.709
---------------------------------------
Evaluation over 10 episodes: 4589.062
---------------------------------------
Total T: 171000 Episode Num: 171 Episode T: 1000 Reward: 4803.732
Total T: 172000 Episode Num: 172 Episode T: 1000 Reward: 4776.877
Total T: 173000 Episode Num: 173 Episode T: 1000 Reward: 4718.684
Total T: 174000 Episode Num: 174 Episode T: 1000 Reward: 4925.333
Total T: 175000 Episode Num: 175 Episode T: 1000 Reward: 5072.805
---------------------------------------
Evaluation over 10 episodes: 4795.811
---------------------------------------
Total T: 176000 Episode Num: 176 Episode T: 1000 Reward: 4978.749
Total T: 177000 Episode Num: 177 Episode T: 1000 Reward: 4890.093
Total T: 178000 Episode Num: 178 Episode T: 1000 Reward: 4782.334
Total T: 179000 Episode Num: 179 Episode T: 1000 Reward: 5075.858
Total T: 180000 Episode Num: 180 Episode T: 1000 Reward: 4871.882
---------------------------------------
Evaluation over 10 episodes: 5064.688
---------------------------------------
Total T: 181000 Episode Num: 181 Episode T: 1000 Reward: 4885.859
Total T: 182000 Episode Num: 182 Episode T: 1000 Reward: 4815.326
Total T: 183000 Episode Num: 183 Episode T: 1000 Reward: 4870.909
Total T: 184000 Episode Num: 184 Episode T: 1000 Reward: 5096.241
Total T: 185000 Episode Num: 185 Episode T: 1000 Reward: 5040.433