---------------------------------------
Policy: TD3, Env: HalfCheetah-v2, Seed: 0
---------------------------------------
---------------------------------------
Evaluation over 10 episodes: -1.043
---------------------------------------
Total T: 1000 Episode Num: 1 Episode T: 1000 Reward: -273.456
Total T: 2000 Episode Num: 2 Episode T: 1000 Reward: -196.855
Total T: 3000 Episode Num: 3 Episode T: 1000 Reward: -226.732
Total T: 4000 Episode Num: 4 Episode T: 1000 Reward: -285.586
Total T: 5000 Episode Num: 5 Episode T: 1000 Reward: -282.117
---------------------------------------
Evaluation over 10 episodes: -1.013
---------------------------------------
Total T: 6000 Episode Num: 6 Episode T: 1000 Reward: -338.220
Total T: 7000 Episode Num: 7 Episode T: 1000 Reward: -255.706
Total T: 8000 Episode Num: 8 Episode T: 1000 Reward: -201.885
Total T: 9000 Episode Num: 9 Episode T: 1000 Reward: -338.351
Total T: 10000 Episode Num: 10 Episode T: 1000 Reward: -423.766
---------------------------------------
Evaluation over 10 episodes: -0.991
---------------------------------------
Total T: 11000 Episode Num: 11 Episode T: 1000 Reward: -266.624
Total T: 12000 Episode Num: 12 Episode T: 1000 Reward: -187.382
Total T: 13000 Episode Num: 13 Episode T: 1000 Reward: -191.520
Total T: 14000 Episode Num: 14 Episode T: 1000 Reward: -410.460
Total T: 15000 Episode Num: 15 Episode T: 1000 Reward: -349.082
---------------------------------------
Evaluation over 10 episodes: -1.025
---------------------------------------
Total T: 16000 Episode Num: 16 Episode T: 1000 Reward: -264.255
Total T: 17000 Episode Num: 17 Episode T: 1000 Reward: -409.901
Total T: 18000 Episode Num: 18 Episode T: 1000 Reward: -241.907
Total T: 19000 Episode Num: 19 Episode T: 1000 Reward: -480.601
Total T: 20000 Episode Num: 20 Episode T: 1000 Reward: -299.384
---------------------------------------
Evaluation over 10 episodes: -0.987
---------------------------------------
Total T: 21000 Episode Num: 21 Episode T: 1000 Reward: -459.363
Total T: 22000 Episode Num: 22 Episode T: 1000 Reward: -235.620
Total T: 23000 Episode Num: 23 Episode T: 1000 Reward: -338.336
Total T: 24000 Episode Num: 24 Episode T: 1000 Reward: -323.681
Total T: 25000 Episode Num: 25 Episode T: 1000 Reward: -272.837
---------------------------------------
Evaluation over 10 episodes: -0.999
---------------------------------------
Total T: 26000 Episode Num: 26 Episode T: 1000 Reward: -319.687
Total T: 27000 Episode Num: 27 Episode T: 1000 Reward: -306.659
Total T: 28000 Episode Num: 28 Episode T: 1000 Reward: -402.933
Total T: 29000 Episode Num: 29 Episode T: 1000 Reward: -290.874
Total T: 30000 Episode Num: 30 Episode T: 1000 Reward: -355.594
---------------------------------------
Evaluation over 10 episodes: -414.915
---------------------------------------
Total T: 31000 Episode Num: 31 Episode T: 1000 Reward: -432.464
Total T: 32000 Episode Num: 32 Episode T: 1000 Reward: -455.836
Total T: 33000 Episode Num: 33 Episode T: 1000 Reward: -395.246
Total T: 34000 Episode Num: 34 Episode T: 1000 Reward: -451.039
Total T: 35000 Episode Num: 35 Episode T: 1000 Reward: -461.027
---------------------------------------
Evaluation over 10 episodes: -295.311
---------------------------------------
Total T: 36000 Episode Num: 36 Episode T: 1000 Reward: -277.751
Total T: 37000 Episode Num: 37 Episode T: 1000 Reward: -511.796
Total T: 38000 Episode Num: 38 Episode T: 1000 Reward: -152.554
Total T: 39000 Episode Num: 39 Episode T: 1000 Reward: -55.458
Total T: 40000 Episode Num: 40 Episode T: 1000 Reward: 1020.175
---------------------------------------
Evaluation over 10 episodes: 821.308
---------------------------------------
Total T: 41000 Episode Num: 41 Episode T: 1000 Reward: 1006.290
Total T: 42000 Episode Num: 42 Episode T: 1000 Reward: 1458.219
Total T: 43000 Episode Num: 43 Episode T: 1000 Reward: 1241.103
Total T: 44000 Episode Num: 44 Episode T: 1000 Reward: 639.030
Total T: 45000 Episode Num: 45 Episode T: 1000 Reward: 1535.075
---------------------------------------
Evaluation over 10 episodes: 2006.662
---------------------------------------
Total T: 46000 Episode Num: 46 Episode T: 1000 Reward: 1975.230
Total T: 47000 Episode Num: 47 Episode T: 1000 Reward: 1779.737
Total T: 48000 Episode Num: 48 Episode T: 1000 Reward: 1902.648
Total T: 49000 Episode Num: 49 Episode T: 1000 Reward: 1960.257
Total T: 50000 Episode Num: 50 Episode T: 1000 Reward: 2054.933
---------------------------------------
Evaluation over 10 episodes: 2144.243
---------------------------------------
Total T: 51000 Episode Num: 51 Episode T: 1000 Reward: 2470.738
Total T: 52000 Episode Num: 52 Episode T: 1000 Reward: 2097.787
Total T: 53000 Episode Num: 53 Episode T: 1000 Reward: 2145.312
Total T: 54000 Episode Num: 54 Episode T: 1000 Reward: 2487.940
Total T: 55000 Episode Num: 55 Episode T: 1000 Reward: 2458.158
---------------------------------------
Evaluation over 10 episodes: 2697.859
---------------------------------------
Total T: 56000 Episode Num: 56 Episode T: 1000 Reward: 2714.141
Total T: 57000 Episode Num: 57 Episode T: 1000 Reward: 2870.018
Total T: 58000 Episode Num: 58 Episode T: 1000 Reward: 2666.460
Total T: 59000 Episode Num: 59 Episode T: 1000 Reward: 2584.588
Total T: 60000 Episode Num: 60 Episode T: 1000 Reward: 2957.469
---------------------------------------
Evaluation over 10 episodes: 2961.898
---------------------------------------
Total T: 61000 Episode Num: 61 Episode T: 1000 Reward: 2886.524
Total T: 62000 Episode Num: 62 Episode T: 1000 Reward: 2849.514
Total T: 63000 Episode Num: 63 Episode T: 1000 Reward: 3001.474
Total T: 64000 Episode Num: 64 Episode T: 1000 Reward: 2875.740
Total T: 65000 Episode Num: 65 Episode T: 1000 Reward: 2976.058
---------------------------------------
Evaluation over 10 episodes: 2941.464
---------------------------------------
Total T: 66000 Episode Num: 66 Episode T: 1000 Reward: 3043.770
Total T: 67000 Episode Num: 67 Episode T: 1000 Reward: 3041.578
Total T: 68000 Episode Num: 68 Episode T: 1000 Reward: 2996.403
Total T: 69000 Episode Num: 69 Episode T: 1000 Reward: 2929.269
Total T: 70000 Episode Num: 70 Episode T: 1000 Reward: 3039.059
---------------------------------------
Evaluation over 10 episodes: 3086.437
---------------------------------------
Total T: 71000 Episode Num: 71 Episode T: 1000 Reward: 3040.342
Total T: 72000 Episode Num: 72 Episode T: 1000 Reward: 3290.584
Total T: 73000 Episode Num: 73 Episode T: 1000 Reward: 3159.767
Total T: 74000 Episode Num: 74 Episode T: 1000 Reward: 3179.169
Total T: 75000 Episode Num: 75 Episode T: 1000 Reward: 3440.793
---------------------------------------
Evaluation over 10 episodes: 3480.635
---------------------------------------
Total T: 76000 Episode Num: 76 Episode T: 1000 Reward: 3469.827
Total T: 77000 Episode Num: 77 Episode T: 1000 Reward: 3292.710
Total T: 78000 Episode Num: 78 Episode T: 1000 Reward: 3475.566
Total T: 79000 Episode Num: 79 Episode T: 1000 Reward: 3438.297
Total T: 80000 Episode Num: 80 Episode T: 1000 Reward: 3611.667
---------------------------------------
Evaluation over 10 episodes: 3273.060
---------------------------------------
Total T: 81000 Episode Num: 81 Episode T: 1000 Reward: 3538.562
Total T: 82000 Episode Num: 82 Episode T: 1000 Reward: 3700.787
Total T: 83000 Episode Num: 83 Episode T: 1000 Reward: 3586.702
Total T: 84000 Episode Num: 84 Episode T: 1000 Reward: 3645.203
Total T: 85000 Episode Num: 85 Episode T: 1000 Reward: 3598.504
---------------------------------------
Evaluation over 10 episodes: 3784.187
---------------------------------------
Total T: 86000 Episode Num: 86 Episode T: 1000 Reward: 3707.916
Total T: 87000 Episode Num: 87 Episode T: 1000 Reward: 3706.229
Total T: 88000 Episode Num: 88 Episode T: 1000 Reward: 3601.321
Total T: 89000 Episode Num: 89 Episode T: 1000 Reward: 3801.958
Total T: 90000 Episode Num: 90 Episode T: 1000 Reward: 3712.005
---------------------------------------
Evaluation over 10 episodes: 3765.937
---------------------------------------
Total T: 91000 Episode Num: 91 Episode T: 1000 Reward: 3883.632
Total T: 92000 Episode Num: 92 Episode T: 1000 Reward: 3589.064
Total T: 93000 Episode Num: 93 Episode T: 1000 Reward: 3711.477
Total T: 94000 Episode Num: 94 Episode T: 1000 Reward: 3777.732
Total T: 95000 Episode Num: 95 Episode T: 1000 Reward: 3608.269
---------------------------------------
Evaluation over 10 episodes: 3780.407
---------------------------------------
Total T: 96000 Episode Num: 96 Episode T: 1000 Reward: 3950.500
Total T: 97000 Episode Num: 97 Episode T: 1000 Reward: 3776.714
Total T: 98000 Episode Num: 98 Episode T: 1000 Reward: 3869.582
Total T: 99000 Episode Num: 99 Episode T: 1000 Reward: 3903.774
Total T: 100000 Episode Num: 100 Episode T: 1000 Reward: 3862.596
---------------------------------------
Evaluation over 10 episodes: 3799.654
---------------------------------------
Total T: 101000 Episode Num: 101 Episode T: 1000 Reward: 3615.673
Total T: 102000 Episode Num: 102 Episode T: 1000 Reward: 3866.627
Total T: 103000 Episode Num: 103 Episode T: 1000 Reward: 3858.246
Total T: 104000 Episode Num: 104 Episode T: 1000 Reward: 3864.333
Total T: 105000 Episode Num: 105 Episode T: 1000 Reward: 3342.510
---------------------------------------
Evaluation over 10 episodes: 3923.457
---------------------------------------
Total T: 106000 Episode Num: 106 Episode T: 1000 Reward: 3917.415
Total T: 107000 Episode Num: 107 Episode T: 1000 Reward: 3892.563
Total T: 108000 Episode Num: 108 Episode T: 1000 Reward: 3984.146
Total T: 109000 Episode Num: 109 Episode T: 1000 Reward: 3965.000
Total T: 110000 Episode Num: 110 Episode T: 1000 Reward: 3957.422
---------------------------------------
Evaluation over 10 episodes: 3984.737
---------------------------------------
Total T: 111000 Episode Num: 111 Episode T: 1000 Reward: 4037.365
Total T: 112000 Episode Num: 112 Episode T: 1000 Reward: 3807.325
Total T: 113000 Episode Num: 113 Episode T: 1000 Reward: 3936.533
Total T: 114000 Episode Num: 114 Episode T: 1000 Reward: 3872.056
Total T: 115000 Episode Num: 115 Episode T: 1000 Reward: 4120.045
---------------------------------------
Evaluation over 10 episodes: 4009.720
---------------------------------------
Total T: 116000 Episode Num: 116 Episode T: 1000 Reward: 4021.441
Total T: 117000 Episode Num: 117 Episode T: 1000 Reward: 4109.422
Total T: 118000 Episode Num: 118 Episode T: 1000 Reward: 4219.399
Total T: 119000 Episode Num: 119 Episode T: 1000 Reward: 4049.441
Total T: 120000 Episode Num: 120 Episode T: 1000 Reward: 4118.944
---------------------------------------
Evaluation over 10 episodes: 4078.490
---------------------------------------
Total T: 121000 Episode Num: 121 Episode T: 1000 Reward: 3918.686
Total T: 122000 Episode Num: 122 Episode T: 1000 Reward: 4087.188
Total T: 123000 Episode Num: 123 Episode T: 1000 Reward: 4054.500
Total T: 124000 Episode Num: 124 Episode T: 1000 Reward: 4006.582
Total T: 125000 Episode Num: 125 Episode T: 1000 Reward: 4107.047
---------------------------------------
Evaluation over 10 episodes: 4026.689
---------------------------------------
Total T: 126000 Episode Num: 126 Episode T: 1000 Reward: 4195.794
Total T: 127000 Episode Num: 127 Episode T: 1000 Reward: 4133.555
Total T: 128000 Episode Num: 128 Episode T: 1000 Reward: 4322.653
Total T: 129000 Episode Num: 129 Episode T: 1000 Reward: 4233.261
Total T: 130000 Episode Num: 130 Episode T: 1000 Reward: 4331.437
---------------------------------------
Evaluation over 10 episodes: 4259.107
---------------------------------------
Total T: 131000 Episode Num: 131 Episode T: 1000 Reward: 4251.585
Total T: 132000 Episode Num: 132 Episode T: 1000 Reward: 4321.810
Total T: 133000 Episode Num: 133 Episode T: 1000 Reward: 4356.732
Total T: 134000 Episode Num: 134 Episode T: 1000 Reward: 4292.506
Total T: 135000 Episode Num: 135 Episode T: 1000 Reward: 4272.999
---------------------------------------
Evaluation over 10 episodes: 4350.735
---------------------------------------
Total T: 136000 Episode Num: 136 Episode T: 1000 Reward: 4325.346
Total T: 137000 Episode Num: 137 Episode T: 1000 Reward: 4364.449
Total T: 138000 Episode Num: 138 Episode T: 1000 Reward: 4415.536
Total T: 139000 Episode Num: 139 Episode T: 1000 Reward: 4443.163
Total T: 140000 Episode Num: 140 Episode T: 1000 Reward: 4388.581
---------------------------------------
Evaluation over 10 episodes: 4473.494
---------------------------------------
Total T: 141000 Episode Num: 141 Episode T: 1000 Reward: 4369.671
Total T: 142000 Episode Num: 142 Episode T: 1000 Reward: 4294.167
Total T: 143000 Episode Num: 143 Episode T: 1000 Reward: 4388.271
Total T: 144000 Episode Num: 144 Episode T: 1000 Reward: 4512.733
Total T: 145000 Episode Num: 145 Episode T: 1000 Reward: 4648.863
---------------------------------------
Evaluation over 10 episodes: 4563.831
---------------------------------------
Total T: 146000 Episode Num: 146 Episode T: 1000 Reward: 4614.723
Total T: 147000 Episode Num: 147 Episode T: 1000 Reward: 4427.089
Total T: 148000 Episode Num: 148 Episode T: 1000 Reward: 4655.141
Total T: 149000 Episode Num: 149 Episode T: 1000 Reward: 4700.376
Total T: 150000 Episode Num: 150 Episode T: 1000 Reward: 4481.139
---------------------------------------
Evaluation over 10 episodes: 4566.561
---------------------------------------
Total T: 151000 Episode Num: 151 Episode T: 1000 Reward: 4566.385
Total T: 152000 Episode Num: 152 Episode T: 1000 Reward: 4487.683
Total T: 153000 Episode Num: 153 Episode T: 1000 Reward: 4570.623
Total T: 154000 Episode Num: 154 Episode T: 1000 Reward: 4593.425
Total T: 155000 Episode Num: 155 Episode T: 1000 Reward: 4776.305
---------------------------------------
Evaluation over 10 episodes: 4646.318
---------------------------------------
Total T: 156000 Episode Num: 156 Episode T: 1000 Reward: 4604.877
Total T: 157000 Episode Num: 157 Episode T: 1000 Reward: 4521.687
Total T: 158000 Episode Num: 158 Episode T: 1000 Reward: 4798.780
Total T: 159000 Episode Num: 159 Episode T: 1000 Reward: 4717.944
Total T: 160000 Episode Num: 160 Episode T: 1000 Reward: 4725.841
---------------------------------------
Evaluation over 10 episodes: 4829.376
---------------------------------------
Total T: 161000 Episode Num: 161 Episode T: 1000 Reward: 4669.766
Total T: 162000 Episode Num: 162 Episode T: 1000 Reward: 4784.875
Total T: 163000 Episode Num: 163 Episode T: 1000 Reward: 4806.079
Total T: 164000 Episode Num: 164 Episode T: 1000 Reward: 4780.976
Total T: 165000 Episode Num: 165 Episode T: 1000 Reward: 4827.397
---------------------------------------
Evaluation over 10 episodes: 4852.260
---------------------------------------
Total T: 166000 Episode Num: 166 Episode T: 1000 Reward: 4937.192
Total T: 167000 Episode Num: 167 Episode T: 1000 Reward: 5014.839
Total T: 168000 Episode Num: 168 Episode T: 1000 Reward: 4939.759
Total T: 169000 Episode Num: 169 Episode T: 1000 Reward: 5013.202
Total T: 170000 Episode Num: 170 Episode T: 1000 Reward: 5001.072
---------------------------------------
Evaluation over 10 episodes: 5038.206
---------------------------------------
Total T: 171000 Episode Num: 171 Episode T: 1000 Reward: 5026.563
Total T: 172000 Episode Num: 172 Episode T: 1000 Reward: 5132.366
Total T: 173000 Episode Num: 173 Episode T: 1000 Reward: 5049.217
Total T: 174000 Episode Num: 174 Episode T: 1000 Reward: 5056.883
Total T: 175000 Episode Num: 175 Episode T: 1000 Reward: 4957.625
---------------------------------------
Evaluation over 10 episodes: 5028.975
---------------------------------------
Total T: 176000 Episode Num: 176 Episode T: 1000 Reward: 4982.504
Total T: 177000 Episode Num: 177 Episode T: 1000 Reward: 5124.497
Total T: 178000 Episode Num: 178 Episode T: 1000 Reward: 5147.724
Total T: 179000 Episode Num: 179 Episode T: 1000 Reward: 5199.434
Total T: 180000 Episode Num: 180 Episode T: 1000 Reward: 5300.333
---------------------------------------
Evaluation over 10 episodes: 5185.922
---------------------------------------
Total T: 181000 Episode Num: 181 Episode T: 1000 Reward: 5366.110
Total T: 182000 Episode Num: 182 Episode T: 1000 Reward: 5219.595
Total T: 183000 Episode Num: 183 Episode T: 1000 Reward: 5152.783
Total T: 184000 Episode Num: 184 Episode T: 1000 Reward: 5390.674
Total T: 185000 Episode Num: 185 Episode T: 1000 Reward: 5249.676