---------------------------------------
Policy: TD3, Env: HalfCheetah-v2, Seed: 1
---------------------------------------
---------------------------------------
Evaluation over 10 episodes: -16.438
---------------------------------------
Total T: 1000 Episode Num: 1 Episode T: 1000 Reward: -317.483
Total T: 2000 Episode Num: 2 Episode T: 1000 Reward: -283.290
Total T: 3000 Episode Num: 3 Episode T: 1000 Reward: -298.664
Total T: 4000 Episode Num: 4 Episode T: 1000 Reward: -198.808
Total T: 5000 Episode Num: 5 Episode T: 1000 Reward: -421.240
---------------------------------------
Evaluation over 10 episodes: -15.644
---------------------------------------
Total T: 6000 Episode Num: 6 Episode T: 1000 Reward: -300.906
Total T: 7000 Episode Num: 7 Episode T: 1000 Reward: -361.101
Total T: 8000 Episode Num: 8 Episode T: 1000 Reward: -231.763
Total T: 9000 Episode Num: 9 Episode T: 1000 Reward: -383.394
Total T: 10000 Episode Num: 10 Episode T: 1000 Reward: -425.668
---------------------------------------
Evaluation over 10 episodes: -15.135
---------------------------------------
Total T: 11000 Episode Num: 11 Episode T: 1000 Reward: -216.077
Total T: 12000 Episode Num: 12 Episode T: 1000 Reward: -353.678
Total T: 13000 Episode Num: 13 Episode T: 1000 Reward: -344.776
Total T: 14000 Episode Num: 14 Episode T: 1000 Reward: -234.069
Total T: 15000 Episode Num: 15 Episode T: 1000 Reward: -355.079
---------------------------------------
Evaluation over 10 episodes: -15.162
---------------------------------------
Total T: 16000 Episode Num: 16 Episode T: 1000 Reward: -311.170
Total T: 17000 Episode Num: 17 Episode T: 1000 Reward: -371.066
Total T: 18000 Episode Num: 18 Episode T: 1000 Reward: -262.644
Total T: 19000 Episode Num: 19 Episode T: 1000 Reward: -260.770
Total T: 20000 Episode Num: 20 Episode T: 1000 Reward: -256.094
---------------------------------------
Evaluation over 10 episodes: -15.353
---------------------------------------
Total T: 21000 Episode Num: 21 Episode T: 1000 Reward: -252.010
Total T: 22000 Episode Num: 22 Episode T: 1000 Reward: -169.085
Total T: 23000 Episode Num: 23 Episode T: 1000 Reward: -288.019
Total T: 24000 Episode Num: 24 Episode T: 1000 Reward: -326.943
Total T: 25000 Episode Num: 25 Episode T: 1000 Reward: -321.167
---------------------------------------
Evaluation over 10 episodes: -16.097
---------------------------------------
Total T: 26000 Episode Num: 26 Episode T: 1000 Reward: -292.914
Total T: 27000 Episode Num: 27 Episode T: 1000 Reward: -265.523
Total T: 28000 Episode Num: 28 Episode T: 1000 Reward: -310.598
Total T: 29000 Episode Num: 29 Episode T: 1000 Reward: -239.580
Total T: 30000 Episode Num: 30 Episode T: 1000 Reward: -308.015
---------------------------------------
Evaluation over 10 episodes: -338.576
---------------------------------------
Total T: 31000 Episode Num: 31 Episode T: 1000 Reward: -361.189
Total T: 32000 Episode Num: 32 Episode T: 1000 Reward: -511.110
Total T: 33000 Episode Num: 33 Episode T: 1000 Reward: -535.702
Total T: 34000 Episode Num: 34 Episode T: 1000 Reward: -474.320
Total T: 35000 Episode Num: 35 Episode T: 1000 Reward: -358.525
---------------------------------------
Evaluation over 10 episodes: -334.956
---------------------------------------
Total T: 36000 Episode Num: 36 Episode T: 1000 Reward: -174.326
Total T: 37000 Episode Num: 37 Episode T: 1000 Reward: -204.432
Total T: 38000 Episode Num: 38 Episode T: 1000 Reward: -32.209
Total T: 39000 Episode Num: 39 Episode T: 1000 Reward: 75.020
Total T: 40000 Episode Num: 40 Episode T: 1000 Reward: -498.503
---------------------------------------
Evaluation over 10 episodes: -194.958
---------------------------------------
Total T: 41000 Episode Num: 41 Episode T: 1000 Reward: 442.954
Total T: 42000 Episode Num: 42 Episode T: 1000 Reward: 599.583
Total T: 43000 Episode Num: 43 Episode T: 1000 Reward: 1671.145
Total T: 44000 Episode Num: 44 Episode T: 1000 Reward: 1799.279
Total T: 45000 Episode Num: 45 Episode T: 1000 Reward: 1856.330
---------------------------------------
Evaluation over 10 episodes: 1762.755
---------------------------------------
Total T: 46000 Episode Num: 46 Episode T: 1000 Reward: 160.132
Total T: 47000 Episode Num: 47 Episode T: 1000 Reward: 2000.224
Total T: 48000 Episode Num: 48 Episode T: 1000 Reward: 1994.744
Total T: 49000 Episode Num: 49 Episode T: 1000 Reward: 2226.691
Total T: 50000 Episode Num: 50 Episode T: 1000 Reward: 2176.259
---------------------------------------
Evaluation over 10 episodes: 2120.932
---------------------------------------
Total T: 51000 Episode Num: 51 Episode T: 1000 Reward: 2301.941
Total T: 52000 Episode Num: 52 Episode T: 1000 Reward: 2531.659
Total T: 53000 Episode Num: 53 Episode T: 1000 Reward: 2607.873
Total T: 54000 Episode Num: 54 Episode T: 1000 Reward: 2479.524
Total T: 55000 Episode Num: 55 Episode T: 1000 Reward: 2420.492
---------------------------------------
Evaluation over 10 episodes: 2418.579
---------------------------------------
Total T: 56000 Episode Num: 56 Episode T: 1000 Reward: 2488.763
Total T: 57000 Episode Num: 57 Episode T: 1000 Reward: 2620.804
Total T: 58000 Episode Num: 58 Episode T: 1000 Reward: 2614.290
Total T: 59000 Episode Num: 59 Episode T: 1000 Reward: 2822.967
Total T: 60000 Episode Num: 60 Episode T: 1000 Reward: 2721.265
---------------------------------------
Evaluation over 10 episodes: 2728.478
---------------------------------------
Total T: 61000 Episode Num: 61 Episode T: 1000 Reward: 3155.392
Total T: 62000 Episode Num: 62 Episode T: 1000 Reward: 2855.944
Total T: 63000 Episode Num: 63 Episode T: 1000 Reward: 2853.413
Total T: 64000 Episode Num: 64 Episode T: 1000 Reward: 2796.699
Total T: 65000 Episode Num: 65 Episode T: 1000 Reward: 2540.720
---------------------------------------
Evaluation over 10 episodes: 2894.962
---------------------------------------
Total T: 66000 Episode Num: 66 Episode T: 1000 Reward: 2566.589
Total T: 67000 Episode Num: 67 Episode T: 1000 Reward: 2905.848
Total T: 68000 Episode Num: 68 Episode T: 1000 Reward: 2795.768
Total T: 69000 Episode Num: 69 Episode T: 1000 Reward: 2977.325
Total T: 70000 Episode Num: 70 Episode T: 1000 Reward: 3072.507
---------------------------------------
Evaluation over 10 episodes: 3135.029
---------------------------------------
Total T: 71000 Episode Num: 71 Episode T: 1000 Reward: 3212.983
Total T: 72000 Episode Num: 72 Episode T: 1000 Reward: 3196.488
Total T: 73000 Episode Num: 73 Episode T: 1000 Reward: 3198.135
Total T: 74000 Episode Num: 74 Episode T: 1000 Reward: 3334.270
Total T: 75000 Episode Num: 75 Episode T: 1000 Reward: 3346.102
---------------------------------------
Evaluation over 10 episodes: 3031.957
---------------------------------------
Total T: 76000 Episode Num: 76 Episode T: 1000 Reward: 3259.416
Total T: 77000 Episode Num: 77 Episode T: 1000 Reward: 3563.536
Total T: 78000 Episode Num: 78 Episode T: 1000 Reward: 3315.420
Total T: 79000 Episode Num: 79 Episode T: 1000 Reward: 3354.025
Total T: 80000 Episode Num: 80 Episode T: 1000 Reward: 3423.415
---------------------------------------
Evaluation over 10 episodes: 2890.320
---------------------------------------
Total T: 81000 Episode Num: 81 Episode T: 1000 Reward: 2930.148
Total T: 82000 Episode Num: 82 Episode T: 1000 Reward: 640.448
Total T: 83000 Episode Num: 83 Episode T: 1000 Reward: 3640.372
Total T: 84000 Episode Num: 84 Episode T: 1000 Reward: 3683.531
Total T: 85000 Episode Num: 85 Episode T: 1000 Reward: 3663.808
---------------------------------------
Evaluation over 10 episodes: 3787.504
---------------------------------------
Total T: 86000 Episode Num: 86 Episode T: 1000 Reward: 3756.932
Total T: 87000 Episode Num: 87 Episode T: 1000 Reward: 3841.270
Total T: 88000 Episode Num: 88 Episode T: 1000 Reward: 3718.218
Total T: 89000 Episode Num: 89 Episode T: 1000 Reward: 3703.450
Total T: 90000 Episode Num: 90 Episode T: 1000 Reward: 4136.110
---------------------------------------
Evaluation over 10 episodes: 3849.817
---------------------------------------
Total T: 91000 Episode Num: 91 Episode T: 1000 Reward: 4025.017
Total T: 92000 Episode Num: 92 Episode T: 1000 Reward: 4144.255srun: Job step aborted: Waiting up to 32 seconds for job step to finish.
slurmstepd: *** JOB 186019 CANCELLED AT 2020-05-24T08:53:22 *** on simba-compute-09
slurmstepd: *** STEP 186019.0 CANCELLED AT 2020-05-24T08:53:22 *** on simba-compute-09
