---------------------------------------
Policy: TD3, Env: HalfCheetah-v2, Seed: 0
---------------------------------------
---------------------------------------
Evaluation over 10 episodes: -10.902
---------------------------------------
Total T: 1000 Episode Num: 1 Episode T: 1000 Reward: -255.645
Total T: 2000 Episode Num: 2 Episode T: 1000 Reward: -296.845
Total T: 3000 Episode Num: 3 Episode T: 1000 Reward: -260.057
Total T: 4000 Episode Num: 4 Episode T: 1000 Reward: -283.746
Total T: 5000 Episode Num: 5 Episode T: 1000 Reward: -405.245
---------------------------------------
Evaluation over 10 episodes: -10.024
---------------------------------------
Total T: 6000 Episode Num: 6 Episode T: 1000 Reward: -279.077
Total T: 7000 Episode Num: 7 Episode T: 1000 Reward: -356.796
Total T: 8000 Episode Num: 8 Episode T: 1000 Reward: -362.756
Total T: 9000 Episode Num: 9 Episode T: 1000 Reward: -243.824
Total T: 10000 Episode Num: 10 Episode T: 1000 Reward: -303.724
---------------------------------------
Evaluation over 10 episodes: -10.435
---------------------------------------
Total T: 11000 Episode Num: 11 Episode T: 1000 Reward: -378.252
Total T: 12000 Episode Num: 12 Episode T: 1000 Reward: -340.467
Total T: 13000 Episode Num: 13 Episode T: 1000 Reward: -262.883
Total T: 14000 Episode Num: 14 Episode T: 1000 Reward: -260.966
Total T: 15000 Episode Num: 15 Episode T: 1000 Reward: -222.665
---------------------------------------
Evaluation over 10 episodes: -7.953
---------------------------------------
Total T: 16000 Episode Num: 16 Episode T: 1000 Reward: -277.966
Total T: 17000 Episode Num: 17 Episode T: 1000 Reward: -201.739
Total T: 18000 Episode Num: 18 Episode T: 1000 Reward: -231.716
Total T: 19000 Episode Num: 19 Episode T: 1000 Reward: -237.464
Total T: 20000 Episode Num: 20 Episode T: 1000 Reward: -208.139
---------------------------------------
Evaluation over 10 episodes: -9.561
---------------------------------------
Total T: 21000 Episode Num: 21 Episode T: 1000 Reward: -255.206
Total T: 22000 Episode Num: 22 Episode T: 1000 Reward: -205.872
Total T: 23000 Episode Num: 23 Episode T: 1000 Reward: -263.581
Total T: 24000 Episode Num: 24 Episode T: 1000 Reward: -332.214
Total T: 25000 Episode Num: 25 Episode T: 1000 Reward: -343.995
---------------------------------------
Evaluation over 10 episodes: -11.858
---------------------------------------
Total T: 26000 Episode Num: 26 Episode T: 1000 Reward: -341.485
Total T: 27000 Episode Num: 27 Episode T: 1000 Reward: -335.616
Total T: 28000 Episode Num: 28 Episode T: 1000 Reward: -270.440
Total T: 29000 Episode Num: 29 Episode T: 1000 Reward: -476.580
Total T: 30000 Episode Num: 30 Episode T: 1000 Reward: -256.212
---------------------------------------
Evaluation over 10 episodes: -169.334
---------------------------------------
Total T: 31000 Episode Num: 31 Episode T: 1000 Reward: -362.428
Total T: 32000 Episode Num: 32 Episode T: 1000 Reward: -434.005
Total T: 33000 Episode Num: 33 Episode T: 1000 Reward: -251.310
Total T: 34000 Episode Num: 34 Episode T: 1000 Reward: -466.977
Total T: 35000 Episode Num: 35 Episode T: 1000 Reward: -490.552
---------------------------------------
Evaluation over 10 episodes: -389.923
---------------------------------------
Total T: 36000 Episode Num: 36 Episode T: 1000 Reward: -438.583
Total T: 37000 Episode Num: 37 Episode T: 1000 Reward: -576.334
Total T: 38000 Episode Num: 38 Episode T: 1000 Reward: -478.881
Total T: 39000 Episode Num: 39 Episode T: 1000 Reward: -563.728
Total T: 40000 Episode Num: 40 Episode T: 1000 Reward: -451.524
---------------------------------------
Evaluation over 10 episodes: -421.050
---------------------------------------
Total T: 41000 Episode Num: 41 Episode T: 1000 Reward: -480.355
Total T: 42000 Episode Num: 42 Episode T: 1000 Reward: -319.200
Total T: 43000 Episode Num: 43 Episode T: 1000 Reward: 251.303
Total T: 44000 Episode Num: 44 Episode T: 1000 Reward: 246.728
Total T: 45000 Episode Num: 45 Episode T: 1000 Reward: 860.458
---------------------------------------
Evaluation over 10 episodes: 1040.184
---------------------------------------
Total T: 46000 Episode Num: 46 Episode T: 1000 Reward: 1508.877
Total T: 47000 Episode Num: 47 Episode T: 1000 Reward: 1670.253
Total T: 48000 Episode Num: 48 Episode T: 1000 Reward: 1031.558
Total T: 49000 Episode Num: 49 Episode T: 1000 Reward: -453.882
Total T: 50000 Episode Num: 50 Episode T: 1000 Reward: -258.343
---------------------------------------
Evaluation over 10 episodes: 774.541
---------------------------------------
Total T: 51000 Episode Num: 51 Episode T: 1000 Reward: -422.813
Total T: 52000 Episode Num: 52 Episode T: 1000 Reward: -365.169
Total T: 53000 Episode Num: 53 Episode T: 1000 Reward: -116.589
Total T: 54000 Episode Num: 54 Episode T: 1000 Reward: 104.795
Total T: 55000 Episode Num: 55 Episode T: 1000 Reward: -87.220
---------------------------------------
Evaluation over 10 episodes: 382.365
---------------------------------------
Total T: 56000 Episode Num: 56 Episode T: 1000 Reward: 1198.218
Total T: 57000 Episode Num: 57 Episode T: 1000 Reward: -318.414
Total T: 58000 Episode Num: 58 Episode T: 1000 Reward: 1281.367
Total T: 59000 Episode Num: 59 Episode T: 1000 Reward: 237.577
Total T: 60000 Episode Num: 60 Episode T: 1000 Reward: 667.110
---------------------------------------
Evaluation over 10 episodes: 366.280
---------------------------------------
Total T: 61000 Episode Num: 61 Episode T: 1000 Reward: 1062.750
Total T: 62000 Episode Num: 62 Episode T: 1000 Reward: 1546.556
Total T: 63000 Episode Num: 63 Episode T: 1000 Reward: 1543.444
Total T: 64000 Episode Num: 64 Episode T: 1000 Reward: 1275.265
Total T: 65000 Episode Num: 65 Episode T: 1000 Reward: 1517.516
---------------------------------------
Evaluation over 10 episodes: 1518.379
---------------------------------------
Total T: 66000 Episode Num: 66 Episode T: 1000 Reward: -470.643
Total T: 67000 Episode Num: 67 Episode T: 1000 Reward: 1890.379
Total T: 68000 Episode Num: 68 Episode T: 1000 Reward: 1941.896
Total T: 69000 Episode Num: 69 Episode T: 1000 Reward: 1595.785
Total T: 70000 Episode Num: 70 Episode T: 1000 Reward: 1828.317
---------------------------------------
Evaluation over 10 episodes: 1730.353
---------------------------------------
Total T: 71000 Episode Num: 71 Episode T: 1000 Reward: 1901.183
Total T: 72000 Episode Num: 72 Episode T: 1000 Reward: 1803.506
Total T: 73000 Episode Num: 73 Episode T: 1000 Reward: 2017.154
Total T: 74000 Episode Num: 74 Episode T: 1000 Reward: 1836.098
Total T: 75000 Episode Num: 75 Episode T: 1000 Reward: 1779.936
---------------------------------------
Evaluation over 10 episodes: 1949.041
---------------------------------------
Total T: 76000 Episode Num: 76 Episode T: 1000 Reward: 2195.000
Total T: 77000 Episode Num: 77 Episode T: 1000 Reward: 1917.201
Total T: 78000 Episode Num: 78 Episode T: 1000 Reward: 1933.134
Total T: 79000 Episode Num: 79 Episode T: 1000 Reward: 1881.731
Total T: 80000 Episode Num: 80 Episode T: 1000 Reward: 1770.981
---------------------------------------
Evaluation over 10 episodes: 1951.209
---------------------------------------
Total T: 81000 Episode Num: 81 Episode T: 1000 Reward: 1951.644
Total T: 82000 Episode Num: 82 Episode T: 1000 Reward: 2063.090
Total T: 83000 Episode Num: 83 Episode T: 1000 Reward: 2134.484
Total T: 84000 Episode Num: 84 Episode T: 1000 Reward: 1855.540
Total T: 85000 Episode Num: 85 Episode T: 1000 Reward: 1893.588
---------------------------------------
Evaluation over 10 episodes: 1881.682
---------------------------------------
Total T: 86000 Episode Num: 86 Episode T: 1000 Reward: 2025.611
Total T: 87000 Episode Num: 87 Episode T: 1000 Reward: 2024.172
Total T: 88000 Episode Num: 88 Episode T: 1000 Reward: 2015.470
Total T: 89000 Episode Num: 89 Episode T: 1000 Reward: 2044.599
Total T: 90000 Episode Num: 90 Episode T: 1000 Reward: 2265.364
---------------------------------------
Evaluation over 10 episodes: 2173.756
---------------------------------------
Total T: 91000 Episode Num: 91 Episode T: 1000 Reward: 2200.151
Total T: 92000 Episode Num: 92 Episode T: 1000 Reward: 2224.499
Total T: 93000 Episode Num: 93 Episode T: 1000 Reward: 2031.812
Total T: 94000 Episode Num: 94 Episode T: 1000 Reward: 2199.854
Total T: 95000 Episode Num: 95 Episode T: 1000 Reward: 2459.639
---------------------------------------
Evaluation over 10 episodes: 2232.741
---------------------------------------
Total T: 96000 Episode Num: 96 Episode T: 1000 Reward: 2483.287
Total T: 97000 Episode Num: 97 Episode T: 1000 Reward: 2375.664
Total T: 98000 Episode Num: 98 Episode T: 1000 Reward: 2524.296
Total T: 99000 Episode Num: 99 Episode T: 1000 Reward: 2483.146
Total T: 100000 Episode Num: 100 Episode T: 1000 Reward: 2282.618
---------------------------------------
Evaluation over 10 episodes: 2343.773
---------------------------------------
Total T: 101000 Episode Num: 101 Episode T: 1000 Reward: 2447.374
Total T: 102000 Episode Num: 102 Episode T: 1000 Reward: 2368.536
Total T: 103000 Episode Num: 103 Episode T: 1000 Reward: 2298.513
Total T: 104000 Episode Num: 104 Episode T: 1000 Reward: 2392.182
Total T: 105000 Episode Num: 105 Episode T: 1000 Reward: 2298.719
---------------------------------------
Evaluation over 10 episodes: 2293.998
---------------------------------------
Total T: 106000 Episode Num: 106 Episode T: 1000 Reward: 2234.300
Total T: 107000 Episode Num: 107 Episode T: 1000 Reward: 2321.857
Total T: 108000 Episode Num: 108 Episode T: 1000 Reward: 2388.931
Total T: 109000 Episode Num: 109 Episode T: 1000 Reward: 2294.030
Total T: 110000 Episode Num: 110 Episode T: 1000 Reward: 2447.501
---------------------------------------
Evaluation over 10 episodes: 2338.131
---------------------------------------
Total T: 111000 Episode Num: 111 Episode T: 1000 Reward: 2270.242
Total T: 112000 Episode Num: 112 Episode T: 1000 Reward: 2319.834
Total T: 113000 Episode Num: 113 Episode T: 1000 Reward: 2303.923
Total T: 114000 Episode Num: 114 Episode T: 1000 Reward: 2382.737
Total T: 115000 Episode Num: 115 Episode T: 1000 Reward: 2306.270
---------------------------------------
Evaluation over 10 episodes: 2199.382
---------------------------------------
Total T: 116000 Episode Num: 116 Episode T: 1000 Reward: 2354.947
Total T: 117000 Episode Num: 117 Episode T: 1000 Reward: 2258.534
Total T: 118000 Episode Num: 118 Episode T: 1000 Reward: 2249.345
Total T: 119000 Episode Num: 119 Episode T: 1000 Reward: 2283.255
Total T: 120000 Episode Num: 120 Episode T: 1000 Reward: 2449.607
---------------------------------------
Evaluation over 10 episodes: 2321.941
---------------------------------------
Total T: 121000 Episode Num: 121 Episode T: 1000 Reward: 2341.360
Total T: 122000 Episode Num: 122 Episode T: 1000 Reward: 2264.166
Total T: 123000 Episode Num: 123 Episode T: 1000 Reward: 2354.813
Total T: 124000 Episode Num: 124 Episode T: 1000 Reward: 2377.626
Total T: 125000 Episode Num: 125 Episode T: 1000 Reward: 2351.325
---------------------------------------
Evaluation over 10 episodes: 2363.420
---------------------------------------
Total T: 126000 Episode Num: 126 Episode T: 1000 Reward: 2254.472
Total T: 127000 Episode Num: 127 Episode T: 1000 Reward: 2395.423
Total T: 128000 Episode Num: 128 Episode T: 1000 Reward: 2412.730
Total T: 129000 Episode Num: 129 Episode T: 1000 Reward: 2410.594
Total T: 130000 Episode Num: 130 Episode T: 1000 Reward: 2233.719
---------------------------------------
Evaluation over 10 episodes: 2275.896
---------------------------------------
Total T: 131000 Episode Num: 131 Episode T: 1000 Reward: 2319.428
Total T: 132000 Episode Num: 132 Episode T: 1000 Reward: 2361.022
Total T: 133000 Episode Num: 133 Episode T: 1000 Reward: 2505.039
Total T: 134000 Episode Num: 134 Episode T: 1000 Reward: 2250.577
Total T: 135000 Episode Num: 135 Episode T: 1000 Reward: 2380.795
---------------------------------------
Evaluation over 10 episodes: 2381.119
---------------------------------------
Total T: 136000 Episode Num: 136 Episode T: 1000 Reward: 2561.123
Total T: 137000 Episode Num: 137 Episode T: 1000 Reward: 2457.922
Total T: 138000 Episode Num: 138 Episode T: 1000 Reward: 2345.966
Total T: 139000 Episode Num: 139 Episode T: 1000 Reward: 2415.551
Total T: 140000 Episode Num: 140 Episode T: 1000 Reward: 2355.834
---------------------------------------
Evaluation over 10 episodes: 2354.935
---------------------------------------
Total T: 141000 Episode Num: 141 Episode T: 1000 Reward: 2332.019
Total T: 142000 Episode Num: 142 Episode T: 1000 Reward: 2322.733
Total T: 143000 Episode Num: 143 Episode T: 1000 Reward: 2364.411
Total T: 144000 Episode Num: 144 Episode T: 1000 Reward: 2490.899
Total T: 145000 Episode Num: 145 Episode T: 1000 Reward: 2403.024
---------------------------------------
Evaluation over 10 episodes: 2345.052
---------------------------------------
Total T: 146000 Episode Num: 146 Episode T: 1000 Reward: 2279.640
Total T: 147000 Episode Num: 147 Episode T: 1000 Reward: 2407.189
Total T: 148000 Episode Num: 148 Episode T: 1000 Reward: 2268.868
Total T: 149000 Episode Num: 149 Episode T: 1000 Reward: 2461.115
Total T: 150000 Episode Num: 150 Episode T: 1000 Reward: 2339.475
---------------------------------------
Evaluation over 10 episodes: 2379.855
---------------------------------------
Total T: 151000 Episode Num: 151 Episode T: 1000 Reward: 2319.474
Total T: 152000 Episode Num: 152 Episode T: 1000 Reward: 2254.360
Total T: 153000 Episode Num: 153 Episode T: 1000 Reward: 2371.274
Total T: 154000 Episode Num: 154 Episode T: 1000 Reward: 2395.144
Total T: 155000 Episode Num: 155 Episode T: 1000 Reward: 2325.612
---------------------------------------
Evaluation over 10 episodes: 2430.192
---------------------------------------
Total T: 156000 Episode Num: 156 Episode T: 1000 Reward: 2329.408
Total T: 157000 Episode Num: 157 Episode T: 1000 Reward: 2348.414
Total T: 158000 Episode Num: 158 Episode T: 1000 Reward: 2365.396
Total T: 159000 Episode Num: 159 Episode T: 1000 Reward: 2349.879
Total T: 160000 Episode Num: 160 Episode T: 1000 Reward: 2392.195
---------------------------------------
Evaluation over 10 episodes: 2377.597
---------------------------------------
Total T: 161000 Episode Num: 161 Episode T: 1000 Reward: 2387.589
Total T: 162000 Episode Num: 162 Episode T: 1000 Reward: 2385.965
Total T: 163000 Episode Num: 163 Episode T: 1000 Reward: 2368.742
Total T: 164000 Episode Num: 164 Episode T: 1000 Reward: 2333.243
Total T: 165000 Episode Num: 165 Episode T: 1000 Reward: 2312.306
---------------------------------------
Evaluation over 10 episodes: 2491.546
---------------------------------------
Total T: 166000 Episode Num: 166 Episode T: 1000 Reward: 2381.245
Total T: 167000 Episode Num: 167 Episode T: 1000 Reward: 2425.237
Total T: 168000 Episode Num: 168 Episode T: 1000 Reward: 2445.156
Total T: 169000 Episode Num: 169 Episode T: 1000 Reward: 2377.078
Total T: 170000 Episode Num: 170 Episode T: 1000 Reward: 2390.935
---------------------------------------
Evaluation over 10 episodes: 2208.691
---------------------------------------
Total T: 171000 Episode Num: 171 Episode T: 1000 Reward: 2435.163
Total T: 172000 Episode Num: 172 Episode T: 1000 Reward: 2381.598
Total T: 173000 Episode Num: 173 Episode T: 1000 Reward: 2379.087
Total T: 174000 Episode Num: 174 Episode T: 1000 Reward: 2502.232
Total T: 175000 Episode Num: 175 Episode T: 1000 Reward: 2415.271
---------------------------------------
Evaluation over 10 episodes: 2252.115
---------------------------------------
Total T: 176000 Episode Num: 176 Episode T: 1000 Reward: 2544.680
Total T: 177000 Episode Num: 177 Episode T: 1000 Reward: 2323.807
Total T: 178000 Episode Num: 178 Episode T: 1000 Reward: 2382.558
Total T: 179000 Episode Num: 179 Episode T: 1000 Reward: 2616.331
Total T: 180000 Episode Num: 180 Episode T: 1000 Reward: 2268.998
---------------------------------------
Evaluation over 10 episodes: 2440.934
---------------------------------------
Total T: 181000 Episode Num: 181 Episode T: 1000 Reward: 2419.466
Total T: 182000 Episode Num: 182 Episode T: 1000 Reward: 2371.859
Total T: 183000 Episode Num: 183 Episode T: 1000 Reward: 2448.354
Total T: 184000 Episode Num: 184 Episode T: 1000 Reward: 2332.623
Total T: 185000 Episode Num: 185 Episode T: 1000 Reward: 2174.253
---------------------------------------
Evaluation over 10 episodes: 2254.052
---------------------------------------
Total T: 186000 Episode Num: 186 Episode T: 1000 Reward: 2350.887
Total T: 187000 Episode Num: 187 Episode T: 1000 Reward: 2200.906
Total T: 188000 Episode Num: 188 Episode T: 1000 Reward: 2442.969
Total T: 189000 Episode Num: 189 Episode T: 1000 Reward: 2291.465
Total T: 190000 Episode Num: 190 Episode T: 1000 Reward: 2180.305
---------------------------------------
Evaluation over 10 episodes: 2364.732
---------------------------------------
Total T: 191000 Episode Num: 191 Episode T: 1000 Reward: 2330.609
Total T: 192000 Episode Num: 192 Episode T: 1000 Reward: 2194.274
Total T: 193000 Episode Num: 193 Episode T: 1000 Reward: 2263.329
Total T: 194000 Episode Num: 194 Episode T: 1000 Reward: 2174.331
Total T: 195000 Episode Num: 195 Episode T: 1000 Reward: 2298.727
---------------------------------------
Evaluation over 10 episodes: 2383.627
---------------------------------------
Total T: 196000 Episode Num: 196 Episode T: 1000 Reward: 2223.206
Total T: 197000 Episode Num: 197 Episode T: 1000 Reward: 2299.523
Total T: 198000 Episode Num: 198 Episode T: 1000 Reward: 2432.064
Total T: 199000 Episode Num: 199 Episode T: 1000 Reward: 2140.492
Total T: 200000 Episode Num: 200 Episode T: 1000 Reward: 2285.028
---------------------------------------
Evaluation over 10 episodes: 2275.814
---------------------------------------
Total T: 201000 Episode Num: 201 Episode T: 1000 Reward: 2257.458
Total T: 202000 Episode Num: 202 Episode T: 1000 Reward: 2174.581
Total T: 203000 Episode Num: 203 Episode T: 1000 Reward: 2263.576
Total T: 204000 Episode Num: 204 Episode T: 1000 Reward: 2174.860
Total T: 205000 Episode Num: 205 Episode T: 1000 Reward: 2229.032
---------------------------------------
Evaluation over 10 episodes: 2251.831
---------------------------------------
Total T: 206000 Episode Num: 206 Episode T: 1000 Reward: 2179.661
Total T: 207000 Episode Num: 207 Episode T: 1000 Reward: 2197.037
Total T: 208000 Episode Num: 208 Episode T: 1000 Reward: 2276.928
Total T: 209000 Episode Num: 209 Episode T: 1000 Reward: 2148.296
Total T: 210000 Episode Num: 210 Episode T: 1000 Reward: 2096.340
---------------------------------------
Evaluation over 10 episodes: 2181.468
---------------------------------------
Total T: 211000 Episode Num: 211 Episode T: 1000 Reward: 2165.960
Total T: 212000 Episode Num: 212 Episode T: 1000 Reward: 2148.410
Total T: 213000 Episode Num: 213 Episode T: 1000 Reward: 2248.550
Total T: 214000 Episode Num: 214 Episode T: 1000 Reward: 2245.580
Total T: 215000 Episode Num: 215 Episode T: 1000 Reward: 2326.049
---------------------------------------
Evaluation over 10 episodes: 2219.846
---------------------------------------
Total T: 216000 Episode Num: 216 Episode T: 1000 Reward: 2347.713
Total T: 217000 Episode Num: 217 Episode T: 1000 Reward: 2273.037
Total T: 218000 Episode Num: 218 Episode T: 1000 Reward: 2112.607
Total T: 219000 Episode Num: 219 Episode T: 1000 Reward: 2226.973
Total T: 220000 Episode Num: 220 Episode T: 1000 Reward: 2264.170
---------------------------------------
Evaluation over 10 episodes: 2278.510
---------------------------------------
Total T: 221000 Episode Num: 221 Episode T: 1000 Reward: 2295.194
Total T: 222000 Episode Num: 222 Episode T: 1000 Reward: 2194.097
Total T: 223000 Episode Num: 223 Episode T: 1000 Reward: 2319.338
Total T: 224000 Episode Num: 224 Episode T: 1000 Reward: 2347.656
Total T: 225000 Episode Num: 225 Episode T: 1000 Reward: 2240.472
---------------------------------------
Evaluation over 10 episodes: 2295.777
---------------------------------------
Total T: 226000 Episode Num: 226 Episode T: 1000 Reward: 2160.313
Total T: 227000 Episode Num: 227 Episode T: 1000 Reward: 2300.235
Total T: 228000 Episode Num: 228 Episode T: 1000 Reward: 2243.297
Total T: 229000 Episode Num: 229 Episode T: 1000 Reward: 2321.417
Total T: 230000 Episode Num: 230 Episode T: 1000 Reward: 2240.057
---------------------------------------
Evaluation over 10 episodes: 2344.206
---------------------------------------
Total T: 231000 Episode Num: 231 Episode T: 1000 Reward: 2242.475
Total T: 232000 Episode Num: 232 Episode T: 1000 Reward: 2237.882
Total T: 233000 Episode Num: 233 Episode T: 1000 Reward: 2295.765
Total T: 234000 Episode Num: 234 Episode T: 1000 Reward: 2103.706
Total T: 235000 Episode Num: 235 Episode T: 1000 Reward: 2397.749
---------------------------------------
Evaluation over 10 episodes: 2270.694
---------------------------------------
Total T: 236000 Episode Num: 236 Episode T: 1000 Reward: 2326.066
Total T: 237000 Episode Num: 237 Episode T: 1000 Reward: 2401.534
Total T: 238000 Episode Num: 238 Episode T: 1000 Reward: 2266.532
Total T: 239000 Episode Num: 239 Episode T: 1000 Reward: 2271.767
Total T: 240000 Episode Num: 240 Episode T: 1000 Reward: 2202.818
---------------------------------------
Evaluation over 10 episodes: 2273.564
---------------------------------------
Total T: 241000 Episode Num: 241 Episode T: 1000 Reward: 2235.052
Total T: 242000 Episode Num: 242 Episode T: 1000 Reward: 2313.477
Total T: 243000 Episode Num: 243 Episode T: 1000 Reward: 2332.722
Total T: 244000 Episode Num: 244 Episode T: 1000 Reward: 2295.236
Total T: 245000 Episode Num: 245 Episode T: 1000 Reward: 2321.295
---------------------------------------
Evaluation over 10 episodes: 2425.688
---------------------------------------
Total T: 246000 Episode Num: 246 Episode T: 1000 Reward: 2358.519
Total T: 247000 Episode Num: 247 Episode T: 1000 Reward: 2277.283
Total T: 248000 Episode Num: 248 Episode T: 1000 Reward: 2332.260
Total T: 249000 Episode Num: 249 Episode T: 1000 Reward: 2311.927
Total T: 250000 Episode Num: 250 Episode T: 1000 Reward: 2378.484
---------------------------------------
Evaluation over 10 episodes: 2394.107
---------------------------------------
Total T: 251000 Episode Num: 251 Episode T: 1000 Reward: 2305.210
Total T: 252000 Episode Num: 252 Episode T: 1000 Reward: 2294.935
Total T: 253000 Episode Num: 253 Episode T: 1000 Reward: 2291.911
Total T: 254000 Episode Num: 254 Episode T: 1000 Reward: 2383.236
Total T: 255000 Episode Num: 255 Episode T: 1000 Reward: 2371.130
---------------------------------------
Evaluation over 10 episodes: 2252.760
---------------------------------------
Total T: 256000 Episode Num: 256 Episode T: 1000 Reward: 2388.143
Total T: 257000 Episode Num: 257 Episode T: 1000 Reward: 2246.698
Total T: 258000 Episode Num: 258 Episode T: 1000 Reward: 2372.943
Total T: 259000 Episode Num: 259 Episode T: 1000 Reward: 2433.078
Total T: 260000 Episode Num: 260 Episode T: 1000 Reward: 2400.486
---------------------------------------
Evaluation over 10 episodes: 2325.858
---------------------------------------
Total T: 261000 Episode Num: 261 Episode T: 1000 Reward: 2386.042
Total T: 262000 Episode Num: 262 Episode T: 1000 Reward: 2260.110
Total T: 263000 Episode Num: 263 Episode T: 1000 Reward: 2389.431
Total T: 264000 Episode Num: 264 Episode T: 1000 Reward: 2299.013
Total T: 265000 Episode Num: 265 Episode T: 1000 Reward: 2366.433
---------------------------------------
Evaluation over 10 episodes: 2087.151
---------------------------------------
Total T: 266000 Episode Num: 266 Episode T: 1000 Reward: 2410.874
Total T: 267000 Episode Num: 267 Episode T: 1000 Reward: 2414.788
Total T: 268000 Episode Num: 268 Episode T: 1000 Reward: 2416.770
Total T: 269000 Episode Num: 269 Episode T: 1000 Reward: 2419.014
Total T: 270000 Episode Num: 270 Episode T: 1000 Reward: 2353.282
---------------------------------------
Evaluation over 10 episodes: 2349.150
---------------------------------------
Total T: 271000 Episode Num: 271 Episode T: 1000 Reward: 2373.221
Total T: 272000 Episode Num: 272 Episode T: 1000 Reward: 2434.748
Total T: 273000 Episode Num: 273 Episode T: 1000 Reward: 2463.445
Total T: 274000 Episode Num: 274 Episode T: 1000 Reward: 2325.396
Total T: 275000 Episode Num: 275 Episode T: 1000 Reward: 2417.257
---------------------------------------
Evaluation over 10 episodes: 2352.480
---------------------------------------
Total T: 276000 Episode Num: 276 Episode T: 1000 Reward: 2390.617
Total T: 277000 Episode Num: 277 Episode T: 1000 Reward: 2407.755
Total T: 278000 Episode Num: 278 Episode T: 1000 Reward: 2432.902
Total T: 279000 Episode Num: 279 Episode T: 1000 Reward: 2341.855
Total T: 280000 Episode Num: 280 Episode T: 1000 Reward: 2491.669
---------------------------------------
Evaluation over 10 episodes: 2410.948
---------------------------------------
Total T: 281000 Episode Num: 281 Episode T: 1000 Reward: 2330.425
Total T: 282000 Episode Num: 282 Episode T: 1000 Reward: 2389.417
Total T: 283000 Episode Num: 283 Episode T: 1000 Reward: 2400.655
Total T: 284000 Episode Num: 284 Episode T: 1000 Reward: 2456.934
Total T: 285000 Episode Num: 285 Episode T: 1000 Reward: 2426.006
---------------------------------------
Evaluation over 10 episodes: 2007.253
---------------------------------------
Total T: 286000 Episode Num: 286 Episode T: 1000 Reward: 2487.023
Total T: 287000 Episode Num: 287 Episode T: 1000 Reward: 2261.951
Total T: 288000 Episode Num: 288 Episode T: 1000 Reward: 2206.754
Total T: 289000 Episode Num: 289 Episode T: 1000 Reward: 2390.608
Total T: 290000 Episode Num: 290 Episode T: 1000 Reward: 2312.697
---------------------------------------
Evaluation over 10 episodes: 2380.246
---------------------------------------
Total T: 291000 Episode Num: 291 Episode T: 1000 Reward: 2280.332
Total T: 292000 Episode Num: 292 Episode T: 1000 Reward: 2384.158
Total T: 293000 Episode Num: 293 Episode T: 1000 Reward: 2416.584
Total T: 294000 Episode Num: 294 Episode T: 1000 Reward: 2431.568
Total T: 295000 Episode Num: 295 Episode T: 1000 Reward: 2323.018
---------------------------------------
Evaluation over 10 episodes: 2411.115
---------------------------------------
Total T: 296000 Episode Num: 296 Episode T: 1000 Reward: 2362.456
Total T: 297000 Episode Num: 297 Episode T: 1000 Reward: 2369.473
Total T: 298000 Episode Num: 298 Episode T: 1000 Reward: 2367.027
Total T: 299000 Episode Num: 299 Episode T: 1000 Reward: 2361.886
Total T: 300000 Episode Num: 300 Episode T: 1000 Reward: 2393.897
---------------------------------------
Evaluation over 10 episodes: 2361.176
---------------------------------------
Total T: 301000 Episode Num: 301 Episode T: 1000 Reward: 2377.765
Total T: 302000 Episode Num: 302 Episode T: 1000 Reward: 2451.638
Total T: 303000 Episode Num: 303 Episode T: 1000 Reward: 2446.909
Total T: 304000 Episode Num: 304 Episode T: 1000 Reward: 2286.250
Total T: 305000 Episode Num: 305 Episode T: 1000 Reward: 2483.317
---------------------------------------
Evaluation over 10 episodes: 2374.287
---------------------------------------
Total T: 306000 Episode Num: 306 Episode T: 1000 Reward: 2473.256
Total T: 307000 Episode Num: 307 Episode T: 1000 Reward: 2316.359
Total T: 308000 Episode Num: 308 Episode T: 1000 Reward: 2387.881
Total T: 309000 Episode Num: 309 Episode T: 1000 Reward: 2379.492
Total T: 310000 Episode Num: 310 Episode T: 1000 Reward: 2424.912
---------------------------------------
Evaluation over 10 episodes: 2379.500
---------------------------------------
Total T: 311000 Episode Num: 311 Episode T: 1000 Reward: 2510.096
Total T: 312000 Episode Num: 312 Episode T: 1000 Reward: 2271.595
Total T: 313000 Episode Num: 313 Episode T: 1000 Reward: 2473.763
Total T: 314000 Episode Num: 314 Episode T: 1000 Reward: 2404.762
Total T: 315000 Episode Num: 315 Episode T: 1000 Reward: 2466.994
---------------------------------------
Evaluation over 10 episodes: 2441.149
---------------------------------------
Total T: 316000 Episode Num: 316 Episode T: 1000 Reward: 2498.956
Total T: 317000 Episode Num: 317 Episode T: 1000 Reward: 2403.505
Total T: 318000 Episode Num: 318 Episode T: 1000 Reward: 2472.785
Total T: 319000 Episode Num: 319 Episode T: 1000 Reward: 2464.133
Total T: 320000 Episode Num: 320 Episode T: 1000 Reward: 2618.326
---------------------------------------
Evaluation over 10 episodes: 2469.504
---------------------------------------
Total T: 321000 Episode Num: 321 Episode T: 1000 Reward: 2413.733
Total T: 322000 Episode Num: 322 Episode T: 1000 Reward: 2319.072
Total T: 323000 Episode Num: 323 Episode T: 1000 Reward: 2437.315
Total T: 324000 Episode Num: 324 Episode T: 1000 Reward: 2444.315
Total T: 325000 Episode Num: 325 Episode T: 1000 Reward: 2454.363
---------------------------------------
Evaluation over 10 episodes: 2540.297
---------------------------------------
Total T: 326000 Episode Num: 326 Episode T: 1000 Reward: 2445.954
Total T: 327000 Episode Num: 327 Episode T: 1000 Reward: 2483.018
Total T: 328000 Episode Num: 328 Episode T: 1000 Reward: 2436.288
Total T: 329000 Episode Num: 329 Episode T: 1000 Reward: 613.250
Total T: 330000 Episode Num: 330 Episode T: 1000 Reward: 2466.989
---------------------------------------
Evaluation over 10 episodes: 2499.925
---------------------------------------
Total T: 331000 Episode Num: 331 Episode T: 1000 Reward: 2614.276
Total T: 332000 Episode Num: 332 Episode T: 1000 Reward: 2528.441
Total T: 333000 Episode Num: 333 Episode T: 1000 Reward: 2410.905
Total T: 334000 Episode Num: 334 Episode T: 1000 Reward: 2483.090
Total T: 335000 Episode Num: 335 Episode T: 1000 Reward: 2409.870
---------------------------------------
Evaluation over 10 episodes: 2456.383
---------------------------------------
Total T: 336000 Episode Num: 336 Episode T: 1000 Reward: 2504.179
Total T: 337000 Episode Num: 337 Episode T: 1000 Reward: 2371.326
Total T: 338000 Episode Num: 338 Episode T: 1000 Reward: 2529.284
Total T: 339000 Episode Num: 339 Episode T: 1000 Reward: 2487.983
Total T: 340000 Episode Num: 340 Episode T: 1000 Reward: 2379.708
---------------------------------------
Evaluation over 10 episodes: 2450.777
---------------------------------------
Total T: 341000 Episode Num: 341 Episode T: 1000 Reward: 2392.343
Total T: 342000 Episode Num: 342 Episode T: 1000 Reward: 2321.685
Total T: 343000 Episode Num: 343 Episode T: 1000 Reward: 2374.457
Total T: 344000 Episode Num: 344 Episode T: 1000 Reward: 2411.705
Total T: 345000 Episode Num: 345 Episode T: 1000 Reward: 2421.425
---------------------------------------
Evaluation over 10 episodes: 2566.899
---------------------------------------
Total T: 346000 Episode Num: 346 Episode T: 1000 Reward: 2527.464
Total T: 347000 Episode Num: 347 Episode T: 1000 Reward: 2557.482
Total T: 348000 Episode Num: 348 Episode T: 1000 Reward: 2482.457
Total T: 349000 Episode Num: 349 Episode T: 1000 Reward: 2288.374
Total T: 350000 Episode Num: 350 Episode T: 1000 Reward: 2486.868
---------------------------------------
Evaluation over 10 episodes: 2428.630
---------------------------------------
Total T: 351000 Episode Num: 351 Episode T: 1000 Reward: 2429.006
Total T: 352000 Episode Num: 352 Episode T: 1000 Reward: 2641.030
Total T: 353000 Episode Num: 353 Episode T: 1000 Reward: 2348.520
Total T: 354000 Episode Num: 354 Episode T: 1000 Reward: 2436.377
Total T: 355000 Episode Num: 355 Episode T: 1000 Reward: 2487.410
---------------------------------------
Evaluation over 10 episodes: 2389.924
---------------------------------------
Total T: 356000 Episode Num: 356 Episode T: 1000 Reward: 2373.479
Total T: 357000 Episode Num: 357 Episode T: 1000 Reward: 2307.391
Total T: 358000 Episode Num: 358 Episode T: 1000 Reward: 2420.750
Total T: 359000 Episode Num: 359 Episode T: 1000 Reward: 2436.543
Total T: 360000 Episode Num: 360 Episode T: 1000 Reward: 2412.210
---------------------------------------
Evaluation over 10 episodes: 2415.423
---------------------------------------
Total T: 361000 Episode Num: 361 Episode T: 1000 Reward: 2463.902
Total T: 362000 Episode Num: 362 Episode T: 1000 Reward: 2386.479
Total T: 363000 Episode Num: 363 Episode T: 1000 Reward: 2562.499
Total T: 364000 Episode Num: 364 Episode T: 1000 Reward: 2563.979
Total T: 365000 Episode Num: 365 Episode T: 1000 Reward: 2514.073
---------------------------------------
Evaluation over 10 episodes: 2518.569
---------------------------------------
Total T: 366000 Episode Num: 366 Episode T: 1000 Reward: 2363.003
Total T: 367000 Episode Num: 367 Episode T: 1000 Reward: 2390.050
Total T: 368000 Episode Num: 368 Episode T: 1000 Reward: 2304.778
Total T: 369000 Episode Num: 369 Episode T: 1000 Reward: 2382.261
Total T: 370000 Episode Num: 370 Episode T: 1000 Reward: 2456.614
---------------------------------------
Evaluation over 10 episodes: 2461.246
---------------------------------------
Total T: 371000 Episode Num: 371 Episode T: 1000 Reward: 2572.125
Total T: 372000 Episode Num: 372 Episode T: 1000 Reward: 2507.381
Total T: 373000 Episode Num: 373 Episode T: 1000 Reward: 2428.206
Total T: 374000 Episode Num: 374 Episode T: 1000 Reward: 2495.656
Total T: 375000 Episode Num: 375 Episode T: 1000 Reward: 2508.324
---------------------------------------
Evaluation over 10 episodes: 2269.306
---------------------------------------
Total T: 376000 Episode Num: 376 Episode T: 1000 Reward: 2459.827
Total T: 377000 Episode Num: 377 Episode T: 1000 Reward: 2446.811
Total T: 378000 Episode Num: 378 Episode T: 1000 Reward: 2414.664
Total T: 379000 Episode Num: 379 Episode T: 1000 Reward: 2508.619
Total T: 380000 Episode Num: 380 Episode T: 1000 Reward: 2404.657
---------------------------------------
Evaluation over 10 episodes: 2340.791
---------------------------------------
Total T: 381000 Episode Num: 381 Episode T: 1000 Reward: 2419.634
Total T: 382000 Episode Num: 382 Episode T: 1000 Reward: 2412.564
Total T: 383000 Episode Num: 383 Episode T: 1000 Reward: 2341.385
Total T: 384000 Episode Num: 384 Episode T: 1000 Reward: 2456.379
Total T: 385000 Episode Num: 385 Episode T: 1000 Reward: 2444.373
---------------------------------------
Evaluation over 10 episodes: 2494.102
---------------------------------------
Total T: 386000 Episode Num: 386 Episode T: 1000 Reward: 2421.350
Total T: 387000 Episode Num: 387 Episode T: 1000 Reward: 2469.021
Total T: 388000 Episode Num: 388 Episode T: 1000 Reward: 2363.153
Total T: 389000 Episode Num: 389 Episode T: 1000 Reward: 2337.655
Total T: 390000 Episode Num: 390 Episode T: 1000 Reward: 2459.729
---------------------------------------
Evaluation over 10 episodes: 2418.356
---------------------------------------
Total T: 391000 Episode Num: 391 Episode T: 1000 Reward: 2312.683
Total T: 392000 Episode Num: 392 Episode T: 1000 Reward: 2443.313
Total T: 393000 Episode Num: 393 Episode T: 1000 Reward: 2480.059
Total T: 394000 Episode Num: 394 Episode T: 1000 Reward: 2391.405
Total T: 395000 Episode Num: 395 Episode T: 1000 Reward: 2590.397
---------------------------------------
Evaluation over 10 episodes: 2526.525
---------------------------------------
Total T: 396000 Episode Num: 396 Episode T: 1000 Reward: 2480.104
Total T: 397000 Episode Num: 397 Episode T: 1000 Reward: 2356.166
Total T: 398000 Episode Num: 398 Episode T: 1000 Reward: 2462.266
Total T: 399000 Episode Num: 399 Episode T: 1000 Reward: 2397.181
Total T: 400000 Episode Num: 400 Episode T: 1000 Reward: 2474.180
---------------------------------------
Evaluation over 10 episodes: 2470.858
---------------------------------------
Total T: 401000 Episode Num: 401 Episode T: 1000 Reward: 2495.513
Total T: 402000 Episode Num: 402 Episode T: 1000 Reward: 2287.657
Total T: 403000 Episode Num: 403 Episode T: 1000 Reward: 2406.729
Total T: 404000 Episode Num: 404 Episode T: 1000 Reward: 2490.700
Total T: 405000 Episode Num: 405 Episode T: 1000 Reward: 2453.144
---------------------------------------
Evaluation over 10 episodes: 2387.873
---------------------------------------
Total T: 406000 Episode Num: 406 Episode T: 1000 Reward: 2386.457
Total T: 407000 Episode Num: 407 Episode T: 1000 Reward: 2426.328
Total T: 408000 Episode Num: 408 Episode T: 1000 Reward: 2492.701
Total T: 409000 Episode Num: 409 Episode T: 1000 Reward: 2364.084
Total T: 410000 Episode Num: 410 Episode T: 1000 Reward: 2479.244
---------------------------------------
Evaluation over 10 episodes: 2416.003
---------------------------------------
Total T: 411000 Episode Num: 411 Episode T: 1000 Reward: 2414.291
Total T: 412000 Episode Num: 412 Episode T: 1000 Reward: 2359.147
Total T: 413000 Episode Num: 413 Episode T: 1000 Reward: 2418.001
Total T: 414000 Episode Num: 414 Episode T: 1000 Reward: 2465.527
Total T: 415000 Episode Num: 415 Episode T: 1000 Reward: 2324.645
---------------------------------------
Evaluation over 10 episodes: 2319.349
---------------------------------------
Total T: 416000 Episode Num: 416 Episode T: 1000 Reward: 2374.226
Total T: 417000 Episode Num: 417 Episode T: 1000 Reward: 2412.445
Total T: 418000 Episode Num: 418 Episode T: 1000 Reward: 2382.092
Total T: 419000 Episode Num: 419 Episode T: 1000 Reward: 2345.998
Total T: 420000 Episode Num: 420 Episode T: 1000 Reward: 2409.184
---------------------------------------
Evaluation over 10 episodes: 2429.005
---------------------------------------
Total T: 421000 Episode Num: 421 Episode T: 1000 Reward: 2180.777
Total T: 422000 Episode Num: 422 Episode T: 1000 Reward: 2340.374
Total T: 423000 Episode Num: 423 Episode T: 1000 Reward: 2422.466
Total T: 424000 Episode Num: 424 Episode T: 1000 Reward: 2357.225
Total T: 425000 Episode Num: 425 Episode T: 1000 Reward: 2214.145
---------------------------------------
Evaluation over 10 episodes: 2324.317
---------------------------------------
Total T: 426000 Episode Num: 426 Episode T: 1000 Reward: -156.860
Total T: 427000 Episode Num: 427 Episode T: 1000 Reward: 2235.705
Total T: 428000 Episode Num: 428 Episode T: 1000 Reward: 2338.635
Total T: 429000 Episode Num: 429 Episode T: 1000 Reward: 2407.367
Total T: 430000 Episode Num: 430 Episode T: 1000 Reward: 2451.242
---------------------------------------
Evaluation over 10 episodes: 2402.857
---------------------------------------
Total T: 431000 Episode Num: 431 Episode T: 1000 Reward: 2518.252
Total T: 432000 Episode Num: 432 Episode T: 1000 Reward: 2540.978
Total T: 433000 Episode Num: 433 Episode T: 1000 Reward: 2452.754
Total T: 434000 Episode Num: 434 Episode T: 1000 Reward: 2355.593
Total T: 435000 Episode Num: 435 Episode T: 1000 Reward: 2369.425
---------------------------------------
Evaluation over 10 episodes: 2342.102
---------------------------------------
Total T: 436000 Episode Num: 436 Episode T: 1000 Reward: 2413.572
Total T: 437000 Episode Num: 437 Episode T: 1000 Reward: 2323.479
Total T: 438000 Episode Num: 438 Episode T: 1000 Reward: 2440.342
Total T: 439000 Episode Num: 439 Episode T: 1000 Reward: 2323.317
Total T: 440000 Episode Num: 440 Episode T: 1000 Reward: 2487.182
---------------------------------------
Evaluation over 10 episodes: 2268.908
---------------------------------------
Total T: 441000 Episode Num: 441 Episode T: 1000 Reward: 2488.081
Total T: 442000 Episode Num: 442 Episode T: 1000 Reward: 2453.022
Total T: 443000 Episode Num: 443 Episode T: 1000 Reward: 2452.750
Total T: 444000 Episode Num: 444 Episode T: 1000 Reward: 2485.511
Total T: 445000 Episode Num: 445 Episode T: 1000 Reward: 2501.685
---------------------------------------
Evaluation over 10 episodes: 2423.163
---------------------------------------
Total T: 446000 Episode Num: 446 Episode T: 1000 Reward: 2327.708
Total T: 447000 Episode Num: 447 Episode T: 1000 Reward: 2428.361
Total T: 448000 Episode Num: 448 Episode T: 1000 Reward: 2485.498
Total T: 449000 Episode Num: 449 Episode T: 1000 Reward: 2472.664
Total T: 450000 Episode Num: 450 Episode T: 1000 Reward: 2438.841
---------------------------------------
Evaluation over 10 episodes: 2432.738
---------------------------------------
Total T: 451000 Episode Num: 451 Episode T: 1000 Reward: 2223.424
Total T: 452000 Episode Num: 452 Episode T: 1000 Reward: 2358.375
Total T: 453000 Episode Num: 453 Episode T: 1000 Reward: 2355.809
Total T: 454000 Episode Num: 454 Episode T: 1000 Reward: 2492.863
Total T: 455000 Episode Num: 455 Episode T: 1000 Reward: 2394.570
---------------------------------------
Evaluation over 10 episodes: 2409.882
---------------------------------------
Total T: 456000 Episode Num: 456 Episode T: 1000 Reward: 2371.701
Total T: 457000 Episode Num: 457 Episode T: 1000 Reward: 2379.336
Total T: 458000 Episode Num: 458 Episode T: 1000 Reward: 2307.229
Total T: 459000 Episode Num: 459 Episode T: 1000 Reward: 2423.450
Total T: 460000 Episode Num: 460 Episode T: 1000 Reward: 2369.038
---------------------------------------
Evaluation over 10 episodes: 2476.500
---------------------------------------
Total T: 461000 Episode Num: 461 Episode T: 1000 Reward: 2359.570
Total T: 462000 Episode Num: 462 Episode T: 1000 Reward: 2387.222
Total T: 463000 Episode Num: 463 Episode T: 1000 Reward: 2408.717
Total T: 464000 Episode Num: 464 Episode T: 1000 Reward: 2434.436
Total T: 465000 Episode Num: 465 Episode T: 1000 Reward: 2395.631
---------------------------------------
Evaluation over 10 episodes: 2421.598
---------------------------------------
Total T: 466000 Episode Num: 466 Episode T: 1000 Reward: 2316.693
Total T: 467000 Episode Num: 467 Episode T: 1000 Reward: 2498.569
Total T: 468000 Episode Num: 468 Episode T: 1000 Reward: 2547.404
Total T: 469000 Episode Num: 469 Episode T: 1000 Reward: 2314.229
Total T: 470000 Episode Num: 470 Episode T: 1000 Reward: 2416.403
---------------------------------------
Evaluation over 10 episodes: 2371.828
---------------------------------------
Total T: 471000 Episode Num: 471 Episode T: 1000 Reward: 2415.597
Total T: 472000 Episode Num: 472 Episode T: 1000 Reward: 2404.896
Total T: 473000 Episode Num: 473 Episode T: 1000 Reward: 2384.783
Total T: 474000 Episode Num: 474 Episode T: 1000 Reward: 2493.586
Total T: 475000 Episode Num: 475 Episode T: 1000 Reward: 2518.364
---------------------------------------
Evaluation over 10 episodes: 2444.639
---------------------------------------
Total T: 476000 Episode Num: 476 Episode T: 1000 Reward: 2445.927
Total T: 477000 Episode Num: 477 Episode T: 1000 Reward: 2507.492
Total T: 478000 Episode Num: 478 Episode T: 1000 Reward: 2536.180
Total T: 479000 Episode Num: 479 Episode T: 1000 Reward: 2479.796
Total T: 480000 Episode Num: 480 Episode T: 1000 Reward: 2516.068
---------------------------------------
Evaluation over 10 episodes: 2212.112
---------------------------------------
Total T: 481000 Episode Num: 481 Episode T: 1000 Reward: 2522.885
Total T: 482000 Episode Num: 482 Episode T: 1000 Reward: 2528.794
Total T: 483000 Episode Num: 483 Episode T: 1000 Reward: 2519.651
Total T: 484000 Episode Num: 484 Episode T: 1000 Reward: 2425.591
Total T: 485000 Episode Num: 485 Episode T: 1000 Reward: 2347.931
---------------------------------------
Evaluation over 10 episodes: 2495.736
---------------------------------------
Total T: 486000 Episode Num: 486 Episode T: 1000 Reward: 2447.704
Total T: 487000 Episode Num: 487 Episode T: 1000 Reward: 2442.942
Total T: 488000 Episode Num: 488 Episode T: 1000 Reward: 2326.452
Total T: 489000 Episode Num: 489 Episode T: 1000 Reward: 2457.794
Total T: 490000 Episode Num: 490 Episode T: 1000 Reward: 2442.930
---------------------------------------
Evaluation over 10 episodes: 2471.527
---------------------------------------
Total T: 491000 Episode Num: 491 Episode T: 1000 Reward: 2467.128
Total T: 492000 Episode Num: 492 Episode T: 1000 Reward: 2401.228
Total T: 493000 Episode Num: 493 Episode T: 1000 Reward: 2490.061
Total T: 494000 Episode Num: 494 Episode T: 1000 Reward: 2514.772
Total T: 495000 Episode Num: 495 Episode T: 1000 Reward: 2585.162
---------------------------------------
Evaluation over 10 episodes: 2543.854
---------------------------------------
Total T: 496000 Episode Num: 496 Episode T: 1000 Reward: 2404.405
Total T: 497000 Episode Num: 497 Episode T: 1000 Reward: 2529.783
Total T: 498000 Episode Num: 498 Episode T: 1000 Reward: 2392.724
Total T: 499000 Episode Num: 499 Episode T: 1000 Reward: 2406.265
Total T: 500000 Episode Num: 500 Episode T: 1000 Reward: 2435.162
---------------------------------------
Evaluation over 10 episodes: 2479.370
---------------------------------------
Total T: 501000 Episode Num: 501 Episode T: 1000 Reward: 2462.072
Total T: 502000 Episode Num: 502 Episode T: 1000 Reward: 2443.608
Total T: 503000 Episode Num: 503 Episode T: 1000 Reward: 2512.460
Total T: 504000 Episode Num: 504 Episode T: 1000 Reward: 2513.175
Total T: 505000 Episode Num: 505 Episode T: 1000 Reward: 2286.655
---------------------------------------
Evaluation over 10 episodes: 2440.802
---------------------------------------
Total T: 506000 Episode Num: 506 Episode T: 1000 Reward: 2424.796
Total T: 507000 Episode Num: 507 Episode T: 1000 Reward: 2467.812
Total T: 508000 Episode Num: 508 Episode T: 1000 Reward: 2501.509
Total T: 509000 Episode Num: 509 Episode T: 1000 Reward: 2558.840
Total T: 510000 Episode Num: 510 Episode T: 1000 Reward: 2601.679
---------------------------------------
Evaluation over 10 episodes: 2461.084
---------------------------------------
Total T: 511000 Episode Num: 511 Episode T: 1000 Reward: 2304.911
Total T: 512000 Episode Num: 512 Episode T: 1000 Reward: 2497.341
Total T: 513000 Episode Num: 513 Episode T: 1000 Reward: 2379.078
Total T: 514000 Episode Num: 514 Episode T: 1000 Reward: 2484.852
Total T: 515000 Episode Num: 515 Episode T: 1000 Reward: 2513.608
---------------------------------------
Evaluation over 10 episodes: 2496.081
---------------------------------------
Total T: 516000 Episode Num: 516 Episode T: 1000 Reward: 2559.852
Total T: 517000 Episode Num: 517 Episode T: 1000 Reward: 2461.012
Total T: 518000 Episode Num: 518 Episode T: 1000 Reward: 2438.851
Total T: 519000 Episode Num: 519 Episode T: 1000 Reward: 2570.674
Total T: 520000 Episode Num: 520 Episode T: 1000 Reward: 2511.427
---------------------------------------
Evaluation over 10 episodes: 2450.860
---------------------------------------
Total T: 521000 Episode Num: 521 Episode T: 1000 Reward: 2614.496
Total T: 522000 Episode Num: 522 Episode T: 1000 Reward: 2586.903
Total T: 523000 Episode Num: 523 Episode T: 1000 Reward: 2396.829
Total T: 524000 Episode Num: 524 Episode T: 1000 Reward: 2495.852
Total T: 525000 Episode Num: 525 Episode T: 1000 Reward: 2433.554
---------------------------------------
Evaluation over 10 episodes: 2258.576
---------------------------------------
Total T: 526000 Episode Num: 526 Episode T: 1000 Reward: 2529.819
Total T: 527000 Episode Num: 527 Episode T: 1000 Reward: 2268.669
Total T: 528000 Episode Num: 528 Episode T: 1000 Reward: 2478.542
Total T: 529000 Episode Num: 529 Episode T: 1000 Reward: 2546.931
Total T: 530000 Episode Num: 530 Episode T: 1000 Reward: 2615.389
---------------------------------------
Evaluation over 10 episodes: 2495.362
---------------------------------------
Total T: 531000 Episode Num: 531 Episode T: 1000 Reward: 2492.162
Total T: 532000 Episode Num: 532 Episode T: 1000 Reward: 2536.636
Total T: 533000 Episode Num: 533 Episode T: 1000 Reward: 2611.625
Total T: 534000 Episode Num: 534 Episode T: 1000 Reward: 2549.188
Total T: 535000 Episode Num: 535 Episode T: 1000 Reward: 2524.407
---------------------------------------
Evaluation over 10 episodes: 2522.981
---------------------------------------
Total T: 536000 Episode Num: 536 Episode T: 1000 Reward: 2580.944
Total T: 537000 Episode Num: 537 Episode T: 1000 Reward: 2440.327
Total T: 538000 Episode Num: 538 Episode T: 1000 Reward: 2495.179
Total T: 539000 Episode Num: 539 Episode T: 1000 Reward: 2562.614
Total T: 540000 Episode Num: 540 Episode T: 1000 Reward: 2413.135
---------------------------------------
Evaluation over 10 episodes: 2548.187
---------------------------------------
Total T: 541000 Episode Num: 541 Episode T: 1000 Reward: 2531.513
Total T: 542000 Episode Num: 542 Episode T: 1000 Reward: 2584.037
Total T: 543000 Episode Num: 543 Episode T: 1000 Reward: 2534.097
Total T: 544000 Episode Num: 544 Episode T: 1000 Reward: 2568.796
Total T: 545000 Episode Num: 545 Episode T: 1000 Reward: 2496.341
---------------------------------------
Evaluation over 10 episodes: 2579.275
---------------------------------------
Total T: 546000 Episode Num: 546 Episode T: 1000 Reward: 2504.658
Total T: 547000 Episode Num: 547 Episode T: 1000 Reward: 2504.781
Total T: 548000 Episode Num: 548 Episode T: 1000 Reward: 2281.351
Total T: 549000 Episode Num: 549 Episode T: 1000 Reward: 2434.556
Total T: 550000 Episode Num: 550 Episode T: 1000 Reward: 2653.277
---------------------------------------
Evaluation over 10 episodes: 2277.371
---------------------------------------
Total T: 551000 Episode Num: 551 Episode T: 1000 Reward: 2505.973
Total T: 552000 Episode Num: 552 Episode T: 1000 Reward: 2383.395
Total T: 553000 Episode Num: 553 Episode T: 1000 Reward: 2457.240
Total T: 554000 Episode Num: 554 Episode T: 1000 Reward: 2528.081
Total T: 555000 Episode Num: 555 Episode T: 1000 Reward: 2550.152
---------------------------------------
Evaluation over 10 episodes: 2538.262
---------------------------------------
Total T: 556000 Episode Num: 556 Episode T: 1000 Reward: 2778.666
Total T: 557000 Episode Num: 557 Episode T: 1000 Reward: 2537.967
Total T: 558000 Episode Num: 558 Episode T: 1000 Reward: 2502.803
Total T: 559000 Episode Num: 559 Episode T: 1000 Reward: 2462.195
Total T: 560000 Episode Num: 560 Episode T: 1000 Reward: 2638.083
---------------------------------------
Evaluation over 10 episodes: 2547.300
---------------------------------------
Total T: 561000 Episode Num: 561 Episode T: 1000 Reward: 2558.990
Total T: 562000 Episode Num: 562 Episode T: 1000 Reward: 2553.895
Total T: 563000 Episode Num: 563 Episode T: 1000 Reward: 2464.802
Total T: 564000 Episode Num: 564 Episode T: 1000 Reward: 2644.638
Total T: 565000 Episode Num: 565 Episode T: 1000 Reward: 2590.617
---------------------------------------
Evaluation over 10 episodes: 2563.490
---------------------------------------
Total T: 566000 Episode Num: 566 Episode T: 1000 Reward: 2668.399
Total T: 567000 Episode Num: 567 Episode T: 1000 Reward: 2378.997
Total T: 568000 Episode Num: 568 Episode T: 1000 Reward: 2552.845
Total T: 569000 Episode Num: 569 Episode T: 1000 Reward: 2565.529
Total T: 570000 Episode Num: 570 Episode T: 1000 Reward: 2573.102
---------------------------------------
Evaluation over 10 episodes: 2566.702
---------------------------------------
Total T: 571000 Episode Num: 571 Episode T: 1000 Reward: 2656.193
Total T: 572000 Episode Num: 572 Episode T: 1000 Reward: 2530.909
Total T: 573000 Episode Num: 573 Episode T: 1000 Reward: 2522.212
Total T: 574000 Episode Num: 574 Episode T: 1000 Reward: 2684.039
Total T: 575000 Episode Num: 575 Episode T: 1000 Reward: 2573.548
---------------------------------------
Evaluation over 10 episodes: 2608.671
---------------------------------------
Total T: 576000 Episode Num: 576 Episode T: 1000 Reward: 2466.900
Total T: 577000 Episode Num: 577 Episode T: 1000 Reward: 2668.872
Total T: 578000 Episode Num: 578 Episode T: 1000 Reward: 2513.492
Total T: 579000 Episode Num: 579 Episode T: 1000 Reward: 2602.083
Total T: 580000 Episode Num: 580 Episode T: 1000 Reward: 2625.519
---------------------------------------
Evaluation over 10 episodes: 2328.114
---------------------------------------
Total T: 581000 Episode Num: 581 Episode T: 1000 Reward: 2499.620
Total T: 582000 Episode Num: 582 Episode T: 1000 Reward: 2440.635
Total T: 583000 Episode Num: 583 Episode T: 1000 Reward: 2697.197
Total T: 584000 Episode Num: 584 Episode T: 1000 Reward: 2667.242
Total T: 585000 Episode Num: 585 Episode T: 1000 Reward: 2617.369
---------------------------------------
Evaluation over 10 episodes: 2574.333
---------------------------------------
Total T: 586000 Episode Num: 586 Episode T: 1000 Reward: 2436.874
Total T: 587000 Episode Num: 587 Episode T: 1000 Reward: 2717.171
Total T: 588000 Episode Num: 588 Episode T: 1000 Reward: 2463.384
Total T: 589000 Episode Num: 589 Episode T: 1000 Reward: 2729.033
Total T: 590000 Episode Num: 590 Episode T: 1000 Reward: 2718.789
---------------------------------------
Evaluation over 10 episodes: 2679.548
---------------------------------------
Total T: 591000 Episode Num: 591 Episode T: 1000 Reward: 2601.085
Total T: 592000 Episode Num: 592 Episode T: 1000 Reward: 2506.114
Total T: 593000 Episode Num: 593 Episode T: 1000 Reward: 2648.509
Total T: 594000 Episode Num: 594 Episode T: 1000 Reward: 2520.849
Total T: 595000 Episode Num: 595 Episode T: 1000 Reward: 2690.774
---------------------------------------
Evaluation over 10 episodes: 2666.697
---------------------------------------
Total T: 596000 Episode Num: 596 Episode T: 1000 Reward: 2611.227
Total T: 597000 Episode Num: 597 Episode T: 1000 Reward: 2566.745
Total T: 598000 Episode Num: 598 Episode T: 1000 Reward: 2708.018
Total T: 599000 Episode Num: 599 Episode T: 1000 Reward: 2647.026
Total T: 600000 Episode Num: 600 Episode T: 1000 Reward: 2628.879
---------------------------------------
Evaluation over 10 episodes: 2568.437
---------------------------------------
Total T: 601000 Episode Num: 601 Episode T: 1000 Reward: 2668.105
Total T: 602000 Episode Num: 602 Episode T: 1000 Reward: 2628.554
Total T: 603000 Episode Num: 603 Episode T: 1000 Reward: 2719.722
Total T: 604000 Episode Num: 604 Episode T: 1000 Reward: 2549.279
Total T: 605000 Episode Num: 605 Episode T: 1000 Reward: 2807.221
---------------------------------------
Evaluation over 10 episodes: 2630.935
---------------------------------------
Total T: 606000 Episode Num: 606 Episode T: 1000 Reward: 2761.417
Total T: 607000 Episode Num: 607 Episode T: 1000 Reward: 2628.695
Total T: 608000 Episode Num: 608 Episode T: 1000 Reward: 2504.373
Total T: 609000 Episode Num: 609 Episode T: 1000 Reward: 2650.403
Total T: 610000 Episode Num: 610 Episode T: 1000 Reward: 2697.865
---------------------------------------
Evaluation over 10 episodes: 2593.106
---------------------------------------
Total T: 611000 Episode Num: 611 Episode T: 1000 Reward: 2659.038
Total T: 612000 Episode Num: 612 Episode T: 1000 Reward: 2693.015
Total T: 613000 Episode Num: 613 Episode T: 1000 Reward: 2555.721
Total T: 614000 Episode Num: 614 Episode T: 1000 Reward: 2726.246
Total T: 615000 Episode Num: 615 Episode T: 1000 Reward: 2507.116
---------------------------------------
Evaluation over 10 episodes: 2662.412
---------------------------------------
Total T: 616000 Episode Num: 616 Episode T: 1000 Reward: 2559.190
Total T: 617000 Episode Num: 617 Episode T: 1000 Reward: 2620.469
Total T: 618000 Episode Num: 618 Episode T: 1000 Reward: 2641.664
Total T: 619000 Episode Num: 619 Episode T: 1000 Reward: 2491.509
Total T: 620000 Episode Num: 620 Episode T: 1000 Reward: 2674.828
---------------------------------------
Evaluation over 10 episodes: 2594.526
---------------------------------------
Total T: 621000 Episode Num: 621 Episode T: 1000 Reward: 2779.371
Total T: 622000 Episode Num: 622 Episode T: 1000 Reward: 2577.557
Total T: 623000 Episode Num: 623 Episode T: 1000 Reward: 2615.239
Total T: 624000 Episode Num: 624 Episode T: 1000 Reward: 2702.495
Total T: 625000 Episode Num: 625 Episode T: 1000 Reward: 2475.973
---------------------------------------
Evaluation over 10 episodes: 2715.221
---------------------------------------
Total T: 626000 Episode Num: 626 Episode T: 1000 Reward: 2717.894
Total T: 627000 Episode Num: 627 Episode T: 1000 Reward: 2499.711
Total T: 628000 Episode Num: 628 Episode T: 1000 Reward: 2772.728
Total T: 629000 Episode Num: 629 Episode T: 1000 Reward: 2889.582
Total T: 630000 Episode Num: 630 Episode T: 1000 Reward: 2686.948
---------------------------------------
Evaluation over 10 episodes: 2592.813
---------------------------------------
Total T: 631000 Episode Num: 631 Episode T: 1000 Reward: 2671.350
Total T: 632000 Episode Num: 632 Episode T: 1000 Reward: 2691.088
Total T: 633000 Episode Num: 633 Episode T: 1000 Reward: 2664.050
Total T: 634000 Episode Num: 634 Episode T: 1000 Reward: 2795.043
Total T: 635000 Episode Num: 635 Episode T: 1000 Reward: 2701.258
---------------------------------------
Evaluation over 10 episodes: 2627.434
---------------------------------------
Total T: 636000 Episode Num: 636 Episode T: 1000 Reward: 2729.357
Total T: 637000 Episode Num: 637 Episode T: 1000 Reward: 2633.046
Total T: 638000 Episode Num: 638 Episode T: 1000 Reward: 2558.158
Total T: 639000 Episode Num: 639 Episode T: 1000 Reward: 2649.858
Total T: 640000 Episode Num: 640 Episode T: 1000 Reward: 2553.290
---------------------------------------
Evaluation over 10 episodes: 2392.564
---------------------------------------
Total T: 641000 Episode Num: 641 Episode T: 1000 Reward: 2622.267
Total T: 642000 Episode Num: 642 Episode T: 1000 Reward: 2392.708
Total T: 643000 Episode Num: 643 Episode T: 1000 Reward: 2671.690
Total T: 644000 Episode Num: 644 Episode T: 1000 Reward: 532.293
Total T: 645000 Episode Num: 645 Episode T: 1000 Reward: 2687.192
---------------------------------------
Evaluation over 10 episodes: 2666.956
---------------------------------------
Total T: 646000 Episode Num: 646 Episode T: 1000 Reward: 2816.285
Total T: 647000 Episode Num: 647 Episode T: 1000 Reward: 2670.738
Total T: 648000 Episode Num: 648 Episode T: 1000 Reward: 2504.781
Total T: 649000 Episode Num: 649 Episode T: 1000 Reward: 2634.689
Total T: 650000 Episode Num: 650 Episode T: 1000 Reward: 1566.754
---------------------------------------
Evaluation over 10 episodes: 2565.976
---------------------------------------
Total T: 651000 Episode Num: 651 Episode T: 1000 Reward: 2518.962
Total T: 652000 Episode Num: 652 Episode T: 1000 Reward: 2615.846
Total T: 653000 Episode Num: 653 Episode T: 1000 Reward: 2789.907
Total T: 654000 Episode Num: 654 Episode T: 1000 Reward: 2610.673
Total T: 655000 Episode Num: 655 Episode T: 1000 Reward: 2492.398
---------------------------------------
Evaluation over 10 episodes: 2642.817
---------------------------------------
Total T: 656000 Episode Num: 656 Episode T: 1000 Reward: 2685.470
Total T: 657000 Episode Num: 657 Episode T: 1000 Reward: 2524.612
Total T: 658000 Episode Num: 658 Episode T: 1000 Reward: 2591.899
Total T: 659000 Episode Num: 659 Episode T: 1000 Reward: 2594.959
Total T: 660000 Episode Num: 660 Episode T: 1000 Reward: 2518.523
---------------------------------------
Evaluation over 10 episodes: 2628.099
---------------------------------------
Total T: 661000 Episode Num: 661 Episode T: 1000 Reward: 2791.211
Total T: 662000 Episode Num: 662 Episode T: 1000 Reward: 2705.188
Total T: 663000 Episode Num: 663 Episode T: 1000 Reward: 2479.594
Total T: 664000 Episode Num: 664 Episode T: 1000 Reward: 2589.638
Total T: 665000 Episode Num: 665 Episode T: 1000 Reward: 2683.815
---------------------------------------
Evaluation over 10 episodes: 2460.231
---------------------------------------
Total T: 666000 Episode Num: 666 Episode T: 1000 Reward: 2533.084
Total T: 667000 Episode Num: 667 Episode T: 1000 Reward: 2518.287
Total T: 668000 Episode Num: 668 Episode T: 1000 Reward: 2460.265
Total T: 669000 Episode Num: 669 Episode T: 1000 Reward: 2600.873
Total T: 670000 Episode Num: 670 Episode T: 1000 Reward: 2592.684
---------------------------------------
Evaluation over 10 episodes: 2519.033
---------------------------------------
Total T: 671000 Episode Num: 671 Episode T: 1000 Reward: 2754.704
Total T: 672000 Episode Num: 672 Episode T: 1000 Reward: 2620.132
Total T: 673000 Episode Num: 673 Episode T: 1000 Reward: 2453.713
Total T: 674000 Episode Num: 674 Episode T: 1000 Reward: 2556.616
Total T: 675000 Episode Num: 675 Episode T: 1000 Reward: 2607.869
---------------------------------------
Evaluation over 10 episodes: 2535.699
---------------------------------------
Total T: 676000 Episode Num: 676 Episode T: 1000 Reward: 2471.252
Total T: 677000 Episode Num: 677 Episode T: 1000 Reward: 2515.423
Total T: 678000 Episode Num: 678 Episode T: 1000 Reward: 2524.910
Total T: 679000 Episode Num: 679 Episode T: 1000 Reward: 2669.909
Total T: 680000 Episode Num: 680 Episode T: 1000 Reward: 2651.306
---------------------------------------
Evaluation over 10 episodes: 2603.014
---------------------------------------
Total T: 681000 Episode Num: 681 Episode T: 1000 Reward: 2725.893
Total T: 682000 Episode Num: 682 Episode T: 1000 Reward: 2559.839
Total T: 683000 Episode Num: 683 Episode T: 1000 Reward: 2551.091
Total T: 684000 Episode Num: 684 Episode T: 1000 Reward: 2590.779
Total T: 685000 Episode Num: 685 Episode T: 1000 Reward: 2750.444
---------------------------------------
Evaluation over 10 episodes: 2448.012
---------------------------------------
Total T: 686000 Episode Num: 686 Episode T: 1000 Reward: 2602.102
Total T: 687000 Episode Num: 687 Episode T: 1000 Reward: 2658.433
Total T: 688000 Episode Num: 688 Episode T: 1000 Reward: 2351.187
Total T: 689000 Episode Num: 689 Episode T: 1000 Reward: 2591.341
Total T: 690000 Episode Num: 690 Episode T: 1000 Reward: 2658.495
---------------------------------------
Evaluation over 10 episodes: 2651.843
---------------------------------------
Total T: 691000 Episode Num: 691 Episode T: 1000 Reward: 2539.210
Total T: 692000 Episode Num: 692 Episode T: 1000 Reward: 2562.963
Total T: 693000 Episode Num: 693 Episode T: 1000 Reward: 2619.495
Total T: 694000 Episode Num: 694 Episode T: 1000 Reward: 2571.777
Total T: 695000 Episode Num: 695 Episode T: 1000 Reward: 2379.479
---------------------------------------
Evaluation over 10 episodes: 2538.521
---------------------------------------
Total T: 696000 Episode Num: 696 Episode T: 1000 Reward: 2596.709
Total T: 697000 Episode Num: 697 Episode T: 1000 Reward: 2411.917
Total T: 698000 Episode Num: 698 Episode T: 1000 Reward: 2339.299
Total T: 699000 Episode Num: 699 Episode T: 1000 Reward: 2482.466
Total T: 700000 Episode Num: 700 Episode T: 1000 Reward: 2501.041
---------------------------------------
Evaluation over 10 episodes: 2453.609
---------------------------------------
Total T: 701000 Episode Num: 701 Episode T: 1000 Reward: 2680.300
Total T: 702000 Episode Num: 702 Episode T: 1000 Reward: 2668.548
Total T: 703000 Episode Num: 703 Episode T: 1000 Reward: 2616.216
Total T: 704000 Episode Num: 704 Episode T: 1000 Reward: 2487.374
Total T: 705000 Episode Num: 705 Episode T: 1000 Reward: 2603.773
---------------------------------------
Evaluation over 10 episodes: 2558.466
---------------------------------------
Total T: 706000 Episode Num: 706 Episode T: 1000 Reward: 2555.145
Total T: 707000 Episode Num: 707 Episode T: 1000 Reward: 2634.402
Total T: 708000 Episode Num: 708 Episode T: 1000 Reward: 2520.458
Total T: 709000 Episode Num: 709 Episode T: 1000 Reward: 2390.608
Total T: 710000 Episode Num: 710 Episode T: 1000 Reward: 2402.866
---------------------------------------
Evaluation over 10 episodes: 2484.648
---------------------------------------
Total T: 711000 Episode Num: 711 Episode T: 1000 Reward: 2410.366
Total T: 712000 Episode Num: 712 Episode T: 1000 Reward: 2608.333
Total T: 713000 Episode Num: 713 Episode T: 1000 Reward: 2424.840
Total T: 714000 Episode Num: 714 Episode T: 1000 Reward: 2527.436
Total T: 715000 Episode Num: 715 Episode T: 1000 Reward: 2478.276
---------------------------------------
Evaluation over 10 episodes: 2643.705
---------------------------------------
Total T: 716000 Episode Num: 716 Episode T: 1000 Reward: 2721.571
Total T: 717000 Episode Num: 717 Episode T: 1000 Reward: 2476.417
Total T: 718000 Episode Num: 718 Episode T: 1000 Reward: 2513.656
Total T: 719000 Episode Num: 719 Episode T: 1000 Reward: 2456.227
Total T: 720000 Episode Num: 720 Episode T: 1000 Reward: 2579.099
---------------------------------------
Evaluation over 10 episodes: 2515.830
---------------------------------------
Total T: 721000 Episode Num: 721 Episode T: 1000 Reward: 2566.151
Total T: 722000 Episode Num: 722 Episode T: 1000 Reward: 2425.003
Total T: 723000 Episode Num: 723 Episode T: 1000 Reward: 2438.329
Total T: 724000 Episode Num: 724 Episode T: 1000 Reward: 2356.531
Total T: 725000 Episode Num: 725 Episode T: 1000 Reward: 2663.613
---------------------------------------
Evaluation over 10 episodes: 2591.713
---------------------------------------
Total T: 726000 Episode Num: 726 Episode T: 1000 Reward: 2634.955
Total T: 727000 Episode Num: 727 Episode T: 1000 Reward: 2561.078
Total T: 728000 Episode Num: 728 Episode T: 1000 Reward: 2654.903
Total T: 729000 Episode Num: 729 Episode T: 1000 Reward: 2520.375
Total T: 730000 Episode Num: 730 Episode T: 1000 Reward: 2462.806
---------------------------------------
Evaluation over 10 episodes: 2562.327
---------------------------------------
Total T: 731000 Episode Num: 731 Episode T: 1000 Reward: 2578.574
Total T: 732000 Episode Num: 732 Episode T: 1000 Reward: 2610.276
Total T: 733000 Episode Num: 733 Episode T: 1000 Reward: 2582.039
Total T: 734000 Episode Num: 734 Episode T: 1000 Reward: 2694.993
Total T: 735000 Episode Num: 735 Episode T: 1000 Reward: 2644.870
---------------------------------------
Evaluation over 10 episodes: 2565.263
---------------------------------------
Total T: 736000 Episode Num: 736 Episode T: 1000 Reward: 2620.183
Total T: 737000 Episode Num: 737 Episode T: 1000 Reward: 2622.425
Total T: 738000 Episode Num: 738 Episode T: 1000 Reward: 2576.473
Total T: 739000 Episode Num: 739 Episode T: 1000 Reward: 2666.961
Total T: 740000 Episode Num: 740 Episode T: 1000 Reward: 2511.524
---------------------------------------
Evaluation over 10 episodes: 2528.049
---------------------------------------
Total T: 741000 Episode Num: 741 Episode T: 1000 Reward: 2455.195
Total T: 742000 Episode Num: 742 Episode T: 1000 Reward: 2602.147
Total T: 743000 Episode Num: 743 Episode T: 1000 Reward: 2558.829
Total T: 744000 Episode Num: 744 Episode T: 1000 Reward: 2579.842
Total T: 745000 Episode Num: 745 Episode T: 1000 Reward: 2512.096
---------------------------------------
Evaluation over 10 episodes: 2524.905
---------------------------------------
Total T: 746000 Episode Num: 746 Episode T: 1000 Reward: 2366.285
Total T: 747000 Episode Num: 747 Episode T: 1000 Reward: 2460.304
Total T: 748000 Episode Num: 748 Episode T: 1000 Reward: 2512.978
Total T: 749000 Episode Num: 749 Episode T: 1000 Reward: 2565.055
Total T: 750000 Episode Num: 750 Episode T: 1000 Reward: 2519.831
---------------------------------------
Evaluation over 10 episodes: 2536.324
---------------------------------------
Total T: 751000 Episode Num: 751 Episode T: 1000 Reward: 2636.311
Total T: 752000 Episode Num: 752 Episode T: 1000 Reward: 2636.502
Total T: 753000 Episode Num: 753 Episode T: 1000 Reward: 2571.027
Total T: 754000 Episode Num: 754 Episode T: 1000 Reward: 2690.675
Total T: 755000 Episode Num: 755 Episode T: 1000 Reward: 2789.428
---------------------------------------
Evaluation over 10 episodes: 2407.022
---------------------------------------
Total T: 756000 Episode Num: 756 Episode T: 1000 Reward: 2524.395
Total T: 757000 Episode Num: 757 Episode T: 1000 Reward: 2525.063
Total T: 758000 Episode Num: 758 Episode T: 1000 Reward: 2508.722
Total T: 759000 Episode Num: 759 Episode T: 1000 Reward: 2472.349
Total T: 760000 Episode Num: 760 Episode T: 1000 Reward: 2544.471
---------------------------------------
Evaluation over 10 episodes: 2164.230
---------------------------------------
Total T: 761000 Episode Num: 761 Episode T: 1000 Reward: 2564.642
Total T: 762000 Episode Num: 762 Episode T: 1000 Reward: 2463.735
Total T: 763000 Episode Num: 763 Episode T: 1000 Reward: 2521.819
Total T: 764000 Episode Num: 764 Episode T: 1000 Reward: 2534.838
Total T: 765000 Episode Num: 765 Episode T: 1000 Reward: 2577.181
---------------------------------------
Evaluation over 10 episodes: 2566.552
---------------------------------------
Total T: 766000 Episode Num: 766 Episode T: 1000 Reward: 2588.852
Total T: 767000 Episode Num: 767 Episode T: 1000 Reward: 2543.854
Total T: 768000 Episode Num: 768 Episode T: 1000 Reward: 2586.048
Total T: 769000 Episode Num: 769 Episode T: 1000 Reward: 2538.681
Total T: 770000 Episode Num: 770 Episode T: 1000 Reward: 2587.050
---------------------------------------
Evaluation over 10 episodes: 2599.540
---------------------------------------
Total T: 771000 Episode Num: 771 Episode T: 1000 Reward: 2390.614
Total T: 772000 Episode Num: 772 Episode T: 1000 Reward: 2513.178
Total T: 773000 Episode Num: 773 Episode T: 1000 Reward: 2456.338
Total T: 774000 Episode Num: 774 Episode T: 1000 Reward: 2532.336
Total T: 775000 Episode Num: 775 Episode T: 1000 Reward: 2571.292
---------------------------------------
Evaluation over 10 episodes: 2539.679
---------------------------------------
Total T: 776000 Episode Num: 776 Episode T: 1000 Reward: 2582.436
Total T: 777000 Episode Num: 777 Episode T: 1000 Reward: 2487.671
Total T: 778000 Episode Num: 778 Episode T: 1000 Reward: 2556.600
Total T: 779000 Episode Num: 779 Episode T: 1000 Reward: 2527.795
Total T: 780000 Episode Num: 780 Episode T: 1000 Reward: 2553.950
---------------------------------------
Evaluation over 10 episodes: 2392.525
---------------------------------------
Total T: 781000 Episode Num: 781 Episode T: 1000 Reward: 2604.417
Total T: 782000 Episode Num: 782 Episode T: 1000 Reward: 2396.543
Total T: 783000 Episode Num: 783 Episode T: 1000 Reward: 2503.964
Total T: 784000 Episode Num: 784 Episode T: 1000 Reward: 2556.306
Total T: 785000 Episode Num: 785 Episode T: 1000 Reward: 2523.451
---------------------------------------
Evaluation over 10 episodes: 2468.367
---------------------------------------
Total T: 786000 Episode Num: 786 Episode T: 1000 Reward: 2533.501
Total T: 787000 Episode Num: 787 Episode T: 1000 Reward: 2632.901
Total T: 788000 Episode Num: 788 Episode T: 1000 Reward: 2521.660
Total T: 789000 Episode Num: 789 Episode T: 1000 Reward: 2616.543
Total T: 790000 Episode Num: 790 Episode T: 1000 Reward: 2476.132
---------------------------------------
Evaluation over 10 episodes: 2447.647
---------------------------------------
Total T: 791000 Episode Num: 791 Episode T: 1000 Reward: 2540.168
Total T: 792000 Episode Num: 792 Episode T: 1000 Reward: 2437.773
Total T: 793000 Episode Num: 793 Episode T: 1000 Reward: 2508.522
Total T: 794000 Episode Num: 794 Episode T: 1000 Reward: 2425.508
Total T: 795000 Episode Num: 795 Episode T: 1000 Reward: 2502.248
---------------------------------------
Evaluation over 10 episodes: 2480.207
---------------------------------------
Total T: 796000 Episode Num: 796 Episode T: 1000 Reward: 2421.070
Total T: 797000 Episode Num: 797 Episode T: 1000 Reward: 2443.504
Total T: 798000 Episode Num: 798 Episode T: 1000 Reward: 2519.230
Total T: 799000 Episode Num: 799 Episode T: 1000 Reward: 2552.100
Total T: 800000 Episode Num: 800 Episode T: 1000 Reward: 2529.314
---------------------------------------
Evaluation over 10 episodes: 2622.058
---------------------------------------
Total T: 801000 Episode Num: 801 Episode T: 1000 Reward: 2516.863
Total T: 802000 Episode Num: 802 Episode T: 1000 Reward: 2588.048
Total T: 803000 Episode Num: 803 Episode T: 1000 Reward: 2663.508
Total T: 804000 Episode Num: 804 Episode T: 1000 Reward: 2722.386
Total T: 805000 Episode Num: 805 Episode T: 1000 Reward: 2493.238
---------------------------------------
Evaluation over 10 episodes: 2519.760
---------------------------------------
Total T: 806000 Episode Num: 806 Episode T: 1000 Reward: 2607.251
Total T: 807000 Episode Num: 807 Episode T: 1000 Reward: 2564.734
Total T: 808000 Episode Num: 808 Episode T: 1000 Reward: 2476.936
Total T: 809000 Episode Num: 809 Episode T: 1000 Reward: 2510.196
Total T: 810000 Episode Num: 810 Episode T: 1000 Reward: 2627.607
---------------------------------------
Evaluation over 10 episodes: 2510.453
---------------------------------------
Total T: 811000 Episode Num: 811 Episode T: 1000 Reward: 2405.560
Total T: 812000 Episode Num: 812 Episode T: 1000 Reward: 2657.386
Total T: 813000 Episode Num: 813 Episode T: 1000 Reward: 2531.889
Total T: 814000 Episode Num: 814 Episode T: 1000 Reward: 2540.756
Total T: 815000 Episode Num: 815 Episode T: 1000 Reward: 179.137
---------------------------------------
Evaluation over 10 episodes: 2500.073
---------------------------------------
Total T: 816000 Episode Num: 816 Episode T: 1000 Reward: 2296.047
Total T: 817000 Episode Num: 817 Episode T: 1000 Reward: 2408.404
Total T: 818000 Episode Num: 818 Episode T: 1000 Reward: 2485.838
Total T: 819000 Episode Num: 819 Episode T: 1000 Reward: 2587.463
Total T: 820000 Episode Num: 820 Episode T: 1000 Reward: 2440.417
---------------------------------------
Evaluation over 10 episodes: 2496.565
---------------------------------------
Total T: 821000 Episode Num: 821 Episode T: 1000 Reward: 2535.290
Total T: 822000 Episode Num: 822 Episode T: 1000 Reward: 2408.842
Total T: 823000 Episode Num: 823 Episode T: 1000 Reward: 1634.034
Total T: 824000 Episode Num: 824 Episode T: 1000 Reward: 2558.005
Total T: 825000 Episode Num: 825 Episode T: 1000 Reward: 2508.807
---------------------------------------
Evaluation over 10 episodes: 2495.042
---------------------------------------
Total T: 826000 Episode Num: 826 Episode T: 1000 Reward: 2463.532
Total T: 827000 Episode Num: 827 Episode T: 1000 Reward: 2485.633
Total T: 828000 Episode Num: 828 Episode T: 1000 Reward: 2463.497
Total T: 829000 Episode Num: 829 Episode T: 1000 Reward: 2409.548
Total T: 830000 Episode Num: 830 Episode T: 1000 Reward: 2395.909
---------------------------------------
Evaluation over 10 episodes: 2522.820
---------------------------------------
Total T: 831000 Episode Num: 831 Episode T: 1000 Reward: 2655.602
Total T: 832000 Episode Num: 832 Episode T: 1000 Reward: 2565.434
Total T: 833000 Episode Num: 833 Episode T: 1000 Reward: 2602.589
Total T: 834000 Episode Num: 834 Episode T: 1000 Reward: 2523.474
Total T: 835000 Episode Num: 835 Episode T: 1000 Reward: 2456.253
---------------------------------------
Evaluation over 10 episodes: 2460.612
---------------------------------------
Total T: 836000 Episode Num: 836 Episode T: 1000 Reward: 2524.088
Total T: 837000 Episode Num: 837 Episode T: 1000 Reward: 2310.673
Total T: 838000 Episode Num: 838 Episode T: 1000 Reward: 2525.565
Total T: 839000 Episode Num: 839 Episode T: 1000 Reward: 2441.106
Total T: 840000 Episode Num: 840 Episode T: 1000 Reward: 2427.970
---------------------------------------
Evaluation over 10 episodes: 2427.752
---------------------------------------
Total T: 841000 Episode Num: 841 Episode T: 1000 Reward: 2439.928
Total T: 842000 Episode Num: 842 Episode T: 1000 Reward: 2441.954
Total T: 843000 Episode Num: 843 Episode T: 1000 Reward: 2446.321
Total T: 844000 Episode Num: 844 Episode T: 1000 Reward: 2540.431
Total T: 845000 Episode Num: 845 Episode T: 1000 Reward: 2542.228
---------------------------------------
Evaluation over 10 episodes: 2337.867
---------------------------------------
Total T: 846000 Episode Num: 846 Episode T: 1000 Reward: 2480.876
Total T: 847000 Episode Num: 847 Episode T: 1000 Reward: 2507.854
Total T: 848000 Episode Num: 848 Episode T: 1000 Reward: 2563.974
Total T: 849000 Episode Num: 849 Episode T: 1000 Reward: 2471.399
Total T: 850000 Episode Num: 850 Episode T: 1000 Reward: 2576.560
---------------------------------------
Evaluation over 10 episodes: 2483.510
---------------------------------------
Total T: 851000 Episode Num: 851 Episode T: 1000 Reward: 2474.244
Total T: 852000 Episode Num: 852 Episode T: 1000 Reward: 2636.008
Total T: 853000 Episode Num: 853 Episode T: 1000 Reward: 2383.576
Total T: 854000 Episode Num: 854 Episode T: 1000 Reward: 2450.661
Total T: 855000 Episode Num: 855 Episode T: 1000 Reward: 2505.139
---------------------------------------
Evaluation over 10 episodes: 2345.332
---------------------------------------
Total T: 856000 Episode Num: 856 Episode T: 1000 Reward: 2490.242
Total T: 857000 Episode Num: 857 Episode T: 1000 Reward: 2476.743
Total T: 858000 Episode Num: 858 Episode T: 1000 Reward: 2536.132
Total T: 859000 Episode Num: 859 Episode T: 1000 Reward: 2333.843
Total T: 860000 Episode Num: 860 Episode T: 1000 Reward: 2428.053
---------------------------------------
Evaluation over 10 episodes: 2453.921
---------------------------------------
Total T: 861000 Episode Num: 861 Episode T: 1000 Reward: 2407.747
Total T: 862000 Episode Num: 862 Episode T: 1000 Reward: 2507.904
Total T: 863000 Episode Num: 863 Episode T: 1000 Reward: 2230.476
Total T: 864000 Episode Num: 864 Episode T: 1000 Reward: 2463.103
Total T: 865000 Episode Num: 865 Episode T: 1000 Reward: 2498.974
---------------------------------------
Evaluation over 10 episodes: 2491.556
---------------------------------------
Total T: 866000 Episode Num: 866 Episode T: 1000 Reward: 2577.658
Total T: 867000 Episode Num: 867 Episode T: 1000 Reward: 2447.147
Total T: 868000 Episode Num: 868 Episode T: 1000 Reward: 2453.979
Total T: 869000 Episode Num: 869 Episode T: 1000 Reward: 2475.532
Total T: 870000 Episode Num: 870 Episode T: 1000 Reward: 2252.859
---------------------------------------
Evaluation over 10 episodes: 2238.209
---------------------------------------
Total T: 871000 Episode Num: 871 Episode T: 1000 Reward: 2430.932
Total T: 872000 Episode Num: 872 Episode T: 1000 Reward: 2356.037
Total T: 873000 Episode Num: 873 Episode T: 1000 Reward: 2425.996
Total T: 874000 Episode Num: 874 Episode T: 1000 Reward: 2494.975
Total T: 875000 Episode Num: 875 Episode T: 1000 Reward: 2526.364
---------------------------------------
Evaluation over 10 episodes: 2488.978
---------------------------------------
Total T: 876000 Episode Num: 876 Episode T: 1000 Reward: 2514.780
Total T: 877000 Episode Num: 877 Episode T: 1000 Reward: 2441.295
Total T: 878000 Episode Num: 878 Episode T: 1000 Reward: 2355.320
Total T: 879000 Episode Num: 879 Episode T: 1000 Reward: 2456.063
Total T: 880000 Episode Num: 880 Episode T: 1000 Reward: 2414.242
---------------------------------------
Evaluation over 10 episodes: 2486.115
---------------------------------------
Total T: 881000 Episode Num: 881 Episode T: 1000 Reward: 2379.803
Total T: 882000 Episode Num: 882 Episode T: 1000 Reward: 2419.927
Total T: 883000 Episode Num: 883 Episode T: 1000 Reward: 2489.022
Total T: 884000 Episode Num: 884 Episode T: 1000 Reward: 2457.919
Total T: 885000 Episode Num: 885 Episode T: 1000 Reward: 2356.853
---------------------------------------
Evaluation over 10 episodes: 2305.062
---------------------------------------
Total T: 886000 Episode Num: 886 Episode T: 1000 Reward: 2386.562
Total T: 887000 Episode Num: 887 Episode T: 1000 Reward: 2674.935
Total T: 888000 Episode Num: 888 Episode T: 1000 Reward: 2484.756
Total T: 889000 Episode Num: 889 Episode T: 1000 Reward: 2479.231
Total T: 890000 Episode Num: 890 Episode T: 1000 Reward: 2460.849
---------------------------------------
Evaluation over 10 episodes: 2021.283
---------------------------------------
Total T: 891000 Episode Num: 891 Episode T: 1000 Reward: 2210.184
Total T: 892000 Episode Num: 892 Episode T: 1000 Reward: 2557.145
Total T: 893000 Episode Num: 893 Episode T: 1000 Reward: 2625.644
Total T: 894000 Episode Num: 894 Episode T: 1000 Reward: 2373.682
Total T: 895000 Episode Num: 895 Episode T: 1000 Reward: 2529.939
---------------------------------------
Evaluation over 10 episodes: 2215.500
---------------------------------------
Total T: 896000 Episode Num: 896 Episode T: 1000 Reward: 2476.559
Total T: 897000 Episode Num: 897 Episode T: 1000 Reward: 2636.196
Total T: 898000 Episode Num: 898 Episode T: 1000 Reward: 2535.248
Total T: 899000 Episode Num: 899 Episode T: 1000 Reward: 2399.310
Total T: 900000 Episode Num: 900 Episode T: 1000 Reward: 2380.913
---------------------------------------
Evaluation over 10 episodes: 2458.511
---------------------------------------
Total T: 901000 Episode Num: 901 Episode T: 1000 Reward: 826.926
Total T: 902000 Episode Num: 902 Episode T: 1000 Reward: 2533.138
Total T: 903000 Episode Num: 903 Episode T: 1000 Reward: 2541.681
Total T: 904000 Episode Num: 904 Episode T: 1000 Reward: 1713.292
Total T: 905000 Episode Num: 905 Episode T: 1000 Reward: 2580.352
---------------------------------------
Evaluation over 10 episodes: 2510.545
---------------------------------------
Total T: 906000 Episode Num: 906 Episode T: 1000 Reward: 2454.352
Total T: 907000 Episode Num: 907 Episode T: 1000 Reward: 2523.767
Total T: 908000 Episode Num: 908 Episode T: 1000 Reward: 2467.221
Total T: 909000 Episode Num: 909 Episode T: 1000 Reward: 884.904
Total T: 910000 Episode Num: 910 Episode T: 1000 Reward: 2669.417
---------------------------------------
Evaluation over 10 episodes: 2478.144
---------------------------------------
Total T: 911000 Episode Num: 911 Episode T: 1000 Reward: 2489.786
Total T: 912000 Episode Num: 912 Episode T: 1000 Reward: 2433.312
Total T: 913000 Episode Num: 913 Episode T: 1000 Reward: 2488.095
Total T: 914000 Episode Num: 914 Episode T: 1000 Reward: 2487.839
Total T: 915000 Episode Num: 915 Episode T: 1000 Reward: 2575.343
---------------------------------------
Evaluation over 10 episodes: 2434.594
---------------------------------------
Total T: 916000 Episode Num: 916 Episode T: 1000 Reward: 2556.961
Total T: 917000 Episode Num: 917 Episode T: 1000 Reward: 2517.056
Total T: 918000 Episode Num: 918 Episode T: 1000 Reward: 2660.085
Total T: 919000 Episode Num: 919 Episode T: 1000 Reward: 2428.702
Total T: 920000 Episode Num: 920 Episode T: 1000 Reward: 2432.186
---------------------------------------
Evaluation over 10 episodes: 2527.433
---------------------------------------
Total T: 921000 Episode Num: 921 Episode T: 1000 Reward: 2501.040
Total T: 922000 Episode Num: 922 Episode T: 1000 Reward: 2408.172
Total T: 923000 Episode Num: 923 Episode T: 1000 Reward: 2403.326
Total T: 924000 Episode Num: 924 Episode T: 1000 Reward: 2464.101
Total T: 925000 Episode Num: 925 Episode T: 1000 Reward: 2450.062
---------------------------------------
Evaluation over 10 episodes: 2567.897
---------------------------------------
Total T: 926000 Episode Num: 926 Episode T: 1000 Reward: 2654.859
Total T: 927000 Episode Num: 927 Episode T: 1000 Reward: 2573.534
Total T: 928000 Episode Num: 928 Episode T: 1000 Reward: 2499.893
Total T: 929000 Episode Num: 929 Episode T: 1000 Reward: 2493.832
Total T: 930000 Episode Num: 930 Episode T: 1000 Reward: 2669.936
---------------------------------------
Evaluation over 10 episodes: 2449.272
---------------------------------------
Total T: 931000 Episode Num: 931 Episode T: 1000 Reward: 2564.495
Total T: 932000 Episode Num: 932 Episode T: 1000 Reward: 2676.912
Total T: 933000 Episode Num: 933 Episode T: 1000 Reward: 2654.815
Total T: 934000 Episode Num: 934 Episode T: 1000 Reward: 2595.585
Total T: 935000 Episode Num: 935 Episode T: 1000 Reward: 2648.088
---------------------------------------
Evaluation over 10 episodes: 2580.857
---------------------------------------
Total T: 936000 Episode Num: 936 Episode T: 1000 Reward: 2568.545
Total T: 937000 Episode Num: 937 Episode T: 1000 Reward: 2592.301
Total T: 938000 Episode Num: 938 Episode T: 1000 Reward: 2568.596
Total T: 939000 Episode Num: 939 Episode T: 1000 Reward: 2471.503
Total T: 940000 Episode Num: 940 Episode T: 1000 Reward: 2627.113
---------------------------------------
Evaluation over 10 episodes: 2387.864
---------------------------------------
Total T: 941000 Episode Num: 941 Episode T: 1000 Reward: 2703.614
Total T: 942000 Episode Num: 942 Episode T: 1000 Reward: 2604.800
Total T: 943000 Episode Num: 943 Episode T: 1000 Reward: 2528.151
Total T: 944000 Episode Num: 944 Episode T: 1000 Reward: 2807.645
Total T: 945000 Episode Num: 945 Episode T: 1000 Reward: 2583.081
---------------------------------------
Evaluation over 10 episodes: 2557.865
---------------------------------------
Total T: 946000 Episode Num: 946 Episode T: 1000 Reward: 2571.852
Total T: 947000 Episode Num: 947 Episode T: 1000 Reward: 2349.949
Total T: 948000 Episode Num: 948 Episode T: 1000 Reward: 2523.048
Total T: 949000 Episode Num: 949 Episode T: 1000 Reward: 2504.536
Total T: 950000 Episode Num: 950 Episode T: 1000 Reward: 2610.832
---------------------------------------
Evaluation over 10 episodes: 2610.747
---------------------------------------
Total T: 951000 Episode Num: 951 Episode T: 1000 Reward: 2725.339
Total T: 952000 Episode Num: 952 Episode T: 1000 Reward: 2667.090
Total T: 953000 Episode Num: 953 Episode T: 1000 Reward: 2797.594
Total T: 954000 Episode Num: 954 Episode T: 1000 Reward: 2716.537
Total T: 955000 Episode Num: 955 Episode T: 1000 Reward: 2664.022
---------------------------------------
Evaluation over 10 episodes: 2545.813
---------------------------------------
Total T: 956000 Episode Num: 956 Episode T: 1000 Reward: 2547.388
Total T: 957000 Episode Num: 957 Episode T: 1000 Reward: 2537.020
Total T: 958000 Episode Num: 958 Episode T: 1000 Reward: 2702.171
Total T: 959000 Episode Num: 959 Episode T: 1000 Reward: 2517.237
Total T: 960000 Episode Num: 960 Episode T: 1000 Reward: 2543.494
---------------------------------------
Evaluation over 10 episodes: 2624.160
---------------------------------------
Total T: 961000 Episode Num: 961 Episode T: 1000 Reward: 2625.740
Total T: 962000 Episode Num: 962 Episode T: 1000 Reward: 2669.069
Total T: 963000 Episode Num: 963 Episode T: 1000 Reward: 2643.788
Total T: 964000 Episode Num: 964 Episode T: 1000 Reward: 2680.788
Total T: 965000 Episode Num: 965 Episode T: 1000 Reward: 2646.206
---------------------------------------
Evaluation over 10 episodes: 2628.687
---------------------------------------
Total T: 966000 Episode Num: 966 Episode T: 1000 Reward: 2717.885
Total T: 967000 Episode Num: 967 Episode T: 1000 Reward: 2627.789
Total T: 968000 Episode Num: 968 Episode T: 1000 Reward: 2601.257
Total T: 969000 Episode Num: 969 Episode T: 1000 Reward: 2796.556
Total T: 970000 Episode Num: 970 Episode T: 1000 Reward: 2596.977
---------------------------------------
Evaluation over 10 episodes: 2711.206
---------------------------------------
Total T: 971000 Episode Num: 971 Episode T: 1000 Reward: 2423.792
Total T: 972000 Episode Num: 972 Episode T: 1000 Reward: 2545.863
Total T: 973000 Episode Num: 973 Episode T: 1000 Reward: 2758.908
Total T: 974000 Episode Num: 974 Episode T: 1000 Reward: 2563.073
Total T: 975000 Episode Num: 975 Episode T: 1000 Reward: 2724.531
---------------------------------------
Evaluation over 10 episodes: 2706.685
---------------------------------------
Total T: 976000 Episode Num: 976 Episode T: 1000 Reward: 2545.209
Total T: 977000 Episode Num: 977 Episode T: 1000 Reward: 2723.835
Total T: 978000 Episode Num: 978 Episode T: 1000 Reward: 2856.706
Total T: 979000 Episode Num: 979 Episode T: 1000 Reward: 2701.560
Total T: 980000 Episode Num: 980 Episode T: 1000 Reward: 2667.921
---------------------------------------
Evaluation over 10 episodes: 2388.070
---------------------------------------
Total T: 981000 Episode Num: 981 Episode T: 1000 Reward: 2738.968
Total T: 982000 Episode Num: 982 Episode T: 1000 Reward: 2711.501
Total T: 983000 Episode Num: 983 Episode T: 1000 Reward: 2679.544
Total T: 984000 Episode Num: 984 Episode T: 1000 Reward: 2894.300
Total T: 985000 Episode Num: 985 Episode T: 1000 Reward: 2780.424
---------------------------------------
Evaluation over 10 episodes: 2726.245
---------------------------------------
Total T: 986000 Episode Num: 986 Episode T: 1000 Reward: 2612.299
Total T: 987000 Episode Num: 987 Episode T: 1000 Reward: 2694.939
Total T: 988000 Episode Num: 988 Episode T: 1000 Reward: 2712.833
Total T: 989000 Episode Num: 989 Episode T: 1000 Reward: 2771.172
Total T: 990000 Episode Num: 990 Episode T: 1000 Reward: 2818.296
---------------------------------------
Evaluation over 10 episodes: 2685.800
---------------------------------------
Total T: 991000 Episode Num: 991 Episode T: 1000 Reward: 2777.679
Total T: 992000 Episode Num: 992 Episode T: 1000 Reward: 2692.736
Total T: 993000 Episode Num: 993 Episode T: 1000 Reward: 2877.472
Total T: 994000 Episode Num: 994 Episode T: 1000 Reward: 2722.127
Total T: 995000 Episode Num: 995 Episode T: 1000 Reward: 2731.506
---------------------------------------
Evaluation over 10 episodes: 2753.565
---------------------------------------
Total T: 996000 Episode Num: 996 Episode T: 1000 Reward: 2704.289
Total T: 997000 Episode Num: 997 Episode T: 1000 Reward: 2843.049
Total T: 998000 Episode Num: 998 Episode T: 1000 Reward: 2798.684
Total T: 999000 Episode Num: 999 Episode T: 1000 Reward: 2784.001
Total T: 1000000 Episode Num: 1000 Episode T: 1000 Reward: 2667.080
---------------------------------------
Evaluation over 10 episodes: 2588.261
---------------------------------------
