---------------------------------------
Policy: TD3, Env: HalfCheetah-v2, Seed: 0
---------------------------------------
---------------------------------------
Evaluation over 10 episodes: -99.798
---------------------------------------
Total T: 1000 Episode Num: 1 Episode T: 1000 Reward: -254.028
Total T: 2000 Episode Num: 2 Episode T: 1000 Reward: -139.190
Total T: 3000 Episode Num: 3 Episode T: 1000 Reward: -280.453
Total T: 4000 Episode Num: 4 Episode T: 1000 Reward: -255.384
Total T: 5000 Episode Num: 5 Episode T: 1000 Reward: -213.988
---------------------------------------
Evaluation over 10 episodes: -99.644
---------------------------------------
Total T: 6000 Episode Num: 6 Episode T: 1000 Reward: -301.802
Total T: 7000 Episode Num: 7 Episode T: 1000 Reward: -284.923
Total T: 8000 Episode Num: 8 Episode T: 1000 Reward: -224.417
Total T: 9000 Episode Num: 9 Episode T: 1000 Reward: -198.108
Total T: 10000 Episode Num: 10 Episode T: 1000 Reward: -282.593
---------------------------------------
Evaluation over 10 episodes: -96.650
---------------------------------------
Total T: 11000 Episode Num: 11 Episode T: 1000 Reward: -156.038
Total T: 12000 Episode Num: 12 Episode T: 1000 Reward: -360.446
Total T: 13000 Episode Num: 13 Episode T: 1000 Reward: -233.337
Total T: 14000 Episode Num: 14 Episode T: 1000 Reward: -156.954
Total T: 15000 Episode Num: 15 Episode T: 1000 Reward: -272.187
---------------------------------------
Evaluation over 10 episodes: -93.468
---------------------------------------
Total T: 16000 Episode Num: 16 Episode T: 1000 Reward: -342.466
Total T: 17000 Episode Num: 17 Episode T: 1000 Reward: -360.432
Total T: 18000 Episode Num: 18 Episode T: 1000 Reward: -202.896
Total T: 19000 Episode Num: 19 Episode T: 1000 Reward: -238.455
Total T: 20000 Episode Num: 20 Episode T: 1000 Reward: -261.536
---------------------------------------
Evaluation over 10 episodes: -106.552
---------------------------------------
Total T: 21000 Episode Num: 21 Episode T: 1000 Reward: -228.318
Total T: 22000 Episode Num: 22 Episode T: 1000 Reward: -301.154
Total T: 23000 Episode Num: 23 Episode T: 1000 Reward: -237.713
Total T: 24000 Episode Num: 24 Episode T: 1000 Reward: -172.593
Total T: 25000 Episode Num: 25 Episode T: 1000 Reward: -266.408
---------------------------------------
Evaluation over 10 episodes: -105.127
---------------------------------------
Total T: 26000 Episode Num: 26 Episode T: 1000 Reward: -481.547
Total T: 27000 Episode Num: 27 Episode T: 1000 Reward: -458.441
Total T: 28000 Episode Num: 28 Episode T: 1000 Reward: -385.254
Total T: 29000 Episode Num: 29 Episode T: 1000 Reward: -387.044
Total T: 30000 Episode Num: 30 Episode T: 1000 Reward: -569.767
---------------------------------------
Evaluation over 10 episodes: -492.893
---------------------------------------
Total T: 31000 Episode Num: 31 Episode T: 1000 Reward: -368.348
Total T: 32000 Episode Num: 32 Episode T: 1000 Reward: -428.002
Total T: 33000 Episode Num: 33 Episode T: 1000 Reward: -372.382
Total T: 34000 Episode Num: 34 Episode T: 1000 Reward: -314.000
Total T: 35000 Episode Num: 35 Episode T: 1000 Reward: -396.831
---------------------------------------
Evaluation over 10 episodes: -532.771
---------------------------------------
Total T: 36000 Episode Num: 36 Episode T: 1000 Reward: -305.733
Total T: 37000 Episode Num: 37 Episode T: 1000 Reward: 7.141
Total T: 38000 Episode Num: 38 Episode T: 1000 Reward: 311.163
Total T: 39000 Episode Num: 39 Episode T: 1000 Reward: 924.326
Total T: 40000 Episode Num: 40 Episode T: 1000 Reward: 1036.244
---------------------------------------
Evaluation over 10 episodes: 909.740
---------------------------------------
Total T: 41000 Episode Num: 41 Episode T: 1000 Reward: 740.261
Total T: 42000 Episode Num: 42 Episode T: 1000 Reward: 123.177
Total T: 43000 Episode Num: 43 Episode T: 1000 Reward: 1256.636
Total T: 44000 Episode Num: 44 Episode T: 1000 Reward: 1503.543
Total T: 45000 Episode Num: 45 Episode T: 1000 Reward: 1952.960
---------------------------------------
Evaluation over 10 episodes: 1549.456
---------------------------------------
Total T: 46000 Episode Num: 46 Episode T: 1000 Reward: 1926.544
Total T: 47000 Episode Num: 47 Episode T: 1000 Reward: 99.049
Total T: 48000 Episode Num: 48 Episode T: 1000 Reward: 555.624
Total T: 49000 Episode Num: 49 Episode T: 1000 Reward: 1899.670
Total T: 50000 Episode Num: 50 Episode T: 1000 Reward: -370.203
---------------------------------------
Evaluation over 10 episodes: 841.651
---------------------------------------
Total T: 51000 Episode Num: 51 Episode T: 1000 Reward: 90.559
Total T: 52000 Episode Num: 52 Episode T: 1000 Reward: 1174.097
Total T: 53000 Episode Num: 53 Episode T: 1000 Reward: 2136.105
Total T: 54000 Episode Num: 54 Episode T: 1000 Reward: 1839.969
Total T: 55000 Episode Num: 55 Episode T: 1000 Reward: 2397.855
---------------------------------------
Evaluation over 10 episodes: 1578.108
---------------------------------------
Total T: 56000 Episode Num: 56 Episode T: 1000 Reward: 2373.472
Total T: 57000 Episode Num: 57 Episode T: 1000 Reward: 2354.487
Total T: 58000 Episode Num: 58 Episode T: 1000 Reward: 2403.256
Total T: 59000 Episode Num: 59 Episode T: 1000 Reward: 1233.681
Total T: 60000 Episode Num: 60 Episode T: 1000 Reward: 2528.723
---------------------------------------
Evaluation over 10 episodes: 2550.248
---------------------------------------
Total T: 61000 Episode Num: 61 Episode T: 1000 Reward: 2640.302
Total T: 62000 Episode Num: 62 Episode T: 1000 Reward: 2649.140
Total T: 63000 Episode Num: 63 Episode T: 1000 Reward: 2766.391
Total T: 64000 Episode Num: 64 Episode T: 1000 Reward: 2613.141
Total T: 65000 Episode Num: 65 Episode T: 1000 Reward: 2823.358
---------------------------------------
Evaluation over 10 episodes: 2566.132
---------------------------------------
Total T: 66000 Episode Num: 66 Episode T: 1000 Reward: 3203.438
Total T: 67000 Episode Num: 67 Episode T: 1000 Reward: 2643.058
Total T: 68000 Episode Num: 68 Episode T: 1000 Reward: 2631.466
Total T: 69000 Episode Num: 69 Episode T: 1000 Reward: 3107.117
Total T: 70000 Episode Num: 70 Episode T: 1000 Reward: 3344.128
---------------------------------------
Evaluation over 10 episodes: 2913.081
---------------------------------------
Total T: 71000 Episode Num: 71 Episode T: 1000 Reward: 1467.546
Total T: 72000 Episode Num: 72 Episode T: 1000 Reward: 3385.626
Total T: 73000 Episode Num: 73 Episode T: 1000 Reward: 3215.605
Total T: 74000 Episode Num: 74 Episode T: 1000 Reward: 3393.938
Total T: 75000 Episode Num: 75 Episode T: 1000 Reward: 3553.499
---------------------------------------
Evaluation over 10 episodes: 2685.714
---------------------------------------
Total T: 76000 Episode Num: 76 Episode T: 1000 Reward: 635.481
Total T: 77000 Episode Num: 77 Episode T: 1000 Reward: 3496.298
Total T: 78000 Episode Num: 78 Episode T: 1000 Reward: 1860.387
Total T: 79000 Episode Num: 79 Episode T: 1000 Reward: 3628.198
Total T: 80000 Episode Num: 80 Episode T: 1000 Reward: 3417.491
---------------------------------------
Evaluation over 10 episodes: 3238.979
---------------------------------------
Total T: 81000 Episode Num: 81 Episode T: 1000 Reward: 3587.415
Total T: 82000 Episode Num: 82 Episode T: 1000 Reward: 3502.139
Total T: 83000 Episode Num: 83 Episode T: 1000 Reward: 3441.307
Total T: 84000 Episode Num: 84 Episode T: 1000 Reward: 3433.382
Total T: 85000 Episode Num: 85 Episode T: 1000 Reward: 3652.972
---------------------------------------
Evaluation over 10 episodes: 3790.719
---------------------------------------
Total T: 86000 Episode Num: 86 Episode T: 1000 Reward: 3909.081
Total T: 87000 Episode Num: 87 Episode T: 1000 Reward: 3769.826
Total T: 88000 Episode Num: 88 Episode T: 1000 Reward: 3771.351
Total T: 89000 Episode Num: 89 Episode T: 1000 Reward: 3817.117
Total T: 90000 Episode Num: 90 Episode T: 1000 Reward: 3985.624
---------------------------------------
Evaluation over 10 episodes: 3792.653
---------------------------------------
Total T: 91000 Episode Num: 91 Episode T: 1000 Reward: 3799.731
Total T: 92000 Episode Num: 92 Episode T: 1000 Reward: 3867.209
Total T: 93000 Episode Num: 93 Episode T: 1000 Reward: 3827.005
Total T: 94000 Episode Num: 94 Episode T: 1000 Reward: 3815.880
Total T: 95000 Episode Num: 95 Episode T: 1000 Reward: 4060.917
---------------------------------------
Evaluation over 10 episodes: 2968.571
---------------------------------------
Total T: 96000 Episode Num: 96 Episode T: 1000 Reward: 3418.669
Total T: 97000 Episode Num: 97 Episode T: 1000 Reward: 3850.667
Total T: 98000 Episode Num: 98 Episode T: 1000 Reward: 4199.921
Total T: 99000 Episode Num: 99 Episode T: 1000 Reward: 3853.924
Total T: 100000 Episode Num: 100 Episode T: 1000 Reward: 4046.710
---------------------------------------
Evaluation over 10 episodes: 4122.981
---------------------------------------
Total T: 101000 Episode Num: 101 Episode T: 1000 Reward: 4198.212
Total T: 102000 Episode Num: 102 Episode T: 1000 Reward: 3973.724
Total T: 103000 Episode Num: 103 Episode T: 1000 Reward: 4230.573
Total T: 104000 Episode Num: 104 Episode T: 1000 Reward: 3835.156
Total T: 105000 Episode Num: 105 Episode T: 1000 Reward: 4185.775
---------------------------------------
Evaluation over 10 episodes: 3850.513
---------------------------------------
Total T: 106000 Episode Num: 106 Episode T: 1000 Reward: 3983.423
Total T: 107000 Episode Num: 107 Episode T: 1000 Reward: 4348.278
Total T: 108000 Episode Num: 108 Episode T: 1000 Reward: 4146.126
Total T: 109000 Episode Num: 109 Episode T: 1000 Reward: 3901.011
Total T: 110000 Episode Num: 110 Episode T: 1000 Reward: 4096.867
---------------------------------------
Evaluation over 10 episodes: 4533.554
---------------------------------------
Total T: 111000 Episode Num: 111 Episode T: 1000 Reward: 4179.239
Total T: 112000 Episode Num: 112 Episode T: 1000 Reward: 4581.178
Total T: 113000 Episode Num: 113 Episode T: 1000 Reward: 4410.933
Total T: 114000 Episode Num: 114 Episode T: 1000 Reward: 4301.175
Total T: 115000 Episode Num: 115 Episode T: 1000 Reward: 4093.747
---------------------------------------
Evaluation over 10 episodes: 3694.947
---------------------------------------
Total T: 116000 Episode Num: 116 Episode T: 1000 Reward: 4272.083
Total T: 117000 Episode Num: 117 Episode T: 1000 Reward: 4286.549
Total T: 118000 Episode Num: 118 Episode T: 1000 Reward: 4427.125
Total T: 119000 Episode Num: 119 Episode T: 1000 Reward: 4388.056
Total T: 120000 Episode Num: 120 Episode T: 1000 Reward: 4338.939
---------------------------------------
Evaluation over 10 episodes: 4476.623
---------------------------------------
Total T: 121000 Episode Num: 121 Episode T: 1000 Reward: 4443.473
Total T: 122000 Episode Num: 122 Episode T: 1000 Reward: 4554.325
Total T: 123000 Episode Num: 123 Episode T: 1000 Reward: 4526.686
Total T: 124000 Episode Num: 124 Episode T: 1000 Reward: 4439.362
Total T: 125000 Episode Num: 125 Episode T: 1000 Reward: 4662.252
---------------------------------------
Evaluation over 10 episodes: 4501.145
---------------------------------------
Total T: 126000 Episode Num: 126 Episode T: 1000 Reward: 4543.406
Total T: 127000 Episode Num: 127 Episode T: 1000 Reward: 4569.014
Total T: 128000 Episode Num: 128 Episode T: 1000 Reward: 4553.593
Total T: 129000 Episode Num: 129 Episode T: 1000 Reward: 4838.908
Total T: 130000 Episode Num: 130 Episode T: 1000 Reward: 4954.677
---------------------------------------
Evaluation over 10 episodes: 3900.319
---------------------------------------
Total T: 131000 Episode Num: 131 Episode T: 1000 Reward: 4864.046
Total T: 132000 Episode Num: 132 Episode T: 1000 Reward: 4907.004
Total T: 133000 Episode Num: 133 Episode T: 1000 Reward: 4644.523
Total T: 134000 Episode Num: 134 Episode T: 1000 Reward: 4668.167
Total T: 135000 Episode Num: 135 Episode T: 1000 Reward: 4702.090
---------------------------------------
Evaluation over 10 episodes: 4194.969
---------------------------------------
Total T: 136000 Episode Num: 136 Episode T: 1000 Reward: 4337.663
Total T: 137000 Episode Num: 137 Episode T: 1000 Reward: 1185.397
Total T: 138000 Episode Num: 138 Episode T: 1000 Reward: 4798.981
Total T: 139000 Episode Num: 139 Episode T: 1000 Reward: 5029.134
Total T: 140000 Episode Num: 140 Episode T: 1000 Reward: 4980.380
---------------------------------------
Evaluation over 10 episodes: 4962.217
---------------------------------------
Total T: 141000 Episode Num: 141 Episode T: 1000 Reward: 4876.939
Total T: 142000 Episode Num: 142 Episode T: 1000 Reward: 4612.671
Total T: 143000 Episode Num: 143 Episode T: 1000 Reward: 4858.407
Total T: 144000 Episode Num: 144 Episode T: 1000 Reward: 5170.257
Total T: 145000 Episode Num: 145 Episode T: 1000 Reward: 5081.235
---------------------------------------
Evaluation over 10 episodes: 4955.402
---------------------------------------
Total T: 146000 Episode Num: 146 Episode T: 1000 Reward: 4936.779
Total T: 147000 Episode Num: 147 Episode T: 1000 Reward: 4799.172
Total T: 148000 Episode Num: 148 Episode T: 1000 Reward: 4650.168
Total T: 149000 Episode Num: 149 Episode T: 1000 Reward: 4896.481
Total T: 150000 Episode Num: 150 Episode T: 1000 Reward: 5010.274
---------------------------------------
Evaluation over 10 episodes: 4869.664
---------------------------------------
Total T: 151000 Episode Num: 151 Episode T: 1000 Reward: 5032.149
Total T: 152000 Episode Num: 152 Episode T: 1000 Reward: 5138.432
Total T: 153000 Episode Num: 153 Episode T: 1000 Reward: 5020.666
Total T: 154000 Episode Num: 154 Episode T: 1000 Reward: 2066.152
Total T: 155000 Episode Num: 155 Episode T: 1000 Reward: 5178.695
---------------------------------------
Evaluation over 10 episodes: 4884.386
---------------------------------------
Total T: 156000 Episode Num: 156 Episode T: 1000 Reward: 4924.940
Total T: 157000 Episode Num: 157 Episode T: 1000 Reward: 5006.915
Total T: 158000 Episode Num: 158 Episode T: 1000 Reward: 5177.233
Total T: 159000 Episode Num: 159 Episode T: 1000 Reward: 4927.974
Total T: 160000 Episode Num: 160 Episode T: 1000 Reward: 5239.209
---------------------------------------
Evaluation over 10 episodes: 5046.724
---------------------------------------
Total T: 161000 Episode Num: 161 Episode T: 1000 Reward: 5326.463
Total T: 162000 Episode Num: 162 Episode T: 1000 Reward: 5015.013
Total T: 163000 Episode Num: 163 Episode T: 1000 Reward: 5201.217
Total T: 164000 Episode Num: 164 Episode T: 1000 Reward: 5310.488
Total T: 165000 Episode Num: 165 Episode T: 1000 Reward: 5371.724
---------------------------------------
Evaluation over 10 episodes: 5232.144
---------------------------------------
Total T: 166000 Episode Num: 166 Episode T: 1000 Reward: 4924.827
Total T: 167000 Episode Num: 167 Episode T: 1000 Reward: 5023.037
Total T: 168000 Episode Num: 168 Episode T: 1000 Reward: 5214.706
Total T: 169000 Episode Num: 169 Episode T: 1000 Reward: 5023.722
Total T: 170000 Episode Num: 170 Episode T: 1000 Reward: 5306.643
---------------------------------------
Evaluation over 10 episodes: 5345.217
---------------------------------------
Total T: 171000 Episode Num: 171 Episode T: 1000 Reward: 269.332
Total T: 172000 Episode Num: 172 Episode T: 1000 Reward: 5200.008
Total T: 173000 Episode Num: 173 Episode T: 1000 Reward: 5247.695
Total T: 174000 Episode Num: 174 Episode T: 1000 Reward: 5320.677
Total T: 175000 Episode Num: 175 Episode T: 1000 Reward: 5263.869
---------------------------------------
Evaluation over 10 episodes: 5255.659
---------------------------------------
Total T: 176000 Episode Num: 176 Episode T: 1000 Reward: 5180.309
Total T: 177000 Episode Num: 177 Episode T: 1000 Reward: 5319.557
Total T: 178000 Episode Num: 178 Episode T: 1000 Reward: 5315.277
Total T: 179000 Episode Num: 179 Episode T: 1000 Reward: 5243.414
Total T: 180000 Episode Num: 180 Episode T: 1000 Reward: 5557.762
---------------------------------------
Evaluation over 10 episodes: 5321.506
---------------------------------------
Total T: 181000 Episode Num: 181 Episode T: 1000 Reward: 5521.240
Total T: 182000 Episode Num: 182 Episode T: 1000 Reward: 5367.386
Total T: 183000 Episode Num: 183 Episode T: 1000 Reward: 5191.864
Total T: 184000 Episode Num: 184 Episode T: 1000 Reward: 5356.550
Total T: 185000 Episode Num: 185 Episode T: 1000 Reward: 5471.113
---------------------------------------
Evaluation over 10 episodes: 5326.404
---------------------------------------
Total T: 186000 Episode Num: 186 Episode T: 1000 Reward: 5336.660
Total T: 187000 Episode Num: 187 Episode T: 1000 Reward: 5382.060
Total T: 188000 Episode Num: 188 Episode T: 1000 Reward: 5493.048
Total T: 189000 Episode Num: 189 Episode T: 1000 Reward: 5415.628
Total T: 190000 Episode Num: 190 Episode T: 1000 Reward: 5619.499
---------------------------------------
Evaluation over 10 episodes: 5369.594
---------------------------------------
Total T: 191000 Episode Num: 191 Episode T: 1000 Reward: 5341.125
Total T: 192000 Episode Num: 192 Episode T: 1000 Reward: 5458.813
Total T: 193000 Episode Num: 193 Episode T: 1000 Reward: 5356.936
Total T: 194000 Episode Num: 194 Episode T: 1000 Reward: 5478.457
Total T: 195000 Episode Num: 195 Episode T: 1000 Reward: 5450.276
---------------------------------------
Evaluation over 10 episodes: 5490.093
---------------------------------------
Total T: 196000 Episode Num: 196 Episode T: 1000 Reward: 5432.292
Total T: 197000 Episode Num: 197 Episode T: 1000 Reward: 5395.032
Total T: 198000 Episode Num: 198 Episode T: 1000 Reward: 5413.947
Total T: 199000 Episode Num: 199 Episode T: 1000 Reward: 5558.875
Total T: 200000 Episode Num: 200 Episode T: 1000 Reward: 5608.437
---------------------------------------
Evaluation over 10 episodes: 5585.598
---------------------------------------
Total T: 201000 Episode Num: 201 Episode T: 1000 Reward: 5747.614
Total T: 202000 Episode Num: 202 Episode T: 1000 Reward: 5741.247
Total T: 203000 Episode Num: 203 Episode T: 1000 Reward: 5494.227
Total T: 204000 Episode Num: 204 Episode T: 1000 Reward: 5472.391
Total T: 205000 Episode Num: 205 Episode T: 1000 Reward: 5462.429
---------------------------------------
Evaluation over 10 episodes: 5305.543
---------------------------------------
Total T: 206000 Episode Num: 206 Episode T: 1000 Reward: 5607.348
Total T: 207000 Episode Num: 207 Episode T: 1000 Reward: 5564.558
Total T: 208000 Episode Num: 208 Episode T: 1000 Reward: 5302.333
Total T: 209000 Episode Num: 209 Episode T: 1000 Reward: 5622.314
Total T: 210000 Episode Num: 210 Episode T: 1000 Reward: 5652.013
---------------------------------------
Evaluation over 10 episodes: 5697.574
---------------------------------------
Total T: 211000 Episode Num: 211 Episode T: 1000 Reward: 5610.202
Total T: 212000 Episode Num: 212 Episode T: 1000 Reward: 5766.812
Total T: 213000 Episode Num: 213 Episode T: 1000 Reward: 5596.183
Total T: 214000 Episode Num: 214 Episode T: 1000 Reward: 5651.639
Total T: 215000 Episode Num: 215 Episode T: 1000 Reward: 5634.791
---------------------------------------
Evaluation over 10 episodes: 5731.032
---------------------------------------
Total T: 216000 Episode Num: 216 Episode T: 1000 Reward: 5586.162
Total T: 217000 Episode Num: 217 Episode T: 1000 Reward: 5710.728
Total T: 218000 Episode Num: 218 Episode T: 1000 Reward: 5589.222
Total T: 219000 Episode Num: 219 Episode T: 1000 Reward: 5924.614
Total T: 220000 Episode Num: 220 Episode T: 1000 Reward: 5450.307
---------------------------------------
Evaluation over 10 episodes: 5691.795
---------------------------------------
Total T: 221000 Episode Num: 221 Episode T: 1000 Reward: 5675.202
Total T: 222000 Episode Num: 222 Episode T: 1000 Reward: 4380.123
Total T: 223000 Episode Num: 223 Episode T: 1000 Reward: 5625.331
Total T: 224000 Episode Num: 224 Episode T: 1000 Reward: 5714.891
Total T: 225000 Episode Num: 225 Episode T: 1000 Reward: 5640.989
---------------------------------------
Evaluation over 10 episodes: 5630.117
---------------------------------------
Total T: 226000 Episode Num: 226 Episode T: 1000 Reward: 5813.550
Total T: 227000 Episode Num: 227 Episode T: 1000 Reward: 5843.900
Total T: 228000 Episode Num: 228 Episode T: 1000 Reward: 5715.377
Total T: 229000 Episode Num: 229 Episode T: 1000 Reward: 4836.526
Total T: 230000 Episode Num: 230 Episode T: 1000 Reward: 5819.024
---------------------------------------
Evaluation over 10 episodes: 5643.103
---------------------------------------
Total T: 231000 Episode Num: 231 Episode T: 1000 Reward: 5706.277
Total T: 232000 Episode Num: 232 Episode T: 1000 Reward: 5858.727
Total T: 233000 Episode Num: 233 Episode T: 1000 Reward: 5638.204
Total T: 234000 Episode Num: 234 Episode T: 1000 Reward: 5871.162
Total T: 235000 Episode Num: 235 Episode T: 1000 Reward: 5966.415
---------------------------------------
Evaluation over 10 episodes: 5847.542
---------------------------------------
Total T: 236000 Episode Num: 236 Episode T: 1000 Reward: 5816.153
Total T: 237000 Episode Num: 237 Episode T: 1000 Reward: 5781.471
Total T: 238000 Episode Num: 238 Episode T: 1000 Reward: 5769.584
Total T: 239000 Episode Num: 239 Episode T: 1000 Reward: 5819.131
Total T: 240000 Episode Num: 240 Episode T: 1000 Reward: 5979.106
---------------------------------------
Evaluation over 10 episodes: 5820.470
---------------------------------------
Total T: 241000 Episode Num: 241 Episode T: 1000 Reward: 5972.348
Total T: 242000 Episode Num: 242 Episode T: 1000 Reward: 5706.068
Total T: 243000 Episode Num: 243 Episode T: 1000 Reward: 5680.628
Total T: 244000 Episode Num: 244 Episode T: 1000 Reward: 5901.889
Total T: 245000 Episode Num: 245 Episode T: 1000 Reward: 5871.581
---------------------------------------
Evaluation over 10 episodes: 5847.027
---------------------------------------
Total T: 246000 Episode Num: 246 Episode T: 1000 Reward: 5936.168
Total T: 247000 Episode Num: 247 Episode T: 1000 Reward: 5784.277
Total T: 248000 Episode Num: 248 Episode T: 1000 Reward: 5852.031
Total T: 249000 Episode Num: 249 Episode T: 1000 Reward: 5930.860
Total T: 250000 Episode Num: 250 Episode T: 1000 Reward: 6042.181
---------------------------------------
Evaluation over 10 episodes: 5938.929
---------------------------------------
Total T: 251000 Episode Num: 251 Episode T: 1000 Reward: 5788.453
Total T: 252000 Episode Num: 252 Episode T: 1000 Reward: 5945.664
Total T: 253000 Episode Num: 253 Episode T: 1000 Reward: 5802.241
Total T: 254000 Episode Num: 254 Episode T: 1000 Reward: 6174.318
Total T: 255000 Episode Num: 255 Episode T: 1000 Reward: 5955.950
---------------------------------------
Evaluation over 10 episodes: 5996.762
---------------------------------------
Total T: 256000 Episode Num: 256 Episode T: 1000 Reward: 5950.368
Total T: 257000 Episode Num: 257 Episode T: 1000 Reward: 5834.091
Total T: 258000 Episode Num: 258 Episode T: 1000 Reward: 5776.718
Total T: 259000 Episode Num: 259 Episode T: 1000 Reward: 5970.900
Total T: 260000 Episode Num: 260 Episode T: 1000 Reward: 5730.072
---------------------------------------
Evaluation over 10 episodes: 5930.978
---------------------------------------
Total T: 261000 Episode Num: 261 Episode T: 1000 Reward: 5757.461
Total T: 262000 Episode Num: 262 Episode T: 1000 Reward: 6037.703
Total T: 263000 Episode Num: 263 Episode T: 1000 Reward: 5978.420
Total T: 264000 Episode Num: 264 Episode T: 1000 Reward: 6075.381
Total T: 265000 Episode Num: 265 Episode T: 1000 Reward: 5759.325
---------------------------------------
Evaluation over 10 episodes: 6045.483
---------------------------------------
Total T: 266000 Episode Num: 266 Episode T: 1000 Reward: 6006.755
Total T: 267000 Episode Num: 267 Episode T: 1000 Reward: 5739.432
Total T: 268000 Episode Num: 268 Episode T: 1000 Reward: 5757.671
Total T: 269000 Episode Num: 269 Episode T: 1000 Reward: 5688.104
Total T: 270000 Episode Num: 270 Episode T: 1000 Reward: 5871.513
---------------------------------------
Evaluation over 10 episodes: 5948.982
---------------------------------------
Total T: 271000 Episode Num: 271 Episode T: 1000 Reward: 1019.390
Total T: 272000 Episode Num: 272 Episode T: 1000 Reward: 5967.897
Total T: 273000 Episode Num: 273 Episode T: 1000 Reward: 6056.208
Total T: 274000 Episode Num: 274 Episode T: 1000 Reward: 5835.267
Total T: 275000 Episode Num: 275 Episode T: 1000 Reward: 5956.318
---------------------------------------
Evaluation over 10 episodes: 5913.672
---------------------------------------
Total T: 276000 Episode Num: 276 Episode T: 1000 Reward: 6039.250
Total T: 277000 Episode Num: 277 Episode T: 1000 Reward: 5914.141
Total T: 278000 Episode Num: 278 Episode T: 1000 Reward: 6210.229
Total T: 279000 Episode Num: 279 Episode T: 1000 Reward: 6077.871
Total T: 280000 Episode Num: 280 Episode T: 1000 Reward: 6076.544
---------------------------------------
Evaluation over 10 episodes: 6099.216
---------------------------------------
Total T: 281000 Episode Num: 281 Episode T: 1000 Reward: 5980.073
Total T: 282000 Episode Num: 282 Episode T: 1000 Reward: 6195.382
Total T: 283000 Episode Num: 283 Episode T: 1000 Reward: 5932.274
Total T: 284000 Episode Num: 284 Episode T: 1000 Reward: 5936.303
Total T: 285000 Episode Num: 285 Episode T: 1000 Reward: 5791.200
---------------------------------------
Evaluation over 10 episodes: 6114.139
---------------------------------------
Total T: 286000 Episode Num: 286 Episode T: 1000 Reward: 6021.366
Total T: 287000 Episode Num: 287 Episode T: 1000 Reward: 6157.380
Total T: 288000 Episode Num: 288 Episode T: 1000 Reward: 6010.608
Total T: 289000 Episode Num: 289 Episode T: 1000 Reward: 5814.148
Total T: 290000 Episode Num: 290 Episode T: 1000 Reward: 5937.582
---------------------------------------
Evaluation over 10 episodes: 6153.862
---------------------------------------
Total T: 291000 Episode Num: 291 Episode T: 1000 Reward: 6007.977
Total T: 292000 Episode Num: 292 Episode T: 1000 Reward: 6056.776
Total T: 293000 Episode Num: 293 Episode T: 1000 Reward: 5850.618
Total T: 294000 Episode Num: 294 Episode T: 1000 Reward: 5857.175
Total T: 295000 Episode Num: 295 Episode T: 1000 Reward: 5922.664
---------------------------------------
Evaluation over 10 episodes: 6081.863
---------------------------------------
Total T: 296000 Episode Num: 296 Episode T: 1000 Reward: 5885.688
Total T: 297000 Episode Num: 297 Episode T: 1000 Reward: 6072.712
Total T: 298000 Episode Num: 298 Episode T: 1000 Reward: 5756.912
Total T: 299000 Episode Num: 299 Episode T: 1000 Reward: 6159.724
Total T: 300000 Episode Num: 300 Episode T: 1000 Reward: 6161.550
---------------------------------------
Evaluation over 10 episodes: 6027.075
---------------------------------------
Total T: 301000 Episode Num: 301 Episode T: 1000 Reward: 6036.592
Total T: 302000 Episode Num: 302 Episode T: 1000 Reward: 6040.681
Total T: 303000 Episode Num: 303 Episode T: 1000 Reward: 6070.764
Total T: 304000 Episode Num: 304 Episode T: 1000 Reward: 6147.034
Total T: 305000 Episode Num: 305 Episode T: 1000 Reward: 6113.007
---------------------------------------
Evaluation over 10 episodes: 6063.388
---------------------------------------
Total T: 306000 Episode Num: 306 Episode T: 1000 Reward: 6398.242
Total T: 307000 Episode Num: 307 Episode T: 1000 Reward: 6121.734
Total T: 308000 Episode Num: 308 Episode T: 1000 Reward: 5954.474
Total T: 309000 Episode Num: 309 Episode T: 1000 Reward: 5917.943
Total T: 310000 Episode Num: 310 Episode T: 1000 Reward: 6026.453
---------------------------------------
Evaluation over 10 episodes: 6159.159
---------------------------------------
Total T: 311000 Episode Num: 311 Episode T: 1000 Reward: 6089.416
Total T: 312000 Episode Num: 312 Episode T: 1000 Reward: 6338.392
Total T: 313000 Episode Num: 313 Episode T: 1000 Reward: 5877.675
Total T: 314000 Episode Num: 314 Episode T: 1000 Reward: 5855.382
Total T: 315000 Episode Num: 315 Episode T: 1000 Reward: 6269.582
---------------------------------------
Evaluation over 10 episodes: 5982.783
---------------------------------------
Total T: 316000 Episode Num: 316 Episode T: 1000 Reward: 6153.079
Total T: 317000 Episode Num: 317 Episode T: 1000 Reward: 6064.935
Total T: 318000 Episode Num: 318 Episode T: 1000 Reward: 6205.090
Total T: 319000 Episode Num: 319 Episode T: 1000 Reward: 6025.697
Total T: 320000 Episode Num: 320 Episode T: 1000 Reward: 6140.291
---------------------------------------
Evaluation over 10 episodes: 6215.113
---------------------------------------
Total T: 321000 Episode Num: 321 Episode T: 1000 Reward: 6087.601
Total T: 322000 Episode Num: 322 Episode T: 1000 Reward: 5903.097
Total T: 323000 Episode Num: 323 Episode T: 1000 Reward: 6242.373
Total T: 324000 Episode Num: 324 Episode T: 1000 Reward: 6121.693
Total T: 325000 Episode Num: 325 Episode T: 1000 Reward: 6074.569
---------------------------------------
Evaluation over 10 episodes: 6218.394
---------------------------------------
Total T: 326000 Episode Num: 326 Episode T: 1000 Reward: 6132.134
Total T: 327000 Episode Num: 327 Episode T: 1000 Reward: 6197.007
Total T: 328000 Episode Num: 328 Episode T: 1000 Reward: 6112.107
Total T: 329000 Episode Num: 329 Episode T: 1000 Reward: 6362.733
Total T: 330000 Episode Num: 330 Episode T: 1000 Reward: 6132.783
---------------------------------------
Evaluation over 10 episodes: 6081.147
---------------------------------------
Total T: 331000 Episode Num: 331 Episode T: 1000 Reward: 6314.450
Total T: 332000 Episode Num: 332 Episode T: 1000 Reward: 6207.145
Total T: 333000 Episode Num: 333 Episode T: 1000 Reward: 6135.358
Total T: 334000 Episode Num: 334 Episode T: 1000 Reward: 6073.956
Total T: 335000 Episode Num: 335 Episode T: 1000 Reward: 6519.931
---------------------------------------
Evaluation over 10 episodes: 6264.345
---------------------------------------
Total T: 336000 Episode Num: 336 Episode T: 1000 Reward: 6070.650
Total T: 337000 Episode Num: 337 Episode T: 1000 Reward: 6109.480
Total T: 338000 Episode Num: 338 Episode T: 1000 Reward: 5919.064
Total T: 339000 Episode Num: 339 Episode T: 1000 Reward: 5936.587
Total T: 340000 Episode Num: 340 Episode T: 1000 Reward: 6078.863
---------------------------------------
Evaluation over 10 episodes: 6219.633
---------------------------------------
Total T: 341000 Episode Num: 341 Episode T: 1000 Reward: 6375.539
Total T: 342000 Episode Num: 342 Episode T: 1000 Reward: 5870.008
Total T: 343000 Episode Num: 343 Episode T: 1000 Reward: 6233.438
Total T: 344000 Episode Num: 344 Episode T: 1000 Reward: 6043.774
Total T: 345000 Episode Num: 345 Episode T: 1000 Reward: 6221.298
---------------------------------------
Evaluation over 10 episodes: 6196.125
---------------------------------------
Total T: 346000 Episode Num: 346 Episode T: 1000 Reward: 6406.217
Total T: 347000 Episode Num: 347 Episode T: 1000 Reward: 6304.009
Total T: 348000 Episode Num: 348 Episode T: 1000 Reward: 6264.748
Total T: 349000 Episode Num: 349 Episode T: 1000 Reward: 6094.949
Total T: 350000 Episode Num: 350 Episode T: 1000 Reward: 6136.470
---------------------------------------
Evaluation over 10 episodes: 6175.089
---------------------------------------
Total T: 351000 Episode Num: 351 Episode T: 1000 Reward: 6426.531
Total T: 352000 Episode Num: 352 Episode T: 1000 Reward: 6352.810
Total T: 353000 Episode Num: 353 Episode T: 1000 Reward: 6197.793
Total T: 354000 Episode Num: 354 Episode T: 1000 Reward: 5938.369
Total T: 355000 Episode Num: 355 Episode T: 1000 Reward: 6140.978
---------------------------------------
Evaluation over 10 episodes: 6214.503
---------------------------------------
Total T: 356000 Episode Num: 356 Episode T: 1000 Reward: 6289.442
Total T: 357000 Episode Num: 357 Episode T: 1000 Reward: 6223.699
Total T: 358000 Episode Num: 358 Episode T: 1000 Reward: 6262.534
Total T: 359000 Episode Num: 359 Episode T: 1000 Reward: 6198.772
Total T: 360000 Episode Num: 360 Episode T: 1000 Reward: 6284.707
---------------------------------------
Evaluation over 10 episodes: 6329.590
---------------------------------------
Total T: 361000 Episode Num: 361 Episode T: 1000 Reward: 6359.395
Total T: 362000 Episode Num: 362 Episode T: 1000 Reward: 6260.625
Total T: 363000 Episode Num: 363 Episode T: 1000 Reward: 6308.710
Total T: 364000 Episode Num: 364 Episode T: 1000 Reward: 6145.880
Total T: 365000 Episode Num: 365 Episode T: 1000 Reward: 6102.057
---------------------------------------
Evaluation over 10 episodes: 6317.111
---------------------------------------
Total T: 366000 Episode Num: 366 Episode T: 1000 Reward: 6368.118
Total T: 367000 Episode Num: 367 Episode T: 1000 Reward: 6244.006
Total T: 368000 Episode Num: 368 Episode T: 1000 Reward: 6324.446
Total T: 369000 Episode Num: 369 Episode T: 1000 Reward: 6416.817
Total T: 370000 Episode Num: 370 Episode T: 1000 Reward: 6025.154
---------------------------------------
Evaluation over 10 episodes: 6300.557
---------------------------------------
Total T: 371000 Episode Num: 371 Episode T: 1000 Reward: 6116.865
Total T: 372000 Episode Num: 372 Episode T: 1000 Reward: 6293.941
Total T: 373000 Episode Num: 373 Episode T: 1000 Reward: 6171.734
Total T: 374000 Episode Num: 374 Episode T: 1000 Reward: 6041.885
Total T: 375000 Episode Num: 375 Episode T: 1000 Reward: 6152.830
---------------------------------------
Evaluation over 10 episodes: 6227.666
---------------------------------------
Total T: 376000 Episode Num: 376 Episode T: 1000 Reward: 6368.012
Total T: 377000 Episode Num: 377 Episode T: 1000 Reward: 6496.714
Total T: 378000 Episode Num: 378 Episode T: 1000 Reward: 6244.837
Total T: 379000 Episode Num: 379 Episode T: 1000 Reward: 6194.078
Total T: 380000 Episode Num: 380 Episode T: 1000 Reward: 6585.032
---------------------------------------
Evaluation over 10 episodes: 6364.375
---------------------------------------
Total T: 381000 Episode Num: 381 Episode T: 1000 Reward: 6401.770
Total T: 382000 Episode Num: 382 Episode T: 1000 Reward: 6422.951
Total T: 383000 Episode Num: 383 Episode T: 1000 Reward: 6262.827
Total T: 384000 Episode Num: 384 Episode T: 1000 Reward: 6276.662
Total T: 385000 Episode Num: 385 Episode T: 1000 Reward: 6142.459
---------------------------------------
Evaluation over 10 episodes: 6247.262
---------------------------------------
Total T: 386000 Episode Num: 386 Episode T: 1000 Reward: 6207.617
Total T: 387000 Episode Num: 387 Episode T: 1000 Reward: 6369.681
Total T: 388000 Episode Num: 388 Episode T: 1000 Reward: 6237.865
Total T: 389000 Episode Num: 389 Episode T: 1000 Reward: 6307.223
Total T: 390000 Episode Num: 390 Episode T: 1000 Reward: 6302.921
---------------------------------------
Evaluation over 10 episodes: 6388.238
---------------------------------------
Total T: 391000 Episode Num: 391 Episode T: 1000 Reward: 6231.733
Total T: 392000 Episode Num: 392 Episode T: 1000 Reward: 6479.068
Total T: 393000 Episode Num: 393 Episode T: 1000 Reward: 6472.170
Total T: 394000 Episode Num: 394 Episode T: 1000 Reward: 6428.921
Total T: 395000 Episode Num: 395 Episode T: 1000 Reward: 6464.974
---------------------------------------
Evaluation over 10 episodes: 6309.520
---------------------------------------
Total T: 396000 Episode Num: 396 Episode T: 1000 Reward: 6308.092
Total T: 397000 Episode Num: 397 Episode T: 1000 Reward: 6485.111
Total T: 398000 Episode Num: 398 Episode T: 1000 Reward: 6260.376
Total T: 399000 Episode Num: 399 Episode T: 1000 Reward: 6374.686
Total T: 400000 Episode Num: 400 Episode T: 1000 Reward: 6476.080
---------------------------------------
Evaluation over 10 episodes: 6397.826
---------------------------------------
Total T: 401000 Episode Num: 401 Episode T: 1000 Reward: 6182.741
Total T: 402000 Episode Num: 402 Episode T: 1000 Reward: 6358.121
Total T: 403000 Episode Num: 403 Episode T: 1000 Reward: 6462.710
Total T: 404000 Episode Num: 404 Episode T: 1000 Reward: 6359.700
Total T: 405000 Episode Num: 405 Episode T: 1000 Reward: 6241.114
---------------------------------------
Evaluation over 10 episodes: 6430.100
---------------------------------------
Total T: 406000 Episode Num: 406 Episode T: 1000 Reward: 6439.262
Total T: 407000 Episode Num: 407 Episode T: 1000 Reward: 6474.371
Total T: 408000 Episode Num: 408 Episode T: 1000 Reward: 6170.190
Total T: 409000 Episode Num: 409 Episode T: 1000 Reward: 6325.600
Total T: 410000 Episode Num: 410 Episode T: 1000 Reward: 6371.156
---------------------------------------
Evaluation over 10 episodes: 6514.316
---------------------------------------
Total T: 411000 Episode Num: 411 Episode T: 1000 Reward: 6134.252
Total T: 412000 Episode Num: 412 Episode T: 1000 Reward: 6334.261
Total T: 413000 Episode Num: 413 Episode T: 1000 Reward: 6482.231
Total T: 414000 Episode Num: 414 Episode T: 1000 Reward: 6364.678
Total T: 415000 Episode Num: 415 Episode T: 1000 Reward: 6450.348
---------------------------------------
Evaluation over 10 episodes: 6335.890
---------------------------------------
Total T: 416000 Episode Num: 416 Episode T: 1000 Reward: 6325.601
Total T: 417000 Episode Num: 417 Episode T: 1000 Reward: 6412.056
Total T: 418000 Episode Num: 418 Episode T: 1000 Reward: 6535.345
Total T: 419000 Episode Num: 419 Episode T: 1000 Reward: 6245.861
Total T: 420000 Episode Num: 420 Episode T: 1000 Reward: 6460.488
---------------------------------------
Evaluation over 10 episodes: 6369.403
---------------------------------------
Total T: 421000 Episode Num: 421 Episode T: 1000 Reward: 6366.374
Total T: 422000 Episode Num: 422 Episode T: 1000 Reward: 6445.286
Total T: 423000 Episode Num: 423 Episode T: 1000 Reward: 6391.615
Total T: 424000 Episode Num: 424 Episode T: 1000 Reward: 6189.529
Total T: 425000 Episode Num: 425 Episode T: 1000 Reward: 6368.886
---------------------------------------
Evaluation over 10 episodes: 6299.988
---------------------------------------
Total T: 426000 Episode Num: 426 Episode T: 1000 Reward: 6261.712
Total T: 427000 Episode Num: 427 Episode T: 1000 Reward: 6394.630
Total T: 428000 Episode Num: 428 Episode T: 1000 Reward: 6394.551
Total T: 429000 Episode Num: 429 Episode T: 1000 Reward: 6316.330
Total T: 430000 Episode Num: 430 Episode T: 1000 Reward: 6603.978
---------------------------------------
Evaluation over 10 episodes: 6374.851
---------------------------------------
Total T: 431000 Episode Num: 431 Episode T: 1000 Reward: 6691.479
Total T: 432000 Episode Num: 432 Episode T: 1000 Reward: 6485.251
Total T: 433000 Episode Num: 433 Episode T: 1000 Reward: 6443.623
Total T: 434000 Episode Num: 434 Episode T: 1000 Reward: 6576.911
Total T: 435000 Episode Num: 435 Episode T: 1000 Reward: 6425.420
---------------------------------------
Evaluation over 10 episodes: 6564.480
---------------------------------------
Total T: 436000 Episode Num: 436 Episode T: 1000 Reward: 6379.062
Total T: 437000 Episode Num: 437 Episode T: 1000 Reward: 6352.543
Total T: 438000 Episode Num: 438 Episode T: 1000 Reward: 6637.113
Total T: 439000 Episode Num: 439 Episode T: 1000 Reward: 6532.321
Total T: 440000 Episode Num: 440 Episode T: 1000 Reward: 6314.345
---------------------------------------
Evaluation over 10 episodes: 6158.417
---------------------------------------
Total T: 441000 Episode Num: 441 Episode T: 1000 Reward: 6575.661
Total T: 442000 Episode Num: 442 Episode T: 1000 Reward: 6537.682
Total T: 443000 Episode Num: 443 Episode T: 1000 Reward: 6335.585
Total T: 444000 Episode Num: 444 Episode T: 1000 Reward: 6690.838
Total T: 445000 Episode Num: 445 Episode T: 1000 Reward: 6455.385
---------------------------------------
Evaluation over 10 episodes: 6512.326
---------------------------------------
Total T: 446000 Episode Num: 446 Episode T: 1000 Reward: 6393.028
Total T: 447000 Episode Num: 447 Episode T: 1000 Reward: 6413.903
Total T: 448000 Episode Num: 448 Episode T: 1000 Reward: 6280.083
Total T: 449000 Episode Num: 449 Episode T: 1000 Reward: 6353.207
Total T: 450000 Episode Num: 450 Episode T: 1000 Reward: 6358.034
---------------------------------------
Evaluation over 10 episodes: 6558.725
---------------------------------------
Total T: 451000 Episode Num: 451 Episode T: 1000 Reward: 6569.569
Total T: 452000 Episode Num: 452 Episode T: 1000 Reward: 6487.801
Total T: 453000 Episode Num: 453 Episode T: 1000 Reward: 6424.874
Total T: 454000 Episode Num: 454 Episode T: 1000 Reward: 6461.622
Total T: 455000 Episode Num: 455 Episode T: 1000 Reward: 6333.284
---------------------------------------
Evaluation over 10 episodes: 6602.831
---------------------------------------
Total T: 456000 Episode Num: 456 Episode T: 1000 Reward: 6661.861
Total T: 457000 Episode Num: 457 Episode T: 1000 Reward: 6540.808
Total T: 458000 Episode Num: 458 Episode T: 1000 Reward: 6451.031
Total T: 459000 Episode Num: 459 Episode T: 1000 Reward: 6578.890
Total T: 460000 Episode Num: 460 Episode T: 1000 Reward: 6355.790
---------------------------------------
Evaluation over 10 episodes: 6544.090
---------------------------------------
Total T: 461000 Episode Num: 461 Episode T: 1000 Reward: 6712.642
Total T: 462000 Episode Num: 462 Episode T: 1000 Reward: 6541.104
Total T: 463000 Episode Num: 463 Episode T: 1000 Reward: 6281.224
Total T: 464000 Episode Num: 464 Episode T: 1000 Reward: 6403.098
Total T: 465000 Episode Num: 465 Episode T: 1000 Reward: 6683.706
---------------------------------------
Evaluation over 10 episodes: 6310.120
---------------------------------------
Total T: 466000 Episode Num: 466 Episode T: 1000 Reward: 6661.331
Total T: 467000 Episode Num: 467 Episode T: 1000 Reward: 6525.516
Total T: 468000 Episode Num: 468 Episode T: 1000 Reward: 6532.496
Total T: 469000 Episode Num: 469 Episode T: 1000 Reward: 6708.638
Total T: 470000 Episode Num: 470 Episode T: 1000 Reward: 6590.761
---------------------------------------
Evaluation over 10 episodes: 6292.739
---------------------------------------
Total T: 471000 Episode Num: 471 Episode T: 1000 Reward: 6548.288
Total T: 472000 Episode Num: 472 Episode T: 1000 Reward: 6740.463
Total T: 473000 Episode Num: 473 Episode T: 1000 Reward: 6474.033
Total T: 474000 Episode Num: 474 Episode T: 1000 Reward: 6418.115
Total T: 475000 Episode Num: 475 Episode T: 1000 Reward: 6397.278
---------------------------------------
Evaluation over 10 episodes: 6521.752
---------------------------------------
Total T: 476000 Episode Num: 476 Episode T: 1000 Reward: 6306.732
Total T: 477000 Episode Num: 477 Episode T: 1000 Reward: 6722.525
Total T: 478000 Episode Num: 478 Episode T: 1000 Reward: 6487.837
Total T: 479000 Episode Num: 479 Episode T: 1000 Reward: 6524.252
Total T: 480000 Episode Num: 480 Episode T: 1000 Reward: 6581.199
---------------------------------------
Evaluation over 10 episodes: 6527.296
---------------------------------------
Total T: 481000 Episode Num: 481 Episode T: 1000 Reward: 6567.436
Total T: 482000 Episode Num: 482 Episode T: 1000 Reward: 6792.263
Total T: 483000 Episode Num: 483 Episode T: 1000 Reward: 6629.966
Total T: 484000 Episode Num: 484 Episode T: 1000 Reward: 6520.594
Total T: 485000 Episode Num: 485 Episode T: 1000 Reward: 6494.262
---------------------------------------
Evaluation over 10 episodes: 6587.766
---------------------------------------
Total T: 486000 Episode Num: 486 Episode T: 1000 Reward: 6391.895
Total T: 487000 Episode Num: 487 Episode T: 1000 Reward: 6851.106
Total T: 488000 Episode Num: 488 Episode T: 1000 Reward: 6799.867
Total T: 489000 Episode Num: 489 Episode T: 1000 Reward: 6543.879
Total T: 490000 Episode Num: 490 Episode T: 1000 Reward: 6518.884
---------------------------------------
Evaluation over 10 episodes: 6560.282
---------------------------------------
Total T: 491000 Episode Num: 491 Episode T: 1000 Reward: 6617.818
Total T: 492000 Episode Num: 492 Episode T: 1000 Reward: 6725.169
Total T: 493000 Episode Num: 493 Episode T: 1000 Reward: 6700.688
Total T: 494000 Episode Num: 494 Episode T: 1000 Reward: 6682.943
Total T: 495000 Episode Num: 495 Episode T: 1000 Reward: 6590.018
---------------------------------------
Evaluation over 10 episodes: 6605.296
---------------------------------------
Total T: 496000 Episode Num: 496 Episode T: 1000 Reward: 6539.244
Total T: 497000 Episode Num: 497 Episode T: 1000 Reward: 6563.467
Total T: 498000 Episode Num: 498 Episode T: 1000 Reward: 6729.453
Total T: 499000 Episode Num: 499 Episode T: 1000 Reward: 6508.115
Total T: 500000 Episode Num: 500 Episode T: 1000 Reward: 6707.696
---------------------------------------
Evaluation over 10 episodes: 6723.975
---------------------------------------
Total T: 501000 Episode Num: 501 Episode T: 1000 Reward: 6701.542
Total T: 502000 Episode Num: 502 Episode T: 1000 Reward: 6568.360
Total T: 503000 Episode Num: 503 Episode T: 1000 Reward: 6623.291
Total T: 504000 Episode Num: 504 Episode T: 1000 Reward: 6517.692
Total T: 505000 Episode Num: 505 Episode T: 1000 Reward: 6719.232
---------------------------------------
Evaluation over 10 episodes: 6631.542
---------------------------------------
Total T: 506000 Episode Num: 506 Episode T: 1000 Reward: 6143.840
Total T: 507000 Episode Num: 507 Episode T: 1000 Reward: 6819.014
Total T: 508000 Episode Num: 508 Episode T: 1000 Reward: 6558.775
Total T: 509000 Episode Num: 509 Episode T: 1000 Reward: 6548.783
Total T: 510000 Episode Num: 510 Episode T: 1000 Reward: 6457.901
---------------------------------------
Evaluation over 10 episodes: 6709.910
---------------------------------------
Total T: 511000 Episode Num: 511 Episode T: 1000 Reward: 6383.666
Total T: 512000 Episode Num: 512 Episode T: 1000 Reward: 6726.226
Total T: 513000 Episode Num: 513 Episode T: 1000 Reward: 6632.008
Total T: 514000 Episode Num: 514 Episode T: 1000 Reward: 6726.443
Total T: 515000 Episode Num: 515 Episode T: 1000 Reward: 6814.414
---------------------------------------
Evaluation over 10 episodes: 6691.234
---------------------------------------
Total T: 516000 Episode Num: 516 Episode T: 1000 Reward: 6280.436
Total T: 517000 Episode Num: 517 Episode T: 1000 Reward: 6594.049
Total T: 518000 Episode Num: 518 Episode T: 1000 Reward: 6755.093
Total T: 519000 Episode Num: 519 Episode T: 1000 Reward: 6903.693
Total T: 520000 Episode Num: 520 Episode T: 1000 Reward: 6631.380
---------------------------------------
Evaluation over 10 episodes: 6548.632
---------------------------------------
Total T: 521000 Episode Num: 521 Episode T: 1000 Reward: 6684.246
Total T: 522000 Episode Num: 522 Episode T: 1000 Reward: 6636.843
Total T: 523000 Episode Num: 523 Episode T: 1000 Reward: 6738.287
Total T: 524000 Episode Num: 524 Episode T: 1000 Reward: 6612.669
Total T: 525000 Episode Num: 525 Episode T: 1000 Reward: 6822.930
---------------------------------------
Evaluation over 10 episodes: 6714.611
---------------------------------------
Total T: 526000 Episode Num: 526 Episode T: 1000 Reward: 6794.928
Total T: 527000 Episode Num: 527 Episode T: 1000 Reward: 6764.156
Total T: 528000 Episode Num: 528 Episode T: 1000 Reward: 6674.293
Total T: 529000 Episode Num: 529 Episode T: 1000 Reward: 6666.760
Total T: 530000 Episode Num: 530 Episode T: 1000 Reward: 6651.229
---------------------------------------
Evaluation over 10 episodes: 6604.573
---------------------------------------
Total T: 531000 Episode Num: 531 Episode T: 1000 Reward: 6673.166
Total T: 532000 Episode Num: 532 Episode T: 1000 Reward: 6593.131
Total T: 533000 Episode Num: 533 Episode T: 1000 Reward: 6908.364
Total T: 534000 Episode Num: 534 Episode T: 1000 Reward: 6588.093
Total T: 535000 Episode Num: 535 Episode T: 1000 Reward: 6765.395
---------------------------------------
Evaluation over 10 episodes: 6787.592
---------------------------------------
Total T: 536000 Episode Num: 536 Episode T: 1000 Reward: 7037.971
Total T: 537000 Episode Num: 537 Episode T: 1000 Reward: 6605.840
Total T: 538000 Episode Num: 538 Episode T: 1000 Reward: 6659.041
Total T: 539000 Episode Num: 539 Episode T: 1000 Reward: 6596.806
Total T: 540000 Episode Num: 540 Episode T: 1000 Reward: 6673.405
---------------------------------------
Evaluation over 10 episodes: 6800.083
---------------------------------------
Total T: 541000 Episode Num: 541 Episode T: 1000 Reward: 6834.075
Total T: 542000 Episode Num: 542 Episode T: 1000 Reward: 6710.031
Total T: 543000 Episode Num: 543 Episode T: 1000 Reward: 6941.962
Total T: 544000 Episode Num: 544 Episode T: 1000 Reward: 6750.900
Total T: 545000 Episode Num: 545 Episode T: 1000 Reward: 6790.786
---------------------------------------
Evaluation over 10 episodes: 6655.390
---------------------------------------
Total T: 546000 Episode Num: 546 Episode T: 1000 Reward: 7083.824
Total T: 547000 Episode Num: 547 Episode T: 1000 Reward: 6701.831
Total T: 548000 Episode Num: 548 Episode T: 1000 Reward: 6907.314
Total T: 549000 Episode Num: 549 Episode T: 1000 Reward: 6509.800
Total T: 550000 Episode Num: 550 Episode T: 1000 Reward: 6538.389
---------------------------------------
Evaluation over 10 episodes: 6787.631
---------------------------------------
Total T: 551000 Episode Num: 551 Episode T: 1000 Reward: 6790.743
Total T: 552000 Episode Num: 552 Episode T: 1000 Reward: 6772.760
Total T: 553000 Episode Num: 553 Episode T: 1000 Reward: 6585.898
Total T: 554000 Episode Num: 554 Episode T: 1000 Reward: 6884.549
Total T: 555000 Episode Num: 555 Episode T: 1000 Reward: 7146.204
---------------------------------------
Evaluation over 10 episodes: 6855.654
---------------------------------------
Total T: 556000 Episode Num: 556 Episode T: 1000 Reward: 6935.027
Total T: 557000 Episode Num: 557 Episode T: 1000 Reward: 6819.396
Total T: 558000 Episode Num: 558 Episode T: 1000 Reward: 6522.923
Total T: 559000 Episode Num: 559 Episode T: 1000 Reward: 6859.018
Total T: 560000 Episode Num: 560 Episode T: 1000 Reward: 6750.336
---------------------------------------
Evaluation over 10 episodes: 6842.294
---------------------------------------
Total T: 561000 Episode Num: 561 Episode T: 1000 Reward: 6691.260
Total T: 562000 Episode Num: 562 Episode T: 1000 Reward: 6996.400
Total T: 563000 Episode Num: 563 Episode T: 1000 Reward: 7032.950
Total T: 564000 Episode Num: 564 Episode T: 1000 Reward: 6776.832
Total T: 565000 Episode Num: 565 Episode T: 1000 Reward: 7056.312
---------------------------------------
Evaluation over 10 episodes: 6966.544
---------------------------------------
Total T: 566000 Episode Num: 566 Episode T: 1000 Reward: 6913.345
Total T: 567000 Episode Num: 567 Episode T: 1000 Reward: 6944.125
Total T: 568000 Episode Num: 568 Episode T: 1000 Reward: 6677.245
Total T: 569000 Episode Num: 569 Episode T: 1000 Reward: 6790.143
Total T: 570000 Episode Num: 570 Episode T: 1000 Reward: 6655.318
---------------------------------------
Evaluation over 10 episodes: 6795.647
---------------------------------------
Total T: 571000 Episode Num: 571 Episode T: 1000 Reward: 6941.742
Total T: 572000 Episode Num: 572 Episode T: 1000 Reward: 6990.855
Total T: 573000 Episode Num: 573 Episode T: 1000 Reward: 6869.750
Total T: 574000 Episode Num: 574 Episode T: 1000 Reward: 7016.541
Total T: 575000 Episode Num: 575 Episode T: 1000 Reward: 6756.918
---------------------------------------
Evaluation over 10 episodes: 6837.178
---------------------------------------
Total T: 576000 Episode Num: 576 Episode T: 1000 Reward: 6645.393
Total T: 577000 Episode Num: 577 Episode T: 1000 Reward: 6609.177
Total T: 578000 Episode Num: 578 Episode T: 1000 Reward: 6613.818
Total T: 579000 Episode Num: 579 Episode T: 1000 Reward: 6876.061
Total T: 580000 Episode Num: 580 Episode T: 1000 Reward: 6909.864
---------------------------------------
Evaluation over 10 episodes: 6938.392
---------------------------------------
Total T: 581000 Episode Num: 581 Episode T: 1000 Reward: 6992.940
Total T: 582000 Episode Num: 582 Episode T: 1000 Reward: 7164.357
Total T: 583000 Episode Num: 583 Episode T: 1000 Reward: 7032.679
Total T: 584000 Episode Num: 584 Episode T: 1000 Reward: 7025.666
Total T: 585000 Episode Num: 585 Episode T: 1000 Reward: 7042.685
---------------------------------------
Evaluation over 10 episodes: 6879.745
---------------------------------------
Total T: 586000 Episode Num: 586 Episode T: 1000 Reward: 6980.760
Total T: 587000 Episode Num: 587 Episode T: 1000 Reward: 6788.083
Total T: 588000 Episode Num: 588 Episode T: 1000 Reward: 6872.259
Total T: 589000 Episode Num: 589 Episode T: 1000 Reward: 6850.281
Total T: 590000 Episode Num: 590 Episode T: 1000 Reward: 7124.327
---------------------------------------
Evaluation over 10 episodes: 6805.861
---------------------------------------
Total T: 591000 Episode Num: 591 Episode T: 1000 Reward: 6895.381
Total T: 592000 Episode Num: 592 Episode T: 1000 Reward: 6968.209
Total T: 593000 Episode Num: 593 Episode T: 1000 Reward: 7035.908
Total T: 594000 Episode Num: 594 Episode T: 1000 Reward: 7049.840
Total T: 595000 Episode Num: 595 Episode T: 1000 Reward: 6695.868
---------------------------------------
Evaluation over 10 episodes: 6810.721
---------------------------------------
Total T: 596000 Episode Num: 596 Episode T: 1000 Reward: 6932.488
Total T: 597000 Episode Num: 597 Episode T: 1000 Reward: 6600.049
Total T: 598000 Episode Num: 598 Episode T: 1000 Reward: 7029.715
Total T: 599000 Episode Num: 599 Episode T: 1000 Reward: 6907.138
Total T: 600000 Episode Num: 600 Episode T: 1000 Reward: 7224.873
---------------------------------------
Evaluation over 10 episodes: 6952.816
---------------------------------------
Total T: 601000 Episode Num: 601 Episode T: 1000 Reward: 6680.050
Total T: 602000 Episode Num: 602 Episode T: 1000 Reward: 6933.748
Total T: 603000 Episode Num: 603 Episode T: 1000 Reward: 6982.301
Total T: 604000 Episode Num: 604 Episode T: 1000 Reward: 6949.121
Total T: 605000 Episode Num: 605 Episode T: 1000 Reward: 7054.216
---------------------------------------
Evaluation over 10 episodes: 6964.457
---------------------------------------
Total T: 606000 Episode Num: 606 Episode T: 1000 Reward: 7157.147
Total T: 607000 Episode Num: 607 Episode T: 1000 Reward: 6799.964
Total T: 608000 Episode Num: 608 Episode T: 1000 Reward: 7222.252
Total T: 609000 Episode Num: 609 Episode T: 1000 Reward: 7059.063
Total T: 610000 Episode Num: 610 Episode T: 1000 Reward: 6792.676
---------------------------------------
Evaluation over 10 episodes: 6804.802
---------------------------------------
Total T: 611000 Episode Num: 611 Episode T: 1000 Reward: 6892.234
Total T: 612000 Episode Num: 612 Episode T: 1000 Reward: 6535.969
Total T: 613000 Episode Num: 613 Episode T: 1000 Reward: 6610.410
Total T: 614000 Episode Num: 614 Episode T: 1000 Reward: 6867.462
Total T: 615000 Episode Num: 615 Episode T: 1000 Reward: 7002.980
---------------------------------------
Evaluation over 10 episodes: 6914.813
---------------------------------------
Total T: 616000 Episode Num: 616 Episode T: 1000 Reward: 6919.345
Total T: 617000 Episode Num: 617 Episode T: 1000 Reward: 6918.370
Total T: 618000 Episode Num: 618 Episode T: 1000 Reward: 7111.840
Total T: 619000 Episode Num: 619 Episode T: 1000 Reward: 7237.841
Total T: 620000 Episode Num: 620 Episode T: 1000 Reward: 6796.243
---------------------------------------
Evaluation over 10 episodes: 6965.047
---------------------------------------
Total T: 621000 Episode Num: 621 Episode T: 1000 Reward: 6970.156
Total T: 622000 Episode Num: 622 Episode T: 1000 Reward: 6831.564
Total T: 623000 Episode Num: 623 Episode T: 1000 Reward: 7203.874
Total T: 624000 Episode Num: 624 Episode T: 1000 Reward: 7135.471
Total T: 625000 Episode Num: 625 Episode T: 1000 Reward: 6991.793
---------------------------------------
Evaluation over 10 episodes: 6989.879
---------------------------------------
Total T: 626000 Episode Num: 626 Episode T: 1000 Reward: 6871.230
Total T: 627000 Episode Num: 627 Episode T: 1000 Reward: 7201.670
Total T: 628000 Episode Num: 628 Episode T: 1000 Reward: 7105.731
Total T: 629000 Episode Num: 629 Episode T: 1000 Reward: 7039.954
Total T: 630000 Episode Num: 630 Episode T: 1000 Reward: 7141.912
---------------------------------------
Evaluation over 10 episodes: 7125.551
---------------------------------------
Total T: 631000 Episode Num: 631 Episode T: 1000 Reward: 6978.569
Total T: 632000 Episode Num: 632 Episode T: 1000 Reward: 7134.204
Total T: 633000 Episode Num: 633 Episode T: 1000 Reward: 6965.617
Total T: 634000 Episode Num: 634 Episode T: 1000 Reward: 6959.984
Total T: 635000 Episode Num: 635 Episode T: 1000 Reward: 7030.323
---------------------------------------
Evaluation over 10 episodes: 7140.519
---------------------------------------
Total T: 636000 Episode Num: 636 Episode T: 1000 Reward: 6849.312
Total T: 637000 Episode Num: 637 Episode T: 1000 Reward: 7076.074
Total T: 638000 Episode Num: 638 Episode T: 1000 Reward: 7085.934
Total T: 639000 Episode Num: 639 Episode T: 1000 Reward: 6946.394
Total T: 640000 Episode Num: 640 Episode T: 1000 Reward: 6940.585
---------------------------------------
Evaluation over 10 episodes: 7098.979
---------------------------------------
Total T: 641000 Episode Num: 641 Episode T: 1000 Reward: 7058.195
Total T: 642000 Episode Num: 642 Episode T: 1000 Reward: 7100.231
Total T: 643000 Episode Num: 643 Episode T: 1000 Reward: 7001.663
Total T: 644000 Episode Num: 644 Episode T: 1000 Reward: 7185.991
Total T: 645000 Episode Num: 645 Episode T: 1000 Reward: 7217.974
---------------------------------------
Evaluation over 10 episodes: 7025.100
---------------------------------------
Total T: 646000 Episode Num: 646 Episode T: 1000 Reward: 6984.687
Total T: 647000 Episode Num: 647 Episode T: 1000 Reward: 7110.393
Total T: 648000 Episode Num: 648 Episode T: 1000 Reward: 7207.892
Total T: 649000 Episode Num: 649 Episode T: 1000 Reward: 7101.926
Total T: 650000 Episode Num: 650 Episode T: 1000 Reward: 7162.465
---------------------------------------
Evaluation over 10 episodes: 6952.539
---------------------------------------
Total T: 651000 Episode Num: 651 Episode T: 1000 Reward: 7281.728
Total T: 652000 Episode Num: 652 Episode T: 1000 Reward: 7040.874
Total T: 653000 Episode Num: 653 Episode T: 1000 Reward: 7169.660
Total T: 654000 Episode Num: 654 Episode T: 1000 Reward: 6864.142
Total T: 655000 Episode Num: 655 Episode T: 1000 Reward: 7124.118
---------------------------------------
Evaluation over 10 episodes: 7173.829
---------------------------------------
Total T: 656000 Episode Num: 656 Episode T: 1000 Reward: 7140.810
Total T: 657000 Episode Num: 657 Episode T: 1000 Reward: 7235.777
Total T: 658000 Episode Num: 658 Episode T: 1000 Reward: 7098.456
Total T: 659000 Episode Num: 659 Episode T: 1000 Reward: 7146.615
Total T: 660000 Episode Num: 660 Episode T: 1000 Reward: 6942.827
---------------------------------------
Evaluation over 10 episodes: 7107.996
---------------------------------------
Total T: 661000 Episode Num: 661 Episode T: 1000 Reward: 7126.955
Total T: 662000 Episode Num: 662 Episode T: 1000 Reward: 7114.483
Total T: 663000 Episode Num: 663 Episode T: 1000 Reward: 7284.508
Total T: 664000 Episode Num: 664 Episode T: 1000 Reward: 7275.069
Total T: 665000 Episode Num: 665 Episode T: 1000 Reward: 7001.266
---------------------------------------
Evaluation over 10 episodes: 7096.308
---------------------------------------
Total T: 666000 Episode Num: 666 Episode T: 1000 Reward: 7120.652
Total T: 667000 Episode Num: 667 Episode T: 1000 Reward: 7379.858
Total T: 668000 Episode Num: 668 Episode T: 1000 Reward: 7201.598
Total T: 669000 Episode Num: 669 Episode T: 1000 Reward: 7129.516
Total T: 670000 Episode Num: 670 Episode T: 1000 Reward: 7108.483
---------------------------------------
Evaluation over 10 episodes: 7178.747
---------------------------------------
Total T: 671000 Episode Num: 671 Episode T: 1000 Reward: 6938.277
Total T: 672000 Episode Num: 672 Episode T: 1000 Reward: 7456.401
Total T: 673000 Episode Num: 673 Episode T: 1000 Reward: 7044.373
Total T: 674000 Episode Num: 674 Episode T: 1000 Reward: 7174.621
Total T: 675000 Episode Num: 675 Episode T: 1000 Reward: 7286.670
---------------------------------------
Evaluation over 10 episodes: 7209.701
---------------------------------------
Total T: 676000 Episode Num: 676 Episode T: 1000 Reward: 7086.502
Total T: 677000 Episode Num: 677 Episode T: 1000 Reward: 7059.675
Total T: 678000 Episode Num: 678 Episode T: 1000 Reward: 7037.401
Total T: 679000 Episode Num: 679 Episode T: 1000 Reward: 7229.620
Total T: 680000 Episode Num: 680 Episode T: 1000 Reward: 7025.031
---------------------------------------
Evaluation over 10 episodes: 7160.236
---------------------------------------
Total T: 681000 Episode Num: 681 Episode T: 1000 Reward: 7215.817
Total T: 682000 Episode Num: 682 Episode T: 1000 Reward: 7185.855
Total T: 683000 Episode Num: 683 Episode T: 1000 Reward: 7258.251
Total T: 684000 Episode Num: 684 Episode T: 1000 Reward: 7126.593
Total T: 685000 Episode Num: 685 Episode T: 1000 Reward: 7019.056
---------------------------------------
Evaluation over 10 episodes: 7240.097
---------------------------------------
Total T: 686000 Episode Num: 686 Episode T: 1000 Reward: 7225.364
Total T: 687000 Episode Num: 687 Episode T: 1000 Reward: 7217.115
Total T: 688000 Episode Num: 688 Episode T: 1000 Reward: 7252.822
Total T: 689000 Episode Num: 689 Episode T: 1000 Reward: 6972.563
Total T: 690000 Episode Num: 690 Episode T: 1000 Reward: 7184.207
---------------------------------------
Evaluation over 10 episodes: 7139.172
---------------------------------------
Total T: 691000 Episode Num: 691 Episode T: 1000 Reward: 7244.731
Total T: 692000 Episode Num: 692 Episode T: 1000 Reward: 7259.729
Total T: 693000 Episode Num: 693 Episode T: 1000 Reward: 7217.684
Total T: 694000 Episode Num: 694 Episode T: 1000 Reward: 7029.632
Total T: 695000 Episode Num: 695 Episode T: 1000 Reward: 7241.576
---------------------------------------
Evaluation over 10 episodes: 7150.235
---------------------------------------
Total T: 696000 Episode Num: 696 Episode T: 1000 Reward: 7148.386
Total T: 697000 Episode Num: 697 Episode T: 1000 Reward: 7257.792
Total T: 698000 Episode Num: 698 Episode T: 1000 Reward: 7268.327
Total T: 699000 Episode Num: 699 Episode T: 1000 Reward: 7304.729
Total T: 700000 Episode Num: 700 Episode T: 1000 Reward: 7351.150
---------------------------------------
Evaluation over 10 episodes: 7039.202
---------------------------------------
Total T: 701000 Episode Num: 701 Episode T: 1000 Reward: 7141.997
Total T: 702000 Episode Num: 702 Episode T: 1000 Reward: 7414.299
Total T: 703000 Episode Num: 703 Episode T: 1000 Reward: 7255.845
Total T: 704000 Episode Num: 704 Episode T: 1000 Reward: 7328.626
Total T: 705000 Episode Num: 705 Episode T: 1000 Reward: 7016.181
---------------------------------------
Evaluation over 10 episodes: 7206.761
---------------------------------------
Total T: 706000 Episode Num: 706 Episode T: 1000 Reward: 7181.702
Total T: 707000 Episode Num: 707 Episode T: 1000 Reward: 7065.087
Total T: 708000 Episode Num: 708 Episode T: 1000 Reward: 7038.591
Total T: 709000 Episode Num: 709 Episode T: 1000 Reward: 7098.168
Total T: 710000 Episode Num: 710 Episode T: 1000 Reward: 7165.312
---------------------------------------
Evaluation over 10 episodes: 7295.840
---------------------------------------
Total T: 711000 Episode Num: 711 Episode T: 1000 Reward: 7033.489
Total T: 712000 Episode Num: 712 Episode T: 1000 Reward: 7398.991
Total T: 713000 Episode Num: 713 Episode T: 1000 Reward: 7221.628
Total T: 714000 Episode Num: 714 Episode T: 1000 Reward: 7299.005
Total T: 715000 Episode Num: 715 Episode T: 1000 Reward: 7162.839
---------------------------------------
Evaluation over 10 episodes: 7287.567
---------------------------------------
Total T: 716000 Episode Num: 716 Episode T: 1000 Reward: 7460.784
Total T: 717000 Episode Num: 717 Episode T: 1000 Reward: 7374.864
Total T: 718000 Episode Num: 718 Episode T: 1000 Reward: 6864.958
Total T: 719000 Episode Num: 719 Episode T: 1000 Reward: 7358.732
Total T: 720000 Episode Num: 720 Episode T: 1000 Reward: 7409.202
---------------------------------------
Evaluation over 10 episodes: 7059.282
---------------------------------------
Total T: 721000 Episode Num: 721 Episode T: 1000 Reward: 6944.231
Total T: 722000 Episode Num: 722 Episode T: 1000 Reward: 7593.218
Total T: 723000 Episode Num: 723 Episode T: 1000 Reward: 7228.050
Total T: 724000 Episode Num: 724 Episode T: 1000 Reward: 7550.646
Total T: 725000 Episode Num: 725 Episode T: 1000 Reward: 7204.245
---------------------------------------
Evaluation over 10 episodes: 7150.863
---------------------------------------
Total T: 726000 Episode Num: 726 Episode T: 1000 Reward: 7203.171
Total T: 727000 Episode Num: 727 Episode T: 1000 Reward: 7364.029
Total T: 728000 Episode Num: 728 Episode T: 1000 Reward: 7241.934
Total T: 729000 Episode Num: 729 Episode T: 1000 Reward: 7232.258
Total T: 730000 Episode Num: 730 Episode T: 1000 Reward: 7043.242
---------------------------------------
Evaluation over 10 episodes: 7253.310
---------------------------------------
Total T: 731000 Episode Num: 731 Episode T: 1000 Reward: 7466.118
Total T: 732000 Episode Num: 732 Episode T: 1000 Reward: 7382.229
Total T: 733000 Episode Num: 733 Episode T: 1000 Reward: 7269.053
Total T: 734000 Episode Num: 734 Episode T: 1000 Reward: 7287.041
Total T: 735000 Episode Num: 735 Episode T: 1000 Reward: 7424.213
---------------------------------------
Evaluation over 10 episodes: 7316.003
---------------------------------------
Total T: 736000 Episode Num: 736 Episode T: 1000 Reward: 7397.085
Total T: 737000 Episode Num: 737 Episode T: 1000 Reward: 7379.333
Total T: 738000 Episode Num: 738 Episode T: 1000 Reward: 7348.689
Total T: 739000 Episode Num: 739 Episode T: 1000 Reward: 6967.279
Total T: 740000 Episode Num: 740 Episode T: 1000 Reward: 7265.927
---------------------------------------
Evaluation over 10 episodes: 7357.265
---------------------------------------
Total T: 741000 Episode Num: 741 Episode T: 1000 Reward: 7192.738
Total T: 742000 Episode Num: 742 Episode T: 1000 Reward: 7360.785
Total T: 743000 Episode Num: 743 Episode T: 1000 Reward: 7534.292
Total T: 744000 Episode Num: 744 Episode T: 1000 Reward: 7233.456
Total T: 745000 Episode Num: 745 Episode T: 1000 Reward: 7596.652
---------------------------------------
Evaluation over 10 episodes: 7398.260
---------------------------------------
Total T: 746000 Episode Num: 746 Episode T: 1000 Reward: 7515.164
Total T: 747000 Episode Num: 747 Episode T: 1000 Reward: 7150.953
Total T: 748000 Episode Num: 748 Episode T: 1000 Reward: 7240.943
Total T: 749000 Episode Num: 749 Episode T: 1000 Reward: 7450.783
Total T: 750000 Episode Num: 750 Episode T: 1000 Reward: 6927.457
---------------------------------------
Evaluation over 10 episodes: 7420.525
---------------------------------------
Total T: 751000 Episode Num: 751 Episode T: 1000 Reward: 7122.780
Total T: 752000 Episode Num: 752 Episode T: 1000 Reward: 7336.702
Total T: 753000 Episode Num: 753 Episode T: 1000 Reward: 7508.562
Total T: 754000 Episode Num: 754 Episode T: 1000 Reward: 7319.778
Total T: 755000 Episode Num: 755 Episode T: 1000 Reward: 7263.211
---------------------------------------
Evaluation over 10 episodes: 7451.459
---------------------------------------
Total T: 756000 Episode Num: 756 Episode T: 1000 Reward: 7494.044
Total T: 757000 Episode Num: 757 Episode T: 1000 Reward: 7382.785
Total T: 758000 Episode Num: 758 Episode T: 1000 Reward: 7664.244
Total T: 759000 Episode Num: 759 Episode T: 1000 Reward: 7345.119
Total T: 760000 Episode Num: 760 Episode T: 1000 Reward: 7283.400
---------------------------------------
Evaluation over 10 episodes: 7322.898
---------------------------------------
Total T: 761000 Episode Num: 761 Episode T: 1000 Reward: 7579.308
Total T: 762000 Episode Num: 762 Episode T: 1000 Reward: 7271.723
Total T: 763000 Episode Num: 763 Episode T: 1000 Reward: 7386.527
Total T: 764000 Episode Num: 764 Episode T: 1000 Reward: 7221.436
Total T: 765000 Episode Num: 765 Episode T: 1000 Reward: 7123.230
---------------------------------------
Evaluation over 10 episodes: 7409.688
---------------------------------------
Total T: 766000 Episode Num: 766 Episode T: 1000 Reward: 7205.883
Total T: 767000 Episode Num: 767 Episode T: 1000 Reward: 7503.451
Total T: 768000 Episode Num: 768 Episode T: 1000 Reward: 7485.110
Total T: 769000 Episode Num: 769 Episode T: 1000 Reward: 7238.287
Total T: 770000 Episode Num: 770 Episode T: 1000 Reward: 7523.562
---------------------------------------
Evaluation over 10 episodes: 7381.387
---------------------------------------
Total T: 771000 Episode Num: 771 Episode T: 1000 Reward: 7314.938
Total T: 772000 Episode Num: 772 Episode T: 1000 Reward: 7807.471
Total T: 773000 Episode Num: 773 Episode T: 1000 Reward: 7348.581
Total T: 774000 Episode Num: 774 Episode T: 1000 Reward: 7559.206
Total T: 775000 Episode Num: 775 Episode T: 1000 Reward: 7369.393
---------------------------------------
Evaluation over 10 episodes: 7413.500
---------------------------------------
Total T: 776000 Episode Num: 776 Episode T: 1000 Reward: 7494.784
Total T: 777000 Episode Num: 777 Episode T: 1000 Reward: 7191.808
Total T: 778000 Episode Num: 778 Episode T: 1000 Reward: 7476.695
Total T: 779000 Episode Num: 779 Episode T: 1000 Reward: 7506.572
Total T: 780000 Episode Num: 780 Episode T: 1000 Reward: 7432.401
---------------------------------------
Evaluation over 10 episodes: 7527.658
---------------------------------------
Total T: 781000 Episode Num: 781 Episode T: 1000 Reward: 7792.927
Total T: 782000 Episode Num: 782 Episode T: 1000 Reward: 7241.704
Total T: 783000 Episode Num: 783 Episode T: 1000 Reward: 7522.026
Total T: 784000 Episode Num: 784 Episode T: 1000 Reward: 7318.753
Total T: 785000 Episode Num: 785 Episode T: 1000 Reward: 7699.485
---------------------------------------
Evaluation over 10 episodes: 7339.321
---------------------------------------
Total T: 786000 Episode Num: 786 Episode T: 1000 Reward: 7235.785
Total T: 787000 Episode Num: 787 Episode T: 1000 Reward: 7530.892
Total T: 788000 Episode Num: 788 Episode T: 1000 Reward: 7439.745
Total T: 789000 Episode Num: 789 Episode T: 1000 Reward: 7363.925
Total T: 790000 Episode Num: 790 Episode T: 1000 Reward: 7601.579
---------------------------------------
Evaluation over 10 episodes: 7548.164
---------------------------------------
Total T: 791000 Episode Num: 791 Episode T: 1000 Reward: 7470.278
Total T: 792000 Episode Num: 792 Episode T: 1000 Reward: 7723.268
Total T: 793000 Episode Num: 793 Episode T: 1000 Reward: 7484.320
Total T: 794000 Episode Num: 794 Episode T: 1000 Reward: 7558.685
Total T: 795000 Episode Num: 795 Episode T: 1000 Reward: 7391.659
---------------------------------------
Evaluation over 10 episodes: 7507.196
---------------------------------------
Total T: 796000 Episode Num: 796 Episode T: 1000 Reward: 7809.956
Total T: 797000 Episode Num: 797 Episode T: 1000 Reward: 7217.020
Total T: 798000 Episode Num: 798 Episode T: 1000 Reward: 7168.908
Total T: 799000 Episode Num: 799 Episode T: 1000 Reward: 7567.072
Total T: 800000 Episode Num: 800 Episode T: 1000 Reward: 7755.122
---------------------------------------
Evaluation over 10 episodes: 7566.919
---------------------------------------
Total T: 801000 Episode Num: 801 Episode T: 1000 Reward: 7453.046
Total T: 802000 Episode Num: 802 Episode T: 1000 Reward: 7338.313
Total T: 803000 Episode Num: 803 Episode T: 1000 Reward: 7819.491
Total T: 804000 Episode Num: 804 Episode T: 1000 Reward: 7489.385
Total T: 805000 Episode Num: 805 Episode T: 1000 Reward: 7324.843
---------------------------------------
Evaluation over 10 episodes: 7555.504
---------------------------------------
Total T: 806000 Episode Num: 806 Episode T: 1000 Reward: 7229.346
Total T: 807000 Episode Num: 807 Episode T: 1000 Reward: 7414.297
Total T: 808000 Episode Num: 808 Episode T: 1000 Reward: 7303.080
Total T: 809000 Episode Num: 809 Episode T: 1000 Reward: 7728.377
Total T: 810000 Episode Num: 810 Episode T: 1000 Reward: 7327.778
---------------------------------------
Evaluation over 10 episodes: 7445.489
---------------------------------------
Total T: 811000 Episode Num: 811 Episode T: 1000 Reward: 7571.752
Total T: 812000 Episode Num: 812 Episode T: 1000 Reward: 7710.774
Total T: 813000 Episode Num: 813 Episode T: 1000 Reward: 7801.934
Total T: 814000 Episode Num: 814 Episode T: 1000 Reward: 7310.014
Total T: 815000 Episode Num: 815 Episode T: 1000 Reward: 7714.425
---------------------------------------
Evaluation over 10 episodes: 7475.998
---------------------------------------
Total T: 816000 Episode Num: 816 Episode T: 1000 Reward: 7478.053
Total T: 817000 Episode Num: 817 Episode T: 1000 Reward: 7760.009
Total T: 818000 Episode Num: 818 Episode T: 1000 Reward: 7424.648
Total T: 819000 Episode Num: 819 Episode T: 1000 Reward: 7447.497
Total T: 820000 Episode Num: 820 Episode T: 1000 Reward: 7559.836
---------------------------------------
Evaluation over 10 episodes: 7586.286
---------------------------------------
Total T: 821000 Episode Num: 821 Episode T: 1000 Reward: 7401.506
Total T: 822000 Episode Num: 822 Episode T: 1000 Reward: 7592.221
Total T: 823000 Episode Num: 823 Episode T: 1000 Reward: 7584.719
Total T: 824000 Episode Num: 824 Episode T: 1000 Reward: 7507.772
Total T: 825000 Episode Num: 825 Episode T: 1000 Reward: 7691.465
---------------------------------------
Evaluation over 10 episodes: 7491.891
---------------------------------------
Total T: 826000 Episode Num: 826 Episode T: 1000 Reward: 7338.001
Total T: 827000 Episode Num: 827 Episode T: 1000 Reward: 7540.984
Total T: 828000 Episode Num: 828 Episode T: 1000 Reward: 7726.865
Total T: 829000 Episode Num: 829 Episode T: 1000 Reward: 7609.970
Total T: 830000 Episode Num: 830 Episode T: 1000 Reward: 7407.508
---------------------------------------
Evaluation over 10 episodes: 7510.538
---------------------------------------
Total T: 831000 Episode Num: 831 Episode T: 1000 Reward: 7675.895
Total T: 832000 Episode Num: 832 Episode T: 1000 Reward: 7358.846
Total T: 833000 Episode Num: 833 Episode T: 1000 Reward: 7877.575
Total T: 834000 Episode Num: 834 Episode T: 1000 Reward: 7533.308
Total T: 835000 Episode Num: 835 Episode T: 1000 Reward: 7672.187
---------------------------------------
Evaluation over 10 episodes: 7612.177
---------------------------------------
Total T: 836000 Episode Num: 836 Episode T: 1000 Reward: 7506.341
Total T: 837000 Episode Num: 837 Episode T: 1000 Reward: 8001.914
Total T: 838000 Episode Num: 838 Episode T: 1000 Reward: 7625.358
Total T: 839000 Episode Num: 839 Episode T: 1000 Reward: 7796.153
Total T: 840000 Episode Num: 840 Episode T: 1000 Reward: 7466.257
---------------------------------------
Evaluation over 10 episodes: 7586.844
---------------------------------------
Total T: 841000 Episode Num: 841 Episode T: 1000 Reward: 7199.107
Total T: 842000 Episode Num: 842 Episode T: 1000 Reward: 7747.988
Total T: 843000 Episode Num: 843 Episode T: 1000 Reward: 7774.179
Total T: 844000 Episode Num: 844 Episode T: 1000 Reward: 7692.554
Total T: 845000 Episode Num: 845 Episode T: 1000 Reward: 7421.614
---------------------------------------
Evaluation over 10 episodes: 7658.187
---------------------------------------
Total T: 846000 Episode Num: 846 Episode T: 1000 Reward: 7446.725
Total T: 847000 Episode Num: 847 Episode T: 1000 Reward: 7714.939
Total T: 848000 Episode Num: 848 Episode T: 1000 Reward: 7439.155
Total T: 849000 Episode Num: 849 Episode T: 1000 Reward: 7600.155
Total T: 850000 Episode Num: 850 Episode T: 1000 Reward: 7749.683
---------------------------------------
Evaluation over 10 episodes: 7711.034
---------------------------------------
Total T: 851000 Episode Num: 851 Episode T: 1000 Reward: 7514.710
Total T: 852000 Episode Num: 852 Episode T: 1000 Reward: 7654.319
Total T: 853000 Episode Num: 853 Episode T: 1000 Reward: 7793.195
Total T: 854000 Episode Num: 854 Episode T: 1000 Reward: 7528.985
Total T: 855000 Episode Num: 855 Episode T: 1000 Reward: 7965.865
---------------------------------------
Evaluation over 10 episodes: 7604.097
---------------------------------------
Total T: 856000 Episode Num: 856 Episode T: 1000 Reward: 7495.292
Total T: 857000 Episode Num: 857 Episode T: 1000 Reward: 7620.285
Total T: 858000 Episode Num: 858 Episode T: 1000 Reward: 7561.638
Total T: 859000 Episode Num: 859 Episode T: 1000 Reward: 7712.612
Total T: 860000 Episode Num: 860 Episode T: 1000 Reward: 7135.472
---------------------------------------
Evaluation over 10 episodes: 7589.848
---------------------------------------
Total T: 861000 Episode Num: 861 Episode T: 1000 Reward: 7730.797
Total T: 862000 Episode Num: 862 Episode T: 1000 Reward: 7528.322
Total T: 863000 Episode Num: 863 Episode T: 1000 Reward: 7653.546
Total T: 864000 Episode Num: 864 Episode T: 1000 Reward: 7306.925
Total T: 865000 Episode Num: 865 Episode T: 1000 Reward: 7841.420
---------------------------------------
Evaluation over 10 episodes: 7588.648
---------------------------------------
Total T: 866000 Episode Num: 866 Episode T: 1000 Reward: 7828.076
Total T: 867000 Episode Num: 867 Episode T: 1000 Reward: 7814.835
Total T: 868000 Episode Num: 868 Episode T: 1000 Reward: 7754.279
Total T: 869000 Episode Num: 869 Episode T: 1000 Reward: 7440.987
Total T: 870000 Episode Num: 870 Episode T: 1000 Reward: 7974.221
---------------------------------------
Evaluation over 10 episodes: 7836.525
---------------------------------------
Total T: 871000 Episode Num: 871 Episode T: 1000 Reward: 7531.596
Total T: 872000 Episode Num: 872 Episode T: 1000 Reward: 7409.818
Total T: 873000 Episode Num: 873 Episode T: 1000 Reward: 7718.229
Total T: 874000 Episode Num: 874 Episode T: 1000 Reward: 7724.304
Total T: 875000 Episode Num: 875 Episode T: 1000 Reward: 7669.213
---------------------------------------
Evaluation over 10 episodes: 7830.418
---------------------------------------
Total T: 876000 Episode Num: 876 Episode T: 1000 Reward: 7800.543
Total T: 877000 Episode Num: 877 Episode T: 1000 Reward: 7324.847
Total T: 878000 Episode Num: 878 Episode T: 1000 Reward: 7507.192
Total T: 879000 Episode Num: 879 Episode T: 1000 Reward: 7874.210
Total T: 880000 Episode Num: 880 Episode T: 1000 Reward: 7509.987
---------------------------------------
Evaluation over 10 episodes: 7703.313
---------------------------------------
Total T: 881000 Episode Num: 881 Episode T: 1000 Reward: 8065.100
Total T: 882000 Episode Num: 882 Episode T: 1000 Reward: 7869.955
Total T: 883000 Episode Num: 883 Episode T: 1000 Reward: 7551.452
Total T: 884000 Episode Num: 884 Episode T: 1000 Reward: 7639.341
Total T: 885000 Episode Num: 885 Episode T: 1000 Reward: 7608.977
---------------------------------------
Evaluation over 10 episodes: 7654.702
---------------------------------------
Total T: 886000 Episode Num: 886 Episode T: 1000 Reward: 7570.049
Total T: 887000 Episode Num: 887 Episode T: 1000 Reward: 7697.528
Total T: 888000 Episode Num: 888 Episode T: 1000 Reward: 7549.564
Total T: 889000 Episode Num: 889 Episode T: 1000 Reward: 7828.056
Total T: 890000 Episode Num: 890 Episode T: 1000 Reward: 7847.045
---------------------------------------
Evaluation over 10 episodes: 7685.791
---------------------------------------
Total T: 891000 Episode Num: 891 Episode T: 1000 Reward: 7839.991
Total T: 892000 Episode Num: 892 Episode T: 1000 Reward: 7616.730
Total T: 893000 Episode Num: 893 Episode T: 1000 Reward: 7653.223
Total T: 894000 Episode Num: 894 Episode T: 1000 Reward: 7803.803
Total T: 895000 Episode Num: 895 Episode T: 1000 Reward: 7663.034
---------------------------------------
Evaluation over 10 episodes: 7798.797
---------------------------------------
Total T: 896000 Episode Num: 896 Episode T: 1000 Reward: 7884.896
Total T: 897000 Episode Num: 897 Episode T: 1000 Reward: 7385.958
Total T: 898000 Episode Num: 898 Episode T: 1000 Reward: 7699.387
Total T: 899000 Episode Num: 899 Episode T: 1000 Reward: 7812.487
Total T: 900000 Episode Num: 900 Episode T: 1000 Reward: 8032.804
---------------------------------------
Evaluation over 10 episodes: 7864.901
---------------------------------------
Total T: 901000 Episode Num: 901 Episode T: 1000 Reward: 7945.051
Total T: 902000 Episode Num: 902 Episode T: 1000 Reward: 7470.472
Total T: 903000 Episode Num: 903 Episode T: 1000 Reward: 7838.292
Total T: 904000 Episode Num: 904 Episode T: 1000 Reward: 7763.860
Total T: 905000 Episode Num: 905 Episode T: 1000 Reward: 7900.332
---------------------------------------
Evaluation over 10 episodes: 7637.901
---------------------------------------
Total T: 906000 Episode Num: 906 Episode T: 1000 Reward: 7925.981
Total T: 907000 Episode Num: 907 Episode T: 1000 Reward: 7897.870
Total T: 908000 Episode Num: 908 Episode T: 1000 Reward: 7701.516
Total T: 909000 Episode Num: 909 Episode T: 1000 Reward: 7768.949
Total T: 910000 Episode Num: 910 Episode T: 1000 Reward: 7752.097
---------------------------------------
Evaluation over 10 episodes: 7768.658
---------------------------------------
Total T: 911000 Episode Num: 911 Episode T: 1000 Reward: 7753.298
Total T: 912000 Episode Num: 912 Episode T: 1000 Reward: 7759.199
Total T: 913000 Episode Num: 913 Episode T: 1000 Reward: 7754.744
Total T: 914000 Episode Num: 914 Episode T: 1000 Reward: 7818.083
Total T: 915000 Episode Num: 915 Episode T: 1000 Reward: 7628.084
---------------------------------------
Evaluation over 10 episodes: 7652.089
---------------------------------------
Total T: 916000 Episode Num: 916 Episode T: 1000 Reward: 7731.371
Total T: 917000 Episode Num: 917 Episode T: 1000 Reward: 7859.886
Total T: 918000 Episode Num: 918 Episode T: 1000 Reward: 7476.790
Total T: 919000 Episode Num: 919 Episode T: 1000 Reward: 7646.095
Total T: 920000 Episode Num: 920 Episode T: 1000 Reward: 7584.686
---------------------------------------
Evaluation over 10 episodes: 7781.534
---------------------------------------
Total T: 921000 Episode Num: 921 Episode T: 1000 Reward: 7964.444
Total T: 922000 Episode Num: 922 Episode T: 1000 Reward: 7601.119
Total T: 923000 Episode Num: 923 Episode T: 1000 Reward: 7846.648
Total T: 924000 Episode Num: 924 Episode T: 1000 Reward: 7724.449
Total T: 925000 Episode Num: 925 Episode T: 1000 Reward: 7985.772
---------------------------------------
Evaluation over 10 episodes: 7694.885
---------------------------------------
Total T: 926000 Episode Num: 926 Episode T: 1000 Reward: 7901.744
Total T: 927000 Episode Num: 927 Episode T: 1000 Reward: 7968.484
Total T: 928000 Episode Num: 928 Episode T: 1000 Reward: 7912.174
Total T: 929000 Episode Num: 929 Episode T: 1000 Reward: 8070.521
Total T: 930000 Episode Num: 930 Episode T: 1000 Reward: 7794.565
---------------------------------------
Evaluation over 10 episodes: 7881.731
---------------------------------------
Total T: 931000 Episode Num: 931 Episode T: 1000 Reward: 8125.599
Total T: 932000 Episode Num: 932 Episode T: 1000 Reward: 7663.373
Total T: 933000 Episode Num: 933 Episode T: 1000 Reward: 7821.089
Total T: 934000 Episode Num: 934 Episode T: 1000 Reward: 8000.137
Total T: 935000 Episode Num: 935 Episode T: 1000 Reward: 8202.655
---------------------------------------
Evaluation over 10 episodes: 7856.318
---------------------------------------
Total T: 936000 Episode Num: 936 Episode T: 1000 Reward: 7773.185
Total T: 937000 Episode Num: 937 Episode T: 1000 Reward: 7760.046
Total T: 938000 Episode Num: 938 Episode T: 1000 Reward: 8034.458
Total T: 939000 Episode Num: 939 Episode T: 1000 Reward: 7716.827
Total T: 940000 Episode Num: 940 Episode T: 1000 Reward: 8138.514
---------------------------------------
Evaluation over 10 episodes: 7945.785
---------------------------------------
Total T: 941000 Episode Num: 941 Episode T: 1000 Reward: 8366.987
Total T: 942000 Episode Num: 942 Episode T: 1000 Reward: 7527.261
Total T: 943000 Episode Num: 943 Episode T: 1000 Reward: 7706.508
Total T: 944000 Episode Num: 944 Episode T: 1000 Reward: 7755.173
Total T: 945000 Episode Num: 945 Episode T: 1000 Reward: 7918.063
---------------------------------------
Evaluation over 10 episodes: 7971.116
---------------------------------------
Total T: 946000 Episode Num: 946 Episode T: 1000 Reward: 7876.343
Total T: 947000 Episode Num: 947 Episode T: 1000 Reward: 7943.163
Total T: 948000 Episode Num: 948 Episode T: 1000 Reward: 7979.590
Total T: 949000 Episode Num: 949 Episode T: 1000 Reward: 7882.607
Total T: 950000 Episode Num: 950 Episode T: 1000 Reward: 7839.011
---------------------------------------
Evaluation over 10 episodes: 7844.612
---------------------------------------
Total T: 951000 Episode Num: 951 Episode T: 1000 Reward: 7892.651
Total T: 952000 Episode Num: 952 Episode T: 1000 Reward: 8213.098
Total T: 953000 Episode Num: 953 Episode T: 1000 Reward: 7623.833
Total T: 954000 Episode Num: 954 Episode T: 1000 Reward: 7706.581
Total T: 955000 Episode Num: 955 Episode T: 1000 Reward: 8155.360
---------------------------------------
Evaluation over 10 episodes: 7914.317
---------------------------------------
Total T: 956000 Episode Num: 956 Episode T: 1000 Reward: 7648.391
Total T: 957000 Episode Num: 957 Episode T: 1000 Reward: 7758.019
Total T: 958000 Episode Num: 958 Episode T: 1000 Reward: 7843.303
Total T: 959000 Episode Num: 959 Episode T: 1000 Reward: 7964.049
Total T: 960000 Episode Num: 960 Episode T: 1000 Reward: 7674.085
---------------------------------------
Evaluation over 10 episodes: 7985.082
---------------------------------------
Total T: 961000 Episode Num: 961 Episode T: 1000 Reward: 7966.862
Total T: 962000 Episode Num: 962 Episode T: 1000 Reward: 8017.832
Total T: 963000 Episode Num: 963 Episode T: 1000 Reward: 7925.566
Total T: 964000 Episode Num: 964 Episode T: 1000 Reward: 7890.088
Total T: 965000 Episode Num: 965 Episode T: 1000 Reward: 7794.003
---------------------------------------
Evaluation over 10 episodes: 7925.548
---------------------------------------
Total T: 966000 Episode Num: 966 Episode T: 1000 Reward: 7837.319
Total T: 967000 Episode Num: 967 Episode T: 1000 Reward: 8126.142
Total T: 968000 Episode Num: 968 Episode T: 1000 Reward: 7986.097
Total T: 969000 Episode Num: 969 Episode T: 1000 Reward: 7957.660
Total T: 970000 Episode Num: 970 Episode T: 1000 Reward: 7530.822
---------------------------------------
Evaluation over 10 episodes: 7982.524
---------------------------------------
Total T: 971000 Episode Num: 971 Episode T: 1000 Reward: 7283.105
Total T: 972000 Episode Num: 972 Episode T: 1000 Reward: 7695.445
Total T: 973000 Episode Num: 973 Episode T: 1000 Reward: 7933.655
Total T: 974000 Episode Num: 974 Episode T: 1000 Reward: 7620.253
Total T: 975000 Episode Num: 975 Episode T: 1000 Reward: 7990.468
---------------------------------------
Evaluation over 10 episodes: 7964.801
---------------------------------------
Total T: 976000 Episode Num: 976 Episode T: 1000 Reward: 8536.065
Total T: 977000 Episode Num: 977 Episode T: 1000 Reward: 7827.984
Total T: 978000 Episode Num: 978 Episode T: 1000 Reward: 7883.781
Total T: 979000 Episode Num: 979 Episode T: 1000 Reward: 7911.914
Total T: 980000 Episode Num: 980 Episode T: 1000 Reward: 8016.282
---------------------------------------
Evaluation over 10 episodes: 7920.856
---------------------------------------
Total T: 981000 Episode Num: 981 Episode T: 1000 Reward: 7775.053
Total T: 982000 Episode Num: 982 Episode T: 1000 Reward: 8135.974
Total T: 983000 Episode Num: 983 Episode T: 1000 Reward: 7680.083
Total T: 984000 Episode Num: 984 Episode T: 1000 Reward: 7697.157
Total T: 985000 Episode Num: 985 Episode T: 1000 Reward: 8224.784
---------------------------------------
Evaluation over 10 episodes: 8098.600
---------------------------------------
Total T: 986000 Episode Num: 986 Episode T: 1000 Reward: 7838.125
Total T: 987000 Episode Num: 987 Episode T: 1000 Reward: 7942.805
Total T: 988000 Episode Num: 988 Episode T: 1000 Reward: 7622.498
Total T: 989000 Episode Num: 989 Episode T: 1000 Reward: 8229.342
Total T: 990000 Episode Num: 990 Episode T: 1000 Reward: 8211.292
---------------------------------------
Evaluation over 10 episodes: 8192.725
---------------------------------------
Total T: 991000 Episode Num: 991 Episode T: 1000 Reward: 7943.023
Total T: 992000 Episode Num: 992 Episode T: 1000 Reward: 8015.306
Total T: 993000 Episode Num: 993 Episode T: 1000 Reward: 7678.111
Total T: 994000 Episode Num: 994 Episode T: 1000 Reward: 7663.736
Total T: 995000 Episode Num: 995 Episode T: 1000 Reward: 8043.638
---------------------------------------
Evaluation over 10 episodes: 8005.177
---------------------------------------
Total T: 996000 Episode Num: 996 Episode T: 1000 Reward: 7519.277
Total T: 997000 Episode Num: 997 Episode T: 1000 Reward: 7910.845
Total T: 998000 Episode Num: 998 Episode T: 1000 Reward: 8050.985
Total T: 999000 Episode Num: 999 Episode T: 1000 Reward: 7887.777
Total T: 1000000 Episode Num: 1000 Episode T: 1000 Reward: 7819.355
---------------------------------------
Evaluation over 10 episodes: 8072.242
---------------------------------------
