---------------------------------------
Policy: TD3, Env: HalfCheetah-v2, Seed: 0
---------------------------------------
---------------------------------------
Evaluation over 10 episodes: -1.189
---------------------------------------
Total T: 1000 Episode Num: 1 Episode T: 1000 Reward: -219.672
Total T: 2000 Episode Num: 2 Episode T: 1000 Reward: -106.039
Total T: 3000 Episode Num: 3 Episode T: 1000 Reward: -220.914
Total T: 4000 Episode Num: 4 Episode T: 1000 Reward: -290.907
Total T: 5000 Episode Num: 5 Episode T: 1000 Reward: -207.170
---------------------------------------
Evaluation over 10 episodes: -1.161
---------------------------------------
Total T: 6000 Episode Num: 6 Episode T: 1000 Reward: -322.279
Total T: 7000 Episode Num: 7 Episode T: 1000 Reward: -304.853
Total T: 8000 Episode Num: 8 Episode T: 1000 Reward: -181.700
Total T: 9000 Episode Num: 9 Episode T: 1000 Reward: -199.987
Total T: 10000 Episode Num: 10 Episode T: 1000 Reward: -329.518
---------------------------------------
Evaluation over 10 episodes: -1.120
---------------------------------------
Total T: 11000 Episode Num: 11 Episode T: 1000 Reward: -445.978
Total T: 12000 Episode Num: 12 Episode T: 1000 Reward: -353.981
Total T: 13000 Episode Num: 13 Episode T: 1000 Reward: -316.118
Total T: 14000 Episode Num: 14 Episode T: 1000 Reward: -257.009
Total T: 15000 Episode Num: 15 Episode T: 1000 Reward: -249.880
---------------------------------------
Evaluation over 10 episodes: -1.150
---------------------------------------
Total T: 16000 Episode Num: 16 Episode T: 1000 Reward: -224.323
Total T: 17000 Episode Num: 17 Episode T: 1000 Reward: -335.057
Total T: 18000 Episode Num: 18 Episode T: 1000 Reward: -334.295
Total T: 19000 Episode Num: 19 Episode T: 1000 Reward: -290.253
Total T: 20000 Episode Num: 20 Episode T: 1000 Reward: -311.408
---------------------------------------
Evaluation over 10 episodes: -1.132
---------------------------------------
Total T: 21000 Episode Num: 21 Episode T: 1000 Reward: -355.163
Total T: 22000 Episode Num: 22 Episode T: 1000 Reward: -220.378
Total T: 23000 Episode Num: 23 Episode T: 1000 Reward: -301.271
Total T: 24000 Episode Num: 24 Episode T: 1000 Reward: -162.298
Total T: 25000 Episode Num: 25 Episode T: 1000 Reward: -281.807
---------------------------------------
Evaluation over 10 episodes: -1.167
---------------------------------------
Total T: 26000 Episode Num: 26 Episode T: 1000 Reward: -510.884
Total T: 27000 Episode Num: 27 Episode T: 1000 Reward: -474.921
Total T: 28000 Episode Num: 28 Episode T: 1000 Reward: -376.024
Total T: 29000 Episode Num: 29 Episode T: 1000 Reward: -477.126
Total T: 30000 Episode Num: 30 Episode T: 1000 Reward: -353.616
---------------------------------------
Evaluation over 10 episodes: -471.122
---------------------------------------
Total T: 31000 Episode Num: 31 Episode T: 1000 Reward: -530.707
Total T: 32000 Episode Num: 32 Episode T: 1000 Reward: -278.568
Total T: 33000 Episode Num: 33 Episode T: 1000 Reward: -236.300
Total T: 34000 Episode Num: 34 Episode T: 1000 Reward: -164.642
Total T: 35000 Episode Num: 35 Episode T: 1000 Reward: -164.321
---------------------------------------
Evaluation over 10 episodes: -112.517
---------------------------------------
Total T: 36000 Episode Num: 36 Episode T: 1000 Reward: -300.512
Total T: 37000 Episode Num: 37 Episode T: 1000 Reward: -268.060
Total T: 38000 Episode Num: 38 Episode T: 1000 Reward: -284.307
Total T: 39000 Episode Num: 39 Episode T: 1000 Reward: -60.509
Total T: 40000 Episode Num: 40 Episode T: 1000 Reward: 242.511
---------------------------------------
Evaluation over 10 episodes: 196.173
---------------------------------------
Total T: 41000 Episode Num: 41 Episode T: 1000 Reward: 719.056
Total T: 42000 Episode Num: 42 Episode T: 1000 Reward: -24.029
Total T: 43000 Episode Num: 43 Episode T: 1000 Reward: 674.960
Total T: 44000 Episode Num: 44 Episode T: 1000 Reward: 458.514
Total T: 45000 Episode Num: 45 Episode T: 1000 Reward: 1069.727
---------------------------------------
Evaluation over 10 episodes: 1122.905
---------------------------------------
Total T: 46000 Episode Num: 46 Episode T: 1000 Reward: 1535.735
Total T: 47000 Episode Num: 47 Episode T: 1000 Reward: 903.604
Total T: 48000 Episode Num: 48 Episode T: 1000 Reward: 1207.460
Total T: 49000 Episode Num: 49 Episode T: 1000 Reward: 1193.808
Total T: 50000 Episode Num: 50 Episode T: 1000 Reward: 1613.670
---------------------------------------
Evaluation over 10 episodes: 1634.910
---------------------------------------
Total T: 51000 Episode Num: 51 Episode T: 1000 Reward: 1589.307
Total T: 52000 Episode Num: 52 Episode T: 1000 Reward: 1971.919
Total T: 53000 Episode Num: 53 Episode T: 1000 Reward: 2119.022
Total T: 54000 Episode Num: 54 Episode T: 1000 Reward: 1891.536
Total T: 55000 Episode Num: 55 Episode T: 1000 Reward: 2200.823
---------------------------------------
Evaluation over 10 episodes: 2228.818
---------------------------------------
Total T: 56000 Episode Num: 56 Episode T: 1000 Reward: 2245.328
Total T: 57000 Episode Num: 57 Episode T: 1000 Reward: 2258.508
Total T: 58000 Episode Num: 58 Episode T: 1000 Reward: 2555.261
Total T: 59000 Episode Num: 59 Episode T: 1000 Reward: 2184.168
Total T: 60000 Episode Num: 60 Episode T: 1000 Reward: 2452.697
---------------------------------------
Evaluation over 10 episodes: 2661.371
---------------------------------------
Total T: 61000 Episode Num: 61 Episode T: 1000 Reward: 2681.621
Total T: 62000 Episode Num: 62 Episode T: 1000 Reward: 2757.043
Total T: 63000 Episode Num: 63 Episode T: 1000 Reward: 2802.649
Total T: 64000 Episode Num: 64 Episode T: 1000 Reward: 2271.486
Total T: 65000 Episode Num: 65 Episode T: 1000 Reward: 2849.694
---------------------------------------
Evaluation over 10 episodes: 2917.841
---------------------------------------
Total T: 66000 Episode Num: 66 Episode T: 1000 Reward: 3155.105
Total T: 67000 Episode Num: 67 Episode T: 1000 Reward: 3240.473
Total T: 68000 Episode Num: 68 Episode T: 1000 Reward: 3187.138
Total T: 69000 Episode Num: 69 Episode T: 1000 Reward: 3389.803
Total T: 70000 Episode Num: 70 Episode T: 1000 Reward: 3587.544
---------------------------------------
Evaluation over 10 episodes: 2774.299
---------------------------------------
Total T: 71000 Episode Num: 71 Episode T: 1000 Reward: 3677.275
Total T: 72000 Episode Num: 72 Episode T: 1000 Reward: 3412.362
Total T: 73000 Episode Num: 73 Episode T: 1000 Reward: 3341.226
Total T: 74000 Episode Num: 74 Episode T: 1000 Reward: 1195.258
Total T: 75000 Episode Num: 75 Episode T: 1000 Reward: 3574.688
---------------------------------------
Evaluation over 10 episodes: 3028.201
---------------------------------------
Total T: 76000 Episode Num: 76 Episode T: 1000 Reward: 3231.397
Total T: 77000 Episode Num: 77 Episode T: 1000 Reward: 3783.625
Total T: 78000 Episode Num: 78 Episode T: 1000 Reward: 3740.841
Total T: 79000 Episode Num: 79 Episode T: 1000 Reward: 4091.633
Total T: 80000 Episode Num: 80 Episode T: 1000 Reward: 3778.955
---------------------------------------
Evaluation over 10 episodes: 3075.189
---------------------------------------
Total T: 81000 Episode Num: 81 Episode T: 1000 Reward: 3617.946
Total T: 82000 Episode Num: 82 Episode T: 1000 Reward: 3761.522
Total T: 83000 Episode Num: 83 Episode T: 1000 Reward: 1056.721
Total T: 84000 Episode Num: 84 Episode T: 1000 Reward: 3927.364
Total T: 85000 Episode Num: 85 Episode T: 1000 Reward: 4122.149
---------------------------------------
Evaluation over 10 episodes: 3772.466
---------------------------------------
Total T: 86000 Episode Num: 86 Episode T: 1000 Reward: 3950.426
Total T: 87000 Episode Num: 87 Episode T: 1000 Reward: 4011.389
Total T: 88000 Episode Num: 88 Episode T: 1000 Reward: 4239.030
Total T: 89000 Episode Num: 89 Episode T: 1000 Reward: 4160.982
Total T: 90000 Episode Num: 90 Episode T: 1000 Reward: 3352.549
---------------------------------------
Evaluation over 10 episodes: 4360.911
---------------------------------------
Total T: 91000 Episode Num: 91 Episode T: 1000 Reward: 4227.457
Total T: 92000 Episode Num: 92 Episode T: 1000 Reward: 4415.683
Total T: 93000 Episode Num: 93 Episode T: 1000 Reward: 4396.443
Total T: 94000 Episode Num: 94 Episode T: 1000 Reward: 4504.163
Total T: 95000 Episode Num: 95 Episode T: 1000 Reward: 4322.484
---------------------------------------
Evaluation over 10 episodes: 4377.226
---------------------------------------
Total T: 96000 Episode Num: 96 Episode T: 1000 Reward: 4475.207
Total T: 97000 Episode Num: 97 Episode T: 1000 Reward: 4287.664
Total T: 98000 Episode Num: 98 Episode T: 1000 Reward: 4313.517
Total T: 99000 Episode Num: 99 Episode T: 1000 Reward: 4216.469
Total T: 100000 Episode Num: 100 Episode T: 1000 Reward: 4498.288
---------------------------------------
Evaluation over 10 episodes: 4180.389
---------------------------------------
Total T: 101000 Episode Num: 101 Episode T: 1000 Reward: 4505.755
Total T: 102000 Episode Num: 102 Episode T: 1000 Reward: 4511.492
Total T: 103000 Episode Num: 103 Episode T: 1000 Reward: 4639.325
Total T: 104000 Episode Num: 104 Episode T: 1000 Reward: 4355.152
Total T: 105000 Episode Num: 105 Episode T: 1000 Reward: 4577.669
---------------------------------------
Evaluation over 10 episodes: 4600.317
---------------------------------------
Total T: 106000 Episode Num: 106 Episode T: 1000 Reward: 4633.752
Total T: 107000 Episode Num: 107 Episode T: 1000 Reward: 4426.166
Total T: 108000 Episode Num: 108 Episode T: 1000 Reward: 4496.413
Total T: 109000 Episode Num: 109 Episode T: 1000 Reward: 4690.765
Total T: 110000 Episode Num: 110 Episode T: 1000 Reward: 4590.092
---------------------------------------
Evaluation over 10 episodes: 4719.658
---------------------------------------
Total T: 111000 Episode Num: 111 Episode T: 1000 Reward: 4742.503
Total T: 112000 Episode Num: 112 Episode T: 1000 Reward: 4763.669
Total T: 113000 Episode Num: 113 Episode T: 1000 Reward: 4741.452
Total T: 114000 Episode Num: 114 Episode T: 1000 Reward: 4787.079
Total T: 115000 Episode Num: 115 Episode T: 1000 Reward: 4748.539
---------------------------------------
Evaluation over 10 episodes: 4258.189
---------------------------------------
Total T: 116000 Episode Num: 116 Episode T: 1000 Reward: 4979.514
Total T: 117000 Episode Num: 117 Episode T: 1000 Reward: 4949.755
Total T: 118000 Episode Num: 118 Episode T: 1000 Reward: 4928.009
Total T: 119000 Episode Num: 119 Episode T: 1000 Reward: 4783.246
Total T: 120000 Episode Num: 120 Episode T: 1000 Reward: 4927.340
---------------------------------------
Evaluation over 10 episodes: 4862.366
---------------------------------------
Total T: 121000 Episode Num: 121 Episode T: 1000 Reward: 5053.112
Total T: 122000 Episode Num: 122 Episode T: 1000 Reward: 4730.880
Total T: 123000 Episode Num: 123 Episode T: 1000 Reward: 5220.219
Total T: 124000 Episode Num: 124 Episode T: 1000 Reward: 5094.174
Total T: 125000 Episode Num: 125 Episode T: 1000 Reward: 5009.421
---------------------------------------
Evaluation over 10 episodes: 4933.233
---------------------------------------
Total T: 126000 Episode Num: 126 Episode T: 1000 Reward: 5067.381
Total T: 127000 Episode Num: 127 Episode T: 1000 Reward: 5443.397
Total T: 128000 Episode Num: 128 Episode T: 1000 Reward: 5053.355
Total T: 129000 Episode Num: 129 Episode T: 1000 Reward: 4780.859
Total T: 130000 Episode Num: 130 Episode T: 1000 Reward: 4940.974
---------------------------------------
Evaluation over 10 episodes: 4947.984
---------------------------------------
Total T: 131000 Episode Num: 131 Episode T: 1000 Reward: 4905.179
Total T: 132000 Episode Num: 132 Episode T: 1000 Reward: 5389.622
Total T: 133000 Episode Num: 133 Episode T: 1000 Reward: 4925.513
Total T: 134000 Episode Num: 134 Episode T: 1000 Reward: 4930.355
Total T: 135000 Episode Num: 135 Episode T: 1000 Reward: 5175.500
---------------------------------------
Evaluation over 10 episodes: 4458.412
---------------------------------------
Total T: 136000 Episode Num: 136 Episode T: 1000 Reward: 5152.962
Total T: 137000 Episode Num: 137 Episode T: 1000 Reward: 5017.593
Total T: 138000 Episode Num: 138 Episode T: 1000 Reward: 5161.865
Total T: 139000 Episode Num: 139 Episode T: 1000 Reward: 5118.957
Total T: 140000 Episode Num: 140 Episode T: 1000 Reward: 5363.318
---------------------------------------
Evaluation over 10 episodes: 5024.372
---------------------------------------
Total T: 141000 Episode Num: 141 Episode T: 1000 Reward: 5281.072
Total T: 142000 Episode Num: 142 Episode T: 1000 Reward: 5143.922
Total T: 143000 Episode Num: 143 Episode T: 1000 Reward: 5110.144
Total T: 144000 Episode Num: 144 Episode T: 1000 Reward: 5357.694
Total T: 145000 Episode Num: 145 Episode T: 1000 Reward: 5053.923
---------------------------------------
Evaluation over 10 episodes: 5128.079
---------------------------------------
Total T: 146000 Episode Num: 146 Episode T: 1000 Reward: 3711.081
Total T: 147000 Episode Num: 147 Episode T: 1000 Reward: 5238.195
Total T: 148000 Episode Num: 148 Episode T: 1000 Reward: 5138.071
Total T: 149000 Episode Num: 149 Episode T: 1000 Reward: 5220.932
Total T: 150000 Episode Num: 150 Episode T: 1000 Reward: 5211.553
---------------------------------------
Evaluation over 10 episodes: 5385.818
---------------------------------------
Total T: 151000 Episode Num: 151 Episode T: 1000 Reward: 5477.101
Total T: 152000 Episode Num: 152 Episode T: 1000 Reward: 4786.939
Total T: 153000 Episode Num: 153 Episode T: 1000 Reward: 5164.185
Total T: 154000 Episode Num: 154 Episode T: 1000 Reward: 5501.972
Total T: 155000 Episode Num: 155 Episode T: 1000 Reward: 5256.290
---------------------------------------
Evaluation over 10 episodes: 5346.088
---------------------------------------
Total T: 156000 Episode Num: 156 Episode T: 1000 Reward: 5298.203
Total T: 157000 Episode Num: 157 Episode T: 1000 Reward: 5524.177
Total T: 158000 Episode Num: 158 Episode T: 1000 Reward: 5582.260
Total T: 159000 Episode Num: 159 Episode T: 1000 Reward: 5167.978
Total T: 160000 Episode Num: 160 Episode T: 1000 Reward: 5317.863
---------------------------------------
Evaluation over 10 episodes: 5520.751
---------------------------------------
Total T: 161000 Episode Num: 161 Episode T: 1000 Reward: 5487.768
Total T: 162000 Episode Num: 162 Episode T: 1000 Reward: 5347.013
Total T: 163000 Episode Num: 163 Episode T: 1000 Reward: 5664.522
Total T: 164000 Episode Num: 164 Episode T: 1000 Reward: 5684.903
Total T: 165000 Episode Num: 165 Episode T: 1000 Reward: 5570.391
---------------------------------------
Evaluation over 10 episodes: 5347.833
---------------------------------------
Total T: 166000 Episode Num: 166 Episode T: 1000 Reward: 5338.037
Total T: 167000 Episode Num: 167 Episode T: 1000 Reward: 5404.572
Total T: 168000 Episode Num: 168 Episode T: 1000 Reward: 5658.922
Total T: 169000 Episode Num: 169 Episode T: 1000 Reward: 5447.350
Total T: 170000 Episode Num: 170 Episode T: 1000 Reward: 5740.431
---------------------------------------
Evaluation over 10 episodes: 5761.417
---------------------------------------
Total T: 171000 Episode Num: 171 Episode T: 1000 Reward: 5772.424
Total T: 172000 Episode Num: 172 Episode T: 1000 Reward: 5747.854
Total T: 173000 Episode Num: 173 Episode T: 1000 Reward: 5727.667
Total T: 174000 Episode Num: 174 Episode T: 1000 Reward: 5516.941
Total T: 175000 Episode Num: 175 Episode T: 1000 Reward: 5665.875
---------------------------------------
Evaluation over 10 episodes: 5896.156
---------------------------------------
Total T: 176000 Episode Num: 176 Episode T: 1000 Reward: 5672.213
Total T: 177000 Episode Num: 177 Episode T: 1000 Reward: 5569.062
Total T: 178000 Episode Num: 178 Episode T: 1000 Reward: 5650.246
Total T: 179000 Episode Num: 179 Episode T: 1000 Reward: 5912.419
Total T: 180000 Episode Num: 180 Episode T: 1000 Reward: 5783.824
---------------------------------------
Evaluation over 10 episodes: 4799.832
---------------------------------------
Total T: 181000 Episode Num: 181 Episode T: 1000 Reward: 6025.309
Total T: 182000 Episode Num: 182 Episode T: 1000 Reward: 5858.416
Total T: 183000 Episode Num: 183 Episode T: 1000 Reward: 5820.015
Total T: 184000 Episode Num: 184 Episode T: 1000 Reward: 5900.772
Total T: 185000 Episode Num: 185 Episode T: 1000 Reward: 5999.960
---------------------------------------
Evaluation over 10 episodes: 6035.938
---------------------------------------
Total T: 186000 Episode Num: 186 Episode T: 1000 Reward: 5873.324
Total T: 187000 Episode Num: 187 Episode T: 1000 Reward: 5521.664
Total T: 188000 Episode Num: 188 Episode T: 1000 Reward: 5712.916
Total T: 189000 Episode Num: 189 Episode T: 1000 Reward: 5502.349
Total T: 190000 Episode Num: 190 Episode T: 1000 Reward: 5832.137
---------------------------------------
Evaluation over 10 episodes: 5727.917
---------------------------------------
Total T: 191000 Episode Num: 191 Episode T: 1000 Reward: 5790.523
Total T: 192000 Episode Num: 192 Episode T: 1000 Reward: 5840.280
Total T: 193000 Episode Num: 193 Episode T: 1000 Reward: 2339.096
Total T: 194000 Episode Num: 194 Episode T: 1000 Reward: 6072.204
Total T: 195000 Episode Num: 195 Episode T: 1000 Reward: 5791.820
---------------------------------------
Evaluation over 10 episodes: 6003.657
---------------------------------------
Total T: 196000 Episode Num: 196 Episode T: 1000 Reward: 6010.305
Total T: 197000 Episode Num: 197 Episode T: 1000 Reward: 5916.341
Total T: 198000 Episode Num: 198 Episode T: 1000 Reward: 6273.522
Total T: 199000 Episode Num: 199 Episode T: 1000 Reward: 5919.165
Total T: 200000 Episode Num: 200 Episode T: 1000 Reward: 5827.109
---------------------------------------
Evaluation over 10 episodes: 6171.544
---------------------------------------
Total T: 201000 Episode Num: 201 Episode T: 1000 Reward: 5869.773
Total T: 202000 Episode Num: 202 Episode T: 1000 Reward: 6161.705
Total T: 203000 Episode Num: 203 Episode T: 1000 Reward: 6057.844
Total T: 204000 Episode Num: 204 Episode T: 1000 Reward: 5960.940
Total T: 205000 Episode Num: 205 Episode T: 1000 Reward: 5993.352
---------------------------------------
Evaluation over 10 episodes: 5557.453
---------------------------------------
Total T: 206000 Episode Num: 206 Episode T: 1000 Reward: 6186.075
Total T: 207000 Episode Num: 207 Episode T: 1000 Reward: 6066.534
Total T: 208000 Episode Num: 208 Episode T: 1000 Reward: 6187.429
Total T: 209000 Episode Num: 209 Episode T: 1000 Reward: 2130.114
Total T: 210000 Episode Num: 210 Episode T: 1000 Reward: 6195.044
---------------------------------------
Evaluation over 10 episodes: 6070.990
---------------------------------------
Total T: 211000 Episode Num: 211 Episode T: 1000 Reward: 6387.517
Total T: 212000 Episode Num: 212 Episode T: 1000 Reward: 5992.288
Total T: 213000 Episode Num: 213 Episode T: 1000 Reward: 6364.435
Total T: 214000 Episode Num: 214 Episode T: 1000 Reward: 6183.256
Total T: 215000 Episode Num: 215 Episode T: 1000 Reward: 6153.211
---------------------------------------
Evaluation over 10 episodes: 5781.939
---------------------------------------
Total T: 216000 Episode Num: 216 Episode T: 1000 Reward: 6067.630
Total T: 217000 Episode Num: 217 Episode T: 1000 Reward: 6024.922
Total T: 218000 Episode Num: 218 Episode T: 1000 Reward: 6123.453
Total T: 219000 Episode Num: 219 Episode T: 1000 Reward: 6065.862
Total T: 220000 Episode Num: 220 Episode T: 1000 Reward: 6403.517
---------------------------------------
Evaluation over 10 episodes: 6271.333
---------------------------------------
Total T: 221000 Episode Num: 221 Episode T: 1000 Reward: 6127.447
Total T: 222000 Episode Num: 222 Episode T: 1000 Reward: 6212.286
Total T: 223000 Episode Num: 223 Episode T: 1000 Reward: 6057.147
Total T: 224000 Episode Num: 224 Episode T: 1000 Reward: 2524.145
Total T: 225000 Episode Num: 225 Episode T: 1000 Reward: 6458.594
---------------------------------------
Evaluation over 10 episodes: 6147.929
---------------------------------------
Total T: 226000 Episode Num: 226 Episode T: 1000 Reward: 6243.051
Total T: 227000 Episode Num: 227 Episode T: 1000 Reward: 6500.910
Total T: 228000 Episode Num: 228 Episode T: 1000 Reward: 6137.897
Total T: 229000 Episode Num: 229 Episode T: 1000 Reward: 6233.809
Total T: 230000 Episode Num: 230 Episode T: 1000 Reward: 6370.817
---------------------------------------
Evaluation over 10 episodes: 6371.093
---------------------------------------
Total T: 231000 Episode Num: 231 Episode T: 1000 Reward: 6095.038
Total T: 232000 Episode Num: 232 Episode T: 1000 Reward: 6455.463
Total T: 233000 Episode Num: 233 Episode T: 1000 Reward: 6458.062
Total T: 234000 Episode Num: 234 Episode T: 1000 Reward: 6446.161
Total T: 235000 Episode Num: 235 Episode T: 1000 Reward: 6166.044
---------------------------------------
Evaluation over 10 episodes: 6302.605
---------------------------------------
Total T: 236000 Episode Num: 236 Episode T: 1000 Reward: 6261.847
Total T: 237000 Episode Num: 237 Episode T: 1000 Reward: 6580.205
Total T: 238000 Episode Num: 238 Episode T: 1000 Reward: 6494.420
Total T: 239000 Episode Num: 239 Episode T: 1000 Reward: 6391.720
Total T: 240000 Episode Num: 240 Episode T: 1000 Reward: 6441.137
---------------------------------------
Evaluation over 10 episodes: 6330.275
---------------------------------------
Total T: 241000 Episode Num: 241 Episode T: 1000 Reward: 6333.769
Total T: 242000 Episode Num: 242 Episode T: 1000 Reward: 6517.913
Total T: 243000 Episode Num: 243 Episode T: 1000 Reward: 6067.089
Total T: 244000 Episode Num: 244 Episode T: 1000 Reward: 6243.640
Total T: 245000 Episode Num: 245 Episode T: 1000 Reward: 5449.625
---------------------------------------
Evaluation over 10 episodes: 6335.969
---------------------------------------
Total T: 246000 Episode Num: 246 Episode T: 1000 Reward: 6538.608
Total T: 247000 Episode Num: 247 Episode T: 1000 Reward: 6756.314
Total T: 248000 Episode Num: 248 Episode T: 1000 Reward: 6624.196
Total T: 249000 Episode Num: 249 Episode T: 1000 Reward: 6487.618
Total T: 250000 Episode Num: 250 Episode T: 1000 Reward: 6451.947
---------------------------------------
Evaluation over 10 episodes: 6407.302
---------------------------------------
Total T: 251000 Episode Num: 251 Episode T: 1000 Reward: 6455.919
Total T: 252000 Episode Num: 252 Episode T: 1000 Reward: 6112.511
Total T: 253000 Episode Num: 253 Episode T: 1000 Reward: 6635.151
Total T: 254000 Episode Num: 254 Episode T: 1000 Reward: 6621.415
Total T: 255000 Episode Num: 255 Episode T: 1000 Reward: 6252.065
---------------------------------------
Evaluation over 10 episodes: 6297.128
---------------------------------------
Total T: 256000 Episode Num: 256 Episode T: 1000 Reward: 6736.362
Total T: 257000 Episode Num: 257 Episode T: 1000 Reward: 6719.274
Total T: 258000 Episode Num: 258 Episode T: 1000 Reward: 6578.601
Total T: 259000 Episode Num: 259 Episode T: 1000 Reward: 422.202
Total T: 260000 Episode Num: 260 Episode T: 1000 Reward: 6543.278
---------------------------------------
Evaluation over 10 episodes: 6686.087
---------------------------------------
Total T: 261000 Episode Num: 261 Episode T: 1000 Reward: 6562.233
Total T: 262000 Episode Num: 262 Episode T: 1000 Reward: 6914.241
Total T: 263000 Episode Num: 263 Episode T: 1000 Reward: 6503.294
Total T: 264000 Episode Num: 264 Episode T: 1000 Reward: 6876.647
Total T: 265000 Episode Num: 265 Episode T: 1000 Reward: 6613.791
---------------------------------------
Evaluation over 10 episodes: 6711.907
---------------------------------------
Total T: 266000 Episode Num: 266 Episode T: 1000 Reward: 6814.875
Total T: 267000 Episode Num: 267 Episode T: 1000 Reward: 6619.906
Total T: 268000 Episode Num: 268 Episode T: 1000 Reward: 6643.907
Total T: 269000 Episode Num: 269 Episode T: 1000 Reward: 6818.534
Total T: 270000 Episode Num: 270 Episode T: 1000 Reward: 6761.363
---------------------------------------
Evaluation over 10 episodes: 6676.037
---------------------------------------
Total T: 271000 Episode Num: 271 Episode T: 1000 Reward: 6863.202
Total T: 272000 Episode Num: 272 Episode T: 1000 Reward: 6649.048
Total T: 273000 Episode Num: 273 Episode T: 1000 Reward: 6822.680
Total T: 274000 Episode Num: 274 Episode T: 1000 Reward: 6710.865
Total T: 275000 Episode Num: 275 Episode T: 1000 Reward: 6860.699
---------------------------------------
Evaluation over 10 episodes: 6744.776
---------------------------------------
Total T: 276000 Episode Num: 276 Episode T: 1000 Reward: 6772.980
Total T: 277000 Episode Num: 277 Episode T: 1000 Reward: 6885.873
Total T: 278000 Episode Num: 278 Episode T: 1000 Reward: 6841.929
Total T: 279000 Episode Num: 279 Episode T: 1000 Reward: 6835.086
Total T: 280000 Episode Num: 280 Episode T: 1000 Reward: 7035.385
---------------------------------------
Evaluation over 10 episodes: 7028.865
---------------------------------------
Total T: 281000 Episode Num: 281 Episode T: 1000 Reward: 7025.769
Total T: 282000 Episode Num: 282 Episode T: 1000 Reward: 6819.578
Total T: 283000 Episode Num: 283 Episode T: 1000 Reward: 6826.234
Total T: 284000 Episode Num: 284 Episode T: 1000 Reward: 6623.729
Total T: 285000 Episode Num: 285 Episode T: 1000 Reward: 6903.582
---------------------------------------
Evaluation over 10 episodes: 6856.223
---------------------------------------
Total T: 286000 Episode Num: 286 Episode T: 1000 Reward: 6891.722
Total T: 287000 Episode Num: 287 Episode T: 1000 Reward: 6825.588
Total T: 288000 Episode Num: 288 Episode T: 1000 Reward: 6998.698
Total T: 289000 Episode Num: 289 Episode T: 1000 Reward: 6998.615
Total T: 290000 Episode Num: 290 Episode T: 1000 Reward: 6968.670
---------------------------------------
Evaluation over 10 episodes: 7057.023
---------------------------------------
Total T: 291000 Episode Num: 291 Episode T: 1000 Reward: 7086.265
Total T: 292000 Episode Num: 292 Episode T: 1000 Reward: 7122.269
Total T: 293000 Episode Num: 293 Episode T: 1000 Reward: 7095.500
Total T: 294000 Episode Num: 294 Episode T: 1000 Reward: 6798.415
Total T: 295000 Episode Num: 295 Episode T: 1000 Reward: 7015.317
---------------------------------------
Evaluation over 10 episodes: 6297.598
---------------------------------------
Total T: 296000 Episode Num: 296 Episode T: 1000 Reward: 6897.199
Total T: 297000 Episode Num: 297 Episode T: 1000 Reward: 7080.150
Total T: 298000 Episode Num: 298 Episode T: 1000 Reward: 3169.736
Total T: 299000 Episode Num: 299 Episode T: 1000 Reward: 7008.633
Total T: 300000 Episode Num: 300 Episode T: 1000 Reward: 7156.088
---------------------------------------
Evaluation over 10 episodes: 7033.568
---------------------------------------
Total T: 301000 Episode Num: 301 Episode T: 1000 Reward: 6940.549
Total T: 302000 Episode Num: 302 Episode T: 1000 Reward: 7134.263
Total T: 303000 Episode Num: 303 Episode T: 1000 Reward: 7435.568
Total T: 304000 Episode Num: 304 Episode T: 1000 Reward: 7223.015
Total T: 305000 Episode Num: 305 Episode T: 1000 Reward: 7128.654
---------------------------------------
Evaluation over 10 episodes: 7146.888
---------------------------------------
Total T: 306000 Episode Num: 306 Episode T: 1000 Reward: 7281.899
Total T: 307000 Episode Num: 307 Episode T: 1000 Reward: 7291.596
Total T: 308000 Episode Num: 308 Episode T: 1000 Reward: 7423.850
Total T: 309000 Episode Num: 309 Episode T: 1000 Reward: 6982.384
Total T: 310000 Episode Num: 310 Episode T: 1000 Reward: 7010.479
---------------------------------------
Evaluation over 10 episodes: 7205.321
---------------------------------------
Total T: 311000 Episode Num: 311 Episode T: 1000 Reward: 7381.170
Total T: 312000 Episode Num: 312 Episode T: 1000 Reward: 7174.330
Total T: 313000 Episode Num: 313 Episode T: 1000 Reward: 7399.774
Total T: 314000 Episode Num: 314 Episode T: 1000 Reward: 7182.237
Total T: 315000 Episode Num: 315 Episode T: 1000 Reward: 7278.877
---------------------------------------
Evaluation over 10 episodes: 7207.227
---------------------------------------
Total T: 316000 Episode Num: 316 Episode T: 1000 Reward: 7271.855
Total T: 317000 Episode Num: 317 Episode T: 1000 Reward: 7388.680
Total T: 318000 Episode Num: 318 Episode T: 1000 Reward: 6860.198
Total T: 319000 Episode Num: 319 Episode T: 1000 Reward: 7031.865
Total T: 320000 Episode Num: 320 Episode T: 1000 Reward: 7304.720
---------------------------------------
Evaluation over 10 episodes: 6993.351
---------------------------------------
Total T: 321000 Episode Num: 321 Episode T: 1000 Reward: 7340.721
Total T: 322000 Episode Num: 322 Episode T: 1000 Reward: 4444.664
Total T: 323000 Episode Num: 323 Episode T: 1000 Reward: 7266.053
Total T: 324000 Episode Num: 324 Episode T: 1000 Reward: 7339.270
Total T: 325000 Episode Num: 325 Episode T: 1000 Reward: 7339.145
---------------------------------------
Evaluation over 10 episodes: 7442.564
---------------------------------------
Total T: 326000 Episode Num: 326 Episode T: 1000 Reward: 7416.903
Total T: 327000 Episode Num: 327 Episode T: 1000 Reward: 7501.705
Total T: 328000 Episode Num: 328 Episode T: 1000 Reward: 7379.036
Total T: 329000 Episode Num: 329 Episode T: 1000 Reward: 7348.329
Total T: 330000 Episode Num: 330 Episode T: 1000 Reward: 6955.850
---------------------------------------
Evaluation over 10 episodes: 7466.853
---------------------------------------
Total T: 331000 Episode Num: 331 Episode T: 1000 Reward: 7380.605
Total T: 332000 Episode Num: 332 Episode T: 1000 Reward: 7540.066
Total T: 333000 Episode Num: 333 Episode T: 1000 Reward: 7161.140
Total T: 334000 Episode Num: 334 Episode T: 1000 Reward: 7367.841
Total T: 335000 Episode Num: 335 Episode T: 1000 Reward: 7501.429
---------------------------------------
Evaluation over 10 episodes: 7552.787
---------------------------------------
Total T: 336000 Episode Num: 336 Episode T: 1000 Reward: 7353.297
Total T: 337000 Episode Num: 337 Episode T: 1000 Reward: 7451.203
Total T: 338000 Episode Num: 338 Episode T: 1000 Reward: 7221.719
Total T: 339000 Episode Num: 339 Episode T: 1000 Reward: 7456.491
Total T: 340000 Episode Num: 340 Episode T: 1000 Reward: 7129.879
---------------------------------------
Evaluation over 10 episodes: 7384.720
---------------------------------------
Total T: 341000 Episode Num: 341 Episode T: 1000 Reward: 7460.990
Total T: 342000 Episode Num: 342 Episode T: 1000 Reward: 7240.663
Total T: 343000 Episode Num: 343 Episode T: 1000 Reward: 7291.719
Total T: 344000 Episode Num: 344 Episode T: 1000 Reward: 7256.705
Total T: 345000 Episode Num: 345 Episode T: 1000 Reward: 7381.975
---------------------------------------
Evaluation over 10 episodes: 7539.335
---------------------------------------
Total T: 346000 Episode Num: 346 Episode T: 1000 Reward: 7436.576
Total T: 347000 Episode Num: 347 Episode T: 1000 Reward: 7510.660
Total T: 348000 Episode Num: 348 Episode T: 1000 Reward: 7349.399
Total T: 349000 Episode Num: 349 Episode T: 1000 Reward: 7247.634
Total T: 350000 Episode Num: 350 Episode T: 1000 Reward: 7450.785
---------------------------------------
Evaluation over 10 episodes: 7582.703
---------------------------------------
Total T: 351000 Episode Num: 351 Episode T: 1000 Reward: 7384.192
Total T: 352000 Episode Num: 352 Episode T: 1000 Reward: 7473.735
Total T: 353000 Episode Num: 353 Episode T: 1000 Reward: 7137.036
Total T: 354000 Episode Num: 354 Episode T: 1000 Reward: 7242.397
Total T: 355000 Episode Num: 355 Episode T: 1000 Reward: 7498.169
---------------------------------------
Evaluation over 10 episodes: 7509.295
---------------------------------------
Total T: 356000 Episode Num: 356 Episode T: 1000 Reward: 7405.449
Total T: 357000 Episode Num: 357 Episode T: 1000 Reward: 7415.561
Total T: 358000 Episode Num: 358 Episode T: 1000 Reward: 7722.754
Total T: 359000 Episode Num: 359 Episode T: 1000 Reward: 7323.655
Total T: 360000 Episode Num: 360 Episode T: 1000 Reward: 7315.174
---------------------------------------
Evaluation over 10 episodes: 7449.045
---------------------------------------
Total T: 361000 Episode Num: 361 Episode T: 1000 Reward: 7502.486
Total T: 362000 Episode Num: 362 Episode T: 1000 Reward: 7558.152
Total T: 363000 Episode Num: 363 Episode T: 1000 Reward: 7430.842
Total T: 364000 Episode Num: 364 Episode T: 1000 Reward: 7482.045
Total T: 365000 Episode Num: 365 Episode T: 1000 Reward: 7575.223
---------------------------------------
Evaluation over 10 episodes: 7604.643
---------------------------------------
Total T: 366000 Episode Num: 366 Episode T: 1000 Reward: 7612.374
Total T: 367000 Episode Num: 367 Episode T: 1000 Reward: 7499.934
Total T: 368000 Episode Num: 368 Episode T: 1000 Reward: 7816.947