---------------------------------------
Policy: TD3, Env: HalfCheetah-v2, Seed: 0
---------------------------------------
---------------------------------------
Evaluation over 10 episodes: -1.117
---------------------------------------
Total T: 1000 Episode Num: 1 Episode T: 1000 Reward: -84.561
Total T: 2000 Episode Num: 2 Episode T: 1000 Reward: -196.987
Total T: 3000 Episode Num: 3 Episode T: 1000 Reward: -273.822
Total T: 4000 Episode Num: 4 Episode T: 1000 Reward: -318.564
Total T: 5000 Episode Num: 5 Episode T: 1000 Reward: -327.021
---------------------------------------
Evaluation over 10 episodes: -1.082
---------------------------------------
Total T: 6000 Episode Num: 6 Episode T: 1000 Reward: -264.925
Total T: 7000 Episode Num: 7 Episode T: 1000 Reward: -220.368
Total T: 8000 Episode Num: 8 Episode T: 1000 Reward: -225.893
Total T: 9000 Episode Num: 9 Episode T: 1000 Reward: -214.386
Total T: 10000 Episode Num: 10 Episode T: 1000 Reward: -382.655
---------------------------------------
Evaluation over 10 episodes: -1.050
---------------------------------------
Total T: 11000 Episode Num: 11 Episode T: 1000 Reward: -139.128
Total T: 12000 Episode Num: 12 Episode T: 1000 Reward: -336.605
Total T: 13000 Episode Num: 13 Episode T: 1000 Reward: -136.028
Total T: 14000 Episode Num: 14 Episode T: 1000 Reward: -260.581
Total T: 15000 Episode Num: 15 Episode T: 1000 Reward: -189.710
---------------------------------------
Evaluation over 10 episodes: -1.087
---------------------------------------
Total T: 16000 Episode Num: 16 Episode T: 1000 Reward: -422.034
Total T: 17000 Episode Num: 17 Episode T: 1000 Reward: -211.587
Total T: 18000 Episode Num: 18 Episode T: 1000 Reward: -266.017
Total T: 19000 Episode Num: 19 Episode T: 1000 Reward: -323.519
Total T: 20000 Episode Num: 20 Episode T: 1000 Reward: -295.989
---------------------------------------
Evaluation over 10 episodes: -1.061
---------------------------------------
Total T: 21000 Episode Num: 21 Episode T: 1000 Reward: -393.954
Total T: 22000 Episode Num: 22 Episode T: 1000 Reward: -190.956
Total T: 23000 Episode Num: 23 Episode T: 1000 Reward: -290.647
Total T: 24000 Episode Num: 24 Episode T: 1000 Reward: -324.111
Total T: 25000 Episode Num: 25 Episode T: 1000 Reward: -206.212
---------------------------------------
Evaluation over 10 episodes: -1.082
---------------------------------------
Total T: 26000 Episode Num: 26 Episode T: 1000 Reward: -434.599
Total T: 27000 Episode Num: 27 Episode T: 1000 Reward: -459.006
Total T: 28000 Episode Num: 28 Episode T: 1000 Reward: -437.148
Total T: 29000 Episode Num: 29 Episode T: 1000 Reward: -467.293
Total T: 30000 Episode Num: 30 Episode T: 1000 Reward: -418.922
---------------------------------------
Evaluation over 10 episodes: -434.594
---------------------------------------
Total T: 31000 Episode Num: 31 Episode T: 1000 Reward: -514.832
Total T: 32000 Episode Num: 32 Episode T: 1000 Reward: -395.149
Total T: 33000 Episode Num: 33 Episode T: 1000 Reward: -299.457
Total T: 34000 Episode Num: 34 Episode T: 1000 Reward: -295.364
Total T: 35000 Episode Num: 35 Episode T: 1000 Reward: -280.033
---------------------------------------
Evaluation over 10 episodes: -307.816
---------------------------------------
Total T: 36000 Episode Num: 36 Episode T: 1000 Reward: -412.377
Total T: 37000 Episode Num: 37 Episode T: 1000 Reward: -557.924
Total T: 38000 Episode Num: 38 Episode T: 1000 Reward: -257.505
Total T: 39000 Episode Num: 39 Episode T: 1000 Reward: 326.335
Total T: 40000 Episode Num: 40 Episode T: 1000 Reward: 137.782
---------------------------------------
Evaluation over 10 episodes: 450.080
---------------------------------------
Total T: 41000 Episode Num: 41 Episode T: 1000 Reward: 881.249
Total T: 42000 Episode Num: 42 Episode T: 1000 Reward: 575.834
Total T: 43000 Episode Num: 43 Episode T: 1000 Reward: 1623.373
Total T: 44000 Episode Num: 44 Episode T: 1000 Reward: 1744.076
Total T: 45000 Episode Num: 45 Episode T: 1000 Reward: 1199.358
---------------------------------------
Evaluation over 10 episodes: 1018.168
---------------------------------------
Total T: 46000 Episode Num: 46 Episode T: 1000 Reward: 1271.100
Total T: 47000 Episode Num: 47 Episode T: 1000 Reward: 1701.566
Total T: 48000 Episode Num: 48 Episode T: 1000 Reward: 2278.616
Total T: 49000 Episode Num: 49 Episode T: 1000 Reward: 2409.122
Total T: 50000 Episode Num: 50 Episode T: 1000 Reward: 1512.682
---------------------------------------
Evaluation over 10 episodes: 2706.309
---------------------------------------
Total T: 51000 Episode Num: 51 Episode T: 1000 Reward: 2671.459
Total T: 52000 Episode Num: 52 Episode T: 1000 Reward: 2830.703
Total T: 53000 Episode Num: 53 Episode T: 1000 Reward: 3084.517
Total T: 54000 Episode Num: 54 Episode T: 1000 Reward: 2907.790
Total T: 55000 Episode Num: 55 Episode T: 1000 Reward: 3103.575
---------------------------------------
Evaluation over 10 episodes: 1810.893
---------------------------------------
Total T: 56000 Episode Num: 56 Episode T: 1000 Reward: 2396.035
Total T: 57000 Episode Num: 57 Episode T: 1000 Reward: 2850.991
Total T: 58000 Episode Num: 58 Episode T: 1000 Reward: 3047.117
Total T: 59000 Episode Num: 59 Episode T: 1000 Reward: 3259.268
Total T: 60000 Episode Num: 60 Episode T: 1000 Reward: 3128.465
---------------------------------------
Evaluation over 10 episodes: 3082.776
---------------------------------------
Total T: 61000 Episode Num: 61 Episode T: 1000 Reward: 3216.872
Total T: 62000 Episode Num: 62 Episode T: 1000 Reward: 3284.498
Total T: 63000 Episode Num: 63 Episode T: 1000 Reward: 3452.688
Total T: 64000 Episode Num: 64 Episode T: 1000 Reward: 3490.761
Total T: 65000 Episode Num: 65 Episode T: 1000 Reward: 3500.844
---------------------------------------
Evaluation over 10 episodes: 3458.268
---------------------------------------
Total T: 66000 Episode Num: 66 Episode T: 1000 Reward: 3332.305
Total T: 67000 Episode Num: 67 Episode T: 1000 Reward: 3315.719
Total T: 68000 Episode Num: 68 Episode T: 1000 Reward: 3603.041
Total T: 69000 Episode Num: 69 Episode T: 1000 Reward: 3763.373
Total T: 70000 Episode Num: 70 Episode T: 1000 Reward: 3727.896
---------------------------------------
Evaluation over 10 episodes: 3701.887
---------------------------------------
Total T: 71000 Episode Num: 71 Episode T: 1000 Reward: 3580.052
Total T: 72000 Episode Num: 72 Episode T: 1000 Reward: 3744.922
Total T: 73000 Episode Num: 73 Episode T: 1000 Reward: 1903.655
Total T: 74000 Episode Num: 74 Episode T: 1000 Reward: 3883.677
Total T: 75000 Episode Num: 75 Episode T: 1000 Reward: 3826.439
---------------------------------------
Evaluation over 10 episodes: 3842.558
---------------------------------------
Total T: 76000 Episode Num: 76 Episode T: 1000 Reward: 3729.289
Total T: 77000 Episode Num: 77 Episode T: 1000 Reward: 3773.491
Total T: 78000 Episode Num: 78 Episode T: 1000 Reward: 3818.823
Total T: 79000 Episode Num: 79 Episode T: 1000 Reward: 3928.303
Total T: 80000 Episode Num: 80 Episode T: 1000 Reward: 4165.826
---------------------------------------
Evaluation over 10 episodes: 3987.951
---------------------------------------
Total T: 81000 Episode Num: 81 Episode T: 1000 Reward: 4000.447
Total T: 82000 Episode Num: 82 Episode T: 1000 Reward: 3903.952
Total T: 83000 Episode Num: 83 Episode T: 1000 Reward: 4090.445
Total T: 84000 Episode Num: 84 Episode T: 1000 Reward: 4188.420
Total T: 85000 Episode Num: 85 Episode T: 1000 Reward: 4500.157
---------------------------------------
Evaluation over 10 episodes: 4362.247
---------------------------------------
Total T: 86000 Episode Num: 86 Episode T: 1000 Reward: 4374.618
Total T: 87000 Episode Num: 87 Episode T: 1000 Reward: 4548.443
Total T: 88000 Episode Num: 88 Episode T: 1000 Reward: 111.655
Total T: 89000 Episode Num: 89 Episode T: 1000 Reward: 4124.222
Total T: 90000 Episode Num: 90 Episode T: 1000 Reward: 4282.983
---------------------------------------
Evaluation over 10 episodes: 4541.459
---------------------------------------
Total T: 91000 Episode Num: 91 Episode T: 1000 Reward: 4491.815
Total T: 92000 Episode Num: 92 Episode T: 1000 Reward: 4488.034
Total T: 93000 Episode Num: 93 Episode T: 1000 Reward: 4294.996
Total T: 94000 Episode Num: 94 Episode T: 1000 Reward: 4268.028
Total T: 95000 Episode Num: 95 Episode T: 1000 Reward: 4335.599
---------------------------------------
Evaluation over 10 episodes: 4546.508
---------------------------------------
Total T: 96000 Episode Num: 96 Episode T: 1000 Reward: 4661.882
Total T: 97000 Episode Num: 97 Episode T: 1000 Reward: 4726.900
Total T: 98000 Episode Num: 98 Episode T: 1000 Reward: 4607.020
Total T: 99000 Episode Num: 99 Episode T: 1000 Reward: 4348.596
Total T: 100000 Episode Num: 100 Episode T: 1000 Reward: 4618.894
---------------------------------------
Evaluation over 10 episodes: 4787.316
---------------------------------------
Total T: 101000 Episode Num: 101 Episode T: 1000 Reward: 4585.308
Total T: 102000 Episode Num: 102 Episode T: 1000 Reward: 4394.115
Total T: 103000 Episode Num: 103 Episode T: 1000 Reward: 4820.141
Total T: 104000 Episode Num: 104 Episode T: 1000 Reward: 4947.215
Total T: 105000 Episode Num: 105 Episode T: 1000 Reward: 4599.277
---------------------------------------
Evaluation over 10 episodes: 4901.779
---------------------------------------
Total T: 106000 Episode Num: 106 Episode T: 1000 Reward: 5026.422
Total T: 107000 Episode Num: 107 Episode T: 1000 Reward: 5142.593
Total T: 108000 Episode Num: 108 Episode T: 1000 Reward: 5106.036
Total T: 109000 Episode Num: 109 Episode T: 1000 Reward: 5173.585
Total T: 110000 Episode Num: 110 Episode T: 1000 Reward: 5317.311
---------------------------------------
Evaluation over 10 episodes: 5306.253
---------------------------------------
Total T: 111000 Episode Num: 111 Episode T: 1000 Reward: 5230.954
Total T: 112000 Episode Num: 112 Episode T: 1000 Reward: 5286.321
Total T: 113000 Episode Num: 113 Episode T: 1000 Reward: 5365.958
Total T: 114000 Episode Num: 114 Episode T: 1000 Reward: 5298.747
Total T: 115000 Episode Num: 115 Episode T: 1000 Reward: 5370.025
---------------------------------------
Evaluation over 10 episodes: 5400.680
---------------------------------------
Total T: 116000 Episode Num: 116 Episode T: 1000 Reward: 5299.384
Total T: 117000 Episode Num: 117 Episode T: 1000 Reward: 5611.615
Total T: 118000 Episode Num: 118 Episode T: 1000 Reward: 5695.638
Total T: 119000 Episode Num: 119 Episode T: 1000 Reward: 5626.195
Total T: 120000 Episode Num: 120 Episode T: 1000 Reward: 5366.020
---------------------------------------
Evaluation over 10 episodes: 5646.402
---------------------------------------
Total T: 121000 Episode Num: 121 Episode T: 1000 Reward: 5376.349
Total T: 122000 Episode Num: 122 Episode T: 1000 Reward: 5407.901
Total T: 123000 Episode Num: 123 Episode T: 1000 Reward: 5724.177
Total T: 124000 Episode Num: 124 Episode T: 1000 Reward: 5388.967
Total T: 125000 Episode Num: 125 Episode T: 1000 Reward: 5794.653
---------------------------------------
Evaluation over 10 episodes: 5713.529
---------------------------------------
Total T: 126000 Episode Num: 126 Episode T: 1000 Reward: 5634.596
Total T: 127000 Episode Num: 127 Episode T: 1000 Reward: 5690.088
Total T: 128000 Episode Num: 128 Episode T: 1000 Reward: 5905.378
Total T: 129000 Episode Num: 129 Episode T: 1000 Reward: 5685.079
Total T: 130000 Episode Num: 130 Episode T: 1000 Reward: 5782.355
---------------------------------------
Evaluation over 10 episodes: 5825.411
---------------------------------------
Total T: 131000 Episode Num: 131 Episode T: 1000 Reward: 5964.185
Total T: 132000 Episode Num: 132 Episode T: 1000 Reward: 5695.411
Total T: 133000 Episode Num: 133 Episode T: 1000 Reward: 5853.369
Total T: 134000 Episode Num: 134 Episode T: 1000 Reward: 5612.235
Total T: 135000 Episode Num: 135 Episode T: 1000 Reward: 5854.242
---------------------------------------
Evaluation over 10 episodes: 5912.936
---------------------------------------
Total T: 136000 Episode Num: 136 Episode T: 1000 Reward: 5891.688
Total T: 137000 Episode Num: 137 Episode T: 1000 Reward: 5897.307
Total T: 138000 Episode Num: 138 Episode T: 1000 Reward: 5866.153
Total T: 139000 Episode Num: 139 Episode T: 1000 Reward: 5971.570
Total T: 140000 Episode Num: 140 Episode T: 1000 Reward: 5924.525
---------------------------------------
Evaluation over 10 episodes: 5797.583
---------------------------------------
Total T: 141000 Episode Num: 141 Episode T: 1000 Reward: 6009.408
Total T: 142000 Episode Num: 142 Episode T: 1000 Reward: 6014.299
Total T: 143000 Episode Num: 143 Episode T: 1000 Reward: 6123.322
Total T: 144000 Episode Num: 144 Episode T: 1000 Reward: 5803.951
Total T: 145000 Episode Num: 145 Episode T: 1000 Reward: 6048.776
---------------------------------------
Evaluation over 10 episodes: 5968.683
---------------------------------------
Total T: 146000 Episode Num: 146 Episode T: 1000 Reward: 5932.451
Total T: 147000 Episode Num: 147 Episode T: 1000 Reward: 6122.826
Total T: 148000 Episode Num: 148 Episode T: 1000 Reward: 5973.556
Total T: 149000 Episode Num: 149 Episode T: 1000 Reward: 5895.172
Total T: 150000 Episode Num: 150 Episode T: 1000 Reward: 6042.739
---------------------------------------
Evaluation over 10 episodes: 6178.123
---------------------------------------
Total T: 151000 Episode Num: 151 Episode T: 1000 Reward: 6148.371
Total T: 152000 Episode Num: 152 Episode T: 1000 Reward: 6081.997
Total T: 153000 Episode Num: 153 Episode T: 1000 Reward: 6030.954
Total T: 154000 Episode Num: 154 Episode T: 1000 Reward: 5978.208
Total T: 155000 Episode Num: 155 Episode T: 1000 Reward: 6100.409
---------------------------------------
Evaluation over 10 episodes: 6130.729
---------------------------------------
Total T: 156000 Episode Num: 156 Episode T: 1000 Reward: 6038.456
Total T: 157000 Episode Num: 157 Episode T: 1000 Reward: 6110.397
Total T: 158000 Episode Num: 158 Episode T: 1000 Reward: 5934.734
Total T: 159000 Episode Num: 159 Episode T: 1000 Reward: 5987.464
Total T: 160000 Episode Num: 160 Episode T: 1000 Reward: 6192.433
---------------------------------------
Evaluation over 10 episodes: 6245.381
---------------------------------------
Total T: 161000 Episode Num: 161 Episode T: 1000 Reward: 6003.079
Total T: 162000 Episode Num: 162 Episode T: 1000 Reward: 6112.609
Total T: 163000 Episode Num: 163 Episode T: 1000 Reward: 6090.267
Total T: 164000 Episode Num: 164 Episode T: 1000 Reward: 6108.637
Total T: 165000 Episode Num: 165 Episode T: 1000 Reward: 6116.291
---------------------------------------
Evaluation over 10 episodes: 6291.134
---------------------------------------
Total T: 166000 Episode Num: 166 Episode T: 1000 Reward: 6231.591
Total T: 167000 Episode Num: 167 Episode T: 1000 Reward: 6013.063
Total T: 168000 Episode Num: 168 Episode T: 1000 Reward: 6271.006
Total T: 169000 Episode Num: 169 Episode T: 1000 Reward: 6183.482
Total T: 170000 Episode Num: 170 Episode T: 1000 Reward: 6140.775
---------------------------------------
Evaluation over 10 episodes: 6019.211
---------------------------------------
Total T: 171000 Episode Num: 171 Episode T: 1000 Reward: 6156.829
Total T: 172000 Episode Num: 172 Episode T: 1000 Reward: 6248.231
Total T: 173000 Episode Num: 173 Episode T: 1000 Reward: 6198.818
Total T: 174000 Episode Num: 174 Episode T: 1000 Reward: 6377.256
Total T: 175000 Episode Num: 175 Episode T: 1000 Reward: 6217.220
---------------------------------------
Evaluation over 10 episodes: 6227.027
---------------------------------------
Total T: 176000 Episode Num: 176 Episode T: 1000 Reward: 6234.295
Total T: 177000 Episode Num: 177 Episode T: 1000 Reward: 6165.817
Total T: 178000 Episode Num: 178 Episode T: 1000 Reward: 6444.836
Total T: 179000 Episode Num: 179 Episode T: 1000 Reward: 6248.001
Total T: 180000 Episode Num: 180 Episode T: 1000 Reward: 6301.164
---------------------------------------
Evaluation over 10 episodes: 6212.584
---------------------------------------
Total T: 181000 Episode Num: 181 Episode T: 1000 Reward: 6336.419
Total T: 182000 Episode Num: 182 Episode T: 1000 Reward: 6390.950
Total T: 183000 Episode Num: 183 Episode T: 1000 Reward: 6219.942
Total T: 184000 Episode Num: 184 Episode T: 1000 Reward: 6272.018
Total T: 185000 Episode Num: 185 Episode T: 1000 Reward: 6272.491