---------------------------------------
Policy: TD3, Env: HalfCheetah-v2, Seed: 0
---------------------------------------
---------------------------------------
Evaluation over 10 episodes: -1.068
---------------------------------------
Total T: 1000 Episode Num: 1 Episode T: 1000 Reward: -198.034
Total T: 2000 Episode Num: 2 Episode T: 1000 Reward: -245.911
Total T: 3000 Episode Num: 3 Episode T: 1000 Reward: -392.891
Total T: 4000 Episode Num: 4 Episode T: 1000 Reward: -329.511
Total T: 5000 Episode Num: 5 Episode T: 1000 Reward: -250.633
---------------------------------------
Evaluation over 10 episodes: -1.065
---------------------------------------
Total T: 6000 Episode Num: 6 Episode T: 1000 Reward: -338.715
Total T: 7000 Episode Num: 7 Episode T: 1000 Reward: -416.729
Total T: 8000 Episode Num: 8 Episode T: 1000 Reward: -227.476
Total T: 9000 Episode Num: 9 Episode T: 1000 Reward: -415.910
Total T: 10000 Episode Num: 10 Episode T: 1000 Reward: -218.915
---------------------------------------
Evaluation over 10 episodes: -1.062
---------------------------------------
Total T: 11000 Episode Num: 11 Episode T: 1000 Reward: -228.848
Total T: 12000 Episode Num: 12 Episode T: 1000 Reward: -201.610
Total T: 13000 Episode Num: 13 Episode T: 1000 Reward: -181.614
Total T: 14000 Episode Num: 14 Episode T: 1000 Reward: -372.176
Total T: 15000 Episode Num: 15 Episode T: 1000 Reward: -363.076
---------------------------------------
Evaluation over 10 episodes: -1.065
---------------------------------------
Total T: 16000 Episode Num: 16 Episode T: 1000 Reward: -344.054
Total T: 17000 Episode Num: 17 Episode T: 1000 Reward: -162.805
Total T: 18000 Episode Num: 18 Episode T: 1000 Reward: -297.485
Total T: 19000 Episode Num: 19 Episode T: 1000 Reward: -133.038
Total T: 20000 Episode Num: 20 Episode T: 1000 Reward: -323.449
---------------------------------------
Evaluation over 10 episodes: -1.062
---------------------------------------
Total T: 21000 Episode Num: 21 Episode T: 1000 Reward: -185.923
Total T: 22000 Episode Num: 22 Episode T: 1000 Reward: -265.244
Total T: 23000 Episode Num: 23 Episode T: 1000 Reward: -300.283
Total T: 24000 Episode Num: 24 Episode T: 1000 Reward: -298.351
Total T: 25000 Episode Num: 25 Episode T: 1000 Reward: -306.305
---------------------------------------
Evaluation over 10 episodes: -1.065
---------------------------------------
Total T: 26000 Episode Num: 26 Episode T: 1000 Reward: -524.216
Total T: 27000 Episode Num: 27 Episode T: 1000 Reward: -528.832
Total T: 28000 Episode Num: 28 Episode T: 1000 Reward: -621.194
Total T: 29000 Episode Num: 29 Episode T: 1000 Reward: -572.322
Total T: 30000 Episode Num: 30 Episode T: 1000 Reward: -561.863
---------------------------------------
Evaluation over 10 episodes: -575.790
---------------------------------------
Total T: 31000 Episode Num: 31 Episode T: 1000 Reward: -591.324
Total T: 32000 Episode Num: 32 Episode T: 1000 Reward: -618.508
Total T: 33000 Episode Num: 33 Episode T: 1000 Reward: -577.821
Total T: 34000 Episode Num: 34 Episode T: 1000 Reward: -552.559
Total T: 35000 Episode Num: 35 Episode T: 1000 Reward: -454.196
---------------------------------------
Evaluation over 10 episodes: -414.192
---------------------------------------
Total T: 36000 Episode Num: 36 Episode T: 1000 Reward: -339.309
Total T: 37000 Episode Num: 37 Episode T: 1000 Reward: -309.301
Total T: 38000 Episode Num: 38 Episode T: 1000 Reward: 399.682
Total T: 39000 Episode Num: 39 Episode T: 1000 Reward: -351.773
Total T: 40000 Episode Num: 40 Episode T: 1000 Reward: 1323.626
---------------------------------------
Evaluation over 10 episodes: 1272.496
---------------------------------------
Total T: 41000 Episode Num: 41 Episode T: 1000 Reward: 1111.624
Total T: 42000 Episode Num: 42 Episode T: 1000 Reward: 912.555
Total T: 43000 Episode Num: 43 Episode T: 1000 Reward: -268.158
Total T: 44000 Episode Num: 44 Episode T: 1000 Reward: 1649.887
Total T: 45000 Episode Num: 45 Episode T: 1000 Reward: 1548.096
---------------------------------------
Evaluation over 10 episodes: 1448.377
---------------------------------------
Total T: 46000 Episode Num: 46 Episode T: 1000 Reward: 1734.281
Total T: 47000 Episode Num: 47 Episode T: 1000 Reward: 2110.289
Total T: 48000 Episode Num: 48 Episode T: 1000 Reward: 2328.121
Total T: 49000 Episode Num: 49 Episode T: 1000 Reward: 2500.533
Total T: 50000 Episode Num: 50 Episode T: 1000 Reward: 31.746
---------------------------------------
Evaluation over 10 episodes: 2409.201
---------------------------------------
Total T: 51000 Episode Num: 51 Episode T: 1000 Reward: 2746.986
Total T: 52000 Episode Num: 52 Episode T: 1000 Reward: 2562.569
Total T: 53000 Episode Num: 53 Episode T: 1000 Reward: 2914.874
Total T: 54000 Episode Num: 54 Episode T: 1000 Reward: 2830.757
Total T: 55000 Episode Num: 55 Episode T: 1000 Reward: 2669.242
---------------------------------------
Evaluation over 10 episodes: 2789.476
---------------------------------------
Total T: 56000 Episode Num: 56 Episode T: 1000 Reward: 2945.632
Total T: 57000 Episode Num: 57 Episode T: 1000 Reward: 2266.515
Total T: 58000 Episode Num: 58 Episode T: 1000 Reward: 2882.149
Total T: 59000 Episode Num: 59 Episode T: 1000 Reward: 2980.841
Total T: 60000 Episode Num: 60 Episode T: 1000 Reward: 3300.309
---------------------------------------
Evaluation over 10 episodes: 2879.549
---------------------------------------
Total T: 61000 Episode Num: 61 Episode T: 1000 Reward: 3164.238
Total T: 62000 Episode Num: 62 Episode T: 1000 Reward: 3201.644
Total T: 63000 Episode Num: 63 Episode T: 1000 Reward: 3010.078
Total T: 64000 Episode Num: 64 Episode T: 1000 Reward: 3397.626
Total T: 65000 Episode Num: 65 Episode T: 1000 Reward: 3384.604
---------------------------------------
Evaluation over 10 episodes: 3313.427
---------------------------------------
Total T: 66000 Episode Num: 66 Episode T: 1000 Reward: 3365.274
Total T: 67000 Episode Num: 67 Episode T: 1000 Reward: 3204.931
Total T: 68000 Episode Num: 68 Episode T: 1000 Reward: 3001.288
Total T: 69000 Episode Num: 69 Episode T: 1000 Reward: 3512.190
Total T: 70000 Episode Num: 70 Episode T: 1000 Reward: 3325.759
---------------------------------------
Evaluation over 10 episodes: 3255.782
---------------------------------------
Total T: 71000 Episode Num: 71 Episode T: 1000 Reward: 3543.943
Total T: 72000 Episode Num: 72 Episode T: 1000 Reward: 3177.230
Total T: 73000 Episode Num: 73 Episode T: 1000 Reward: 3265.955
Total T: 74000 Episode Num: 74 Episode T: 1000 Reward: 3358.624
Total T: 75000 Episode Num: 75 Episode T: 1000 Reward: 3700.303
---------------------------------------
Evaluation over 10 episodes: 3445.025
---------------------------------------
Total T: 76000 Episode Num: 76 Episode T: 1000 Reward: 3657.761
Total T: 77000 Episode Num: 77 Episode T: 1000 Reward: 3654.147
Total T: 78000 Episode Num: 78 Episode T: 1000 Reward: 3368.915
Total T: 79000 Episode Num: 79 Episode T: 1000 Reward: 3579.475
Total T: 80000 Episode Num: 80 Episode T: 1000 Reward: 3472.538
---------------------------------------
Evaluation over 10 episodes: 3572.975
---------------------------------------
Total T: 81000 Episode Num: 81 Episode T: 1000 Reward: 3687.473
Total T: 82000 Episode Num: 82 Episode T: 1000 Reward: 3415.899
Total T: 83000 Episode Num: 83 Episode T: 1000 Reward: 3729.918
Total T: 84000 Episode Num: 84 Episode T: 1000 Reward: 3777.229
Total T: 85000 Episode Num: 85 Episode T: 1000 Reward: 3601.117
---------------------------------------
Evaluation over 10 episodes: 3779.192
---------------------------------------
Total T: 86000 Episode Num: 86 Episode T: 1000 Reward: 3881.041
Total T: 87000 Episode Num: 87 Episode T: 1000 Reward: 3787.179
Total T: 88000 Episode Num: 88 Episode T: 1000 Reward: 3845.108
Total T: 89000 Episode Num: 89 Episode T: 1000 Reward: 3734.330
Total T: 90000 Episode Num: 90 Episode T: 1000 Reward: 4003.945
---------------------------------------
Evaluation over 10 episodes: 3981.496
---------------------------------------
Total T: 91000 Episode Num: 91 Episode T: 1000 Reward: 3831.082
Total T: 92000 Episode Num: 92 Episode T: 1000 Reward: 3620.803
Total T: 93000 Episode Num: 93 Episode T: 1000 Reward: 3794.850
Total T: 94000 Episode Num: 94 Episode T: 1000 Reward: 4080.497
Total T: 95000 Episode Num: 95 Episode T: 1000 Reward: 3814.489
---------------------------------------
Evaluation over 10 episodes: 4005.930
---------------------------------------
Total T: 96000 Episode Num: 96 Episode T: 1000 Reward: 3858.757
Total T: 97000 Episode Num: 97 Episode T: 1000 Reward: 4046.270
Total T: 98000 Episode Num: 98 Episode T: 1000 Reward: 4029.566
Total T: 99000 Episode Num: 99 Episode T: 1000 Reward: 3885.700
Total T: 100000 Episode Num: 100 Episode T: 1000 Reward: 3813.010
---------------------------------------
Evaluation over 10 episodes: 3982.933
---------------------------------------
Total T: 101000 Episode Num: 101 Episode T: 1000 Reward: 3988.839
Total T: 102000 Episode Num: 102 Episode T: 1000 Reward: 3973.690
Total T: 103000 Episode Num: 103 Episode T: 1000 Reward: 4065.051
Total T: 104000 Episode Num: 104 Episode T: 1000 Reward: 3907.131
Total T: 105000 Episode Num: 105 Episode T: 1000 Reward: 3883.901
---------------------------------------
Evaluation over 10 episodes: 4070.004
---------------------------------------
Total T: 106000 Episode Num: 106 Episode T: 1000 Reward: 4019.571
Total T: 107000 Episode Num: 107 Episode T: 1000 Reward: 4093.158
Total T: 108000 Episode Num: 108 Episode T: 1000 Reward: 4005.648
Total T: 109000 Episode Num: 109 Episode T: 1000 Reward: 4015.729
Total T: 110000 Episode Num: 110 Episode T: 1000 Reward: 4115.074
---------------------------------------
Evaluation over 10 episodes: 4163.400
---------------------------------------
Total T: 111000 Episode Num: 111 Episode T: 1000 Reward: 4217.788
Total T: 112000 Episode Num: 112 Episode T: 1000 Reward: 4022.386
Total T: 113000 Episode Num: 113 Episode T: 1000 Reward: 3992.722
Total T: 114000 Episode Num: 114 Episode T: 1000 Reward: 3973.626
Total T: 115000 Episode Num: 115 Episode T: 1000 Reward: 4052.499
---------------------------------------
Evaluation over 10 episodes: 4147.946
---------------------------------------
Total T: 116000 Episode Num: 116 Episode T: 1000 Reward: 4160.732
Total T: 117000 Episode Num: 117 Episode T: 1000 Reward: 4215.329
Total T: 118000 Episode Num: 118 Episode T: 1000 Reward: 4050.708
Total T: 119000 Episode Num: 119 Episode T: 1000 Reward: 4139.593
Total T: 120000 Episode Num: 120 Episode T: 1000 Reward: 4287.578
---------------------------------------
Evaluation over 10 episodes: 4108.527
---------------------------------------
Total T: 121000 Episode Num: 121 Episode T: 1000 Reward: 3934.011
Total T: 122000 Episode Num: 122 Episode T: 1000 Reward: 4129.731
Total T: 123000 Episode Num: 123 Episode T: 1000 Reward: 4091.815
Total T: 124000 Episode Num: 124 Episode T: 1000 Reward: 3994.462
Total T: 125000 Episode Num: 125 Episode T: 1000 Reward: 4206.804
---------------------------------------
Evaluation over 10 episodes: 4159.875
---------------------------------------
Total T: 126000 Episode Num: 126 Episode T: 1000 Reward: 4144.736
Total T: 127000 Episode Num: 127 Episode T: 1000 Reward: 4235.048
Total T: 128000 Episode Num: 128 Episode T: 1000 Reward: 4077.765
Total T: 129000 Episode Num: 129 Episode T: 1000 Reward: 4283.827
Total T: 130000 Episode Num: 130 Episode T: 1000 Reward: 4199.220
---------------------------------------
Evaluation over 10 episodes: 4085.605
---------------------------------------
Total T: 131000 Episode Num: 131 Episode T: 1000 Reward: 3964.216
Total T: 132000 Episode Num: 132 Episode T: 1000 Reward: 4135.644
Total T: 133000 Episode Num: 133 Episode T: 1000 Reward: 4153.033
Total T: 134000 Episode Num: 134 Episode T: 1000 Reward: 4189.625
Total T: 135000 Episode Num: 135 Episode T: 1000 Reward: 4330.853
---------------------------------------
Evaluation over 10 episodes: 4283.693
---------------------------------------
Total T: 136000 Episode Num: 136 Episode T: 1000 Reward: 4213.518
Total T: 137000 Episode Num: 137 Episode T: 1000 Reward: 4269.510
Total T: 138000 Episode Num: 138 Episode T: 1000 Reward: 4283.303
Total T: 139000 Episode Num: 139 Episode T: 1000 Reward: 4212.938
Total T: 140000 Episode Num: 140 Episode T: 1000 Reward: 4275.801
---------------------------------------
Evaluation over 10 episodes: 4271.817
---------------------------------------
Total T: 141000 Episode Num: 141 Episode T: 1000 Reward: 4382.908
Total T: 142000 Episode Num: 142 Episode T: 1000 Reward: 4331.531
Total T: 143000 Episode Num: 143 Episode T: 1000 Reward: 4197.599
Total T: 144000 Episode Num: 144 Episode T: 1000 Reward: 4513.466
Total T: 145000 Episode Num: 145 Episode T: 1000 Reward: 4222.174
---------------------------------------
Evaluation over 10 episodes: 4388.616
---------------------------------------
Total T: 146000 Episode Num: 146 Episode T: 1000 Reward: 4407.344
Total T: 147000 Episode Num: 147 Episode T: 1000 Reward: 4388.607
Total T: 148000 Episode Num: 148 Episode T: 1000 Reward: 4376.204
Total T: 149000 Episode Num: 149 Episode T: 1000 Reward: 4517.723
Total T: 150000 Episode Num: 150 Episode T: 1000 Reward: 4351.221
---------------------------------------
Evaluation over 10 episodes: 4419.662
---------------------------------------
Total T: 151000 Episode Num: 151 Episode T: 1000 Reward: 4356.522
Total T: 152000 Episode Num: 152 Episode T: 1000 Reward: 4395.027
Total T: 153000 Episode Num: 153 Episode T: 1000 Reward: 4392.877
Total T: 154000 Episode Num: 154 Episode T: 1000 Reward: 4482.832
Total T: 155000 Episode Num: 155 Episode T: 1000 Reward: 4368.081
---------------------------------------
Evaluation over 10 episodes: 4458.257
---------------------------------------
Total T: 156000 Episode Num: 156 Episode T: 1000 Reward: 4544.604
Total T: 157000 Episode Num: 157 Episode T: 1000 Reward: 4488.678
Total T: 158000 Episode Num: 158 Episode T: 1000 Reward: 4580.281
Total T: 159000 Episode Num: 159 Episode T: 1000 Reward: 4335.701
Total T: 160000 Episode Num: 160 Episode T: 1000 Reward: 4472.658
---------------------------------------
Evaluation over 10 episodes: 4499.935
---------------------------------------
Total T: 161000 Episode Num: 161 Episode T: 1000 Reward: 4493.433
Total T: 162000 Episode Num: 162 Episode T: 1000 Reward: 4541.563
Total T: 163000 Episode Num: 163 Episode T: 1000 Reward: 4547.186
Total T: 164000 Episode Num: 164 Episode T: 1000 Reward: 4638.320
Total T: 165000 Episode Num: 165 Episode T: 1000 Reward: 4524.861
---------------------------------------
Evaluation over 10 episodes: 4481.146
---------------------------------------
Total T: 166000 Episode Num: 166 Episode T: 1000 Reward: 4485.487
Total T: 167000 Episode Num: 167 Episode T: 1000 Reward: 4589.888
Total T: 168000 Episode Num: 168 Episode T: 1000 Reward: 4691.881
Total T: 169000 Episode Num: 169 Episode T: 1000 Reward: 4528.427
Total T: 170000 Episode Num: 170 Episode T: 1000 Reward: 4544.544
---------------------------------------
Evaluation over 10 episodes: 4546.431
---------------------------------------
Total T: 171000 Episode Num: 171 Episode T: 1000 Reward: 4295.901
Total T: 172000 Episode Num: 172 Episode T: 1000 Reward: 4574.062
Total T: 173000 Episode Num: 173 Episode T: 1000 Reward: 4647.296
Total T: 174000 Episode Num: 174 Episode T: 1000 Reward: 4497.399
Total T: 175000 Episode Num: 175 Episode T: 1000 Reward: 4519.707
---------------------------------------
Evaluation over 10 episodes: 4417.887
---------------------------------------
Total T: 176000 Episode Num: 176 Episode T: 1000 Reward: 4247.598
Total T: 177000 Episode Num: 177 Episode T: 1000 Reward: 4523.212
Total T: 178000 Episode Num: 178 Episode T: 1000 Reward: 4609.829
Total T: 179000 Episode Num: 179 Episode T: 1000 Reward: 4536.627
Total T: 180000 Episode Num: 180 Episode T: 1000 Reward: 4531.896
---------------------------------------
Evaluation over 10 episodes: 4475.088
---------------------------------------
Total T: 181000 Episode Num: 181 Episode T: 1000 Reward: 4620.131
Total T: 182000 Episode Num: 182 Episode T: 1000 Reward: 4699.002
Total T: 183000 Episode Num: 183 Episode T: 1000 Reward: 4617.588
Total T: 184000 Episode Num: 184 Episode T: 1000 Reward: 4639.045
Total T: 185000 Episode Num: 185 Episode T: 1000 Reward: 4452.663
---------------------------------------
Evaluation over 10 episodes: 4681.622
---------------------------------------
Total T: 186000 Episode Num: 186 Episode T: 1000 Reward: 4549.723
Total T: 187000 Episode Num: 187 Episode T: 1000 Reward: 4667.308
Total T: 188000 Episode Num: 188 Episode T: 1000 Reward: 4677.927
Total T: 189000 Episode Num: 189 Episode T: 1000 Reward: 4699.340
Total T: 190000 Episode Num: 190 Episode T: 1000 Reward: 4607.417
---------------------------------------
Evaluation over 10 episodes: 4617.332
---------------------------------------
Total T: 191000 Episode Num: 191 Episode T: 1000 Reward: 4493.239
Total T: 192000 Episode Num: 192 Episode T: 1000 Reward: 4595.209
Total T: 193000 Episode Num: 193 Episode T: 1000 Reward: 4523.077
Total T: 194000 Episode Num: 194 Episode T: 1000 Reward: 4555.287
Total T: 195000 Episode Num: 195 Episode T: 1000 Reward: 4632.397
---------------------------------------
Evaluation over 10 episodes: 4487.231
---------------------------------------
Total T: 196000 Episode Num: 196 Episode T: 1000 Reward: 4643.865
Total T: 197000 Episode Num: 197 Episode T: 1000 Reward: 4597.323
Total T: 198000 Episode Num: 198 Episode T: 1000 Reward: 4929.945
Total T: 199000 Episode Num: 199 Episode T: 1000 Reward: 4563.655
Total T: 200000 Episode Num: 200 Episode T: 1000 Reward: 4652.297
---------------------------------------
Evaluation over 10 episodes: 4678.803
---------------------------------------
Total T: 201000 Episode Num: 201 Episode T: 1000 Reward: 4765.076
Total T: 202000 Episode Num: 202 Episode T: 1000 Reward: 4747.799
Total T: 203000 Episode Num: 203 Episode T: 1000 Reward: 4766.452
Total T: 204000 Episode Num: 204 Episode T: 1000 Reward: 4703.712
Total T: 205000 Episode Num: 205 Episode T: 1000 Reward: 4827.525
---------------------------------------
Evaluation over 10 episodes: 4680.103
---------------------------------------
Total T: 206000 Episode Num: 206 Episode T: 1000 Reward: 4718.362
Total T: 207000 Episode Num: 207 Episode T: 1000 Reward: 4809.603
Total T: 208000 Episode Num: 208 Episode T: 1000 Reward: 4779.361
Total T: 209000 Episode Num: 209 Episode T: 1000 Reward: 4672.445
Total T: 210000 Episode Num: 210 Episode T: 1000 Reward: 4780.547
---------------------------------------
Evaluation over 10 episodes: 4731.890
---------------------------------------
Total T: 211000 Episode Num: 211 Episode T: 1000 Reward: 4661.841
Total T: 212000 Episode Num: 212 Episode T: 1000 Reward: 4796.220
Total T: 213000 Episode Num: 213 Episode T: 1000 Reward: 4628.718
Total T: 214000 Episode Num: 214 Episode T: 1000 Reward: 4717.779
Total T: 215000 Episode Num: 215 Episode T: 1000 Reward: 4571.801
---------------------------------------
Evaluation over 10 episodes: 4757.991
---------------------------------------
Total T: 216000 Episode Num: 216 Episode T: 1000 Reward: 4591.733
Total T: 217000 Episode Num: 217 Episode T: 1000 Reward: 4696.755
Total T: 218000 Episode Num: 218 Episode T: 1000 Reward: 4866.823
Total T: 219000 Episode Num: 219 Episode T: 1000 Reward: 4769.800
Total T: 220000 Episode Num: 220 Episode T: 1000 Reward: 4716.946
---------------------------------------
Evaluation over 10 episodes: 4575.244
---------------------------------------
Total T: 221000 Episode Num: 221 Episode T: 1000 Reward: 4867.754
Total T: 222000 Episode Num: 222 Episode T: 1000 Reward: 4778.856
Total T: 223000 Episode Num: 223 Episode T: 1000 Reward: 4883.037
Total T: 224000 Episode Num: 224 Episode T: 1000 Reward: 4856.372
Total T: 225000 Episode Num: 225 Episode T: 1000 Reward: 4849.821
---------------------------------------
Evaluation over 10 episodes: 4782.610
---------------------------------------
Total T: 226000 Episode Num: 226 Episode T: 1000 Reward: 4739.714
Total T: 227000 Episode Num: 227 Episode T: 1000 Reward: 4923.074
Total T: 228000 Episode Num: 228 Episode T: 1000 Reward: 4782.406
Total T: 229000 Episode Num: 229 Episode T: 1000 Reward: 4738.048
Total T: 230000 Episode Num: 230 Episode T: 1000 Reward: 4682.327
---------------------------------------
Evaluation over 10 episodes: 4276.106
---------------------------------------
Total T: 231000 Episode Num: 231 Episode T: 1000 Reward: 4882.653
Total T: 232000 Episode Num: 232 Episode T: 1000 Reward: 4669.772
Total T: 233000 Episode Num: 233 Episode T: 1000 Reward: 4761.436
Total T: 234000 Episode Num: 234 Episode T: 1000 Reward: 4805.088
Total T: 235000 Episode Num: 235 Episode T: 1000 Reward: 4773.841
---------------------------------------
Evaluation over 10 episodes: 4892.739
---------------------------------------
Total T: 236000 Episode Num: 236 Episode T: 1000 Reward: 4802.360
Total T: 237000 Episode Num: 237 Episode T: 1000 Reward: 4632.531
Total T: 238000 Episode Num: 238 Episode T: 1000 Reward: 4771.462
Total T: 239000 Episode Num: 239 Episode T: 1000 Reward: 4609.023
Total T: 240000 Episode Num: 240 Episode T: 1000 Reward: 4707.943
---------------------------------------
Evaluation over 10 episodes: 4764.209
---------------------------------------
Total T: 241000 Episode Num: 241 Episode T: 1000 Reward: 4843.313
Total T: 242000 Episode Num: 242 Episode T: 1000 Reward: 4744.413
Total T: 243000 Episode Num: 243 Episode T: 1000 Reward: 4715.899
Total T: 244000 Episode Num: 244 Episode T: 1000 Reward: 4747.247
Total T: 245000 Episode Num: 245 Episode T: 1000 Reward: 4772.395
---------------------------------------
Evaluation over 10 episodes: 4870.678
---------------------------------------
Total T: 246000 Episode Num: 246 Episode T: 1000 Reward: 4662.920
Total T: 247000 Episode Num: 247 Episode T: 1000 Reward: 4624.712
Total T: 248000 Episode Num: 248 Episode T: 1000 Reward: 4885.117
Total T: 249000 Episode Num: 249 Episode T: 1000 Reward: 4730.116
Total T: 250000 Episode Num: 250 Episode T: 1000 Reward: 4863.990
---------------------------------------
Evaluation over 10 episodes: 4383.796
---------------------------------------
Total T: 251000 Episode Num: 251 Episode T: 1000 Reward: 4737.565
Total T: 252000 Episode Num: 252 Episode T: 1000 Reward: 4792.071
Total T: 253000 Episode Num: 253 Episode T: 1000 Reward: 4617.444
Total T: 254000 Episode Num: 254 Episode T: 1000 Reward: 4708.309
Total T: 255000 Episode Num: 255 Episode T: 1000 Reward: 4751.534
---------------------------------------
Evaluation over 10 episodes: 4856.009
---------------------------------------
Total T: 256000 Episode Num: 256 Episode T: 1000 Reward: 4920.889
Total T: 257000 Episode Num: 257 Episode T: 1000 Reward: 4699.438
Total T: 258000 Episode Num: 258 Episode T: 1000 Reward: 4861.815
Total T: 259000 Episode Num: 259 Episode T: 1000 Reward: 4910.389
Total T: 260000 Episode Num: 260 Episode T: 1000 Reward: 4870.660
---------------------------------------
Evaluation over 10 episodes: 4770.008
---------------------------------------
Total T: 261000 Episode Num: 261 Episode T: 1000 Reward: 4814.075
Total T: 262000 Episode Num: 262 Episode T: 1000 Reward: 4750.554
Total T: 263000 Episode Num: 263 Episode T: 1000 Reward: 4870.215
Total T: 264000 Episode Num: 264 Episode T: 1000 Reward: 4969.128
Total T: 265000 Episode Num: 265 Episode T: 1000 Reward: 4926.815
---------------------------------------
Evaluation over 10 episodes: 5017.897
---------------------------------------
Total T: 266000 Episode Num: 266 Episode T: 1000 Reward: 4844.284
Total T: 267000 Episode Num: 267 Episode T: 1000 Reward: 5048.369
Total T: 268000 Episode Num: 268 Episode T: 1000 Reward: 4898.232
Total T: 269000 Episode Num: 269 Episode T: 1000 Reward: 4881.054
Total T: 270000 Episode Num: 270 Episode T: 1000 Reward: 4967.101
---------------------------------------
Evaluation over 10 episodes: 5079.140
---------------------------------------
Total T: 271000 Episode Num: 271 Episode T: 1000 Reward: 4959.559
Total T: 272000 Episode Num: 272 Episode T: 1000 Reward: 5087.479
Total T: 273000 Episode Num: 273 Episode T: 1000 Reward: 5067.221
Total T: 274000 Episode Num: 274 Episode T: 1000 Reward: 4965.731
Total T: 275000 Episode Num: 275 Episode T: 1000 Reward: 4838.170
---------------------------------------
Evaluation over 10 episodes: 4818.039
---------------------------------------
Total T: 276000 Episode Num: 276 Episode T: 1000 Reward: 4976.405
Total T: 277000 Episode Num: 277 Episode T: 1000 Reward: 4830.578
Total T: 278000 Episode Num: 278 Episode T: 1000 Reward: 4800.238
Total T: 279000 Episode Num: 279 Episode T: 1000 Reward: 4950.104
Total T: 280000 Episode Num: 280 Episode T: 1000 Reward: 4929.588
---------------------------------------
Evaluation over 10 episodes: 4913.453
---------------------------------------
Total T: 281000 Episode Num: 281 Episode T: 1000 Reward: 5027.490
Total T: 282000 Episode Num: 282 Episode T: 1000 Reward: 5049.500
Total T: 283000 Episode Num: 283 Episode T: 1000 Reward: 5048.711
Total T: 284000 Episode Num: 284 Episode T: 1000 Reward: 5055.666
Total T: 285000 Episode Num: 285 Episode T: 1000 Reward: 5010.780
---------------------------------------
Evaluation over 10 episodes: 4537.399
---------------------------------------
Total T: 286000 Episode Num: 286 Episode T: 1000 Reward: 5025.636
Total T: 287000 Episode Num: 287 Episode T: 1000 Reward: 4858.932
Total T: 288000 Episode Num: 288 Episode T: 1000 Reward: 5131.920
Total T: 289000 Episode Num: 289 Episode T: 1000 Reward: 4861.784
Total T: 290000 Episode Num: 290 Episode T: 1000 Reward: 5106.618
---------------------------------------
Evaluation over 10 episodes: 5204.546
---------------------------------------
Total T: 291000 Episode Num: 291 Episode T: 1000 Reward: 5128.366
Total T: 292000 Episode Num: 292 Episode T: 1000 Reward: 4915.994
Total T: 293000 Episode Num: 293 Episode T: 1000 Reward: 5014.125
Total T: 294000 Episode Num: 294 Episode T: 1000 Reward: 4932.496
Total T: 295000 Episode Num: 295 Episode T: 1000 Reward: 4962.350
---------------------------------------
Evaluation over 10 episodes: 5086.528
---------------------------------------
Total T: 296000 Episode Num: 296 Episode T: 1000 Reward: 5133.916
Total T: 297000 Episode Num: 297 Episode T: 1000 Reward: 5137.270
Total T: 298000 Episode Num: 298 Episode T: 1000 Reward: 5218.002
Total T: 299000 Episode Num: 299 Episode T: 1000 Reward: 4897.552
Total T: 300000 Episode Num: 300 Episode T: 1000 Reward: 4986.478
---------------------------------------
Evaluation over 10 episodes: 5096.105
---------------------------------------
Total T: 301000 Episode Num: 301 Episode T: 1000 Reward: 5203.994
Total T: 302000 Episode Num: 302 Episode T: 1000 Reward: 5307.131
Total T: 303000 Episode Num: 303 Episode T: 1000 Reward: 4959.029
Total T: 304000 Episode Num: 304 Episode T: 1000 Reward: 5133.842
Total T: 305000 Episode Num: 305 Episode T: 1000 Reward: 4992.542
---------------------------------------
Evaluation over 10 episodes: 5125.451
---------------------------------------
Total T: 306000 Episode Num: 306 Episode T: 1000 Reward: 5083.613
Total T: 307000 Episode Num: 307 Episode T: 1000 Reward: 5033.059
Total T: 308000 Episode Num: 308 Episode T: 1000 Reward: 5006.526
Total T: 309000 Episode Num: 309 Episode T: 1000 Reward: 5092.229
Total T: 310000 Episode Num: 310 Episode T: 1000 Reward: 5118.362
---------------------------------------
Evaluation over 10 episodes: 5122.387
---------------------------------------
Total T: 311000 Episode Num: 311 Episode T: 1000 Reward: 5024.125
Total T: 312000 Episode Num: 312 Episode T: 1000 Reward: 5189.105
Total T: 313000 Episode Num: 313 Episode T: 1000 Reward: 5408.669
Total T: 314000 Episode Num: 314 Episode T: 1000 Reward: 5104.731
Total T: 315000 Episode Num: 315 Episode T: 1000 Reward: 5083.952
---------------------------------------
Evaluation over 10 episodes: 5130.670
---------------------------------------
Total T: 316000 Episode Num: 316 Episode T: 1000 Reward: 5061.562
Total T: 317000 Episode Num: 317 Episode T: 1000 Reward: 5068.089
Total T: 318000 Episode Num: 318 Episode T: 1000 Reward: 5144.352
Total T: 319000 Episode Num: 319 Episode T: 1000 Reward: 5169.980
Total T: 320000 Episode Num: 320 Episode T: 1000 Reward: 5175.230
---------------------------------------
Evaluation over 10 episodes: 4751.683
---------------------------------------
Total T: 321000 Episode Num: 321 Episode T: 1000 Reward: 4999.073
Total T: 322000 Episode Num: 322 Episode T: 1000 Reward: 4906.208
Total T: 323000 Episode Num: 323 Episode T: 1000 Reward: 5148.292
Total T: 324000 Episode Num: 324 Episode T: 1000 Reward: 5079.582
Total T: 325000 Episode Num: 325 Episode T: 1000 Reward: 5118.108
---------------------------------------
Evaluation over 10 episodes: 5226.504
---------------------------------------
Total T: 326000 Episode Num: 326 Episode T: 1000 Reward: 5222.648
Total T: 327000 Episode Num: 327 Episode T: 1000 Reward: 5224.082
Total T: 328000 Episode Num: 328 Episode T: 1000 Reward: 5042.401
Total T: 329000 Episode Num: 329 Episode T: 1000 Reward: 5189.447
Total T: 330000 Episode Num: 330 Episode T: 1000 Reward: 5257.358
---------------------------------------
Evaluation over 10 episodes: 5208.403
---------------------------------------
Total T: 331000 Episode Num: 331 Episode T: 1000 Reward: 5026.664
Total T: 332000 Episode Num: 332 Episode T: 1000 Reward: 5065.897
Total T: 333000 Episode Num: 333 Episode T: 1000 Reward: 5210.688
Total T: 334000 Episode Num: 334 Episode T: 1000 Reward: 5136.464
Total T: 335000 Episode Num: 335 Episode T: 1000 Reward: 5174.556
---------------------------------------
Evaluation over 10 episodes: 5134.738
---------------------------------------
Total T: 336000 Episode Num: 336 Episode T: 1000 Reward: 4947.758
Total T: 337000 Episode Num: 337 Episode T: 1000 Reward: 5346.575
Total T: 338000 Episode Num: 338 Episode T: 1000 Reward: 4894.799
Total T: 339000 Episode Num: 339 Episode T: 1000 Reward: 5066.296
Total T: 340000 Episode Num: 340 Episode T: 1000 Reward: 5130.393
---------------------------------------
Evaluation over 10 episodes: 5147.571
---------------------------------------
Total T: 341000 Episode Num: 341 Episode T: 1000 Reward: 5109.272
Total T: 342000 Episode Num: 342 Episode T: 1000 Reward: 5059.447
Total T: 343000 Episode Num: 343 Episode T: 1000 Reward: 4880.638
Total T: 344000 Episode Num: 344 Episode T: 1000 Reward: 5261.840
Total T: 345000 Episode Num: 345 Episode T: 1000 Reward: 5122.893
---------------------------------------
Evaluation over 10 episodes: 5190.273
---------------------------------------
Total T: 346000 Episode Num: 346 Episode T: 1000 Reward: 5153.052
Total T: 347000 Episode Num: 347 Episode T: 1000 Reward: 5228.003
Total T: 348000 Episode Num: 348 Episode T: 1000 Reward: 5233.570
Total T: 349000 Episode Num: 349 Episode T: 1000 Reward: 5265.337
Total T: 350000 Episode Num: 350 Episode T: 1000 Reward: 5348.927
---------------------------------------
Evaluation over 10 episodes: 5175.125
---------------------------------------
Total T: 351000 Episode Num: 351 Episode T: 1000 Reward: 5249.440
Total T: 352000 Episode Num: 352 Episode T: 1000 Reward: 5217.569
Total T: 353000 Episode Num: 353 Episode T: 1000 Reward: 5280.100
Total T: 354000 Episode Num: 354 Episode T: 1000 Reward: 5233.674
Total T: 355000 Episode Num: 355 Episode T: 1000 Reward: 5152.165
---------------------------------------
Evaluation over 10 episodes: 5215.225
---------------------------------------
Total T: 356000 Episode Num: 356 Episode T: 1000 Reward: 5178.322
Total T: 357000 Episode Num: 357 Episode T: 1000 Reward: 5257.026
Total T: 358000 Episode Num: 358 Episode T: 1000 Reward: 5222.782
Total T: 359000 Episode Num: 359 Episode T: 1000 Reward: 5149.884
Total T: 360000 Episode Num: 360 Episode T: 1000 Reward: 5035.000
---------------------------------------
Evaluation over 10 episodes: 5246.985
---------------------------------------
Total T: 361000 Episode Num: 361 Episode T: 1000 Reward: 5341.564
Total T: 362000 Episode Num: 362 Episode T: 1000 Reward: 5193.145
Total T: 363000 Episode Num: 363 Episode T: 1000 Reward: 5342.677
Total T: 364000 Episode Num: 364 Episode T: 1000 Reward: 5275.051
Total T: 365000 Episode Num: 365 Episode T: 1000 Reward: 4960.919
---------------------------------------
Evaluation over 10 episodes: 5317.621
---------------------------------------
Total T: 366000 Episode Num: 366 Episode T: 1000 Reward: 5452.376
Total T: 367000 Episode Num: 367 Episode T: 1000 Reward: 5182.155
Total T: 368000 Episode Num: 368 Episode T: 1000 Reward: 5301.843
Total T: 369000 Episode Num: 369 Episode T: 1000 Reward: 5209.614
Total T: 370000 Episode Num: 370 Episode T: 1000 Reward: 5241.589
---------------------------------------
Evaluation over 10 episodes: 5361.978
---------------------------------------
Total T: 371000 Episode Num: 371 Episode T: 1000 Reward: 5162.001
Total T: 372000 Episode Num: 372 Episode T: 1000 Reward: 5112.752
Total T: 373000 Episode Num: 373 Episode T: 1000 Reward: 5327.049
Total T: 374000 Episode Num: 374 Episode T: 1000 Reward: 5248.833
Total T: 375000 Episode Num: 375 Episode T: 1000 Reward: 5322.957
---------------------------------------
Evaluation over 10 episodes: 5300.502
---------------------------------------
Total T: 376000 Episode Num: 376 Episode T: 1000 Reward: 5414.380
Total T: 377000 Episode Num: 377 Episode T: 1000 Reward: 5241.735
Total T: 378000 Episode Num: 378 Episode T: 1000 Reward: 5305.271
Total T: 379000 Episode Num: 379 Episode T: 1000 Reward: 5187.368
Total T: 380000 Episode Num: 380 Episode T: 1000 Reward: 5235.936
---------------------------------------
Evaluation over 10 episodes: 5242.448
---------------------------------------
Total T: 381000 Episode Num: 381 Episode T: 1000 Reward: 5297.125
Total T: 382000 Episode Num: 382 Episode T: 1000 Reward: 5271.525
Total T: 383000 Episode Num: 383 Episode T: 1000 Reward: 5325.246
Total T: 384000 Episode Num: 384 Episode T: 1000 Reward: 5227.119
Total T: 385000 Episode Num: 385 Episode T: 1000 Reward: 5283.672
---------------------------------------
Evaluation over 10 episodes: 5254.154
---------------------------------------
Total T: 386000 Episode Num: 386 Episode T: 1000 Reward: 5365.443
Total T: 387000 Episode Num: 387 Episode T: 1000 Reward: 5414.915
Total T: 388000 Episode Num: 388 Episode T: 1000 Reward: 5177.095
Total T: 389000 Episode Num: 389 Episode T: 1000 Reward: 5465.963
Total T: 390000 Episode Num: 390 Episode T: 1000 Reward: 5377.455
---------------------------------------
Evaluation over 10 episodes: 5306.791
---------------------------------------
Total T: 391000 Episode Num: 391 Episode T: 1000 Reward: 5126.874
Total T: 392000 Episode Num: 392 Episode T: 1000 Reward: 5389.067
Total T: 393000 Episode Num: 393 Episode T: 1000 Reward: 5409.495
Total T: 394000 Episode Num: 394 Episode T: 1000 Reward: 5308.945
Total T: 395000 Episode Num: 395 Episode T: 1000 Reward: 5228.360
---------------------------------------
Evaluation over 10 episodes: 5326.733
---------------------------------------
Total T: 396000 Episode Num: 396 Episode T: 1000 Reward: 5274.206
Total T: 397000 Episode Num: 397 Episode T: 1000 Reward: 5412.447
Total T: 398000 Episode Num: 398 Episode T: 1000 Reward: 5485.331
Total T: 399000 Episode Num: 399 Episode T: 1000 Reward: 5264.541
Total T: 400000 Episode Num: 400 Episode T: 1000 Reward: 5462.548
---------------------------------------
Evaluation over 10 episodes: 5238.658
---------------------------------------
Total T: 401000 Episode Num: 401 Episode T: 1000 Reward: 5318.333
Total T: 402000 Episode Num: 402 Episode T: 1000 Reward: 5333.665
Total T: 403000 Episode Num: 403 Episode T: 1000 Reward: 5280.872
Total T: 404000 Episode Num: 404 Episode T: 1000 Reward: 5258.153
Total T: 405000 Episode Num: 405 Episode T: 1000 Reward: 5479.027
---------------------------------------
Evaluation over 10 episodes: 5384.251
---------------------------------------
Total T: 406000 Episode Num: 406 Episode T: 1000 Reward: 5364.922
Total T: 407000 Episode Num: 407 Episode T: 1000 Reward: 5328.256
Total T: 408000 Episode Num: 408 Episode T: 1000 Reward: 5400.286
Total T: 409000 Episode Num: 409 Episode T: 1000 Reward: 5328.380
Total T: 410000 Episode Num: 410 Episode T: 1000 Reward: 5412.132
---------------------------------------
Evaluation over 10 episodes: 5337.258
---------------------------------------
Total T: 411000 Episode Num: 411 Episode T: 1000 Reward: 5191.901
Total T: 412000 Episode Num: 412 Episode T: 1000 Reward: 5328.767
Total T: 413000 Episode Num: 413 Episode T: 1000 Reward: 5332.424
Total T: 414000 Episode Num: 414 Episode T: 1000 Reward: 5447.767
Total T: 415000 Episode Num: 415 Episode T: 1000 Reward: 5293.823
---------------------------------------
Evaluation over 10 episodes: 5451.002
---------------------------------------
Total T: 416000 Episode Num: 416 Episode T: 1000 Reward: 5403.643
Total T: 417000 Episode Num: 417 Episode T: 1000 Reward: 5301.303
Total T: 418000 Episode Num: 418 Episode T: 1000 Reward: 5503.231
Total T: 419000 Episode Num: 419 Episode T: 1000 Reward: 5451.444
Total T: 420000 Episode Num: 420 Episode T: 1000 Reward: 5540.139
---------------------------------------
Evaluation over 10 episodes: 5411.067
---------------------------------------
Total T: 421000 Episode Num: 421 Episode T: 1000 Reward: 5194.813
Total T: 422000 Episode Num: 422 Episode T: 1000 Reward: 5435.177
Total T: 423000 Episode Num: 423 Episode T: 1000 Reward: 5309.037
Total T: 424000 Episode Num: 424 Episode T: 1000 Reward: 5499.829
Total T: 425000 Episode Num: 425 Episode T: 1000 Reward: 5502.435
---------------------------------------
Evaluation over 10 episodes: 5443.293
---------------------------------------
Total T: 426000 Episode Num: 426 Episode T: 1000 Reward: 5310.716
Total T: 427000 Episode Num: 427 Episode T: 1000 Reward: 5485.981
Total T: 428000 Episode Num: 428 Episode T: 1000 Reward: 5320.608
Total T: 429000 Episode Num: 429 Episode T: 1000 Reward: 5330.473
Total T: 430000 Episode Num: 430 Episode T: 1000 Reward: 5528.443
---------------------------------------
Evaluation over 10 episodes: 5455.663
---------------------------------------
Total T: 431000 Episode Num: 431 Episode T: 1000 Reward: 5625.936
Total T: 432000 Episode Num: 432 Episode T: 1000 Reward: 5324.850
Total T: 433000 Episode Num: 433 Episode T: 1000 Reward: 5398.935
Total T: 434000 Episode Num: 434 Episode T: 1000 Reward: 5428.246
Total T: 435000 Episode Num: 435 Episode T: 1000 Reward: 5459.353
---------------------------------------
Evaluation over 10 episodes: 5486.358
---------------------------------------
Total T: 436000 Episode Num: 436 Episode T: 1000 Reward: 5292.062
Total T: 437000 Episode Num: 437 Episode T: 1000 Reward: 5534.772
Total T: 438000 Episode Num: 438 Episode T: 1000 Reward: 5361.004
Total T: 439000 Episode Num: 439 Episode T: 1000 Reward: 5380.441
Total T: 440000 Episode Num: 440 Episode T: 1000 Reward: 5373.554
---------------------------------------
Evaluation over 10 episodes: 5562.571
---------------------------------------
Total T: 441000 Episode Num: 441 Episode T: 1000 Reward: 5397.863
Total T: 442000 Episode Num: 442 Episode T: 1000 Reward: 5261.345
Total T: 443000 Episode Num: 443 Episode T: 1000 Reward: 5209.513
Total T: 444000 Episode Num: 444 Episode T: 1000 Reward: 5534.521
Total T: 445000 Episode Num: 445 Episode T: 1000 Reward: 5521.661
---------------------------------------
Evaluation over 10 episodes: 5328.494
---------------------------------------
Total T: 446000 Episode Num: 446 Episode T: 1000 Reward: 5404.537
Total T: 447000 Episode Num: 447 Episode T: 1000 Reward: 5311.953
Total T: 448000 Episode Num: 448 Episode T: 1000 Reward: 5519.463
Total T: 449000 Episode Num: 449 Episode T: 1000 Reward: 5508.386
Total T: 450000 Episode Num: 450 Episode T: 1000 Reward: 5435.956
---------------------------------------
Evaluation over 10 episodes: 5447.952
---------------------------------------
Total T: 451000 Episode Num: 451 Episode T: 1000 Reward: 5491.569
Total T: 452000 Episode Num: 452 Episode T: 1000 Reward: 5435.987
Total T: 453000 Episode Num: 453 Episode T: 1000 Reward: 5616.793
Total T: 454000 Episode Num: 454 Episode T: 1000 Reward: 5322.011
Total T: 455000 Episode Num: 455 Episode T: 1000 Reward: 5389.554
---------------------------------------
Evaluation over 10 episodes: 5520.328
---------------------------------------
Total T: 456000 Episode Num: 456 Episode T: 1000 Reward: 5292.562
Total T: 457000 Episode Num: 457 Episode T: 1000 Reward: 5504.019
Total T: 458000 Episode Num: 458 Episode T: 1000 Reward: 5379.603
Total T: 459000 Episode Num: 459 Episode T: 1000 Reward: 5404.110
Total T: 460000 Episode Num: 460 Episode T: 1000 Reward: 5618.299
---------------------------------------
Evaluation over 10 episodes: 5467.932
---------------------------------------
Total T: 461000 Episode Num: 461 Episode T: 1000 Reward: 5426.320
Total T: 462000 Episode Num: 462 Episode T: 1000 Reward: 5412.612
Total T: 463000 Episode Num: 463 Episode T: 1000 Reward: 5605.584
Total T: 464000 Episode Num: 464 Episode T: 1000 Reward: 5713.059
Total T: 465000 Episode Num: 465 Episode T: 1000 Reward: 5463.626
---------------------------------------
Evaluation over 10 episodes: 5444.071
---------------------------------------
Total T: 466000 Episode Num: 466 Episode T: 1000 Reward: 5444.628
Total T: 467000 Episode Num: 467 Episode T: 1000 Reward: 5470.922
Total T: 468000 Episode Num: 468 Episode T: 1000 Reward: 5523.717
Total T: 469000 Episode Num: 469 Episode T: 1000 Reward: 5494.365
Total T: 470000 Episode Num: 470 Episode T: 1000 Reward: 5437.680
---------------------------------------
Evaluation over 10 episodes: 5519.913
---------------------------------------
Total T: 471000 Episode Num: 471 Episode T: 1000 Reward: 5589.423
Total T: 472000 Episode Num: 472 Episode T: 1000 Reward: 5541.252
Total T: 473000 Episode Num: 473 Episode T: 1000 Reward: 5624.579
Total T: 474000 Episode Num: 474 Episode T: 1000 Reward: 5489.777
Total T: 475000 Episode Num: 475 Episode T: 1000 Reward: 5427.873
---------------------------------------
Evaluation over 10 episodes: 5558.982
---------------------------------------
Total T: 476000 Episode Num: 476 Episode T: 1000 Reward: 5580.386
Total T: 477000 Episode Num: 477 Episode T: 1000 Reward: 5426.310
Total T: 478000 Episode Num: 478 Episode T: 1000 Reward: 5518.466
Total T: 479000 Episode Num: 479 Episode T: 1000 Reward: 5470.363
Total T: 480000 Episode Num: 480 Episode T: 1000 Reward: 5383.301
---------------------------------------
Evaluation over 10 episodes: 5482.821
---------------------------------------
Total T: 481000 Episode Num: 481 Episode T: 1000 Reward: 5584.405
Total T: 482000 Episode Num: 482 Episode T: 1000 Reward: 5597.443
Total T: 483000 Episode Num: 483 Episode T: 1000 Reward: 5569.969
Total T: 484000 Episode Num: 484 Episode T: 1000 Reward: 5532.727
Total T: 485000 Episode Num: 485 Episode T: 1000 Reward: 5402.482
---------------------------------------
Evaluation over 10 episodes: 5552.759
---------------------------------------
Total T: 486000 Episode Num: 486 Episode T: 1000 Reward: 5490.464
Total T: 487000 Episode Num: 487 Episode T: 1000 Reward: 4728.975
Total T: 488000 Episode Num: 488 Episode T: 1000 Reward: 5560.149
Total T: 489000 Episode Num: 489 Episode T: 1000 Reward: 5610.920
Total T: 490000 Episode Num: 490 Episode T: 1000 Reward: 5558.202
---------------------------------------
Evaluation over 10 episodes: 5584.406
---------------------------------------
Total T: 491000 Episode Num: 491 Episode T: 1000 Reward: 5552.457
Total T: 492000 Episode Num: 492 Episode T: 1000 Reward: 5600.618
Total T: 493000 Episode Num: 493 Episode T: 1000 Reward: 5402.138
Total T: 494000 Episode Num: 494 Episode T: 1000 Reward: 5465.093
Total T: 495000 Episode Num: 495 Episode T: 1000 Reward: 5585.032
---------------------------------------
Evaluation over 10 episodes: 5524.356
---------------------------------------
Total T: 496000 Episode Num: 496 Episode T: 1000 Reward: 5710.569
Total T: 497000 Episode Num: 497 Episode T: 1000 Reward: 5644.808
Total T: 498000 Episode Num: 498 Episode T: 1000 Reward: 5546.095
Total T: 499000 Episode Num: 499 Episode T: 1000 Reward: 5336.675
Total T: 500000 Episode Num: 500 Episode T: 1000 Reward: 5667.296
---------------------------------------
Evaluation over 10 episodes: 5562.598
---------------------------------------
Total T: 501000 Episode Num: 501 Episode T: 1000 Reward: 5452.333
Total T: 502000 Episode Num: 502 Episode T: 1000 Reward: 5294.116
Total T: 503000 Episode Num: 503 Episode T: 1000 Reward: 5652.612
Total T: 504000 Episode Num: 504 Episode T: 1000 Reward: 5566.876
Total T: 505000 Episode Num: 505 Episode T: 1000 Reward: 5480.792
---------------------------------------
Evaluation over 10 episodes: 5449.718
---------------------------------------
Total T: 506000 Episode Num: 506 Episode T: 1000 Reward: 5612.159
Total T: 507000 Episode Num: 507 Episode T: 1000 Reward: 5766.888
Total T: 508000 Episode Num: 508 Episode T: 1000 Reward: 5687.921
Total T: 509000 Episode Num: 509 Episode T: 1000 Reward: 5546.909
Total T: 510000 Episode Num: 510 Episode T: 1000 Reward: 5607.331
---------------------------------------
Evaluation over 10 episodes: 5388.833
---------------------------------------
Total T: 511000 Episode Num: 511 Episode T: 1000 Reward: 5293.639
Total T: 512000 Episode Num: 512 Episode T: 1000 Reward: 5680.753
Total T: 513000 Episode Num: 513 Episode T: 1000 Reward: 5609.324
Total T: 514000 Episode Num: 514 Episode T: 1000 Reward: 5356.187
Total T: 515000 Episode Num: 515 Episode T: 1000 Reward: 5532.164
---------------------------------------
Evaluation over 10 episodes: 5544.196
---------------------------------------
Total T: 516000 Episode Num: 516 Episode T: 1000 Reward: 5760.524
Total T: 517000 Episode Num: 517 Episode T: 1000 Reward: 5635.658
Total T: 518000 Episode Num: 518 Episode T: 1000 Reward: 5646.265
Total T: 519000 Episode Num: 519 Episode T: 1000 Reward: 5569.773
Total T: 520000 Episode Num: 520 Episode T: 1000 Reward: 5522.160
---------------------------------------
Evaluation over 10 episodes: 5556.268
---------------------------------------
Total T: 521000 Episode Num: 521 Episode T: 1000 Reward: 5574.653
Total T: 522000 Episode Num: 522 Episode T: 1000 Reward: 5403.287
Total T: 523000 Episode Num: 523 Episode T: 1000 Reward: 5385.824
Total T: 524000 Episode Num: 524 Episode T: 1000 Reward: 5593.154
Total T: 525000 Episode Num: 525 Episode T: 1000 Reward: 5555.771
---------------------------------------
Evaluation over 10 episodes: 5588.193
---------------------------------------
Total T: 526000 Episode Num: 526 Episode T: 1000 Reward: 5703.932
Total T: 527000 Episode Num: 527 Episode T: 1000 Reward: 5568.172
Total T: 528000 Episode Num: 528 Episode T: 1000 Reward: 5400.008
Total T: 529000 Episode Num: 529 Episode T: 1000 Reward: 5480.532
Total T: 530000 Episode Num: 530 Episode T: 1000 Reward: 5463.509
---------------------------------------
Evaluation over 10 episodes: 5560.683
---------------------------------------
Total T: 531000 Episode Num: 531 Episode T: 1000 Reward: 5685.541
Total T: 532000 Episode Num: 532 Episode T: 1000 Reward: 5373.299
Total T: 533000 Episode Num: 533 Episode T: 1000 Reward: 5530.160
Total T: 534000 Episode Num: 534 Episode T: 1000 Reward: 5639.788
Total T: 535000 Episode Num: 535 Episode T: 1000 Reward: 5573.586
---------------------------------------
Evaluation over 10 episodes: 5637.755
---------------------------------------
Total T: 536000 Episode Num: 536 Episode T: 1000 Reward: 5521.745
Total T: 537000 Episode Num: 537 Episode T: 1000 Reward: 5552.534
Total T: 538000 Episode Num: 538 Episode T: 1000 Reward: 5638.320
Total T: 539000 Episode Num: 539 Episode T: 1000 Reward: 5632.012
Total T: 540000 Episode Num: 540 Episode T: 1000 Reward: 5560.154
---------------------------------------
Evaluation over 10 episodes: 5698.725
---------------------------------------
Total T: 541000 Episode Num: 541 Episode T: 1000 Reward: 5612.193
Total T: 542000 Episode Num: 542 Episode T: 1000 Reward: 5639.856
Total T: 543000 Episode Num: 543 Episode T: 1000 Reward: 5551.019
Total T: 544000 Episode Num: 544 Episode T: 1000 Reward: 5429.338
Total T: 545000 Episode Num: 545 Episode T: 1000 Reward: 5541.417
---------------------------------------
Evaluation over 10 episodes: 5568.202
---------------------------------------
Total T: 546000 Episode Num: 546 Episode T: 1000 Reward: 5627.997
Total T: 547000 Episode Num: 547 Episode T: 1000 Reward: 5585.284
Total T: 548000 Episode Num: 548 Episode T: 1000 Reward: 5864.312
Total T: 549000 Episode Num: 549 Episode T: 1000 Reward: 5671.499
Total T: 550000 Episode Num: 550 Episode T: 1000 Reward: 5582.715
---------------------------------------
Evaluation over 10 episodes: 5670.867
---------------------------------------
Total T: 551000 Episode Num: 551 Episode T: 1000 Reward: 5693.070
Total T: 552000 Episode Num: 552 Episode T: 1000 Reward: 5661.915
Total T: 553000 Episode Num: 553 Episode T: 1000 Reward: 5477.593
Total T: 554000 Episode Num: 554 Episode T: 1000 Reward: 5496.584
Total T: 555000 Episode Num: 555 Episode T: 1000 Reward: 5694.371
---------------------------------------
Evaluation over 10 episodes: 5446.924
---------------------------------------
Total T: 556000 Episode Num: 556 Episode T: 1000 Reward: 5617.067
Total T: 557000 Episode Num: 557 Episode T: 1000 Reward: 5582.113
Total T: 558000 Episode Num: 558 Episode T: 1000 Reward: 5718.191
Total T: 559000 Episode Num: 559 Episode T: 1000 Reward: 5828.348
Total T: 560000 Episode Num: 560 Episode T: 1000 Reward: 5772.816
---------------------------------------
Evaluation over 10 episodes: 5102.169
---------------------------------------
Total T: 561000 Episode Num: 561 Episode T: 1000 Reward: 5807.750
Total T: 562000 Episode Num: 562 Episode T: 1000 Reward: 5796.287
Total T: 563000 Episode Num: 563 Episode T: 1000 Reward: 5764.537
Total T: 564000 Episode Num: 564 Episode T: 1000 Reward: 5824.113
Total T: 565000 Episode Num: 565 Episode T: 1000 Reward: 5708.092
---------------------------------------
Evaluation over 10 episodes: 5797.535
---------------------------------------
Total T: 566000 Episode Num: 566 Episode T: 1000 Reward: 5927.709
Total T: 567000 Episode Num: 567 Episode T: 1000 Reward: 5826.218
Total T: 568000 Episode Num: 568 Episode T: 1000 Reward: 5624.570
Total T: 569000 Episode Num: 569 Episode T: 1000 Reward: 5801.625
Total T: 570000 Episode Num: 570 Episode T: 1000 Reward: 5788.401
---------------------------------------
Evaluation over 10 episodes: 5844.620
---------------------------------------
Total T: 571000 Episode Num: 571 Episode T: 1000 Reward: 5756.367
Total T: 572000 Episode Num: 572 Episode T: 1000 Reward: 5976.024
Total T: 573000 Episode Num: 573 Episode T: 1000 Reward: 5663.338
Total T: 574000 Episode Num: 574 Episode T: 1000 Reward: 5813.566
Total T: 575000 Episode Num: 575 Episode T: 1000 Reward: 5803.959
---------------------------------------
Evaluation over 10 episodes: 5618.507
---------------------------------------
Total T: 576000 Episode Num: 576 Episode T: 1000 Reward: 5697.768
Total T: 577000 Episode Num: 577 Episode T: 1000 Reward: 5810.173
Total T: 578000 Episode Num: 578 Episode T: 1000 Reward: 5657.378
Total T: 579000 Episode Num: 579 Episode T: 1000 Reward: 5744.252
Total T: 580000 Episode Num: 580 Episode T: 1000 Reward: 5932.272
---------------------------------------
Evaluation over 10 episodes: 5875.213
---------------------------------------
Total T: 581000 Episode Num: 581 Episode T: 1000 Reward: 5884.858
Total T: 582000 Episode Num: 582 Episode T: 1000 Reward: 5940.989
Total T: 583000 Episode Num: 583 Episode T: 1000 Reward: 5721.910
Total T: 584000 Episode Num: 584 Episode T: 1000 Reward: 5938.405
Total T: 585000 Episode Num: 585 Episode T: 1000 Reward: 5778.152
---------------------------------------
Evaluation over 10 episodes: 5708.926
---------------------------------------
Total T: 586000 Episode Num: 586 Episode T: 1000 Reward: 5960.004
Total T: 587000 Episode Num: 587 Episode T: 1000 Reward: 5694.124
Total T: 588000 Episode Num: 588 Episode T: 1000 Reward: 5907.184
Total T: 589000 Episode Num: 589 Episode T: 1000 Reward: 5769.424
Total T: 590000 Episode Num: 590 Episode T: 1000 Reward: 5894.697
---------------------------------------
Evaluation over 10 episodes: 5933.643
---------------------------------------
Total T: 591000 Episode Num: 591 Episode T: 1000 Reward: 5935.254
Total T: 592000 Episode Num: 592 Episode T: 1000 Reward: 5766.936
Total T: 593000 Episode Num: 593 Episode T: 1000 Reward: 5849.628
Total T: 594000 Episode Num: 594 Episode T: 1000 Reward: 5857.555
Total T: 595000 Episode Num: 595 Episode T: 1000 Reward: 5908.318
---------------------------------------
Evaluation over 10 episodes: 5860.769
---------------------------------------
Total T: 596000 Episode Num: 596 Episode T: 1000 Reward: 5707.843
Total T: 597000 Episode Num: 597 Episode T: 1000 Reward: 5995.074
Total T: 598000 Episode Num: 598 Episode T: 1000 Reward: 5877.421
Total T: 599000 Episode Num: 599 Episode T: 1000 Reward: 5816.591
Total T: 600000 Episode Num: 600 Episode T: 1000 Reward: 5819.455
---------------------------------------
Evaluation over 10 episodes: 5779.524
---------------------------------------
Total T: 601000 Episode Num: 601 Episode T: 1000 Reward: 5784.583
Total T: 602000 Episode Num: 602 Episode T: 1000 Reward: 5713.136
Total T: 603000 Episode Num: 603 Episode T: 1000 Reward: 5694.702
Total T: 604000 Episode Num: 604 Episode T: 1000 Reward: 6003.200
Total T: 605000 Episode Num: 605 Episode T: 1000 Reward: 5898.473
---------------------------------------
Evaluation over 10 episodes: 5833.631
---------------------------------------
Total T: 606000 Episode Num: 606 Episode T: 1000 Reward: 5889.423
Total T: 607000 Episode Num: 607 Episode T: 1000 Reward: 6103.057
Total T: 608000 Episode Num: 608 Episode T: 1000 Reward: 5654.093
Total T: 609000 Episode Num: 609 Episode T: 1000 Reward: 5978.446
Total T: 610000 Episode Num: 610 Episode T: 1000 Reward: 5861.435
---------------------------------------
Evaluation over 10 episodes: 5927.748
---------------------------------------
Total T: 611000 Episode Num: 611 Episode T: 1000 Reward: 5937.408
Total T: 612000 Episode Num: 612 Episode T: 1000 Reward: 5810.493
Total T: 613000 Episode Num: 613 Episode T: 1000 Reward: 5908.050
Total T: 614000 Episode Num: 614 Episode T: 1000 Reward: 6024.041
Total T: 615000 Episode Num: 615 Episode T: 1000 Reward: 5999.484
---------------------------------------
Evaluation over 10 episodes: 5892.237
---------------------------------------
Total T: 616000 Episode Num: 616 Episode T: 1000 Reward: 5809.019
Total T: 617000 Episode Num: 617 Episode T: 1000 Reward: 5972.201
Total T: 618000 Episode Num: 618 Episode T: 1000 Reward: 5882.020
Total T: 619000 Episode Num: 619 Episode T: 1000 Reward: 5965.203
Total T: 620000 Episode Num: 620 Episode T: 1000 Reward: 5816.332
---------------------------------------
Evaluation over 10 episodes: 5920.724
---------------------------------------
Total T: 621000 Episode Num: 621 Episode T: 1000 Reward: 5922.997
Total T: 622000 Episode Num: 622 Episode T: 1000 Reward: 6039.888
Total T: 623000 Episode Num: 623 Episode T: 1000 Reward: 5911.166
Total T: 624000 Episode Num: 624 Episode T: 1000 Reward: 5905.653
Total T: 625000 Episode Num: 625 Episode T: 1000 Reward: 6097.989
---------------------------------------
Evaluation over 10 episodes: 5989.315
---------------------------------------
Total T: 626000 Episode Num: 626 Episode T: 1000 Reward: 5769.094
Total T: 627000 Episode Num: 627 Episode T: 1000 Reward: 6087.804
Total T: 628000 Episode Num: 628 Episode T: 1000 Reward: 5868.374
Total T: 629000 Episode Num: 629 Episode T: 1000 Reward: 5899.479
Total T: 630000 Episode Num: 630 Episode T: 1000 Reward: 5726.080
---------------------------------------
Evaluation over 10 episodes: 5905.894
---------------------------------------
Total T: 631000 Episode Num: 631 Episode T: 1000 Reward: 5990.865
Total T: 632000 Episode Num: 632 Episode T: 1000 Reward: 6060.407
Total T: 633000 Episode Num: 633 Episode T: 1000 Reward: 5861.916
Total T: 634000 Episode Num: 634 Episode T: 1000 Reward: 6164.916
Total T: 635000 Episode Num: 635 Episode T: 1000 Reward: 6058.656
---------------------------------------
Evaluation over 10 episodes: 5986.763
---------------------------------------
Total T: 636000 Episode Num: 636 Episode T: 1000 Reward: 5905.618
Total T: 637000 Episode Num: 637 Episode T: 1000 Reward: 5866.339
Total T: 638000 Episode Num: 638 Episode T: 1000 Reward: 6102.937
Total T: 639000 Episode Num: 639 Episode T: 1000 Reward: 5895.179
Total T: 640000 Episode Num: 640 Episode T: 1000 Reward: 5914.899
---------------------------------------
Evaluation over 10 episodes: 6069.340
---------------------------------------
Total T: 641000 Episode Num: 641 Episode T: 1000 Reward: 6075.545
Total T: 642000 Episode Num: 642 Episode T: 1000 Reward: 6032.080
Total T: 643000 Episode Num: 643 Episode T: 1000 Reward: 6086.185