---------------------------------------
Policy: TD3, Env: HalfCheetah-v2, Seed: 0
---------------------------------------
---------------------------------------
Evaluation over 10 episodes: -48.691
---------------------------------------
Total T: 1000 Episode Num: 1 Episode T: 1000 Reward: -403.482
Total T: 2000 Episode Num: 2 Episode T: 1000 Reward: -421.524
Total T: 3000 Episode Num: 3 Episode T: 1000 Reward: -296.947
Total T: 4000 Episode Num: 4 Episode T: 1000 Reward: -416.256
Total T: 5000 Episode Num: 5 Episode T: 1000 Reward: -349.888
---------------------------------------
Evaluation over 10 episodes: -41.196
---------------------------------------
Total T: 6000 Episode Num: 6 Episode T: 1000 Reward: -220.056
Total T: 7000 Episode Num: 7 Episode T: 1000 Reward: -123.729
Total T: 8000 Episode Num: 8 Episode T: 1000 Reward: -287.304
Total T: 9000 Episode Num: 9 Episode T: 1000 Reward: -263.029
Total T: 10000 Episode Num: 10 Episode T: 1000 Reward: -205.752
---------------------------------------
Evaluation over 10 episodes: -47.553
---------------------------------------
Total T: 11000 Episode Num: 11 Episode T: 1000 Reward: -174.545
Total T: 12000 Episode Num: 12 Episode T: 1000 Reward: -170.674
Total T: 13000 Episode Num: 13 Episode T: 1000 Reward: -241.431
Total T: 14000 Episode Num: 14 Episode T: 1000 Reward: -295.162
Total T: 15000 Episode Num: 15 Episode T: 1000 Reward: -119.239
---------------------------------------
Evaluation over 10 episodes: -43.308
---------------------------------------
Total T: 16000 Episode Num: 16 Episode T: 1000 Reward: -295.976
Total T: 17000 Episode Num: 17 Episode T: 1000 Reward: -310.639
Total T: 18000 Episode Num: 18 Episode T: 1000 Reward: -308.106
Total T: 19000 Episode Num: 19 Episode T: 1000 Reward: -243.867
Total T: 20000 Episode Num: 20 Episode T: 1000 Reward: -333.404
---------------------------------------
Evaluation over 10 episodes: -46.828
---------------------------------------
Total T: 21000 Episode Num: 21 Episode T: 1000 Reward: -194.743
Total T: 22000 Episode Num: 22 Episode T: 1000 Reward: -284.020
Total T: 23000 Episode Num: 23 Episode T: 1000 Reward: -297.202
Total T: 24000 Episode Num: 24 Episode T: 1000 Reward: -300.802
Total T: 25000 Episode Num: 25 Episode T: 1000 Reward: -270.926
---------------------------------------
Evaluation over 10 episodes: -50.385
---------------------------------------
Total T: 26000 Episode Num: 26 Episode T: 1000 Reward: -499.173
Total T: 27000 Episode Num: 27 Episode T: 1000 Reward: -467.325
Total T: 28000 Episode Num: 28 Episode T: 1000 Reward: -431.825
Total T: 29000 Episode Num: 29 Episode T: 1000 Reward: -335.472
Total T: 30000 Episode Num: 30 Episode T: 1000 Reward: -305.619
---------------------------------------
Evaluation over 10 episodes: -340.743
---------------------------------------
Total T: 31000 Episode Num: 31 Episode T: 1000 Reward: -271.405
Total T: 32000 Episode Num: 32 Episode T: 1000 Reward: -480.736
Total T: 33000 Episode Num: 33 Episode T: 1000 Reward: -390.742
Total T: 34000 Episode Num: 34 Episode T: 1000 Reward: -307.979
Total T: 35000 Episode Num: 35 Episode T: 1000 Reward: -336.608
---------------------------------------
Evaluation over 10 episodes: -377.425
---------------------------------------
Total T: 36000 Episode Num: 36 Episode T: 1000 Reward: -272.165
Total T: 37000 Episode Num: 37 Episode T: 1000 Reward: -506.684
Total T: 38000 Episode Num: 38 Episode T: 1000 Reward: 178.788
Total T: 39000 Episode Num: 39 Episode T: 1000 Reward: -310.798
Total T: 40000 Episode Num: 40 Episode T: 1000 Reward: 56.387
---------------------------------------
Evaluation over 10 episodes: 482.913
---------------------------------------
Total T: 41000 Episode Num: 41 Episode T: 1000 Reward: 1164.457
Total T: 42000 Episode Num: 42 Episode T: 1000 Reward: 1374.616
Total T: 43000 Episode Num: 43 Episode T: 1000 Reward: 1471.101
Total T: 44000 Episode Num: 44 Episode T: 1000 Reward: 1460.993
Total T: 45000 Episode Num: 45 Episode T: 1000 Reward: 1877.228
---------------------------------------
Evaluation over 10 episodes: 1792.831
---------------------------------------
Total T: 46000 Episode Num: 46 Episode T: 1000 Reward: 1889.271
Total T: 47000 Episode Num: 47 Episode T: 1000 Reward: 2075.508
Total T: 48000 Episode Num: 48 Episode T: 1000 Reward: 2030.608
Total T: 49000 Episode Num: 49 Episode T: 1000 Reward: 2463.455
Total T: 50000 Episode Num: 50 Episode T: 1000 Reward: 2621.383
---------------------------------------
Evaluation over 10 episodes: 2562.541
---------------------------------------
Total T: 51000 Episode Num: 51 Episode T: 1000 Reward: 2659.454
Total T: 52000 Episode Num: 52 Episode T: 1000 Reward: 2884.231
Total T: 53000 Episode Num: 53 Episode T: 1000 Reward: 2824.689
Total T: 54000 Episode Num: 54 Episode T: 1000 Reward: 2949.610
Total T: 55000 Episode Num: 55 Episode T: 1000 Reward: 1707.297
---------------------------------------
Evaluation over 10 episodes: 3058.551
---------------------------------------
Total T: 56000 Episode Num: 56 Episode T: 1000 Reward: 3240.488
Total T: 57000 Episode Num: 57 Episode T: 1000 Reward: 3269.446
Total T: 58000 Episode Num: 58 Episode T: 1000 Reward: 3139.022
Total T: 59000 Episode Num: 59 Episode T: 1000 Reward: 3256.177
Total T: 60000 Episode Num: 60 Episode T: 1000 Reward: 2348.833
---------------------------------------
Evaluation over 10 episodes: 2263.831
---------------------------------------
Total T: 61000 Episode Num: 61 Episode T: 1000 Reward: 3344.732
Total T: 62000 Episode Num: 62 Episode T: 1000 Reward: 1383.349
Total T: 63000 Episode Num: 63 Episode T: 1000 Reward: 3202.035
Total T: 64000 Episode Num: 64 Episode T: 1000 Reward: 920.865
Total T: 65000 Episode Num: 65 Episode T: 1000 Reward: 1377.866
---------------------------------------
Evaluation over 10 episodes: 2278.832
---------------------------------------
Total T: 66000 Episode Num: 66 Episode T: 1000 Reward: 2077.299
Total T: 67000 Episode Num: 67 Episode T: 1000 Reward: 1688.014
Total T: 68000 Episode Num: 68 Episode T: 1000 Reward: 222.377
Total T: 69000 Episode Num: 69 Episode T: 1000 Reward: 3838.596
Total T: 70000 Episode Num: 70 Episode T: 1000 Reward: 3730.183
---------------------------------------
Evaluation over 10 episodes: 1946.727
---------------------------------------
Total T: 71000 Episode Num: 71 Episode T: 1000 Reward: 3014.048
Total T: 72000 Episode Num: 72 Episode T: 1000 Reward: 3863.594
Total T: 73000 Episode Num: 73 Episode T: 1000 Reward: 1265.421
Total T: 74000 Episode Num: 74 Episode T: 1000 Reward: 3891.785
Total T: 75000 Episode Num: 75 Episode T: 1000 Reward: 4091.561
---------------------------------------
Evaluation over 10 episodes: 3497.677
---------------------------------------
Total T: 76000 Episode Num: 76 Episode T: 1000 Reward: 4260.503
Total T: 77000 Episode Num: 77 Episode T: 1000 Reward: 4179.619
Total T: 78000 Episode Num: 78 Episode T: 1000 Reward: 3913.238
Total T: 79000 Episode Num: 79 Episode T: 1000 Reward: 4182.033
Total T: 80000 Episode Num: 80 Episode T: 1000 Reward: 3296.310
---------------------------------------
Evaluation over 10 episodes: 3795.908
---------------------------------------
Total T: 81000 Episode Num: 81 Episode T: 1000 Reward: 2548.357
Total T: 82000 Episode Num: 82 Episode T: 1000 Reward: 4502.039
Total T: 83000 Episode Num: 83 Episode T: 1000 Reward: 3633.016
Total T: 84000 Episode Num: 84 Episode T: 1000 Reward: 4269.718
Total T: 85000 Episode Num: 85 Episode T: 1000 Reward: 4110.334
---------------------------------------
Evaluation over 10 episodes: 4392.095
---------------------------------------
Total T: 86000 Episode Num: 86 Episode T: 1000 Reward: 633.416
Total T: 87000 Episode Num: 87 Episode T: 1000 Reward: 1244.292
Total T: 88000 Episode Num: 88 Episode T: 1000 Reward: 1346.238
Total T: 89000 Episode Num: 89 Episode T: 1000 Reward: 4257.587
Total T: 90000 Episode Num: 90 Episode T: 1000 Reward: 4633.538
---------------------------------------
Evaluation over 10 episodes: 4560.153
---------------------------------------
Total T: 91000 Episode Num: 91 Episode T: 1000 Reward: 4470.020
Total T: 92000 Episode Num: 92 Episode T: 1000 Reward: 4546.693
Total T: 93000 Episode Num: 93 Episode T: 1000 Reward: 4450.068
Total T: 94000 Episode Num: 94 Episode T: 1000 Reward: 4593.003
Total T: 95000 Episode Num: 95 Episode T: 1000 Reward: 4467.244
---------------------------------------
Evaluation over 10 episodes: 4461.649
---------------------------------------
Total T: 96000 Episode Num: 96 Episode T: 1000 Reward: 4620.872
Total T: 97000 Episode Num: 97 Episode T: 1000 Reward: 4617.997
Total T: 98000 Episode Num: 98 Episode T: 1000 Reward: 4650.836
Total T: 99000 Episode Num: 99 Episode T: 1000 Reward: 4685.470
Total T: 100000 Episode Num: 100 Episode T: 1000 Reward: 4747.972
---------------------------------------
Evaluation over 10 episodes: 4124.187
---------------------------------------
Total T: 101000 Episode Num: 101 Episode T: 1000 Reward: 4585.650
Total T: 102000 Episode Num: 102 Episode T: 1000 Reward: 4641.179
Total T: 103000 Episode Num: 103 Episode T: 1000 Reward: 4664.092
Total T: 104000 Episode Num: 104 Episode T: 1000 Reward: 200.019
Total T: 105000 Episode Num: 105 Episode T: 1000 Reward: 4694.953
---------------------------------------
Evaluation over 10 episodes: 4856.356
---------------------------------------
Total T: 106000 Episode Num: 106 Episode T: 1000 Reward: 4822.660
Total T: 107000 Episode Num: 107 Episode T: 1000 Reward: 4930.340
Total T: 108000 Episode Num: 108 Episode T: 1000 Reward: 4651.483
Total T: 109000 Episode Num: 109 Episode T: 1000 Reward: 4422.720
Total T: 110000 Episode Num: 110 Episode T: 1000 Reward: 4609.821
---------------------------------------
Evaluation over 10 episodes: 4740.630
---------------------------------------
Total T: 111000 Episode Num: 111 Episode T: 1000 Reward: 4705.161
Total T: 112000 Episode Num: 112 Episode T: 1000 Reward: 4716.742
Total T: 113000 Episode Num: 113 Episode T: 1000 Reward: 4647.067
Total T: 114000 Episode Num: 114 Episode T: 1000 Reward: 4612.948
Total T: 115000 Episode Num: 115 Episode T: 1000 Reward: 4639.691
---------------------------------------
Evaluation over 10 episodes: 4859.898
---------------------------------------
Total T: 116000 Episode Num: 116 Episode T: 1000 Reward: 4782.559
Total T: 117000 Episode Num: 117 Episode T: 1000 Reward: 4621.859
Total T: 118000 Episode Num: 118 Episode T: 1000 Reward: 4952.003
Total T: 119000 Episode Num: 119 Episode T: 1000 Reward: 4820.680
Total T: 120000 Episode Num: 120 Episode T: 1000 Reward: 4760.901
---------------------------------------
Evaluation over 10 episodes: 4704.681
---------------------------------------
Total T: 121000 Episode Num: 121 Episode T: 1000 Reward: 4828.014
Total T: 122000 Episode Num: 122 Episode T: 1000 Reward: 4895.506
Total T: 123000 Episode Num: 123 Episode T: 1000 Reward: 5070.556
Total T: 124000 Episode Num: 124 Episode T: 1000 Reward: 4934.801
Total T: 125000 Episode Num: 125 Episode T: 1000 Reward: 4938.391
---------------------------------------
Evaluation over 10 episodes: 4708.129
---------------------------------------
Total T: 126000 Episode Num: 126 Episode T: 1000 Reward: 4842.628
Total T: 127000 Episode Num: 127 Episode T: 1000 Reward: 4841.862
Total T: 128000 Episode Num: 128 Episode T: 1000 Reward: 4946.515
Total T: 129000 Episode Num: 129 Episode T: 1000 Reward: 4918.772
Total T: 130000 Episode Num: 130 Episode T: 1000 Reward: 4716.471
---------------------------------------
Evaluation over 10 episodes: 4902.322
---------------------------------------
Total T: 131000 Episode Num: 131 Episode T: 1000 Reward: 5006.511
Total T: 132000 Episode Num: 132 Episode T: 1000 Reward: 4864.329
Total T: 133000 Episode Num: 133 Episode T: 1000 Reward: 4698.532
Total T: 134000 Episode Num: 134 Episode T: 1000 Reward: 4819.735
Total T: 135000 Episode Num: 135 Episode T: 1000 Reward: 4972.391
---------------------------------------
Evaluation over 10 episodes: 4916.638
---------------------------------------
Total T: 136000 Episode Num: 136 Episode T: 1000 Reward: 4851.292
Total T: 137000 Episode Num: 137 Episode T: 1000 Reward: 5173.953
Total T: 138000 Episode Num: 138 Episode T: 1000 Reward: 4918.230
Total T: 139000 Episode Num: 139 Episode T: 1000 Reward: 5060.500
Total T: 140000 Episode Num: 140 Episode T: 1000 Reward: 4977.605
---------------------------------------
Evaluation over 10 episodes: 5032.459
---------------------------------------
Total T: 141000 Episode Num: 141 Episode T: 1000 Reward: 4655.411
Total T: 142000 Episode Num: 142 Episode T: 1000 Reward: 5025.824
Total T: 143000 Episode Num: 143 Episode T: 1000 Reward: 5174.890
Total T: 144000 Episode Num: 144 Episode T: 1000 Reward: 4859.590
Total T: 145000 Episode Num: 145 Episode T: 1000 Reward: 5047.102
---------------------------------------
Evaluation over 10 episodes: 5176.878
---------------------------------------
Total T: 146000 Episode Num: 146 Episode T: 1000 Reward: 5114.358
Total T: 147000 Episode Num: 147 Episode T: 1000 Reward: 5159.175
Total T: 148000 Episode Num: 148 Episode T: 1000 Reward: 5311.130
Total T: 149000 Episode Num: 149 Episode T: 1000 Reward: 5229.974
Total T: 150000 Episode Num: 150 Episode T: 1000 Reward: 5050.573
---------------------------------------
Evaluation over 10 episodes: 5173.655
---------------------------------------
Total T: 151000 Episode Num: 151 Episode T: 1000 Reward: 5130.812
Total T: 152000 Episode Num: 152 Episode T: 1000 Reward: 5027.991
Total T: 153000 Episode Num: 153 Episode T: 1000 Reward: 5257.936
Total T: 154000 Episode Num: 154 Episode T: 1000 Reward: 5225.413
Total T: 155000 Episode Num: 155 Episode T: 1000 Reward: 5193.882
---------------------------------------
Evaluation over 10 episodes: 5309.037
---------------------------------------
Total T: 156000 Episode Num: 156 Episode T: 1000 Reward: 5273.104
Total T: 157000 Episode Num: 157 Episode T: 1000 Reward: 5337.904
Total T: 158000 Episode Num: 158 Episode T: 1000 Reward: 5446.363
Total T: 159000 Episode Num: 159 Episode T: 1000 Reward: 5274.515
Total T: 160000 Episode Num: 160 Episode T: 1000 Reward: 5210.852
---------------------------------------
Evaluation over 10 episodes: 5348.241
---------------------------------------
Total T: 161000 Episode Num: 161 Episode T: 1000 Reward: 5148.677
Total T: 162000 Episode Num: 162 Episode T: 1000 Reward: 5237.995
Total T: 163000 Episode Num: 163 Episode T: 1000 Reward: 5466.216
Total T: 164000 Episode Num: 164 Episode T: 1000 Reward: 5230.722
Total T: 165000 Episode Num: 165 Episode T: 1000 Reward: 5437.254
---------------------------------------
Evaluation over 10 episodes: 5349.400
---------------------------------------
Total T: 166000 Episode Num: 166 Episode T: 1000 Reward: 5446.823
Total T: 167000 Episode Num: 167 Episode T: 1000 Reward: 5386.490
Total T: 168000 Episode Num: 168 Episode T: 1000 Reward: 5245.468
Total T: 169000 Episode Num: 169 Episode T: 1000 Reward: 5377.197
Total T: 170000 Episode Num: 170 Episode T: 1000 Reward: 5355.909
---------------------------------------
Evaluation over 10 episodes: 5510.644
---------------------------------------
Total T: 171000 Episode Num: 171 Episode T: 1000 Reward: 5624.240
Total T: 172000 Episode Num: 172 Episode T: 1000 Reward: 5599.450
Total T: 173000 Episode Num: 173 Episode T: 1000 Reward: 5373.234
Total T: 174000 Episode Num: 174 Episode T: 1000 Reward: 5715.903
Total T: 175000 Episode Num: 175 Episode T: 1000 Reward: 5549.013
---------------------------------------
Evaluation over 10 episodes: 5501.924
---------------------------------------
Total T: 176000 Episode Num: 176 Episode T: 1000 Reward: 5805.144
Total T: 177000 Episode Num: 177 Episode T: 1000 Reward: 5695.345
Total T: 178000 Episode Num: 178 Episode T: 1000 Reward: 5502.315
Total T: 179000 Episode Num: 179 Episode T: 1000 Reward: 5528.354
Total T: 180000 Episode Num: 180 Episode T: 1000 Reward: 5319.743
---------------------------------------
Evaluation over 10 episodes: 5707.239
---------------------------------------
Total T: 181000 Episode Num: 181 Episode T: 1000 Reward: 5676.296
Total T: 182000 Episode Num: 182 Episode T: 1000 Reward: 5615.842
Total T: 183000 Episode Num: 183 Episode T: 1000 Reward: 5671.927
Total T: 184000 Episode Num: 184 Episode T: 1000 Reward: 5699.888
Total T: 185000 Episode Num: 185 Episode T: 1000 Reward: 5621.472
---------------------------------------
Evaluation over 10 episodes: 5723.836
---------------------------------------
Total T: 186000 Episode Num: 186 Episode T: 1000 Reward: 5768.075
Total T: 187000 Episode Num: 187 Episode T: 1000 Reward: 5606.465
Total T: 188000 Episode Num: 188 Episode T: 1000 Reward: 5557.151
Total T: 189000 Episode Num: 189 Episode T: 1000 Reward: 5741.428
Total T: 190000 Episode Num: 190 Episode T: 1000 Reward: 5951.300
---------------------------------------
Evaluation over 10 episodes: 5761.514
---------------------------------------
Total T: 191000 Episode Num: 191 Episode T: 1000 Reward: 5820.709
Total T: 192000 Episode Num: 192 Episode T: 1000 Reward: 5572.490
Total T: 193000 Episode Num: 193 Episode T: 1000 Reward: 5601.503
Total T: 194000 Episode Num: 194 Episode T: 1000 Reward: 5698.477
Total T: 195000 Episode Num: 195 Episode T: 1000 Reward: 5486.147
---------------------------------------
Evaluation over 10 episodes: 5845.082
---------------------------------------
Total T: 196000 Episode Num: 196 Episode T: 1000 Reward: 5595.270
Total T: 197000 Episode Num: 197 Episode T: 1000 Reward: 5818.148
Total T: 198000 Episode Num: 198 Episode T: 1000 Reward: 5815.718
Total T: 199000 Episode Num: 199 Episode T: 1000 Reward: 5826.785
Total T: 200000 Episode Num: 200 Episode T: 1000 Reward: 6036.577
---------------------------------------
Evaluation over 10 episodes: 5941.762
---------------------------------------
Total T: 201000 Episode Num: 201 Episode T: 1000 Reward: 5733.949
Total T: 202000 Episode Num: 202 Episode T: 1000 Reward: 5945.422
Total T: 203000 Episode Num: 203 Episode T: 1000 Reward: 5887.290
Total T: 204000 Episode Num: 204 Episode T: 1000 Reward: 5798.221
Total T: 205000 Episode Num: 205 Episode T: 1000 Reward: 5691.283
---------------------------------------
Evaluation over 10 episodes: 5964.872
---------------------------------------
Total T: 206000 Episode Num: 206 Episode T: 1000 Reward: 6057.503
Total T: 207000 Episode Num: 207 Episode T: 1000 Reward: 5759.775
Total T: 208000 Episode Num: 208 Episode T: 1000 Reward: 6083.607
Total T: 209000 Episode Num: 209 Episode T: 1000 Reward: 5816.585
Total T: 210000 Episode Num: 210 Episode T: 1000 Reward: 5931.285
---------------------------------------
Evaluation over 10 episodes: 5778.693
---------------------------------------
Total T: 211000 Episode Num: 211 Episode T: 1000 Reward: 5933.255
Total T: 212000 Episode Num: 212 Episode T: 1000 Reward: 6033.058
Total T: 213000 Episode Num: 213 Episode T: 1000 Reward: 5987.055
Total T: 214000 Episode Num: 214 Episode T: 1000 Reward: 5789.741
Total T: 215000 Episode Num: 215 Episode T: 1000 Reward: 6174.926
---------------------------------------
Evaluation over 10 episodes: 6079.781
---------------------------------------
Total T: 216000 Episode Num: 216 Episode T: 1000 Reward: 6108.289
Total T: 217000 Episode Num: 217 Episode T: 1000 Reward: 6036.801
Total T: 218000 Episode Num: 218 Episode T: 1000 Reward: 5884.788
Total T: 219000 Episode Num: 219 Episode T: 1000 Reward: 5974.193
Total T: 220000 Episode Num: 220 Episode T: 1000 Reward: 6106.604
---------------------------------------
Evaluation over 10 episodes: 6058.548
---------------------------------------
Total T: 221000 Episode Num: 221 Episode T: 1000 Reward: 5960.095
Total T: 222000 Episode Num: 222 Episode T: 1000 Reward: 6173.772
Total T: 223000 Episode Num: 223 Episode T: 1000 Reward: 6109.077
Total T: 224000 Episode Num: 224 Episode T: 1000 Reward: 6075.602
Total T: 225000 Episode Num: 225 Episode T: 1000 Reward: 6279.933
---------------------------------------
Evaluation over 10 episodes: 6231.244
---------------------------------------
Total T: 226000 Episode Num: 226 Episode T: 1000 Reward: 6047.720
Total T: 227000 Episode Num: 227 Episode T: 1000 Reward: 6121.402
Total T: 228000 Episode Num: 228 Episode T: 1000 Reward: 5912.566
Total T: 229000 Episode Num: 229 Episode T: 1000 Reward: 5892.872
Total T: 230000 Episode Num: 230 Episode T: 1000 Reward: 6011.751
---------------------------------------
Evaluation over 10 episodes: 6186.785
---------------------------------------
Total T: 231000 Episode Num: 231 Episode T: 1000 Reward: 6411.411
Total T: 232000 Episode Num: 232 Episode T: 1000 Reward: 6005.082
Total T: 233000 Episode Num: 233 Episode T: 1000 Reward: 6257.430
Total T: 234000 Episode Num: 234 Episode T: 1000 Reward: 6406.017
Total T: 235000 Episode Num: 235 Episode T: 1000 Reward: 6021.034
---------------------------------------
Evaluation over 10 episodes: 6156.768
---------------------------------------
Total T: 236000 Episode Num: 236 Episode T: 1000 Reward: 6239.082
Total T: 237000 Episode Num: 237 Episode T: 1000 Reward: 6278.654
Total T: 238000 Episode Num: 238 Episode T: 1000 Reward: 6179.229
Total T: 239000 Episode Num: 239 Episode T: 1000 Reward: 6005.842
Total T: 240000 Episode Num: 240 Episode T: 1000 Reward: 6116.507
---------------------------------------
Evaluation over 10 episodes: 6149.427
---------------------------------------
Total T: 241000 Episode Num: 241 Episode T: 1000 Reward: 6220.722
Total T: 242000 Episode Num: 242 Episode T: 1000 Reward: 6388.972
Total T: 243000 Episode Num: 243 Episode T: 1000 Reward: 6566.003
Total T: 244000 Episode Num: 244 Episode T: 1000 Reward: 6049.575
Total T: 245000 Episode Num: 245 Episode T: 1000 Reward: 6224.230
---------------------------------------
Evaluation over 10 episodes: 6308.515
---------------------------------------
Total T: 246000 Episode Num: 246 Episode T: 1000 Reward: 6195.305
Total T: 247000 Episode Num: 247 Episode T: 1000 Reward: 6493.315
Total T: 248000 Episode Num: 248 Episode T: 1000 Reward: 6474.230
Total T: 249000 Episode Num: 249 Episode T: 1000 Reward: 6315.735
Total T: 250000 Episode Num: 250 Episode T: 1000 Reward: 6331.331
---------------------------------------
Evaluation over 10 episodes: 6197.086
---------------------------------------
Total T: 251000 Episode Num: 251 Episode T: 1000 Reward: 6259.883
Total T: 252000 Episode Num: 252 Episode T: 1000 Reward: 6307.771
Total T: 253000 Episode Num: 253 Episode T: 1000 Reward: 6320.042
Total T: 254000 Episode Num: 254 Episode T: 1000 Reward: 6262.965
Total T: 255000 Episode Num: 255 Episode T: 1000 Reward: 6516.837
---------------------------------------
Evaluation over 10 episodes: 6467.399
---------------------------------------
Total T: 256000 Episode Num: 256 Episode T: 1000 Reward: 6398.339
Total T: 257000 Episode Num: 257 Episode T: 1000 Reward: 6123.501
Total T: 258000 Episode Num: 258 Episode T: 1000 Reward: 6288.366
Total T: 259000 Episode Num: 259 Episode T: 1000 Reward: 6393.934
Total T: 260000 Episode Num: 260 Episode T: 1000 Reward: 6291.886
---------------------------------------
Evaluation over 10 episodes: 6414.936
---------------------------------------
Total T: 261000 Episode Num: 261 Episode T: 1000 Reward: 6251.465
Total T: 262000 Episode Num: 262 Episode T: 1000 Reward: 6171.298
Total T: 263000 Episode Num: 263 Episode T: 1000 Reward: 6286.763
Total T: 264000 Episode Num: 264 Episode T: 1000 Reward: 6664.335
Total T: 265000 Episode Num: 265 Episode T: 1000 Reward: 6169.284
---------------------------------------
Evaluation over 10 episodes: 6483.051
---------------------------------------
Total T: 266000 Episode Num: 266 Episode T: 1000 Reward: 6343.543
Total T: 267000 Episode Num: 267 Episode T: 1000 Reward: 6706.583
Total T: 268000 Episode Num: 268 Episode T: 1000 Reward: 6480.573
Total T: 269000 Episode Num: 269 Episode T: 1000 Reward: 6412.053
Total T: 270000 Episode Num: 270 Episode T: 1000 Reward: 6527.566
---------------------------------------
Evaluation over 10 episodes: 6520.054
---------------------------------------
Total T: 271000 Episode Num: 271 Episode T: 1000 Reward: 6376.436
Total T: 272000 Episode Num: 272 Episode T: 1000 Reward: 6562.276
Total T: 273000 Episode Num: 273 Episode T: 1000 Reward: 6406.629
Total T: 274000 Episode Num: 274 Episode T: 1000 Reward: 6600.313
Total T: 275000 Episode Num: 275 Episode T: 1000 Reward: 6707.158
---------------------------------------
Evaluation over 10 episodes: 6437.842
---------------------------------------
Total T: 276000 Episode Num: 276 Episode T: 1000 Reward: 6462.395
Total T: 277000 Episode Num: 277 Episode T: 1000 Reward: 6289.564
Total T: 278000 Episode Num: 278 Episode T: 1000 Reward: 6626.054
Total T: 279000 Episode Num: 279 Episode T: 1000 Reward: 6492.157
Total T: 280000 Episode Num: 280 Episode T: 1000 Reward: 6658.860
---------------------------------------
Evaluation over 10 episodes: 6454.228
---------------------------------------
Total T: 281000 Episode Num: 281 Episode T: 1000 Reward: 6588.603
Total T: 282000 Episode Num: 282 Episode T: 1000 Reward: 6541.852
Total T: 283000 Episode Num: 283 Episode T: 1000 Reward: 6601.184
Total T: 284000 Episode Num: 284 Episode T: 1000 Reward: 6523.261
Total T: 285000 Episode Num: 285 Episode T: 1000 Reward: 6535.691
---------------------------------------
Evaluation over 10 episodes: 6562.447
---------------------------------------
Total T: 286000 Episode Num: 286 Episode T: 1000 Reward: 6642.048
Total T: 287000 Episode Num: 287 Episode T: 1000 Reward: 6375.117
Total T: 288000 Episode Num: 288 Episode T: 1000 Reward: 6648.655
Total T: 289000 Episode Num: 289 Episode T: 1000 Reward: 6533.817
Total T: 290000 Episode Num: 290 Episode T: 1000 Reward: 6674.862
---------------------------------------
Evaluation over 10 episodes: 6591.639
---------------------------------------
Total T: 291000 Episode Num: 291 Episode T: 1000 Reward: 6427.818
Total T: 292000 Episode Num: 292 Episode T: 1000 Reward: 6392.489
Total T: 293000 Episode Num: 293 Episode T: 1000 Reward: 6704.619
Total T: 294000 Episode Num: 294 Episode T: 1000 Reward: 6703.703
Total T: 295000 Episode Num: 295 Episode T: 1000 Reward: 6635.595
---------------------------------------
Evaluation over 10 episodes: 6614.382
---------------------------------------
Total T: 296000 Episode Num: 296 Episode T: 1000 Reward: 6775.728
Total T: 297000 Episode Num: 297 Episode T: 1000 Reward: 6642.763
Total T: 298000 Episode Num: 298 Episode T: 1000 Reward: 6627.022
Total T: 299000 Episode Num: 299 Episode T: 1000 Reward: 6557.130
Total T: 300000 Episode Num: 300 Episode T: 1000 Reward: 6635.765
---------------------------------------
Evaluation over 10 episodes: 6673.571
---------------------------------------
Total T: 301000 Episode Num: 301 Episode T: 1000 Reward: 6609.455
Total T: 302000 Episode Num: 302 Episode T: 1000 Reward: 6668.740
Total T: 303000 Episode Num: 303 Episode T: 1000 Reward: 6621.188
Total T: 304000 Episode Num: 304 Episode T: 1000 Reward: 6908.780
Total T: 305000 Episode Num: 305 Episode T: 1000 Reward: 6790.593
---------------------------------------
Evaluation over 10 episodes: 6711.769
---------------------------------------
Total T: 306000 Episode Num: 306 Episode T: 1000 Reward: 6781.708
Total T: 307000 Episode Num: 307 Episode T: 1000 Reward: 6664.453
Total T: 308000 Episode Num: 308 Episode T: 1000 Reward: 6715.140
Total T: 309000 Episode Num: 309 Episode T: 1000 Reward: 6818.989
Total T: 310000 Episode Num: 310 Episode T: 1000 Reward: 6466.256
---------------------------------------
Evaluation over 10 episodes: 6758.060
---------------------------------------
Total T: 311000 Episode Num: 311 Episode T: 1000 Reward: 6536.911
Total T: 312000 Episode Num: 312 Episode T: 1000 Reward: 6452.853
Total T: 313000 Episode Num: 313 Episode T: 1000 Reward: 6519.962
Total T: 314000 Episode Num: 314 Episode T: 1000 Reward: 6374.590
Total T: 315000 Episode Num: 315 Episode T: 1000 Reward: 6933.000
---------------------------------------
Evaluation over 10 episodes: 6797.990
---------------------------------------
Total T: 316000 Episode Num: 316 Episode T: 1000 Reward: 6638.500
Total T: 317000 Episode Num: 317 Episode T: 1000 Reward: 6641.642
Total T: 318000 Episode Num: 318 Episode T: 1000 Reward: 6716.616
Total T: 319000 Episode Num: 319 Episode T: 1000 Reward: 6651.563
Total T: 320000 Episode Num: 320 Episode T: 1000 Reward: 6657.358
---------------------------------------
Evaluation over 10 episodes: 6704.131
---------------------------------------
Total T: 321000 Episode Num: 321 Episode T: 1000 Reward: 6876.621
Total T: 322000 Episode Num: 322 Episode T: 1000 Reward: 6664.286
Total T: 323000 Episode Num: 323 Episode T: 1000 Reward: 6685.444
Total T: 324000 Episode Num: 324 Episode T: 1000 Reward: 6615.489
Total T: 325000 Episode Num: 325 Episode T: 1000 Reward: 6667.533
---------------------------------------
Evaluation over 10 episodes: 6691.542
---------------------------------------
Total T: 326000 Episode Num: 326 Episode T: 1000 Reward: 6781.498
Total T: 327000 Episode Num: 327 Episode T: 1000 Reward: 6786.709
Total T: 328000 Episode Num: 328 Episode T: 1000 Reward: 6666.111
Total T: 329000 Episode Num: 329 Episode T: 1000 Reward: 6726.635
Total T: 330000 Episode Num: 330 Episode T: 1000 Reward: 6746.968
---------------------------------------
Evaluation over 10 episodes: 6888.196
---------------------------------------
Total T: 331000 Episode Num: 331 Episode T: 1000 Reward: 6500.047
Total T: 332000 Episode Num: 332 Episode T: 1000 Reward: 6787.858
Total T: 333000 Episode Num: 333 Episode T: 1000 Reward: 6825.342
Total T: 334000 Episode Num: 334 Episode T: 1000 Reward: 6544.968
Total T: 335000 Episode Num: 335 Episode T: 1000 Reward: 6931.487
---------------------------------------
Evaluation over 10 episodes: 6712.412
---------------------------------------
Total T: 336000 Episode Num: 336 Episode T: 1000 Reward: 6755.197
Total T: 337000 Episode Num: 337 Episode T: 1000 Reward: 6810.059
Total T: 338000 Episode Num: 338 Episode T: 1000 Reward: 6674.039
Total T: 339000 Episode Num: 339 Episode T: 1000 Reward: 6601.146
Total T: 340000 Episode Num: 340 Episode T: 1000 Reward: 6863.356
---------------------------------------
Evaluation over 10 episodes: 6888.012
---------------------------------------
Total T: 341000 Episode Num: 341 Episode T: 1000 Reward: 6757.445
Total T: 342000 Episode Num: 342 Episode T: 1000 Reward: 7007.484
Total T: 343000 Episode Num: 343 Episode T: 1000 Reward: 6979.241
Total T: 344000 Episode Num: 344 Episode T: 1000 Reward: 6883.097
Total T: 345000 Episode Num: 345 Episode T: 1000 Reward: 7061.405
---------------------------------------
Evaluation over 10 episodes: 6640.849
---------------------------------------
Total T: 346000 Episode Num: 346 Episode T: 1000 Reward: 6659.895
Total T: 347000 Episode Num: 347 Episode T: 1000 Reward: 6819.799
Total T: 348000 Episode Num: 348 Episode T: 1000 Reward: 6647.631
Total T: 349000 Episode Num: 349 Episode T: 1000 Reward: 6468.005
Total T: 350000 Episode Num: 350 Episode T: 1000 Reward: 6370.224
---------------------------------------
Evaluation over 10 episodes: 6769.151
---------------------------------------
Total T: 351000 Episode Num: 351 Episode T: 1000 Reward: 6833.890
Total T: 352000 Episode Num: 352 Episode T: 1000 Reward: 6812.103
Total T: 353000 Episode Num: 353 Episode T: 1000 Reward: 6900.358
Total T: 354000 Episode Num: 354 Episode T: 1000 Reward: 6839.200
Total T: 355000 Episode Num: 355 Episode T: 1000 Reward: 6881.948
---------------------------------------
Evaluation over 10 episodes: 6786.551
---------------------------------------
Total T: 356000 Episode Num: 356 Episode T: 1000 Reward: 6857.036
Total T: 357000 Episode Num: 357 Episode T: 1000 Reward: 6729.010
Total T: 358000 Episode Num: 358 Episode T: 1000 Reward: 6916.523
Total T: 359000 Episode Num: 359 Episode T: 1000 Reward: 6851.091
Total T: 360000 Episode Num: 360 Episode T: 1000 Reward: 6846.144
---------------------------------------
Evaluation over 10 episodes: 6872.055
---------------------------------------
Total T: 361000 Episode Num: 361 Episode T: 1000 Reward: 6627.594
Total T: 362000 Episode Num: 362 Episode T: 1000 Reward: 6893.179
Total T: 363000 Episode Num: 363 Episode T: 1000 Reward: 6841.018
Total T: 364000 Episode Num: 364 Episode T: 1000 Reward: 6921.648
Total T: 365000 Episode Num: 365 Episode T: 1000 Reward: 6849.678
---------------------------------------
Evaluation over 10 episodes: 6954.828
---------------------------------------
Total T: 366000 Episode Num: 366 Episode T: 1000 Reward: 6970.155
Total T: 367000 Episode Num: 367 Episode T: 1000 Reward: 6754.669
Total T: 368000 Episode Num: 368 Episode T: 1000 Reward: 6757.074
Total T: 369000 Episode Num: 369 Episode T: 1000 Reward: 6763.857
Total T: 370000 Episode Num: 370 Episode T: 1000 Reward: 6836.164
---------------------------------------
Evaluation over 10 episodes: 6921.993
---------------------------------------
Total T: 371000 Episode Num: 371 Episode T: 1000 Reward: 6884.501
Total T: 372000 Episode Num: 372 Episode T: 1000 Reward: 6939.149
Total T: 373000 Episode Num: 373 Episode T: 1000 Reward: 6821.748
Total T: 374000 Episode Num: 374 Episode T: 1000 Reward: 6785.004
Total T: 375000 Episode Num: 375 Episode T: 1000 Reward: 6859.774
---------------------------------------
Evaluation over 10 episodes: 6884.497
---------------------------------------
Total T: 376000 Episode Num: 376 Episode T: 1000 Reward: 6895.377
Total T: 377000 Episode Num: 377 Episode T: 1000 Reward: 7034.278
Total T: 378000 Episode Num: 378 Episode T: 1000 Reward: 6788.309
Total T: 379000 Episode Num: 379 Episode T: 1000 Reward: 6960.527
Total T: 380000 Episode Num: 380 Episode T: 1000 Reward: 6896.296
---------------------------------------
Evaluation over 10 episodes: 7018.229
---------------------------------------
Total T: 381000 Episode Num: 381 Episode T: 1000 Reward: 6828.833
Total T: 382000 Episode Num: 382 Episode T: 1000 Reward: 6844.304
Total T: 383000 Episode Num: 383 Episode T: 1000 Reward: 6791.330
Total T: 384000 Episode Num: 384 Episode T: 1000 Reward: 6884.937
Total T: 385000 Episode Num: 385 Episode T: 1000 Reward: 6942.394
---------------------------------------
Evaluation over 10 episodes: 6272.622
---------------------------------------
Total T: 386000 Episode Num: 386 Episode T: 1000 Reward: 6959.608
Total T: 387000 Episode Num: 387 Episode T: 1000 Reward: 6925.850
Total T: 388000 Episode Num: 388 Episode T: 1000 Reward: 6924.227
Total T: 389000 Episode Num: 389 Episode T: 1000 Reward: 6958.027
Total T: 390000 Episode Num: 390 Episode T: 1000 Reward: 7080.797
---------------------------------------
Evaluation over 10 episodes: 7025.170
---------------------------------------
Total T: 391000 Episode Num: 391 Episode T: 1000 Reward: 6931.151
Total T: 392000 Episode Num: 392 Episode T: 1000 Reward: 6736.428
Total T: 393000 Episode Num: 393 Episode T: 1000 Reward: 7031.887
Total T: 394000 Episode Num: 394 Episode T: 1000 Reward: 6996.334
Total T: 395000 Episode Num: 395 Episode T: 1000 Reward: 6990.426
---------------------------------------
Evaluation over 10 episodes: 7026.417
---------------------------------------
Total T: 396000 Episode Num: 396 Episode T: 1000 Reward: 7023.575
Total T: 397000 Episode Num: 397 Episode T: 1000 Reward: 7013.896
Total T: 398000 Episode Num: 398 Episode T: 1000 Reward: 7006.052
Total T: 399000 Episode Num: 399 Episode T: 1000 Reward: 7030.405
Total T: 400000 Episode Num: 400 Episode T: 1000 Reward: 7048.507
---------------------------------------
Evaluation over 10 episodes: 6649.772
---------------------------------------
Total T: 401000 Episode Num: 401 Episode T: 1000 Reward: 6931.570
Total T: 402000 Episode Num: 402 Episode T: 1000 Reward: 7209.498
Total T: 403000 Episode Num: 403 Episode T: 1000 Reward: 7096.781
Total T: 404000 Episode Num: 404 Episode T: 1000 Reward: 6868.666
Total T: 405000 Episode Num: 405 Episode T: 1000 Reward: 6956.526
---------------------------------------
Evaluation over 10 episodes: 6977.711
---------------------------------------
Total T: 406000 Episode Num: 406 Episode T: 1000 Reward: 6979.820
Total T: 407000 Episode Num: 407 Episode T: 1000 Reward: 6924.097
Total T: 408000 Episode Num: 408 Episode T: 1000 Reward: 7038.051
Total T: 409000 Episode Num: 409 Episode T: 1000 Reward: 7106.731
Total T: 410000 Episode Num: 410 Episode T: 1000 Reward: 7025.604
---------------------------------------
Evaluation over 10 episodes: 7085.456
---------------------------------------
Total T: 411000 Episode Num: 411 Episode T: 1000 Reward: 6727.442
Total T: 412000 Episode Num: 412 Episode T: 1000 Reward: 6824.895
Total T: 413000 Episode Num: 413 Episode T: 1000 Reward: 7024.020
Total T: 414000 Episode Num: 414 Episode T: 1000 Reward: 6896.105
Total T: 415000 Episode Num: 415 Episode T: 1000 Reward: 6938.154
---------------------------------------
Evaluation over 10 episodes: 7019.177
---------------------------------------
Total T: 416000 Episode Num: 416 Episode T: 1000 Reward: 7129.644
Total T: 417000 Episode Num: 417 Episode T: 1000 Reward: 7025.348
Total T: 418000 Episode Num: 418 Episode T: 1000 Reward: 7029.188
Total T: 419000 Episode Num: 419 Episode T: 1000 Reward: 7100.914
Total T: 420000 Episode Num: 420 Episode T: 1000 Reward: 6875.321
---------------------------------------
Evaluation over 10 episodes: 7162.332
---------------------------------------
Total T: 421000 Episode Num: 421 Episode T: 1000 Reward: 7172.197
Total T: 422000 Episode Num: 422 Episode T: 1000 Reward: 6949.626
Total T: 423000 Episode Num: 423 Episode T: 1000 Reward: 7102.903
Total T: 424000 Episode Num: 424 Episode T: 1000 Reward: 6720.047
Total T: 425000 Episode Num: 425 Episode T: 1000 Reward: 7092.688
---------------------------------------
Evaluation over 10 episodes: 7046.407
---------------------------------------
Total T: 426000 Episode Num: 426 Episode T: 1000 Reward: 7116.913
Total T: 427000 Episode Num: 427 Episode T: 1000 Reward: 7018.479
Total T: 428000 Episode Num: 428 Episode T: 1000 Reward: 7053.596
Total T: 429000 Episode Num: 429 Episode T: 1000 Reward: 7123.644
Total T: 430000 Episode Num: 430 Episode T: 1000 Reward: 7006.096
---------------------------------------
Evaluation over 10 episodes: 7128.233
---------------------------------------
Total T: 431000 Episode Num: 431 Episode T: 1000 Reward: 7028.897
Total T: 432000 Episode Num: 432 Episode T: 1000 Reward: 7048.669
Total T: 433000 Episode Num: 433 Episode T: 1000 Reward: 7076.318
Total T: 434000 Episode Num: 434 Episode T: 1000 Reward: 7089.403
Total T: 435000 Episode Num: 435 Episode T: 1000 Reward: 7083.579
---------------------------------------
Evaluation over 10 episodes: 7109.218
---------------------------------------
Total T: 436000 Episode Num: 436 Episode T: 1000 Reward: 7214.821
Total T: 437000 Episode Num: 437 Episode T: 1000 Reward: 7052.988
Total T: 438000 Episode Num: 438 Episode T: 1000 Reward: 7156.720
Total T: 439000 Episode Num: 439 Episode T: 1000 Reward: 6979.702
Total T: 440000 Episode Num: 440 Episode T: 1000 Reward: 7053.829
---------------------------------------
Evaluation over 10 episodes: 7105.704
---------------------------------------
Total T: 441000 Episode Num: 441 Episode T: 1000 Reward: 7175.366
Total T: 442000 Episode Num: 442 Episode T: 1000 Reward: 7035.972
Total T: 443000 Episode Num: 443 Episode T: 1000 Reward: 7120.904
Total T: 444000 Episode Num: 444 Episode T: 1000 Reward: 7044.409
Total T: 445000 Episode Num: 445 Episode T: 1000 Reward: 7180.503
---------------------------------------
Evaluation over 10 episodes: 7029.598
---------------------------------------
Total T: 446000 Episode Num: 446 Episode T: 1000 Reward: 7064.260
Total T: 447000 Episode Num: 447 Episode T: 1000 Reward: 6883.704
Total T: 448000 Episode Num: 448 Episode T: 1000 Reward: 7144.802
Total T: 449000 Episode Num: 449 Episode T: 1000 Reward: 6940.563
Total T: 450000 Episode Num: 450 Episode T: 1000 Reward: 6963.459
---------------------------------------
Evaluation over 10 episodes: 7166.472
---------------------------------------
Total T: 451000 Episode Num: 451 Episode T: 1000 Reward: 7181.201
Total T: 452000 Episode Num: 452 Episode T: 1000 Reward: 7134.621
Total T: 453000 Episode Num: 453 Episode T: 1000 Reward: 6922.442
Total T: 454000 Episode Num: 454 Episode T: 1000 Reward: 7005.297
Total T: 455000 Episode Num: 455 Episode T: 1000 Reward: 6866.075
---------------------------------------
Evaluation over 10 episodes: 7135.251
---------------------------------------
Total T: 456000 Episode Num: 456 Episode T: 1000 Reward: 7087.726
Total T: 457000 Episode Num: 457 Episode T: 1000 Reward: 7092.020
Total T: 458000 Episode Num: 458 Episode T: 1000 Reward: 7009.629
Total T: 459000 Episode Num: 459 Episode T: 1000 Reward: 7119.800
Total T: 460000 Episode Num: 460 Episode T: 1000 Reward: 7208.996
---------------------------------------
Evaluation over 10 episodes: 7168.834
---------------------------------------
Total T: 461000 Episode Num: 461 Episode T: 1000 Reward: 6991.205
Total T: 462000 Episode Num: 462 Episode T: 1000 Reward: 6800.074
Total T: 463000 Episode Num: 463 Episode T: 1000 Reward: 7229.326
Total T: 464000 Episode Num: 464 Episode T: 1000 Reward: 7292.874
Total T: 465000 Episode Num: 465 Episode T: 1000 Reward: 7155.829
---------------------------------------
Evaluation over 10 episodes: 7261.775
---------------------------------------
Total T: 466000 Episode Num: 466 Episode T: 1000 Reward: 7150.484
Total T: 467000 Episode Num: 467 Episode T: 1000 Reward: 7374.658
Total T: 468000 Episode Num: 468 Episode T: 1000 Reward: 7064.172
Total T: 469000 Episode Num: 469 Episode T: 1000 Reward: 7110.256
Total T: 470000 Episode Num: 470 Episode T: 1000 Reward: 7347.908
---------------------------------------
Evaluation over 10 episodes: 7216.532
---------------------------------------
Total T: 471000 Episode Num: 471 Episode T: 1000 Reward: 7107.773
Total T: 472000 Episode Num: 472 Episode T: 1000 Reward: 7360.859
Total T: 473000 Episode Num: 473 Episode T: 1000 Reward: 6526.385
Total T: 474000 Episode Num: 474 Episode T: 1000 Reward: 7228.975
Total T: 475000 Episode Num: 475 Episode T: 1000 Reward: 7170.025
---------------------------------------
Evaluation over 10 episodes: 7261.705
---------------------------------------
Total T: 476000 Episode Num: 476 Episode T: 1000 Reward: 7175.502
Total T: 477000 Episode Num: 477 Episode T: 1000 Reward: 7201.789
Total T: 478000 Episode Num: 478 Episode T: 1000 Reward: 7138.664
Total T: 479000 Episode Num: 479 Episode T: 1000 Reward: 7304.024
Total T: 480000 Episode Num: 480 Episode T: 1000 Reward: 7175.389
---------------------------------------
Evaluation over 10 episodes: 7240.847
---------------------------------------
Total T: 481000 Episode Num: 481 Episode T: 1000 Reward: 7181.586
Total T: 482000 Episode Num: 482 Episode T: 1000 Reward: 7241.510
Total T: 483000 Episode Num: 483 Episode T: 1000 Reward: 7237.983
Total T: 484000 Episode Num: 484 Episode T: 1000 Reward: 7177.786
Total T: 485000 Episode Num: 485 Episode T: 1000 Reward: 7325.813
---------------------------------------
Evaluation over 10 episodes: 7256.869
---------------------------------------
Total T: 486000 Episode Num: 486 Episode T: 1000 Reward: 7221.271
Total T: 487000 Episode Num: 487 Episode T: 1000 Reward: 7291.007
Total T: 488000 Episode Num: 488 Episode T: 1000 Reward: 7151.923
Total T: 489000 Episode Num: 489 Episode T: 1000 Reward: 7235.706
Total T: 490000 Episode Num: 490 Episode T: 1000 Reward: 7065.244
---------------------------------------
Evaluation over 10 episodes: 7256.080
---------------------------------------
Total T: 491000 Episode Num: 491 Episode T: 1000 Reward: 7167.067
Total T: 492000 Episode Num: 492 Episode T: 1000 Reward: 7233.687
Total T: 493000 Episode Num: 493 Episode T: 1000 Reward: 7293.841
Total T: 494000 Episode Num: 494 Episode T: 1000 Reward: 7330.796
Total T: 495000 Episode Num: 495 Episode T: 1000 Reward: 7356.647
---------------------------------------
Evaluation over 10 episodes: 7341.722
---------------------------------------
Total T: 496000 Episode Num: 496 Episode T: 1000 Reward: 7301.330
Total T: 497000 Episode Num: 497 Episode T: 1000 Reward: 7276.818
Total T: 498000 Episode Num: 498 Episode T: 1000 Reward: 7342.621
Total T: 499000 Episode Num: 499 Episode T: 1000 Reward: 7192.474
Total T: 500000 Episode Num: 500 Episode T: 1000 Reward: 7170.147
---------------------------------------
Evaluation over 10 episodes: 7286.686
---------------------------------------
Total T: 501000 Episode Num: 501 Episode T: 1000 Reward: 7213.415
Total T: 502000 Episode Num: 502 Episode T: 1000 Reward: 7234.093
Total T: 503000 Episode Num: 503 Episode T: 1000 Reward: 7248.268
Total T: 504000 Episode Num: 504 Episode T: 1000 Reward: 7329.238
Total T: 505000 Episode Num: 505 Episode T: 1000 Reward: 7251.267
---------------------------------------
Evaluation over 10 episodes: 7352.711
---------------------------------------
Total T: 506000 Episode Num: 506 Episode T: 1000 Reward: 7158.632
Total T: 507000 Episode Num: 507 Episode T: 1000 Reward: 7393.981
Total T: 508000 Episode Num: 508 Episode T: 1000 Reward: 7160.371
Total T: 509000 Episode Num: 509 Episode T: 1000 Reward: 7342.716
Total T: 510000 Episode Num: 510 Episode T: 1000 Reward: 7231.708
---------------------------------------
Evaluation over 10 episodes: 7339.702
---------------------------------------
Total T: 511000 Episode Num: 511 Episode T: 1000 Reward: 7194.473
Total T: 512000 Episode Num: 512 Episode T: 1000 Reward: 7422.770
Total T: 513000 Episode Num: 513 Episode T: 1000 Reward: 7226.838
Total T: 514000 Episode Num: 514 Episode T: 1000 Reward: 7285.632
Total T: 515000 Episode Num: 515 Episode T: 1000 Reward: 7331.218
---------------------------------------
Evaluation over 10 episodes: 7227.973
---------------------------------------
Total T: 516000 Episode Num: 516 Episode T: 1000 Reward: 7359.847
Total T: 517000 Episode Num: 517 Episode T: 1000 Reward: 7137.544
Total T: 518000 Episode Num: 518 Episode T: 1000 Reward: 7306.824
Total T: 519000 Episode Num: 519 Episode T: 1000 Reward: 7374.040
Total T: 520000 Episode Num: 520 Episode T: 1000 Reward: 7145.023
---------------------------------------
Evaluation over 10 episodes: 7294.955
---------------------------------------
Total T: 521000 Episode Num: 521 Episode T: 1000 Reward: 7156.594
Total T: 522000 Episode Num: 522 Episode T: 1000 Reward: 7185.042
Total T: 523000 Episode Num: 523 Episode T: 1000 Reward: 7356.634
Total T: 524000 Episode Num: 524 Episode T: 1000 Reward: 7415.679
Total T: 525000 Episode Num: 525 Episode T: 1000 Reward: 7394.490
---------------------------------------
Evaluation over 10 episodes: 7353.564
---------------------------------------
Total T: 526000 Episode Num: 526 Episode T: 1000 Reward: 7383.403
Total T: 527000 Episode Num: 527 Episode T: 1000 Reward: 7360.806
Total T: 528000 Episode Num: 528 Episode T: 1000 Reward: 7278.511
Total T: 529000 Episode Num: 529 Episode T: 1000 Reward: 7312.104
Total T: 530000 Episode Num: 530 Episode T: 1000 Reward: 7334.538
---------------------------------------
Evaluation over 10 episodes: 7355.209
---------------------------------------
Total T: 531000 Episode Num: 531 Episode T: 1000 Reward: 7310.398
Total T: 532000 Episode Num: 532 Episode T: 1000 Reward: 7307.671
Total T: 533000 Episode Num: 533 Episode T: 1000 Reward: 7320.427
Total T: 534000 Episode Num: 534 Episode T: 1000 Reward: 7293.203
Total T: 535000 Episode Num: 535 Episode T: 1000 Reward: 7308.415
---------------------------------------
Evaluation over 10 episodes: 7413.961
---------------------------------------
Total T: 536000 Episode Num: 536 Episode T: 1000 Reward: 7329.957
Total T: 537000 Episode Num: 537 Episode T: 1000 Reward: 7311.149
Total T: 538000 Episode Num: 538 Episode T: 1000 Reward: 7440.876
Total T: 539000 Episode Num: 539 Episode T: 1000 Reward: 7128.698
Total T: 540000 Episode Num: 540 Episode T: 1000 Reward: 7564.206
---------------------------------------
Evaluation over 10 episodes: 7320.535
---------------------------------------
Total T: 541000 Episode Num: 541 Episode T: 1000 Reward: 7361.418
Total T: 542000 Episode Num: 542 Episode T: 1000 Reward: 7270.438
Total T: 543000 Episode Num: 543 Episode T: 1000 Reward: 7511.834
Total T: 544000 Episode Num: 544 Episode T: 1000 Reward: 7305.364
Total T: 545000 Episode Num: 545 Episode T: 1000 Reward: 7590.072
---------------------------------------
Evaluation over 10 episodes: 7345.218
---------------------------------------
Total T: 546000 Episode Num: 546 Episode T: 1000 Reward: 7049.889
Total T: 547000 Episode Num: 547 Episode T: 1000 Reward: 7103.468
Total T: 548000 Episode Num: 548 Episode T: 1000 Reward: 7344.008
Total T: 549000 Episode Num: 549 Episode T: 1000 Reward: 7472.942
Total T: 550000 Episode Num: 550 Episode T: 1000 Reward: 7410.613
---------------------------------------
Evaluation over 10 episodes: 7394.382
---------------------------------------
Total T: 551000 Episode Num: 551 Episode T: 1000 Reward: 7381.195
Total T: 552000 Episode Num: 552 Episode T: 1000 Reward: 7484.701
Total T: 553000 Episode Num: 553 Episode T: 1000 Reward: 7335.102
Total T: 554000 Episode Num: 554 Episode T: 1000 Reward: 7552.273
Total T: 555000 Episode Num: 555 Episode T: 1000 Reward: 7416.500
---------------------------------------
Evaluation over 10 episodes: 7464.608
---------------------------------------
Total T: 556000 Episode Num: 556 Episode T: 1000 Reward: 7222.929
Total T: 557000 Episode Num: 557 Episode T: 1000 Reward: 7438.829
Total T: 558000 Episode Num: 558 Episode T: 1000 Reward: 7267.407
Total T: 559000 Episode Num: 559 Episode T: 1000 Reward: 7281.541
Total T: 560000 Episode Num: 560 Episode T: 1000 Reward: 7511.844
---------------------------------------
Evaluation over 10 episodes: 7143.982
---------------------------------------
Total T: 561000 Episode Num: 561 Episode T: 1000 Reward: 7485.250
Total T: 562000 Episode Num: 562 Episode T: 1000 Reward: 7336.167
Total T: 563000 Episode Num: 563 Episode T: 1000 Reward: 7503.810
Total T: 564000 Episode Num: 564 Episode T: 1000 Reward: 7513.923
Total T: 565000 Episode Num: 565 Episode T: 1000 Reward: 7258.574
---------------------------------------
Evaluation over 10 episodes: 7478.265
---------------------------------------
Total T: 566000 Episode Num: 566 Episode T: 1000 Reward: 7449.337
Total T: 567000 Episode Num: 567 Episode T: 1000 Reward: 7627.601
Total T: 568000 Episode Num: 568 Episode T: 1000 Reward: 7318.596
Total T: 569000 Episode Num: 569 Episode T: 1000 Reward: 7310.893
Total T: 570000 Episode Num: 570 Episode T: 1000 Reward: 7433.705
---------------------------------------
Evaluation over 10 episodes: 7375.881
---------------------------------------
Total T: 571000 Episode Num: 571 Episode T: 1000 Reward: 7431.557
Total T: 572000 Episode Num: 572 Episode T: 1000 Reward: 7623.057
Total T: 573000 Episode Num: 573 Episode T: 1000 Reward: 7375.073
Total T: 574000 Episode Num: 574 Episode T: 1000 Reward: 7324.609
Total T: 575000 Episode Num: 575 Episode T: 1000 Reward: 7530.192
---------------------------------------
Evaluation over 10 episodes: 7455.060
---------------------------------------
Total T: 576000 Episode Num: 576 Episode T: 1000 Reward: 7464.700
Total T: 577000 Episode Num: 577 Episode T: 1000 Reward: 7435.333
Total T: 578000 Episode Num: 578 Episode T: 1000 Reward: 7688.899
Total T: 579000 Episode Num: 579 Episode T: 1000 Reward: 7425.722
Total T: 580000 Episode Num: 580 Episode T: 1000 Reward: 7521.718
---------------------------------------
Evaluation over 10 episodes: 7496.626
---------------------------------------
Total T: 581000 Episode Num: 581 Episode T: 1000 Reward: 7523.544
Total T: 582000 Episode Num: 582 Episode T: 1000 Reward: 7741.168
Total T: 583000 Episode Num: 583 Episode T: 1000 Reward: 7359.695
Total T: 584000 Episode Num: 584 Episode T: 1000 Reward: 7457.355
Total T: 585000 Episode Num: 585 Episode T: 1000 Reward: 7553.797
---------------------------------------
Evaluation over 10 episodes: 7574.744
---------------------------------------
Total T: 586000 Episode Num: 586 Episode T: 1000 Reward: 7418.696
Total T: 587000 Episode Num: 587 Episode T: 1000 Reward: 7477.536
Total T: 588000 Episode Num: 588 Episode T: 1000 Reward: 7555.915
Total T: 589000 Episode Num: 589 Episode T: 1000 Reward: 7684.516
Total T: 590000 Episode Num: 590 Episode T: 1000 Reward: 7475.924
---------------------------------------
Evaluation over 10 episodes: 7540.974
---------------------------------------
Total T: 591000 Episode Num: 591 Episode T: 1000 Reward: 7415.078
Total T: 592000 Episode Num: 592 Episode T: 1000 Reward: 7545.327
Total T: 593000 Episode Num: 593 Episode T: 1000 Reward: 7553.844
Total T: 594000 Episode Num: 594 Episode T: 1000 Reward: 7452.138
Total T: 595000 Episode Num: 595 Episode T: 1000 Reward: 7395.057
---------------------------------------
Evaluation over 10 episodes: 7624.986
---------------------------------------
Total T: 596000 Episode Num: 596 Episode T: 1000 Reward: 7560.898
Total T: 597000 Episode Num: 597 Episode T: 1000 Reward: 7295.519
Total T: 598000 Episode Num: 598 Episode T: 1000 Reward: 7643.789
Total T: 599000 Episode Num: 599 Episode T: 1000 Reward: 7640.419
Total T: 600000 Episode Num: 600 Episode T: 1000 Reward: 7767.860
---------------------------------------
Evaluation over 10 episodes: 7567.815
---------------------------------------
Total T: 601000 Episode Num: 601 Episode T: 1000 Reward: 7664.900
Total T: 602000 Episode Num: 602 Episode T: 1000 Reward: 7555.555
Total T: 603000 Episode Num: 603 Episode T: 1000 Reward: 7809.963
Total T: 604000 Episode Num: 604 Episode T: 1000 Reward: 7462.709
Total T: 605000 Episode Num: 605 Episode T: 1000 Reward: 7448.863
---------------------------------------
Evaluation over 10 episodes: 7611.265
---------------------------------------
Total T: 606000 Episode Num: 606 Episode T: 1000 Reward: 7633.554
Total T: 607000 Episode Num: 607 Episode T: 1000 Reward: 7613.566
Total T: 608000 Episode Num: 608 Episode T: 1000 Reward: 7459.922
Total T: 609000 Episode Num: 609 Episode T: 1000 Reward: 7522.405
Total T: 610000 Episode Num: 610 Episode T: 1000 Reward: 7625.933
---------------------------------------
Evaluation over 10 episodes: 7650.791
---------------------------------------
Total T: 611000 Episode Num: 611 Episode T: 1000 Reward: 7845.067
Total T: 612000 Episode Num: 612 Episode T: 1000 Reward: 7546.142
Total T: 613000 Episode Num: 613 Episode T: 1000 Reward: 7086.849
Total T: 614000 Episode Num: 614 Episode T: 1000 Reward: 7313.793
Total T: 615000 Episode Num: 615 Episode T: 1000 Reward: 7858.298
---------------------------------------
Evaluation over 10 episodes: 7599.448
---------------------------------------
Total T: 616000 Episode Num: 616 Episode T: 1000 Reward: 7762.607
Total T: 617000 Episode Num: 617 Episode T: 1000 Reward: 7556.433
Total T: 618000 Episode Num: 618 Episode T: 1000 Reward: 7414.461
Total T: 619000 Episode Num: 619 Episode T: 1000 Reward: 7571.914
Total T: 620000 Episode Num: 620 Episode T: 1000 Reward: 7430.881
---------------------------------------
Evaluation over 10 episodes: 7572.352
---------------------------------------
Total T: 621000 Episode Num: 621 Episode T: 1000 Reward: 7525.706
Total T: 622000 Episode Num: 622 Episode T: 1000 Reward: 7612.512
Total T: 623000 Episode Num: 623 Episode T: 1000 Reward: 7598.355
Total T: 624000 Episode Num: 624 Episode T: 1000 Reward: 7723.964
Total T: 625000 Episode Num: 625 Episode T: 1000 Reward: 7547.517
---------------------------------------
Evaluation over 10 episodes: 7672.193
---------------------------------------
Total T: 626000 Episode Num: 626 Episode T: 1000 Reward: 7584.819
Total T: 627000 Episode Num: 627 Episode T: 1000 Reward: 7674.375
Total T: 628000 Episode Num: 628 Episode T: 1000 Reward: 7751.338
Total T: 629000 Episode Num: 629 Episode T: 1000 Reward: 7796.318
Total T: 630000 Episode Num: 630 Episode T: 1000 Reward: 7748.760
---------------------------------------
Evaluation over 10 episodes: 7590.276
---------------------------------------
Total T: 631000 Episode Num: 631 Episode T: 1000 Reward: 7628.487
Total T: 632000 Episode Num: 632 Episode T: 1000 Reward: 7693.189
Total T: 633000 Episode Num: 633 Episode T: 1000 Reward: 7638.540
Total T: 634000 Episode Num: 634 Episode T: 1000 Reward: 7914.437
Total T: 635000 Episode Num: 635 Episode T: 1000 Reward: 7640.638
---------------------------------------
Evaluation over 10 episodes: 7679.065
---------------------------------------
Total T: 636000 Episode Num: 636 Episode T: 1000 Reward: 7417.785
Total T: 637000 Episode Num: 637 Episode T: 1000 Reward: 7799.215
Total T: 638000 Episode Num: 638 Episode T: 1000 Reward: 7735.756
Total T: 639000 Episode Num: 639 Episode T: 1000 Reward: 7658.777
Total T: 640000 Episode Num: 640 Episode T: 1000 Reward: 7605.295
---------------------------------------
Evaluation over 10 episodes: 7770.687
---------------------------------------
Total T: 641000 Episode Num: 641 Episode T: 1000 Reward: 7502.226
Total T: 642000 Episode Num: 642 Episode T: 1000 Reward: 7687.126
Total T: 643000 Episode Num: 643 Episode T: 1000 Reward: 7902.124