---------------------------------------
Policy: TD3, Env: HalfCheetah-v2, Seed: 0
---------------------------------------
---------------------------------------
Evaluation over 10 episodes: -6.685
---------------------------------------
Total T: 1000 Episode Num: 1 Episode T: 1000 Reward: -225.863
Total T: 2000 Episode Num: 2 Episode T: 1000 Reward: -174.796
Total T: 3000 Episode Num: 3 Episode T: 1000 Reward: -201.800
Total T: 4000 Episode Num: 4 Episode T: 1000 Reward: -225.752
Total T: 5000 Episode Num: 5 Episode T: 1000 Reward: -292.456
---------------------------------------
Evaluation over 10 episodes: -5.599
---------------------------------------
Total T: 6000 Episode Num: 6 Episode T: 1000 Reward: -246.428
Total T: 7000 Episode Num: 7 Episode T: 1000 Reward: -420.403
Total T: 8000 Episode Num: 8 Episode T: 1000 Reward: -443.192
Total T: 9000 Episode Num: 9 Episode T: 1000 Reward: -179.782
Total T: 10000 Episode Num: 10 Episode T: 1000 Reward: -250.509
---------------------------------------
Evaluation over 10 episodes: -5.992
---------------------------------------
Total T: 11000 Episode Num: 11 Episode T: 1000 Reward: -255.051
Total T: 12000 Episode Num: 12 Episode T: 1000 Reward: -354.608
Total T: 13000 Episode Num: 13 Episode T: 1000 Reward: -481.366
Total T: 14000 Episode Num: 14 Episode T: 1000 Reward: -162.121
Total T: 15000 Episode Num: 15 Episode T: 1000 Reward: -321.757
---------------------------------------
Evaluation over 10 episodes: -4.279
---------------------------------------
Total T: 16000 Episode Num: 16 Episode T: 1000 Reward: -355.042
Total T: 17000 Episode Num: 17 Episode T: 1000 Reward: -204.111
Total T: 18000 Episode Num: 18 Episode T: 1000 Reward: -228.271
Total T: 19000 Episode Num: 19 Episode T: 1000 Reward: -239.812
Total T: 20000 Episode Num: 20 Episode T: 1000 Reward: -361.026
---------------------------------------
Evaluation over 10 episodes: -5.492
---------------------------------------
Total T: 21000 Episode Num: 21 Episode T: 1000 Reward: -358.473
Total T: 22000 Episode Num: 22 Episode T: 1000 Reward: -225.527
Total T: 23000 Episode Num: 23 Episode T: 1000 Reward: -335.467
Total T: 24000 Episode Num: 24 Episode T: 1000 Reward: -320.106
Total T: 25000 Episode Num: 25 Episode T: 1000 Reward: -340.074
---------------------------------------
Evaluation over 10 episodes: -6.843
---------------------------------------
Total T: 26000 Episode Num: 26 Episode T: 1000 Reward: -185.169
Total T: 27000 Episode Num: 27 Episode T: 1000 Reward: -159.965
Total T: 28000 Episode Num: 28 Episode T: 1000 Reward: -182.740
Total T: 29000 Episode Num: 29 Episode T: 1000 Reward: -234.909
Total T: 30000 Episode Num: 30 Episode T: 1000 Reward: -302.191
---------------------------------------
Evaluation over 10 episodes: -294.120
---------------------------------------
Total T: 31000 Episode Num: 31 Episode T: 1000 Reward: -318.377
Total T: 32000 Episode Num: 32 Episode T: 1000 Reward: -402.580
Total T: 33000 Episode Num: 33 Episode T: 1000 Reward: -382.642
Total T: 34000 Episode Num: 34 Episode T: 1000 Reward: -223.343
Total T: 35000 Episode Num: 35 Episode T: 1000 Reward: -239.656
---------------------------------------
Evaluation over 10 episodes: -227.065
---------------------------------------
Total T: 36000 Episode Num: 36 Episode T: 1000 Reward: -349.195
Total T: 37000 Episode Num: 37 Episode T: 1000 Reward: -263.322
Total T: 38000 Episode Num: 38 Episode T: 1000 Reward: 456.023
Total T: 39000 Episode Num: 39 Episode T: 1000 Reward: 990.484
Total T: 40000 Episode Num: 40 Episode T: 1000 Reward: -201.170
---------------------------------------
Evaluation over 10 episodes: 1272.038
---------------------------------------
Total T: 41000 Episode Num: 41 Episode T: 1000 Reward: 1557.905
Total T: 42000 Episode Num: 42 Episode T: 1000 Reward: 1720.451
Total T: 43000 Episode Num: 43 Episode T: 1000 Reward: 1645.550
Total T: 44000 Episode Num: 44 Episode T: 1000 Reward: 988.769
Total T: 45000 Episode Num: 45 Episode T: 1000 Reward: 2077.472
---------------------------------------
Evaluation over 10 episodes: 1589.277
---------------------------------------
Total T: 46000 Episode Num: 46 Episode T: 1000 Reward: 1984.487
Total T: 47000 Episode Num: 47 Episode T: 1000 Reward: 2193.158
Total T: 48000 Episode Num: 48 Episode T: 1000 Reward: 1808.026
Total T: 49000 Episode Num: 49 Episode T: 1000 Reward: 1756.259
Total T: 50000 Episode Num: 50 Episode T: 1000 Reward: 2300.067
---------------------------------------
Evaluation over 10 episodes: 2452.974
---------------------------------------
Total T: 51000 Episode Num: 51 Episode T: 1000 Reward: 1908.785
Total T: 52000 Episode Num: 52 Episode T: 1000 Reward: 2448.033
Total T: 53000 Episode Num: 53 Episode T: 1000 Reward: 2344.496
Total T: 54000 Episode Num: 54 Episode T: 1000 Reward: 2522.212
Total T: 55000 Episode Num: 55 Episode T: 1000 Reward: 2473.186
---------------------------------------
Evaluation over 10 episodes: 2156.289
---------------------------------------
Total T: 56000 Episode Num: 56 Episode T: 1000 Reward: 2390.270
Total T: 57000 Episode Num: 57 Episode T: 1000 Reward: 646.021
Total T: 58000 Episode Num: 58 Episode T: 1000 Reward: 2348.476
Total T: 59000 Episode Num: 59 Episode T: 1000 Reward: 2447.625
Total T: 60000 Episode Num: 60 Episode T: 1000 Reward: 2154.406
---------------------------------------
Evaluation over 10 episodes: 1134.735
---------------------------------------
Total T: 61000 Episode Num: 61 Episode T: 1000 Reward: 2477.948
Total T: 62000 Episode Num: 62 Episode T: 1000 Reward: 2288.805
Total T: 63000 Episode Num: 63 Episode T: 1000 Reward: 2638.161
Total T: 64000 Episode Num: 64 Episode T: 1000 Reward: 2634.072
Total T: 65000 Episode Num: 65 Episode T: 1000 Reward: 2600.352
---------------------------------------
Evaluation over 10 episodes: 2649.317
---------------------------------------
Total T: 66000 Episode Num: 66 Episode T: 1000 Reward: 2522.551
Total T: 67000 Episode Num: 67 Episode T: 1000 Reward: 2760.681
Total T: 68000 Episode Num: 68 Episode T: 1000 Reward: 2738.449
Total T: 69000 Episode Num: 69 Episode T: 1000 Reward: 2746.486
Total T: 70000 Episode Num: 70 Episode T: 1000 Reward: 2695.882
---------------------------------------
Evaluation over 10 episodes: 2809.786
---------------------------------------
Total T: 71000 Episode Num: 71 Episode T: 1000 Reward: 3073.523
Total T: 72000 Episode Num: 72 Episode T: 1000 Reward: 2854.680
Total T: 73000 Episode Num: 73 Episode T: 1000 Reward: 3042.178
Total T: 74000 Episode Num: 74 Episode T: 1000 Reward: 2864.460
Total T: 75000 Episode Num: 75 Episode T: 1000 Reward: 3193.651
---------------------------------------
Evaluation over 10 episodes: 3144.428
---------------------------------------
Total T: 76000 Episode Num: 76 Episode T: 1000 Reward: 2884.457
Total T: 77000 Episode Num: 77 Episode T: 1000 Reward: 3067.032
Total T: 78000 Episode Num: 78 Episode T: 1000 Reward: 3354.495
Total T: 79000 Episode Num: 79 Episode T: 1000 Reward: 3011.945
Total T: 80000 Episode Num: 80 Episode T: 1000 Reward: 3283.696
---------------------------------------
Evaluation over 10 episodes: 3662.567
---------------------------------------
Total T: 81000 Episode Num: 81 Episode T: 1000 Reward: 3367.711
Total T: 82000 Episode Num: 82 Episode T: 1000 Reward: 3354.765
Total T: 83000 Episode Num: 83 Episode T: 1000 Reward: 3455.489
Total T: 84000 Episode Num: 84 Episode T: 1000 Reward: 3350.934
Total T: 85000 Episode Num: 85 Episode T: 1000 Reward: 3554.880
---------------------------------------
Evaluation over 10 episodes: 3481.045
---------------------------------------
Total T: 86000 Episode Num: 86 Episode T: 1000 Reward: 3338.981
Total T: 87000 Episode Num: 87 Episode T: 1000 Reward: 3468.985
Total T: 88000 Episode Num: 88 Episode T: 1000 Reward: 3483.025
Total T: 89000 Episode Num: 89 Episode T: 1000 Reward: 3599.949
Total T: 90000 Episode Num: 90 Episode T: 1000 Reward: 3607.173
---------------------------------------
Evaluation over 10 episodes: 3361.536
---------------------------------------
Total T: 91000 Episode Num: 91 Episode T: 1000 Reward: 3402.269
Total T: 92000 Episode Num: 92 Episode T: 1000 Reward: 3549.443
Total T: 93000 Episode Num: 93 Episode T: 1000 Reward: 3690.259
Total T: 94000 Episode Num: 94 Episode T: 1000 Reward: 3479.799
Total T: 95000 Episode Num: 95 Episode T: 1000 Reward: 3368.473
---------------------------------------
Evaluation over 10 episodes: 3251.391
---------------------------------------
Total T: 96000 Episode Num: 96 Episode T: 1000 Reward: 3226.863
Total T: 97000 Episode Num: 97 Episode T: 1000 Reward: 3523.737
Total T: 98000 Episode Num: 98 Episode T: 1000 Reward: 2948.757
Total T: 99000 Episode Num: 99 Episode T: 1000 Reward: 3313.299
Total T: 100000 Episode Num: 100 Episode T: 1000 Reward: 3331.775
---------------------------------------
Evaluation over 10 episodes: 3356.790
---------------------------------------
Total T: 101000 Episode Num: 101 Episode T: 1000 Reward: 3582.187
Total T: 102000 Episode Num: 102 Episode T: 1000 Reward: 3558.684
Total T: 103000 Episode Num: 103 Episode T: 1000 Reward: 3315.955
Total T: 104000 Episode Num: 104 Episode T: 1000 Reward: 3638.419
Total T: 105000 Episode Num: 105 Episode T: 1000 Reward: 3533.321
---------------------------------------
Evaluation over 10 episodes: 3463.582
---------------------------------------
Total T: 106000 Episode Num: 106 Episode T: 1000 Reward: 3810.516
Total T: 107000 Episode Num: 107 Episode T: 1000 Reward: 3653.641
Total T: 108000 Episode Num: 108 Episode T: 1000 Reward: 3679.591
Total T: 109000 Episode Num: 109 Episode T: 1000 Reward: 3697.584
Total T: 110000 Episode Num: 110 Episode T: 1000 Reward: 3723.244
---------------------------------------
Evaluation over 10 episodes: 3499.274
---------------------------------------
Total T: 111000 Episode Num: 111 Episode T: 1000 Reward: 3792.461
Total T: 112000 Episode Num: 112 Episode T: 1000 Reward: 3607.900
Total T: 113000 Episode Num: 113 Episode T: 1000 Reward: 3806.594
Total T: 114000 Episode Num: 114 Episode T: 1000 Reward: 3800.811
Total T: 115000 Episode Num: 115 Episode T: 1000 Reward: 3886.294
---------------------------------------
Evaluation over 10 episodes: 3506.070
---------------------------------------
Total T: 116000 Episode Num: 116 Episode T: 1000 Reward: 3802.338
Total T: 117000 Episode Num: 117 Episode T: 1000 Reward: 3677.239
Total T: 118000 Episode Num: 118 Episode T: 1000 Reward: 3806.211
Total T: 119000 Episode Num: 119 Episode T: 1000 Reward: 3475.697
Total T: 120000 Episode Num: 120 Episode T: 1000 Reward: 3707.863
---------------------------------------
Evaluation over 10 episodes: 3589.434
---------------------------------------
Total T: 121000 Episode Num: 121 Episode T: 1000 Reward: 3912.708
Total T: 122000 Episode Num: 122 Episode T: 1000 Reward: 3876.683
Total T: 123000 Episode Num: 123 Episode T: 1000 Reward: 3833.377
Total T: 124000 Episode Num: 124 Episode T: 1000 Reward: 3889.357
Total T: 125000 Episode Num: 125 Episode T: 1000 Reward: 3968.403
---------------------------------------
Evaluation over 10 episodes: 3815.088
---------------------------------------
Total T: 126000 Episode Num: 126 Episode T: 1000 Reward: 3695.086
Total T: 127000 Episode Num: 127 Episode T: 1000 Reward: 3824.250
Total T: 128000 Episode Num: 128 Episode T: 1000 Reward: 3773.434
Total T: 129000 Episode Num: 129 Episode T: 1000 Reward: 3807.219
Total T: 130000 Episode Num: 130 Episode T: 1000 Reward: 3954.316
---------------------------------------
Evaluation over 10 episodes: 3716.399
---------------------------------------
Total T: 131000 Episode Num: 131 Episode T: 1000 Reward: 3868.823
Total T: 132000 Episode Num: 132 Episode T: 1000 Reward: 3862.904
Total T: 133000 Episode Num: 133 Episode T: 1000 Reward: 3805.358
Total T: 134000 Episode Num: 134 Episode T: 1000 Reward: 3881.314
Total T: 135000 Episode Num: 135 Episode T: 1000 Reward: 4099.158
---------------------------------------
Evaluation over 10 episodes: 3938.892
---------------------------------------
Total T: 136000 Episode Num: 136 Episode T: 1000 Reward: 3872.031
Total T: 137000 Episode Num: 137 Episode T: 1000 Reward: 3916.875
Total T: 138000 Episode Num: 138 Episode T: 1000 Reward: 3763.740
Total T: 139000 Episode Num: 139 Episode T: 1000 Reward: 3970.672
Total T: 140000 Episode Num: 140 Episode T: 1000 Reward: 3877.831
---------------------------------------
Evaluation over 10 episodes: 3864.722
---------------------------------------
Total T: 141000 Episode Num: 141 Episode T: 1000 Reward: 3836.092
Total T: 142000 Episode Num: 142 Episode T: 1000 Reward: 3949.591
Total T: 143000 Episode Num: 143 Episode T: 1000 Reward: 3828.263
Total T: 144000 Episode Num: 144 Episode T: 1000 Reward: 3942.778
Total T: 145000 Episode Num: 145 Episode T: 1000 Reward: 4068.000
---------------------------------------
Evaluation over 10 episodes: 3341.440
---------------------------------------
Total T: 146000 Episode Num: 146 Episode T: 1000 Reward: 3736.893
Total T: 147000 Episode Num: 147 Episode T: 1000 Reward: 3825.290
Total T: 148000 Episode Num: 148 Episode T: 1000 Reward: 3899.468
Total T: 149000 Episode Num: 149 Episode T: 1000 Reward: 3830.975
Total T: 150000 Episode Num: 150 Episode T: 1000 Reward: 4015.468
---------------------------------------
Evaluation over 10 episodes: 3353.454
---------------------------------------
Total T: 151000 Episode Num: 151 Episode T: 1000 Reward: 3969.643
Total T: 152000 Episode Num: 152 Episode T: 1000 Reward: 3934.131
Total T: 153000 Episode Num: 153 Episode T: 1000 Reward: 3988.511
Total T: 154000 Episode Num: 154 Episode T: 1000 Reward: 3976.865
Total T: 155000 Episode Num: 155 Episode T: 1000 Reward: 4027.332
---------------------------------------
Evaluation over 10 episodes: 3794.641
---------------------------------------
Total T: 156000 Episode Num: 156 Episode T: 1000 Reward: 3933.533
Total T: 157000 Episode Num: 157 Episode T: 1000 Reward: 4014.682
Total T: 158000 Episode Num: 158 Episode T: 1000 Reward: 3874.966
Total T: 159000 Episode Num: 159 Episode T: 1000 Reward: 4007.832
Total T: 160000 Episode Num: 160 Episode T: 1000 Reward: 4001.380
---------------------------------------
Evaluation over 10 episodes: 3889.082
---------------------------------------
Total T: 161000 Episode Num: 161 Episode T: 1000 Reward: 3957.199
Total T: 162000 Episode Num: 162 Episode T: 1000 Reward: 3938.309
Total T: 163000 Episode Num: 163 Episode T: 1000 Reward: 4032.226
Total T: 164000 Episode Num: 164 Episode T: 1000 Reward: 4061.001
Total T: 165000 Episode Num: 165 Episode T: 1000 Reward: 3987.624
---------------------------------------
Evaluation over 10 episodes: 4028.819
---------------------------------------
Total T: 166000 Episode Num: 166 Episode T: 1000 Reward: 4097.341
Total T: 167000 Episode Num: 167 Episode T: 1000 Reward: 4101.750
Total T: 168000 Episode Num: 168 Episode T: 1000 Reward: 3994.402
Total T: 169000 Episode Num: 169 Episode T: 1000 Reward: 4153.884
Total T: 170000 Episode Num: 170 Episode T: 1000 Reward: 3974.534
---------------------------------------
Evaluation over 10 episodes: 3956.100
---------------------------------------
Total T: 171000 Episode Num: 171 Episode T: 1000 Reward: 4032.574
Total T: 172000 Episode Num: 172 Episode T: 1000 Reward: 3998.501
Total T: 173000 Episode Num: 173 Episode T: 1000 Reward: 3960.437
Total T: 174000 Episode Num: 174 Episode T: 1000 Reward: 4068.601
Total T: 175000 Episode Num: 175 Episode T: 1000 Reward: 4052.807
---------------------------------------
Evaluation over 10 episodes: 3646.865
---------------------------------------
Total T: 176000 Episode Num: 176 Episode T: 1000 Reward: 4164.272
Total T: 177000 Episode Num: 177 Episode T: 1000 Reward: 4062.618
Total T: 178000 Episode Num: 178 Episode T: 1000 Reward: 4109.933
Total T: 179000 Episode Num: 179 Episode T: 1000 Reward: 4059.059
Total T: 180000 Episode Num: 180 Episode T: 1000 Reward: 4198.551
---------------------------------------
Evaluation over 10 episodes: 4185.631
---------------------------------------
Total T: 181000 Episode Num: 181 Episode T: 1000 Reward: 4010.192
Total T: 182000 Episode Num: 182 Episode T: 1000 Reward: 3959.003
Total T: 183000 Episode Num: 183 Episode T: 1000 Reward: 4139.290
Total T: 184000 Episode Num: 184 Episode T: 1000 Reward: 4063.100
Total T: 185000 Episode Num: 185 Episode T: 1000 Reward: 4180.248
---------------------------------------
Evaluation over 10 episodes: 3663.098
---------------------------------------
Total T: 186000 Episode Num: 186 Episode T: 1000 Reward: 4080.320
Total T: 187000 Episode Num: 187 Episode T: 1000 Reward: 4094.780
Total T: 188000 Episode Num: 188 Episode T: 1000 Reward: 4037.685
Total T: 189000 Episode Num: 189 Episode T: 1000 Reward: 4117.935
Total T: 190000 Episode Num: 190 Episode T: 1000 Reward: 4224.759
---------------------------------------
Evaluation over 10 episodes: 4048.863
---------------------------------------
Total T: 191000 Episode Num: 191 Episode T: 1000 Reward: 4135.224
Total T: 192000 Episode Num: 192 Episode T: 1000 Reward: 3987.961
Total T: 193000 Episode Num: 193 Episode T: 1000 Reward: 4148.185
Total T: 194000 Episode Num: 194 Episode T: 1000 Reward: 4094.290
Total T: 195000 Episode Num: 195 Episode T: 1000 Reward: 4248.436
---------------------------------------
Evaluation over 10 episodes: 3964.246
---------------------------------------
Total T: 196000 Episode Num: 196 Episode T: 1000 Reward: 4104.315
Total T: 197000 Episode Num: 197 Episode T: 1000 Reward: 4154.742
Total T: 198000 Episode Num: 198 Episode T: 1000 Reward: 4030.537
Total T: 199000 Episode Num: 199 Episode T: 1000 Reward: 4009.619
Total T: 200000 Episode Num: 200 Episode T: 1000 Reward: 4235.282
---------------------------------------
Evaluation over 10 episodes: 4200.079
---------------------------------------
Total T: 201000 Episode Num: 201 Episode T: 1000 Reward: 4050.818
Total T: 202000 Episode Num: 202 Episode T: 1000 Reward: 4090.907
Total T: 203000 Episode Num: 203 Episode T: 1000 Reward: 4121.122
Total T: 204000 Episode Num: 204 Episode T: 1000 Reward: 4128.900
Total T: 205000 Episode Num: 205 Episode T: 1000 Reward: 4139.111
---------------------------------------
Evaluation over 10 episodes: 4244.981
---------------------------------------
Total T: 206000 Episode Num: 206 Episode T: 1000 Reward: 4153.266
Total T: 207000 Episode Num: 207 Episode T: 1000 Reward: 3990.602
Total T: 208000 Episode Num: 208 Episode T: 1000 Reward: 4166.087
Total T: 209000 Episode Num: 209 Episode T: 1000 Reward: 4140.779
Total T: 210000 Episode Num: 210 Episode T: 1000 Reward: 4205.498
---------------------------------------
Evaluation over 10 episodes: 4269.838
---------------------------------------
Total T: 211000 Episode Num: 211 Episode T: 1000 Reward: 4214.063
Total T: 212000 Episode Num: 212 Episode T: 1000 Reward: 4129.980
Total T: 213000 Episode Num: 213 Episode T: 1000 Reward: 4171.341
Total T: 214000 Episode Num: 214 Episode T: 1000 Reward: 4119.466
Total T: 215000 Episode Num: 215 Episode T: 1000 Reward: 4180.129
---------------------------------------
Evaluation over 10 episodes: 4306.436
---------------------------------------
Total T: 216000 Episode Num: 216 Episode T: 1000 Reward: 4218.465
Total T: 217000 Episode Num: 217 Episode T: 1000 Reward: 4194.594
Total T: 218000 Episode Num: 218 Episode T: 1000 Reward: 4158.292
Total T: 219000 Episode Num: 219 Episode T: 1000 Reward: 4208.182
Total T: 220000 Episode Num: 220 Episode T: 1000 Reward: 4318.119
---------------------------------------
Evaluation over 10 episodes: 4398.473
---------------------------------------
Total T: 221000 Episode Num: 221 Episode T: 1000 Reward: 4239.633
Total T: 222000 Episode Num: 222 Episode T: 1000 Reward: 4145.674
Total T: 223000 Episode Num: 223 Episode T: 1000 Reward: 4191.386
Total T: 224000 Episode Num: 224 Episode T: 1000 Reward: 4144.337
Total T: 225000 Episode Num: 225 Episode T: 1000 Reward: 4346.384
---------------------------------------
Evaluation over 10 episodes: 4212.268
---------------------------------------
Total T: 226000 Episode Num: 226 Episode T: 1000 Reward: 4033.294
Total T: 227000 Episode Num: 227 Episode T: 1000 Reward: 4200.309
Total T: 228000 Episode Num: 228 Episode T: 1000 Reward: 4198.559
Total T: 229000 Episode Num: 229 Episode T: 1000 Reward: 4233.074
Total T: 230000 Episode Num: 230 Episode T: 1000 Reward: 4241.546
---------------------------------------
Evaluation over 10 episodes: 4393.007
---------------------------------------
Total T: 231000 Episode Num: 231 Episode T: 1000 Reward: 4233.391
Total T: 232000 Episode Num: 232 Episode T: 1000 Reward: 4359.500
Total T: 233000 Episode Num: 233 Episode T: 1000 Reward: 4167.213
Total T: 234000 Episode Num: 234 Episode T: 1000 Reward: 4343.704
Total T: 235000 Episode Num: 235 Episode T: 1000 Reward: 4266.065
---------------------------------------
Evaluation over 10 episodes: 3905.104
---------------------------------------
Total T: 236000 Episode Num: 236 Episode T: 1000 Reward: 4223.823
Total T: 237000 Episode Num: 237 Episode T: 1000 Reward: 4214.364
Total T: 238000 Episode Num: 238 Episode T: 1000 Reward: 4286.333
Total T: 239000 Episode Num: 239 Episode T: 1000 Reward: 4202.042
Total T: 240000 Episode Num: 240 Episode T: 1000 Reward: 4386.103
---------------------------------------
Evaluation over 10 episodes: 4180.160
---------------------------------------
Total T: 241000 Episode Num: 241 Episode T: 1000 Reward: 4245.124
Total T: 242000 Episode Num: 242 Episode T: 1000 Reward: 4321.610
Total T: 243000 Episode Num: 243 Episode T: 1000 Reward: 4236.955
Total T: 244000 Episode Num: 244 Episode T: 1000 Reward: 4218.146
Total T: 245000 Episode Num: 245 Episode T: 1000 Reward: 4317.700
---------------------------------------
Evaluation over 10 episodes: 4141.590
---------------------------------------
Total T: 246000 Episode Num: 246 Episode T: 1000 Reward: 4336.276
Total T: 247000 Episode Num: 247 Episode T: 1000 Reward: 4307.161
Total T: 248000 Episode Num: 248 Episode T: 1000 Reward: 4050.842
Total T: 249000 Episode Num: 249 Episode T: 1000 Reward: 4380.550
Total T: 250000 Episode Num: 250 Episode T: 1000 Reward: 4225.336
---------------------------------------
Evaluation over 10 episodes: 4240.514
---------------------------------------
Total T: 251000 Episode Num: 251 Episode T: 1000 Reward: 4164.615
Total T: 252000 Episode Num: 252 Episode T: 1000 Reward: 4184.482
Total T: 253000 Episode Num: 253 Episode T: 1000 Reward: 4187.404
Total T: 254000 Episode Num: 254 Episode T: 1000 Reward: 4283.900
Total T: 255000 Episode Num: 255 Episode T: 1000 Reward: 4232.500
---------------------------------------
Evaluation over 10 episodes: 4183.198
---------------------------------------
Total T: 256000 Episode Num: 256 Episode T: 1000 Reward: 4446.329
Total T: 257000 Episode Num: 257 Episode T: 1000 Reward: 4256.108
Total T: 258000 Episode Num: 258 Episode T: 1000 Reward: 4300.129
Total T: 259000 Episode Num: 259 Episode T: 1000 Reward: 4243.655
Total T: 260000 Episode Num: 260 Episode T: 1000 Reward: 4193.294
---------------------------------------
Evaluation over 10 episodes: 4566.641
---------------------------------------
Total T: 261000 Episode Num: 261 Episode T: 1000 Reward: 4441.855
Total T: 262000 Episode Num: 262 Episode T: 1000 Reward: 4303.908
Total T: 263000 Episode Num: 263 Episode T: 1000 Reward: 4392.573
Total T: 264000 Episode Num: 264 Episode T: 1000 Reward: 4351.610
Total T: 265000 Episode Num: 265 Episode T: 1000 Reward: 4344.560
---------------------------------------
Evaluation over 10 episodes: 4403.026
---------------------------------------
Total T: 266000 Episode Num: 266 Episode T: 1000 Reward: 4161.761
Total T: 267000 Episode Num: 267 Episode T: 1000 Reward: 4268.582
Total T: 268000 Episode Num: 268 Episode T: 1000 Reward: 4236.244
Total T: 269000 Episode Num: 269 Episode T: 1000 Reward: 4265.468
Total T: 270000 Episode Num: 270 Episode T: 1000 Reward: 4377.908
---------------------------------------
Evaluation over 10 episodes: 3832.131
---------------------------------------
Total T: 271000 Episode Num: 271 Episode T: 1000 Reward: 4160.657
Total T: 272000 Episode Num: 272 Episode T: 1000 Reward: 4357.986
Total T: 273000 Episode Num: 273 Episode T: 1000 Reward: 4118.579
Total T: 274000 Episode Num: 274 Episode T: 1000 Reward: 4454.271
Total T: 275000 Episode Num: 275 Episode T: 1000 Reward: 4267.383
---------------------------------------
Evaluation over 10 episodes: 4338.767
---------------------------------------
Total T: 276000 Episode Num: 276 Episode T: 1000 Reward: 4372.868
Total T: 277000 Episode Num: 277 Episode T: 1000 Reward: 4339.691
Total T: 278000 Episode Num: 278 Episode T: 1000 Reward: 4335.041
Total T: 279000 Episode Num: 279 Episode T: 1000 Reward: 4542.014
Total T: 280000 Episode Num: 280 Episode T: 1000 Reward: 4285.414
---------------------------------------
Evaluation over 10 episodes: 4459.489
---------------------------------------
Total T: 281000 Episode Num: 281 Episode T: 1000 Reward: 4501.369
Total T: 282000 Episode Num: 282 Episode T: 1000 Reward: 4366.501
Total T: 283000 Episode Num: 283 Episode T: 1000 Reward: 4473.719
Total T: 284000 Episode Num: 284 Episode T: 1000 Reward: 4423.373
Total T: 285000 Episode Num: 285 Episode T: 1000 Reward: 4396.194
---------------------------------------
Evaluation over 10 episodes: 4490.600
---------------------------------------
Total T: 286000 Episode Num: 286 Episode T: 1000 Reward: 4542.931
Total T: 287000 Episode Num: 287 Episode T: 1000 Reward: 4300.190
Total T: 288000 Episode Num: 288 Episode T: 1000 Reward: 4421.618
Total T: 289000 Episode Num: 289 Episode T: 1000 Reward: 4331.932
Total T: 290000 Episode Num: 290 Episode T: 1000 Reward: 4461.956
---------------------------------------
Evaluation over 10 episodes: 4631.456
---------------------------------------
Total T: 291000 Episode Num: 291 Episode T: 1000 Reward: 4362.052
Total T: 292000 Episode Num: 292 Episode T: 1000 Reward: 4297.760
Total T: 293000 Episode Num: 293 Episode T: 1000 Reward: 4615.909
Total T: 294000 Episode Num: 294 Episode T: 1000 Reward: 4310.228
Total T: 295000 Episode Num: 295 Episode T: 1000 Reward: 4499.763
---------------------------------------
Evaluation over 10 episodes: 4626.529
---------------------------------------
Total T: 296000 Episode Num: 296 Episode T: 1000 Reward: 4359.861
Total T: 297000 Episode Num: 297 Episode T: 1000 Reward: 4472.629
Total T: 298000 Episode Num: 298 Episode T: 1000 Reward: 4375.475
Total T: 299000 Episode Num: 299 Episode T: 1000 Reward: 4462.739
Total T: 300000 Episode Num: 300 Episode T: 1000 Reward: 4517.890
---------------------------------------
Evaluation over 10 episodes: 4559.001
---------------------------------------
Total T: 301000 Episode Num: 301 Episode T: 1000 Reward: 4225.720
Total T: 302000 Episode Num: 302 Episode T: 1000 Reward: 4403.490
Total T: 303000 Episode Num: 303 Episode T: 1000 Reward: 4328.235
Total T: 304000 Episode Num: 304 Episode T: 1000 Reward: 4485.835
Total T: 305000 Episode Num: 305 Episode T: 1000 Reward: 4443.911
---------------------------------------
Evaluation over 10 episodes: 4072.209
---------------------------------------
Total T: 306000 Episode Num: 306 Episode T: 1000 Reward: 4349.646
Total T: 307000 Episode Num: 307 Episode T: 1000 Reward: 4530.171
Total T: 308000 Episode Num: 308 Episode T: 1000 Reward: 4089.116
Total T: 309000 Episode Num: 309 Episode T: 1000 Reward: 4446.517
Total T: 310000 Episode Num: 310 Episode T: 1000 Reward: 4457.231
---------------------------------------
Evaluation over 10 episodes: 4014.148
---------------------------------------
Total T: 311000 Episode Num: 311 Episode T: 1000 Reward: 4443.154
Total T: 312000 Episode Num: 312 Episode T: 1000 Reward: 4648.797
Total T: 313000 Episode Num: 313 Episode T: 1000 Reward: 4434.206
Total T: 314000 Episode Num: 314 Episode T: 1000 Reward: 4444.382
Total T: 315000 Episode Num: 315 Episode T: 1000 Reward: 4349.965
---------------------------------------
Evaluation over 10 episodes: 4356.775
---------------------------------------
Total T: 316000 Episode Num: 316 Episode T: 1000 Reward: 4576.265
Total T: 317000 Episode Num: 317 Episode T: 1000 Reward: 4581.223
Total T: 318000 Episode Num: 318 Episode T: 1000 Reward: 4249.614
Total T: 319000 Episode Num: 319 Episode T: 1000 Reward: 4558.405
Total T: 320000 Episode Num: 320 Episode T: 1000 Reward: 4533.582
---------------------------------------
Evaluation over 10 episodes: 4388.151
---------------------------------------
Total T: 321000 Episode Num: 321 Episode T: 1000 Reward: 4480.244
Total T: 322000 Episode Num: 322 Episode T: 1000 Reward: 4544.567
Total T: 323000 Episode Num: 323 Episode T: 1000 Reward: 4372.057
Total T: 324000 Episode Num: 324 Episode T: 1000 Reward: 4616.842
Total T: 325000 Episode Num: 325 Episode T: 1000 Reward: 4420.547
---------------------------------------
Evaluation over 10 episodes: 4476.450
---------------------------------------
Total T: 326000 Episode Num: 326 Episode T: 1000 Reward: 4575.734
Total T: 327000 Episode Num: 327 Episode T: 1000 Reward: 4542.171
Total T: 328000 Episode Num: 328 Episode T: 1000 Reward: 4483.675
Total T: 329000 Episode Num: 329 Episode T: 1000 Reward: 4606.933
Total T: 330000 Episode Num: 330 Episode T: 1000 Reward: 4414.761
---------------------------------------
Evaluation over 10 episodes: 4416.052
---------------------------------------
Total T: 331000 Episode Num: 331 Episode T: 1000 Reward: 4637.758
Total T: 332000 Episode Num: 332 Episode T: 1000 Reward: 4325.099
Total T: 333000 Episode Num: 333 Episode T: 1000 Reward: 4461.261
Total T: 334000 Episode Num: 334 Episode T: 1000 Reward: 4539.127
Total T: 335000 Episode Num: 335 Episode T: 1000 Reward: 4598.863
---------------------------------------
Evaluation over 10 episodes: 4418.425
---------------------------------------
Total T: 336000 Episode Num: 336 Episode T: 1000 Reward: 4567.253
Total T: 337000 Episode Num: 337 Episode T: 1000 Reward: 4425.657
Total T: 338000 Episode Num: 338 Episode T: 1000 Reward: 4661.768
Total T: 339000 Episode Num: 339 Episode T: 1000 Reward: 4409.015
Total T: 340000 Episode Num: 340 Episode T: 1000 Reward: 4506.786
---------------------------------------
Evaluation over 10 episodes: 4360.478
---------------------------------------
Total T: 341000 Episode Num: 341 Episode T: 1000 Reward: 4522.047
Total T: 342000 Episode Num: 342 Episode T: 1000 Reward: 4537.784
Total T: 343000 Episode Num: 343 Episode T: 1000 Reward: 4692.676
Total T: 344000 Episode Num: 344 Episode T: 1000 Reward: 4439.395
Total T: 345000 Episode Num: 345 Episode T: 1000 Reward: 4599.893
---------------------------------------
Evaluation over 10 episodes: 4663.616
---------------------------------------
Total T: 346000 Episode Num: 346 Episode T: 1000 Reward: 4594.371
Total T: 347000 Episode Num: 347 Episode T: 1000 Reward: 4616.503
Total T: 348000 Episode Num: 348 Episode T: 1000 Reward: 4540.197
Total T: 349000 Episode Num: 349 Episode T: 1000 Reward: 4375.036
Total T: 350000 Episode Num: 350 Episode T: 1000 Reward: 4751.898
---------------------------------------
Evaluation over 10 episodes: 4755.183
---------------------------------------
Total T: 351000 Episode Num: 351 Episode T: 1000 Reward: 4324.727
Total T: 352000 Episode Num: 352 Episode T: 1000 Reward: 4527.229
Total T: 353000 Episode Num: 353 Episode T: 1000 Reward: 4452.760
Total T: 354000 Episode Num: 354 Episode T: 1000 Reward: 4559.560
Total T: 355000 Episode Num: 355 Episode T: 1000 Reward: 4561.630
---------------------------------------
Evaluation over 10 episodes: 4418.536
---------------------------------------
Total T: 356000 Episode Num: 356 Episode T: 1000 Reward: 4586.190
Total T: 357000 Episode Num: 357 Episode T: 1000 Reward: 4818.454
Total T: 358000 Episode Num: 358 Episode T: 1000 Reward: 4278.455
Total T: 359000 Episode Num: 359 Episode T: 1000 Reward: 4457.997
Total T: 360000 Episode Num: 360 Episode T: 1000 Reward: 4208.551
---------------------------------------
Evaluation over 10 episodes: 4603.676
---------------------------------------
Total T: 361000 Episode Num: 361 Episode T: 1000 Reward: 4657.005
Total T: 362000 Episode Num: 362 Episode T: 1000 Reward: 4516.923
Total T: 363000 Episode Num: 363 Episode T: 1000 Reward: 4426.888
Total T: 364000 Episode Num: 364 Episode T: 1000 Reward: 4815.097
Total T: 365000 Episode Num: 365 Episode T: 1000 Reward: 4269.455
---------------------------------------
Evaluation over 10 episodes: 4616.486
---------------------------------------
Total T: 366000 Episode Num: 366 Episode T: 1000 Reward: 4635.140
Total T: 367000 Episode Num: 367 Episode T: 1000 Reward: 4423.660
Total T: 368000 Episode Num: 368 Episode T: 1000 Reward: 4493.166
Total T: 369000 Episode Num: 369 Episode T: 1000 Reward: 4707.050
Total T: 370000 Episode Num: 370 Episode T: 1000 Reward: 4504.944
---------------------------------------
Evaluation over 10 episodes: 4635.238
---------------------------------------
Total T: 371000 Episode Num: 371 Episode T: 1000 Reward: 4379.704
Total T: 372000 Episode Num: 372 Episode T: 1000 Reward: 4531.979
Total T: 373000 Episode Num: 373 Episode T: 1000 Reward: 4611.843
Total T: 374000 Episode Num: 374 Episode T: 1000 Reward: 4499.627
Total T: 375000 Episode Num: 375 Episode T: 1000 Reward: 4759.290
---------------------------------------
Evaluation over 10 episodes: 4830.408
---------------------------------------
Total T: 376000 Episode Num: 376 Episode T: 1000 Reward: 4513.957
Total T: 377000 Episode Num: 377 Episode T: 1000 Reward: 4582.130
Total T: 378000 Episode Num: 378 Episode T: 1000 Reward: 4744.363
Total T: 379000 Episode Num: 379 Episode T: 1000 Reward: 4372.511
Total T: 380000 Episode Num: 380 Episode T: 1000 Reward: 4665.138
---------------------------------------
Evaluation over 10 episodes: 4998.300
---------------------------------------
Total T: 381000 Episode Num: 381 Episode T: 1000 Reward: 4156.991
Total T: 382000 Episode Num: 382 Episode T: 1000 Reward: 4698.136
Total T: 383000 Episode Num: 383 Episode T: 1000 Reward: 4691.589
Total T: 384000 Episode Num: 384 Episode T: 1000 Reward: 4468.681
Total T: 385000 Episode Num: 385 Episode T: 1000 Reward: 4708.351
---------------------------------------
Evaluation over 10 episodes: 4711.616
---------------------------------------
Total T: 386000 Episode Num: 386 Episode T: 1000 Reward: 4628.772
Total T: 387000 Episode Num: 387 Episode T: 1000 Reward: 4717.315
Total T: 388000 Episode Num: 388 Episode T: 1000 Reward: 4476.750
Total T: 389000 Episode Num: 389 Episode T: 1000 Reward: 4745.293
Total T: 390000 Episode Num: 390 Episode T: 1000 Reward: 4420.926
---------------------------------------
Evaluation over 10 episodes: 4669.862
---------------------------------------
Total T: 391000 Episode Num: 391 Episode T: 1000 Reward: 4705.536
Total T: 392000 Episode Num: 392 Episode T: 1000 Reward: 4838.597
Total T: 393000 Episode Num: 393 Episode T: 1000 Reward: 4704.443
Total T: 394000 Episode Num: 394 Episode T: 1000 Reward: 4939.304
Total T: 395000 Episode Num: 395 Episode T: 1000 Reward: 4421.588
---------------------------------------
Evaluation over 10 episodes: 4774.770
---------------------------------------
Total T: 396000 Episode Num: 396 Episode T: 1000 Reward: 4691.914
Total T: 397000 Episode Num: 397 Episode T: 1000 Reward: 4512.397
Total T: 398000 Episode Num: 398 Episode T: 1000 Reward: 4703.649
Total T: 399000 Episode Num: 399 Episode T: 1000 Reward: 4678.620
Total T: 400000 Episode Num: 400 Episode T: 1000 Reward: 4742.433
---------------------------------------
Evaluation over 10 episodes: 4804.284
---------------------------------------
Total T: 401000 Episode Num: 401 Episode T: 1000 Reward: 4701.815
Total T: 402000 Episode Num: 402 Episode T: 1000 Reward: 4367.292
Total T: 403000 Episode Num: 403 Episode T: 1000 Reward: 4792.425
Total T: 404000 Episode Num: 404 Episode T: 1000 Reward: 4364.789
Total T: 405000 Episode Num: 405 Episode T: 1000 Reward: 4802.460
---------------------------------------
Evaluation over 10 episodes: 4938.123
---------------------------------------
Total T: 406000 Episode Num: 406 Episode T: 1000 Reward: 4644.899
Total T: 407000 Episode Num: 407 Episode T: 1000 Reward: 4660.170
Total T: 408000 Episode Num: 408 Episode T: 1000 Reward: 4646.637
Total T: 409000 Episode Num: 409 Episode T: 1000 Reward: 4574.395
Total T: 410000 Episode Num: 410 Episode T: 1000 Reward: 4758.324
---------------------------------------
Evaluation over 10 episodes: 5002.180
---------------------------------------
Total T: 411000 Episode Num: 411 Episode T: 1000 Reward: 4444.757
Total T: 412000 Episode Num: 412 Episode T: 1000 Reward: 4671.454
Total T: 413000 Episode Num: 413 Episode T: 1000 Reward: 4443.515
Total T: 414000 Episode Num: 414 Episode T: 1000 Reward: 4528.084
Total T: 415000 Episode Num: 415 Episode T: 1000 Reward: 4526.476
---------------------------------------
Evaluation over 10 episodes: 4514.586
---------------------------------------
Total T: 416000 Episode Num: 416 Episode T: 1000 Reward: 4659.249
Total T: 417000 Episode Num: 417 Episode T: 1000 Reward: 4856.333
Total T: 418000 Episode Num: 418 Episode T: 1000 Reward: 4682.373
Total T: 419000 Episode Num: 419 Episode T: 1000 Reward: 4839.147
Total T: 420000 Episode Num: 420 Episode T: 1000 Reward: 4628.336
---------------------------------------
Evaluation over 10 episodes: 4893.760
---------------------------------------
Total T: 421000 Episode Num: 421 Episode T: 1000 Reward: 4741.130
Total T: 422000 Episode Num: 422 Episode T: 1000 Reward: 4532.445
Total T: 423000 Episode Num: 423 Episode T: 1000 Reward: 4745.259
Total T: 424000 Episode Num: 424 Episode T: 1000 Reward: 4628.608
Total T: 425000 Episode Num: 425 Episode T: 1000 Reward: 4732.512
---------------------------------------
Evaluation over 10 episodes: 4696.406
---------------------------------------
Total T: 426000 Episode Num: 426 Episode T: 1000 Reward: 4871.022
Total T: 427000 Episode Num: 427 Episode T: 1000 Reward: 4675.594
Total T: 428000 Episode Num: 428 Episode T: 1000 Reward: 4980.315
Total T: 429000 Episode Num: 429 Episode T: 1000 Reward: 4511.129
Total T: 430000 Episode Num: 430 Episode T: 1000 Reward: 4766.164
---------------------------------------
Evaluation over 10 episodes: 5006.766
---------------------------------------
Total T: 431000 Episode Num: 431 Episode T: 1000 Reward: 4484.114
Total T: 432000 Episode Num: 432 Episode T: 1000 Reward: 4783.070
Total T: 433000 Episode Num: 433 Episode T: 1000 Reward: 4611.802
Total T: 434000 Episode Num: 434 Episode T: 1000 Reward: 4728.328
Total T: 435000 Episode Num: 435 Episode T: 1000 Reward: 4825.195
---------------------------------------
Evaluation over 10 episodes: 4511.390
---------------------------------------
Total T: 436000 Episode Num: 436 Episode T: 1000 Reward: 4754.681
Total T: 437000 Episode Num: 437 Episode T: 1000 Reward: 4903.652
Total T: 438000 Episode Num: 438 Episode T: 1000 Reward: 4522.850
Total T: 439000 Episode Num: 439 Episode T: 1000 Reward: 4814.792
Total T: 440000 Episode Num: 440 Episode T: 1000 Reward: 4588.778
---------------------------------------
Evaluation over 10 episodes: 4691.271
---------------------------------------
Total T: 441000 Episode Num: 441 Episode T: 1000 Reward: 4751.176
Total T: 442000 Episode Num: 442 Episode T: 1000 Reward: 4538.582
Total T: 443000 Episode Num: 443 Episode T: 1000 Reward: 4763.942
Total T: 444000 Episode Num: 444 Episode T: 1000 Reward: 4565.082
Total T: 445000 Episode Num: 445 Episode T: 1000 Reward: 4703.065
---------------------------------------
Evaluation over 10 episodes: 4968.757
---------------------------------------
Total T: 446000 Episode Num: 446 Episode T: 1000 Reward: 4706.507
Total T: 447000 Episode Num: 447 Episode T: 1000 Reward: 4800.125
Total T: 448000 Episode Num: 448 Episode T: 1000 Reward: 4873.551
Total T: 449000 Episode Num: 449 Episode T: 1000 Reward: 4636.643
Total T: 450000 Episode Num: 450 Episode T: 1000 Reward: 4962.556
---------------------------------------
Evaluation over 10 episodes: 5161.216
---------------------------------------
Total T: 451000 Episode Num: 451 Episode T: 1000 Reward: 4448.328
Total T: 452000 Episode Num: 452 Episode T: 1000 Reward: 4778.678
Total T: 453000 Episode Num: 453 Episode T: 1000 Reward: 4527.134
Total T: 454000 Episode Num: 454 Episode T: 1000 Reward: 4671.960
Total T: 455000 Episode Num: 455 Episode T: 1000 Reward: 4458.348
---------------------------------------
Evaluation over 10 episodes: 4752.520
---------------------------------------
Total T: 456000 Episode Num: 456 Episode T: 1000 Reward: 4902.312
Total T: 457000 Episode Num: 457 Episode T: 1000 Reward: 4736.785
Total T: 458000 Episode Num: 458 Episode T: 1000 Reward: 4645.698
Total T: 459000 Episode Num: 459 Episode T: 1000 Reward: 4851.155
Total T: 460000 Episode Num: 460 Episode T: 1000 Reward: 4318.303
---------------------------------------
Evaluation over 10 episodes: 4857.539
---------------------------------------
Total T: 461000 Episode Num: 461 Episode T: 1000 Reward: 4808.089
Total T: 462000 Episode Num: 462 Episode T: 1000 Reward: 4482.984
Total T: 463000 Episode Num: 463 Episode T: 1000 Reward: 4815.481
Total T: 464000 Episode Num: 464 Episode T: 1000 Reward: 4715.961
Total T: 465000 Episode Num: 465 Episode T: 1000 Reward: 4820.567
---------------------------------------
Evaluation over 10 episodes: 4714.177
---------------------------------------
Total T: 466000 Episode Num: 466 Episode T: 1000 Reward: 4730.474
Total T: 467000 Episode Num: 467 Episode T: 1000 Reward: 4917.841
Total T: 468000 Episode Num: 468 Episode T: 1000 Reward: 4969.226
Total T: 469000 Episode Num: 469 Episode T: 1000 Reward: 4768.025
Total T: 470000 Episode Num: 470 Episode T: 1000 Reward: 4721.674
---------------------------------------
Evaluation over 10 episodes: 5097.068
---------------------------------------
Total T: 471000 Episode Num: 471 Episode T: 1000 Reward: 4619.687
Total T: 472000 Episode Num: 472 Episode T: 1000 Reward: 4819.950
Total T: 473000 Episode Num: 473 Episode T: 1000 Reward: 4532.732
Total T: 474000 Episode Num: 474 Episode T: 1000 Reward: 4748.894
Total T: 475000 Episode Num: 475 Episode T: 1000 Reward: 4911.434
---------------------------------------
Evaluation over 10 episodes: 4678.797
---------------------------------------
Total T: 476000 Episode Num: 476 Episode T: 1000 Reward: 4909.226
Total T: 477000 Episode Num: 477 Episode T: 1000 Reward: 4824.731
Total T: 478000 Episode Num: 478 Episode T: 1000 Reward: 4668.965
Total T: 479000 Episode Num: 479 Episode T: 1000 Reward: 4756.334
Total T: 480000 Episode Num: 480 Episode T: 1000 Reward: 4550.305
---------------------------------------
Evaluation over 10 episodes: 4963.154
---------------------------------------
Total T: 481000 Episode Num: 481 Episode T: 1000 Reward: 4881.919
Total T: 482000 Episode Num: 482 Episode T: 1000 Reward: 4564.014
Total T: 483000 Episode Num: 483 Episode T: 1000 Reward: 4798.650
Total T: 484000 Episode Num: 484 Episode T: 1000 Reward: 4883.279
Total T: 485000 Episode Num: 485 Episode T: 1000 Reward: 4822.398
---------------------------------------
Evaluation over 10 episodes: 4847.671
---------------------------------------
Total T: 486000 Episode Num: 486 Episode T: 1000 Reward: 5002.559
Total T: 487000 Episode Num: 487 Episode T: 1000 Reward: 4548.053
Total T: 488000 Episode Num: 488 Episode T: 1000 Reward: 4907.495
Total T: 489000 Episode Num: 489 Episode T: 1000 Reward: 4504.116
Total T: 490000 Episode Num: 490 Episode T: 1000 Reward: 4969.098
---------------------------------------
Evaluation over 10 episodes: 5129.345
---------------------------------------
Total T: 491000 Episode Num: 491 Episode T: 1000 Reward: 4666.590
Total T: 492000 Episode Num: 492 Episode T: 1000 Reward: 4899.304
Total T: 493000 Episode Num: 493 Episode T: 1000 Reward: 4652.287
Total T: 494000 Episode Num: 494 Episode T: 1000 Reward: 4847.286
Total T: 495000 Episode Num: 495 Episode T: 1000 Reward: 4768.519
---------------------------------------
Evaluation over 10 episodes: 4471.839
---------------------------------------
Total T: 496000 Episode Num: 496 Episode T: 1000 Reward: 4838.104
Total T: 497000 Episode Num: 497 Episode T: 1000 Reward: 4964.634
Total T: 498000 Episode Num: 498 Episode T: 1000 Reward: 4560.983
Total T: 499000 Episode Num: 499 Episode T: 1000 Reward: 4900.294
Total T: 500000 Episode Num: 500 Episode T: 1000 Reward: 4587.356
---------------------------------------
Evaluation over 10 episodes: 4835.796
---------------------------------------
Total T: 501000 Episode Num: 501 Episode T: 1000 Reward: 4685.787
Total T: 502000 Episode Num: 502 Episode T: 1000 Reward: 4645.194
Total T: 503000 Episode Num: 503 Episode T: 1000 Reward: 4851.843
Total T: 504000 Episode Num: 504 Episode T: 1000 Reward: 4615.785
Total T: 505000 Episode Num: 505 Episode T: 1000 Reward: 4837.118
---------------------------------------
Evaluation over 10 episodes: 4356.097
---------------------------------------
Total T: 506000 Episode Num: 506 Episode T: 1000 Reward: 4785.284
Total T: 507000 Episode Num: 507 Episode T: 1000 Reward: 4977.706
Total T: 508000 Episode Num: 508 Episode T: 1000 Reward: 5050.820
Total T: 509000 Episode Num: 509 Episode T: 1000 Reward: 4754.934
Total T: 510000 Episode Num: 510 Episode T: 1000 Reward: 4981.535
---------------------------------------
Evaluation over 10 episodes: 5326.933
---------------------------------------
Total T: 511000 Episode Num: 511 Episode T: 1000 Reward: 4726.777
Total T: 512000 Episode Num: 512 Episode T: 1000 Reward: 4871.008
Total T: 513000 Episode Num: 513 Episode T: 1000 Reward: 4788.118
Total T: 514000 Episode Num: 514 Episode T: 1000 Reward: 4940.336
Total T: 515000 Episode Num: 515 Episode T: 1000 Reward: 5029.011
---------------------------------------
Evaluation over 10 episodes: 4466.391
---------------------------------------
Total T: 516000 Episode Num: 516 Episode T: 1000 Reward: 4924.690
Total T: 517000 Episode Num: 517 Episode T: 1000 Reward: 4938.175
Total T: 518000 Episode Num: 518 Episode T: 1000 Reward: 4650.394
Total T: 519000 Episode Num: 519 Episode T: 1000 Reward: 4961.483
Total T: 520000 Episode Num: 520 Episode T: 1000 Reward: 4692.167
---------------------------------------
Evaluation over 10 episodes: 5077.950
---------------------------------------
Total T: 521000 Episode Num: 521 Episode T: 1000 Reward: 4937.108
Total T: 522000 Episode Num: 522 Episode T: 1000 Reward: 4819.620
Total T: 523000 Episode Num: 523 Episode T: 1000 Reward: 4875.981
Total T: 524000 Episode Num: 524 Episode T: 1000 Reward: 4962.417
Total T: 525000 Episode Num: 525 Episode T: 1000 Reward: 4809.855
---------------------------------------
Evaluation over 10 episodes: 4806.451
---------------------------------------
Total T: 526000 Episode Num: 526 Episode T: 1000 Reward: 5035.670
Total T: 527000 Episode Num: 527 Episode T: 1000 Reward: 4967.384
Total T: 528000 Episode Num: 528 Episode T: 1000 Reward: 4934.256
Total T: 529000 Episode Num: 529 Episode T: 1000 Reward: 4762.985
Total T: 530000 Episode Num: 530 Episode T: 1000 Reward: 4945.781
---------------------------------------
Evaluation over 10 episodes: 5261.376
---------------------------------------
Total T: 531000 Episode Num: 531 Episode T: 1000 Reward: 4758.550
Total T: 532000 Episode Num: 532 Episode T: 1000 Reward: 4792.360
Total T: 533000 Episode Num: 533 Episode T: 1000 Reward: 4811.810
Total T: 534000 Episode Num: 534 Episode T: 1000 Reward: 4880.909
Total T: 535000 Episode Num: 535 Episode T: 1000 Reward: 4808.626
---------------------------------------
Evaluation over 10 episodes: 4393.151
---------------------------------------
Total T: 536000 Episode Num: 536 Episode T: 1000 Reward: 5004.290
Total T: 537000 Episode Num: 537 Episode T: 1000 Reward: 4893.245
Total T: 538000 Episode Num: 538 Episode T: 1000 Reward: 4833.174
Total T: 539000 Episode Num: 539 Episode T: 1000 Reward: 4894.146
Total T: 540000 Episode Num: 540 Episode T: 1000 Reward: 4820.394
---------------------------------------
Evaluation over 10 episodes: 5002.806
---------------------------------------
Total T: 541000 Episode Num: 541 Episode T: 1000 Reward: 5025.387
Total T: 542000 Episode Num: 542 Episode T: 1000 Reward: 4742.297
Total T: 543000 Episode Num: 543 Episode T: 1000 Reward: 4907.641
Total T: 544000 Episode Num: 544 Episode T: 1000 Reward: 4943.723
Total T: 545000 Episode Num: 545 Episode T: 1000 Reward: 4800.817
---------------------------------------
Evaluation over 10 episodes: 4976.658
---------------------------------------
Total T: 546000 Episode Num: 546 Episode T: 1000 Reward: 4940.486
Total T: 547000 Episode Num: 547 Episode T: 1000 Reward: 4768.141
Total T: 548000 Episode Num: 548 Episode T: 1000 Reward: 4906.170
Total T: 549000 Episode Num: 549 Episode T: 1000 Reward: 4791.406
Total T: 550000 Episode Num: 550 Episode T: 1000 Reward: 5062.878
---------------------------------------
Evaluation over 10 episodes: 5029.084
---------------------------------------
Total T: 551000 Episode Num: 551 Episode T: 1000 Reward: 4644.996
Total T: 552000 Episode Num: 552 Episode T: 1000 Reward: 5187.140
Total T: 553000 Episode Num: 553 Episode T: 1000 Reward: 4815.437
Total T: 554000 Episode Num: 554 Episode T: 1000 Reward: 5005.815
Total T: 555000 Episode Num: 555 Episode T: 1000 Reward: 4950.034
---------------------------------------
Evaluation over 10 episodes: 5533.362
---------------------------------------
Total T: 556000 Episode Num: 556 Episode T: 1000 Reward: 4676.875
Total T: 557000 Episode Num: 557 Episode T: 1000 Reward: 4958.255
Total T: 558000 Episode Num: 558 Episode T: 1000 Reward: 4675.699
Total T: 559000 Episode Num: 559 Episode T: 1000 Reward: 4925.738
Total T: 560000 Episode Num: 560 Episode T: 1000 Reward: 4806.317
---------------------------------------
Evaluation over 10 episodes: 4793.092
---------------------------------------
Total T: 561000 Episode Num: 561 Episode T: 1000 Reward: 4980.064
Total T: 562000 Episode Num: 562 Episode T: 1000 Reward: 5090.316
Total T: 563000 Episode Num: 563 Episode T: 1000 Reward: 5055.670
Total T: 564000 Episode Num: 564 Episode T: 1000 Reward: 5082.185
Total T: 565000 Episode Num: 565 Episode T: 1000 Reward: 4549.041
---------------------------------------
Evaluation over 10 episodes: 4952.500
---------------------------------------
Total T: 566000 Episode Num: 566 Episode T: 1000 Reward: 4801.289
Total T: 567000 Episode Num: 567 Episode T: 1000 Reward: 4819.513
Total T: 568000 Episode Num: 568 Episode T: 1000 Reward: 4990.646
Total T: 569000 Episode Num: 569 Episode T: 1000 Reward: 4777.301
Total T: 570000 Episode Num: 570 Episode T: 1000 Reward: 5041.957
---------------------------------------
Evaluation over 10 episodes: 4827.110
---------------------------------------
Total T: 571000 Episode Num: 571 Episode T: 1000 Reward: 5071.725
Total T: 572000 Episode Num: 572 Episode T: 1000 Reward: 5006.020
Total T: 573000 Episode Num: 573 Episode T: 1000 Reward: 4878.116
Total T: 574000 Episode Num: 574 Episode T: 1000 Reward: 4925.516
Total T: 575000 Episode Num: 575 Episode T: 1000 Reward: 5145.726
---------------------------------------
Evaluation over 10 episodes: 5355.653
---------------------------------------
Total T: 576000 Episode Num: 576 Episode T: 1000 Reward: 4738.834
Total T: 577000 Episode Num: 577 Episode T: 1000 Reward: 4992.151
Total T: 578000 Episode Num: 578 Episode T: 1000 Reward: 4676.226
Total T: 579000 Episode Num: 579 Episode T: 1000 Reward: 5055.162
Total T: 580000 Episode Num: 580 Episode T: 1000 Reward: 4937.592
---------------------------------------
Evaluation over 10 episodes: 4716.751
---------------------------------------
Total T: 581000 Episode Num: 581 Episode T: 1000 Reward: 5217.750
Total T: 582000 Episode Num: 582 Episode T: 1000 Reward: 5037.534
Total T: 583000 Episode Num: 583 Episode T: 1000 Reward: 4842.697
Total T: 584000 Episode Num: 584 Episode T: 1000 Reward: 5178.627
Total T: 585000 Episode Num: 585 Episode T: 1000 Reward: 4711.556
---------------------------------------
Evaluation over 10 episodes: 5028.490
---------------------------------------
Total T: 586000 Episode Num: 586 Episode T: 1000 Reward: 4880.495
Total T: 587000 Episode Num: 587 Episode T: 1000 Reward: 4718.564
Total T: 588000 Episode Num: 588 Episode T: 1000 Reward: 5203.456
Total T: 589000 Episode Num: 589 Episode T: 1000 Reward: 5056.835
Total T: 590000 Episode Num: 590 Episode T: 1000 Reward: 5014.715
---------------------------------------
Evaluation over 10 episodes: 5212.280
---------------------------------------
Total T: 591000 Episode Num: 591 Episode T: 1000 Reward: 5080.194
Total T: 592000 Episode Num: 592 Episode T: 1000 Reward: 4680.841
Total T: 593000 Episode Num: 593 Episode T: 1000 Reward: 5197.583
Total T: 594000 Episode Num: 594 Episode T: 1000 Reward: 4896.242
Total T: 595000 Episode Num: 595 Episode T: 1000 Reward: 5130.624
---------------------------------------
Evaluation over 10 episodes: 5384.734
---------------------------------------
Total T: 596000 Episode Num: 596 Episode T: 1000 Reward: 4906.917
Total T: 597000 Episode Num: 597 Episode T: 1000 Reward: 5134.961
Total T: 598000 Episode Num: 598 Episode T: 1000 Reward: 4916.532
Total T: 599000 Episode Num: 599 Episode T: 1000 Reward: 5231.802
Total T: 600000 Episode Num: 600 Episode T: 1000 Reward: 5212.000
---------------------------------------
Evaluation over 10 episodes: 3983.659
---------------------------------------
Total T: 601000 Episode Num: 601 Episode T: 1000 Reward: 5009.291
Total T: 602000 Episode Num: 602 Episode T: 1000 Reward: 4998.170
Total T: 603000 Episode Num: 603 Episode T: 1000 Reward: 4803.742
Total T: 604000 Episode Num: 604 Episode T: 1000 Reward: 5163.901
Total T: 605000 Episode Num: 605 Episode T: 1000 Reward: 4915.108
---------------------------------------
Evaluation over 10 episodes: 5252.903
---------------------------------------
Total T: 606000 Episode Num: 606 Episode T: 1000 Reward: 5085.839
Total T: 607000 Episode Num: 607 Episode T: 1000 Reward: 4822.170
Total T: 608000 Episode Num: 608 Episode T: 1000 Reward: 5201.348
Total T: 609000 Episode Num: 609 Episode T: 1000 Reward: 4988.183
Total T: 610000 Episode Num: 610 Episode T: 1000 Reward: 5071.848
---------------------------------------
Evaluation over 10 episodes: 5176.764
---------------------------------------
Total T: 611000 Episode Num: 611 Episode T: 1000 Reward: 5131.475
Total T: 612000 Episode Num: 612 Episode T: 1000 Reward: 4847.517
Total T: 613000 Episode Num: 613 Episode T: 1000 Reward: 4938.181
Total T: 614000 Episode Num: 614 Episode T: 1000 Reward: 4980.311
Total T: 615000 Episode Num: 615 Episode T: 1000 Reward: 5222.825
---------------------------------------
Evaluation over 10 episodes: 5145.680
---------------------------------------
Total T: 616000 Episode Num: 616 Episode T: 1000 Reward: 5028.042
Total T: 617000 Episode Num: 617 Episode T: 1000 Reward: 5300.387
Total T: 618000 Episode Num: 618 Episode T: 1000 Reward: 5092.320
Total T: 619000 Episode Num: 619 Episode T: 1000 Reward: 4794.555
Total T: 620000 Episode Num: 620 Episode T: 1000 Reward: 5120.489
---------------------------------------
Evaluation over 10 episodes: 5256.541
---------------------------------------
Total T: 621000 Episode Num: 621 Episode T: 1000 Reward: 4979.529
Total T: 622000 Episode Num: 622 Episode T: 1000 Reward: 5214.164
Total T: 623000 Episode Num: 623 Episode T: 1000 Reward: 4770.557
Total T: 624000 Episode Num: 624 Episode T: 1000 Reward: 5109.796
Total T: 625000 Episode Num: 625 Episode T: 1000 Reward: 4912.848
---------------------------------------
Evaluation over 10 episodes: 4753.294
---------------------------------------
Total T: 626000 Episode Num: 626 Episode T: 1000 Reward: 5194.036
Total T: 627000 Episode Num: 627 Episode T: 1000 Reward: 4977.190
Total T: 628000 Episode Num: 628 Episode T: 1000 Reward: 5018.378
Total T: 629000 Episode Num: 629 Episode T: 1000 Reward: 5227.383
Total T: 630000 Episode Num: 630 Episode T: 1000 Reward: 4790.361
---------------------------------------
Evaluation over 10 episodes: 5297.189
---------------------------------------
Total T: 631000 Episode Num: 631 Episode T: 1000 Reward: 4924.825
Total T: 632000 Episode Num: 632 Episode T: 1000 Reward: 5124.306
Total T: 633000 Episode Num: 633 Episode T: 1000 Reward: 5085.430
Total T: 634000 Episode Num: 634 Episode T: 1000 Reward: 4972.241
Total T: 635000 Episode Num: 635 Episode T: 1000 Reward: 5268.747
---------------------------------------
Evaluation over 10 episodes: 5294.133
---------------------------------------
Total T: 636000 Episode Num: 636 Episode T: 1000 Reward: 5182.368
Total T: 637000 Episode Num: 637 Episode T: 1000 Reward: 4792.844
Total T: 638000 Episode Num: 638 Episode T: 1000 Reward: 5282.906
Total T: 639000 Episode Num: 639 Episode T: 1000 Reward: 4888.127
Total T: 640000 Episode Num: 640 Episode T: 1000 Reward: 5112.295
---------------------------------------
Evaluation over 10 episodes: 5143.794
---------------------------------------
Total T: 641000 Episode Num: 641 Episode T: 1000 Reward: 4794.149
Total T: 642000 Episode Num: 642 Episode T: 1000 Reward: 5134.175
Total T: 643000 Episode Num: 643 Episode T: 1000 Reward: 4984.102
Total T: 644000 Episode Num: 644 Episode T: 1000 Reward: 5035.363
Total T: 645000 Episode Num: 645 Episode T: 1000 Reward: 5265.404
---------------------------------------
Evaluation over 10 episodes: 4514.769
---------------------------------------
Total T: 646000 Episode Num: 646 Episode T: 1000 Reward: 4686.368
Total T: 647000 Episode Num: 647 Episode T: 1000 Reward: 5012.441
Total T: 648000 Episode Num: 648 Episode T: 1000 Reward: 4862.994
Total T: 649000 Episode Num: 649 Episode T: 1000 Reward: 5162.749
Total T: 650000 Episode Num: 650 Episode T: 1000 Reward: 4985.465
---------------------------------------
Evaluation over 10 episodes: 5169.539
---------------------------------------
Total T: 651000 Episode Num: 651 Episode T: 1000 Reward: 5094.210
Total T: 652000 Episode Num: 652 Episode T: 1000 Reward: 5057.870
Total T: 653000 Episode Num: 653 Episode T: 1000 Reward: 5050.838
Total T: 654000 Episode Num: 654 Episode T: 1000 Reward: 5052.296
Total T: 655000 Episode Num: 655 Episode T: 1000 Reward: 4844.050
---------------------------------------
Evaluation over 10 episodes: 5213.037
---------------------------------------
Total T: 656000 Episode Num: 656 Episode T: 1000 Reward: 5206.563
Total T: 657000 Episode Num: 657 Episode T: 1000 Reward: 4858.333
Total T: 658000 Episode Num: 658 Episode T: 1000 Reward: 5121.293
Total T: 659000 Episode Num: 659 Episode T: 1000 Reward: 4882.355
Total T: 660000 Episode Num: 660 Episode T: 1000 Reward: 5175.837
---------------------------------------
Evaluation over 10 episodes: 5344.320
---------------------------------------
Total T: 661000 Episode Num: 661 Episode T: 1000 Reward: 5125.293
Total T: 662000 Episode Num: 662 Episode T: 1000 Reward: 4919.654
Total T: 663000 Episode Num: 663 Episode T: 1000 Reward: 5111.124
Total T: 664000 Episode Num: 664 Episode T: 1000 Reward: 4720.621
Total T: 665000 Episode Num: 665 Episode T: 1000 Reward: 5180.814
---------------------------------------
Evaluation over 10 episodes: 5495.667
---------------------------------------
Total T: 666000 Episode Num: 666 Episode T: 1000 Reward: 4924.355
Total T: 667000 Episode Num: 667 Episode T: 1000 Reward: 5034.153
Total T: 668000 Episode Num: 668 Episode T: 1000 Reward: 4737.871
Total T: 669000 Episode Num: 669 Episode T: 1000 Reward: 5278.074
Total T: 670000 Episode Num: 670 Episode T: 1000 Reward: 5052.169
---------------------------------------
Evaluation over 10 episodes: 4237.879
---------------------------------------
Total T: 671000 Episode Num: 671 Episode T: 1000 Reward: 5482.101
Total T: 672000 Episode Num: 672 Episode T: 1000 Reward: 5016.530
Total T: 673000 Episode Num: 673 Episode T: 1000 Reward: 5104.426
Total T: 674000 Episode Num: 674 Episode T: 1000 Reward: 5226.592
Total T: 675000 Episode Num: 675 Episode T: 1000 Reward: 4772.218
---------------------------------------
Evaluation over 10 episodes: 5292.982
---------------------------------------
Total T: 676000 Episode Num: 676 Episode T: 1000 Reward: 5133.635
Total T: 677000 Episode Num: 677 Episode T: 1000 Reward: 5065.080
Total T: 678000 Episode Num: 678 Episode T: 1000 Reward: 5387.295
Total T: 679000 Episode Num: 679 Episode T: 1000 Reward: 4866.440
Total T: 680000 Episode Num: 680 Episode T: 1000 Reward: 5235.342
---------------------------------------
Evaluation over 10 episodes: 5006.983
---------------------------------------
Total T: 681000 Episode Num: 681 Episode T: 1000 Reward: 5051.935
Total T: 682000 Episode Num: 682 Episode T: 1000 Reward: 5268.009
Total T: 683000 Episode Num: 683 Episode T: 1000 Reward: 5062.186
Total T: 684000 Episode Num: 684 Episode T: 1000 Reward: 5397.987
Total T: 685000 Episode Num: 685 Episode T: 1000 Reward: 5295.731
---------------------------------------
Evaluation over 10 episodes: 5595.357
---------------------------------------
Total T: 686000 Episode Num: 686 Episode T: 1000 Reward: 4860.509
Total T: 687000 Episode Num: 687 Episode T: 1000 Reward: 5302.375
Total T: 688000 Episode Num: 688 Episode T: 1000 Reward: 4987.674
Total T: 689000 Episode Num: 689 Episode T: 1000 Reward: 5208.687
Total T: 690000 Episode Num: 690 Episode T: 1000 Reward: 5167.472
---------------------------------------
Evaluation over 10 episodes: 5183.546
---------------------------------------
Total T: 691000 Episode Num: 691 Episode T: 1000 Reward: 5284.474
Total T: 692000 Episode Num: 692 Episode T: 1000 Reward: 5251.295
Total T: 693000 Episode Num: 693 Episode T: 1000 Reward: 4952.946
Total T: 694000 Episode Num: 694 Episode T: 1000 Reward: 5263.012
Total T: 695000 Episode Num: 695 Episode T: 1000 Reward: 4857.874
---------------------------------------
Evaluation over 10 episodes: 5487.135
---------------------------------------
Total T: 696000 Episode Num: 696 Episode T: 1000 Reward: 5281.968
Total T: 697000 Episode Num: 697 Episode T: 1000 Reward: 5238.244
Total T: 698000 Episode Num: 698 Episode T: 1000 Reward: 5327.343
Total T: 699000 Episode Num: 699 Episode T: 1000 Reward: 4991.763
Total T: 700000 Episode Num: 700 Episode T: 1000 Reward: 5254.934
---------------------------------------
Evaluation over 10 episodes: 5511.041
---------------------------------------
Total T: 701000 Episode Num: 701 Episode T: 1000 Reward: 5276.090
Total T: 702000 Episode Num: 702 Episode T: 1000 Reward: 4662.252
Total T: 703000 Episode Num: 703 Episode T: 1000 Reward: 5276.362
Total T: 704000 Episode Num: 704 Episode T: 1000 Reward: 5047.673
Total T: 705000 Episode Num: 705 Episode T: 1000 Reward: 5364.137
---------------------------------------
Evaluation over 10 episodes: 4953.775
---------------------------------------
Total T: 706000 Episode Num: 706 Episode T: 1000 Reward: 5020.501
Total T: 707000 Episode Num: 707 Episode T: 1000 Reward: 5164.270
Total T: 708000 Episode Num: 708 Episode T: 1000 Reward: 5069.587
Total T: 709000 Episode Num: 709 Episode T: 1000 Reward: 5137.947
Total T: 710000 Episode Num: 710 Episode T: 1000 Reward: 5134.969
---------------------------------------
Evaluation over 10 episodes: 5712.269
---------------------------------------
Total T: 711000 Episode Num: 711 Episode T: 1000 Reward: 4578.569
Total T: 712000 Episode Num: 712 Episode T: 1000 Reward: 5176.266
Total T: 713000 Episode Num: 713 Episode T: 1000 Reward: 5081.447
Total T: 714000 Episode Num: 714 Episode T: 1000 Reward: 5310.412
Total T: 715000 Episode Num: 715 Episode T: 1000 Reward: 4998.742
---------------------------------------
Evaluation over 10 episodes: 5409.486
---------------------------------------
Total T: 716000 Episode Num: 716 Episode T: 1000 Reward: 5301.617
Total T: 717000 Episode Num: 717 Episode T: 1000 Reward: 5268.949
Total T: 718000 Episode Num: 718 Episode T: 1000 Reward: 5327.954
Total T: 719000 Episode Num: 719 Episode T: 1000 Reward: 5255.317
Total T: 720000 Episode Num: 720 Episode T: 1000 Reward: 4981.451
---------------------------------------
Evaluation over 10 episodes: 5466.424
---------------------------------------
Total T: 721000 Episode Num: 721 Episode T: 1000 Reward: 5257.554
Total T: 722000 Episode Num: 722 Episode T: 1000 Reward: 5012.163
Total T: 723000 Episode Num: 723 Episode T: 1000 Reward: 5129.255
Total T: 724000 Episode Num: 724 Episode T: 1000 Reward: 5066.346
Total T: 725000 Episode Num: 725 Episode T: 1000 Reward: 5265.801
---------------------------------------
Evaluation over 10 episodes: 5023.707
---------------------------------------
Total T: 726000 Episode Num: 726 Episode T: 1000 Reward: 5122.516
Total T: 727000 Episode Num: 727 Episode T: 1000 Reward: 5432.423
Total T: 728000 Episode Num: 728 Episode T: 1000 Reward: 5105.365
Total T: 729000 Episode Num: 729 Episode T: 1000 Reward: 5298.898
Total T: 730000 Episode Num: 730 Episode T: 1000 Reward: 5172.948
---------------------------------------
Evaluation over 10 episodes: 5660.117
---------------------------------------
Total T: 731000 Episode Num: 731 Episode T: 1000 Reward: 5302.305
Total T: 732000 Episode Num: 732 Episode T: 1000 Reward: 5153.785
Total T: 733000 Episode Num: 733 Episode T: 1000 Reward: 4607.285
Total T: 734000 Episode Num: 734 Episode T: 1000 Reward: 5349.913
Total T: 735000 Episode Num: 735 Episode T: 1000 Reward: 5021.569
---------------------------------------
Evaluation over 10 episodes: 5348.047
---------------------------------------
Total T: 736000 Episode Num: 736 Episode T: 1000 Reward: 5261.742
Total T: 737000 Episode Num: 737 Episode T: 1000 Reward: 5187.985
Total T: 738000 Episode Num: 738 Episode T: 1000 Reward: 5395.100
Total T: 739000 Episode Num: 739 Episode T: 1000 Reward: 5195.341
Total T: 740000 Episode Num: 740 Episode T: 1000 Reward: 5197.037
---------------------------------------
Evaluation over 10 episodes: 5528.352
---------------------------------------
Total T: 741000 Episode Num: 741 Episode T: 1000 Reward: 5218.847
Total T: 742000 Episode Num: 742 Episode T: 1000 Reward: 5143.613
Total T: 743000 Episode Num: 743 Episode T: 1000 Reward: 5290.851
Total T: 744000 Episode Num: 744 Episode T: 1000 Reward: 5010.707
Total T: 745000 Episode Num: 745 Episode T: 1000 Reward: 5258.167
---------------------------------------
Evaluation over 10 episodes: 4908.555
---------------------------------------
Total T: 746000 Episode Num: 746 Episode T: 1000 Reward: 5328.402
Total T: 747000 Episode Num: 747 Episode T: 1000 Reward: 5406.761
Total T: 748000 Episode Num: 748 Episode T: 1000 Reward: 5191.760
Total T: 749000 Episode Num: 749 Episode T: 1000 Reward: 5354.321
Total T: 750000 Episode Num: 750 Episode T: 1000 Reward: 5188.861
---------------------------------------
Evaluation over 10 episodes: 5755.865
---------------------------------------
Total T: 751000 Episode Num: 751 Episode T: 1000 Reward: 5186.941
Total T: 752000 Episode Num: 752 Episode T: 1000 Reward: 5322.458
Total T: 753000 Episode Num: 753 Episode T: 1000 Reward: 5138.755
Total T: 754000 Episode Num: 754 Episode T: 1000 Reward: 5199.789
Total T: 755000 Episode Num: 755 Episode T: 1000 Reward: 5180.960
---------------------------------------
Evaluation over 10 episodes: 5624.535
---------------------------------------
Total T: 756000 Episode Num: 756 Episode T: 1000 Reward: 5330.970
Total T: 757000 Episode Num: 757 Episode T: 1000 Reward: 5320.378
Total T: 758000 Episode Num: 758 Episode T: 1000 Reward: 5274.727
Total T: 759000 Episode Num: 759 Episode T: 1000 Reward: 5241.196
Total T: 760000 Episode Num: 760 Episode T: 1000 Reward: 5456.789
---------------------------------------
Evaluation over 10 episodes: 5349.058
---------------------------------------
Total T: 761000 Episode Num: 761 Episode T: 1000 Reward: 5317.124
Total T: 762000 Episode Num: 762 Episode T: 1000 Reward: 5338.840
Total T: 763000 Episode Num: 763 Episode T: 1000 Reward: 5428.773
Total T: 764000 Episode Num: 764 Episode T: 1000 Reward: 5195.005
Total T: 765000 Episode Num: 765 Episode T: 1000 Reward: 5302.802
---------------------------------------
Evaluation over 10 episodes: 5879.204
---------------------------------------
Total T: 766000 Episode Num: 766 Episode T: 1000 Reward: 5241.979
Total T: 767000 Episode Num: 767 Episode T: 1000 Reward: 5187.673
Total T: 768000 Episode Num: 768 Episode T: 1000 Reward: 5136.334
Total T: 769000 Episode Num: 769 Episode T: 1000 Reward: 5387.280
Total T: 770000 Episode Num: 770 Episode T: 1000 Reward: 5001.153
---------------------------------------
Evaluation over 10 episodes: 5442.193
---------------------------------------
Total T: 771000 Episode Num: 771 Episode T: 1000 Reward: 5463.513
Total T: 772000 Episode Num: 772 Episode T: 1000 Reward: 5146.567
Total T: 773000 Episode Num: 773 Episode T: 1000 Reward: 5475.004
Total T: 774000 Episode Num: 774 Episode T: 1000 Reward: 5420.580
Total T: 775000 Episode Num: 775 Episode T: 1000 Reward: 5106.540
---------------------------------------
Evaluation over 10 episodes: 5616.746
---------------------------------------
Total T: 776000 Episode Num: 776 Episode T: 1000 Reward: 5223.758
Total T: 777000 Episode Num: 777 Episode T: 1000 Reward: 5114.764
Total T: 778000 Episode Num: 778 Episode T: 1000 Reward: 5318.056
Total T: 779000 Episode Num: 779 Episode T: 1000 Reward: 5213.114
Total T: 780000 Episode Num: 780 Episode T: 1000 Reward: 5426.044
---------------------------------------
Evaluation over 10 episodes: 4573.668
---------------------------------------
Total T: 781000 Episode Num: 781 Episode T: 1000 Reward: 5462.332
Total T: 782000 Episode Num: 782 Episode T: 1000 Reward: 5300.814
Total T: 783000 Episode Num: 783 Episode T: 1000 Reward: 5281.488
Total T: 784000 Episode Num: 784 Episode T: 1000 Reward: 5109.428
Total T: 785000 Episode Num: 785 Episode T: 1000 Reward: 5400.309
---------------------------------------
Evaluation over 10 episodes: 5611.902
---------------------------------------
Total T: 786000 Episode Num: 786 Episode T: 1000 Reward: 5233.341
Total T: 787000 Episode Num: 787 Episode T: 1000 Reward: 5563.739
Total T: 788000 Episode Num: 788 Episode T: 1000 Reward: 5201.073
Total T: 789000 Episode Num: 789 Episode T: 1000 Reward: 5546.141
Total T: 790000 Episode Num: 790 Episode T: 1000 Reward: 5606.465
---------------------------------------
Evaluation over 10 episodes: 4113.259
---------------------------------------
Total T: 791000 Episode Num: 791 Episode T: 1000 Reward: 5194.853
Total T: 792000 Episode Num: 792 Episode T: 1000 Reward: 5153.867
Total T: 793000 Episode Num: 793 Episode T: 1000 Reward: 5274.140
Total T: 794000 Episode Num: 794 Episode T: 1000 Reward: 5390.796
Total T: 795000 Episode Num: 795 Episode T: 1000 Reward: 5184.839
---------------------------------------
Evaluation over 10 episodes: 5578.668
---------------------------------------
Total T: 796000 Episode Num: 796 Episode T: 1000 Reward: 5487.280
Total T: 797000 Episode Num: 797 Episode T: 1000 Reward: 5122.070
Total T: 798000 Episode Num: 798 Episode T: 1000 Reward: 5529.550
Total T: 799000 Episode Num: 799 Episode T: 1000 Reward: 5371.153
Total T: 800000 Episode Num: 800 Episode T: 1000 Reward: 5504.851
---------------------------------------
Evaluation over 10 episodes: 5457.179
---------------------------------------
Total T: 801000 Episode Num: 801 Episode T: 1000 Reward: 5631.919
Total T: 802000 Episode Num: 802 Episode T: 1000 Reward: 5450.003
Total T: 803000 Episode Num: 803 Episode T: 1000 Reward: 5372.236
Total T: 804000 Episode Num: 804 Episode T: 1000 Reward: 5289.144
Total T: 805000 Episode Num: 805 Episode T: 1000 Reward: 5472.149
---------------------------------------
Evaluation over 10 episodes: 6020.510
---------------------------------------
Total T: 806000 Episode Num: 806 Episode T: 1000 Reward: 5200.849
Total T: 807000 Episode Num: 807 Episode T: 1000 Reward: 5305.774
Total T: 808000 Episode Num: 808 Episode T: 1000 Reward: 5229.139
Total T: 809000 Episode Num: 809 Episode T: 1000 Reward: 5342.633
Total T: 810000 Episode Num: 810 Episode T: 1000 Reward: 5239.354
---------------------------------------
Evaluation over 10 episodes: 5531.806
---------------------------------------
Total T: 811000 Episode Num: 811 Episode T: 1000 Reward: 5434.145
Total T: 812000 Episode Num: 812 Episode T: 1000 Reward: 5286.188
Total T: 813000 Episode Num: 813 Episode T: 1000 Reward: 5510.746
Total T: 814000 Episode Num: 814 Episode T: 1000 Reward: 5410.088
Total T: 815000 Episode Num: 815 Episode T: 1000 Reward: 5398.998
---------------------------------------
Evaluation over 10 episodes: 4268.418
---------------------------------------
Total T: 816000 Episode Num: 816 Episode T: 1000 Reward: 5259.640
Total T: 817000 Episode Num: 817 Episode T: 1000 Reward: 5400.910
Total T: 818000 Episode Num: 818 Episode T: 1000 Reward: 5489.258
Total T: 819000 Episode Num: 819 Episode T: 1000 Reward: 5254.994
Total T: 820000 Episode Num: 820 Episode T: 1000 Reward: 5479.176
---------------------------------------
Evaluation over 10 episodes: 6025.474
---------------------------------------
Total T: 821000 Episode Num: 821 Episode T: 1000 Reward: 5330.361
Total T: 822000 Episode Num: 822 Episode T: 1000 Reward: 5333.985
Total T: 823000 Episode Num: 823 Episode T: 1000 Reward: 5430.699
Total T: 824000 Episode Num: 824 Episode T: 1000 Reward: 5384.923
Total T: 825000 Episode Num: 825 Episode T: 1000 Reward: 5325.550
---------------------------------------
Evaluation over 10 episodes: 5270.420
---------------------------------------
Total T: 826000 Episode Num: 826 Episode T: 1000 Reward: 5525.645
Total T: 827000 Episode Num: 827 Episode T: 1000 Reward: 5460.930
Total T: 828000 Episode Num: 828 Episode T: 1000 Reward: 5188.379
Total T: 829000 Episode Num: 829 Episode T: 1000 Reward: 5331.817
Total T: 830000 Episode Num: 830 Episode T: 1000 Reward: 5136.014
---------------------------------------
Evaluation over 10 episodes: 5648.000
---------------------------------------
Total T: 831000 Episode Num: 831 Episode T: 1000 Reward: 5438.975
Total T: 832000 Episode Num: 832 Episode T: 1000 Reward: 5277.376
Total T: 833000 Episode Num: 833 Episode T: 1000 Reward: 5390.856
Total T: 834000 Episode Num: 834 Episode T: 1000 Reward: 5438.023
Total T: 835000 Episode Num: 835 Episode T: 1000 Reward: 5429.166
---------------------------------------
Evaluation over 10 episodes: 5854.437
---------------------------------------
Total T: 836000 Episode Num: 836 Episode T: 1000 Reward: 5185.383
Total T: 837000 Episode Num: 837 Episode T: 1000 Reward: 5448.158
Total T: 838000 Episode Num: 838 Episode T: 1000 Reward: 5406.108
Total T: 839000 Episode Num: 839 Episode T: 1000 Reward: 5382.419
Total T: 840000 Episode Num: 840 Episode T: 1000 Reward: 5341.680
---------------------------------------
Evaluation over 10 episodes: 5125.537
---------------------------------------
Total T: 841000 Episode Num: 841 Episode T: 1000 Reward: 5403.037
Total T: 842000 Episode Num: 842 Episode T: 1000 Reward: 5320.858
Total T: 843000 Episode Num: 843 Episode T: 1000 Reward: 5594.435
Total T: 844000 Episode Num: 844 Episode T: 1000 Reward: 5115.996
Total T: 845000 Episode Num: 845 Episode T: 1000 Reward: 5091.240
---------------------------------------
Evaluation over 10 episodes: 5467.063
---------------------------------------
Total T: 846000 Episode Num: 846 Episode T: 1000 Reward: 5546.025
Total T: 847000 Episode Num: 847 Episode T: 1000 Reward: 5102.363
Total T: 848000 Episode Num: 848 Episode T: 1000 Reward: 5276.458
Total T: 849000 Episode Num: 849 Episode T: 1000 Reward: 5181.201
Total T: 850000 Episode Num: 850 Episode T: 1000 Reward: 5553.442
---------------------------------------
Evaluation over 10 episodes: 4737.866
---------------------------------------
Total T: 851000 Episode Num: 851 Episode T: 1000 Reward: 5389.753
Total T: 852000 Episode Num: 852 Episode T: 1000 Reward: 5547.627
Total T: 853000 Episode Num: 853 Episode T: 1000 Reward: 5466.377
Total T: 854000 Episode Num: 854 Episode T: 1000 Reward: 5288.516
Total T: 855000 Episode Num: 855 Episode T: 1000 Reward: 5504.251
---------------------------------------
Evaluation over 10 episodes: 3788.063
---------------------------------------
Total T: 856000 Episode Num: 856 Episode T: 1000 Reward: 5335.681
Total T: 857000 Episode Num: 857 Episode T: 1000 Reward: 5479.321
Total T: 858000 Episode Num: 858 Episode T: 1000 Reward: 5216.700
Total T: 859000 Episode Num: 859 Episode T: 1000 Reward: 5516.836
Total T: 860000 Episode Num: 860 Episode T: 1000 Reward: 5115.364
---------------------------------------
Evaluation over 10 episodes: 5455.101
---------------------------------------
Total T: 861000 Episode Num: 861 Episode T: 1000 Reward: 5448.782
Total T: 862000 Episode Num: 862 Episode T: 1000 Reward: 5066.989
Total T: 863000 Episode Num: 863 Episode T: 1000 Reward: 5297.118
Total T: 864000 Episode Num: 864 Episode T: 1000 Reward: 5244.539
Total T: 865000 Episode Num: 865 Episode T: 1000 Reward: 5472.868
---------------------------------------
Evaluation over 10 episodes: 4368.659
---------------------------------------
Total T: 866000 Episode Num: 866 Episode T: 1000 Reward: 5331.922
Total T: 867000 Episode Num: 867 Episode T: 1000 Reward: 5480.605
Total T: 868000 Episode Num: 868 Episode T: 1000 Reward: 5710.699
Total T: 869000 Episode Num: 869 Episode T: 1000 Reward: 5293.666
Total T: 870000 Episode Num: 870 Episode T: 1000 Reward: 5439.237
---------------------------------------
Evaluation over 10 episodes: 5931.265
---------------------------------------
Total T: 871000 Episode Num: 871 Episode T: 1000 Reward: 5082.835
Total T: 872000 Episode Num: 872 Episode T: 1000 Reward: 5480.521
Total T: 873000 Episode Num: 873 Episode T: 1000 Reward: 5255.450
Total T: 874000 Episode Num: 874 Episode T: 1000 Reward: 5590.100
Total T: 875000 Episode Num: 875 Episode T: 1000 Reward: 5338.420
---------------------------------------
Evaluation over 10 episodes: 5547.261
---------------------------------------
Total T: 876000 Episode Num: 876 Episode T: 1000 Reward: 5367.262
Total T: 877000 Episode Num: 877 Episode T: 1000 Reward: 5402.937
Total T: 878000 Episode Num: 878 Episode T: 1000 Reward: 5444.140
Total T: 879000 Episode Num: 879 Episode T: 1000 Reward: 5272.946
Total T: 880000 Episode Num: 880 Episode T: 1000 Reward: 5475.233
---------------------------------------
Evaluation over 10 episodes: 5545.421
---------------------------------------
Total T: 881000 Episode Num: 881 Episode T: 1000 Reward: 5354.807
Total T: 882000 Episode Num: 882 Episode T: 1000 Reward: 5462.248
Total T: 883000 Episode Num: 883 Episode T: 1000 Reward: 5273.897
Total T: 884000 Episode Num: 884 Episode T: 1000 Reward: 5285.166
Total T: 885000 Episode Num: 885 Episode T: 1000 Reward: 5462.940
---------------------------------------
Evaluation over 10 episodes: 5528.342
---------------------------------------
Total T: 886000 Episode Num: 886 Episode T: 1000 Reward: 5245.039
Total T: 887000 Episode Num: 887 Episode T: 1000 Reward: 5469.890
Total T: 888000 Episode Num: 888 Episode T: 1000 Reward: 5274.286
Total T: 889000 Episode Num: 889 Episode T: 1000 Reward: 5512.898
Total T: 890000 Episode Num: 890 Episode T: 1000 Reward: 5339.207
---------------------------------------
Evaluation over 10 episodes: 5155.724
---------------------------------------
Total T: 891000 Episode Num: 891 Episode T: 1000 Reward: 5602.646
Total T: 892000 Episode Num: 892 Episode T: 1000 Reward: 5653.210
Total T: 893000 Episode Num: 893 Episode T: 1000 Reward: 5496.118
Total T: 894000 Episode Num: 894 Episode T: 1000 Reward: 5634.773
Total T: 895000 Episode Num: 895 Episode T: 1000 Reward: 5246.793
---------------------------------------
Evaluation over 10 episodes: 5668.078
---------------------------------------
Total T: 896000 Episode Num: 896 Episode T: 1000 Reward: 5444.642
Total T: 897000 Episode Num: 897 Episode T: 1000 Reward: 5293.944
Total T: 898000 Episode Num: 898 Episode T: 1000 Reward: 5457.755
Total T: 899000 Episode Num: 899 Episode T: 1000 Reward: 5123.370
Total T: 900000 Episode Num: 900 Episode T: 1000 Reward: 5524.756
---------------------------------------
Evaluation over 10 episodes: 4988.369
---------------------------------------
Total T: 901000 Episode Num: 901 Episode T: 1000 Reward: 5189.501
Total T: 902000 Episode Num: 902 Episode T: 1000 Reward: 5720.046
Total T: 903000 Episode Num: 903 Episode T: 1000 Reward: 5455.418
Total T: 904000 Episode Num: 904 Episode T: 1000 Reward: 5249.256
Total T: 905000 Episode Num: 905 Episode T: 1000 Reward: 5581.837
---------------------------------------
Evaluation over 10 episodes: 5805.185
---------------------------------------
Total T: 906000 Episode Num: 906 Episode T: 1000 Reward: 5260.357
Total T: 907000 Episode Num: 907 Episode T: 1000 Reward: 5542.292
Total T: 908000 Episode Num: 908 Episode T: 1000 Reward: 5130.609
Total T: 909000 Episode Num: 909 Episode T: 1000 Reward: 5502.778
Total T: 910000 Episode Num: 910 Episode T: 1000 Reward: 5286.397
---------------------------------------
Evaluation over 10 episodes: 5531.815
---------------------------------------
Total T: 911000 Episode Num: 911 Episode T: 1000 Reward: 5607.935
Total T: 912000 Episode Num: 912 Episode T: 1000 Reward: 5545.403
Total T: 913000 Episode Num: 913 Episode T: 1000 Reward: 5480.635
Total T: 914000 Episode Num: 914 Episode T: 1000 Reward: 5544.788
Total T: 915000 Episode Num: 915 Episode T: 1000 Reward: 5547.461
---------------------------------------
Evaluation over 10 episodes: 5598.304
---------------------------------------
Total T: 916000 Episode Num: 916 Episode T: 1000 Reward: 5559.726
Total T: 917000 Episode Num: 917 Episode T: 1000 Reward: 5276.728
Total T: 918000 Episode Num: 918 Episode T: 1000 Reward: 5547.307
Total T: 919000 Episode Num: 919 Episode T: 1000 Reward: 5496.926
Total T: 920000 Episode Num: 920 Episode T: 1000 Reward: 5475.513
---------------------------------------
Evaluation over 10 episodes: 5558.257
---------------------------------------
Total T: 921000 Episode Num: 921 Episode T: 1000 Reward: 5445.364
Total T: 922000 Episode Num: 922 Episode T: 1000 Reward: 5491.427
Total T: 923000 Episode Num: 923 Episode T: 1000 Reward: 5327.019
Total T: 924000 Episode Num: 924 Episode T: 1000 Reward: 5593.002
Total T: 925000 Episode Num: 925 Episode T: 1000 Reward: 5548.449
---------------------------------------
Evaluation over 10 episodes: 4245.105
---------------------------------------
Total T: 926000 Episode Num: 926 Episode T: 1000 Reward: 5453.866
Total T: 927000 Episode Num: 927 Episode T: 1000 Reward: 5317.530
Total T: 928000 Episode Num: 928 Episode T: 1000 Reward: 5038.345
Total T: 929000 Episode Num: 929 Episode T: 1000 Reward: 5457.337
Total T: 930000 Episode Num: 930 Episode T: 1000 Reward: 5462.655
---------------------------------------
Evaluation over 10 episodes: 5618.023
---------------------------------------
Total T: 931000 Episode Num: 931 Episode T: 1000 Reward: 5548.561
Total T: 932000 Episode Num: 932 Episode T: 1000 Reward: 5340.126
Total T: 933000 Episode Num: 933 Episode T: 1000 Reward: 5641.082
Total T: 934000 Episode Num: 934 Episode T: 1000 Reward: 5539.670
Total T: 935000 Episode Num: 935 Episode T: 1000 Reward: 5506.508
---------------------------------------
Evaluation over 10 episodes: 5652.819
---------------------------------------
Total T: 936000 Episode Num: 936 Episode T: 1000 Reward: 5511.980
Total T: 937000 Episode Num: 937 Episode T: 1000 Reward: 5205.444
Total T: 938000 Episode Num: 938 Episode T: 1000 Reward: 5519.487
Total T: 939000 Episode Num: 939 Episode T: 1000 Reward: 5240.849
Total T: 940000 Episode Num: 940 Episode T: 1000 Reward: 5470.257
---------------------------------------
Evaluation over 10 episodes: 5579.542
---------------------------------------
Total T: 941000 Episode Num: 941 Episode T: 1000 Reward: 5208.304
Total T: 942000 Episode Num: 942 Episode T: 1000 Reward: 5719.312
Total T: 943000 Episode Num: 943 Episode T: 1000 Reward: 5451.548
Total T: 944000 Episode Num: 944 Episode T: 1000 Reward: 5549.620
Total T: 945000 Episode Num: 945 Episode T: 1000 Reward: 5643.391
---------------------------------------
Evaluation over 10 episodes: 5822.711
---------------------------------------
Total T: 946000 Episode Num: 946 Episode T: 1000 Reward: 5151.493
Total T: 947000 Episode Num: 947 Episode T: 1000 Reward: 5543.712
Total T: 948000 Episode Num: 948 Episode T: 1000 Reward: 5416.302
Total T: 949000 Episode Num: 949 Episode T: 1000 Reward: 5449.247
Total T: 950000 Episode Num: 950 Episode T: 1000 Reward: 5399.611
---------------------------------------
Evaluation over 10 episodes: 5627.258
---------------------------------------
Total T: 951000 Episode Num: 951 Episode T: 1000 Reward: 5516.137
Total T: 952000 Episode Num: 952 Episode T: 1000 Reward: 5404.163
Total T: 953000 Episode Num: 953 Episode T: 1000 Reward: 5614.574
Total T: 954000 Episode Num: 954 Episode T: 1000 Reward: 5245.165
Total T: 955000 Episode Num: 955 Episode T: 1000 Reward: 5419.190
---------------------------------------
Evaluation over 10 episodes: 5764.139
---------------------------------------
Total T: 956000 Episode Num: 956 Episode T: 1000 Reward: 5624.511
Total T: 957000 Episode Num: 957 Episode T: 1000 Reward: 4894.406
Total T: 958000 Episode Num: 958 Episode T: 1000 Reward: 5474.034
Total T: 959000 Episode Num: 959 Episode T: 1000 Reward: 5225.933
Total T: 960000 Episode Num: 960 Episode T: 1000 Reward: 5574.898
---------------------------------------
Evaluation over 10 episodes: 5884.441
---------------------------------------
Total T: 961000 Episode Num: 961 Episode T: 1000 Reward: 5438.991
Total T: 962000 Episode Num: 962 Episode T: 1000 Reward: 5598.063
Total T: 963000 Episode Num: 963 Episode T: 1000 Reward: 5334.627
Total T: 964000 Episode Num: 964 Episode T: 1000 Reward: 5667.301
Total T: 965000 Episode Num: 965 Episode T: 1000 Reward: 5659.463
---------------------------------------
Evaluation over 10 episodes: 5635.497
---------------------------------------
Total T: 966000 Episode Num: 966 Episode T: 1000 Reward: 5434.443
Total T: 967000 Episode Num: 967 Episode T: 1000 Reward: 5551.964
Total T: 968000 Episode Num: 968 Episode T: 1000 Reward: 5475.976
Total T: 969000 Episode Num: 969 Episode T: 1000 Reward: 5517.805
Total T: 970000 Episode Num: 970 Episode T: 1000 Reward: 5353.705
---------------------------------------
Evaluation over 10 episodes: 5539.820
---------------------------------------
Total T: 971000 Episode Num: 971 Episode T: 1000 Reward: 5533.110
Total T: 972000 Episode Num: 972 Episode T: 1000 Reward: 5510.388
Total T: 973000 Episode Num: 973 Episode T: 1000 Reward: 5688.173
Total T: 974000 Episode Num: 974 Episode T: 1000 Reward: 5576.422
Total T: 975000 Episode Num: 975 Episode T: 1000 Reward: 5194.191
---------------------------------------
Evaluation over 10 episodes: 5808.495
---------------------------------------
Total T: 976000 Episode Num: 976 Episode T: 1000 Reward: 5563.592
Total T: 977000 Episode Num: 977 Episode T: 1000 Reward: 5281.219
Total T: 978000 Episode Num: 978 Episode T: 1000 Reward: 5523.268
Total T: 979000 Episode Num: 979 Episode T: 1000 Reward: 5499.442
Total T: 980000 Episode Num: 980 Episode T: 1000 Reward: 5594.199
---------------------------------------
Evaluation over 10 episodes: 5657.986
---------------------------------------
Total T: 981000 Episode Num: 981 Episode T: 1000 Reward: 5518.440
Total T: 982000 Episode Num: 982 Episode T: 1000 Reward: 5687.219
Total T: 983000 Episode Num: 983 Episode T: 1000 Reward: 5576.693
Total T: 984000 Episode Num: 984 Episode T: 1000 Reward: 5335.207
Total T: 985000 Episode Num: 985 Episode T: 1000 Reward: 5579.173
---------------------------------------
Evaluation over 10 episodes: 3883.100
---------------------------------------
Total T: 986000 Episode Num: 986 Episode T: 1000 Reward: 5664.852
Total T: 987000 Episode Num: 987 Episode T: 1000 Reward: 5634.710
Total T: 988000 Episode Num: 988 Episode T: 1000 Reward: 5400.045
Total T: 989000 Episode Num: 989 Episode T: 1000 Reward: 5630.608
Total T: 990000 Episode Num: 990 Episode T: 1000 Reward: 5558.382
---------------------------------------
Evaluation over 10 episodes: 5801.322
---------------------------------------
Total T: 991000 Episode Num: 991 Episode T: 1000 Reward: 5500.189
Total T: 992000 Episode Num: 992 Episode T: 1000 Reward: 5366.559
Total T: 993000 Episode Num: 993 Episode T: 1000 Reward: 5469.654
Total T: 994000 Episode Num: 994 Episode T: 1000 Reward: 5484.656
Total T: 995000 Episode Num: 995 Episode T: 1000 Reward: 5622.759
---------------------------------------
Evaluation over 10 episodes: 5137.590
---------------------------------------
Total T: 996000 Episode Num: 996 Episode T: 1000 Reward: 5639.529
Total T: 997000 Episode Num: 997 Episode T: 1000 Reward: 5337.314
Total T: 998000 Episode Num: 998 Episode T: 1000 Reward: 5453.159
Total T: 999000 Episode Num: 999 Episode T: 1000 Reward: 5355.594
Total T: 1000000 Episode Num: 1000 Episode T: 1000 Reward: 5593.301
---------------------------------------
Evaluation over 10 episodes: 5697.800
---------------------------------------
