---------------------------------------
Policy: TD3, Env: HalfCheetah-v2, Seed: 0
---------------------------------------
---------------------------------------
Evaluation over 10 episodes: -0.925
---------------------------------------
Total T: 1000 Episode Num: 1 Episode T: 1000 Reward: -302.730
Total T: 2000 Episode Num: 2 Episode T: 1000 Reward: -417.933
Total T: 3000 Episode Num: 3 Episode T: 1000 Reward: -288.409
Total T: 4000 Episode Num: 4 Episode T: 1000 Reward: -186.253
Total T: 5000 Episode Num: 5 Episode T: 1000 Reward: -301.127
---------------------------------------
Evaluation over 10 episodes: -0.908
---------------------------------------
Total T: 6000 Episode Num: 6 Episode T: 1000 Reward: -446.963
Total T: 7000 Episode Num: 7 Episode T: 1000 Reward: -161.021
Total T: 8000 Episode Num: 8 Episode T: 1000 Reward: -254.687
Total T: 9000 Episode Num: 9 Episode T: 1000 Reward: -233.768
Total T: 10000 Episode Num: 10 Episode T: 1000 Reward: -170.115
---------------------------------------
Evaluation over 10 episodes: -0.908
---------------------------------------
Total T: 11000 Episode Num: 11 Episode T: 1000 Reward: -191.880
Total T: 12000 Episode Num: 12 Episode T: 1000 Reward: -377.401
Total T: 13000 Episode Num: 13 Episode T: 1000 Reward: -242.222
Total T: 14000 Episode Num: 14 Episode T: 1000 Reward: -405.196
Total T: 15000 Episode Num: 15 Episode T: 1000 Reward: -246.909
---------------------------------------
Evaluation over 10 episodes: -0.917
---------------------------------------
Total T: 16000 Episode Num: 16 Episode T: 1000 Reward: -353.526
Total T: 17000 Episode Num: 17 Episode T: 1000 Reward: -195.071
Total T: 18000 Episode Num: 18 Episode T: 1000 Reward: -249.919
Total T: 19000 Episode Num: 19 Episode T: 1000 Reward: -397.918
Total T: 20000 Episode Num: 20 Episode T: 1000 Reward: -283.338
---------------------------------------
Evaluation over 10 episodes: -0.886
---------------------------------------
Total T: 21000 Episode Num: 21 Episode T: 1000 Reward: -199.495
Total T: 22000 Episode Num: 22 Episode T: 1000 Reward: -188.660
Total T: 23000 Episode Num: 23 Episode T: 1000 Reward: -282.489
Total T: 24000 Episode Num: 24 Episode T: 1000 Reward: -342.388
Total T: 25000 Episode Num: 25 Episode T: 1000 Reward: -199.594
---------------------------------------
Evaluation over 10 episodes: -0.873
---------------------------------------
Total T: 26000 Episode Num: 26 Episode T: 1000 Reward: -56.224
Total T: 27000 Episode Num: 27 Episode T: 1000 Reward: -160.428
Total T: 28000 Episode Num: 28 Episode T: 1000 Reward: -117.460
Total T: 29000 Episode Num: 29 Episode T: 1000 Reward: -180.892
Total T: 30000 Episode Num: 30 Episode T: 1000 Reward: -139.677
---------------------------------------
Evaluation over 10 episodes: -230.719
---------------------------------------
Total T: 31000 Episode Num: 31 Episode T: 1000 Reward: -257.463
Total T: 32000 Episode Num: 32 Episode T: 1000 Reward: -187.962
Total T: 33000 Episode Num: 33 Episode T: 1000 Reward: -323.685
Total T: 34000 Episode Num: 34 Episode T: 1000 Reward: -264.136
Total T: 35000 Episode Num: 35 Episode T: 1000 Reward: 139.099
---------------------------------------
Evaluation over 10 episodes: 228.052
---------------------------------------
Total T: 36000 Episode Num: 36 Episode T: 1000 Reward: 236.028
Total T: 37000 Episode Num: 37 Episode T: 1000 Reward: -25.352
Total T: 38000 Episode Num: 38 Episode T: 1000 Reward: -268.491
Total T: 39000 Episode Num: 39 Episode T: 1000 Reward: -199.075
Total T: 40000 Episode Num: 40 Episode T: 1000 Reward: 433.957
---------------------------------------
Evaluation over 10 episodes: 1039.011
---------------------------------------
Total T: 41000 Episode Num: 41 Episode T: 1000 Reward: 1166.043
Total T: 42000 Episode Num: 42 Episode T: 1000 Reward: 1204.626
Total T: 43000 Episode Num: 43 Episode T: 1000 Reward: 952.097
Total T: 44000 Episode Num: 44 Episode T: 1000 Reward: 477.618
Total T: 45000 Episode Num: 45 Episode T: 1000 Reward: 531.049
---------------------------------------
Evaluation over 10 episodes: 471.386
---------------------------------------
Total T: 46000 Episode Num: 46 Episode T: 1000 Reward: 527.746
Total T: 47000 Episode Num: 47 Episode T: 1000 Reward: 2020.309
Total T: 48000 Episode Num: 48 Episode T: 1000 Reward: 1989.557
Total T: 49000 Episode Num: 49 Episode T: 1000 Reward: 2048.504
Total T: 50000 Episode Num: 50 Episode T: 1000 Reward: 2057.056
---------------------------------------
Evaluation over 10 episodes: 2093.265
---------------------------------------
Total T: 51000 Episode Num: 51 Episode T: 1000 Reward: 2177.068
Total T: 52000 Episode Num: 52 Episode T: 1000 Reward: 2146.973
Total T: 53000 Episode Num: 53 Episode T: 1000 Reward: 2161.135
Total T: 54000 Episode Num: 54 Episode T: 1000 Reward: 2148.933
Total T: 55000 Episode Num: 55 Episode T: 1000 Reward: 2134.966
---------------------------------------
Evaluation over 10 episodes: 2374.368
---------------------------------------
Total T: 56000 Episode Num: 56 Episode T: 1000 Reward: 2272.484
Total T: 57000 Episode Num: 57 Episode T: 1000 Reward: 2296.600
Total T: 58000 Episode Num: 58 Episode T: 1000 Reward: 2415.114
Total T: 59000 Episode Num: 59 Episode T: 1000 Reward: 2507.326
Total T: 60000 Episode Num: 60 Episode T: 1000 Reward: 2510.469
---------------------------------------
Evaluation over 10 episodes: 2504.549
---------------------------------------
Total T: 61000 Episode Num: 61 Episode T: 1000 Reward: 2544.267
Total T: 62000 Episode Num: 62 Episode T: 1000 Reward: 2589.537
Total T: 63000 Episode Num: 63 Episode T: 1000 Reward: 2716.894
Total T: 64000 Episode Num: 64 Episode T: 1000 Reward: 2680.923
Total T: 65000 Episode Num: 65 Episode T: 1000 Reward: 2706.155
---------------------------------------
Evaluation over 10 episodes: 2691.004
---------------------------------------
Total T: 66000 Episode Num: 66 Episode T: 1000 Reward: 2700.094
Total T: 67000 Episode Num: 67 Episode T: 1000 Reward: 2770.305
Total T: 68000 Episode Num: 68 Episode T: 1000 Reward: 2841.050
Total T: 69000 Episode Num: 69 Episode T: 1000 Reward: 2721.876
Total T: 70000 Episode Num: 70 Episode T: 1000 Reward: 2914.476
---------------------------------------
Evaluation over 10 episodes: 2887.630
---------------------------------------
Total T: 71000 Episode Num: 71 Episode T: 1000 Reward: 2876.071
Total T: 72000 Episode Num: 72 Episode T: 1000 Reward: 3007.577
Total T: 73000 Episode Num: 73 Episode T: 1000 Reward: 3009.709
Total T: 74000 Episode Num: 74 Episode T: 1000 Reward: 2905.522
Total T: 75000 Episode Num: 75 Episode T: 1000 Reward: 2953.601
---------------------------------------
Evaluation over 10 episodes: 2922.751
---------------------------------------
Total T: 76000 Episode Num: 76 Episode T: 1000 Reward: 2888.054
Total T: 77000 Episode Num: 77 Episode T: 1000 Reward: 2940.816
Total T: 78000 Episode Num: 78 Episode T: 1000 Reward: 3032.166
Total T: 79000 Episode Num: 79 Episode T: 1000 Reward: 3116.529
Total T: 80000 Episode Num: 80 Episode T: 1000 Reward: 3033.759
---------------------------------------
Evaluation over 10 episodes: 3053.233
---------------------------------------
Total T: 81000 Episode Num: 81 Episode T: 1000 Reward: 3017.897
Total T: 82000 Episode Num: 82 Episode T: 1000 Reward: 845.644
Total T: 83000 Episode Num: 83 Episode T: 1000 Reward: 3005.636
Total T: 84000 Episode Num: 84 Episode T: 1000 Reward: 3207.037
Total T: 85000 Episode Num: 85 Episode T: 1000 Reward: 1446.577
---------------------------------------
Evaluation over 10 episodes: 3205.829
---------------------------------------
Total T: 86000 Episode Num: 86 Episode T: 1000 Reward: 3129.136
Total T: 87000 Episode Num: 87 Episode T: 1000 Reward: 3188.748
Total T: 88000 Episode Num: 88 Episode T: 1000 Reward: 3172.143
Total T: 89000 Episode Num: 89 Episode T: 1000 Reward: 360.229
Total T: 90000 Episode Num: 90 Episode T: 1000 Reward: 3239.760
---------------------------------------
Evaluation over 10 episodes: 3157.048
---------------------------------------
Total T: 91000 Episode Num: 91 Episode T: 1000 Reward: 3200.445
Total T: 92000 Episode Num: 92 Episode T: 1000 Reward: 3197.096
Total T: 93000 Episode Num: 93 Episode T: 1000 Reward: 3170.937
Total T: 94000 Episode Num: 94 Episode T: 1000 Reward: 3228.931
Total T: 95000 Episode Num: 95 Episode T: 1000 Reward: 3223.415
---------------------------------------
Evaluation over 10 episodes: 3184.027
---------------------------------------
Total T: 96000 Episode Num: 96 Episode T: 1000 Reward: 3160.430
Total T: 97000 Episode Num: 97 Episode T: 1000 Reward: 3122.302
Total T: 98000 Episode Num: 98 Episode T: 1000 Reward: 3214.984
Total T: 99000 Episode Num: 99 Episode T: 1000 Reward: 3169.821
Total T: 100000 Episode Num: 100 Episode T: 1000 Reward: 3257.970
---------------------------------------
Evaluation over 10 episodes: 3174.543
---------------------------------------
Total T: 101000 Episode Num: 101 Episode T: 1000 Reward: 3187.879
Total T: 102000 Episode Num: 102 Episode T: 1000 Reward: 3261.390
Total T: 103000 Episode Num: 103 Episode T: 1000 Reward: 3254.290
Total T: 104000 Episode Num: 104 Episode T: 1000 Reward: 3189.048
Total T: 105000 Episode Num: 105 Episode T: 1000 Reward: 3242.560
---------------------------------------
Evaluation over 10 episodes: 3241.457
---------------------------------------
Total T: 106000 Episode Num: 106 Episode T: 1000 Reward: 3284.644
Total T: 107000 Episode Num: 107 Episode T: 1000 Reward: 3348.419
Total T: 108000 Episode Num: 108 Episode T: 1000 Reward: 3223.015
Total T: 109000 Episode Num: 109 Episode T: 1000 Reward: 3226.679
Total T: 110000 Episode Num: 110 Episode T: 1000 Reward: 3276.030
---------------------------------------
Evaluation over 10 episodes: 3330.674
---------------------------------------
Total T: 111000 Episode Num: 111 Episode T: 1000 Reward: 3307.900
Total T: 112000 Episode Num: 112 Episode T: 1000 Reward: 3300.535
Total T: 113000 Episode Num: 113 Episode T: 1000 Reward: 3289.435
Total T: 114000 Episode Num: 114 Episode T: 1000 Reward: 3306.123
Total T: 115000 Episode Num: 115 Episode T: 1000 Reward: 3340.948
---------------------------------------
Evaluation over 10 episodes: 3327.309
---------------------------------------
Total T: 116000 Episode Num: 116 Episode T: 1000 Reward: 3250.370
Total T: 117000 Episode Num: 117 Episode T: 1000 Reward: 3380.450
Total T: 118000 Episode Num: 118 Episode T: 1000 Reward: 3372.370
Total T: 119000 Episode Num: 119 Episode T: 1000 Reward: 3419.975
Total T: 120000 Episode Num: 120 Episode T: 1000 Reward: 3341.346
---------------------------------------
Evaluation over 10 episodes: 3316.825
---------------------------------------
Total T: 121000 Episode Num: 121 Episode T: 1000 Reward: 3431.962
Total T: 122000 Episode Num: 122 Episode T: 1000 Reward: 3347.598
Total T: 123000 Episode Num: 123 Episode T: 1000 Reward: 3443.693
Total T: 124000 Episode Num: 124 Episode T: 1000 Reward: 3356.579
Total T: 125000 Episode Num: 125 Episode T: 1000 Reward: 3416.210
---------------------------------------
Evaluation over 10 episodes: 3396.469
---------------------------------------
Total T: 126000 Episode Num: 126 Episode T: 1000 Reward: 3377.903
Total T: 127000 Episode Num: 127 Episode T: 1000 Reward: 3396.608
Total T: 128000 Episode Num: 128 Episode T: 1000 Reward: 3354.921
Total T: 129000 Episode Num: 129 Episode T: 1000 Reward: 3373.177
Total T: 130000 Episode Num: 130 Episode T: 1000 Reward: 3412.518
---------------------------------------
Evaluation over 10 episodes: 3401.652
---------------------------------------
Total T: 131000 Episode Num: 131 Episode T: 1000 Reward: 3394.537
Total T: 132000 Episode Num: 132 Episode T: 1000 Reward: 3431.027
Total T: 133000 Episode Num: 133 Episode T: 1000 Reward: 3481.620
Total T: 134000 Episode Num: 134 Episode T: 1000 Reward: 3411.088
Total T: 135000 Episode Num: 135 Episode T: 1000 Reward: 3424.657
---------------------------------------
Evaluation over 10 episodes: 3376.138
---------------------------------------
Total T: 136000 Episode Num: 136 Episode T: 1000 Reward: 3374.583
Total T: 137000 Episode Num: 137 Episode T: 1000 Reward: 3401.244
Total T: 138000 Episode Num: 138 Episode T: 1000 Reward: 3433.157
Total T: 139000 Episode Num: 139 Episode T: 1000 Reward: 3475.955
Total T: 140000 Episode Num: 140 Episode T: 1000 Reward: 3359.060
---------------------------------------
Evaluation over 10 episodes: 3436.325
---------------------------------------
Total T: 141000 Episode Num: 141 Episode T: 1000 Reward: 3460.961
Total T: 142000 Episode Num: 142 Episode T: 1000 Reward: 3411.401
Total T: 143000 Episode Num: 143 Episode T: 1000 Reward: 3476.115
Total T: 144000 Episode Num: 144 Episode T: 1000 Reward: 3452.629
Total T: 145000 Episode Num: 145 Episode T: 1000 Reward: 3421.609
---------------------------------------
Evaluation over 10 episodes: 3468.441
---------------------------------------
Total T: 146000 Episode Num: 146 Episode T: 1000 Reward: 3434.186
Total T: 147000 Episode Num: 147 Episode T: 1000 Reward: 3472.419
Total T: 148000 Episode Num: 148 Episode T: 1000 Reward: 3482.165
Total T: 149000 Episode Num: 149 Episode T: 1000 Reward: 3479.964
Total T: 150000 Episode Num: 150 Episode T: 1000 Reward: 3486.460
---------------------------------------
Evaluation over 10 episodes: 3487.575
---------------------------------------
Total T: 151000 Episode Num: 151 Episode T: 1000 Reward: 3488.489
Total T: 152000 Episode Num: 152 Episode T: 1000 Reward: 3495.195
Total T: 153000 Episode Num: 153 Episode T: 1000 Reward: 3443.446
Total T: 154000 Episode Num: 154 Episode T: 1000 Reward: 3489.514
Total T: 155000 Episode Num: 155 Episode T: 1000 Reward: 3413.904
---------------------------------------
Evaluation over 10 episodes: 3459.369
---------------------------------------
Total T: 156000 Episode Num: 156 Episode T: 1000 Reward: 3476.478
Total T: 157000 Episode Num: 157 Episode T: 1000 Reward: 3536.068
Total T: 158000 Episode Num: 158 Episode T: 1000 Reward: 3523.536
Total T: 159000 Episode Num: 159 Episode T: 1000 Reward: 3472.423
Total T: 160000 Episode Num: 160 Episode T: 1000 Reward: 3500.980
---------------------------------------
Evaluation over 10 episodes: 3488.010
---------------------------------------
Total T: 161000 Episode Num: 161 Episode T: 1000 Reward: 3453.209
Total T: 162000 Episode Num: 162 Episode T: 1000 Reward: 3478.353
Total T: 163000 Episode Num: 163 Episode T: 1000 Reward: 3440.006
Total T: 164000 Episode Num: 164 Episode T: 1000 Reward: 3374.483
Total T: 165000 Episode Num: 165 Episode T: 1000 Reward: 3518.949
---------------------------------------
Evaluation over 10 episodes: 3608.082
---------------------------------------
Total T: 166000 Episode Num: 166 Episode T: 1000 Reward: 3565.461
Total T: 167000 Episode Num: 167 Episode T: 1000 Reward: 3544.358
Total T: 168000 Episode Num: 168 Episode T: 1000 Reward: 3544.822
Total T: 169000 Episode Num: 169 Episode T: 1000 Reward: 3464.362
Total T: 170000 Episode Num: 170 Episode T: 1000 Reward: 3501.180
---------------------------------------
Evaluation over 10 episodes: 3577.222
---------------------------------------
Total T: 171000 Episode Num: 171 Episode T: 1000 Reward: 3588.527
Total T: 172000 Episode Num: 172 Episode T: 1000 Reward: 3501.251
Total T: 173000 Episode Num: 173 Episode T: 1000 Reward: 3532.346
Total T: 174000 Episode Num: 174 Episode T: 1000 Reward: 3533.989
Total T: 175000 Episode Num: 175 Episode T: 1000 Reward: 3601.208
---------------------------------------
Evaluation over 10 episodes: 3552.284
---------------------------------------
Total T: 176000 Episode Num: 176 Episode T: 1000 Reward: 3514.955
Total T: 177000 Episode Num: 177 Episode T: 1000 Reward: 3590.531
Total T: 178000 Episode Num: 178 Episode T: 1000 Reward: 3483.072
Total T: 179000 Episode Num: 179 Episode T: 1000 Reward: 3684.671
Total T: 180000 Episode Num: 180 Episode T: 1000 Reward: 3663.855
---------------------------------------
Evaluation over 10 episodes: 3595.588
---------------------------------------
Total T: 181000 Episode Num: 181 Episode T: 1000 Reward: 3645.884
Total T: 182000 Episode Num: 182 Episode T: 1000 Reward: 3600.030
Total T: 183000 Episode Num: 183 Episode T: 1000 Reward: 3569.519
Total T: 184000 Episode Num: 184 Episode T: 1000 Reward: 3702.751
Total T: 185000 Episode Num: 185 Episode T: 1000 Reward: 3668.432
---------------------------------------
Evaluation over 10 episodes: 3685.008
---------------------------------------
Total T: 186000 Episode Num: 186 Episode T: 1000 Reward: 3670.536
Total T: 187000 Episode Num: 187 Episode T: 1000 Reward: 3680.899
Total T: 188000 Episode Num: 188 Episode T: 1000 Reward: 3689.063
Total T: 189000 Episode Num: 189 Episode T: 1000 Reward: 3721.000
Total T: 190000 Episode Num: 190 Episode T: 1000 Reward: 3815.661
---------------------------------------
Evaluation over 10 episodes: 3791.254
---------------------------------------
Total T: 191000 Episode Num: 191 Episode T: 1000 Reward: 3795.850
Total T: 192000 Episode Num: 192 Episode T: 1000 Reward: 3837.362
Total T: 193000 Episode Num: 193 Episode T: 1000 Reward: 3900.874
Total T: 194000 Episode Num: 194 Episode T: 1000 Reward: 4000.438
Total T: 195000 Episode Num: 195 Episode T: 1000 Reward: 3937.104
---------------------------------------
Evaluation over 10 episodes: 3988.785
---------------------------------------
Total T: 196000 Episode Num: 196 Episode T: 1000 Reward: 3995.133
Total T: 197000 Episode Num: 197 Episode T: 1000 Reward: 4025.907
Total T: 198000 Episode Num: 198 Episode T: 1000 Reward: 4019.525
Total T: 199000 Episode Num: 199 Episode T: 1000 Reward: 3983.112
Total T: 200000 Episode Num: 200 Episode T: 1000 Reward: 4109.204
---------------------------------------
Evaluation over 10 episodes: 4109.182
---------------------------------------
Total T: 201000 Episode Num: 201 Episode T: 1000 Reward: 4071.764
Total T: 202000 Episode Num: 202 Episode T: 1000 Reward: 4182.238
Total T: 203000 Episode Num: 203 Episode T: 1000 Reward: 4088.637
Total T: 204000 Episode Num: 204 Episode T: 1000 Reward: 4075.666
Total T: 205000 Episode Num: 205 Episode T: 1000 Reward: 4034.884
---------------------------------------
Evaluation over 10 episodes: 3924.603
---------------------------------------
Total T: 206000 Episode Num: 206 Episode T: 1000 Reward: 4076.542
Total T: 207000 Episode Num: 207 Episode T: 1000 Reward: 4106.379
Total T: 208000 Episode Num: 208 Episode T: 1000 Reward: 4102.722
Total T: 209000 Episode Num: 209 Episode T: 1000 Reward: 4102.606
Total T: 210000 Episode Num: 210 Episode T: 1000 Reward: 4087.684
---------------------------------------
Evaluation over 10 episodes: 4183.410
---------------------------------------
Total T: 211000 Episode Num: 211 Episode T: 1000 Reward: 4122.545
Total T: 212000 Episode Num: 212 Episode T: 1000 Reward: 4254.082
Total T: 213000 Episode Num: 213 Episode T: 1000 Reward: 4141.788
Total T: 214000 Episode Num: 214 Episode T: 1000 Reward: 4134.443
Total T: 215000 Episode Num: 215 Episode T: 1000 Reward: 4204.617
---------------------------------------
Evaluation over 10 episodes: 4191.420
---------------------------------------
Total T: 216000 Episode Num: 216 Episode T: 1000 Reward: 4232.508
Total T: 217000 Episode Num: 217 Episode T: 1000 Reward: 4229.543
Total T: 218000 Episode Num: 218 Episode T: 1000 Reward: 4218.630
Total T: 219000 Episode Num: 219 Episode T: 1000 Reward: 4274.895
Total T: 220000 Episode Num: 220 Episode T: 1000 Reward: 4244.659
---------------------------------------
Evaluation over 10 episodes: 4196.777
---------------------------------------
Total T: 221000 Episode Num: 221 Episode T: 1000 Reward: 4347.696
Total T: 222000 Episode Num: 222 Episode T: 1000 Reward: 4245.584
Total T: 223000 Episode Num: 223 Episode T: 1000 Reward: 4317.349
Total T: 224000 Episode Num: 224 Episode T: 1000 Reward: 4320.231
Total T: 225000 Episode Num: 225 Episode T: 1000 Reward: 4294.588
---------------------------------------
Evaluation over 10 episodes: 4432.158
---------------------------------------
Total T: 226000 Episode Num: 226 Episode T: 1000 Reward: 4397.782
Total T: 227000 Episode Num: 227 Episode T: 1000 Reward: 4342.789
Total T: 228000 Episode Num: 228 Episode T: 1000 Reward: 4388.572
Total T: 229000 Episode Num: 229 Episode T: 1000 Reward: 4334.868
Total T: 230000 Episode Num: 230 Episode T: 1000 Reward: 4416.273
---------------------------------------
Evaluation over 10 episodes: 4386.451
---------------------------------------
Total T: 231000 Episode Num: 231 Episode T: 1000 Reward: 4397.962
Total T: 232000 Episode Num: 232 Episode T: 1000 Reward: 4234.286
Total T: 233000 Episode Num: 233 Episode T: 1000 Reward: 4445.270
Total T: 234000 Episode Num: 234 Episode T: 1000 Reward: 4321.507
Total T: 235000 Episode Num: 235 Episode T: 1000 Reward: 4237.718
---------------------------------------
Evaluation over 10 episodes: 4356.712
---------------------------------------
Total T: 236000 Episode Num: 236 Episode T: 1000 Reward: 4404.508
Total T: 237000 Episode Num: 237 Episode T: 1000 Reward: 4297.335
Total T: 238000 Episode Num: 238 Episode T: 1000 Reward: 4331.724
Total T: 239000 Episode Num: 239 Episode T: 1000 Reward: 4410.303
Total T: 240000 Episode Num: 240 Episode T: 1000 Reward: 4325.735
---------------------------------------
Evaluation over 10 episodes: 4342.095
---------------------------------------
Total T: 241000 Episode Num: 241 Episode T: 1000 Reward: 4420.803
Total T: 242000 Episode Num: 242 Episode T: 1000 Reward: 4467.765
Total T: 243000 Episode Num: 243 Episode T: 1000 Reward: 4375.125
Total T: 244000 Episode Num: 244 Episode T: 1000 Reward: 4396.099
Total T: 245000 Episode Num: 245 Episode T: 1000 Reward: 4380.426
---------------------------------------
Evaluation over 10 episodes: 4350.652
---------------------------------------
Total T: 246000 Episode Num: 246 Episode T: 1000 Reward: 4417.727
Total T: 247000 Episode Num: 247 Episode T: 1000 Reward: 4394.166
Total T: 248000 Episode Num: 248 Episode T: 1000 Reward: 4329.288
Total T: 249000 Episode Num: 249 Episode T: 1000 Reward: 4397.842
Total T: 250000 Episode Num: 250 Episode T: 1000 Reward: 4423.074
---------------------------------------
Evaluation over 10 episodes: 4372.078
---------------------------------------
Total T: 251000 Episode Num: 251 Episode T: 1000 Reward: 4325.348
Total T: 252000 Episode Num: 252 Episode T: 1000 Reward: 4479.103
Total T: 253000 Episode Num: 253 Episode T: 1000 Reward: 4372.372
Total T: 254000 Episode Num: 254 Episode T: 1000 Reward: 4303.788
Total T: 255000 Episode Num: 255 Episode T: 1000 Reward: 4412.098
---------------------------------------
Evaluation over 10 episodes: 4447.328
---------------------------------------
Total T: 256000 Episode Num: 256 Episode T: 1000 Reward: 4343.953
Total T: 257000 Episode Num: 257 Episode T: 1000 Reward: 4434.533
Total T: 258000 Episode Num: 258 Episode T: 1000 Reward: 4416.950
Total T: 259000 Episode Num: 259 Episode T: 1000 Reward: 4423.388
Total T: 260000 Episode Num: 260 Episode T: 1000 Reward: 4478.110
---------------------------------------
Evaluation over 10 episodes: 4373.549
---------------------------------------
Total T: 261000 Episode Num: 261 Episode T: 1000 Reward: 4398.505
Total T: 262000 Episode Num: 262 Episode T: 1000 Reward: 4370.505
Total T: 263000 Episode Num: 263 Episode T: 1000 Reward: 4258.245
Total T: 264000 Episode Num: 264 Episode T: 1000 Reward: 4403.428
Total T: 265000 Episode Num: 265 Episode T: 1000 Reward: 4370.453
---------------------------------------
Evaluation over 10 episodes: 4388.820
---------------------------------------
Total T: 266000 Episode Num: 266 Episode T: 1000 Reward: 4406.464
Total T: 267000 Episode Num: 267 Episode T: 1000 Reward: 4458.211
Total T: 268000 Episode Num: 268 Episode T: 1000 Reward: 4435.627
Total T: 269000 Episode Num: 269 Episode T: 1000 Reward: 4415.386
Total T: 270000 Episode Num: 270 Episode T: 1000 Reward: 4416.889
---------------------------------------
Evaluation over 10 episodes: 4359.200
---------------------------------------
Total T: 271000 Episode Num: 271 Episode T: 1000 Reward: 4391.621
Total T: 272000 Episode Num: 272 Episode T: 1000 Reward: 4291.833
Total T: 273000 Episode Num: 273 Episode T: 1000 Reward: 4302.838
Total T: 274000 Episode Num: 274 Episode T: 1000 Reward: 4325.854
Total T: 275000 Episode Num: 275 Episode T: 1000 Reward: 4373.240
---------------------------------------
Evaluation over 10 episodes: 4363.710
---------------------------------------
Total T: 276000 Episode Num: 276 Episode T: 1000 Reward: 4316.414
Total T: 277000 Episode Num: 277 Episode T: 1000 Reward: 4341.713
Total T: 278000 Episode Num: 278 Episode T: 1000 Reward: 4357.717
Total T: 279000 Episode Num: 279 Episode T: 1000 Reward: 4392.717
Total T: 280000 Episode Num: 280 Episode T: 1000 Reward: 4375.808
---------------------------------------
Evaluation over 10 episodes: 4375.982
---------------------------------------
Total T: 281000 Episode Num: 281 Episode T: 1000 Reward: 4327.246
Total T: 282000 Episode Num: 282 Episode T: 1000 Reward: 4295.895
Total T: 283000 Episode Num: 283 Episode T: 1000 Reward: 4400.463
Total T: 284000 Episode Num: 284 Episode T: 1000 Reward: 4479.291
Total T: 285000 Episode Num: 285 Episode T: 1000 Reward: 4413.442
---------------------------------------
Evaluation over 10 episodes: 4257.804
---------------------------------------
Total T: 286000 Episode Num: 286 Episode T: 1000 Reward: 4340.103
Total T: 287000 Episode Num: 287 Episode T: 1000 Reward: 4350.944
Total T: 288000 Episode Num: 288 Episode T: 1000 Reward: 4364.401
Total T: 289000 Episode Num: 289 Episode T: 1000 Reward: 4498.723
Total T: 290000 Episode Num: 290 Episode T: 1000 Reward: 4441.295
---------------------------------------
Evaluation over 10 episodes: 4427.544
---------------------------------------
Total T: 291000 Episode Num: 291 Episode T: 1000 Reward: 4299.386
Total T: 292000 Episode Num: 292 Episode T: 1000 Reward: 4325.664
Total T: 293000 Episode Num: 293 Episode T: 1000 Reward: 4378.323
Total T: 294000 Episode Num: 294 Episode T: 1000 Reward: 4577.485
Total T: 295000 Episode Num: 295 Episode T: 1000 Reward: 4526.942
---------------------------------------
Evaluation over 10 episodes: 4033.067
---------------------------------------
Total T: 296000 Episode Num: 296 Episode T: 1000 Reward: 4509.607
Total T: 297000 Episode Num: 297 Episode T: 1000 Reward: 4550.446
Total T: 298000 Episode Num: 298 Episode T: 1000 Reward: 4380.148
Total T: 299000 Episode Num: 299 Episode T: 1000 Reward: 4280.979
Total T: 300000 Episode Num: 300 Episode T: 1000 Reward: 4469.640
---------------------------------------
Evaluation over 10 episodes: 4574.966
---------------------------------------
Total T: 301000 Episode Num: 301 Episode T: 1000 Reward: 4467.420
Total T: 302000 Episode Num: 302 Episode T: 1000 Reward: 4514.415
Total T: 303000 Episode Num: 303 Episode T: 1000 Reward: 4500.617
Total T: 304000 Episode Num: 304 Episode T: 1000 Reward: 4357.031
Total T: 305000 Episode Num: 305 Episode T: 1000 Reward: 4332.651
---------------------------------------
Evaluation over 10 episodes: 4550.859
---------------------------------------
Total T: 306000 Episode Num: 306 Episode T: 1000 Reward: 4510.085
Total T: 307000 Episode Num: 307 Episode T: 1000 Reward: 4452.498
Total T: 308000 Episode Num: 308 Episode T: 1000 Reward: 4390.747
Total T: 309000 Episode Num: 309 Episode T: 1000 Reward: 4573.556
Total T: 310000 Episode Num: 310 Episode T: 1000 Reward: 4466.274
---------------------------------------
Evaluation over 10 episodes: 4383.870
---------------------------------------
Total T: 311000 Episode Num: 311 Episode T: 1000 Reward: 4431.853
Total T: 312000 Episode Num: 312 Episode T: 1000 Reward: 4474.992
Total T: 313000 Episode Num: 313 Episode T: 1000 Reward: 4375.866
Total T: 314000 Episode Num: 314 Episode T: 1000 Reward: 4486.676
Total T: 315000 Episode Num: 315 Episode T: 1000 Reward: 4522.397
---------------------------------------
Evaluation over 10 episodes: 4526.200
---------------------------------------
Total T: 316000 Episode Num: 316 Episode T: 1000 Reward: 4438.943
Total T: 317000 Episode Num: 317 Episode T: 1000 Reward: 4476.848
Total T: 318000 Episode Num: 318 Episode T: 1000 Reward: 4501.393
Total T: 319000 Episode Num: 319 Episode T: 1000 Reward: 4408.276
Total T: 320000 Episode Num: 320 Episode T: 1000 Reward: 4435.487
---------------------------------------
Evaluation over 10 episodes: 4435.517
---------------------------------------
Total T: 321000 Episode Num: 321 Episode T: 1000 Reward: 4483.573
Total T: 322000 Episode Num: 322 Episode T: 1000 Reward: 4533.395
Total T: 323000 Episode Num: 323 Episode T: 1000 Reward: 4418.722
Total T: 324000 Episode Num: 324 Episode T: 1000 Reward: 4424.009
Total T: 325000 Episode Num: 325 Episode T: 1000 Reward: 4458.295
---------------------------------------
Evaluation over 10 episodes: 4455.827
---------------------------------------
Total T: 326000 Episode Num: 326 Episode T: 1000 Reward: 4430.559
Total T: 327000 Episode Num: 327 Episode T: 1000 Reward: 4476.757
Total T: 328000 Episode Num: 328 Episode T: 1000 Reward: 4443.026
Total T: 329000 Episode Num: 329 Episode T: 1000 Reward: 4463.615
Total T: 330000 Episode Num: 330 Episode T: 1000 Reward: 4544.538
---------------------------------------
Evaluation over 10 episodes: 4430.168
---------------------------------------
Total T: 331000 Episode Num: 331 Episode T: 1000 Reward: 4395.741
Total T: 332000 Episode Num: 332 Episode T: 1000 Reward: 4451.579
Total T: 333000 Episode Num: 333 Episode T: 1000 Reward: 4538.413
Total T: 334000 Episode Num: 334 Episode T: 1000 Reward: 4500.949
Total T: 335000 Episode Num: 335 Episode T: 1000 Reward: 4595.964
---------------------------------------
Evaluation over 10 episodes: 4620.240
---------------------------------------
Total T: 336000 Episode Num: 336 Episode T: 1000 Reward: 4453.666
Total T: 337000 Episode Num: 337 Episode T: 1000 Reward: 4451.722
Total T: 338000 Episode Num: 338 Episode T: 1000 Reward: 4382.445
Total T: 339000 Episode Num: 339 Episode T: 1000 Reward: 4441.786
Total T: 340000 Episode Num: 340 Episode T: 1000 Reward: 3772.900
---------------------------------------
Evaluation over 10 episodes: 3395.863
---------------------------------------
Total T: 341000 Episode Num: 341 Episode T: 1000 Reward: 3432.605
Total T: 342000 Episode Num: 342 Episode T: 1000 Reward: 3544.622
Total T: 343000 Episode Num: 343 Episode T: 1000 Reward: 3591.251
Total T: 344000 Episode Num: 344 Episode T: 1000 Reward: 3479.384
Total T: 345000 Episode Num: 345 Episode T: 1000 Reward: 3435.323
---------------------------------------
Evaluation over 10 episodes: 3658.175
---------------------------------------
Total T: 346000 Episode Num: 346 Episode T: 1000 Reward: 3567.210
Total T: 347000 Episode Num: 347 Episode T: 1000 Reward: 3486.141
Total T: 348000 Episode Num: 348 Episode T: 1000 Reward: 3545.521
Total T: 349000 Episode Num: 349 Episode T: 1000 Reward: 3562.695
Total T: 350000 Episode Num: 350 Episode T: 1000 Reward: 3609.802
---------------------------------------
Evaluation over 10 episodes: 3598.570
---------------------------------------
Total T: 351000 Episode Num: 351 Episode T: 1000 Reward: 3577.409
Total T: 352000 Episode Num: 352 Episode T: 1000 Reward: 3535.682
Total T: 353000 Episode Num: 353 Episode T: 1000 Reward: 3597.907
Total T: 354000 Episode Num: 354 Episode T: 1000 Reward: 3656.546
Total T: 355000 Episode Num: 355 Episode T: 1000 Reward: 3610.135
---------------------------------------
Evaluation over 10 episodes: 3680.844
---------------------------------------
Total T: 356000 Episode Num: 356 Episode T: 1000 Reward: 3615.087
Total T: 357000 Episode Num: 357 Episode T: 1000 Reward: 3652.360
Total T: 358000 Episode Num: 358 Episode T: 1000 Reward: 3610.947
Total T: 359000 Episode Num: 359 Episode T: 1000 Reward: 3525.191
Total T: 360000 Episode Num: 360 Episode T: 1000 Reward: 3694.218
---------------------------------------
Evaluation over 10 episodes: 3661.722
---------------------------------------
Total T: 361000 Episode Num: 361 Episode T: 1000 Reward: 3637.195
Total T: 362000 Episode Num: 362 Episode T: 1000 Reward: 3592.036
Total T: 363000 Episode Num: 363 Episode T: 1000 Reward: 3573.625
Total T: 364000 Episode Num: 364 Episode T: 1000 Reward: 3697.384
Total T: 365000 Episode Num: 365 Episode T: 1000 Reward: 3715.215
---------------------------------------
Evaluation over 10 episodes: 3668.927
---------------------------------------
Total T: 366000 Episode Num: 366 Episode T: 1000 Reward: 3591.841
Total T: 367000 Episode Num: 367 Episode T: 1000 Reward: 3695.676
Total T: 368000 Episode Num: 368 Episode T: 1000 Reward: 3653.553
Total T: 369000 Episode Num: 369 Episode T: 1000 Reward: 3533.120
Total T: 370000 Episode Num: 370 Episode T: 1000 Reward: 3610.231
---------------------------------------
Evaluation over 10 episodes: 3744.983
---------------------------------------
Total T: 371000 Episode Num: 371 Episode T: 1000 Reward: 3704.983
Total T: 372000 Episode Num: 372 Episode T: 1000 Reward: 3652.559
Total T: 373000 Episode Num: 373 Episode T: 1000 Reward: 3704.867
Total T: 374000 Episode Num: 374 Episode T: 1000 Reward: 3843.530
Total T: 375000 Episode Num: 375 Episode T: 1000 Reward: 3738.412
---------------------------------------
Evaluation over 10 episodes: 3675.911
---------------------------------------
Total T: 376000 Episode Num: 376 Episode T: 1000 Reward: 3731.859
Total T: 377000 Episode Num: 377 Episode T: 1000 Reward: 3711.583
Total T: 378000 Episode Num: 378 Episode T: 1000 Reward: 3731.929
Total T: 379000 Episode Num: 379 Episode T: 1000 Reward: 3670.590
Total T: 380000 Episode Num: 380 Episode T: 1000 Reward: 3803.099
---------------------------------------
Evaluation over 10 episodes: 3772.801
---------------------------------------
Total T: 381000 Episode Num: 381 Episode T: 1000 Reward: 3803.439
Total T: 382000 Episode Num: 382 Episode T: 1000 Reward: 3766.526
Total T: 383000 Episode Num: 383 Episode T: 1000 Reward: 3777.496
Total T: 384000 Episode Num: 384 Episode T: 1000 Reward: 3739.847
Total T: 385000 Episode Num: 385 Episode T: 1000 Reward: 3775.911
---------------------------------------
Evaluation over 10 episodes: 3840.752
---------------------------------------
Total T: 386000 Episode Num: 386 Episode T: 1000 Reward: 3813.014
Total T: 387000 Episode Num: 387 Episode T: 1000 Reward: 3781.858
Total T: 388000 Episode Num: 388 Episode T: 1000 Reward: 3834.263
Total T: 389000 Episode Num: 389 Episode T: 1000 Reward: 3770.485
Total T: 390000 Episode Num: 390 Episode T: 1000 Reward: 3803.118
---------------------------------------
Evaluation over 10 episodes: 3820.094
---------------------------------------
Total T: 391000 Episode Num: 391 Episode T: 1000 Reward: 3816.695
Total T: 392000 Episode Num: 392 Episode T: 1000 Reward: 3794.636
Total T: 393000 Episode Num: 393 Episode T: 1000 Reward: 3790.695
Total T: 394000 Episode Num: 394 Episode T: 1000 Reward: 3846.136
Total T: 395000 Episode Num: 395 Episode T: 1000 Reward: 4075.543
---------------------------------------
Evaluation over 10 episodes: 4269.532
---------------------------------------
Total T: 396000 Episode Num: 396 Episode T: 1000 Reward: 4345.635
Total T: 397000 Episode Num: 397 Episode T: 1000 Reward: 4103.042
Total T: 398000 Episode Num: 398 Episode T: 1000 Reward: 3952.968
Total T: 399000 Episode Num: 399 Episode T: 1000 Reward: 4227.486
Total T: 400000 Episode Num: 400 Episode T: 1000 Reward: 3965.423
---------------------------------------
Evaluation over 10 episodes: 3826.961
---------------------------------------
Total T: 401000 Episode Num: 401 Episode T: 1000 Reward: 4121.265
Total T: 402000 Episode Num: 402 Episode T: 1000 Reward: 4048.355
Total T: 403000 Episode Num: 403 Episode T: 1000 Reward: 4145.609
Total T: 404000 Episode Num: 404 Episode T: 1000 Reward: 4082.322
Total T: 405000 Episode Num: 405 Episode T: 1000 Reward: 4113.576
---------------------------------------
Evaluation over 10 episodes: 4177.840
---------------------------------------
Total T: 406000 Episode Num: 406 Episode T: 1000 Reward: 4266.793
Total T: 407000 Episode Num: 407 Episode T: 1000 Reward: 4286.125
Total T: 408000 Episode Num: 408 Episode T: 1000 Reward: 4508.831
Total T: 409000 Episode Num: 409 Episode T: 1000 Reward: 4496.979
Total T: 410000 Episode Num: 410 Episode T: 1000 Reward: 4511.236
---------------------------------------
Evaluation over 10 episodes: 4473.479
---------------------------------------
Total T: 411000 Episode Num: 411 Episode T: 1000 Reward: 4506.235
Total T: 412000 Episode Num: 412 Episode T: 1000 Reward: 4583.147
Total T: 413000 Episode Num: 413 Episode T: 1000 Reward: 4608.558
Total T: 414000 Episode Num: 414 Episode T: 1000 Reward: 4580.348
Total T: 415000 Episode Num: 415 Episode T: 1000 Reward: 4556.756
---------------------------------------
Evaluation over 10 episodes: 4590.031
---------------------------------------
Total T: 416000 Episode Num: 416 Episode T: 1000 Reward: 4584.987
Total T: 417000 Episode Num: 417 Episode T: 1000 Reward: 4647.453
Total T: 418000 Episode Num: 418 Episode T: 1000 Reward: 4711.148
Total T: 419000 Episode Num: 419 Episode T: 1000 Reward: 4542.199
Total T: 420000 Episode Num: 420 Episode T: 1000 Reward: 4470.411
---------------------------------------
Evaluation over 10 episodes: 4514.873
---------------------------------------
Total T: 421000 Episode Num: 421 Episode T: 1000 Reward: 4613.594
Total T: 422000 Episode Num: 422 Episode T: 1000 Reward: 4588.494
Total T: 423000 Episode Num: 423 Episode T: 1000 Reward: 4430.210
Total T: 424000 Episode Num: 424 Episode T: 1000 Reward: 4433.890
Total T: 425000 Episode Num: 425 Episode T: 1000 Reward: 4675.804
---------------------------------------
Evaluation over 10 episodes: 4582.052
---------------------------------------
Total T: 426000 Episode Num: 426 Episode T: 1000 Reward: 4673.579
Total T: 427000 Episode Num: 427 Episode T: 1000 Reward: 4565.222
Total T: 428000 Episode Num: 428 Episode T: 1000 Reward: 4677.542
Total T: 429000 Episode Num: 429 Episode T: 1000 Reward: 4574.425
Total T: 430000 Episode Num: 430 Episode T: 1000 Reward: 4639.641
---------------------------------------
Evaluation over 10 episodes: 4750.866
---------------------------------------
Total T: 431000 Episode Num: 431 Episode T: 1000 Reward: 4694.770
Total T: 432000 Episode Num: 432 Episode T: 1000 Reward: 4589.103
Total T: 433000 Episode Num: 433 Episode T: 1000 Reward: 4763.106
Total T: 434000 Episode Num: 434 Episode T: 1000 Reward: 4633.082
Total T: 435000 Episode Num: 435 Episode T: 1000 Reward: 4686.813
---------------------------------------
Evaluation over 10 episodes: 4720.087
---------------------------------------
Total T: 436000 Episode Num: 436 Episode T: 1000 Reward: 4645.806
Total T: 437000 Episode Num: 437 Episode T: 1000 Reward: 4713.656
Total T: 438000 Episode Num: 438 Episode T: 1000 Reward: 4751.121
Total T: 439000 Episode Num: 439 Episode T: 1000 Reward: 4761.434
Total T: 440000 Episode Num: 440 Episode T: 1000 Reward: 4851.499
---------------------------------------
Evaluation over 10 episodes: 4807.899
---------------------------------------
Total T: 441000 Episode Num: 441 Episode T: 1000 Reward: 4709.804
Total T: 442000 Episode Num: 442 Episode T: 1000 Reward: 4775.924
Total T: 443000 Episode Num: 443 Episode T: 1000 Reward: 4787.187
Total T: 444000 Episode Num: 444 Episode T: 1000 Reward: 4740.538
Total T: 445000 Episode Num: 445 Episode T: 1000 Reward: 4806.117
---------------------------------------
Evaluation over 10 episodes: 4750.427
---------------------------------------
Total T: 446000 Episode Num: 446 Episode T: 1000 Reward: 4868.414
Total T: 447000 Episode Num: 447 Episode T: 1000 Reward: 4798.571
Total T: 448000 Episode Num: 448 Episode T: 1000 Reward: 4722.465
Total T: 449000 Episode Num: 449 Episode T: 1000 Reward: 4801.600
Total T: 450000 Episode Num: 450 Episode T: 1000 Reward: 4842.290
---------------------------------------
Evaluation over 10 episodes: 4814.415
---------------------------------------
Total T: 451000 Episode Num: 451 Episode T: 1000 Reward: 4877.063
Total T: 452000 Episode Num: 452 Episode T: 1000 Reward: 4879.197
Total T: 453000 Episode Num: 453 Episode T: 1000 Reward: 4830.714
Total T: 454000 Episode Num: 454 Episode T: 1000 Reward: 4766.344
Total T: 455000 Episode Num: 455 Episode T: 1000 Reward: 4803.321
---------------------------------------
Evaluation over 10 episodes: 4801.127
---------------------------------------
Total T: 456000 Episode Num: 456 Episode T: 1000 Reward: 4852.910
Total T: 457000 Episode Num: 457 Episode T: 1000 Reward: 4912.708
Total T: 458000 Episode Num: 458 Episode T: 1000 Reward: 4785.599
Total T: 459000 Episode Num: 459 Episode T: 1000 Reward: 4866.437
Total T: 460000 Episode Num: 460 Episode T: 1000 Reward: 4847.807
---------------------------------------
Evaluation over 10 episodes: 4900.917
---------------------------------------
Total T: 461000 Episode Num: 461 Episode T: 1000 Reward: 4700.829
Total T: 462000 Episode Num: 462 Episode T: 1000 Reward: 4942.098
Total T: 463000 Episode Num: 463 Episode T: 1000 Reward: 4885.677
Total T: 464000 Episode Num: 464 Episode T: 1000 Reward: 4867.357
Total T: 465000 Episode Num: 465 Episode T: 1000 Reward: 4857.394
---------------------------------------
Evaluation over 10 episodes: 4766.610
---------------------------------------
Total T: 466000 Episode Num: 466 Episode T: 1000 Reward: 4868.293
Total T: 467000 Episode Num: 467 Episode T: 1000 Reward: 4897.071
Total T: 468000 Episode Num: 468 Episode T: 1000 Reward: 4846.237
Total T: 469000 Episode Num: 469 Episode T: 1000 Reward: 4770.108
Total T: 470000 Episode Num: 470 Episode T: 1000 Reward: 4817.615
---------------------------------------
Evaluation over 10 episodes: 4772.586
---------------------------------------
Total T: 471000 Episode Num: 471 Episode T: 1000 Reward: 4858.778
Total T: 472000 Episode Num: 472 Episode T: 1000 Reward: 4864.650
Total T: 473000 Episode Num: 473 Episode T: 1000 Reward: 4719.381
Total T: 474000 Episode Num: 474 Episode T: 1000 Reward: 4869.212
Total T: 475000 Episode Num: 475 Episode T: 1000 Reward: 4848.147
---------------------------------------
Evaluation over 10 episodes: 4852.104
---------------------------------------
Total T: 476000 Episode Num: 476 Episode T: 1000 Reward: 4837.181
Total T: 477000 Episode Num: 477 Episode T: 1000 Reward: 4943.124
Total T: 478000 Episode Num: 478 Episode T: 1000 Reward: 4901.534
Total T: 479000 Episode Num: 479 Episode T: 1000 Reward: 4859.067
Total T: 480000 Episode Num: 480 Episode T: 1000 Reward: 4816.624
---------------------------------------
Evaluation over 10 episodes: 4810.553
---------------------------------------
Total T: 481000 Episode Num: 481 Episode T: 1000 Reward: 4906.794
Total T: 482000 Episode Num: 482 Episode T: 1000 Reward: 4850.441
Total T: 483000 Episode Num: 483 Episode T: 1000 Reward: 4823.508
Total T: 484000 Episode Num: 484 Episode T: 1000 Reward: 4770.027
Total T: 485000 Episode Num: 485 Episode T: 1000 Reward: 4785.139
---------------------------------------
Evaluation over 10 episodes: 4810.570
---------------------------------------
Total T: 486000 Episode Num: 486 Episode T: 1000 Reward: 4891.879
Total T: 487000 Episode Num: 487 Episode T: 1000 Reward: 4881.319
Total T: 488000 Episode Num: 488 Episode T: 1000 Reward: 4753.807
Total T: 489000 Episode Num: 489 Episode T: 1000 Reward: 4939.525
Total T: 490000 Episode Num: 490 Episode T: 1000 Reward: 4849.052
---------------------------------------
Evaluation over 10 episodes: 4891.883
---------------------------------------
Total T: 491000 Episode Num: 491 Episode T: 1000 Reward: 4848.727
Total T: 492000 Episode Num: 492 Episode T: 1000 Reward: 4974.332
Total T: 493000 Episode Num: 493 Episode T: 1000 Reward: 4998.344
Total T: 494000 Episode Num: 494 Episode T: 1000 Reward: 4914.757
Total T: 495000 Episode Num: 495 Episode T: 1000 Reward: 4894.103
---------------------------------------
Evaluation over 10 episodes: 4852.355
---------------------------------------
Total T: 496000 Episode Num: 496 Episode T: 1000 Reward: 4928.339
Total T: 497000 Episode Num: 497 Episode T: 1000 Reward: 4655.496
Total T: 498000 Episode Num: 498 Episode T: 1000 Reward: 4960.511
Total T: 499000 Episode Num: 499 Episode T: 1000 Reward: 4893.610
Total T: 500000 Episode Num: 500 Episode T: 1000 Reward: 5116.909
---------------------------------------
Evaluation over 10 episodes: 5040.753
---------------------------------------
Total T: 501000 Episode Num: 501 Episode T: 1000 Reward: 4893.392
Total T: 502000 Episode Num: 502 Episode T: 1000 Reward: 4913.155
Total T: 503000 Episode Num: 503 Episode T: 1000 Reward: 4959.233
Total T: 504000 Episode Num: 504 Episode T: 1000 Reward: 4935.996
Total T: 505000 Episode Num: 505 Episode T: 1000 Reward: 4846.678
---------------------------------------
Evaluation over 10 episodes: 4949.585
---------------------------------------
Total T: 506000 Episode Num: 506 Episode T: 1000 Reward: 4800.295
Total T: 507000 Episode Num: 507 Episode T: 1000 Reward: 4860.100
Total T: 508000 Episode Num: 508 Episode T: 1000 Reward: 4967.847
Total T: 509000 Episode Num: 509 Episode T: 1000 Reward: 4884.764
Total T: 510000 Episode Num: 510 Episode T: 1000 Reward: 4991.066
---------------------------------------
Evaluation over 10 episodes: 4960.685
---------------------------------------
Total T: 511000 Episode Num: 511 Episode T: 1000 Reward: 4852.326
Total T: 512000 Episode Num: 512 Episode T: 1000 Reward: 4817.297
Total T: 513000 Episode Num: 513 Episode T: 1000 Reward: 4896.842
Total T: 514000 Episode Num: 514 Episode T: 1000 Reward: 4808.450
Total T: 515000 Episode Num: 515 Episode T: 1000 Reward: 4971.600
---------------------------------------
Evaluation over 10 episodes: 4996.503
---------------------------------------
Total T: 516000 Episode Num: 516 Episode T: 1000 Reward: 4917.146
Total T: 517000 Episode Num: 517 Episode T: 1000 Reward: 4778.847
Total T: 518000 Episode Num: 518 Episode T: 1000 Reward: 4813.827
Total T: 519000 Episode Num: 519 Episode T: 1000 Reward: 4869.619
Total T: 520000 Episode Num: 520 Episode T: 1000 Reward: 4846.755
---------------------------------------
Evaluation over 10 episodes: 4911.911
---------------------------------------
Total T: 521000 Episode Num: 521 Episode T: 1000 Reward: 4882.670
Total T: 522000 Episode Num: 522 Episode T: 1000 Reward: 4922.901
Total T: 523000 Episode Num: 523 Episode T: 1000 Reward: 4868.648
Total T: 524000 Episode Num: 524 Episode T: 1000 Reward: 4924.186
Total T: 525000 Episode Num: 525 Episode T: 1000 Reward: 4936.745
---------------------------------------
Evaluation over 10 episodes: 4945.910
---------------------------------------
Total T: 526000 Episode Num: 526 Episode T: 1000 Reward: 4720.284
Total T: 527000 Episode Num: 527 Episode T: 1000 Reward: 4788.012
Total T: 528000 Episode Num: 528 Episode T: 1000 Reward: 4792.239
Total T: 529000 Episode Num: 529 Episode T: 1000 Reward: 4843.934
Total T: 530000 Episode Num: 530 Episode T: 1000 Reward: 4718.885
---------------------------------------
Evaluation over 10 episodes: 4846.933
---------------------------------------
Total T: 531000 Episode Num: 531 Episode T: 1000 Reward: 4807.911
Total T: 532000 Episode Num: 532 Episode T: 1000 Reward: 4822.466
Total T: 533000 Episode Num: 533 Episode T: 1000 Reward: 4872.528
Total T: 534000 Episode Num: 534 Episode T: 1000 Reward: 4909.100
Total T: 535000 Episode Num: 535 Episode T: 1000 Reward: 4915.480
---------------------------------------
Evaluation over 10 episodes: 4891.453
---------------------------------------
Total T: 536000 Episode Num: 536 Episode T: 1000 Reward: 4851.715
Total T: 537000 Episode Num: 537 Episode T: 1000 Reward: 4799.042
Total T: 538000 Episode Num: 538 Episode T: 1000 Reward: 4787.337
Total T: 539000 Episode Num: 539 Episode T: 1000 Reward: 4806.657
Total T: 540000 Episode Num: 540 Episode T: 1000 Reward: 4882.630
---------------------------------------
Evaluation over 10 episodes: 4795.020
---------------------------------------
Total T: 541000 Episode Num: 541 Episode T: 1000 Reward: 4871.959
Total T: 542000 Episode Num: 542 Episode T: 1000 Reward: 4747.284
Total T: 543000 Episode Num: 543 Episode T: 1000 Reward: 4807.641
Total T: 544000 Episode Num: 544 Episode T: 1000 Reward: 4792.957
Total T: 545000 Episode Num: 545 Episode T: 1000 Reward: 4833.145
---------------------------------------
Evaluation over 10 episodes: 4840.733
---------------------------------------
Total T: 546000 Episode Num: 546 Episode T: 1000 Reward: 4892.433
Total T: 547000 Episode Num: 547 Episode T: 1000 Reward: 4753.083
Total T: 548000 Episode Num: 548 Episode T: 1000 Reward: 4880.541
Total T: 549000 Episode Num: 549 Episode T: 1000 Reward: 4783.360
Total T: 550000 Episode Num: 550 Episode T: 1000 Reward: 4790.938
---------------------------------------
Evaluation over 10 episodes: 4732.222
---------------------------------------
Total T: 551000 Episode Num: 551 Episode T: 1000 Reward: 4915.256
Total T: 552000 Episode Num: 552 Episode T: 1000 Reward: 4818.602
Total T: 553000 Episode Num: 553 Episode T: 1000 Reward: 4856.546
Total T: 554000 Episode Num: 554 Episode T: 1000 Reward: 4845.626
Total T: 555000 Episode Num: 555 Episode T: 1000 Reward: 4840.202
---------------------------------------
Evaluation over 10 episodes: 4845.825
---------------------------------------
Total T: 556000 Episode Num: 556 Episode T: 1000 Reward: 4853.049
Total T: 557000 Episode Num: 557 Episode T: 1000 Reward: 4841.610
Total T: 558000 Episode Num: 558 Episode T: 1000 Reward: 4882.177
Total T: 559000 Episode Num: 559 Episode T: 1000 Reward: 4852.993
Total T: 560000 Episode Num: 560 Episode T: 1000 Reward: 4918.841
---------------------------------------
Evaluation over 10 episodes: 4772.528
---------------------------------------
Total T: 561000 Episode Num: 561 Episode T: 1000 Reward: 4872.053
Total T: 562000 Episode Num: 562 Episode T: 1000 Reward: 4810.215
Total T: 563000 Episode Num: 563 Episode T: 1000 Reward: 4815.216
Total T: 564000 Episode Num: 564 Episode T: 1000 Reward: 4787.205
Total T: 565000 Episode Num: 565 Episode T: 1000 Reward: 4848.896
---------------------------------------
Evaluation over 10 episodes: 4933.225
---------------------------------------
Total T: 566000 Episode Num: 566 Episode T: 1000 Reward: 4865.411
Total T: 567000 Episode Num: 567 Episode T: 1000 Reward: 4742.589
Total T: 568000 Episode Num: 568 Episode T: 1000 Reward: 4778.032
Total T: 569000 Episode Num: 569 Episode T: 1000 Reward: 4829.454
Total T: 570000 Episode Num: 570 Episode T: 1000 Reward: 4957.542
---------------------------------------
Evaluation over 10 episodes: 4883.133
---------------------------------------
Total T: 571000 Episode Num: 571 Episode T: 1000 Reward: 4850.801
Total T: 572000 Episode Num: 572 Episode T: 1000 Reward: 4823.359
Total T: 573000 Episode Num: 573 Episode T: 1000 Reward: 4843.574
Total T: 574000 Episode Num: 574 Episode T: 1000 Reward: 4856.072
Total T: 575000 Episode Num: 575 Episode T: 1000 Reward: 4822.494
---------------------------------------
Evaluation over 10 episodes: 4708.013
---------------------------------------
Total T: 576000 Episode Num: 576 Episode T: 1000 Reward: 4826.828
Total T: 577000 Episode Num: 577 Episode T: 1000 Reward: 4959.252
Total T: 578000 Episode Num: 578 Episode T: 1000 Reward: 4842.157
Total T: 579000 Episode Num: 579 Episode T: 1000 Reward: 4721.403
Total T: 580000 Episode Num: 580 Episode T: 1000 Reward: 4805.194
---------------------------------------
Evaluation over 10 episodes: 4793.882
---------------------------------------
Total T: 581000 Episode Num: 581 Episode T: 1000 Reward: 4792.747
Total T: 582000 Episode Num: 582 Episode T: 1000 Reward: 4850.414
Total T: 583000 Episode Num: 583 Episode T: 1000 Reward: 4876.736
Total T: 584000 Episode Num: 584 Episode T: 1000 Reward: 4856.493
Total T: 585000 Episode Num: 585 Episode T: 1000 Reward: 4948.617
---------------------------------------
Evaluation over 10 episodes: 4725.477
---------------------------------------
Total T: 586000 Episode Num: 586 Episode T: 1000 Reward: 4848.544
Total T: 587000 Episode Num: 587 Episode T: 1000 Reward: 4802.643
Total T: 588000 Episode Num: 588 Episode T: 1000 Reward: 4916.094
Total T: 589000 Episode Num: 589 Episode T: 1000 Reward: 4804.301
Total T: 590000 Episode Num: 590 Episode T: 1000 Reward: 4909.094
---------------------------------------
Evaluation over 10 episodes: 4960.423
---------------------------------------
Total T: 591000 Episode Num: 591 Episode T: 1000 Reward: 4862.787
Total T: 592000 Episode Num: 592 Episode T: 1000 Reward: 5019.306
Total T: 593000 Episode Num: 593 Episode T: 1000 Reward: 4831.597
Total T: 594000 Episode Num: 594 Episode T: 1000 Reward: 4814.844
Total T: 595000 Episode Num: 595 Episode T: 1000 Reward: 4870.371
---------------------------------------
Evaluation over 10 episodes: 4986.259
---------------------------------------
Total T: 596000 Episode Num: 596 Episode T: 1000 Reward: 5007.580
Total T: 597000 Episode Num: 597 Episode T: 1000 Reward: 4887.704
Total T: 598000 Episode Num: 598 Episode T: 1000 Reward: 4830.810
Total T: 599000 Episode Num: 599 Episode T: 1000 Reward: 4875.832
Total T: 600000 Episode Num: 600 Episode T: 1000 Reward: 5006.906
---------------------------------------
Evaluation over 10 episodes: 4922.507
---------------------------------------
Total T: 601000 Episode Num: 601 Episode T: 1000 Reward: 4971.054
Total T: 602000 Episode Num: 602 Episode T: 1000 Reward: 4898.899
Total T: 603000 Episode Num: 603 Episode T: 1000 Reward: 4940.076
Total T: 604000 Episode Num: 604 Episode T: 1000 Reward: 4940.232
Total T: 605000 Episode Num: 605 Episode T: 1000 Reward: 5016.494
---------------------------------------
Evaluation over 10 episodes: 4943.448
---------------------------------------
Total T: 606000 Episode Num: 606 Episode T: 1000 Reward: 4832.773
Total T: 607000 Episode Num: 607 Episode T: 1000 Reward: 4882.903
Total T: 608000 Episode Num: 608 Episode T: 1000 Reward: 4856.313
Total T: 609000 Episode Num: 609 Episode T: 1000 Reward: 4879.203
Total T: 610000 Episode Num: 610 Episode T: 1000 Reward: 4972.439
---------------------------------------
Evaluation over 10 episodes: 4763.817
---------------------------------------
Total T: 611000 Episode Num: 611 Episode T: 1000 Reward: 4956.189
Total T: 612000 Episode Num: 612 Episode T: 1000 Reward: 4910.351
Total T: 613000 Episode Num: 613 Episode T: 1000 Reward: 4986.785
Total T: 614000 Episode Num: 614 Episode T: 1000 Reward: 4970.247
Total T: 615000 Episode Num: 615 Episode T: 1000 Reward: 4979.952
---------------------------------------
Evaluation over 10 episodes: 4968.805
---------------------------------------
Total T: 616000 Episode Num: 616 Episode T: 1000 Reward: 4928.197
Total T: 617000 Episode Num: 617 Episode T: 1000 Reward: 4914.442
Total T: 618000 Episode Num: 618 Episode T: 1000 Reward: 4922.419
Total T: 619000 Episode Num: 619 Episode T: 1000 Reward: 5007.467
Total T: 620000 Episode Num: 620 Episode T: 1000 Reward: 4890.574
---------------------------------------
Evaluation over 10 episodes: 4874.226
---------------------------------------
Total T: 621000 Episode Num: 621 Episode T: 1000 Reward: 4944.038
Total T: 622000 Episode Num: 622 Episode T: 1000 Reward: 4946.890
Total T: 623000 Episode Num: 623 Episode T: 1000 Reward: 4895.395
Total T: 624000 Episode Num: 624 Episode T: 1000 Reward: 4859.007
Total T: 625000 Episode Num: 625 Episode T: 1000 Reward: 4858.297
---------------------------------------
Evaluation over 10 episodes: 4880.167
---------------------------------------
Total T: 626000 Episode Num: 626 Episode T: 1000 Reward: 5046.854
Total T: 627000 Episode Num: 627 Episode T: 1000 Reward: 4927.233
Total T: 628000 Episode Num: 628 Episode T: 1000 Reward: 4906.949
Total T: 629000 Episode Num: 629 Episode T: 1000 Reward: 5088.928
Total T: 630000 Episode Num: 630 Episode T: 1000 Reward: 4980.454
---------------------------------------
Evaluation over 10 episodes: 4888.312
---------------------------------------
Total T: 631000 Episode Num: 631 Episode T: 1000 Reward: 4842.783
Total T: 632000 Episode Num: 632 Episode T: 1000 Reward: 5052.115
Total T: 633000 Episode Num: 633 Episode T: 1000 Reward: 4934.565
Total T: 634000 Episode Num: 634 Episode T: 1000 Reward: 4955.160
Total T: 635000 Episode Num: 635 Episode T: 1000 Reward: 4929.721
---------------------------------------
Evaluation over 10 episodes: 4918.502
---------------------------------------
Total T: 636000 Episode Num: 636 Episode T: 1000 Reward: 4880.937
Total T: 637000 Episode Num: 637 Episode T: 1000 Reward: 4928.266
Total T: 638000 Episode Num: 638 Episode T: 1000 Reward: 4959.642
Total T: 639000 Episode Num: 639 Episode T: 1000 Reward: 4805.405
Total T: 640000 Episode Num: 640 Episode T: 1000 Reward: 4954.129
---------------------------------------
Evaluation over 10 episodes: 4925.538
---------------------------------------
Total T: 641000 Episode Num: 641 Episode T: 1000 Reward: 4860.275
Total T: 642000 Episode Num: 642 Episode T: 1000 Reward: 5021.904
Total T: 643000 Episode Num: 643 Episode T: 1000 Reward: 4832.338
Total T: 644000 Episode Num: 644 Episode T: 1000 Reward: 4982.478
Total T: 645000 Episode Num: 645 Episode T: 1000 Reward: 4862.494
---------------------------------------
Evaluation over 10 episodes: 4810.229
---------------------------------------
Total T: 646000 Episode Num: 646 Episode T: 1000 Reward: 4933.999
Total T: 647000 Episode Num: 647 Episode T: 1000 Reward: 4984.075
Total T: 648000 Episode Num: 648 Episode T: 1000 Reward: 4816.819
Total T: 649000 Episode Num: 649 Episode T: 1000 Reward: 4920.595
Total T: 650000 Episode Num: 650 Episode T: 1000 Reward: 4908.057
---------------------------------------
Evaluation over 10 episodes: 4906.944
---------------------------------------
Total T: 651000 Episode Num: 651 Episode T: 1000 Reward: 4849.862
Total T: 652000 Episode Num: 652 Episode T: 1000 Reward: 4892.873
Total T: 653000 Episode Num: 653 Episode T: 1000 Reward: 4828.032
Total T: 654000 Episode Num: 654 Episode T: 1000 Reward: 5070.093
Total T: 655000 Episode Num: 655 Episode T: 1000 Reward: 5004.999
---------------------------------------
Evaluation over 10 episodes: 4900.210
---------------------------------------
Total T: 656000 Episode Num: 656 Episode T: 1000 Reward: 4912.191
Total T: 657000 Episode Num: 657 Episode T: 1000 Reward: 4764.248
Total T: 658000 Episode Num: 658 Episode T: 1000 Reward: 4902.226
Total T: 659000 Episode Num: 659 Episode T: 1000 Reward: 4921.463
Total T: 660000 Episode Num: 660 Episode T: 1000 Reward: 4926.978
---------------------------------------
Evaluation over 10 episodes: 4990.952
---------------------------------------
Total T: 661000 Episode Num: 661 Episode T: 1000 Reward: 4933.478
Total T: 662000 Episode Num: 662 Episode T: 1000 Reward: 4863.250
Total T: 663000 Episode Num: 663 Episode T: 1000 Reward: 4910.330
Total T: 664000 Episode Num: 664 Episode T: 1000 Reward: 4846.101
Total T: 665000 Episode Num: 665 Episode T: 1000 Reward: 4925.563
---------------------------------------
Evaluation over 10 episodes: 4955.688
---------------------------------------
Total T: 666000 Episode Num: 666 Episode T: 1000 Reward: 4885.101
Total T: 667000 Episode Num: 667 Episode T: 1000 Reward: 4994.617
Total T: 668000 Episode Num: 668 Episode T: 1000 Reward: 4848.872
Total T: 669000 Episode Num: 669 Episode T: 1000 Reward: 4888.593
Total T: 670000 Episode Num: 670 Episode T: 1000 Reward: 4908.238
---------------------------------------
Evaluation over 10 episodes: 4885.936
---------------------------------------
Total T: 671000 Episode Num: 671 Episode T: 1000 Reward: 4932.490
Total T: 672000 Episode Num: 672 Episode T: 1000 Reward: 4915.934
Total T: 673000 Episode Num: 673 Episode T: 1000 Reward: 4892.599
Total T: 674000 Episode Num: 674 Episode T: 1000 Reward: 4890.392
Total T: 675000 Episode Num: 675 Episode T: 1000 Reward: 5032.276
---------------------------------------
Evaluation over 10 episodes: 4954.124
---------------------------------------
Total T: 676000 Episode Num: 676 Episode T: 1000 Reward: 4932.566
Total T: 677000 Episode Num: 677 Episode T: 1000 Reward: 4933.841
Total T: 678000 Episode Num: 678 Episode T: 1000 Reward: 4898.804
Total T: 679000 Episode Num: 679 Episode T: 1000 Reward: 4916.853
Total T: 680000 Episode Num: 680 Episode T: 1000 Reward: 4873.425
---------------------------------------
Evaluation over 10 episodes: 4960.215
---------------------------------------
Total T: 681000 Episode Num: 681 Episode T: 1000 Reward: 4878.418
Total T: 682000 Episode Num: 682 Episode T: 1000 Reward: 4985.636
Total T: 683000 Episode Num: 683 Episode T: 1000 Reward: 4862.309
Total T: 684000 Episode Num: 684 Episode T: 1000 Reward: 4897.294
Total T: 685000 Episode Num: 685 Episode T: 1000 Reward: 4987.235
---------------------------------------
Evaluation over 10 episodes: 4865.234
---------------------------------------
Total T: 686000 Episode Num: 686 Episode T: 1000 Reward: 4961.821
Total T: 687000 Episode Num: 687 Episode T: 1000 Reward: 5019.058
Total T: 688000 Episode Num: 688 Episode T: 1000 Reward: 4894.474
Total T: 689000 Episode Num: 689 Episode T: 1000 Reward: 4983.816
Total T: 690000 Episode Num: 690 Episode T: 1000 Reward: 4971.545
---------------------------------------
Evaluation over 10 episodes: 4868.989
---------------------------------------
Total T: 691000 Episode Num: 691 Episode T: 1000 Reward: 5083.615
Total T: 692000 Episode Num: 692 Episode T: 1000 Reward: 4844.570
Total T: 693000 Episode Num: 693 Episode T: 1000 Reward: 5050.249
Total T: 694000 Episode Num: 694 Episode T: 1000 Reward: 4918.452
Total T: 695000 Episode Num: 695 Episode T: 1000 Reward: 4979.107
---------------------------------------
Evaluation over 10 episodes: 4980.786
---------------------------------------
Total T: 696000 Episode Num: 696 Episode T: 1000 Reward: 4944.360
Total T: 697000 Episode Num: 697 Episode T: 1000 Reward: 4953.126
Total T: 698000 Episode Num: 698 Episode T: 1000 Reward: 5000.919
Total T: 699000 Episode Num: 699 Episode T: 1000 Reward: 4868.064
Total T: 700000 Episode Num: 700 Episode T: 1000 Reward: 4802.414
---------------------------------------
Evaluation over 10 episodes: 4917.568
---------------------------------------
Total T: 701000 Episode Num: 701 Episode T: 1000 Reward: 5012.117
Total T: 702000 Episode Num: 702 Episode T: 1000 Reward: 5000.574
Total T: 703000 Episode Num: 703 Episode T: 1000 Reward: 4905.985
Total T: 704000 Episode Num: 704 Episode T: 1000 Reward: 4976.172
Total T: 705000 Episode Num: 705 Episode T: 1000 Reward: 4947.326
---------------------------------------
Evaluation over 10 episodes: 4932.191
---------------------------------------
Total T: 706000 Episode Num: 706 Episode T: 1000 Reward: 5083.034
Total T: 707000 Episode Num: 707 Episode T: 1000 Reward: 5000.372
Total T: 708000 Episode Num: 708 Episode T: 1000 Reward: 4962.548
Total T: 709000 Episode Num: 709 Episode T: 1000 Reward: 4925.533
Total T: 710000 Episode Num: 710 Episode T: 1000 Reward: 4938.332
---------------------------------------
Evaluation over 10 episodes: 5001.081
---------------------------------------
Total T: 711000 Episode Num: 711 Episode T: 1000 Reward: 4931.149
Total T: 712000 Episode Num: 712 Episode T: 1000 Reward: 4994.024
Total T: 713000 Episode Num: 713 Episode T: 1000 Reward: 5001.632
Total T: 714000 Episode Num: 714 Episode T: 1000 Reward: 5046.751
Total T: 715000 Episode Num: 715 Episode T: 1000 Reward: 4915.105
---------------------------------------
Evaluation over 10 episodes: 5175.741
---------------------------------------
Total T: 716000 Episode Num: 716 Episode T: 1000 Reward: 4948.959
Total T: 717000 Episode Num: 717 Episode T: 1000 Reward: 5040.514
Total T: 718000 Episode Num: 718 Episode T: 1000 Reward: 5117.632
Total T: 719000 Episode Num: 719 Episode T: 1000 Reward: 4979.107
Total T: 720000 Episode Num: 720 Episode T: 1000 Reward: 4998.166
---------------------------------------
Evaluation over 10 episodes: 4972.500
---------------------------------------
Total T: 721000 Episode Num: 721 Episode T: 1000 Reward: 5032.142
Total T: 722000 Episode Num: 722 Episode T: 1000 Reward: 5070.609
Total T: 723000 Episode Num: 723 Episode T: 1000 Reward: 4907.411
Total T: 724000 Episode Num: 724 Episode T: 1000 Reward: 4987.301
Total T: 725000 Episode Num: 725 Episode T: 1000 Reward: 4990.943
---------------------------------------
Evaluation over 10 episodes: 5083.406
---------------------------------------
Total T: 726000 Episode Num: 726 Episode T: 1000 Reward: 4887.745
Total T: 727000 Episode Num: 727 Episode T: 1000 Reward: 4952.923
Total T: 728000 Episode Num: 728 Episode T: 1000 Reward: 5081.368
Total T: 729000 Episode Num: 729 Episode T: 1000 Reward: 4872.370
Total T: 730000 Episode Num: 730 Episode T: 1000 Reward: 4942.871
---------------------------------------
Evaluation over 10 episodes: 5054.913
---------------------------------------
Total T: 731000 Episode Num: 731 Episode T: 1000 Reward: 4976.256
Total T: 732000 Episode Num: 732 Episode T: 1000 Reward: 5052.952
Total T: 733000 Episode Num: 733 Episode T: 1000 Reward: 4978.368
Total T: 734000 Episode Num: 734 Episode T: 1000 Reward: 4973.640
Total T: 735000 Episode Num: 735 Episode T: 1000 Reward: 4996.891
---------------------------------------
Evaluation over 10 episodes: 4989.201
---------------------------------------
Total T: 736000 Episode Num: 736 Episode T: 1000 Reward: 5046.042
Total T: 737000 Episode Num: 737 Episode T: 1000 Reward: 5134.162
Total T: 738000 Episode Num: 738 Episode T: 1000 Reward: 5007.041
Total T: 739000 Episode Num: 739 Episode T: 1000 Reward: 5266.777
Total T: 740000 Episode Num: 740 Episode T: 1000 Reward: 4924.933
---------------------------------------
Evaluation over 10 episodes: 5151.170
---------------------------------------
Total T: 741000 Episode Num: 741 Episode T: 1000 Reward: 5100.239
Total T: 742000 Episode Num: 742 Episode T: 1000 Reward: 4981.109
Total T: 743000 Episode Num: 743 Episode T: 1000 Reward: 5062.903
Total T: 744000 Episode Num: 744 Episode T: 1000 Reward: 5003.438
Total T: 745000 Episode Num: 745 Episode T: 1000 Reward: 5089.122
---------------------------------------
Evaluation over 10 episodes: 4952.792
---------------------------------------
Total T: 746000 Episode Num: 746 Episode T: 1000 Reward: 5098.459
Total T: 747000 Episode Num: 747 Episode T: 1000 Reward: 4959.303
Total T: 748000 Episode Num: 748 Episode T: 1000 Reward: 5274.787
Total T: 749000 Episode Num: 749 Episode T: 1000 Reward: 5041.818
Total T: 750000 Episode Num: 750 Episode T: 1000 Reward: 5175.746
---------------------------------------
Evaluation over 10 episodes: 5030.655
---------------------------------------
Total T: 751000 Episode Num: 751 Episode T: 1000 Reward: 5037.157
Total T: 752000 Episode Num: 752 Episode T: 1000 Reward: 5043.603
Total T: 753000 Episode Num: 753 Episode T: 1000 Reward: 5017.391
Total T: 754000 Episode Num: 754 Episode T: 1000 Reward: 5137.139
Total T: 755000 Episode Num: 755 Episode T: 1000 Reward: 5126.617
---------------------------------------
Evaluation over 10 episodes: 5079.203
---------------------------------------
Total T: 756000 Episode Num: 756 Episode T: 1000 Reward: 5033.772
Total T: 757000 Episode Num: 757 Episode T: 1000 Reward: 5007.642
Total T: 758000 Episode Num: 758 Episode T: 1000 Reward: 5176.032
Total T: 759000 Episode Num: 759 Episode T: 1000 Reward: 5049.319
Total T: 760000 Episode Num: 760 Episode T: 1000 Reward: 5071.462
---------------------------------------
Evaluation over 10 episodes: 5148.956
---------------------------------------
Total T: 761000 Episode Num: 761 Episode T: 1000 Reward: 4992.056
Total T: 762000 Episode Num: 762 Episode T: 1000 Reward: 5003.634
Total T: 763000 Episode Num: 763 Episode T: 1000 Reward: 5068.564
Total T: 764000 Episode Num: 764 Episode T: 1000 Reward: 5004.961
Total T: 765000 Episode Num: 765 Episode T: 1000 Reward: 5232.716
---------------------------------------
Evaluation over 10 episodes: 5229.841
---------------------------------------
Total T: 766000 Episode Num: 766 Episode T: 1000 Reward: 4999.977
Total T: 767000 Episode Num: 767 Episode T: 1000 Reward: 5227.072
Total T: 768000 Episode Num: 768 Episode T: 1000 Reward: 5045.355
Total T: 769000 Episode Num: 769 Episode T: 1000 Reward: 5243.475
Total T: 770000 Episode Num: 770 Episode T: 1000 Reward: 5000.275
---------------------------------------
Evaluation over 10 episodes: 5207.190
---------------------------------------
Total T: 771000 Episode Num: 771 Episode T: 1000 Reward: 5076.196
Total T: 772000 Episode Num: 772 Episode T: 1000 Reward: 5118.952
Total T: 773000 Episode Num: 773 Episode T: 1000 Reward: 4923.505
Total T: 774000 Episode Num: 774 Episode T: 1000 Reward: 5123.681
Total T: 775000 Episode Num: 775 Episode T: 1000 Reward: 5030.736
---------------------------------------
Evaluation over 10 episodes: 5190.595
---------------------------------------
Total T: 776000 Episode Num: 776 Episode T: 1000 Reward: 5253.725
Total T: 777000 Episode Num: 777 Episode T: 1000 Reward: 5224.036
Total T: 778000 Episode Num: 778 Episode T: 1000 Reward: 5077.474
Total T: 779000 Episode Num: 779 Episode T: 1000 Reward: 4991.851
Total T: 780000 Episode Num: 780 Episode T: 1000 Reward: 5146.536
---------------------------------------
Evaluation over 10 episodes: 5061.079
---------------------------------------
Total T: 781000 Episode Num: 781 Episode T: 1000 Reward: 5121.685
Total T: 782000 Episode Num: 782 Episode T: 1000 Reward: 5000.741
Total T: 783000 Episode Num: 783 Episode T: 1000 Reward: 5238.649
Total T: 784000 Episode Num: 784 Episode T: 1000 Reward: 5045.136
Total T: 785000 Episode Num: 785 Episode T: 1000 Reward: 5226.206
---------------------------------------
Evaluation over 10 episodes: 5292.260
---------------------------------------
Total T: 786000 Episode Num: 786 Episode T: 1000 Reward: 4998.373
Total T: 787000 Episode Num: 787 Episode T: 1000 Reward: 5194.002
Total T: 788000 Episode Num: 788 Episode T: 1000 Reward: 5144.853
Total T: 789000 Episode Num: 789 Episode T: 1000 Reward: 5141.754
Total T: 790000 Episode Num: 790 Episode T: 1000 Reward: 5074.004
---------------------------------------
Evaluation over 10 episodes: 5078.151
---------------------------------------
Total T: 791000 Episode Num: 791 Episode T: 1000 Reward: 5047.553
Total T: 792000 Episode Num: 792 Episode T: 1000 Reward: 5086.781
Total T: 793000 Episode Num: 793 Episode T: 1000 Reward: 5073.571
Total T: 794000 Episode Num: 794 Episode T: 1000 Reward: 5222.233
Total T: 795000 Episode Num: 795 Episode T: 1000 Reward: 5083.865
---------------------------------------
Evaluation over 10 episodes: 5009.132
---------------------------------------
Total T: 796000 Episode Num: 796 Episode T: 1000 Reward: 5235.700
Total T: 797000 Episode Num: 797 Episode T: 1000 Reward: 5214.918
Total T: 798000 Episode Num: 798 Episode T: 1000 Reward: 5114.132
Total T: 799000 Episode Num: 799 Episode T: 1000 Reward: 5191.964
Total T: 800000 Episode Num: 800 Episode T: 1000 Reward: 5231.331
---------------------------------------
Evaluation over 10 episodes: 5233.148
---------------------------------------
Total T: 801000 Episode Num: 801 Episode T: 1000 Reward: 4960.171
Total T: 802000 Episode Num: 802 Episode T: 1000 Reward: 5182.573
Total T: 803000 Episode Num: 803 Episode T: 1000 Reward: 5301.429
Total T: 804000 Episode Num: 804 Episode T: 1000 Reward: 5107.244
Total T: 805000 Episode Num: 805 Episode T: 1000 Reward: 5127.937
---------------------------------------
Evaluation over 10 episodes: 5238.874
---------------------------------------
Total T: 806000 Episode Num: 806 Episode T: 1000 Reward: 5103.852
Total T: 807000 Episode Num: 807 Episode T: 1000 Reward: 5101.703
Total T: 808000 Episode Num: 808 Episode T: 1000 Reward: 5221.618
Total T: 809000 Episode Num: 809 Episode T: 1000 Reward: 5136.632
Total T: 810000 Episode Num: 810 Episode T: 1000 Reward: 5100.913
---------------------------------------
Evaluation over 10 episodes: 5040.547
---------------------------------------
Total T: 811000 Episode Num: 811 Episode T: 1000 Reward: 5224.630
Total T: 812000 Episode Num: 812 Episode T: 1000 Reward: 5271.305
Total T: 813000 Episode Num: 813 Episode T: 1000 Reward: 5070.275
Total T: 814000 Episode Num: 814 Episode T: 1000 Reward: 5290.575
Total T: 815000 Episode Num: 815 Episode T: 1000 Reward: 5164.449
---------------------------------------
Evaluation over 10 episodes: 5183.665
---------------------------------------
Total T: 816000 Episode Num: 816 Episode T: 1000 Reward: 5090.840
Total T: 817000 Episode Num: 817 Episode T: 1000 Reward: 5063.339
Total T: 818000 Episode Num: 818 Episode T: 1000 Reward: 5298.754
Total T: 819000 Episode Num: 819 Episode T: 1000 Reward: 5355.797
Total T: 820000 Episode Num: 820 Episode T: 1000 Reward: 5257.118
---------------------------------------
Evaluation over 10 episodes: 5273.125
---------------------------------------
Total T: 821000 Episode Num: 821 Episode T: 1000 Reward: 5354.990
Total T: 822000 Episode Num: 822 Episode T: 1000 Reward: 5293.103
Total T: 823000 Episode Num: 823 Episode T: 1000 Reward: 5311.578
Total T: 824000 Episode Num: 824 Episode T: 1000 Reward: 5364.878
Total T: 825000 Episode Num: 825 Episode T: 1000 Reward: 5139.359
---------------------------------------
Evaluation over 10 episodes: 4941.474
---------------------------------------
Total T: 826000 Episode Num: 826 Episode T: 1000 Reward: 5238.534
Total T: 827000 Episode Num: 827 Episode T: 1000 Reward: 5270.626
Total T: 828000 Episode Num: 828 Episode T: 1000 Reward: 5165.768
Total T: 829000 Episode Num: 829 Episode T: 1000 Reward: 5235.040
Total T: 830000 Episode Num: 830 Episode T: 1000 Reward: 5175.361
---------------------------------------
Evaluation over 10 episodes: 5250.908
---------------------------------------
Total T: 831000 Episode Num: 831 Episode T: 1000 Reward: 5228.625
Total T: 832000 Episode Num: 832 Episode T: 1000 Reward: 5099.619
Total T: 833000 Episode Num: 833 Episode T: 1000 Reward: 5138.245
Total T: 834000 Episode Num: 834 Episode T: 1000 Reward: 5176.962
Total T: 835000 Episode Num: 835 Episode T: 1000 Reward: 5264.260
---------------------------------------
Evaluation over 10 episodes: 5278.389
---------------------------------------
Total T: 836000 Episode Num: 836 Episode T: 1000 Reward: 5254.379
Total T: 837000 Episode Num: 837 Episode T: 1000 Reward: 5199.524
Total T: 838000 Episode Num: 838 Episode T: 1000 Reward: 5343.458
Total T: 839000 Episode Num: 839 Episode T: 1000 Reward: 5248.475
Total T: 840000 Episode Num: 840 Episode T: 1000 Reward: 5424.099
---------------------------------------
Evaluation over 10 episodes: 5288.855
---------------------------------------
Total T: 841000 Episode Num: 841 Episode T: 1000 Reward: 5270.991
Total T: 842000 Episode Num: 842 Episode T: 1000 Reward: 5357.983
Total T: 843000 Episode Num: 843 Episode T: 1000 Reward: 5370.087
Total T: 844000 Episode Num: 844 Episode T: 1000 Reward: 5303.268
Total T: 845000 Episode Num: 845 Episode T: 1000 Reward: 5192.650
---------------------------------------
Evaluation over 10 episodes: 5096.807
---------------------------------------
Total T: 846000 Episode Num: 846 Episode T: 1000 Reward: 5242.677
Total T: 847000 Episode Num: 847 Episode T: 1000 Reward: 5354.781
Total T: 848000 Episode Num: 848 Episode T: 1000 Reward: 5055.252
Total T: 849000 Episode Num: 849 Episode T: 1000 Reward: 5223.089
Total T: 850000 Episode Num: 850 Episode T: 1000 Reward: 5351.453
---------------------------------------
Evaluation over 10 episodes: 5315.297
---------------------------------------
Total T: 851000 Episode Num: 851 Episode T: 1000 Reward: 5323.746
Total T: 852000 Episode Num: 852 Episode T: 1000 Reward: 5245.281
Total T: 853000 Episode Num: 853 Episode T: 1000 Reward: 5100.134
Total T: 854000 Episode Num: 854 Episode T: 1000 Reward: 5058.117
Total T: 855000 Episode Num: 855 Episode T: 1000 Reward: 5217.726
---------------------------------------
Evaluation over 10 episodes: 5251.065
---------------------------------------
Total T: 856000 Episode Num: 856 Episode T: 1000 Reward: 5183.186
Total T: 857000 Episode Num: 857 Episode T: 1000 Reward: 5386.349
Total T: 858000 Episode Num: 858 Episode T: 1000 Reward: 5135.116
Total T: 859000 Episode Num: 859 Episode T: 1000 Reward: 5413.868
Total T: 860000 Episode Num: 860 Episode T: 1000 Reward: 5104.685
---------------------------------------
Evaluation over 10 episodes: 5299.069
---------------------------------------
Total T: 861000 Episode Num: 861 Episode T: 1000 Reward: 5320.402
Total T: 862000 Episode Num: 862 Episode T: 1000 Reward: 5143.137
Total T: 863000 Episode Num: 863 Episode T: 1000 Reward: 5303.190
Total T: 864000 Episode Num: 864 Episode T: 1000 Reward: 5520.338
Total T: 865000 Episode Num: 865 Episode T: 1000 Reward: 5372.042
---------------------------------------
Evaluation over 10 episodes: 5260.536
---------------------------------------
Total T: 866000 Episode Num: 866 Episode T: 1000 Reward: 5347.389
Total T: 867000 Episode Num: 867 Episode T: 1000 Reward: 5187.837
Total T: 868000 Episode Num: 868 Episode T: 1000 Reward: 5394.953
Total T: 869000 Episode Num: 869 Episode T: 1000 Reward: 5150.739
Total T: 870000 Episode Num: 870 Episode T: 1000 Reward: 5187.029
---------------------------------------
Evaluation over 10 episodes: 5426.264
---------------------------------------
Total T: 871000 Episode Num: 871 Episode T: 1000 Reward: 5125.062
Total T: 872000 Episode Num: 872 Episode T: 1000 Reward: 5314.655
Total T: 873000 Episode Num: 873 Episode T: 1000 Reward: 5165.953
Total T: 874000 Episode Num: 874 Episode T: 1000 Reward: 5352.361
Total T: 875000 Episode Num: 875 Episode T: 1000 Reward: 5350.789
---------------------------------------
Evaluation over 10 episodes: 5457.069
---------------------------------------
Total T: 876000 Episode Num: 876 Episode T: 1000 Reward: 5121.920
Total T: 877000 Episode Num: 877 Episode T: 1000 Reward: 5470.215
Total T: 878000 Episode Num: 878 Episode T: 1000 Reward: 5240.554
Total T: 879000 Episode Num: 879 Episode T: 1000 Reward: 5374.929
Total T: 880000 Episode Num: 880 Episode T: 1000 Reward: 5302.749
---------------------------------------
Evaluation over 10 episodes: 5190.742
---------------------------------------
Total T: 881000 Episode Num: 881 Episode T: 1000 Reward: 5277.972
Total T: 882000 Episode Num: 882 Episode T: 1000 Reward: 5402.126
Total T: 883000 Episode Num: 883 Episode T: 1000 Reward: 5247.959
Total T: 884000 Episode Num: 884 Episode T: 1000 Reward: 5352.470
Total T: 885000 Episode Num: 885 Episode T: 1000 Reward: 5209.608
---------------------------------------
Evaluation over 10 episodes: 5242.252
---------------------------------------
Total T: 886000 Episode Num: 886 Episode T: 1000 Reward: 5361.799
Total T: 887000 Episode Num: 887 Episode T: 1000 Reward: 5450.660
Total T: 888000 Episode Num: 888 Episode T: 1000 Reward: 5333.749
Total T: 889000 Episode Num: 889 Episode T: 1000 Reward: 5252.983
Total T: 890000 Episode Num: 890 Episode T: 1000 Reward: 5224.239
---------------------------------------
Evaluation over 10 episodes: 5331.848
---------------------------------------
Total T: 891000 Episode Num: 891 Episode T: 1000 Reward: 5236.608
Total T: 892000 Episode Num: 892 Episode T: 1000 Reward: 5245.016
Total T: 893000 Episode Num: 893 Episode T: 1000 Reward: 5373.909
Total T: 894000 Episode Num: 894 Episode T: 1000 Reward: 5283.064
Total T: 895000 Episode Num: 895 Episode T: 1000 Reward: 5232.022
---------------------------------------
Evaluation over 10 episodes: 5112.710
---------------------------------------
Total T: 896000 Episode Num: 896 Episode T: 1000 Reward: 5335.426
Total T: 897000 Episode Num: 897 Episode T: 1000 Reward: 5280.141
Total T: 898000 Episode Num: 898 Episode T: 1000 Reward: 5251.518
Total T: 899000 Episode Num: 899 Episode T: 1000 Reward: 5238.707
Total T: 900000 Episode Num: 900 Episode T: 1000 Reward: 5209.085
---------------------------------------
Evaluation over 10 episodes: 5285.699
---------------------------------------
Total T: 901000 Episode Num: 901 Episode T: 1000 Reward: 5141.418
Total T: 902000 Episode Num: 902 Episode T: 1000 Reward: 5212.133
Total T: 903000 Episode Num: 903 Episode T: 1000 Reward: 5106.663
Total T: 904000 Episode Num: 904 Episode T: 1000 Reward: 5248.954
Total T: 905000 Episode Num: 905 Episode T: 1000 Reward: 5201.058
---------------------------------------
Evaluation over 10 episodes: 5322.868
---------------------------------------
Total T: 906000 Episode Num: 906 Episode T: 1000 Reward: 5131.002
Total T: 907000 Episode Num: 907 Episode T: 1000 Reward: 5258.813
Total T: 908000 Episode Num: 908 Episode T: 1000 Reward: 5190.052
Total T: 909000 Episode Num: 909 Episode T: 1000 Reward: 5271.786
Total T: 910000 Episode Num: 910 Episode T: 1000 Reward: 5304.760
---------------------------------------
Evaluation over 10 episodes: 5289.457
---------------------------------------
Total T: 911000 Episode Num: 911 Episode T: 1000 Reward: 5054.418
Total T: 912000 Episode Num: 912 Episode T: 1000 Reward: 5047.710
Total T: 913000 Episode Num: 913 Episode T: 1000 Reward: 5289.416
Total T: 914000 Episode Num: 914 Episode T: 1000 Reward: 5197.447
Total T: 915000 Episode Num: 915 Episode T: 1000 Reward: 5311.479
---------------------------------------
Evaluation over 10 episodes: 5313.441
---------------------------------------
Total T: 916000 Episode Num: 916 Episode T: 1000 Reward: 5203.062
Total T: 917000 Episode Num: 917 Episode T: 1000 Reward: 5166.970
Total T: 918000 Episode Num: 918 Episode T: 1000 Reward: 5294.298
Total T: 919000 Episode Num: 919 Episode T: 1000 Reward: 5027.900
Total T: 920000 Episode Num: 920 Episode T: 1000 Reward: 5212.541
---------------------------------------
Evaluation over 10 episodes: 5286.054
---------------------------------------
Total T: 921000 Episode Num: 921 Episode T: 1000 Reward: 5222.863
Total T: 922000 Episode Num: 922 Episode T: 1000 Reward: 5281.937
Total T: 923000 Episode Num: 923 Episode T: 1000 Reward: 5166.896
Total T: 924000 Episode Num: 924 Episode T: 1000 Reward: 5261.667
Total T: 925000 Episode Num: 925 Episode T: 1000 Reward: 5279.403
---------------------------------------
Evaluation over 10 episodes: 5333.405
---------------------------------------
Total T: 926000 Episode Num: 926 Episode T: 1000 Reward: 5191.849
Total T: 927000 Episode Num: 927 Episode T: 1000 Reward: 5246.108
Total T: 928000 Episode Num: 928 Episode T: 1000 Reward: 5138.638
Total T: 929000 Episode Num: 929 Episode T: 1000 Reward: 5237.824
Total T: 930000 Episode Num: 930 Episode T: 1000 Reward: 5259.812
---------------------------------------
Evaluation over 10 episodes: 5164.323
---------------------------------------
Total T: 931000 Episode Num: 931 Episode T: 1000 Reward: 5300.932
Total T: 932000 Episode Num: 932 Episode T: 1000 Reward: 5204.839
Total T: 933000 Episode Num: 933 Episode T: 1000 Reward: 5163.822
Total T: 934000 Episode Num: 934 Episode T: 1000 Reward: 5271.452
Total T: 935000 Episode Num: 935 Episode T: 1000 Reward: 5239.073
---------------------------------------
Evaluation over 10 episodes: 5226.881
---------------------------------------
Total T: 936000 Episode Num: 936 Episode T: 1000 Reward: 5172.451
Total T: 937000 Episode Num: 937 Episode T: 1000 Reward: 5130.723
Total T: 938000 Episode Num: 938 Episode T: 1000 Reward: 5315.105
Total T: 939000 Episode Num: 939 Episode T: 1000 Reward: 5334.891
Total T: 940000 Episode Num: 940 Episode T: 1000 Reward: 5265.734
---------------------------------------
Evaluation over 10 episodes: 5399.834
---------------------------------------
Total T: 941000 Episode Num: 941 Episode T: 1000 Reward: 5252.372
Total T: 942000 Episode Num: 942 Episode T: 1000 Reward: 5242.335
Total T: 943000 Episode Num: 943 Episode T: 1000 Reward: 5149.703
Total T: 944000 Episode Num: 944 Episode T: 1000 Reward: 5266.429
Total T: 945000 Episode Num: 945 Episode T: 1000 Reward: 5221.629
---------------------------------------
Evaluation over 10 episodes: 5238.444
---------------------------------------
Total T: 946000 Episode Num: 946 Episode T: 1000 Reward: 5279.926
Total T: 947000 Episode Num: 947 Episode T: 1000 Reward: 5155.261
Total T: 948000 Episode Num: 948 Episode T: 1000 Reward: 5245.616
Total T: 949000 Episode Num: 949 Episode T: 1000 Reward: 5159.052
Total T: 950000 Episode Num: 950 Episode T: 1000 Reward: 5167.735
---------------------------------------
Evaluation over 10 episodes: 5284.612
---------------------------------------
Total T: 951000 Episode Num: 951 Episode T: 1000 Reward: 5334.818
Total T: 952000 Episode Num: 952 Episode T: 1000 Reward: 5311.971
Total T: 953000 Episode Num: 953 Episode T: 1000 Reward: 5092.926
Total T: 954000 Episode Num: 954 Episode T: 1000 Reward: 5089.339
Total T: 955000 Episode Num: 955 Episode T: 1000 Reward: 5387.967
---------------------------------------
Evaluation over 10 episodes: 4853.789
---------------------------------------
Total T: 956000 Episode Num: 956 Episode T: 1000 Reward: 5045.499
Total T: 957000 Episode Num: 957 Episode T: 1000 Reward: 5217.896
Total T: 958000 Episode Num: 958 Episode T: 1000 Reward: 5037.201
Total T: 959000 Episode Num: 959 Episode T: 1000 Reward: 5316.651
Total T: 960000 Episode Num: 960 Episode T: 1000 Reward: 5349.373
---------------------------------------
Evaluation over 10 episodes: 4970.167
---------------------------------------
Total T: 961000 Episode Num: 961 Episode T: 1000 Reward: 5096.877
Total T: 962000 Episode Num: 962 Episode T: 1000 Reward: 5387.464
Total T: 963000 Episode Num: 963 Episode T: 1000 Reward: 5129.456
Total T: 964000 Episode Num: 964 Episode T: 1000 Reward: 5310.226
Total T: 965000 Episode Num: 965 Episode T: 1000 Reward: 5302.962
---------------------------------------
Evaluation over 10 episodes: 5179.416
---------------------------------------
Total T: 966000 Episode Num: 966 Episode T: 1000 Reward: 5177.980
Total T: 967000 Episode Num: 967 Episode T: 1000 Reward: 5263.421
Total T: 968000 Episode Num: 968 Episode T: 1000 Reward: 5123.907
Total T: 969000 Episode Num: 969 Episode T: 1000 Reward: 5293.617
Total T: 970000 Episode Num: 970 Episode T: 1000 Reward: 5204.580
---------------------------------------
Evaluation over 10 episodes: 5245.187
---------------------------------------
Total T: 971000 Episode Num: 971 Episode T: 1000 Reward: 5178.364
Total T: 972000 Episode Num: 972 Episode T: 1000 Reward: 5297.331
Total T: 973000 Episode Num: 973 Episode T: 1000 Reward: 5331.661
Total T: 974000 Episode Num: 974 Episode T: 1000 Reward: 5378.935
Total T: 975000 Episode Num: 975 Episode T: 1000 Reward: 5120.496
---------------------------------------
Evaluation over 10 episodes: 5347.884
---------------------------------------
Total T: 976000 Episode Num: 976 Episode T: 1000 Reward: 5143.103
Total T: 977000 Episode Num: 977 Episode T: 1000 Reward: 5002.943
Total T: 978000 Episode Num: 978 Episode T: 1000 Reward: 5204.893
Total T: 979000 Episode Num: 979 Episode T: 1000 Reward: 5337.656
Total T: 980000 Episode Num: 980 Episode T: 1000 Reward: 5157.799
---------------------------------------
Evaluation over 10 episodes: 5436.235
---------------------------------------
Total T: 981000 Episode Num: 981 Episode T: 1000 Reward: 5345.831
Total T: 982000 Episode Num: 982 Episode T: 1000 Reward: 5401.438
Total T: 983000 Episode Num: 983 Episode T: 1000 Reward: 5310.357
Total T: 984000 Episode Num: 984 Episode T: 1000 Reward: 5307.578
Total T: 985000 Episode Num: 985 Episode T: 1000 Reward: 5168.920
---------------------------------------
Evaluation over 10 episodes: 5184.135
---------------------------------------
Total T: 986000 Episode Num: 986 Episode T: 1000 Reward: 5221.616
Total T: 987000 Episode Num: 987 Episode T: 1000 Reward: 5296.458
Total T: 988000 Episode Num: 988 Episode T: 1000 Reward: 5255.231
Total T: 989000 Episode Num: 989 Episode T: 1000 Reward: 5099.891
Total T: 990000 Episode Num: 990 Episode T: 1000 Reward: 5279.029
---------------------------------------
Evaluation over 10 episodes: 5438.695
---------------------------------------
Total T: 991000 Episode Num: 991 Episode T: 1000 Reward: 5283.922
Total T: 992000 Episode Num: 992 Episode T: 1000 Reward: 5221.663
Total T: 993000 Episode Num: 993 Episode T: 1000 Reward: 5388.079
Total T: 994000 Episode Num: 994 Episode T: 1000 Reward: 5419.940
Total T: 995000 Episode Num: 995 Episode T: 1000 Reward: 5214.306
---------------------------------------
Evaluation over 10 episodes: 5197.584
---------------------------------------
Total T: 996000 Episode Num: 996 Episode T: 1000 Reward: 5148.765
Total T: 997000 Episode Num: 997 Episode T: 1000 Reward: 5058.929
Total T: 998000 Episode Num: 998 Episode T: 1000 Reward: 5325.851
Total T: 999000 Episode Num: 999 Episode T: 1000 Reward: 5152.641
Total T: 1000000 Episode Num: 1000 Episode T: 1000 Reward: 5228.234
---------------------------------------
Evaluation over 10 episodes: 5074.829
---------------------------------------
