---------------------------------------
Policy: TD3, Env: Walker2d-v2, Seed: 0
---------------------------------------
---------------------------------------
Evaluation over 10 episodes: 11.049
---------------------------------------
Total T: 30 Episode Num: 1 Episode T: 30 Reward: 11.329
Total T: 55 Episode Num: 2 Episode T: 25 Reward: 9.602
Total T: 67 Episode Num: 3 Episode T: 12 Reward: -1.203
Total T: 86 Episode Num: 4 Episode T: 19 Reward: 5.709
Total T: 109 Episode Num: 5 Episode T: 23 Reward: -1.171
Total T: 122 Episode Num: 6 Episode T: 13 Reward: 0.659
Total T: 138 Episode Num: 7 Episode T: 16 Reward: 0.316
Total T: 163 Episode Num: 8 Episode T: 25 Reward: -1.430
Total T: 174 Episode Num: 9 Episode T: 11 Reward: -2.068
Total T: 202 Episode Num: 10 Episode T: 28 Reward: 5.041
Total T: 217 Episode Num: 11 Episode T: 15 Reward: -1.093
Total T: 236 Episode Num: 12 Episode T: 19 Reward: -1.816
Total T: 256 Episode Num: 13 Episode T: 20 Reward: -5.177
Total T: 273 Episode Num: 14 Episode T: 17 Reward: 1.907
Total T: 283 Episode Num: 15 Episode T: 10 Reward: -3.450
Total T: 295 Episode Num: 16 Episode T: 12 Reward: -5.082
Total T: 322 Episode Num: 17 Episode T: 27 Reward: 11.688
Total T: 361 Episode Num: 18 Episode T: 39 Reward: 7.659
Total T: 376 Episode Num: 19 Episode T: 15 Reward: 3.152
Total T: 388 Episode Num: 20 Episode T: 12 Reward: -1.124
Total T: 427 Episode Num: 21 Episode T: 39 Reward: 8.457
Total T: 444 Episode Num: 22 Episode T: 17 Reward: 4.379
Total T: 473 Episode Num: 23 Episode T: 29 Reward: 1.344
Total T: 482 Episode Num: 24 Episode T: 9 Reward: -0.254
Total T: 498 Episode Num: 25 Episode T: 16 Reward: -0.967
Total T: 519 Episode Num: 26 Episode T: 21 Reward: 6.650
Total T: 541 Episode Num: 27 Episode T: 22 Reward: -5.774
Total T: 567 Episode Num: 28 Episode T: 26 Reward: -3.376
Total T: 590 Episode Num: 29 Episode T: 23 Reward: 4.671
Total T: 617 Episode Num: 30 Episode T: 27 Reward: -0.725
Total T: 646 Episode Num: 31 Episode T: 29 Reward: 5.288
Total T: 660 Episode Num: 32 Episode T: 14 Reward: -3.470
Total T: 675 Episode Num: 33 Episode T: 15 Reward: -3.871
Total T: 685 Episode Num: 34 Episode T: 10 Reward: -2.804
Total T: 699 Episode Num: 35 Episode T: 14 Reward: 1.085
Total T: 712 Episode Num: 36 Episode T: 13 Reward: 0.271
Total T: 733 Episode Num: 37 Episode T: 21 Reward: 5.016
Total T: 748 Episode Num: 38 Episode T: 15 Reward: 2.710
Total T: 764 Episode Num: 39 Episode T: 16 Reward: 4.215
Total T: 790 Episode Num: 40 Episode T: 26 Reward: 2.839
Total T: 820 Episode Num: 41 Episode T: 30 Reward: 12.208
Total T: 828 Episode Num: 42 Episode T: 8 Reward: -2.897
Total T: 858 Episode Num: 43 Episode T: 30 Reward: 15.581
Total T: 872 Episode Num: 44 Episode T: 14 Reward: -2.921
Total T: 894 Episode Num: 45 Episode T: 22 Reward: 11.893
Total T: 933 Episode Num: 46 Episode T: 39 Reward: 5.357
Total T: 946 Episode Num: 47 Episode T: 13 Reward: -0.655
Total T: 963 Episode Num: 48 Episode T: 17 Reward: 3.918
Total T: 988 Episode Num: 49 Episode T: 25 Reward: 0.538
Total T: 1001 Episode Num: 50 Episode T: 13 Reward: -1.108
Total T: 1019 Episode Num: 51 Episode T: 18 Reward: 2.412
Total T: 1037 Episode Num: 52 Episode T: 18 Reward: 2.372
Total T: 1066 Episode Num: 53 Episode T: 29 Reward: 6.977
Total T: 1082 Episode Num: 54 Episode T: 16 Reward: 4.732
Total T: 1119 Episode Num: 55 Episode T: 37 Reward: 0.357
Total T: 1136 Episode Num: 56 Episode T: 17 Reward: 3.908
Total T: 1188 Episode Num: 57 Episode T: 52 Reward: 11.536
Total T: 1216 Episode Num: 58 Episode T: 28 Reward: 2.244
Total T: 1232 Episode Num: 59 Episode T: 16 Reward: 5.641
Total T: 1255 Episode Num: 60 Episode T: 23 Reward: 2.768
Total T: 1270 Episode Num: 61 Episode T: 15 Reward: 0.500
Total T: 1282 Episode Num: 62 Episode T: 12 Reward: -3.499
Total T: 1296 Episode Num: 63 Episode T: 14 Reward: 1.419
Total T: 1338 Episode Num: 64 Episode T: 42 Reward: 12.557
Total T: 1352 Episode Num: 65 Episode T: 14 Reward: 0.311
Total T: 1364 Episode Num: 66 Episode T: 12 Reward: 0.139
Total T: 1391 Episode Num: 67 Episode T: 27 Reward: 9.127
Total T: 1425 Episode Num: 68 Episode T: 34 Reward: 11.860
Total T: 1449 Episode Num: 69 Episode T: 24 Reward: 2.836
Total T: 1462 Episode Num: 70 Episode T: 13 Reward: -1.052
Total T: 1480 Episode Num: 71 Episode T: 18 Reward: -1.876
Total T: 1495 Episode Num: 72 Episode T: 15 Reward: 1.801
Total T: 1506 Episode Num: 73 Episode T: 11 Reward: -2.968
Total T: 1524 Episode Num: 74 Episode T: 18 Reward: -2.612
Total T: 1534 Episode Num: 75 Episode T: 10 Reward: -0.639
Total T: 1553 Episode Num: 76 Episode T: 19 Reward: 6.131
Total T: 1565 Episode Num: 77 Episode T: 12 Reward: -0.485
Total T: 1599 Episode Num: 78 Episode T: 34 Reward: 4.775
Total T: 1621 Episode Num: 79 Episode T: 22 Reward: 7.125
Total T: 1648 Episode Num: 80 Episode T: 27 Reward: 2.796
Total T: 1666 Episode Num: 81 Episode T: 18 Reward: 1.518
Total T: 1682 Episode Num: 82 Episode T: 16 Reward: 4.372
Total T: 1699 Episode Num: 83 Episode T: 17 Reward: -9.761
Total T: 1716 Episode Num: 84 Episode T: 17 Reward: 0.657
Total T: 1738 Episode Num: 85 Episode T: 22 Reward: 4.284
Total T: 1749 Episode Num: 86 Episode T: 11 Reward: -1.176
Total T: 1759 Episode Num: 87 Episode T: 10 Reward: -1.685
Total T: 1800 Episode Num: 88 Episode T: 41 Reward: 12.680
Total T: 1822 Episode Num: 89 Episode T: 22 Reward: -2.315
Total T: 1833 Episode Num: 90 Episode T: 11 Reward: -0.115
Total T: 1845 Episode Num: 91 Episode T: 12 Reward: 1.322
Total T: 1861 Episode Num: 92 Episode T: 16 Reward: -0.517
Total T: 1876 Episode Num: 93 Episode T: 15 Reward: 5.349
Total T: 1921 Episode Num: 94 Episode T: 45 Reward: 2.002
Total T: 1931 Episode Num: 95 Episode T: 10 Reward: -0.354
Total T: 1956 Episode Num: 96 Episode T: 25 Reward: -1.711
Total T: 1990 Episode Num: 97 Episode T: 34 Reward: 4.296
Total T: 2005 Episode Num: 98 Episode T: 15 Reward: -3.302
Total T: 2014 Episode Num: 99 Episode T: 9 Reward: -1.454
Total T: 2044 Episode Num: 100 Episode T: 30 Reward: 5.685
Total T: 2065 Episode Num: 101 Episode T: 21 Reward: 8.140
Total T: 2081 Episode Num: 102 Episode T: 16 Reward: -1.093
Total T: 2105 Episode Num: 103 Episode T: 24 Reward: 2.775
Total T: 2117 Episode Num: 104 Episode T: 12 Reward: -1.161
Total T: 2141 Episode Num: 105 Episode T: 24 Reward: 1.245
Total T: 2160 Episode Num: 106 Episode T: 19 Reward: 4.155
Total T: 2196 Episode Num: 107 Episode T: 36 Reward: 16.561
Total T: 2212 Episode Num: 108 Episode T: 16 Reward: 2.587
Total T: 2236 Episode Num: 109 Episode T: 24 Reward: 5.061
Total T: 2274 Episode Num: 110 Episode T: 38 Reward: 4.314
Total T: 2292 Episode Num: 111 Episode T: 18 Reward: 5.741
Total T: 2307 Episode Num: 112 Episode T: 15 Reward: -2.955
Total T: 2318 Episode Num: 113 Episode T: 11 Reward: -0.887
Total T: 2341 Episode Num: 114 Episode T: 23 Reward: -0.058
Total T: 2356 Episode Num: 115 Episode T: 15 Reward: -1.831
Total T: 2391 Episode Num: 116 Episode T: 35 Reward: 9.014
Total T: 2410 Episode Num: 117 Episode T: 19 Reward: 3.871
Total T: 2454 Episode Num: 118 Episode T: 44 Reward: 17.052
Total T: 2492 Episode Num: 119 Episode T: 38 Reward: 29.320
Total T: 2518 Episode Num: 120 Episode T: 26 Reward: -1.639
Total T: 2536 Episode Num: 121 Episode T: 18 Reward: 2.407
Total T: 2563 Episode Num: 122 Episode T: 27 Reward: -0.790
Total T: 2591 Episode Num: 123 Episode T: 28 Reward: 2.166
Total T: 2609 Episode Num: 124 Episode T: 18 Reward: 6.758
Total T: 2623 Episode Num: 125 Episode T: 14 Reward: 1.756
Total T: 2656 Episode Num: 126 Episode T: 33 Reward: -7.494
Total T: 2669 Episode Num: 127 Episode T: 13 Reward: -6.386
Total T: 2687 Episode Num: 128 Episode T: 18 Reward: 2.471
Total T: 2719 Episode Num: 129 Episode T: 32 Reward: 11.318
Total T: 2741 Episode Num: 130 Episode T: 22 Reward: -2.067
Total T: 2762 Episode Num: 131 Episode T: 21 Reward: 1.496
Total T: 2788 Episode Num: 132 Episode T: 26 Reward: 5.770
Total T: 2805 Episode Num: 133 Episode T: 17 Reward: -3.217
Total T: 2821 Episode Num: 134 Episode T: 16 Reward: -0.145
Total T: 2838 Episode Num: 135 Episode T: 17 Reward: -2.679
Total T: 2856 Episode Num: 136 Episode T: 18 Reward: 5.983
Total T: 2878 Episode Num: 137 Episode T: 22 Reward: 0.119
Total T: 2894 Episode Num: 138 Episode T: 16 Reward: 1.413
Total T: 2908 Episode Num: 139 Episode T: 14 Reward: 0.036
Total T: 2926 Episode Num: 140 Episode T: 18 Reward: -2.734
Total T: 2948 Episode Num: 141 Episode T: 22 Reward: 3.457
Total T: 2969 Episode Num: 142 Episode T: 21 Reward: -11.623
Total T: 2985 Episode Num: 143 Episode T: 16 Reward: 4.048
Total T: 2998 Episode Num: 144 Episode T: 13 Reward: -2.415
Total T: 3021 Episode Num: 145 Episode T: 23 Reward: -1.995
Total T: 3035 Episode Num: 146 Episode T: 14 Reward: 3.548
Total T: 3052 Episode Num: 147 Episode T: 17 Reward: 2.749
Total T: 3066 Episode Num: 148 Episode T: 14 Reward: 0.100
Total T: 3105 Episode Num: 149 Episode T: 39 Reward: 9.236
Total T: 3125 Episode Num: 150 Episode T: 20 Reward: 0.766
Total T: 3149 Episode Num: 151 Episode T: 24 Reward: -4.624
Total T: 3162 Episode Num: 152 Episode T: 13 Reward: 0.065
Total T: 3203 Episode Num: 153 Episode T: 41 Reward: 16.958
Total T: 3237 Episode Num: 154 Episode T: 34 Reward: 3.078
Total T: 3263 Episode Num: 155 Episode T: 26 Reward: 0.859
Total T: 3281 Episode Num: 156 Episode T: 18 Reward: -6.656
Total T: 3338 Episode Num: 157 Episode T: 57 Reward: 14.730
Total T: 3358 Episode Num: 158 Episode T: 20 Reward: 0.564
Total T: 3371 Episode Num: 159 Episode T: 13 Reward: -0.356
Total T: 3381 Episode Num: 160 Episode T: 10 Reward: -0.472
Total T: 3391 Episode Num: 161 Episode T: 10 Reward: 0.620
Total T: 3408 Episode Num: 162 Episode T: 17 Reward: 3.002
Total T: 3424 Episode Num: 163 Episode T: 16 Reward: 1.580
Total T: 3453 Episode Num: 164 Episode T: 29 Reward: 11.091
Total T: 3478 Episode Num: 165 Episode T: 25 Reward: -7.147
Total T: 3496 Episode Num: 166 Episode T: 18 Reward: -9.988
Total T: 3527 Episode Num: 167 Episode T: 31 Reward: 14.514
Total T: 3540 Episode Num: 168 Episode T: 13 Reward: 0.193
Total T: 3568 Episode Num: 169 Episode T: 28 Reward: 15.377
Total T: 3583 Episode Num: 170 Episode T: 15 Reward: 1.605
Total T: 3603 Episode Num: 171 Episode T: 20 Reward: 3.445
Total T: 3620 Episode Num: 172 Episode T: 17 Reward: -4.449
Total T: 3673 Episode Num: 173 Episode T: 53 Reward: 9.561
Total T: 3688 Episode Num: 174 Episode T: 15 Reward: -2.647
Total T: 3724 Episode Num: 175 Episode T: 36 Reward: 9.040
Total T: 3736 Episode Num: 176 Episode T: 12 Reward: 1.354
Total T: 3754 Episode Num: 177 Episode T: 18 Reward: -1.129
Total T: 3775 Episode Num: 178 Episode T: 21 Reward: -4.403
Total T: 3789 Episode Num: 179 Episode T: 14 Reward: 0.237
Total T: 3804 Episode Num: 180 Episode T: 15 Reward: 1.495
Total T: 3825 Episode Num: 181 Episode T: 21 Reward: 1.600
Total T: 3852 Episode Num: 182 Episode T: 27 Reward: 4.787
Total T: 3878 Episode Num: 183 Episode T: 26 Reward: -2.222
Total T: 3899 Episode Num: 184 Episode T: 21 Reward: 2.147
Total T: 3913 Episode Num: 185 Episode T: 14 Reward: -0.717
Total T: 3931 Episode Num: 186 Episode T: 18 Reward: -0.758
Total T: 3948 Episode Num: 187 Episode T: 17 Reward: 2.664
Total T: 3961 Episode Num: 188 Episode T: 13 Reward: 0.527
Total T: 3989 Episode Num: 189 Episode T: 28 Reward: 5.707
Total T: 4007 Episode Num: 190 Episode T: 18 Reward: 6.734
Total T: 4028 Episode Num: 191 Episode T: 21 Reward: 2.002
Total T: 4041 Episode Num: 192 Episode T: 13 Reward: -2.815
Total T: 4056 Episode Num: 193 Episode T: 15 Reward: -4.432
Total T: 4076 Episode Num: 194 Episode T: 20 Reward: -3.914
Total T: 4088 Episode Num: 195 Episode T: 12 Reward: -0.071
Total T: 4116 Episode Num: 196 Episode T: 28 Reward: 1.014
Total T: 4131 Episode Num: 197 Episode T: 15 Reward: -4.096
Total T: 4146 Episode Num: 198 Episode T: 15 Reward: 4.225
Total T: 4172 Episode Num: 199 Episode T: 26 Reward: 2.491
Total T: 4195 Episode Num: 200 Episode T: 23 Reward: 0.031
Total T: 4223 Episode Num: 201 Episode T: 28 Reward: 2.194
Total T: 4247 Episode Num: 202 Episode T: 24 Reward: -1.707
Total T: 4278 Episode Num: 203 Episode T: 31 Reward: 7.125
Total T: 4296 Episode Num: 204 Episode T: 18 Reward: -0.387
Total T: 4313 Episode Num: 205 Episode T: 17 Reward: 0.587
Total T: 4337 Episode Num: 206 Episode T: 24 Reward: -0.046
Total T: 4358 Episode Num: 207 Episode T: 21 Reward: -11.045
Total T: 4373 Episode Num: 208 Episode T: 15 Reward: 1.398
Total T: 4387 Episode Num: 209 Episode T: 14 Reward: 5.186
Total T: 4402 Episode Num: 210 Episode T: 15 Reward: 0.411
Total T: 4425 Episode Num: 211 Episode T: 23 Reward: 0.103
Total T: 4434 Episode Num: 212 Episode T: 9 Reward: -1.935
Total T: 4452 Episode Num: 213 Episode T: 18 Reward: -6.141
Total T: 4488 Episode Num: 214 Episode T: 36 Reward: 7.283
Total T: 4511 Episode Num: 215 Episode T: 23 Reward: 7.631
Total T: 4532 Episode Num: 216 Episode T: 21 Reward: 5.477
Total T: 4546 Episode Num: 217 Episode T: 14 Reward: 3.534
Total T: 4566 Episode Num: 218 Episode T: 20 Reward: -2.945
Total T: 4579 Episode Num: 219 Episode T: 13 Reward: 0.504
Total T: 4597 Episode Num: 220 Episode T: 18 Reward: 2.415
Total T: 4614 Episode Num: 221 Episode T: 17 Reward: -0.190
Total T: 4653 Episode Num: 222 Episode T: 39 Reward: 10.217
Total T: 4680 Episode Num: 223 Episode T: 27 Reward: 4.535
Total T: 4703 Episode Num: 224 Episode T: 23 Reward: 4.209
Total T: 4724 Episode Num: 225 Episode T: 21 Reward: -1.275
Total T: 4749 Episode Num: 226 Episode T: 25 Reward: -2.452
Total T: 4785 Episode Num: 227 Episode T: 36 Reward: 9.648
Total T: 4798 Episode Num: 228 Episode T: 13 Reward: -3.039
Total T: 4819 Episode Num: 229 Episode T: 21 Reward: -4.518
Total T: 4843 Episode Num: 230 Episode T: 24 Reward: -3.006
Total T: 4854 Episode Num: 231 Episode T: 11 Reward: -4.667
Total T: 4874 Episode Num: 232 Episode T: 20 Reward: -1.863
Total T: 4888 Episode Num: 233 Episode T: 14 Reward: 0.500
Total T: 4919 Episode Num: 234 Episode T: 31 Reward: 2.506
Total T: 4955 Episode Num: 235 Episode T: 36 Reward: -4.594
Total T: 4972 Episode Num: 236 Episode T: 17 Reward: 3.806
Total T: 4989 Episode Num: 237 Episode T: 17 Reward: 0.631
---------------------------------------
Evaluation over 10 episodes: 11.108
---------------------------------------
Total T: 5009 Episode Num: 238 Episode T: 20 Reward: 7.278
Total T: 5060 Episode Num: 239 Episode T: 51 Reward: 38.332
Total T: 5079 Episode Num: 240 Episode T: 19 Reward: 4.733
Total T: 5093 Episode Num: 241 Episode T: 14 Reward: -3.008
Total T: 5108 Episode Num: 242 Episode T: 15 Reward: 1.629
Total T: 5129 Episode Num: 243 Episode T: 21 Reward: -4.611
Total T: 5139 Episode Num: 244 Episode T: 10 Reward: 0.865
Total T: 5152 Episode Num: 245 Episode T: 13 Reward: -1.746
Total T: 5163 Episode Num: 246 Episode T: 11 Reward: -2.723
Total T: 5178 Episode Num: 247 Episode T: 15 Reward: -1.396
Total T: 5199 Episode Num: 248 Episode T: 21 Reward: 5.913
Total T: 5215 Episode Num: 249 Episode T: 16 Reward: -3.766
Total T: 5261 Episode Num: 250 Episode T: 46 Reward: 10.084
Total T: 5271 Episode Num: 251 Episode T: 10 Reward: -1.589
Total T: 5283 Episode Num: 252 Episode T: 12 Reward: 1.262
Total T: 5317 Episode Num: 253 Episode T: 34 Reward: 4.738
Total T: 5332 Episode Num: 254 Episode T: 15 Reward: 2.170
Total T: 5364 Episode Num: 255 Episode T: 32 Reward: 6.879
Total T: 5382 Episode Num: 256 Episode T: 18 Reward: 4.909
Total T: 5393 Episode Num: 257 Episode T: 11 Reward: -3.383
Total T: 5408 Episode Num: 258 Episode T: 15 Reward: 3.030
Total T: 5429 Episode Num: 259 Episode T: 21 Reward: 2.548
Total T: 5442 Episode Num: 260 Episode T: 13 Reward: -2.173
Total T: 5457 Episode Num: 261 Episode T: 15 Reward: 0.586
Total T: 5465 Episode Num: 262 Episode T: 8 Reward: -1.657
Total T: 5483 Episode Num: 263 Episode T: 18 Reward: -4.250
Total T: 5494 Episode Num: 264 Episode T: 11 Reward: 0.765
Total T: 5520 Episode Num: 265 Episode T: 26 Reward: 1.368
Total T: 5544 Episode Num: 266 Episode T: 24 Reward: 6.086
Total T: 5557 Episode Num: 267 Episode T: 13 Reward: 2.415
Total T: 5572 Episode Num: 268 Episode T: 15 Reward: 4.421
Total T: 5587 Episode Num: 269 Episode T: 15 Reward: -1.542
Total T: 5601 Episode Num: 270 Episode T: 14 Reward: 2.595
Total T: 5621 Episode Num: 271 Episode T: 20 Reward: -0.146
Total T: 5635 Episode Num: 272 Episode T: 14 Reward: -5.698
Total T: 5647 Episode Num: 273 Episode T: 12 Reward: -0.426
Total T: 5667 Episode Num: 274 Episode T: 20 Reward: -1.188
Total T: 5694 Episode Num: 275 Episode T: 27 Reward: -6.901
Total T: 5719 Episode Num: 276 Episode T: 25 Reward: 8.346
Total T: 5728 Episode Num: 277 Episode T: 9 Reward: -1.849
Total T: 5753 Episode Num: 278 Episode T: 25 Reward: -2.651
Total T: 5775 Episode Num: 279 Episode T: 22 Reward: 5.790
Total T: 5783 Episode Num: 280 Episode T: 8 Reward: -4.889
Total T: 5810 Episode Num: 281 Episode T: 27 Reward: -1.439
Total T: 5821 Episode Num: 282 Episode T: 11 Reward: -1.107
Total T: 5844 Episode Num: 283 Episode T: 23 Reward: 9.707
Total T: 5864 Episode Num: 284 Episode T: 20 Reward: -0.515
Total T: 5883 Episode Num: 285 Episode T: 19 Reward: -2.412
Total T: 5901 Episode Num: 286 Episode T: 18 Reward: -2.312
Total T: 5916 Episode Num: 287 Episode T: 15 Reward: -4.280
Total T: 5930 Episode Num: 288 Episode T: 14 Reward: -0.427
Total T: 5944 Episode Num: 289 Episode T: 14 Reward: 0.994
Total T: 5957 Episode Num: 290 Episode T: 13 Reward: -2.453
Total T: 5975 Episode Num: 291 Episode T: 18 Reward: -4.185
Total T: 5998 Episode Num: 292 Episode T: 23 Reward: 7.259
Total T: 6014 Episode Num: 293 Episode T: 16 Reward: 1.914
Total T: 6026 Episode Num: 294 Episode T: 12 Reward: 2.524
Total T: 6048 Episode Num: 295 Episode T: 22 Reward: -0.901
Total T: 6075 Episode Num: 296 Episode T: 27 Reward: -0.863
Total T: 6094 Episode Num: 297 Episode T: 19 Reward: -6.016
Total T: 6117 Episode Num: 298 Episode T: 23 Reward: -7.563
Total T: 6147 Episode Num: 299 Episode T: 30 Reward: 8.830
Total T: 6169 Episode Num: 300 Episode T: 22 Reward: -1.437
Total T: 6210 Episode Num: 301 Episode T: 41 Reward: 17.382
Total T: 6221 Episode Num: 302 Episode T: 11 Reward: -1.200
Total T: 6235 Episode Num: 303 Episode T: 14 Reward: 2.198
Total T: 6252 Episode Num: 304 Episode T: 17 Reward: -6.434
Total T: 6268 Episode Num: 305 Episode T: 16 Reward: 5.259
Total T: 6297 Episode Num: 306 Episode T: 29 Reward: 3.543
Total T: 6318 Episode Num: 307 Episode T: 21 Reward: 5.750
Total T: 6334 Episode Num: 308 Episode T: 16 Reward: -1.420
Total T: 6361 Episode Num: 309 Episode T: 27 Reward: -4.480
Total T: 6372 Episode Num: 310 Episode T: 11 Reward: 0.338
Total T: 6393 Episode Num: 311 Episode T: 21 Reward: 3.144
Total T: 6420 Episode Num: 312 Episode T: 27 Reward: 7.010
Total T: 6473 Episode Num: 313 Episode T: 53 Reward: 14.845
Total T: 6484 Episode Num: 314 Episode T: 11 Reward: 1.638
Total T: 6507 Episode Num: 315 Episode T: 23 Reward: 1.892
Total T: 6524 Episode Num: 316 Episode T: 17 Reward: -6.226
Total T: 6560 Episode Num: 317 Episode T: 36 Reward: 5.302
Total T: 6579 Episode Num: 318 Episode T: 19 Reward: -6.311
Total T: 6600 Episode Num: 319 Episode T: 21 Reward: 7.514
Total T: 6620 Episode Num: 320 Episode T: 20 Reward: -2.211
Total T: 6638 Episode Num: 321 Episode T: 18 Reward: 3.007
Total T: 6658 Episode Num: 322 Episode T: 20 Reward: -2.397
Total T: 6677 Episode Num: 323 Episode T: 19 Reward: -1.404
Total T: 6703 Episode Num: 324 Episode T: 26 Reward: 1.043
Total T: 6721 Episode Num: 325 Episode T: 18 Reward: -0.171
Total T: 6746 Episode Num: 326 Episode T: 25 Reward: 1.291
Total T: 6769 Episode Num: 327 Episode T: 23 Reward: 1.446
Total T: 6800 Episode Num: 328 Episode T: 31 Reward: 4.757
Total T: 6812 Episode Num: 329 Episode T: 12 Reward: 0.587
Total T: 6835 Episode Num: 330 Episode T: 23 Reward: 4.323
Total T: 6860 Episode Num: 331 Episode T: 25 Reward: 0.282
Total T: 6876 Episode Num: 332 Episode T: 16 Reward: 4.869
Total T: 6890 Episode Num: 333 Episode T: 14 Reward: 3.493
Total T: 6914 Episode Num: 334 Episode T: 24 Reward: 4.368
Total T: 6924 Episode Num: 335 Episode T: 10 Reward: -0.758
Total T: 6938 Episode Num: 336 Episode T: 14 Reward: 2.971
Total T: 6962 Episode Num: 337 Episode T: 24 Reward: 6.994
Total T: 6989 Episode Num: 338 Episode T: 27 Reward: 3.704
Total T: 7024 Episode Num: 339 Episode T: 35 Reward: 12.587
Total T: 7049 Episode Num: 340 Episode T: 25 Reward: -1.204
Total T: 7070 Episode Num: 341 Episode T: 21 Reward: -0.426
Total T: 7092 Episode Num: 342 Episode T: 22 Reward: -0.212
Total T: 7108 Episode Num: 343 Episode T: 16 Reward: 4.361
Total T: 7127 Episode Num: 344 Episode T: 19 Reward: 6.584
Total T: 7162 Episode Num: 345 Episode T: 35 Reward: 1.751
Total T: 7181 Episode Num: 346 Episode T: 19 Reward: 3.468
Total T: 7197 Episode Num: 347 Episode T: 16 Reward: -2.351
Total T: 7218 Episode Num: 348 Episode T: 21 Reward: -5.697
Total T: 7235 Episode Num: 349 Episode T: 17 Reward: -2.085
Total T: 7255 Episode Num: 350 Episode T: 20 Reward: -3.531
Total T: 7269 Episode Num: 351 Episode T: 14 Reward: 3.114
Total T: 7306 Episode Num: 352 Episode T: 37 Reward: 5.040
Total T: 7330 Episode Num: 353 Episode T: 24 Reward: -6.083
Total T: 7352 Episode Num: 354 Episode T: 22 Reward: 12.719
Total T: 7369 Episode Num: 355 Episode T: 17 Reward: 0.846
Total T: 7386 Episode Num: 356 Episode T: 17 Reward: -2.112
Total T: 7415 Episode Num: 357 Episode T: 29 Reward: 12.476
Total T: 7426 Episode Num: 358 Episode T: 11 Reward: -0.139
Total T: 7438 Episode Num: 359 Episode T: 12 Reward: 0.367
Total T: 7453 Episode Num: 360 Episode T: 15 Reward: -0.054
Total T: 7465 Episode Num: 361 Episode T: 12 Reward: -0.315
Total T: 7490 Episode Num: 362 Episode T: 25 Reward: 4.798
Total T: 7510 Episode Num: 363 Episode T: 20 Reward: 1.061
Total T: 7524 Episode Num: 364 Episode T: 14 Reward: 5.279
Total T: 7553 Episode Num: 365 Episode T: 29 Reward: 6.442
Total T: 7600 Episode Num: 366 Episode T: 47 Reward: 23.333
Total T: 7636 Episode Num: 367 Episode T: 36 Reward: 15.155
Total T: 7662 Episode Num: 368 Episode T: 26 Reward: 5.656
Total T: 7680 Episode Num: 369 Episode T: 18 Reward: -0.170
Total T: 7697 Episode Num: 370 Episode T: 17 Reward: 3.934
Total T: 7735 Episode Num: 371 Episode T: 38 Reward: 15.013
Total T: 7754 Episode Num: 372 Episode T: 19 Reward: 9.443
Total T: 7771 Episode Num: 373 Episode T: 17 Reward: 3.715
Total T: 7788 Episode Num: 374 Episode T: 17 Reward: -6.659
Total T: 7819 Episode Num: 375 Episode T: 31 Reward: -2.131
Total T: 7840 Episode Num: 376 Episode T: 21 Reward: 0.996
Total T: 7858 Episode Num: 377 Episode T: 18 Reward: -4.215
Total T: 7888 Episode Num: 378 Episode T: 30 Reward: 2.940
Total T: 7907 Episode Num: 379 Episode T: 19 Reward: 4.049
Total T: 7932 Episode Num: 380 Episode T: 25 Reward: 7.010
Total T: 7944 Episode Num: 381 Episode T: 12 Reward: -2.119
Total T: 7966 Episode Num: 382 Episode T: 22 Reward: 1.619
Total T: 7986 Episode Num: 383 Episode T: 20 Reward: -3.039
Total T: 8011 Episode Num: 384 Episode T: 25 Reward: -5.042
Total T: 8023 Episode Num: 385 Episode T: 12 Reward: -1.815
Total T: 8062 Episode Num: 386 Episode T: 39 Reward: -3.846
Total T: 8085 Episode Num: 387 Episode T: 23 Reward: 6.226
Total T: 8095 Episode Num: 388 Episode T: 10 Reward: -3.166
Total T: 8111 Episode Num: 389 Episode T: 16 Reward: 3.536
Total T: 8130 Episode Num: 390 Episode T: 19 Reward: -2.321
Total T: 8155 Episode Num: 391 Episode T: 25 Reward: -2.801
Total T: 8175 Episode Num: 392 Episode T: 20 Reward: 2.627
Total T: 8192 Episode Num: 393 Episode T: 17 Reward: 4.658
Total T: 8208 Episode Num: 394 Episode T: 16 Reward: 4.573
Total T: 8216 Episode Num: 395 Episode T: 8 Reward: -4.212
Total T: 8245 Episode Num: 396 Episode T: 29 Reward: 2.817
Total T: 8259 Episode Num: 397 Episode T: 14 Reward: 1.213
Total T: 8289 Episode Num: 398 Episode T: 30 Reward: -1.922
Total T: 8310 Episode Num: 399 Episode T: 21 Reward: 0.862
Total T: 8327 Episode Num: 400 Episode T: 17 Reward: -4.088
Total T: 8349 Episode Num: 401 Episode T: 22 Reward: 2.227
Total T: 8369 Episode Num: 402 Episode T: 20 Reward: 0.106
Total T: 8397 Episode Num: 403 Episode T: 28 Reward: 0.151
Total T: 8415 Episode Num: 404 Episode T: 18 Reward: 0.566
Total T: 8428 Episode Num: 405 Episode T: 13 Reward: -0.255
Total T: 8455 Episode Num: 406 Episode T: 27 Reward: 3.955
Total T: 8473 Episode Num: 407 Episode T: 18 Reward: -2.501
Total T: 8508 Episode Num: 408 Episode T: 35 Reward: 10.366
Total T: 8552 Episode Num: 409 Episode T: 44 Reward: 3.410
Total T: 8573 Episode Num: 410 Episode T: 21 Reward: 5.989
Total T: 8589 Episode Num: 411 Episode T: 16 Reward: 2.882
Total T: 8641 Episode Num: 412 Episode T: 52 Reward: 24.880
Total T: 8663 Episode Num: 413 Episode T: 22 Reward: 3.049
Total T: 8674 Episode Num: 414 Episode T: 11 Reward: -0.784
Total T: 8688 Episode Num: 415 Episode T: 14 Reward: -0.736
Total T: 8715 Episode Num: 416 Episode T: 27 Reward: 2.479
Total T: 8738 Episode Num: 417 Episode T: 23 Reward: -7.093
Total T: 8757 Episode Num: 418 Episode T: 19 Reward: -3.905
Total T: 8767 Episode Num: 419 Episode T: 10 Reward: -0.922
Total T: 8787 Episode Num: 420 Episode T: 20 Reward: 5.931
Total T: 8807 Episode Num: 421 Episode T: 20 Reward: 8.050
Total T: 8835 Episode Num: 422 Episode T: 28 Reward: 11.849
Total T: 8855 Episode Num: 423 Episode T: 20 Reward: 1.969
Total T: 8868 Episode Num: 424 Episode T: 13 Reward: -1.355
Total T: 8882 Episode Num: 425 Episode T: 14 Reward: 1.525
Total T: 8898 Episode Num: 426 Episode T: 16 Reward: 1.753
Total T: 8918 Episode Num: 427 Episode T: 20 Reward: 4.953
Total T: 8944 Episode Num: 428 Episode T: 26 Reward: 10.643
Total T: 8957 Episode Num: 429 Episode T: 13 Reward: 2.516
Total T: 8975 Episode Num: 430 Episode T: 18 Reward: 2.960
Total T: 8989 Episode Num: 431 Episode T: 14 Reward: 0.252
Total T: 9002 Episode Num: 432 Episode T: 13 Reward: -0.023
Total T: 9013 Episode Num: 433 Episode T: 11 Reward: 1.613
Total T: 9030 Episode Num: 434 Episode T: 17 Reward: 3.805
Total T: 9053 Episode Num: 435 Episode T: 23 Reward: 7.615
Total T: 9066 Episode Num: 436 Episode T: 13 Reward: -0.100
Total T: 9085 Episode Num: 437 Episode T: 19 Reward: 7.473
Total T: 9103 Episode Num: 438 Episode T: 18 Reward: 0.652
Total T: 9120 Episode Num: 439 Episode T: 17 Reward: -0.136
Total T: 9153 Episode Num: 440 Episode T: 33 Reward: 16.314
Total T: 9169 Episode Num: 441 Episode T: 16 Reward: 2.039
Total T: 9192 Episode Num: 442 Episode T: 23 Reward: 4.864
Total T: 9228 Episode Num: 443 Episode T: 36 Reward: 12.020
Total T: 9254 Episode Num: 444 Episode T: 26 Reward: -6.662
Total T: 9274 Episode Num: 445 Episode T: 20 Reward: -3.457
Total T: 9294 Episode Num: 446 Episode T: 20 Reward: -6.133
Total T: 9305 Episode Num: 447 Episode T: 11 Reward: 1.876
Total T: 9328 Episode Num: 448 Episode T: 23 Reward: 3.937
Total T: 9351 Episode Num: 449 Episode T: 23 Reward: 8.709
Total T: 9369 Episode Num: 450 Episode T: 18 Reward: 0.075
Total T: 9387 Episode Num: 451 Episode T: 18 Reward: -3.050
Total T: 9403 Episode Num: 452 Episode T: 16 Reward: -1.560
Total T: 9415 Episode Num: 453 Episode T: 12 Reward: 0.719
Total T: 9429 Episode Num: 454 Episode T: 14 Reward: -3.372
Total T: 9444 Episode Num: 455 Episode T: 15 Reward: -1.921
Total T: 9464 Episode Num: 456 Episode T: 20 Reward: -4.222
Total T: 9473 Episode Num: 457 Episode T: 9 Reward: -2.467
Total T: 9502 Episode Num: 458 Episode T: 29 Reward: 8.563
Total T: 9527 Episode Num: 459 Episode T: 25 Reward: -5.788
Total T: 9550 Episode Num: 460 Episode T: 23 Reward: 13.049
Total T: 9567 Episode Num: 461 Episode T: 17 Reward: -0.014
Total T: 9600 Episode Num: 462 Episode T: 33 Reward: -0.554
Total T: 9615 Episode Num: 463 Episode T: 15 Reward: 0.668
Total T: 9637 Episode Num: 464 Episode T: 22 Reward: 1.067
Total T: 9659 Episode Num: 465 Episode T: 22 Reward: 7.396
Total T: 9694 Episode Num: 466 Episode T: 35 Reward: 9.051
Total T: 9706 Episode Num: 467 Episode T: 12 Reward: 0.950
Total T: 9722 Episode Num: 468 Episode T: 16 Reward: -4.313
Total T: 9739 Episode Num: 469 Episode T: 17 Reward: -4.430
Total T: 9748 Episode Num: 470 Episode T: 9 Reward: -2.532
Total T: 9780 Episode Num: 471 Episode T: 32 Reward: 9.679
Total T: 9798 Episode Num: 472 Episode T: 18 Reward: 7.691
Total T: 9817 Episode Num: 473 Episode T: 19 Reward: 3.266
Total T: 9848 Episode Num: 474 Episode T: 31 Reward: 6.168
Total T: 9862 Episode Num: 475 Episode T: 14 Reward: 5.448
Total T: 9872 Episode Num: 476 Episode T: 10 Reward: -0.617
Total T: 9884 Episode Num: 477 Episode T: 12 Reward: 1.506
Total T: 9901 Episode Num: 478 Episode T: 17 Reward: 0.411
Total T: 9921 Episode Num: 479 Episode T: 20 Reward: 8.735
Total T: 9938 Episode Num: 480 Episode T: 17 Reward: 6.473
Total T: 9955 Episode Num: 481 Episode T: 17 Reward: -0.986
Total T: 9985 Episode Num: 482 Episode T: 30 Reward: 2.496
---------------------------------------
Evaluation over 10 episodes: 11.309
---------------------------------------
Total T: 10003 Episode Num: 483 Episode T: 18 Reward: 2.644
Total T: 10020 Episode Num: 484 Episode T: 17 Reward: 3.667
Total T: 10054 Episode Num: 485 Episode T: 34 Reward: -3.574
Total T: 10079 Episode Num: 486 Episode T: 25 Reward: -5.654
Total T: 10101 Episode Num: 487 Episode T: 22 Reward: -1.585
Total T: 10125 Episode Num: 488 Episode T: 24 Reward: 14.567
Total T: 10142 Episode Num: 489 Episode T: 17 Reward: 5.678
Total T: 10158 Episode Num: 490 Episode T: 16 Reward: 0.711
Total T: 10187 Episode Num: 491 Episode T: 29 Reward: -0.690
Total T: 10198 Episode Num: 492 Episode T: 11 Reward: -6.104
Total T: 10216 Episode Num: 493 Episode T: 18 Reward: 3.895
Total T: 10229 Episode Num: 494 Episode T: 13 Reward: 1.725
Total T: 10251 Episode Num: 495 Episode T: 22 Reward: 3.616
Total T: 10275 Episode Num: 496 Episode T: 24 Reward: 9.687
Total T: 10288 Episode Num: 497 Episode T: 13 Reward: -3.325
Total T: 10307 Episode Num: 498 Episode T: 19 Reward: 3.227
Total T: 10316 Episode Num: 499 Episode T: 9 Reward: -1.343
Total T: 10336 Episode Num: 500 Episode T: 20 Reward: 7.896
Total T: 10345 Episode Num: 501 Episode T: 9 Reward: -1.516
Total T: 10371 Episode Num: 502 Episode T: 26 Reward: 14.981
Total T: 10384 Episode Num: 503 Episode T: 13 Reward: -1.134
Total T: 10403 Episode Num: 504 Episode T: 19 Reward: -1.685
Total T: 10415 Episode Num: 505 Episode T: 12 Reward: 1.168
Total T: 10435 Episode Num: 506 Episode T: 20 Reward: -7.584
Total T: 10457 Episode Num: 507 Episode T: 22 Reward: -3.008
Total T: 10476 Episode Num: 508 Episode T: 19 Reward: -5.484
Total T: 10489 Episode Num: 509 Episode T: 13 Reward: -5.549
Total T: 10511 Episode Num: 510 Episode T: 22 Reward: 4.722
Total T: 10529 Episode Num: 511 Episode T: 18 Reward: 4.118
Total T: 10539 Episode Num: 512 Episode T: 10 Reward: -1.979
Total T: 10569 Episode Num: 513 Episode T: 30 Reward: 13.705
Total T: 10591 Episode Num: 514 Episode T: 22 Reward: 2.367
Total T: 10619 Episode Num: 515 Episode T: 28 Reward: 4.232
Total T: 10642 Episode Num: 516 Episode T: 23 Reward: -3.004
Total T: 10674 Episode Num: 517 Episode T: 32 Reward: 8.146
Total T: 10696 Episode Num: 518 Episode T: 22 Reward: 7.942
Total T: 10711 Episode Num: 519 Episode T: 15 Reward: 5.022
Total T: 10729 Episode Num: 520 Episode T: 18 Reward: 1.113
Total T: 10739 Episode Num: 521 Episode T: 10 Reward: -1.987
Total T: 10750 Episode Num: 522 Episode T: 11 Reward: -0.455
Total T: 10772 Episode Num: 523 Episode T: 22 Reward: -2.303
Total T: 10785 Episode Num: 524 Episode T: 13 Reward: -3.914
Total T: 10810 Episode Num: 525 Episode T: 25 Reward: -4.607
Total T: 10830 Episode Num: 526 Episode T: 20 Reward: 9.934
Total T: 10864 Episode Num: 527 Episode T: 34 Reward: 9.555
Total T: 10886 Episode Num: 528 Episode T: 22 Reward: 8.752
Total T: 10899 Episode Num: 529 Episode T: 13 Reward: -5.681
Total T: 10921 Episode Num: 530 Episode T: 22 Reward: -5.201
Total T: 10932 Episode Num: 531 Episode T: 11 Reward: -2.240
Total T: 10945 Episode Num: 532 Episode T: 13 Reward: 3.227
Total T: 10962 Episode Num: 533 Episode T: 17 Reward: 1.230
Total T: 10982 Episode Num: 534 Episode T: 20 Reward: -0.398
Total T: 11009 Episode Num: 535 Episode T: 27 Reward: 14.346
Total T: 11055 Episode Num: 536 Episode T: 46 Reward: 27.794
Total T: 11069 Episode Num: 537 Episode T: 14 Reward: 4.948
Total T: 11084 Episode Num: 538 Episode T: 15 Reward: -3.079
Total T: 11103 Episode Num: 539 Episode T: 19 Reward: 7.088
Total T: 11135 Episode Num: 540 Episode T: 32 Reward: 4.968
Total T: 11158 Episode Num: 541 Episode T: 23 Reward: 15.220
Total T: 11175 Episode Num: 542 Episode T: 17 Reward: 3.048
Total T: 11189 Episode Num: 543 Episode T: 14 Reward: 2.855
Total T: 11207 Episode Num: 544 Episode T: 18 Reward: 9.322
Total T: 11245 Episode Num: 545 Episode T: 38 Reward: 2.664
Total T: 11289 Episode Num: 546 Episode T: 44 Reward: 12.466
Total T: 11309 Episode Num: 547 Episode T: 20 Reward: -5.230
Total T: 11350 Episode Num: 548 Episode T: 41 Reward: 12.330
Total T: 11363 Episode Num: 549 Episode T: 13 Reward: 1.430
Total T: 11384 Episode Num: 550 Episode T: 21 Reward: -4.573
Total T: 11401 Episode Num: 551 Episode T: 17 Reward: 3.229
Total T: 11435 Episode Num: 552 Episode T: 34 Reward: 3.254
Total T: 11452 Episode Num: 553 Episode T: 17 Reward: 0.851
Total T: 11474 Episode Num: 554 Episode T: 22 Reward: 4.193
Total T: 11503 Episode Num: 555 Episode T: 29 Reward: 15.288
Total T: 11514 Episode Num: 556 Episode T: 11 Reward: -2.910
Total T: 11545 Episode Num: 557 Episode T: 31 Reward: 12.616
Total T: 11564 Episode Num: 558 Episode T: 19 Reward: 4.783
Total T: 11588 Episode Num: 559 Episode T: 24 Reward: 6.515
Total T: 11601 Episode Num: 560 Episode T: 13 Reward: -1.375
Total T: 11635 Episode Num: 561 Episode T: 34 Reward: 3.363
Total T: 11658 Episode Num: 562 Episode T: 23 Reward: 11.013
Total T: 11682 Episode Num: 563 Episode T: 24 Reward: -1.240
Total T: 11696 Episode Num: 564 Episode T: 14 Reward: 3.606
Total T: 11733 Episode Num: 565 Episode T: 37 Reward: -1.417
Total T: 11752 Episode Num: 566 Episode T: 19 Reward: 5.349
Total T: 11770 Episode Num: 567 Episode T: 18 Reward: 1.265
Total T: 11790 Episode Num: 568 Episode T: 20 Reward: -2.137
Total T: 11813 Episode Num: 569 Episode T: 23 Reward: -6.854
Total T: 11829 Episode Num: 570 Episode T: 16 Reward: -1.356
Total T: 11846 Episode Num: 571 Episode T: 17 Reward: 0.773
Total T: 11864 Episode Num: 572 Episode T: 18 Reward: 3.161
Total T: 11884 Episode Num: 573 Episode T: 20 Reward: 4.349
Total T: 11912 Episode Num: 574 Episode T: 28 Reward: 4.594
Total T: 11927 Episode Num: 575 Episode T: 15 Reward: -4.079
Total T: 11942 Episode Num: 576 Episode T: 15 Reward: -4.032
Total T: 11959 Episode Num: 577 Episode T: 17 Reward: 3.974
Total T: 11972 Episode Num: 578 Episode T: 13 Reward: 0.404
Total T: 11987 Episode Num: 579 Episode T: 15 Reward: -1.229
Total T: 11998 Episode Num: 580 Episode T: 11 Reward: 1.933
Total T: 12022 Episode Num: 581 Episode T: 24 Reward: -0.109
Total T: 12039 Episode Num: 582 Episode T: 17 Reward: 3.698
Total T: 12060 Episode Num: 583 Episode T: 21 Reward: -2.581
Total T: 12082 Episode Num: 584 Episode T: 22 Reward: -2.900
Total T: 12099 Episode Num: 585 Episode T: 17 Reward: -2.024
Total T: 12127 Episode Num: 586 Episode T: 28 Reward: 5.455
Total T: 12147 Episode Num: 587 Episode T: 20 Reward: -10.397
Total T: 12161 Episode Num: 588 Episode T: 14 Reward: 0.956
Total T: 12180 Episode Num: 589 Episode T: 19 Reward: -10.909
Total T: 12216 Episode Num: 590 Episode T: 36 Reward: 19.805
Total T: 12234 Episode Num: 591 Episode T: 18 Reward: -3.940
Total T: 12250 Episode Num: 592 Episode T: 16 Reward: 2.241
Total T: 12296 Episode Num: 593 Episode T: 46 Reward: 25.961
Total T: 12321 Episode Num: 594 Episode T: 25 Reward: 7.975
Total T: 12337 Episode Num: 595 Episode T: 16 Reward: -5.958
Total T: 12363 Episode Num: 596 Episode T: 26 Reward: -4.057
Total T: 12378 Episode Num: 597 Episode T: 15 Reward: 0.559
Total T: 12396 Episode Num: 598 Episode T: 18 Reward: -2.195
Total T: 12420 Episode Num: 599 Episode T: 24 Reward: 4.278
Total T: 12437 Episode Num: 600 Episode T: 17 Reward: 1.811
Total T: 12475 Episode Num: 601 Episode T: 38 Reward: 11.517
Total T: 12488 Episode Num: 602 Episode T: 13 Reward: 3.565
Total T: 12496 Episode Num: 603 Episode T: 8 Reward: -2.362
Total T: 12509 Episode Num: 604 Episode T: 13 Reward: 1.767
Total T: 12538 Episode Num: 605 Episode T: 29 Reward: -11.255
Total T: 12554 Episode Num: 606 Episode T: 16 Reward: 1.089
Total T: 12578 Episode Num: 607 Episode T: 24 Reward: 4.623
Total T: 12598 Episode Num: 608 Episode T: 20 Reward: 3.857
Total T: 12611 Episode Num: 609 Episode T: 13 Reward: -0.974
Total T: 12637 Episode Num: 610 Episode T: 26 Reward: 0.358
Total T: 12655 Episode Num: 611 Episode T: 18 Reward: -3.102
Total T: 12684 Episode Num: 612 Episode T: 29 Reward: 10.858
Total T: 12707 Episode Num: 613 Episode T: 23 Reward: 13.185
Total T: 12733 Episode Num: 614 Episode T: 26 Reward: 0.508
Total T: 12761 Episode Num: 615 Episode T: 28 Reward: -1.402
Total T: 12791 Episode Num: 616 Episode T: 30 Reward: 5.943
Total T: 12815 Episode Num: 617 Episode T: 24 Reward: 9.168
Total T: 12843 Episode Num: 618 Episode T: 28 Reward: 9.280
Total T: 12852 Episode Num: 619 Episode T: 9 Reward: -4.442
Total T: 12878 Episode Num: 620 Episode T: 26 Reward: 5.505
Total T: 12891 Episode Num: 621 Episode T: 13 Reward: 0.069
Total T: 12904 Episode Num: 622 Episode T: 13 Reward: -1.752
Total T: 12918 Episode Num: 623 Episode T: 14 Reward: -0.284
Total T: 12938 Episode Num: 624 Episode T: 20 Reward: 2.604
Total T: 12953 Episode Num: 625 Episode T: 15 Reward: 0.597
Total T: 12963 Episode Num: 626 Episode T: 10 Reward: -1.227
Total T: 13008 Episode Num: 627 Episode T: 45 Reward: 26.035
Total T: 13036 Episode Num: 628 Episode T: 28 Reward: -0.548
Total T: 13085 Episode Num: 629 Episode T: 49 Reward: 13.959
Total T: 13096 Episode Num: 630 Episode T: 11 Reward: -3.013
Total T: 13117 Episode Num: 631 Episode T: 21 Reward: -0.438
Total T: 13139 Episode Num: 632 Episode T: 22 Reward: 3.797
Total T: 13158 Episode Num: 633 Episode T: 19 Reward: 5.573
Total T: 13172 Episode Num: 634 Episode T: 14 Reward: -2.636
Total T: 13191 Episode Num: 635 Episode T: 19 Reward: -6.865
Total T: 13217 Episode Num: 636 Episode T: 26 Reward: 0.860
Total T: 13234 Episode Num: 637 Episode T: 17 Reward: -1.108
Total T: 13255 Episode Num: 638 Episode T: 21 Reward: 1.504
Total T: 13272 Episode Num: 639 Episode T: 17 Reward: 2.532
Total T: 13311 Episode Num: 640 Episode T: 39 Reward: 7.318
Total T: 13330 Episode Num: 641 Episode T: 19 Reward: -0.244
Total T: 13350 Episode Num: 642 Episode T: 20 Reward: -7.151
Total T: 13384 Episode Num: 643 Episode T: 34 Reward: 8.959
Total T: 13422 Episode Num: 644 Episode T: 38 Reward: 6.551
Total T: 13445 Episode Num: 645 Episode T: 23 Reward: 11.952
Total T: 13456 Episode Num: 646 Episode T: 11 Reward: -0.795
Total T: 13472 Episode Num: 647 Episode T: 16 Reward: 6.440
Total T: 13486 Episode Num: 648 Episode T: 14 Reward: -2.014
Total T: 13517 Episode Num: 649 Episode T: 31 Reward: 0.363
Total T: 13546 Episode Num: 650 Episode T: 29 Reward: 0.819
Total T: 13565 Episode Num: 651 Episode T: 19 Reward: -2.898
Total T: 13584 Episode Num: 652 Episode T: 19 Reward: 2.542
Total T: 13621 Episode Num: 653 Episode T: 37 Reward: 17.376
Total T: 13633 Episode Num: 654 Episode T: 12 Reward: -0.169
Total T: 13643 Episode Num: 655 Episode T: 10 Reward: -0.920
Total T: 13656 Episode Num: 656 Episode T: 13 Reward: -1.136
Total T: 13684 Episode Num: 657 Episode T: 28 Reward: 11.852
Total T: 13699 Episode Num: 658 Episode T: 15 Reward: 1.499
Total T: 13730 Episode Num: 659 Episode T: 31 Reward: 3.424
Total T: 13769 Episode Num: 660 Episode T: 39 Reward: 0.494
Total T: 13800 Episode Num: 661 Episode T: 31 Reward: 0.041
Total T: 13818 Episode Num: 662 Episode T: 18 Reward: 2.148
Total T: 13835 Episode Num: 663 Episode T: 17 Reward: 7.056
Total T: 13846 Episode Num: 664 Episode T: 11 Reward: 1.689
Total T: 13869 Episode Num: 665 Episode T: 23 Reward: -3.409
Total T: 13886 Episode Num: 666 Episode T: 17 Reward: 4.408
Total T: 13903 Episode Num: 667 Episode T: 17 Reward: -2.735
Total T: 13917 Episode Num: 668 Episode T: 14 Reward: -0.068
Total T: 13935 Episode Num: 669 Episode T: 18 Reward: 5.739
Total T: 13951 Episode Num: 670 Episode T: 16 Reward: -1.357
Total T: 13969 Episode Num: 671 Episode T: 18 Reward: 7.534
Total T: 13977 Episode Num: 672 Episode T: 8 Reward: -2.897
Total T: 13993 Episode Num: 673 Episode T: 16 Reward: -3.996
Total T: 14038 Episode Num: 674 Episode T: 45 Reward: 26.214
Total T: 14075 Episode Num: 675 Episode T: 37 Reward: 0.431
Total T: 14091 Episode Num: 676 Episode T: 16 Reward: 3.151
Total T: 14102 Episode Num: 677 Episode T: 11 Reward: -4.685
Total T: 14134 Episode Num: 678 Episode T: 32 Reward: 2.078
Total T: 14174 Episode Num: 679 Episode T: 40 Reward: 17.815
Total T: 14204 Episode Num: 680 Episode T: 30 Reward: 9.639
Total T: 14223 Episode Num: 681 Episode T: 19 Reward: 4.454
Total T: 14237 Episode Num: 682 Episode T: 14 Reward: -2.150
Total T: 14258 Episode Num: 683 Episode T: 21 Reward: -6.111
Total T: 14291 Episode Num: 684 Episode T: 33 Reward: -0.932
Total T: 14306 Episode Num: 685 Episode T: 15 Reward: -0.464
Total T: 14315 Episode Num: 686 Episode T: 9 Reward: -1.772
Total T: 14341 Episode Num: 687 Episode T: 26 Reward: 8.475
Total T: 14362 Episode Num: 688 Episode T: 21 Reward: 1.128
Total T: 14383 Episode Num: 689 Episode T: 21 Reward: 9.967
Total T: 14394 Episode Num: 690 Episode T: 11 Reward: -1.917
Total T: 14411 Episode Num: 691 Episode T: 17 Reward: -1.298
Total T: 14452 Episode Num: 692 Episode T: 41 Reward: 2.173
Total T: 14472 Episode Num: 693 Episode T: 20 Reward: 6.557
Total T: 14501 Episode Num: 694 Episode T: 29 Reward: 9.469
Total T: 14509 Episode Num: 695 Episode T: 8 Reward: -2.325
Total T: 14525 Episode Num: 696 Episode T: 16 Reward: 5.831
Total T: 14544 Episode Num: 697 Episode T: 19 Reward: -0.390
Total T: 14554 Episode Num: 698 Episode T: 10 Reward: 0.955
Total T: 14572 Episode Num: 699 Episode T: 18 Reward: 2.218
Total T: 14600 Episode Num: 700 Episode T: 28 Reward: 4.664
Total T: 14635 Episode Num: 701 Episode T: 35 Reward: 13.449
Total T: 14651 Episode Num: 702 Episode T: 16 Reward: -0.248
Total T: 14671 Episode Num: 703 Episode T: 20 Reward: -3.569
Total T: 14693 Episode Num: 704 Episode T: 22 Reward: 3.235
Total T: 14713 Episode Num: 705 Episode T: 20 Reward: -6.635
Total T: 14728 Episode Num: 706 Episode T: 15 Reward: 0.295
Total T: 14753 Episode Num: 707 Episode T: 25 Reward: 7.339
Total T: 14764 Episode Num: 708 Episode T: 11 Reward: -4.550
Total T: 14778 Episode Num: 709 Episode T: 14 Reward: -2.419
Total T: 14804 Episode Num: 710 Episode T: 26 Reward: 7.708
Total T: 14818 Episode Num: 711 Episode T: 14 Reward: 2.746
Total T: 14837 Episode Num: 712 Episode T: 19 Reward: 1.918
Total T: 14857 Episode Num: 713 Episode T: 20 Reward: 8.952
Total T: 14870 Episode Num: 714 Episode T: 13 Reward: 2.341
Total T: 14889 Episode Num: 715 Episode T: 19 Reward: -5.224
Total T: 14913 Episode Num: 716 Episode T: 24 Reward: -3.376
Total T: 14943 Episode Num: 717 Episode T: 30 Reward: 7.432
Total T: 14978 Episode Num: 718 Episode T: 35 Reward: 15.633
---------------------------------------
Evaluation over 10 episodes: 11.592
---------------------------------------
Total T: 15005 Episode Num: 719 Episode T: 27 Reward: 11.679
Total T: 15046 Episode Num: 720 Episode T: 41 Reward: 10.455
Total T: 15080 Episode Num: 721 Episode T: 34 Reward: 13.257
Total T: 15100 Episode Num: 722 Episode T: 20 Reward: -5.892
Total T: 15112 Episode Num: 723 Episode T: 12 Reward: 2.623
Total T: 15127 Episode Num: 724 Episode T: 15 Reward: 5.552
Total T: 15144 Episode Num: 725 Episode T: 17 Reward: -7.133
Total T: 15170 Episode Num: 726 Episode T: 26 Reward: -2.716
Total T: 15200 Episode Num: 727 Episode T: 30 Reward: 9.808
Total T: 15229 Episode Num: 728 Episode T: 29 Reward: 14.892
Total T: 15250 Episode Num: 729 Episode T: 21 Reward: -6.267
Total T: 15265 Episode Num: 730 Episode T: 15 Reward: 1.092
Total T: 15287 Episode Num: 731 Episode T: 22 Reward: 0.160
Total T: 15296 Episode Num: 732 Episode T: 9 Reward: -1.573
Total T: 15311 Episode Num: 733 Episode T: 15 Reward: 6.965
Total T: 15331 Episode Num: 734 Episode T: 20 Reward: 7.408
Total T: 15348 Episode Num: 735 Episode T: 17 Reward: -9.862
Total T: 15370 Episode Num: 736 Episode T: 22 Reward: -4.958
Total T: 15389 Episode Num: 737 Episode T: 19 Reward: 3.778
Total T: 15434 Episode Num: 738 Episode T: 45 Reward: 23.545
Total T: 15445 Episode Num: 739 Episode T: 11 Reward: 0.314
Total T: 15473 Episode Num: 740 Episode T: 28 Reward: -0.138
Total T: 15506 Episode Num: 741 Episode T: 33 Reward: 19.337
Total T: 15530 Episode Num: 742 Episode T: 24 Reward: 4.893
Total T: 15558 Episode Num: 743 Episode T: 28 Reward: 10.266
Total T: 15567 Episode Num: 744 Episode T: 9 Reward: -0.562
Total T: 15589 Episode Num: 745 Episode T: 22 Reward: 1.099
Total T: 15624 Episode Num: 746 Episode T: 35 Reward: 18.396
Total T: 15635 Episode Num: 747 Episode T: 11 Reward: 0.292
Total T: 15655 Episode Num: 748 Episode T: 20 Reward: 5.681
Total T: 15665 Episode Num: 749 Episode T: 10 Reward: -3.069
Total T: 15680 Episode Num: 750 Episode T: 15 Reward: 0.785
Total T: 15690 Episode Num: 751 Episode T: 10 Reward: -1.421
Total T: 15714 Episode Num: 752 Episode T: 24 Reward: 3.276
Total T: 15739 Episode Num: 753 Episode T: 25 Reward: -4.472
Total T: 15765 Episode Num: 754 Episode T: 26 Reward: 13.258
Total T: 15786 Episode Num: 755 Episode T: 21 Reward: -2.567
Total T: 15814 Episode Num: 756 Episode T: 28 Reward: 13.113
Total T: 15839 Episode Num: 757 Episode T: 25 Reward: 10.603
Total T: 15856 Episode Num: 758 Episode T: 17 Reward: -1.221
Total T: 15870 Episode Num: 759 Episode T: 14 Reward: 3.849
Total T: 15896 Episode Num: 760 Episode T: 26 Reward: 7.442
Total T: 15909 Episode Num: 761 Episode T: 13 Reward: 0.582
Total T: 15941 Episode Num: 762 Episode T: 32 Reward: 6.291
Total T: 15951 Episode Num: 763 Episode T: 10 Reward: -3.528
Total T: 15966 Episode Num: 764 Episode T: 15 Reward: 3.050
Total T: 15982 Episode Num: 765 Episode T: 16 Reward: 5.449
Total T: 16001 Episode Num: 766 Episode T: 19 Reward: 1.085
Total T: 16015 Episode Num: 767 Episode T: 14 Reward: -2.103
Total T: 16035 Episode Num: 768 Episode T: 20 Reward: 3.205
Total T: 16066 Episode Num: 769 Episode T: 31 Reward: -8.939
Total T: 16085 Episode Num: 770 Episode T: 19 Reward: 2.981
Total T: 16103 Episode Num: 771 Episode T: 18 Reward: 0.837
Total T: 16115 Episode Num: 772 Episode T: 12 Reward: -1.072
Total T: 16136 Episode Num: 773 Episode T: 21 Reward: -0.744
Total T: 16174 Episode Num: 774 Episode T: 38 Reward: 3.160
Total T: 16185 Episode Num: 775 Episode T: 11 Reward: -2.636
Total T: 16205 Episode Num: 776 Episode T: 20 Reward: -1.550
Total T: 16223 Episode Num: 777 Episode T: 18 Reward: -1.227
Total T: 16260 Episode Num: 778 Episode T: 37 Reward: 2.881
Total T: 16284 Episode Num: 779 Episode T: 24 Reward: 3.490
Total T: 16301 Episode Num: 780 Episode T: 17 Reward: -1.430
Total T: 16318 Episode Num: 781 Episode T: 17 Reward: 1.737
Total T: 16327 Episode Num: 782 Episode T: 9 Reward: -5.220
Total T: 16350 Episode Num: 783 Episode T: 23 Reward: -2.785
Total T: 16362 Episode Num: 784 Episode T: 12 Reward: -1.368
Total T: 16382 Episode Num: 785 Episode T: 20 Reward: -0.549
Total T: 16401 Episode Num: 786 Episode T: 19 Reward: 4.518
Total T: 16435 Episode Num: 787 Episode T: 34 Reward: 5.990
Total T: 16445 Episode Num: 788 Episode T: 10 Reward: 0.004
Total T: 16471 Episode Num: 789 Episode T: 26 Reward: 0.158
Total T: 16488 Episode Num: 790 Episode T: 17 Reward: -2.715
Total T: 16497 Episode Num: 791 Episode T: 9 Reward: -3.806
Total T: 16514 Episode Num: 792 Episode T: 17 Reward: -2.032
Total T: 16552 Episode Num: 793 Episode T: 38 Reward: 4.142
Total T: 16580 Episode Num: 794 Episode T: 28 Reward: -5.309
Total T: 16603 Episode Num: 795 Episode T: 23 Reward: 2.621
Total T: 16616 Episode Num: 796 Episode T: 13 Reward: 1.616
Total T: 16631 Episode Num: 797 Episode T: 15 Reward: 1.205
Total T: 16652 Episode Num: 798 Episode T: 21 Reward: 8.971
Total T: 16667 Episode Num: 799 Episode T: 15 Reward: 3.150
Total T: 16678 Episode Num: 800 Episode T: 11 Reward: -1.234
Total T: 16705 Episode Num: 801 Episode T: 27 Reward: -3.911
Total T: 16728 Episode Num: 802 Episode T: 23 Reward: -0.711
Total T: 16756 Episode Num: 803 Episode T: 28 Reward: 10.284
Total T: 16770 Episode Num: 804 Episode T: 14 Reward: 4.079
Total T: 16820 Episode Num: 805 Episode T: 50 Reward: 6.500
Total T: 16835 Episode Num: 806 Episode T: 15 Reward: -1.387
Total T: 16847 Episode Num: 807 Episode T: 12 Reward: 0.240
Total T: 16883 Episode Num: 808 Episode T: 36 Reward: -3.611
Total T: 16908 Episode Num: 809 Episode T: 25 Reward: 9.665
Total T: 16930 Episode Num: 810 Episode T: 22 Reward: -0.924
Total T: 16955 Episode Num: 811 Episode T: 25 Reward: 1.650
Total T: 16968 Episode Num: 812 Episode T: 13 Reward: -1.553
Total T: 16995 Episode Num: 813 Episode T: 27 Reward: 2.688
Total T: 17013 Episode Num: 814 Episode T: 18 Reward: 6.180
Total T: 17027 Episode Num: 815 Episode T: 14 Reward: -5.465
Total T: 17044 Episode Num: 816 Episode T: 17 Reward: 6.217
Total T: 17067 Episode Num: 817 Episode T: 23 Reward: 6.658
Total T: 17097 Episode Num: 818 Episode T: 30 Reward: 8.682
Total T: 17112 Episode Num: 819 Episode T: 15 Reward: -0.184
Total T: 17131 Episode Num: 820 Episode T: 19 Reward: 1.783
Total T: 17144 Episode Num: 821 Episode T: 13 Reward: 0.316
Total T: 17154 Episode Num: 822 Episode T: 10 Reward: -2.539
Total T: 17169 Episode Num: 823 Episode T: 15 Reward: -4.710
Total T: 17188 Episode Num: 824 Episode T: 19 Reward: -1.847
Total T: 17216 Episode Num: 825 Episode T: 28 Reward: 5.563
Total T: 17250 Episode Num: 826 Episode T: 34 Reward: 8.634
Total T: 17261 Episode Num: 827 Episode T: 11 Reward: -0.629
Total T: 17283 Episode Num: 828 Episode T: 22 Reward: 2.194
Total T: 17299 Episode Num: 829 Episode T: 16 Reward: 5.209
Total T: 17319 Episode Num: 830 Episode T: 20 Reward: 0.326
Total T: 17347 Episode Num: 831 Episode T: 28 Reward: 2.960
Total T: 17360 Episode Num: 832 Episode T: 13 Reward: 2.351
Total T: 17380 Episode Num: 833 Episode T: 20 Reward: 0.369
Total T: 17393 Episode Num: 834 Episode T: 13 Reward: -2.054
Total T: 17406 Episode Num: 835 Episode T: 13 Reward: 3.268
Total T: 17444 Episode Num: 836 Episode T: 38 Reward: -0.381
Total T: 17458 Episode Num: 837 Episode T: 14 Reward: -2.172
Total T: 17471 Episode Num: 838 Episode T: 13 Reward: 1.816
Total T: 17496 Episode Num: 839 Episode T: 25 Reward: 1.104
Total T: 17507 Episode Num: 840 Episode T: 11 Reward: -4.546
Total T: 17518 Episode Num: 841 Episode T: 11 Reward: -0.308
Total T: 17563 Episode Num: 842 Episode T: 45 Reward: 10.067
Total T: 17580 Episode Num: 843 Episode T: 17 Reward: -0.797
Total T: 17604 Episode Num: 844 Episode T: 24 Reward: 0.891
Total T: 17618 Episode Num: 845 Episode T: 14 Reward: -1.229
Total T: 17657 Episode Num: 846 Episode T: 39 Reward: -0.609
Total T: 17672 Episode Num: 847 Episode T: 15 Reward: 4.463
Total T: 17702 Episode Num: 848 Episode T: 30 Reward: 3.136
Total T: 17719 Episode Num: 849 Episode T: 17 Reward: 3.751
Total T: 17739 Episode Num: 850 Episode T: 20 Reward: -2.161
Total T: 17752 Episode Num: 851 Episode T: 13 Reward: 3.699
Total T: 17769 Episode Num: 852 Episode T: 17 Reward: 5.671
Total T: 17807 Episode Num: 853 Episode T: 38 Reward: -1.217
Total T: 17835 Episode Num: 854 Episode T: 28 Reward: 3.091
Total T: 17852 Episode Num: 855 Episode T: 17 Reward: 5.912
Total T: 17876 Episode Num: 856 Episode T: 24 Reward: 0.412
Total T: 17889 Episode Num: 857 Episode T: 13 Reward: 1.708
Total T: 17923 Episode Num: 858 Episode T: 34 Reward: 0.855
Total T: 17941 Episode Num: 859 Episode T: 18 Reward: -1.307
Total T: 17953 Episode Num: 860 Episode T: 12 Reward: 2.615
Total T: 17970 Episode Num: 861 Episode T: 17 Reward: -2.659
Total T: 17989 Episode Num: 862 Episode T: 19 Reward: -3.262
Total T: 18004 Episode Num: 863 Episode T: 15 Reward: 4.476
Total T: 18029 Episode Num: 864 Episode T: 25 Reward: 3.760
Total T: 18088 Episode Num: 865 Episode T: 59 Reward: -3.634
Total T: 18102 Episode Num: 866 Episode T: 14 Reward: -0.858
Total T: 18126 Episode Num: 867 Episode T: 24 Reward: 10.136
Total T: 18140 Episode Num: 868 Episode T: 14 Reward: -3.618
Total T: 18157 Episode Num: 869 Episode T: 17 Reward: 4.342
Total T: 18183 Episode Num: 870 Episode T: 26 Reward: -2.939
Total T: 18195 Episode Num: 871 Episode T: 12 Reward: -1.691
Total T: 18205 Episode Num: 872 Episode T: 10 Reward: -0.455
Total T: 18216 Episode Num: 873 Episode T: 11 Reward: -1.293
Total T: 18248 Episode Num: 874 Episode T: 32 Reward: 6.759
Total T: 18264 Episode Num: 875 Episode T: 16 Reward: 3.476
Total T: 18280 Episode Num: 876 Episode T: 16 Reward: -0.477
Total T: 18302 Episode Num: 877 Episode T: 22 Reward: 0.307
Total T: 18316 Episode Num: 878 Episode T: 14 Reward: 2.026
Total T: 18337 Episode Num: 879 Episode T: 21 Reward: 7.153
Total T: 18350 Episode Num: 880 Episode T: 13 Reward: 3.926
Total T: 18370 Episode Num: 881 Episode T: 20 Reward: 1.799
Total T: 18397 Episode Num: 882 Episode T: 27 Reward: -3.287
Total T: 18409 Episode Num: 883 Episode T: 12 Reward: -0.995
Total T: 18434 Episode Num: 884 Episode T: 25 Reward: 3.650
Total T: 18442 Episode Num: 885 Episode T: 8 Reward: -1.829
Total T: 18455 Episode Num: 886 Episode T: 13 Reward: 0.158
Total T: 18464 Episode Num: 887 Episode T: 9 Reward: -1.557
Total T: 18487 Episode Num: 888 Episode T: 23 Reward: 3.466
Total T: 18508 Episode Num: 889 Episode T: 21 Reward: 5.022
Total T: 18526 Episode Num: 890 Episode T: 18 Reward: 3.408
Total T: 18537 Episode Num: 891 Episode T: 11 Reward: -0.530
Total T: 18562 Episode Num: 892 Episode T: 25 Reward: -0.828
Total T: 18585 Episode Num: 893 Episode T: 23 Reward: 4.411
Total T: 18600 Episode Num: 894 Episode T: 15 Reward: -0.550
Total T: 18629 Episode Num: 895 Episode T: 29 Reward: 10.125
Total T: 18654 Episode Num: 896 Episode T: 25 Reward: -2.444
Total T: 18681 Episode Num: 897 Episode T: 27 Reward: 2.192
Total T: 18695 Episode Num: 898 Episode T: 14 Reward: -2.581
Total T: 18709 Episode Num: 899 Episode T: 14 Reward: 0.607
Total T: 18729 Episode Num: 900 Episode T: 20 Reward: 9.210
Total T: 18747 Episode Num: 901 Episode T: 18 Reward: -3.640
Total T: 18763 Episode Num: 902 Episode T: 16 Reward: 5.368
Total T: 18780 Episode Num: 903 Episode T: 17 Reward: 2.254
Total T: 18800 Episode Num: 904 Episode T: 20 Reward: -0.806
Total T: 18825 Episode Num: 905 Episode T: 25 Reward: -2.863
Total T: 18846 Episode Num: 906 Episode T: 21 Reward: 5.351
Total T: 18859 Episode Num: 907 Episode T: 13 Reward: -1.049
Total T: 18875 Episode Num: 908 Episode T: 16 Reward: 4.978
Total T: 18891 Episode Num: 909 Episode T: 16 Reward: 5.952
Total T: 18919 Episode Num: 910 Episode T: 28 Reward: 11.235
Total T: 18927 Episode Num: 911 Episode T: 8 Reward: -1.213
Total T: 18940 Episode Num: 912 Episode T: 13 Reward: 0.703
Total T: 18949 Episode Num: 913 Episode T: 9 Reward: -2.269
Total T: 18959 Episode Num: 914 Episode T: 10 Reward: -4.228
Total T: 18981 Episode Num: 915 Episode T: 22 Reward: -2.955
Total T: 18996 Episode Num: 916 Episode T: 15 Reward: 1.938
Total T: 19019 Episode Num: 917 Episode T: 23 Reward: 6.862
Total T: 19038 Episode Num: 918 Episode T: 19 Reward: 2.117
Total T: 19059 Episode Num: 919 Episode T: 21 Reward: 2.665
Total T: 19077 Episode Num: 920 Episode T: 18 Reward: -9.519
Total T: 19097 Episode Num: 921 Episode T: 20 Reward: 2.536
Total T: 19114 Episode Num: 922 Episode T: 17 Reward: 4.785
Total T: 19133 Episode Num: 923 Episode T: 19 Reward: 1.717
Total T: 19165 Episode Num: 924 Episode T: 32 Reward: 7.846
Total T: 19195 Episode Num: 925 Episode T: 30 Reward: 4.663
Total T: 19208 Episode Num: 926 Episode T: 13 Reward: -1.198
Total T: 19219 Episode Num: 927 Episode T: 11 Reward: 0.822
Total T: 19235 Episode Num: 928 Episode T: 16 Reward: -0.507
Total T: 19255 Episode Num: 929 Episode T: 20 Reward: 1.506
Total T: 19274 Episode Num: 930 Episode T: 19 Reward: -2.370
Total T: 19290 Episode Num: 931 Episode T: 16 Reward: 5.255
Total T: 19312 Episode Num: 932 Episode T: 22 Reward: 4.308
Total T: 19319 Episode Num: 933 Episode T: 7 Reward: -4.996
Total T: 19338 Episode Num: 934 Episode T: 19 Reward: -0.421
Total T: 19357 Episode Num: 935 Episode T: 19 Reward: 0.128
Total T: 19368 Episode Num: 936 Episode T: 11 Reward: -0.125
Total T: 19384 Episode Num: 937 Episode T: 16 Reward: -2.615
Total T: 19411 Episode Num: 938 Episode T: 27 Reward: -2.803
Total T: 19432 Episode Num: 939 Episode T: 21 Reward: -1.013
Total T: 19442 Episode Num: 940 Episode T: 10 Reward: -1.968
Total T: 19473 Episode Num: 941 Episode T: 31 Reward: 6.944
Total T: 19506 Episode Num: 942 Episode T: 33 Reward: 10.857
Total T: 19521 Episode Num: 943 Episode T: 15 Reward: -2.223
Total T: 19541 Episode Num: 944 Episode T: 20 Reward: -4.202
Total T: 19566 Episode Num: 945 Episode T: 25 Reward: -2.930
Total T: 19583 Episode Num: 946 Episode T: 17 Reward: 4.065
Total T: 19613 Episode Num: 947 Episode T: 30 Reward: 7.212
Total T: 19646 Episode Num: 948 Episode T: 33 Reward: 2.919
Total T: 19660 Episode Num: 949 Episode T: 14 Reward: 2.554
Total T: 19677 Episode Num: 950 Episode T: 17 Reward: -3.073
Total T: 19702 Episode Num: 951 Episode T: 25 Reward: -2.956
Total T: 19718 Episode Num: 952 Episode T: 16 Reward: -1.323
Total T: 19727 Episode Num: 953 Episode T: 9 Reward: -0.778
Total T: 19738 Episode Num: 954 Episode T: 11 Reward: -4.590
Total T: 19768 Episode Num: 955 Episode T: 30 Reward: 5.869
Total T: 19792 Episode Num: 956 Episode T: 24 Reward: -2.626
Total T: 19817 Episode Num: 957 Episode T: 25 Reward: -1.053
Total T: 19839 Episode Num: 958 Episode T: 22 Reward: 4.668
Total T: 19863 Episode Num: 959 Episode T: 24 Reward: 4.203
Total T: 19889 Episode Num: 960 Episode T: 26 Reward: 7.888
Total T: 19913 Episode Num: 961 Episode T: 24 Reward: 9.254
Total T: 19932 Episode Num: 962 Episode T: 19 Reward: 8.047
Total T: 19947 Episode Num: 963 Episode T: 15 Reward: -0.063
Total T: 19957 Episode Num: 964 Episode T: 10 Reward: -3.846
Total T: 19979 Episode Num: 965 Episode T: 22 Reward: 1.031
Total T: 19997 Episode Num: 966 Episode T: 18 Reward: 6.536
---------------------------------------
Evaluation over 10 episodes: 11.218
---------------------------------------
Total T: 20013 Episode Num: 967 Episode T: 16 Reward: -3.634
Total T: 20023 Episode Num: 968 Episode T: 10 Reward: -3.806
Total T: 20033 Episode Num: 969 Episode T: 10 Reward: -1.797
Total T: 20053 Episode Num: 970 Episode T: 20 Reward: -0.742
Total T: 20083 Episode Num: 971 Episode T: 30 Reward: 3.855
Total T: 20108 Episode Num: 972 Episode T: 25 Reward: 14.208
Total T: 20123 Episode Num: 973 Episode T: 15 Reward: 4.025
Total T: 20134 Episode Num: 974 Episode T: 11 Reward: 0.431
Total T: 20149 Episode Num: 975 Episode T: 15 Reward: 4.933
Total T: 20168 Episode Num: 976 Episode T: 19 Reward: -3.034
Total T: 20181 Episode Num: 977 Episode T: 13 Reward: 2.092
Total T: 20193 Episode Num: 978 Episode T: 12 Reward: -6.231
Total T: 20209 Episode Num: 979 Episode T: 16 Reward: 5.003
Total T: 20222 Episode Num: 980 Episode T: 13 Reward: -3.105
Total T: 20244 Episode Num: 981 Episode T: 22 Reward: 1.460
Total T: 20283 Episode Num: 982 Episode T: 39 Reward: 12.573
Total T: 20300 Episode Num: 983 Episode T: 17 Reward: 0.779
Total T: 20318 Episode Num: 984 Episode T: 18 Reward: -0.229
Total T: 20337 Episode Num: 985 Episode T: 19 Reward: -3.059
Total T: 20362 Episode Num: 986 Episode T: 25 Reward: 1.217
Total T: 20382 Episode Num: 987 Episode T: 20 Reward: 3.268
Total T: 20393 Episode Num: 988 Episode T: 11 Reward: 0.753
Total T: 20422 Episode Num: 989 Episode T: 29 Reward: 4.088
Total T: 20433 Episode Num: 990 Episode T: 11 Reward: -1.554
Total T: 20467 Episode Num: 991 Episode T: 34 Reward: 0.093
Total T: 20484 Episode Num: 992 Episode T: 17 Reward: 3.902
Total T: 20505 Episode Num: 993 Episode T: 21 Reward: -1.695
Total T: 20519 Episode Num: 994 Episode T: 14 Reward: -0.338
Total T: 20532 Episode Num: 995 Episode T: 13 Reward: 1.799
Total T: 20548 Episode Num: 996 Episode T: 16 Reward: -0.486
Total T: 20574 Episode Num: 997 Episode T: 26 Reward: 1.772
Total T: 20589 Episode Num: 998 Episode T: 15 Reward: 2.074
Total T: 20603 Episode Num: 999 Episode T: 14 Reward: -1.937
Total T: 20636 Episode Num: 1000 Episode T: 33 Reward: 2.115
Total T: 20653 Episode Num: 1001 Episode T: 17 Reward: -1.690
Total T: 20667 Episode Num: 1002 Episode T: 14 Reward: -3.058
Total T: 20689 Episode Num: 1003 Episode T: 22 Reward: -2.556
Total T: 20713 Episode Num: 1004 Episode T: 24 Reward: 9.425
Total T: 20739 Episode Num: 1005 Episode T: 26 Reward: -4.501
Total T: 20755 Episode Num: 1006 Episode T: 16 Reward: 3.832
Total T: 20769 Episode Num: 1007 Episode T: 14 Reward: 2.299
Total T: 20780 Episode Num: 1008 Episode T: 11 Reward: -0.871
Total T: 20806 Episode Num: 1009 Episode T: 26 Reward: -3.145
Total T: 20817 Episode Num: 1010 Episode T: 11 Reward: 0.758
Total T: 20830 Episode Num: 1011 Episode T: 13 Reward: 2.739
Total T: 20864 Episode Num: 1012 Episode T: 34 Reward: 16.872
Total T: 20879 Episode Num: 1013 Episode T: 15 Reward: 2.339
Total T: 20909 Episode Num: 1014 Episode T: 30 Reward: 6.833
Total T: 20932 Episode Num: 1015 Episode T: 23 Reward: 2.069
Total T: 20961 Episode Num: 1016 Episode T: 29 Reward: 11.145
Total T: 20979 Episode Num: 1017 Episode T: 18 Reward: -0.014
Total T: 20990 Episode Num: 1018 Episode T: 11 Reward: -2.569
Total T: 21002 Episode Num: 1019 Episode T: 12 Reward: 2.605
Total T: 21019 Episode Num: 1020 Episode T: 17 Reward: -3.781
Total T: 21037 Episode Num: 1021 Episode T: 18 Reward: 5.103
Total T: 21057 Episode Num: 1022 Episode T: 20 Reward: 7.137
Total T: 21084 Episode Num: 1023 Episode T: 27 Reward: 15.309
Total T: 21108 Episode Num: 1024 Episode T: 24 Reward: 4.310
Total T: 21123 Episode Num: 1025 Episode T: 15 Reward: -3.512
Total T: 21142 Episode Num: 1026 Episode T: 19 Reward: -3.418
Total T: 21164 Episode Num: 1027 Episode T: 22 Reward: 4.431
Total T: 21183 Episode Num: 1028 Episode T: 19 Reward: 1.853
Total T: 21204 Episode Num: 1029 Episode T: 21 Reward: -5.887
Total T: 21212 Episode Num: 1030 Episode T: 8 Reward: -2.781
Total T: 21238 Episode Num: 1031 Episode T: 26 Reward: -0.947
Total T: 21265 Episode Num: 1032 Episode T: 27 Reward: 10.564
Total T: 21275 Episode Num: 1033 Episode T: 10 Reward: -2.836
Total T: 21286 Episode Num: 1034 Episode T: 11 Reward: 0.032
Total T: 21301 Episode Num: 1035 Episode T: 15 Reward: -2.024
Total T: 21320 Episode Num: 1036 Episode T: 19 Reward: 6.742
Total T: 21329 Episode Num: 1037 Episode T: 9 Reward: -1.303
Total T: 21344 Episode Num: 1038 Episode T: 15 Reward: 3.889
Total T: 21361 Episode Num: 1039 Episode T: 17 Reward: -3.402
Total T: 21387 Episode Num: 1040 Episode T: 26 Reward: 9.843
Total T: 21407 Episode Num: 1041 Episode T: 20 Reward: 10.250
Total T: 21424 Episode Num: 1042 Episode T: 17 Reward: 0.688
Total T: 21450 Episode Num: 1043 Episode T: 26 Reward: 4.655
Total T: 21469 Episode Num: 1044 Episode T: 19 Reward: -0.137
Total T: 21487 Episode Num: 1045 Episode T: 18 Reward: 7.225
Total T: 21502 Episode Num: 1046 Episode T: 15 Reward: -3.290
Total T: 21526 Episode Num: 1047 Episode T: 24 Reward: 7.136
Total T: 21548 Episode Num: 1048 Episode T: 22 Reward: 12.491
Total T: 21565 Episode Num: 1049 Episode T: 17 Reward: 4.350
Total T: 21591 Episode Num: 1050 Episode T: 26 Reward: 14.977
Total T: 21602 Episode Num: 1051 Episode T: 11 Reward: -0.905
Total T: 21610 Episode Num: 1052 Episode T: 8 Reward: -1.655
Total T: 21622 Episode Num: 1053 Episode T: 12 Reward: 0.089
Total T: 21646 Episode Num: 1054 Episode T: 24 Reward: -5.219
Total T: 21662 Episode Num: 1055 Episode T: 16 Reward: 4.131
Total T: 21681 Episode Num: 1056 Episode T: 19 Reward: -6.814
Total T: 21700 Episode Num: 1057 Episode T: 19 Reward: 2.590
Total T: 21720 Episode Num: 1058 Episode T: 20 Reward: 1.177
Total T: 21734 Episode Num: 1059 Episode T: 14 Reward: 0.424
Total T: 21746 Episode Num: 1060 Episode T: 12 Reward: -0.709
Total T: 21765 Episode Num: 1061 Episode T: 19 Reward: -0.757
Total T: 21786 Episode Num: 1062 Episode T: 21 Reward: 0.224
Total T: 21812 Episode Num: 1063 Episode T: 26 Reward: 0.788
Total T: 21822 Episode Num: 1064 Episode T: 10 Reward: -2.473
Total T: 21832 Episode Num: 1065 Episode T: 10 Reward: -2.436
Total T: 21858 Episode Num: 1066 Episode T: 26 Reward: -1.672
Total T: 21878 Episode Num: 1067 Episode T: 20 Reward: 4.193
Total T: 21888 Episode Num: 1068 Episode T: 10 Reward: -0.431
Total T: 21920 Episode Num: 1069 Episode T: 32 Reward: 8.402
Total T: 21941 Episode Num: 1070 Episode T: 21 Reward: 7.253
Total T: 21967 Episode Num: 1071 Episode T: 26 Reward: 5.406
Total T: 21991 Episode Num: 1072 Episode T: 24 Reward: -4.651
Total T: 22010 Episode Num: 1073 Episode T: 19 Reward: 6.698
Total T: 22026 Episode Num: 1074 Episode T: 16 Reward: -1.398
Total T: 22038 Episode Num: 1075 Episode T: 12 Reward: -1.141
Total T: 22053 Episode Num: 1076 Episode T: 15 Reward: -0.478
Total T: 22066 Episode Num: 1077 Episode T: 13 Reward: -2.507
Total T: 22084 Episode Num: 1078 Episode T: 18 Reward: 1.924
Total T: 22102 Episode Num: 1079 Episode T: 18 Reward: 4.426
Total T: 22115 Episode Num: 1080 Episode T: 13 Reward: 0.448
Total T: 22130 Episode Num: 1081 Episode T: 15 Reward: -3.176
Total T: 22146 Episode Num: 1082 Episode T: 16 Reward: 2.975
Total T: 22169 Episode Num: 1083 Episode T: 23 Reward: -5.990
Total T: 22186 Episode Num: 1084 Episode T: 17 Reward: 4.899
Total T: 22198 Episode Num: 1085 Episode T: 12 Reward: 0.016
Total T: 22224 Episode Num: 1086 Episode T: 26 Reward: 4.870
Total T: 22240 Episode Num: 1087 Episode T: 16 Reward: 2.515
Total T: 22280 Episode Num: 1088 Episode T: 40 Reward: 2.932
Total T: 22319 Episode Num: 1089 Episode T: 39 Reward: 10.182
Total T: 22332 Episode Num: 1090 Episode T: 13 Reward: -1.527
Total T: 22348 Episode Num: 1091 Episode T: 16 Reward: -9.459
Total T: 22387 Episode Num: 1092 Episode T: 39 Reward: 7.976
Total T: 22408 Episode Num: 1093 Episode T: 21 Reward: -1.787
Total T: 22430 Episode Num: 1094 Episode T: 22 Reward: 6.842
Total T: 22448 Episode Num: 1095 Episode T: 18 Reward: 3.520
Total T: 22467 Episode Num: 1096 Episode T: 19 Reward: 2.398
Total T: 22478 Episode Num: 1097 Episode T: 11 Reward: -2.266
Total T: 22497 Episode Num: 1098 Episode T: 19 Reward: -8.008
Total T: 22508 Episode Num: 1099 Episode T: 11 Reward: 0.744
Total T: 22548 Episode Num: 1100 Episode T: 40 Reward: 6.801
Total T: 22582 Episode Num: 1101 Episode T: 34 Reward: 3.531
Total T: 22614 Episode Num: 1102 Episode T: 32 Reward: -6.998
Total T: 22649 Episode Num: 1103 Episode T: 35 Reward: 6.734
Total T: 22669 Episode Num: 1104 Episode T: 20 Reward: -0.105
Total T: 22681 Episode Num: 1105 Episode T: 12 Reward: -0.026
Total T: 22696 Episode Num: 1106 Episode T: 15 Reward: -1.829
Total T: 22730 Episode Num: 1107 Episode T: 34 Reward: 1.051
Total T: 22743 Episode Num: 1108 Episode T: 13 Reward: -1.772
Total T: 22762 Episode Num: 1109 Episode T: 19 Reward: 1.973
Total T: 22781 Episode Num: 1110 Episode T: 19 Reward: -5.826
Total T: 22790 Episode Num: 1111 Episode T: 9 Reward: -2.825
Total T: 22815 Episode Num: 1112 Episode T: 25 Reward: -3.062
Total T: 22827 Episode Num: 1113 Episode T: 12 Reward: -1.846
Total T: 22846 Episode Num: 1114 Episode T: 19 Reward: 2.118
Total T: 22863 Episode Num: 1115 Episode T: 17 Reward: 1.246
Total T: 22885 Episode Num: 1116 Episode T: 22 Reward: -7.851
Total T: 22916 Episode Num: 1117 Episode T: 31 Reward: 4.073
Total T: 22924 Episode Num: 1118 Episode T: 8 Reward: -2.231
Total T: 22949 Episode Num: 1119 Episode T: 25 Reward: 4.502
Total T: 22968 Episode Num: 1120 Episode T: 19 Reward: 0.822
Total T: 23005 Episode Num: 1121 Episode T: 37 Reward: 21.657
Total T: 23025 Episode Num: 1122 Episode T: 20 Reward: 2.174
Total T: 23051 Episode Num: 1123 Episode T: 26 Reward: -0.009
Total T: 23067 Episode Num: 1124 Episode T: 16 Reward: 3.377
Total T: 23094 Episode Num: 1125 Episode T: 27 Reward: 8.437
Total T: 23107 Episode Num: 1126 Episode T: 13 Reward: -4.214
Total T: 23126 Episode Num: 1127 Episode T: 19 Reward: 1.817
Total T: 23156 Episode Num: 1128 Episode T: 30 Reward: -4.139
Total T: 23182 Episode Num: 1129 Episode T: 26 Reward: 1.695
Total T: 23199 Episode Num: 1130 Episode T: 17 Reward: 4.710
Total T: 23211 Episode Num: 1131 Episode T: 12 Reward: -2.246
Total T: 23244 Episode Num: 1132 Episode T: 33 Reward: 5.632
Total T: 23255 Episode Num: 1133 Episode T: 11 Reward: -1.072
Total T: 23279 Episode Num: 1134 Episode T: 24 Reward: 2.307
Total T: 23300 Episode Num: 1135 Episode T: 21 Reward: -1.877
Total T: 23326 Episode Num: 1136 Episode T: 26 Reward: 12.216
Total T: 23341 Episode Num: 1137 Episode T: 15 Reward: 0.468
Total T: 23363 Episode Num: 1138 Episode T: 22 Reward: -1.921
Total T: 23409 Episode Num: 1139 Episode T: 46 Reward: 5.275
Total T: 23425 Episode Num: 1140 Episode T: 16 Reward: 1.515
Total T: 23438 Episode Num: 1141 Episode T: 13 Reward: -1.454
Total T: 23456 Episode Num: 1142 Episode T: 18 Reward: -1.706
Total T: 23477 Episode Num: 1143 Episode T: 21 Reward: 3.849
Total T: 23504 Episode Num: 1144 Episode T: 27 Reward: 4.132
Total T: 23519 Episode Num: 1145 Episode T: 15 Reward: 0.060
Total T: 23541 Episode Num: 1146 Episode T: 22 Reward: -0.864
Total T: 23579 Episode Num: 1147 Episode T: 38 Reward: 8.801
Total T: 23597 Episode Num: 1148 Episode T: 18 Reward: -6.685
Total T: 23617 Episode Num: 1149 Episode T: 20 Reward: -0.558
Total T: 23644 Episode Num: 1150 Episode T: 27 Reward: -0.269
Total T: 23656 Episode Num: 1151 Episode T: 12 Reward: -2.005
Total T: 23691 Episode Num: 1152 Episode T: 35 Reward: -3.714
Total T: 23718 Episode Num: 1153 Episode T: 27 Reward: 10.309
Total T: 23742 Episode Num: 1154 Episode T: 24 Reward: 1.136
Total T: 23756 Episode Num: 1155 Episode T: 14 Reward: 2.664
Total T: 23768 Episode Num: 1156 Episode T: 12 Reward: -1.540
Total T: 23784 Episode Num: 1157 Episode T: 16 Reward: 3.627
Total T: 23795 Episode Num: 1158 Episode T: 11 Reward: 2.299
Total T: 23828 Episode Num: 1159 Episode T: 33 Reward: 1.814
Total T: 23851 Episode Num: 1160 Episode T: 23 Reward: 5.418
Total T: 23864 Episode Num: 1161 Episode T: 13 Reward: -1.897
Total T: 23874 Episode Num: 1162 Episode T: 10 Reward: -1.160
Total T: 23889 Episode Num: 1163 Episode T: 15 Reward: 3.955
Total T: 23921 Episode Num: 1164 Episode T: 32 Reward: 7.425
Total T: 23950 Episode Num: 1165 Episode T: 29 Reward: 8.975
Total T: 23982 Episode Num: 1166 Episode T: 32 Reward: 6.030
Total T: 24010 Episode Num: 1167 Episode T: 28 Reward: -2.653
Total T: 24032 Episode Num: 1168 Episode T: 22 Reward: -2.380
Total T: 24047 Episode Num: 1169 Episode T: 15 Reward: -3.469
Total T: 24058 Episode Num: 1170 Episode T: 11 Reward: -0.670
Total T: 24076 Episode Num: 1171 Episode T: 18 Reward: -6.648
Total T: 24096 Episode Num: 1172 Episode T: 20 Reward: -9.311
Total T: 24106 Episode Num: 1173 Episode T: 10 Reward: 1.304
Total T: 24122 Episode Num: 1174 Episode T: 16 Reward: 1.612
Total T: 24137 Episode Num: 1175 Episode T: 15 Reward: -2.883
Total T: 24151 Episode Num: 1176 Episode T: 14 Reward: 1.440
Total T: 24170 Episode Num: 1177 Episode T: 19 Reward: 4.849
Total T: 24189 Episode Num: 1178 Episode T: 19 Reward: 0.304
Total T: 24201 Episode Num: 1179 Episode T: 12 Reward: -1.215
Total T: 24221 Episode Num: 1180 Episode T: 20 Reward: -0.450
Total T: 24234 Episode Num: 1181 Episode T: 13 Reward: -5.758
Total T: 24253 Episode Num: 1182 Episode T: 19 Reward: 3.373
Total T: 24272 Episode Num: 1183 Episode T: 19 Reward: 3.002
Total T: 24285 Episode Num: 1184 Episode T: 13 Reward: 1.864
Total T: 24303 Episode Num: 1185 Episode T: 18 Reward: 1.063
Total T: 24323 Episode Num: 1186 Episode T: 20 Reward: 6.552
Total T: 24335 Episode Num: 1187 Episode T: 12 Reward: -1.685
Total T: 24355 Episode Num: 1188 Episode T: 20 Reward: -13.376
Total T: 24374 Episode Num: 1189 Episode T: 19 Reward: 1.350
Total T: 24391 Episode Num: 1190 Episode T: 17 Reward: 2.728
Total T: 24412 Episode Num: 1191 Episode T: 21 Reward: 5.663
Total T: 24435 Episode Num: 1192 Episode T: 23 Reward: 0.381
Total T: 24450 Episode Num: 1193 Episode T: 15 Reward: 0.637
Total T: 24462 Episode Num: 1194 Episode T: 12 Reward: 0.416
Total T: 24488 Episode Num: 1195 Episode T: 26 Reward: 1.328
Total T: 24509 Episode Num: 1196 Episode T: 21 Reward: -0.008
Total T: 24524 Episode Num: 1197 Episode T: 15 Reward: -1.605
Total T: 24544 Episode Num: 1198 Episode T: 20 Reward: 6.690
Total T: 24596 Episode Num: 1199 Episode T: 52 Reward: 23.813
Total T: 24622 Episode Num: 1200 Episode T: 26 Reward: -0.905
Total T: 24637 Episode Num: 1201 Episode T: 15 Reward: -5.457
Total T: 24657 Episode Num: 1202 Episode T: 20 Reward: -4.503
Total T: 24670 Episode Num: 1203 Episode T: 13 Reward: 3.459
Total T: 24681 Episode Num: 1204 Episode T: 11 Reward: -4.395
Total T: 24700 Episode Num: 1205 Episode T: 19 Reward: 0.425
Total T: 24708 Episode Num: 1206 Episode T: 8 Reward: -2.205
Total T: 24723 Episode Num: 1207 Episode T: 15 Reward: 5.631
Total T: 24742 Episode Num: 1208 Episode T: 19 Reward: -0.066
Total T: 24753 Episode Num: 1209 Episode T: 11 Reward: 1.083
Total T: 24769 Episode Num: 1210 Episode T: 16 Reward: 0.689
Total T: 24798 Episode Num: 1211 Episode T: 29 Reward: 11.381
Total T: 24831 Episode Num: 1212 Episode T: 33 Reward: -0.586
Total T: 24845 Episode Num: 1213 Episode T: 14 Reward: 0.873
Total T: 24859 Episode Num: 1214 Episode T: 14 Reward: 3.124
Total T: 24872 Episode Num: 1215 Episode T: 13 Reward: -2.776
Total T: 24891 Episode Num: 1216 Episode T: 19 Reward: -4.917
Total T: 24901 Episode Num: 1217 Episode T: 10 Reward: -0.049
Total T: 24926 Episode Num: 1218 Episode T: 25 Reward: 13.219
Total T: 24947 Episode Num: 1219 Episode T: 21 Reward: 2.634
Total T: 24963 Episode Num: 1220 Episode T: 16 Reward: 1.928
Total T: 24981 Episode Num: 1221 Episode T: 18 Reward: -5.656
---------------------------------------
Evaluation over 10 episodes: 11.350
---------------------------------------
Total T: 25001 Episode Num: 1222 Episode T: 20 Reward: 4.520
Total T: 25010 Episode Num: 1223 Episode T: 9 Reward: -0.571
Total T: 25018 Episode Num: 1224 Episode T: 8 Reward: -1.634
Total T: 25029 Episode Num: 1225 Episode T: 11 Reward: -8.439
Total T: 25065 Episode Num: 1226 Episode T: 36 Reward: -12.761
Total T: 25129 Episode Num: 1227 Episode T: 64 Reward: -9.641
Total T: 25196 Episode Num: 1228 Episode T: 67 Reward: -2.757
Total T: 25266 Episode Num: 1229 Episode T: 70 Reward: -21.007
Total T: 25335 Episode Num: 1230 Episode T: 69 Reward: -16.975
Total T: 25407 Episode Num: 1231 Episode T: 72 Reward: -22.877
Total T: 25479 Episode Num: 1232 Episode T: 72 Reward: -23.505
Total T: 25550 Episode Num: 1233 Episode T: 71 Reward: -17.006
Total T: 25620 Episode Num: 1234 Episode T: 70 Reward: -15.413
Total T: 25690 Episode Num: 1235 Episode T: 70 Reward: -16.067
Total T: 25758 Episode Num: 1236 Episode T: 68 Reward: -11.000
Total T: 25828 Episode Num: 1237 Episode T: 70 Reward: -17.114
Total T: 25897 Episode Num: 1238 Episode T: 69 Reward: -13.612
Total T: 25966 Episode Num: 1239 Episode T: 69 Reward: -16.314
Total T: 26035 Episode Num: 1240 Episode T: 69 Reward: -13.045
Total T: 26105 Episode Num: 1241 Episode T: 70 Reward: -17.536
Total T: 26214 Episode Num: 1242 Episode T: 109 Reward: -7.855
Total T: 26359 Episode Num: 1243 Episode T: 145 Reward: 262.610
Total T: 26577 Episode Num: 1244 Episode T: 218 Reward: 103.993
Total T: 26900 Episode Num: 1245 Episode T: 323 Reward: 220.738
Total T: 27552 Episode Num: 1246 Episode T: 652 Reward: 669.577
Total T: 27722 Episode Num: 1247 Episode T: 170 Reward: 284.557
Total T: 27844 Episode Num: 1248 Episode T: 122 Reward: 5.543
Total T: 28022 Episode Num: 1249 Episode T: 178 Reward: 51.852
Total T: 28150 Episode Num: 1250 Episode T: 128 Reward: 6.737
Total T: 28329 Episode Num: 1251 Episode T: 179 Reward: 142.043
Total T: 28529 Episode Num: 1252 Episode T: 200 Reward: 77.241
Total T: 28730 Episode Num: 1253 Episode T: 201 Reward: 322.234
Total T: 28897 Episode Num: 1254 Episode T: 167 Reward: 286.238
Total T: 29036 Episode Num: 1255 Episode T: 139 Reward: 250.903
Total T: 29198 Episode Num: 1256 Episode T: 162 Reward: 286.487
Total T: 29349 Episode Num: 1257 Episode T: 151 Reward: 265.743
Total T: 29619 Episode Num: 1258 Episode T: 270 Reward: 72.809
---------------------------------------
Evaluation over 10 episodes: 368.250
---------------------------------------
Total T: 30261 Episode Num: 1259 Episode T: 642 Reward: 794.437
Total T: 30439 Episode Num: 1260 Episode T: 178 Reward: -8.327
Total T: 30618 Episode Num: 1261 Episode T: 179 Reward: 16.509
Total T: 30894 Episode Num: 1262 Episode T: 276 Reward: 93.123
Total T: 31024 Episode Num: 1263 Episode T: 130 Reward: -4.208
Total T: 31354 Episode Num: 1264 Episode T: 330 Reward: -37.357
Total T: 31529 Episode Num: 1265 Episode T: 175 Reward: 285.613
Total T: 31700 Episode Num: 1266 Episode T: 171 Reward: 269.634
Total T: 31882 Episode Num: 1267 Episode T: 182 Reward: 297.931
Total T: 32078 Episode Num: 1268 Episode T: 196 Reward: 284.747
Total T: 32360 Episode Num: 1269 Episode T: 282 Reward: 136.268
Total T: 32677 Episode Num: 1270 Episode T: 317 Reward: 241.707
Total T: 32959 Episode Num: 1271 Episode T: 282 Reward: 222.167
Total T: 33121 Episode Num: 1272 Episode T: 162 Reward: 243.230
Total T: 33310 Episode Num: 1273 Episode T: 189 Reward: 286.906
Total T: 33480 Episode Num: 1274 Episode T: 170 Reward: 290.188
Total T: 33629 Episode Num: 1275 Episode T: 149 Reward: 250.062
Total T: 33790 Episode Num: 1276 Episode T: 161 Reward: 278.569
Total T: 34066 Episode Num: 1277 Episode T: 276 Reward: 397.687
Total T: 34228 Episode Num: 1278 Episode T: 162 Reward: 284.681
Total T: 34434 Episode Num: 1279 Episode T: 206 Reward: 326.990
Total T: 34640 Episode Num: 1280 Episode T: 206 Reward: 311.149
Total T: 34796 Episode Num: 1281 Episode T: 156 Reward: 89.126
Total T: 34983 Episode Num: 1282 Episode T: 187 Reward: 102.312
---------------------------------------
Evaluation over 10 episodes: 413.015
---------------------------------------
Total T: 35298 Episode Num: 1283 Episode T: 315 Reward: 185.065
Total T: 35592 Episode Num: 1284 Episode T: 294 Reward: 412.641
Total T: 35814 Episode Num: 1285 Episode T: 222 Reward: 364.100
Total T: 36265 Episode Num: 1286 Episode T: 451 Reward: 527.327
Total T: 36444 Episode Num: 1287 Episode T: 179 Reward: 313.803
Total T: 36889 Episode Num: 1288 Episode T: 445 Reward: 580.928
Total T: 37068 Episode Num: 1289 Episode T: 179 Reward: 100.355
Total T: 37192 Episode Num: 1290 Episode T: 124 Reward: 231.589
Total T: 37380 Episode Num: 1291 Episode T: 188 Reward: 299.544
Total T: 37568 Episode Num: 1292 Episode T: 188 Reward: 305.693
Total T: 37710 Episode Num: 1293 Episode T: 142 Reward: 256.321
Total T: 37832 Episode Num: 1294 Episode T: 122 Reward: 219.528
Total T: 37977 Episode Num: 1295 Episode T: 145 Reward: 248.996
Total T: 38208 Episode Num: 1296 Episode T: 231 Reward: 359.623
Total T: 38898 Episode Num: 1297 Episode T: 690 Reward: 737.501
Total T: 39042 Episode Num: 1298 Episode T: 144 Reward: 248.175
Total T: 39341 Episode Num: 1299 Episode T: 299 Reward: 407.665
Total T: 39475 Episode Num: 1300 Episode T: 134 Reward: 251.244
Total T: 39582 Episode Num: 1301 Episode T: 107 Reward: 211.747
Total T: 39671 Episode Num: 1302 Episode T: 89 Reward: 41.174
Total T: 39933 Episode Num: 1303 Episode T: 262 Reward: 148.487
---------------------------------------
Evaluation over 10 episodes: 209.094
---------------------------------------
Total T: 40064 Episode Num: 1304 Episode T: 131 Reward: 245.849
Total T: 40272 Episode Num: 1305 Episode T: 208 Reward: 98.487
Total T: 40407 Episode Num: 1306 Episode T: 135 Reward: 242.786
Total T: 40524 Episode Num: 1307 Episode T: 117 Reward: 204.643
Total T: 40821 Episode Num: 1308 Episode T: 297 Reward: 456.069
Total T: 41006 Episode Num: 1309 Episode T: 185 Reward: 303.321
Total T: 41252 Episode Num: 1310 Episode T: 246 Reward: 359.098
Total T: 41377 Episode Num: 1311 Episode T: 125 Reward: 235.355
Total T: 41510 Episode Num: 1312 Episode T: 133 Reward: 244.130
Total T: 41714 Episode Num: 1313 Episode T: 204 Reward: 305.369
Total T: 41898 Episode Num: 1314 Episode T: 184 Reward: 310.351
Total T: 42126 Episode Num: 1315 Episode T: 228 Reward: 321.067
Total T: 42292 Episode Num: 1316 Episode T: 166 Reward: 94.370
Total T: 42483 Episode Num: 1317 Episode T: 191 Reward: 280.163
Total T: 42781 Episode Num: 1318 Episode T: 298 Reward: 379.114
Total T: 42881 Episode Num: 1319 Episode T: 100 Reward: 58.288
Total T: 43063 Episode Num: 1320 Episode T: 182 Reward: 304.763
Total T: 43194 Episode Num: 1321 Episode T: 131 Reward: 180.073
Total T: 43327 Episode Num: 1322 Episode T: 133 Reward: 48.265
Total T: 43496 Episode Num: 1323 Episode T: 169 Reward: 85.565
Total T: 43653 Episode Num: 1324 Episode T: 157 Reward: 277.270
Total T: 43963 Episode Num: 1325 Episode T: 310 Reward: 462.894
Total T: 44175 Episode Num: 1326 Episode T: 212 Reward: 335.664
Total T: 44252 Episode Num: 1327 Episode T: 77 Reward: 38.390
Total T: 44340 Episode Num: 1328 Episode T: 88 Reward: 44.035
Total T: 44619 Episode Num: 1329 Episode T: 279 Reward: 370.174
Total T: 44795 Episode Num: 1330 Episode T: 176 Reward: 323.042
Total T: 44955 Episode Num: 1331 Episode T: 160 Reward: 274.470
---------------------------------------
Evaluation over 10 episodes: 251.253
---------------------------------------
Total T: 45107 Episode Num: 1332 Episode T: 152 Reward: 279.407
Total T: 45375 Episode Num: 1333 Episode T: 268 Reward: 394.650
Total T: 45504 Episode Num: 1334 Episode T: 129 Reward: 245.514
Total T: 45625 Episode Num: 1335 Episode T: 121 Reward: 56.685
Total T: 45774 Episode Num: 1336 Episode T: 149 Reward: 277.866
Total T: 45923 Episode Num: 1337 Episode T: 149 Reward: 223.954
Total T: 46109 Episode Num: 1338 Episode T: 186 Reward: 314.576
Total T: 46267 Episode Num: 1339 Episode T: 158 Reward: 268.394srun: Job step aborted: Waiting up to 32 seconds for job step to finish.
slurmstepd: *** JOB 188251 CANCELLED AT 2020-06-07T13:09:36 *** on simba-compute-15
slurmstepd: *** STEP 188251.0 CANCELLED AT 2020-06-07T13:09:36 *** on simba-compute-15
