---------------------------------------
Policy: TD3, Env: HalfCheetah-v2, Seed: 1
---------------------------------------
---------------------------------------
Evaluation over 10 episodes: -1.678
---------------------------------------
Total T: 1000 Episode Num: 1 Episode T: 1000 Reward: -418.729
Total T: 2000 Episode Num: 2 Episode T: 1000 Reward: -110.865
Total T: 3000 Episode Num: 3 Episode T: 1000 Reward: -350.401
Total T: 4000 Episode Num: 4 Episode T: 1000 Reward: -262.054
Total T: 5000 Episode Num: 5 Episode T: 1000 Reward: -265.326
---------------------------------------
Evaluation over 10 episodes: -1.666
---------------------------------------
Total T: 6000 Episode Num: 6 Episode T: 1000 Reward: -446.881
Total T: 7000 Episode Num: 7 Episode T: 1000 Reward: -350.914
Total T: 8000 Episode Num: 8 Episode T: 1000 Reward: -339.248
Total T: 9000 Episode Num: 9 Episode T: 1000 Reward: -421.653
Total T: 10000 Episode Num: 10 Episode T: 1000 Reward: -372.186
---------------------------------------
Evaluation over 10 episodes: -1.662
---------------------------------------
Total T: 11000 Episode Num: 11 Episode T: 1000 Reward: -215.996
Total T: 12000 Episode Num: 12 Episode T: 1000 Reward: -350.677
Total T: 13000 Episode Num: 13 Episode T: 1000 Reward: -191.221
Total T: 14000 Episode Num: 14 Episode T: 1000 Reward: -256.573
Total T: 15000 Episode Num: 15 Episode T: 1000 Reward: -409.767
---------------------------------------
Evaluation over 10 episodes: -1.686
---------------------------------------
Total T: 16000 Episode Num: 16 Episode T: 1000 Reward: -455.007
Total T: 17000 Episode Num: 17 Episode T: 1000 Reward: -166.239
Total T: 18000 Episode Num: 18 Episode T: 1000 Reward: -181.072
Total T: 19000 Episode Num: 19 Episode T: 1000 Reward: -292.308
Total T: 20000 Episode Num: 20 Episode T: 1000 Reward: -318.206
---------------------------------------
Evaluation over 10 episodes: -1.642
---------------------------------------
Total T: 21000 Episode Num: 21 Episode T: 1000 Reward: -131.820
Total T: 22000 Episode Num: 22 Episode T: 1000 Reward: -429.985
Total T: 23000 Episode Num: 23 Episode T: 1000 Reward: -305.257
Total T: 24000 Episode Num: 24 Episode T: 1000 Reward: -447.260
Total T: 25000 Episode Num: 25 Episode T: 1000 Reward: -350.563
---------------------------------------
Evaluation over 10 episodes: -1.635
---------------------------------------
Total T: 26000 Episode Num: 26 Episode T: 1000 Reward: -329.656
Total T: 27000 Episode Num: 27 Episode T: 1000 Reward: -260.983
Total T: 28000 Episode Num: 28 Episode T: 1000 Reward: -344.754
Total T: 29000 Episode Num: 29 Episode T: 1000 Reward: -386.303
Total T: 30000 Episode Num: 30 Episode T: 1000 Reward: -362.597
---------------------------------------
Evaluation over 10 episodes: -400.691
---------------------------------------
Total T: 31000 Episode Num: 31 Episode T: 1000 Reward: -414.474
Total T: 32000 Episode Num: 32 Episode T: 1000 Reward: -406.777
Total T: 33000 Episode Num: 33 Episode T: 1000 Reward: -401.120
Total T: 34000 Episode Num: 34 Episode T: 1000 Reward: -459.292
Total T: 35000 Episode Num: 35 Episode T: 1000 Reward: -406.027
---------------------------------------
Evaluation over 10 episodes: -381.374
---------------------------------------
Total T: 36000 Episode Num: 36 Episode T: 1000 Reward: -371.434
Total T: 37000 Episode Num: 37 Episode T: 1000 Reward: -305.121
Total T: 38000 Episode Num: 38 Episode T: 1000 Reward: -347.844
Total T: 39000 Episode Num: 39 Episode T: 1000 Reward: -408.048
Total T: 40000 Episode Num: 40 Episode T: 1000 Reward: 229.744
---------------------------------------
Evaluation over 10 episodes: 354.152
---------------------------------------
Total T: 41000 Episode Num: 41 Episode T: 1000 Reward: 430.997
Total T: 42000 Episode Num: 42 Episode T: 1000 Reward: 1133.719
Total T: 43000 Episode Num: 43 Episode T: 1000 Reward: 1679.549
Total T: 44000 Episode Num: 44 Episode T: 1000 Reward: 1773.607
Total T: 45000 Episode Num: 45 Episode T: 1000 Reward: 1567.040
---------------------------------------
Evaluation over 10 episodes: 1720.563
---------------------------------------
Total T: 46000 Episode Num: 46 Episode T: 1000 Reward: 591.352
Total T: 47000 Episode Num: 47 Episode T: 1000 Reward: 1910.316
Total T: 48000 Episode Num: 48 Episode T: 1000 Reward: 2085.985
Total T: 49000 Episode Num: 49 Episode T: 1000 Reward: 2150.640
Total T: 50000 Episode Num: 50 Episode T: 1000 Reward: 2210.443
---------------------------------------
Evaluation over 10 episodes: 2155.757
---------------------------------------
Total T: 51000 Episode Num: 51 Episode T: 1000 Reward: 2211.092
Total T: 52000 Episode Num: 52 Episode T: 1000 Reward: 2498.344
Total T: 53000 Episode Num: 53 Episode T: 1000 Reward: 2561.650
Total T: 54000 Episode Num: 54 Episode T: 1000 Reward: 2391.040
Total T: 55000 Episode Num: 55 Episode T: 1000 Reward: 2579.285
---------------------------------------
Evaluation over 10 episodes: 2568.386
---------------------------------------
Total T: 56000 Episode Num: 56 Episode T: 1000 Reward: 2706.361
Total T: 57000 Episode Num: 57 Episode T: 1000 Reward: 2794.045
Total T: 58000 Episode Num: 58 Episode T: 1000 Reward: 2970.416
Total T: 59000 Episode Num: 59 Episode T: 1000 Reward: 2992.466
Total T: 60000 Episode Num: 60 Episode T: 1000 Reward: 3203.695
---------------------------------------
Evaluation over 10 episodes: 3170.323
---------------------------------------
Total T: 61000 Episode Num: 61 Episode T: 1000 Reward: 3060.218
Total T: 62000 Episode Num: 62 Episode T: 1000 Reward: 3330.634
Total T: 63000 Episode Num: 63 Episode T: 1000 Reward: 3378.312
Total T: 64000 Episode Num: 64 Episode T: 1000 Reward: 3130.625
Total T: 65000 Episode Num: 65 Episode T: 1000 Reward: 3394.871
---------------------------------------
Evaluation over 10 episodes: 3489.364
---------------------------------------
Total T: 66000 Episode Num: 66 Episode T: 1000 Reward: 3479.670
Total T: 67000 Episode Num: 67 Episode T: 1000 Reward: 3452.498
Total T: 68000 Episode Num: 68 Episode T: 1000 Reward: 3511.855
Total T: 69000 Episode Num: 69 Episode T: 1000 Reward: 3534.015
Total T: 70000 Episode Num: 70 Episode T: 1000 Reward: 3686.721
---------------------------------------
Evaluation over 10 episodes: 3696.146
---------------------------------------
Total T: 71000 Episode Num: 71 Episode T: 1000 Reward: 3826.001
Total T: 72000 Episode Num: 72 Episode T: 1000 Reward: 3763.562
Total T: 73000 Episode Num: 73 Episode T: 1000 Reward: 3715.993
Total T: 74000 Episode Num: 74 Episode T: 1000 Reward: 3753.658
Total T: 75000 Episode Num: 75 Episode T: 1000 Reward: 3859.549
---------------------------------------
Evaluation over 10 episodes: 3816.731
---------------------------------------
Total T: 76000 Episode Num: 76 Episode T: 1000 Reward: 3765.102
Total T: 77000 Episode Num: 77 Episode T: 1000 Reward: 3765.973
Total T: 78000 Episode Num: 78 Episode T: 1000 Reward: 3816.193
Total T: 79000 Episode Num: 79 Episode T: 1000 Reward: 3767.581
Total T: 80000 Episode Num: 80 Episode T: 1000 Reward: 3865.722
---------------------------------------
Evaluation over 10 episodes: 3871.730
---------------------------------------
Total T: 81000 Episode Num: 81 Episode T: 1000 Reward: 3838.862
Total T: 82000 Episode Num: 82 Episode T: 1000 Reward: 3781.539
Total T: 83000 Episode Num: 83 Episode T: 1000 Reward: 3959.359
Total T: 84000 Episode Num: 84 Episode T: 1000 Reward: 3957.281
Total T: 85000 Episode Num: 85 Episode T: 1000 Reward: 3976.190
---------------------------------------
Evaluation over 10 episodes: 3965.849
---------------------------------------
Total T: 86000 Episode Num: 86 Episode T: 1000 Reward: 3915.349
Total T: 87000 Episode Num: 87 Episode T: 1000 Reward: 3950.905
Total T: 88000 Episode Num: 88 Episode T: 1000 Reward: 3916.779
Total T: 89000 Episode Num: 89 Episode T: 1000 Reward: 3878.040
Total T: 90000 Episode Num: 90 Episode T: 1000 Reward: 1595.707
---------------------------------------
Evaluation over 10 episodes: 3953.167
---------------------------------------
Total T: 91000 Episode Num: 91 Episode T: 1000 Reward: 3938.310
Total T: 92000 Episode Num: 92 Episode T: 1000 Reward: 3888.189
Total T: 93000 Episode Num: 93 Episode T: 1000 Reward: 3939.732
Total T: 94000 Episode Num: 94 Episode T: 1000 Reward: 3997.419
Total T: 95000 Episode Num: 95 Episode T: 1000 Reward: 3915.071
---------------------------------------
Evaluation over 10 episodes: 3979.611
---------------------------------------
Total T: 96000 Episode Num: 96 Episode T: 1000 Reward: 4040.453
Total T: 97000 Episode Num: 97 Episode T: 1000 Reward: 4006.639
Total T: 98000 Episode Num: 98 Episode T: 1000 Reward: 4040.810
Total T: 99000 Episode Num: 99 Episode T: 1000 Reward: 3884.777
Total T: 100000 Episode Num: 100 Episode T: 1000 Reward: 3966.464
---------------------------------------
Evaluation over 10 episodes: 4002.965
---------------------------------------
Total T: 101000 Episode Num: 101 Episode T: 1000 Reward: 3989.161
Total T: 102000 Episode Num: 102 Episode T: 1000 Reward: 4075.629
Total T: 103000 Episode Num: 103 Episode T: 1000 Reward: 3739.714
Total T: 104000 Episode Num: 104 Episode T: 1000 Reward: 4110.380
Total T: 105000 Episode Num: 105 Episode T: 1000 Reward: 3985.811
---------------------------------------
Evaluation over 10 episodes: 4048.558
---------------------------------------
Total T: 106000 Episode Num: 106 Episode T: 1000 Reward: 4215.342
Total T: 107000 Episode Num: 107 Episode T: 1000 Reward: 4101.488
Total T: 108000 Episode Num: 108 Episode T: 1000 Reward: 4133.201
Total T: 109000 Episode Num: 109 Episode T: 1000 Reward: 4209.105
Total T: 110000 Episode Num: 110 Episode T: 1000 Reward: 4181.022
---------------------------------------
Evaluation over 10 episodes: 4320.031
---------------------------------------
Total T: 111000 Episode Num: 111 Episode T: 1000 Reward: 4238.684
Total T: 112000 Episode Num: 112 Episode T: 1000 Reward: 4332.212
Total T: 113000 Episode Num: 113 Episode T: 1000 Reward: 4303.493
Total T: 114000 Episode Num: 114 Episode T: 1000 Reward: 4301.763
Total T: 115000 Episode Num: 115 Episode T: 1000 Reward: 4309.328
---------------------------------------
Evaluation over 10 episodes: 4459.806
---------------------------------------
Total T: 116000 Episode Num: 116 Episode T: 1000 Reward: 4475.493
Total T: 117000 Episode Num: 117 Episode T: 1000 Reward: 4473.517
Total T: 118000 Episode Num: 118 Episode T: 1000 Reward: 4359.917
Total T: 119000 Episode Num: 119 Episode T: 1000 Reward: 4515.189
Total T: 120000 Episode Num: 120 Episode T: 1000 Reward: 4614.816
---------------------------------------
Evaluation over 10 episodes: 4712.977
---------------------------------------
Total T: 121000 Episode Num: 121 Episode T: 1000 Reward: 4604.110
Total T: 122000 Episode Num: 122 Episode T: 1000 Reward: 4737.778
Total T: 123000 Episode Num: 123 Episode T: 1000 Reward: 4295.069
Total T: 124000 Episode Num: 124 Episode T: 1000 Reward: 4570.171
Total T: 125000 Episode Num: 125 Episode T: 1000 Reward: 4430.699
---------------------------------------
Evaluation over 10 episodes: 4642.215
---------------------------------------
Total T: 126000 Episode Num: 126 Episode T: 1000 Reward: 4244.470
Total T: 127000 Episode Num: 127 Episode T: 1000 Reward: 4502.273
Total T: 128000 Episode Num: 128 Episode T: 1000 Reward: 4776.951
Total T: 129000 Episode Num: 129 Episode T: 1000 Reward: 4506.606
Total T: 130000 Episode Num: 130 Episode T: 1000 Reward: 4690.452
---------------------------------------
Evaluation over 10 episodes: 4771.197
---------------------------------------
Total T: 131000 Episode Num: 131 Episode T: 1000 Reward: 4585.832
Total T: 132000 Episode Num: 132 Episode T: 1000 Reward: 4765.528
Total T: 133000 Episode Num: 133 Episode T: 1000 Reward: 4741.420
Total T: 134000 Episode Num: 134 Episode T: 1000 Reward: 4665.438
Total T: 135000 Episode Num: 135 Episode T: 1000 Reward: 4699.795
---------------------------------------
Evaluation over 10 episodes: 4695.169
---------------------------------------
Total T: 136000 Episode Num: 136 Episode T: 1000 Reward: 4744.781
Total T: 137000 Episode Num: 137 Episode T: 1000 Reward: 4709.486
Total T: 138000 Episode Num: 138 Episode T: 1000 Reward: 4741.606
Total T: 139000 Episode Num: 139 Episode T: 1000 Reward: 4563.626
Total T: 140000 Episode Num: 140 Episode T: 1000 Reward: 4791.631
---------------------------------------
Evaluation over 10 episodes: 4891.021
---------------------------------------
Total T: 141000 Episode Num: 141 Episode T: 1000 Reward: 4842.061
Total T: 142000 Episode Num: 142 Episode T: 1000 Reward: 4932.126
Total T: 143000 Episode Num: 143 Episode T: 1000 Reward: 5068.896
Total T: 144000 Episode Num: 144 Episode T: 1000 Reward: 5055.056
Total T: 145000 Episode Num: 145 Episode T: 1000 Reward: 5087.424
---------------------------------------
Evaluation over 10 episodes: 5122.780
---------------------------------------
Total T: 146000 Episode Num: 146 Episode T: 1000 Reward: 4956.785
Total T: 147000 Episode Num: 147 Episode T: 1000 Reward: 5073.884
Total T: 148000 Episode Num: 148 Episode T: 1000 Reward: 4941.434
Total T: 149000 Episode Num: 149 Episode T: 1000 Reward: 5062.796
Total T: 150000 Episode Num: 150 Episode T: 1000 Reward: 5208.741
---------------------------------------
Evaluation over 10 episodes: 5307.705
---------------------------------------
Total T: 151000 Episode Num: 151 Episode T: 1000 Reward: 4055.205
Total T: 152000 Episode Num: 152 Episode T: 1000 Reward: 5034.882
Total T: 153000 Episode Num: 153 Episode T: 1000 Reward: 4985.060
Total T: 154000 Episode Num: 154 Episode T: 1000 Reward: 5004.751
Total T: 155000 Episode Num: 155 Episode T: 1000 Reward: 5022.740
---------------------------------------
Evaluation over 10 episodes: 5002.223
---------------------------------------
Total T: 156000 Episode Num: 156 Episode T: 1000 Reward: 5111.464
Total T: 157000 Episode Num: 157 Episode T: 1000 Reward: 5059.301
Total T: 158000 Episode Num: 158 Episode T: 1000 Reward: 5210.290
Total T: 159000 Episode Num: 159 Episode T: 1000 Reward: 5168.274
Total T: 160000 Episode Num: 160 Episode T: 1000 Reward: 5265.970
---------------------------------------
Evaluation over 10 episodes: 5362.441
---------------------------------------
Total T: 161000 Episode Num: 161 Episode T: 1000 Reward: 5232.059
Total T: 162000 Episode Num: 162 Episode T: 1000 Reward: 5068.635
Total T: 163000 Episode Num: 163 Episode T: 1000 Reward: 5265.024
Total T: 164000 Episode Num: 164 Episode T: 1000 Reward: 5290.169
Total T: 165000 Episode Num: 165 Episode T: 1000 Reward: 5176.146
---------------------------------------
Evaluation over 10 episodes: 5505.244
---------------------------------------
Total T: 166000 Episode Num: 166 Episode T: 1000 Reward: 5253.018
Total T: 167000 Episode Num: 167 Episode T: 1000 Reward: 5374.137
Total T: 168000 Episode Num: 168 Episode T: 1000 Reward: 5391.175
Total T: 169000 Episode Num: 169 Episode T: 1000 Reward: 5427.858
Total T: 170000 Episode Num: 170 Episode T: 1000 Reward: 5409.316
---------------------------------------
Evaluation over 10 episodes: 5533.870
---------------------------------------
Total T: 171000 Episode Num: 171 Episode T: 1000 Reward: 5409.744
Total T: 172000 Episode Num: 172 Episode T: 1000 Reward: 5568.825
Total T: 173000 Episode Num: 173 Episode T: 1000 Reward: 5307.834
Total T: 174000 Episode Num: 174 Episode T: 1000 Reward: 5503.258
Total T: 175000 Episode Num: 175 Episode T: 1000 Reward: 5484.314
---------------------------------------
Evaluation over 10 episodes: 5594.147
---------------------------------------
Total T: 176000 Episode Num: 176 Episode T: 1000 Reward: 5406.951
Total T: 177000 Episode Num: 177 Episode T: 1000 Reward: 5591.517
Total T: 178000 Episode Num: 178 Episode T: 1000 Reward: 5625.193
Total T: 179000 Episode Num: 179 Episode T: 1000 Reward: 5450.949
Total T: 180000 Episode Num: 180 Episode T: 1000 Reward: 5432.356
---------------------------------------
Evaluation over 10 episodes: 5329.277
---------------------------------------
Total T: 181000 Episode Num: 181 Episode T: 1000 Reward: 5574.435
Total T: 182000 Episode Num: 182 Episode T: 1000 Reward: 5577.323
Total T: 183000 Episode Num: 183 Episode T: 1000 Reward: 5621.489
Total T: 184000 Episode Num: 184 Episode T: 1000 Reward: 5917.392
Total T: 185000 Episode Num: 185 Episode T: 1000 Reward: 5649.034