---------------------------------------
Policy: TD3, Env: HalfCheetah-v2, Seed: 0
---------------------------------------
---------------------------------------
Evaluation over 10 episodes: -1.189
---------------------------------------
Total T: 1000 Episode Num: 1 Episode T: 1000 Reward: -85.904
Total T: 2000 Episode Num: 2 Episode T: 1000 Reward: -307.764
Total T: 3000 Episode Num: 3 Episode T: 1000 Reward: -244.792
Total T: 4000 Episode Num: 4 Episode T: 1000 Reward: -337.581
Total T: 5000 Episode Num: 5 Episode T: 1000 Reward: -403.670
---------------------------------------
Evaluation over 10 episodes: -1.161
---------------------------------------
Total T: 6000 Episode Num: 6 Episode T: 1000 Reward: -313.110
Total T: 7000 Episode Num: 7 Episode T: 1000 Reward: -242.990
Total T: 8000 Episode Num: 8 Episode T: 1000 Reward: -396.824
Total T: 9000 Episode Num: 9 Episode T: 1000 Reward: -316.602
Total T: 10000 Episode Num: 10 Episode T: 1000 Reward: -220.109
---------------------------------------
Evaluation over 10 episodes: -1.120
---------------------------------------
Total T: 11000 Episode Num: 11 Episode T: 1000 Reward: -199.002
Total T: 12000 Episode Num: 12 Episode T: 1000 Reward: -255.402
Total T: 13000 Episode Num: 13 Episode T: 1000 Reward: -297.111
Total T: 14000 Episode Num: 14 Episode T: 1000 Reward: -342.092
Total T: 15000 Episode Num: 15 Episode T: 1000 Reward: -358.073
---------------------------------------
Evaluation over 10 episodes: -1.150
---------------------------------------
Total T: 16000 Episode Num: 16 Episode T: 1000 Reward: -283.641
Total T: 17000 Episode Num: 17 Episode T: 1000 Reward: -221.909
Total T: 18000 Episode Num: 18 Episode T: 1000 Reward: -298.176
Total T: 19000 Episode Num: 19 Episode T: 1000 Reward: -297.476
Total T: 20000 Episode Num: 20 Episode T: 1000 Reward: -198.544
---------------------------------------
Evaluation over 10 episodes: -1.132
---------------------------------------
Total T: 21000 Episode Num: 21 Episode T: 1000 Reward: -298.584
Total T: 22000 Episode Num: 22 Episode T: 1000 Reward: -347.692
Total T: 23000 Episode Num: 23 Episode T: 1000 Reward: -243.528
Total T: 24000 Episode Num: 24 Episode T: 1000 Reward: -207.753
Total T: 25000 Episode Num: 25 Episode T: 1000 Reward: -408.148
---------------------------------------
Evaluation over 10 episodes: -1.167
---------------------------------------
Total T: 26000 Episode Num: 26 Episode T: 1000 Reward: -511.442
Total T: 27000 Episode Num: 27 Episode T: 1000 Reward: -474.652
Total T: 28000 Episode Num: 28 Episode T: 1000 Reward: -573.722
Total T: 29000 Episode Num: 29 Episode T: 1000 Reward: -589.485
Total T: 30000 Episode Num: 30 Episode T: 1000 Reward: -596.231
---------------------------------------
Evaluation over 10 episodes: -570.550
---------------------------------------
Total T: 31000 Episode Num: 31 Episode T: 1000 Reward: -581.388
Total T: 32000 Episode Num: 32 Episode T: 1000 Reward: -622.942
Total T: 33000 Episode Num: 33 Episode T: 1000 Reward: -497.344
Total T: 34000 Episode Num: 34 Episode T: 1000 Reward: -518.798
Total T: 35000 Episode Num: 35 Episode T: 1000 Reward: -543.512
---------------------------------------
Evaluation over 10 episodes: -553.008
---------------------------------------
Total T: 36000 Episode Num: 36 Episode T: 1000 Reward: -508.752
Total T: 37000 Episode Num: 37 Episode T: 1000 Reward: -325.170
Total T: 38000 Episode Num: 38 Episode T: 1000 Reward: -91.904
Total T: 39000 Episode Num: 39 Episode T: 1000 Reward: 103.938
Total T: 40000 Episode Num: 40 Episode T: 1000 Reward: 328.042
---------------------------------------
Evaluation over 10 episodes: 440.526
---------------------------------------
Total T: 41000 Episode Num: 41 Episode T: 1000 Reward: 765.393
Total T: 42000 Episode Num: 42 Episode T: 1000 Reward: 35.203
Total T: 43000 Episode Num: 43 Episode T: 1000 Reward: 1331.370
Total T: 44000 Episode Num: 44 Episode T: 1000 Reward: 1429.967
Total T: 45000 Episode Num: 45 Episode T: 1000 Reward: 1409.728
---------------------------------------
Evaluation over 10 episodes: 1472.871
---------------------------------------
Total T: 46000 Episode Num: 46 Episode T: 1000 Reward: 1832.445
Total T: 47000 Episode Num: 47 Episode T: 1000 Reward: 1967.422
Total T: 48000 Episode Num: 48 Episode T: 1000 Reward: 2055.870
Total T: 49000 Episode Num: 49 Episode T: 1000 Reward: 2204.872
Total T: 50000 Episode Num: 50 Episode T: 1000 Reward: 1740.351
---------------------------------------
Evaluation over 10 episodes: 2350.740
---------------------------------------
Total T: 51000 Episode Num: 51 Episode T: 1000 Reward: 2393.923
Total T: 52000 Episode Num: 52 Episode T: 1000 Reward: 2650.827
Total T: 53000 Episode Num: 53 Episode T: 1000 Reward: 2144.577
Total T: 54000 Episode Num: 54 Episode T: 1000 Reward: 2432.399
Total T: 55000 Episode Num: 55 Episode T: 1000 Reward: 3043.397
---------------------------------------
Evaluation over 10 episodes: 599.984
---------------------------------------
Total T: 56000 Episode Num: 56 Episode T: 1000 Reward: 1046.825
Total T: 57000 Episode Num: 57 Episode T: 1000 Reward: 2163.065
Total T: 58000 Episode Num: 58 Episode T: 1000 Reward: 2605.091
Total T: 59000 Episode Num: 59 Episode T: 1000 Reward: 2815.664
Total T: 60000 Episode Num: 60 Episode T: 1000 Reward: 2993.612
---------------------------------------
Evaluation over 10 episodes: 2446.092
---------------------------------------
Total T: 61000 Episode Num: 61 Episode T: 1000 Reward: 2878.540
Total T: 62000 Episode Num: 62 Episode T: 1000 Reward: 2970.113
Total T: 63000 Episode Num: 63 Episode T: 1000 Reward: 3066.853
Total T: 64000 Episode Num: 64 Episode T: 1000 Reward: 2820.664
Total T: 65000 Episode Num: 65 Episode T: 1000 Reward: 3017.877
---------------------------------------
Evaluation over 10 episodes: 2087.224
---------------------------------------
Total T: 66000 Episode Num: 66 Episode T: 1000 Reward: 3275.238
Total T: 67000 Episode Num: 67 Episode T: 1000 Reward: 3223.600
Total T: 68000 Episode Num: 68 Episode T: 1000 Reward: 3280.417
Total T: 69000 Episode Num: 69 Episode T: 1000 Reward: 3247.337
Total T: 70000 Episode Num: 70 Episode T: 1000 Reward: 3660.098
---------------------------------------
Evaluation over 10 episodes: 3553.939
---------------------------------------
Total T: 71000 Episode Num: 71 Episode T: 1000 Reward: 3493.052
Total T: 72000 Episode Num: 72 Episode T: 1000 Reward: 3681.103
Total T: 73000 Episode Num: 73 Episode T: 1000 Reward: 3528.273
Total T: 74000 Episode Num: 74 Episode T: 1000 Reward: 3707.127
Total T: 75000 Episode Num: 75 Episode T: 1000 Reward: 3709.154
---------------------------------------
Evaluation over 10 episodes: 2763.220
---------------------------------------
Total T: 76000 Episode Num: 76 Episode T: 1000 Reward: 3835.445
Total T: 77000 Episode Num: 77 Episode T: 1000 Reward: 3804.767
Total T: 78000 Episode Num: 78 Episode T: 1000 Reward: 3702.207
Total T: 79000 Episode Num: 79 Episode T: 1000 Reward: 4102.300
Total T: 80000 Episode Num: 80 Episode T: 1000 Reward: 3849.524
---------------------------------------
Evaluation over 10 episodes: 3594.703
---------------------------------------
Total T: 81000 Episode Num: 81 Episode T: 1000 Reward: 1424.471
Total T: 82000 Episode Num: 82 Episode T: 1000 Reward: 4205.030
Total T: 83000 Episode Num: 83 Episode T: 1000 Reward: 3882.167
Total T: 84000 Episode Num: 84 Episode T: 1000 Reward: 3865.517
Total T: 85000 Episode Num: 85 Episode T: 1000 Reward: 4003.627
---------------------------------------
Evaluation over 10 episodes: 3135.496
---------------------------------------
Total T: 86000 Episode Num: 86 Episode T: 1000 Reward: 4188.553
Total T: 87000 Episode Num: 87 Episode T: 1000 Reward: 3897.959
Total T: 88000 Episode Num: 88 Episode T: 1000 Reward: -89.102
Total T: 89000 Episode Num: 89 Episode T: 1000 Reward: 2656.269
Total T: 90000 Episode Num: 90 Episode T: 1000 Reward: 4215.282
---------------------------------------
Evaluation over 10 episodes: 3972.547
---------------------------------------
Total T: 91000 Episode Num: 91 Episode T: 1000 Reward: 3973.502
Total T: 92000 Episode Num: 92 Episode T: 1000 Reward: 4086.892
Total T: 93000 Episode Num: 93 Episode T: 1000 Reward: 4311.850
Total T: 94000 Episode Num: 94 Episode T: 1000 Reward: 4325.034
Total T: 95000 Episode Num: 95 Episode T: 1000 Reward: 4490.698
---------------------------------------
Evaluation over 10 episodes: 4358.843
---------------------------------------
Total T: 96000 Episode Num: 96 Episode T: 1000 Reward: 4425.485
Total T: 97000 Episode Num: 97 Episode T: 1000 Reward: 4426.246
Total T: 98000 Episode Num: 98 Episode T: 1000 Reward: 4602.558
Total T: 99000 Episode Num: 99 Episode T: 1000 Reward: 4193.762
Total T: 100000 Episode Num: 100 Episode T: 1000 Reward: 4326.088
---------------------------------------
Evaluation over 10 episodes: 3549.436
---------------------------------------
Total T: 101000 Episode Num: 101 Episode T: 1000 Reward: 4623.151
Total T: 102000 Episode Num: 102 Episode T: 1000 Reward: 4472.392
Total T: 103000 Episode Num: 103 Episode T: 1000 Reward: 4447.843
Total T: 104000 Episode Num: 104 Episode T: 1000 Reward: 4409.107
Total T: 105000 Episode Num: 105 Episode T: 1000 Reward: 4561.366
---------------------------------------
Evaluation over 10 episodes: 4627.397
---------------------------------------
Total T: 106000 Episode Num: 106 Episode T: 1000 Reward: 4522.869
Total T: 107000 Episode Num: 107 Episode T: 1000 Reward: 4566.344
Total T: 108000 Episode Num: 108 Episode T: 1000 Reward: 4417.910
Total T: 109000 Episode Num: 109 Episode T: 1000 Reward: 4812.050
Total T: 110000 Episode Num: 110 Episode T: 1000 Reward: 4557.314
---------------------------------------
Evaluation over 10 episodes: 4611.369
---------------------------------------
Total T: 111000 Episode Num: 111 Episode T: 1000 Reward: 4838.989
Total T: 112000 Episode Num: 112 Episode T: 1000 Reward: 4770.178
Total T: 113000 Episode Num: 113 Episode T: 1000 Reward: 4471.398
Total T: 114000 Episode Num: 114 Episode T: 1000 Reward: 4569.972
Total T: 115000 Episode Num: 115 Episode T: 1000 Reward: 4580.454
---------------------------------------
Evaluation over 10 episodes: 2974.916
---------------------------------------
Total T: 116000 Episode Num: 116 Episode T: 1000 Reward: 4794.276
Total T: 117000 Episode Num: 117 Episode T: 1000 Reward: 4863.544
Total T: 118000 Episode Num: 118 Episode T: 1000 Reward: 4542.892
Total T: 119000 Episode Num: 119 Episode T: 1000 Reward: 4736.712
Total T: 120000 Episode Num: 120 Episode T: 1000 Reward: 4574.721
---------------------------------------
Evaluation over 10 episodes: 4949.360
---------------------------------------
Total T: 121000 Episode Num: 121 Episode T: 1000 Reward: 4577.079
Total T: 122000 Episode Num: 122 Episode T: 1000 Reward: 5049.890
Total T: 123000 Episode Num: 123 Episode T: 1000 Reward: 5093.076
Total T: 124000 Episode Num: 124 Episode T: 1000 Reward: 4951.619
Total T: 125000 Episode Num: 125 Episode T: 1000 Reward: 4958.691
---------------------------------------
Evaluation over 10 episodes: 5018.580
---------------------------------------
Total T: 126000 Episode Num: 126 Episode T: 1000 Reward: 4824.756
Total T: 127000 Episode Num: 127 Episode T: 1000 Reward: 5058.924
Total T: 128000 Episode Num: 128 Episode T: 1000 Reward: 4632.574
Total T: 129000 Episode Num: 129 Episode T: 1000 Reward: 4695.475
Total T: 130000 Episode Num: 130 Episode T: 1000 Reward: 4755.363
---------------------------------------
Evaluation over 10 episodes: 3833.428
---------------------------------------
Total T: 131000 Episode Num: 131 Episode T: 1000 Reward: 5026.007
Total T: 132000 Episode Num: 132 Episode T: 1000 Reward: 4923.495
Total T: 133000 Episode Num: 133 Episode T: 1000 Reward: 2074.813
Total T: 134000 Episode Num: 134 Episode T: 1000 Reward: 5183.474
Total T: 135000 Episode Num: 135 Episode T: 1000 Reward: 4916.859
---------------------------------------
Evaluation over 10 episodes: 4904.646
---------------------------------------
Total T: 136000 Episode Num: 136 Episode T: 1000 Reward: 4996.639
Total T: 137000 Episode Num: 137 Episode T: 1000 Reward: 5217.541
Total T: 138000 Episode Num: 138 Episode T: 1000 Reward: 5063.319
Total T: 139000 Episode Num: 139 Episode T: 1000 Reward: 4924.446
Total T: 140000 Episode Num: 140 Episode T: 1000 Reward: 5015.905
---------------------------------------
Evaluation over 10 episodes: 4901.020
---------------------------------------
Total T: 141000 Episode Num: 141 Episode T: 1000 Reward: 5032.860
Total T: 142000 Episode Num: 142 Episode T: 1000 Reward: 1041.934
Total T: 143000 Episode Num: 143 Episode T: 1000 Reward: 5211.802
Total T: 144000 Episode Num: 144 Episode T: 1000 Reward: 2731.711
Total T: 145000 Episode Num: 145 Episode T: 1000 Reward: 2623.167
---------------------------------------
Evaluation over 10 episodes: 5029.755
---------------------------------------
Total T: 146000 Episode Num: 146 Episode T: 1000 Reward: 5204.642
Total T: 147000 Episode Num: 147 Episode T: 1000 Reward: 5359.135
Total T: 148000 Episode Num: 148 Episode T: 1000 Reward: 5249.296
Total T: 149000 Episode Num: 149 Episode T: 1000 Reward: 5487.600
Total T: 150000 Episode Num: 150 Episode T: 1000 Reward: 5387.516
---------------------------------------
Evaluation over 10 episodes: 5181.733
---------------------------------------
Total T: 151000 Episode Num: 151 Episode T: 1000 Reward: 5402.529
Total T: 152000 Episode Num: 152 Episode T: 1000 Reward: 5341.803
Total T: 153000 Episode Num: 153 Episode T: 1000 Reward: 5168.598
Total T: 154000 Episode Num: 154 Episode T: 1000 Reward: 5244.503
Total T: 155000 Episode Num: 155 Episode T: 1000 Reward: 5552.369
---------------------------------------
Evaluation over 10 episodes: 5238.730
---------------------------------------
Total T: 156000 Episode Num: 156 Episode T: 1000 Reward: 5464.334
Total T: 157000 Episode Num: 157 Episode T: 1000 Reward: 5510.283
Total T: 158000 Episode Num: 158 Episode T: 1000 Reward: 5186.081
Total T: 159000 Episode Num: 159 Episode T: 1000 Reward: 5480.642
Total T: 160000 Episode Num: 160 Episode T: 1000 Reward: 5443.149
---------------------------------------
Evaluation over 10 episodes: 5387.679
---------------------------------------
Total T: 161000 Episode Num: 161 Episode T: 1000 Reward: 5387.777
Total T: 162000 Episode Num: 162 Episode T: 1000 Reward: 5380.203
Total T: 163000 Episode Num: 163 Episode T: 1000 Reward: 5405.963
Total T: 164000 Episode Num: 164 Episode T: 1000 Reward: 5171.338
Total T: 165000 Episode Num: 165 Episode T: 1000 Reward: 5294.905
---------------------------------------
Evaluation over 10 episodes: 5407.089
---------------------------------------
Total T: 166000 Episode Num: 166 Episode T: 1000 Reward: 5650.390
Total T: 167000 Episode Num: 167 Episode T: 1000 Reward: 5565.752
Total T: 168000 Episode Num: 168 Episode T: 1000 Reward: 5626.388
Total T: 169000 Episode Num: 169 Episode T: 1000 Reward: 5446.505
Total T: 170000 Episode Num: 170 Episode T: 1000 Reward: 5278.614
---------------------------------------
Evaluation over 10 episodes: 5289.819
---------------------------------------
Total T: 171000 Episode Num: 171 Episode T: 1000 Reward: 5646.514
Total T: 172000 Episode Num: 172 Episode T: 1000 Reward: 5492.833
Total T: 173000 Episode Num: 173 Episode T: 1000 Reward: 5418.267
Total T: 174000 Episode Num: 174 Episode T: 1000 Reward: 5481.993
Total T: 175000 Episode Num: 175 Episode T: 1000 Reward: 5405.184
---------------------------------------
Evaluation over 10 episodes: 5452.019
---------------------------------------
Total T: 176000 Episode Num: 176 Episode T: 1000 Reward: 5745.742
Total T: 177000 Episode Num: 177 Episode T: 1000 Reward: 3089.686
Total T: 178000 Episode Num: 178 Episode T: 1000 Reward: 5610.886
Total T: 179000 Episode Num: 179 Episode T: 1000 Reward: 5379.673
Total T: 180000 Episode Num: 180 Episode T: 1000 Reward: 5631.021
---------------------------------------
Evaluation over 10 episodes: 5685.408
---------------------------------------
Total T: 181000 Episode Num: 181 Episode T: 1000 Reward: 5743.718
Total T: 182000 Episode Num: 182 Episode T: 1000 Reward: 5505.729
Total T: 183000 Episode Num: 183 Episode T: 1000 Reward: 5685.663
Total T: 184000 Episode Num: 184 Episode T: 1000 Reward: 5434.821
Total T: 185000 Episode Num: 185 Episode T: 1000 Reward: 5709.036
---------------------------------------
Evaluation over 10 episodes: 5617.462
---------------------------------------
Total T: 186000 Episode Num: 186 Episode T: 1000 Reward: 5624.009
Total T: 187000 Episode Num: 187 Episode T: 1000 Reward: 5910.785
Total T: 188000 Episode Num: 188 Episode T: 1000 Reward: 5627.248
Total T: 189000 Episode Num: 189 Episode T: 1000 Reward: 5692.848
Total T: 190000 Episode Num: 190 Episode T: 1000 Reward: 5916.483
---------------------------------------
Evaluation over 10 episodes: 5826.844
---------------------------------------
Total T: 191000 Episode Num: 191 Episode T: 1000 Reward: 5707.843
Total T: 192000 Episode Num: 192 Episode T: 1000 Reward: 5990.317
Total T: 193000 Episode Num: 193 Episode T: 1000 Reward: 5534.605
Total T: 194000 Episode Num: 194 Episode T: 1000 Reward: 5688.606
Total T: 195000 Episode Num: 195 Episode T: 1000 Reward: 5736.867
---------------------------------------
Evaluation over 10 episodes: 5725.189
---------------------------------------
Total T: 196000 Episode Num: 196 Episode T: 1000 Reward: 6010.043
Total T: 197000 Episode Num: 197 Episode T: 1000 Reward: 5832.831
Total T: 198000 Episode Num: 198 Episode T: 1000 Reward: 5820.524
Total T: 199000 Episode Num: 199 Episode T: 1000 Reward: 5562.316
Total T: 200000 Episode Num: 200 Episode T: 1000 Reward: 5978.431
---------------------------------------
Evaluation over 10 episodes: 4996.721
---------------------------------------
Total T: 201000 Episode Num: 201 Episode T: 1000 Reward: 5768.980
Total T: 202000 Episode Num: 202 Episode T: 1000 Reward: 5950.879
Total T: 203000 Episode Num: 203 Episode T: 1000 Reward: 6059.257
Total T: 204000 Episode Num: 204 Episode T: 1000 Reward: 5819.846
Total T: 205000 Episode Num: 205 Episode T: 1000 Reward: 6044.115
---------------------------------------
Evaluation over 10 episodes: 5967.527
---------------------------------------
Total T: 206000 Episode Num: 206 Episode T: 1000 Reward: 6094.903
Total T: 207000 Episode Num: 207 Episode T: 1000 Reward: 6184.581
Total T: 208000 Episode Num: 208 Episode T: 1000 Reward: 5865.585
Total T: 209000 Episode Num: 209 Episode T: 1000 Reward: 5911.595
Total T: 210000 Episode Num: 210 Episode T: 1000 Reward: 5956.153
---------------------------------------
Evaluation over 10 episodes: 5882.949
---------------------------------------
Total T: 211000 Episode Num: 211 Episode T: 1000 Reward: 6184.397
Total T: 212000 Episode Num: 212 Episode T: 1000 Reward: 6229.805
Total T: 213000 Episode Num: 213 Episode T: 1000 Reward: 6241.416
Total T: 214000 Episode Num: 214 Episode T: 1000 Reward: 6111.033
Total T: 215000 Episode Num: 215 Episode T: 1000 Reward: 6275.744
---------------------------------------
Evaluation over 10 episodes: 5884.642
---------------------------------------
Total T: 216000 Episode Num: 216 Episode T: 1000 Reward: 6044.948
Total T: 217000 Episode Num: 217 Episode T: 1000 Reward: 6153.499
Total T: 218000 Episode Num: 218 Episode T: 1000 Reward: 6371.223
Total T: 219000 Episode Num: 219 Episode T: 1000 Reward: 6204.320
Total T: 220000 Episode Num: 220 Episode T: 1000 Reward: 6415.937
---------------------------------------
Evaluation over 10 episodes: 6395.758
---------------------------------------
Total T: 221000 Episode Num: 221 Episode T: 1000 Reward: 5965.679
Total T: 222000 Episode Num: 222 Episode T: 1000 Reward: 6299.259
Total T: 223000 Episode Num: 223 Episode T: 1000 Reward: 6236.221
Total T: 224000 Episode Num: 224 Episode T: 1000 Reward: 6584.337
Total T: 225000 Episode Num: 225 Episode T: 1000 Reward: 6016.968
---------------------------------------
Evaluation over 10 episodes: 6444.913
---------------------------------------
Total T: 226000 Episode Num: 226 Episode T: 1000 Reward: 6283.497
Total T: 227000 Episode Num: 227 Episode T: 1000 Reward: 6382.985
Total T: 228000 Episode Num: 228 Episode T: 1000 Reward: 6257.577
Total T: 229000 Episode Num: 229 Episode T: 1000 Reward: 6165.327
Total T: 230000 Episode Num: 230 Episode T: 1000 Reward: 6025.722
---------------------------------------
Evaluation over 10 episodes: 6339.485
---------------------------------------
Total T: 231000 Episode Num: 231 Episode T: 1000 Reward: 6296.874
Total T: 232000 Episode Num: 232 Episode T: 1000 Reward: 6386.133
Total T: 233000 Episode Num: 233 Episode T: 1000 Reward: 6112.276
Total T: 234000 Episode Num: 234 Episode T: 1000 Reward: 6454.085
Total T: 235000 Episode Num: 235 Episode T: 1000 Reward: 6310.791
---------------------------------------
Evaluation over 10 episodes: 5709.873
---------------------------------------
Total T: 236000 Episode Num: 236 Episode T: 1000 Reward: 6068.135
Total T: 237000 Episode Num: 237 Episode T: 1000 Reward: 6455.200
Total T: 238000 Episode Num: 238 Episode T: 1000 Reward: 6519.476
Total T: 239000 Episode Num: 239 Episode T: 1000 Reward: 6371.946
Total T: 240000 Episode Num: 240 Episode T: 1000 Reward: 6288.175
---------------------------------------
Evaluation over 10 episodes: 6532.058
---------------------------------------
Total T: 241000 Episode Num: 241 Episode T: 1000 Reward: 6456.562
Total T: 242000 Episode Num: 242 Episode T: 1000 Reward: 6388.044
Total T: 243000 Episode Num: 243 Episode T: 1000 Reward: 6702.801
Total T: 244000 Episode Num: 244 Episode T: 1000 Reward: 6370.031
Total T: 245000 Episode Num: 245 Episode T: 1000 Reward: 6414.335
---------------------------------------
Evaluation over 10 episodes: 6588.120
---------------------------------------
Total T: 246000 Episode Num: 246 Episode T: 1000 Reward: 6539.025
Total T: 247000 Episode Num: 247 Episode T: 1000 Reward: 6534.531
Total T: 248000 Episode Num: 248 Episode T: 1000 Reward: 6930.812
Total T: 249000 Episode Num: 249 Episode T: 1000 Reward: 6712.609
Total T: 250000 Episode Num: 250 Episode T: 1000 Reward: 6528.924
---------------------------------------
Evaluation over 10 episodes: 6833.475
---------------------------------------
Total T: 251000 Episode Num: 251 Episode T: 1000 Reward: 6541.131
Total T: 252000 Episode Num: 252 Episode T: 1000 Reward: 6635.199
Total T: 253000 Episode Num: 253 Episode T: 1000 Reward: 6842.525
Total T: 254000 Episode Num: 254 Episode T: 1000 Reward: 6676.568
Total T: 255000 Episode Num: 255 Episode T: 1000 Reward: 6435.530
---------------------------------------
Evaluation over 10 episodes: 6715.648
---------------------------------------
Total T: 256000 Episode Num: 256 Episode T: 1000 Reward: 6937.651
Total T: 257000 Episode Num: 257 Episode T: 1000 Reward: 6560.001
Total T: 258000 Episode Num: 258 Episode T: 1000 Reward: 6912.565
Total T: 259000 Episode Num: 259 Episode T: 1000 Reward: 3330.836
Total T: 260000 Episode Num: 260 Episode T: 1000 Reward: 6658.383
---------------------------------------
Evaluation over 10 episodes: 6814.696
---------------------------------------
Total T: 261000 Episode Num: 261 Episode T: 1000 Reward: 6569.522
Total T: 262000 Episode Num: 262 Episode T: 1000 Reward: 7079.982
Total T: 263000 Episode Num: 263 Episode T: 1000 Reward: 6757.024
Total T: 264000 Episode Num: 264 Episode T: 1000 Reward: 6648.447
Total T: 265000 Episode Num: 265 Episode T: 1000 Reward: 6687.832
---------------------------------------
Evaluation over 10 episodes: 6921.348
---------------------------------------
Total T: 266000 Episode Num: 266 Episode T: 1000 Reward: 6772.152
Total T: 267000 Episode Num: 267 Episode T: 1000 Reward: 7036.454
Total T: 268000 Episode Num: 268 Episode T: 1000 Reward: 6635.993
Total T: 269000 Episode Num: 269 Episode T: 1000 Reward: 6801.733
Total T: 270000 Episode Num: 270 Episode T: 1000 Reward: 6739.462
---------------------------------------
Evaluation over 10 episodes: 6721.067
---------------------------------------
Total T: 271000 Episode Num: 271 Episode T: 1000 Reward: 6924.988
Total T: 272000 Episode Num: 272 Episode T: 1000 Reward: 6984.634
Total T: 273000 Episode Num: 273 Episode T: 1000 Reward: 6920.836
Total T: 274000 Episode Num: 274 Episode T: 1000 Reward: 6778.521
Total T: 275000 Episode Num: 275 Episode T: 1000 Reward: 7181.580
---------------------------------------
Evaluation over 10 episodes: 7038.250
---------------------------------------
Total T: 276000 Episode Num: 276 Episode T: 1000 Reward: 7037.218
Total T: 277000 Episode Num: 277 Episode T: 1000 Reward: 7139.806
Total T: 278000 Episode Num: 278 Episode T: 1000 Reward: 7060.899
Total T: 279000 Episode Num: 279 Episode T: 1000 Reward: 6901.591
Total T: 280000 Episode Num: 280 Episode T: 1000 Reward: 6752.473
---------------------------------------
Evaluation over 10 episodes: 7114.201
---------------------------------------
Total T: 281000 Episode Num: 281 Episode T: 1000 Reward: 6954.698
Total T: 282000 Episode Num: 282 Episode T: 1000 Reward: 7021.508
Total T: 283000 Episode Num: 283 Episode T: 1000 Reward: 7256.284
Total T: 284000 Episode Num: 284 Episode T: 1000 Reward: 6966.325
Total T: 285000 Episode Num: 285 Episode T: 1000 Reward: 7174.377
---------------------------------------
Evaluation over 10 episodes: 7014.387
---------------------------------------
Total T: 286000 Episode Num: 286 Episode T: 1000 Reward: 6832.295
Total T: 287000 Episode Num: 287 Episode T: 1000 Reward: 6992.732
Total T: 288000 Episode Num: 288 Episode T: 1000 Reward: 6700.440
Total T: 289000 Episode Num: 289 Episode T: 1000 Reward: 6992.245
Total T: 290000 Episode Num: 290 Episode T: 1000 Reward: 7096.463
---------------------------------------
Evaluation over 10 episodes: 6792.657
---------------------------------------
Total T: 291000 Episode Num: 291 Episode T: 1000 Reward: 7376.350
Total T: 292000 Episode Num: 292 Episode T: 1000 Reward: 7102.677
Total T: 293000 Episode Num: 293 Episode T: 1000 Reward: 7098.879
Total T: 294000 Episode Num: 294 Episode T: 1000 Reward: 7226.175
Total T: 295000 Episode Num: 295 Episode T: 1000 Reward: 7022.792
---------------------------------------
Evaluation over 10 episodes: 7185.840
---------------------------------------
Total T: 296000 Episode Num: 296 Episode T: 1000 Reward: 6978.329
Total T: 297000 Episode Num: 297 Episode T: 1000 Reward: 7215.683
Total T: 298000 Episode Num: 298 Episode T: 1000 Reward: 7271.882
Total T: 299000 Episode Num: 299 Episode T: 1000 Reward: 7084.747
Total T: 300000 Episode Num: 300 Episode T: 1000 Reward: 6937.486
---------------------------------------
Evaluation over 10 episodes: 7220.443
---------------------------------------
Total T: 301000 Episode Num: 301 Episode T: 1000 Reward: 7067.228
Total T: 302000 Episode Num: 302 Episode T: 1000 Reward: 7268.748
Total T: 303000 Episode Num: 303 Episode T: 1000 Reward: 7160.032
Total T: 304000 Episode Num: 304 Episode T: 1000 Reward: 7404.653
Total T: 305000 Episode Num: 305 Episode T: 1000 Reward: 7476.270
---------------------------------------
Evaluation over 10 episodes: 7031.806
---------------------------------------
Total T: 306000 Episode Num: 306 Episode T: 1000 Reward: 7299.876
Total T: 307000 Episode Num: 307 Episode T: 1000 Reward: 6834.125
Total T: 308000 Episode Num: 308 Episode T: 1000 Reward: 6836.558
Total T: 309000 Episode Num: 309 Episode T: 1000 Reward: 6892.670
Total T: 310000 Episode Num: 310 Episode T: 1000 Reward: 7166.461
---------------------------------------
Evaluation over 10 episodes: 7317.978
---------------------------------------
Total T: 311000 Episode Num: 311 Episode T: 1000 Reward: 7132.831
Total T: 312000 Episode Num: 312 Episode T: 1000 Reward: 7272.000
Total T: 313000 Episode Num: 313 Episode T: 1000 Reward: 7206.685
Total T: 314000 Episode Num: 314 Episode T: 1000 Reward: 7223.068
Total T: 315000 Episode Num: 315 Episode T: 1000 Reward: 7232.442
---------------------------------------
Evaluation over 10 episodes: 7450.106
---------------------------------------
Total T: 316000 Episode Num: 316 Episode T: 1000 Reward: 1327.719
Total T: 317000 Episode Num: 317 Episode T: 1000 Reward: 7446.015
Total T: 318000 Episode Num: 318 Episode T: 1000 Reward: 7219.526
Total T: 319000 Episode Num: 319 Episode T: 1000 Reward: 7345.051
Total T: 320000 Episode Num: 320 Episode T: 1000 Reward: 7359.615
---------------------------------------
Evaluation over 10 episodes: 7484.759
---------------------------------------
Total T: 321000 Episode Num: 321 Episode T: 1000 Reward: 7530.525
Total T: 322000 Episode Num: 322 Episode T: 1000 Reward: 7444.756
Total T: 323000 Episode Num: 323 Episode T: 1000 Reward: 7143.818
Total T: 324000 Episode Num: 324 Episode T: 1000 Reward: 7109.348
Total T: 325000 Episode Num: 325 Episode T: 1000 Reward: 7525.723
---------------------------------------
Evaluation over 10 episodes: 7245.548
---------------------------------------
Total T: 326000 Episode Num: 326 Episode T: 1000 Reward: 7272.687
Total T: 327000 Episode Num: 327 Episode T: 1000 Reward: 7344.702
Total T: 328000 Episode Num: 328 Episode T: 1000 Reward: 7200.210
Total T: 329000 Episode Num: 329 Episode T: 1000 Reward: 7040.190
Total T: 330000 Episode Num: 330 Episode T: 1000 Reward: 7528.347
---------------------------------------
Evaluation over 10 episodes: 7476.357
---------------------------------------
Total T: 331000 Episode Num: 331 Episode T: 1000 Reward: 7610.508
Total T: 332000 Episode Num: 332 Episode T: 1000 Reward: 7336.603
Total T: 333000 Episode Num: 333 Episode T: 1000 Reward: 7363.842
Total T: 334000 Episode Num: 334 Episode T: 1000 Reward: 7466.294
Total T: 335000 Episode Num: 335 Episode T: 1000 Reward: 7464.445
---------------------------------------
Evaluation over 10 episodes: 7601.518
---------------------------------------
Total T: 336000 Episode Num: 336 Episode T: 1000 Reward: 7219.587
Total T: 337000 Episode Num: 337 Episode T: 1000 Reward: 7287.777
Total T: 338000 Episode Num: 338 Episode T: 1000 Reward: 7322.611
Total T: 339000 Episode Num: 339 Episode T: 1000 Reward: 7387.135
Total T: 340000 Episode Num: 340 Episode T: 1000 Reward: 7626.466
---------------------------------------
Evaluation over 10 episodes: 7483.957
---------------------------------------
Total T: 341000 Episode Num: 341 Episode T: 1000 Reward: 7521.371
Total T: 342000 Episode Num: 342 Episode T: 1000 Reward: 7471.952
Total T: 343000 Episode Num: 343 Episode T: 1000 Reward: 7417.365
Total T: 344000 Episode Num: 344 Episode T: 1000 Reward: 7115.531
Total T: 345000 Episode Num: 345 Episode T: 1000 Reward: 7662.291
---------------------------------------
Evaluation over 10 episodes: 7513.135
---------------------------------------
Total T: 346000 Episode Num: 346 Episode T: 1000 Reward: 7583.995
Total T: 347000 Episode Num: 347 Episode T: 1000 Reward: 7787.109
Total T: 348000 Episode Num: 348 Episode T: 1000 Reward: 7783.281
Total T: 349000 Episode Num: 349 Episode T: 1000 Reward: 7271.024
Total T: 350000 Episode Num: 350 Episode T: 1000 Reward: 7405.606
---------------------------------------
Evaluation over 10 episodes: 6839.128
---------------------------------------
Total T: 351000 Episode Num: 351 Episode T: 1000 Reward: 7416.149
Total T: 352000 Episode Num: 352 Episode T: 1000 Reward: 7831.160
Total T: 353000 Episode Num: 353 Episode T: 1000 Reward: 7315.410
Total T: 354000 Episode Num: 354 Episode T: 1000 Reward: 7428.065
Total T: 355000 Episode Num: 355 Episode T: 1000 Reward: 7624.687
---------------------------------------
Evaluation over 10 episodes: 7680.358
---------------------------------------
Total T: 356000 Episode Num: 356 Episode T: 1000 Reward: 7663.528
Total T: 357000 Episode Num: 357 Episode T: 1000 Reward: 7539.800
Total T: 358000 Episode Num: 358 Episode T: 1000 Reward: 7643.408
Total T: 359000 Episode Num: 359 Episode T: 1000 Reward: 7266.273
Total T: 360000 Episode Num: 360 Episode T: 1000 Reward: 7560.109
---------------------------------------
Evaluation over 10 episodes: 7855.557
---------------------------------------
Total T: 361000 Episode Num: 361 Episode T: 1000 Reward: 7897.892
Total T: 362000 Episode Num: 362 Episode T: 1000 Reward: 7660.895
Total T: 363000 Episode Num: 363 Episode T: 1000 Reward: 7577.557
Total T: 364000 Episode Num: 364 Episode T: 1000 Reward: 7940.192
Total T: 365000 Episode Num: 365 Episode T: 1000 Reward: 7933.940
---------------------------------------
Evaluation over 10 episodes: 7682.254
---------------------------------------
Total T: 366000 Episode Num: 366 Episode T: 1000 Reward: 7773.127
Total T: 367000 Episode Num: 367 Episode T: 1000 Reward: 7497.720
Total T: 368000 Episode Num: 368 Episode T: 1000 Reward: 7611.215
Total T: 369000 Episode Num: 369 Episode T: 1000 Reward: 8253.282
Total T: 370000 Episode Num: 370 Episode T: 1000 Reward: 7782.080
---------------------------------------
Evaluation over 10 episodes: 7583.403
---------------------------------------
Total T: 371000 Episode Num: 371 Episode T: 1000 Reward: 7528.224
Total T: 372000 Episode Num: 372 Episode T: 1000 Reward: 7563.046
Total T: 373000 Episode Num: 373 Episode T: 1000 Reward: 7642.536
Total T: 374000 Episode Num: 374 Episode T: 1000 Reward: 7746.367
Total T: 375000 Episode Num: 375 Episode T: 1000 Reward: 7263.868
---------------------------------------
Evaluation over 10 episodes: 7709.228
---------------------------------------
Total T: 376000 Episode Num: 376 Episode T: 1000 Reward: 8271.830
Total T: 377000 Episode Num: 377 Episode T: 1000 Reward: 7870.754
Total T: 378000 Episode Num: 378 Episode T: 1000 Reward: 7759.313
Total T: 379000 Episode Num: 379 Episode T: 1000 Reward: 7874.992
Total T: 380000 Episode Num: 380 Episode T: 1000 Reward: 7922.500
---------------------------------------
Evaluation over 10 episodes: 7951.970
---------------------------------------
Total T: 381000 Episode Num: 381 Episode T: 1000 Reward: 7845.491
Total T: 382000 Episode Num: 382 Episode T: 1000 Reward: 7633.532
Total T: 383000 Episode Num: 383 Episode T: 1000 Reward: 7909.553
Total T: 384000 Episode Num: 384 Episode T: 1000 Reward: 8039.473
Total T: 385000 Episode Num: 385 Episode T: 1000 Reward: 8039.540
---------------------------------------
Evaluation over 10 episodes: 7745.164
---------------------------------------
Total T: 386000 Episode Num: 386 Episode T: 1000 Reward: 8031.445
Total T: 387000 Episode Num: 387 Episode T: 1000 Reward: 7832.664
Total T: 388000 Episode Num: 388 Episode T: 1000 Reward: 8036.457
Total T: 389000 Episode Num: 389 Episode T: 1000 Reward: 8186.732
Total T: 390000 Episode Num: 390 Episode T: 1000 Reward: 8320.391
---------------------------------------
Evaluation over 10 episodes: 8157.787
---------------------------------------
Total T: 391000 Episode Num: 391 Episode T: 1000 Reward: 7945.870
Total T: 392000 Episode Num: 392 Episode T: 1000 Reward: 7920.448
Total T: 393000 Episode Num: 393 Episode T: 1000 Reward: 8004.057
Total T: 394000 Episode Num: 394 Episode T: 1000 Reward: 4912.183
Total T: 395000 Episode Num: 395 Episode T: 1000 Reward: 8073.639
---------------------------------------
Evaluation over 10 episodes: 8043.407
---------------------------------------
Total T: 396000 Episode Num: 396 Episode T: 1000 Reward: 8177.577
Total T: 397000 Episode Num: 397 Episode T: 1000 Reward: 8159.216
Total T: 398000 Episode Num: 398 Episode T: 1000 Reward: 8012.638
Total T: 399000 Episode Num: 399 Episode T: 1000 Reward: 7891.638
Total T: 400000 Episode Num: 400 Episode T: 1000 Reward: 8240.713
---------------------------------------
Evaluation over 10 episodes: 7718.014
---------------------------------------
Total T: 401000 Episode Num: 401 Episode T: 1000 Reward: 7990.216
Total T: 402000 Episode Num: 402 Episode T: 1000 Reward: 8280.147
Total T: 403000 Episode Num: 403 Episode T: 1000 Reward: 8202.119
Total T: 404000 Episode Num: 404 Episode T: 1000 Reward: 4395.306
Total T: 405000 Episode Num: 405 Episode T: 1000 Reward: 8375.082
---------------------------------------
Evaluation over 10 episodes: 7965.404
---------------------------------------
Total T: 406000 Episode Num: 406 Episode T: 1000 Reward: 8174.503
Total T: 407000 Episode Num: 407 Episode T: 1000 Reward: 8276.623
Total T: 408000 Episode Num: 408 Episode T: 1000 Reward: 8221.812
Total T: 409000 Episode Num: 409 Episode T: 1000 Reward: 8281.428
Total T: 410000 Episode Num: 410 Episode T: 1000 Reward: 8008.818
---------------------------------------
Evaluation over 10 episodes: 8080.998
---------------------------------------
Total T: 411000 Episode Num: 411 Episode T: 1000 Reward: 7895.712
Total T: 412000 Episode Num: 412 Episode T: 1000 Reward: 8519.231
Total T: 413000 Episode Num: 413 Episode T: 1000 Reward: 8358.014
Total T: 414000 Episode Num: 414 Episode T: 1000 Reward: 8236.108
Total T: 415000 Episode Num: 415 Episode T: 1000 Reward: 8191.182
---------------------------------------
Evaluation over 10 episodes: 8283.839
---------------------------------------
Total T: 416000 Episode Num: 416 Episode T: 1000 Reward: 8454.758
Total T: 417000 Episode Num: 417 Episode T: 1000 Reward: 8321.531
Total T: 418000 Episode Num: 418 Episode T: 1000 Reward: 8336.421
Total T: 419000 Episode Num: 419 Episode T: 1000 Reward: 8098.773
Total T: 420000 Episode Num: 420 Episode T: 1000 Reward: 8178.522
---------------------------------------
Evaluation over 10 episodes: 8467.154
---------------------------------------
Total T: 421000 Episode Num: 421 Episode T: 1000 Reward: 8092.353
Total T: 422000 Episode Num: 422 Episode T: 1000 Reward: 8287.335
Total T: 423000 Episode Num: 423 Episode T: 1000 Reward: 8125.131
Total T: 424000 Episode Num: 424 Episode T: 1000 Reward: 8394.185
Total T: 425000 Episode Num: 425 Episode T: 1000 Reward: 8368.625
---------------------------------------
Evaluation over 10 episodes: 7913.867
---------------------------------------
Total T: 426000 Episode Num: 426 Episode T: 1000 Reward: 8319.751
Total T: 427000 Episode Num: 427 Episode T: 1000 Reward: 8543.051
Total T: 428000 Episode Num: 428 Episode T: 1000 Reward: 8194.145
Total T: 429000 Episode Num: 429 Episode T: 1000 Reward: 8615.740
Total T: 430000 Episode Num: 430 Episode T: 1000 Reward: 8452.784
---------------------------------------
Evaluation over 10 episodes: 8255.893
---------------------------------------
Total T: 431000 Episode Num: 431 Episode T: 1000 Reward: 8425.978
Total T: 432000 Episode Num: 432 Episode T: 1000 Reward: 8603.749
Total T: 433000 Episode Num: 433 Episode T: 1000 Reward: 8845.787
Total T: 434000 Episode Num: 434 Episode T: 1000 Reward: 8333.414
Total T: 435000 Episode Num: 435 Episode T: 1000 Reward: 8627.301
---------------------------------------
Evaluation over 10 episodes: 8467.576
---------------------------------------
Total T: 436000 Episode Num: 436 Episode T: 1000 Reward: 8154.189
Total T: 437000 Episode Num: 437 Episode T: 1000 Reward: 8538.101
Total T: 438000 Episode Num: 438 Episode T: 1000 Reward: 8436.138
Total T: 439000 Episode Num: 439 Episode T: 1000 Reward: 8684.032
Total T: 440000 Episode Num: 440 Episode T: 1000 Reward: 8614.383
---------------------------------------
Evaluation over 10 episodes: 7490.650
---------------------------------------
Total T: 441000 Episode Num: 441 Episode T: 1000 Reward: 8678.060
Total T: 442000 Episode Num: 442 Episode T: 1000 Reward: 8426.448
Total T: 443000 Episode Num: 443 Episode T: 1000 Reward: 8652.071
Total T: 444000 Episode Num: 444 Episode T: 1000 Reward: 8669.831
Total T: 445000 Episode Num: 445 Episode T: 1000 Reward: 8395.679
---------------------------------------
Evaluation over 10 episodes: 8507.484
---------------------------------------
Total T: 446000 Episode Num: 446 Episode T: 1000 Reward: 8566.626
Total T: 447000 Episode Num: 447 Episode T: 1000 Reward: 8770.406
Total T: 448000 Episode Num: 448 Episode T: 1000 Reward: 8577.768
Total T: 449000 Episode Num: 449 Episode T: 1000 Reward: 8527.647
Total T: 450000 Episode Num: 450 Episode T: 1000 Reward: 8565.118
---------------------------------------
Evaluation over 10 episodes: 8743.023
---------------------------------------
Total T: 451000 Episode Num: 451 Episode T: 1000 Reward: 8344.649
Total T: 452000 Episode Num: 452 Episode T: 1000 Reward: 923.389
Total T: 453000 Episode Num: 453 Episode T: 1000 Reward: 8565.307
Total T: 454000 Episode Num: 454 Episode T: 1000 Reward: 8551.277
Total T: 455000 Episode Num: 455 Episode T: 1000 Reward: 8495.448
---------------------------------------
Evaluation over 10 episodes: 8560.298
---------------------------------------
Total T: 456000 Episode Num: 456 Episode T: 1000 Reward: 8986.083
Total T: 457000 Episode Num: 457 Episode T: 1000 Reward: 8631.379
Total T: 458000 Episode Num: 458 Episode T: 1000 Reward: 8638.843
Total T: 459000 Episode Num: 459 Episode T: 1000 Reward: 8534.213
Total T: 460000 Episode Num: 460 Episode T: 1000 Reward: 8539.784
---------------------------------------
Evaluation over 10 episodes: 8668.266
---------------------------------------
Total T: 461000 Episode Num: 461 Episode T: 1000 Reward: 8388.137
Total T: 462000 Episode Num: 462 Episode T: 1000 Reward: 8525.288
Total T: 463000 Episode Num: 463 Episode T: 1000 Reward: 8071.594
Total T: 464000 Episode Num: 464 Episode T: 1000 Reward: 8768.172
Total T: 465000 Episode Num: 465 Episode T: 1000 Reward: 8381.123
---------------------------------------
Evaluation over 10 episodes: 8669.398
---------------------------------------
Total T: 466000 Episode Num: 466 Episode T: 1000 Reward: 8125.571
Total T: 467000 Episode Num: 467 Episode T: 1000 Reward: 8401.099
Total T: 468000 Episode Num: 468 Episode T: 1000 Reward: 8574.491
Total T: 469000 Episode Num: 469 Episode T: 1000 Reward: 9059.607
Total T: 470000 Episode Num: 470 Episode T: 1000 Reward: 8528.397
---------------------------------------
Evaluation over 10 episodes: 8825.623
---------------------------------------
Total T: 471000 Episode Num: 471 Episode T: 1000 Reward: 8482.663
Total T: 472000 Episode Num: 472 Episode T: 1000 Reward: 8635.983
Total T: 473000 Episode Num: 473 Episode T: 1000 Reward: 8671.502
Total T: 474000 Episode Num: 474 Episode T: 1000 Reward: 8519.813
Total T: 475000 Episode Num: 475 Episode T: 1000 Reward: 8582.756
---------------------------------------
Evaluation over 10 episodes: 8777.519
---------------------------------------
Total T: 476000 Episode Num: 476 Episode T: 1000 Reward: 8744.211
Total T: 477000 Episode Num: 477 Episode T: 1000 Reward: 8720.507
Total T: 478000 Episode Num: 478 Episode T: 1000 Reward: 8153.094
Total T: 479000 Episode Num: 479 Episode T: 1000 Reward: 8784.039
Total T: 480000 Episode Num: 480 Episode T: 1000 Reward: 8749.317
---------------------------------------
Evaluation over 10 episodes: 8789.647
---------------------------------------
Total T: 481000 Episode Num: 481 Episode T: 1000 Reward: 8402.438
Total T: 482000 Episode Num: 482 Episode T: 1000 Reward: 8590.191
Total T: 483000 Episode Num: 483 Episode T: 1000 Reward: 8826.776
Total T: 484000 Episode Num: 484 Episode T: 1000 Reward: 8360.453
Total T: 485000 Episode Num: 485 Episode T: 1000 Reward: 8871.310
---------------------------------------
Evaluation over 10 episodes: 8565.629
---------------------------------------
Total T: 486000 Episode Num: 486 Episode T: 1000 Reward: 8777.269
Total T: 487000 Episode Num: 487 Episode T: 1000 Reward: 8537.546
Total T: 488000 Episode Num: 488 Episode T: 1000 Reward: 8402.330
Total T: 489000 Episode Num: 489 Episode T: 1000 Reward: 8896.869
Total T: 490000 Episode Num: 490 Episode T: 1000 Reward: 9186.926
---------------------------------------
Evaluation over 10 episodes: 8736.984
---------------------------------------
Total T: 491000 Episode Num: 491 Episode T: 1000 Reward: 8977.793
Total T: 492000 Episode Num: 492 Episode T: 1000 Reward: 8901.461
Total T: 493000 Episode Num: 493 Episode T: 1000 Reward: 9022.116
Total T: 494000 Episode Num: 494 Episode T: 1000 Reward: 8765.376
Total T: 495000 Episode Num: 495 Episode T: 1000 Reward: 8635.887
---------------------------------------
Evaluation over 10 episodes: 8548.014
---------------------------------------
Total T: 496000 Episode Num: 496 Episode T: 1000 Reward: 9023.659
Total T: 497000 Episode Num: 497 Episode T: 1000 Reward: 8721.365
Total T: 498000 Episode Num: 498 Episode T: 1000 Reward: 8774.812
Total T: 499000 Episode Num: 499 Episode T: 1000 Reward: 8968.501
Total T: 500000 Episode Num: 500 Episode T: 1000 Reward: 8621.952
---------------------------------------
Evaluation over 10 episodes: 8946.239
---------------------------------------
Total T: 501000 Episode Num: 501 Episode T: 1000 Reward: 8822.319
Total T: 502000 Episode Num: 502 Episode T: 1000 Reward: 8974.229
Total T: 503000 Episode Num: 503 Episode T: 1000 Reward: 9315.985
Total T: 504000 Episode Num: 504 Episode T: 1000 Reward: 9031.578
Total T: 505000 Episode Num: 505 Episode T: 1000 Reward: 9024.496
---------------------------------------
Evaluation over 10 episodes: 8645.400
---------------------------------------
Total T: 506000 Episode Num: 506 Episode T: 1000 Reward: 8930.092
Total T: 507000 Episode Num: 507 Episode T: 1000 Reward: 8956.217
Total T: 508000 Episode Num: 508 Episode T: 1000 Reward: 9162.979
Total T: 509000 Episode Num: 509 Episode T: 1000 Reward: 8748.059
Total T: 510000 Episode Num: 510 Episode T: 1000 Reward: 9068.142
---------------------------------------
Evaluation over 10 episodes: 8630.609
---------------------------------------
Total T: 511000 Episode Num: 511 Episode T: 1000 Reward: 8760.465
Total T: 512000 Episode Num: 512 Episode T: 1000 Reward: 9050.219
Total T: 513000 Episode Num: 513 Episode T: 1000 Reward: 8797.459
Total T: 514000 Episode Num: 514 Episode T: 1000 Reward: 9120.625
Total T: 515000 Episode Num: 515 Episode T: 1000 Reward: 8949.690
---------------------------------------
Evaluation over 10 episodes: 9023.084
---------------------------------------
Total T: 516000 Episode Num: 516 Episode T: 1000 Reward: 8830.700
Total T: 517000 Episode Num: 517 Episode T: 1000 Reward: 9067.580
Total T: 518000 Episode Num: 518 Episode T: 1000 Reward: 8627.874
Total T: 519000 Episode Num: 519 Episode T: 1000 Reward: 8889.278
Total T: 520000 Episode Num: 520 Episode T: 1000 Reward: 9182.044
---------------------------------------
Evaluation over 10 episodes: 9131.214
---------------------------------------
Total T: 521000 Episode Num: 521 Episode T: 1000 Reward: 8849.061
Total T: 522000 Episode Num: 522 Episode T: 1000 Reward: 9012.964
Total T: 523000 Episode Num: 523 Episode T: 1000 Reward: 8814.415
Total T: 524000 Episode Num: 524 Episode T: 1000 Reward: 8774.147
Total T: 525000 Episode Num: 525 Episode T: 1000 Reward: 9029.681
---------------------------------------
Evaluation over 10 episodes: 8940.551
---------------------------------------
Total T: 526000 Episode Num: 526 Episode T: 1000 Reward: 9092.262
Total T: 527000 Episode Num: 527 Episode T: 1000 Reward: 8777.047
Total T: 528000 Episode Num: 528 Episode T: 1000 Reward: 9286.943
Total T: 529000 Episode Num: 529 Episode T: 1000 Reward: 8946.172
Total T: 530000 Episode Num: 530 Episode T: 1000 Reward: 9180.026
---------------------------------------
Evaluation over 10 episodes: 9117.277
---------------------------------------
Total T: 531000 Episode Num: 531 Episode T: 1000 Reward: 9137.318
Total T: 532000 Episode Num: 532 Episode T: 1000 Reward: 9090.534
Total T: 533000 Episode Num: 533 Episode T: 1000 Reward: 8974.000
Total T: 534000 Episode Num: 534 Episode T: 1000 Reward: 9115.478
Total T: 535000 Episode Num: 535 Episode T: 1000 Reward: 8750.919
---------------------------------------
Evaluation over 10 episodes: 8881.168
---------------------------------------
Total T: 536000 Episode Num: 536 Episode T: 1000 Reward: 9125.340
Total T: 537000 Episode Num: 537 Episode T: 1000 Reward: 9010.658
Total T: 538000 Episode Num: 538 Episode T: 1000 Reward: 8953.758
Total T: 539000 Episode Num: 539 Episode T: 1000 Reward: 9017.946
Total T: 540000 Episode Num: 540 Episode T: 1000 Reward: 9185.982
---------------------------------------
Evaluation over 10 episodes: 9002.184
---------------------------------------
Total T: 541000 Episode Num: 541 Episode T: 1000 Reward: 9189.181
Total T: 542000 Episode Num: 542 Episode T: 1000 Reward: 8922.559
Total T: 543000 Episode Num: 543 Episode T: 1000 Reward: 8958.989
Total T: 544000 Episode Num: 544 Episode T: 1000 Reward: 8850.033
Total T: 545000 Episode Num: 545 Episode T: 1000 Reward: 9221.847
---------------------------------------
Evaluation over 10 episodes: 9100.708
---------------------------------------
Total T: 546000 Episode Num: 546 Episode T: 1000 Reward: 9162.303
Total T: 547000 Episode Num: 547 Episode T: 1000 Reward: 9200.193
Total T: 548000 Episode Num: 548 Episode T: 1000 Reward: 8989.305
Total T: 549000 Episode Num: 549 Episode T: 1000 Reward: 9108.071
Total T: 550000 Episode Num: 550 Episode T: 1000 Reward: 8913.720
---------------------------------------
Evaluation over 10 episodes: 9181.468
---------------------------------------
Total T: 551000 Episode Num: 551 Episode T: 1000 Reward: 9264.474
Total T: 552000 Episode Num: 552 Episode T: 1000 Reward: 9249.313
Total T: 553000 Episode Num: 553 Episode T: 1000 Reward: 8664.176
Total T: 554000 Episode Num: 554 Episode T: 1000 Reward: 9283.718
Total T: 555000 Episode Num: 555 Episode T: 1000 Reward: 9017.973
---------------------------------------
Evaluation over 10 episodes: 9200.155
---------------------------------------
Total T: 556000 Episode Num: 556 Episode T: 1000 Reward: 9161.685
Total T: 557000 Episode Num: 557 Episode T: 1000 Reward: 9315.730
Total T: 558000 Episode Num: 558 Episode T: 1000 Reward: 9230.835
Total T: 559000 Episode Num: 559 Episode T: 1000 Reward: 9352.201
Total T: 560000 Episode Num: 560 Episode T: 1000 Reward: 8890.941
---------------------------------------
Evaluation over 10 episodes: 9212.927
---------------------------------------
Total T: 561000 Episode Num: 561 Episode T: 1000 Reward: 8993.079
Total T: 562000 Episode Num: 562 Episode T: 1000 Reward: 9513.883
Total T: 563000 Episode Num: 563 Episode T: 1000 Reward: 9425.118
Total T: 564000 Episode Num: 564 Episode T: 1000 Reward: 9328.697
Total T: 565000 Episode Num: 565 Episode T: 1000 Reward: 9001.422
---------------------------------------
Evaluation over 10 episodes: 9307.508
---------------------------------------
Total T: 566000 Episode Num: 566 Episode T: 1000 Reward: 9295.364
Total T: 567000 Episode Num: 567 Episode T: 1000 Reward: 9172.695
Total T: 568000 Episode Num: 568 Episode T: 1000 Reward: 8843.722
Total T: 569000 Episode Num: 569 Episode T: 1000 Reward: 9140.973
Total T: 570000 Episode Num: 570 Episode T: 1000 Reward: 9097.850
---------------------------------------
Evaluation over 10 episodes: 8905.726
---------------------------------------
Total T: 571000 Episode Num: 571 Episode T: 1000 Reward: 8956.990
Total T: 572000 Episode Num: 572 Episode T: 1000 Reward: 9297.703
Total T: 573000 Episode Num: 573 Episode T: 1000 Reward: 9406.814
Total T: 574000 Episode Num: 574 Episode T: 1000 Reward: 9314.363
Total T: 575000 Episode Num: 575 Episode T: 1000 Reward: 9044.485
---------------------------------------
Evaluation over 10 episodes: 9256.766
---------------------------------------
Total T: 576000 Episode Num: 576 Episode T: 1000 Reward: 8975.990
Total T: 577000 Episode Num: 577 Episode T: 1000 Reward: 9031.861
Total T: 578000 Episode Num: 578 Episode T: 1000 Reward: 9003.045
Total T: 579000 Episode Num: 579 Episode T: 1000 Reward: 9349.216
Total T: 580000 Episode Num: 580 Episode T: 1000 Reward: 9023.667
---------------------------------------
Evaluation over 10 episodes: 9284.183
---------------------------------------
Total T: 581000 Episode Num: 581 Episode T: 1000 Reward: 8898.228
Total T: 582000 Episode Num: 582 Episode T: 1000 Reward: 9217.243
Total T: 583000 Episode Num: 583 Episode T: 1000 Reward: 9156.127
Total T: 584000 Episode Num: 584 Episode T: 1000 Reward: 9368.668
Total T: 585000 Episode Num: 585 Episode T: 1000 Reward: 9099.586
---------------------------------------
Evaluation over 10 episodes: 8908.499
---------------------------------------
Total T: 586000 Episode Num: 586 Episode T: 1000 Reward: 9046.395
Total T: 587000 Episode Num: 587 Episode T: 1000 Reward: 9105.062
Total T: 588000 Episode Num: 588 Episode T: 1000 Reward: 9450.151
Total T: 589000 Episode Num: 589 Episode T: 1000 Reward: 9390.854
Total T: 590000 Episode Num: 590 Episode T: 1000 Reward: 9226.204
---------------------------------------
Evaluation over 10 episodes: 9344.201
---------------------------------------
Total T: 591000 Episode Num: 591 Episode T: 1000 Reward: 9452.583
Total T: 592000 Episode Num: 592 Episode T: 1000 Reward: 8939.874
Total T: 593000 Episode Num: 593 Episode T: 1000 Reward: 9410.210
Total T: 594000 Episode Num: 594 Episode T: 1000 Reward: 9377.622
Total T: 595000 Episode Num: 595 Episode T: 1000 Reward: 9317.838
---------------------------------------
Evaluation over 10 episodes: 9388.795
---------------------------------------
Total T: 596000 Episode Num: 596 Episode T: 1000 Reward: 9307.199
Total T: 597000 Episode Num: 597 Episode T: 1000 Reward: 8965.891
Total T: 598000 Episode Num: 598 Episode T: 1000 Reward: 9188.681
Total T: 599000 Episode Num: 599 Episode T: 1000 Reward: 9084.581
Total T: 600000 Episode Num: 600 Episode T: 1000 Reward: 9059.490
---------------------------------------
Evaluation over 10 episodes: 9442.289
---------------------------------------
Total T: 601000 Episode Num: 601 Episode T: 1000 Reward: 9306.560
Total T: 602000 Episode Num: 602 Episode T: 1000 Reward: 1175.605
Total T: 603000 Episode Num: 603 Episode T: 1000 Reward: 9513.949
Total T: 604000 Episode Num: 604 Episode T: 1000 Reward: 9342.816
Total T: 605000 Episode Num: 605 Episode T: 1000 Reward: 9042.087
---------------------------------------
Evaluation over 10 episodes: 9533.991
---------------------------------------
Total T: 606000 Episode Num: 606 Episode T: 1000 Reward: 9174.256
Total T: 607000 Episode Num: 607 Episode T: 1000 Reward: 9519.247
Total T: 608000 Episode Num: 608 Episode T: 1000 Reward: 9106.796
Total T: 609000 Episode Num: 609 Episode T: 1000 Reward: 9166.647
Total T: 610000 Episode Num: 610 Episode T: 1000 Reward: 9283.870
---------------------------------------
Evaluation over 10 episodes: 9399.580
---------------------------------------
Total T: 611000 Episode Num: 611 Episode T: 1000 Reward: 9106.481
Total T: 612000 Episode Num: 612 Episode T: 1000 Reward: 9225.875
Total T: 613000 Episode Num: 613 Episode T: 1000 Reward: 9170.056
Total T: 614000 Episode Num: 614 Episode T: 1000 Reward: 9629.762
Total T: 615000 Episode Num: 615 Episode T: 1000 Reward: 9194.826
---------------------------------------
Evaluation over 10 episodes: 9573.659
---------------------------------------
Total T: 616000 Episode Num: 616 Episode T: 1000 Reward: 9204.394
Total T: 617000 Episode Num: 617 Episode T: 1000 Reward: 9369.752
Total T: 618000 Episode Num: 618 Episode T: 1000 Reward: 9382.430
Total T: 619000 Episode Num: 619 Episode T: 1000 Reward: 9335.161
Total T: 620000 Episode Num: 620 Episode T: 1000 Reward: 9390.654
---------------------------------------
Evaluation over 10 episodes: 9458.398
---------------------------------------
Total T: 621000 Episode Num: 621 Episode T: 1000 Reward: 9486.237
Total T: 622000 Episode Num: 622 Episode T: 1000 Reward: 9459.651
Total T: 623000 Episode Num: 623 Episode T: 1000 Reward: 9079.528
Total T: 624000 Episode Num: 624 Episode T: 1000 Reward: 9411.633
Total T: 625000 Episode Num: 625 Episode T: 1000 Reward: 9711.736
---------------------------------------
Evaluation over 10 episodes: 9166.820
---------------------------------------
Total T: 626000 Episode Num: 626 Episode T: 1000 Reward: 9141.297
Total T: 627000 Episode Num: 627 Episode T: 1000 Reward: 9031.764
Total T: 628000 Episode Num: 628 Episode T: 1000 Reward: 9656.546
Total T: 629000 Episode Num: 629 Episode T: 1000 Reward: 9340.580
Total T: 630000 Episode Num: 630 Episode T: 1000 Reward: 9270.983
---------------------------------------
Evaluation over 10 episodes: 8791.811
---------------------------------------
Total T: 631000 Episode Num: 631 Episode T: 1000 Reward: 9430.224
Total T: 632000 Episode Num: 632 Episode T: 1000 Reward: 9745.012
Total T: 633000 Episode Num: 633 Episode T: 1000 Reward: 9665.613
Total T: 634000 Episode Num: 634 Episode T: 1000 Reward: 9725.235
Total T: 635000 Episode Num: 635 Episode T: 1000 Reward: 9546.819
---------------------------------------
Evaluation over 10 episodes: 9561.096
---------------------------------------
Total T: 636000 Episode Num: 636 Episode T: 1000 Reward: 9595.787
Total T: 637000 Episode Num: 637 Episode T: 1000 Reward: 9545.922
Total T: 638000 Episode Num: 638 Episode T: 1000 Reward: 9589.026
Total T: 639000 Episode Num: 639 Episode T: 1000 Reward: 9813.640
Total T: 640000 Episode Num: 640 Episode T: 1000 Reward: 9655.460
---------------------------------------
Evaluation over 10 episodes: 9247.632
---------------------------------------
Total T: 641000 Episode Num: 641 Episode T: 1000 Reward: 9723.299
Total T: 642000 Episode Num: 642 Episode T: 1000 Reward: 9405.865
Total T: 643000 Episode Num: 643 Episode T: 1000 Reward: 9568.063
Total T: 644000 Episode Num: 644 Episode T: 1000 Reward: 9735.870
Total T: 645000 Episode Num: 645 Episode T: 1000 Reward: 9395.562
---------------------------------------
Evaluation over 10 episodes: 9476.661
---------------------------------------
Total T: 646000 Episode Num: 646 Episode T: 1000 Reward: 9516.042
Total T: 647000 Episode Num: 647 Episode T: 1000 Reward: 9753.949
Total T: 648000 Episode Num: 648 Episode T: 1000 Reward: 9282.767
Total T: 649000 Episode Num: 649 Episode T: 1000 Reward: 9625.275
Total T: 650000 Episode Num: 650 Episode T: 1000 Reward: 9476.319
---------------------------------------
Evaluation over 10 episodes: 9446.369
---------------------------------------
Total T: 651000 Episode Num: 651 Episode T: 1000 Reward: 9418.620
Total T: 652000 Episode Num: 652 Episode T: 1000 Reward: 9664.698
Total T: 653000 Episode Num: 653 Episode T: 1000 Reward: 9372.385
Total T: 654000 Episode Num: 654 Episode T: 1000 Reward: 9171.605
Total T: 655000 Episode Num: 655 Episode T: 1000 Reward: 9454.660
---------------------------------------
Evaluation over 10 episodes: 9670.156
---------------------------------------
Total T: 656000 Episode Num: 656 Episode T: 1000 Reward: 9587.820
Total T: 657000 Episode Num: 657 Episode T: 1000 Reward: 8996.246
Total T: 658000 Episode Num: 658 Episode T: 1000 Reward: 9450.641
Total T: 659000 Episode Num: 659 Episode T: 1000 Reward: 9269.332
Total T: 660000 Episode Num: 660 Episode T: 1000 Reward: 9546.647
---------------------------------------
Evaluation over 10 episodes: 9407.485
---------------------------------------
Total T: 661000 Episode Num: 661 Episode T: 1000 Reward: 9589.132
Total T: 662000 Episode Num: 662 Episode T: 1000 Reward: 9553.436
Total T: 663000 Episode Num: 663 Episode T: 1000 Reward: 9260.434
Total T: 664000 Episode Num: 664 Episode T: 1000 Reward: 9447.689
Total T: 665000 Episode Num: 665 Episode T: 1000 Reward: 9689.335
---------------------------------------
Evaluation over 10 episodes: 9578.589
---------------------------------------
Total T: 666000 Episode Num: 666 Episode T: 1000 Reward: 9717.833
Total T: 667000 Episode Num: 667 Episode T: 1000 Reward: 9453.110
Total T: 668000 Episode Num: 668 Episode T: 1000 Reward: 9691.466
Total T: 669000 Episode Num: 669 Episode T: 1000 Reward: 9980.785
Total T: 670000 Episode Num: 670 Episode T: 1000 Reward: 9881.327
---------------------------------------
Evaluation over 10 episodes: 9303.807
---------------------------------------
Total T: 671000 Episode Num: 671 Episode T: 1000 Reward: 9588.020
Total T: 672000 Episode Num: 672 Episode T: 1000 Reward: 9459.864
Total T: 673000 Episode Num: 673 Episode T: 1000 Reward: 9314.094
Total T: 674000 Episode Num: 674 Episode T: 1000 Reward: 9725.531
Total T: 675000 Episode Num: 675 Episode T: 1000 Reward: 9576.642
---------------------------------------
Evaluation over 10 episodes: 9267.695
---------------------------------------
Total T: 676000 Episode Num: 676 Episode T: 1000 Reward: 9767.308
Total T: 677000 Episode Num: 677 Episode T: 1000 Reward: 9538.110
Total T: 678000 Episode Num: 678 Episode T: 1000 Reward: 9788.965
Total T: 679000 Episode Num: 679 Episode T: 1000 Reward: 9547.093
Total T: 680000 Episode Num: 680 Episode T: 1000 Reward: 9529.184
---------------------------------------
Evaluation over 10 episodes: 9772.512
---------------------------------------
Total T: 681000 Episode Num: 681 Episode T: 1000 Reward: 9556.110
Total T: 682000 Episode Num: 682 Episode T: 1000 Reward: 10030.645
Total T: 683000 Episode Num: 683 Episode T: 1000 Reward: 9483.842
Total T: 684000 Episode Num: 684 Episode T: 1000 Reward: 9524.870
Total T: 685000 Episode Num: 685 Episode T: 1000 Reward: 9549.448
---------------------------------------
Evaluation over 10 episodes: 9357.632
---------------------------------------
Total T: 686000 Episode Num: 686 Episode T: 1000 Reward: 10068.341
Total T: 687000 Episode Num: 687 Episode T: 1000 Reward: 9661.843
Total T: 688000 Episode Num: 688 Episode T: 1000 Reward: 9806.080
Total T: 689000 Episode Num: 689 Episode T: 1000 Reward: 9400.810
Total T: 690000 Episode Num: 690 Episode T: 1000 Reward: 9863.410
---------------------------------------
Evaluation over 10 episodes: 8853.031
---------------------------------------
Total T: 691000 Episode Num: 691 Episode T: 1000 Reward: 9825.548
Total T: 692000 Episode Num: 692 Episode T: 1000 Reward: 9872.657
Total T: 693000 Episode Num: 693 Episode T: 1000 Reward: 9286.652
Total T: 694000 Episode Num: 694 Episode T: 1000 Reward: 9397.162
Total T: 695000 Episode Num: 695 Episode T: 1000 Reward: 9607.647
---------------------------------------
Evaluation over 10 episodes: 9707.639
---------------------------------------
Total T: 696000 Episode Num: 696 Episode T: 1000 Reward: 9815.947
Total T: 697000 Episode Num: 697 Episode T: 1000 Reward: 9848.231
Total T: 698000 Episode Num: 698 Episode T: 1000 Reward: 9932.181
Total T: 699000 Episode Num: 699 Episode T: 1000 Reward: 9329.819
Total T: 700000 Episode Num: 700 Episode T: 1000 Reward: 9780.266
---------------------------------------
Evaluation over 10 episodes: 7928.999
---------------------------------------
Total T: 701000 Episode Num: 701 Episode T: 1000 Reward: 9916.837
Total T: 702000 Episode Num: 702 Episode T: 1000 Reward: 9900.970
Total T: 703000 Episode Num: 703 Episode T: 1000 Reward: 9741.462
Total T: 704000 Episode Num: 704 Episode T: 1000 Reward: 9591.944
Total T: 705000 Episode Num: 705 Episode T: 1000 Reward: 9390.136
---------------------------------------
Evaluation over 10 episodes: 9873.060
---------------------------------------
Total T: 706000 Episode Num: 706 Episode T: 1000 Reward: 9677.355
Total T: 707000 Episode Num: 707 Episode T: 1000 Reward: 9606.527
Total T: 708000 Episode Num: 708 Episode T: 1000 Reward: 9564.765
Total T: 709000 Episode Num: 709 Episode T: 1000 Reward: 9857.441
Total T: 710000 Episode Num: 710 Episode T: 1000 Reward: 9337.009
---------------------------------------
Evaluation over 10 episodes: 9221.061
---------------------------------------
Total T: 711000 Episode Num: 711 Episode T: 1000 Reward: 9898.094
Total T: 712000 Episode Num: 712 Episode T: 1000 Reward: 9403.042
Total T: 713000 Episode Num: 713 Episode T: 1000 Reward: 9703.843
Total T: 714000 Episode Num: 714 Episode T: 1000 Reward: 9432.367
Total T: 715000 Episode Num: 715 Episode T: 1000 Reward: 9770.216
---------------------------------------
Evaluation over 10 episodes: 9893.566
---------------------------------------
Total T: 716000 Episode Num: 716 Episode T: 1000 Reward: 9548.520
Total T: 717000 Episode Num: 717 Episode T: 1000 Reward: 9686.405
Total T: 718000 Episode Num: 718 Episode T: 1000 Reward: 9601.955
Total T: 719000 Episode Num: 719 Episode T: 1000 Reward: 9526.697
Total T: 720000 Episode Num: 720 Episode T: 1000 Reward: 9778.021
---------------------------------------
Evaluation over 10 episodes: 9808.493
---------------------------------------
Total T: 721000 Episode Num: 721 Episode T: 1000 Reward: 9760.861
Total T: 722000 Episode Num: 722 Episode T: 1000 Reward: 9393.366
Total T: 723000 Episode Num: 723 Episode T: 1000 Reward: 10050.700
Total T: 724000 Episode Num: 724 Episode T: 1000 Reward: 9896.103
Total T: 725000 Episode Num: 725 Episode T: 1000 Reward: 10005.948
---------------------------------------
Evaluation over 10 episodes: 9590.529
---------------------------------------
Total T: 726000 Episode Num: 726 Episode T: 1000 Reward: 9586.477
Total T: 727000 Episode Num: 727 Episode T: 1000 Reward: 9799.326
Total T: 728000 Episode Num: 728 Episode T: 1000 Reward: 9682.516
Total T: 729000 Episode Num: 729 Episode T: 1000 Reward: 9565.146
Total T: 730000 Episode Num: 730 Episode T: 1000 Reward: 9819.206
---------------------------------------
Evaluation over 10 episodes: 9847.508
---------------------------------------
Total T: 731000 Episode Num: 731 Episode T: 1000 Reward: 10067.394
Total T: 732000 Episode Num: 732 Episode T: 1000 Reward: 10075.335
Total T: 733000 Episode Num: 733 Episode T: 1000 Reward: 10044.409
Total T: 734000 Episode Num: 734 Episode T: 1000 Reward: 9791.145
Total T: 735000 Episode Num: 735 Episode T: 1000 Reward: 9532.987
---------------------------------------
Evaluation over 10 episodes: 9640.596
---------------------------------------
Total T: 736000 Episode Num: 736 Episode T: 1000 Reward: 9702.786
Total T: 737000 Episode Num: 737 Episode T: 1000 Reward: 9640.477
Total T: 738000 Episode Num: 738 Episode T: 1000 Reward: 10146.421
Total T: 739000 Episode Num: 739 Episode T: 1000 Reward: 9875.154
Total T: 740000 Episode Num: 740 Episode T: 1000 Reward: 9963.107
---------------------------------------
Evaluation over 10 episodes: 10058.028
---------------------------------------
Total T: 741000 Episode Num: 741 Episode T: 1000 Reward: 9910.110
Total T: 742000 Episode Num: 742 Episode T: 1000 Reward: 9727.062
Total T: 743000 Episode Num: 743 Episode T: 1000 Reward: 9395.353
Total T: 744000 Episode Num: 744 Episode T: 1000 Reward: 9841.975
Total T: 745000 Episode Num: 745 Episode T: 1000 Reward: 4870.041
---------------------------------------
Evaluation over 10 episodes: 9860.735
---------------------------------------
Total T: 746000 Episode Num: 746 Episode T: 1000 Reward: 10028.107
Total T: 747000 Episode Num: 747 Episode T: 1000 Reward: 9605.465
Total T: 748000 Episode Num: 748 Episode T: 1000 Reward: 9829.021
Total T: 749000 Episode Num: 749 Episode T: 1000 Reward: 10058.023
Total T: 750000 Episode Num: 750 Episode T: 1000 Reward: 10005.810
---------------------------------------
Evaluation over 10 episodes: 9964.163
---------------------------------------
Total T: 751000 Episode Num: 751 Episode T: 1000 Reward: 10251.371
Total T: 752000 Episode Num: 752 Episode T: 1000 Reward: 9921.459
Total T: 753000 Episode Num: 753 Episode T: 1000 Reward: 9833.871
Total T: 754000 Episode Num: 754 Episode T: 1000 Reward: 9530.076
Total T: 755000 Episode Num: 755 Episode T: 1000 Reward: 9319.413
---------------------------------------
Evaluation over 10 episodes: 10048.722
---------------------------------------
Total T: 756000 Episode Num: 756 Episode T: 1000 Reward: 10049.590
Total T: 757000 Episode Num: 757 Episode T: 1000 Reward: 10056.114
Total T: 758000 Episode Num: 758 Episode T: 1000 Reward: 9713.952
Total T: 759000 Episode Num: 759 Episode T: 1000 Reward: 9637.377
Total T: 760000 Episode Num: 760 Episode T: 1000 Reward: 9992.449
---------------------------------------
Evaluation over 10 episodes: 9985.291
---------------------------------------
Total T: 761000 Episode Num: 761 Episode T: 1000 Reward: 9836.224
Total T: 762000 Episode Num: 762 Episode T: 1000 Reward: 9536.976
Total T: 763000 Episode Num: 763 Episode T: 1000 Reward: 9923.573
Total T: 764000 Episode Num: 764 Episode T: 1000 Reward: 10018.956
Total T: 765000 Episode Num: 765 Episode T: 1000 Reward: 9681.553
---------------------------------------
Evaluation over 10 episodes: 10067.117
---------------------------------------
Total T: 766000 Episode Num: 766 Episode T: 1000 Reward: 9816.875
Total T: 767000 Episode Num: 767 Episode T: 1000 Reward: 9987.451
Total T: 768000 Episode Num: 768 Episode T: 1000 Reward: 9855.532
Total T: 769000 Episode Num: 769 Episode T: 1000 Reward: 9996.868
Total T: 770000 Episode Num: 770 Episode T: 1000 Reward: 10090.400
---------------------------------------
Evaluation over 10 episodes: 9804.713
---------------------------------------
Total T: 771000 Episode Num: 771 Episode T: 1000 Reward: 9647.722
Total T: 772000 Episode Num: 772 Episode T: 1000 Reward: 9928.680
Total T: 773000 Episode Num: 773 Episode T: 1000 Reward: 9687.730
Total T: 774000 Episode Num: 774 Episode T: 1000 Reward: 9874.183
Total T: 775000 Episode Num: 775 Episode T: 1000 Reward: 10145.085
---------------------------------------
Evaluation over 10 episodes: 10011.154
---------------------------------------
Total T: 776000 Episode Num: 776 Episode T: 1000 Reward: 10032.187
Total T: 777000 Episode Num: 777 Episode T: 1000 Reward: 9598.289
Total T: 778000 Episode Num: 778 Episode T: 1000 Reward: 10172.157
Total T: 779000 Episode Num: 779 Episode T: 1000 Reward: 9839.723
Total T: 780000 Episode Num: 780 Episode T: 1000 Reward: 9967.043
---------------------------------------
Evaluation over 10 episodes: 9876.086
---------------------------------------
Total T: 781000 Episode Num: 781 Episode T: 1000 Reward: 9840.867
Total T: 782000 Episode Num: 782 Episode T: 1000 Reward: 9926.604
Total T: 783000 Episode Num: 783 Episode T: 1000 Reward: 9856.439
Total T: 784000 Episode Num: 784 Episode T: 1000 Reward: 9939.633
Total T: 785000 Episode Num: 785 Episode T: 1000 Reward: 9587.020
---------------------------------------
Evaluation over 10 episodes: 9458.789
---------------------------------------
Total T: 786000 Episode Num: 786 Episode T: 1000 Reward: 9841.165
Total T: 787000 Episode Num: 787 Episode T: 1000 Reward: 10196.658
Total T: 788000 Episode Num: 788 Episode T: 1000 Reward: 9964.755
Total T: 789000 Episode Num: 789 Episode T: 1000 Reward: 9937.511
Total T: 790000 Episode Num: 790 Episode T: 1000 Reward: 10128.719
---------------------------------------
Evaluation over 10 episodes: 10074.334
---------------------------------------
Total T: 791000 Episode Num: 791 Episode T: 1000 Reward: 10070.393
Total T: 792000 Episode Num: 792 Episode T: 1000 Reward: 10287.479
Total T: 793000 Episode Num: 793 Episode T: 1000 Reward: 9922.555
Total T: 794000 Episode Num: 794 Episode T: 1000 Reward: 10061.181
Total T: 795000 Episode Num: 795 Episode T: 1000 Reward: 9892.831
---------------------------------------
Evaluation over 10 episodes: 9728.632
---------------------------------------
Total T: 796000 Episode Num: 796 Episode T: 1000 Reward: 10052.196
Total T: 797000 Episode Num: 797 Episode T: 1000 Reward: 9845.764
Total T: 798000 Episode Num: 798 Episode T: 1000 Reward: 10230.739
Total T: 799000 Episode Num: 799 Episode T: 1000 Reward: 9795.274
Total T: 800000 Episode Num: 800 Episode T: 1000 Reward: 10016.072
---------------------------------------
Evaluation over 10 episodes: 10115.843
---------------------------------------
Total T: 801000 Episode Num: 801 Episode T: 1000 Reward: 10411.473
Total T: 802000 Episode Num: 802 Episode T: 1000 Reward: 9972.950
Total T: 803000 Episode Num: 803 Episode T: 1000 Reward: 9986.030
Total T: 804000 Episode Num: 804 Episode T: 1000 Reward: 9749.029
Total T: 805000 Episode Num: 805 Episode T: 1000 Reward: 9808.252
---------------------------------------
Evaluation over 10 episodes: 9254.269
---------------------------------------
Total T: 806000 Episode Num: 806 Episode T: 1000 Reward: 10154.211
Total T: 807000 Episode Num: 807 Episode T: 1000 Reward: 10084.304
Total T: 808000 Episode Num: 808 Episode T: 1000 Reward: 10076.820
Total T: 809000 Episode Num: 809 Episode T: 1000 Reward: 9802.976
Total T: 810000 Episode Num: 810 Episode T: 1000 Reward: 10222.204
---------------------------------------
Evaluation over 10 episodes: 9968.374
---------------------------------------
Total T: 811000 Episode Num: 811 Episode T: 1000 Reward: 10593.575
Total T: 812000 Episode Num: 812 Episode T: 1000 Reward: 9765.328
Total T: 813000 Episode Num: 813 Episode T: 1000 Reward: 9903.650
Total T: 814000 Episode Num: 814 Episode T: 1000 Reward: 9940.640
Total T: 815000 Episode Num: 815 Episode T: 1000 Reward: 10084.741
---------------------------------------
Evaluation over 10 episodes: 9682.579
---------------------------------------
Total T: 816000 Episode Num: 816 Episode T: 1000 Reward: 10004.445
Total T: 817000 Episode Num: 817 Episode T: 1000 Reward: 10391.307
Total T: 818000 Episode Num: 818 Episode T: 1000 Reward: 10212.025
Total T: 819000 Episode Num: 819 Episode T: 1000 Reward: 10004.856
Total T: 820000 Episode Num: 820 Episode T: 1000 Reward: 10070.555
---------------------------------------
Evaluation over 10 episodes: 9961.412
---------------------------------------
Total T: 821000 Episode Num: 821 Episode T: 1000 Reward: 10086.009
Total T: 822000 Episode Num: 822 Episode T: 1000 Reward: 10164.315
Total T: 823000 Episode Num: 823 Episode T: 1000 Reward: 10270.153
Total T: 824000 Episode Num: 824 Episode T: 1000 Reward: 10156.762
Total T: 825000 Episode Num: 825 Episode T: 1000 Reward: 10200.285
---------------------------------------
Evaluation over 10 episodes: 10152.605
---------------------------------------
Total T: 826000 Episode Num: 826 Episode T: 1000 Reward: 10328.488
Total T: 827000 Episode Num: 827 Episode T: 1000 Reward: 10309.683
Total T: 828000 Episode Num: 828 Episode T: 1000 Reward: 10353.041
Total T: 829000 Episode Num: 829 Episode T: 1000 Reward: 10020.729
Total T: 830000 Episode Num: 830 Episode T: 1000 Reward: 9866.009
---------------------------------------
Evaluation over 10 episodes: 10020.476
---------------------------------------
Total T: 831000 Episode Num: 831 Episode T: 1000 Reward: 10258.510
Total T: 832000 Episode Num: 832 Episode T: 1000 Reward: 10181.545
Total T: 833000 Episode Num: 833 Episode T: 1000 Reward: 9811.219
Total T: 834000 Episode Num: 834 Episode T: 1000 Reward: 9978.400
Total T: 835000 Episode Num: 835 Episode T: 1000 Reward: 9954.058
---------------------------------------
Evaluation over 10 episodes: 10052.107
---------------------------------------
Total T: 836000 Episode Num: 836 Episode T: 1000 Reward: 10326.006
Total T: 837000 Episode Num: 837 Episode T: 1000 Reward: 10176.411
Total T: 838000 Episode Num: 838 Episode T: 1000 Reward: 9932.954
Total T: 839000 Episode Num: 839 Episode T: 1000 Reward: 10466.068
Total T: 840000 Episode Num: 840 Episode T: 1000 Reward: 10032.128
---------------------------------------
Evaluation over 10 episodes: 9960.019
---------------------------------------
Total T: 841000 Episode Num: 841 Episode T: 1000 Reward: 10205.835
Total T: 842000 Episode Num: 842 Episode T: 1000 Reward: 9620.931
Total T: 843000 Episode Num: 843 Episode T: 1000 Reward: 10055.992
Total T: 844000 Episode Num: 844 Episode T: 1000 Reward: 10613.068
Total T: 845000 Episode Num: 845 Episode T: 1000 Reward: 10491.397
---------------------------------------
Evaluation over 10 episodes: 9082.059
---------------------------------------
Total T: 846000 Episode Num: 846 Episode T: 1000 Reward: 10256.239
Total T: 847000 Episode Num: 847 Episode T: 1000 Reward: 10193.732
Total T: 848000 Episode Num: 848 Episode T: 1000 Reward: 10232.166
Total T: 849000 Episode Num: 849 Episode T: 1000 Reward: 10142.878
Total T: 850000 Episode Num: 850 Episode T: 1000 Reward: 10178.752
---------------------------------------
Evaluation over 10 episodes: 9760.653
---------------------------------------
Total T: 851000 Episode Num: 851 Episode T: 1000 Reward: 10264.612
Total T: 852000 Episode Num: 852 Episode T: 1000 Reward: 9994.141
Total T: 853000 Episode Num: 853 Episode T: 1000 Reward: 9951.893
Total T: 854000 Episode Num: 854 Episode T: 1000 Reward: 10486.999
Total T: 855000 Episode Num: 855 Episode T: 1000 Reward: 10044.281
---------------------------------------
Evaluation over 10 episodes: 10212.028
---------------------------------------
Total T: 856000 Episode Num: 856 Episode T: 1000 Reward: 10262.470
Total T: 857000 Episode Num: 857 Episode T: 1000 Reward: 10182.060
Total T: 858000 Episode Num: 858 Episode T: 1000 Reward: 10090.444
Total T: 859000 Episode Num: 859 Episode T: 1000 Reward: 10067.854
Total T: 860000 Episode Num: 860 Episode T: 1000 Reward: 10342.318
---------------------------------------
Evaluation over 10 episodes: 10361.965
---------------------------------------
Total T: 861000 Episode Num: 861 Episode T: 1000 Reward: 10190.111
Total T: 862000 Episode Num: 862 Episode T: 1000 Reward: 2464.137
Total T: 863000 Episode Num: 863 Episode T: 1000 Reward: 10202.060
Total T: 864000 Episode Num: 864 Episode T: 1000 Reward: 10186.618
Total T: 865000 Episode Num: 865 Episode T: 1000 Reward: 10449.919
---------------------------------------
Evaluation over 10 episodes: 10298.151
---------------------------------------
Total T: 866000 Episode Num: 866 Episode T: 1000 Reward: 9875.968
Total T: 867000 Episode Num: 867 Episode T: 1000 Reward: 10475.460
Total T: 868000 Episode Num: 868 Episode T: 1000 Reward: 10072.935
Total T: 869000 Episode Num: 869 Episode T: 1000 Reward: 10258.122
Total T: 870000 Episode Num: 870 Episode T: 1000 Reward: 10541.393
---------------------------------------
Evaluation over 10 episodes: 10153.011
---------------------------------------
Total T: 871000 Episode Num: 871 Episode T: 1000 Reward: 10342.793
Total T: 872000 Episode Num: 872 Episode T: 1000 Reward: 10304.829
Total T: 873000 Episode Num: 873 Episode T: 1000 Reward: 10215.785
Total T: 874000 Episode Num: 874 Episode T: 1000 Reward: 10327.513
Total T: 875000 Episode Num: 875 Episode T: 1000 Reward: 10269.670
---------------------------------------
Evaluation over 10 episodes: 10242.751
---------------------------------------
Total T: 876000 Episode Num: 876 Episode T: 1000 Reward: 10254.229
Total T: 877000 Episode Num: 877 Episode T: 1000 Reward: 9990.675
Total T: 878000 Episode Num: 878 Episode T: 1000 Reward: 10091.567
Total T: 879000 Episode Num: 879 Episode T: 1000 Reward: 10564.855
Total T: 880000 Episode Num: 880 Episode T: 1000 Reward: 10313.838
---------------------------------------
Evaluation over 10 episodes: 10174.002
---------------------------------------
Total T: 881000 Episode Num: 881 Episode T: 1000 Reward: 10050.832
Total T: 882000 Episode Num: 882 Episode T: 1000 Reward: 10213.059
Total T: 883000 Episode Num: 883 Episode T: 1000 Reward: 10276.798
Total T: 884000 Episode Num: 884 Episode T: 1000 Reward: 10250.431
Total T: 885000 Episode Num: 885 Episode T: 1000 Reward: 10209.038
---------------------------------------
Evaluation over 10 episodes: 10293.860
---------------------------------------
Total T: 886000 Episode Num: 886 Episode T: 1000 Reward: 10200.753
Total T: 887000 Episode Num: 887 Episode T: 1000 Reward: 10453.499
Total T: 888000 Episode Num: 888 Episode T: 1000 Reward: 10391.471
Total T: 889000 Episode Num: 889 Episode T: 1000 Reward: 10447.303
Total T: 890000 Episode Num: 890 Episode T: 1000 Reward: 10105.491
---------------------------------------
Evaluation over 10 episodes: 9257.683
---------------------------------------
Total T: 891000 Episode Num: 891 Episode T: 1000 Reward: 10452.284
Total T: 892000 Episode Num: 892 Episode T: 1000 Reward: 10165.583
Total T: 893000 Episode Num: 893 Episode T: 1000 Reward: 10110.472
Total T: 894000 Episode Num: 894 Episode T: 1000 Reward: 10433.329
Total T: 895000 Episode Num: 895 Episode T: 1000 Reward: 10347.934
---------------------------------------
Evaluation over 10 episodes: 10371.451
---------------------------------------
Total T: 896000 Episode Num: 896 Episode T: 1000 Reward: 10266.518
Total T: 897000 Episode Num: 897 Episode T: 1000 Reward: 10282.932
Total T: 898000 Episode Num: 898 Episode T: 1000 Reward: 10271.461
Total T: 899000 Episode Num: 899 Episode T: 1000 Reward: 10044.082
Total T: 900000 Episode Num: 900 Episode T: 1000 Reward: 10180.463
---------------------------------------
Evaluation over 10 episodes: 10235.948
---------------------------------------
Total T: 901000 Episode Num: 901 Episode T: 1000 Reward: 10129.529
Total T: 902000 Episode Num: 902 Episode T: 1000 Reward: 10316.202
Total T: 903000 Episode Num: 903 Episode T: 1000 Reward: 10347.381
Total T: 904000 Episode Num: 904 Episode T: 1000 Reward: 10372.487
Total T: 905000 Episode Num: 905 Episode T: 1000 Reward: 10125.509
---------------------------------------
Evaluation over 10 episodes: 10394.267
---------------------------------------
Total T: 906000 Episode Num: 906 Episode T: 1000 Reward: 10378.234
Total T: 907000 Episode Num: 907 Episode T: 1000 Reward: 10101.544
Total T: 908000 Episode Num: 908 Episode T: 1000 Reward: 9966.646
Total T: 909000 Episode Num: 909 Episode T: 1000 Reward: 10428.563
Total T: 910000 Episode Num: 910 Episode T: 1000 Reward: 10203.878
---------------------------------------
Evaluation over 10 episodes: 10096.813
---------------------------------------
Total T: 911000 Episode Num: 911 Episode T: 1000 Reward: 10433.110
Total T: 912000 Episode Num: 912 Episode T: 1000 Reward: 10062.958
Total T: 913000 Episode Num: 913 Episode T: 1000 Reward: 10740.094
Total T: 914000 Episode Num: 914 Episode T: 1000 Reward: 10124.237
Total T: 915000 Episode Num: 915 Episode T: 1000 Reward: 4615.414
---------------------------------------
Evaluation over 10 episodes: 10346.415
---------------------------------------
Total T: 916000 Episode Num: 916 Episode T: 1000 Reward: 10276.126