---------------------------------------
Policy: TD3, Env: HalfCheetah-v2, Seed: 0
---------------------------------------
---------------------------------------
Evaluation over 10 episodes: -0.875
---------------------------------------
Total T: 1000 Episode Num: 1 Episode T: 1000 Reward: -268.562
Total T: 2000 Episode Num: 2 Episode T: 1000 Reward: -215.170
Total T: 3000 Episode Num: 3 Episode T: 1000 Reward: -498.360
Total T: 4000 Episode Num: 4 Episode T: 1000 Reward: -277.521
Total T: 5000 Episode Num: 5 Episode T: 1000 Reward: -203.524
---------------------------------------
Evaluation over 10 episodes: -0.867
---------------------------------------
Total T: 6000 Episode Num: 6 Episode T: 1000 Reward: -229.654
Total T: 7000 Episode Num: 7 Episode T: 1000 Reward: -357.248
Total T: 8000 Episode Num: 8 Episode T: 1000 Reward: -429.363
Total T: 9000 Episode Num: 9 Episode T: 1000 Reward: -311.389
Total T: 10000 Episode Num: 10 Episode T: 1000 Reward: -251.435
---------------------------------------
Evaluation over 10 episodes: -0.866
---------------------------------------
Total T: 11000 Episode Num: 11 Episode T: 1000 Reward: -311.408
Total T: 12000 Episode Num: 12 Episode T: 1000 Reward: -360.045
Total T: 13000 Episode Num: 13 Episode T: 1000 Reward: -280.191
Total T: 14000 Episode Num: 14 Episode T: 1000 Reward: -358.534
Total T: 15000 Episode Num: 15 Episode T: 1000 Reward: -333.986
---------------------------------------
Evaluation over 10 episodes: -0.872
---------------------------------------
Total T: 16000 Episode Num: 16 Episode T: 1000 Reward: -223.756
Total T: 17000 Episode Num: 17 Episode T: 1000 Reward: -270.741
Total T: 18000 Episode Num: 18 Episode T: 1000 Reward: -427.554
Total T: 19000 Episode Num: 19 Episode T: 1000 Reward: -136.748
Total T: 20000 Episode Num: 20 Episode T: 1000 Reward: -179.622
---------------------------------------
Evaluation over 10 episodes: -0.856
---------------------------------------
Total T: 21000 Episode Num: 21 Episode T: 1000 Reward: -256.010
Total T: 22000 Episode Num: 22 Episode T: 1000 Reward: -392.295
Total T: 23000 Episode Num: 23 Episode T: 1000 Reward: -309.192
Total T: 24000 Episode Num: 24 Episode T: 1000 Reward: -246.648
Total T: 25000 Episode Num: 25 Episode T: 1000 Reward: -327.428
---------------------------------------
Evaluation over 10 episodes: -0.855
---------------------------------------
Total T: 26000 Episode Num: 26 Episode T: 1000 Reward: -177.479
Total T: 27000 Episode Num: 27 Episode T: 1000 Reward: -153.785
Total T: 28000 Episode Num: 28 Episode T: 1000 Reward: -203.631
Total T: 29000 Episode Num: 29 Episode T: 1000 Reward: -281.061
Total T: 30000 Episode Num: 30 Episode T: 1000 Reward: -413.469
---------------------------------------
Evaluation over 10 episodes: -333.487
---------------------------------------
Total T: 31000 Episode Num: 31 Episode T: 1000 Reward: -361.681
Total T: 32000 Episode Num: 32 Episode T: 1000 Reward: -246.873
Total T: 33000 Episode Num: 33 Episode T: 1000 Reward: -231.651
Total T: 34000 Episode Num: 34 Episode T: 1000 Reward: -72.464
Total T: 35000 Episode Num: 35 Episode T: 1000 Reward: -217.299
---------------------------------------
Evaluation over 10 episodes: -200.734
---------------------------------------
Total T: 36000 Episode Num: 36 Episode T: 1000 Reward: -215.300
Total T: 37000 Episode Num: 37 Episode T: 1000 Reward: -336.704
Total T: 38000 Episode Num: 38 Episode T: 1000 Reward: -167.584
Total T: 39000 Episode Num: 39 Episode T: 1000 Reward: 68.611
Total T: 40000 Episode Num: 40 Episode T: 1000 Reward: 482.058
---------------------------------------
Evaluation over 10 episodes: 760.501
---------------------------------------
Total T: 41000 Episode Num: 41 Episode T: 1000 Reward: 907.762
Total T: 42000 Episode Num: 42 Episode T: 1000 Reward: 1262.571
Total T: 43000 Episode Num: 43 Episode T: 1000 Reward: 1186.686
Total T: 44000 Episode Num: 44 Episode T: 1000 Reward: 1389.167
Total T: 45000 Episode Num: 45 Episode T: 1000 Reward: 884.306
---------------------------------------
Evaluation over 10 episodes: 1551.499
---------------------------------------
Total T: 46000 Episode Num: 46 Episode T: 1000 Reward: 1623.629
Total T: 47000 Episode Num: 47 Episode T: 1000 Reward: 1808.393
Total T: 48000 Episode Num: 48 Episode T: 1000 Reward: 1671.785
Total T: 49000 Episode Num: 49 Episode T: 1000 Reward: 1654.240
Total T: 50000 Episode Num: 50 Episode T: 1000 Reward: 1789.796
---------------------------------------
Evaluation over 10 episodes: 1791.910
---------------------------------------
Total T: 51000 Episode Num: 51 Episode T: 1000 Reward: 1886.145
Total T: 52000 Episode Num: 52 Episode T: 1000 Reward: 1913.741
Total T: 53000 Episode Num: 53 Episode T: 1000 Reward: 1451.133
Total T: 54000 Episode Num: 54 Episode T: 1000 Reward: 2234.522
Total T: 55000 Episode Num: 55 Episode T: 1000 Reward: 2017.226
---------------------------------------
Evaluation over 10 episodes: 2002.726
---------------------------------------
Total T: 56000 Episode Num: 56 Episode T: 1000 Reward: 2344.722
Total T: 57000 Episode Num: 57 Episode T: 1000 Reward: 2252.793
Total T: 58000 Episode Num: 58 Episode T: 1000 Reward: 2261.250
Total T: 59000 Episode Num: 59 Episode T: 1000 Reward: 2285.134
Total T: 60000 Episode Num: 60 Episode T: 1000 Reward: 2229.201
---------------------------------------
Evaluation over 10 episodes: 2412.131
---------------------------------------
Total T: 61000 Episode Num: 61 Episode T: 1000 Reward: 2620.768
Total T: 62000 Episode Num: 62 Episode T: 1000 Reward: 738.700
Total T: 63000 Episode Num: 63 Episode T: 1000 Reward: 2816.434
Total T: 64000 Episode Num: 64 Episode T: 1000 Reward: 2494.450
Total T: 65000 Episode Num: 65 Episode T: 1000 Reward: 2692.413
---------------------------------------
Evaluation over 10 episodes: 2822.065
---------------------------------------
Total T: 66000 Episode Num: 66 Episode T: 1000 Reward: 2910.746
Total T: 67000 Episode Num: 67 Episode T: 1000 Reward: 2947.969
Total T: 68000 Episode Num: 68 Episode T: 1000 Reward: 3111.968
Total T: 69000 Episode Num: 69 Episode T: 1000 Reward: 3047.875
Total T: 70000 Episode Num: 70 Episode T: 1000 Reward: 3012.434
---------------------------------------
Evaluation over 10 episodes: 3088.902
---------------------------------------
Total T: 71000 Episode Num: 71 Episode T: 1000 Reward: 3052.109
Total T: 72000 Episode Num: 72 Episode T: 1000 Reward: 3026.887
Total T: 73000 Episode Num: 73 Episode T: 1000 Reward: 3117.366
Total T: 74000 Episode Num: 74 Episode T: 1000 Reward: 3159.830
Total T: 75000 Episode Num: 75 Episode T: 1000 Reward: 3030.248
---------------------------------------
Evaluation over 10 episodes: 2913.259
---------------------------------------
Total T: 76000 Episode Num: 76 Episode T: 1000 Reward: 3135.136
Total T: 77000 Episode Num: 77 Episode T: 1000 Reward: 2941.127
Total T: 78000 Episode Num: 78 Episode T: 1000 Reward: 3406.768
Total T: 79000 Episode Num: 79 Episode T: 1000 Reward: 3482.156
Total T: 80000 Episode Num: 80 Episode T: 1000 Reward: 3416.454
---------------------------------------
Evaluation over 10 episodes: 3536.951
---------------------------------------
Total T: 81000 Episode Num: 81 Episode T: 1000 Reward: 3103.127
Total T: 82000 Episode Num: 82 Episode T: 1000 Reward: 3295.923
Total T: 83000 Episode Num: 83 Episode T: 1000 Reward: 3388.536
Total T: 84000 Episode Num: 84 Episode T: 1000 Reward: 3339.025
Total T: 85000 Episode Num: 85 Episode T: 1000 Reward: 3568.192
---------------------------------------
Evaluation over 10 episodes: 3787.205
---------------------------------------
Total T: 86000 Episode Num: 86 Episode T: 1000 Reward: 3609.342
Total T: 87000 Episode Num: 87 Episode T: 1000 Reward: 3647.470
Total T: 88000 Episode Num: 88 Episode T: 1000 Reward: 3652.925
Total T: 89000 Episode Num: 89 Episode T: 1000 Reward: 3967.584
Total T: 90000 Episode Num: 90 Episode T: 1000 Reward: 3762.160
---------------------------------------
Evaluation over 10 episodes: 3170.875
---------------------------------------
Total T: 91000 Episode Num: 91 Episode T: 1000 Reward: 3686.541
Total T: 92000 Episode Num: 92 Episode T: 1000 Reward: 3937.309
Total T: 93000 Episode Num: 93 Episode T: 1000 Reward: 3623.186
Total T: 94000 Episode Num: 94 Episode T: 1000 Reward: 3884.495
Total T: 95000 Episode Num: 95 Episode T: 1000 Reward: 3889.722
---------------------------------------
Evaluation over 10 episodes: 3880.639
---------------------------------------
Total T: 96000 Episode Num: 96 Episode T: 1000 Reward: 3764.391
Total T: 97000 Episode Num: 97 Episode T: 1000 Reward: 3651.403
Total T: 98000 Episode Num: 98 Episode T: 1000 Reward: 3946.230
Total T: 99000 Episode Num: 99 Episode T: 1000 Reward: 3640.319
Total T: 100000 Episode Num: 100 Episode T: 1000 Reward: 3699.698
---------------------------------------
Evaluation over 10 episodes: 3590.329
---------------------------------------
Total T: 101000 Episode Num: 101 Episode T: 1000 Reward: 3474.950
Total T: 102000 Episode Num: 102 Episode T: 1000 Reward: 3637.712
Total T: 103000 Episode Num: 103 Episode T: 1000 Reward: 3931.401
Total T: 104000 Episode Num: 104 Episode T: 1000 Reward: 3700.182
Total T: 105000 Episode Num: 105 Episode T: 1000 Reward: 3810.314
---------------------------------------
Evaluation over 10 episodes: 4060.625
---------------------------------------
Total T: 106000 Episode Num: 106 Episode T: 1000 Reward: 3789.412
Total T: 107000 Episode Num: 107 Episode T: 1000 Reward: 3398.716
Total T: 108000 Episode Num: 108 Episode T: 1000 Reward: 4106.004
Total T: 109000 Episode Num: 109 Episode T: 1000 Reward: 3729.486
Total T: 110000 Episode Num: 110 Episode T: 1000 Reward: 3975.194
---------------------------------------
Evaluation over 10 episodes: 3842.519
---------------------------------------
Total T: 111000 Episode Num: 111 Episode T: 1000 Reward: 3851.202
Total T: 112000 Episode Num: 112 Episode T: 1000 Reward: 3891.066
Total T: 113000 Episode Num: 113 Episode T: 1000 Reward: 3920.234
Total T: 114000 Episode Num: 114 Episode T: 1000 Reward: 3891.837
Total T: 115000 Episode Num: 115 Episode T: 1000 Reward: 3948.673
---------------------------------------
Evaluation over 10 episodes: 4092.326
---------------------------------------
Total T: 116000 Episode Num: 116 Episode T: 1000 Reward: 3730.394
Total T: 117000 Episode Num: 117 Episode T: 1000 Reward: 3884.597
Total T: 118000 Episode Num: 118 Episode T: 1000 Reward: 3832.760
Total T: 119000 Episode Num: 119 Episode T: 1000 Reward: 2093.120
Total T: 120000 Episode Num: 120 Episode T: 1000 Reward: 3920.417
---------------------------------------
Evaluation over 10 episodes: 3290.941
---------------------------------------
Total T: 121000 Episode Num: 121 Episode T: 1000 Reward: 3725.044
Total T: 122000 Episode Num: 122 Episode T: 1000 Reward: 3898.137
Total T: 123000 Episode Num: 123 Episode T: 1000 Reward: 3824.078
Total T: 124000 Episode Num: 124 Episode T: 1000 Reward: 3893.278
Total T: 125000 Episode Num: 125 Episode T: 1000 Reward: 3882.690
---------------------------------------
Evaluation over 10 episodes: 4339.356
---------------------------------------
Total T: 126000 Episode Num: 126 Episode T: 1000 Reward: 3843.791
Total T: 127000 Episode Num: 127 Episode T: 1000 Reward: 3947.326
Total T: 128000 Episode Num: 128 Episode T: 1000 Reward: 3915.336
Total T: 129000 Episode Num: 129 Episode T: 1000 Reward: 3782.305
Total T: 130000 Episode Num: 130 Episode T: 1000 Reward: 3778.743
---------------------------------------
Evaluation over 10 episodes: 3822.019
---------------------------------------
Total T: 131000 Episode Num: 131 Episode T: 1000 Reward: 3995.260
Total T: 132000 Episode Num: 132 Episode T: 1000 Reward: 3959.333
Total T: 133000 Episode Num: 133 Episode T: 1000 Reward: 3874.262
Total T: 134000 Episode Num: 134 Episode T: 1000 Reward: 3853.666
Total T: 135000 Episode Num: 135 Episode T: 1000 Reward: 4045.259
---------------------------------------
Evaluation over 10 episodes: 4351.188
---------------------------------------
Total T: 136000 Episode Num: 136 Episode T: 1000 Reward: 3971.111
Total T: 137000 Episode Num: 137 Episode T: 1000 Reward: 3911.719
Total T: 138000 Episode Num: 138 Episode T: 1000 Reward: 3965.339
Total T: 139000 Episode Num: 139 Episode T: 1000 Reward: 3807.935
Total T: 140000 Episode Num: 140 Episode T: 1000 Reward: 3965.349
---------------------------------------
Evaluation over 10 episodes: 4118.643
---------------------------------------
Total T: 141000 Episode Num: 141 Episode T: 1000 Reward: 4002.020
Total T: 142000 Episode Num: 142 Episode T: 1000 Reward: 4140.516
Total T: 143000 Episode Num: 143 Episode T: 1000 Reward: 4098.615
Total T: 144000 Episode Num: 144 Episode T: 1000 Reward: 3995.195
Total T: 145000 Episode Num: 145 Episode T: 1000 Reward: 3917.539
---------------------------------------
Evaluation over 10 episodes: 4264.321
---------------------------------------
Total T: 146000 Episode Num: 146 Episode T: 1000 Reward: 3887.296
Total T: 147000 Episode Num: 147 Episode T: 1000 Reward: 4067.109
Total T: 148000 Episode Num: 148 Episode T: 1000 Reward: 4057.166
Total T: 149000 Episode Num: 149 Episode T: 1000 Reward: 4043.678
Total T: 150000 Episode Num: 150 Episode T: 1000 Reward: 3990.584
---------------------------------------
Evaluation over 10 episodes: 3983.578
---------------------------------------
Total T: 151000 Episode Num: 151 Episode T: 1000 Reward: 3882.542
Total T: 152000 Episode Num: 152 Episode T: 1000 Reward: 3976.921
Total T: 153000 Episode Num: 153 Episode T: 1000 Reward: 3906.705
Total T: 154000 Episode Num: 154 Episode T: 1000 Reward: 4041.801
Total T: 155000 Episode Num: 155 Episode T: 1000 Reward: 3814.545
---------------------------------------
Evaluation over 10 episodes: 3614.193
---------------------------------------
Total T: 156000 Episode Num: 156 Episode T: 1000 Reward: 4252.910
Total T: 157000 Episode Num: 157 Episode T: 1000 Reward: 4053.037
Total T: 158000 Episode Num: 158 Episode T: 1000 Reward: 4025.301
Total T: 159000 Episode Num: 159 Episode T: 1000 Reward: 4018.203
Total T: 160000 Episode Num: 160 Episode T: 1000 Reward: 3931.687
---------------------------------------
Evaluation over 10 episodes: 4510.136
---------------------------------------
Total T: 161000 Episode Num: 161 Episode T: 1000 Reward: 4165.050
Total T: 162000 Episode Num: 162 Episode T: 1000 Reward: 3906.495
Total T: 163000 Episode Num: 163 Episode T: 1000 Reward: 4242.768
Total T: 164000 Episode Num: 164 Episode T: 1000 Reward: 4098.111
Total T: 165000 Episode Num: 165 Episode T: 1000 Reward: 4059.406
---------------------------------------
Evaluation over 10 episodes: 4616.149
---------------------------------------
Total T: 166000 Episode Num: 166 Episode T: 1000 Reward: 4037.618
Total T: 167000 Episode Num: 167 Episode T: 1000 Reward: 3827.804
Total T: 168000 Episode Num: 168 Episode T: 1000 Reward: 4242.988
Total T: 169000 Episode Num: 169 Episode T: 1000 Reward: 4125.253
Total T: 170000 Episode Num: 170 Episode T: 1000 Reward: 4110.216
---------------------------------------
Evaluation over 10 episodes: 3729.959
---------------------------------------
Total T: 171000 Episode Num: 171 Episode T: 1000 Reward: 4029.178
Total T: 172000 Episode Num: 172 Episode T: 1000 Reward: 3990.840
Total T: 173000 Episode Num: 173 Episode T: 1000 Reward: 4173.877
Total T: 174000 Episode Num: 174 Episode T: 1000 Reward: 4121.892
Total T: 175000 Episode Num: 175 Episode T: 1000 Reward: 4194.976
---------------------------------------
Evaluation over 10 episodes: 3193.292
---------------------------------------
Total T: 176000 Episode Num: 176 Episode T: 1000 Reward: 4093.980
Total T: 177000 Episode Num: 177 Episode T: 1000 Reward: 4048.371
Total T: 178000 Episode Num: 178 Episode T: 1000 Reward: 4069.666
Total T: 179000 Episode Num: 179 Episode T: 1000 Reward: 3882.847
Total T: 180000 Episode Num: 180 Episode T: 1000 Reward: 4281.173
---------------------------------------
Evaluation over 10 episodes: 3958.059
---------------------------------------
Total T: 181000 Episode Num: 181 Episode T: 1000 Reward: 3963.187
Total T: 182000 Episode Num: 182 Episode T: 1000 Reward: 4116.910
Total T: 183000 Episode Num: 183 Episode T: 1000 Reward: 4114.839
Total T: 184000 Episode Num: 184 Episode T: 1000 Reward: 4379.311
Total T: 185000 Episode Num: 185 Episode T: 1000 Reward: 3940.799
---------------------------------------
Evaluation over 10 episodes: 4140.941
---------------------------------------
Total T: 186000 Episode Num: 186 Episode T: 1000 Reward: 4167.020
Total T: 187000 Episode Num: 187 Episode T: 1000 Reward: 4188.761
Total T: 188000 Episode Num: 188 Episode T: 1000 Reward: 3943.131
Total T: 189000 Episode Num: 189 Episode T: 1000 Reward: 4369.195
Total T: 190000 Episode Num: 190 Episode T: 1000 Reward: 4053.512
---------------------------------------
Evaluation over 10 episodes: 4090.420
---------------------------------------
Total T: 191000 Episode Num: 191 Episode T: 1000 Reward: 4360.266
Total T: 192000 Episode Num: 192 Episode T: 1000 Reward: 3814.565
Total T: 193000 Episode Num: 193 Episode T: 1000 Reward: 4055.908
Total T: 194000 Episode Num: 194 Episode T: 1000 Reward: 4307.530
Total T: 195000 Episode Num: 195 Episode T: 1000 Reward: 3993.827
---------------------------------------
Evaluation over 10 episodes: 3721.995
---------------------------------------
Total T: 196000 Episode Num: 196 Episode T: 1000 Reward: 4244.981
Total T: 197000 Episode Num: 197 Episode T: 1000 Reward: 4117.452
Total T: 198000 Episode Num: 198 Episode T: 1000 Reward: 4177.949
Total T: 199000 Episode Num: 199 Episode T: 1000 Reward: 4194.284
Total T: 200000 Episode Num: 200 Episode T: 1000 Reward: 4034.388
---------------------------------------
Evaluation over 10 episodes: 4501.614
---------------------------------------
Total T: 201000 Episode Num: 201 Episode T: 1000 Reward: 4108.284
Total T: 202000 Episode Num: 202 Episode T: 1000 Reward: 4077.039
Total T: 203000 Episode Num: 203 Episode T: 1000 Reward: 4348.902
Total T: 204000 Episode Num: 204 Episode T: 1000 Reward: 4070.674
Total T: 205000 Episode Num: 205 Episode T: 1000 Reward: 4299.861
---------------------------------------
Evaluation over 10 episodes: 4082.221
---------------------------------------
Total T: 206000 Episode Num: 206 Episode T: 1000 Reward: 4027.913
Total T: 207000 Episode Num: 207 Episode T: 1000 Reward: 4044.570
Total T: 208000 Episode Num: 208 Episode T: 1000 Reward: 4262.321
Total T: 209000 Episode Num: 209 Episode T: 1000 Reward: 3925.216
Total T: 210000 Episode Num: 210 Episode T: 1000 Reward: 4340.596
---------------------------------------
Evaluation over 10 episodes: 3994.723
---------------------------------------
Total T: 211000 Episode Num: 211 Episode T: 1000 Reward: 4069.810
Total T: 212000 Episode Num: 212 Episode T: 1000 Reward: 4275.524
Total T: 213000 Episode Num: 213 Episode T: 1000 Reward: 4080.523
Total T: 214000 Episode Num: 214 Episode T: 1000 Reward: 4258.242
Total T: 215000 Episode Num: 215 Episode T: 1000 Reward: 4013.937
---------------------------------------
Evaluation over 10 episodes: 4330.262
---------------------------------------
Total T: 216000 Episode Num: 216 Episode T: 1000 Reward: 3989.765
Total T: 217000 Episode Num: 217 Episode T: 1000 Reward: 4327.974
Total T: 218000 Episode Num: 218 Episode T: 1000 Reward: 4134.377
Total T: 219000 Episode Num: 219 Episode T: 1000 Reward: 4357.086
Total T: 220000 Episode Num: 220 Episode T: 1000 Reward: 4076.209
---------------------------------------
Evaluation over 10 episodes: 4173.502
---------------------------------------
Total T: 221000 Episode Num: 221 Episode T: 1000 Reward: 4083.550
Total T: 222000 Episode Num: 222 Episode T: 1000 Reward: 4249.449
Total T: 223000 Episode Num: 223 Episode T: 1000 Reward: 3853.207
Total T: 224000 Episode Num: 224 Episode T: 1000 Reward: 4364.857
Total T: 225000 Episode Num: 225 Episode T: 1000 Reward: 4052.845
---------------------------------------
Evaluation over 10 episodes: 3358.089
---------------------------------------
Total T: 226000 Episode Num: 226 Episode T: 1000 Reward: 4393.295
Total T: 227000 Episode Num: 227 Episode T: 1000 Reward: 4010.216
Total T: 228000 Episode Num: 228 Episode T: 1000 Reward: 4147.607
Total T: 229000 Episode Num: 229 Episode T: 1000 Reward: 4162.380
Total T: 230000 Episode Num: 230 Episode T: 1000 Reward: 4066.671
---------------------------------------
Evaluation over 10 episodes: 4257.694
---------------------------------------
Total T: 231000 Episode Num: 231 Episode T: 1000 Reward: 4354.835
Total T: 232000 Episode Num: 232 Episode T: 1000 Reward: 4002.903
Total T: 233000 Episode Num: 233 Episode T: 1000 Reward: 4515.240
Total T: 234000 Episode Num: 234 Episode T: 1000 Reward: 4012.912
Total T: 235000 Episode Num: 235 Episode T: 1000 Reward: 4188.979
---------------------------------------
Evaluation over 10 episodes: 4525.752
---------------------------------------
Total T: 236000 Episode Num: 236 Episode T: 1000 Reward: 4124.310
Total T: 237000 Episode Num: 237 Episode T: 1000 Reward: 4078.881
Total T: 238000 Episode Num: 238 Episode T: 1000 Reward: 4536.582
Total T: 239000 Episode Num: 239 Episode T: 1000 Reward: 4168.126
Total T: 240000 Episode Num: 240 Episode T: 1000 Reward: 4293.718
---------------------------------------
Evaluation over 10 episodes: 4720.134
---------------------------------------
Total T: 241000 Episode Num: 241 Episode T: 1000 Reward: 4096.949
Total T: 242000 Episode Num: 242 Episode T: 1000 Reward: 4079.604
Total T: 243000 Episode Num: 243 Episode T: 1000 Reward: 4416.665
Total T: 244000 Episode Num: 244 Episode T: 1000 Reward: 4211.129
Total T: 245000 Episode Num: 245 Episode T: 1000 Reward: 4441.142
---------------------------------------
Evaluation over 10 episodes: 4551.998
---------------------------------------
Total T: 246000 Episode Num: 246 Episode T: 1000 Reward: 4067.958
Total T: 247000 Episode Num: 247 Episode T: 1000 Reward: 4166.945
Total T: 248000 Episode Num: 248 Episode T: 1000 Reward: 4087.483
Total T: 249000 Episode Num: 249 Episode T: 1000 Reward: 4007.078
Total T: 250000 Episode Num: 250 Episode T: 1000 Reward: 4448.996
---------------------------------------
Evaluation over 10 episodes: 4072.911
---------------------------------------
Total T: 251000 Episode Num: 251 Episode T: 1000 Reward: 4183.104
Total T: 252000 Episode Num: 252 Episode T: 1000 Reward: 4265.218
Total T: 253000 Episode Num: 253 Episode T: 1000 Reward: 4113.997
Total T: 254000 Episode Num: 254 Episode T: 1000 Reward: 4196.795
Total T: 255000 Episode Num: 255 Episode T: 1000 Reward: 4297.384
---------------------------------------
Evaluation over 10 episodes: 4230.810
---------------------------------------
Total T: 256000 Episode Num: 256 Episode T: 1000 Reward: 4289.190
Total T: 257000 Episode Num: 257 Episode T: 1000 Reward: 4449.726
Total T: 258000 Episode Num: 258 Episode T: 1000 Reward: 4102.182
Total T: 259000 Episode Num: 259 Episode T: 1000 Reward: 4251.785
Total T: 260000 Episode Num: 260 Episode T: 1000 Reward: 4319.903
---------------------------------------
Evaluation over 10 episodes: 4093.965
---------------------------------------
Total T: 261000 Episode Num: 261 Episode T: 1000 Reward: 4131.810
Total T: 262000 Episode Num: 262 Episode T: 1000 Reward: 4424.675
Total T: 263000 Episode Num: 263 Episode T: 1000 Reward: 4220.238
Total T: 264000 Episode Num: 264 Episode T: 1000 Reward: 4289.455
Total T: 265000 Episode Num: 265 Episode T: 1000 Reward: 4152.481
---------------------------------------
Evaluation over 10 episodes: 4103.165
---------------------------------------
Total T: 266000 Episode Num: 266 Episode T: 1000 Reward: 4267.063
Total T: 267000 Episode Num: 267 Episode T: 1000 Reward: 4175.706
Total T: 268000 Episode Num: 268 Episode T: 1000 Reward: 4136.909
Total T: 269000 Episode Num: 269 Episode T: 1000 Reward: 4332.496
Total T: 270000 Episode Num: 270 Episode T: 1000 Reward: 4278.413
---------------------------------------
Evaluation over 10 episodes: 3850.843
---------------------------------------
Total T: 271000 Episode Num: 271 Episode T: 1000 Reward: 4411.309
Total T: 272000 Episode Num: 272 Episode T: 1000 Reward: 4128.744
Total T: 273000 Episode Num: 273 Episode T: 1000 Reward: 4287.369
Total T: 274000 Episode Num: 274 Episode T: 1000 Reward: 4039.193
Total T: 275000 Episode Num: 275 Episode T: 1000 Reward: 4178.194
---------------------------------------
Evaluation over 10 episodes: 4681.665
---------------------------------------
Total T: 276000 Episode Num: 276 Episode T: 1000 Reward: 4516.958
Total T: 277000 Episode Num: 277 Episode T: 1000 Reward: 4222.072
Total T: 278000 Episode Num: 278 Episode T: 1000 Reward: 4449.626
Total T: 279000 Episode Num: 279 Episode T: 1000 Reward: 4132.053
Total T: 280000 Episode Num: 280 Episode T: 1000 Reward: 4295.372
---------------------------------------
Evaluation over 10 episodes: 4703.980
---------------------------------------
Total T: 281000 Episode Num: 281 Episode T: 1000 Reward: 4177.568
Total T: 282000 Episode Num: 282 Episode T: 1000 Reward: 4073.109
Total T: 283000 Episode Num: 283 Episode T: 1000 Reward: 4285.535
Total T: 284000 Episode Num: 284 Episode T: 1000 Reward: 4264.765
Total T: 285000 Episode Num: 285 Episode T: 1000 Reward: 4405.555
---------------------------------------
Evaluation over 10 episodes: 4732.430
---------------------------------------
Total T: 286000 Episode Num: 286 Episode T: 1000 Reward: 4215.219
Total T: 287000 Episode Num: 287 Episode T: 1000 Reward: 4334.142
Total T: 288000 Episode Num: 288 Episode T: 1000 Reward: 4362.032
Total T: 289000 Episode Num: 289 Episode T: 1000 Reward: 4147.974
Total T: 290000 Episode Num: 290 Episode T: 1000 Reward: 4441.440
---------------------------------------
Evaluation over 10 episodes: 4061.655
---------------------------------------
Total T: 291000 Episode Num: 291 Episode T: 1000 Reward: 4274.690
Total T: 292000 Episode Num: 292 Episode T: 1000 Reward: 4303.775
Total T: 293000 Episode Num: 293 Episode T: 1000 Reward: 4253.813
Total T: 294000 Episode Num: 294 Episode T: 1000 Reward: 4401.829
Total T: 295000 Episode Num: 295 Episode T: 1000 Reward: 4128.900
---------------------------------------
Evaluation over 10 episodes: 4429.082
---------------------------------------
Total T: 296000 Episode Num: 296 Episode T: 1000 Reward: 4017.660
Total T: 297000 Episode Num: 297 Episode T: 1000 Reward: 4259.104
Total T: 298000 Episode Num: 298 Episode T: 1000 Reward: 4272.851
Total T: 299000 Episode Num: 299 Episode T: 1000 Reward: 4537.545
Total T: 300000 Episode Num: 300 Episode T: 1000 Reward: 4217.992
---------------------------------------
Evaluation over 10 episodes: 4417.391
---------------------------------------
Total T: 301000 Episode Num: 301 Episode T: 1000 Reward: 4381.039
Total T: 302000 Episode Num: 302 Episode T: 1000 Reward: 4258.581
Total T: 303000 Episode Num: 303 Episode T: 1000 Reward: 4317.238
Total T: 304000 Episode Num: 304 Episode T: 1000 Reward: 4443.693
Total T: 305000 Episode Num: 305 Episode T: 1000 Reward: 4297.971
---------------------------------------
Evaluation over 10 episodes: 3839.503
---------------------------------------
Total T: 306000 Episode Num: 306 Episode T: 1000 Reward: 4463.031
Total T: 307000 Episode Num: 307 Episode T: 1000 Reward: 4223.679
Total T: 308000 Episode Num: 308 Episode T: 1000 Reward: 4420.794
Total T: 309000 Episode Num: 309 Episode T: 1000 Reward: 4128.400
Total T: 310000 Episode Num: 310 Episode T: 1000 Reward: 4347.212
---------------------------------------
Evaluation over 10 episodes: 4867.316
---------------------------------------
Total T: 311000 Episode Num: 311 Episode T: 1000 Reward: 4319.806
Total T: 312000 Episode Num: 312 Episode T: 1000 Reward: 4276.840
Total T: 313000 Episode Num: 313 Episode T: 1000 Reward: 4388.923
Total T: 314000 Episode Num: 314 Episode T: 1000 Reward: 4282.346
Total T: 315000 Episode Num: 315 Episode T: 1000 Reward: 4365.513
---------------------------------------
Evaluation over 10 episodes: 4782.772
---------------------------------------
Total T: 316000 Episode Num: 316 Episode T: 1000 Reward: 4276.463
Total T: 317000 Episode Num: 317 Episode T: 1000 Reward: 4341.134
Total T: 318000 Episode Num: 318 Episode T: 1000 Reward: 4249.113
Total T: 319000 Episode Num: 319 Episode T: 1000 Reward: 4319.259
Total T: 320000 Episode Num: 320 Episode T: 1000 Reward: 4432.635
---------------------------------------
Evaluation over 10 episodes: 4247.304
---------------------------------------
Total T: 321000 Episode Num: 321 Episode T: 1000 Reward: 4356.112
Total T: 322000 Episode Num: 322 Episode T: 1000 Reward: 4219.878
Total T: 323000 Episode Num: 323 Episode T: 1000 Reward: 4214.869
Total T: 324000 Episode Num: 324 Episode T: 1000 Reward: 4329.162
Total T: 325000 Episode Num: 325 Episode T: 1000 Reward: 4240.846
---------------------------------------
Evaluation over 10 episodes: 4449.047
---------------------------------------
Total T: 326000 Episode Num: 326 Episode T: 1000 Reward: 4150.961
Total T: 327000 Episode Num: 327 Episode T: 1000 Reward: 4344.821
Total T: 328000 Episode Num: 328 Episode T: 1000 Reward: 4393.896
Total T: 329000 Episode Num: 329 Episode T: 1000 Reward: 4353.405
Total T: 330000 Episode Num: 330 Episode T: 1000 Reward: 4384.396
---------------------------------------
Evaluation over 10 episodes: 4586.154
---------------------------------------
Total T: 331000 Episode Num: 331 Episode T: 1000 Reward: 4364.541
Total T: 332000 Episode Num: 332 Episode T: 1000 Reward: 4180.438
Total T: 333000 Episode Num: 333 Episode T: 1000 Reward: 4254.430
Total T: 334000 Episode Num: 334 Episode T: 1000 Reward: 4380.061
Total T: 335000 Episode Num: 335 Episode T: 1000 Reward: 4403.248
---------------------------------------
Evaluation over 10 episodes: 4414.940
---------------------------------------
Total T: 336000 Episode Num: 336 Episode T: 1000 Reward: 4407.584
Total T: 337000 Episode Num: 337 Episode T: 1000 Reward: 4334.301
Total T: 338000 Episode Num: 338 Episode T: 1000 Reward: 4371.526
Total T: 339000 Episode Num: 339 Episode T: 1000 Reward: 4261.659
Total T: 340000 Episode Num: 340 Episode T: 1000 Reward: 4233.830
---------------------------------------
Evaluation over 10 episodes: 4379.286
---------------------------------------
Total T: 341000 Episode Num: 341 Episode T: 1000 Reward: 4541.935
Total T: 342000 Episode Num: 342 Episode T: 1000 Reward: 4406.219
Total T: 343000 Episode Num: 343 Episode T: 1000 Reward: 4426.676
Total T: 344000 Episode Num: 344 Episode T: 1000 Reward: 4178.241
Total T: 345000 Episode Num: 345 Episode T: 1000 Reward: 4336.666
---------------------------------------
Evaluation over 10 episodes: 4966.234
---------------------------------------
Total T: 346000 Episode Num: 346 Episode T: 1000 Reward: 4379.869
Total T: 347000 Episode Num: 347 Episode T: 1000 Reward: 4286.959
Total T: 348000 Episode Num: 348 Episode T: 1000 Reward: 4232.898
Total T: 349000 Episode Num: 349 Episode T: 1000 Reward: 4430.538
Total T: 350000 Episode Num: 350 Episode T: 1000 Reward: 4467.139
---------------------------------------
Evaluation over 10 episodes: 4014.681
---------------------------------------
Total T: 351000 Episode Num: 351 Episode T: 1000 Reward: 4283.371
Total T: 352000 Episode Num: 352 Episode T: 1000 Reward: 4314.763
Total T: 353000 Episode Num: 353 Episode T: 1000 Reward: 4381.377
Total T: 354000 Episode Num: 354 Episode T: 1000 Reward: 4428.650
Total T: 355000 Episode Num: 355 Episode T: 1000 Reward: 4319.657
---------------------------------------
Evaluation over 10 episodes: 3743.016
---------------------------------------
Total T: 356000 Episode Num: 356 Episode T: 1000 Reward: 4371.382
Total T: 357000 Episode Num: 357 Episode T: 1000 Reward: 4380.404
Total T: 358000 Episode Num: 358 Episode T: 1000 Reward: 4324.800
Total T: 359000 Episode Num: 359 Episode T: 1000 Reward: 4159.891
Total T: 360000 Episode Num: 360 Episode T: 1000 Reward: 4318.823
---------------------------------------
Evaluation over 10 episodes: 4188.221
---------------------------------------
Total T: 361000 Episode Num: 361 Episode T: 1000 Reward: 4480.807
Total T: 362000 Episode Num: 362 Episode T: 1000 Reward: 4407.027
Total T: 363000 Episode Num: 363 Episode T: 1000 Reward: 4287.402
Total T: 364000 Episode Num: 364 Episode T: 1000 Reward: 4308.172
Total T: 365000 Episode Num: 365 Episode T: 1000 Reward: 4402.630
---------------------------------------
Evaluation over 10 episodes: 4232.406
---------------------------------------
Total T: 366000 Episode Num: 366 Episode T: 1000 Reward: 4400.546
Total T: 367000 Episode Num: 367 Episode T: 1000 Reward: 4341.700
Total T: 368000 Episode Num: 368 Episode T: 1000 Reward: 4307.203
Total T: 369000 Episode Num: 369 Episode T: 1000 Reward: 4342.040
Total T: 370000 Episode Num: 370 Episode T: 1000 Reward: 4405.723
---------------------------------------
Evaluation over 10 episodes: 4470.689
---------------------------------------
Total T: 371000 Episode Num: 371 Episode T: 1000 Reward: 4403.216
Total T: 372000 Episode Num: 372 Episode T: 1000 Reward: 4364.316
Total T: 373000 Episode Num: 373 Episode T: 1000 Reward: 4424.602
Total T: 374000 Episode Num: 374 Episode T: 1000 Reward: 4412.391
Total T: 375000 Episode Num: 375 Episode T: 1000 Reward: 4335.269
---------------------------------------
Evaluation over 10 episodes: 4577.271
---------------------------------------
Total T: 376000 Episode Num: 376 Episode T: 1000 Reward: 4438.681
Total T: 377000 Episode Num: 377 Episode T: 1000 Reward: 4272.881
Total T: 378000 Episode Num: 378 Episode T: 1000 Reward: 4386.269
Total T: 379000 Episode Num: 379 Episode T: 1000 Reward: 4252.794
Total T: 380000 Episode Num: 380 Episode T: 1000 Reward: 4351.310
---------------------------------------
Evaluation over 10 episodes: 4622.717
---------------------------------------
Total T: 381000 Episode Num: 381 Episode T: 1000 Reward: 4303.302
Total T: 382000 Episode Num: 382 Episode T: 1000 Reward: 4314.562
Total T: 383000 Episode Num: 383 Episode T: 1000 Reward: 4416.563
Total T: 384000 Episode Num: 384 Episode T: 1000 Reward: 4462.460
Total T: 385000 Episode Num: 385 Episode T: 1000 Reward: 4438.546
---------------------------------------
Evaluation over 10 episodes: 4567.181
---------------------------------------
Total T: 386000 Episode Num: 386 Episode T: 1000 Reward: 4483.042
Total T: 387000 Episode Num: 387 Episode T: 1000 Reward: 4324.772
Total T: 388000 Episode Num: 388 Episode T: 1000 Reward: 4424.387
Total T: 389000 Episode Num: 389 Episode T: 1000 Reward: 4326.243
Total T: 390000 Episode Num: 390 Episode T: 1000 Reward: 4551.391
---------------------------------------
Evaluation over 10 episodes: 4469.625
---------------------------------------
Total T: 391000 Episode Num: 391 Episode T: 1000 Reward: 4312.942
Total T: 392000 Episode Num: 392 Episode T: 1000 Reward: 4452.069
Total T: 393000 Episode Num: 393 Episode T: 1000 Reward: 4461.017
Total T: 394000 Episode Num: 394 Episode T: 1000 Reward: 4294.013
Total T: 395000 Episode Num: 395 Episode T: 1000 Reward: 4387.321
---------------------------------------
Evaluation over 10 episodes: 4515.320
---------------------------------------
Total T: 396000 Episode Num: 396 Episode T: 1000 Reward: 4415.436
Total T: 397000 Episode Num: 397 Episode T: 1000 Reward: 4350.862
Total T: 398000 Episode Num: 398 Episode T: 1000 Reward: 4373.031
Total T: 399000 Episode Num: 399 Episode T: 1000 Reward: 4488.817
Total T: 400000 Episode Num: 400 Episode T: 1000 Reward: 4505.676
---------------------------------------
Evaluation over 10 episodes: 4101.557
---------------------------------------
Total T: 401000 Episode Num: 401 Episode T: 1000 Reward: 4367.591
Total T: 402000 Episode Num: 402 Episode T: 1000 Reward: 4356.106
Total T: 403000 Episode Num: 403 Episode T: 1000 Reward: 4378.619
Total T: 404000 Episode Num: 404 Episode T: 1000 Reward: 4481.007
Total T: 405000 Episode Num: 405 Episode T: 1000 Reward: 4330.470
---------------------------------------
Evaluation over 10 episodes: 4096.405
---------------------------------------
Total T: 406000 Episode Num: 406 Episode T: 1000 Reward: 4401.931
Total T: 407000 Episode Num: 407 Episode T: 1000 Reward: 4418.218
Total T: 408000 Episode Num: 408 Episode T: 1000 Reward: 4313.994
Total T: 409000 Episode Num: 409 Episode T: 1000 Reward: 4363.103
Total T: 410000 Episode Num: 410 Episode T: 1000 Reward: 4394.726
---------------------------------------
Evaluation over 10 episodes: 4572.401
---------------------------------------
Total T: 411000 Episode Num: 411 Episode T: 1000 Reward: 4359.993
Total T: 412000 Episode Num: 412 Episode T: 1000 Reward: 4359.866
Total T: 413000 Episode Num: 413 Episode T: 1000 Reward: 4461.466
Total T: 414000 Episode Num: 414 Episode T: 1000 Reward: 4485.066
Total T: 415000 Episode Num: 415 Episode T: 1000 Reward: 4315.741
---------------------------------------
Evaluation over 10 episodes: 4566.556
---------------------------------------
Total T: 416000 Episode Num: 416 Episode T: 1000 Reward: 4290.103
Total T: 417000 Episode Num: 417 Episode T: 1000 Reward: 4462.118
Total T: 418000 Episode Num: 418 Episode T: 1000 Reward: 4491.390
Total T: 419000 Episode Num: 419 Episode T: 1000 Reward: 4434.318
Total T: 420000 Episode Num: 420 Episode T: 1000 Reward: 4554.580
---------------------------------------
Evaluation over 10 episodes: 4365.845
---------------------------------------
Total T: 421000 Episode Num: 421 Episode T: 1000 Reward: 4404.320
Total T: 422000 Episode Num: 422 Episode T: 1000 Reward: 4420.834
Total T: 423000 Episode Num: 423 Episode T: 1000 Reward: 4391.674
Total T: 424000 Episode Num: 424 Episode T: 1000 Reward: 4316.951
Total T: 425000 Episode Num: 425 Episode T: 1000 Reward: 4395.313
---------------------------------------
Evaluation over 10 episodes: 4338.054
---------------------------------------
Total T: 426000 Episode Num: 426 Episode T: 1000 Reward: 4609.945
Total T: 427000 Episode Num: 427 Episode T: 1000 Reward: 4552.242
Total T: 428000 Episode Num: 428 Episode T: 1000 Reward: 4128.556
Total T: 429000 Episode Num: 429 Episode T: 1000 Reward: 4487.627
Total T: 430000 Episode Num: 430 Episode T: 1000 Reward: 4439.759
---------------------------------------
Evaluation over 10 episodes: 4969.969
---------------------------------------
Total T: 431000 Episode Num: 431 Episode T: 1000 Reward: 4353.914
Total T: 432000 Episode Num: 432 Episode T: 1000 Reward: 4485.915
Total T: 433000 Episode Num: 433 Episode T: 1000 Reward: 4436.180
Total T: 434000 Episode Num: 434 Episode T: 1000 Reward: 4469.311
Total T: 435000 Episode Num: 435 Episode T: 1000 Reward: 4316.897
---------------------------------------
Evaluation over 10 episodes: 4361.395
---------------------------------------
Total T: 436000 Episode Num: 436 Episode T: 1000 Reward: 4469.757
Total T: 437000 Episode Num: 437 Episode T: 1000 Reward: 4358.337
Total T: 438000 Episode Num: 438 Episode T: 1000 Reward: 4292.218
Total T: 439000 Episode Num: 439 Episode T: 1000 Reward: 4385.443
Total T: 440000 Episode Num: 440 Episode T: 1000 Reward: 4407.343
---------------------------------------
Evaluation over 10 episodes: 4470.288
---------------------------------------
Total T: 441000 Episode Num: 441 Episode T: 1000 Reward: 4447.173
Total T: 442000 Episode Num: 442 Episode T: 1000 Reward: 4506.213
Total T: 443000 Episode Num: 443 Episode T: 1000 Reward: 4474.374
Total T: 444000 Episode Num: 444 Episode T: 1000 Reward: 4423.514
Total T: 445000 Episode Num: 445 Episode T: 1000 Reward: 4380.614
---------------------------------------
Evaluation over 10 episodes: 4640.905
---------------------------------------
Total T: 446000 Episode Num: 446 Episode T: 1000 Reward: 4399.308
Total T: 447000 Episode Num: 447 Episode T: 1000 Reward: 4439.763
Total T: 448000 Episode Num: 448 Episode T: 1000 Reward: 4429.599
Total T: 449000 Episode Num: 449 Episode T: 1000 Reward: 4455.073
Total T: 450000 Episode Num: 450 Episode T: 1000 Reward: 4579.949
---------------------------------------
Evaluation over 10 episodes: 3910.943
---------------------------------------
Total T: 451000 Episode Num: 451 Episode T: 1000 Reward: 4394.711
Total T: 452000 Episode Num: 452 Episode T: 1000 Reward: 4511.470
Total T: 453000 Episode Num: 453 Episode T: 1000 Reward: 4499.567
Total T: 454000 Episode Num: 454 Episode T: 1000 Reward: 4432.249
Total T: 455000 Episode Num: 455 Episode T: 1000 Reward: 4576.577
---------------------------------------
Evaluation over 10 episodes: 4063.367
---------------------------------------
Total T: 456000 Episode Num: 456 Episode T: 1000 Reward: 4488.762
Total T: 457000 Episode Num: 457 Episode T: 1000 Reward: 4460.173
Total T: 458000 Episode Num: 458 Episode T: 1000 Reward: 4474.141
Total T: 459000 Episode Num: 459 Episode T: 1000 Reward: 4350.061
Total T: 460000 Episode Num: 460 Episode T: 1000 Reward: 4437.109
---------------------------------------
Evaluation over 10 episodes: 4081.348
---------------------------------------
Total T: 461000 Episode Num: 461 Episode T: 1000 Reward: 4406.277
Total T: 462000 Episode Num: 462 Episode T: 1000 Reward: 4584.817
Total T: 463000 Episode Num: 463 Episode T: 1000 Reward: 4392.708
Total T: 464000 Episode Num: 464 Episode T: 1000 Reward: 4497.904
Total T: 465000 Episode Num: 465 Episode T: 1000 Reward: 4503.043
---------------------------------------
Evaluation over 10 episodes: 4143.095
---------------------------------------
Total T: 466000 Episode Num: 466 Episode T: 1000 Reward: 4337.438
Total T: 467000 Episode Num: 467 Episode T: 1000 Reward: 4430.576
Total T: 468000 Episode Num: 468 Episode T: 1000 Reward: 4519.558
Total T: 469000 Episode Num: 469 Episode T: 1000 Reward: 4623.721
Total T: 470000 Episode Num: 470 Episode T: 1000 Reward: 4403.430
---------------------------------------
Evaluation over 10 episodes: 3967.032
---------------------------------------
Total T: 471000 Episode Num: 471 Episode T: 1000 Reward: 4502.316
Total T: 472000 Episode Num: 472 Episode T: 1000 Reward: 4582.844
Total T: 473000 Episode Num: 473 Episode T: 1000 Reward: 4440.689
Total T: 474000 Episode Num: 474 Episode T: 1000 Reward: 4521.111
Total T: 475000 Episode Num: 475 Episode T: 1000 Reward: 4379.787
---------------------------------------
Evaluation over 10 episodes: 4527.302
---------------------------------------
Total T: 476000 Episode Num: 476 Episode T: 1000 Reward: 4574.258
Total T: 477000 Episode Num: 477 Episode T: 1000 Reward: 4499.220
Total T: 478000 Episode Num: 478 Episode T: 1000 Reward: 4377.373
Total T: 479000 Episode Num: 479 Episode T: 1000 Reward: 4542.252
Total T: 480000 Episode Num: 480 Episode T: 1000 Reward: 4295.130
---------------------------------------
Evaluation over 10 episodes: 4554.844
---------------------------------------
Total T: 481000 Episode Num: 481 Episode T: 1000 Reward: 4562.333
Total T: 482000 Episode Num: 482 Episode T: 1000 Reward: 4445.815
Total T: 483000 Episode Num: 483 Episode T: 1000 Reward: 4614.809
Total T: 484000 Episode Num: 484 Episode T: 1000 Reward: 4533.876
Total T: 485000 Episode Num: 485 Episode T: 1000 Reward: 4434.759
---------------------------------------
Evaluation over 10 episodes: 4606.754
---------------------------------------
Total T: 486000 Episode Num: 486 Episode T: 1000 Reward: 4509.631
Total T: 487000 Episode Num: 487 Episode T: 1000 Reward: 4346.095
Total T: 488000 Episode Num: 488 Episode T: 1000 Reward: 4562.191
Total T: 489000 Episode Num: 489 Episode T: 1000 Reward: 4437.557
Total T: 490000 Episode Num: 490 Episode T: 1000 Reward: 4590.578
---------------------------------------
Evaluation over 10 episodes: 4709.542
---------------------------------------
Total T: 491000 Episode Num: 491 Episode T: 1000 Reward: 4531.922
Total T: 492000 Episode Num: 492 Episode T: 1000 Reward: 4505.830
Total T: 493000 Episode Num: 493 Episode T: 1000 Reward: 4592.533
Total T: 494000 Episode Num: 494 Episode T: 1000 Reward: 4442.059
Total T: 495000 Episode Num: 495 Episode T: 1000 Reward: 4666.362
---------------------------------------
Evaluation over 10 episodes: 4695.694
---------------------------------------
Total T: 496000 Episode Num: 496 Episode T: 1000 Reward: 4513.203
Total T: 497000 Episode Num: 497 Episode T: 1000 Reward: 4452.588
Total T: 498000 Episode Num: 498 Episode T: 1000 Reward: 4538.892
Total T: 499000 Episode Num: 499 Episode T: 1000 Reward: 4439.014
Total T: 500000 Episode Num: 500 Episode T: 1000 Reward: 4593.051
---------------------------------------
Evaluation over 10 episodes: 4111.375
---------------------------------------
Total T: 501000 Episode Num: 501 Episode T: 1000 Reward: 4469.659
Total T: 502000 Episode Num: 502 Episode T: 1000 Reward: 4650.186
Total T: 503000 Episode Num: 503 Episode T: 1000 Reward: 4643.414
Total T: 504000 Episode Num: 504 Episode T: 1000 Reward: 4519.881
Total T: 505000 Episode Num: 505 Episode T: 1000 Reward: 4456.300
---------------------------------------
Evaluation over 10 episodes: 4840.211
---------------------------------------
Total T: 506000 Episode Num: 506 Episode T: 1000 Reward: 4348.887
Total T: 507000 Episode Num: 507 Episode T: 1000 Reward: 4534.747
Total T: 508000 Episode Num: 508 Episode T: 1000 Reward: 4546.587
Total T: 509000 Episode Num: 509 Episode T: 1000 Reward: 4616.546
Total T: 510000 Episode Num: 510 Episode T: 1000 Reward: 4442.348
---------------------------------------
Evaluation over 10 episodes: 4065.094
---------------------------------------
Total T: 511000 Episode Num: 511 Episode T: 1000 Reward: 4551.886
Total T: 512000 Episode Num: 512 Episode T: 1000 Reward: 4511.383
Total T: 513000 Episode Num: 513 Episode T: 1000 Reward: 4480.258
Total T: 514000 Episode Num: 514 Episode T: 1000 Reward: 4553.057
Total T: 515000 Episode Num: 515 Episode T: 1000 Reward: 4522.177
---------------------------------------
Evaluation over 10 episodes: 4642.397
---------------------------------------
Total T: 516000 Episode Num: 516 Episode T: 1000 Reward: 4679.562
Total T: 517000 Episode Num: 517 Episode T: 1000 Reward: 4581.836
Total T: 518000 Episode Num: 518 Episode T: 1000 Reward: 4647.382
Total T: 519000 Episode Num: 519 Episode T: 1000 Reward: 4546.325
Total T: 520000 Episode Num: 520 Episode T: 1000 Reward: 4414.920
---------------------------------------
Evaluation over 10 episodes: 4711.584
---------------------------------------
Total T: 521000 Episode Num: 521 Episode T: 1000 Reward: 4569.132
Total T: 522000 Episode Num: 522 Episode T: 1000 Reward: 4477.180
Total T: 523000 Episode Num: 523 Episode T: 1000 Reward: 4713.951
Total T: 524000 Episode Num: 524 Episode T: 1000 Reward: 4461.702
Total T: 525000 Episode Num: 525 Episode T: 1000 Reward: 4615.635
---------------------------------------
Evaluation over 10 episodes: 4749.064
---------------------------------------
Total T: 526000 Episode Num: 526 Episode T: 1000 Reward: 4585.949
Total T: 527000 Episode Num: 527 Episode T: 1000 Reward: 4460.537
Total T: 528000 Episode Num: 528 Episode T: 1000 Reward: 4592.053
Total T: 529000 Episode Num: 529 Episode T: 1000 Reward: 4565.434
Total T: 530000 Episode Num: 530 Episode T: 1000 Reward: 4650.565
---------------------------------------
Evaluation over 10 episodes: 4744.524
---------------------------------------
Total T: 531000 Episode Num: 531 Episode T: 1000 Reward: 4593.271
Total T: 532000 Episode Num: 532 Episode T: 1000 Reward: 4529.700
Total T: 533000 Episode Num: 533 Episode T: 1000 Reward: 4666.169
Total T: 534000 Episode Num: 534 Episode T: 1000 Reward: 4535.923
Total T: 535000 Episode Num: 535 Episode T: 1000 Reward: 4516.007
---------------------------------------
Evaluation over 10 episodes: 4826.683
---------------------------------------
Total T: 536000 Episode Num: 536 Episode T: 1000 Reward: 4553.059
Total T: 537000 Episode Num: 537 Episode T: 1000 Reward: 4716.898
Total T: 538000 Episode Num: 538 Episode T: 1000 Reward: 4622.483
Total T: 539000 Episode Num: 539 Episode T: 1000 Reward: 4564.345
Total T: 540000 Episode Num: 540 Episode T: 1000 Reward: 4667.931
---------------------------------------
Evaluation over 10 episodes: 4918.317
---------------------------------------
Total T: 541000 Episode Num: 541 Episode T: 1000 Reward: 4580.115
Total T: 542000 Episode Num: 542 Episode T: 1000 Reward: 4577.997
Total T: 543000 Episode Num: 543 Episode T: 1000 Reward: 4478.458
Total T: 544000 Episode Num: 544 Episode T: 1000 Reward: 4705.930
Total T: 545000 Episode Num: 545 Episode T: 1000 Reward: 4690.652
---------------------------------------
Evaluation over 10 episodes: 4971.382
---------------------------------------
Total T: 546000 Episode Num: 546 Episode T: 1000 Reward: 4480.058
Total T: 547000 Episode Num: 547 Episode T: 1000 Reward: 4596.973
Total T: 548000 Episode Num: 548 Episode T: 1000 Reward: 4378.089
Total T: 549000 Episode Num: 549 Episode T: 1000 Reward: 4692.064
Total T: 550000 Episode Num: 550 Episode T: 1000 Reward: 4616.178
---------------------------------------
Evaluation over 10 episodes: 3970.122
---------------------------------------
Total T: 551000 Episode Num: 551 Episode T: 1000 Reward: 4485.086
Total T: 552000 Episode Num: 552 Episode T: 1000 Reward: 4595.426
Total T: 553000 Episode Num: 553 Episode T: 1000 Reward: 4577.500
Total T: 554000 Episode Num: 554 Episode T: 1000 Reward: 4599.206
Total T: 555000 Episode Num: 555 Episode T: 1000 Reward: 4680.911
---------------------------------------
Evaluation over 10 episodes: 4646.038
---------------------------------------
Total T: 556000 Episode Num: 556 Episode T: 1000 Reward: 4667.579
Total T: 557000 Episode Num: 557 Episode T: 1000 Reward: 4533.614
Total T: 558000 Episode Num: 558 Episode T: 1000 Reward: 4611.079
Total T: 559000 Episode Num: 559 Episode T: 1000 Reward: 4658.752
Total T: 560000 Episode Num: 560 Episode T: 1000 Reward: 4603.156
---------------------------------------
Evaluation over 10 episodes: 4710.331
---------------------------------------
Total T: 561000 Episode Num: 561 Episode T: 1000 Reward: 4625.183
Total T: 562000 Episode Num: 562 Episode T: 1000 Reward: 4668.841
Total T: 563000 Episode Num: 563 Episode T: 1000 Reward: 4707.140
Total T: 564000 Episode Num: 564 Episode T: 1000 Reward: 4646.128
Total T: 565000 Episode Num: 565 Episode T: 1000 Reward: 4504.399
---------------------------------------
Evaluation over 10 episodes: 4794.756
---------------------------------------
Total T: 566000 Episode Num: 566 Episode T: 1000 Reward: 4868.511
Total T: 567000 Episode Num: 567 Episode T: 1000 Reward: 4545.628
Total T: 568000 Episode Num: 568 Episode T: 1000 Reward: 4734.655
Total T: 569000 Episode Num: 569 Episode T: 1000 Reward: 4656.121
Total T: 570000 Episode Num: 570 Episode T: 1000 Reward: 4594.870
---------------------------------------
Evaluation over 10 episodes: 4707.032
---------------------------------------
Total T: 571000 Episode Num: 571 Episode T: 1000 Reward: 4660.003
Total T: 572000 Episode Num: 572 Episode T: 1000 Reward: 4545.348
Total T: 573000 Episode Num: 573 Episode T: 1000 Reward: 4747.060
Total T: 574000 Episode Num: 574 Episode T: 1000 Reward: 4710.826
Total T: 575000 Episode Num: 575 Episode T: 1000 Reward: 4574.208
---------------------------------------
Evaluation over 10 episodes: 4771.849
---------------------------------------
Total T: 576000 Episode Num: 576 Episode T: 1000 Reward: 4673.102
Total T: 577000 Episode Num: 577 Episode T: 1000 Reward: 4602.640
Total T: 578000 Episode Num: 578 Episode T: 1000 Reward: 4719.154
Total T: 579000 Episode Num: 579 Episode T: 1000 Reward: 4712.485
Total T: 580000 Episode Num: 580 Episode T: 1000 Reward: 4652.848
---------------------------------------
Evaluation over 10 episodes: 4752.972
---------------------------------------
Total T: 581000 Episode Num: 581 Episode T: 1000 Reward: 4704.643
Total T: 582000 Episode Num: 582 Episode T: 1000 Reward: 4624.460
Total T: 583000 Episode Num: 583 Episode T: 1000 Reward: 4829.278
Total T: 584000 Episode Num: 584 Episode T: 1000 Reward: 4701.267
Total T: 585000 Episode Num: 585 Episode T: 1000 Reward: 4705.819
---------------------------------------
Evaluation over 10 episodes: 4852.266
---------------------------------------
Total T: 586000 Episode Num: 586 Episode T: 1000 Reward: 4768.792
Total T: 587000 Episode Num: 587 Episode T: 1000 Reward: 4596.066
Total T: 588000 Episode Num: 588 Episode T: 1000 Reward: 4672.162
Total T: 589000 Episode Num: 589 Episode T: 1000 Reward: 4699.404
Total T: 590000 Episode Num: 590 Episode T: 1000 Reward: 4743.005
---------------------------------------
Evaluation over 10 episodes: 4855.284
---------------------------------------
Total T: 591000 Episode Num: 591 Episode T: 1000 Reward: 4703.081
Total T: 592000 Episode Num: 592 Episode T: 1000 Reward: 4600.646
Total T: 593000 Episode Num: 593 Episode T: 1000 Reward: 4731.697
Total T: 594000 Episode Num: 594 Episode T: 1000 Reward: 4648.528
Total T: 595000 Episode Num: 595 Episode T: 1000 Reward: 4704.651
---------------------------------------
Evaluation over 10 episodes: 4521.500
---------------------------------------
Total T: 596000 Episode Num: 596 Episode T: 1000 Reward: 4715.008
Total T: 597000 Episode Num: 597 Episode T: 1000 Reward: 4872.092
Total T: 598000 Episode Num: 598 Episode T: 1000 Reward: 4844.788
Total T: 599000 Episode Num: 599 Episode T: 1000 Reward: 4502.690
Total T: 600000 Episode Num: 600 Episode T: 1000 Reward: 4636.669
---------------------------------------
Evaluation over 10 episodes: 4835.174
---------------------------------------
Total T: 601000 Episode Num: 601 Episode T: 1000 Reward: 4726.470
Total T: 602000 Episode Num: 602 Episode T: 1000 Reward: 4832.272
Total T: 603000 Episode Num: 603 Episode T: 1000 Reward: 4669.075
Total T: 604000 Episode Num: 604 Episode T: 1000 Reward: 4740.744
Total T: 605000 Episode Num: 605 Episode T: 1000 Reward: 4659.641
---------------------------------------
Evaluation over 10 episodes: 5042.088
---------------------------------------
Total T: 606000 Episode Num: 606 Episode T: 1000 Reward: 4646.142
Total T: 607000 Episode Num: 607 Episode T: 1000 Reward: 4722.688
Total T: 608000 Episode Num: 608 Episode T: 1000 Reward: 4601.857
Total T: 609000 Episode Num: 609 Episode T: 1000 Reward: 4822.764
Total T: 610000 Episode Num: 610 Episode T: 1000 Reward: 4784.391
---------------------------------------
Evaluation over 10 episodes: 5082.952
---------------------------------------
Total T: 611000 Episode Num: 611 Episode T: 1000 Reward: 4645.423
Total T: 612000 Episode Num: 612 Episode T: 1000 Reward: 4827.756
Total T: 613000 Episode Num: 613 Episode T: 1000 Reward: 4687.506
Total T: 614000 Episode Num: 614 Episode T: 1000 Reward: 4760.299
Total T: 615000 Episode Num: 615 Episode T: 1000 Reward: 4788.862
---------------------------------------
Evaluation over 10 episodes: 5030.259
---------------------------------------
Total T: 616000 Episode Num: 616 Episode T: 1000 Reward: 4630.458
Total T: 617000 Episode Num: 617 Episode T: 1000 Reward: 4769.135
Total T: 618000 Episode Num: 618 Episode T: 1000 Reward: 4709.330
Total T: 619000 Episode Num: 619 Episode T: 1000 Reward: 4885.339
Total T: 620000 Episode Num: 620 Episode T: 1000 Reward: 4817.346
---------------------------------------
Evaluation over 10 episodes: 5100.353
---------------------------------------
Total T: 621000 Episode Num: 621 Episode T: 1000 Reward: 4597.247
Total T: 622000 Episode Num: 622 Episode T: 1000 Reward: 4785.482
Total T: 623000 Episode Num: 623 Episode T: 1000 Reward: 4669.835
Total T: 624000 Episode Num: 624 Episode T: 1000 Reward: 4732.492
Total T: 625000 Episode Num: 625 Episode T: 1000 Reward: 4824.723
---------------------------------------
Evaluation over 10 episodes: 4400.784
---------------------------------------
Total T: 626000 Episode Num: 626 Episode T: 1000 Reward: 4682.277
Total T: 627000 Episode Num: 627 Episode T: 1000 Reward: 4668.013
Total T: 628000 Episode Num: 628 Episode T: 1000 Reward: 4740.962
Total T: 629000 Episode Num: 629 Episode T: 1000 Reward: 4776.753
Total T: 630000 Episode Num: 630 Episode T: 1000 Reward: 4641.126
---------------------------------------
Evaluation over 10 episodes: 4580.126
---------------------------------------
Total T: 631000 Episode Num: 631 Episode T: 1000 Reward: 4777.895
Total T: 632000 Episode Num: 632 Episode T: 1000 Reward: 4865.383
Total T: 633000 Episode Num: 633 Episode T: 1000 Reward: 4680.485
Total T: 634000 Episode Num: 634 Episode T: 1000 Reward: 4749.385
Total T: 635000 Episode Num: 635 Episode T: 1000 Reward: 4779.892
---------------------------------------
Evaluation over 10 episodes: 4640.652
---------------------------------------
Total T: 636000 Episode Num: 636 Episode T: 1000 Reward: 4873.268
Total T: 637000 Episode Num: 637 Episode T: 1000 Reward: 4763.679
Total T: 638000 Episode Num: 638 Episode T: 1000 Reward: 4686.339
Total T: 639000 Episode Num: 639 Episode T: 1000 Reward: 4832.316
Total T: 640000 Episode Num: 640 Episode T: 1000 Reward: 4730.463
---------------------------------------
Evaluation over 10 episodes: 4934.654
---------------------------------------
Total T: 641000 Episode Num: 641 Episode T: 1000 Reward: 4890.769
Total T: 642000 Episode Num: 642 Episode T: 1000 Reward: 4829.249
Total T: 643000 Episode Num: 643 Episode T: 1000 Reward: 4775.450
Total T: 644000 Episode Num: 644 Episode T: 1000 Reward: 4723.256
Total T: 645000 Episode Num: 645 Episode T: 1000 Reward: 4711.137
---------------------------------------
Evaluation over 10 episodes: 4886.954
---------------------------------------
Total T: 646000 Episode Num: 646 Episode T: 1000 Reward: 4781.820
Total T: 647000 Episode Num: 647 Episode T: 1000 Reward: 4824.505
Total T: 648000 Episode Num: 648 Episode T: 1000 Reward: 4901.772
Total T: 649000 Episode Num: 649 Episode T: 1000 Reward: 4785.051
Total T: 650000 Episode Num: 650 Episode T: 1000 Reward: 4818.946
---------------------------------------
Evaluation over 10 episodes: 4964.127
---------------------------------------
Total T: 651000 Episode Num: 651 Episode T: 1000 Reward: 4844.981
Total T: 652000 Episode Num: 652 Episode T: 1000 Reward: 4637.151
Total T: 653000 Episode Num: 653 Episode T: 1000 Reward: 4860.102
Total T: 654000 Episode Num: 654 Episode T: 1000 Reward: 4770.987
Total T: 655000 Episode Num: 655 Episode T: 1000 Reward: 4838.035
---------------------------------------
Evaluation over 10 episodes: 4880.536
---------------------------------------
Total T: 656000 Episode Num: 656 Episode T: 1000 Reward: 4839.188
Total T: 657000 Episode Num: 657 Episode T: 1000 Reward: 4677.807
Total T: 658000 Episode Num: 658 Episode T: 1000 Reward: 4861.673
Total T: 659000 Episode Num: 659 Episode T: 1000 Reward: 4817.152
Total T: 660000 Episode Num: 660 Episode T: 1000 Reward: 4842.615
---------------------------------------
Evaluation over 10 episodes: 4172.022
---------------------------------------
Total T: 661000 Episode Num: 661 Episode T: 1000 Reward: 4820.522
Total T: 662000 Episode Num: 662 Episode T: 1000 Reward: 4863.524
Total T: 663000 Episode Num: 663 Episode T: 1000 Reward: 4770.789
Total T: 664000 Episode Num: 664 Episode T: 1000 Reward: 4697.741
Total T: 665000 Episode Num: 665 Episode T: 1000 Reward: 4818.213
---------------------------------------
Evaluation over 10 episodes: 4562.204
---------------------------------------
Total T: 666000 Episode Num: 666 Episode T: 1000 Reward: 4805.883
Total T: 667000 Episode Num: 667 Episode T: 1000 Reward: 4922.821
Total T: 668000 Episode Num: 668 Episode T: 1000 Reward: 4759.925
Total T: 669000 Episode Num: 669 Episode T: 1000 Reward: 4802.110
Total T: 670000 Episode Num: 670 Episode T: 1000 Reward: 4782.666
---------------------------------------
Evaluation over 10 episodes: 4932.654
---------------------------------------
Total T: 671000 Episode Num: 671 Episode T: 1000 Reward: 4787.849
Total T: 672000 Episode Num: 672 Episode T: 1000 Reward: 4926.006
Total T: 673000 Episode Num: 673 Episode T: 1000 Reward: 4727.031
Total T: 674000 Episode Num: 674 Episode T: 1000 Reward: 4965.068
Total T: 675000 Episode Num: 675 Episode T: 1000 Reward: 4730.639
---------------------------------------
Evaluation over 10 episodes: 5166.896
---------------------------------------
Total T: 676000 Episode Num: 676 Episode T: 1000 Reward: 4773.951
Total T: 677000 Episode Num: 677 Episode T: 1000 Reward: 4801.202
Total T: 678000 Episode Num: 678 Episode T: 1000 Reward: 4792.774
Total T: 679000 Episode Num: 679 Episode T: 1000 Reward: 4911.765
Total T: 680000 Episode Num: 680 Episode T: 1000 Reward: 4833.061
---------------------------------------
Evaluation over 10 episodes: 5151.931
---------------------------------------
Total T: 681000 Episode Num: 681 Episode T: 1000 Reward: 4676.171
Total T: 682000 Episode Num: 682 Episode T: 1000 Reward: 4900.594
Total T: 683000 Episode Num: 683 Episode T: 1000 Reward: 4700.720
Total T: 684000 Episode Num: 684 Episode T: 1000 Reward: 4770.855
Total T: 685000 Episode Num: 685 Episode T: 1000 Reward: 4845.891
---------------------------------------
Evaluation over 10 episodes: 5130.007
---------------------------------------
Total T: 686000 Episode Num: 686 Episode T: 1000 Reward: 4751.645
Total T: 687000 Episode Num: 687 Episode T: 1000 Reward: 4940.890
Total T: 688000 Episode Num: 688 Episode T: 1000 Reward: 4870.285
Total T: 689000 Episode Num: 689 Episode T: 1000 Reward: 4899.268
Total T: 690000 Episode Num: 690 Episode T: 1000 Reward: 4904.303
---------------------------------------
Evaluation over 10 episodes: 5166.112
---------------------------------------
Total T: 691000 Episode Num: 691 Episode T: 1000 Reward: 4778.176
Total T: 692000 Episode Num: 692 Episode T: 1000 Reward: 4825.469
Total T: 693000 Episode Num: 693 Episode T: 1000 Reward: 4705.237
Total T: 694000 Episode Num: 694 Episode T: 1000 Reward: 5012.024
Total T: 695000 Episode Num: 695 Episode T: 1000 Reward: 4759.047
---------------------------------------
Evaluation over 10 episodes: 4654.268
---------------------------------------
Total T: 696000 Episode Num: 696 Episode T: 1000 Reward: 4888.093
Total T: 697000 Episode Num: 697 Episode T: 1000 Reward: 4718.222
Total T: 698000 Episode Num: 698 Episode T: 1000 Reward: 4880.590
Total T: 699000 Episode Num: 699 Episode T: 1000 Reward: 4960.271
Total T: 700000 Episode Num: 700 Episode T: 1000 Reward: 4736.408
---------------------------------------
Evaluation over 10 episodes: 4294.943
---------------------------------------
Total T: 701000 Episode Num: 701 Episode T: 1000 Reward: 4931.359
Total T: 702000 Episode Num: 702 Episode T: 1000 Reward: 4870.768
Total T: 703000 Episode Num: 703 Episode T: 1000 Reward: 4659.379
Total T: 704000 Episode Num: 704 Episode T: 1000 Reward: 4954.383
Total T: 705000 Episode Num: 705 Episode T: 1000 Reward: 4746.173
---------------------------------------
Evaluation over 10 episodes: 4184.961
---------------------------------------
Total T: 706000 Episode Num: 706 Episode T: 1000 Reward: 4964.563
Total T: 707000 Episode Num: 707 Episode T: 1000 Reward: 4765.088
Total T: 708000 Episode Num: 708 Episode T: 1000 Reward: 4689.542
Total T: 709000 Episode Num: 709 Episode T: 1000 Reward: 4838.275
Total T: 710000 Episode Num: 710 Episode T: 1000 Reward: 4787.545
---------------------------------------
Evaluation over 10 episodes: 5090.145
---------------------------------------
Total T: 711000 Episode Num: 711 Episode T: 1000 Reward: 5087.216
Total T: 712000 Episode Num: 712 Episode T: 1000 Reward: 4782.038
Total T: 713000 Episode Num: 713 Episode T: 1000 Reward: 4996.624
Total T: 714000 Episode Num: 714 Episode T: 1000 Reward: 4759.054
Total T: 715000 Episode Num: 715 Episode T: 1000 Reward: 4813.524
---------------------------------------
Evaluation over 10 episodes: 5044.932
---------------------------------------
Total T: 716000 Episode Num: 716 Episode T: 1000 Reward: 4920.266
Total T: 717000 Episode Num: 717 Episode T: 1000 Reward: 4782.380
Total T: 718000 Episode Num: 718 Episode T: 1000 Reward: 4989.543
Total T: 719000 Episode Num: 719 Episode T: 1000 Reward: 4732.999
Total T: 720000 Episode Num: 720 Episode T: 1000 Reward: 4656.313
---------------------------------------
Evaluation over 10 episodes: 5042.265
---------------------------------------
Total T: 721000 Episode Num: 721 Episode T: 1000 Reward: 4807.432
Total T: 722000 Episode Num: 722 Episode T: 1000 Reward: 4863.289
Total T: 723000 Episode Num: 723 Episode T: 1000 Reward: 5033.097
Total T: 724000 Episode Num: 724 Episode T: 1000 Reward: 4572.824
Total T: 725000 Episode Num: 725 Episode T: 1000 Reward: 4944.095
---------------------------------------
Evaluation over 10 episodes: 4988.265
---------------------------------------
Total T: 726000 Episode Num: 726 Episode T: 1000 Reward: 4768.115
Total T: 727000 Episode Num: 727 Episode T: 1000 Reward: 4701.662
Total T: 728000 Episode Num: 728 Episode T: 1000 Reward: 4927.714
Total T: 729000 Episode Num: 729 Episode T: 1000 Reward: 4837.739
Total T: 730000 Episode Num: 730 Episode T: 1000 Reward: 5077.839
---------------------------------------
Evaluation over 10 episodes: 5028.356
---------------------------------------
Total T: 731000 Episode Num: 731 Episode T: 1000 Reward: 4847.542
Total T: 732000 Episode Num: 732 Episode T: 1000 Reward: 4844.798
Total T: 733000 Episode Num: 733 Episode T: 1000 Reward: 4793.341
Total T: 734000 Episode Num: 734 Episode T: 1000 Reward: 4789.330
Total T: 735000 Episode Num: 735 Episode T: 1000 Reward: 5008.939
---------------------------------------
Evaluation over 10 episodes: 4873.035
---------------------------------------
Total T: 736000 Episode Num: 736 Episode T: 1000 Reward: 4846.422
Total T: 737000 Episode Num: 737 Episode T: 1000 Reward: 4778.896
Total T: 738000 Episode Num: 738 Episode T: 1000 Reward: 4796.280
Total T: 739000 Episode Num: 739 Episode T: 1000 Reward: 4811.540
Total T: 740000 Episode Num: 740 Episode T: 1000 Reward: 5070.394
---------------------------------------
Evaluation over 10 episodes: 4993.050
---------------------------------------
Total T: 741000 Episode Num: 741 Episode T: 1000 Reward: 4877.539
Total T: 742000 Episode Num: 742 Episode T: 1000 Reward: 4818.160
Total T: 743000 Episode Num: 743 Episode T: 1000 Reward: 4918.725
Total T: 744000 Episode Num: 744 Episode T: 1000 Reward: 4887.803
Total T: 745000 Episode Num: 745 Episode T: 1000 Reward: 5132.132
---------------------------------------
Evaluation over 10 episodes: 4860.251
---------------------------------------
Total T: 746000 Episode Num: 746 Episode T: 1000 Reward: 4832.115
Total T: 747000 Episode Num: 747 Episode T: 1000 Reward: 5054.095
Total T: 748000 Episode Num: 748 Episode T: 1000 Reward: 4790.366
Total T: 749000 Episode Num: 749 Episode T: 1000 Reward: 4734.458
Total T: 750000 Episode Num: 750 Episode T: 1000 Reward: 5051.606
---------------------------------------
Evaluation over 10 episodes: 4195.202
---------------------------------------
Total T: 751000 Episode Num: 751 Episode T: 1000 Reward: 4773.922
Total T: 752000 Episode Num: 752 Episode T: 1000 Reward: 5066.504
Total T: 753000 Episode Num: 753 Episode T: 1000 Reward: 4815.765
Total T: 754000 Episode Num: 754 Episode T: 1000 Reward: 4802.340
Total T: 755000 Episode Num: 755 Episode T: 1000 Reward: 5069.315
---------------------------------------
Evaluation over 10 episodes: 4308.172
---------------------------------------
Total T: 756000 Episode Num: 756 Episode T: 1000 Reward: 4820.910
Total T: 757000 Episode Num: 757 Episode T: 1000 Reward: 5052.837
Total T: 758000 Episode Num: 758 Episode T: 1000 Reward: 4789.708
Total T: 759000 Episode Num: 759 Episode T: 1000 Reward: 4713.820
Total T: 760000 Episode Num: 760 Episode T: 1000 Reward: 4859.503
---------------------------------------
Evaluation over 10 episodes: 4754.512
---------------------------------------
Total T: 761000 Episode Num: 761 Episode T: 1000 Reward: 4856.032
Total T: 762000 Episode Num: 762 Episode T: 1000 Reward: 5079.292
Total T: 763000 Episode Num: 763 Episode T: 1000 Reward: 4892.726
Total T: 764000 Episode Num: 764 Episode T: 1000 Reward: 4738.231
Total T: 765000 Episode Num: 765 Episode T: 1000 Reward: 4818.377
---------------------------------------
Evaluation over 10 episodes: 4998.200
---------------------------------------
Total T: 766000 Episode Num: 766 Episode T: 1000 Reward: 4850.020
Total T: 767000 Episode Num: 767 Episode T: 1000 Reward: 5201.186
Total T: 768000 Episode Num: 768 Episode T: 1000 Reward: 4728.872
Total T: 769000 Episode Num: 769 Episode T: 1000 Reward: 4784.533
Total T: 770000 Episode Num: 770 Episode T: 1000 Reward: 4922.452
---------------------------------------
Evaluation over 10 episodes: 5015.895
---------------------------------------
Total T: 771000 Episode Num: 771 Episode T: 1000 Reward: 4861.651
Total T: 772000 Episode Num: 772 Episode T: 1000 Reward: 5133.875
Total T: 773000 Episode Num: 773 Episode T: 1000 Reward: 4789.486
Total T: 774000 Episode Num: 774 Episode T: 1000 Reward: 4849.497
Total T: 775000 Episode Num: 775 Episode T: 1000 Reward: 4777.859
---------------------------------------
Evaluation over 10 episodes: 5164.759
---------------------------------------
Total T: 776000 Episode Num: 776 Episode T: 1000 Reward: 4841.126
Total T: 777000 Episode Num: 777 Episode T: 1000 Reward: 4950.130
Total T: 778000 Episode Num: 778 Episode T: 1000 Reward: 4893.265
Total T: 779000 Episode Num: 779 Episode T: 1000 Reward: 5110.248
Total T: 780000 Episode Num: 780 Episode T: 1000 Reward: 4748.355
---------------------------------------
Evaluation over 10 episodes: 5342.314
---------------------------------------
Total T: 781000 Episode Num: 781 Episode T: 1000 Reward: 4787.293
Total T: 782000 Episode Num: 782 Episode T: 1000 Reward: 4933.984
Total T: 783000 Episode Num: 783 Episode T: 1000 Reward: 4755.023
Total T: 784000 Episode Num: 784 Episode T: 1000 Reward: 5235.089
Total T: 785000 Episode Num: 785 Episode T: 1000 Reward: 4846.784
---------------------------------------
Evaluation over 10 episodes: 5173.017
---------------------------------------
Total T: 786000 Episode Num: 786 Episode T: 1000 Reward: 4844.651
Total T: 787000 Episode Num: 787 Episode T: 1000 Reward: 4962.820
Total T: 788000 Episode Num: 788 Episode T: 1000 Reward: 4899.915
Total T: 789000 Episode Num: 789 Episode T: 1000 Reward: 5152.354
Total T: 790000 Episode Num: 790 Episode T: 1000 Reward: 4893.686
---------------------------------------
Evaluation over 10 episodes: 5357.922
---------------------------------------
Total T: 791000 Episode Num: 791 Episode T: 1000 Reward: 4863.418
Total T: 792000 Episode Num: 792 Episode T: 1000 Reward: 4933.881
Total T: 793000 Episode Num: 793 Episode T: 1000 Reward: 4822.791
Total T: 794000 Episode Num: 794 Episode T: 1000 Reward: 5194.593
Total T: 795000 Episode Num: 795 Episode T: 1000 Reward: 4842.843
---------------------------------------
Evaluation over 10 episodes: 5326.124
---------------------------------------
Total T: 796000 Episode Num: 796 Episode T: 1000 Reward: 4823.163
Total T: 797000 Episode Num: 797 Episode T: 1000 Reward: 5212.474
Total T: 798000 Episode Num: 798 Episode T: 1000 Reward: 4678.145
Total T: 799000 Episode Num: 799 Episode T: 1000 Reward: 5030.108
Total T: 800000 Episode Num: 800 Episode T: 1000 Reward: 4818.107
---------------------------------------
Evaluation over 10 episodes: 5342.466
---------------------------------------
Total T: 801000 Episode Num: 801 Episode T: 1000 Reward: 4979.477
Total T: 802000 Episode Num: 802 Episode T: 1000 Reward: 4992.599
Total T: 803000 Episode Num: 803 Episode T: 1000 Reward: 4832.555
Total T: 804000 Episode Num: 804 Episode T: 1000 Reward: 5220.187
Total T: 805000 Episode Num: 805 Episode T: 1000 Reward: 4781.724
---------------------------------------
Evaluation over 10 episodes: 5261.639
---------------------------------------
Total T: 806000 Episode Num: 806 Episode T: 1000 Reward: 4885.599
Total T: 807000 Episode Num: 807 Episode T: 1000 Reward: 4987.814
Total T: 808000 Episode Num: 808 Episode T: 1000 Reward: 4746.772
Total T: 809000 Episode Num: 809 Episode T: 1000 Reward: 5220.705
Total T: 810000 Episode Num: 810 Episode T: 1000 Reward: 4796.892
---------------------------------------
Evaluation over 10 episodes: 5461.328
---------------------------------------
Total T: 811000 Episode Num: 811 Episode T: 1000 Reward: 4876.835
Total T: 812000 Episode Num: 812 Episode T: 1000 Reward: 4797.776
Total T: 813000 Episode Num: 813 Episode T: 1000 Reward: 4820.031
Total T: 814000 Episode Num: 814 Episode T: 1000 Reward: 5165.115
Total T: 815000 Episode Num: 815 Episode T: 1000 Reward: 4795.183
---------------------------------------
Evaluation over 10 episodes: 4235.765
---------------------------------------
Total T: 816000 Episode Num: 816 Episode T: 1000 Reward: 4934.128
Total T: 817000 Episode Num: 817 Episode T: 1000 Reward: 4942.696
Total T: 818000 Episode Num: 818 Episode T: 1000 Reward: 4876.687
Total T: 819000 Episode Num: 819 Episode T: 1000 Reward: 4965.386
Total T: 820000 Episode Num: 820 Episode T: 1000 Reward: 4840.026
---------------------------------------
Evaluation over 10 episodes: 4816.766
---------------------------------------
Total T: 821000 Episode Num: 821 Episode T: 1000 Reward: 5292.612
Total T: 822000 Episode Num: 822 Episode T: 1000 Reward: 4911.718
Total T: 823000 Episode Num: 823 Episode T: 1000 Reward: 4898.255
Total T: 824000 Episode Num: 824 Episode T: 1000 Reward: 5132.572
Total T: 825000 Episode Num: 825 Episode T: 1000 Reward: 4835.570
---------------------------------------
Evaluation over 10 episodes: 4689.276
---------------------------------------
Total T: 826000 Episode Num: 826 Episode T: 1000 Reward: 5146.809
Total T: 827000 Episode Num: 827 Episode T: 1000 Reward: 4941.155
Total T: 828000 Episode Num: 828 Episode T: 1000 Reward: 4813.034
Total T: 829000 Episode Num: 829 Episode T: 1000 Reward: 5045.743
Total T: 830000 Episode Num: 830 Episode T: 1000 Reward: 4843.270
---------------------------------------
Evaluation over 10 episodes: 4950.707
---------------------------------------
Total T: 831000 Episode Num: 831 Episode T: 1000 Reward: 5228.827
Total T: 832000 Episode Num: 832 Episode T: 1000 Reward: 4861.519
Total T: 833000 Episode Num: 833 Episode T: 1000 Reward: 4904.426
Total T: 834000 Episode Num: 834 Episode T: 1000 Reward: 4801.498
Total T: 835000 Episode Num: 835 Episode T: 1000 Reward: 4756.265
---------------------------------------
Evaluation over 10 episodes: 5151.469
---------------------------------------
Total T: 836000 Episode Num: 836 Episode T: 1000 Reward: 5189.331
Total T: 837000 Episode Num: 837 Episode T: 1000 Reward: 4841.976
Total T: 838000 Episode Num: 838 Episode T: 1000 Reward: 5153.081
Total T: 839000 Episode Num: 839 Episode T: 1000 Reward: 5002.469
Total T: 840000 Episode Num: 840 Episode T: 1000 Reward: 4804.619
---------------------------------------
Evaluation over 10 episodes: 5404.921
---------------------------------------
Total T: 841000 Episode Num: 841 Episode T: 1000 Reward: 5082.419
Total T: 842000 Episode Num: 842 Episode T: 1000 Reward: 4804.990
Total T: 843000 Episode Num: 843 Episode T: 1000 Reward: 5163.492
Total T: 844000 Episode Num: 844 Episode T: 1000 Reward: 4914.296
Total T: 845000 Episode Num: 845 Episode T: 1000 Reward: 4805.889
---------------------------------------
Evaluation over 10 episodes: 5268.509
---------------------------------------
Total T: 846000 Episode Num: 846 Episode T: 1000 Reward: 4929.905
Total T: 847000 Episode Num: 847 Episode T: 1000 Reward: 4996.462
Total T: 848000 Episode Num: 848 Episode T: 1000 Reward: 5184.865
Total T: 849000 Episode Num: 849 Episode T: 1000 Reward: 4832.156
Total T: 850000 Episode Num: 850 Episode T: 1000 Reward: 4876.116
---------------------------------------
Evaluation over 10 episodes: 5270.817
---------------------------------------
Total T: 851000 Episode Num: 851 Episode T: 1000 Reward: 4901.861
Total T: 852000 Episode Num: 852 Episode T: 1000 Reward: 4986.248
Total T: 853000 Episode Num: 853 Episode T: 1000 Reward: 5306.728
Total T: 854000 Episode Num: 854 Episode T: 1000 Reward: 4931.620
Total T: 855000 Episode Num: 855 Episode T: 1000 Reward: 4960.313
---------------------------------------
Evaluation over 10 episodes: 5329.811
---------------------------------------
Total T: 856000 Episode Num: 856 Episode T: 1000 Reward: 4911.478
Total T: 857000 Episode Num: 857 Episode T: 1000 Reward: 4871.409
Total T: 858000 Episode Num: 858 Episode T: 1000 Reward: 5249.415
Total T: 859000 Episode Num: 859 Episode T: 1000 Reward: 5000.933
Total T: 860000 Episode Num: 860 Episode T: 1000 Reward: 5068.705
---------------------------------------
Evaluation over 10 episodes: 5296.133
---------------------------------------
Total T: 861000 Episode Num: 861 Episode T: 1000 Reward: 4975.164
Total T: 862000 Episode Num: 862 Episode T: 1000 Reward: 4908.312
Total T: 863000 Episode Num: 863 Episode T: 1000 Reward: 5086.993
Total T: 864000 Episode Num: 864 Episode T: 1000 Reward: 4993.310
Total T: 865000 Episode Num: 865 Episode T: 1000 Reward: 5216.266
---------------------------------------
Evaluation over 10 episodes: 5192.068
---------------------------------------
Total T: 866000 Episode Num: 866 Episode T: 1000 Reward: 5042.834
Total T: 867000 Episode Num: 867 Episode T: 1000 Reward: 4907.265
Total T: 868000 Episode Num: 868 Episode T: 1000 Reward: 5029.127
Total T: 869000 Episode Num: 869 Episode T: 1000 Reward: 4977.882
Total T: 870000 Episode Num: 870 Episode T: 1000 Reward: 5254.654
---------------------------------------
Evaluation over 10 episodes: 4975.921
---------------------------------------
Total T: 871000 Episode Num: 871 Episode T: 1000 Reward: 4810.646
Total T: 872000 Episode Num: 872 Episode T: 1000 Reward: 4884.813
Total T: 873000 Episode Num: 873 Episode T: 1000 Reward: 4853.699
Total T: 874000 Episode Num: 874 Episode T: 1000 Reward: 5004.827
Total T: 875000 Episode Num: 875 Episode T: 1000 Reward: 5112.538
---------------------------------------
Evaluation over 10 episodes: 4441.981
---------------------------------------
Total T: 876000 Episode Num: 876 Episode T: 1000 Reward: 4867.789
Total T: 877000 Episode Num: 877 Episode T: 1000 Reward: 5098.382
Total T: 878000 Episode Num: 878 Episode T: 1000 Reward: 4958.961
Total T: 879000 Episode Num: 879 Episode T: 1000 Reward: 5102.350
Total T: 880000 Episode Num: 880 Episode T: 1000 Reward: 4958.340
---------------------------------------
Evaluation over 10 episodes: 4079.397
---------------------------------------
Total T: 881000 Episode Num: 881 Episode T: 1000 Reward: 4899.357
Total T: 882000 Episode Num: 882 Episode T: 1000 Reward: 4968.563
Total T: 883000 Episode Num: 883 Episode T: 1000 Reward: 4975.524
Total T: 884000 Episode Num: 884 Episode T: 1000 Reward: 5221.413
Total T: 885000 Episode Num: 885 Episode T: 1000 Reward: 4982.100
---------------------------------------
Evaluation over 10 episodes: 4532.124
---------------------------------------
Total T: 886000 Episode Num: 886 Episode T: 1000 Reward: 5272.335
Total T: 887000 Episode Num: 887 Episode T: 1000 Reward: 5047.332
Total T: 888000 Episode Num: 888 Episode T: 1000 Reward: 4843.528
Total T: 889000 Episode Num: 889 Episode T: 1000 Reward: 4994.001
Total T: 890000 Episode Num: 890 Episode T: 1000 Reward: 5024.787
---------------------------------------
Evaluation over 10 episodes: 5160.058
---------------------------------------
Total T: 891000 Episode Num: 891 Episode T: 1000 Reward: 5355.005
Total T: 892000 Episode Num: 892 Episode T: 1000 Reward: 5057.852
Total T: 893000 Episode Num: 893 Episode T: 1000 Reward: 5077.214
Total T: 894000 Episode Num: 894 Episode T: 1000 Reward: 5032.657
Total T: 895000 Episode Num: 895 Episode T: 1000 Reward: 4972.151
---------------------------------------
Evaluation over 10 episodes: 5283.903
---------------------------------------
Total T: 896000 Episode Num: 896 Episode T: 1000 Reward: 5093.993
Total T: 897000 Episode Num: 897 Episode T: 1000 Reward: 4969.890
Total T: 898000 Episode Num: 898 Episode T: 1000 Reward: 5184.884
Total T: 899000 Episode Num: 899 Episode T: 1000 Reward: 4858.208
Total T: 900000 Episode Num: 900 Episode T: 1000 Reward: 4878.801
---------------------------------------
Evaluation over 10 episodes: 5269.511
---------------------------------------
Total T: 901000 Episode Num: 901 Episode T: 1000 Reward: 5077.242
Total T: 902000 Episode Num: 902 Episode T: 1000 Reward: 5066.614
Total T: 903000 Episode Num: 903 Episode T: 1000 Reward: 5250.572
Total T: 904000 Episode Num: 904 Episode T: 1000 Reward: 4876.925
Total T: 905000 Episode Num: 905 Episode T: 1000 Reward: 4808.485
---------------------------------------
Evaluation over 10 episodes: 5321.303
---------------------------------------
Total T: 906000 Episode Num: 906 Episode T: 1000 Reward: 4963.937
Total T: 907000 Episode Num: 907 Episode T: 1000 Reward: 4941.614
Total T: 908000 Episode Num: 908 Episode T: 1000 Reward: 5419.019
Total T: 909000 Episode Num: 909 Episode T: 1000 Reward: 5011.928
Total T: 910000 Episode Num: 910 Episode T: 1000 Reward: 5261.267
---------------------------------------
Evaluation over 10 episodes: 5431.365
---------------------------------------
Total T: 911000 Episode Num: 911 Episode T: 1000 Reward: 5027.952
Total T: 912000 Episode Num: 912 Episode T: 1000 Reward: 5078.098
Total T: 913000 Episode Num: 913 Episode T: 1000 Reward: 5077.270
Total T: 914000 Episode Num: 914 Episode T: 1000 Reward: 4983.806
Total T: 915000 Episode Num: 915 Episode T: 1000 Reward: 5242.873
---------------------------------------
Evaluation over 10 episodes: 5413.654
---------------------------------------
Total T: 916000 Episode Num: 916 Episode T: 1000 Reward: 5042.363
Total T: 917000 Episode Num: 917 Episode T: 1000 Reward: 4933.740
Total T: 918000 Episode Num: 918 Episode T: 1000 Reward: 4986.508
Total T: 919000 Episode Num: 919 Episode T: 1000 Reward: 4964.659
Total T: 920000 Episode Num: 920 Episode T: 1000 Reward: 5221.688
---------------------------------------
Evaluation over 10 episodes: 5387.193
---------------------------------------
Total T: 921000 Episode Num: 921 Episode T: 1000 Reward: 4996.697
Total T: 922000 Episode Num: 922 Episode T: 1000 Reward: 4915.645
Total T: 923000 Episode Num: 923 Episode T: 1000 Reward: 4928.615
Total T: 924000 Episode Num: 924 Episode T: 1000 Reward: 5038.886
Total T: 925000 Episode Num: 925 Episode T: 1000 Reward: 5313.696
---------------------------------------
Evaluation over 10 episodes: 5042.892
---------------------------------------
Total T: 926000 Episode Num: 926 Episode T: 1000 Reward: 5077.415
Total T: 927000 Episode Num: 927 Episode T: 1000 Reward: 5008.583
Total T: 928000 Episode Num: 928 Episode T: 1000 Reward: 5056.922
Total T: 929000 Episode Num: 929 Episode T: 1000 Reward: 5134.845
Total T: 930000 Episode Num: 930 Episode T: 1000 Reward: 5272.436
---------------------------------------
Evaluation over 10 episodes: 4428.777
---------------------------------------
Total T: 931000 Episode Num: 931 Episode T: 1000 Reward: 5067.224
Total T: 932000 Episode Num: 932 Episode T: 1000 Reward: 5152.439
Total T: 933000 Episode Num: 933 Episode T: 1000 Reward: 5197.307
Total T: 934000 Episode Num: 934 Episode T: 1000 Reward: 4961.096
Total T: 935000 Episode Num: 935 Episode T: 1000 Reward: 5067.859
---------------------------------------
Evaluation over 10 episodes: 5046.738
---------------------------------------
Total T: 936000 Episode Num: 936 Episode T: 1000 Reward: 5021.209
Total T: 937000 Episode Num: 937 Episode T: 1000 Reward: 5322.255
Total T: 938000 Episode Num: 938 Episode T: 1000 Reward: 5024.992
Total T: 939000 Episode Num: 939 Episode T: 1000 Reward: 5120.841
Total T: 940000 Episode Num: 940 Episode T: 1000 Reward: 5063.015
---------------------------------------
Evaluation over 10 episodes: 5400.864
---------------------------------------
Total T: 941000 Episode Num: 941 Episode T: 1000 Reward: 5056.992
Total T: 942000 Episode Num: 942 Episode T: 1000 Reward: 5336.573
Total T: 943000 Episode Num: 943 Episode T: 1000 Reward: 5085.035
Total T: 944000 Episode Num: 944 Episode T: 1000 Reward: 5100.285
Total T: 945000 Episode Num: 945 Episode T: 1000 Reward: 5016.060
---------------------------------------
Evaluation over 10 episodes: 5546.795
---------------------------------------
Total T: 946000 Episode Num: 946 Episode T: 1000 Reward: 5049.678
Total T: 947000 Episode Num: 947 Episode T: 1000 Reward: 5345.838
Total T: 948000 Episode Num: 948 Episode T: 1000 Reward: 5032.876
Total T: 949000 Episode Num: 949 Episode T: 1000 Reward: 5164.754
Total T: 950000 Episode Num: 950 Episode T: 1000 Reward: 5027.019
---------------------------------------
Evaluation over 10 episodes: 5391.980
---------------------------------------
Total T: 951000 Episode Num: 951 Episode T: 1000 Reward: 5080.356
Total T: 952000 Episode Num: 952 Episode T: 1000 Reward: 5093.882
Total T: 953000 Episode Num: 953 Episode T: 1000 Reward: 4973.486
Total T: 954000 Episode Num: 954 Episode T: 1000 Reward: 5468.436
Total T: 955000 Episode Num: 955 Episode T: 1000 Reward: 5051.877
---------------------------------------
Evaluation over 10 episodes: 5605.048
---------------------------------------
Total T: 956000 Episode Num: 956 Episode T: 1000 Reward: 4996.135
Total T: 957000 Episode Num: 957 Episode T: 1000 Reward: 5053.067
Total T: 958000 Episode Num: 958 Episode T: 1000 Reward: 5109.448
Total T: 959000 Episode Num: 959 Episode T: 1000 Reward: 5258.085
Total T: 960000 Episode Num: 960 Episode T: 1000 Reward: 4743.780
---------------------------------------
Evaluation over 10 episodes: 4765.469
---------------------------------------
Total T: 961000 Episode Num: 961 Episode T: 1000 Reward: 5328.769
Total T: 962000 Episode Num: 962 Episode T: 1000 Reward: 5063.920
Total T: 963000 Episode Num: 963 Episode T: 1000 Reward: 5084.874
Total T: 964000 Episode Num: 964 Episode T: 1000 Reward: 4882.524
Total T: 965000 Episode Num: 965 Episode T: 1000 Reward: 4932.583
---------------------------------------
Evaluation over 10 episodes: 5394.460
---------------------------------------
Total T: 966000 Episode Num: 966 Episode T: 1000 Reward: 4979.569
Total T: 967000 Episode Num: 967 Episode T: 1000 Reward: 5053.196
Total T: 968000 Episode Num: 968 Episode T: 1000 Reward: 5353.879
Total T: 969000 Episode Num: 969 Episode T: 1000 Reward: 5060.521
Total T: 970000 Episode Num: 970 Episode T: 1000 Reward: 5251.053
---------------------------------------
Evaluation over 10 episodes: 5467.140
---------------------------------------
Total T: 971000 Episode Num: 971 Episode T: 1000 Reward: 5033.778
Total T: 972000 Episode Num: 972 Episode T: 1000 Reward: 5207.776
Total T: 973000 Episode Num: 973 Episode T: 1000 Reward: 5056.818
Total T: 974000 Episode Num: 974 Episode T: 1000 Reward: 5116.400
Total T: 975000 Episode Num: 975 Episode T: 1000 Reward: 5226.513
---------------------------------------
Evaluation over 10 episodes: 4179.336
---------------------------------------
Total T: 976000 Episode Num: 976 Episode T: 1000 Reward: 4875.324
Total T: 977000 Episode Num: 977 Episode T: 1000 Reward: 5189.348
Total T: 978000 Episode Num: 978 Episode T: 1000 Reward: 5153.867
Total T: 979000 Episode Num: 979 Episode T: 1000 Reward: 5104.466
Total T: 980000 Episode Num: 980 Episode T: 1000 Reward: 5243.988
---------------------------------------
Evaluation over 10 episodes: 4663.187
---------------------------------------
Total T: 981000 Episode Num: 981 Episode T: 1000 Reward: 4914.167
Total T: 982000 Episode Num: 982 Episode T: 1000 Reward: 5384.697
Total T: 983000 Episode Num: 983 Episode T: 1000 Reward: 5309.687
Total T: 984000 Episode Num: 984 Episode T: 1000 Reward: 4805.181
Total T: 985000 Episode Num: 985 Episode T: 1000 Reward: 4990.765
---------------------------------------
Evaluation over 10 episodes: 5575.345
---------------------------------------
Total T: 986000 Episode Num: 986 Episode T: 1000 Reward: 5082.212
Total T: 987000 Episode Num: 987 Episode T: 1000 Reward: 5264.453
Total T: 988000 Episode Num: 988 Episode T: 1000 Reward: 4912.686
Total T: 989000 Episode Num: 989 Episode T: 1000 Reward: 5471.664
Total T: 990000 Episode Num: 990 Episode T: 1000 Reward: 4861.368
---------------------------------------
Evaluation over 10 episodes: 5448.908
---------------------------------------
Total T: 991000 Episode Num: 991 Episode T: 1000 Reward: 5137.048
Total T: 992000 Episode Num: 992 Episode T: 1000 Reward: 5102.754
Total T: 993000 Episode Num: 993 Episode T: 1000 Reward: 5003.292
Total T: 994000 Episode Num: 994 Episode T: 1000 Reward: 5246.489
Total T: 995000 Episode Num: 995 Episode T: 1000 Reward: 4999.298
---------------------------------------
Evaluation over 10 episodes: 5125.202
---------------------------------------
Total T: 996000 Episode Num: 996 Episode T: 1000 Reward: 5365.531
Total T: 997000 Episode Num: 997 Episode T: 1000 Reward: 5071.799
Total T: 998000 Episode Num: 998 Episode T: 1000 Reward: 4991.977
Total T: 999000 Episode Num: 999 Episode T: 1000 Reward: 5082.582
Total T: 1000000 Episode Num: 1000 Episode T: 1000 Reward: 5057.150
---------------------------------------
Evaluation over 10 episodes: 5354.203
---------------------------------------
