---------------------------------------
Policy: TD3, Env: HalfCheetah-v2, Seed: 0
---------------------------------------
---------------------------------------
Evaluation over 10 episodes: -1.043
---------------------------------------
Total T: 1000 Episode Num: 1 Episode T: 1000 Reward: -318.261
Total T: 2000 Episode Num: 2 Episode T: 1000 Reward: -280.993
Total T: 3000 Episode Num: 3 Episode T: 1000 Reward: -201.686
Total T: 4000 Episode Num: 4 Episode T: 1000 Reward: -205.312
Total T: 5000 Episode Num: 5 Episode T: 1000 Reward: -252.056
---------------------------------------
Evaluation over 10 episodes: -1.013
---------------------------------------
Total T: 6000 Episode Num: 6 Episode T: 1000 Reward: -350.166
Total T: 7000 Episode Num: 7 Episode T: 1000 Reward: -221.037
Total T: 8000 Episode Num: 8 Episode T: 1000 Reward: -194.677
Total T: 9000 Episode Num: 9 Episode T: 1000 Reward: -362.437
Total T: 10000 Episode Num: 10 Episode T: 1000 Reward: -355.932
---------------------------------------
Evaluation over 10 episodes: -0.991
---------------------------------------
Total T: 11000 Episode Num: 11 Episode T: 1000 Reward: -307.164
Total T: 12000 Episode Num: 12 Episode T: 1000 Reward: -237.586
Total T: 13000 Episode Num: 13 Episode T: 1000 Reward: -224.202
Total T: 14000 Episode Num: 14 Episode T: 1000 Reward: -264.238
Total T: 15000 Episode Num: 15 Episode T: 1000 Reward: -234.451
---------------------------------------
Evaluation over 10 episodes: -1.025
---------------------------------------
Total T: 16000 Episode Num: 16 Episode T: 1000 Reward: -468.708
Total T: 17000 Episode Num: 17 Episode T: 1000 Reward: -445.835
Total T: 18000 Episode Num: 18 Episode T: 1000 Reward: -295.708
Total T: 19000 Episode Num: 19 Episode T: 1000 Reward: -220.614
Total T: 20000 Episode Num: 20 Episode T: 1000 Reward: -257.049
---------------------------------------
Evaluation over 10 episodes: -0.987
---------------------------------------
Total T: 21000 Episode Num: 21 Episode T: 1000 Reward: -259.706
Total T: 22000 Episode Num: 22 Episode T: 1000 Reward: -210.442
Total T: 23000 Episode Num: 23 Episode T: 1000 Reward: -345.328
Total T: 24000 Episode Num: 24 Episode T: 1000 Reward: -378.199
Total T: 25000 Episode Num: 25 Episode T: 1000 Reward: -310.509
---------------------------------------
Evaluation over 10 episodes: -0.999
---------------------------------------
Total T: 26000 Episode Num: 26 Episode T: 1000 Reward: -384.417
Total T: 27000 Episode Num: 27 Episode T: 1000 Reward: -417.218
Total T: 28000 Episode Num: 28 Episode T: 1000 Reward: -502.655
Total T: 29000 Episode Num: 29 Episode T: 1000 Reward: -397.634
Total T: 30000 Episode Num: 30 Episode T: 1000 Reward: -401.100
---------------------------------------
Evaluation over 10 episodes: -440.672
---------------------------------------
Total T: 31000 Episode Num: 31 Episode T: 1000 Reward: -489.050
Total T: 32000 Episode Num: 32 Episode T: 1000 Reward: -574.016
Total T: 33000 Episode Num: 33 Episode T: 1000 Reward: -501.720
Total T: 34000 Episode Num: 34 Episode T: 1000 Reward: -462.944
Total T: 35000 Episode Num: 35 Episode T: 1000 Reward: -493.245
---------------------------------------
Evaluation over 10 episodes: -437.998
---------------------------------------
Total T: 36000 Episode Num: 36 Episode T: 1000 Reward: -467.255
Total T: 37000 Episode Num: 37 Episode T: 1000 Reward: -521.423
Total T: 38000 Episode Num: 38 Episode T: 1000 Reward: -354.399
Total T: 39000 Episode Num: 39 Episode T: 1000 Reward: -182.150
Total T: 40000 Episode Num: 40 Episode T: 1000 Reward: -203.890
---------------------------------------
Evaluation over 10 episodes: -349.088
---------------------------------------
Total T: 41000 Episode Num: 41 Episode T: 1000 Reward: -399.871
Total T: 42000 Episode Num: 42 Episode T: 1000 Reward: -389.198
Total T: 43000 Episode Num: 43 Episode T: 1000 Reward: -402.494
Total T: 44000 Episode Num: 44 Episode T: 1000 Reward: -389.015
Total T: 45000 Episode Num: 45 Episode T: 1000 Reward: -314.226
---------------------------------------
Evaluation over 10 episodes: -359.984
---------------------------------------
Total T: 46000 Episode Num: 46 Episode T: 1000 Reward: -165.633
Total T: 47000 Episode Num: 47 Episode T: 1000 Reward: -27.680
Total T: 48000 Episode Num: 48 Episode T: 1000 Reward: -138.067
Total T: 49000 Episode Num: 49 Episode T: 1000 Reward: -211.739
Total T: 50000 Episode Num: 50 Episode T: 1000 Reward: -145.548
---------------------------------------
Evaluation over 10 episodes: 41.916
---------------------------------------
Total T: 51000 Episode Num: 51 Episode T: 1000 Reward: -21.034
Total T: 52000 Episode Num: 52 Episode T: 1000 Reward: 179.990
Total T: 53000 Episode Num: 53 Episode T: 1000 Reward: 53.308
Total T: 54000 Episode Num: 54 Episode T: 1000 Reward: 93.291
Total T: 55000 Episode Num: 55 Episode T: 1000 Reward: 43.904
---------------------------------------
Evaluation over 10 episodes: 262.402
---------------------------------------
Total T: 56000 Episode Num: 56 Episode T: 1000 Reward: -89.816
Total T: 57000 Episode Num: 57 Episode T: 1000 Reward: 106.966
Total T: 58000 Episode Num: 58 Episode T: 1000 Reward: 585.250
Total T: 59000 Episode Num: 59 Episode T: 1000 Reward: 632.369
Total T: 60000 Episode Num: 60 Episode T: 1000 Reward: 504.426
---------------------------------------
Evaluation over 10 episodes: 628.416
---------------------------------------
Total T: 61000 Episode Num: 61 Episode T: 1000 Reward: 655.584
Total T: 62000 Episode Num: 62 Episode T: 1000 Reward: 847.067
Total T: 63000 Episode Num: 63 Episode T: 1000 Reward: 760.657
Total T: 64000 Episode Num: 64 Episode T: 1000 Reward: 831.903
Total T: 65000 Episode Num: 65 Episode T: 1000 Reward: 918.676
---------------------------------------
Evaluation over 10 episodes: 822.219
---------------------------------------
Total T: 66000 Episode Num: 66 Episode T: 1000 Reward: 894.771
Total T: 67000 Episode Num: 67 Episode T: 1000 Reward: 752.083
Total T: 68000 Episode Num: 68 Episode T: 1000 Reward: 591.714
Total T: 69000 Episode Num: 69 Episode T: 1000 Reward: 929.339
Total T: 70000 Episode Num: 70 Episode T: 1000 Reward: 1094.070
---------------------------------------
Evaluation over 10 episodes: 918.355
---------------------------------------
Total T: 71000 Episode Num: 71 Episode T: 1000 Reward: 1065.683
Total T: 72000 Episode Num: 72 Episode T: 1000 Reward: 1183.135
Total T: 73000 Episode Num: 73 Episode T: 1000 Reward: 1094.066
Total T: 74000 Episode Num: 74 Episode T: 1000 Reward: 1298.625
Total T: 75000 Episode Num: 75 Episode T: 1000 Reward: 1385.639
---------------------------------------
Evaluation over 10 episodes: 1535.161
---------------------------------------
Total T: 76000 Episode Num: 76 Episode T: 1000 Reward: 982.189
Total T: 77000 Episode Num: 77 Episode T: 1000 Reward: 1261.540
Total T: 78000 Episode Num: 78 Episode T: 1000 Reward: 1748.291
Total T: 79000 Episode Num: 79 Episode T: 1000 Reward: 1522.892
Total T: 80000 Episode Num: 80 Episode T: 1000 Reward: 1410.073
---------------------------------------
Evaluation over 10 episodes: 1505.956
---------------------------------------
Total T: 81000 Episode Num: 81 Episode T: 1000 Reward: 1474.555
Total T: 82000 Episode Num: 82 Episode T: 1000 Reward: 1446.270
Total T: 83000 Episode Num: 83 Episode T: 1000 Reward: 1595.979
Total T: 84000 Episode Num: 84 Episode T: 1000 Reward: 515.649
Total T: 85000 Episode Num: 85 Episode T: 1000 Reward: 1572.026
---------------------------------------
Evaluation over 10 episodes: 1528.053
---------------------------------------
Total T: 86000 Episode Num: 86 Episode T: 1000 Reward: 1769.572
Total T: 87000 Episode Num: 87 Episode T: 1000 Reward: 1678.535
Total T: 88000 Episode Num: 88 Episode T: 1000 Reward: 1909.233
Total T: 89000 Episode Num: 89 Episode T: 1000 Reward: 2310.872
Total T: 90000 Episode Num: 90 Episode T: 1000 Reward: 2270.832
---------------------------------------
Evaluation over 10 episodes: 2284.248
---------------------------------------
Total T: 91000 Episode Num: 91 Episode T: 1000 Reward: 2538.696
Total T: 92000 Episode Num: 92 Episode T: 1000 Reward: 2572.126
Total T: 93000 Episode Num: 93 Episode T: 1000 Reward: 2205.784
Total T: 94000 Episode Num: 94 Episode T: 1000 Reward: 2537.131
Total T: 95000 Episode Num: 95 Episode T: 1000 Reward: 2601.405
---------------------------------------
Evaluation over 10 episodes: 2621.457
---------------------------------------
Total T: 96000 Episode Num: 96 Episode T: 1000 Reward: 2500.603
Total T: 97000 Episode Num: 97 Episode T: 1000 Reward: 2471.697
Total T: 98000 Episode Num: 98 Episode T: 1000 Reward: 2808.309
Total T: 99000 Episode Num: 99 Episode T: 1000 Reward: 2776.907
Total T: 100000 Episode Num: 100 Episode T: 1000 Reward: 2824.882
---------------------------------------
Evaluation over 10 episodes: 2664.894
---------------------------------------
Total T: 101000 Episode Num: 101 Episode T: 1000 Reward: 2758.770
Total T: 102000 Episode Num: 102 Episode T: 1000 Reward: 2835.397
Total T: 103000 Episode Num: 103 Episode T: 1000 Reward: 2857.039
Total T: 104000 Episode Num: 104 Episode T: 1000 Reward: 2918.517
Total T: 105000 Episode Num: 105 Episode T: 1000 Reward: 2812.075
---------------------------------------
Evaluation over 10 episodes: 2860.857
---------------------------------------
Total T: 106000 Episode Num: 106 Episode T: 1000 Reward: 2767.616
Total T: 107000 Episode Num: 107 Episode T: 1000 Reward: 2878.846
Total T: 108000 Episode Num: 108 Episode T: 1000 Reward: 2870.234
Total T: 109000 Episode Num: 109 Episode T: 1000 Reward: 2791.583
Total T: 110000 Episode Num: 110 Episode T: 1000 Reward: 2921.337
---------------------------------------
Evaluation over 10 episodes: 2834.150
---------------------------------------
Total T: 111000 Episode Num: 111 Episode T: 1000 Reward: 2881.675
Total T: 112000 Episode Num: 112 Episode T: 1000 Reward: 2801.310
Total T: 113000 Episode Num: 113 Episode T: 1000 Reward: 2830.287
Total T: 114000 Episode Num: 114 Episode T: 1000 Reward: 2803.305
Total T: 115000 Episode Num: 115 Episode T: 1000 Reward: 2790.984
---------------------------------------
Evaluation over 10 episodes: 2777.941
---------------------------------------
Total T: 116000 Episode Num: 116 Episode T: 1000 Reward: 2926.088
Total T: 117000 Episode Num: 117 Episode T: 1000 Reward: 2944.329
Total T: 118000 Episode Num: 118 Episode T: 1000 Reward: 2897.296
Total T: 119000 Episode Num: 119 Episode T: 1000 Reward: 2782.971
Total T: 120000 Episode Num: 120 Episode T: 1000 Reward: 2775.744
---------------------------------------
Evaluation over 10 episodes: 2640.298
---------------------------------------
Total T: 121000 Episode Num: 121 Episode T: 1000 Reward: 2805.181
Total T: 122000 Episode Num: 122 Episode T: 1000 Reward: 2781.444
Total T: 123000 Episode Num: 123 Episode T: 1000 Reward: 2061.958
Total T: 124000 Episode Num: 124 Episode T: 1000 Reward: 2689.264
Total T: 125000 Episode Num: 125 Episode T: 1000 Reward: 2865.459
---------------------------------------
Evaluation over 10 episodes: 2783.022
---------------------------------------
Total T: 126000 Episode Num: 126 Episode T: 1000 Reward: 2809.984
Total T: 127000 Episode Num: 127 Episode T: 1000 Reward: 2857.758
Total T: 128000 Episode Num: 128 Episode T: 1000 Reward: 2854.486
Total T: 129000 Episode Num: 129 Episode T: 1000 Reward: 2778.122
Total T: 130000 Episode Num: 130 Episode T: 1000 Reward: 2847.253
---------------------------------------
Evaluation over 10 episodes: 2816.506
---------------------------------------
Total T: 131000 Episode Num: 131 Episode T: 1000 Reward: 2866.651
Total T: 132000 Episode Num: 132 Episode T: 1000 Reward: 2788.625
Total T: 133000 Episode Num: 133 Episode T: 1000 Reward: 2853.304
Total T: 134000 Episode Num: 134 Episode T: 1000 Reward: 2844.166
Total T: 135000 Episode Num: 135 Episode T: 1000 Reward: 2811.678
---------------------------------------
Evaluation over 10 episodes: 2786.738
---------------------------------------
Total T: 136000 Episode Num: 136 Episode T: 1000 Reward: 2772.182
Total T: 137000 Episode Num: 137 Episode T: 1000 Reward: 2788.966
Total T: 138000 Episode Num: 138 Episode T: 1000 Reward: 2784.520
Total T: 139000 Episode Num: 139 Episode T: 1000 Reward: 2746.228
Total T: 140000 Episode Num: 140 Episode T: 1000 Reward: 2778.586
---------------------------------------
Evaluation over 10 episodes: 2835.131
---------------------------------------
Total T: 141000 Episode Num: 141 Episode T: 1000 Reward: 2840.099
Total T: 142000 Episode Num: 142 Episode T: 1000 Reward: 2825.947
Total T: 143000 Episode Num: 143 Episode T: 1000 Reward: 2741.084
Total T: 144000 Episode Num: 144 Episode T: 1000 Reward: 2839.985
Total T: 145000 Episode Num: 145 Episode T: 1000 Reward: 2738.841
---------------------------------------
Evaluation over 10 episodes: 2805.063
---------------------------------------
Total T: 146000 Episode Num: 146 Episode T: 1000 Reward: 2833.498
Total T: 147000 Episode Num: 147 Episode T: 1000 Reward: 2706.011
Total T: 148000 Episode Num: 148 Episode T: 1000 Reward: 2742.337
Total T: 149000 Episode Num: 149 Episode T: 1000 Reward: 2723.127
Total T: 150000 Episode Num: 150 Episode T: 1000 Reward: 2843.387
---------------------------------------
Evaluation over 10 episodes: 2768.231
---------------------------------------
Total T: 151000 Episode Num: 151 Episode T: 1000 Reward: 2744.742
Total T: 152000 Episode Num: 152 Episode T: 1000 Reward: 2732.156
Total T: 153000 Episode Num: 153 Episode T: 1000 Reward: 2827.388
Total T: 154000 Episode Num: 154 Episode T: 1000 Reward: 2742.582
Total T: 155000 Episode Num: 155 Episode T: 1000 Reward: 2770.849
---------------------------------------
Evaluation over 10 episodes: 2785.054
---------------------------------------
Total T: 156000 Episode Num: 156 Episode T: 1000 Reward: 2735.296
Total T: 157000 Episode Num: 157 Episode T: 1000 Reward: 2731.633
Total T: 158000 Episode Num: 158 Episode T: 1000 Reward: 2841.643
Total T: 159000 Episode Num: 159 Episode T: 1000 Reward: 2834.673
Total T: 160000 Episode Num: 160 Episode T: 1000 Reward: 2788.667
---------------------------------------
Evaluation over 10 episodes: 2785.609
---------------------------------------
Total T: 161000 Episode Num: 161 Episode T: 1000 Reward: 2695.162
Total T: 162000 Episode Num: 162 Episode T: 1000 Reward: 2861.281
Total T: 163000 Episode Num: 163 Episode T: 1000 Reward: 2751.611
Total T: 164000 Episode Num: 164 Episode T: 1000 Reward: 2728.837
Total T: 165000 Episode Num: 165 Episode T: 1000 Reward: 2788.892
---------------------------------------
Evaluation over 10 episodes: 2791.571
---------------------------------------
Total T: 166000 Episode Num: 166 Episode T: 1000 Reward: 2791.278
Total T: 167000 Episode Num: 167 Episode T: 1000 Reward: 2794.462
Total T: 168000 Episode Num: 168 Episode T: 1000 Reward: 2796.399
Total T: 169000 Episode Num: 169 Episode T: 1000 Reward: 2684.515
Total T: 170000 Episode Num: 170 Episode T: 1000 Reward: 2724.591
---------------------------------------
Evaluation over 10 episodes: 2741.978
---------------------------------------
Total T: 171000 Episode Num: 171 Episode T: 1000 Reward: 2795.898
Total T: 172000 Episode Num: 172 Episode T: 1000 Reward: 2736.398
Total T: 173000 Episode Num: 173 Episode T: 1000 Reward: 2767.591
Total T: 174000 Episode Num: 174 Episode T: 1000 Reward: 2844.942
Total T: 175000 Episode Num: 175 Episode T: 1000 Reward: 2752.726
---------------------------------------
Evaluation over 10 episodes: 2749.678
---------------------------------------
Total T: 176000 Episode Num: 176 Episode T: 1000 Reward: 2723.011
Total T: 177000 Episode Num: 177 Episode T: 1000 Reward: 2821.679
Total T: 178000 Episode Num: 178 Episode T: 1000 Reward: 2732.830
Total T: 179000 Episode Num: 179 Episode T: 1000 Reward: 2738.373
Total T: 180000 Episode Num: 180 Episode T: 1000 Reward: 2734.222
---------------------------------------
Evaluation over 10 episodes: 2764.432
---------------------------------------
Total T: 181000 Episode Num: 181 Episode T: 1000 Reward: 2801.269
Total T: 182000 Episode Num: 182 Episode T: 1000 Reward: 2816.791
Total T: 183000 Episode Num: 183 Episode T: 1000 Reward: 2743.482
Total T: 184000 Episode Num: 184 Episode T: 1000 Reward: 2880.995
Total T: 185000 Episode Num: 185 Episode T: 1000 Reward: 2755.950
---------------------------------------
Evaluation over 10 episodes: 2764.210
---------------------------------------
Total T: 186000 Episode Num: 186 Episode T: 1000 Reward: 2825.763
Total T: 187000 Episode Num: 187 Episode T: 1000 Reward: 2787.267
Total T: 188000 Episode Num: 188 Episode T: 1000 Reward: 2789.410
Total T: 189000 Episode Num: 189 Episode T: 1000 Reward: 2799.607
Total T: 190000 Episode Num: 190 Episode T: 1000 Reward: 2841.597
---------------------------------------
Evaluation over 10 episodes: 2792.161
---------------------------------------
Total T: 191000 Episode Num: 191 Episode T: 1000 Reward: 2736.724
Total T: 192000 Episode Num: 192 Episode T: 1000 Reward: 2819.259
Total T: 193000 Episode Num: 193 Episode T: 1000 Reward: 2926.203
Total T: 194000 Episode Num: 194 Episode T: 1000 Reward: 2822.728
Total T: 195000 Episode Num: 195 Episode T: 1000 Reward: 2809.491
---------------------------------------
Evaluation over 10 episodes: 2838.581
---------------------------------------
Total T: 196000 Episode Num: 196 Episode T: 1000 Reward: 2821.161
Total T: 197000 Episode Num: 197 Episode T: 1000 Reward: 2835.911
Total T: 198000 Episode Num: 198 Episode T: 1000 Reward: 2768.461
Total T: 199000 Episode Num: 199 Episode T: 1000 Reward: 2726.162
Total T: 200000 Episode Num: 200 Episode T: 1000 Reward: 2712.912
---------------------------------------
Evaluation over 10 episodes: 2841.771
---------------------------------------
Total T: 201000 Episode Num: 201 Episode T: 1000 Reward: 2830.034
Total T: 202000 Episode Num: 202 Episode T: 1000 Reward: 2882.757
Total T: 203000 Episode Num: 203 Episode T: 1000 Reward: 2773.465
Total T: 204000 Episode Num: 204 Episode T: 1000 Reward: 2849.941
Total T: 205000 Episode Num: 205 Episode T: 1000 Reward: 2836.441
---------------------------------------
Evaluation over 10 episodes: 2822.543
---------------------------------------
Total T: 206000 Episode Num: 206 Episode T: 1000 Reward: 2756.510
Total T: 207000 Episode Num: 207 Episode T: 1000 Reward: 2804.046
Total T: 208000 Episode Num: 208 Episode T: 1000 Reward: 2784.751
Total T: 209000 Episode Num: 209 Episode T: 1000 Reward: 2703.563
Total T: 210000 Episode Num: 210 Episode T: 1000 Reward: 2634.994
---------------------------------------
Evaluation over 10 episodes: 2737.402
---------------------------------------
Total T: 211000 Episode Num: 211 Episode T: 1000 Reward: 2664.098
Total T: 212000 Episode Num: 212 Episode T: 1000 Reward: 2729.002
Total T: 213000 Episode Num: 213 Episode T: 1000 Reward: 2702.247
Total T: 214000 Episode Num: 214 Episode T: 1000 Reward: 2658.940
Total T: 215000 Episode Num: 215 Episode T: 1000 Reward: 2663.527
---------------------------------------
Evaluation over 10 episodes: 2704.746
---------------------------------------
Total T: 216000 Episode Num: 216 Episode T: 1000 Reward: 2644.511
Total T: 217000 Episode Num: 217 Episode T: 1000 Reward: 2738.511
Total T: 218000 Episode Num: 218 Episode T: 1000 Reward: 2670.097
Total T: 219000 Episode Num: 219 Episode T: 1000 Reward: 2715.421
Total T: 220000 Episode Num: 220 Episode T: 1000 Reward: 2647.447
---------------------------------------
Evaluation over 10 episodes: 2683.949
---------------------------------------
Total T: 221000 Episode Num: 221 Episode T: 1000 Reward: 2663.359
Total T: 222000 Episode Num: 222 Episode T: 1000 Reward: 2678.052
Total T: 223000 Episode Num: 223 Episode T: 1000 Reward: 2618.931
Total T: 224000 Episode Num: 224 Episode T: 1000 Reward: 2675.774
Total T: 225000 Episode Num: 225 Episode T: 1000 Reward: 2743.859
---------------------------------------
Evaluation over 10 episodes: 2720.442
---------------------------------------
Total T: 226000 Episode Num: 226 Episode T: 1000 Reward: 2722.319
Total T: 227000 Episode Num: 227 Episode T: 1000 Reward: 2771.353
Total T: 228000 Episode Num: 228 Episode T: 1000 Reward: 2711.185
Total T: 229000 Episode Num: 229 Episode T: 1000 Reward: 2634.733
Total T: 230000 Episode Num: 230 Episode T: 1000 Reward: 2745.021
---------------------------------------
Evaluation over 10 episodes: 2714.987
---------------------------------------
Total T: 231000 Episode Num: 231 Episode T: 1000 Reward: 2865.791
Total T: 232000 Episode Num: 232 Episode T: 1000 Reward: 2836.003
Total T: 233000 Episode Num: 233 Episode T: 1000 Reward: 2750.785
Total T: 234000 Episode Num: 234 Episode T: 1000 Reward: 2773.947
Total T: 235000 Episode Num: 235 Episode T: 1000 Reward: 2726.247
---------------------------------------
Evaluation over 10 episodes: 2804.755
---------------------------------------
Total T: 236000 Episode Num: 236 Episode T: 1000 Reward: 2841.648
Total T: 237000 Episode Num: 237 Episode T: 1000 Reward: 2897.752
Total T: 238000 Episode Num: 238 Episode T: 1000 Reward: 2831.152
Total T: 239000 Episode Num: 239 Episode T: 1000 Reward: 2756.742
Total T: 240000 Episode Num: 240 Episode T: 1000 Reward: 2865.971
---------------------------------------
Evaluation over 10 episodes: 2902.737
---------------------------------------
Total T: 241000 Episode Num: 241 Episode T: 1000 Reward: 2969.121
Total T: 242000 Episode Num: 242 Episode T: 1000 Reward: 2889.497
Total T: 243000 Episode Num: 243 Episode T: 1000 Reward: 2841.474
Total T: 244000 Episode Num: 244 Episode T: 1000 Reward: 2928.353
Total T: 245000 Episode Num: 245 Episode T: 1000 Reward: 2998.668
---------------------------------------
Evaluation over 10 episodes: 2643.829
---------------------------------------
Total T: 246000 Episode Num: 246 Episode T: 1000 Reward: 2925.035
Total T: 247000 Episode Num: 247 Episode T: 1000 Reward: 2889.696
Total T: 248000 Episode Num: 248 Episode T: 1000 Reward: 2992.088
Total T: 249000 Episode Num: 249 Episode T: 1000 Reward: 2826.768
Total T: 250000 Episode Num: 250 Episode T: 1000 Reward: 503.603
---------------------------------------
Evaluation over 10 episodes: 2845.352
---------------------------------------
Total T: 251000 Episode Num: 251 Episode T: 1000 Reward: 2918.249
Total T: 252000 Episode Num: 252 Episode T: 1000 Reward: 2779.794
Total T: 253000 Episode Num: 253 Episode T: 1000 Reward: 2539.046
Total T: 254000 Episode Num: 254 Episode T: 1000 Reward: 2878.617
Total T: 255000 Episode Num: 255 Episode T: 1000 Reward: 2799.407
---------------------------------------
Evaluation over 10 episodes: 2911.126
---------------------------------------
Total T: 256000 Episode Num: 256 Episode T: 1000 Reward: 2711.439
Total T: 257000 Episode Num: 257 Episode T: 1000 Reward: 2925.917
Total T: 258000 Episode Num: 258 Episode T: 1000 Reward: 2757.652
Total T: 259000 Episode Num: 259 Episode T: 1000 Reward: 2840.249
Total T: 260000 Episode Num: 260 Episode T: 1000 Reward: 2906.127
---------------------------------------
Evaluation over 10 episodes: 3005.755
---------------------------------------
Total T: 261000 Episode Num: 261 Episode T: 1000 Reward: 2996.281
Total T: 262000 Episode Num: 262 Episode T: 1000 Reward: 2889.450
Total T: 263000 Episode Num: 263 Episode T: 1000 Reward: 3036.279
Total T: 264000 Episode Num: 264 Episode T: 1000 Reward: 2976.613
Total T: 265000 Episode Num: 265 Episode T: 1000 Reward: 3001.337
---------------------------------------
Evaluation over 10 episodes: 2940.752
---------------------------------------
Total T: 266000 Episode Num: 266 Episode T: 1000 Reward: 2990.135
Total T: 267000 Episode Num: 267 Episode T: 1000 Reward: 2963.696
Total T: 268000 Episode Num: 268 Episode T: 1000 Reward: 2930.756
Total T: 269000 Episode Num: 269 Episode T: 1000 Reward: 3203.133
Total T: 270000 Episode Num: 270 Episode T: 1000 Reward: 2975.604
---------------------------------------
Evaluation over 10 episodes: 2737.437
---------------------------------------
Total T: 271000 Episode Num: 271 Episode T: 1000 Reward: 2759.976
Total T: 272000 Episode Num: 272 Episode T: 1000 Reward: 1442.496
Total T: 273000 Episode Num: 273 Episode T: 1000 Reward: 1271.528
Total T: 274000 Episode Num: 274 Episode T: 1000 Reward: 3157.472
Total T: 275000 Episode Num: 275 Episode T: 1000 Reward: 2992.667
---------------------------------------
Evaluation over 10 episodes: 2960.727
---------------------------------------
Total T: 276000 Episode Num: 276 Episode T: 1000 Reward: 1720.779
Total T: 277000 Episode Num: 277 Episode T: 1000 Reward: 2972.983
Total T: 278000 Episode Num: 278 Episode T: 1000 Reward: 3031.308
Total T: 279000 Episode Num: 279 Episode T: 1000 Reward: 2956.229
Total T: 280000 Episode Num: 280 Episode T: 1000 Reward: 3065.018
---------------------------------------
Evaluation over 10 episodes: 2946.215
---------------------------------------
Total T: 281000 Episode Num: 281 Episode T: 1000 Reward: 3037.455
Total T: 282000 Episode Num: 282 Episode T: 1000 Reward: 2990.827
Total T: 283000 Episode Num: 283 Episode T: 1000 Reward: 2908.070
Total T: 284000 Episode Num: 284 Episode T: 1000 Reward: 2995.085
Total T: 285000 Episode Num: 285 Episode T: 1000 Reward: 3028.265
---------------------------------------
Evaluation over 10 episodes: 3023.035
---------------------------------------
Total T: 286000 Episode Num: 286 Episode T: 1000 Reward: 2982.505
Total T: 287000 Episode Num: 287 Episode T: 1000 Reward: 3101.883
Total T: 288000 Episode Num: 288 Episode T: 1000 Reward: 3167.659
Total T: 289000 Episode Num: 289 Episode T: 1000 Reward: 3034.025
Total T: 290000 Episode Num: 290 Episode T: 1000 Reward: 3058.477
---------------------------------------
Evaluation over 10 episodes: 3104.514
---------------------------------------
Total T: 291000 Episode Num: 291 Episode T: 1000 Reward: 2931.465
Total T: 292000 Episode Num: 292 Episode T: 1000 Reward: 2957.357
Total T: 293000 Episode Num: 293 Episode T: 1000 Reward: 3025.433
Total T: 294000 Episode Num: 294 Episode T: 1000 Reward: 2952.430
Total T: 295000 Episode Num: 295 Episode T: 1000 Reward: 3026.854
---------------------------------------
Evaluation over 10 episodes: 2978.793
---------------------------------------
Total T: 296000 Episode Num: 296 Episode T: 1000 Reward: 2987.090
Total T: 297000 Episode Num: 297 Episode T: 1000 Reward: 2832.465
Total T: 298000 Episode Num: 298 Episode T: 1000 Reward: 2852.477
Total T: 299000 Episode Num: 299 Episode T: 1000 Reward: 2824.773
Total T: 300000 Episode Num: 300 Episode T: 1000 Reward: 3019.822
---------------------------------------
Evaluation over 10 episodes: 2963.156
---------------------------------------
Total T: 301000 Episode Num: 301 Episode T: 1000 Reward: 2933.429
Total T: 302000 Episode Num: 302 Episode T: 1000 Reward: 2960.970
Total T: 303000 Episode Num: 303 Episode T: 1000 Reward: 2891.118
Total T: 304000 Episode Num: 304 Episode T: 1000 Reward: 2874.231
Total T: 305000 Episode Num: 305 Episode T: 1000 Reward: 2922.252
---------------------------------------
Evaluation over 10 episodes: 3007.345
---------------------------------------
Total T: 306000 Episode Num: 306 Episode T: 1000 Reward: 3004.449
Total T: 307000 Episode Num: 307 Episode T: 1000 Reward: 3099.170
Total T: 308000 Episode Num: 308 Episode T: 1000 Reward: 3103.165
Total T: 309000 Episode Num: 309 Episode T: 1000 Reward: 2916.685
Total T: 310000 Episode Num: 310 Episode T: 1000 Reward: 2960.379
---------------------------------------
Evaluation over 10 episodes: 2997.626
---------------------------------------
Total T: 311000 Episode Num: 311 Episode T: 1000 Reward: 2979.705
Total T: 312000 Episode Num: 312 Episode T: 1000 Reward: 2977.565
Total T: 313000 Episode Num: 313 Episode T: 1000 Reward: 3059.363
Total T: 314000 Episode Num: 314 Episode T: 1000 Reward: 3054.311
Total T: 315000 Episode Num: 315 Episode T: 1000 Reward: 2886.093
---------------------------------------
Evaluation over 10 episodes: 3092.028
---------------------------------------
Total T: 316000 Episode Num: 316 Episode T: 1000 Reward: 3103.402
Total T: 317000 Episode Num: 317 Episode T: 1000 Reward: 3132.659
Total T: 318000 Episode Num: 318 Episode T: 1000 Reward: 3022.476
Total T: 319000 Episode Num: 319 Episode T: 1000 Reward: 3202.195
Total T: 320000 Episode Num: 320 Episode T: 1000 Reward: 3093.829
---------------------------------------
Evaluation over 10 episodes: 3042.485
---------------------------------------
Total T: 321000 Episode Num: 321 Episode T: 1000 Reward: 3160.731
Total T: 322000 Episode Num: 322 Episode T: 1000 Reward: 3132.501
Total T: 323000 Episode Num: 323 Episode T: 1000 Reward: 3014.348
Total T: 324000 Episode Num: 324 Episode T: 1000 Reward: 3307.514
Total T: 325000 Episode Num: 325 Episode T: 1000 Reward: 3172.788
---------------------------------------
Evaluation over 10 episodes: 3225.771
---------------------------------------
Total T: 326000 Episode Num: 326 Episode T: 1000 Reward: 3333.709
Total T: 327000 Episode Num: 327 Episode T: 1000 Reward: 2328.761
Total T: 328000 Episode Num: 328 Episode T: 1000 Reward: 3358.445
Total T: 329000 Episode Num: 329 Episode T: 1000 Reward: 3526.708
Total T: 330000 Episode Num: 330 Episode T: 1000 Reward: 3361.278
---------------------------------------
Evaluation over 10 episodes: 3259.497
---------------------------------------
Total T: 331000 Episode Num: 331 Episode T: 1000 Reward: 3555.374
Total T: 332000 Episode Num: 332 Episode T: 1000 Reward: 3367.676
Total T: 333000 Episode Num: 333 Episode T: 1000 Reward: 3352.837
Total T: 334000 Episode Num: 334 Episode T: 1000 Reward: 3385.776
Total T: 335000 Episode Num: 335 Episode T: 1000 Reward: 3130.755
---------------------------------------
Evaluation over 10 episodes: 3460.679
---------------------------------------
Total T: 336000 Episode Num: 336 Episode T: 1000 Reward: 3410.191
Total T: 337000 Episode Num: 337 Episode T: 1000 Reward: 3158.329
Total T: 338000 Episode Num: 338 Episode T: 1000 Reward: 3253.742
Total T: 339000 Episode Num: 339 Episode T: 1000 Reward: 3442.598
Total T: 340000 Episode Num: 340 Episode T: 1000 Reward: 3519.899
---------------------------------------
Evaluation over 10 episodes: 3358.723
---------------------------------------
Total T: 341000 Episode Num: 341 Episode T: 1000 Reward: 3410.910
Total T: 342000 Episode Num: 342 Episode T: 1000 Reward: 3558.269
Total T: 343000 Episode Num: 343 Episode T: 1000 Reward: 3527.703
Total T: 344000 Episode Num: 344 Episode T: 1000 Reward: 3639.389
Total T: 345000 Episode Num: 345 Episode T: 1000 Reward: 3507.920
---------------------------------------
Evaluation over 10 episodes: 3502.367
---------------------------------------
Total T: 346000 Episode Num: 346 Episode T: 1000 Reward: 2583.900
Total T: 347000 Episode Num: 347 Episode T: 1000 Reward: 3605.579
Total T: 348000 Episode Num: 348 Episode T: 1000 Reward: 3579.729
Total T: 349000 Episode Num: 349 Episode T: 1000 Reward: 3426.524
Total T: 350000 Episode Num: 350 Episode T: 1000 Reward: 3566.100
---------------------------------------
Evaluation over 10 episodes: 3558.719
---------------------------------------
Total T: 351000 Episode Num: 351 Episode T: 1000 Reward: 3632.671
Total T: 352000 Episode Num: 352 Episode T: 1000 Reward: 3536.617
Total T: 353000 Episode Num: 353 Episode T: 1000 Reward: 3442.753
Total T: 354000 Episode Num: 354 Episode T: 1000 Reward: 3562.322
Total T: 355000 Episode Num: 355 Episode T: 1000 Reward: 3567.732
---------------------------------------
Evaluation over 10 episodes: 3659.274
---------------------------------------
Total T: 356000 Episode Num: 356 Episode T: 1000 Reward: 3621.976
Total T: 357000 Episode Num: 357 Episode T: 1000 Reward: 1445.460
Total T: 358000 Episode Num: 358 Episode T: 1000 Reward: 3719.025
Total T: 359000 Episode Num: 359 Episode T: 1000 Reward: 3654.489
Total T: 360000 Episode Num: 360 Episode T: 1000 Reward: 3717.979
---------------------------------------
Evaluation over 10 episodes: 3698.193
---------------------------------------
Total T: 361000 Episode Num: 361 Episode T: 1000 Reward: 3776.464
Total T: 362000 Episode Num: 362 Episode T: 1000 Reward: 3715.187
Total T: 363000 Episode Num: 363 Episode T: 1000 Reward: 3715.037
Total T: 364000 Episode Num: 364 Episode T: 1000 Reward: 1383.506
Total T: 365000 Episode Num: 365 Episode T: 1000 Reward: 3741.345
---------------------------------------
Evaluation over 10 episodes: 3804.516
---------------------------------------
Total T: 366000 Episode Num: 366 Episode T: 1000 Reward: 3880.585
Total T: 367000 Episode Num: 367 Episode T: 1000 Reward: 3670.724
Total T: 368000 Episode Num: 368 Episode T: 1000 Reward: 3902.996
Total T: 369000 Episode Num: 369 Episode T: 1000 Reward: 3599.432
Total T: 370000 Episode Num: 370 Episode T: 1000 Reward: 3697.600
---------------------------------------
Evaluation over 10 episodes: 3807.122
---------------------------------------
Total T: 371000 Episode Num: 371 Episode T: 1000 Reward: 3676.091
Total T: 372000 Episode Num: 372 Episode T: 1000 Reward: 3891.559
Total T: 373000 Episode Num: 373 Episode T: 1000 Reward: 3791.888
Total T: 374000 Episode Num: 374 Episode T: 1000 Reward: 3951.495
Total T: 375000 Episode Num: 375 Episode T: 1000 Reward: 3849.913
---------------------------------------
Evaluation over 10 episodes: 3803.277
---------------------------------------
Total T: 376000 Episode Num: 376 Episode T: 1000 Reward: 3829.572
Total T: 377000 Episode Num: 377 Episode T: 1000 Reward: 3798.071
Total T: 378000 Episode Num: 378 Episode T: 1000 Reward: 3830.734
Total T: 379000 Episode Num: 379 Episode T: 1000 Reward: 3768.343
Total T: 380000 Episode Num: 380 Episode T: 1000 Reward: 3907.296
---------------------------------------
Evaluation over 10 episodes: 3900.087
---------------------------------------
Total T: 381000 Episode Num: 381 Episode T: 1000 Reward: 3886.514
Total T: 382000 Episode Num: 382 Episode T: 1000 Reward: 3966.160
Total T: 383000 Episode Num: 383 Episode T: 1000 Reward: 3922.500
Total T: 384000 Episode Num: 384 Episode T: 1000 Reward: 3918.085
Total T: 385000 Episode Num: 385 Episode T: 1000 Reward: 3954.284
---------------------------------------
Evaluation over 10 episodes: 3939.425
---------------------------------------
Total T: 386000 Episode Num: 386 Episode T: 1000 Reward: 3955.020
Total T: 387000 Episode Num: 387 Episode T: 1000 Reward: 3886.326
Total T: 388000 Episode Num: 388 Episode T: 1000 Reward: 3883.753
Total T: 389000 Episode Num: 389 Episode T: 1000 Reward: 3943.744
Total T: 390000 Episode Num: 390 Episode T: 1000 Reward: 3895.457
---------------------------------------
Evaluation over 10 episodes: 3868.964
---------------------------------------
Total T: 391000 Episode Num: 391 Episode T: 1000 Reward: 3923.398
Total T: 392000 Episode Num: 392 Episode T: 1000 Reward: 4043.793
Total T: 393000 Episode Num: 393 Episode T: 1000 Reward: 3833.266
Total T: 394000 Episode Num: 394 Episode T: 1000 Reward: 3889.916
Total T: 395000 Episode Num: 395 Episode T: 1000 Reward: 3943.803
---------------------------------------
Evaluation over 10 episodes: 3855.514
---------------------------------------
Total T: 396000 Episode Num: 396 Episode T: 1000 Reward: 4062.494
Total T: 397000 Episode Num: 397 Episode T: 1000 Reward: 3950.098
Total T: 398000 Episode Num: 398 Episode T: 1000 Reward: 3939.432
Total T: 399000 Episode Num: 399 Episode T: 1000 Reward: 3930.786
Total T: 400000 Episode Num: 400 Episode T: 1000 Reward: 3982.132
---------------------------------------
Evaluation over 10 episodes: 4063.711
---------------------------------------
Total T: 401000 Episode Num: 401 Episode T: 1000 Reward: 3914.341
Total T: 402000 Episode Num: 402 Episode T: 1000 Reward: 3929.623
Total T: 403000 Episode Num: 403 Episode T: 1000 Reward: 4049.820
Total T: 404000 Episode Num: 404 Episode T: 1000 Reward: 3975.223
Total T: 405000 Episode Num: 405 Episode T: 1000 Reward: 3960.705
---------------------------------------
Evaluation over 10 episodes: 4038.574
---------------------------------------
Total T: 406000 Episode Num: 406 Episode T: 1000 Reward: 3970.322
Total T: 407000 Episode Num: 407 Episode T: 1000 Reward: 4003.561
Total T: 408000 Episode Num: 408 Episode T: 1000 Reward: 3963.836
Total T: 409000 Episode Num: 409 Episode T: 1000 Reward: 4053.795
Total T: 410000 Episode Num: 410 Episode T: 1000 Reward: 3958.869
---------------------------------------
Evaluation over 10 episodes: 3885.967
---------------------------------------
Total T: 411000 Episode Num: 411 Episode T: 1000 Reward: 3990.149
Total T: 412000 Episode Num: 412 Episode T: 1000 Reward: 4021.326
Total T: 413000 Episode Num: 413 Episode T: 1000 Reward: 4063.400
Total T: 414000 Episode Num: 414 Episode T: 1000 Reward: 4002.980
Total T: 415000 Episode Num: 415 Episode T: 1000 Reward: 3999.565
---------------------------------------
Evaluation over 10 episodes: 4013.270
---------------------------------------
Total T: 416000 Episode Num: 416 Episode T: 1000 Reward: 4099.948
Total T: 417000 Episode Num: 417 Episode T: 1000 Reward: 3945.110
Total T: 418000 Episode Num: 418 Episode T: 1000 Reward: 4045.105
Total T: 419000 Episode Num: 419 Episode T: 1000 Reward: 3997.568
Total T: 420000 Episode Num: 420 Episode T: 1000 Reward: 3981.947
---------------------------------------
Evaluation over 10 episodes: 4022.935
---------------------------------------
Total T: 421000 Episode Num: 421 Episode T: 1000 Reward: 4012.578
Total T: 422000 Episode Num: 422 Episode T: 1000 Reward: 3929.126
Total T: 423000 Episode Num: 423 Episode T: 1000 Reward: 3989.996
Total T: 424000 Episode Num: 424 Episode T: 1000 Reward: 4029.844
Total T: 425000 Episode Num: 425 Episode T: 1000 Reward: 4010.843
---------------------------------------
Evaluation over 10 episodes: 4087.417
---------------------------------------
Total T: 426000 Episode Num: 426 Episode T: 1000 Reward: 4035.613
Total T: 427000 Episode Num: 427 Episode T: 1000 Reward: 4057.986
Total T: 428000 Episode Num: 428 Episode T: 1000 Reward: 4024.790
Total T: 429000 Episode Num: 429 Episode T: 1000 Reward: 3999.304
Total T: 430000 Episode Num: 430 Episode T: 1000 Reward: 4098.008
---------------------------------------
Evaluation over 10 episodes: 4051.845
---------------------------------------
Total T: 431000 Episode Num: 431 Episode T: 1000 Reward: 4042.227
Total T: 432000 Episode Num: 432 Episode T: 1000 Reward: 4038.157
Total T: 433000 Episode Num: 433 Episode T: 1000 Reward: 4013.423
Total T: 434000 Episode Num: 434 Episode T: 1000 Reward: 4005.035
Total T: 435000 Episode Num: 435 Episode T: 1000 Reward: 4007.650
---------------------------------------
Evaluation over 10 episodes: 4005.412
---------------------------------------
Total T: 436000 Episode Num: 436 Episode T: 1000 Reward: 3995.536
Total T: 437000 Episode Num: 437 Episode T: 1000 Reward: 4030.396
Total T: 438000 Episode Num: 438 Episode T: 1000 Reward: 4101.866
Total T: 439000 Episode Num: 439 Episode T: 1000 Reward: 4013.393
Total T: 440000 Episode Num: 440 Episode T: 1000 Reward: 4059.427
---------------------------------------
Evaluation over 10 episodes: 4079.897
---------------------------------------
Total T: 441000 Episode Num: 441 Episode T: 1000 Reward: 4045.685
Total T: 442000 Episode Num: 442 Episode T: 1000 Reward: 4003.483
Total T: 443000 Episode Num: 443 Episode T: 1000 Reward: 4049.769
Total T: 444000 Episode Num: 444 Episode T: 1000 Reward: 4051.289
Total T: 445000 Episode Num: 445 Episode T: 1000 Reward: 4067.722
---------------------------------------
Evaluation over 10 episodes: 4003.535
---------------------------------------
Total T: 446000 Episode Num: 446 Episode T: 1000 Reward: 4101.765
Total T: 447000 Episode Num: 447 Episode T: 1000 Reward: 4027.533
Total T: 448000 Episode Num: 448 Episode T: 1000 Reward: 4056.581
Total T: 449000 Episode Num: 449 Episode T: 1000 Reward: 4049.168
Total T: 450000 Episode Num: 450 Episode T: 1000 Reward: 4054.796
---------------------------------------
Evaluation over 10 episodes: 4086.476
---------------------------------------
Total T: 451000 Episode Num: 451 Episode T: 1000 Reward: 4108.583
Total T: 452000 Episode Num: 452 Episode T: 1000 Reward: 4123.457
Total T: 453000 Episode Num: 453 Episode T: 1000 Reward: 4102.318
Total T: 454000 Episode Num: 454 Episode T: 1000 Reward: 4112.993
Total T: 455000 Episode Num: 455 Episode T: 1000 Reward: 4017.229
---------------------------------------
Evaluation over 10 episodes: 4065.618
---------------------------------------
Total T: 456000 Episode Num: 456 Episode T: 1000 Reward: 4102.654
Total T: 457000 Episode Num: 457 Episode T: 1000 Reward: 4047.355
Total T: 458000 Episode Num: 458 Episode T: 1000 Reward: 4086.698
Total T: 459000 Episode Num: 459 Episode T: 1000 Reward: 4092.552
Total T: 460000 Episode Num: 460 Episode T: 1000 Reward: 4140.916
---------------------------------------
Evaluation over 10 episodes: 4113.102
---------------------------------------
Total T: 461000 Episode Num: 461 Episode T: 1000 Reward: 4091.890
Total T: 462000 Episode Num: 462 Episode T: 1000 Reward: 4091.190
Total T: 463000 Episode Num: 463 Episode T: 1000 Reward: 4055.470
Total T: 464000 Episode Num: 464 Episode T: 1000 Reward: 4054.570
Total T: 465000 Episode Num: 465 Episode T: 1000 Reward: 4054.995
---------------------------------------
Evaluation over 10 episodes: 4069.829
---------------------------------------
Total T: 466000 Episode Num: 466 Episode T: 1000 Reward: 4102.560
Total T: 467000 Episode Num: 467 Episode T: 1000 Reward: 4103.689
Total T: 468000 Episode Num: 468 Episode T: 1000 Reward: 4112.585
Total T: 469000 Episode Num: 469 Episode T: 1000 Reward: 4123.413
Total T: 470000 Episode Num: 470 Episode T: 1000 Reward: 4122.039
---------------------------------------
Evaluation over 10 episodes: 4094.592
---------------------------------------
Total T: 471000 Episode Num: 471 Episode T: 1000 Reward: 4091.942
Total T: 472000 Episode Num: 472 Episode T: 1000 Reward: 4087.236
Total T: 473000 Episode Num: 473 Episode T: 1000 Reward: 4115.541
Total T: 474000 Episode Num: 474 Episode T: 1000 Reward: 4048.154
Total T: 475000 Episode Num: 475 Episode T: 1000 Reward: 4118.946
---------------------------------------
Evaluation over 10 episodes: 4117.728
---------------------------------------
Total T: 476000 Episode Num: 476 Episode T: 1000 Reward: 4067.419
Total T: 477000 Episode Num: 477 Episode T: 1000 Reward: 4080.136
Total T: 478000 Episode Num: 478 Episode T: 1000 Reward: 3986.628
Total T: 479000 Episode Num: 479 Episode T: 1000 Reward: 4088.452
Total T: 480000 Episode Num: 480 Episode T: 1000 Reward: 4085.127
---------------------------------------
Evaluation over 10 episodes: 4190.489
---------------------------------------
Total T: 481000 Episode Num: 481 Episode T: 1000 Reward: 4127.209
Total T: 482000 Episode Num: 482 Episode T: 1000 Reward: 4116.048
Total T: 483000 Episode Num: 483 Episode T: 1000 Reward: 4055.459
Total T: 484000 Episode Num: 484 Episode T: 1000 Reward: 4070.707
Total T: 485000 Episode Num: 485 Episode T: 1000 Reward: 4112.227
---------------------------------------
Evaluation over 10 episodes: 4084.980
---------------------------------------
Total T: 486000 Episode Num: 486 Episode T: 1000 Reward: 4031.444
Total T: 487000 Episode Num: 487 Episode T: 1000 Reward: 4132.073
Total T: 488000 Episode Num: 488 Episode T: 1000 Reward: 4120.672
Total T: 489000 Episode Num: 489 Episode T: 1000 Reward: 4073.238
Total T: 490000 Episode Num: 490 Episode T: 1000 Reward: 4071.991
---------------------------------------
Evaluation over 10 episodes: 4106.131
---------------------------------------
Total T: 491000 Episode Num: 491 Episode T: 1000 Reward: 4098.088
Total T: 492000 Episode Num: 492 Episode T: 1000 Reward: 4050.829
Total T: 493000 Episode Num: 493 Episode T: 1000 Reward: 4023.760
Total T: 494000 Episode Num: 494 Episode T: 1000 Reward: 4136.027
Total T: 495000 Episode Num: 495 Episode T: 1000 Reward: 4081.204
---------------------------------------
Evaluation over 10 episodes: 4133.139
---------------------------------------
Total T: 496000 Episode Num: 496 Episode T: 1000 Reward: 4067.749
Total T: 497000 Episode Num: 497 Episode T: 1000 Reward: 4127.761
Total T: 498000 Episode Num: 498 Episode T: 1000 Reward: 4086.239
Total T: 499000 Episode Num: 499 Episode T: 1000 Reward: 4086.172
Total T: 500000 Episode Num: 500 Episode T: 1000 Reward: 4110.007
---------------------------------------
Evaluation over 10 episodes: 4171.405
---------------------------------------
Total T: 501000 Episode Num: 501 Episode T: 1000 Reward: 4096.575
Total T: 502000 Episode Num: 502 Episode T: 1000 Reward: 4085.876
Total T: 503000 Episode Num: 503 Episode T: 1000 Reward: 4088.038
Total T: 504000 Episode Num: 504 Episode T: 1000 Reward: 4118.079
Total T: 505000 Episode Num: 505 Episode T: 1000 Reward: 4104.598
---------------------------------------
Evaluation over 10 episodes: 4136.160
---------------------------------------
Total T: 506000 Episode Num: 506 Episode T: 1000 Reward: 4170.394
Total T: 507000 Episode Num: 507 Episode T: 1000 Reward: 4134.101
Total T: 508000 Episode Num: 508 Episode T: 1000 Reward: 4144.609
Total T: 509000 Episode Num: 509 Episode T: 1000 Reward: 4181.933
Total T: 510000 Episode Num: 510 Episode T: 1000 Reward: 4185.437
---------------------------------------
Evaluation over 10 episodes: 4167.442
---------------------------------------
Total T: 511000 Episode Num: 511 Episode T: 1000 Reward: 4124.631
Total T: 512000 Episode Num: 512 Episode T: 1000 Reward: 4160.123
Total T: 513000 Episode Num: 513 Episode T: 1000 Reward: 4084.442
Total T: 514000 Episode Num: 514 Episode T: 1000 Reward: 4134.976
Total T: 515000 Episode Num: 515 Episode T: 1000 Reward: 4180.992
---------------------------------------
Evaluation over 10 episodes: 4156.610
---------------------------------------
Total T: 516000 Episode Num: 516 Episode T: 1000 Reward: 4155.651
Total T: 517000 Episode Num: 517 Episode T: 1000 Reward: 4095.490
Total T: 518000 Episode Num: 518 Episode T: 1000 Reward: 4083.541
Total T: 519000 Episode Num: 519 Episode T: 1000 Reward: 4202.690
Total T: 520000 Episode Num: 520 Episode T: 1000 Reward: 4215.501
---------------------------------------
Evaluation over 10 episodes: 4173.760
---------------------------------------
Total T: 521000 Episode Num: 521 Episode T: 1000 Reward: 4202.324
Total T: 522000 Episode Num: 522 Episode T: 1000 Reward: 4164.170
Total T: 523000 Episode Num: 523 Episode T: 1000 Reward: 4127.408
Total T: 524000 Episode Num: 524 Episode T: 1000 Reward: 4161.807
Total T: 525000 Episode Num: 525 Episode T: 1000 Reward: 4123.823
---------------------------------------
Evaluation over 10 episodes: 4150.775
---------------------------------------
Total T: 526000 Episode Num: 526 Episode T: 1000 Reward: 4105.970
Total T: 527000 Episode Num: 527 Episode T: 1000 Reward: 4214.890
Total T: 528000 Episode Num: 528 Episode T: 1000 Reward: 4159.742
Total T: 529000 Episode Num: 529 Episode T: 1000 Reward: 4210.238
Total T: 530000 Episode Num: 530 Episode T: 1000 Reward: 4083.779
---------------------------------------
Evaluation over 10 episodes: 4198.846
---------------------------------------
Total T: 531000 Episode Num: 531 Episode T: 1000 Reward: 4198.322
Total T: 532000 Episode Num: 532 Episode T: 1000 Reward: 4076.261
Total T: 533000 Episode Num: 533 Episode T: 1000 Reward: 4196.599
Total T: 534000 Episode Num: 534 Episode T: 1000 Reward: 4207.660
Total T: 535000 Episode Num: 535 Episode T: 1000 Reward: 4147.631
---------------------------------------
Evaluation over 10 episodes: 4225.012
---------------------------------------
Total T: 536000 Episode Num: 536 Episode T: 1000 Reward: 4118.101
Total T: 537000 Episode Num: 537 Episode T: 1000 Reward: 4206.417
Total T: 538000 Episode Num: 538 Episode T: 1000 Reward: 4064.171
Total T: 539000 Episode Num: 539 Episode T: 1000 Reward: 4074.974
Total T: 540000 Episode Num: 540 Episode T: 1000 Reward: 4133.132
---------------------------------------
Evaluation over 10 episodes: 4102.212
---------------------------------------
Total T: 541000 Episode Num: 541 Episode T: 1000 Reward: 4192.384
Total T: 542000 Episode Num: 542 Episode T: 1000 Reward: 4235.178
Total T: 543000 Episode Num: 543 Episode T: 1000 Reward: 4204.939
Total T: 544000 Episode Num: 544 Episode T: 1000 Reward: 4213.473
Total T: 545000 Episode Num: 545 Episode T: 1000 Reward: 4178.462
---------------------------------------
Evaluation over 10 episodes: 4123.583
---------------------------------------
Total T: 546000 Episode Num: 546 Episode T: 1000 Reward: 4192.374
Total T: 547000 Episode Num: 547 Episode T: 1000 Reward: 4197.519
Total T: 548000 Episode Num: 548 Episode T: 1000 Reward: 4178.875
Total T: 549000 Episode Num: 549 Episode T: 1000 Reward: 4213.613
Total T: 550000 Episode Num: 550 Episode T: 1000 Reward: 4164.483
---------------------------------------
Evaluation over 10 episodes: 4165.576
---------------------------------------
Total T: 551000 Episode Num: 551 Episode T: 1000 Reward: 4177.660
Total T: 552000 Episode Num: 552 Episode T: 1000 Reward: 4191.371
Total T: 553000 Episode Num: 553 Episode T: 1000 Reward: 4193.702
Total T: 554000 Episode Num: 554 Episode T: 1000 Reward: 4169.379
Total T: 555000 Episode Num: 555 Episode T: 1000 Reward: 4251.164
---------------------------------------
Evaluation over 10 episodes: 4209.119
---------------------------------------
Total T: 556000 Episode Num: 556 Episode T: 1000 Reward: 4226.840
Total T: 557000 Episode Num: 557 Episode T: 1000 Reward: 4239.438
Total T: 558000 Episode Num: 558 Episode T: 1000 Reward: 4184.943
Total T: 559000 Episode Num: 559 Episode T: 1000 Reward: 4277.811
Total T: 560000 Episode Num: 560 Episode T: 1000 Reward: 4155.068
---------------------------------------
Evaluation over 10 episodes: 4101.290
---------------------------------------
Total T: 561000 Episode Num: 561 Episode T: 1000 Reward: 4245.650
Total T: 562000 Episode Num: 562 Episode T: 1000 Reward: 4242.402
Total T: 563000 Episode Num: 563 Episode T: 1000 Reward: 4230.372
Total T: 564000 Episode Num: 564 Episode T: 1000 Reward: 4225.381
Total T: 565000 Episode Num: 565 Episode T: 1000 Reward: 4233.110
---------------------------------------
Evaluation over 10 episodes: 4261.284
---------------------------------------
Total T: 566000 Episode Num: 566 Episode T: 1000 Reward: 4284.585
Total T: 567000 Episode Num: 567 Episode T: 1000 Reward: 4234.659
Total T: 568000 Episode Num: 568 Episode T: 1000 Reward: 4243.234
Total T: 569000 Episode Num: 569 Episode T: 1000 Reward: 4294.017
Total T: 570000 Episode Num: 570 Episode T: 1000 Reward: 4303.206
---------------------------------------
Evaluation over 10 episodes: 4293.824
---------------------------------------
Total T: 571000 Episode Num: 571 Episode T: 1000 Reward: 4255.878
Total T: 572000 Episode Num: 572 Episode T: 1000 Reward: 4276.792
Total T: 573000 Episode Num: 573 Episode T: 1000 Reward: 4278.507
Total T: 574000 Episode Num: 574 Episode T: 1000 Reward: 4332.736
Total T: 575000 Episode Num: 575 Episode T: 1000 Reward: 4407.967
---------------------------------------
Evaluation over 10 episodes: 4412.597
---------------------------------------
Total T: 576000 Episode Num: 576 Episode T: 1000 Reward: 4350.045
Total T: 577000 Episode Num: 577 Episode T: 1000 Reward: 4351.290
Total T: 578000 Episode Num: 578 Episode T: 1000 Reward: 4340.854
Total T: 579000 Episode Num: 579 Episode T: 1000 Reward: 4410.003
Total T: 580000 Episode Num: 580 Episode T: 1000 Reward: 4446.497
---------------------------------------
Evaluation over 10 episodes: 4439.640
---------------------------------------
Total T: 581000 Episode Num: 581 Episode T: 1000 Reward: 4365.304
Total T: 582000 Episode Num: 582 Episode T: 1000 Reward: 4398.830
Total T: 583000 Episode Num: 583 Episode T: 1000 Reward: 4456.795
Total T: 584000 Episode Num: 584 Episode T: 1000 Reward: 4399.929
Total T: 585000 Episode Num: 585 Episode T: 1000 Reward: 4504.956
---------------------------------------
Evaluation over 10 episodes: 4410.429
---------------------------------------
Total T: 586000 Episode Num: 586 Episode T: 1000 Reward: 4450.022
Total T: 587000 Episode Num: 587 Episode T: 1000 Reward: 4434.137
Total T: 588000 Episode Num: 588 Episode T: 1000 Reward: 4405.941
Total T: 589000 Episode Num: 589 Episode T: 1000 Reward: 4469.068
Total T: 590000 Episode Num: 590 Episode T: 1000 Reward: 4404.710
---------------------------------------
Evaluation over 10 episodes: 4458.179
---------------------------------------
Total T: 591000 Episode Num: 591 Episode T: 1000 Reward: 4419.382
Total T: 592000 Episode Num: 592 Episode T: 1000 Reward: 4461.701
Total T: 593000 Episode Num: 593 Episode T: 1000 Reward: 4431.956
Total T: 594000 Episode Num: 594 Episode T: 1000 Reward: 4426.766
Total T: 595000 Episode Num: 595 Episode T: 1000 Reward: 4407.475
---------------------------------------
Evaluation over 10 episodes: 4490.133
---------------------------------------
Total T: 596000 Episode Num: 596 Episode T: 1000 Reward: 4432.743
Total T: 597000 Episode Num: 597 Episode T: 1000 Reward: 4536.251
Total T: 598000 Episode Num: 598 Episode T: 1000 Reward: 4443.685
Total T: 599000 Episode Num: 599 Episode T: 1000 Reward: 4522.221
Total T: 600000 Episode Num: 600 Episode T: 1000 Reward: 4550.339
---------------------------------------
Evaluation over 10 episodes: 4495.895
---------------------------------------
Total T: 601000 Episode Num: 601 Episode T: 1000 Reward: 4455.032
Total T: 602000 Episode Num: 602 Episode T: 1000 Reward: 4486.184
Total T: 603000 Episode Num: 603 Episode T: 1000 Reward: 4461.436
Total T: 604000 Episode Num: 604 Episode T: 1000 Reward: 4473.968
Total T: 605000 Episode Num: 605 Episode T: 1000 Reward: 4485.567
---------------------------------------
Evaluation over 10 episodes: 4419.564
---------------------------------------
Total T: 606000 Episode Num: 606 Episode T: 1000 Reward: 4563.010
Total T: 607000 Episode Num: 607 Episode T: 1000 Reward: 4546.685
Total T: 608000 Episode Num: 608 Episode T: 1000 Reward: 4414.070
Total T: 609000 Episode Num: 609 Episode T: 1000 Reward: 4490.261
Total T: 610000 Episode Num: 610 Episode T: 1000 Reward: 4571.702
---------------------------------------
Evaluation over 10 episodes: 4358.781
---------------------------------------
Total T: 611000 Episode Num: 611 Episode T: 1000 Reward: 4513.356
Total T: 612000 Episode Num: 612 Episode T: 1000 Reward: 4552.883
Total T: 613000 Episode Num: 613 Episode T: 1000 Reward: 4446.393
Total T: 614000 Episode Num: 614 Episode T: 1000 Reward: 4564.654
Total T: 615000 Episode Num: 615 Episode T: 1000 Reward: 4628.376
---------------------------------------
Evaluation over 10 episodes: 4624.796
---------------------------------------
Total T: 616000 Episode Num: 616 Episode T: 1000 Reward: 4649.744
Total T: 617000 Episode Num: 617 Episode T: 1000 Reward: 4530.665
Total T: 618000 Episode Num: 618 Episode T: 1000 Reward: 4693.169
Total T: 619000 Episode Num: 619 Episode T: 1000 Reward: 4610.112
Total T: 620000 Episode Num: 620 Episode T: 1000 Reward: 4574.679
---------------------------------------
Evaluation over 10 episodes: 4619.765
---------------------------------------
Total T: 621000 Episode Num: 621 Episode T: 1000 Reward: 4588.468
Total T: 622000 Episode Num: 622 Episode T: 1000 Reward: 4521.672
Total T: 623000 Episode Num: 623 Episode T: 1000 Reward: 4590.874
Total T: 624000 Episode Num: 624 Episode T: 1000 Reward: 4652.413
Total T: 625000 Episode Num: 625 Episode T: 1000 Reward: 4712.511
---------------------------------------
Evaluation over 10 episodes: 4691.511
---------------------------------------
Total T: 626000 Episode Num: 626 Episode T: 1000 Reward: 4696.841
Total T: 627000 Episode Num: 627 Episode T: 1000 Reward: 4655.146
Total T: 628000 Episode Num: 628 Episode T: 1000 Reward: 4653.087
Total T: 629000 Episode Num: 629 Episode T: 1000 Reward: 4641.533
Total T: 630000 Episode Num: 630 Episode T: 1000 Reward: 3003.446
---------------------------------------
Evaluation over 10 episodes: 4678.994
---------------------------------------
Total T: 631000 Episode Num: 631 Episode T: 1000 Reward: 4704.512
Total T: 632000 Episode Num: 632 Episode T: 1000 Reward: 4728.788
Total T: 633000 Episode Num: 633 Episode T: 1000 Reward: 4704.285
Total T: 634000 Episode Num: 634 Episode T: 1000 Reward: 4686.816
Total T: 635000 Episode Num: 635 Episode T: 1000 Reward: 4726.669
---------------------------------------
Evaluation over 10 episodes: 4768.305
---------------------------------------
Total T: 636000 Episode Num: 636 Episode T: 1000 Reward: 4624.665
Total T: 637000 Episode Num: 637 Episode T: 1000 Reward: 4684.912
Total T: 638000 Episode Num: 638 Episode T: 1000 Reward: 4723.564
Total T: 639000 Episode Num: 639 Episode T: 1000 Reward: 4787.998
Total T: 640000 Episode Num: 640 Episode T: 1000 Reward: 4666.887
---------------------------------------
Evaluation over 10 episodes: 4608.655
---------------------------------------
Total T: 641000 Episode Num: 641 Episode T: 1000 Reward: 4519.323
Total T: 642000 Episode Num: 642 Episode T: 1000 Reward: 4661.625
Total T: 643000 Episode Num: 643 Episode T: 1000 Reward: 4582.445
Total T: 644000 Episode Num: 644 Episode T: 1000 Reward: 4628.531
Total T: 645000 Episode Num: 645 Episode T: 1000 Reward: 4645.680
---------------------------------------
Evaluation over 10 episodes: 4665.027
---------------------------------------
Total T: 646000 Episode Num: 646 Episode T: 1000 Reward: 4740.141
Total T: 647000 Episode Num: 647 Episode T: 1000 Reward: 4608.779
Total T: 648000 Episode Num: 648 Episode T: 1000 Reward: 4695.204
Total T: 649000 Episode Num: 649 Episode T: 1000 Reward: 4684.199
Total T: 650000 Episode Num: 650 Episode T: 1000 Reward: 4704.104
---------------------------------------
Evaluation over 10 episodes: 4744.500
---------------------------------------
Total T: 651000 Episode Num: 651 Episode T: 1000 Reward: 4711.725
Total T: 652000 Episode Num: 652 Episode T: 1000 Reward: 4715.986
Total T: 653000 Episode Num: 653 Episode T: 1000 Reward: 4673.536
Total T: 654000 Episode Num: 654 Episode T: 1000 Reward: 4742.235
Total T: 655000 Episode Num: 655 Episode T: 1000 Reward: 4714.198
---------------------------------------
Evaluation over 10 episodes: 4715.472
---------------------------------------
Total T: 656000 Episode Num: 656 Episode T: 1000 Reward: 4834.103
Total T: 657000 Episode Num: 657 Episode T: 1000 Reward: 4917.155
Total T: 658000 Episode Num: 658 Episode T: 1000 Reward: 4789.811
Total T: 659000 Episode Num: 659 Episode T: 1000 Reward: 4745.784
Total T: 660000 Episode Num: 660 Episode T: 1000 Reward: 4802.460
---------------------------------------
Evaluation over 10 episodes: 4812.575
---------------------------------------
Total T: 661000 Episode Num: 661 Episode T: 1000 Reward: 4802.887
Total T: 662000 Episode Num: 662 Episode T: 1000 Reward: 4846.495
Total T: 663000 Episode Num: 663 Episode T: 1000 Reward: 4823.335
Total T: 664000 Episode Num: 664 Episode T: 1000 Reward: 4734.309
Total T: 665000 Episode Num: 665 Episode T: 1000 Reward: 4769.931
---------------------------------------
Evaluation over 10 episodes: 4839.789
---------------------------------------
Total T: 666000 Episode Num: 666 Episode T: 1000 Reward: 4828.242
Total T: 667000 Episode Num: 667 Episode T: 1000 Reward: 4847.960
Total T: 668000 Episode Num: 668 Episode T: 1000 Reward: 4778.461
Total T: 669000 Episode Num: 669 Episode T: 1000 Reward: 4833.834
Total T: 670000 Episode Num: 670 Episode T: 1000 Reward: 4830.267
---------------------------------------
Evaluation over 10 episodes: 4772.193
---------------------------------------
Total T: 671000 Episode Num: 671 Episode T: 1000 Reward: 4743.798
Total T: 672000 Episode Num: 672 Episode T: 1000 Reward: 4850.219
Total T: 673000 Episode Num: 673 Episode T: 1000 Reward: 4851.304
Total T: 674000 Episode Num: 674 Episode T: 1000 Reward: 4825.136
Total T: 675000 Episode Num: 675 Episode T: 1000 Reward: 4852.252
---------------------------------------
Evaluation over 10 episodes: 4851.335
---------------------------------------
Total T: 676000 Episode Num: 676 Episode T: 1000 Reward: 4869.429
Total T: 677000 Episode Num: 677 Episode T: 1000 Reward: 4872.249
Total T: 678000 Episode Num: 678 Episode T: 1000 Reward: 4859.819
Total T: 679000 Episode Num: 679 Episode T: 1000 Reward: 4844.888
Total T: 680000 Episode Num: 680 Episode T: 1000 Reward: 4826.993
---------------------------------------
Evaluation over 10 episodes: 4824.308
---------------------------------------
Total T: 681000 Episode Num: 681 Episode T: 1000 Reward: 4933.251
Total T: 682000 Episode Num: 682 Episode T: 1000 Reward: 4850.109
Total T: 683000 Episode Num: 683 Episode T: 1000 Reward: 4822.590
Total T: 684000 Episode Num: 684 Episode T: 1000 Reward: 4816.059
Total T: 685000 Episode Num: 685 Episode T: 1000 Reward: 4703.498
---------------------------------------
Evaluation over 10 episodes: 4808.852
---------------------------------------
Total T: 686000 Episode Num: 686 Episode T: 1000 Reward: 4823.454
Total T: 687000 Episode Num: 687 Episode T: 1000 Reward: 4678.836
Total T: 688000 Episode Num: 688 Episode T: 1000 Reward: 4888.357
Total T: 689000 Episode Num: 689 Episode T: 1000 Reward: 4836.603
Total T: 690000 Episode Num: 690 Episode T: 1000 Reward: 4750.093
---------------------------------------
Evaluation over 10 episodes: 4784.674
---------------------------------------
Total T: 691000 Episode Num: 691 Episode T: 1000 Reward: 4821.735
Total T: 692000 Episode Num: 692 Episode T: 1000 Reward: 4839.688
Total T: 693000 Episode Num: 693 Episode T: 1000 Reward: 4848.089
Total T: 694000 Episode Num: 694 Episode T: 1000 Reward: 4736.338
Total T: 695000 Episode Num: 695 Episode T: 1000 Reward: 4799.059
---------------------------------------
Evaluation over 10 episodes: 4796.165
---------------------------------------
Total T: 696000 Episode Num: 696 Episode T: 1000 Reward: 4711.188
Total T: 697000 Episode Num: 697 Episode T: 1000 Reward: 4839.712
Total T: 698000 Episode Num: 698 Episode T: 1000 Reward: 4798.595
Total T: 699000 Episode Num: 699 Episode T: 1000 Reward: 4871.410
Total T: 700000 Episode Num: 700 Episode T: 1000 Reward: 4828.257
---------------------------------------
Evaluation over 10 episodes: 4844.988
---------------------------------------
Total T: 701000 Episode Num: 701 Episode T: 1000 Reward: 4761.517
Total T: 702000 Episode Num: 702 Episode T: 1000 Reward: 4857.942
Total T: 703000 Episode Num: 703 Episode T: 1000 Reward: 4844.027
Total T: 704000 Episode Num: 704 Episode T: 1000 Reward: 4975.584
Total T: 705000 Episode Num: 705 Episode T: 1000 Reward: 4883.609
---------------------------------------
Evaluation over 10 episodes: 4787.583
---------------------------------------
Total T: 706000 Episode Num: 706 Episode T: 1000 Reward: 4845.263
Total T: 707000 Episode Num: 707 Episode T: 1000 Reward: 4841.132
Total T: 708000 Episode Num: 708 Episode T: 1000 Reward: 4847.026
Total T: 709000 Episode Num: 709 Episode T: 1000 Reward: 4539.055
Total T: 710000 Episode Num: 710 Episode T: 1000 Reward: 4837.624
---------------------------------------
Evaluation over 10 episodes: 4747.858
---------------------------------------
Total T: 711000 Episode Num: 711 Episode T: 1000 Reward: 4852.742
Total T: 712000 Episode Num: 712 Episode T: 1000 Reward: 4891.146
Total T: 713000 Episode Num: 713 Episode T: 1000 Reward: 4827.503
Total T: 714000 Episode Num: 714 Episode T: 1000 Reward: 4871.317
Total T: 715000 Episode Num: 715 Episode T: 1000 Reward: 4784.094
---------------------------------------
Evaluation over 10 episodes: 4867.400
---------------------------------------
Total T: 716000 Episode Num: 716 Episode T: 1000 Reward: 4853.361
Total T: 717000 Episode Num: 717 Episode T: 1000 Reward: 4766.417
Total T: 718000 Episode Num: 718 Episode T: 1000 Reward: 4930.621
Total T: 719000 Episode Num: 719 Episode T: 1000 Reward: 4939.329
Total T: 720000 Episode Num: 720 Episode T: 1000 Reward: 4928.806
---------------------------------------
Evaluation over 10 episodes: 4855.520
---------------------------------------
Total T: 721000 Episode Num: 721 Episode T: 1000 Reward: 4848.956
Total T: 722000 Episode Num: 722 Episode T: 1000 Reward: 4906.260
Total T: 723000 Episode Num: 723 Episode T: 1000 Reward: 4949.125
Total T: 724000 Episode Num: 724 Episode T: 1000 Reward: 4921.253
Total T: 725000 Episode Num: 725 Episode T: 1000 Reward: 4922.514
---------------------------------------
Evaluation over 10 episodes: 4838.382
---------------------------------------
Total T: 726000 Episode Num: 726 Episode T: 1000 Reward: 4893.497
Total T: 727000 Episode Num: 727 Episode T: 1000 Reward: 4832.766
Total T: 728000 Episode Num: 728 Episode T: 1000 Reward: 4984.983
Total T: 729000 Episode Num: 729 Episode T: 1000 Reward: 4889.778
Total T: 730000 Episode Num: 730 Episode T: 1000 Reward: 4861.676
---------------------------------------
Evaluation over 10 episodes: 5034.656
---------------------------------------
Total T: 731000 Episode Num: 731 Episode T: 1000 Reward: 4782.580
Total T: 732000 Episode Num: 732 Episode T: 1000 Reward: 4985.509
Total T: 733000 Episode Num: 733 Episode T: 1000 Reward: 4991.918
Total T: 734000 Episode Num: 734 Episode T: 1000 Reward: 4964.219
Total T: 735000 Episode Num: 735 Episode T: 1000 Reward: 4979.060