---------------------------------------
Policy: TD3, Env: HalfCheetah-v2, Seed: 0
---------------------------------------
---------------------------------------
Evaluation over 10 episodes: -1.068
---------------------------------------
Total T: 1000 Episode Num: 1 Episode T: 1000 Reward: -369.292
Total T: 2000 Episode Num: 2 Episode T: 1000 Reward: -360.666
Total T: 3000 Episode Num: 3 Episode T: 1000 Reward: -196.601
Total T: 4000 Episode Num: 4 Episode T: 1000 Reward: -281.725
Total T: 5000 Episode Num: 5 Episode T: 1000 Reward: -256.243
---------------------------------------
Evaluation over 10 episodes: -1.065
---------------------------------------
Total T: 6000 Episode Num: 6 Episode T: 1000 Reward: -302.722
Total T: 7000 Episode Num: 7 Episode T: 1000 Reward: -278.152
Total T: 8000 Episode Num: 8 Episode T: 1000 Reward: -349.044
Total T: 9000 Episode Num: 9 Episode T: 1000 Reward: -217.951
Total T: 10000 Episode Num: 10 Episode T: 1000 Reward: -440.719
---------------------------------------
Evaluation over 10 episodes: -1.062
---------------------------------------
Total T: 11000 Episode Num: 11 Episode T: 1000 Reward: -340.477
Total T: 12000 Episode Num: 12 Episode T: 1000 Reward: -345.927
Total T: 13000 Episode Num: 13 Episode T: 1000 Reward: -409.695
Total T: 14000 Episode Num: 14 Episode T: 1000 Reward: -413.440
Total T: 15000 Episode Num: 15 Episode T: 1000 Reward: -270.008
---------------------------------------
Evaluation over 10 episodes: -1.065
---------------------------------------
Total T: 16000 Episode Num: 16 Episode T: 1000 Reward: -318.254
Total T: 17000 Episode Num: 17 Episode T: 1000 Reward: -182.868
Total T: 18000 Episode Num: 18 Episode T: 1000 Reward: -268.505
Total T: 19000 Episode Num: 19 Episode T: 1000 Reward: -249.856
Total T: 20000 Episode Num: 20 Episode T: 1000 Reward: -454.300
---------------------------------------
Evaluation over 10 episodes: -1.062
---------------------------------------
Total T: 21000 Episode Num: 21 Episode T: 1000 Reward: -423.173
Total T: 22000 Episode Num: 22 Episode T: 1000 Reward: -299.032
Total T: 23000 Episode Num: 23 Episode T: 1000 Reward: -238.149
Total T: 24000 Episode Num: 24 Episode T: 1000 Reward: -263.650
Total T: 25000 Episode Num: 25 Episode T: 1000 Reward: -206.941
---------------------------------------
Evaluation over 10 episodes: -1.065
---------------------------------------
Total T: 26000 Episode Num: 26 Episode T: 1000 Reward: -502.039
Total T: 27000 Episode Num: 27 Episode T: 1000 Reward: -443.013
Total T: 28000 Episode Num: 28 Episode T: 1000 Reward: -542.532
Total T: 29000 Episode Num: 29 Episode T: 1000 Reward: -418.931
Total T: 30000 Episode Num: 30 Episode T: 1000 Reward: -544.922
---------------------------------------
Evaluation over 10 episodes: -376.382
---------------------------------------
Total T: 31000 Episode Num: 31 Episode T: 1000 Reward: -303.625
Total T: 32000 Episode Num: 32 Episode T: 1000 Reward: -182.361
Total T: 33000 Episode Num: 33 Episode T: 1000 Reward: -115.257
Total T: 34000 Episode Num: 34 Episode T: 1000 Reward: -222.352
Total T: 35000 Episode Num: 35 Episode T: 1000 Reward: -218.970
---------------------------------------
Evaluation over 10 episodes: -298.120
---------------------------------------
Total T: 36000 Episode Num: 36 Episode T: 1000 Reward: -293.750
Total T: 37000 Episode Num: 37 Episode T: 1000 Reward: -280.304
Total T: 38000 Episode Num: 38 Episode T: 1000 Reward: -309.971
Total T: 39000 Episode Num: 39 Episode T: 1000 Reward: -194.557
Total T: 40000 Episode Num: 40 Episode T: 1000 Reward: -85.426
---------------------------------------
Evaluation over 10 episodes: 416.048
---------------------------------------
Total T: 41000 Episode Num: 41 Episode T: 1000 Reward: 442.922
Total T: 42000 Episode Num: 42 Episode T: 1000 Reward: 1076.237
Total T: 43000 Episode Num: 43 Episode T: 1000 Reward: 1189.483
Total T: 44000 Episode Num: 44 Episode T: 1000 Reward: 1570.670
Total T: 45000 Episode Num: 45 Episode T: 1000 Reward: 971.991
---------------------------------------
Evaluation over 10 episodes: 1726.535
---------------------------------------
Total T: 46000 Episode Num: 46 Episode T: 1000 Reward: 1997.205
Total T: 47000 Episode Num: 47 Episode T: 1000 Reward: 1429.851
Total T: 48000 Episode Num: 48 Episode T: 1000 Reward: 1934.209
Total T: 49000 Episode Num: 49 Episode T: 1000 Reward: 2014.177
Total T: 50000 Episode Num: 50 Episode T: 1000 Reward: 2150.330
---------------------------------------
Evaluation over 10 episodes: 1957.216
---------------------------------------
Total T: 51000 Episode Num: 51 Episode T: 1000 Reward: 2487.021
Total T: 52000 Episode Num: 52 Episode T: 1000 Reward: 2936.598
Total T: 53000 Episode Num: 53 Episode T: 1000 Reward: 3045.115
Total T: 54000 Episode Num: 54 Episode T: 1000 Reward: 3379.026
Total T: 55000 Episode Num: 55 Episode T: 1000 Reward: 3638.249
---------------------------------------
Evaluation over 10 episodes: 3572.316
---------------------------------------
Total T: 56000 Episode Num: 56 Episode T: 1000 Reward: 3264.246
Total T: 57000 Episode Num: 57 Episode T: 1000 Reward: 3482.386
Total T: 58000 Episode Num: 58 Episode T: 1000 Reward: 3868.091
Total T: 59000 Episode Num: 59 Episode T: 1000 Reward: 3579.432
Total T: 60000 Episode Num: 60 Episode T: 1000 Reward: 3492.247
---------------------------------------
Evaluation over 10 episodes: 3585.721
---------------------------------------
Total T: 61000 Episode Num: 61 Episode T: 1000 Reward: 3547.408
Total T: 62000 Episode Num: 62 Episode T: 1000 Reward: 3786.854
Total T: 63000 Episode Num: 63 Episode T: 1000 Reward: 3697.308
Total T: 64000 Episode Num: 64 Episode T: 1000 Reward: 3776.370
Total T: 65000 Episode Num: 65 Episode T: 1000 Reward: 3914.759
---------------------------------------
Evaluation over 10 episodes: 3970.495
---------------------------------------
Total T: 66000 Episode Num: 66 Episode T: 1000 Reward: 3757.865
Total T: 67000 Episode Num: 67 Episode T: 1000 Reward: 3606.853
Total T: 68000 Episode Num: 68 Episode T: 1000 Reward: 3972.977
Total T: 69000 Episode Num: 69 Episode T: 1000 Reward: 3997.572
Total T: 70000 Episode Num: 70 Episode T: 1000 Reward: 3710.407
---------------------------------------
Evaluation over 10 episodes: 3659.085
---------------------------------------
Total T: 71000 Episode Num: 71 Episode T: 1000 Reward: 3866.786
Total T: 72000 Episode Num: 72 Episode T: 1000 Reward: 4003.833
Total T: 73000 Episode Num: 73 Episode T: 1000 Reward: 3776.606
Total T: 74000 Episode Num: 74 Episode T: 1000 Reward: 4023.487
Total T: 75000 Episode Num: 75 Episode T: 1000 Reward: 3881.394
---------------------------------------
Evaluation over 10 episodes: 4010.294
---------------------------------------
Total T: 76000 Episode Num: 76 Episode T: 1000 Reward: 3844.822
Total T: 77000 Episode Num: 77 Episode T: 1000 Reward: 4056.732
Total T: 78000 Episode Num: 78 Episode T: 1000 Reward: 4033.924
Total T: 79000 Episode Num: 79 Episode T: 1000 Reward: 4071.147
Total T: 80000 Episode Num: 80 Episode T: 1000 Reward: 4065.164
---------------------------------------
Evaluation over 10 episodes: 4055.995
---------------------------------------
Total T: 81000 Episode Num: 81 Episode T: 1000 Reward: 3930.658
Total T: 82000 Episode Num: 82 Episode T: 1000 Reward: 3968.214
Total T: 83000 Episode Num: 83 Episode T: 1000 Reward: 3976.408
Total T: 84000 Episode Num: 84 Episode T: 1000 Reward: 3993.261
Total T: 85000 Episode Num: 85 Episode T: 1000 Reward: 4158.948
---------------------------------------
Evaluation over 10 episodes: 4050.947
---------------------------------------
Total T: 86000 Episode Num: 86 Episode T: 1000 Reward: 3830.407
Total T: 87000 Episode Num: 87 Episode T: 1000 Reward: 3913.679
Total T: 88000 Episode Num: 88 Episode T: 1000 Reward: 4122.467
Total T: 89000 Episode Num: 89 Episode T: 1000 Reward: 4072.491
Total T: 90000 Episode Num: 90 Episode T: 1000 Reward: 4219.939
---------------------------------------
Evaluation over 10 episodes: 4189.063
---------------------------------------
Total T: 91000 Episode Num: 91 Episode T: 1000 Reward: 4081.699
Total T: 92000 Episode Num: 92 Episode T: 1000 Reward: 4195.748
Total T: 93000 Episode Num: 93 Episode T: 1000 Reward: 4406.409
Total T: 94000 Episode Num: 94 Episode T: 1000 Reward: 4062.813
Total T: 95000 Episode Num: 95 Episode T: 1000 Reward: 4195.494
---------------------------------------
Evaluation over 10 episodes: 4184.592
---------------------------------------
Total T: 96000 Episode Num: 96 Episode T: 1000 Reward: 4236.798
Total T: 97000 Episode Num: 97 Episode T: 1000 Reward: 4203.299
Total T: 98000 Episode Num: 98 Episode T: 1000 Reward: 4146.209
Total T: 99000 Episode Num: 99 Episode T: 1000 Reward: 4364.859
Total T: 100000 Episode Num: 100 Episode T: 1000 Reward: 4318.553
---------------------------------------
Evaluation over 10 episodes: 4297.987
---------------------------------------
Total T: 101000 Episode Num: 101 Episode T: 1000 Reward: 4211.689
Total T: 102000 Episode Num: 102 Episode T: 1000 Reward: 4240.512
Total T: 103000 Episode Num: 103 Episode T: 1000 Reward: 4368.499
Total T: 104000 Episode Num: 104 Episode T: 1000 Reward: 4252.882
Total T: 105000 Episode Num: 105 Episode T: 1000 Reward: 4357.941
---------------------------------------
Evaluation over 10 episodes: 4239.289
---------------------------------------
Total T: 106000 Episode Num: 106 Episode T: 1000 Reward: 4266.907
Total T: 107000 Episode Num: 107 Episode T: 1000 Reward: 4270.255
Total T: 108000 Episode Num: 108 Episode T: 1000 Reward: 4260.036
Total T: 109000 Episode Num: 109 Episode T: 1000 Reward: 4402.915
Total T: 110000 Episode Num: 110 Episode T: 1000 Reward: 4323.661
---------------------------------------
Evaluation over 10 episodes: 4335.162
---------------------------------------
Total T: 111000 Episode Num: 111 Episode T: 1000 Reward: 4362.330
Total T: 112000 Episode Num: 112 Episode T: 1000 Reward: 4372.697
Total T: 113000 Episode Num: 113 Episode T: 1000 Reward: 4201.918
Total T: 114000 Episode Num: 114 Episode T: 1000 Reward: 4333.040
Total T: 115000 Episode Num: 115 Episode T: 1000 Reward: 4400.547
---------------------------------------
Evaluation over 10 episodes: 4232.741
---------------------------------------
Total T: 116000 Episode Num: 116 Episode T: 1000 Reward: 4403.817
Total T: 117000 Episode Num: 117 Episode T: 1000 Reward: 4429.643
Total T: 118000 Episode Num: 118 Episode T: 1000 Reward: 4392.075
Total T: 119000 Episode Num: 119 Episode T: 1000 Reward: 4290.293
Total T: 120000 Episode Num: 120 Episode T: 1000 Reward: 4440.165
---------------------------------------
Evaluation over 10 episodes: 4338.611
---------------------------------------
Total T: 121000 Episode Num: 121 Episode T: 1000 Reward: 4362.112
Total T: 122000 Episode Num: 122 Episode T: 1000 Reward: 4434.421
Total T: 123000 Episode Num: 123 Episode T: 1000 Reward: 4394.985
Total T: 124000 Episode Num: 124 Episode T: 1000 Reward: 4357.001
Total T: 125000 Episode Num: 125 Episode T: 1000 Reward: 4452.789
---------------------------------------
Evaluation over 10 episodes: 4418.005
---------------------------------------
Total T: 126000 Episode Num: 126 Episode T: 1000 Reward: 4475.723
Total T: 127000 Episode Num: 127 Episode T: 1000 Reward: 4384.853
Total T: 128000 Episode Num: 128 Episode T: 1000 Reward: 4393.291
Total T: 129000 Episode Num: 129 Episode T: 1000 Reward: 4319.137
Total T: 130000 Episode Num: 130 Episode T: 1000 Reward: 4570.876
---------------------------------------
Evaluation over 10 episodes: 4090.109
---------------------------------------
Total T: 131000 Episode Num: 131 Episode T: 1000 Reward: 4380.426
Total T: 132000 Episode Num: 132 Episode T: 1000 Reward: 4484.683
Total T: 133000 Episode Num: 133 Episode T: 1000 Reward: 4390.160
Total T: 134000 Episode Num: 134 Episode T: 1000 Reward: 4477.652
Total T: 135000 Episode Num: 135 Episode T: 1000 Reward: 4595.338
---------------------------------------
Evaluation over 10 episodes: 4406.773
---------------------------------------
Total T: 136000 Episode Num: 136 Episode T: 1000 Reward: 4498.332
Total T: 137000 Episode Num: 137 Episode T: 1000 Reward: 4564.536
Total T: 138000 Episode Num: 138 Episode T: 1000 Reward: 4485.247
Total T: 139000 Episode Num: 139 Episode T: 1000 Reward: 4611.992
Total T: 140000 Episode Num: 140 Episode T: 1000 Reward: 4519.557
---------------------------------------
Evaluation over 10 episodes: 4519.743
---------------------------------------
Total T: 141000 Episode Num: 141 Episode T: 1000 Reward: 4542.819
Total T: 142000 Episode Num: 142 Episode T: 1000 Reward: 4500.042
Total T: 143000 Episode Num: 143 Episode T: 1000 Reward: 4686.187
Total T: 144000 Episode Num: 144 Episode T: 1000 Reward: 4571.026
Total T: 145000 Episode Num: 145 Episode T: 1000 Reward: 4529.117
---------------------------------------
Evaluation over 10 episodes: 4485.394
---------------------------------------
Total T: 146000 Episode Num: 146 Episode T: 1000 Reward: 4409.886
Total T: 147000 Episode Num: 147 Episode T: 1000 Reward: 4632.861
Total T: 148000 Episode Num: 148 Episode T: 1000 Reward: 4584.456
Total T: 149000 Episode Num: 149 Episode T: 1000 Reward: 4584.303
Total T: 150000 Episode Num: 150 Episode T: 1000 Reward: 4601.313
---------------------------------------
Evaluation over 10 episodes: 4667.029
---------------------------------------
Total T: 151000 Episode Num: 151 Episode T: 1000 Reward: 4566.552
Total T: 152000 Episode Num: 152 Episode T: 1000 Reward: 4681.737
Total T: 153000 Episode Num: 153 Episode T: 1000 Reward: 4691.015
Total T: 154000 Episode Num: 154 Episode T: 1000 Reward: 4513.121
Total T: 155000 Episode Num: 155 Episode T: 1000 Reward: 4583.057
---------------------------------------
Evaluation over 10 episodes: 4764.665
---------------------------------------
Total T: 156000 Episode Num: 156 Episode T: 1000 Reward: 4757.301
Total T: 157000 Episode Num: 157 Episode T: 1000 Reward: 4672.076
Total T: 158000 Episode Num: 158 Episode T: 1000 Reward: 4877.810
Total T: 159000 Episode Num: 159 Episode T: 1000 Reward: 4927.672
Total T: 160000 Episode Num: 160 Episode T: 1000 Reward: 4615.191
---------------------------------------
Evaluation over 10 episodes: 4665.732
---------------------------------------
Total T: 161000 Episode Num: 161 Episode T: 1000 Reward: 4849.468
Total T: 162000 Episode Num: 162 Episode T: 1000 Reward: 4762.724
Total T: 163000 Episode Num: 163 Episode T: 1000 Reward: 4683.533
Total T: 164000 Episode Num: 164 Episode T: 1000 Reward: 4679.869
Total T: 165000 Episode Num: 165 Episode T: 1000 Reward: 4855.181
---------------------------------------
Evaluation over 10 episodes: 4545.983
---------------------------------------
Total T: 166000 Episode Num: 166 Episode T: 1000 Reward: 4723.376
Total T: 167000 Episode Num: 167 Episode T: 1000 Reward: 4941.304
Total T: 168000 Episode Num: 168 Episode T: 1000 Reward: 4662.855
Total T: 169000 Episode Num: 169 Episode T: 1000 Reward: 4754.467
Total T: 170000 Episode Num: 170 Episode T: 1000 Reward: 4894.365
---------------------------------------
Evaluation over 10 episodes: 4657.950
---------------------------------------
Total T: 171000 Episode Num: 171 Episode T: 1000 Reward: 4702.787
Total T: 172000 Episode Num: 172 Episode T: 1000 Reward: 4734.444
Total T: 173000 Episode Num: 173 Episode T: 1000 Reward: 4681.636
Total T: 174000 Episode Num: 174 Episode T: 1000 Reward: 4884.804
Total T: 175000 Episode Num: 175 Episode T: 1000 Reward: 4796.354
---------------------------------------
Evaluation over 10 episodes: 4777.203
---------------------------------------
Total T: 176000 Episode Num: 176 Episode T: 1000 Reward: 4965.644
Total T: 177000 Episode Num: 177 Episode T: 1000 Reward: 4599.231
Total T: 178000 Episode Num: 178 Episode T: 1000 Reward: 4760.091
Total T: 179000 Episode Num: 179 Episode T: 1000 Reward: 4915.326
Total T: 180000 Episode Num: 180 Episode T: 1000 Reward: 4607.873
---------------------------------------
Evaluation over 10 episodes: 4770.301
---------------------------------------
Total T: 181000 Episode Num: 181 Episode T: 1000 Reward: 4705.599
Total T: 182000 Episode Num: 182 Episode T: 1000 Reward: 4867.646
Total T: 183000 Episode Num: 183 Episode T: 1000 Reward: 4794.730
Total T: 184000 Episode Num: 184 Episode T: 1000 Reward: 4820.397
Total T: 185000 Episode Num: 185 Episode T: 1000 Reward: 4819.981
---------------------------------------
Evaluation over 10 episodes: 4854.499
---------------------------------------
Total T: 186000 Episode Num: 186 Episode T: 1000 Reward: 4836.182
Total T: 187000 Episode Num: 187 Episode T: 1000 Reward: 5017.146
Total T: 188000 Episode Num: 188 Episode T: 1000 Reward: 4837.629
Total T: 189000 Episode Num: 189 Episode T: 1000 Reward: 4805.142
Total T: 190000 Episode Num: 190 Episode T: 1000 Reward: 4834.388
---------------------------------------
Evaluation over 10 episodes: 4884.575
---------------------------------------
Total T: 191000 Episode Num: 191 Episode T: 1000 Reward: 4776.397
Total T: 192000 Episode Num: 192 Episode T: 1000 Reward: 4867.619
Total T: 193000 Episode Num: 193 Episode T: 1000 Reward: 4850.062
Total T: 194000 Episode Num: 194 Episode T: 1000 Reward: 4702.896
Total T: 195000 Episode Num: 195 Episode T: 1000 Reward: 4751.788
---------------------------------------
Evaluation over 10 episodes: 4911.497
---------------------------------------
Total T: 196000 Episode Num: 196 Episode T: 1000 Reward: 5045.266
Total T: 197000 Episode Num: 197 Episode T: 1000 Reward: 4929.218
Total T: 198000 Episode Num: 198 Episode T: 1000 Reward: 4922.608
Total T: 199000 Episode Num: 199 Episode T: 1000 Reward: 4890.807
Total T: 200000 Episode Num: 200 Episode T: 1000 Reward: 4855.548
---------------------------------------
Evaluation over 10 episodes: 4899.055
---------------------------------------
Total T: 201000 Episode Num: 201 Episode T: 1000 Reward: 4926.053
Total T: 202000 Episode Num: 202 Episode T: 1000 Reward: 4751.165
Total T: 203000 Episode Num: 203 Episode T: 1000 Reward: 5005.513
Total T: 204000 Episode Num: 204 Episode T: 1000 Reward: 4915.710
Total T: 205000 Episode Num: 205 Episode T: 1000 Reward: 5012.404
---------------------------------------
Evaluation over 10 episodes: 4950.433
---------------------------------------
Total T: 206000 Episode Num: 206 Episode T: 1000 Reward: 4936.920
Total T: 207000 Episode Num: 207 Episode T: 1000 Reward: 4987.636
Total T: 208000 Episode Num: 208 Episode T: 1000 Reward: 5001.766
Total T: 209000 Episode Num: 209 Episode T: 1000 Reward: 4980.083
Total T: 210000 Episode Num: 210 Episode T: 1000 Reward: 4765.193
---------------------------------------
Evaluation over 10 episodes: 4863.883
---------------------------------------
Total T: 211000 Episode Num: 211 Episode T: 1000 Reward: 4751.719
Total T: 212000 Episode Num: 212 Episode T: 1000 Reward: 4851.037
Total T: 213000 Episode Num: 213 Episode T: 1000 Reward: 4721.091
Total T: 214000 Episode Num: 214 Episode T: 1000 Reward: 4926.715
Total T: 215000 Episode Num: 215 Episode T: 1000 Reward: 4938.344
---------------------------------------
Evaluation over 10 episodes: 4936.007
---------------------------------------
Total T: 216000 Episode Num: 216 Episode T: 1000 Reward: 4954.961
Total T: 217000 Episode Num: 217 Episode T: 1000 Reward: 4921.088
Total T: 218000 Episode Num: 218 Episode T: 1000 Reward: 4988.171
Total T: 219000 Episode Num: 219 Episode T: 1000 Reward: 4983.505
Total T: 220000 Episode Num: 220 Episode T: 1000 Reward: 5129.733
---------------------------------------
Evaluation over 10 episodes: 5035.171
---------------------------------------
Total T: 221000 Episode Num: 221 Episode T: 1000 Reward: 4911.218
Total T: 222000 Episode Num: 222 Episode T: 1000 Reward: 5193.843
Total T: 223000 Episode Num: 223 Episode T: 1000 Reward: 5051.107
Total T: 224000 Episode Num: 224 Episode T: 1000 Reward: 5152.120
Total T: 225000 Episode Num: 225 Episode T: 1000 Reward: 5058.429
---------------------------------------
Evaluation over 10 episodes: 5007.657
---------------------------------------
Total T: 226000 Episode Num: 226 Episode T: 1000 Reward: 4910.814
Total T: 227000 Episode Num: 227 Episode T: 1000 Reward: 5060.331
Total T: 228000 Episode Num: 228 Episode T: 1000 Reward: 5108.907
Total T: 229000 Episode Num: 229 Episode T: 1000 Reward: 5062.169
Total T: 230000 Episode Num: 230 Episode T: 1000 Reward: 4932.229
---------------------------------------
Evaluation over 10 episodes: 5113.387
---------------------------------------
Total T: 231000 Episode Num: 231 Episode T: 1000 Reward: 4988.625
Total T: 232000 Episode Num: 232 Episode T: 1000 Reward: 4907.055
Total T: 233000 Episode Num: 233 Episode T: 1000 Reward: 4991.872
Total T: 234000 Episode Num: 234 Episode T: 1000 Reward: 4817.516
Total T: 235000 Episode Num: 235 Episode T: 1000 Reward: 4984.925
---------------------------------------
Evaluation over 10 episodes: 4954.505
---------------------------------------
Total T: 236000 Episode Num: 236 Episode T: 1000 Reward: 5369.929
Total T: 237000 Episode Num: 237 Episode T: 1000 Reward: 5035.628
Total T: 238000 Episode Num: 238 Episode T: 1000 Reward: 5006.469
Total T: 239000 Episode Num: 239 Episode T: 1000 Reward: 4987.954
Total T: 240000 Episode Num: 240 Episode T: 1000 Reward: 5134.958
---------------------------------------
Evaluation over 10 episodes: 5154.010
---------------------------------------
Total T: 241000 Episode Num: 241 Episode T: 1000 Reward: 5091.765
Total T: 242000 Episode Num: 242 Episode T: 1000 Reward: 4986.238
Total T: 243000 Episode Num: 243 Episode T: 1000 Reward: 5022.991
Total T: 244000 Episode Num: 244 Episode T: 1000 Reward: 5092.498
Total T: 245000 Episode Num: 245 Episode T: 1000 Reward: 5248.041
---------------------------------------
Evaluation over 10 episodes: 5055.539
---------------------------------------
Total T: 246000 Episode Num: 246 Episode T: 1000 Reward: 5059.409
Total T: 247000 Episode Num: 247 Episode T: 1000 Reward: 4950.887
Total T: 248000 Episode Num: 248 Episode T: 1000 Reward: 4964.962
Total T: 249000 Episode Num: 249 Episode T: 1000 Reward: 5153.329
Total T: 250000 Episode Num: 250 Episode T: 1000 Reward: 5142.012
---------------------------------------
Evaluation over 10 episodes: 5144.908
---------------------------------------
Total T: 251000 Episode Num: 251 Episode T: 1000 Reward: 5016.632
Total T: 252000 Episode Num: 252 Episode T: 1000 Reward: 5253.098
Total T: 253000 Episode Num: 253 Episode T: 1000 Reward: 5198.157
Total T: 254000 Episode Num: 254 Episode T: 1000 Reward: 5051.635
Total T: 255000 Episode Num: 255 Episode T: 1000 Reward: 4898.781
---------------------------------------
Evaluation over 10 episodes: 5181.393
---------------------------------------
Total T: 256000 Episode Num: 256 Episode T: 1000 Reward: 4962.550
Total T: 257000 Episode Num: 257 Episode T: 1000 Reward: 5070.563
Total T: 258000 Episode Num: 258 Episode T: 1000 Reward: 5159.754
Total T: 259000 Episode Num: 259 Episode T: 1000 Reward: 5141.376
Total T: 260000 Episode Num: 260 Episode T: 1000 Reward: 5069.949
---------------------------------------
Evaluation over 10 episodes: 4686.385
---------------------------------------
Total T: 261000 Episode Num: 261 Episode T: 1000 Reward: 5221.074
Total T: 262000 Episode Num: 262 Episode T: 1000 Reward: 5310.859
Total T: 263000 Episode Num: 263 Episode T: 1000 Reward: 5113.803
Total T: 264000 Episode Num: 264 Episode T: 1000 Reward: 5114.264
Total T: 265000 Episode Num: 265 Episode T: 1000 Reward: 5007.292
---------------------------------------
Evaluation over 10 episodes: 5125.215
---------------------------------------
Total T: 266000 Episode Num: 266 Episode T: 1000 Reward: 5119.378
Total T: 267000 Episode Num: 267 Episode T: 1000 Reward: 5110.918
Total T: 268000 Episode Num: 268 Episode T: 1000 Reward: 5158.268
Total T: 269000 Episode Num: 269 Episode T: 1000 Reward: 5206.116
Total T: 270000 Episode Num: 270 Episode T: 1000 Reward: 5291.083
---------------------------------------
Evaluation over 10 episodes: 5261.664
---------------------------------------
Total T: 271000 Episode Num: 271 Episode T: 1000 Reward: 5098.333
Total T: 272000 Episode Num: 272 Episode T: 1000 Reward: 5133.881
Total T: 273000 Episode Num: 273 Episode T: 1000 Reward: 5473.010
Total T: 274000 Episode Num: 274 Episode T: 1000 Reward: 5157.700
Total T: 275000 Episode Num: 275 Episode T: 1000 Reward: 5201.765
---------------------------------------
Evaluation over 10 episodes: 5196.078
---------------------------------------
Total T: 276000 Episode Num: 276 Episode T: 1000 Reward: 5238.790
Total T: 277000 Episode Num: 277 Episode T: 1000 Reward: 5294.514
Total T: 278000 Episode Num: 278 Episode T: 1000 Reward: 5141.496
Total T: 279000 Episode Num: 279 Episode T: 1000 Reward: 5261.093
Total T: 280000 Episode Num: 280 Episode T: 1000 Reward: 5082.198
---------------------------------------
Evaluation over 10 episodes: 5259.944
---------------------------------------
Total T: 281000 Episode Num: 281 Episode T: 1000 Reward: 5107.479
Total T: 282000 Episode Num: 282 Episode T: 1000 Reward: 5181.715
Total T: 283000 Episode Num: 283 Episode T: 1000 Reward: 5338.804
Total T: 284000 Episode Num: 284 Episode T: 1000 Reward: 5075.008
Total T: 285000 Episode Num: 285 Episode T: 1000 Reward: 5424.916
---------------------------------------
Evaluation over 10 episodes: 5276.874
---------------------------------------
Total T: 286000 Episode Num: 286 Episode T: 1000 Reward: 5345.460
Total T: 287000 Episode Num: 287 Episode T: 1000 Reward: 5208.114
Total T: 288000 Episode Num: 288 Episode T: 1000 Reward: 5270.386
Total T: 289000 Episode Num: 289 Episode T: 1000 Reward: 5242.207
Total T: 290000 Episode Num: 290 Episode T: 1000 Reward: 5330.883
---------------------------------------
Evaluation over 10 episodes: 5361.022
---------------------------------------
Total T: 291000 Episode Num: 291 Episode T: 1000 Reward: 5313.015
Total T: 292000 Episode Num: 292 Episode T: 1000 Reward: 5197.023
Total T: 293000 Episode Num: 293 Episode T: 1000 Reward: 5247.459
Total T: 294000 Episode Num: 294 Episode T: 1000 Reward: 5248.257
Total T: 295000 Episode Num: 295 Episode T: 1000 Reward: 5181.347
---------------------------------------
Evaluation over 10 episodes: 5276.918
---------------------------------------
Total T: 296000 Episode Num: 296 Episode T: 1000 Reward: 5126.368
Total T: 297000 Episode Num: 297 Episode T: 1000 Reward: 1454.090
Total T: 298000 Episode Num: 298 Episode T: 1000 Reward: 5243.587
Total T: 299000 Episode Num: 299 Episode T: 1000 Reward: 5196.294
Total T: 300000 Episode Num: 300 Episode T: 1000 Reward: 5165.278
---------------------------------------
Evaluation over 10 episodes: 5257.447
---------------------------------------
Total T: 301000 Episode Num: 301 Episode T: 1000 Reward: 5251.572
Total T: 302000 Episode Num: 302 Episode T: 1000 Reward: 5375.838
Total T: 303000 Episode Num: 303 Episode T: 1000 Reward: 5218.219
Total T: 304000 Episode Num: 304 Episode T: 1000 Reward: 5273.667
Total T: 305000 Episode Num: 305 Episode T: 1000 Reward: 5362.083
---------------------------------------
Evaluation over 10 episodes: 5318.539
---------------------------------------
Total T: 306000 Episode Num: 306 Episode T: 1000 Reward: 5255.473
Total T: 307000 Episode Num: 307 Episode T: 1000 Reward: 5159.300
Total T: 308000 Episode Num: 308 Episode T: 1000 Reward: 5220.811
Total T: 309000 Episode Num: 309 Episode T: 1000 Reward: 5341.612
Total T: 310000 Episode Num: 310 Episode T: 1000 Reward: 5218.422
---------------------------------------
Evaluation over 10 episodes: 5251.565
---------------------------------------
Total T: 311000 Episode Num: 311 Episode T: 1000 Reward: 5340.511
Total T: 312000 Episode Num: 312 Episode T: 1000 Reward: 5217.206
Total T: 313000 Episode Num: 313 Episode T: 1000 Reward: 5406.732
Total T: 314000 Episode Num: 314 Episode T: 1000 Reward: 5305.656
Total T: 315000 Episode Num: 315 Episode T: 1000 Reward: 5336.615
---------------------------------------
Evaluation over 10 episodes: 5368.252
---------------------------------------
Total T: 316000 Episode Num: 316 Episode T: 1000 Reward: 5279.676
Total T: 317000 Episode Num: 317 Episode T: 1000 Reward: 5228.503
Total T: 318000 Episode Num: 318 Episode T: 1000 Reward: 5364.905
Total T: 319000 Episode Num: 319 Episode T: 1000 Reward: 5412.591
Total T: 320000 Episode Num: 320 Episode T: 1000 Reward: 5395.150
---------------------------------------
Evaluation over 10 episodes: 5322.504
---------------------------------------
Total T: 321000 Episode Num: 321 Episode T: 1000 Reward: 5178.384
Total T: 322000 Episode Num: 322 Episode T: 1000 Reward: 5329.969
Total T: 323000 Episode Num: 323 Episode T: 1000 Reward: 5182.577
Total T: 324000 Episode Num: 324 Episode T: 1000 Reward: 5346.068
Total T: 325000 Episode Num: 325 Episode T: 1000 Reward: 5373.749
---------------------------------------
Evaluation over 10 episodes: 5445.360
---------------------------------------
Total T: 326000 Episode Num: 326 Episode T: 1000 Reward: 5464.246
Total T: 327000 Episode Num: 327 Episode T: 1000 Reward: 5422.203
Total T: 328000 Episode Num: 328 Episode T: 1000 Reward: 5434.993
Total T: 329000 Episode Num: 329 Episode T: 1000 Reward: 5173.852
Total T: 330000 Episode Num: 330 Episode T: 1000 Reward: 5386.763
---------------------------------------
Evaluation over 10 episodes: 5417.054
---------------------------------------
Total T: 331000 Episode Num: 331 Episode T: 1000 Reward: 5494.102
Total T: 332000 Episode Num: 332 Episode T: 1000 Reward: 5329.410
Total T: 333000 Episode Num: 333 Episode T: 1000 Reward: 3598.456
Total T: 334000 Episode Num: 334 Episode T: 1000 Reward: 5302.734
Total T: 335000 Episode Num: 335 Episode T: 1000 Reward: 5479.736
---------------------------------------
Evaluation over 10 episodes: 5369.951
---------------------------------------
Total T: 336000 Episode Num: 336 Episode T: 1000 Reward: 5330.586
Total T: 337000 Episode Num: 337 Episode T: 1000 Reward: 5446.713
Total T: 338000 Episode Num: 338 Episode T: 1000 Reward: 5359.119
Total T: 339000 Episode Num: 339 Episode T: 1000 Reward: 5460.436
Total T: 340000 Episode Num: 340 Episode T: 1000 Reward: 5345.602
---------------------------------------
Evaluation over 10 episodes: 5457.845
---------------------------------------
Total T: 341000 Episode Num: 341 Episode T: 1000 Reward: 5276.055
Total T: 342000 Episode Num: 342 Episode T: 1000 Reward: 5496.015
Total T: 343000 Episode Num: 343 Episode T: 1000 Reward: 5490.205
Total T: 344000 Episode Num: 344 Episode T: 1000 Reward: 5450.992
Total T: 345000 Episode Num: 345 Episode T: 1000 Reward: 5400.496
---------------------------------------
Evaluation over 10 episodes: 5226.118
---------------------------------------
Total T: 346000 Episode Num: 346 Episode T: 1000 Reward: 5346.205
Total T: 347000 Episode Num: 347 Episode T: 1000 Reward: 5235.206
Total T: 348000 Episode Num: 348 Episode T: 1000 Reward: 5428.218
Total T: 349000 Episode Num: 349 Episode T: 1000 Reward: 5262.225
Total T: 350000 Episode Num: 350 Episode T: 1000 Reward: 5560.984
---------------------------------------
Evaluation over 10 episodes: 5453.278
---------------------------------------
Total T: 351000 Episode Num: 351 Episode T: 1000 Reward: 5314.443
Total T: 352000 Episode Num: 352 Episode T: 1000 Reward: 5502.684
Total T: 353000 Episode Num: 353 Episode T: 1000 Reward: 5514.658
Total T: 354000 Episode Num: 354 Episode T: 1000 Reward: 5318.535
Total T: 355000 Episode Num: 355 Episode T: 1000 Reward: 5314.397
---------------------------------------
Evaluation over 10 episodes: 5419.171
---------------------------------------
Total T: 356000 Episode Num: 356 Episode T: 1000 Reward: 5313.247
Total T: 357000 Episode Num: 357 Episode T: 1000 Reward: 5269.727
Total T: 358000 Episode Num: 358 Episode T: 1000 Reward: 5379.492
Total T: 359000 Episode Num: 359 Episode T: 1000 Reward: 5488.281
Total T: 360000 Episode Num: 360 Episode T: 1000 Reward: 5214.581
---------------------------------------
Evaluation over 10 episodes: 5473.790
---------------------------------------
Total T: 361000 Episode Num: 361 Episode T: 1000 Reward: 5516.907
Total T: 362000 Episode Num: 362 Episode T: 1000 Reward: 5332.777
Total T: 363000 Episode Num: 363 Episode T: 1000 Reward: 5183.962
Total T: 364000 Episode Num: 364 Episode T: 1000 Reward: 5383.797
Total T: 365000 Episode Num: 365 Episode T: 1000 Reward: 738.464
---------------------------------------
Evaluation over 10 episodes: 5317.354
---------------------------------------
Total T: 366000 Episode Num: 366 Episode T: 1000 Reward: 5459.008
Total T: 367000 Episode Num: 367 Episode T: 1000 Reward: 5572.102
Total T: 368000 Episode Num: 368 Episode T: 1000 Reward: 5258.138
Total T: 369000 Episode Num: 369 Episode T: 1000 Reward: 5546.179
Total T: 370000 Episode Num: 370 Episode T: 1000 Reward: 5399.205
---------------------------------------
Evaluation over 10 episodes: 5505.166
---------------------------------------
Total T: 371000 Episode Num: 371 Episode T: 1000 Reward: 5407.149
Total T: 372000 Episode Num: 372 Episode T: 1000 Reward: 5371.626
Total T: 373000 Episode Num: 373 Episode T: 1000 Reward: 5599.996
Total T: 374000 Episode Num: 374 Episode T: 1000 Reward: 5514.007
Total T: 375000 Episode Num: 375 Episode T: 1000 Reward: 5375.847
---------------------------------------
Evaluation over 10 episodes: 5390.651
---------------------------------------
Total T: 376000 Episode Num: 376 Episode T: 1000 Reward: 5293.403
Total T: 377000 Episode Num: 377 Episode T: 1000 Reward: 5322.188
Total T: 378000 Episode Num: 378 Episode T: 1000 Reward: 5327.908
Total T: 379000 Episode Num: 379 Episode T: 1000 Reward: 5315.196
Total T: 380000 Episode Num: 380 Episode T: 1000 Reward: 5523.031
---------------------------------------
Evaluation over 10 episodes: 5405.485
---------------------------------------
Total T: 381000 Episode Num: 381 Episode T: 1000 Reward: 5429.010
Total T: 382000 Episode Num: 382 Episode T: 1000 Reward: 5475.436
Total T: 383000 Episode Num: 383 Episode T: 1000 Reward: 5461.424
Total T: 384000 Episode Num: 384 Episode T: 1000 Reward: 5455.399
Total T: 385000 Episode Num: 385 Episode T: 1000 Reward: 5239.388
---------------------------------------
Evaluation over 10 episodes: 5423.300
---------------------------------------
Total T: 386000 Episode Num: 386 Episode T: 1000 Reward: 5555.832
Total T: 387000 Episode Num: 387 Episode T: 1000 Reward: 5425.350
Total T: 388000 Episode Num: 388 Episode T: 1000 Reward: 5404.939
Total T: 389000 Episode Num: 389 Episode T: 1000 Reward: 5561.068
Total T: 390000 Episode Num: 390 Episode T: 1000 Reward: 5493.047
---------------------------------------
Evaluation over 10 episodes: 5515.159
---------------------------------------
Total T: 391000 Episode Num: 391 Episode T: 1000 Reward: 5391.472
Total T: 392000 Episode Num: 392 Episode T: 1000 Reward: 5407.649
Total T: 393000 Episode Num: 393 Episode T: 1000 Reward: 5432.555
Total T: 394000 Episode Num: 394 Episode T: 1000 Reward: 5320.203
Total T: 395000 Episode Num: 395 Episode T: 1000 Reward: 5461.057
---------------------------------------
Evaluation over 10 episodes: 5403.389
---------------------------------------
Total T: 396000 Episode Num: 396 Episode T: 1000 Reward: 5487.427
Total T: 397000 Episode Num: 397 Episode T: 1000 Reward: 5491.700
Total T: 398000 Episode Num: 398 Episode T: 1000 Reward: 5453.395
Total T: 399000 Episode Num: 399 Episode T: 1000 Reward: 5456.167
Total T: 400000 Episode Num: 400 Episode T: 1000 Reward: 5528.756
---------------------------------------
Evaluation over 10 episodes: 5473.494
---------------------------------------
Total T: 401000 Episode Num: 401 Episode T: 1000 Reward: 5426.514
Total T: 402000 Episode Num: 402 Episode T: 1000 Reward: 5377.308
Total T: 403000 Episode Num: 403 Episode T: 1000 Reward: 5493.091
Total T: 404000 Episode Num: 404 Episode T: 1000 Reward: 5625.488
Total T: 405000 Episode Num: 405 Episode T: 1000 Reward: 5438.050
---------------------------------------
Evaluation over 10 episodes: 5508.044
---------------------------------------
Total T: 406000 Episode Num: 406 Episode T: 1000 Reward: 5534.033
Total T: 407000 Episode Num: 407 Episode T: 1000 Reward: 5585.020
Total T: 408000 Episode Num: 408 Episode T: 1000 Reward: 5565.609
Total T: 409000 Episode Num: 409 Episode T: 1000 Reward: 5507.817
Total T: 410000 Episode Num: 410 Episode T: 1000 Reward: 5321.784
---------------------------------------
Evaluation over 10 episodes: 5501.757
---------------------------------------
Total T: 411000 Episode Num: 411 Episode T: 1000 Reward: 5609.035
Total T: 412000 Episode Num: 412 Episode T: 1000 Reward: 5666.614
Total T: 413000 Episode Num: 413 Episode T: 1000 Reward: 5539.100
Total T: 414000 Episode Num: 414 Episode T: 1000 Reward: 5563.013
Total T: 415000 Episode Num: 415 Episode T: 1000 Reward: 5415.166
---------------------------------------
Evaluation over 10 episodes: 5391.340
---------------------------------------
Total T: 416000 Episode Num: 416 Episode T: 1000 Reward: 5422.745
Total T: 417000 Episode Num: 417 Episode T: 1000 Reward: 5293.022
Total T: 418000 Episode Num: 418 Episode T: 1000 Reward: 5254.016
Total T: 419000 Episode Num: 419 Episode T: 1000 Reward: 5566.706
Total T: 420000 Episode Num: 420 Episode T: 1000 Reward: 5408.928
---------------------------------------
Evaluation over 10 episodes: 5493.941
---------------------------------------
Total T: 421000 Episode Num: 421 Episode T: 1000 Reward: 5536.797
Total T: 422000 Episode Num: 422 Episode T: 1000 Reward: 5586.652
Total T: 423000 Episode Num: 423 Episode T: 1000 Reward: 5377.870
Total T: 424000 Episode Num: 424 Episode T: 1000 Reward: 5521.439
Total T: 425000 Episode Num: 425 Episode T: 1000 Reward: 5449.546
---------------------------------------
Evaluation over 10 episodes: 5508.356
---------------------------------------
Total T: 426000 Episode Num: 426 Episode T: 1000 Reward: 5465.148
Total T: 427000 Episode Num: 427 Episode T: 1000 Reward: 5283.889
Total T: 428000 Episode Num: 428 Episode T: 1000 Reward: 5430.804
Total T: 429000 Episode Num: 429 Episode T: 1000 Reward: 5501.974
Total T: 430000 Episode Num: 430 Episode T: 1000 Reward: 5458.536
---------------------------------------
Evaluation over 10 episodes: 5461.306
---------------------------------------
Total T: 431000 Episode Num: 431 Episode T: 1000 Reward: 5474.060
Total T: 432000 Episode Num: 432 Episode T: 1000 Reward: 5487.911
Total T: 433000 Episode Num: 433 Episode T: 1000 Reward: 5518.755
Total T: 434000 Episode Num: 434 Episode T: 1000 Reward: 5528.055
Total T: 435000 Episode Num: 435 Episode T: 1000 Reward: 5648.098
---------------------------------------
Evaluation over 10 episodes: 5498.878
---------------------------------------
Total T: 436000 Episode Num: 436 Episode T: 1000 Reward: 5432.145
Total T: 437000 Episode Num: 437 Episode T: 1000 Reward: 5349.012
Total T: 438000 Episode Num: 438 Episode T: 1000 Reward: 5307.489
Total T: 439000 Episode Num: 439 Episode T: 1000 Reward: 5457.363
Total T: 440000 Episode Num: 440 Episode T: 1000 Reward: 5434.086
---------------------------------------
Evaluation over 10 episodes: 5439.388
---------------------------------------
Total T: 441000 Episode Num: 441 Episode T: 1000 Reward: 5498.043
Total T: 442000 Episode Num: 442 Episode T: 1000 Reward: 5620.662
Total T: 443000 Episode Num: 443 Episode T: 1000 Reward: 5484.705
Total T: 444000 Episode Num: 444 Episode T: 1000 Reward: 5557.066
Total T: 445000 Episode Num: 445 Episode T: 1000 Reward: 5483.042
---------------------------------------
Evaluation over 10 episodes: 5473.157
---------------------------------------
Total T: 446000 Episode Num: 446 Episode T: 1000 Reward: 5555.356
Total T: 447000 Episode Num: 447 Episode T: 1000 Reward: 5523.089
Total T: 448000 Episode Num: 448 Episode T: 1000 Reward: 5514.647
Total T: 449000 Episode Num: 449 Episode T: 1000 Reward: 5469.312
Total T: 450000 Episode Num: 450 Episode T: 1000 Reward: 5455.406
---------------------------------------
Evaluation over 10 episodes: 5578.053
---------------------------------------
Total T: 451000 Episode Num: 451 Episode T: 1000 Reward: 5523.735
Total T: 452000 Episode Num: 452 Episode T: 1000 Reward: 5531.902
Total T: 453000 Episode Num: 453 Episode T: 1000 Reward: 5495.620
Total T: 454000 Episode Num: 454 Episode T: 1000 Reward: 5706.061
Total T: 455000 Episode Num: 455 Episode T: 1000 Reward: 5500.756
---------------------------------------
Evaluation over 10 episodes: 5579.576
---------------------------------------
Total T: 456000 Episode Num: 456 Episode T: 1000 Reward: 5451.517
Total T: 457000 Episode Num: 457 Episode T: 1000 Reward: 5622.730
Total T: 458000 Episode Num: 458 Episode T: 1000 Reward: 5696.370
Total T: 459000 Episode Num: 459 Episode T: 1000 Reward: 5533.711
Total T: 460000 Episode Num: 460 Episode T: 1000 Reward: 5545.850
---------------------------------------
Evaluation over 10 episodes: 5474.426
---------------------------------------
Total T: 461000 Episode Num: 461 Episode T: 1000 Reward: 5342.401
Total T: 462000 Episode Num: 462 Episode T: 1000 Reward: 5567.725
Total T: 463000 Episode Num: 463 Episode T: 1000 Reward: 5537.449
Total T: 464000 Episode Num: 464 Episode T: 1000 Reward: 5642.619
Total T: 465000 Episode Num: 465 Episode T: 1000 Reward: 5489.076
---------------------------------------
Evaluation over 10 episodes: 5546.716
---------------------------------------
Total T: 466000 Episode Num: 466 Episode T: 1000 Reward: 5534.020
Total T: 467000 Episode Num: 467 Episode T: 1000 Reward: 5685.664
Total T: 468000 Episode Num: 468 Episode T: 1000 Reward: 5710.409
Total T: 469000 Episode Num: 469 Episode T: 1000 Reward: 5468.217
Total T: 470000 Episode Num: 470 Episode T: 1000 Reward: 5685.118
---------------------------------------
Evaluation over 10 episodes: 5569.800
---------------------------------------
Total T: 471000 Episode Num: 471 Episode T: 1000 Reward: 5594.769
Total T: 472000 Episode Num: 472 Episode T: 1000 Reward: 5557.542
Total T: 473000 Episode Num: 473 Episode T: 1000 Reward: 5554.206
Total T: 474000 Episode Num: 474 Episode T: 1000 Reward: 5488.663
Total T: 475000 Episode Num: 475 Episode T: 1000 Reward: 5628.493
---------------------------------------
Evaluation over 10 episodes: 5555.479
---------------------------------------
Total T: 476000 Episode Num: 476 Episode T: 1000 Reward: 5451.671
Total T: 477000 Episode Num: 477 Episode T: 1000 Reward: 5524.543
Total T: 478000 Episode Num: 478 Episode T: 1000 Reward: 5609.588
Total T: 479000 Episode Num: 479 Episode T: 1000 Reward: 5516.956
Total T: 480000 Episode Num: 480 Episode T: 1000 Reward: 5640.286
---------------------------------------
Evaluation over 10 episodes: 5571.750
---------------------------------------
Total T: 481000 Episode Num: 481 Episode T: 1000 Reward: 5765.746
Total T: 482000 Episode Num: 482 Episode T: 1000 Reward: 5505.496
Total T: 483000 Episode Num: 483 Episode T: 1000 Reward: 5501.135
Total T: 484000 Episode Num: 484 Episode T: 1000 Reward: 5584.429
Total T: 485000 Episode Num: 485 Episode T: 1000 Reward: 5539.157
---------------------------------------
Evaluation over 10 episodes: 5584.953
---------------------------------------
Total T: 486000 Episode Num: 486 Episode T: 1000 Reward: 5488.922
Total T: 487000 Episode Num: 487 Episode T: 1000 Reward: 5591.172
Total T: 488000 Episode Num: 488 Episode T: 1000 Reward: 5479.468
Total T: 489000 Episode Num: 489 Episode T: 1000 Reward: 5559.511
Total T: 490000 Episode Num: 490 Episode T: 1000 Reward: 5555.152
---------------------------------------
Evaluation over 10 episodes: 5568.625
---------------------------------------
Total T: 491000 Episode Num: 491 Episode T: 1000 Reward: 5587.664
Total T: 492000 Episode Num: 492 Episode T: 1000 Reward: 5751.101
Total T: 493000 Episode Num: 493 Episode T: 1000 Reward: 5655.668
Total T: 494000 Episode Num: 494 Episode T: 1000 Reward: 5604.630
Total T: 495000 Episode Num: 495 Episode T: 1000 Reward: 5585.464
---------------------------------------
Evaluation over 10 episodes: 5585.492
---------------------------------------
Total T: 496000 Episode Num: 496 Episode T: 1000 Reward: 5290.677
Total T: 497000 Episode Num: 497 Episode T: 1000 Reward: 5571.556
Total T: 498000 Episode Num: 498 Episode T: 1000 Reward: 5461.932
Total T: 499000 Episode Num: 499 Episode T: 1000 Reward: 5583.448
Total T: 500000 Episode Num: 500 Episode T: 1000 Reward: 5455.264
---------------------------------------
Evaluation over 10 episodes: 5576.150
---------------------------------------
Total T: 501000 Episode Num: 501 Episode T: 1000 Reward: 5582.132
Total T: 502000 Episode Num: 502 Episode T: 1000 Reward: 5471.941
Total T: 503000 Episode Num: 503 Episode T: 1000 Reward: 5632.820
Total T: 504000 Episode Num: 504 Episode T: 1000 Reward: 5524.654
Total T: 505000 Episode Num: 505 Episode T: 1000 Reward: 5658.429
---------------------------------------
Evaluation over 10 episodes: 5582.553
---------------------------------------
Total T: 506000 Episode Num: 506 Episode T: 1000 Reward: 5867.273
Total T: 507000 Episode Num: 507 Episode T: 1000 Reward: 5405.845
Total T: 508000 Episode Num: 508 Episode T: 1000 Reward: 5594.105
Total T: 509000 Episode Num: 509 Episode T: 1000 Reward: 5766.035
Total T: 510000 Episode Num: 510 Episode T: 1000 Reward: 5654.027
---------------------------------------
Evaluation over 10 episodes: 5544.718
---------------------------------------
Total T: 511000 Episode Num: 511 Episode T: 1000 Reward: 5538.829
Total T: 512000 Episode Num: 512 Episode T: 1000 Reward: 5669.823
Total T: 513000 Episode Num: 513 Episode T: 1000 Reward: 5564.600
Total T: 514000 Episode Num: 514 Episode T: 1000 Reward: 5688.399
Total T: 515000 Episode Num: 515 Episode T: 1000 Reward: 5711.941
---------------------------------------
Evaluation over 10 episodes: 5591.678
---------------------------------------
Total T: 516000 Episode Num: 516 Episode T: 1000 Reward: 5579.178
Total T: 517000 Episode Num: 517 Episode T: 1000 Reward: 5647.051
Total T: 518000 Episode Num: 518 Episode T: 1000 Reward: 5691.443
Total T: 519000 Episode Num: 519 Episode T: 1000 Reward: 5410.734
Total T: 520000 Episode Num: 520 Episode T: 1000 Reward: 5576.260
---------------------------------------
Evaluation over 10 episodes: 5580.357
---------------------------------------
Total T: 521000 Episode Num: 521 Episode T: 1000 Reward: 5550.182
Total T: 522000 Episode Num: 522 Episode T: 1000 Reward: 5676.042
Total T: 523000 Episode Num: 523 Episode T: 1000 Reward: 5692.873
Total T: 524000 Episode Num: 524 Episode T: 1000 Reward: 5618.085
Total T: 525000 Episode Num: 525 Episode T: 1000 Reward: 5660.475
---------------------------------------
Evaluation over 10 episodes: 5649.911
---------------------------------------
Total T: 526000 Episode Num: 526 Episode T: 1000 Reward: 5721.840
Total T: 527000 Episode Num: 527 Episode T: 1000 Reward: 5733.250
Total T: 528000 Episode Num: 528 Episode T: 1000 Reward: 5620.101
Total T: 529000 Episode Num: 529 Episode T: 1000 Reward: 5443.512
Total T: 530000 Episode Num: 530 Episode T: 1000 Reward: 5611.801
---------------------------------------
Evaluation over 10 episodes: 5652.586
---------------------------------------
Total T: 531000 Episode Num: 531 Episode T: 1000 Reward: 5668.543
Total T: 532000 Episode Num: 532 Episode T: 1000 Reward: 5662.674
Total T: 533000 Episode Num: 533 Episode T: 1000 Reward: 5663.235
Total T: 534000 Episode Num: 534 Episode T: 1000 Reward: 5772.498
Total T: 535000 Episode Num: 535 Episode T: 1000 Reward: 5577.244
---------------------------------------
Evaluation over 10 episodes: 5668.701
---------------------------------------
Total T: 536000 Episode Num: 536 Episode T: 1000 Reward: 5597.399
Total T: 537000 Episode Num: 537 Episode T: 1000 Reward: 5699.542
Total T: 538000 Episode Num: 538 Episode T: 1000 Reward: 5830.444
Total T: 539000 Episode Num: 539 Episode T: 1000 Reward: 5818.810
Total T: 540000 Episode Num: 540 Episode T: 1000 Reward: 5688.558
---------------------------------------
Evaluation over 10 episodes: 5679.900
---------------------------------------
Total T: 541000 Episode Num: 541 Episode T: 1000 Reward: 5623.744
Total T: 542000 Episode Num: 542 Episode T: 1000 Reward: 5628.485
Total T: 543000 Episode Num: 543 Episode T: 1000 Reward: 5428.641
Total T: 544000 Episode Num: 544 Episode T: 1000 Reward: 5575.937
Total T: 545000 Episode Num: 545 Episode T: 1000 Reward: 5735.990
---------------------------------------
Evaluation over 10 episodes: 5664.585
---------------------------------------
Total T: 546000 Episode Num: 546 Episode T: 1000 Reward: 5891.837
Total T: 547000 Episode Num: 547 Episode T: 1000 Reward: 5677.658
Total T: 548000 Episode Num: 548 Episode T: 1000 Reward: 5581.340
Total T: 549000 Episode Num: 549 Episode T: 1000 Reward: 5693.570
Total T: 550000 Episode Num: 550 Episode T: 1000 Reward: 5733.593
---------------------------------------
Evaluation over 10 episodes: 5753.003
---------------------------------------
Total T: 551000 Episode Num: 551 Episode T: 1000 Reward: 5831.566
Total T: 552000 Episode Num: 552 Episode T: 1000 Reward: 5643.439
Total T: 553000 Episode Num: 553 Episode T: 1000 Reward: 5957.858
Total T: 554000 Episode Num: 554 Episode T: 1000 Reward: 5612.048
Total T: 555000 Episode Num: 555 Episode T: 1000 Reward: 5920.817
---------------------------------------
Evaluation over 10 episodes: 5653.678
---------------------------------------
Total T: 556000 Episode Num: 556 Episode T: 1000 Reward: 5577.200
Total T: 557000 Episode Num: 557 Episode T: 1000 Reward: 5731.470
Total T: 558000 Episode Num: 558 Episode T: 1000 Reward: 5521.618
Total T: 559000 Episode Num: 559 Episode T: 1000 Reward: 5603.615
Total T: 560000 Episode Num: 560 Episode T: 1000 Reward: 5736.542
---------------------------------------
Evaluation over 10 episodes: 5745.884
---------------------------------------
Total T: 561000 Episode Num: 561 Episode T: 1000 Reward: 5641.223
Total T: 562000 Episode Num: 562 Episode T: 1000 Reward: 5806.086
Total T: 563000 Episode Num: 563 Episode T: 1000 Reward: 5559.952
Total T: 564000 Episode Num: 564 Episode T: 1000 Reward: 5786.634
Total T: 565000 Episode Num: 565 Episode T: 1000 Reward: 5604.317
---------------------------------------
Evaluation over 10 episodes: 5721.909
---------------------------------------
Total T: 566000 Episode Num: 566 Episode T: 1000 Reward: 5744.971
Total T: 567000 Episode Num: 567 Episode T: 1000 Reward: 5829.649
Total T: 568000 Episode Num: 568 Episode T: 1000 Reward: 5730.389
Total T: 569000 Episode Num: 569 Episode T: 1000 Reward: 5794.260
Total T: 570000 Episode Num: 570 Episode T: 1000 Reward: 5829.410
---------------------------------------
Evaluation over 10 episodes: 5732.422
---------------------------------------
Total T: 571000 Episode Num: 571 Episode T: 1000 Reward: 5655.895
Total T: 572000 Episode Num: 572 Episode T: 1000 Reward: 5758.109
Total T: 573000 Episode Num: 573 Episode T: 1000 Reward: 5663.977
Total T: 574000 Episode Num: 574 Episode T: 1000 Reward: 5616.339
Total T: 575000 Episode Num: 575 Episode T: 1000 Reward: 5646.010
---------------------------------------
Evaluation over 10 episodes: 5745.165
---------------------------------------
Total T: 576000 Episode Num: 576 Episode T: 1000 Reward: 5601.720
Total T: 577000 Episode Num: 577 Episode T: 1000 Reward: 5845.810
Total T: 578000 Episode Num: 578 Episode T: 1000 Reward: 5780.872
Total T: 579000 Episode Num: 579 Episode T: 1000 Reward: 5823.040
Total T: 580000 Episode Num: 580 Episode T: 1000 Reward: 5870.584
---------------------------------------
Evaluation over 10 episodes: 5268.438
---------------------------------------
Total T: 581000 Episode Num: 581 Episode T: 1000 Reward: 5850.493
Total T: 582000 Episode Num: 582 Episode T: 1000 Reward: 5672.082
Total T: 583000 Episode Num: 583 Episode T: 1000 Reward: 5602.514
Total T: 584000 Episode Num: 584 Episode T: 1000 Reward: 5788.836
Total T: 585000 Episode Num: 585 Episode T: 1000 Reward: 5654.187
---------------------------------------
Evaluation over 10 episodes: 5729.745
---------------------------------------
Total T: 586000 Episode Num: 586 Episode T: 1000 Reward: 5812.814
Total T: 587000 Episode Num: 587 Episode T: 1000 Reward: 5565.075
Total T: 588000 Episode Num: 588 Episode T: 1000 Reward: 5814.071
Total T: 589000 Episode Num: 589 Episode T: 1000 Reward: 5887.805
Total T: 590000 Episode Num: 590 Episode T: 1000 Reward: 5702.789
---------------------------------------
Evaluation over 10 episodes: 5784.121
---------------------------------------
Total T: 591000 Episode Num: 591 Episode T: 1000 Reward: 5767.757
Total T: 592000 Episode Num: 592 Episode T: 1000 Reward: 5902.092
Total T: 593000 Episode Num: 593 Episode T: 1000 Reward: 5860.248
Total T: 594000 Episode Num: 594 Episode T: 1000 Reward: 5696.701
Total T: 595000 Episode Num: 595 Episode T: 1000 Reward: 5782.519
---------------------------------------
Evaluation over 10 episodes: 5895.027
---------------------------------------
Total T: 596000 Episode Num: 596 Episode T: 1000 Reward: 5877.855
Total T: 597000 Episode Num: 597 Episode T: 1000 Reward: 5680.594
Total T: 598000 Episode Num: 598 Episode T: 1000 Reward: 5793.387
Total T: 599000 Episode Num: 599 Episode T: 1000 Reward: 5813.084
Total T: 600000 Episode Num: 600 Episode T: 1000 Reward: 5752.043
---------------------------------------
Evaluation over 10 episodes: 5832.663
---------------------------------------
Total T: 601000 Episode Num: 601 Episode T: 1000 Reward: 5796.387
Total T: 602000 Episode Num: 602 Episode T: 1000 Reward: 6027.559
Total T: 603000 Episode Num: 603 Episode T: 1000 Reward: 5779.651
Total T: 604000 Episode Num: 604 Episode T: 1000 Reward: 5861.640
Total T: 605000 Episode Num: 605 Episode T: 1000 Reward: 5833.413
---------------------------------------
Evaluation over 10 episodes: 5825.233
---------------------------------------
Total T: 606000 Episode Num: 606 Episode T: 1000 Reward: 5792.362
Total T: 607000 Episode Num: 607 Episode T: 1000 Reward: 5753.503
Total T: 608000 Episode Num: 608 Episode T: 1000 Reward: 5834.661
Total T: 609000 Episode Num: 609 Episode T: 1000 Reward: 5831.397
Total T: 610000 Episode Num: 610 Episode T: 1000 Reward: 5819.800
---------------------------------------
Evaluation over 10 episodes: 5824.246
---------------------------------------
Total T: 611000 Episode Num: 611 Episode T: 1000 Reward: 5850.072
Total T: 612000 Episode Num: 612 Episode T: 1000 Reward: 5938.975
Total T: 613000 Episode Num: 613 Episode T: 1000 Reward: 5701.093
Total T: 614000 Episode Num: 614 Episode T: 1000 Reward: 5695.487
Total T: 615000 Episode Num: 615 Episode T: 1000 Reward: 5880.083
---------------------------------------
Evaluation over 10 episodes: 5860.860
---------------------------------------
Total T: 616000 Episode Num: 616 Episode T: 1000 Reward: 6005.314
Total T: 617000 Episode Num: 617 Episode T: 1000 Reward: 5956.814
Total T: 618000 Episode Num: 618 Episode T: 1000 Reward: 6005.836
Total T: 619000 Episode Num: 619 Episode T: 1000 Reward: 5857.000
Total T: 620000 Episode Num: 620 Episode T: 1000 Reward: 5896.846
---------------------------------------
Evaluation over 10 episodes: 5808.083
---------------------------------------
Total T: 621000 Episode Num: 621 Episode T: 1000 Reward: 5848.060
Total T: 622000 Episode Num: 622 Episode T: 1000 Reward: 5870.953
Total T: 623000 Episode Num: 623 Episode T: 1000 Reward: 6040.037
Total T: 624000 Episode Num: 624 Episode T: 1000 Reward: 5780.547
Total T: 625000 Episode Num: 625 Episode T: 1000 Reward: 5843.813
---------------------------------------
Evaluation over 10 episodes: 5772.681
---------------------------------------
Total T: 626000 Episode Num: 626 Episode T: 1000 Reward: 5759.329
Total T: 627000 Episode Num: 627 Episode T: 1000 Reward: 5840.928
Total T: 628000 Episode Num: 628 Episode T: 1000 Reward: 5769.625
Total T: 629000 Episode Num: 629 Episode T: 1000 Reward: 5875.132
Total T: 630000 Episode Num: 630 Episode T: 1000 Reward: 5800.538
---------------------------------------
Evaluation over 10 episodes: 5808.498
---------------------------------------
Total T: 631000 Episode Num: 631 Episode T: 1000 Reward: 5826.995
Total T: 632000 Episode Num: 632 Episode T: 1000 Reward: 5849.253
Total T: 633000 Episode Num: 633 Episode T: 1000 Reward: 5861.351
Total T: 634000 Episode Num: 634 Episode T: 1000 Reward: 6015.499
Total T: 635000 Episode Num: 635 Episode T: 1000 Reward: 5634.416
---------------------------------------
Evaluation over 10 episodes: 5916.387
---------------------------------------
Total T: 636000 Episode Num: 636 Episode T: 1000 Reward: 5740.207
Total T: 637000 Episode Num: 637 Episode T: 1000 Reward: 5957.609
Total T: 638000 Episode Num: 638 Episode T: 1000 Reward: 5942.519
Total T: 639000 Episode Num: 639 Episode T: 1000 Reward: 6054.607
Total T: 640000 Episode Num: 640 Episode T: 1000 Reward: 5911.868
---------------------------------------
Evaluation over 10 episodes: 5875.230
---------------------------------------
Total T: 641000 Episode Num: 641 Episode T: 1000 Reward: 5998.394
Total T: 642000 Episode Num: 642 Episode T: 1000 Reward: 5907.272
Total T: 643000 Episode Num: 643 Episode T: 1000 Reward: 5840.746
Total T: 644000 Episode Num: 644 Episode T: 1000 Reward: 6003.371
Total T: 645000 Episode Num: 645 Episode T: 1000 Reward: 5779.665
---------------------------------------
Evaluation over 10 episodes: 5877.285
---------------------------------------
Total T: 646000 Episode Num: 646 Episode T: 1000 Reward: 5950.069
Total T: 647000 Episode Num: 647 Episode T: 1000 Reward: 5869.468
Total T: 648000 Episode Num: 648 Episode T: 1000 Reward: 5925.361
Total T: 649000 Episode Num: 649 Episode T: 1000 Reward: 6017.250
Total T: 650000 Episode Num: 650 Episode T: 1000 Reward: 6012.695
---------------------------------------
Evaluation over 10 episodes: 5952.850
---------------------------------------
Total T: 651000 Episode Num: 651 Episode T: 1000 Reward: 5619.987
Total T: 652000 Episode Num: 652 Episode T: 1000 Reward: 5891.388
Total T: 653000 Episode Num: 653 Episode T: 1000 Reward: 6077.322
Total T: 654000 Episode Num: 654 Episode T: 1000 Reward: 5841.858
Total T: 655000 Episode Num: 655 Episode T: 1000 Reward: 6028.110
---------------------------------------
Evaluation over 10 episodes: 5726.820
---------------------------------------
Total T: 656000 Episode Num: 656 Episode T: 1000 Reward: 5773.306
Total T: 657000 Episode Num: 657 Episode T: 1000 Reward: 5830.695
Total T: 658000 Episode Num: 658 Episode T: 1000 Reward: 6027.261
Total T: 659000 Episode Num: 659 Episode T: 1000 Reward: 5964.861
Total T: 660000 Episode Num: 660 Episode T: 1000 Reward: 5896.321
---------------------------------------
Evaluation over 10 episodes: 5846.548
---------------------------------------
Total T: 661000 Episode Num: 661 Episode T: 1000 Reward: 5978.113
Total T: 662000 Episode Num: 662 Episode T: 1000 Reward: 5918.208
Total T: 663000 Episode Num: 663 Episode T: 1000 Reward: 5664.391
Total T: 664000 Episode Num: 664 Episode T: 1000 Reward: 5899.517
Total T: 665000 Episode Num: 665 Episode T: 1000 Reward: 6110.970
---------------------------------------
Evaluation over 10 episodes: 5914.703
---------------------------------------
Total T: 666000 Episode Num: 666 Episode T: 1000 Reward: 5977.503
Total T: 667000 Episode Num: 667 Episode T: 1000 Reward: 5926.457
Total T: 668000 Episode Num: 668 Episode T: 1000 Reward: 6065.015
Total T: 669000 Episode Num: 669 Episode T: 1000 Reward: 5837.257
Total T: 670000 Episode Num: 670 Episode T: 1000 Reward: 2331.746
---------------------------------------
Evaluation over 10 episodes: 5963.274
---------------------------------------
Total T: 671000 Episode Num: 671 Episode T: 1000 Reward: 6001.374
Total T: 672000 Episode Num: 672 Episode T: 1000 Reward: 6003.231
Total T: 673000 Episode Num: 673 Episode T: 1000 Reward: 5843.622
Total T: 674000 Episode Num: 674 Episode T: 1000 Reward: 5917.621
Total T: 675000 Episode Num: 675 Episode T: 1000 Reward: 5789.190
---------------------------------------
Evaluation over 10 episodes: 5937.059
---------------------------------------
Total T: 676000 Episode Num: 676 Episode T: 1000 Reward: 5922.302
Total T: 677000 Episode Num: 677 Episode T: 1000 Reward: 5908.587
Total T: 678000 Episode Num: 678 Episode T: 1000 Reward: 5965.354
Total T: 679000 Episode Num: 679 Episode T: 1000 Reward: 6048.103
Total T: 680000 Episode Num: 680 Episode T: 1000 Reward: 5971.736
---------------------------------------
Evaluation over 10 episodes: 5948.423
---------------------------------------
Total T: 681000 Episode Num: 681 Episode T: 1000 Reward: 5931.422
Total T: 682000 Episode Num: 682 Episode T: 1000 Reward: 5952.685
Total T: 683000 Episode Num: 683 Episode T: 1000 Reward: 6097.314
Total T: 684000 Episode Num: 684 Episode T: 1000 Reward: 5975.130
Total T: 685000 Episode Num: 685 Episode T: 1000 Reward: 5963.840
---------------------------------------
Evaluation over 10 episodes: 5917.323
---------------------------------------
Total T: 686000 Episode Num: 686 Episode T: 1000 Reward: 5977.212
Total T: 687000 Episode Num: 687 Episode T: 1000 Reward: 5810.861
Total T: 688000 Episode Num: 688 Episode T: 1000 Reward: 6093.543
Total T: 689000 Episode Num: 689 Episode T: 1000 Reward: 5965.929
Total T: 690000 Episode Num: 690 Episode T: 1000 Reward: 5866.671
---------------------------------------
Evaluation over 10 episodes: 5987.807
---------------------------------------
Total T: 691000 Episode Num: 691 Episode T: 1000 Reward: 5873.991
Total T: 692000 Episode Num: 692 Episode T: 1000 Reward: 5757.673
Total T: 693000 Episode Num: 693 Episode T: 1000 Reward: 5962.300
Total T: 694000 Episode Num: 694 Episode T: 1000 Reward: 6115.333
Total T: 695000 Episode Num: 695 Episode T: 1000 Reward: 5891.411
---------------------------------------
Evaluation over 10 episodes: 5425.822
---------------------------------------
Total T: 696000 Episode Num: 696 Episode T: 1000 Reward: 6068.330
Total T: 697000 Episode Num: 697 Episode T: 1000 Reward: 5884.307
Total T: 698000 Episode Num: 698 Episode T: 1000 Reward: 5966.777
Total T: 699000 Episode Num: 699 Episode T: 1000 Reward: 6041.983
Total T: 700000 Episode Num: 700 Episode T: 1000 Reward: 5861.396
---------------------------------------
Evaluation over 10 episodes: 5996.239
---------------------------------------
Total T: 701000 Episode Num: 701 Episode T: 1000 Reward: 5928.013
Total T: 702000 Episode Num: 702 Episode T: 1000 Reward: 5878.723
Total T: 703000 Episode Num: 703 Episode T: 1000 Reward: 5941.160
Total T: 704000 Episode Num: 704 Episode T: 1000 Reward: 5942.219
Total T: 705000 Episode Num: 705 Episode T: 1000 Reward: 5767.304
---------------------------------------
Evaluation over 10 episodes: 5939.574
---------------------------------------
Total T: 706000 Episode Num: 706 Episode T: 1000 Reward: 6001.919
Total T: 707000 Episode Num: 707 Episode T: 1000 Reward: 6090.988
Total T: 708000 Episode Num: 708 Episode T: 1000 Reward: 5962.870
Total T: 709000 Episode Num: 709 Episode T: 1000 Reward: 5819.689
Total T: 710000 Episode Num: 710 Episode T: 1000 Reward: 6028.401
---------------------------------------
Evaluation over 10 episodes: 5981.139
---------------------------------------
Total T: 711000 Episode Num: 711 Episode T: 1000 Reward: 5837.187
Total T: 712000 Episode Num: 712 Episode T: 1000 Reward: 5879.844
Total T: 713000 Episode Num: 713 Episode T: 1000 Reward: 5896.545
Total T: 714000 Episode Num: 714 Episode T: 1000 Reward: 6035.327
Total T: 715000 Episode Num: 715 Episode T: 1000 Reward: 6032.032
---------------------------------------
Evaluation over 10 episodes: 6035.249
---------------------------------------
Total T: 716000 Episode Num: 716 Episode T: 1000 Reward: 6012.966
Total T: 717000 Episode Num: 717 Episode T: 1000 Reward: 6069.781
Total T: 718000 Episode Num: 718 Episode T: 1000 Reward: 5963.081
Total T: 719000 Episode Num: 719 Episode T: 1000 Reward: 6060.287
Total T: 720000 Episode Num: 720 Episode T: 1000 Reward: 5932.093
---------------------------------------
Evaluation over 10 episodes: 6029.789
---------------------------------------
Total T: 721000 Episode Num: 721 Episode T: 1000 Reward: 5990.090
Total T: 722000 Episode Num: 722 Episode T: 1000 Reward: 5802.402
Total T: 723000 Episode Num: 723 Episode T: 1000 Reward: 5832.548
Total T: 724000 Episode Num: 724 Episode T: 1000 Reward: 5861.955
Total T: 725000 Episode Num: 725 Episode T: 1000 Reward: 6007.797
---------------------------------------
Evaluation over 10 episodes: 5981.768
---------------------------------------
Total T: 726000 Episode Num: 726 Episode T: 1000 Reward: 6101.346
Total T: 727000 Episode Num: 727 Episode T: 1000 Reward: 5880.258
Total T: 728000 Episode Num: 728 Episode T: 1000 Reward: 5963.783
Total T: 729000 Episode Num: 729 Episode T: 1000 Reward: 6143.233
Total T: 730000 Episode Num: 730 Episode T: 1000 Reward: 6081.725
---------------------------------------
Evaluation over 10 episodes: 6008.606
---------------------------------------
Total T: 731000 Episode Num: 731 Episode T: 1000 Reward: 6155.371
Total T: 732000 Episode Num: 732 Episode T: 1000 Reward: 5883.436
Total T: 733000 Episode Num: 733 Episode T: 1000 Reward: 6003.027
Total T: 734000 Episode Num: 734 Episode T: 1000 Reward: 5954.844
Total T: 735000 Episode Num: 735 Episode T: 1000 Reward: 6164.602
---------------------------------------
Evaluation over 10 episodes: 5930.669
---------------------------------------
Total T: 736000 Episode Num: 736 Episode T: 1000 Reward: 6085.244
Total T: 737000 Episode Num: 737 Episode T: 1000 Reward: 5952.798
Total T: 738000 Episode Num: 738 Episode T: 1000 Reward: 6112.959
Total T: 739000 Episode Num: 739 Episode T: 1000 Reward: 5872.305
Total T: 740000 Episode Num: 740 Episode T: 1000 Reward: 6162.253
---------------------------------------
Evaluation over 10 episodes: 6082.346
---------------------------------------
Total T: 741000 Episode Num: 741 Episode T: 1000 Reward: 5860.743
Total T: 742000 Episode Num: 742 Episode T: 1000 Reward: 6090.083
Total T: 743000 Episode Num: 743 Episode T: 1000 Reward: 6015.634
Total T: 744000 Episode Num: 744 Episode T: 1000 Reward: 6138.125
Total T: 745000 Episode Num: 745 Episode T: 1000 Reward: 5990.610
---------------------------------------
Evaluation over 10 episodes: 6057.245
---------------------------------------
Total T: 746000 Episode Num: 746 Episode T: 1000 Reward: 5971.427
Total T: 747000 Episode Num: 747 Episode T: 1000 Reward: 5986.210
Total T: 748000 Episode Num: 748 Episode T: 1000 Reward: 5867.007
Total T: 749000 Episode Num: 749 Episode T: 1000 Reward: 6090.871
Total T: 750000 Episode Num: 750 Episode T: 1000 Reward: 6041.198
---------------------------------------
Evaluation over 10 episodes: 6028.050
---------------------------------------
Total T: 751000 Episode Num: 751 Episode T: 1000 Reward: 5897.576
Total T: 752000 Episode Num: 752 Episode T: 1000 Reward: 5970.011
Total T: 753000 Episode Num: 753 Episode T: 1000 Reward: 5991.434
Total T: 754000 Episode Num: 754 Episode T: 1000 Reward: 6011.347
Total T: 755000 Episode Num: 755 Episode T: 1000 Reward: 6035.753
---------------------------------------
Evaluation over 10 episodes: 5994.931
---------------------------------------
Total T: 756000 Episode Num: 756 Episode T: 1000 Reward: 6153.747
Total T: 757000 Episode Num: 757 Episode T: 1000 Reward: 5964.175
Total T: 758000 Episode Num: 758 Episode T: 1000 Reward: 6148.426
Total T: 759000 Episode Num: 759 Episode T: 1000 Reward: 6080.173
Total T: 760000 Episode Num: 760 Episode T: 1000 Reward: 5959.845
---------------------------------------
Evaluation over 10 episodes: 6005.615
---------------------------------------
Total T: 761000 Episode Num: 761 Episode T: 1000 Reward: 6090.704
Total T: 762000 Episode Num: 762 Episode T: 1000 Reward: 6113.765
Total T: 763000 Episode Num: 763 Episode T: 1000 Reward: 5950.474
Total T: 764000 Episode Num: 764 Episode T: 1000 Reward: 5979.047
Total T: 765000 Episode Num: 765 Episode T: 1000 Reward: 6132.446
---------------------------------------
Evaluation over 10 episodes: 6018.508
---------------------------------------
Total T: 766000 Episode Num: 766 Episode T: 1000 Reward: 6092.028
Total T: 767000 Episode Num: 767 Episode T: 1000 Reward: 6141.482
Total T: 768000 Episode Num: 768 Episode T: 1000 Reward: 6006.878
Total T: 769000 Episode Num: 769 Episode T: 1000 Reward: 6041.453
Total T: 770000 Episode Num: 770 Episode T: 1000 Reward: 6143.711
---------------------------------------
Evaluation over 10 episodes: 6105.595
---------------------------------------
Total T: 771000 Episode Num: 771 Episode T: 1000 Reward: 6204.596
Total T: 772000 Episode Num: 772 Episode T: 1000 Reward: 5963.182
Total T: 773000 Episode Num: 773 Episode T: 1000 Reward: 6169.741
Total T: 774000 Episode Num: 774 Episode T: 1000 Reward: 6169.901
Total T: 775000 Episode Num: 775 Episode T: 1000 Reward: 5923.713
---------------------------------------
Evaluation over 10 episodes: 5974.851
---------------------------------------
Total T: 776000 Episode Num: 776 Episode T: 1000 Reward: 6120.058
Total T: 777000 Episode Num: 777 Episode T: 1000 Reward: 6169.605
Total T: 778000 Episode Num: 778 Episode T: 1000 Reward: 6129.759
Total T: 779000 Episode Num: 779 Episode T: 1000 Reward: 6079.370
Total T: 780000 Episode Num: 780 Episode T: 1000 Reward: 6024.145
---------------------------------------
Evaluation over 10 episodes: 6066.376
---------------------------------------
Total T: 781000 Episode Num: 781 Episode T: 1000 Reward: 6083.304
Total T: 782000 Episode Num: 782 Episode T: 1000 Reward: 5993.084
Total T: 783000 Episode Num: 783 Episode T: 1000 Reward: 6203.565
Total T: 784000 Episode Num: 784 Episode T: 1000 Reward: 6187.947
Total T: 785000 Episode Num: 785 Episode T: 1000 Reward: 6055.462
---------------------------------------
Evaluation over 10 episodes: 6109.821
---------------------------------------
Total T: 786000 Episode Num: 786 Episode T: 1000 Reward: 5877.460
Total T: 787000 Episode Num: 787 Episode T: 1000 Reward: 6046.717
Total T: 788000 Episode Num: 788 Episode T: 1000 Reward: 6027.364
Total T: 789000 Episode Num: 789 Episode T: 1000 Reward: 6130.610
Total T: 790000 Episode Num: 790 Episode T: 1000 Reward: 6216.793
---------------------------------------
Evaluation over 10 episodes: 6060.465
---------------------------------------
Total T: 791000 Episode Num: 791 Episode T: 1000 Reward: 6044.589
Total T: 792000 Episode Num: 792 Episode T: 1000 Reward: 5846.896
Total T: 793000 Episode Num: 793 Episode T: 1000 Reward: 6060.032
Total T: 794000 Episode Num: 794 Episode T: 1000 Reward: 6024.638
Total T: 795000 Episode Num: 795 Episode T: 1000 Reward: 5880.084
---------------------------------------
Evaluation over 10 episodes: 6105.647
---------------------------------------
Total T: 796000 Episode Num: 796 Episode T: 1000 Reward: 5942.731
Total T: 797000 Episode Num: 797 Episode T: 1000 Reward: 6241.282
Total T: 798000 Episode Num: 798 Episode T: 1000 Reward: 6170.173
Total T: 799000 Episode Num: 799 Episode T: 1000 Reward: 6172.145
Total T: 800000 Episode Num: 800 Episode T: 1000 Reward: 6169.346
---------------------------------------
Evaluation over 10 episodes: 6091.873
---------------------------------------
Total T: 801000 Episode Num: 801 Episode T: 1000 Reward: 6088.971
Total T: 802000 Episode Num: 802 Episode T: 1000 Reward: 6173.042
Total T: 803000 Episode Num: 803 Episode T: 1000 Reward: 6123.102
Total T: 804000 Episode Num: 804 Episode T: 1000 Reward: 6024.888
Total T: 805000 Episode Num: 805 Episode T: 1000 Reward: 6035.427
---------------------------------------
Evaluation over 10 episodes: 6099.248
---------------------------------------
Total T: 806000 Episode Num: 806 Episode T: 1000 Reward: 6245.191
Total T: 807000 Episode Num: 807 Episode T: 1000 Reward: 6003.324
Total T: 808000 Episode Num: 808 Episode T: 1000 Reward: 6116.765
Total T: 809000 Episode Num: 809 Episode T: 1000 Reward: 5951.423
Total T: 810000 Episode Num: 810 Episode T: 1000 Reward: 6186.147
---------------------------------------
Evaluation over 10 episodes: 6112.615
---------------------------------------
Total T: 811000 Episode Num: 811 Episode T: 1000 Reward: 6156.408
Total T: 812000 Episode Num: 812 Episode T: 1000 Reward: 6112.207
Total T: 813000 Episode Num: 813 Episode T: 1000 Reward: 6066.287
Total T: 814000 Episode Num: 814 Episode T: 1000 Reward: 6230.689
Total T: 815000 Episode Num: 815 Episode T: 1000 Reward: 5965.438
---------------------------------------
Evaluation over 10 episodes: 6069.602
---------------------------------------
Total T: 816000 Episode Num: 816 Episode T: 1000 Reward: 6232.867
Total T: 817000 Episode Num: 817 Episode T: 1000 Reward: 6053.706
Total T: 818000 Episode Num: 818 Episode T: 1000 Reward: 6166.771
Total T: 819000 Episode Num: 819 Episode T: 1000 Reward: 6207.591
Total T: 820000 Episode Num: 820 Episode T: 1000 Reward: 6179.543
---------------------------------------
Evaluation over 10 episodes: 6026.703
---------------------------------------
Total T: 821000 Episode Num: 821 Episode T: 1000 Reward: 5967.608
Total T: 822000 Episode Num: 822 Episode T: 1000 Reward: 6132.199
Total T: 823000 Episode Num: 823 Episode T: 1000 Reward: 6204.452
Total T: 824000 Episode Num: 824 Episode T: 1000 Reward: 6100.886
Total T: 825000 Episode Num: 825 Episode T: 1000 Reward: 6029.843
---------------------------------------
Evaluation over 10 episodes: 6222.784
---------------------------------------
Total T: 826000 Episode Num: 826 Episode T: 1000 Reward: 6026.250
Total T: 827000 Episode Num: 827 Episode T: 1000 Reward: 6143.102
Total T: 828000 Episode Num: 828 Episode T: 1000 Reward: 5934.336
Total T: 829000 Episode Num: 829 Episode T: 1000 Reward: 5987.914
Total T: 830000 Episode Num: 830 Episode T: 1000 Reward: 5943.856
---------------------------------------
Evaluation over 10 episodes: 6172.255
---------------------------------------
Total T: 831000 Episode Num: 831 Episode T: 1000 Reward: 6153.947
Total T: 832000 Episode Num: 832 Episode T: 1000 Reward: 6033.538
Total T: 833000 Episode Num: 833 Episode T: 1000 Reward: 6127.627
Total T: 834000 Episode Num: 834 Episode T: 1000 Reward: 6269.839
Total T: 835000 Episode Num: 835 Episode T: 1000 Reward: 6000.441
---------------------------------------
Evaluation over 10 episodes: 6209.044
---------------------------------------
Total T: 836000 Episode Num: 836 Episode T: 1000 Reward: 6236.329
Total T: 837000 Episode Num: 837 Episode T: 1000 Reward: 6189.395
Total T: 838000 Episode Num: 838 Episode T: 1000 Reward: 6183.506
Total T: 839000 Episode Num: 839 Episode T: 1000 Reward: 6209.059
Total T: 840000 Episode Num: 840 Episode T: 1000 Reward: 6063.515
---------------------------------------
Evaluation over 10 episodes: 6159.337
---------------------------------------
Total T: 841000 Episode Num: 841 Episode T: 1000 Reward: 5875.784
Total T: 842000 Episode Num: 842 Episode T: 1000 Reward: 5987.065
Total T: 843000 Episode Num: 843 Episode T: 1000 Reward: 6173.707
Total T: 844000 Episode Num: 844 Episode T: 1000 Reward: 6367.437
Total T: 845000 Episode Num: 845 Episode T: 1000 Reward: 5942.305
---------------------------------------
Evaluation over 10 episodes: 6122.864
---------------------------------------
Total T: 846000 Episode Num: 846 Episode T: 1000 Reward: 6139.425
Total T: 847000 Episode Num: 847 Episode T: 1000 Reward: 6252.727
Total T: 848000 Episode Num: 848 Episode T: 1000 Reward: 6265.957
Total T: 849000 Episode Num: 849 Episode T: 1000 Reward: 6272.923
Total T: 850000 Episode Num: 850 Episode T: 1000 Reward: 6031.715
---------------------------------------
Evaluation over 10 episodes: 6167.912
---------------------------------------
Total T: 851000 Episode Num: 851 Episode T: 1000 Reward: 6213.671
Total T: 852000 Episode Num: 852 Episode T: 1000 Reward: 6306.169
Total T: 853000 Episode Num: 853 Episode T: 1000 Reward: 6087.018
Total T: 854000 Episode Num: 854 Episode T: 1000 Reward: 6204.195
Total T: 855000 Episode Num: 855 Episode T: 1000 Reward: 6292.340
---------------------------------------
Evaluation over 10 episodes: 6196.058
---------------------------------------
Total T: 856000 Episode Num: 856 Episode T: 1000 Reward: 6154.342
Total T: 857000 Episode Num: 857 Episode T: 1000 Reward: 6224.125
Total T: 858000 Episode Num: 858 Episode T: 1000 Reward: 6261.714
Total T: 859000 Episode Num: 859 Episode T: 1000 Reward: 6104.221
Total T: 860000 Episode Num: 860 Episode T: 1000 Reward: 6077.484
---------------------------------------
Evaluation over 10 episodes: 6223.082
---------------------------------------
Total T: 861000 Episode Num: 861 Episode T: 1000 Reward: 6296.229
Total T: 862000 Episode Num: 862 Episode T: 1000 Reward: 6280.190
Total T: 863000 Episode Num: 863 Episode T: 1000 Reward: 6076.988
Total T: 864000 Episode Num: 864 Episode T: 1000 Reward: 6143.056
Total T: 865000 Episode Num: 865 Episode T: 1000 Reward: 6123.384
---------------------------------------
Evaluation over 10 episodes: 6161.703
---------------------------------------
Total T: 866000 Episode Num: 866 Episode T: 1000 Reward: 6209.416
Total T: 867000 Episode Num: 867 Episode T: 1000 Reward: 6069.111
Total T: 868000 Episode Num: 868 Episode T: 1000 Reward: 6046.875
Total T: 869000 Episode Num: 869 Episode T: 1000 Reward: 6168.041
Total T: 870000 Episode Num: 870 Episode T: 1000 Reward: 6018.452
---------------------------------------
Evaluation over 10 episodes: 6192.890
---------------------------------------
Total T: 871000 Episode Num: 871 Episode T: 1000 Reward: 6265.104
Total T: 872000 Episode Num: 872 Episode T: 1000 Reward: 6202.997
Total T: 873000 Episode Num: 873 Episode T: 1000 Reward: 6129.696
Total T: 874000 Episode Num: 874 Episode T: 1000 Reward: 6128.517
Total T: 875000 Episode Num: 875 Episode T: 1000 Reward: 6091.948
---------------------------------------
Evaluation over 10 episodes: 6081.459
---------------------------------------
Total T: 876000 Episode Num: 876 Episode T: 1000 Reward: 6080.316
Total T: 877000 Episode Num: 877 Episode T: 1000 Reward: 6343.892
Total T: 878000 Episode Num: 878 Episode T: 1000 Reward: 6242.056
Total T: 879000 Episode Num: 879 Episode T: 1000 Reward: 6257.160
Total T: 880000 Episode Num: 880 Episode T: 1000 Reward: 6171.812
---------------------------------------
Evaluation over 10 episodes: 6219.668
---------------------------------------
Total T: 881000 Episode Num: 881 Episode T: 1000 Reward: 6263.411
Total T: 882000 Episode Num: 882 Episode T: 1000 Reward: 6316.174
Total T: 883000 Episode Num: 883 Episode T: 1000 Reward: 6301.334
Total T: 884000 Episode Num: 884 Episode T: 1000 Reward: 6204.453
Total T: 885000 Episode Num: 885 Episode T: 1000 Reward: 6209.693
---------------------------------------
Evaluation over 10 episodes: 6214.958
---------------------------------------
Total T: 886000 Episode Num: 886 Episode T: 1000 Reward: 6168.458
Total T: 887000 Episode Num: 887 Episode T: 1000 Reward: 6293.204
Total T: 888000 Episode Num: 888 Episode T: 1000 Reward: 6202.690
Total T: 889000 Episode Num: 889 Episode T: 1000 Reward: 6169.470
Total T: 890000 Episode Num: 890 Episode T: 1000 Reward: 6071.315
---------------------------------------
Evaluation over 10 episodes: 6179.544
---------------------------------------
Total T: 891000 Episode Num: 891 Episode T: 1000 Reward: 6109.847
Total T: 892000 Episode Num: 892 Episode T: 1000 Reward: 6129.948
Total T: 893000 Episode Num: 893 Episode T: 1000 Reward: 6222.754
Total T: 894000 Episode Num: 894 Episode T: 1000 Reward: 6227.221
Total T: 895000 Episode Num: 895 Episode T: 1000 Reward: 6203.404
---------------------------------------
Evaluation over 10 episodes: 6203.344
---------------------------------------
Total T: 896000 Episode Num: 896 Episode T: 1000 Reward: 6263.021
Total T: 897000 Episode Num: 897 Episode T: 1000 Reward: 6218.188
Total T: 898000 Episode Num: 898 Episode T: 1000 Reward: 6272.358
Total T: 899000 Episode Num: 899 Episode T: 1000 Reward: 6427.104
Total T: 900000 Episode Num: 900 Episode T: 1000 Reward: 6037.623
---------------------------------------
Evaluation over 10 episodes: 6234.354
---------------------------------------
Total T: 901000 Episode Num: 901 Episode T: 1000 Reward: 6170.189
Total T: 902000 Episode Num: 902 Episode T: 1000 Reward: 6150.190
Total T: 903000 Episode Num: 903 Episode T: 1000 Reward: 6176.091
Total T: 904000 Episode Num: 904 Episode T: 1000 Reward: 6277.346
Total T: 905000 Episode Num: 905 Episode T: 1000 Reward: 6225.869
---------------------------------------
Evaluation over 10 episodes: 6164.300
---------------------------------------
Total T: 906000 Episode Num: 906 Episode T: 1000 Reward: 6173.224
Total T: 907000 Episode Num: 907 Episode T: 1000 Reward: 6281.263
Total T: 908000 Episode Num: 908 Episode T: 1000 Reward: 6359.641
Total T: 909000 Episode Num: 909 Episode T: 1000 Reward: 6073.492
Total T: 910000 Episode Num: 910 Episode T: 1000 Reward: 6103.374
---------------------------------------
Evaluation over 10 episodes: 6222.654
---------------------------------------
Total T: 911000 Episode Num: 911 Episode T: 1000 Reward: 6132.111
Total T: 912000 Episode Num: 912 Episode T: 1000 Reward: 6413.962
Total T: 913000 Episode Num: 913 Episode T: 1000 Reward: 6294.876
Total T: 914000 Episode Num: 914 Episode T: 1000 Reward: 6204.977
Total T: 915000 Episode Num: 915 Episode T: 1000 Reward: 6210.023
---------------------------------------
Evaluation over 10 episodes: 6203.874
---------------------------------------
Total T: 916000 Episode Num: 916 Episode T: 1000 Reward: 6166.430
Total T: 917000 Episode Num: 917 Episode T: 1000 Reward: 6239.419
Total T: 918000 Episode Num: 918 Episode T: 1000 Reward: 6325.944
Total T: 919000 Episode Num: 919 Episode T: 1000 Reward: 6184.551
Total T: 920000 Episode Num: 920 Episode T: 1000 Reward: 6290.538
---------------------------------------
Evaluation over 10 episodes: 6240.116
---------------------------------------
Total T: 921000 Episode Num: 921 Episode T: 1000 Reward: 6313.853
Total T: 922000 Episode Num: 922 Episode T: 1000 Reward: 6305.638
Total T: 923000 Episode Num: 923 Episode T: 1000 Reward: 6234.716
Total T: 924000 Episode Num: 924 Episode T: 1000 Reward: 6115.795
Total T: 925000 Episode Num: 925 Episode T: 1000 Reward: 6038.392
---------------------------------------
Evaluation over 10 episodes: 6223.657
---------------------------------------
Total T: 926000 Episode Num: 926 Episode T: 1000 Reward: 6358.412
Total T: 927000 Episode Num: 927 Episode T: 1000 Reward: 6266.418
Total T: 928000 Episode Num: 928 Episode T: 1000 Reward: 6260.213
Total T: 929000 Episode Num: 929 Episode T: 1000 Reward: 6192.787
Total T: 930000 Episode Num: 930 Episode T: 1000 Reward: 6374.780
---------------------------------------
Evaluation over 10 episodes: 6235.207
---------------------------------------
Total T: 931000 Episode Num: 931 Episode T: 1000 Reward: 6156.391
Total T: 932000 Episode Num: 932 Episode T: 1000 Reward: 6096.373
Total T: 933000 Episode Num: 933 Episode T: 1000 Reward: 6187.032
Total T: 934000 Episode Num: 934 Episode T: 1000 Reward: 6353.792
Total T: 935000 Episode Num: 935 Episode T: 1000 Reward: 6162.851
---------------------------------------
Evaluation over 10 episodes: 6241.811
---------------------------------------
Total T: 936000 Episode Num: 936 Episode T: 1000 Reward: 6156.026
Total T: 937000 Episode Num: 937 Episode T: 1000 Reward: 6377.106
Total T: 938000 Episode Num: 938 Episode T: 1000 Reward: 6486.281
Total T: 939000 Episode Num: 939 Episode T: 1000 Reward: 6241.044
Total T: 940000 Episode Num: 940 Episode T: 1000 Reward: 6348.433
---------------------------------------
Evaluation over 10 episodes: 6219.432
---------------------------------------
Total T: 941000 Episode Num: 941 Episode T: 1000 Reward: 6271.479
Total T: 942000 Episode Num: 942 Episode T: 1000 Reward: 6320.862
Total T: 943000 Episode Num: 943 Episode T: 1000 Reward: 6237.144
Total T: 944000 Episode Num: 944 Episode T: 1000 Reward: 6321.025
Total T: 945000 Episode Num: 945 Episode T: 1000 Reward: 6187.777
---------------------------------------
Evaluation over 10 episodes: 6219.505
---------------------------------------
Total T: 946000 Episode Num: 946 Episode T: 1000 Reward: 6097.304
Total T: 947000 Episode Num: 947 Episode T: 1000 Reward: 6139.703
Total T: 948000 Episode Num: 948 Episode T: 1000 Reward: 6059.428
Total T: 949000 Episode Num: 949 Episode T: 1000 Reward: 6329.502
Total T: 950000 Episode Num: 950 Episode T: 1000 Reward: 6233.080
---------------------------------------
Evaluation over 10 episodes: 6254.148
---------------------------------------
Total T: 951000 Episode Num: 951 Episode T: 1000 Reward: 6313.180
Total T: 952000 Episode Num: 952 Episode T: 1000 Reward: 6234.480
Total T: 953000 Episode Num: 953 Episode T: 1000 Reward: 6263.809
Total T: 954000 Episode Num: 954 Episode T: 1000 Reward: 6409.134
Total T: 955000 Episode Num: 955 Episode T: 1000 Reward: 4954.871
---------------------------------------
Evaluation over 10 episodes: 6348.399
---------------------------------------
Total T: 956000 Episode Num: 956 Episode T: 1000 Reward: 6343.623
Total T: 957000 Episode Num: 957 Episode T: 1000 Reward: 6343.653
Total T: 958000 Episode Num: 958 Episode T: 1000 Reward: 6207.865
Total T: 959000 Episode Num: 959 Episode T: 1000 Reward: 6277.547
Total T: 960000 Episode Num: 960 Episode T: 1000 Reward: 6186.191
---------------------------------------
Evaluation over 10 episodes: 6252.468
---------------------------------------
Total T: 961000 Episode Num: 961 Episode T: 1000 Reward: 6330.704
Total T: 962000 Episode Num: 962 Episode T: 1000 Reward: 6187.739
Total T: 963000 Episode Num: 963 Episode T: 1000 Reward: 6142.999
Total T: 964000 Episode Num: 964 Episode T: 1000 Reward: 6172.520
Total T: 965000 Episode Num: 965 Episode T: 1000 Reward: 6225.978
---------------------------------------
Evaluation over 10 episodes: 6301.045
---------------------------------------
Total T: 966000 Episode Num: 966 Episode T: 1000 Reward: 6280.006
Total T: 967000 Episode Num: 967 Episode T: 1000 Reward: 6327.330
Total T: 968000 Episode Num: 968 Episode T: 1000 Reward: 6256.219
Total T: 969000 Episode Num: 969 Episode T: 1000 Reward: 6424.823
Total T: 970000 Episode Num: 970 Episode T: 1000 Reward: 6084.392
---------------------------------------
Evaluation over 10 episodes: 6232.037
---------------------------------------
Total T: 971000 Episode Num: 971 Episode T: 1000 Reward: 6457.219
Total T: 972000 Episode Num: 972 Episode T: 1000 Reward: 6258.303
Total T: 973000 Episode Num: 973 Episode T: 1000 Reward: 6342.670
Total T: 974000 Episode Num: 974 Episode T: 1000 Reward: 6204.658
Total T: 975000 Episode Num: 975 Episode T: 1000 Reward: 6303.799
---------------------------------------
Evaluation over 10 episodes: 6322.467
---------------------------------------
Total T: 976000 Episode Num: 976 Episode T: 1000 Reward: 6089.115
Total T: 977000 Episode Num: 977 Episode T: 1000 Reward: 6243.734
Total T: 978000 Episode Num: 978 Episode T: 1000 Reward: 6331.629
Total T: 979000 Episode Num: 979 Episode T: 1000 Reward: 6202.150
Total T: 980000 Episode Num: 980 Episode T: 1000 Reward: 6226.296
---------------------------------------
Evaluation over 10 episodes: 6295.340
---------------------------------------
Total T: 981000 Episode Num: 981 Episode T: 1000 Reward: 6347.087
Total T: 982000 Episode Num: 982 Episode T: 1000 Reward: 6318.862
Total T: 983000 Episode Num: 983 Episode T: 1000 Reward: 6253.977
Total T: 984000 Episode Num: 984 Episode T: 1000 Reward: 6258.777
Total T: 985000 Episode Num: 985 Episode T: 1000 Reward: 6259.944
---------------------------------------
Evaluation over 10 episodes: 6254.262
---------------------------------------
Total T: 986000 Episode Num: 986 Episode T: 1000 Reward: 6135.966
Total T: 987000 Episode Num: 987 Episode T: 1000 Reward: 6210.550
Total T: 988000 Episode Num: 988 Episode T: 1000 Reward: 6413.676
Total T: 989000 Episode Num: 989 Episode T: 1000 Reward: 6195.606
Total T: 990000 Episode Num: 990 Episode T: 1000 Reward: 6144.069
---------------------------------------
Evaluation over 10 episodes: 6332.779
---------------------------------------
Total T: 991000 Episode Num: 991 Episode T: 1000 Reward: 6288.408
Total T: 992000 Episode Num: 992 Episode T: 1000 Reward: 6248.406
Total T: 993000 Episode Num: 993 Episode T: 1000 Reward: 6231.065
Total T: 994000 Episode Num: 994 Episode T: 1000 Reward: 6218.437
Total T: 995000 Episode Num: 995 Episode T: 1000 Reward: 6320.714
---------------------------------------
Evaluation over 10 episodes: 6398.075
---------------------------------------
Total T: 996000 Episode Num: 996 Episode T: 1000 Reward: 6355.418
Total T: 997000 Episode Num: 997 Episode T: 1000 Reward: 6268.873
Total T: 998000 Episode Num: 998 Episode T: 1000 Reward: 6263.452
Total T: 999000 Episode Num: 999 Episode T: 1000 Reward: 6346.274
Total T: 1000000 Episode Num: 1000 Episode T: 1000 Reward: 6509.786
---------------------------------------
Evaluation over 10 episodes: 6311.121
---------------------------------------
