---------------------------------------
Policy: TD3, Env: HalfCheetah-v2, Seed: 0
---------------------------------------
---------------------------------------
Evaluation over 10 episodes: -0.925
---------------------------------------
Total T: 1000 Episode Num: 1 Episode T: 1000 Reward: -234.438
Total T: 2000 Episode Num: 2 Episode T: 1000 Reward: -220.643
Total T: 3000 Episode Num: 3 Episode T: 1000 Reward: -280.614
Total T: 4000 Episode Num: 4 Episode T: 1000 Reward: -272.297
Total T: 5000 Episode Num: 5 Episode T: 1000 Reward: -196.265
---------------------------------------
Evaluation over 10 episodes: -0.908
---------------------------------------
Total T: 6000 Episode Num: 6 Episode T: 1000 Reward: -264.674
Total T: 7000 Episode Num: 7 Episode T: 1000 Reward: -147.714
Total T: 8000 Episode Num: 8 Episode T: 1000 Reward: -279.150
Total T: 9000 Episode Num: 9 Episode T: 1000 Reward: -274.467
Total T: 10000 Episode Num: 10 Episode T: 1000 Reward: -335.736
---------------------------------------
Evaluation over 10 episodes: -0.908
---------------------------------------
Total T: 11000 Episode Num: 11 Episode T: 1000 Reward: -387.544
Total T: 12000 Episode Num: 12 Episode T: 1000 Reward: -309.792
Total T: 13000 Episode Num: 13 Episode T: 1000 Reward: -347.561
Total T: 14000 Episode Num: 14 Episode T: 1000 Reward: -339.782
Total T: 15000 Episode Num: 15 Episode T: 1000 Reward: -262.422
---------------------------------------
Evaluation over 10 episodes: -0.917
---------------------------------------
Total T: 16000 Episode Num: 16 Episode T: 1000 Reward: -260.442
Total T: 17000 Episode Num: 17 Episode T: 1000 Reward: -223.941
Total T: 18000 Episode Num: 18 Episode T: 1000 Reward: -237.843
Total T: 19000 Episode Num: 19 Episode T: 1000 Reward: -333.271
Total T: 20000 Episode Num: 20 Episode T: 1000 Reward: -229.687
---------------------------------------
Evaluation over 10 episodes: -0.886
---------------------------------------
Total T: 21000 Episode Num: 21 Episode T: 1000 Reward: -205.704
Total T: 22000 Episode Num: 22 Episode T: 1000 Reward: -187.703
Total T: 23000 Episode Num: 23 Episode T: 1000 Reward: -240.336
Total T: 24000 Episode Num: 24 Episode T: 1000 Reward: -405.614
Total T: 25000 Episode Num: 25 Episode T: 1000 Reward: -404.679
---------------------------------------
Evaluation over 10 episodes: -0.873
---------------------------------------
Total T: 26000 Episode Num: 26 Episode T: 1000 Reward: -127.738
Total T: 27000 Episode Num: 27 Episode T: 1000 Reward: -148.047
Total T: 28000 Episode Num: 28 Episode T: 1000 Reward: -174.610
Total T: 29000 Episode Num: 29 Episode T: 1000 Reward: -178.801
Total T: 30000 Episode Num: 30 Episode T: 1000 Reward: -359.454
---------------------------------------
Evaluation over 10 episodes: -408.903
---------------------------------------
Total T: 31000 Episode Num: 31 Episode T: 1000 Reward: -373.252
Total T: 32000 Episode Num: 32 Episode T: 1000 Reward: -235.635
Total T: 33000 Episode Num: 33 Episode T: 1000 Reward: -496.326
Total T: 34000 Episode Num: 34 Episode T: 1000 Reward: -482.298
Total T: 35000 Episode Num: 35 Episode T: 1000 Reward: -233.505
---------------------------------------
Evaluation over 10 episodes: -101.092
---------------------------------------
Total T: 36000 Episode Num: 36 Episode T: 1000 Reward: -143.360
Total T: 37000 Episode Num: 37 Episode T: 1000 Reward: 140.670
Total T: 38000 Episode Num: 38 Episode T: 1000 Reward: 473.387
Total T: 39000 Episode Num: 39 Episode T: 1000 Reward: 1004.502
Total T: 40000 Episode Num: 40 Episode T: 1000 Reward: 239.209
---------------------------------------
Evaluation over 10 episodes: 1188.499
---------------------------------------
Total T: 41000 Episode Num: 41 Episode T: 1000 Reward: 1271.492
Total T: 42000 Episode Num: 42 Episode T: 1000 Reward: 1446.071
Total T: 43000 Episode Num: 43 Episode T: 1000 Reward: 1680.109
Total T: 44000 Episode Num: 44 Episode T: 1000 Reward: 1335.035
Total T: 45000 Episode Num: 45 Episode T: 1000 Reward: 1478.260
---------------------------------------
Evaluation over 10 episodes: 1785.536
---------------------------------------
Total T: 46000 Episode Num: 46 Episode T: 1000 Reward: 1089.324
Total T: 47000 Episode Num: 47 Episode T: 1000 Reward: 2075.319
Total T: 48000 Episode Num: 48 Episode T: 1000 Reward: 2106.767
Total T: 49000 Episode Num: 49 Episode T: 1000 Reward: 1730.559
Total T: 50000 Episode Num: 50 Episode T: 1000 Reward: 1377.959
---------------------------------------
Evaluation over 10 episodes: 2199.529
---------------------------------------
Total T: 51000 Episode Num: 51 Episode T: 1000 Reward: 2222.104
Total T: 52000 Episode Num: 52 Episode T: 1000 Reward: 2353.736
Total T: 53000 Episode Num: 53 Episode T: 1000 Reward: 2182.389
Total T: 54000 Episode Num: 54 Episode T: 1000 Reward: 1792.017
Total T: 55000 Episode Num: 55 Episode T: 1000 Reward: 2294.947
---------------------------------------
Evaluation over 10 episodes: 2333.721
---------------------------------------
Total T: 56000 Episode Num: 56 Episode T: 1000 Reward: 2114.731
Total T: 57000 Episode Num: 57 Episode T: 1000 Reward: 2435.277
Total T: 58000 Episode Num: 58 Episode T: 1000 Reward: 2181.661
Total T: 59000 Episode Num: 59 Episode T: 1000 Reward: 2561.978
Total T: 60000 Episode Num: 60 Episode T: 1000 Reward: 2520.959
---------------------------------------
Evaluation over 10 episodes: 2630.710
---------------------------------------
Total T: 61000 Episode Num: 61 Episode T: 1000 Reward: 2307.559
Total T: 62000 Episode Num: 62 Episode T: 1000 Reward: 2462.704
Total T: 63000 Episode Num: 63 Episode T: 1000 Reward: 2717.205
Total T: 64000 Episode Num: 64 Episode T: 1000 Reward: 2651.115
Total T: 65000 Episode Num: 65 Episode T: 1000 Reward: 2544.805
---------------------------------------
Evaluation over 10 episodes: 2791.972
---------------------------------------
Total T: 66000 Episode Num: 66 Episode T: 1000 Reward: 2835.405
Total T: 67000 Episode Num: 67 Episode T: 1000 Reward: 2714.631
Total T: 68000 Episode Num: 68 Episode T: 1000 Reward: 3051.816
Total T: 69000 Episode Num: 69 Episode T: 1000 Reward: 2907.985
Total T: 70000 Episode Num: 70 Episode T: 1000 Reward: 3056.041
---------------------------------------
Evaluation over 10 episodes: 2949.961
---------------------------------------
Total T: 71000 Episode Num: 71 Episode T: 1000 Reward: 3047.230
Total T: 72000 Episode Num: 72 Episode T: 1000 Reward: 61.105
Total T: 73000 Episode Num: 73 Episode T: 1000 Reward: 2952.321
Total T: 74000 Episode Num: 74 Episode T: 1000 Reward: 3333.520
Total T: 75000 Episode Num: 75 Episode T: 1000 Reward: 3246.644
---------------------------------------
Evaluation over 10 episodes: 3250.689
---------------------------------------
Total T: 76000 Episode Num: 76 Episode T: 1000 Reward: 3292.450
Total T: 77000 Episode Num: 77 Episode T: 1000 Reward: 3506.893
Total T: 78000 Episode Num: 78 Episode T: 1000 Reward: 3300.506
Total T: 79000 Episode Num: 79 Episode T: 1000 Reward: 3371.286
Total T: 80000 Episode Num: 80 Episode T: 1000 Reward: 3334.708
---------------------------------------
Evaluation over 10 episodes: 3478.251
---------------------------------------
Total T: 81000 Episode Num: 81 Episode T: 1000 Reward: 3305.252
Total T: 82000 Episode Num: 82 Episode T: 1000 Reward: 3239.189
Total T: 83000 Episode Num: 83 Episode T: 1000 Reward: 3322.361
Total T: 84000 Episode Num: 84 Episode T: 1000 Reward: 3272.055
Total T: 85000 Episode Num: 85 Episode T: 1000 Reward: 3031.480
---------------------------------------
Evaluation over 10 episodes: 3563.705
---------------------------------------
Total T: 86000 Episode Num: 86 Episode T: 1000 Reward: 3243.885
Total T: 87000 Episode Num: 87 Episode T: 1000 Reward: 3359.231
Total T: 88000 Episode Num: 88 Episode T: 1000 Reward: 3518.551
Total T: 89000 Episode Num: 89 Episode T: 1000 Reward: 3310.803
Total T: 90000 Episode Num: 90 Episode T: 1000 Reward: 3343.058
---------------------------------------
Evaluation over 10 episodes: 3480.168
---------------------------------------
Total T: 91000 Episode Num: 91 Episode T: 1000 Reward: 3559.927
Total T: 92000 Episode Num: 92 Episode T: 1000 Reward: 3160.754
Total T: 93000 Episode Num: 93 Episode T: 1000 Reward: 3554.870
Total T: 94000 Episode Num: 94 Episode T: 1000 Reward: 3482.604
Total T: 95000 Episode Num: 95 Episode T: 1000 Reward: 3788.130
---------------------------------------
Evaluation over 10 episodes: 3677.205
---------------------------------------
Total T: 96000 Episode Num: 96 Episode T: 1000 Reward: 3649.904
Total T: 97000 Episode Num: 97 Episode T: 1000 Reward: 3678.505
Total T: 98000 Episode Num: 98 Episode T: 1000 Reward: 3482.898
Total T: 99000 Episode Num: 99 Episode T: 1000 Reward: 3425.471
Total T: 100000 Episode Num: 100 Episode T: 1000 Reward: 3622.651
---------------------------------------
Evaluation over 10 episodes: 3571.083
---------------------------------------
Total T: 101000 Episode Num: 101 Episode T: 1000 Reward: 3656.844
Total T: 102000 Episode Num: 102 Episode T: 1000 Reward: 3788.285
Total T: 103000 Episode Num: 103 Episode T: 1000 Reward: 3637.611
Total T: 104000 Episode Num: 104 Episode T: 1000 Reward: 3875.435
Total T: 105000 Episode Num: 105 Episode T: 1000 Reward: 3592.061
---------------------------------------
Evaluation over 10 episodes: 2854.424
---------------------------------------
Total T: 106000 Episode Num: 106 Episode T: 1000 Reward: 3308.715
Total T: 107000 Episode Num: 107 Episode T: 1000 Reward: 3476.710
Total T: 108000 Episode Num: 108 Episode T: 1000 Reward: 3384.405
Total T: 109000 Episode Num: 109 Episode T: 1000 Reward: 3384.920
Total T: 110000 Episode Num: 110 Episode T: 1000 Reward: 3625.487
---------------------------------------
Evaluation over 10 episodes: 3172.553
---------------------------------------
Total T: 111000 Episode Num: 111 Episode T: 1000 Reward: 3574.539
Total T: 112000 Episode Num: 112 Episode T: 1000 Reward: 3576.727
Total T: 113000 Episode Num: 113 Episode T: 1000 Reward: 3532.805
Total T: 114000 Episode Num: 114 Episode T: 1000 Reward: 3347.087
Total T: 115000 Episode Num: 115 Episode T: 1000 Reward: 3393.263
---------------------------------------
Evaluation over 10 episodes: 3591.467
---------------------------------------
Total T: 116000 Episode Num: 116 Episode T: 1000 Reward: 3463.999
Total T: 117000 Episode Num: 117 Episode T: 1000 Reward: 3540.756
Total T: 118000 Episode Num: 118 Episode T: 1000 Reward: 3594.747
Total T: 119000 Episode Num: 119 Episode T: 1000 Reward: 3499.210
Total T: 120000 Episode Num: 120 Episode T: 1000 Reward: 3529.856
---------------------------------------
Evaluation over 10 episodes: 3709.854
---------------------------------------
Total T: 121000 Episode Num: 121 Episode T: 1000 Reward: 3572.196
Total T: 122000 Episode Num: 122 Episode T: 1000 Reward: 3690.080
Total T: 123000 Episode Num: 123 Episode T: 1000 Reward: 3627.891
Total T: 124000 Episode Num: 124 Episode T: 1000 Reward: 3682.792
Total T: 125000 Episode Num: 125 Episode T: 1000 Reward: 3713.929
---------------------------------------
Evaluation over 10 episodes: 3679.130
---------------------------------------
Total T: 126000 Episode Num: 126 Episode T: 1000 Reward: 3680.578
Total T: 127000 Episode Num: 127 Episode T: 1000 Reward: 3715.777
Total T: 128000 Episode Num: 128 Episode T: 1000 Reward: 3860.270
Total T: 129000 Episode Num: 129 Episode T: 1000 Reward: 3854.728
Total T: 130000 Episode Num: 130 Episode T: 1000 Reward: 3734.726
---------------------------------------
Evaluation over 10 episodes: 3411.782
---------------------------------------
Total T: 131000 Episode Num: 131 Episode T: 1000 Reward: 3955.307
Total T: 132000 Episode Num: 132 Episode T: 1000 Reward: 3834.830
Total T: 133000 Episode Num: 133 Episode T: 1000 Reward: 3976.582
Total T: 134000 Episode Num: 134 Episode T: 1000 Reward: 3916.379
Total T: 135000 Episode Num: 135 Episode T: 1000 Reward: 3919.543
---------------------------------------
Evaluation over 10 episodes: 3888.824
---------------------------------------
Total T: 136000 Episode Num: 136 Episode T: 1000 Reward: 3866.226
Total T: 137000 Episode Num: 137 Episode T: 1000 Reward: 3958.321
Total T: 138000 Episode Num: 138 Episode T: 1000 Reward: 3893.511
Total T: 139000 Episode Num: 139 Episode T: 1000 Reward: 4128.366
Total T: 140000 Episode Num: 140 Episode T: 1000 Reward: 3932.271
---------------------------------------
Evaluation over 10 episodes: 3637.320
---------------------------------------
Total T: 141000 Episode Num: 141 Episode T: 1000 Reward: 4066.662
Total T: 142000 Episode Num: 142 Episode T: 1000 Reward: 3958.240
Total T: 143000 Episode Num: 143 Episode T: 1000 Reward: 3954.691
Total T: 144000 Episode Num: 144 Episode T: 1000 Reward: 3997.823
Total T: 145000 Episode Num: 145 Episode T: 1000 Reward: 4100.332
---------------------------------------
Evaluation over 10 episodes: 3638.879
---------------------------------------
Total T: 146000 Episode Num: 146 Episode T: 1000 Reward: 4030.670
Total T: 147000 Episode Num: 147 Episode T: 1000 Reward: 3956.347
Total T: 148000 Episode Num: 148 Episode T: 1000 Reward: 4076.986
Total T: 149000 Episode Num: 149 Episode T: 1000 Reward: 4047.543
Total T: 150000 Episode Num: 150 Episode T: 1000 Reward: 4035.191
---------------------------------------
Evaluation over 10 episodes: 4154.264
---------------------------------------
Total T: 151000 Episode Num: 151 Episode T: 1000 Reward: 4058.934
Total T: 152000 Episode Num: 152 Episode T: 1000 Reward: 4099.965
Total T: 153000 Episode Num: 153 Episode T: 1000 Reward: 4043.791
Total T: 154000 Episode Num: 154 Episode T: 1000 Reward: 4152.989
Total T: 155000 Episode Num: 155 Episode T: 1000 Reward: 4050.115
---------------------------------------
Evaluation over 10 episodes: 3957.279
---------------------------------------
Total T: 156000 Episode Num: 156 Episode T: 1000 Reward: 4239.913
Total T: 157000 Episode Num: 157 Episode T: 1000 Reward: 4159.768
Total T: 158000 Episode Num: 158 Episode T: 1000 Reward: 4081.821
Total T: 159000 Episode Num: 159 Episode T: 1000 Reward: 4116.073
Total T: 160000 Episode Num: 160 Episode T: 1000 Reward: 4218.751
---------------------------------------
Evaluation over 10 episodes: 4007.510
---------------------------------------
Total T: 161000 Episode Num: 161 Episode T: 1000 Reward: 4115.293
Total T: 162000 Episode Num: 162 Episode T: 1000 Reward: 4156.233
Total T: 163000 Episode Num: 163 Episode T: 1000 Reward: 4102.458
Total T: 164000 Episode Num: 164 Episode T: 1000 Reward: 4202.843
Total T: 165000 Episode Num: 165 Episode T: 1000 Reward: 4212.158
---------------------------------------
Evaluation over 10 episodes: 4277.173
---------------------------------------
Total T: 166000 Episode Num: 166 Episode T: 1000 Reward: 4223.643
Total T: 167000 Episode Num: 167 Episode T: 1000 Reward: 4171.310
Total T: 168000 Episode Num: 168 Episode T: 1000 Reward: 4121.507
Total T: 169000 Episode Num: 169 Episode T: 1000 Reward: 4258.057
Total T: 170000 Episode Num: 170 Episode T: 1000 Reward: 4163.058
---------------------------------------
Evaluation over 10 episodes: 4108.379
---------------------------------------
Total T: 171000 Episode Num: 171 Episode T: 1000 Reward: 4235.909
Total T: 172000 Episode Num: 172 Episode T: 1000 Reward: 4190.014
Total T: 173000 Episode Num: 173 Episode T: 1000 Reward: 4111.389
Total T: 174000 Episode Num: 174 Episode T: 1000 Reward: 4163.247
Total T: 175000 Episode Num: 175 Episode T: 1000 Reward: 4310.290
---------------------------------------
Evaluation over 10 episodes: 3999.321
---------------------------------------
Total T: 176000 Episode Num: 176 Episode T: 1000 Reward: 4302.399
Total T: 177000 Episode Num: 177 Episode T: 1000 Reward: 4147.377
Total T: 178000 Episode Num: 178 Episode T: 1000 Reward: 4115.863
Total T: 179000 Episode Num: 179 Episode T: 1000 Reward: 4189.786
Total T: 180000 Episode Num: 180 Episode T: 1000 Reward: 4250.021
---------------------------------------
Evaluation over 10 episodes: 4067.844
---------------------------------------
Total T: 181000 Episode Num: 181 Episode T: 1000 Reward: 4152.961
Total T: 182000 Episode Num: 182 Episode T: 1000 Reward: 4252.085
Total T: 183000 Episode Num: 183 Episode T: 1000 Reward: 4251.385
Total T: 184000 Episode Num: 184 Episode T: 1000 Reward: 4137.378
Total T: 185000 Episode Num: 185 Episode T: 1000 Reward: 4231.342
---------------------------------------
Evaluation over 10 episodes: 4098.229
---------------------------------------
Total T: 186000 Episode Num: 186 Episode T: 1000 Reward: 4161.996
Total T: 187000 Episode Num: 187 Episode T: 1000 Reward: 4310.488
Total T: 188000 Episode Num: 188 Episode T: 1000 Reward: 4215.640
Total T: 189000 Episode Num: 189 Episode T: 1000 Reward: 4162.029
Total T: 190000 Episode Num: 190 Episode T: 1000 Reward: 4197.998
---------------------------------------
Evaluation over 10 episodes: 4304.993
---------------------------------------
Total T: 191000 Episode Num: 191 Episode T: 1000 Reward: 4112.239
Total T: 192000 Episode Num: 192 Episode T: 1000 Reward: 4224.182
Total T: 193000 Episode Num: 193 Episode T: 1000 Reward: 4258.569
Total T: 194000 Episode Num: 194 Episode T: 1000 Reward: 4192.557
Total T: 195000 Episode Num: 195 Episode T: 1000 Reward: 4298.503
---------------------------------------
Evaluation over 10 episodes: 4445.700
---------------------------------------
Total T: 196000 Episode Num: 196 Episode T: 1000 Reward: 4142.286
Total T: 197000 Episode Num: 197 Episode T: 1000 Reward: 4257.087
Total T: 198000 Episode Num: 198 Episode T: 1000 Reward: 4219.166
Total T: 199000 Episode Num: 199 Episode T: 1000 Reward: 4284.870
Total T: 200000 Episode Num: 200 Episode T: 1000 Reward: 4325.327
---------------------------------------
Evaluation over 10 episodes: 4463.157
---------------------------------------
Total T: 201000 Episode Num: 201 Episode T: 1000 Reward: 4097.336
Total T: 202000 Episode Num: 202 Episode T: 1000 Reward: 4407.608
Total T: 203000 Episode Num: 203 Episode T: 1000 Reward: 4184.839
Total T: 204000 Episode Num: 204 Episode T: 1000 Reward: 4278.856
Total T: 205000 Episode Num: 205 Episode T: 1000 Reward: 4423.489
---------------------------------------
Evaluation over 10 episodes: 4080.564
---------------------------------------
Total T: 206000 Episode Num: 206 Episode T: 1000 Reward: 4245.400
Total T: 207000 Episode Num: 207 Episode T: 1000 Reward: 4277.328
Total T: 208000 Episode Num: 208 Episode T: 1000 Reward: 4355.662
Total T: 209000 Episode Num: 209 Episode T: 1000 Reward: 4335.776
Total T: 210000 Episode Num: 210 Episode T: 1000 Reward: 4328.630
---------------------------------------
Evaluation over 10 episodes: 3946.012
---------------------------------------
Total T: 211000 Episode Num: 211 Episode T: 1000 Reward: 4373.676
Total T: 212000 Episode Num: 212 Episode T: 1000 Reward: 4390.859
Total T: 213000 Episode Num: 213 Episode T: 1000 Reward: 4342.586
Total T: 214000 Episode Num: 214 Episode T: 1000 Reward: 4331.590
Total T: 215000 Episode Num: 215 Episode T: 1000 Reward: 4134.811
---------------------------------------
Evaluation over 10 episodes: 4314.111
---------------------------------------
Total T: 216000 Episode Num: 216 Episode T: 1000 Reward: 4285.858
Total T: 217000 Episode Num: 217 Episode T: 1000 Reward: 4527.326
Total T: 218000 Episode Num: 218 Episode T: 1000 Reward: 4304.984
Total T: 219000 Episode Num: 219 Episode T: 1000 Reward: 4363.982
Total T: 220000 Episode Num: 220 Episode T: 1000 Reward: 4285.588
---------------------------------------
Evaluation over 10 episodes: 4199.567
---------------------------------------
Total T: 221000 Episode Num: 221 Episode T: 1000 Reward: 4329.722
Total T: 222000 Episode Num: 222 Episode T: 1000 Reward: 4369.509
Total T: 223000 Episode Num: 223 Episode T: 1000 Reward: 4302.178
Total T: 224000 Episode Num: 224 Episode T: 1000 Reward: 4384.531
Total T: 225000 Episode Num: 225 Episode T: 1000 Reward: 4427.744
---------------------------------------
Evaluation over 10 episodes: 4387.601
---------------------------------------
Total T: 226000 Episode Num: 226 Episode T: 1000 Reward: 4398.952
Total T: 227000 Episode Num: 227 Episode T: 1000 Reward: 4370.562
Total T: 228000 Episode Num: 228 Episode T: 1000 Reward: 4365.392
Total T: 229000 Episode Num: 229 Episode T: 1000 Reward: 4405.065
Total T: 230000 Episode Num: 230 Episode T: 1000 Reward: 4328.989
---------------------------------------
Evaluation over 10 episodes: 4409.706
---------------------------------------
Total T: 231000 Episode Num: 231 Episode T: 1000 Reward: 4439.655
Total T: 232000 Episode Num: 232 Episode T: 1000 Reward: 4371.931
Total T: 233000 Episode Num: 233 Episode T: 1000 Reward: 4287.340
Total T: 234000 Episode Num: 234 Episode T: 1000 Reward: 4454.704
Total T: 235000 Episode Num: 235 Episode T: 1000 Reward: 4421.977
---------------------------------------
Evaluation over 10 episodes: 4405.459
---------------------------------------
Total T: 236000 Episode Num: 236 Episode T: 1000 Reward: 4345.497
Total T: 237000 Episode Num: 237 Episode T: 1000 Reward: 4392.488
Total T: 238000 Episode Num: 238 Episode T: 1000 Reward: 4428.086
Total T: 239000 Episode Num: 239 Episode T: 1000 Reward: 4440.861
Total T: 240000 Episode Num: 240 Episode T: 1000 Reward: 4337.638
---------------------------------------
Evaluation over 10 episodes: 4562.686
---------------------------------------
Total T: 241000 Episode Num: 241 Episode T: 1000 Reward: 4380.514
Total T: 242000 Episode Num: 242 Episode T: 1000 Reward: 4499.281
Total T: 243000 Episode Num: 243 Episode T: 1000 Reward: 4276.604
Total T: 244000 Episode Num: 244 Episode T: 1000 Reward: 4267.032
Total T: 245000 Episode Num: 245 Episode T: 1000 Reward: 4418.665
---------------------------------------
Evaluation over 10 episodes: 4423.629
---------------------------------------
Total T: 246000 Episode Num: 246 Episode T: 1000 Reward: 4455.296
Total T: 247000 Episode Num: 247 Episode T: 1000 Reward: 4471.907
Total T: 248000 Episode Num: 248 Episode T: 1000 Reward: 4456.073
Total T: 249000 Episode Num: 249 Episode T: 1000 Reward: 4384.950
Total T: 250000 Episode Num: 250 Episode T: 1000 Reward: 4484.484
---------------------------------------
Evaluation over 10 episodes: 4569.875
---------------------------------------
Total T: 251000 Episode Num: 251 Episode T: 1000 Reward: 4329.926
Total T: 252000 Episode Num: 252 Episode T: 1000 Reward: 4505.630
Total T: 253000 Episode Num: 253 Episode T: 1000 Reward: 4534.926
Total T: 254000 Episode Num: 254 Episode T: 1000 Reward: 4374.244
Total T: 255000 Episode Num: 255 Episode T: 1000 Reward: 4493.305
---------------------------------------
Evaluation over 10 episodes: 4520.753
---------------------------------------
Total T: 256000 Episode Num: 256 Episode T: 1000 Reward: 4361.839
Total T: 257000 Episode Num: 257 Episode T: 1000 Reward: 4529.109
Total T: 258000 Episode Num: 258 Episode T: 1000 Reward: 4486.179
Total T: 259000 Episode Num: 259 Episode T: 1000 Reward: 4385.643
Total T: 260000 Episode Num: 260 Episode T: 1000 Reward: 4371.000
---------------------------------------
Evaluation over 10 episodes: 4364.761
---------------------------------------
Total T: 261000 Episode Num: 261 Episode T: 1000 Reward: 4402.591
Total T: 262000 Episode Num: 262 Episode T: 1000 Reward: 4618.420
Total T: 263000 Episode Num: 263 Episode T: 1000 Reward: 4611.948
Total T: 264000 Episode Num: 264 Episode T: 1000 Reward: 4455.060
Total T: 265000 Episode Num: 265 Episode T: 1000 Reward: 4442.448
---------------------------------------
Evaluation over 10 episodes: 4549.114
---------------------------------------
Total T: 266000 Episode Num: 266 Episode T: 1000 Reward: 4456.977
Total T: 267000 Episode Num: 267 Episode T: 1000 Reward: 4465.911
Total T: 268000 Episode Num: 268 Episode T: 1000 Reward: 4533.907
Total T: 269000 Episode Num: 269 Episode T: 1000 Reward: 4284.485
Total T: 270000 Episode Num: 270 Episode T: 1000 Reward: 4392.060
---------------------------------------
Evaluation over 10 episodes: 4526.020
---------------------------------------
Total T: 271000 Episode Num: 271 Episode T: 1000 Reward: 4391.198
Total T: 272000 Episode Num: 272 Episode T: 1000 Reward: 4414.570
Total T: 273000 Episode Num: 273 Episode T: 1000 Reward: 4478.055
Total T: 274000 Episode Num: 274 Episode T: 1000 Reward: 4476.624
Total T: 275000 Episode Num: 275 Episode T: 1000 Reward: 4286.568
---------------------------------------
Evaluation over 10 episodes: 4627.949
---------------------------------------
Total T: 276000 Episode Num: 276 Episode T: 1000 Reward: 4343.553
Total T: 277000 Episode Num: 277 Episode T: 1000 Reward: 4459.836
Total T: 278000 Episode Num: 278 Episode T: 1000 Reward: 4456.687
Total T: 279000 Episode Num: 279 Episode T: 1000 Reward: 4628.469
Total T: 280000 Episode Num: 280 Episode T: 1000 Reward: 4363.570
---------------------------------------
Evaluation over 10 episodes: 4669.013
---------------------------------------
Total T: 281000 Episode Num: 281 Episode T: 1000 Reward: 4378.353
Total T: 282000 Episode Num: 282 Episode T: 1000 Reward: 4480.081
Total T: 283000 Episode Num: 283 Episode T: 1000 Reward: 4312.156
Total T: 284000 Episode Num: 284 Episode T: 1000 Reward: 4409.428
Total T: 285000 Episode Num: 285 Episode T: 1000 Reward: 4455.271
---------------------------------------
Evaluation over 10 episodes: 4044.539
---------------------------------------
Total T: 286000 Episode Num: 286 Episode T: 1000 Reward: 4438.137
Total T: 287000 Episode Num: 287 Episode T: 1000 Reward: 4444.929
Total T: 288000 Episode Num: 288 Episode T: 1000 Reward: 4297.417
Total T: 289000 Episode Num: 289 Episode T: 1000 Reward: 4463.407
Total T: 290000 Episode Num: 290 Episode T: 1000 Reward: 4505.287
---------------------------------------
Evaluation over 10 episodes: 4185.448
---------------------------------------
Total T: 291000 Episode Num: 291 Episode T: 1000 Reward: 4481.475
Total T: 292000 Episode Num: 292 Episode T: 1000 Reward: 4490.491
Total T: 293000 Episode Num: 293 Episode T: 1000 Reward: 4392.451
Total T: 294000 Episode Num: 294 Episode T: 1000 Reward: 4466.946
Total T: 295000 Episode Num: 295 Episode T: 1000 Reward: 4440.238
---------------------------------------
Evaluation over 10 episodes: 4575.895
---------------------------------------
Total T: 296000 Episode Num: 296 Episode T: 1000 Reward: 4471.575
Total T: 297000 Episode Num: 297 Episode T: 1000 Reward: 4621.105
Total T: 298000 Episode Num: 298 Episode T: 1000 Reward: 4463.383
Total T: 299000 Episode Num: 299 Episode T: 1000 Reward: 4607.271
Total T: 300000 Episode Num: 300 Episode T: 1000 Reward: 4367.242
---------------------------------------
Evaluation over 10 episodes: 4514.814
---------------------------------------
Total T: 301000 Episode Num: 301 Episode T: 1000 Reward: 4546.366
Total T: 302000 Episode Num: 302 Episode T: 1000 Reward: 4611.036
Total T: 303000 Episode Num: 303 Episode T: 1000 Reward: 4609.447
Total T: 304000 Episode Num: 304 Episode T: 1000 Reward: 4502.274
Total T: 305000 Episode Num: 305 Episode T: 1000 Reward: 4394.002
---------------------------------------
Evaluation over 10 episodes: 4559.116
---------------------------------------
Total T: 306000 Episode Num: 306 Episode T: 1000 Reward: 4492.689
Total T: 307000 Episode Num: 307 Episode T: 1000 Reward: 4438.723
Total T: 308000 Episode Num: 308 Episode T: 1000 Reward: 4545.835
Total T: 309000 Episode Num: 309 Episode T: 1000 Reward: 4553.981
Total T: 310000 Episode Num: 310 Episode T: 1000 Reward: 4429.276
---------------------------------------
Evaluation over 10 episodes: 4621.039
---------------------------------------
Total T: 311000 Episode Num: 311 Episode T: 1000 Reward: 4575.438
Total T: 312000 Episode Num: 312 Episode T: 1000 Reward: 4477.470
Total T: 313000 Episode Num: 313 Episode T: 1000 Reward: 4503.741
Total T: 314000 Episode Num: 314 Episode T: 1000 Reward: 4581.058
Total T: 315000 Episode Num: 315 Episode T: 1000 Reward: 4552.776
---------------------------------------
Evaluation over 10 episodes: 3903.883
---------------------------------------
Total T: 316000 Episode Num: 316 Episode T: 1000 Reward: 4615.827
Total T: 317000 Episode Num: 317 Episode T: 1000 Reward: 4314.918
Total T: 318000 Episode Num: 318 Episode T: 1000 Reward: 4559.195
Total T: 319000 Episode Num: 319 Episode T: 1000 Reward: 4353.104
Total T: 320000 Episode Num: 320 Episode T: 1000 Reward: 4543.902
---------------------------------------
Evaluation over 10 episodes: 4416.481
---------------------------------------
Total T: 321000 Episode Num: 321 Episode T: 1000 Reward: 4684.219
Total T: 322000 Episode Num: 322 Episode T: 1000 Reward: 4505.160
Total T: 323000 Episode Num: 323 Episode T: 1000 Reward: 4543.370
Total T: 324000 Episode Num: 324 Episode T: 1000 Reward: 4522.555
Total T: 325000 Episode Num: 325 Episode T: 1000 Reward: 4371.613
---------------------------------------
Evaluation over 10 episodes: 4726.265
---------------------------------------
Total T: 326000 Episode Num: 326 Episode T: 1000 Reward: 4534.657
Total T: 327000 Episode Num: 327 Episode T: 1000 Reward: 4550.008
Total T: 328000 Episode Num: 328 Episode T: 1000 Reward: 4639.796
Total T: 329000 Episode Num: 329 Episode T: 1000 Reward: 4457.930
Total T: 330000 Episode Num: 330 Episode T: 1000 Reward: 4528.849
---------------------------------------
Evaluation over 10 episodes: 4761.457
---------------------------------------
Total T: 331000 Episode Num: 331 Episode T: 1000 Reward: 4446.712
Total T: 332000 Episode Num: 332 Episode T: 1000 Reward: 4521.242
Total T: 333000 Episode Num: 333 Episode T: 1000 Reward: 4638.241
Total T: 334000 Episode Num: 334 Episode T: 1000 Reward: 4632.090
Total T: 335000 Episode Num: 335 Episode T: 1000 Reward: 4684.267
---------------------------------------
Evaluation over 10 episodes: 4841.941
---------------------------------------
Total T: 336000 Episode Num: 336 Episode T: 1000 Reward: 4360.397
Total T: 337000 Episode Num: 337 Episode T: 1000 Reward: 4495.125
Total T: 338000 Episode Num: 338 Episode T: 1000 Reward: 4602.326
Total T: 339000 Episode Num: 339 Episode T: 1000 Reward: 4558.759
Total T: 340000 Episode Num: 340 Episode T: 1000 Reward: 4787.300
---------------------------------------
Evaluation over 10 episodes: 3803.131
---------------------------------------
Total T: 341000 Episode Num: 341 Episode T: 1000 Reward: 4558.707
Total T: 342000 Episode Num: 342 Episode T: 1000 Reward: 4680.376
Total T: 343000 Episode Num: 343 Episode T: 1000 Reward: 4461.384
Total T: 344000 Episode Num: 344 Episode T: 1000 Reward: 4497.218
Total T: 345000 Episode Num: 345 Episode T: 1000 Reward: 4593.435
---------------------------------------
Evaluation over 10 episodes: 4742.108
---------------------------------------
Total T: 346000 Episode Num: 346 Episode T: 1000 Reward: 4591.520
Total T: 347000 Episode Num: 347 Episode T: 1000 Reward: 4700.612
Total T: 348000 Episode Num: 348 Episode T: 1000 Reward: 4600.464
Total T: 349000 Episode Num: 349 Episode T: 1000 Reward: 4730.698
Total T: 350000 Episode Num: 350 Episode T: 1000 Reward: 4467.686
---------------------------------------
Evaluation over 10 episodes: 4681.864
---------------------------------------
Total T: 351000 Episode Num: 351 Episode T: 1000 Reward: 4675.559
Total T: 352000 Episode Num: 352 Episode T: 1000 Reward: 4506.830
Total T: 353000 Episode Num: 353 Episode T: 1000 Reward: 4566.149
Total T: 354000 Episode Num: 354 Episode T: 1000 Reward: 4589.365
Total T: 355000 Episode Num: 355 Episode T: 1000 Reward: 4581.436
---------------------------------------
Evaluation over 10 episodes: 3980.375
---------------------------------------
Total T: 356000 Episode Num: 356 Episode T: 1000 Reward: 4801.954
Total T: 357000 Episode Num: 357 Episode T: 1000 Reward: 4478.227
Total T: 358000 Episode Num: 358 Episode T: 1000 Reward: 4565.888
Total T: 359000 Episode Num: 359 Episode T: 1000 Reward: 4595.378
Total T: 360000 Episode Num: 360 Episode T: 1000 Reward: 4549.494
---------------------------------------
Evaluation over 10 episodes: 4808.069
---------------------------------------
Total T: 361000 Episode Num: 361 Episode T: 1000 Reward: 4408.884
Total T: 362000 Episode Num: 362 Episode T: 1000 Reward: 4644.745
Total T: 363000 Episode Num: 363 Episode T: 1000 Reward: 4770.123
Total T: 364000 Episode Num: 364 Episode T: 1000 Reward: 4531.954
Total T: 365000 Episode Num: 365 Episode T: 1000 Reward: 4762.754
---------------------------------------
Evaluation over 10 episodes: 5037.837
---------------------------------------
Total T: 366000 Episode Num: 366 Episode T: 1000 Reward: 4620.863
Total T: 367000 Episode Num: 367 Episode T: 1000 Reward: 4541.923
Total T: 368000 Episode Num: 368 Episode T: 1000 Reward: 4680.481
Total T: 369000 Episode Num: 369 Episode T: 1000 Reward: 4642.949
Total T: 370000 Episode Num: 370 Episode T: 1000 Reward: 4784.566
---------------------------------------
Evaluation over 10 episodes: 4857.736
---------------------------------------
Total T: 371000 Episode Num: 371 Episode T: 1000 Reward: 4530.645
Total T: 372000 Episode Num: 372 Episode T: 1000 Reward: 4612.278
Total T: 373000 Episode Num: 373 Episode T: 1000 Reward: 4577.643
Total T: 374000 Episode Num: 374 Episode T: 1000 Reward: 4451.225
Total T: 375000 Episode Num: 375 Episode T: 1000 Reward: 4658.538
---------------------------------------
Evaluation over 10 episodes: 4248.100
---------------------------------------
Total T: 376000 Episode Num: 376 Episode T: 1000 Reward: 4654.287
Total T: 377000 Episode Num: 377 Episode T: 1000 Reward: 4633.810
Total T: 378000 Episode Num: 378 Episode T: 1000 Reward: 4474.956
Total T: 379000 Episode Num: 379 Episode T: 1000 Reward: 4618.830
Total T: 380000 Episode Num: 380 Episode T: 1000 Reward: 4620.176
---------------------------------------
Evaluation over 10 episodes: 4703.018
---------------------------------------
Total T: 381000 Episode Num: 381 Episode T: 1000 Reward: 4658.063
Total T: 382000 Episode Num: 382 Episode T: 1000 Reward: 4659.067
Total T: 383000 Episode Num: 383 Episode T: 1000 Reward: 4513.061
Total T: 384000 Episode Num: 384 Episode T: 1000 Reward: 4916.162
Total T: 385000 Episode Num: 385 Episode T: 1000 Reward: 4586.277
---------------------------------------
Evaluation over 10 episodes: 4596.568
---------------------------------------
Total T: 386000 Episode Num: 386 Episode T: 1000 Reward: 4878.115
Total T: 387000 Episode Num: 387 Episode T: 1000 Reward: 4497.916
Total T: 388000 Episode Num: 388 Episode T: 1000 Reward: 4803.151
Total T: 389000 Episode Num: 389 Episode T: 1000 Reward: 4534.740
Total T: 390000 Episode Num: 390 Episode T: 1000 Reward: 4778.044
---------------------------------------
Evaluation over 10 episodes: 5071.461
---------------------------------------
Total T: 391000 Episode Num: 391 Episode T: 1000 Reward: 4600.918
Total T: 392000 Episode Num: 392 Episode T: 1000 Reward: 4547.997
Total T: 393000 Episode Num: 393 Episode T: 1000 Reward: 4689.601
Total T: 394000 Episode Num: 394 Episode T: 1000 Reward: 4658.801
Total T: 395000 Episode Num: 395 Episode T: 1000 Reward: 4852.432
---------------------------------------
Evaluation over 10 episodes: 4721.794
---------------------------------------
Total T: 396000 Episode Num: 396 Episode T: 1000 Reward: 4601.079
Total T: 397000 Episode Num: 397 Episode T: 1000 Reward: 4658.127
Total T: 398000 Episode Num: 398 Episode T: 1000 Reward: 4628.110
Total T: 399000 Episode Num: 399 Episode T: 1000 Reward: 4584.057
Total T: 400000 Episode Num: 400 Episode T: 1000 Reward: 4653.284
---------------------------------------
Evaluation over 10 episodes: 4593.479
---------------------------------------
Total T: 401000 Episode Num: 401 Episode T: 1000 Reward: 4630.021
Total T: 402000 Episode Num: 402 Episode T: 1000 Reward: 4923.138
Total T: 403000 Episode Num: 403 Episode T: 1000 Reward: 4526.279
Total T: 404000 Episode Num: 404 Episode T: 1000 Reward: 4723.766
Total T: 405000 Episode Num: 405 Episode T: 1000 Reward: 4578.847
---------------------------------------
Evaluation over 10 episodes: 4667.062
---------------------------------------
Total T: 406000 Episode Num: 406 Episode T: 1000 Reward: 4594.762
Total T: 407000 Episode Num: 407 Episode T: 1000 Reward: 4725.729
Total T: 408000 Episode Num: 408 Episode T: 1000 Reward: 4696.427
Total T: 409000 Episode Num: 409 Episode T: 1000 Reward: 4888.416
Total T: 410000 Episode Num: 410 Episode T: 1000 Reward: 4519.373
---------------------------------------
Evaluation over 10 episodes: 4711.267
---------------------------------------
Total T: 411000 Episode Num: 411 Episode T: 1000 Reward: 4760.441
Total T: 412000 Episode Num: 412 Episode T: 1000 Reward: 4398.758
Total T: 413000 Episode Num: 413 Episode T: 1000 Reward: 4568.958
Total T: 414000 Episode Num: 414 Episode T: 1000 Reward: 4769.275
Total T: 415000 Episode Num: 415 Episode T: 1000 Reward: 4530.508
---------------------------------------
Evaluation over 10 episodes: 4409.685
---------------------------------------
Total T: 416000 Episode Num: 416 Episode T: 1000 Reward: 4841.717
Total T: 417000 Episode Num: 417 Episode T: 1000 Reward: 4672.688
Total T: 418000 Episode Num: 418 Episode T: 1000 Reward: 4824.659
Total T: 419000 Episode Num: 419 Episode T: 1000 Reward: 4543.145
Total T: 420000 Episode Num: 420 Episode T: 1000 Reward: 4755.890
---------------------------------------
Evaluation over 10 episodes: 5058.762
---------------------------------------
Total T: 421000 Episode Num: 421 Episode T: 1000 Reward: 4609.927
Total T: 422000 Episode Num: 422 Episode T: 1000 Reward: 4643.017
Total T: 423000 Episode Num: 423 Episode T: 1000 Reward: 4776.474
Total T: 424000 Episode Num: 424 Episode T: 1000 Reward: 4574.676
Total T: 425000 Episode Num: 425 Episode T: 1000 Reward: 4785.905
---------------------------------------
Evaluation over 10 episodes: 4498.852
---------------------------------------
Total T: 426000 Episode Num: 426 Episode T: 1000 Reward: 4711.235
Total T: 427000 Episode Num: 427 Episode T: 1000 Reward: 4914.067
Total T: 428000 Episode Num: 428 Episode T: 1000 Reward: 4513.532
Total T: 429000 Episode Num: 429 Episode T: 1000 Reward: 4775.248
Total T: 430000 Episode Num: 430 Episode T: 1000 Reward: 4646.627
---------------------------------------
Evaluation over 10 episodes: 4665.983
---------------------------------------
Total T: 431000 Episode Num: 431 Episode T: 1000 Reward: 4702.941
Total T: 432000 Episode Num: 432 Episode T: 1000 Reward: 4686.231
Total T: 433000 Episode Num: 433 Episode T: 1000 Reward: 4659.893
Total T: 434000 Episode Num: 434 Episode T: 1000 Reward: 4905.992
Total T: 435000 Episode Num: 435 Episode T: 1000 Reward: 4606.382
---------------------------------------
Evaluation over 10 episodes: 4591.642
---------------------------------------
Total T: 436000 Episode Num: 436 Episode T: 1000 Reward: 4825.694
Total T: 437000 Episode Num: 437 Episode T: 1000 Reward: 4577.949
Total T: 438000 Episode Num: 438 Episode T: 1000 Reward: 4839.393
Total T: 439000 Episode Num: 439 Episode T: 1000 Reward: 4605.195
Total T: 440000 Episode Num: 440 Episode T: 1000 Reward: 4788.144
---------------------------------------
Evaluation over 10 episodes: 5198.963
---------------------------------------
Total T: 441000 Episode Num: 441 Episode T: 1000 Reward: 4559.512
Total T: 442000 Episode Num: 442 Episode T: 1000 Reward: 4633.058
Total T: 443000 Episode Num: 443 Episode T: 1000 Reward: 4823.140
Total T: 444000 Episode Num: 444 Episode T: 1000 Reward: 4609.132
Total T: 445000 Episode Num: 445 Episode T: 1000 Reward: 4889.765
---------------------------------------
Evaluation over 10 episodes: 4514.091
---------------------------------------
Total T: 446000 Episode Num: 446 Episode T: 1000 Reward: 4655.132
Total T: 447000 Episode Num: 447 Episode T: 1000 Reward: 4858.667
Total T: 448000 Episode Num: 448 Episode T: 1000 Reward: 4634.459
Total T: 449000 Episode Num: 449 Episode T: 1000 Reward: 4630.612
Total T: 450000 Episode Num: 450 Episode T: 1000 Reward: 4690.673
---------------------------------------
Evaluation over 10 episodes: 4678.256
---------------------------------------
Total T: 451000 Episode Num: 451 Episode T: 1000 Reward: 4677.341
Total T: 452000 Episode Num: 452 Episode T: 1000 Reward: 4806.258
Total T: 453000 Episode Num: 453 Episode T: 1000 Reward: 4682.135
Total T: 454000 Episode Num: 454 Episode T: 1000 Reward: 4790.187
Total T: 455000 Episode Num: 455 Episode T: 1000 Reward: 4653.570
---------------------------------------
Evaluation over 10 episodes: 4764.092
---------------------------------------
Total T: 456000 Episode Num: 456 Episode T: 1000 Reward: 4935.760
Total T: 457000 Episode Num: 457 Episode T: 1000 Reward: 4645.752
Total T: 458000 Episode Num: 458 Episode T: 1000 Reward: 2585.421
Total T: 459000 Episode Num: 459 Episode T: 1000 Reward: 4650.091
Total T: 460000 Episode Num: 460 Episode T: 1000 Reward: 4834.088
---------------------------------------
Evaluation over 10 episodes: 5194.000
---------------------------------------
Total T: 461000 Episode Num: 461 Episode T: 1000 Reward: 4675.976
Total T: 462000 Episode Num: 462 Episode T: 1000 Reward: 4747.993
Total T: 463000 Episode Num: 463 Episode T: 1000 Reward: 4769.364
Total T: 464000 Episode Num: 464 Episode T: 1000 Reward: 4700.901
Total T: 465000 Episode Num: 465 Episode T: 1000 Reward: 4887.362
---------------------------------------
Evaluation over 10 episodes: 4626.067
---------------------------------------
Total T: 466000 Episode Num: 466 Episode T: 1000 Reward: 4561.025
Total T: 467000 Episode Num: 467 Episode T: 1000 Reward: 4832.852
Total T: 468000 Episode Num: 468 Episode T: 1000 Reward: 4650.855
Total T: 469000 Episode Num: 469 Episode T: 1000 Reward: 4721.695
Total T: 470000 Episode Num: 470 Episode T: 1000 Reward: 4722.947
---------------------------------------
Evaluation over 10 episodes: 4711.893
---------------------------------------
Total T: 471000 Episode Num: 471 Episode T: 1000 Reward: 4705.214
Total T: 472000 Episode Num: 472 Episode T: 1000 Reward: 4819.502
Total T: 473000 Episode Num: 473 Episode T: 1000 Reward: 4640.602
Total T: 474000 Episode Num: 474 Episode T: 1000 Reward: 4870.477
Total T: 475000 Episode Num: 475 Episode T: 1000 Reward: 4665.709
---------------------------------------
Evaluation over 10 episodes: 4738.684
---------------------------------------
Total T: 476000 Episode Num: 476 Episode T: 1000 Reward: 4884.777
Total T: 477000 Episode Num: 477 Episode T: 1000 Reward: 4555.167
Total T: 478000 Episode Num: 478 Episode T: 1000 Reward: 4812.051
Total T: 479000 Episode Num: 479 Episode T: 1000 Reward: 4514.615
Total T: 480000 Episode Num: 480 Episode T: 1000 Reward: 4714.392
---------------------------------------
Evaluation over 10 episodes: 5217.485
---------------------------------------
Total T: 481000 Episode Num: 481 Episode T: 1000 Reward: 4836.145
Total T: 482000 Episode Num: 482 Episode T: 1000 Reward: 4760.830
Total T: 483000 Episode Num: 483 Episode T: 1000 Reward: 4629.202
Total T: 484000 Episode Num: 484 Episode T: 1000 Reward: 4747.354
Total T: 485000 Episode Num: 485 Episode T: 1000 Reward: 4810.947
---------------------------------------
Evaluation over 10 episodes: 4649.975
---------------------------------------
Total T: 486000 Episode Num: 486 Episode T: 1000 Reward: 4756.782
Total T: 487000 Episode Num: 487 Episode T: 1000 Reward: 4973.359
Total T: 488000 Episode Num: 488 Episode T: 1000 Reward: 4665.036
Total T: 489000 Episode Num: 489 Episode T: 1000 Reward: 4934.962
Total T: 490000 Episode Num: 490 Episode T: 1000 Reward: 4575.498
---------------------------------------
Evaluation over 10 episodes: 4795.556
---------------------------------------
Total T: 491000 Episode Num: 491 Episode T: 1000 Reward: 4767.835
Total T: 492000 Episode Num: 492 Episode T: 1000 Reward: 4650.223
Total T: 493000 Episode Num: 493 Episode T: 1000 Reward: 4693.453
Total T: 494000 Episode Num: 494 Episode T: 1000 Reward: 4850.787
Total T: 495000 Episode Num: 495 Episode T: 1000 Reward: 4652.367
---------------------------------------
Evaluation over 10 episodes: 4885.406
---------------------------------------
Total T: 496000 Episode Num: 496 Episode T: 1000 Reward: 4742.595
Total T: 497000 Episode Num: 497 Episode T: 1000 Reward: 4670.066
Total T: 498000 Episode Num: 498 Episode T: 1000 Reward: 4741.258
Total T: 499000 Episode Num: 499 Episode T: 1000 Reward: 4770.842
Total T: 500000 Episode Num: 500 Episode T: 1000 Reward: 4982.421
---------------------------------------
Evaluation over 10 episodes: 4574.757
---------------------------------------
Total T: 501000 Episode Num: 501 Episode T: 1000 Reward: 4589.448
Total T: 502000 Episode Num: 502 Episode T: 1000 Reward: 4905.785
Total T: 503000 Episode Num: 503 Episode T: 1000 Reward: 4632.992
Total T: 504000 Episode Num: 504 Episode T: 1000 Reward: 4898.993
Total T: 505000 Episode Num: 505 Episode T: 1000 Reward: 4303.596
---------------------------------------
Evaluation over 10 episodes: 4716.101
---------------------------------------
Total T: 506000 Episode Num: 506 Episode T: 1000 Reward: 4818.419
Total T: 507000 Episode Num: 507 Episode T: 1000 Reward: 4728.592
Total T: 508000 Episode Num: 508 Episode T: 1000 Reward: 4803.403
Total T: 509000 Episode Num: 509 Episode T: 1000 Reward: 4870.280
Total T: 510000 Episode Num: 510 Episode T: 1000 Reward: 4674.242
---------------------------------------
Evaluation over 10 episodes: 4903.827
---------------------------------------
Total T: 511000 Episode Num: 511 Episode T: 1000 Reward: 4985.026
Total T: 512000 Episode Num: 512 Episode T: 1000 Reward: 4601.229
Total T: 513000 Episode Num: 513 Episode T: 1000 Reward: 4981.521
Total T: 514000 Episode Num: 514 Episode T: 1000 Reward: 4693.009
Total T: 515000 Episode Num: 515 Episode T: 1000 Reward: 4842.039
---------------------------------------
Evaluation over 10 episodes: 5124.565
---------------------------------------
Total T: 516000 Episode Num: 516 Episode T: 1000 Reward: 4738.588
Total T: 517000 Episode Num: 517 Episode T: 1000 Reward: 4816.641
Total T: 518000 Episode Num: 518 Episode T: 1000 Reward: 4765.151
Total T: 519000 Episode Num: 519 Episode T: 1000 Reward: 4794.819
Total T: 520000 Episode Num: 520 Episode T: 1000 Reward: 4865.209
---------------------------------------
Evaluation over 10 episodes: 4755.528
---------------------------------------
Total T: 521000 Episode Num: 521 Episode T: 1000 Reward: 4661.820
Total T: 522000 Episode Num: 522 Episode T: 1000 Reward: 4905.896
Total T: 523000 Episode Num: 523 Episode T: 1000 Reward: 4750.126
Total T: 524000 Episode Num: 524 Episode T: 1000 Reward: 4858.017
Total T: 525000 Episode Num: 525 Episode T: 1000 Reward: 4772.288
---------------------------------------
Evaluation over 10 episodes: 4827.402
---------------------------------------
Total T: 526000 Episode Num: 526 Episode T: 1000 Reward: 4949.100
Total T: 527000 Episode Num: 527 Episode T: 1000 Reward: 4453.109
Total T: 528000 Episode Num: 528 Episode T: 1000 Reward: 4922.991
Total T: 529000 Episode Num: 529 Episode T: 1000 Reward: 4672.627
Total T: 530000 Episode Num: 530 Episode T: 1000 Reward: 4877.037
---------------------------------------
Evaluation over 10 episodes: 5197.190
---------------------------------------
Total T: 531000 Episode Num: 531 Episode T: 1000 Reward: 4811.452
Total T: 532000 Episode Num: 532 Episode T: 1000 Reward: 4713.119
Total T: 533000 Episode Num: 533 Episode T: 1000 Reward: 4877.064
Total T: 534000 Episode Num: 534 Episode T: 1000 Reward: 4749.506
Total T: 535000 Episode Num: 535 Episode T: 1000 Reward: 4866.787
---------------------------------------
Evaluation over 10 episodes: 4320.874
---------------------------------------
Total T: 536000 Episode Num: 536 Episode T: 1000 Reward: 4756.420
Total T: 537000 Episode Num: 537 Episode T: 1000 Reward: 4918.431
Total T: 538000 Episode Num: 538 Episode T: 1000 Reward: 4637.293
Total T: 539000 Episode Num: 539 Episode T: 1000 Reward: 5073.366
Total T: 540000 Episode Num: 540 Episode T: 1000 Reward: 4676.460
---------------------------------------
Evaluation over 10 episodes: 4851.812
---------------------------------------
Total T: 541000 Episode Num: 541 Episode T: 1000 Reward: 4858.396
Total T: 542000 Episode Num: 542 Episode T: 1000 Reward: 4528.913
Total T: 543000 Episode Num: 543 Episode T: 1000 Reward: 4854.535
Total T: 544000 Episode Num: 544 Episode T: 1000 Reward: 4697.777
Total T: 545000 Episode Num: 545 Episode T: 1000 Reward: 4727.119
---------------------------------------
Evaluation over 10 episodes: 5041.147
---------------------------------------
Total T: 546000 Episode Num: 546 Episode T: 1000 Reward: 4877.165
Total T: 547000 Episode Num: 547 Episode T: 1000 Reward: 4773.315
Total T: 548000 Episode Num: 548 Episode T: 1000 Reward: 4789.938
Total T: 549000 Episode Num: 549 Episode T: 1000 Reward: 4783.005
Total T: 550000 Episode Num: 550 Episode T: 1000 Reward: 4928.630
---------------------------------------
Evaluation over 10 episodes: 4512.688
---------------------------------------
Total T: 551000 Episode Num: 551 Episode T: 1000 Reward: 4813.443
Total T: 552000 Episode Num: 552 Episode T: 1000 Reward: 4944.361
Total T: 553000 Episode Num: 553 Episode T: 1000 Reward: 4724.641
Total T: 554000 Episode Num: 554 Episode T: 1000 Reward: 4823.441
Total T: 555000 Episode Num: 555 Episode T: 1000 Reward: 4789.320
---------------------------------------
Evaluation over 10 episodes: 4764.255
---------------------------------------
Total T: 556000 Episode Num: 556 Episode T: 1000 Reward: 4951.911
Total T: 557000 Episode Num: 557 Episode T: 1000 Reward: 4799.386
Total T: 558000 Episode Num: 558 Episode T: 1000 Reward: 5005.973
Total T: 559000 Episode Num: 559 Episode T: 1000 Reward: 4743.925
Total T: 560000 Episode Num: 560 Episode T: 1000 Reward: 4984.183
---------------------------------------
Evaluation over 10 episodes: 4772.989
---------------------------------------
Total T: 561000 Episode Num: 561 Episode T: 1000 Reward: 4680.173
Total T: 562000 Episode Num: 562 Episode T: 1000 Reward: 4898.309
Total T: 563000 Episode Num: 563 Episode T: 1000 Reward: 4621.772
Total T: 564000 Episode Num: 564 Episode T: 1000 Reward: 4966.973
Total T: 565000 Episode Num: 565 Episode T: 1000 Reward: 4684.197
---------------------------------------
Evaluation over 10 episodes: 4837.308
---------------------------------------
Total T: 566000 Episode Num: 566 Episode T: 1000 Reward: 4879.476
Total T: 567000 Episode Num: 567 Episode T: 1000 Reward: 4684.015
Total T: 568000 Episode Num: 568 Episode T: 1000 Reward: 4839.238
Total T: 569000 Episode Num: 569 Episode T: 1000 Reward: 4827.941
Total T: 570000 Episode Num: 570 Episode T: 1000 Reward: 4851.727
---------------------------------------
Evaluation over 10 episodes: 5038.981
---------------------------------------
Total T: 571000 Episode Num: 571 Episode T: 1000 Reward: 4915.177
Total T: 572000 Episode Num: 572 Episode T: 1000 Reward: 4744.973
Total T: 573000 Episode Num: 573 Episode T: 1000 Reward: 4994.389
Total T: 574000 Episode Num: 574 Episode T: 1000 Reward: 4754.134
Total T: 575000 Episode Num: 575 Episode T: 1000 Reward: 5040.555
---------------------------------------
Evaluation over 10 episodes: 5008.994
---------------------------------------
Total T: 576000 Episode Num: 576 Episode T: 1000 Reward: 4709.856
Total T: 577000 Episode Num: 577 Episode T: 1000 Reward: 4967.894
Total T: 578000 Episode Num: 578 Episode T: 1000 Reward: 4624.541
Total T: 579000 Episode Num: 579 Episode T: 1000 Reward: 5001.064
Total T: 580000 Episode Num: 580 Episode T: 1000 Reward: 4665.544
---------------------------------------
Evaluation over 10 episodes: 4762.568
---------------------------------------
Total T: 581000 Episode Num: 581 Episode T: 1000 Reward: 5013.295
Total T: 582000 Episode Num: 582 Episode T: 1000 Reward: 4786.958
Total T: 583000 Episode Num: 583 Episode T: 1000 Reward: 4976.999
Total T: 584000 Episode Num: 584 Episode T: 1000 Reward: 4711.504
Total T: 585000 Episode Num: 585 Episode T: 1000 Reward: 5006.187
---------------------------------------
Evaluation over 10 episodes: 5123.468
---------------------------------------
Total T: 586000 Episode Num: 586 Episode T: 1000 Reward: 4779.286
Total T: 587000 Episode Num: 587 Episode T: 1000 Reward: 4934.328
Total T: 588000 Episode Num: 588 Episode T: 1000 Reward: 4697.602
Total T: 589000 Episode Num: 589 Episode T: 1000 Reward: 4860.249
Total T: 590000 Episode Num: 590 Episode T: 1000 Reward: 4814.748
---------------------------------------
Evaluation over 10 episodes: 4891.857
---------------------------------------
Total T: 591000 Episode Num: 591 Episode T: 1000 Reward: 4884.711
Total T: 592000 Episode Num: 592 Episode T: 1000 Reward: 4925.020
Total T: 593000 Episode Num: 593 Episode T: 1000 Reward: 4855.177
Total T: 594000 Episode Num: 594 Episode T: 1000 Reward: 5054.079
Total T: 595000 Episode Num: 595 Episode T: 1000 Reward: 4828.364
---------------------------------------
Evaluation over 10 episodes: 4930.853
---------------------------------------
Total T: 596000 Episode Num: 596 Episode T: 1000 Reward: 5028.680
Total T: 597000 Episode Num: 597 Episode T: 1000 Reward: 4802.166
Total T: 598000 Episode Num: 598 Episode T: 1000 Reward: 4951.419
Total T: 599000 Episode Num: 599 Episode T: 1000 Reward: 4888.361
Total T: 600000 Episode Num: 600 Episode T: 1000 Reward: 4927.738
---------------------------------------
Evaluation over 10 episodes: 4181.441
---------------------------------------
Total T: 601000 Episode Num: 601 Episode T: 1000 Reward: 4732.522
Total T: 602000 Episode Num: 602 Episode T: 1000 Reward: 4992.080
Total T: 603000 Episode Num: 603 Episode T: 1000 Reward: 4755.070
Total T: 604000 Episode Num: 604 Episode T: 1000 Reward: 5169.303
Total T: 605000 Episode Num: 605 Episode T: 1000 Reward: 4844.749
---------------------------------------
Evaluation over 10 episodes: 4817.500
---------------------------------------
Total T: 606000 Episode Num: 606 Episode T: 1000 Reward: 5113.444
Total T: 607000 Episode Num: 607 Episode T: 1000 Reward: 4731.896
Total T: 608000 Episode Num: 608 Episode T: 1000 Reward: 5167.173
Total T: 609000 Episode Num: 609 Episode T: 1000 Reward: 4832.459
Total T: 610000 Episode Num: 610 Episode T: 1000 Reward: 5073.574
---------------------------------------
Evaluation over 10 episodes: 5265.441
---------------------------------------
Total T: 611000 Episode Num: 611 Episode T: 1000 Reward: 4841.334
Total T: 612000 Episode Num: 612 Episode T: 1000 Reward: 5124.809
Total T: 613000 Episode Num: 613 Episode T: 1000 Reward: 4677.739
Total T: 614000 Episode Num: 614 Episode T: 1000 Reward: 5111.024
Total T: 615000 Episode Num: 615 Episode T: 1000 Reward: 4809.756
---------------------------------------
Evaluation over 10 episodes: 4944.367
---------------------------------------
Total T: 616000 Episode Num: 616 Episode T: 1000 Reward: 4969.693
Total T: 617000 Episode Num: 617 Episode T: 1000 Reward: 4837.610
Total T: 618000 Episode Num: 618 Episode T: 1000 Reward: 4822.685
Total T: 619000 Episode Num: 619 Episode T: 1000 Reward: 4988.063
Total T: 620000 Episode Num: 620 Episode T: 1000 Reward: 4927.613
---------------------------------------
Evaluation over 10 episodes: 4800.521
---------------------------------------
Total T: 621000 Episode Num: 621 Episode T: 1000 Reward: 4838.015
Total T: 622000 Episode Num: 622 Episode T: 1000 Reward: 4903.549
Total T: 623000 Episode Num: 623 Episode T: 1000 Reward: 4990.263
Total T: 624000 Episode Num: 624 Episode T: 1000 Reward: 4863.903
Total T: 625000 Episode Num: 625 Episode T: 1000 Reward: 5064.196
---------------------------------------
Evaluation over 10 episodes: 4768.577
---------------------------------------
Total T: 626000 Episode Num: 626 Episode T: 1000 Reward: 4933.465
Total T: 627000 Episode Num: 627 Episode T: 1000 Reward: 4924.894
Total T: 628000 Episode Num: 628 Episode T: 1000 Reward: 5105.379
Total T: 629000 Episode Num: 629 Episode T: 1000 Reward: 4939.306
Total T: 630000 Episode Num: 630 Episode T: 1000 Reward: 5044.803
---------------------------------------
Evaluation over 10 episodes: 5053.853
---------------------------------------
Total T: 631000 Episode Num: 631 Episode T: 1000 Reward: 4916.880
Total T: 632000 Episode Num: 632 Episode T: 1000 Reward: 4843.770
Total T: 633000 Episode Num: 633 Episode T: 1000 Reward: 5157.962
Total T: 634000 Episode Num: 634 Episode T: 1000 Reward: 4886.328
Total T: 635000 Episode Num: 635 Episode T: 1000 Reward: 5110.890
---------------------------------------
Evaluation over 10 episodes: 4808.977
---------------------------------------
Total T: 636000 Episode Num: 636 Episode T: 1000 Reward: 4961.250
Total T: 637000 Episode Num: 637 Episode T: 1000 Reward: 5227.542
Total T: 638000 Episode Num: 638 Episode T: 1000 Reward: 4840.330
Total T: 639000 Episode Num: 639 Episode T: 1000 Reward: 5034.819
Total T: 640000 Episode Num: 640 Episode T: 1000 Reward: 4814.771
---------------------------------------
Evaluation over 10 episodes: 5080.135
---------------------------------------
Total T: 641000 Episode Num: 641 Episode T: 1000 Reward: 5104.116
Total T: 642000 Episode Num: 642 Episode T: 1000 Reward: 4860.277
Total T: 643000 Episode Num: 643 Episode T: 1000 Reward: 5088.902
Total T: 644000 Episode Num: 644 Episode T: 1000 Reward: 4920.538
Total T: 645000 Episode Num: 645 Episode T: 1000 Reward: 5059.777
---------------------------------------
Evaluation over 10 episodes: 5182.562
---------------------------------------
Total T: 646000 Episode Num: 646 Episode T: 1000 Reward: 4897.736
Total T: 647000 Episode Num: 647 Episode T: 1000 Reward: 4968.666
Total T: 648000 Episode Num: 648 Episode T: 1000 Reward: 5122.888
Total T: 649000 Episode Num: 649 Episode T: 1000 Reward: 5140.783
Total T: 650000 Episode Num: 650 Episode T: 1000 Reward: 5146.021
---------------------------------------
Evaluation over 10 episodes: 4695.839
---------------------------------------
Total T: 651000 Episode Num: 651 Episode T: 1000 Reward: 4991.474
Total T: 652000 Episode Num: 652 Episode T: 1000 Reward: 5023.938
Total T: 653000 Episode Num: 653 Episode T: 1000 Reward: 5107.868
Total T: 654000 Episode Num: 654 Episode T: 1000 Reward: 5104.202
Total T: 655000 Episode Num: 655 Episode T: 1000 Reward: 5124.556
---------------------------------------
Evaluation over 10 episodes: 5099.936
---------------------------------------
Total T: 656000 Episode Num: 656 Episode T: 1000 Reward: 5138.934
Total T: 657000 Episode Num: 657 Episode T: 1000 Reward: 4798.328
Total T: 658000 Episode Num: 658 Episode T: 1000 Reward: 5250.465
Total T: 659000 Episode Num: 659 Episode T: 1000 Reward: 4973.607
Total T: 660000 Episode Num: 660 Episode T: 1000 Reward: 5196.302
---------------------------------------
Evaluation over 10 episodes: 5167.719
---------------------------------------
Total T: 661000 Episode Num: 661 Episode T: 1000 Reward: 4982.290
Total T: 662000 Episode Num: 662 Episode T: 1000 Reward: 5181.841
Total T: 663000 Episode Num: 663 Episode T: 1000 Reward: 5034.591
Total T: 664000 Episode Num: 664 Episode T: 1000 Reward: 5182.783
Total T: 665000 Episode Num: 665 Episode T: 1000 Reward: 4808.800
---------------------------------------
Evaluation over 10 episodes: 5221.654
---------------------------------------
Total T: 666000 Episode Num: 666 Episode T: 1000 Reward: 5214.386
Total T: 667000 Episode Num: 667 Episode T: 1000 Reward: 4947.905
Total T: 668000 Episode Num: 668 Episode T: 1000 Reward: 5196.248
Total T: 669000 Episode Num: 669 Episode T: 1000 Reward: 5122.076
Total T: 670000 Episode Num: 670 Episode T: 1000 Reward: 4987.205
---------------------------------------
Evaluation over 10 episodes: 5566.848
---------------------------------------
Total T: 671000 Episode Num: 671 Episode T: 1000 Reward: 5203.572
Total T: 672000 Episode Num: 672 Episode T: 1000 Reward: 5114.833
Total T: 673000 Episode Num: 673 Episode T: 1000 Reward: 4902.891
Total T: 674000 Episode Num: 674 Episode T: 1000 Reward: 5194.655
Total T: 675000 Episode Num: 675 Episode T: 1000 Reward: 5066.089
---------------------------------------
Evaluation over 10 episodes: 5061.801
---------------------------------------
Total T: 676000 Episode Num: 676 Episode T: 1000 Reward: 4999.541
Total T: 677000 Episode Num: 677 Episode T: 1000 Reward: 4996.255
Total T: 678000 Episode Num: 678 Episode T: 1000 Reward: 5167.641
Total T: 679000 Episode Num: 679 Episode T: 1000 Reward: 5149.970
Total T: 680000 Episode Num: 680 Episode T: 1000 Reward: 5236.168
---------------------------------------
Evaluation over 10 episodes: 5070.734
---------------------------------------
Total T: 681000 Episode Num: 681 Episode T: 1000 Reward: 5142.269
Total T: 682000 Episode Num: 682 Episode T: 1000 Reward: 5080.443
Total T: 683000 Episode Num: 683 Episode T: 1000 Reward: 4994.103
Total T: 684000 Episode Num: 684 Episode T: 1000 Reward: 5104.659
Total T: 685000 Episode Num: 685 Episode T: 1000 Reward: 5187.802
---------------------------------------
Evaluation over 10 episodes: 4494.871
---------------------------------------
Total T: 686000 Episode Num: 686 Episode T: 1000 Reward: 5443.984
Total T: 687000 Episode Num: 687 Episode T: 1000 Reward: 5148.034
Total T: 688000 Episode Num: 688 Episode T: 1000 Reward: 5128.754
Total T: 689000 Episode Num: 689 Episode T: 1000 Reward: 5307.231
Total T: 690000 Episode Num: 690 Episode T: 1000 Reward: 5177.324
---------------------------------------
Evaluation over 10 episodes: 5275.983
---------------------------------------
Total T: 691000 Episode Num: 691 Episode T: 1000 Reward: 5385.512
Total T: 692000 Episode Num: 692 Episode T: 1000 Reward: 5165.083
Total T: 693000 Episode Num: 693 Episode T: 1000 Reward: 5273.535
Total T: 694000 Episode Num: 694 Episode T: 1000 Reward: 5110.105
Total T: 695000 Episode Num: 695 Episode T: 1000 Reward: 5278.719
---------------------------------------
Evaluation over 10 episodes: 5593.777
---------------------------------------
Total T: 696000 Episode Num: 696 Episode T: 1000 Reward: 5233.816
Total T: 697000 Episode Num: 697 Episode T: 1000 Reward: 5104.815
Total T: 698000 Episode Num: 698 Episode T: 1000 Reward: 5057.231
Total T: 699000 Episode Num: 699 Episode T: 1000 Reward: 5180.761
Total T: 700000 Episode Num: 700 Episode T: 1000 Reward: 5106.186
---------------------------------------
Evaluation over 10 episodes: 5504.577
---------------------------------------
Total T: 701000 Episode Num: 701 Episode T: 1000 Reward: 5124.998
Total T: 702000 Episode Num: 702 Episode T: 1000 Reward: 4950.033
Total T: 703000 Episode Num: 703 Episode T: 1000 Reward: 5219.496
Total T: 704000 Episode Num: 704 Episode T: 1000 Reward: 5139.282
Total T: 705000 Episode Num: 705 Episode T: 1000 Reward: 5099.590
---------------------------------------
Evaluation over 10 episodes: 5060.780
---------------------------------------
Total T: 706000 Episode Num: 706 Episode T: 1000 Reward: 5190.528
Total T: 707000 Episode Num: 707 Episode T: 1000 Reward: 5356.709
Total T: 708000 Episode Num: 708 Episode T: 1000 Reward: 5195.139
Total T: 709000 Episode Num: 709 Episode T: 1000 Reward: 5268.570
Total T: 710000 Episode Num: 710 Episode T: 1000 Reward: 5112.581
---------------------------------------
Evaluation over 10 episodes: 4912.406
---------------------------------------
Total T: 711000 Episode Num: 711 Episode T: 1000 Reward: 5216.122
Total T: 712000 Episode Num: 712 Episode T: 1000 Reward: 5264.219
Total T: 713000 Episode Num: 713 Episode T: 1000 Reward: 5376.676
Total T: 714000 Episode Num: 714 Episode T: 1000 Reward: 5167.884
Total T: 715000 Episode Num: 715 Episode T: 1000 Reward: 5290.244
---------------------------------------
Evaluation over 10 episodes: 5440.356
---------------------------------------
Total T: 716000 Episode Num: 716 Episode T: 1000 Reward: 5137.089
Total T: 717000 Episode Num: 717 Episode T: 1000 Reward: 5086.702
Total T: 718000 Episode Num: 718 Episode T: 1000 Reward: 5267.437
Total T: 719000 Episode Num: 719 Episode T: 1000 Reward: 5116.766
Total T: 720000 Episode Num: 720 Episode T: 1000 Reward: 5210.721
---------------------------------------
Evaluation over 10 episodes: 5633.016
---------------------------------------
Total T: 721000 Episode Num: 721 Episode T: 1000 Reward: 5276.819
Total T: 722000 Episode Num: 722 Episode T: 1000 Reward: 5191.439
Total T: 723000 Episode Num: 723 Episode T: 1000 Reward: 5218.644
Total T: 724000 Episode Num: 724 Episode T: 1000 Reward: 5203.965
Total T: 725000 Episode Num: 725 Episode T: 1000 Reward: 5380.278
---------------------------------------
Evaluation over 10 episodes: 5556.866
---------------------------------------
Total T: 726000 Episode Num: 726 Episode T: 1000 Reward: 5259.139
Total T: 727000 Episode Num: 727 Episode T: 1000 Reward: 5210.538
Total T: 728000 Episode Num: 728 Episode T: 1000 Reward: 5247.721
Total T: 729000 Episode Num: 729 Episode T: 1000 Reward: 5045.894
Total T: 730000 Episode Num: 730 Episode T: 1000 Reward: 5126.508
---------------------------------------
Evaluation over 10 episodes: 5667.346
---------------------------------------
Total T: 731000 Episode Num: 731 Episode T: 1000 Reward: 5129.044
Total T: 732000 Episode Num: 732 Episode T: 1000 Reward: 5183.561
Total T: 733000 Episode Num: 733 Episode T: 1000 Reward: 5061.699
Total T: 734000 Episode Num: 734 Episode T: 1000 Reward: 5310.058
Total T: 735000 Episode Num: 735 Episode T: 1000 Reward: 5121.320
---------------------------------------
Evaluation over 10 episodes: 5345.790
---------------------------------------
Total T: 736000 Episode Num: 736 Episode T: 1000 Reward: 5115.580
Total T: 737000 Episode Num: 737 Episode T: 1000 Reward: 4866.923
Total T: 738000 Episode Num: 738 Episode T: 1000 Reward: 5162.079
Total T: 739000 Episode Num: 739 Episode T: 1000 Reward: 5176.975
Total T: 740000 Episode Num: 740 Episode T: 1000 Reward: 5168.992
---------------------------------------
Evaluation over 10 episodes: 5239.568
---------------------------------------
Total T: 741000 Episode Num: 741 Episode T: 1000 Reward: 5111.684
Total T: 742000 Episode Num: 742 Episode T: 1000 Reward: 5273.699
Total T: 743000 Episode Num: 743 Episode T: 1000 Reward: 5069.770
Total T: 744000 Episode Num: 744 Episode T: 1000 Reward: 5464.710
Total T: 745000 Episode Num: 745 Episode T: 1000 Reward: 4936.025
---------------------------------------
Evaluation over 10 episodes: 5074.625
---------------------------------------
Total T: 746000 Episode Num: 746 Episode T: 1000 Reward: 5179.164
Total T: 747000 Episode Num: 747 Episode T: 1000 Reward: 5057.587
Total T: 748000 Episode Num: 748 Episode T: 1000 Reward: 5354.299
Total T: 749000 Episode Num: 749 Episode T: 1000 Reward: 5307.938
Total T: 750000 Episode Num: 750 Episode T: 1000 Reward: 5201.288
---------------------------------------
Evaluation over 10 episodes: 5351.704
---------------------------------------
Total T: 751000 Episode Num: 751 Episode T: 1000 Reward: 5335.158
Total T: 752000 Episode Num: 752 Episode T: 1000 Reward: 5157.509
Total T: 753000 Episode Num: 753 Episode T: 1000 Reward: 5388.378
Total T: 754000 Episode Num: 754 Episode T: 1000 Reward: 5072.003
Total T: 755000 Episode Num: 755 Episode T: 1000 Reward: 5299.816
---------------------------------------
Evaluation over 10 episodes: 5621.005
---------------------------------------
Total T: 756000 Episode Num: 756 Episode T: 1000 Reward: 5201.128
Total T: 757000 Episode Num: 757 Episode T: 1000 Reward: 5162.789
Total T: 758000 Episode Num: 758 Episode T: 1000 Reward: 5339.798
Total T: 759000 Episode Num: 759 Episode T: 1000 Reward: 5405.421
Total T: 760000 Episode Num: 760 Episode T: 1000 Reward: 5269.465
---------------------------------------
Evaluation over 10 episodes: 5589.422
---------------------------------------
Total T: 761000 Episode Num: 761 Episode T: 1000 Reward: 5307.581
Total T: 762000 Episode Num: 762 Episode T: 1000 Reward: 5443.173
Total T: 763000 Episode Num: 763 Episode T: 1000 Reward: 5325.654
Total T: 764000 Episode Num: 764 Episode T: 1000 Reward: 5225.419
Total T: 765000 Episode Num: 765 Episode T: 1000 Reward: 5047.372
---------------------------------------
Evaluation over 10 episodes: 5296.172
---------------------------------------
Total T: 766000 Episode Num: 766 Episode T: 1000 Reward: 5482.085
Total T: 767000 Episode Num: 767 Episode T: 1000 Reward: 5196.910
Total T: 768000 Episode Num: 768 Episode T: 1000 Reward: 5322.025
Total T: 769000 Episode Num: 769 Episode T: 1000 Reward: 5362.772
Total T: 770000 Episode Num: 770 Episode T: 1000 Reward: 5283.208
---------------------------------------
Evaluation over 10 episodes: 5618.866
---------------------------------------
Total T: 771000 Episode Num: 771 Episode T: 1000 Reward: 5315.661
Total T: 772000 Episode Num: 772 Episode T: 1000 Reward: 5381.484
Total T: 773000 Episode Num: 773 Episode T: 1000 Reward: 5221.761
Total T: 774000 Episode Num: 774 Episode T: 1000 Reward: 5197.660
Total T: 775000 Episode Num: 775 Episode T: 1000 Reward: 5493.423
---------------------------------------
Evaluation over 10 episodes: 5566.475
---------------------------------------
Total T: 776000 Episode Num: 776 Episode T: 1000 Reward: 5274.789
Total T: 777000 Episode Num: 777 Episode T: 1000 Reward: 5136.391
Total T: 778000 Episode Num: 778 Episode T: 1000 Reward: 5316.672
Total T: 779000 Episode Num: 779 Episode T: 1000 Reward: 5177.432
Total T: 780000 Episode Num: 780 Episode T: 1000 Reward: 5137.251
---------------------------------------
Evaluation over 10 episodes: 5054.186
---------------------------------------
Total T: 781000 Episode Num: 781 Episode T: 1000 Reward: 5160.386
Total T: 782000 Episode Num: 782 Episode T: 1000 Reward: 5430.829
Total T: 783000 Episode Num: 783 Episode T: 1000 Reward: 5225.246
Total T: 784000 Episode Num: 784 Episode T: 1000 Reward: 5377.646
Total T: 785000 Episode Num: 785 Episode T: 1000 Reward: 5272.134
---------------------------------------
Evaluation over 10 episodes: 4901.887
---------------------------------------
Total T: 786000 Episode Num: 786 Episode T: 1000 Reward: 5366.900
Total T: 787000 Episode Num: 787 Episode T: 1000 Reward: 5395.399
Total T: 788000 Episode Num: 788 Episode T: 1000 Reward: 5137.223
Total T: 789000 Episode Num: 789 Episode T: 1000 Reward: 5401.921
Total T: 790000 Episode Num: 790 Episode T: 1000 Reward: 5327.872
---------------------------------------
Evaluation over 10 episodes: 5308.528
---------------------------------------
Total T: 791000 Episode Num: 791 Episode T: 1000 Reward: 5371.040
Total T: 792000 Episode Num: 792 Episode T: 1000 Reward: 5602.545
Total T: 793000 Episode Num: 793 Episode T: 1000 Reward: 5300.736
Total T: 794000 Episode Num: 794 Episode T: 1000 Reward: 5343.858
Total T: 795000 Episode Num: 795 Episode T: 1000 Reward: 5281.245
---------------------------------------
Evaluation over 10 episodes: 5708.205
---------------------------------------
Total T: 796000 Episode Num: 796 Episode T: 1000 Reward: 5337.709
Total T: 797000 Episode Num: 797 Episode T: 1000 Reward: 5246.933
Total T: 798000 Episode Num: 798 Episode T: 1000 Reward: 5388.100
Total T: 799000 Episode Num: 799 Episode T: 1000 Reward: 5301.600
Total T: 800000 Episode Num: 800 Episode T: 1000 Reward: 5324.525
---------------------------------------
Evaluation over 10 episodes: 5356.200
---------------------------------------
Total T: 801000 Episode Num: 801 Episode T: 1000 Reward: 5301.285
Total T: 802000 Episode Num: 802 Episode T: 1000 Reward: 5259.606
Total T: 803000 Episode Num: 803 Episode T: 1000 Reward: 5297.816
Total T: 804000 Episode Num: 804 Episode T: 1000 Reward: 5450.650
Total T: 805000 Episode Num: 805 Episode T: 1000 Reward: 5577.855
---------------------------------------
Evaluation over 10 episodes: 4634.804
---------------------------------------
Total T: 806000 Episode Num: 806 Episode T: 1000 Reward: 5330.804
Total T: 807000 Episode Num: 807 Episode T: 1000 Reward: 5462.304
Total T: 808000 Episode Num: 808 Episode T: 1000 Reward: 5444.839
Total T: 809000 Episode Num: 809 Episode T: 1000 Reward: 5185.378
Total T: 810000 Episode Num: 810 Episode T: 1000 Reward: 5280.037
---------------------------------------
Evaluation over 10 episodes: 5755.918
---------------------------------------
Total T: 811000 Episode Num: 811 Episode T: 1000 Reward: 5416.509
Total T: 812000 Episode Num: 812 Episode T: 1000 Reward: 5186.368
Total T: 813000 Episode Num: 813 Episode T: 1000 Reward: 5405.937
Total T: 814000 Episode Num: 814 Episode T: 1000 Reward: 5370.183
Total T: 815000 Episode Num: 815 Episode T: 1000 Reward: 5277.540
---------------------------------------
Evaluation over 10 episodes: 5679.311
---------------------------------------
Total T: 816000 Episode Num: 816 Episode T: 1000 Reward: 5500.543
Total T: 817000 Episode Num: 817 Episode T: 1000 Reward: 5405.566
Total T: 818000 Episode Num: 818 Episode T: 1000 Reward: 5299.624
Total T: 819000 Episode Num: 819 Episode T: 1000 Reward: 5515.494
Total T: 820000 Episode Num: 820 Episode T: 1000 Reward: 5322.136
---------------------------------------
Evaluation over 10 episodes: 5391.623
---------------------------------------
Total T: 821000 Episode Num: 821 Episode T: 1000 Reward: 5427.601
Total T: 822000 Episode Num: 822 Episode T: 1000 Reward: 5500.088
Total T: 823000 Episode Num: 823 Episode T: 1000 Reward: 5550.546
Total T: 824000 Episode Num: 824 Episode T: 1000 Reward: 5507.897
Total T: 825000 Episode Num: 825 Episode T: 1000 Reward: 5427.039
---------------------------------------
Evaluation over 10 episodes: 5716.589
---------------------------------------
Total T: 826000 Episode Num: 826 Episode T: 1000 Reward: 5331.265
Total T: 827000 Episode Num: 827 Episode T: 1000 Reward: 5250.186
Total T: 828000 Episode Num: 828 Episode T: 1000 Reward: 5438.741
Total T: 829000 Episode Num: 829 Episode T: 1000 Reward: 5437.252
Total T: 830000 Episode Num: 830 Episode T: 1000 Reward: 5284.570
---------------------------------------
Evaluation over 10 episodes: 5636.700
---------------------------------------
Total T: 831000 Episode Num: 831 Episode T: 1000 Reward: 5249.146
Total T: 832000 Episode Num: 832 Episode T: 1000 Reward: 5217.561
Total T: 833000 Episode Num: 833 Episode T: 1000 Reward: 5424.223
Total T: 834000 Episode Num: 834 Episode T: 1000 Reward: 5235.434
Total T: 835000 Episode Num: 835 Episode T: 1000 Reward: 5556.083
---------------------------------------
Evaluation over 10 episodes: 5249.513
---------------------------------------
Total T: 836000 Episode Num: 836 Episode T: 1000 Reward: 5608.485
Total T: 837000 Episode Num: 837 Episode T: 1000 Reward: 5650.701
Total T: 838000 Episode Num: 838 Episode T: 1000 Reward: 5296.357
Total T: 839000 Episode Num: 839 Episode T: 1000 Reward: 5625.031
Total T: 840000 Episode Num: 840 Episode T: 1000 Reward: 5329.129
---------------------------------------
Evaluation over 10 episodes: 5223.351
---------------------------------------
Total T: 841000 Episode Num: 841 Episode T: 1000 Reward: 5557.062
Total T: 842000 Episode Num: 842 Episode T: 1000 Reward: 5303.677
Total T: 843000 Episode Num: 843 Episode T: 1000 Reward: 5608.437
Total T: 844000 Episode Num: 844 Episode T: 1000 Reward: 5403.693
Total T: 845000 Episode Num: 845 Episode T: 1000 Reward: 5599.749
---------------------------------------
Evaluation over 10 episodes: 5547.647
---------------------------------------
Total T: 846000 Episode Num: 846 Episode T: 1000 Reward: 5337.190
Total T: 847000 Episode Num: 847 Episode T: 1000 Reward: 5405.037
Total T: 848000 Episode Num: 848 Episode T: 1000 Reward: 5427.363
Total T: 849000 Episode Num: 849 Episode T: 1000 Reward: 5398.710
Total T: 850000 Episode Num: 850 Episode T: 1000 Reward: 5514.641
---------------------------------------
Evaluation over 10 episodes: 5807.574
---------------------------------------
Total T: 851000 Episode Num: 851 Episode T: 1000 Reward: 5540.155
Total T: 852000 Episode Num: 852 Episode T: 1000 Reward: 5472.820
Total T: 853000 Episode Num: 853 Episode T: 1000 Reward: 5395.531
Total T: 854000 Episode Num: 854 Episode T: 1000 Reward: 5471.491
Total T: 855000 Episode Num: 855 Episode T: 1000 Reward: 5518.213
---------------------------------------
Evaluation over 10 episodes: 5757.041
---------------------------------------
Total T: 856000 Episode Num: 856 Episode T: 1000 Reward: 5431.152
Total T: 857000 Episode Num: 857 Episode T: 1000 Reward: 5434.199
Total T: 858000 Episode Num: 858 Episode T: 1000 Reward: 5518.425
Total T: 859000 Episode Num: 859 Episode T: 1000 Reward: 5497.648
Total T: 860000 Episode Num: 860 Episode T: 1000 Reward: 5455.848
---------------------------------------
Evaluation over 10 episodes: 5328.416
---------------------------------------
Total T: 861000 Episode Num: 861 Episode T: 1000 Reward: 5477.341
Total T: 862000 Episode Num: 862 Episode T: 1000 Reward: 5593.465
Total T: 863000 Episode Num: 863 Episode T: 1000 Reward: 5297.409
Total T: 864000 Episode Num: 864 Episode T: 1000 Reward: 5676.058
Total T: 865000 Episode Num: 865 Episode T: 1000 Reward: 5340.715
---------------------------------------
Evaluation over 10 episodes: 5090.862
---------------------------------------
Total T: 866000 Episode Num: 866 Episode T: 1000 Reward: 5576.108
Total T: 867000 Episode Num: 867 Episode T: 1000 Reward: 5462.274
Total T: 868000 Episode Num: 868 Episode T: 1000 Reward: 5506.867
Total T: 869000 Episode Num: 869 Episode T: 1000 Reward: 5505.564
Total T: 870000 Episode Num: 870 Episode T: 1000 Reward: 5428.377
---------------------------------------
Evaluation over 10 episodes: 5485.114
---------------------------------------
Total T: 871000 Episode Num: 871 Episode T: 1000 Reward: 5269.193
Total T: 872000 Episode Num: 872 Episode T: 1000 Reward: 5409.600
Total T: 873000 Episode Num: 873 Episode T: 1000 Reward: 5603.390
Total T: 874000 Episode Num: 874 Episode T: 1000 Reward: 5552.063
Total T: 875000 Episode Num: 875 Episode T: 1000 Reward: 5551.795
---------------------------------------
Evaluation over 10 episodes: 5339.073
---------------------------------------
Total T: 876000 Episode Num: 876 Episode T: 1000 Reward: 5475.544
Total T: 877000 Episode Num: 877 Episode T: 1000 Reward: 5393.962
Total T: 878000 Episode Num: 878 Episode T: 1000 Reward: 5351.644
Total T: 879000 Episode Num: 879 Episode T: 1000 Reward: 5671.677
Total T: 880000 Episode Num: 880 Episode T: 1000 Reward: 5443.704
---------------------------------------
Evaluation over 10 episodes: 5623.770
---------------------------------------
Total T: 881000 Episode Num: 881 Episode T: 1000 Reward: 5626.494
Total T: 882000 Episode Num: 882 Episode T: 1000 Reward: 5556.048
Total T: 883000 Episode Num: 883 Episode T: 1000 Reward: 5598.511
Total T: 884000 Episode Num: 884 Episode T: 1000 Reward: 5469.116
Total T: 885000 Episode Num: 885 Episode T: 1000 Reward: 5885.507
---------------------------------------
Evaluation over 10 episodes: 5640.079
---------------------------------------
Total T: 886000 Episode Num: 886 Episode T: 1000 Reward: 5537.013
Total T: 887000 Episode Num: 887 Episode T: 1000 Reward: 5670.293
Total T: 888000 Episode Num: 888 Episode T: 1000 Reward: 5512.233
Total T: 889000 Episode Num: 889 Episode T: 1000 Reward: 5787.099
Total T: 890000 Episode Num: 890 Episode T: 1000 Reward: 5497.022
---------------------------------------
Evaluation over 10 episodes: 5310.563
---------------------------------------
Total T: 891000 Episode Num: 891 Episode T: 1000 Reward: 5577.065
Total T: 892000 Episode Num: 892 Episode T: 1000 Reward: 5540.419
Total T: 893000 Episode Num: 893 Episode T: 1000 Reward: 5857.272
Total T: 894000 Episode Num: 894 Episode T: 1000 Reward: 5503.970
Total T: 895000 Episode Num: 895 Episode T: 1000 Reward: 5822.248
---------------------------------------
Evaluation over 10 episodes: 5861.863
---------------------------------------
Total T: 896000 Episode Num: 896 Episode T: 1000 Reward: 5478.654
Total T: 897000 Episode Num: 897 Episode T: 1000 Reward: 5516.684
Total T: 898000 Episode Num: 898 Episode T: 1000 Reward: 5511.257
Total T: 899000 Episode Num: 899 Episode T: 1000 Reward: 5714.540
Total T: 900000 Episode Num: 900 Episode T: 1000 Reward: 5543.420
---------------------------------------
Evaluation over 10 episodes: 5322.497
---------------------------------------
Total T: 901000 Episode Num: 901 Episode T: 1000 Reward: 5640.213
Total T: 902000 Episode Num: 902 Episode T: 1000 Reward: 5316.499
Total T: 903000 Episode Num: 903 Episode T: 1000 Reward: 5778.748
Total T: 904000 Episode Num: 904 Episode T: 1000 Reward: 5515.495
Total T: 905000 Episode Num: 905 Episode T: 1000 Reward: 5707.668
---------------------------------------
Evaluation over 10 episodes: 4940.627
---------------------------------------
Total T: 906000 Episode Num: 906 Episode T: 1000 Reward: 5638.151
Total T: 907000 Episode Num: 907 Episode T: 1000 Reward: 5692.957
Total T: 908000 Episode Num: 908 Episode T: 1000 Reward: 5558.913
Total T: 909000 Episode Num: 909 Episode T: 1000 Reward: 5424.696
Total T: 910000 Episode Num: 910 Episode T: 1000 Reward: 5519.070
---------------------------------------
Evaluation over 10 episodes: 5881.783
---------------------------------------
Total T: 911000 Episode Num: 911 Episode T: 1000 Reward: 5722.598
Total T: 912000 Episode Num: 912 Episode T: 1000 Reward: 5630.635
Total T: 913000 Episode Num: 913 Episode T: 1000 Reward: 5543.424
Total T: 914000 Episode Num: 914 Episode T: 1000 Reward: 5578.263
Total T: 915000 Episode Num: 915 Episode T: 1000 Reward: 5550.103
---------------------------------------
Evaluation over 10 episodes: 5957.162
---------------------------------------
Total T: 916000 Episode Num: 916 Episode T: 1000 Reward: 5444.945
Total T: 917000 Episode Num: 917 Episode T: 1000 Reward: 5624.310
Total T: 918000 Episode Num: 918 Episode T: 1000 Reward: 5579.309
Total T: 919000 Episode Num: 919 Episode T: 1000 Reward: 5658.121
Total T: 920000 Episode Num: 920 Episode T: 1000 Reward: 5476.750
---------------------------------------
Evaluation over 10 episodes: 5957.138
---------------------------------------
Total T: 921000 Episode Num: 921 Episode T: 1000 Reward: 5593.051
Total T: 922000 Episode Num: 922 Episode T: 1000 Reward: 5652.715
Total T: 923000 Episode Num: 923 Episode T: 1000 Reward: 5420.918
Total T: 924000 Episode Num: 924 Episode T: 1000 Reward: 5551.807
Total T: 925000 Episode Num: 925 Episode T: 1000 Reward: 5669.720
---------------------------------------
Evaluation over 10 episodes: 6047.284
---------------------------------------
Total T: 926000 Episode Num: 926 Episode T: 1000 Reward: 5661.745
Total T: 927000 Episode Num: 927 Episode T: 1000 Reward: 5704.889
Total T: 928000 Episode Num: 928 Episode T: 1000 Reward: 5553.144
Total T: 929000 Episode Num: 929 Episode T: 1000 Reward: 5611.637
Total T: 930000 Episode Num: 930 Episode T: 1000 Reward: 5797.147
---------------------------------------
Evaluation over 10 episodes: 5558.959
---------------------------------------
Total T: 931000 Episode Num: 931 Episode T: 1000 Reward: 5694.670
Total T: 932000 Episode Num: 932 Episode T: 1000 Reward: 5716.504
Total T: 933000 Episode Num: 933 Episode T: 1000 Reward: 5552.080
Total T: 934000 Episode Num: 934 Episode T: 1000 Reward: 5693.353
Total T: 935000 Episode Num: 935 Episode T: 1000 Reward: 5742.339
---------------------------------------
Evaluation over 10 episodes: 6016.389
---------------------------------------
Total T: 936000 Episode Num: 936 Episode T: 1000 Reward: 5657.831
Total T: 937000 Episode Num: 937 Episode T: 1000 Reward: 5769.998
Total T: 938000 Episode Num: 938 Episode T: 1000 Reward: 5591.545
Total T: 939000 Episode Num: 939 Episode T: 1000 Reward: 5344.711
Total T: 940000 Episode Num: 940 Episode T: 1000 Reward: 5805.324
---------------------------------------
Evaluation over 10 episodes: 5272.980
---------------------------------------
Total T: 941000 Episode Num: 941 Episode T: 1000 Reward: 5795.276
Total T: 942000 Episode Num: 942 Episode T: 1000 Reward: 5830.283
Total T: 943000 Episode Num: 943 Episode T: 1000 Reward: 5614.968
Total T: 944000 Episode Num: 944 Episode T: 1000 Reward: 5693.458
Total T: 945000 Episode Num: 945 Episode T: 1000 Reward: 5491.685
---------------------------------------
Evaluation over 10 episodes: 4547.227
---------------------------------------
Total T: 946000 Episode Num: 946 Episode T: 1000 Reward: 5876.833
Total T: 947000 Episode Num: 947 Episode T: 1000 Reward: 5767.845
Total T: 948000 Episode Num: 948 Episode T: 1000 Reward: 5759.674
Total T: 949000 Episode Num: 949 Episode T: 1000 Reward: 5696.111
Total T: 950000 Episode Num: 950 Episode T: 1000 Reward: 5778.711
---------------------------------------
Evaluation over 10 episodes: 6070.741
---------------------------------------
Total T: 951000 Episode Num: 951 Episode T: 1000 Reward: 5650.713
Total T: 952000 Episode Num: 952 Episode T: 1000 Reward: 5883.911
Total T: 953000 Episode Num: 953 Episode T: 1000 Reward: 5699.264
Total T: 954000 Episode Num: 954 Episode T: 1000 Reward: 5652.952
Total T: 955000 Episode Num: 955 Episode T: 1000 Reward: 5629.832
---------------------------------------
Evaluation over 10 episodes: 6005.777
---------------------------------------
Total T: 956000 Episode Num: 956 Episode T: 1000 Reward: 5558.379
Total T: 957000 Episode Num: 957 Episode T: 1000 Reward: 5652.591
Total T: 958000 Episode Num: 958 Episode T: 1000 Reward: 5505.232
Total T: 959000 Episode Num: 959 Episode T: 1000 Reward: 5785.558
Total T: 960000 Episode Num: 960 Episode T: 1000 Reward: 5330.435
---------------------------------------
Evaluation over 10 episodes: 5671.473
---------------------------------------
Total T: 961000 Episode Num: 961 Episode T: 1000 Reward: 5619.069
Total T: 962000 Episode Num: 962 Episode T: 1000 Reward: 5627.135
Total T: 963000 Episode Num: 963 Episode T: 1000 Reward: 5739.679
Total T: 964000 Episode Num: 964 Episode T: 1000 Reward: 5585.943
Total T: 965000 Episode Num: 965 Episode T: 1000 Reward: 5731.475
---------------------------------------
Evaluation over 10 episodes: 6074.671
---------------------------------------
Total T: 966000 Episode Num: 966 Episode T: 1000 Reward: 5650.038
Total T: 967000 Episode Num: 967 Episode T: 1000 Reward: 5779.727
Total T: 968000 Episode Num: 968 Episode T: 1000 Reward: 5710.317
Total T: 969000 Episode Num: 969 Episode T: 1000 Reward: 5328.811
Total T: 970000 Episode Num: 970 Episode T: 1000 Reward: 5559.135
---------------------------------------
Evaluation over 10 episodes: 6124.594
---------------------------------------
Total T: 971000 Episode Num: 971 Episode T: 1000 Reward: 5730.254
Total T: 972000 Episode Num: 972 Episode T: 1000 Reward: 5707.379
Total T: 973000 Episode Num: 973 Episode T: 1000 Reward: 5606.385
Total T: 974000 Episode Num: 974 Episode T: 1000 Reward: 5697.637
Total T: 975000 Episode Num: 975 Episode T: 1000 Reward: 5830.547
---------------------------------------
Evaluation over 10 episodes: 5558.282
---------------------------------------
Total T: 976000 Episode Num: 976 Episode T: 1000 Reward: 5698.820
Total T: 977000 Episode Num: 977 Episode T: 1000 Reward: 5625.300
Total T: 978000 Episode Num: 978 Episode T: 1000 Reward: 5767.271
Total T: 979000 Episode Num: 979 Episode T: 1000 Reward: 5797.596
Total T: 980000 Episode Num: 980 Episode T: 1000 Reward: 5478.849
---------------------------------------
Evaluation over 10 episodes: 5234.295
---------------------------------------
Total T: 981000 Episode Num: 981 Episode T: 1000 Reward: 5816.592
Total T: 982000 Episode Num: 982 Episode T: 1000 Reward: 5741.102
Total T: 983000 Episode Num: 983 Episode T: 1000 Reward: 5854.493
Total T: 984000 Episode Num: 984 Episode T: 1000 Reward: 5699.886
Total T: 985000 Episode Num: 985 Episode T: 1000 Reward: 5794.152
---------------------------------------
Evaluation over 10 episodes: 5669.460
---------------------------------------
Total T: 986000 Episode Num: 986 Episode T: 1000 Reward: 5769.911
Total T: 987000 Episode Num: 987 Episode T: 1000 Reward: 5820.979
Total T: 988000 Episode Num: 988 Episode T: 1000 Reward: 5781.160
Total T: 989000 Episode Num: 989 Episode T: 1000 Reward: 5763.099
Total T: 990000 Episode Num: 990 Episode T: 1000 Reward: 5751.187
---------------------------------------
Evaluation over 10 episodes: 5789.599
---------------------------------------
Total T: 991000 Episode Num: 991 Episode T: 1000 Reward: 5708.198
Total T: 992000 Episode Num: 992 Episode T: 1000 Reward: 5736.891
Total T: 993000 Episode Num: 993 Episode T: 1000 Reward: 5867.743
Total T: 994000 Episode Num: 994 Episode T: 1000 Reward: 5765.729
Total T: 995000 Episode Num: 995 Episode T: 1000 Reward: 5856.748
---------------------------------------
Evaluation over 10 episodes: 5980.938
---------------------------------------
Total T: 996000 Episode Num: 996 Episode T: 1000 Reward: 5624.618
Total T: 997000 Episode Num: 997 Episode T: 1000 Reward: 5594.567
Total T: 998000 Episode Num: 998 Episode T: 1000 Reward: 5740.103
Total T: 999000 Episode Num: 999 Episode T: 1000 Reward: 5783.259
Total T: 1000000 Episode Num: 1000 Episode T: 1000 Reward: 5741.144
---------------------------------------
Evaluation over 10 episodes: 5810.829
---------------------------------------
