---------------------------------------
Policy: TD3, Env: HalfCheetah-v2, Seed: 0
---------------------------------------
---------------------------------------
Evaluation over 10 episodes: -8.188
---------------------------------------
Total T: 1000 Episode Num: 1 Episode T: 1000 Reward: -333.472
Total T: 2000 Episode Num: 2 Episode T: 1000 Reward: -353.596
Total T: 3000 Episode Num: 3 Episode T: 1000 Reward: -156.283
Total T: 4000 Episode Num: 4 Episode T: 1000 Reward: -182.789
Total T: 5000 Episode Num: 5 Episode T: 1000 Reward: -174.383
---------------------------------------
Evaluation over 10 episodes: -7.301
---------------------------------------
Total T: 6000 Episode Num: 6 Episode T: 1000 Reward: -183.320
Total T: 7000 Episode Num: 7 Episode T: 1000 Reward: -255.364
Total T: 8000 Episode Num: 8 Episode T: 1000 Reward: -235.626
Total T: 9000 Episode Num: 9 Episode T: 1000 Reward: -89.191
Total T: 10000 Episode Num: 10 Episode T: 1000 Reward: -231.779
---------------------------------------
Evaluation over 10 episodes: -7.701
---------------------------------------
Total T: 11000 Episode Num: 11 Episode T: 1000 Reward: -206.375
Total T: 12000 Episode Num: 12 Episode T: 1000 Reward: -168.851
Total T: 13000 Episode Num: 13 Episode T: 1000 Reward: -356.867
Total T: 14000 Episode Num: 14 Episode T: 1000 Reward: -235.915
Total T: 15000 Episode Num: 15 Episode T: 1000 Reward: -251.992
---------------------------------------
Evaluation over 10 episodes: -5.545
---------------------------------------
Total T: 16000 Episode Num: 16 Episode T: 1000 Reward: -269.170
Total T: 17000 Episode Num: 17 Episode T: 1000 Reward: -239.167
Total T: 18000 Episode Num: 18 Episode T: 1000 Reward: -308.980
Total T: 19000 Episode Num: 19 Episode T: 1000 Reward: -209.388
Total T: 20000 Episode Num: 20 Episode T: 1000 Reward: -284.179
---------------------------------------
Evaluation over 10 episodes: -6.914
---------------------------------------
Total T: 21000 Episode Num: 21 Episode T: 1000 Reward: -436.746
Total T: 22000 Episode Num: 22 Episode T: 1000 Reward: -168.396
Total T: 23000 Episode Num: 23 Episode T: 1000 Reward: -339.351
Total T: 24000 Episode Num: 24 Episode T: 1000 Reward: -397.899
Total T: 25000 Episode Num: 25 Episode T: 1000 Reward: -438.768
---------------------------------------
Evaluation over 10 episodes: -8.751
---------------------------------------
Total T: 26000 Episode Num: 26 Episode T: 1000 Reward: -335.880
Total T: 27000 Episode Num: 27 Episode T: 1000 Reward: -373.550
Total T: 28000 Episode Num: 28 Episode T: 1000 Reward: -379.800
Total T: 29000 Episode Num: 29 Episode T: 1000 Reward: -331.066
Total T: 30000 Episode Num: 30 Episode T: 1000 Reward: -343.201
---------------------------------------
Evaluation over 10 episodes: -342.053
---------------------------------------
Total T: 31000 Episode Num: 31 Episode T: 1000 Reward: -313.829
Total T: 32000 Episode Num: 32 Episode T: 1000 Reward: -515.927
Total T: 33000 Episode Num: 33 Episode T: 1000 Reward: -439.981
Total T: 34000 Episode Num: 34 Episode T: 1000 Reward: -401.914
Total T: 35000 Episode Num: 35 Episode T: 1000 Reward: -353.256
---------------------------------------
Evaluation over 10 episodes: -336.089
---------------------------------------
Total T: 36000 Episode Num: 36 Episode T: 1000 Reward: -407.794
Total T: 37000 Episode Num: 37 Episode T: 1000 Reward: -325.954
Total T: 38000 Episode Num: 38 Episode T: 1000 Reward: 252.954
Total T: 39000 Episode Num: 39 Episode T: 1000 Reward: 464.261
Total T: 40000 Episode Num: 40 Episode T: 1000 Reward: 697.100
---------------------------------------
Evaluation over 10 episodes: 1012.508
---------------------------------------
Total T: 41000 Episode Num: 41 Episode T: 1000 Reward: 1148.545
Total T: 42000 Episode Num: 42 Episode T: 1000 Reward: 705.455
Total T: 43000 Episode Num: 43 Episode T: 1000 Reward: 205.349
Total T: 44000 Episode Num: 44 Episode T: 1000 Reward: 1901.791
Total T: 45000 Episode Num: 45 Episode T: 1000 Reward: -26.432
---------------------------------------
Evaluation over 10 episodes: 1318.410
---------------------------------------
Total T: 46000 Episode Num: 46 Episode T: 1000 Reward: -323.507
Total T: 47000 Episode Num: 47 Episode T: 1000 Reward: 2360.192
Total T: 48000 Episode Num: 48 Episode T: 1000 Reward: 1814.064
Total T: 49000 Episode Num: 49 Episode T: 1000 Reward: 925.292
Total T: 50000 Episode Num: 50 Episode T: 1000 Reward: 1019.055
---------------------------------------
Evaluation over 10 episodes: 970.090
---------------------------------------
Total T: 51000 Episode Num: 51 Episode T: 1000 Reward: 2018.406
Total T: 52000 Episode Num: 52 Episode T: 1000 Reward: 2163.220
Total T: 53000 Episode Num: 53 Episode T: 1000 Reward: -145.649
Total T: 54000 Episode Num: 54 Episode T: 1000 Reward: 1983.953
Total T: 55000 Episode Num: 55 Episode T: 1000 Reward: 710.344
---------------------------------------
Evaluation over 10 episodes: 1499.894
---------------------------------------
Total T: 56000 Episode Num: 56 Episode T: 1000 Reward: 2291.197
Total T: 57000 Episode Num: 57 Episode T: 1000 Reward: 2505.090
Total T: 58000 Episode Num: 58 Episode T: 1000 Reward: 383.486
Total T: 59000 Episode Num: 59 Episode T: 1000 Reward: 829.806
Total T: 60000 Episode Num: 60 Episode T: 1000 Reward: 2564.656
---------------------------------------
Evaluation over 10 episodes: 2146.264
---------------------------------------
Total T: 61000 Episode Num: 61 Episode T: 1000 Reward: 2513.733
Total T: 62000 Episode Num: 62 Episode T: 1000 Reward: 2683.781
Total T: 63000 Episode Num: 63 Episode T: 1000 Reward: 2462.500
Total T: 64000 Episode Num: 64 Episode T: 1000 Reward: 2627.113
Total T: 65000 Episode Num: 65 Episode T: 1000 Reward: 1153.569
---------------------------------------
Evaluation over 10 episodes: 2068.271
---------------------------------------
Total T: 66000 Episode Num: 66 Episode T: 1000 Reward: 2553.965
Total T: 67000 Episode Num: 67 Episode T: 1000 Reward: 2730.343
Total T: 68000 Episode Num: 68 Episode T: 1000 Reward: 2605.508
Total T: 69000 Episode Num: 69 Episode T: 1000 Reward: 2578.830
Total T: 70000 Episode Num: 70 Episode T: 1000 Reward: 2650.192
---------------------------------------
Evaluation over 10 episodes: 2565.090
---------------------------------------
Total T: 71000 Episode Num: 71 Episode T: 1000 Reward: 2862.281
Total T: 72000 Episode Num: 72 Episode T: 1000 Reward: 2757.171
Total T: 73000 Episode Num: 73 Episode T: 1000 Reward: 2834.322
Total T: 74000 Episode Num: 74 Episode T: 1000 Reward: 2759.812
Total T: 75000 Episode Num: 75 Episode T: 1000 Reward: 1519.007
---------------------------------------
Evaluation over 10 episodes: 2624.418
---------------------------------------
Total T: 76000 Episode Num: 76 Episode T: 1000 Reward: 1133.538
Total T: 77000 Episode Num: 77 Episode T: 1000 Reward: 2967.587
Total T: 78000 Episode Num: 78 Episode T: 1000 Reward: 3074.174
Total T: 79000 Episode Num: 79 Episode T: 1000 Reward: 3091.412
Total T: 80000 Episode Num: 80 Episode T: 1000 Reward: 3038.718
---------------------------------------
Evaluation over 10 episodes: 3069.193
---------------------------------------
Total T: 81000 Episode Num: 81 Episode T: 1000 Reward: 3070.486
Total T: 82000 Episode Num: 82 Episode T: 1000 Reward: 3147.299
Total T: 83000 Episode Num: 83 Episode T: 1000 Reward: 2711.755
Total T: 84000 Episode Num: 84 Episode T: 1000 Reward: 3118.898
Total T: 85000 Episode Num: 85 Episode T: 1000 Reward: 3122.352
---------------------------------------
Evaluation over 10 episodes: 3046.660
---------------------------------------
Total T: 86000 Episode Num: 86 Episode T: 1000 Reward: 3251.529
Total T: 87000 Episode Num: 87 Episode T: 1000 Reward: 3234.539
Total T: 88000 Episode Num: 88 Episode T: 1000 Reward: 3292.807
Total T: 89000 Episode Num: 89 Episode T: 1000 Reward: 3200.322
Total T: 90000 Episode Num: 90 Episode T: 1000 Reward: 3457.434
---------------------------------------
Evaluation over 10 episodes: 3283.001
---------------------------------------
Total T: 91000 Episode Num: 91 Episode T: 1000 Reward: 3233.489
Total T: 92000 Episode Num: 92 Episode T: 1000 Reward: 3293.664
Total T: 93000 Episode Num: 93 Episode T: 1000 Reward: 3537.314
Total T: 94000 Episode Num: 94 Episode T: 1000 Reward: 3583.049
Total T: 95000 Episode Num: 95 Episode T: 1000 Reward: 3562.014
---------------------------------------
Evaluation over 10 episodes: 3383.343
---------------------------------------
Total T: 96000 Episode Num: 96 Episode T: 1000 Reward: 3563.980
Total T: 97000 Episode Num: 97 Episode T: 1000 Reward: 3497.579
Total T: 98000 Episode Num: 98 Episode T: 1000 Reward: 3645.568
Total T: 99000 Episode Num: 99 Episode T: 1000 Reward: 3402.754
Total T: 100000 Episode Num: 100 Episode T: 1000 Reward: 3597.346
---------------------------------------
Evaluation over 10 episodes: 3582.049
---------------------------------------
Total T: 101000 Episode Num: 101 Episode T: 1000 Reward: 3740.993
Total T: 102000 Episode Num: 102 Episode T: 1000 Reward: 3588.008
Total T: 103000 Episode Num: 103 Episode T: 1000 Reward: 3924.272
Total T: 104000 Episode Num: 104 Episode T: 1000 Reward: 3575.646
Total T: 105000 Episode Num: 105 Episode T: 1000 Reward: 3689.993
---------------------------------------
Evaluation over 10 episodes: 3594.381
---------------------------------------
Total T: 106000 Episode Num: 106 Episode T: 1000 Reward: 3849.696
Total T: 107000 Episode Num: 107 Episode T: 1000 Reward: 3740.308
Total T: 108000 Episode Num: 108 Episode T: 1000 Reward: 3977.340
Total T: 109000 Episode Num: 109 Episode T: 1000 Reward: 4048.969
Total T: 110000 Episode Num: 110 Episode T: 1000 Reward: 3829.945
---------------------------------------
Evaluation over 10 episodes: 4120.830
---------------------------------------
Total T: 111000 Episode Num: 111 Episode T: 1000 Reward: 3981.320
Total T: 112000 Episode Num: 112 Episode T: 1000 Reward: 4142.675
Total T: 113000 Episode Num: 113 Episode T: 1000 Reward: 4298.956
Total T: 114000 Episode Num: 114 Episode T: 1000 Reward: 4176.857
Total T: 115000 Episode Num: 115 Episode T: 1000 Reward: 4139.006
---------------------------------------
Evaluation over 10 episodes: 4198.846
---------------------------------------
Total T: 116000 Episode Num: 116 Episode T: 1000 Reward: 4220.175
Total T: 117000 Episode Num: 117 Episode T: 1000 Reward: 4361.706
Total T: 118000 Episode Num: 118 Episode T: 1000 Reward: 4383.153
Total T: 119000 Episode Num: 119 Episode T: 1000 Reward: 4546.473
Total T: 120000 Episode Num: 120 Episode T: 1000 Reward: 4701.072
---------------------------------------
Evaluation over 10 episodes: 4101.241
---------------------------------------
Total T: 121000 Episode Num: 121 Episode T: 1000 Reward: 4735.628
Total T: 122000 Episode Num: 122 Episode T: 1000 Reward: 4488.503
Total T: 123000 Episode Num: 123 Episode T: 1000 Reward: 4785.682
Total T: 124000 Episode Num: 124 Episode T: 1000 Reward: 4935.207
Total T: 125000 Episode Num: 125 Episode T: 1000 Reward: 4786.801
---------------------------------------
Evaluation over 10 episodes: 4690.619
---------------------------------------
Total T: 126000 Episode Num: 126 Episode T: 1000 Reward: 5171.512
Total T: 127000 Episode Num: 127 Episode T: 1000 Reward: 5162.471
Total T: 128000 Episode Num: 128 Episode T: 1000 Reward: 4837.045
Total T: 129000 Episode Num: 129 Episode T: 1000 Reward: 2.734
Total T: 130000 Episode Num: 130 Episode T: 1000 Reward: 5086.161
---------------------------------------
Evaluation over 10 episodes: 5106.074
---------------------------------------
Total T: 131000 Episode Num: 131 Episode T: 1000 Reward: 5425.463
Total T: 132000 Episode Num: 132 Episode T: 1000 Reward: 5313.974
Total T: 133000 Episode Num: 133 Episode T: 1000 Reward: 5302.986
Total T: 134000 Episode Num: 134 Episode T: 1000 Reward: 5345.453
Total T: 135000 Episode Num: 135 Episode T: 1000 Reward: 5482.699
---------------------------------------
Evaluation over 10 episodes: 5358.836
---------------------------------------
Total T: 136000 Episode Num: 136 Episode T: 1000 Reward: 5208.523
Total T: 137000 Episode Num: 137 Episode T: 1000 Reward: 5293.944
Total T: 138000 Episode Num: 138 Episode T: 1000 Reward: 5473.254
Total T: 139000 Episode Num: 139 Episode T: 1000 Reward: 5161.140
Total T: 140000 Episode Num: 140 Episode T: 1000 Reward: 5466.485
---------------------------------------
Evaluation over 10 episodes: 5154.117
---------------------------------------
Total T: 141000 Episode Num: 141 Episode T: 1000 Reward: 5637.997
Total T: 142000 Episode Num: 142 Episode T: 1000 Reward: 5624.962
Total T: 143000 Episode Num: 143 Episode T: 1000 Reward: 5523.659
Total T: 144000 Episode Num: 144 Episode T: 1000 Reward: 5520.534
Total T: 145000 Episode Num: 145 Episode T: 1000 Reward: 5612.761
---------------------------------------
Evaluation over 10 episodes: 5742.528
---------------------------------------
Total T: 146000 Episode Num: 146 Episode T: 1000 Reward: 5621.518
Total T: 147000 Episode Num: 147 Episode T: 1000 Reward: 5407.883
Total T: 148000 Episode Num: 148 Episode T: 1000 Reward: 5609.857
Total T: 149000 Episode Num: 149 Episode T: 1000 Reward: 5560.548
Total T: 150000 Episode Num: 150 Episode T: 1000 Reward: 5904.110
---------------------------------------
Evaluation over 10 episodes: 5626.851
---------------------------------------
Total T: 151000 Episode Num: 151 Episode T: 1000 Reward: 5829.889
Total T: 152000 Episode Num: 152 Episode T: 1000 Reward: 5659.165
Total T: 153000 Episode Num: 153 Episode T: 1000 Reward: 5800.043
Total T: 154000 Episode Num: 154 Episode T: 1000 Reward: 5554.992
Total T: 155000 Episode Num: 155 Episode T: 1000 Reward: 5711.497
---------------------------------------
Evaluation over 10 episodes: 5855.210
---------------------------------------
Total T: 156000 Episode Num: 156 Episode T: 1000 Reward: 5821.339
Total T: 157000 Episode Num: 157 Episode T: 1000 Reward: 5764.453
Total T: 158000 Episode Num: 158 Episode T: 1000 Reward: 5759.807
Total T: 159000 Episode Num: 159 Episode T: 1000 Reward: 5941.576
Total T: 160000 Episode Num: 160 Episode T: 1000 Reward: 5965.205
---------------------------------------
Evaluation over 10 episodes: 6076.181
---------------------------------------
Total T: 161000 Episode Num: 161 Episode T: 1000 Reward: 5905.016
Total T: 162000 Episode Num: 162 Episode T: 1000 Reward: 6091.180
Total T: 163000 Episode Num: 163 Episode T: 1000 Reward: 6247.021
Total T: 164000 Episode Num: 164 Episode T: 1000 Reward: 6068.251
Total T: 165000 Episode Num: 165 Episode T: 1000 Reward: 6075.679
---------------------------------------
Evaluation over 10 episodes: 6018.289
---------------------------------------
Total T: 166000 Episode Num: 166 Episode T: 1000 Reward: 6330.456
Total T: 167000 Episode Num: 167 Episode T: 1000 Reward: 6192.753
Total T: 168000 Episode Num: 168 Episode T: 1000 Reward: 6004.964
Total T: 169000 Episode Num: 169 Episode T: 1000 Reward: 6194.560
Total T: 170000 Episode Num: 170 Episode T: 1000 Reward: 6343.015
---------------------------------------
Evaluation over 10 episodes: 6234.295
---------------------------------------
Total T: 171000 Episode Num: 171 Episode T: 1000 Reward: 6158.983
Total T: 172000 Episode Num: 172 Episode T: 1000 Reward: 6052.377
Total T: 173000 Episode Num: 173 Episode T: 1000 Reward: 6107.940
Total T: 174000 Episode Num: 174 Episode T: 1000 Reward: 6262.973
Total T: 175000 Episode Num: 175 Episode T: 1000 Reward: 6126.045
---------------------------------------
Evaluation over 10 episodes: 6310.344
---------------------------------------
Total T: 176000 Episode Num: 176 Episode T: 1000 Reward: 6287.868
Total T: 177000 Episode Num: 177 Episode T: 1000 Reward: 6380.567
Total T: 178000 Episode Num: 178 Episode T: 1000 Reward: 6409.203
Total T: 179000 Episode Num: 179 Episode T: 1000 Reward: 6370.693
Total T: 180000 Episode Num: 180 Episode T: 1000 Reward: 6368.928
---------------------------------------
Evaluation over 10 episodes: 6415.398
---------------------------------------
Total T: 181000 Episode Num: 181 Episode T: 1000 Reward: 6485.259
Total T: 182000 Episode Num: 182 Episode T: 1000 Reward: 6514.390
Total T: 183000 Episode Num: 183 Episode T: 1000 Reward: 6497.282
Total T: 184000 Episode Num: 184 Episode T: 1000 Reward: 6525.568
Total T: 185000 Episode Num: 185 Episode T: 1000 Reward: 6413.185
---------------------------------------
Evaluation over 10 episodes: 6413.657
---------------------------------------
Total T: 186000 Episode Num: 186 Episode T: 1000 Reward: 6463.729
Total T: 187000 Episode Num: 187 Episode T: 1000 Reward: 6470.432
Total T: 188000 Episode Num: 188 Episode T: 1000 Reward: 6513.479
Total T: 189000 Episode Num: 189 Episode T: 1000 Reward: 6535.858
Total T: 190000 Episode Num: 190 Episode T: 1000 Reward: 6450.505
---------------------------------------
Evaluation over 10 episodes: 6617.876
---------------------------------------
Total T: 191000 Episode Num: 191 Episode T: 1000 Reward: 6515.082
Total T: 192000 Episode Num: 192 Episode T: 1000 Reward: 6554.385
Total T: 193000 Episode Num: 193 Episode T: 1000 Reward: 6634.906
Total T: 194000 Episode Num: 194 Episode T: 1000 Reward: 6539.306
Total T: 195000 Episode Num: 195 Episode T: 1000 Reward: 6629.411
---------------------------------------
Evaluation over 10 episodes: 6651.480
---------------------------------------
Total T: 196000 Episode Num: 196 Episode T: 1000 Reward: 6595.661
Total T: 197000 Episode Num: 197 Episode T: 1000 Reward: 6635.590
Total T: 198000 Episode Num: 198 Episode T: 1000 Reward: 6474.204
Total T: 199000 Episode Num: 199 Episode T: 1000 Reward: 6581.914
Total T: 200000 Episode Num: 200 Episode T: 1000 Reward: 6713.791
---------------------------------------
Evaluation over 10 episodes: 6785.072
---------------------------------------
Total T: 201000 Episode Num: 201 Episode T: 1000 Reward: 6617.672
Total T: 202000 Episode Num: 202 Episode T: 1000 Reward: 6677.997
Total T: 203000 Episode Num: 203 Episode T: 1000 Reward: 6695.832
Total T: 204000 Episode Num: 204 Episode T: 1000 Reward: 6597.307
Total T: 205000 Episode Num: 205 Episode T: 1000 Reward: 6722.887
---------------------------------------
Evaluation over 10 episodes: 6757.391
---------------------------------------
Total T: 206000 Episode Num: 206 Episode T: 1000 Reward: 6700.130
Total T: 207000 Episode Num: 207 Episode T: 1000 Reward: 6757.617
Total T: 208000 Episode Num: 208 Episode T: 1000 Reward: 6737.882
Total T: 209000 Episode Num: 209 Episode T: 1000 Reward: 6884.685
Total T: 210000 Episode Num: 210 Episode T: 1000 Reward: 6634.347
---------------------------------------
Evaluation over 10 episodes: 6121.638
---------------------------------------
Total T: 211000 Episode Num: 211 Episode T: 1000 Reward: 6557.619
Total T: 212000 Episode Num: 212 Episode T: 1000 Reward: 6975.118
Total T: 213000 Episode Num: 213 Episode T: 1000 Reward: 6743.151
Total T: 214000 Episode Num: 214 Episode T: 1000 Reward: 6922.504
Total T: 215000 Episode Num: 215 Episode T: 1000 Reward: 6830.494
---------------------------------------
Evaluation over 10 episodes: 6741.720
---------------------------------------
Total T: 216000 Episode Num: 216 Episode T: 1000 Reward: 1713.331
Total T: 217000 Episode Num: 217 Episode T: 1000 Reward: 6959.979
Total T: 218000 Episode Num: 218 Episode T: 1000 Reward: 6711.930
Total T: 219000 Episode Num: 219 Episode T: 1000 Reward: 6833.714
Total T: 220000 Episode Num: 220 Episode T: 1000 Reward: 6888.602
---------------------------------------
Evaluation over 10 episodes: 6901.564
---------------------------------------
Total T: 221000 Episode Num: 221 Episode T: 1000 Reward: 6835.842
Total T: 222000 Episode Num: 222 Episode T: 1000 Reward: 6899.829
Total T: 223000 Episode Num: 223 Episode T: 1000 Reward: 6820.259
Total T: 224000 Episode Num: 224 Episode T: 1000 Reward: 6747.967
Total T: 225000 Episode Num: 225 Episode T: 1000 Reward: 6800.292
---------------------------------------
Evaluation over 10 episodes: 6305.356
---------------------------------------
Total T: 226000 Episode Num: 226 Episode T: 1000 Reward: 6700.291
Total T: 227000 Episode Num: 227 Episode T: 1000 Reward: 6763.830
Total T: 228000 Episode Num: 228 Episode T: 1000 Reward: 6831.211
Total T: 229000 Episode Num: 229 Episode T: 1000 Reward: 6954.882
Total T: 230000 Episode Num: 230 Episode T: 1000 Reward: 6885.665
---------------------------------------
Evaluation over 10 episodes: 6807.704
---------------------------------------
Total T: 231000 Episode Num: 231 Episode T: 1000 Reward: 6835.062
Total T: 232000 Episode Num: 232 Episode T: 1000 Reward: 6904.677
Total T: 233000 Episode Num: 233 Episode T: 1000 Reward: 6951.486
Total T: 234000 Episode Num: 234 Episode T: 1000 Reward: 6779.315
Total T: 235000 Episode Num: 235 Episode T: 1000 Reward: 7010.589
---------------------------------------
Evaluation over 10 episodes: 7035.903
---------------------------------------
Total T: 236000 Episode Num: 236 Episode T: 1000 Reward: 6990.385
Total T: 237000 Episode Num: 237 Episode T: 1000 Reward: 6920.807
Total T: 238000 Episode Num: 238 Episode T: 1000 Reward: 7017.102
Total T: 239000 Episode Num: 239 Episode T: 1000 Reward: 7044.344
Total T: 240000 Episode Num: 240 Episode T: 1000 Reward: 6886.570
---------------------------------------
Evaluation over 10 episodes: 6994.366
---------------------------------------
Total T: 241000 Episode Num: 241 Episode T: 1000 Reward: 6790.316
Total T: 242000 Episode Num: 242 Episode T: 1000 Reward: 6956.294
Total T: 243000 Episode Num: 243 Episode T: 1000 Reward: 6850.099
Total T: 244000 Episode Num: 244 Episode T: 1000 Reward: 6985.503
Total T: 245000 Episode Num: 245 Episode T: 1000 Reward: 7069.701
---------------------------------------
Evaluation over 10 episodes: 7149.521
---------------------------------------
Total T: 246000 Episode Num: 246 Episode T: 1000 Reward: 7054.953
Total T: 247000 Episode Num: 247 Episode T: 1000 Reward: 6992.161
Total T: 248000 Episode Num: 248 Episode T: 1000 Reward: 6955.624
Total T: 249000 Episode Num: 249 Episode T: 1000 Reward: 7152.972
Total T: 250000 Episode Num: 250 Episode T: 1000 Reward: 7144.730
---------------------------------------
Evaluation over 10 episodes: 7114.046
---------------------------------------
Total T: 251000 Episode Num: 251 Episode T: 1000 Reward: 6900.299
Total T: 252000 Episode Num: 252 Episode T: 1000 Reward: 7034.354
Total T: 253000 Episode Num: 253 Episode T: 1000 Reward: 7131.163
Total T: 254000 Episode Num: 254 Episode T: 1000 Reward: 6813.155
Total T: 255000 Episode Num: 255 Episode T: 1000 Reward: 7197.310
---------------------------------------
Evaluation over 10 episodes: 6976.384
---------------------------------------
Total T: 256000 Episode Num: 256 Episode T: 1000 Reward: 6990.502
Total T: 257000 Episode Num: 257 Episode T: 1000 Reward: 7122.768
Total T: 258000 Episode Num: 258 Episode T: 1000 Reward: 6938.866
Total T: 259000 Episode Num: 259 Episode T: 1000 Reward: 7110.072
Total T: 260000 Episode Num: 260 Episode T: 1000 Reward: 7281.004
---------------------------------------
Evaluation over 10 episodes: 7160.907
---------------------------------------
Total T: 261000 Episode Num: 261 Episode T: 1000 Reward: 7109.278
Total T: 262000 Episode Num: 262 Episode T: 1000 Reward: 7020.886
Total T: 263000 Episode Num: 263 Episode T: 1000 Reward: 7195.884
Total T: 264000 Episode Num: 264 Episode T: 1000 Reward: 7046.177
Total T: 265000 Episode Num: 265 Episode T: 1000 Reward: 7087.246
---------------------------------------
Evaluation over 10 episodes: 7153.501
---------------------------------------
Total T: 266000 Episode Num: 266 Episode T: 1000 Reward: 7038.293
Total T: 267000 Episode Num: 267 Episode T: 1000 Reward: 7200.913
Total T: 268000 Episode Num: 268 Episode T: 1000 Reward: 7194.964
Total T: 269000 Episode Num: 269 Episode T: 1000 Reward: 6866.404
Total T: 270000 Episode Num: 270 Episode T: 1000 Reward: 7074.612
---------------------------------------
Evaluation over 10 episodes: 7218.335
---------------------------------------
Total T: 271000 Episode Num: 271 Episode T: 1000 Reward: 7061.238
Total T: 272000 Episode Num: 272 Episode T: 1000 Reward: 7138.761
Total T: 273000 Episode Num: 273 Episode T: 1000 Reward: 6773.493
Total T: 274000 Episode Num: 274 Episode T: 1000 Reward: 7142.214
Total T: 275000 Episode Num: 275 Episode T: 1000 Reward: 7199.023
---------------------------------------
Evaluation over 10 episodes: 7270.071
---------------------------------------
Total T: 276000 Episode Num: 276 Episode T: 1000 Reward: 7304.527