---------------------------------------
Policy: TD3, Env: Swimmer-v2, Seed: 0
---------------------------------------
---------------------------------------
Evaluation over 10 episodes: 2.207
---------------------------------------
Total T: 1000 Episode Num: 1 Episode T: 1000 Reward: 12.197
Total T: 2000 Episode Num: 2 Episode T: 1000 Reward: -4.105
Total T: 3000 Episode Num: 3 Episode T: 1000 Reward: -5.316
Total T: 4000 Episode Num: 4 Episode T: 1000 Reward: -8.777
Total T: 5000 Episode Num: 5 Episode T: 1000 Reward: -13.250
---------------------------------------
Evaluation over 10 episodes: 2.316
---------------------------------------
Total T: 6000 Episode Num: 6 Episode T: 1000 Reward: -9.399
Total T: 7000 Episode Num: 7 Episode T: 1000 Reward: 6.820
Total T: 8000 Episode Num: 8 Episode T: 1000 Reward: 2.789
Total T: 9000 Episode Num: 9 Episode T: 1000 Reward: 2.880
Total T: 10000 Episode Num: 10 Episode T: 1000 Reward: -3.766
---------------------------------------
Evaluation over 10 episodes: 4.944
---------------------------------------
Total T: 11000 Episode Num: 11 Episode T: 1000 Reward: -15.874
Total T: 12000 Episode Num: 12 Episode T: 1000 Reward: 6.608
Total T: 13000 Episode Num: 13 Episode T: 1000 Reward: 1.589
Total T: 14000 Episode Num: 14 Episode T: 1000 Reward: 18.060
Total T: 15000 Episode Num: 15 Episode T: 1000 Reward: -25.995
---------------------------------------
Evaluation over 10 episodes: 4.892
---------------------------------------
Total T: 16000 Episode Num: 16 Episode T: 1000 Reward: -2.773
Total T: 17000 Episode Num: 17 Episode T: 1000 Reward: 7.932
Total T: 18000 Episode Num: 18 Episode T: 1000 Reward: -2.576
Total T: 19000 Episode Num: 19 Episode T: 1000 Reward: -11.881
Total T: 20000 Episode Num: 20 Episode T: 1000 Reward: -0.441
---------------------------------------
Evaluation over 10 episodes: -0.449
---------------------------------------
Total T: 21000 Episode Num: 21 Episode T: 1000 Reward: -6.246
Total T: 22000 Episode Num: 22 Episode T: 1000 Reward: 18.859
Total T: 23000 Episode Num: 23 Episode T: 1000 Reward: 8.178
Total T: 24000 Episode Num: 24 Episode T: 1000 Reward: -0.725
Total T: 25000 Episode Num: 25 Episode T: 1000 Reward: 21.089
---------------------------------------
Evaluation over 10 episodes: 4.919
---------------------------------------
Total T: 26000 Episode Num: 26 Episode T: 1000 Reward: -2.531
Total T: 27000 Episode Num: 27 Episode T: 1000 Reward: 38.396
Total T: 28000 Episode Num: 28 Episode T: 1000 Reward: 36.058
Total T: 29000 Episode Num: 29 Episode T: 1000 Reward: 39.684
Total T: 30000 Episode Num: 30 Episode T: 1000 Reward: 25.793
---------------------------------------
Evaluation over 10 episodes: 26.043
---------------------------------------
Total T: 31000 Episode Num: 31 Episode T: 1000 Reward: 33.750
Total T: 32000 Episode Num: 32 Episode T: 1000 Reward: 21.085
Total T: 33000 Episode Num: 33 Episode T: 1000 Reward: 31.674
Total T: 34000 Episode Num: 34 Episode T: 1000 Reward: 29.614
Total T: 35000 Episode Num: 35 Episode T: 1000 Reward: 29.583
---------------------------------------
Evaluation over 10 episodes: 33.644
---------------------------------------
Total T: 36000 Episode Num: 36 Episode T: 1000 Reward: -1.957
Total T: 37000 Episode Num: 37 Episode T: 1000 Reward: 19.938
Total T: 38000 Episode Num: 38 Episode T: 1000 Reward: 21.162
Total T: 39000 Episode Num: 39 Episode T: 1000 Reward: 18.972
Total T: 40000 Episode Num: 40 Episode T: 1000 Reward: 20.352
---------------------------------------
Evaluation over 10 episodes: 19.948
---------------------------------------
Total T: 41000 Episode Num: 41 Episode T: 1000 Reward: 16.628
Total T: 42000 Episode Num: 42 Episode T: 1000 Reward: 22.941
Total T: 43000 Episode Num: 43 Episode T: 1000 Reward: 22.724
Total T: 44000 Episode Num: 44 Episode T: 1000 Reward: 33.723
Total T: 45000 Episode Num: 45 Episode T: 1000 Reward: 29.550
---------------------------------------
Evaluation over 10 episodes: 38.965
---------------------------------------
Total T: 46000 Episode Num: 46 Episode T: 1000 Reward: 30.719
Total T: 47000 Episode Num: 47 Episode T: 1000 Reward: 39.060
Total T: 48000 Episode Num: 48 Episode T: 1000 Reward: 43.481
Total T: 49000 Episode Num: 49 Episode T: 1000 Reward: 37.449
Total T: 50000 Episode Num: 50 Episode T: 1000 Reward: 26.990
---------------------------------------
Evaluation over 10 episodes: 14.178
---------------------------------------
Total T: 51000 Episode Num: 51 Episode T: 1000 Reward: 14.322
Total T: 52000 Episode Num: 52 Episode T: 1000 Reward: 10.736
Total T: 53000 Episode Num: 53 Episode T: 1000 Reward: 14.299
Total T: 54000 Episode Num: 54 Episode T: 1000 Reward: 12.303
Total T: 55000 Episode Num: 55 Episode T: 1000 Reward: 78.391
---------------------------------------
Evaluation over 10 episodes: 44.897
---------------------------------------
Total T: 56000 Episode Num: 56 Episode T: 1000 Reward: 85.585
Total T: 57000 Episode Num: 57 Episode T: 1000 Reward: 14.012
Total T: 58000 Episode Num: 58 Episode T: 1000 Reward: 17.929
Total T: 59000 Episode Num: 59 Episode T: 1000 Reward: 20.529
Total T: 60000 Episode Num: 60 Episode T: 1000 Reward: 19.284
---------------------------------------
Evaluation over 10 episodes: 21.023
---------------------------------------
Total T: 61000 Episode Num: 61 Episode T: 1000 Reward: 22.841
Total T: 62000 Episode Num: 62 Episode T: 1000 Reward: 10.860
Total T: 63000 Episode Num: 63 Episode T: 1000 Reward: 21.125
Total T: 64000 Episode Num: 64 Episode T: 1000 Reward: 34.609
Total T: 65000 Episode Num: 65 Episode T: 1000 Reward: 12.147
---------------------------------------
Evaluation over 10 episodes: 30.022
---------------------------------------
Total T: 66000 Episode Num: 66 Episode T: 1000 Reward: 32.101
Total T: 67000 Episode Num: 67 Episode T: 1000 Reward: 36.836
Total T: 68000 Episode Num: 68 Episode T: 1000 Reward: 39.408
Total T: 69000 Episode Num: 69 Episode T: 1000 Reward: 41.787
Total T: 70000 Episode Num: 70 Episode T: 1000 Reward: 40.794
---------------------------------------
Evaluation over 10 episodes: 41.760
---------------------------------------
Total T: 71000 Episode Num: 71 Episode T: 1000 Reward: 30.626
Total T: 72000 Episode Num: 72 Episode T: 1000 Reward: 29.218
Total T: 73000 Episode Num: 73 Episode T: 1000 Reward: 34.899
Total T: 74000 Episode Num: 74 Episode T: 1000 Reward: 34.085
Total T: 75000 Episode Num: 75 Episode T: 1000 Reward: 35.678
---------------------------------------
Evaluation over 10 episodes: 39.502
---------------------------------------
Total T: 76000 Episode Num: 76 Episode T: 1000 Reward: 40.947
Total T: 77000 Episode Num: 77 Episode T: 1000 Reward: 38.160
Total T: 78000 Episode Num: 78 Episode T: 1000 Reward: 43.968
Total T: 79000 Episode Num: 79 Episode T: 1000 Reward: 40.066
Total T: 80000 Episode Num: 80 Episode T: 1000 Reward: 42.861
---------------------------------------
Evaluation over 10 episodes: 47.245
---------------------------------------
Total T: 81000 Episode Num: 81 Episode T: 1000 Reward: 43.065
Total T: 82000 Episode Num: 82 Episode T: 1000 Reward: 45.217
Total T: 83000 Episode Num: 83 Episode T: 1000 Reward: 49.106
Total T: 84000 Episode Num: 84 Episode T: 1000 Reward: 47.055
Total T: 85000 Episode Num: 85 Episode T: 1000 Reward: 48.543
---------------------------------------
Evaluation over 10 episodes: 14.814
---------------------------------------
Total T: 86000 Episode Num: 86 Episode T: 1000 Reward: 32.587
Total T: 87000 Episode Num: 87 Episode T: 1000 Reward: 38.896
Total T: 88000 Episode Num: 88 Episode T: 1000 Reward: 29.612
Total T: 89000 Episode Num: 89 Episode T: 1000 Reward: 34.824
Total T: 90000 Episode Num: 90 Episode T: 1000 Reward: 38.911
---------------------------------------
Evaluation over 10 episodes: 40.811
---------------------------------------
Total T: 91000 Episode Num: 91 Episode T: 1000 Reward: 43.376
Total T: 92000 Episode Num: 92 Episode T: 1000 Reward: 43.534
Total T: 93000 Episode Num: 93 Episode T: 1000 Reward: 47.240
Total T: 94000 Episode Num: 94 Episode T: 1000 Reward: 46.075
Total T: 95000 Episode Num: 95 Episode T: 1000 Reward: 44.964
---------------------------------------
Evaluation over 10 episodes: 55.693
---------------------------------------
Total T: 96000 Episode Num: 96 Episode T: 1000 Reward: 44.107
Total T: 97000 Episode Num: 97 Episode T: 1000 Reward: 45.871
Total T: 98000 Episode Num: 98 Episode T: 1000 Reward: 45.547
Total T: 99000 Episode Num: 99 Episode T: 1000 Reward: 44.989
Total T: 100000 Episode Num: 100 Episode T: 1000 Reward: 52.990
---------------------------------------
Evaluation over 10 episodes: 55.751
---------------------------------------
Total T: 101000 Episode Num: 101 Episode T: 1000 Reward: 55.565
Total T: 102000 Episode Num: 102 Episode T: 1000 Reward: 48.165
Total T: 103000 Episode Num: 103 Episode T: 1000 Reward: 48.389
Total T: 104000 Episode Num: 104 Episode T: 1000 Reward: 45.946
Total T: 105000 Episode Num: 105 Episode T: 1000 Reward: 53.436
---------------------------------------
Evaluation over 10 episodes: 56.031
---------------------------------------
Total T: 106000 Episode Num: 106 Episode T: 1000 Reward: 49.326
Total T: 107000 Episode Num: 107 Episode T: 1000 Reward: 49.686
Total T: 108000 Episode Num: 108 Episode T: 1000 Reward: 48.217
Total T: 109000 Episode Num: 109 Episode T: 1000 Reward: 46.062
Total T: 110000 Episode Num: 110 Episode T: 1000 Reward: 52.074
---------------------------------------
Evaluation over 10 episodes: 51.409
---------------------------------------
Total T: 111000 Episode Num: 111 Episode T: 1000 Reward: 48.166
Total T: 112000 Episode Num: 112 Episode T: 1000 Reward: 49.244
Total T: 113000 Episode Num: 113 Episode T: 1000 Reward: 45.269
Total T: 114000 Episode Num: 114 Episode T: 1000 Reward: 45.219
Total T: 115000 Episode Num: 115 Episode T: 1000 Reward: 41.207
---------------------------------------
Evaluation over 10 episodes: 48.911
---------------------------------------
Total T: 116000 Episode Num: 116 Episode T: 1000 Reward: 48.197
Total T: 117000 Episode Num: 117 Episode T: 1000 Reward: 47.977
Total T: 118000 Episode Num: 118 Episode T: 1000 Reward: 47.129
Total T: 119000 Episode Num: 119 Episode T: 1000 Reward: 48.309
Total T: 120000 Episode Num: 120 Episode T: 1000 Reward: 48.562
---------------------------------------
Evaluation over 10 episodes: 51.377
---------------------------------------
Total T: 121000 Episode Num: 121 Episode T: 1000 Reward: 46.963
Total T: 122000 Episode Num: 122 Episode T: 1000 Reward: 44.714
Total T: 123000 Episode Num: 123 Episode T: 1000 Reward: 46.794
Total T: 124000 Episode Num: 124 Episode T: 1000 Reward: 39.350
Total T: 125000 Episode Num: 125 Episode T: 1000 Reward: 46.797
---------------------------------------
Evaluation over 10 episodes: 51.437
---------------------------------------
Total T: 126000 Episode Num: 126 Episode T: 1000 Reward: 45.156
Total T: 127000 Episode Num: 127 Episode T: 1000 Reward: 50.926
Total T: 128000 Episode Num: 128 Episode T: 1000 Reward: 47.794
Total T: 129000 Episode Num: 129 Episode T: 1000 Reward: 47.833
Total T: 130000 Episode Num: 130 Episode T: 1000 Reward: 30.302
---------------------------------------
Evaluation over 10 episodes: 46.402
---------------------------------------
Total T: 131000 Episode Num: 131 Episode T: 1000 Reward: 23.716
Total T: 132000 Episode Num: 132 Episode T: 1000 Reward: 49.221
Total T: 133000 Episode Num: 133 Episode T: 1000 Reward: 27.523
Total T: 134000 Episode Num: 134 Episode T: 1000 Reward: 29.086
Total T: 135000 Episode Num: 135 Episode T: 1000 Reward: 43.819
---------------------------------------
Evaluation over 10 episodes: 43.181
---------------------------------------
Total T: 136000 Episode Num: 136 Episode T: 1000 Reward: 34.427
Total T: 137000 Episode Num: 137 Episode T: 1000 Reward: 44.770
Total T: 138000 Episode Num: 138 Episode T: 1000 Reward: 6.546
Total T: 139000 Episode Num: 139 Episode T: 1000 Reward: 25.903
Total T: 140000 Episode Num: 140 Episode T: 1000 Reward: 36.870
---------------------------------------
Evaluation over 10 episodes: 31.739
---------------------------------------
Total T: 141000 Episode Num: 141 Episode T: 1000 Reward: 20.367
Total T: 142000 Episode Num: 142 Episode T: 1000 Reward: 43.496
Total T: 143000 Episode Num: 143 Episode T: 1000 Reward: 27.574
Total T: 144000 Episode Num: 144 Episode T: 1000 Reward: 36.056
Total T: 145000 Episode Num: 145 Episode T: 1000 Reward: 44.573
---------------------------------------
Evaluation over 10 episodes: 42.063
---------------------------------------
Total T: 146000 Episode Num: 146 Episode T: 1000 Reward: 44.935
Total T: 147000 Episode Num: 147 Episode T: 1000 Reward: 44.560
Total T: 148000 Episode Num: 148 Episode T: 1000 Reward: 42.102
Total T: 149000 Episode Num: 149 Episode T: 1000 Reward: 44.008
Total T: 150000 Episode Num: 150 Episode T: 1000 Reward: 49.409
---------------------------------------
Evaluation over 10 episodes: 42.677
---------------------------------------
Total T: 151000 Episode Num: 151 Episode T: 1000 Reward: 42.218
Total T: 152000 Episode Num: 152 Episode T: 1000 Reward: 43.001
Total T: 153000 Episode Num: 153 Episode T: 1000 Reward: 44.973
Total T: 154000 Episode Num: 154 Episode T: 1000 Reward: 41.911
Total T: 155000 Episode Num: 155 Episode T: 1000 Reward: 47.207
---------------------------------------
Evaluation over 10 episodes: 43.478
---------------------------------------
Total T: 156000 Episode Num: 156 Episode T: 1000 Reward: 45.296
Total T: 157000 Episode Num: 157 Episode T: 1000 Reward: 44.727
Total T: 158000 Episode Num: 158 Episode T: 1000 Reward: 46.028
Total T: 159000 Episode Num: 159 Episode T: 1000 Reward: 47.385
Total T: 160000 Episode Num: 160 Episode T: 1000 Reward: 44.332
---------------------------------------
Evaluation over 10 episodes: 46.952
---------------------------------------
Total T: 161000 Episode Num: 161 Episode T: 1000 Reward: 43.283
Total T: 162000 Episode Num: 162 Episode T: 1000 Reward: 44.566
Total T: 163000 Episode Num: 163 Episode T: 1000 Reward: 46.578
Total T: 164000 Episode Num: 164 Episode T: 1000 Reward: 43.769
Total T: 165000 Episode Num: 165 Episode T: 1000 Reward: 44.269
---------------------------------------
Evaluation over 10 episodes: 46.306
---------------------------------------
Total T: 166000 Episode Num: 166 Episode T: 1000 Reward: 45.292
Total T: 167000 Episode Num: 167 Episode T: 1000 Reward: 42.681
Total T: 168000 Episode Num: 168 Episode T: 1000 Reward: 45.039
Total T: 169000 Episode Num: 169 Episode T: 1000 Reward: 44.312
Total T: 170000 Episode Num: 170 Episode T: 1000 Reward: 54.929
---------------------------------------
Evaluation over 10 episodes: 39.987
---------------------------------------
Total T: 171000 Episode Num: 171 Episode T: 1000 Reward: 34.193
Total T: 172000 Episode Num: 172 Episode T: 1000 Reward: 51.451
Total T: 173000 Episode Num: 173 Episode T: 1000 Reward: 40.148
Total T: 174000 Episode Num: 174 Episode T: 1000 Reward: 41.919
Total T: 175000 Episode Num: 175 Episode T: 1000 Reward: 38.455
---------------------------------------
Evaluation over 10 episodes: 49.265
---------------------------------------
Total T: 176000 Episode Num: 176 Episode T: 1000 Reward: 50.095
Total T: 177000 Episode Num: 177 Episode T: 1000 Reward: 42.653
Total T: 178000 Episode Num: 178 Episode T: 1000 Reward: 40.271
Total T: 179000 Episode Num: 179 Episode T: 1000 Reward: 41.490
Total T: 180000 Episode Num: 180 Episode T: 1000 Reward: 45.639
---------------------------------------
Evaluation over 10 episodes: 51.323
---------------------------------------
Total T: 181000 Episode Num: 181 Episode T: 1000 Reward: 48.463
Total T: 182000 Episode Num: 182 Episode T: 1000 Reward: -14.769
Total T: 183000 Episode Num: 183 Episode T: 1000 Reward: 42.528
Total T: 184000 Episode Num: 184 Episode T: 1000 Reward: 45.352
Total T: 185000 Episode Num: 185 Episode T: 1000 Reward: 8.929
---------------------------------------
Evaluation over 10 episodes: 2.057
---------------------------------------
Total T: 186000 Episode Num: 186 Episode T: 1000 Reward: 7.127
Total T: 187000 Episode Num: 187 Episode T: 1000 Reward: 3.689
Total T: 188000 Episode Num: 188 Episode T: 1000 Reward: 8.978
Total T: 189000 Episode Num: 189 Episode T: 1000 Reward: 10.537
Total T: 190000 Episode Num: 190 Episode T: 1000 Reward: 10.820
---------------------------------------
Evaluation over 10 episodes: 2.793
---------------------------------------
Total T: 191000 Episode Num: 191 Episode T: 1000 Reward: 3.451
Total T: 192000 Episode Num: 192 Episode T: 1000 Reward: 14.521
Total T: 193000 Episode Num: 193 Episode T: 1000 Reward: 3.377
Total T: 194000 Episode Num: 194 Episode T: 1000 Reward: 29.226
Total T: 195000 Episode Num: 195 Episode T: 1000 Reward: 44.045
---------------------------------------
Evaluation over 10 episodes: 36.963
---------------------------------------
Total T: 196000 Episode Num: 196 Episode T: 1000 Reward: 37.337
Total T: 197000 Episode Num: 197 Episode T: 1000 Reward: 40.463
Total T: 198000 Episode Num: 198 Episode T: 1000 Reward: 47.215
Total T: 199000 Episode Num: 199 Episode T: 1000 Reward: 38.885
Total T: 200000 Episode Num: 200 Episode T: 1000 Reward: 40.792
---------------------------------------
Evaluation over 10 episodes: 48.283
---------------------------------------
Total T: 201000 Episode Num: 201 Episode T: 1000 Reward: 42.584
Total T: 202000 Episode Num: 202 Episode T: 1000 Reward: 45.527
Total T: 203000 Episode Num: 203 Episode T: 1000 Reward: 45.364
Total T: 204000 Episode Num: 204 Episode T: 1000 Reward: 44.707
Total T: 205000 Episode Num: 205 Episode T: 1000 Reward: 43.548
---------------------------------------
Evaluation over 10 episodes: 45.351
---------------------------------------
Total T: 206000 Episode Num: 206 Episode T: 1000 Reward: 48.992
Total T: 207000 Episode Num: 207 Episode T: 1000 Reward: 47.538
Total T: 208000 Episode Num: 208 Episode T: 1000 Reward: 42.265
Total T: 209000 Episode Num: 209 Episode T: 1000 Reward: 41.622
Total T: 210000 Episode Num: 210 Episode T: 1000 Reward: 43.432
---------------------------------------
Evaluation over 10 episodes: 44.321
---------------------------------------
Total T: 211000 Episode Num: 211 Episode T: 1000 Reward: 43.777
Total T: 212000 Episode Num: 212 Episode T: 1000 Reward: 42.838
Total T: 213000 Episode Num: 213 Episode T: 1000 Reward: 43.032
Total T: 214000 Episode Num: 214 Episode T: 1000 Reward: 44.585
Total T: 215000 Episode Num: 215 Episode T: 1000 Reward: 42.043
---------------------------------------
Evaluation over 10 episodes: 43.724
---------------------------------------
Total T: 216000 Episode Num: 216 Episode T: 1000 Reward: 42.637
Total T: 217000 Episode Num: 217 Episode T: 1000 Reward: 48.289
Total T: 218000 Episode Num: 218 Episode T: 1000 Reward: 32.180
Total T: 219000 Episode Num: 219 Episode T: 1000 Reward: 47.052
Total T: 220000 Episode Num: 220 Episode T: 1000 Reward: 45.517
---------------------------------------
Evaluation over 10 episodes: 46.349
---------------------------------------
Total T: 221000 Episode Num: 221 Episode T: 1000 Reward: 46.332
Total T: 222000 Episode Num: 222 Episode T: 1000 Reward: 45.339
Total T: 223000 Episode Num: 223 Episode T: 1000 Reward: 45.514
Total T: 224000 Episode Num: 224 Episode T: 1000 Reward: 45.559
Total T: 225000 Episode Num: 225 Episode T: 1000 Reward: 45.938
---------------------------------------
Evaluation over 10 episodes: 48.656
---------------------------------------
Total T: 226000 Episode Num: 226 Episode T: 1000 Reward: 43.604
Total T: 227000 Episode Num: 227 Episode T: 1000 Reward: 45.725
Total T: 228000 Episode Num: 228 Episode T: 1000 Reward: 43.335
Total T: 229000 Episode Num: 229 Episode T: 1000 Reward: 42.934
Total T: 230000 Episode Num: 230 Episode T: 1000 Reward: 46.666
---------------------------------------
Evaluation over 10 episodes: 47.909
---------------------------------------
Total T: 231000 Episode Num: 231 Episode T: 1000 Reward: 47.168
Total T: 232000 Episode Num: 232 Episode T: 1000 Reward: 41.174
Total T: 233000 Episode Num: 233 Episode T: 1000 Reward: 45.181
Total T: 234000 Episode Num: 234 Episode T: 1000 Reward: 42.165
Total T: 235000 Episode Num: 235 Episode T: 1000 Reward: 45.447
---------------------------------------
Evaluation over 10 episodes: 49.216
---------------------------------------
Total T: 236000 Episode Num: 236 Episode T: 1000 Reward: 47.068
Total T: 237000 Episode Num: 237 Episode T: 1000 Reward: 48.771
Total T: 238000 Episode Num: 238 Episode T: 1000 Reward: 48.740
Total T: 239000 Episode Num: 239 Episode T: 1000 Reward: 47.277
Total T: 240000 Episode Num: 240 Episode T: 1000 Reward: 44.334
---------------------------------------
Evaluation over 10 episodes: 46.565
---------------------------------------
Total T: 241000 Episode Num: 241 Episode T: 1000 Reward: 46.218
Total T: 242000 Episode Num: 242 Episode T: 1000 Reward: 45.343
Total T: 243000 Episode Num: 243 Episode T: 1000 Reward: 46.264
Total T: 244000 Episode Num: 244 Episode T: 1000 Reward: 44.411
Total T: 245000 Episode Num: 245 Episode T: 1000 Reward: 47.336
---------------------------------------
Evaluation over 10 episodes: 44.951
---------------------------------------
Total T: 246000 Episode Num: 246 Episode T: 1000 Reward: 48.389
Total T: 247000 Episode Num: 247 Episode T: 1000 Reward: 46.645
Total T: 248000 Episode Num: 248 Episode T: 1000 Reward: 48.880
Total T: 249000 Episode Num: 249 Episode T: 1000 Reward: 43.917
Total T: 250000 Episode Num: 250 Episode T: 1000 Reward: 43.034
---------------------------------------
Evaluation over 10 episodes: 45.789
---------------------------------------
Total T: 251000 Episode Num: 251 Episode T: 1000 Reward: 44.429
Total T: 252000 Episode Num: 252 Episode T: 1000 Reward: 43.883
Total T: 253000 Episode Num: 253 Episode T: 1000 Reward: 44.908
Total T: 254000 Episode Num: 254 Episode T: 1000 Reward: 43.544
Total T: 255000 Episode Num: 255 Episode T: 1000 Reward: 44.272
---------------------------------------
Evaluation over 10 episodes: 47.866
---------------------------------------
Total T: 256000 Episode Num: 256 Episode T: 1000 Reward: 43.857
Total T: 257000 Episode Num: 257 Episode T: 1000 Reward: 45.671
Total T: 258000 Episode Num: 258 Episode T: 1000 Reward: 57.949
Total T: 259000 Episode Num: 259 Episode T: 1000 Reward: 43.584
Total T: 260000 Episode Num: 260 Episode T: 1000 Reward: 43.886
---------------------------------------
Evaluation over 10 episodes: 46.256
---------------------------------------
Total T: 261000 Episode Num: 261 Episode T: 1000 Reward: 47.096
Total T: 262000 Episode Num: 262 Episode T: 1000 Reward: 46.555
Total T: 263000 Episode Num: 263 Episode T: 1000 Reward: 48.841
Total T: 264000 Episode Num: 264 Episode T: 1000 Reward: 57.312
Total T: 265000 Episode Num: 265 Episode T: 1000 Reward: 45.226
---------------------------------------
Evaluation over 10 episodes: 48.468
---------------------------------------
Total T: 266000 Episode Num: 266 Episode T: 1000 Reward: 58.303
Total T: 267000 Episode Num: 267 Episode T: 1000 Reward: 45.335
Total T: 268000 Episode Num: 268 Episode T: 1000 Reward: 44.562
Total T: 269000 Episode Num: 269 Episode T: 1000 Reward: 45.770
Total T: 270000 Episode Num: 270 Episode T: 1000 Reward: 46.220
---------------------------------------
Evaluation over 10 episodes: 48.714
---------------------------------------
Total T: 271000 Episode Num: 271 Episode T: 1000 Reward: 45.261
Total T: 272000 Episode Num: 272 Episode T: 1000 Reward: 55.873
Total T: 273000 Episode Num: 273 Episode T: 1000 Reward: 45.267
Total T: 274000 Episode Num: 274 Episode T: 1000 Reward: 43.909
Total T: 275000 Episode Num: 275 Episode T: 1000 Reward: 46.569
---------------------------------------
Evaluation over 10 episodes: 47.918
---------------------------------------
Total T: 276000 Episode Num: 276 Episode T: 1000 Reward: 49.168
Total T: 277000 Episode Num: 277 Episode T: 1000 Reward: 45.505
Total T: 278000 Episode Num: 278 Episode T: 1000 Reward: 45.602
Total T: 279000 Episode Num: 279 Episode T: 1000 Reward: 46.917
Total T: 280000 Episode Num: 280 Episode T: 1000 Reward: 45.434
---------------------------------------
Evaluation over 10 episodes: 47.692
---------------------------------------
Total T: 281000 Episode Num: 281 Episode T: 1000 Reward: 44.772
Total T: 282000 Episode Num: 282 Episode T: 1000 Reward: 46.950
Total T: 283000 Episode Num: 283 Episode T: 1000 Reward: 46.197
Total T: 284000 Episode Num: 284 Episode T: 1000 Reward: 44.265
Total T: 285000 Episode Num: 285 Episode T: 1000 Reward: 45.210
---------------------------------------
Evaluation over 10 episodes: 47.819
---------------------------------------
Total T: 286000 Episode Num: 286 Episode T: 1000 Reward: 45.873
Total T: 287000 Episode Num: 287 Episode T: 1000 Reward: 43.855
Total T: 288000 Episode Num: 288 Episode T: 1000 Reward: 45.726
Total T: 289000 Episode Num: 289 Episode T: 1000 Reward: 48.525
Total T: 290000 Episode Num: 290 Episode T: 1000 Reward: 47.524
---------------------------------------
Evaluation over 10 episodes: 46.987
---------------------------------------
Total T: 291000 Episode Num: 291 Episode T: 1000 Reward: 45.111
Total T: 292000 Episode Num: 292 Episode T: 1000 Reward: 52.572
Total T: 293000 Episode Num: 293 Episode T: 1000 Reward: 46.040
Total T: 294000 Episode Num: 294 Episode T: 1000 Reward: 48.172
Total T: 295000 Episode Num: 295 Episode T: 1000 Reward: 50.022
---------------------------------------
Evaluation over 10 episodes: 44.956
---------------------------------------
Total T: 296000 Episode Num: 296 Episode T: 1000 Reward: 46.813
Total T: 297000 Episode Num: 297 Episode T: 1000 Reward: 47.571
Total T: 298000 Episode Num: 298 Episode T: 1000 Reward: 50.177
Total T: 299000 Episode Num: 299 Episode T: 1000 Reward: 53.783
Total T: 300000 Episode Num: 300 Episode T: 1000 Reward: 48.681
---------------------------------------
Evaluation over 10 episodes: 48.304
---------------------------------------
Total T: 301000 Episode Num: 301 Episode T: 1000 Reward: 47.442
Total T: 302000 Episode Num: 302 Episode T: 1000 Reward: 49.846
Total T: 303000 Episode Num: 303 Episode T: 1000 Reward: 52.036
Total T: 304000 Episode Num: 304 Episode T: 1000 Reward: 48.004
Total T: 305000 Episode Num: 305 Episode T: 1000 Reward: 48.435
---------------------------------------
Evaluation over 10 episodes: 46.416
---------------------------------------
Total T: 306000 Episode Num: 306 Episode T: 1000 Reward: 51.714
Total T: 307000 Episode Num: 307 Episode T: 1000 Reward: 49.653
Total T: 308000 Episode Num: 308 Episode T: 1000 Reward: 54.790
Total T: 309000 Episode Num: 309 Episode T: 1000 Reward: 47.078
Total T: 310000 Episode Num: 310 Episode T: 1000 Reward: 49.475
---------------------------------------
Evaluation over 10 episodes: 49.026
---------------------------------------
Total T: 311000 Episode Num: 311 Episode T: 1000 Reward: 50.418
Total T: 312000 Episode Num: 312 Episode T: 1000 Reward: 54.932
Total T: 313000 Episode Num: 313 Episode T: 1000 Reward: 48.379
Total T: 314000 Episode Num: 314 Episode T: 1000 Reward: 51.052
Total T: 315000 Episode Num: 315 Episode T: 1000 Reward: 49.255
---------------------------------------
Evaluation over 10 episodes: 50.420
---------------------------------------
Total T: 316000 Episode Num: 316 Episode T: 1000 Reward: 47.955
Total T: 317000 Episode Num: 317 Episode T: 1000 Reward: 48.504
Total T: 318000 Episode Num: 318 Episode T: 1000 Reward: 55.278
Total T: 319000 Episode Num: 319 Episode T: 1000 Reward: 47.064
Total T: 320000 Episode Num: 320 Episode T: 1000 Reward: 51.260
---------------------------------------
Evaluation over 10 episodes: 47.783
---------------------------------------
Total T: 321000 Episode Num: 321 Episode T: 1000 Reward: 48.152
Total T: 322000 Episode Num: 322 Episode T: 1000 Reward: 48.262
Total T: 323000 Episode Num: 323 Episode T: 1000 Reward: 47.616
Total T: 324000 Episode Num: 324 Episode T: 1000 Reward: 50.366
Total T: 325000 Episode Num: 325 Episode T: 1000 Reward: 51.025
---------------------------------------
Evaluation over 10 episodes: 49.287
---------------------------------------
Total T: 326000 Episode Num: 326 Episode T: 1000 Reward: 51.603
Total T: 327000 Episode Num: 327 Episode T: 1000 Reward: 55.956
Total T: 328000 Episode Num: 328 Episode T: 1000 Reward: 49.928
Total T: 329000 Episode Num: 329 Episode T: 1000 Reward: 48.886
Total T: 330000 Episode Num: 330 Episode T: 1000 Reward: 51.147
---------------------------------------
Evaluation over 10 episodes: 51.582
---------------------------------------
Total T: 331000 Episode Num: 331 Episode T: 1000 Reward: 49.028
Total T: 332000 Episode Num: 332 Episode T: 1000 Reward: 57.027
Total T: 333000 Episode Num: 333 Episode T: 1000 Reward: 48.952
Total T: 334000 Episode Num: 334 Episode T: 1000 Reward: 50.881
Total T: 335000 Episode Num: 335 Episode T: 1000 Reward: 54.328
---------------------------------------
Evaluation over 10 episodes: 54.386
---------------------------------------
Total T: 336000 Episode Num: 336 Episode T: 1000 Reward: 53.335
Total T: 337000 Episode Num: 337 Episode T: 1000 Reward: 52.704
Total T: 338000 Episode Num: 338 Episode T: 1000 Reward: 49.670
Total T: 339000 Episode Num: 339 Episode T: 1000 Reward: 51.482
Total T: 340000 Episode Num: 340 Episode T: 1000 Reward: 52.806
---------------------------------------
Evaluation over 10 episodes: 52.374
---------------------------------------
Total T: 341000 Episode Num: 341 Episode T: 1000 Reward: 47.067
Total T: 342000 Episode Num: 342 Episode T: 1000 Reward: 56.335
Total T: 343000 Episode Num: 343 Episode T: 1000 Reward: 57.051
Total T: 344000 Episode Num: 344 Episode T: 1000 Reward: 50.690
Total T: 345000 Episode Num: 345 Episode T: 1000 Reward: 49.886
---------------------------------------
Evaluation over 10 episodes: 52.216
---------------------------------------
Total T: 346000 Episode Num: 346 Episode T: 1000 Reward: 47.586
Total T: 347000 Episode Num: 347 Episode T: 1000 Reward: 43.414
Total T: 348000 Episode Num: 348 Episode T: 1000 Reward: 58.755
Total T: 349000 Episode Num: 349 Episode T: 1000 Reward: 50.843
Total T: 350000 Episode Num: 350 Episode T: 1000 Reward: 49.229
---------------------------------------
Evaluation over 10 episodes: 50.329
---------------------------------------
Total T: 351000 Episode Num: 351 Episode T: 1000 Reward: 47.292
Total T: 352000 Episode Num: 352 Episode T: 1000 Reward: 47.858
Total T: 353000 Episode Num: 353 Episode T: 1000 Reward: 48.083
Total T: 354000 Episode Num: 354 Episode T: 1000 Reward: 53.263
Total T: 355000 Episode Num: 355 Episode T: 1000 Reward: 57.610
---------------------------------------
Evaluation over 10 episodes: 50.333
---------------------------------------
Total T: 356000 Episode Num: 356 Episode T: 1000 Reward: 54.760
Total T: 357000 Episode Num: 357 Episode T: 1000 Reward: 50.818
Total T: 358000 Episode Num: 358 Episode T: 1000 Reward: 53.298
Total T: 359000 Episode Num: 359 Episode T: 1000 Reward: 47.059
Total T: 360000 Episode Num: 360 Episode T: 1000 Reward: 50.674
---------------------------------------
Evaluation over 10 episodes: 55.102
---------------------------------------
Total T: 361000 Episode Num: 361 Episode T: 1000 Reward: 53.250
Total T: 362000 Episode Num: 362 Episode T: 1000 Reward: 54.037
Total T: 363000 Episode Num: 363 Episode T: 1000 Reward: 53.659
Total T: 364000 Episode Num: 364 Episode T: 1000 Reward: 58.057
Total T: 365000 Episode Num: 365 Episode T: 1000 Reward: 56.507
---------------------------------------
Evaluation over 10 episodes: 57.907
---------------------------------------
Total T: 366000 Episode Num: 366 Episode T: 1000 Reward: 55.560
Total T: 367000 Episode Num: 367 Episode T: 1000 Reward: 55.979
Total T: 368000 Episode Num: 368 Episode T: 1000 Reward: 54.000
Total T: 369000 Episode Num: 369 Episode T: 1000 Reward: 65.030
Total T: 370000 Episode Num: 370 Episode T: 1000 Reward: 57.425
---------------------------------------
Evaluation over 10 episodes: 56.055
---------------------------------------
Total T: 371000 Episode Num: 371 Episode T: 1000 Reward: 58.910
Total T: 372000 Episode Num: 372 Episode T: 1000 Reward: 61.249
Total T: 373000 Episode Num: 373 Episode T: 1000 Reward: 60.301
Total T: 374000 Episode Num: 374 Episode T: 1000 Reward: 57.172
Total T: 375000 Episode Num: 375 Episode T: 1000 Reward: 57.201
---------------------------------------
Evaluation over 10 episodes: 61.720
---------------------------------------
Total T: 376000 Episode Num: 376 Episode T: 1000 Reward: 58.204
Total T: 377000 Episode Num: 377 Episode T: 1000 Reward: 59.507
Total T: 378000 Episode Num: 378 Episode T: 1000 Reward: 55.661
Total T: 379000 Episode Num: 379 Episode T: 1000 Reward: 54.994
Total T: 380000 Episode Num: 380 Episode T: 1000 Reward: 57.357
---------------------------------------
Evaluation over 10 episodes: 58.784
---------------------------------------
Total T: 381000 Episode Num: 381 Episode T: 1000 Reward: 58.276
Total T: 382000 Episode Num: 382 Episode T: 1000 Reward: 56.924
Total T: 383000 Episode Num: 383 Episode T: 1000 Reward: 54.501
Total T: 384000 Episode Num: 384 Episode T: 1000 Reward: 57.383
Total T: 385000 Episode Num: 385 Episode T: 1000 Reward: 58.233
---------------------------------------
Evaluation over 10 episodes: 55.917
---------------------------------------
Total T: 386000 Episode Num: 386 Episode T: 1000 Reward: 59.437
Total T: 387000 Episode Num: 387 Episode T: 1000 Reward: 55.204
Total T: 388000 Episode Num: 388 Episode T: 1000 Reward: 61.291
Total T: 389000 Episode Num: 389 Episode T: 1000 Reward: 60.806
Total T: 390000 Episode Num: 390 Episode T: 1000 Reward: 61.912
---------------------------------------
Evaluation over 10 episodes: 58.394
---------------------------------------
Total T: 391000 Episode Num: 391 Episode T: 1000 Reward: 55.997
Total T: 392000 Episode Num: 392 Episode T: 1000 Reward: 57.050
Total T: 393000 Episode Num: 393 Episode T: 1000 Reward: 56.962
Total T: 394000 Episode Num: 394 Episode T: 1000 Reward: 57.597
Total T: 395000 Episode Num: 395 Episode T: 1000 Reward: 59.638
---------------------------------------
Evaluation over 10 episodes: 59.046
---------------------------------------
Total T: 396000 Episode Num: 396 Episode T: 1000 Reward: 60.852
Total T: 397000 Episode Num: 397 Episode T: 1000 Reward: 60.404
Total T: 398000 Episode Num: 398 Episode T: 1000 Reward: 59.420
Total T: 399000 Episode Num: 399 Episode T: 1000 Reward: 62.178
Total T: 400000 Episode Num: 400 Episode T: 1000 Reward: 59.383
---------------------------------------
Evaluation over 10 episodes: 57.508
---------------------------------------
Total T: 401000 Episode Num: 401 Episode T: 1000 Reward: 57.360
Total T: 402000 Episode Num: 402 Episode T: 1000 Reward: 62.398
Total T: 403000 Episode Num: 403 Episode T: 1000 Reward: 63.386
Total T: 404000 Episode Num: 404 Episode T: 1000 Reward: 56.487
Total T: 405000 Episode Num: 405 Episode T: 1000 Reward: 62.436
---------------------------------------
Evaluation over 10 episodes: 62.273
---------------------------------------
Total T: 406000 Episode Num: 406 Episode T: 1000 Reward: 69.606
Total T: 407000 Episode Num: 407 Episode T: 1000 Reward: 63.546
Total T: 408000 Episode Num: 408 Episode T: 1000 Reward: 69.371
Total T: 409000 Episode Num: 409 Episode T: 1000 Reward: 63.580
Total T: 410000 Episode Num: 410 Episode T: 1000 Reward: 63.973
---------------------------------------
Evaluation over 10 episodes: 65.019
---------------------------------------
Total T: 411000 Episode Num: 411 Episode T: 1000 Reward: 57.339
Total T: 412000 Episode Num: 412 Episode T: 1000 Reward: 59.750
Total T: 413000 Episode Num: 413 Episode T: 1000 Reward: 65.848
Total T: 414000 Episode Num: 414 Episode T: 1000 Reward: 66.130
Total T: 415000 Episode Num: 415 Episode T: 1000 Reward: 65.124
---------------------------------------
Evaluation over 10 episodes: 68.993
---------------------------------------
Total T: 416000 Episode Num: 416 Episode T: 1000 Reward: 68.301
Total T: 417000 Episode Num: 417 Episode T: 1000 Reward: 66.612
Total T: 418000 Episode Num: 418 Episode T: 1000 Reward: 70.133
Total T: 419000 Episode Num: 419 Episode T: 1000 Reward: 70.937
Total T: 420000 Episode Num: 420 Episode T: 1000 Reward: 68.358
---------------------------------------
Evaluation over 10 episodes: 66.752
---------------------------------------
Total T: 421000 Episode Num: 421 Episode T: 1000 Reward: 62.847
Total T: 422000 Episode Num: 422 Episode T: 1000 Reward: 69.694
Total T: 423000 Episode Num: 423 Episode T: 1000 Reward: 67.862
Total T: 424000 Episode Num: 424 Episode T: 1000 Reward: 69.181
Total T: 425000 Episode Num: 425 Episode T: 1000 Reward: 71.131
---------------------------------------
Evaluation over 10 episodes: 65.617
---------------------------------------
Total T: 426000 Episode Num: 426 Episode T: 1000 Reward: 67.830
Total T: 427000 Episode Num: 427 Episode T: 1000 Reward: 73.009
Total T: 428000 Episode Num: 428 Episode T: 1000 Reward: 67.534
Total T: 429000 Episode Num: 429 Episode T: 1000 Reward: 75.705
Total T: 430000 Episode Num: 430 Episode T: 1000 Reward: 74.170
---------------------------------------
Evaluation over 10 episodes: 67.438
---------------------------------------
Total T: 431000 Episode Num: 431 Episode T: 1000 Reward: 69.194
Total T: 432000 Episode Num: 432 Episode T: 1000 Reward: 72.057
Total T: 433000 Episode Num: 433 Episode T: 1000 Reward: 75.376
Total T: 434000 Episode Num: 434 Episode T: 1000 Reward: 71.474
Total T: 435000 Episode Num: 435 Episode T: 1000 Reward: 82.158
---------------------------------------
Evaluation over 10 episodes: 67.398
---------------------------------------
Total T: 436000 Episode Num: 436 Episode T: 1000 Reward: 69.226
Total T: 437000 Episode Num: 437 Episode T: 1000 Reward: 72.995
Total T: 438000 Episode Num: 438 Episode T: 1000 Reward: 65.795
Total T: 439000 Episode Num: 439 Episode T: 1000 Reward: 68.190
Total T: 440000 Episode Num: 440 Episode T: 1000 Reward: 70.607
---------------------------------------
Evaluation over 10 episodes: 78.722
---------------------------------------
Total T: 441000 Episode Num: 441 Episode T: 1000 Reward: 70.437
Total T: 442000 Episode Num: 442 Episode T: 1000 Reward: 72.706
Total T: 443000 Episode Num: 443 Episode T: 1000 Reward: 67.464
Total T: 444000 Episode Num: 444 Episode T: 1000 Reward: 72.754
Total T: 445000 Episode Num: 445 Episode T: 1000 Reward: 68.590
---------------------------------------
Evaluation over 10 episodes: 66.938
---------------------------------------
Total T: 446000 Episode Num: 446 Episode T: 1000 Reward: 67.581
Total T: 447000 Episode Num: 447 Episode T: 1000 Reward: 70.025
Total T: 448000 Episode Num: 448 Episode T: 1000 Reward: 74.312
Total T: 449000 Episode Num: 449 Episode T: 1000 Reward: 70.554
Total T: 450000 Episode Num: 450 Episode T: 1000 Reward: 68.770
---------------------------------------
Evaluation over 10 episodes: 69.662
---------------------------------------
Total T: 451000 Episode Num: 451 Episode T: 1000 Reward: 74.293
Total T: 452000 Episode Num: 452 Episode T: 1000 Reward: 71.200
Total T: 453000 Episode Num: 453 Episode T: 1000 Reward: 72.048
Total T: 454000 Episode Num: 454 Episode T: 1000 Reward: 90.080
Total T: 455000 Episode Num: 455 Episode T: 1000 Reward: 75.999
---------------------------------------
Evaluation over 10 episodes: 72.462
---------------------------------------
Total T: 456000 Episode Num: 456 Episode T: 1000 Reward: 70.468
Total T: 457000 Episode Num: 457 Episode T: 1000 Reward: 69.985
Total T: 458000 Episode Num: 458 Episode T: 1000 Reward: 76.356
Total T: 459000 Episode Num: 459 Episode T: 1000 Reward: 74.488
Total T: 460000 Episode Num: 460 Episode T: 1000 Reward: 70.613
---------------------------------------
Evaluation over 10 episodes: 73.394
---------------------------------------
Total T: 461000 Episode Num: 461 Episode T: 1000 Reward: 81.057
Total T: 462000 Episode Num: 462 Episode T: 1000 Reward: 73.681
Total T: 463000 Episode Num: 463 Episode T: 1000 Reward: 74.655
Total T: 464000 Episode Num: 464 Episode T: 1000 Reward: 74.690
Total T: 465000 Episode Num: 465 Episode T: 1000 Reward: 82.892
---------------------------------------
Evaluation over 10 episodes: 78.564
---------------------------------------
Total T: 466000 Episode Num: 466 Episode T: 1000 Reward: 78.411
Total T: 467000 Episode Num: 467 Episode T: 1000 Reward: 77.956
Total T: 468000 Episode Num: 468 Episode T: 1000 Reward: 80.112
Total T: 469000 Episode Num: 469 Episode T: 1000 Reward: 80.001
Total T: 470000 Episode Num: 470 Episode T: 1000 Reward: 77.624
---------------------------------------
Evaluation over 10 episodes: 77.763
---------------------------------------
Total T: 471000 Episode Num: 471 Episode T: 1000 Reward: 84.077
Total T: 472000 Episode Num: 472 Episode T: 1000 Reward: 80.061
Total T: 473000 Episode Num: 473 Episode T: 1000 Reward: 77.207
Total T: 474000 Episode Num: 474 Episode T: 1000 Reward: 78.395
Total T: 475000 Episode Num: 475 Episode T: 1000 Reward: 123.671
---------------------------------------
Evaluation over 10 episodes: 97.448
---------------------------------------
Total T: 476000 Episode Num: 476 Episode T: 1000 Reward: 85.779
Total T: 477000 Episode Num: 477 Episode T: 1000 Reward: 78.449
Total T: 478000 Episode Num: 478 Episode T: 1000 Reward: 118.132
Total T: 479000 Episode Num: 479 Episode T: 1000 Reward: 81.404
Total T: 480000 Episode Num: 480 Episode T: 1000 Reward: 111.693
---------------------------------------
Evaluation over 10 episodes: 111.403
---------------------------------------
Total T: 481000 Episode Num: 481 Episode T: 1000 Reward: 122.817
Total T: 482000 Episode Num: 482 Episode T: 1000 Reward: 74.029
Total T: 483000 Episode Num: 483 Episode T: 1000 Reward: 125.584
Total T: 484000 Episode Num: 484 Episode T: 1000 Reward: 126.742
Total T: 485000 Episode Num: 485 Episode T: 1000 Reward: 76.708
---------------------------------------
Evaluation over 10 episodes: 97.781
---------------------------------------
Total T: 486000 Episode Num: 486 Episode T: 1000 Reward: 108.788
Total T: 487000 Episode Num: 487 Episode T: 1000 Reward: 111.536
Total T: 488000 Episode Num: 488 Episode T: 1000 Reward: 75.978
Total T: 489000 Episode Num: 489 Episode T: 1000 Reward: 100.861
Total T: 490000 Episode Num: 490 Episode T: 1000 Reward: 116.309
---------------------------------------
Evaluation over 10 episodes: 106.833
---------------------------------------
Total T: 491000 Episode Num: 491 Episode T: 1000 Reward: 78.266
Total T: 492000 Episode Num: 492 Episode T: 1000 Reward: 122.510
Total T: 493000 Episode Num: 493 Episode T: 1000 Reward: 129.899
Total T: 494000 Episode Num: 494 Episode T: 1000 Reward: 127.189
Total T: 495000 Episode Num: 495 Episode T: 1000 Reward: 80.351
---------------------------------------
Evaluation over 10 episodes: 106.796
---------------------------------------
Total T: 496000 Episode Num: 496 Episode T: 1000 Reward: 116.496
Total T: 497000 Episode Num: 497 Episode T: 1000 Reward: 82.596
Total T: 498000 Episode Num: 498 Episode T: 1000 Reward: 74.223
Total T: 499000 Episode Num: 499 Episode T: 1000 Reward: 80.439
Total T: 500000 Episode Num: 500 Episode T: 1000 Reward: 78.671
---------------------------------------
Evaluation over 10 episodes: 106.729
---------------------------------------
Total T: 501000 Episode Num: 501 Episode T: 1000 Reward: 82.603
Total T: 502000 Episode Num: 502 Episode T: 1000 Reward: 81.130
Total T: 503000 Episode Num: 503 Episode T: 1000 Reward: 130.646
Total T: 504000 Episode Num: 504 Episode T: 1000 Reward: 127.862
Total T: 505000 Episode Num: 505 Episode T: 1000 Reward: 80.500
---------------------------------------
Evaluation over 10 episodes: 107.775
---------------------------------------
Total T: 506000 Episode Num: 506 Episode T: 1000 Reward: 130.071
Total T: 507000 Episode Num: 507 Episode T: 1000 Reward: 129.829
Total T: 508000 Episode Num: 508 Episode T: 1000 Reward: 77.204
Total T: 509000 Episode Num: 509 Episode T: 1000 Reward: 126.887
Total T: 510000 Episode Num: 510 Episode T: 1000 Reward: 79.290
---------------------------------------
Evaluation over 10 episodes: 108.748
---------------------------------------
Total T: 511000 Episode Num: 511 Episode T: 1000 Reward: 78.193
Total T: 512000 Episode Num: 512 Episode T: 1000 Reward: 124.103
Total T: 513000 Episode Num: 513 Episode T: 1000 Reward: 124.452
Total T: 514000 Episode Num: 514 Episode T: 1000 Reward: 127.120
Total T: 515000 Episode Num: 515 Episode T: 1000 Reward: 78.975
---------------------------------------
Evaluation over 10 episodes: 107.071
---------------------------------------
Total T: 516000 Episode Num: 516 Episode T: 1000 Reward: 82.643
Total T: 517000 Episode Num: 517 Episode T: 1000 Reward: 131.839
Total T: 518000 Episode Num: 518 Episode T: 1000 Reward: 136.421
Total T: 519000 Episode Num: 519 Episode T: 1000 Reward: 78.739
Total T: 520000 Episode Num: 520 Episode T: 1000 Reward: 133.805
---------------------------------------
Evaluation over 10 episodes: 124.711
---------------------------------------
Total T: 521000 Episode Num: 521 Episode T: 1000 Reward: 137.558
Total T: 522000 Episode Num: 522 Episode T: 1000 Reward: 82.154
Total T: 523000 Episode Num: 523 Episode T: 1000 Reward: 118.319
Total T: 524000 Episode Num: 524 Episode T: 1000 Reward: 134.161
Total T: 525000 Episode Num: 525 Episode T: 1000 Reward: 83.876
---------------------------------------
Evaluation over 10 episodes: 121.317
---------------------------------------
Total T: 526000 Episode Num: 526 Episode T: 1000 Reward: 132.809
Total T: 527000 Episode Num: 527 Episode T: 1000 Reward: 80.618
Total T: 528000 Episode Num: 528 Episode T: 1000 Reward: 135.005
Total T: 529000 Episode Num: 529 Episode T: 1000 Reward: 82.925
Total T: 530000 Episode Num: 530 Episode T: 1000 Reward: 133.642
---------------------------------------
Evaluation over 10 episodes: 121.437
---------------------------------------
Total T: 531000 Episode Num: 531 Episode T: 1000 Reward: 126.220
Total T: 532000 Episode Num: 532 Episode T: 1000 Reward: 86.732
Total T: 533000 Episode Num: 533 Episode T: 1000 Reward: 121.260
Total T: 534000 Episode Num: 534 Episode T: 1000 Reward: 133.669
Total T: 535000 Episode Num: 535 Episode T: 1000 Reward: 133.507
---------------------------------------
Evaluation over 10 episodes: 115.997
---------------------------------------
Total T: 536000 Episode Num: 536 Episode T: 1000 Reward: 121.684
Total T: 537000 Episode Num: 537 Episode T: 1000 Reward: 115.310
Total T: 538000 Episode Num: 538 Episode T: 1000 Reward: 125.425
Total T: 539000 Episode Num: 539 Episode T: 1000 Reward: 130.527
Total T: 540000 Episode Num: 540 Episode T: 1000 Reward: 85.884
---------------------------------------
Evaluation over 10 episodes: 121.002
---------------------------------------
Total T: 541000 Episode Num: 541 Episode T: 1000 Reward: 131.802
Total T: 542000 Episode Num: 542 Episode T: 1000 Reward: 85.198
Total T: 543000 Episode Num: 543 Episode T: 1000 Reward: 129.329
Total T: 544000 Episode Num: 544 Episode T: 1000 Reward: 132.990
Total T: 545000 Episode Num: 545 Episode T: 1000 Reward: 135.000
---------------------------------------
Evaluation over 10 episodes: 121.977
---------------------------------------
Total T: 546000 Episode Num: 546 Episode T: 1000 Reward: 132.917
Total T: 547000 Episode Num: 547 Episode T: 1000 Reward: 134.457
Total T: 548000 Episode Num: 548 Episode T: 1000 Reward: 132.184
Total T: 549000 Episode Num: 549 Episode T: 1000 Reward: 133.027
Total T: 550000 Episode Num: 550 Episode T: 1000 Reward: 129.098
---------------------------------------
Evaluation over 10 episodes: 122.106
---------------------------------------
Total T: 551000 Episode Num: 551 Episode T: 1000 Reward: 130.312
Total T: 552000 Episode Num: 552 Episode T: 1000 Reward: 89.962
Total T: 553000 Episode Num: 553 Episode T: 1000 Reward: 126.386
Total T: 554000 Episode Num: 554 Episode T: 1000 Reward: 129.019
Total T: 555000 Episode Num: 555 Episode T: 1000 Reward: 128.835
---------------------------------------
Evaluation over 10 episodes: 117.618
---------------------------------------
Total T: 556000 Episode Num: 556 Episode T: 1000 Reward: 128.806
Total T: 557000 Episode Num: 557 Episode T: 1000 Reward: 88.293
Total T: 558000 Episode Num: 558 Episode T: 1000 Reward: 127.452
Total T: 559000 Episode Num: 559 Episode T: 1000 Reward: 91.692
Total T: 560000 Episode Num: 560 Episode T: 1000 Reward: 128.406
---------------------------------------
Evaluation over 10 episodes: 127.845
---------------------------------------
Total T: 561000 Episode Num: 561 Episode T: 1000 Reward: 91.963
Total T: 562000 Episode Num: 562 Episode T: 1000 Reward: 128.324
Total T: 563000 Episode Num: 563 Episode T: 1000 Reward: 110.657
Total T: 564000 Episode Num: 564 Episode T: 1000 Reward: 129.276
Total T: 565000 Episode Num: 565 Episode T: 1000 Reward: 135.744
---------------------------------------
Evaluation over 10 episodes: 132.973
---------------------------------------
Total T: 566000 Episode Num: 566 Episode T: 1000 Reward: 136.344
Total T: 567000 Episode Num: 567 Episode T: 1000 Reward: 118.536
Total T: 568000 Episode Num: 568 Episode T: 1000 Reward: 131.524
Total T: 569000 Episode Num: 569 Episode T: 1000 Reward: 87.730
Total T: 570000 Episode Num: 570 Episode T: 1000 Reward: 134.830
---------------------------------------
Evaluation over 10 episodes: 122.889
---------------------------------------
Total T: 571000 Episode Num: 571 Episode T: 1000 Reward: 123.461
Total T: 572000 Episode Num: 572 Episode T: 1000 Reward: 126.547
Total T: 573000 Episode Num: 573 Episode T: 1000 Reward: 118.206
Total T: 574000 Episode Num: 574 Episode T: 1000 Reward: 87.629
Total T: 575000 Episode Num: 575 Episode T: 1000 Reward: 134.859
---------------------------------------
Evaluation over 10 episodes: 108.234
---------------------------------------
Total T: 576000 Episode Num: 576 Episode T: 1000 Reward: 133.407
Total T: 577000 Episode Num: 577 Episode T: 1000 Reward: 132.442
Total T: 578000 Episode Num: 578 Episode T: 1000 Reward: 87.063
Total T: 579000 Episode Num: 579 Episode T: 1000 Reward: 131.055
Total T: 580000 Episode Num: 580 Episode T: 1000 Reward: 86.497
---------------------------------------
Evaluation over 10 episodes: 117.336
---------------------------------------
Total T: 581000 Episode Num: 581 Episode T: 1000 Reward: 126.140
Total T: 582000 Episode Num: 582 Episode T: 1000 Reward: 127.501
Total T: 583000 Episode Num: 583 Episode T: 1000 Reward: 127.422
Total T: 584000 Episode Num: 584 Episode T: 1000 Reward: 131.878
Total T: 585000 Episode Num: 585 Episode T: 1000 Reward: 118.268
---------------------------------------
Evaluation over 10 episodes: 112.608
---------------------------------------
Total T: 586000 Episode Num: 586 Episode T: 1000 Reward: 117.808
Total T: 587000 Episode Num: 587 Episode T: 1000 Reward: 130.669
Total T: 588000 Episode Num: 588 Episode T: 1000 Reward: 128.787
Total T: 589000 Episode Num: 589 Episode T: 1000 Reward: 135.244
Total T: 590000 Episode Num: 590 Episode T: 1000 Reward: 126.821
---------------------------------------
Evaluation over 10 episodes: 122.348
---------------------------------------
Total T: 591000 Episode Num: 591 Episode T: 1000 Reward: 132.130
Total T: 592000 Episode Num: 592 Episode T: 1000 Reward: 88.163
Total T: 593000 Episode Num: 593 Episode T: 1000 Reward: 131.920
Total T: 594000 Episode Num: 594 Episode T: 1000 Reward: 134.173
Total T: 595000 Episode Num: 595 Episode T: 1000 Reward: 128.371
---------------------------------------
Evaluation over 10 episodes: 120.103
---------------------------------------
Total T: 596000 Episode Num: 596 Episode T: 1000 Reward: 131.149
Total T: 597000 Episode Num: 597 Episode T: 1000 Reward: 122.296
Total T: 598000 Episode Num: 598 Episode T: 1000 Reward: 127.804
Total T: 599000 Episode Num: 599 Episode T: 1000 Reward: 130.938
Total T: 600000 Episode Num: 600 Episode T: 1000 Reward: 130.759
---------------------------------------
Evaluation over 10 episodes: 125.696
---------------------------------------
Total T: 601000 Episode Num: 601 Episode T: 1000 Reward: 130.020
Total T: 602000 Episode Num: 602 Episode T: 1000 Reward: 112.989
Total T: 603000 Episode Num: 603 Episode T: 1000 Reward: 130.408
Total T: 604000 Episode Num: 604 Episode T: 1000 Reward: 93.433
Total T: 605000 Episode Num: 605 Episode T: 1000 Reward: 135.234
---------------------------------------
Evaluation over 10 episodes: 119.470
---------------------------------------
Total T: 606000 Episode Num: 606 Episode T: 1000 Reward: 118.980
Total T: 607000 Episode Num: 607 Episode T: 1000 Reward: 133.444
Total T: 608000 Episode Num: 608 Episode T: 1000 Reward: 135.544
Total T: 609000 Episode Num: 609 Episode T: 1000 Reward: 125.056
Total T: 610000 Episode Num: 610 Episode T: 1000 Reward: 134.419
---------------------------------------
Evaluation over 10 episodes: 128.675
---------------------------------------
Total T: 611000 Episode Num: 611 Episode T: 1000 Reward: 131.896
Total T: 612000 Episode Num: 612 Episode T: 1000 Reward: 88.420
Total T: 613000 Episode Num: 613 Episode T: 1000 Reward: 131.944
Total T: 614000 Episode Num: 614 Episode T: 1000 Reward: 85.922
Total T: 615000 Episode Num: 615 Episode T: 1000 Reward: 130.574
---------------------------------------
Evaluation over 10 episodes: 116.352
---------------------------------------
Total T: 616000 Episode Num: 616 Episode T: 1000 Reward: 131.088
Total T: 617000 Episode Num: 617 Episode T: 1000 Reward: 128.190
Total T: 618000 Episode Num: 618 Episode T: 1000 Reward: 86.703
Total T: 619000 Episode Num: 619 Episode T: 1000 Reward: 131.428
Total T: 620000 Episode Num: 620 Episode T: 1000 Reward: 130.012
---------------------------------------
Evaluation over 10 episodes: 121.038
---------------------------------------
Total T: 621000 Episode Num: 621 Episode T: 1000 Reward: 122.134
Total T: 622000 Episode Num: 622 Episode T: 1000 Reward: 131.507
Total T: 623000 Episode Num: 623 Episode T: 1000 Reward: 131.975
Total T: 624000 Episode Num: 624 Episode T: 1000 Reward: 129.710
Total T: 625000 Episode Num: 625 Episode T: 1000 Reward: 129.958
---------------------------------------
Evaluation over 10 episodes: 121.638
---------------------------------------
Total T: 626000 Episode Num: 626 Episode T: 1000 Reward: 133.139
Total T: 627000 Episode Num: 627 Episode T: 1000 Reward: 130.535
Total T: 628000 Episode Num: 628 Episode T: 1000 Reward: 89.344
Total T: 629000 Episode Num: 629 Episode T: 1000 Reward: 131.394
Total T: 630000 Episode Num: 630 Episode T: 1000 Reward: 130.233
---------------------------------------
Evaluation over 10 episodes: 122.814
---------------------------------------
Total T: 631000 Episode Num: 631 Episode T: 1000 Reward: 130.998
Total T: 632000 Episode Num: 632 Episode T: 1000 Reward: 132.737
Total T: 633000 Episode Num: 633 Episode T: 1000 Reward: 132.196
Total T: 634000 Episode Num: 634 Episode T: 1000 Reward: 126.517
Total T: 635000 Episode Num: 635 Episode T: 1000 Reward: 130.641
---------------------------------------
Evaluation over 10 episodes: 128.984
---------------------------------------
Total T: 636000 Episode Num: 636 Episode T: 1000 Reward: 89.715
Total T: 637000 Episode Num: 637 Episode T: 1000 Reward: 133.378
Total T: 638000 Episode Num: 638 Episode T: 1000 Reward: 132.224
Total T: 639000 Episode Num: 639 Episode T: 1000 Reward: 93.156
Total T: 640000 Episode Num: 640 Episode T: 1000 Reward: 135.261
---------------------------------------
Evaluation over 10 episodes: 127.130
---------------------------------------
Total T: 641000 Episode Num: 641 Episode T: 1000 Reward: 136.482
Total T: 642000 Episode Num: 642 Episode T: 1000 Reward: 117.046
Total T: 643000 Episode Num: 643 Episode T: 1000 Reward: 92.312
Total T: 644000 Episode Num: 644 Episode T: 1000 Reward: 135.965
Total T: 645000 Episode Num: 645 Episode T: 1000 Reward: 133.362
---------------------------------------
Evaluation over 10 episodes: 123.749
---------------------------------------
Total T: 646000 Episode Num: 646 Episode T: 1000 Reward: 130.017
Total T: 647000 Episode Num: 647 Episode T: 1000 Reward: 91.568
Total T: 648000 Episode Num: 648 Episode T: 1000 Reward: 133.531
Total T: 649000 Episode Num: 649 Episode T: 1000 Reward: 134.364
Total T: 650000 Episode Num: 650 Episode T: 1000 Reward: 133.944
---------------------------------------
Evaluation over 10 episodes: 126.568
---------------------------------------
Total T: 651000 Episode Num: 651 Episode T: 1000 Reward: 126.201
Total T: 652000 Episode Num: 652 Episode T: 1000 Reward: 134.917
Total T: 653000 Episode Num: 653 Episode T: 1000 Reward: 134.067
Total T: 654000 Episode Num: 654 Episode T: 1000 Reward: 120.932
Total T: 655000 Episode Num: 655 Episode T: 1000 Reward: 132.579
---------------------------------------
Evaluation over 10 episodes: 125.892
---------------------------------------
Total T: 656000 Episode Num: 656 Episode T: 1000 Reward: 134.790
Total T: 657000 Episode Num: 657 Episode T: 1000 Reward: 126.459
Total T: 658000 Episode Num: 658 Episode T: 1000 Reward: 138.197
Total T: 659000 Episode Num: 659 Episode T: 1000 Reward: 111.189
Total T: 660000 Episode Num: 660 Episode T: 1000 Reward: 131.433
---------------------------------------
Evaluation over 10 episodes: 117.476
---------------------------------------
Total T: 661000 Episode Num: 661 Episode T: 1000 Reward: 128.906
Total T: 662000 Episode Num: 662 Episode T: 1000 Reward: 131.361
Total T: 663000 Episode Num: 663 Episode T: 1000 Reward: 129.965
Total T: 664000 Episode Num: 664 Episode T: 1000 Reward: 129.069
Total T: 665000 Episode Num: 665 Episode T: 1000 Reward: 91.540
---------------------------------------
Evaluation over 10 episodes: 127.946
---------------------------------------
Total T: 666000 Episode Num: 666 Episode T: 1000 Reward: 131.430
Total T: 667000 Episode Num: 667 Episode T: 1000 Reward: 132.958
Total T: 668000 Episode Num: 668 Episode T: 1000 Reward: 93.405
Total T: 669000 Episode Num: 669 Episode T: 1000 Reward: 131.173
Total T: 670000 Episode Num: 670 Episode T: 1000 Reward: 116.197
---------------------------------------
Evaluation over 10 episodes: 133.074
---------------------------------------
Total T: 671000 Episode Num: 671 Episode T: 1000 Reward: 135.884
Total T: 672000 Episode Num: 672 Episode T: 1000 Reward: 130.477
Total T: 673000 Episode Num: 673 Episode T: 1000 Reward: 126.984
Total T: 674000 Episode Num: 674 Episode T: 1000 Reward: 125.291
Total T: 675000 Episode Num: 675 Episode T: 1000 Reward: 52.159
---------------------------------------
Evaluation over 10 episodes: 119.102
---------------------------------------
Total T: 676000 Episode Num: 676 Episode T: 1000 Reward: 128.730
Total T: 677000 Episode Num: 677 Episode T: 1000 Reward: 130.308
Total T: 678000 Episode Num: 678 Episode T: 1000 Reward: 125.901
Total T: 679000 Episode Num: 679 Episode T: 1000 Reward: 127.332
Total T: 680000 Episode Num: 680 Episode T: 1000 Reward: 130.088
---------------------------------------
Evaluation over 10 episodes: 123.031
---------------------------------------
Total T: 681000 Episode Num: 681 Episode T: 1000 Reward: 130.560
Total T: 682000 Episode Num: 682 Episode T: 1000 Reward: 138.309
Total T: 683000 Episode Num: 683 Episode T: 1000 Reward: 139.615
Total T: 684000 Episode Num: 684 Episode T: 1000 Reward: 139.616
Total T: 685000 Episode Num: 685 Episode T: 1000 Reward: 133.050
---------------------------------------
Evaluation over 10 episodes: 121.013
---------------------------------------
Total T: 686000 Episode Num: 686 Episode T: 1000 Reward: 106.783
Total T: 687000 Episode Num: 687 Episode T: 1000 Reward: 124.259
Total T: 688000 Episode Num: 688 Episode T: 1000 Reward: 139.481
Total T: 689000 Episode Num: 689 Episode T: 1000 Reward: 130.416
Total T: 690000 Episode Num: 690 Episode T: 1000 Reward: 120.639
---------------------------------------
Evaluation over 10 episodes: 134.168
---------------------------------------
Total T: 691000 Episode Num: 691 Episode T: 1000 Reward: 127.888
Total T: 692000 Episode Num: 692 Episode T: 1000 Reward: 134.368
Total T: 693000 Episode Num: 693 Episode T: 1000 Reward: 137.643
Total T: 694000 Episode Num: 694 Episode T: 1000 Reward: 130.953
Total T: 695000 Episode Num: 695 Episode T: 1000 Reward: 134.028
---------------------------------------
Evaluation over 10 episodes: 128.347
---------------------------------------
Total T: 696000 Episode Num: 696 Episode T: 1000 Reward: 124.680
Total T: 697000 Episode Num: 697 Episode T: 1000 Reward: 134.580
Total T: 698000 Episode Num: 698 Episode T: 1000 Reward: 134.785
Total T: 699000 Episode Num: 699 Episode T: 1000 Reward: 137.816
Total T: 700000 Episode Num: 700 Episode T: 1000 Reward: 137.485
---------------------------------------
Evaluation over 10 episodes: 132.056
---------------------------------------
Total T: 701000 Episode Num: 701 Episode T: 1000 Reward: 121.678
Total T: 702000 Episode Num: 702 Episode T: 1000 Reward: 134.998
Total T: 703000 Episode Num: 703 Episode T: 1000 Reward: 129.948
Total T: 704000 Episode Num: 704 Episode T: 1000 Reward: 137.506
Total T: 705000 Episode Num: 705 Episode T: 1000 Reward: 133.298
---------------------------------------
Evaluation over 10 episodes: 128.779
---------------------------------------
Total T: 706000 Episode Num: 706 Episode T: 1000 Reward: 127.997
Total T: 707000 Episode Num: 707 Episode T: 1000 Reward: 139.702
Total T: 708000 Episode Num: 708 Episode T: 1000 Reward: 135.059
Total T: 709000 Episode Num: 709 Episode T: 1000 Reward: 129.582
Total T: 710000 Episode Num: 710 Episode T: 1000 Reward: 138.736
---------------------------------------
Evaluation over 10 episodes: 130.358
---------------------------------------
Total T: 711000 Episode Num: 711 Episode T: 1000 Reward: 123.980
Total T: 712000 Episode Num: 712 Episode T: 1000 Reward: 132.051
Total T: 713000 Episode Num: 713 Episode T: 1000 Reward: 125.629
Total T: 714000 Episode Num: 714 Episode T: 1000 Reward: 133.653
Total T: 715000 Episode Num: 715 Episode T: 1000 Reward: 136.264
---------------------------------------
Evaluation over 10 episodes: 134.461
---------------------------------------
Total T: 716000 Episode Num: 716 Episode T: 1000 Reward: 78.351
Total T: 717000 Episode Num: 717 Episode T: 1000 Reward: 136.644
Total T: 718000 Episode Num: 718 Episode T: 1000 Reward: 136.712
Total T: 719000 Episode Num: 719 Episode T: 1000 Reward: 132.172
Total T: 720000 Episode Num: 720 Episode T: 1000 Reward: 132.630
---------------------------------------
Evaluation over 10 episodes: 128.374
---------------------------------------
Total T: 721000 Episode Num: 721 Episode T: 1000 Reward: 136.150
Total T: 722000 Episode Num: 722 Episode T: 1000 Reward: 134.409
Total T: 723000 Episode Num: 723 Episode T: 1000 Reward: 134.760
Total T: 724000 Episode Num: 724 Episode T: 1000 Reward: 134.091
Total T: 725000 Episode Num: 725 Episode T: 1000 Reward: 77.990
---------------------------------------
Evaluation over 10 episodes: 128.468
---------------------------------------
Total T: 726000 Episode Num: 726 Episode T: 1000 Reward: 138.156
Total T: 727000 Episode Num: 727 Episode T: 1000 Reward: 134.608
Total T: 728000 Episode Num: 728 Episode T: 1000 Reward: 138.118
Total T: 729000 Episode Num: 729 Episode T: 1000 Reward: 134.036
Total T: 730000 Episode Num: 730 Episode T: 1000 Reward: 133.637
---------------------------------------
Evaluation over 10 episodes: 118.517
---------------------------------------
Total T: 731000 Episode Num: 731 Episode T: 1000 Reward: 138.463
Total T: 732000 Episode Num: 732 Episode T: 1000 Reward: 137.263
Total T: 733000 Episode Num: 733 Episode T: 1000 Reward: 138.091
Total T: 734000 Episode Num: 734 Episode T: 1000 Reward: 87.783
Total T: 735000 Episode Num: 735 Episode T: 1000 Reward: 83.269
---------------------------------------
Evaluation over 10 episodes: 123.403
---------------------------------------
Total T: 736000 Episode Num: 736 Episode T: 1000 Reward: 119.797
Total T: 737000 Episode Num: 737 Episode T: 1000 Reward: 78.830
Total T: 738000 Episode Num: 738 Episode T: 1000 Reward: 139.906
Total T: 739000 Episode Num: 739 Episode T: 1000 Reward: 135.681
Total T: 740000 Episode Num: 740 Episode T: 1000 Reward: 136.786
---------------------------------------
Evaluation over 10 episodes: 124.022
---------------------------------------
Total T: 741000 Episode Num: 741 Episode T: 1000 Reward: 137.517
Total T: 742000 Episode Num: 742 Episode T: 1000 Reward: 136.982
Total T: 743000 Episode Num: 743 Episode T: 1000 Reward: 92.516
Total T: 744000 Episode Num: 744 Episode T: 1000 Reward: 137.215
Total T: 745000 Episode Num: 745 Episode T: 1000 Reward: 96.027
---------------------------------------
Evaluation over 10 episodes: 133.106
---------------------------------------
Total T: 746000 Episode Num: 746 Episode T: 1000 Reward: 136.644
Total T: 747000 Episode Num: 747 Episode T: 1000 Reward: 94.142
Total T: 748000 Episode Num: 748 Episode T: 1000 Reward: 134.832
Total T: 749000 Episode Num: 749 Episode T: 1000 Reward: 134.726
Total T: 750000 Episode Num: 750 Episode T: 1000 Reward: 136.649
---------------------------------------
Evaluation over 10 episodes: 130.681
---------------------------------------
Total T: 751000 Episode Num: 751 Episode T: 1000 Reward: 89.053
Total T: 752000 Episode Num: 752 Episode T: 1000 Reward: 90.389
Total T: 753000 Episode Num: 753 Episode T: 1000 Reward: 134.030
Total T: 754000 Episode Num: 754 Episode T: 1000 Reward: 133.583
Total T: 755000 Episode Num: 755 Episode T: 1000 Reward: 136.978
---------------------------------------
Evaluation over 10 episodes: 122.635
---------------------------------------
Total T: 756000 Episode Num: 756 Episode T: 1000 Reward: 135.276
Total T: 757000 Episode Num: 757 Episode T: 1000 Reward: 133.944
Total T: 758000 Episode Num: 758 Episode T: 1000 Reward: 91.298
Total T: 759000 Episode Num: 759 Episode T: 1000 Reward: 91.713
Total T: 760000 Episode Num: 760 Episode T: 1000 Reward: 136.029
---------------------------------------
Evaluation over 10 episodes: 133.373
---------------------------------------
Total T: 761000 Episode Num: 761 Episode T: 1000 Reward: 90.267
Total T: 762000 Episode Num: 762 Episode T: 1000 Reward: 91.576
Total T: 763000 Episode Num: 763 Episode T: 1000 Reward: 132.433
Total T: 764000 Episode Num: 764 Episode T: 1000 Reward: 136.174
Total T: 765000 Episode Num: 765 Episode T: 1000 Reward: 91.215
---------------------------------------
Evaluation over 10 episodes: 135.568
---------------------------------------
Total T: 766000 Episode Num: 766 Episode T: 1000 Reward: 137.402
Total T: 767000 Episode Num: 767 Episode T: 1000 Reward: 134.095
Total T: 768000 Episode Num: 768 Episode T: 1000 Reward: 136.232
Total T: 769000 Episode Num: 769 Episode T: 1000 Reward: 133.521
Total T: 770000 Episode Num: 770 Episode T: 1000 Reward: 92.449
---------------------------------------
Evaluation over 10 episodes: 123.759
---------------------------------------
Total T: 771000 Episode Num: 771 Episode T: 1000 Reward: 136.288
Total T: 772000 Episode Num: 772 Episode T: 1000 Reward: 136.423
Total T: 773000 Episode Num: 773 Episode T: 1000 Reward: 138.327
Total T: 774000 Episode Num: 774 Episode T: 1000 Reward: 135.923
Total T: 775000 Episode Num: 775 Episode T: 1000 Reward: 129.573
---------------------------------------
Evaluation over 10 episodes: 133.531
---------------------------------------
Total T: 776000 Episode Num: 776 Episode T: 1000 Reward: 136.030
Total T: 777000 Episode Num: 777 Episode T: 1000 Reward: 136.101
Total T: 778000 Episode Num: 778 Episode T: 1000 Reward: 138.838
Total T: 779000 Episode Num: 779 Episode T: 1000 Reward: 140.481
Total T: 780000 Episode Num: 780 Episode T: 1000 Reward: 140.463
---------------------------------------
Evaluation over 10 episodes: 132.149
---------------------------------------
Total T: 781000 Episode Num: 781 Episode T: 1000 Reward: 95.787
Total T: 782000 Episode Num: 782 Episode T: 1000 Reward: 95.574
Total T: 783000 Episode Num: 783 Episode T: 1000 Reward: 139.313
Total T: 784000 Episode Num: 784 Episode T: 1000 Reward: 127.966
Total T: 785000 Episode Num: 785 Episode T: 1000 Reward: 137.214
---------------------------------------
Evaluation over 10 episodes: 131.898
---------------------------------------
Total T: 786000 Episode Num: 786 Episode T: 1000 Reward: 129.983
Total T: 787000 Episode Num: 787 Episode T: 1000 Reward: 135.484
Total T: 788000 Episode Num: 788 Episode T: 1000 Reward: 134.431
Total T: 789000 Episode Num: 789 Episode T: 1000 Reward: 139.565
Total T: 790000 Episode Num: 790 Episode T: 1000 Reward: 137.734
---------------------------------------
Evaluation over 10 episodes: 134.248
---------------------------------------
Total T: 791000 Episode Num: 791 Episode T: 1000 Reward: 137.210
Total T: 792000 Episode Num: 792 Episode T: 1000 Reward: 131.845
Total T: 793000 Episode Num: 793 Episode T: 1000 Reward: 137.122
Total T: 794000 Episode Num: 794 Episode T: 1000 Reward: 139.800
Total T: 795000 Episode Num: 795 Episode T: 1000 Reward: 95.911
---------------------------------------
Evaluation over 10 episodes: 134.835
---------------------------------------
Total T: 796000 Episode Num: 796 Episode T: 1000 Reward: 141.369
Total T: 797000 Episode Num: 797 Episode T: 1000 Reward: 138.138
Total T: 798000 Episode Num: 798 Episode T: 1000 Reward: 96.573
Total T: 799000 Episode Num: 799 Episode T: 1000 Reward: 136.424
Total T: 800000 Episode Num: 800 Episode T: 1000 Reward: 133.307
---------------------------------------
Evaluation over 10 episodes: 130.939
---------------------------------------
Total T: 801000 Episode Num: 801 Episode T: 1000 Reward: 139.782
Total T: 802000 Episode Num: 802 Episode T: 1000 Reward: 135.734
Total T: 803000 Episode Num: 803 Episode T: 1000 Reward: 139.352
Total T: 804000 Episode Num: 804 Episode T: 1000 Reward: 134.271
Total T: 805000 Episode Num: 805 Episode T: 1000 Reward: 137.402
---------------------------------------
Evaluation over 10 episodes: 127.199
---------------------------------------
Total T: 806000 Episode Num: 806 Episode T: 1000 Reward: 132.837
Total T: 807000 Episode Num: 807 Episode T: 1000 Reward: 135.168
Total T: 808000 Episode Num: 808 Episode T: 1000 Reward: 133.992
Total T: 809000 Episode Num: 809 Episode T: 1000 Reward: 94.953
Total T: 810000 Episode Num: 810 Episode T: 1000 Reward: 129.671
---------------------------------------
Evaluation over 10 episodes: 127.526
---------------------------------------
Total T: 811000 Episode Num: 811 Episode T: 1000 Reward: 131.503
Total T: 812000 Episode Num: 812 Episode T: 1000 Reward: 96.858
Total T: 813000 Episode Num: 813 Episode T: 1000 Reward: 134.378
Total T: 814000 Episode Num: 814 Episode T: 1000 Reward: 134.586
Total T: 815000 Episode Num: 815 Episode T: 1000 Reward: 132.099
---------------------------------------
Evaluation over 10 episodes: 130.260
---------------------------------------
Total T: 816000 Episode Num: 816 Episode T: 1000 Reward: 134.852
Total T: 817000 Episode Num: 817 Episode T: 1000 Reward: 137.850
Total T: 818000 Episode Num: 818 Episode T: 1000 Reward: 95.234
Total T: 819000 Episode Num: 819 Episode T: 1000 Reward: 96.931
Total T: 820000 Episode Num: 820 Episode T: 1000 Reward: 137.087
---------------------------------------
Evaluation over 10 episodes: 125.519
---------------------------------------
Total T: 821000 Episode Num: 821 Episode T: 1000 Reward: 135.569
Total T: 822000 Episode Num: 822 Episode T: 1000 Reward: 133.308
Total T: 823000 Episode Num: 823 Episode T: 1000 Reward: 137.598
Total T: 824000 Episode Num: 824 Episode T: 1000 Reward: 133.315
Total T: 825000 Episode Num: 825 Episode T: 1000 Reward: 136.988
---------------------------------------
Evaluation over 10 episodes: 117.965
---------------------------------------
Total T: 826000 Episode Num: 826 Episode T: 1000 Reward: 136.129
Total T: 827000 Episode Num: 827 Episode T: 1000 Reward: 137.045
Total T: 828000 Episode Num: 828 Episode T: 1000 Reward: 135.089
Total T: 829000 Episode Num: 829 Episode T: 1000 Reward: 137.409
Total T: 830000 Episode Num: 830 Episode T: 1000 Reward: 137.699
---------------------------------------
Evaluation over 10 episodes: 132.898
---------------------------------------
Total T: 831000 Episode Num: 831 Episode T: 1000 Reward: 137.834
Total T: 832000 Episode Num: 832 Episode T: 1000 Reward: 137.420
Total T: 833000 Episode Num: 833 Episode T: 1000 Reward: 125.264
Total T: 834000 Episode Num: 834 Episode T: 1000 Reward: 136.519
Total T: 835000 Episode Num: 835 Episode T: 1000 Reward: 138.631
---------------------------------------
Evaluation over 10 episodes: 131.708
---------------------------------------
Total T: 836000 Episode Num: 836 Episode T: 1000 Reward: 97.108
Total T: 837000 Episode Num: 837 Episode T: 1000 Reward: 136.367
Total T: 838000 Episode Num: 838 Episode T: 1000 Reward: 133.363
Total T: 839000 Episode Num: 839 Episode T: 1000 Reward: 139.569
Total T: 840000 Episode Num: 840 Episode T: 1000 Reward: 140.511
---------------------------------------
Evaluation over 10 episodes: 126.827
---------------------------------------
Total T: 841000 Episode Num: 841 Episode T: 1000 Reward: 139.425
Total T: 842000 Episode Num: 842 Episode T: 1000 Reward: 137.332
Total T: 843000 Episode Num: 843 Episode T: 1000 Reward: 137.831
Total T: 844000 Episode Num: 844 Episode T: 1000 Reward: 131.002
Total T: 845000 Episode Num: 845 Episode T: 1000 Reward: 138.364
---------------------------------------
Evaluation over 10 episodes: 131.989
---------------------------------------
Total T: 846000 Episode Num: 846 Episode T: 1000 Reward: 119.334
Total T: 847000 Episode Num: 847 Episode T: 1000 Reward: 132.189
Total T: 848000 Episode Num: 848 Episode T: 1000 Reward: 135.430
Total T: 849000 Episode Num: 849 Episode T: 1000 Reward: 97.301
Total T: 850000 Episode Num: 850 Episode T: 1000 Reward: 137.247
---------------------------------------
Evaluation over 10 episodes: 132.839
---------------------------------------
Total T: 851000 Episode Num: 851 Episode T: 1000 Reward: 126.640
Total T: 852000 Episode Num: 852 Episode T: 1000 Reward: 95.288
Total T: 853000 Episode Num: 853 Episode T: 1000 Reward: 95.931
Total T: 854000 Episode Num: 854 Episode T: 1000 Reward: 132.001
Total T: 855000 Episode Num: 855 Episode T: 1000 Reward: 131.793
---------------------------------------
Evaluation over 10 episodes: 127.406
---------------------------------------
Total T: 856000 Episode Num: 856 Episode T: 1000 Reward: 113.094
Total T: 857000 Episode Num: 857 Episode T: 1000 Reward: 99.483
Total T: 858000 Episode Num: 858 Episode T: 1000 Reward: 134.656
Total T: 859000 Episode Num: 859 Episode T: 1000 Reward: 134.208
Total T: 860000 Episode Num: 860 Episode T: 1000 Reward: 133.168
---------------------------------------
Evaluation over 10 episodes: 126.385
---------------------------------------
Total T: 861000 Episode Num: 861 Episode T: 1000 Reward: 131.930
Total T: 862000 Episode Num: 862 Episode T: 1000 Reward: 130.088
Total T: 863000 Episode Num: 863 Episode T: 1000 Reward: 133.611
Total T: 864000 Episode Num: 864 Episode T: 1000 Reward: 98.726
Total T: 865000 Episode Num: 865 Episode T: 1000 Reward: 128.747
---------------------------------------
Evaluation over 10 episodes: 124.305
---------------------------------------
Total T: 866000 Episode Num: 866 Episode T: 1000 Reward: 129.500
Total T: 867000 Episode Num: 867 Episode T: 1000 Reward: 123.101
Total T: 868000 Episode Num: 868 Episode T: 1000 Reward: 97.565
Total T: 869000 Episode Num: 869 Episode T: 1000 Reward: 129.429
Total T: 870000 Episode Num: 870 Episode T: 1000 Reward: 114.071
---------------------------------------
Evaluation over 10 episodes: 126.229
---------------------------------------
Total T: 871000 Episode Num: 871 Episode T: 1000 Reward: 123.042
Total T: 872000 Episode Num: 872 Episode T: 1000 Reward: 130.734
Total T: 873000 Episode Num: 873 Episode T: 1000 Reward: 132.964
Total T: 874000 Episode Num: 874 Episode T: 1000 Reward: 134.639
Total T: 875000 Episode Num: 875 Episode T: 1000 Reward: 133.190
---------------------------------------
Evaluation over 10 episodes: 123.899
---------------------------------------
Total T: 876000 Episode Num: 876 Episode T: 1000 Reward: 123.040
Total T: 877000 Episode Num: 877 Episode T: 1000 Reward: 97.563
Total T: 878000 Episode Num: 878 Episode T: 1000 Reward: 98.086
Total T: 879000 Episode Num: 879 Episode T: 1000 Reward: 133.752
Total T: 880000 Episode Num: 880 Episode T: 1000 Reward: 98.665
---------------------------------------
Evaluation over 10 episodes: 129.017
---------------------------------------
Total T: 881000 Episode Num: 881 Episode T: 1000 Reward: 134.388
Total T: 882000 Episode Num: 882 Episode T: 1000 Reward: 135.795
Total T: 883000 Episode Num: 883 Episode T: 1000 Reward: 100.686
Total T: 884000 Episode Num: 884 Episode T: 1000 Reward: 134.796
Total T: 885000 Episode Num: 885 Episode T: 1000 Reward: 125.337
---------------------------------------
Evaluation over 10 episodes: 130.486
---------------------------------------
Total T: 886000 Episode Num: 886 Episode T: 1000 Reward: 137.791
Total T: 887000 Episode Num: 887 Episode T: 1000 Reward: 136.238
Total T: 888000 Episode Num: 888 Episode T: 1000 Reward: 135.662
Total T: 889000 Episode Num: 889 Episode T: 1000 Reward: 136.967
Total T: 890000 Episode Num: 890 Episode T: 1000 Reward: 101.324
---------------------------------------
Evaluation over 10 episodes: 133.658
---------------------------------------
Total T: 891000 Episode Num: 891 Episode T: 1000 Reward: 138.102
Total T: 892000 Episode Num: 892 Episode T: 1000 Reward: 135.430
Total T: 893000 Episode Num: 893 Episode T: 1000 Reward: 120.008
Total T: 894000 Episode Num: 894 Episode T: 1000 Reward: 137.224
Total T: 895000 Episode Num: 895 Episode T: 1000 Reward: 137.763
---------------------------------------
Evaluation over 10 episodes: 136.241
---------------------------------------
Total T: 896000 Episode Num: 896 Episode T: 1000 Reward: 137.393
Total T: 897000 Episode Num: 897 Episode T: 1000 Reward: 139.175
Total T: 898000 Episode Num: 898 Episode T: 1000 Reward: 101.137
Total T: 899000 Episode Num: 899 Episode T: 1000 Reward: 138.482
Total T: 900000 Episode Num: 900 Episode T: 1000 Reward: 137.833
---------------------------------------
Evaluation over 10 episodes: 127.405
---------------------------------------
Total T: 901000 Episode Num: 901 Episode T: 1000 Reward: 139.105
Total T: 902000 Episode Num: 902 Episode T: 1000 Reward: 100.094
Total T: 903000 Episode Num: 903 Episode T: 1000 Reward: 136.349
Total T: 904000 Episode Num: 904 Episode T: 1000 Reward: 136.851
Total T: 905000 Episode Num: 905 Episode T: 1000 Reward: 134.383
---------------------------------------
Evaluation over 10 episodes: 127.368
---------------------------------------
Total T: 906000 Episode Num: 906 Episode T: 1000 Reward: 136.673
Total T: 907000 Episode Num: 907 Episode T: 1000 Reward: 137.270
Total T: 908000 Episode Num: 908 Episode T: 1000 Reward: 133.457
Total T: 909000 Episode Num: 909 Episode T: 1000 Reward: 127.672
Total T: 910000 Episode Num: 910 Episode T: 1000 Reward: 101.083
---------------------------------------
Evaluation over 10 episodes: 132.215
---------------------------------------
Total T: 911000 Episode Num: 911 Episode T: 1000 Reward: 133.750
Total T: 912000 Episode Num: 912 Episode T: 1000 Reward: 136.733
Total T: 913000 Episode Num: 913 Episode T: 1000 Reward: 97.789
Total T: 914000 Episode Num: 914 Episode T: 1000 Reward: 131.086
Total T: 915000 Episode Num: 915 Episode T: 1000 Reward: 137.361
---------------------------------------
Evaluation over 10 episodes: 130.282
---------------------------------------
Total T: 916000 Episode Num: 916 Episode T: 1000 Reward: 129.627
Total T: 917000 Episode Num: 917 Episode T: 1000 Reward: 135.220
Total T: 918000 Episode Num: 918 Episode T: 1000 Reward: 136.647
Total T: 919000 Episode Num: 919 Episode T: 1000 Reward: 133.238
Total T: 920000 Episode Num: 920 Episode T: 1000 Reward: 132.021
---------------------------------------
Evaluation over 10 episodes: 131.838
---------------------------------------
Total T: 921000 Episode Num: 921 Episode T: 1000 Reward: 100.557
Total T: 922000 Episode Num: 922 Episode T: 1000 Reward: 135.893
Total T: 923000 Episode Num: 923 Episode T: 1000 Reward: 132.851
Total T: 924000 Episode Num: 924 Episode T: 1000 Reward: 136.398
Total T: 925000 Episode Num: 925 Episode T: 1000 Reward: 134.689
---------------------------------------
Evaluation over 10 episodes: 125.194
---------------------------------------
Total T: 926000 Episode Num: 926 Episode T: 1000 Reward: 133.533
Total T: 927000 Episode Num: 927 Episode T: 1000 Reward: 134.726
Total T: 928000 Episode Num: 928 Episode T: 1000 Reward: 98.512
Total T: 929000 Episode Num: 929 Episode T: 1000 Reward: 135.500
Total T: 930000 Episode Num: 930 Episode T: 1000 Reward: 99.853
---------------------------------------
Evaluation over 10 episodes: 125.954
---------------------------------------
Total T: 931000 Episode Num: 931 Episode T: 1000 Reward: 139.027
Total T: 932000 Episode Num: 932 Episode T: 1000 Reward: 96.416
Total T: 933000 Episode Num: 933 Episode T: 1000 Reward: 128.763
Total T: 934000 Episode Num: 934 Episode T: 1000 Reward: 137.430
Total T: 935000 Episode Num: 935 Episode T: 1000 Reward: 135.774
---------------------------------------
Evaluation over 10 episodes: 125.018
---------------------------------------
Total T: 936000 Episode Num: 936 Episode T: 1000 Reward: 135.052
Total T: 937000 Episode Num: 937 Episode T: 1000 Reward: 136.691
Total T: 938000 Episode Num: 938 Episode T: 1000 Reward: 138.457
Total T: 939000 Episode Num: 939 Episode T: 1000 Reward: 97.222
Total T: 940000 Episode Num: 940 Episode T: 1000 Reward: 136.834
---------------------------------------
Evaluation over 10 episodes: 132.234
---------------------------------------
Total T: 941000 Episode Num: 941 Episode T: 1000 Reward: 135.346
Total T: 942000 Episode Num: 942 Episode T: 1000 Reward: 135.636
Total T: 943000 Episode Num: 943 Episode T: 1000 Reward: 99.711
Total T: 944000 Episode Num: 944 Episode T: 1000 Reward: 98.487
Total T: 945000 Episode Num: 945 Episode T: 1000 Reward: 138.054
---------------------------------------
Evaluation over 10 episodes: 130.408
---------------------------------------
Total T: 946000 Episode Num: 946 Episode T: 1000 Reward: 137.671
Total T: 947000 Episode Num: 947 Episode T: 1000 Reward: 98.711
Total T: 948000 Episode Num: 948 Episode T: 1000 Reward: 135.455
Total T: 949000 Episode Num: 949 Episode T: 1000 Reward: 98.551
Total T: 950000 Episode Num: 950 Episode T: 1000 Reward: 97.054
---------------------------------------
Evaluation over 10 episodes: 129.205
---------------------------------------
Total T: 951000 Episode Num: 951 Episode T: 1000 Reward: 99.469
Total T: 952000 Episode Num: 952 Episode T: 1000 Reward: 135.733
Total T: 953000 Episode Num: 953 Episode T: 1000 Reward: 135.831
Total T: 954000 Episode Num: 954 Episode T: 1000 Reward: 137.919
Total T: 955000 Episode Num: 955 Episode T: 1000 Reward: 98.949
---------------------------------------
Evaluation over 10 episodes: 133.896
---------------------------------------
Total T: 956000 Episode Num: 956 Episode T: 1000 Reward: 137.358
Total T: 957000 Episode Num: 957 Episode T: 1000 Reward: 126.627
Total T: 958000 Episode Num: 958 Episode T: 1000 Reward: 138.156
Total T: 959000 Episode Num: 959 Episode T: 1000 Reward: 99.112
Total T: 960000 Episode Num: 960 Episode T: 1000 Reward: 138.139
---------------------------------------
Evaluation over 10 episodes: 132.677
---------------------------------------
Total T: 961000 Episode Num: 961 Episode T: 1000 Reward: 132.036
Total T: 962000 Episode Num: 962 Episode T: 1000 Reward: 137.158
Total T: 963000 Episode Num: 963 Episode T: 1000 Reward: 101.616
Total T: 964000 Episode Num: 964 Episode T: 1000 Reward: 130.138
Total T: 965000 Episode Num: 965 Episode T: 1000 Reward: 123.601
---------------------------------------
Evaluation over 10 episodes: 135.248
---------------------------------------
Total T: 966000 Episode Num: 966 Episode T: 1000 Reward: 138.501
Total T: 967000 Episode Num: 967 Episode T: 1000 Reward: 133.737
Total T: 968000 Episode Num: 968 Episode T: 1000 Reward: 138.667
Total T: 969000 Episode Num: 969 Episode T: 1000 Reward: 97.724
Total T: 970000 Episode Num: 970 Episode T: 1000 Reward: 136.757
---------------------------------------
Evaluation over 10 episodes: 127.647
---------------------------------------
Total T: 971000 Episode Num: 971 Episode T: 1000 Reward: 138.565
Total T: 972000 Episode Num: 972 Episode T: 1000 Reward: 135.369
Total T: 973000 Episode Num: 973 Episode T: 1000 Reward: 136.200
Total T: 974000 Episode Num: 974 Episode T: 1000 Reward: 137.147
Total T: 975000 Episode Num: 975 Episode T: 1000 Reward: 136.180
---------------------------------------
Evaluation over 10 episodes: 127.537
---------------------------------------
Total T: 976000 Episode Num: 976 Episode T: 1000 Reward: 96.478
Total T: 977000 Episode Num: 977 Episode T: 1000 Reward: 136.159
Total T: 978000 Episode Num: 978 Episode T: 1000 Reward: 137.847
Total T: 979000 Episode Num: 979 Episode T: 1000 Reward: 137.631
Total T: 980000 Episode Num: 980 Episode T: 1000 Reward: 136.138
---------------------------------------
Evaluation over 10 episodes: 122.088
---------------------------------------
Total T: 981000 Episode Num: 981 Episode T: 1000 Reward: 96.457
Total T: 982000 Episode Num: 982 Episode T: 1000 Reward: 138.669
Total T: 983000 Episode Num: 983 Episode T: 1000 Reward: 137.403
Total T: 984000 Episode Num: 984 Episode T: 1000 Reward: 138.243
Total T: 985000 Episode Num: 985 Episode T: 1000 Reward: 138.086
---------------------------------------
Evaluation over 10 episodes: 134.642
---------------------------------------
Total T: 986000 Episode Num: 986 Episode T: 1000 Reward: 137.255
Total T: 987000 Episode Num: 987 Episode T: 1000 Reward: 136.984
Total T: 988000 Episode Num: 988 Episode T: 1000 Reward: 136.191
Total T: 989000 Episode Num: 989 Episode T: 1000 Reward: 138.164
Total T: 990000 Episode Num: 990 Episode T: 1000 Reward: 138.845
---------------------------------------
Evaluation over 10 episodes: 127.589
---------------------------------------
Total T: 991000 Episode Num: 991 Episode T: 1000 Reward: 97.900
Total T: 992000 Episode Num: 992 Episode T: 1000 Reward: 137.601
Total T: 993000 Episode Num: 993 Episode T: 1000 Reward: 135.105
Total T: 994000 Episode Num: 994 Episode T: 1000 Reward: 136.121
Total T: 995000 Episode Num: 995 Episode T: 1000 Reward: 98.264
---------------------------------------
Evaluation over 10 episodes: 124.590
---------------------------------------
Total T: 996000 Episode Num: 996 Episode T: 1000 Reward: 98.628
Total T: 997000 Episode Num: 997 Episode T: 1000 Reward: 135.914
Total T: 998000 Episode Num: 998 Episode T: 1000 Reward: 97.851
Total T: 999000 Episode Num: 999 Episode T: 1000 Reward: 138.723
Total T: 1000000 Episode Num: 1000 Episode T: 1000 Reward: 134.739
---------------------------------------
Evaluation over 10 episodes: 133.521
---------------------------------------
