---------------------------------------
Policy: TD3, Env: HalfCheetah-v2, Seed: 0
---------------------------------------
---------------------------------------
Evaluation over 10 episodes: -8.188
---------------------------------------
Total T: 1000 Episode Num: 1 Episode T: 1000 Reward: -187.283
Total T: 2000 Episode Num: 2 Episode T: 1000 Reward: -355.354
Total T: 3000 Episode Num: 3 Episode T: 1000 Reward: -217.509
Total T: 4000 Episode Num: 4 Episode T: 1000 Reward: -262.101
Total T: 5000 Episode Num: 5 Episode T: 1000 Reward: -302.213
---------------------------------------
Evaluation over 10 episodes: -7.301
---------------------------------------
Total T: 6000 Episode Num: 6 Episode T: 1000 Reward: -247.543
Total T: 7000 Episode Num: 7 Episode T: 1000 Reward: -204.600
Total T: 8000 Episode Num: 8 Episode T: 1000 Reward: -343.404
Total T: 9000 Episode Num: 9 Episode T: 1000 Reward: -177.592
Total T: 10000 Episode Num: 10 Episode T: 1000 Reward: -345.072
---------------------------------------
Evaluation over 10 episodes: -7.701
---------------------------------------
Total T: 11000 Episode Num: 11 Episode T: 1000 Reward: -495.006
Total T: 12000 Episode Num: 12 Episode T: 1000 Reward: -285.346
Total T: 13000 Episode Num: 13 Episode T: 1000 Reward: -180.376
Total T: 14000 Episode Num: 14 Episode T: 1000 Reward: -246.025
Total T: 15000 Episode Num: 15 Episode T: 1000 Reward: -465.052
---------------------------------------
Evaluation over 10 episodes: -5.545
---------------------------------------
Total T: 16000 Episode Num: 16 Episode T: 1000 Reward: -334.856
Total T: 17000 Episode Num: 17 Episode T: 1000 Reward: -326.696
Total T: 18000 Episode Num: 18 Episode T: 1000 Reward: -295.909
Total T: 19000 Episode Num: 19 Episode T: 1000 Reward: -73.133
Total T: 20000 Episode Num: 20 Episode T: 1000 Reward: -394.110
---------------------------------------
Evaluation over 10 episodes: -6.914
---------------------------------------
Total T: 21000 Episode Num: 21 Episode T: 1000 Reward: -191.672
Total T: 22000 Episode Num: 22 Episode T: 1000 Reward: -225.466
Total T: 23000 Episode Num: 23 Episode T: 1000 Reward: -387.668
Total T: 24000 Episode Num: 24 Episode T: 1000 Reward: -118.963
Total T: 25000 Episode Num: 25 Episode T: 1000 Reward: -344.559
---------------------------------------
Evaluation over 10 episodes: -8.751
---------------------------------------
Total T: 26000 Episode Num: 26 Episode T: 1000 Reward: -320.571
Total T: 27000 Episode Num: 27 Episode T: 1000 Reward: -374.538
Total T: 28000 Episode Num: 28 Episode T: 1000 Reward: -417.204
Total T: 29000 Episode Num: 29 Episode T: 1000 Reward: -388.767
Total T: 30000 Episode Num: 30 Episode T: 1000 Reward: -312.875
---------------------------------------
Evaluation over 10 episodes: -316.568
---------------------------------------
Total T: 31000 Episode Num: 31 Episode T: 1000 Reward: -280.166
Total T: 32000 Episode Num: 32 Episode T: 1000 Reward: -349.762
Total T: 33000 Episode Num: 33 Episode T: 1000 Reward: -299.622
Total T: 34000 Episode Num: 34 Episode T: 1000 Reward: -297.464
Total T: 35000 Episode Num: 35 Episode T: 1000 Reward: -249.870
---------------------------------------
Evaluation over 10 episodes: -257.122
---------------------------------------
Total T: 36000 Episode Num: 36 Episode T: 1000 Reward: -280.615
Total T: 37000 Episode Num: 37 Episode T: 1000 Reward: -270.094
Total T: 38000 Episode Num: 38 Episode T: 1000 Reward: -18.585
Total T: 39000 Episode Num: 39 Episode T: 1000 Reward: 227.693
Total T: 40000 Episode Num: 40 Episode T: 1000 Reward: 411.486
---------------------------------------
Evaluation over 10 episodes: 337.006
---------------------------------------
Total T: 41000 Episode Num: 41 Episode T: 1000 Reward: 109.834
Total T: 42000 Episode Num: 42 Episode T: 1000 Reward: 3.229
Total T: 43000 Episode Num: 43 Episode T: 1000 Reward: -177.325
Total T: 44000 Episode Num: 44 Episode T: 1000 Reward: 84.755
Total T: 45000 Episode Num: 45 Episode T: 1000 Reward: 1479.398
---------------------------------------
Evaluation over 10 episodes: 1042.299
---------------------------------------
Total T: 46000 Episode Num: 46 Episode T: 1000 Reward: 1482.169
Total T: 47000 Episode Num: 47 Episode T: 1000 Reward: 1599.031
Total T: 48000 Episode Num: 48 Episode T: 1000 Reward: 1616.333
Total T: 49000 Episode Num: 49 Episode T: 1000 Reward: 11.728
Total T: 50000 Episode Num: 50 Episode T: 1000 Reward: 1731.241
---------------------------------------
Evaluation over 10 episodes: 1566.642
---------------------------------------
Total T: 51000 Episode Num: 51 Episode T: 1000 Reward: 1134.186
Total T: 52000 Episode Num: 52 Episode T: 1000 Reward: 1959.230
Total T: 53000 Episode Num: 53 Episode T: 1000 Reward: 1980.634
Total T: 54000 Episode Num: 54 Episode T: 1000 Reward: 2114.613
Total T: 55000 Episode Num: 55 Episode T: 1000 Reward: 2342.692
---------------------------------------
Evaluation over 10 episodes: 2083.239
---------------------------------------
Total T: 56000 Episode Num: 56 Episode T: 1000 Reward: 2238.196
Total T: 57000 Episode Num: 57 Episode T: 1000 Reward: 2444.353
Total T: 58000 Episode Num: 58 Episode T: 1000 Reward: 2365.788
Total T: 59000 Episode Num: 59 Episode T: 1000 Reward: 2539.020
Total T: 60000 Episode Num: 60 Episode T: 1000 Reward: 756.132
---------------------------------------
Evaluation over 10 episodes: 1994.811
---------------------------------------
Total T: 61000 Episode Num: 61 Episode T: 1000 Reward: 215.906
Total T: 62000 Episode Num: 62 Episode T: 1000 Reward: 2462.994
Total T: 63000 Episode Num: 63 Episode T: 1000 Reward: 2438.083
Total T: 64000 Episode Num: 64 Episode T: 1000 Reward: 2290.941
Total T: 65000 Episode Num: 65 Episode T: 1000 Reward: 2481.468
---------------------------------------
Evaluation over 10 episodes: 2292.772
---------------------------------------
Total T: 66000 Episode Num: 66 Episode T: 1000 Reward: 2493.287
Total T: 67000 Episode Num: 67 Episode T: 1000 Reward: 2708.495
Total T: 68000 Episode Num: 68 Episode T: 1000 Reward: 2857.766
Total T: 69000 Episode Num: 69 Episode T: 1000 Reward: 2759.038
Total T: 70000 Episode Num: 70 Episode T: 1000 Reward: 2822.584
---------------------------------------
Evaluation over 10 episodes: 3027.321
---------------------------------------
Total T: 71000 Episode Num: 71 Episode T: 1000 Reward: 3059.638
Total T: 72000 Episode Num: 72 Episode T: 1000 Reward: 3161.500
Total T: 73000 Episode Num: 73 Episode T: 1000 Reward: 2995.941
Total T: 74000 Episode Num: 74 Episode T: 1000 Reward: 3023.955
Total T: 75000 Episode Num: 75 Episode T: 1000 Reward: 3085.354
---------------------------------------
Evaluation over 10 episodes: 3250.772
---------------------------------------
Total T: 76000 Episode Num: 76 Episode T: 1000 Reward: 3375.880
Total T: 77000 Episode Num: 77 Episode T: 1000 Reward: 3236.945
Total T: 78000 Episode Num: 78 Episode T: 1000 Reward: 3350.254
Total T: 79000 Episode Num: 79 Episode T: 1000 Reward: 3507.638
Total T: 80000 Episode Num: 80 Episode T: 1000 Reward: 3403.588
---------------------------------------
Evaluation over 10 episodes: 3405.010
---------------------------------------
Total T: 81000 Episode Num: 81 Episode T: 1000 Reward: 3487.428
Total T: 82000 Episode Num: 82 Episode T: 1000 Reward: 3544.411
Total T: 83000 Episode Num: 83 Episode T: 1000 Reward: 3648.657
Total T: 84000 Episode Num: 84 Episode T: 1000 Reward: 3800.142
Total T: 85000 Episode Num: 85 Episode T: 1000 Reward: 3796.998
---------------------------------------
Evaluation over 10 episodes: 3336.762
---------------------------------------
Total T: 86000 Episode Num: 86 Episode T: 1000 Reward: 3769.202
Total T: 87000 Episode Num: 87 Episode T: 1000 Reward: 3761.169
Total T: 88000 Episode Num: 88 Episode T: 1000 Reward: 2032.764
Total T: 89000 Episode Num: 89 Episode T: 1000 Reward: 3603.400
Total T: 90000 Episode Num: 90 Episode T: 1000 Reward: 3871.181
---------------------------------------
Evaluation over 10 episodes: 3311.108
---------------------------------------
Total T: 91000 Episode Num: 91 Episode T: 1000 Reward: 3508.962
Total T: 92000 Episode Num: 92 Episode T: 1000 Reward: 3896.699
Total T: 93000 Episode Num: 93 Episode T: 1000 Reward: 3813.064
Total T: 94000 Episode Num: 94 Episode T: 1000 Reward: 4185.899
Total T: 95000 Episode Num: 95 Episode T: 1000 Reward: 4008.616
---------------------------------------
Evaluation over 10 episodes: 4104.555
---------------------------------------
Total T: 96000 Episode Num: 96 Episode T: 1000 Reward: 4051.483
Total T: 97000 Episode Num: 97 Episode T: 1000 Reward: 4069.370
Total T: 98000 Episode Num: 98 Episode T: 1000 Reward: 4282.406
Total T: 99000 Episode Num: 99 Episode T: 1000 Reward: 4078.173
Total T: 100000 Episode Num: 100 Episode T: 1000 Reward: 4057.140
---------------------------------------
Evaluation over 10 episodes: 4149.212
---------------------------------------
Total T: 101000 Episode Num: 101 Episode T: 1000 Reward: 4129.195
Total T: 102000 Episode Num: 102 Episode T: 1000 Reward: 4201.523
Total T: 103000 Episode Num: 103 Episode T: 1000 Reward: 4030.079
Total T: 104000 Episode Num: 104 Episode T: 1000 Reward: 4041.898
Total T: 105000 Episode Num: 105 Episode T: 1000 Reward: 4244.669
---------------------------------------
Evaluation over 10 episodes: 4125.359
---------------------------------------
Total T: 106000 Episode Num: 106 Episode T: 1000 Reward: 4094.913
Total T: 107000 Episode Num: 107 Episode T: 1000 Reward: 4350.492
Total T: 108000 Episode Num: 108 Episode T: 1000 Reward: 4249.897
Total T: 109000 Episode Num: 109 Episode T: 1000 Reward: 4376.300
Total T: 110000 Episode Num: 110 Episode T: 1000 Reward: 4469.277
---------------------------------------
Evaluation over 10 episodes: 4377.761
---------------------------------------
Total T: 111000 Episode Num: 111 Episode T: 1000 Reward: 4285.726
Total T: 112000 Episode Num: 112 Episode T: 1000 Reward: 4333.264
Total T: 113000 Episode Num: 113 Episode T: 1000 Reward: 4553.139
Total T: 114000 Episode Num: 114 Episode T: 1000 Reward: 4362.062
Total T: 115000 Episode Num: 115 Episode T: 1000 Reward: 4335.487
---------------------------------------
Evaluation over 10 episodes: 4521.367
---------------------------------------
Total T: 116000 Episode Num: 116 Episode T: 1000 Reward: 4514.890
Total T: 117000 Episode Num: 117 Episode T: 1000 Reward: 2227.077
Total T: 118000 Episode Num: 118 Episode T: 1000 Reward: 4738.623
Total T: 119000 Episode Num: 119 Episode T: 1000 Reward: 4631.644
Total T: 120000 Episode Num: 120 Episode T: 1000 Reward: 4566.997
---------------------------------------
Evaluation over 10 episodes: 4443.264
---------------------------------------
Total T: 121000 Episode Num: 121 Episode T: 1000 Reward: 3293.224
Total T: 122000 Episode Num: 122 Episode T: 1000 Reward: 4372.844
Total T: 123000 Episode Num: 123 Episode T: 1000 Reward: 4717.056
Total T: 124000 Episode Num: 124 Episode T: 1000 Reward: 4718.611
Total T: 125000 Episode Num: 125 Episode T: 1000 Reward: 4686.797
---------------------------------------
Evaluation over 10 episodes: 4582.092
---------------------------------------
Total T: 126000 Episode Num: 126 Episode T: 1000 Reward: 4757.385
Total T: 127000 Episode Num: 127 Episode T: 1000 Reward: 4629.440
Total T: 128000 Episode Num: 128 Episode T: 1000 Reward: 4788.298
Total T: 129000 Episode Num: 129 Episode T: 1000 Reward: 4807.463
Total T: 130000 Episode Num: 130 Episode T: 1000 Reward: 4716.425
---------------------------------------
Evaluation over 10 episodes: 4494.890
---------------------------------------
Total T: 131000 Episode Num: 131 Episode T: 1000 Reward: 4833.763
Total T: 132000 Episode Num: 132 Episode T: 1000 Reward: 4721.260
Total T: 133000 Episode Num: 133 Episode T: 1000 Reward: 4734.740
Total T: 134000 Episode Num: 134 Episode T: 1000 Reward: 4841.214
Total T: 135000 Episode Num: 135 Episode T: 1000 Reward: 4816.021
---------------------------------------
Evaluation over 10 episodes: 4732.625
---------------------------------------
Total T: 136000 Episode Num: 136 Episode T: 1000 Reward: 4823.780
Total T: 137000 Episode Num: 137 Episode T: 1000 Reward: 4826.742
Total T: 138000 Episode Num: 138 Episode T: 1000 Reward: 4940.160
Total T: 139000 Episode Num: 139 Episode T: 1000 Reward: 4845.882
Total T: 140000 Episode Num: 140 Episode T: 1000 Reward: 4931.943
---------------------------------------
Evaluation over 10 episodes: 4829.532
---------------------------------------
Total T: 141000 Episode Num: 141 Episode T: 1000 Reward: 4926.696
Total T: 142000 Episode Num: 142 Episode T: 1000 Reward: 4954.942
Total T: 143000 Episode Num: 143 Episode T: 1000 Reward: 4776.790
Total T: 144000 Episode Num: 144 Episode T: 1000 Reward: 4886.520
Total T: 145000 Episode Num: 145 Episode T: 1000 Reward: 4873.255
---------------------------------------
Evaluation over 10 episodes: 4889.979
---------------------------------------
Total T: 146000 Episode Num: 146 Episode T: 1000 Reward: 5055.750
Total T: 147000 Episode Num: 147 Episode T: 1000 Reward: 5031.164
Total T: 148000 Episode Num: 148 Episode T: 1000 Reward: 4919.513
Total T: 149000 Episode Num: 149 Episode T: 1000 Reward: 4953.686
Total T: 150000 Episode Num: 150 Episode T: 1000 Reward: 5099.901
---------------------------------------
Evaluation over 10 episodes: 5049.048
---------------------------------------
Total T: 151000 Episode Num: 151 Episode T: 1000 Reward: 4834.306
Total T: 152000 Episode Num: 152 Episode T: 1000 Reward: 4955.803
Total T: 153000 Episode Num: 153 Episode T: 1000 Reward: 4944.200
Total T: 154000 Episode Num: 154 Episode T: 1000 Reward: 4925.762
Total T: 155000 Episode Num: 155 Episode T: 1000 Reward: 5034.236
---------------------------------------
Evaluation over 10 episodes: 4775.699
---------------------------------------
Total T: 156000 Episode Num: 156 Episode T: 1000 Reward: 5040.701
Total T: 157000 Episode Num: 157 Episode T: 1000 Reward: 5079.714
Total T: 158000 Episode Num: 158 Episode T: 1000 Reward: 5059.457
Total T: 159000 Episode Num: 159 Episode T: 1000 Reward: 4948.991
Total T: 160000 Episode Num: 160 Episode T: 1000 Reward: 5083.151
---------------------------------------
Evaluation over 10 episodes: 5022.879
---------------------------------------
Total T: 161000 Episode Num: 161 Episode T: 1000 Reward: 4918.849
Total T: 162000 Episode Num: 162 Episode T: 1000 Reward: 5059.501
Total T: 163000 Episode Num: 163 Episode T: 1000 Reward: 5054.167
Total T: 164000 Episode Num: 164 Episode T: 1000 Reward: 5050.781
Total T: 165000 Episode Num: 165 Episode T: 1000 Reward: 5138.450
---------------------------------------
Evaluation over 10 episodes: 5098.234
---------------------------------------
Total T: 166000 Episode Num: 166 Episode T: 1000 Reward: 5056.786
Total T: 167000 Episode Num: 167 Episode T: 1000 Reward: 5103.507
Total T: 168000 Episode Num: 168 Episode T: 1000 Reward: 5193.976
Total T: 169000 Episode Num: 169 Episode T: 1000 Reward: 5057.100
Total T: 170000 Episode Num: 170 Episode T: 1000 Reward: 5072.300
---------------------------------------
Evaluation over 10 episodes: 5223.707
---------------------------------------
Total T: 171000 Episode Num: 171 Episode T: 1000 Reward: 5358.936
Total T: 172000 Episode Num: 172 Episode T: 1000 Reward: 5291.657
Total T: 173000 Episode Num: 173 Episode T: 1000 Reward: 5414.556
Total T: 174000 Episode Num: 174 Episode T: 1000 Reward: 5260.966
Total T: 175000 Episode Num: 175 Episode T: 1000 Reward: 5264.939
---------------------------------------
Evaluation over 10 episodes: 5266.712
---------------------------------------
Total T: 176000 Episode Num: 176 Episode T: 1000 Reward: 5284.689
Total T: 177000 Episode Num: 177 Episode T: 1000 Reward: 5315.220
Total T: 178000 Episode Num: 178 Episode T: 1000 Reward: 5250.595
Total T: 179000 Episode Num: 179 Episode T: 1000 Reward: 5342.990
Total T: 180000 Episode Num: 180 Episode T: 1000 Reward: 5363.617
---------------------------------------
Evaluation over 10 episodes: 5435.635
---------------------------------------
Total T: 181000 Episode Num: 181 Episode T: 1000 Reward: 5454.569
Total T: 182000 Episode Num: 182 Episode T: 1000 Reward: 5435.417
Total T: 183000 Episode Num: 183 Episode T: 1000 Reward: 5297.315
Total T: 184000 Episode Num: 184 Episode T: 1000 Reward: 5418.936
Total T: 185000 Episode Num: 185 Episode T: 1000 Reward: 2952.950
---------------------------------------
Evaluation over 10 episodes: 5436.303
---------------------------------------
Total T: 186000 Episode Num: 186 Episode T: 1000 Reward: 5590.576
Total T: 187000 Episode Num: 187 Episode T: 1000 Reward: 5416.502
Total T: 188000 Episode Num: 188 Episode T: 1000 Reward: 5441.003
Total T: 189000 Episode Num: 189 Episode T: 1000 Reward: 5411.092
Total T: 190000 Episode Num: 190 Episode T: 1000 Reward: 5410.562
---------------------------------------
Evaluation over 10 episodes: 5476.162
---------------------------------------
Total T: 191000 Episode Num: 191 Episode T: 1000 Reward: 5556.797
Total T: 192000 Episode Num: 192 Episode T: 1000 Reward: 5473.834
Total T: 193000 Episode Num: 193 Episode T: 1000 Reward: 5467.109
Total T: 194000 Episode Num: 194 Episode T: 1000 Reward: 5635.739
Total T: 195000 Episode Num: 195 Episode T: 1000 Reward: 5669.091
---------------------------------------
Evaluation over 10 episodes: 5569.510
---------------------------------------
Total T: 196000 Episode Num: 196 Episode T: 1000 Reward: 5642.846
Total T: 197000 Episode Num: 197 Episode T: 1000 Reward: 5569.369
Total T: 198000 Episode Num: 198 Episode T: 1000 Reward: 5605.689
Total T: 199000 Episode Num: 199 Episode T: 1000 Reward: 5609.337
Total T: 200000 Episode Num: 200 Episode T: 1000 Reward: 5547.027
---------------------------------------
Evaluation over 10 episodes: 5556.160
---------------------------------------
Total T: 201000 Episode Num: 201 Episode T: 1000 Reward: 5613.406
Total T: 202000 Episode Num: 202 Episode T: 1000 Reward: 5870.229
Total T: 203000 Episode Num: 203 Episode T: 1000 Reward: 5718.217
Total T: 204000 Episode Num: 204 Episode T: 1000 Reward: 5568.194
Total T: 205000 Episode Num: 205 Episode T: 1000 Reward: 5815.936
---------------------------------------
Evaluation over 10 episodes: 5702.009
---------------------------------------
Total T: 206000 Episode Num: 206 Episode T: 1000 Reward: 5680.565
Total T: 207000 Episode Num: 207 Episode T: 1000 Reward: 5696.891
Total T: 208000 Episode Num: 208 Episode T: 1000 Reward: 5895.483
Total T: 209000 Episode Num: 209 Episode T: 1000 Reward: 5787.050
Total T: 210000 Episode Num: 210 Episode T: 1000 Reward: 5762.976
---------------------------------------
Evaluation over 10 episodes: 5834.392
---------------------------------------
Total T: 211000 Episode Num: 211 Episode T: 1000 Reward: 5854.133
Total T: 212000 Episode Num: 212 Episode T: 1000 Reward: 5848.883
Total T: 213000 Episode Num: 213 Episode T: 1000 Reward: 5878.964
Total T: 214000 Episode Num: 214 Episode T: 1000 Reward: 5795.347
Total T: 215000 Episode Num: 215 Episode T: 1000 Reward: 5941.159
---------------------------------------
Evaluation over 10 episodes: 5896.925
---------------------------------------
Total T: 216000 Episode Num: 216 Episode T: 1000 Reward: 5764.995
Total T: 217000 Episode Num: 217 Episode T: 1000 Reward: 5791.785
Total T: 218000 Episode Num: 218 Episode T: 1000 Reward: 5806.410
Total T: 219000 Episode Num: 219 Episode T: 1000 Reward: 5642.996
Total T: 220000 Episode Num: 220 Episode T: 1000 Reward: 5836.840
---------------------------------------
Evaluation over 10 episodes: 5952.487
---------------------------------------
Total T: 221000 Episode Num: 221 Episode T: 1000 Reward: 5926.466
Total T: 222000 Episode Num: 222 Episode T: 1000 Reward: 5846.636
Total T: 223000 Episode Num: 223 Episode T: 1000 Reward: 6029.486
Total T: 224000 Episode Num: 224 Episode T: 1000 Reward: 6019.929
Total T: 225000 Episode Num: 225 Episode T: 1000 Reward: 6100.134
---------------------------------------
Evaluation over 10 episodes: 5880.870
---------------------------------------
Total T: 226000 Episode Num: 226 Episode T: 1000 Reward: 5948.003
Total T: 227000 Episode Num: 227 Episode T: 1000 Reward: 5916.637
Total T: 228000 Episode Num: 228 Episode T: 1000 Reward: 5870.240
Total T: 229000 Episode Num: 229 Episode T: 1000 Reward: 6108.091
Total T: 230000 Episode Num: 230 Episode T: 1000 Reward: 5909.585
---------------------------------------
Evaluation over 10 episodes: 6049.302
---------------------------------------
Total T: 231000 Episode Num: 231 Episode T: 1000 Reward: 5908.015
Total T: 232000 Episode Num: 232 Episode T: 1000 Reward: 5894.889
Total T: 233000 Episode Num: 233 Episode T: 1000 Reward: 5954.135
Total T: 234000 Episode Num: 234 Episode T: 1000 Reward: 5926.606
Total T: 235000 Episode Num: 235 Episode T: 1000 Reward: 6009.911
---------------------------------------
Evaluation over 10 episodes: 5996.178
---------------------------------------
Total T: 236000 Episode Num: 236 Episode T: 1000 Reward: 6028.140
Total T: 237000 Episode Num: 237 Episode T: 1000 Reward: 6098.502
Total T: 238000 Episode Num: 238 Episode T: 1000 Reward: 6241.244
Total T: 239000 Episode Num: 239 Episode T: 1000 Reward: 6173.399
Total T: 240000 Episode Num: 240 Episode T: 1000 Reward: 6121.546
---------------------------------------
Evaluation over 10 episodes: 6169.710
---------------------------------------
Total T: 241000 Episode Num: 241 Episode T: 1000 Reward: 6255.130
Total T: 242000 Episode Num: 242 Episode T: 1000 Reward: 5977.750
Total T: 243000 Episode Num: 243 Episode T: 1000 Reward: 6075.684
Total T: 244000 Episode Num: 244 Episode T: 1000 Reward: 6147.660
Total T: 245000 Episode Num: 245 Episode T: 1000 Reward: 6152.329
---------------------------------------
Evaluation over 10 episodes: 6090.116
---------------------------------------
Total T: 246000 Episode Num: 246 Episode T: 1000 Reward: 6198.480
Total T: 247000 Episode Num: 247 Episode T: 1000 Reward: 6166.693
Total T: 248000 Episode Num: 248 Episode T: 1000 Reward: 6188.952
Total T: 249000 Episode Num: 249 Episode T: 1000 Reward: 6144.276
Total T: 250000 Episode Num: 250 Episode T: 1000 Reward: 6189.712
---------------------------------------
Evaluation over 10 episodes: 6096.176
---------------------------------------
Total T: 251000 Episode Num: 251 Episode T: 1000 Reward: 6185.859
Total T: 252000 Episode Num: 252 Episode T: 1000 Reward: 6038.195
Total T: 253000 Episode Num: 253 Episode T: 1000 Reward: 6200.856
Total T: 254000 Episode Num: 254 Episode T: 1000 Reward: 6190.337
Total T: 255000 Episode Num: 255 Episode T: 1000 Reward: 6141.235
---------------------------------------
Evaluation over 10 episodes: 6003.148
---------------------------------------
Total T: 256000 Episode Num: 256 Episode T: 1000 Reward: 6207.648
Total T: 257000 Episode Num: 257 Episode T: 1000 Reward: 6140.574
Total T: 258000 Episode Num: 258 Episode T: 1000 Reward: 6110.780
Total T: 259000 Episode Num: 259 Episode T: 1000 Reward: 6225.305
Total T: 260000 Episode Num: 260 Episode T: 1000 Reward: 6246.704
---------------------------------------
Evaluation over 10 episodes: 6035.688
---------------------------------------
Total T: 261000 Episode Num: 261 Episode T: 1000 Reward: 6270.871
Total T: 262000 Episode Num: 262 Episode T: 1000 Reward: 6185.775
Total T: 263000 Episode Num: 263 Episode T: 1000 Reward: 6215.540
Total T: 264000 Episode Num: 264 Episode T: 1000 Reward: 6001.220
Total T: 265000 Episode Num: 265 Episode T: 1000 Reward: 6122.358
---------------------------------------
Evaluation over 10 episodes: 6085.501
---------------------------------------
Total T: 266000 Episode Num: 266 Episode T: 1000 Reward: 6110.682
Total T: 267000 Episode Num: 267 Episode T: 1000 Reward: 6215.366
Total T: 268000 Episode Num: 268 Episode T: 1000 Reward: 6101.104
Total T: 269000 Episode Num: 269 Episode T: 1000 Reward: 6219.608
Total T: 270000 Episode Num: 270 Episode T: 1000 Reward: 6080.957
---------------------------------------
Evaluation over 10 episodes: 6147.903
---------------------------------------
Total T: 271000 Episode Num: 271 Episode T: 1000 Reward: 6282.925
Total T: 272000 Episode Num: 272 Episode T: 1000 Reward: 6146.941
Total T: 273000 Episode Num: 273 Episode T: 1000 Reward: 6266.441
Total T: 274000 Episode Num: 274 Episode T: 1000 Reward: 6103.092
Total T: 275000 Episode Num: 275 Episode T: 1000 Reward: 6352.084
---------------------------------------
Evaluation over 10 episodes: 6307.585
---------------------------------------
Total T: 276000 Episode Num: 276 Episode T: 1000 Reward: 6419.738srun: Job step aborted: Waiting up to 32 seconds for job step to finish.
slurmstepd: *** JOB 185976 CANCELLED AT 2020-05-24T08:53:46 *** on simba-compute-06
slurmstepd: *** STEP 185976.0 CANCELLED AT 2020-05-24T08:53:46 *** on simba-compute-06
