---------------------------------------
Policy: TD3, Env: Swimmer-v2, Seed: 0
---------------------------------------
---------------------------------------
Evaluation over 10 episodes: 2.328
---------------------------------------
Total T: 1000 Episode Num: 1 Episode T: 1000 Reward: 22.063
Total T: 2000 Episode Num: 2 Episode T: 1000 Reward: -18.264
Total T: 3000 Episode Num: 3 Episode T: 1000 Reward: 0.265
Total T: 4000 Episode Num: 4 Episode T: 1000 Reward: 4.913
Total T: 5000 Episode Num: 5 Episode T: 1000 Reward: -12.575
---------------------------------------
Evaluation over 10 episodes: 3.548
---------------------------------------
Total T: 6000 Episode Num: 6 Episode T: 1000 Reward: -14.330
Total T: 7000 Episode Num: 7 Episode T: 1000 Reward: 9.234
Total T: 8000 Episode Num: 8 Episode T: 1000 Reward: 18.238
Total T: 9000 Episode Num: 9 Episode T: 1000 Reward: -2.268
Total T: 10000 Episode Num: 10 Episode T: 1000 Reward: 0.293
---------------------------------------
Evaluation over 10 episodes: 6.033
---------------------------------------
Total T: 11000 Episode Num: 11 Episode T: 1000 Reward: -10.223
Total T: 12000 Episode Num: 12 Episode T: 1000 Reward: -16.056
Total T: 13000 Episode Num: 13 Episode T: 1000 Reward: 6.187
Total T: 14000 Episode Num: 14 Episode T: 1000 Reward: -17.521
Total T: 15000 Episode Num: 15 Episode T: 1000 Reward: 15.618
---------------------------------------
Evaluation over 10 episodes: 3.785
---------------------------------------
Total T: 16000 Episode Num: 16 Episode T: 1000 Reward: -0.512
Total T: 17000 Episode Num: 17 Episode T: 1000 Reward: 0.374
Total T: 18000 Episode Num: 18 Episode T: 1000 Reward: 12.198
Total T: 19000 Episode Num: 19 Episode T: 1000 Reward: -6.979
Total T: 20000 Episode Num: 20 Episode T: 1000 Reward: 2.562
---------------------------------------
Evaluation over 10 episodes: -3.221
---------------------------------------
Total T: 21000 Episode Num: 21 Episode T: 1000 Reward: 2.063
Total T: 22000 Episode Num: 22 Episode T: 1000 Reward: 7.590
Total T: 23000 Episode Num: 23 Episode T: 1000 Reward: -14.300
Total T: 24000 Episode Num: 24 Episode T: 1000 Reward: -4.775
Total T: 25000 Episode Num: 25 Episode T: 1000 Reward: 6.070
---------------------------------------
Evaluation over 10 episodes: -1.942
---------------------------------------
Total T: 26000 Episode Num: 26 Episode T: 1000 Reward: 8.549
Total T: 27000 Episode Num: 27 Episode T: 1000 Reward: 38.154
Total T: 28000 Episode Num: 28 Episode T: 1000 Reward: 42.432
Total T: 29000 Episode Num: 29 Episode T: 1000 Reward: 28.422
Total T: 30000 Episode Num: 30 Episode T: 1000 Reward: 23.794
---------------------------------------
Evaluation over 10 episodes: 25.674
---------------------------------------
Total T: 31000 Episode Num: 31 Episode T: 1000 Reward: 30.519
Total T: 32000 Episode Num: 32 Episode T: 1000 Reward: 24.896
Total T: 33000 Episode Num: 33 Episode T: 1000 Reward: 26.059
Total T: 34000 Episode Num: 34 Episode T: 1000 Reward: 22.179
Total T: 35000 Episode Num: 35 Episode T: 1000 Reward: 19.539
---------------------------------------
Evaluation over 10 episodes: 8.805
---------------------------------------
Total T: 36000 Episode Num: 36 Episode T: 1000 Reward: -2.912
Total T: 37000 Episode Num: 37 Episode T: 1000 Reward: 8.849
Total T: 38000 Episode Num: 38 Episode T: 1000 Reward: 10.945
Total T: 39000 Episode Num: 39 Episode T: 1000 Reward: 32.677
Total T: 40000 Episode Num: 40 Episode T: 1000 Reward: 26.591
---------------------------------------
Evaluation over 10 episodes: 31.618
---------------------------------------
Total T: 41000 Episode Num: 41 Episode T: 1000 Reward: 29.892
Total T: 42000 Episode Num: 42 Episode T: 1000 Reward: 35.328
Total T: 43000 Episode Num: 43 Episode T: 1000 Reward: 35.024
Total T: 44000 Episode Num: 44 Episode T: 1000 Reward: 37.865
Total T: 45000 Episode Num: 45 Episode T: 1000 Reward: 37.884
---------------------------------------
Evaluation over 10 episodes: 36.568
---------------------------------------
Total T: 46000 Episode Num: 46 Episode T: 1000 Reward: 35.084
Total T: 47000 Episode Num: 47 Episode T: 1000 Reward: 38.274
Total T: 48000 Episode Num: 48 Episode T: 1000 Reward: 43.187
Total T: 49000 Episode Num: 49 Episode T: 1000 Reward: 37.535
Total T: 50000 Episode Num: 50 Episode T: 1000 Reward: 42.963
---------------------------------------
Evaluation over 10 episodes: 31.042
---------------------------------------
Total T: 51000 Episode Num: 51 Episode T: 1000 Reward: 35.784
Total T: 52000 Episode Num: 52 Episode T: 1000 Reward: 33.993
Total T: 53000 Episode Num: 53 Episode T: 1000 Reward: 38.849
Total T: 54000 Episode Num: 54 Episode T: 1000 Reward: 43.299
Total T: 55000 Episode Num: 55 Episode T: 1000 Reward: 35.642
---------------------------------------
Evaluation over 10 episodes: 34.552
---------------------------------------
Total T: 56000 Episode Num: 56 Episode T: 1000 Reward: 34.966
Total T: 57000 Episode Num: 57 Episode T: 1000 Reward: 37.900
Total T: 58000 Episode Num: 58 Episode T: 1000 Reward: 38.262
Total T: 59000 Episode Num: 59 Episode T: 1000 Reward: 36.794
Total T: 60000 Episode Num: 60 Episode T: 1000 Reward: 40.633
---------------------------------------
Evaluation over 10 episodes: 42.017
---------------------------------------
Total T: 61000 Episode Num: 61 Episode T: 1000 Reward: 41.491
Total T: 62000 Episode Num: 62 Episode T: 1000 Reward: 37.058
Total T: 63000 Episode Num: 63 Episode T: 1000 Reward: 36.238
Total T: 64000 Episode Num: 64 Episode T: 1000 Reward: 39.248
Total T: 65000 Episode Num: 65 Episode T: 1000 Reward: 38.458
---------------------------------------
Evaluation over 10 episodes: 38.768
---------------------------------------
Total T: 66000 Episode Num: 66 Episode T: 1000 Reward: 49.160
Total T: 67000 Episode Num: 67 Episode T: 1000 Reward: 34.671
Total T: 68000 Episode Num: 68 Episode T: 1000 Reward: 34.684
Total T: 69000 Episode Num: 69 Episode T: 1000 Reward: 39.480
Total T: 70000 Episode Num: 70 Episode T: 1000 Reward: 41.534
---------------------------------------
Evaluation over 10 episodes: 37.723
---------------------------------------
Total T: 71000 Episode Num: 71 Episode T: 1000 Reward: 34.772
Total T: 72000 Episode Num: 72 Episode T: 1000 Reward: 35.193
Total T: 73000 Episode Num: 73 Episode T: 1000 Reward: 35.640
Total T: 74000 Episode Num: 74 Episode T: 1000 Reward: 32.511
Total T: 75000 Episode Num: 75 Episode T: 1000 Reward: 36.682
---------------------------------------
Evaluation over 10 episodes: 37.562
---------------------------------------
Total T: 76000 Episode Num: 76 Episode T: 1000 Reward: 38.068
Total T: 77000 Episode Num: 77 Episode T: 1000 Reward: 39.262
Total T: 78000 Episode Num: 78 Episode T: 1000 Reward: 36.807
Total T: 79000 Episode Num: 79 Episode T: 1000 Reward: 37.601
Total T: 80000 Episode Num: 80 Episode T: 1000 Reward: 36.965
---------------------------------------
Evaluation over 10 episodes: 29.140
---------------------------------------
Total T: 81000 Episode Num: 81 Episode T: 1000 Reward: 38.989
Total T: 82000 Episode Num: 82 Episode T: 1000 Reward: 38.510
Total T: 83000 Episode Num: 83 Episode T: 1000 Reward: 13.952
Total T: 84000 Episode Num: 84 Episode T: 1000 Reward: 26.923
Total T: 85000 Episode Num: 85 Episode T: 1000 Reward: 16.471
---------------------------------------
Evaluation over 10 episodes: 11.916
---------------------------------------
Total T: 86000 Episode Num: 86 Episode T: 1000 Reward: 2.781
Total T: 87000 Episode Num: 87 Episode T: 1000 Reward: 40.958
Total T: 88000 Episode Num: 88 Episode T: 1000 Reward: 1.430
Total T: 89000 Episode Num: 89 Episode T: 1000 Reward: 33.892
Total T: 90000 Episode Num: 90 Episode T: 1000 Reward: 32.221
---------------------------------------
Evaluation over 10 episodes: 30.210
---------------------------------------
Total T: 91000 Episode Num: 91 Episode T: 1000 Reward: 33.491
Total T: 92000 Episode Num: 92 Episode T: 1000 Reward: 36.914
Total T: 93000 Episode Num: 93 Episode T: 1000 Reward: 49.388
Total T: 94000 Episode Num: 94 Episode T: 1000 Reward: 41.239
Total T: 95000 Episode Num: 95 Episode T: 1000 Reward: 33.397
---------------------------------------
Evaluation over 10 episodes: 34.580
---------------------------------------
Total T: 96000 Episode Num: 96 Episode T: 1000 Reward: 32.736
Total T: 97000 Episode Num: 97 Episode T: 1000 Reward: 40.275
Total T: 98000 Episode Num: 98 Episode T: 1000 Reward: 41.809
Total T: 99000 Episode Num: 99 Episode T: 1000 Reward: 43.138
Total T: 100000 Episode Num: 100 Episode T: 1000 Reward: 40.510
---------------------------------------
Evaluation over 10 episodes: 40.606
---------------------------------------
Total T: 101000 Episode Num: 101 Episode T: 1000 Reward: 40.837
Total T: 102000 Episode Num: 102 Episode T: 1000 Reward: 43.265
Total T: 103000 Episode Num: 103 Episode T: 1000 Reward: 40.629
Total T: 104000 Episode Num: 104 Episode T: 1000 Reward: 42.130
Total T: 105000 Episode Num: 105 Episode T: 1000 Reward: 42.301
---------------------------------------
Evaluation over 10 episodes: 39.884
---------------------------------------
Total T: 106000 Episode Num: 106 Episode T: 1000 Reward: 38.302
Total T: 107000 Episode Num: 107 Episode T: 1000 Reward: 48.559
Total T: 108000 Episode Num: 108 Episode T: 1000 Reward: 49.758
Total T: 109000 Episode Num: 109 Episode T: 1000 Reward: 42.085
Total T: 110000 Episode Num: 110 Episode T: 1000 Reward: 39.073
---------------------------------------
Evaluation over 10 episodes: 35.192
---------------------------------------
Total T: 111000 Episode Num: 111 Episode T: 1000 Reward: 34.797
Total T: 112000 Episode Num: 112 Episode T: 1000 Reward: 30.443
Total T: 113000 Episode Num: 113 Episode T: 1000 Reward: 32.796
Total T: 114000 Episode Num: 114 Episode T: 1000 Reward: 32.385
Total T: 115000 Episode Num: 115 Episode T: 1000 Reward: 39.045
---------------------------------------
Evaluation over 10 episodes: 38.263
---------------------------------------
Total T: 116000 Episode Num: 116 Episode T: 1000 Reward: 40.424
Total T: 117000 Episode Num: 117 Episode T: 1000 Reward: 34.437
Total T: 118000 Episode Num: 118 Episode T: 1000 Reward: 36.239
Total T: 119000 Episode Num: 119 Episode T: 1000 Reward: 32.413
Total T: 120000 Episode Num: 120 Episode T: 1000 Reward: 44.572
---------------------------------------
Evaluation over 10 episodes: 40.664
---------------------------------------
Total T: 121000 Episode Num: 121 Episode T: 1000 Reward: 48.244
Total T: 122000 Episode Num: 122 Episode T: 1000 Reward: 40.741
Total T: 123000 Episode Num: 123 Episode T: 1000 Reward: 44.393
Total T: 124000 Episode Num: 124 Episode T: 1000 Reward: 44.982
Total T: 125000 Episode Num: 125 Episode T: 1000 Reward: 41.052
---------------------------------------
Evaluation over 10 episodes: 44.344
---------------------------------------
Total T: 126000 Episode Num: 126 Episode T: 1000 Reward: 41.979
Total T: 127000 Episode Num: 127 Episode T: 1000 Reward: 41.411
Total T: 128000 Episode Num: 128 Episode T: 1000 Reward: 42.947
Total T: 129000 Episode Num: 129 Episode T: 1000 Reward: 41.336
Total T: 130000 Episode Num: 130 Episode T: 1000 Reward: 42.659
---------------------------------------
Evaluation over 10 episodes: 38.446
---------------------------------------
Total T: 131000 Episode Num: 131 Episode T: 1000 Reward: 13.109
Total T: 132000 Episode Num: 132 Episode T: 1000 Reward: 42.561
Total T: 133000 Episode Num: 133 Episode T: 1000 Reward: 28.777
Total T: 134000 Episode Num: 134 Episode T: 1000 Reward: 45.755
Total T: 135000 Episode Num: 135 Episode T: 1000 Reward: 30.109
---------------------------------------
Evaluation over 10 episodes: 39.510
---------------------------------------
Total T: 136000 Episode Num: 136 Episode T: 1000 Reward: 40.979
Total T: 137000 Episode Num: 137 Episode T: 1000 Reward: 38.351
Total T: 138000 Episode Num: 138 Episode T: 1000 Reward: 39.583
Total T: 139000 Episode Num: 139 Episode T: 1000 Reward: 39.198
Total T: 140000 Episode Num: 140 Episode T: 1000 Reward: 38.781
---------------------------------------
Evaluation over 10 episodes: 52.386
---------------------------------------
Total T: 141000 Episode Num: 141 Episode T: 1000 Reward: 50.444
Total T: 142000 Episode Num: 142 Episode T: 1000 Reward: 48.214
Total T: 143000 Episode Num: 143 Episode T: 1000 Reward: 25.585
Total T: 144000 Episode Num: 144 Episode T: 1000 Reward: 46.300
Total T: 145000 Episode Num: 145 Episode T: 1000 Reward: 45.596
---------------------------------------
Evaluation over 10 episodes: 40.982
---------------------------------------
Total T: 146000 Episode Num: 146 Episode T: 1000 Reward: 23.644
Total T: 147000 Episode Num: 147 Episode T: 1000 Reward: 41.581
Total T: 148000 Episode Num: 148 Episode T: 1000 Reward: 34.115
Total T: 149000 Episode Num: 149 Episode T: 1000 Reward: 45.531
Total T: 150000 Episode Num: 150 Episode T: 1000 Reward: 43.693
---------------------------------------
Evaluation over 10 episodes: 39.719
---------------------------------------
Total T: 151000 Episode Num: 151 Episode T: 1000 Reward: 39.251
Total T: 152000 Episode Num: 152 Episode T: 1000 Reward: 46.179
Total T: 153000 Episode Num: 153 Episode T: 1000 Reward: 47.354
Total T: 154000 Episode Num: 154 Episode T: 1000 Reward: 41.070
Total T: 155000 Episode Num: 155 Episode T: 1000 Reward: 43.393
---------------------------------------
Evaluation over 10 episodes: 41.409
---------------------------------------
Total T: 156000 Episode Num: 156 Episode T: 1000 Reward: 44.377
Total T: 157000 Episode Num: 157 Episode T: 1000 Reward: 42.336
Total T: 158000 Episode Num: 158 Episode T: 1000 Reward: 43.354
Total T: 159000 Episode Num: 159 Episode T: 1000 Reward: 43.035
Total T: 160000 Episode Num: 160 Episode T: 1000 Reward: 44.129
---------------------------------------
Evaluation over 10 episodes: 40.751
---------------------------------------
Total T: 161000 Episode Num: 161 Episode T: 1000 Reward: 43.358
Total T: 162000 Episode Num: 162 Episode T: 1000 Reward: 45.050
Total T: 163000 Episode Num: 163 Episode T: 1000 Reward: 43.827
Total T: 164000 Episode Num: 164 Episode T: 1000 Reward: 41.958
Total T: 165000 Episode Num: 165 Episode T: 1000 Reward: 44.298
---------------------------------------
Evaluation over 10 episodes: 42.824
---------------------------------------
Total T: 166000 Episode Num: 166 Episode T: 1000 Reward: 43.207
Total T: 167000 Episode Num: 167 Episode T: 1000 Reward: 40.467
Total T: 168000 Episode Num: 168 Episode T: 1000 Reward: 43.092
Total T: 169000 Episode Num: 169 Episode T: 1000 Reward: 41.280
Total T: 170000 Episode Num: 170 Episode T: 1000 Reward: 43.611
---------------------------------------
Evaluation over 10 episodes: 41.746
---------------------------------------
Total T: 171000 Episode Num: 171 Episode T: 1000 Reward: 42.062
Total T: 172000 Episode Num: 172 Episode T: 1000 Reward: 41.711
Total T: 173000 Episode Num: 173 Episode T: 1000 Reward: 46.222
Total T: 174000 Episode Num: 174 Episode T: 1000 Reward: 39.817
Total T: 175000 Episode Num: 175 Episode T: 1000 Reward: 41.843
---------------------------------------
Evaluation over 10 episodes: 41.678
---------------------------------------
Total T: 176000 Episode Num: 176 Episode T: 1000 Reward: 43.429
Total T: 177000 Episode Num: 177 Episode T: 1000 Reward: 50.526
Total T: 178000 Episode Num: 178 Episode T: 1000 Reward: 49.380
Total T: 179000 Episode Num: 179 Episode T: 1000 Reward: 46.933
Total T: 180000 Episode Num: 180 Episode T: 1000 Reward: 43.136
---------------------------------------
Evaluation over 10 episodes: 41.500
---------------------------------------
Total T: 181000 Episode Num: 181 Episode T: 1000 Reward: 41.961
Total T: 182000 Episode Num: 182 Episode T: 1000 Reward: 29.411
Total T: 183000 Episode Num: 183 Episode T: 1000 Reward: 42.014
Total T: 184000 Episode Num: 184 Episode T: 1000 Reward: 42.882
Total T: 185000 Episode Num: 185 Episode T: 1000 Reward: 44.026
---------------------------------------
Evaluation over 10 episodes: 46.063
---------------------------------------
Total T: 186000 Episode Num: 186 Episode T: 1000 Reward: 44.431
Total T: 187000 Episode Num: 187 Episode T: 1000 Reward: 45.509
Total T: 188000 Episode Num: 188 Episode T: 1000 Reward: 22.271
Total T: 189000 Episode Num: 189 Episode T: 1000 Reward: 44.085
Total T: 190000 Episode Num: 190 Episode T: 1000 Reward: 45.824
---------------------------------------
Evaluation over 10 episodes: 41.555
---------------------------------------
Total T: 191000 Episode Num: 191 Episode T: 1000 Reward: 29.702
Total T: 192000 Episode Num: 192 Episode T: 1000 Reward: 34.023
Total T: 193000 Episode Num: 193 Episode T: 1000 Reward: 46.078
Total T: 194000 Episode Num: 194 Episode T: 1000 Reward: 47.547
Total T: 195000 Episode Num: 195 Episode T: 1000 Reward: 47.395
---------------------------------------
Evaluation over 10 episodes: 45.553
---------------------------------------
Total T: 196000 Episode Num: 196 Episode T: 1000 Reward: 46.260
Total T: 197000 Episode Num: 197 Episode T: 1000 Reward: 48.559
Total T: 198000 Episode Num: 198 Episode T: 1000 Reward: 44.914
Total T: 199000 Episode Num: 199 Episode T: 1000 Reward: 43.364
Total T: 200000 Episode Num: 200 Episode T: 1000 Reward: 43.094
---------------------------------------
Evaluation over 10 episodes: 43.478
---------------------------------------
Total T: 201000 Episode Num: 201 Episode T: 1000 Reward: 45.304
Total T: 202000 Episode Num: 202 Episode T: 1000 Reward: 42.651
Total T: 203000 Episode Num: 203 Episode T: 1000 Reward: 43.833
Total T: 204000 Episode Num: 204 Episode T: 1000 Reward: 46.106
Total T: 205000 Episode Num: 205 Episode T: 1000 Reward: 46.524
---------------------------------------
Evaluation over 10 episodes: 42.968
---------------------------------------
Total T: 206000 Episode Num: 206 Episode T: 1000 Reward: 47.237
Total T: 207000 Episode Num: 207 Episode T: 1000 Reward: 49.290
Total T: 208000 Episode Num: 208 Episode T: 1000 Reward: 46.033
Total T: 209000 Episode Num: 209 Episode T: 1000 Reward: 44.669
Total T: 210000 Episode Num: 210 Episode T: 1000 Reward: 46.020
---------------------------------------
Evaluation over 10 episodes: 43.680
---------------------------------------
Total T: 211000 Episode Num: 211 Episode T: 1000 Reward: 47.888
Total T: 212000 Episode Num: 212 Episode T: 1000 Reward: 45.753
Total T: 213000 Episode Num: 213 Episode T: 1000 Reward: 48.883
Total T: 214000 Episode Num: 214 Episode T: 1000 Reward: 46.606
Total T: 215000 Episode Num: 215 Episode T: 1000 Reward: 42.493
---------------------------------------
Evaluation over 10 episodes: 50.058
---------------------------------------
Total T: 216000 Episode Num: 216 Episode T: 1000 Reward: 44.907
Total T: 217000 Episode Num: 217 Episode T: 1000 Reward: 48.035
Total T: 218000 Episode Num: 218 Episode T: 1000 Reward: 48.020
Total T: 219000 Episode Num: 219 Episode T: 1000 Reward: 49.262
Total T: 220000 Episode Num: 220 Episode T: 1000 Reward: 48.488
---------------------------------------
Evaluation over 10 episodes: 45.991
---------------------------------------
Total T: 221000 Episode Num: 221 Episode T: 1000 Reward: 49.316
Total T: 222000 Episode Num: 222 Episode T: 1000 Reward: 47.485
Total T: 223000 Episode Num: 223 Episode T: 1000 Reward: 49.105
Total T: 224000 Episode Num: 224 Episode T: 1000 Reward: 48.547
Total T: 225000 Episode Num: 225 Episode T: 1000 Reward: 49.684
---------------------------------------
Evaluation over 10 episodes: 41.577
---------------------------------------
Total T: 226000 Episode Num: 226 Episode T: 1000 Reward: 56.479
Total T: 227000 Episode Num: 227 Episode T: 1000 Reward: 47.521
Total T: 228000 Episode Num: 228 Episode T: 1000 Reward: 50.387
Total T: 229000 Episode Num: 229 Episode T: 1000 Reward: 45.461
Total T: 230000 Episode Num: 230 Episode T: 1000 Reward: 47.453
---------------------------------------
Evaluation over 10 episodes: 42.313
---------------------------------------
Total T: 231000 Episode Num: 231 Episode T: 1000 Reward: 47.902
Total T: 232000 Episode Num: 232 Episode T: 1000 Reward: 41.435
Total T: 233000 Episode Num: 233 Episode T: 1000 Reward: 48.236
Total T: 234000 Episode Num: 234 Episode T: 1000 Reward: 45.890
Total T: 235000 Episode Num: 235 Episode T: 1000 Reward: 55.470
---------------------------------------
Evaluation over 10 episodes: 46.573
---------------------------------------
Total T: 236000 Episode Num: 236 Episode T: 1000 Reward: 46.716
Total T: 237000 Episode Num: 237 Episode T: 1000 Reward: 47.086
Total T: 238000 Episode Num: 238 Episode T: 1000 Reward: 44.793
Total T: 239000 Episode Num: 239 Episode T: 1000 Reward: 47.369
Total T: 240000 Episode Num: 240 Episode T: 1000 Reward: 47.154
---------------------------------------
Evaluation over 10 episodes: 46.750
---------------------------------------
Total T: 241000 Episode Num: 241 Episode T: 1000 Reward: 47.679
Total T: 242000 Episode Num: 242 Episode T: 1000 Reward: 49.187
Total T: 243000 Episode Num: 243 Episode T: 1000 Reward: 42.955
Total T: 244000 Episode Num: 244 Episode T: 1000 Reward: 42.661
Total T: 245000 Episode Num: 245 Episode T: 1000 Reward: 46.727
---------------------------------------
Evaluation over 10 episodes: 45.076
---------------------------------------
Total T: 246000 Episode Num: 246 Episode T: 1000 Reward: 50.978
Total T: 247000 Episode Num: 247 Episode T: 1000 Reward: 44.577
Total T: 248000 Episode Num: 248 Episode T: 1000 Reward: 48.507
Total T: 249000 Episode Num: 249 Episode T: 1000 Reward: 47.480
Total T: 250000 Episode Num: 250 Episode T: 1000 Reward: 44.611
---------------------------------------
Evaluation over 10 episodes: 47.208
---------------------------------------
Total T: 251000 Episode Num: 251 Episode T: 1000 Reward: 48.181
Total T: 252000 Episode Num: 252 Episode T: 1000 Reward: 49.033
Total T: 253000 Episode Num: 253 Episode T: 1000 Reward: 48.947
Total T: 254000 Episode Num: 254 Episode T: 1000 Reward: 50.489
Total T: 255000 Episode Num: 255 Episode T: 1000 Reward: 49.012
---------------------------------------
Evaluation over 10 episodes: 49.836
---------------------------------------
Total T: 256000 Episode Num: 256 Episode T: 1000 Reward: 51.462
Total T: 257000 Episode Num: 257 Episode T: 1000 Reward: 52.754
Total T: 258000 Episode Num: 258 Episode T: 1000 Reward: 45.114
Total T: 259000 Episode Num: 259 Episode T: 1000 Reward: 52.970
Total T: 260000 Episode Num: 260 Episode T: 1000 Reward: 52.310
---------------------------------------
Evaluation over 10 episodes: 51.502
---------------------------------------
Total T: 261000 Episode Num: 261 Episode T: 1000 Reward: 53.847
Total T: 262000 Episode Num: 262 Episode T: 1000 Reward: 52.857
Total T: 263000 Episode Num: 263 Episode T: 1000 Reward: 55.880
Total T: 264000 Episode Num: 264 Episode T: 1000 Reward: 47.597
Total T: 265000 Episode Num: 265 Episode T: 1000 Reward: 52.778
---------------------------------------
Evaluation over 10 episodes: 53.977
---------------------------------------
Total T: 266000 Episode Num: 266 Episode T: 1000 Reward: 55.405
Total T: 267000 Episode Num: 267 Episode T: 1000 Reward: 53.423
Total T: 268000 Episode Num: 268 Episode T: 1000 Reward: 53.742
Total T: 269000 Episode Num: 269 Episode T: 1000 Reward: 55.316
Total T: 270000 Episode Num: 270 Episode T: 1000 Reward: 56.581
---------------------------------------
Evaluation over 10 episodes: 53.546
---------------------------------------
Total T: 271000 Episode Num: 271 Episode T: 1000 Reward: 56.451
Total T: 272000 Episode Num: 272 Episode T: 1000 Reward: 49.687
Total T: 273000 Episode Num: 273 Episode T: 1000 Reward: 55.796
Total T: 274000 Episode Num: 274 Episode T: 1000 Reward: 58.691
Total T: 275000 Episode Num: 275 Episode T: 1000 Reward: 62.381
---------------------------------------
Evaluation over 10 episodes: 57.967
---------------------------------------
Total T: 276000 Episode Num: 276 Episode T: 1000 Reward: 62.304
Total T: 277000 Episode Num: 277 Episode T: 1000 Reward: 58.862
Total T: 278000 Episode Num: 278 Episode T: 1000 Reward: 64.389
Total T: 279000 Episode Num: 279 Episode T: 1000 Reward: 57.416
Total T: 280000 Episode Num: 280 Episode T: 1000 Reward: 60.864
---------------------------------------
Evaluation over 10 episodes: 58.905
---------------------------------------
Total T: 281000 Episode Num: 281 Episode T: 1000 Reward: 62.278
Total T: 282000 Episode Num: 282 Episode T: 1000 Reward: 56.352
Total T: 283000 Episode Num: 283 Episode T: 1000 Reward: 64.634
Total T: 284000 Episode Num: 284 Episode T: 1000 Reward: 56.605
Total T: 285000 Episode Num: 285 Episode T: 1000 Reward: 57.143
---------------------------------------
Evaluation over 10 episodes: 57.829
---------------------------------------
Total T: 286000 Episode Num: 286 Episode T: 1000 Reward: 65.657
Total T: 287000 Episode Num: 287 Episode T: 1000 Reward: 58.067
Total T: 288000 Episode Num: 288 Episode T: 1000 Reward: 56.965
Total T: 289000 Episode Num: 289 Episode T: 1000 Reward: 58.298
Total T: 290000 Episode Num: 290 Episode T: 1000 Reward: 68.340
---------------------------------------
Evaluation over 10 episodes: 68.743
---------------------------------------
Total T: 291000 Episode Num: 291 Episode T: 1000 Reward: 48.653
Total T: 292000 Episode Num: 292 Episode T: 1000 Reward: 65.189
Total T: 293000 Episode Num: 293 Episode T: 1000 Reward: 66.067
Total T: 294000 Episode Num: 294 Episode T: 1000 Reward: 59.529
Total T: 295000 Episode Num: 295 Episode T: 1000 Reward: 65.365
---------------------------------------
Evaluation over 10 episodes: 67.894
---------------------------------------
Total T: 296000 Episode Num: 296 Episode T: 1000 Reward: 68.405
Total T: 297000 Episode Num: 297 Episode T: 1000 Reward: 67.523
Total T: 298000 Episode Num: 298 Episode T: 1000 Reward: 68.051
Total T: 299000 Episode Num: 299 Episode T: 1000 Reward: 55.290
Total T: 300000 Episode Num: 300 Episode T: 1000 Reward: 47.214
---------------------------------------
Evaluation over 10 episodes: 57.037
---------------------------------------
Total T: 301000 Episode Num: 301 Episode T: 1000 Reward: 66.174
Total T: 302000 Episode Num: 302 Episode T: 1000 Reward: 52.520
Total T: 303000 Episode Num: 303 Episode T: 1000 Reward: 50.718
Total T: 304000 Episode Num: 304 Episode T: 1000 Reward: 67.550
Total T: 305000 Episode Num: 305 Episode T: 1000 Reward: 65.556
---------------------------------------
Evaluation over 10 episodes: 65.227
---------------------------------------
Total T: 306000 Episode Num: 306 Episode T: 1000 Reward: 54.622
Total T: 307000 Episode Num: 307 Episode T: 1000 Reward: 68.097
Total T: 308000 Episode Num: 308 Episode T: 1000 Reward: 52.788
Total T: 309000 Episode Num: 309 Episode T: 1000 Reward: 67.459
Total T: 310000 Episode Num: 310 Episode T: 1000 Reward: 67.973
---------------------------------------
Evaluation over 10 episodes: 65.365
---------------------------------------
Total T: 311000 Episode Num: 311 Episode T: 1000 Reward: 69.244
Total T: 312000 Episode Num: 312 Episode T: 1000 Reward: 65.840
Total T: 313000 Episode Num: 313 Episode T: 1000 Reward: 69.597
Total T: 314000 Episode Num: 314 Episode T: 1000 Reward: 70.599
Total T: 315000 Episode Num: 315 Episode T: 1000 Reward: 73.316
---------------------------------------
Evaluation over 10 episodes: 66.652
---------------------------------------
Total T: 316000 Episode Num: 316 Episode T: 1000 Reward: 71.964
Total T: 317000 Episode Num: 317 Episode T: 1000 Reward: 71.980
Total T: 318000 Episode Num: 318 Episode T: 1000 Reward: 67.315
Total T: 319000 Episode Num: 319 Episode T: 1000 Reward: 69.559
Total T: 320000 Episode Num: 320 Episode T: 1000 Reward: 64.101
---------------------------------------
Evaluation over 10 episodes: 71.971
---------------------------------------
Total T: 321000 Episode Num: 321 Episode T: 1000 Reward: 72.110
Total T: 322000 Episode Num: 322 Episode T: 1000 Reward: 73.465
Total T: 323000 Episode Num: 323 Episode T: 1000 Reward: 72.221
Total T: 324000 Episode Num: 324 Episode T: 1000 Reward: 82.672
Total T: 325000 Episode Num: 325 Episode T: 1000 Reward: 82.666
---------------------------------------
Evaluation over 10 episodes: 72.206
---------------------------------------
Total T: 326000 Episode Num: 326 Episode T: 1000 Reward: 77.254
Total T: 327000 Episode Num: 327 Episode T: 1000 Reward: 76.833
Total T: 328000 Episode Num: 328 Episode T: 1000 Reward: 75.082
Total T: 329000 Episode Num: 329 Episode T: 1000 Reward: 83.168
Total T: 330000 Episode Num: 330 Episode T: 1000 Reward: 65.392
---------------------------------------
Evaluation over 10 episodes: 76.842
---------------------------------------
Total T: 331000 Episode Num: 331 Episode T: 1000 Reward: 64.418
Total T: 332000 Episode Num: 332 Episode T: 1000 Reward: 81.125
Total T: 333000 Episode Num: 333 Episode T: 1000 Reward: 65.839
Total T: 334000 Episode Num: 334 Episode T: 1000 Reward: 75.217
Total T: 335000 Episode Num: 335 Episode T: 1000 Reward: 65.048
---------------------------------------
Evaluation over 10 episodes: 77.446
---------------------------------------
Total T: 336000 Episode Num: 336 Episode T: 1000 Reward: 74.314
Total T: 337000 Episode Num: 337 Episode T: 1000 Reward: 72.797
Total T: 338000 Episode Num: 338 Episode T: 1000 Reward: 65.619
Total T: 339000 Episode Num: 339 Episode T: 1000 Reward: 82.365
Total T: 340000 Episode Num: 340 Episode T: 1000 Reward: 93.563
---------------------------------------
Evaluation over 10 episodes: 76.540
---------------------------------------
Total T: 341000 Episode Num: 341 Episode T: 1000 Reward: 83.092
Total T: 342000 Episode Num: 342 Episode T: 1000 Reward: 83.733
Total T: 343000 Episode Num: 343 Episode T: 1000 Reward: 66.329
Total T: 344000 Episode Num: 344 Episode T: 1000 Reward: 86.669
Total T: 345000 Episode Num: 345 Episode T: 1000 Reward: 89.105
---------------------------------------
Evaluation over 10 episodes: 88.739
---------------------------------------
Total T: 346000 Episode Num: 346 Episode T: 1000 Reward: 86.797
Total T: 347000 Episode Num: 347 Episode T: 1000 Reward: 100.796
Total T: 348000 Episode Num: 348 Episode T: 1000 Reward: 83.252
Total T: 349000 Episode Num: 349 Episode T: 1000 Reward: 96.318
Total T: 350000 Episode Num: 350 Episode T: 1000 Reward: 101.166
---------------------------------------
Evaluation over 10 episodes: 94.387
---------------------------------------
Total T: 351000 Episode Num: 351 Episode T: 1000 Reward: 85.170
Total T: 352000 Episode Num: 352 Episode T: 1000 Reward: 67.861
Total T: 353000 Episode Num: 353 Episode T: 1000 Reward: 91.796
Total T: 354000 Episode Num: 354 Episode T: 1000 Reward: 65.301
Total T: 355000 Episode Num: 355 Episode T: 1000 Reward: 93.292
---------------------------------------
Evaluation over 10 episodes: 83.853
---------------------------------------
Total T: 356000 Episode Num: 356 Episode T: 1000 Reward: 65.373
Total T: 357000 Episode Num: 357 Episode T: 1000 Reward: 96.236
Total T: 358000 Episode Num: 358 Episode T: 1000 Reward: 97.856
Total T: 359000 Episode Num: 359 Episode T: 1000 Reward: 66.113
Total T: 360000 Episode Num: 360 Episode T: 1000 Reward: 106.310
---------------------------------------
Evaluation over 10 episodes: 93.611
---------------------------------------
Total T: 361000 Episode Num: 361 Episode T: 1000 Reward: 96.004
Total T: 362000 Episode Num: 362 Episode T: 1000 Reward: 97.143
Total T: 363000 Episode Num: 363 Episode T: 1000 Reward: 87.243
Total T: 364000 Episode Num: 364 Episode T: 1000 Reward: 110.151
Total T: 365000 Episode Num: 365 Episode T: 1000 Reward: 98.822
---------------------------------------
Evaluation over 10 episodes: 89.186
---------------------------------------
Total T: 366000 Episode Num: 366 Episode T: 1000 Reward: 88.501
Total T: 367000 Episode Num: 367 Episode T: 1000 Reward: 97.112
Total T: 368000 Episode Num: 368 Episode T: 1000 Reward: 103.618
Total T: 369000 Episode Num: 369 Episode T: 1000 Reward: 100.831
Total T: 370000 Episode Num: 370 Episode T: 1000 Reward: 118.533
---------------------------------------
Evaluation over 10 episodes: 102.934
---------------------------------------
Total T: 371000 Episode Num: 371 Episode T: 1000 Reward: 106.116
Total T: 372000 Episode Num: 372 Episode T: 1000 Reward: 66.414
Total T: 373000 Episode Num: 373 Episode T: 1000 Reward: 106.554
Total T: 374000 Episode Num: 374 Episode T: 1000 Reward: 99.144
Total T: 375000 Episode Num: 375 Episode T: 1000 Reward: 115.051
---------------------------------------
Evaluation over 10 episodes: 101.770
---------------------------------------
Total T: 376000 Episode Num: 376 Episode T: 1000 Reward: 122.477
Total T: 377000 Episode Num: 377 Episode T: 1000 Reward: 122.632
Total T: 378000 Episode Num: 378 Episode T: 1000 Reward: 118.657
Total T: 379000 Episode Num: 379 Episode T: 1000 Reward: 101.654
Total T: 380000 Episode Num: 380 Episode T: 1000 Reward: 117.213
---------------------------------------
Evaluation over 10 episodes: 106.834
---------------------------------------
Total T: 381000 Episode Num: 381 Episode T: 1000 Reward: 113.354
Total T: 382000 Episode Num: 382 Episode T: 1000 Reward: 116.102
Total T: 383000 Episode Num: 383 Episode T: 1000 Reward: 110.233
Total T: 384000 Episode Num: 384 Episode T: 1000 Reward: 100.336
Total T: 385000 Episode Num: 385 Episode T: 1000 Reward: 117.798
---------------------------------------
Evaluation over 10 episodes: 105.761
---------------------------------------
Total T: 386000 Episode Num: 386 Episode T: 1000 Reward: 58.937
Total T: 387000 Episode Num: 387 Episode T: 1000 Reward: 117.793
Total T: 388000 Episode Num: 388 Episode T: 1000 Reward: 119.817
Total T: 389000 Episode Num: 389 Episode T: 1000 Reward: 63.868
Total T: 390000 Episode Num: 390 Episode T: 1000 Reward: 67.202
---------------------------------------
Evaluation over 10 episodes: 121.307
---------------------------------------
Total T: 391000 Episode Num: 391 Episode T: 1000 Reward: 120.705
Total T: 392000 Episode Num: 392 Episode T: 1000 Reward: 126.621
Total T: 393000 Episode Num: 393 Episode T: 1000 Reward: 126.285
Total T: 394000 Episode Num: 394 Episode T: 1000 Reward: 117.928
Total T: 395000 Episode Num: 395 Episode T: 1000 Reward: 126.667
---------------------------------------
Evaluation over 10 episodes: 106.647
---------------------------------------
Total T: 396000 Episode Num: 396 Episode T: 1000 Reward: 121.913
Total T: 397000 Episode Num: 397 Episode T: 1000 Reward: 129.985
Total T: 398000 Episode Num: 398 Episode T: 1000 Reward: 131.881
Total T: 399000 Episode Num: 399 Episode T: 1000 Reward: 64.933
Total T: 400000 Episode Num: 400 Episode T: 1000 Reward: 67.363
---------------------------------------
Evaluation over 10 episodes: 119.637
---------------------------------------
Total T: 401000 Episode Num: 401 Episode T: 1000 Reward: 123.885
Total T: 402000 Episode Num: 402 Episode T: 1000 Reward: 65.439
Total T: 403000 Episode Num: 403 Episode T: 1000 Reward: 131.310
Total T: 404000 Episode Num: 404 Episode T: 1000 Reward: 111.877
Total T: 405000 Episode Num: 405 Episode T: 1000 Reward: 129.168
---------------------------------------
Evaluation over 10 episodes: 125.737
---------------------------------------
Total T: 406000 Episode Num: 406 Episode T: 1000 Reward: 133.159
Total T: 407000 Episode Num: 407 Episode T: 1000 Reward: 64.728
Total T: 408000 Episode Num: 408 Episode T: 1000 Reward: 132.255
Total T: 409000 Episode Num: 409 Episode T: 1000 Reward: 67.842
Total T: 410000 Episode Num: 410 Episode T: 1000 Reward: 126.015
---------------------------------------
Evaluation over 10 episodes: 115.842
---------------------------------------
Total T: 411000 Episode Num: 411 Episode T: 1000 Reward: 126.427
Total T: 412000 Episode Num: 412 Episode T: 1000 Reward: 126.136
Total T: 413000 Episode Num: 413 Episode T: 1000 Reward: 127.694
Total T: 414000 Episode Num: 414 Episode T: 1000 Reward: 128.138
Total T: 415000 Episode Num: 415 Episode T: 1000 Reward: 131.850
---------------------------------------
Evaluation over 10 episodes: 127.581
---------------------------------------
Total T: 416000 Episode Num: 416 Episode T: 1000 Reward: 70.627
Total T: 417000 Episode Num: 417 Episode T: 1000 Reward: 126.685
Total T: 418000 Episode Num: 418 Episode T: 1000 Reward: 130.495
Total T: 419000 Episode Num: 419 Episode T: 1000 Reward: 127.996
Total T: 420000 Episode Num: 420 Episode T: 1000 Reward: 127.245
---------------------------------------
Evaluation over 10 episodes: 126.860
---------------------------------------
Total T: 421000 Episode Num: 421 Episode T: 1000 Reward: 69.466
Total T: 422000 Episode Num: 422 Episode T: 1000 Reward: 127.091
Total T: 423000 Episode Num: 423 Episode T: 1000 Reward: 126.533
Total T: 424000 Episode Num: 424 Episode T: 1000 Reward: 70.791
Total T: 425000 Episode Num: 425 Episode T: 1000 Reward: 126.528
---------------------------------------
Evaluation over 10 episodes: 122.027
---------------------------------------
Total T: 426000 Episode Num: 426 Episode T: 1000 Reward: 128.751
Total T: 427000 Episode Num: 427 Episode T: 1000 Reward: 68.473
Total T: 428000 Episode Num: 428 Episode T: 1000 Reward: 127.983
Total T: 429000 Episode Num: 429 Episode T: 1000 Reward: 121.113
Total T: 430000 Episode Num: 430 Episode T: 1000 Reward: 130.367
---------------------------------------
Evaluation over 10 episodes: 116.704
---------------------------------------
Total T: 431000 Episode Num: 431 Episode T: 1000 Reward: 125.662
Total T: 432000 Episode Num: 432 Episode T: 1000 Reward: 69.627
Total T: 433000 Episode Num: 433 Episode T: 1000 Reward: 129.084
Total T: 434000 Episode Num: 434 Episode T: 1000 Reward: 126.173
Total T: 435000 Episode Num: 435 Episode T: 1000 Reward: 126.767
---------------------------------------
Evaluation over 10 episodes: 119.013
---------------------------------------
Total T: 436000 Episode Num: 436 Episode T: 1000 Reward: 67.232
Total T: 437000 Episode Num: 437 Episode T: 1000 Reward: 65.830
Total T: 438000 Episode Num: 438 Episode T: 1000 Reward: 126.955
Total T: 439000 Episode Num: 439 Episode T: 1000 Reward: 126.749
Total T: 440000 Episode Num: 440 Episode T: 1000 Reward: 126.026
---------------------------------------
Evaluation over 10 episodes: 126.693
---------------------------------------
Total T: 441000 Episode Num: 441 Episode T: 1000 Reward: 126.408
Total T: 442000 Episode Num: 442 Episode T: 1000 Reward: 127.526
Total T: 443000 Episode Num: 443 Episode T: 1000 Reward: 127.875
Total T: 444000 Episode Num: 444 Episode T: 1000 Reward: 124.718
Total T: 445000 Episode Num: 445 Episode T: 1000 Reward: 117.125
---------------------------------------
Evaluation over 10 episodes: 126.216
---------------------------------------
Total T: 446000 Episode Num: 446 Episode T: 1000 Reward: 125.036
Total T: 447000 Episode Num: 447 Episode T: 1000 Reward: 126.297
Total T: 448000 Episode Num: 448 Episode T: 1000 Reward: 124.509
Total T: 449000 Episode Num: 449 Episode T: 1000 Reward: 129.460
Total T: 450000 Episode Num: 450 Episode T: 1000 Reward: 127.029
---------------------------------------
Evaluation over 10 episodes: 120.084
---------------------------------------
Total T: 451000 Episode Num: 451 Episode T: 1000 Reward: 128.105
Total T: 452000 Episode Num: 452 Episode T: 1000 Reward: 125.781
Total T: 453000 Episode Num: 453 Episode T: 1000 Reward: 129.612
Total T: 454000 Episode Num: 454 Episode T: 1000 Reward: 130.404
Total T: 455000 Episode Num: 455 Episode T: 1000 Reward: 66.115
---------------------------------------
Evaluation over 10 episodes: 117.641
---------------------------------------
Total T: 456000 Episode Num: 456 Episode T: 1000 Reward: 127.262
Total T: 457000 Episode Num: 457 Episode T: 1000 Reward: 128.489
Total T: 458000 Episode Num: 458 Episode T: 1000 Reward: 127.083
Total T: 459000 Episode Num: 459 Episode T: 1000 Reward: 54.004
Total T: 460000 Episode Num: 460 Episode T: 1000 Reward: 126.586
---------------------------------------
Evaluation over 10 episodes: 119.909
---------------------------------------
Total T: 461000 Episode Num: 461 Episode T: 1000 Reward: 128.103
Total T: 462000 Episode Num: 462 Episode T: 1000 Reward: 65.552
Total T: 463000 Episode Num: 463 Episode T: 1000 Reward: 127.467
Total T: 464000 Episode Num: 464 Episode T: 1000 Reward: 130.092
Total T: 465000 Episode Num: 465 Episode T: 1000 Reward: 127.564
---------------------------------------
Evaluation over 10 episodes: 120.365
---------------------------------------
Total T: 466000 Episode Num: 466 Episode T: 1000 Reward: 68.290
Total T: 467000 Episode Num: 467 Episode T: 1000 Reward: 128.219
Total T: 468000 Episode Num: 468 Episode T: 1000 Reward: 110.669
Total T: 469000 Episode Num: 469 Episode T: 1000 Reward: 127.574
Total T: 470000 Episode Num: 470 Episode T: 1000 Reward: 127.144
---------------------------------------
Evaluation over 10 episodes: 114.509
---------------------------------------
Total T: 471000 Episode Num: 471 Episode T: 1000 Reward: 127.838
Total T: 472000 Episode Num: 472 Episode T: 1000 Reward: 130.114
Total T: 473000 Episode Num: 473 Episode T: 1000 Reward: 130.759
Total T: 474000 Episode Num: 474 Episode T: 1000 Reward: 129.696
Total T: 475000 Episode Num: 475 Episode T: 1000 Reward: 127.810
---------------------------------------
Evaluation over 10 episodes: 116.199
---------------------------------------
Total T: 476000 Episode Num: 476 Episode T: 1000 Reward: 128.392
Total T: 477000 Episode Num: 477 Episode T: 1000 Reward: 66.165
Total T: 478000 Episode Num: 478 Episode T: 1000 Reward: 127.531
Total T: 479000 Episode Num: 479 Episode T: 1000 Reward: 68.330
Total T: 480000 Episode Num: 480 Episode T: 1000 Reward: 129.494
---------------------------------------
Evaluation over 10 episodes: 122.451
---------------------------------------
Total T: 481000 Episode Num: 481 Episode T: 1000 Reward: 126.896
Total T: 482000 Episode Num: 482 Episode T: 1000 Reward: 66.597
Total T: 483000 Episode Num: 483 Episode T: 1000 Reward: 129.572
Total T: 484000 Episode Num: 484 Episode T: 1000 Reward: 128.565
Total T: 485000 Episode Num: 485 Episode T: 1000 Reward: 63.993
---------------------------------------
Evaluation over 10 episodes: 114.854
---------------------------------------
Total T: 486000 Episode Num: 486 Episode T: 1000 Reward: 120.029
Total T: 487000 Episode Num: 487 Episode T: 1000 Reward: 111.668
Total T: 488000 Episode Num: 488 Episode T: 1000 Reward: 124.791
Total T: 489000 Episode Num: 489 Episode T: 1000 Reward: 129.631
Total T: 490000 Episode Num: 490 Episode T: 1000 Reward: 129.113
---------------------------------------
Evaluation over 10 episodes: 119.532
---------------------------------------
Total T: 491000 Episode Num: 491 Episode T: 1000 Reward: 64.152
Total T: 492000 Episode Num: 492 Episode T: 1000 Reward: 126.089
Total T: 493000 Episode Num: 493 Episode T: 1000 Reward: 128.997
Total T: 494000 Episode Num: 494 Episode T: 1000 Reward: 129.132
Total T: 495000 Episode Num: 495 Episode T: 1000 Reward: 71.467
---------------------------------------
Evaluation over 10 episodes: 120.223
---------------------------------------
Total T: 496000 Episode Num: 496 Episode T: 1000 Reward: 129.707
Total T: 497000 Episode Num: 497 Episode T: 1000 Reward: 72.169
Total T: 498000 Episode Num: 498 Episode T: 1000 Reward: 128.498
Total T: 499000 Episode Num: 499 Episode T: 1000 Reward: 70.812
Total T: 500000 Episode Num: 500 Episode T: 1000 Reward: 68.871
---------------------------------------
Evaluation over 10 episodes: 122.565
---------------------------------------
Total T: 501000 Episode Num: 501 Episode T: 1000 Reward: 68.065
Total T: 502000 Episode Num: 502 Episode T: 1000 Reward: 70.607
Total T: 503000 Episode Num: 503 Episode T: 1000 Reward: 125.839
Total T: 504000 Episode Num: 504 Episode T: 1000 Reward: 127.602
Total T: 505000 Episode Num: 505 Episode T: 1000 Reward: 127.840
---------------------------------------
Evaluation over 10 episodes: 122.420
---------------------------------------
Total T: 506000 Episode Num: 506 Episode T: 1000 Reward: 126.279
Total T: 507000 Episode Num: 507 Episode T: 1000 Reward: 126.241
Total T: 508000 Episode Num: 508 Episode T: 1000 Reward: 70.319
Total T: 509000 Episode Num: 509 Episode T: 1000 Reward: 120.172
Total T: 510000 Episode Num: 510 Episode T: 1000 Reward: 128.900
---------------------------------------
Evaluation over 10 episodes: 124.443
---------------------------------------
Total T: 511000 Episode Num: 511 Episode T: 1000 Reward: 68.301
Total T: 512000 Episode Num: 512 Episode T: 1000 Reward: 127.403
Total T: 513000 Episode Num: 513 Episode T: 1000 Reward: 127.865
Total T: 514000 Episode Num: 514 Episode T: 1000 Reward: 109.515
Total T: 515000 Episode Num: 515 Episode T: 1000 Reward: 67.035
---------------------------------------
Evaluation over 10 episodes: 123.229
---------------------------------------
Total T: 516000 Episode Num: 516 Episode T: 1000 Reward: 128.117
Total T: 517000 Episode Num: 517 Episode T: 1000 Reward: 126.633
Total T: 518000 Episode Num: 518 Episode T: 1000 Reward: 113.407
Total T: 519000 Episode Num: 519 Episode T: 1000 Reward: 128.621
Total T: 520000 Episode Num: 520 Episode T: 1000 Reward: 126.972
---------------------------------------
Evaluation over 10 episodes: 116.842
---------------------------------------
Total T: 521000 Episode Num: 521 Episode T: 1000 Reward: 128.361
Total T: 522000 Episode Num: 522 Episode T: 1000 Reward: 66.512
Total T: 523000 Episode Num: 523 Episode T: 1000 Reward: 125.836
Total T: 524000 Episode Num: 524 Episode T: 1000 Reward: 123.523
Total T: 525000 Episode Num: 525 Episode T: 1000 Reward: 110.314
---------------------------------------
Evaluation over 10 episodes: 118.535
---------------------------------------
Total T: 526000 Episode Num: 526 Episode T: 1000 Reward: 117.103
Total T: 527000 Episode Num: 527 Episode T: 1000 Reward: 128.115
Total T: 528000 Episode Num: 528 Episode T: 1000 Reward: 119.727
Total T: 529000 Episode Num: 529 Episode T: 1000 Reward: 122.547
Total T: 530000 Episode Num: 530 Episode T: 1000 Reward: 113.826
---------------------------------------
Evaluation over 10 episodes: 126.129
---------------------------------------
Total T: 531000 Episode Num: 531 Episode T: 1000 Reward: 108.712
Total T: 532000 Episode Num: 532 Episode T: 1000 Reward: 68.492
Total T: 533000 Episode Num: 533 Episode T: 1000 Reward: 114.745
Total T: 534000 Episode Num: 534 Episode T: 1000 Reward: 129.088
Total T: 535000 Episode Num: 535 Episode T: 1000 Reward: 122.814
---------------------------------------
Evaluation over 10 episodes: 120.027
---------------------------------------
Total T: 536000 Episode Num: 536 Episode T: 1000 Reward: 118.317
Total T: 537000 Episode Num: 537 Episode T: 1000 Reward: 126.550
Total T: 538000 Episode Num: 538 Episode T: 1000 Reward: 128.032
Total T: 539000 Episode Num: 539 Episode T: 1000 Reward: 126.677
Total T: 540000 Episode Num: 540 Episode T: 1000 Reward: 74.589
---------------------------------------
Evaluation over 10 episodes: 120.616
---------------------------------------
Total T: 541000 Episode Num: 541 Episode T: 1000 Reward: 126.188
Total T: 542000 Episode Num: 542 Episode T: 1000 Reward: 128.728
Total T: 543000 Episode Num: 543 Episode T: 1000 Reward: 126.277
Total T: 544000 Episode Num: 544 Episode T: 1000 Reward: 127.611
Total T: 545000 Episode Num: 545 Episode T: 1000 Reward: 128.565
---------------------------------------
Evaluation over 10 episodes: 123.946
---------------------------------------
Total T: 546000 Episode Num: 546 Episode T: 1000 Reward: 115.329
Total T: 547000 Episode Num: 547 Episode T: 1000 Reward: 109.340
Total T: 548000 Episode Num: 548 Episode T: 1000 Reward: 119.004
Total T: 549000 Episode Num: 549 Episode T: 1000 Reward: 106.435
Total T: 550000 Episode Num: 550 Episode T: 1000 Reward: 113.562
---------------------------------------
Evaluation over 10 episodes: 119.955
---------------------------------------
Total T: 551000 Episode Num: 551 Episode T: 1000 Reward: 126.831
Total T: 552000 Episode Num: 552 Episode T: 1000 Reward: 71.782
Total T: 553000 Episode Num: 553 Episode T: 1000 Reward: 126.102
Total T: 554000 Episode Num: 554 Episode T: 1000 Reward: 109.856
Total T: 555000 Episode Num: 555 Episode T: 1000 Reward: 106.865
---------------------------------------
Evaluation over 10 episodes: 124.269
---------------------------------------
Total T: 556000 Episode Num: 556 Episode T: 1000 Reward: 127.247
Total T: 557000 Episode Num: 557 Episode T: 1000 Reward: 70.400
Total T: 558000 Episode Num: 558 Episode T: 1000 Reward: 127.483
Total T: 559000 Episode Num: 559 Episode T: 1000 Reward: 70.697
Total T: 560000 Episode Num: 560 Episode T: 1000 Reward: 126.663
---------------------------------------
Evaluation over 10 episodes: 121.767
---------------------------------------
Total T: 561000 Episode Num: 561 Episode T: 1000 Reward: 71.169
Total T: 562000 Episode Num: 562 Episode T: 1000 Reward: 115.451
Total T: 563000 Episode Num: 563 Episode T: 1000 Reward: 127.517
Total T: 564000 Episode Num: 564 Episode T: 1000 Reward: 126.142
Total T: 565000 Episode Num: 565 Episode T: 1000 Reward: 117.858
---------------------------------------
Evaluation over 10 episodes: 121.997
---------------------------------------
Total T: 566000 Episode Num: 566 Episode T: 1000 Reward: 127.482
Total T: 567000 Episode Num: 567 Episode T: 1000 Reward: 120.718
Total T: 568000 Episode Num: 568 Episode T: 1000 Reward: 127.363
Total T: 569000 Episode Num: 569 Episode T: 1000 Reward: 73.657
Total T: 570000 Episode Num: 570 Episode T: 1000 Reward: 126.731
---------------------------------------
Evaluation over 10 episodes: 119.765
---------------------------------------
Total T: 571000 Episode Num: 571 Episode T: 1000 Reward: 126.828
Total T: 572000 Episode Num: 572 Episode T: 1000 Reward: 128.569
Total T: 573000 Episode Num: 573 Episode T: 1000 Reward: 125.893
Total T: 574000 Episode Num: 574 Episode T: 1000 Reward: 74.117
Total T: 575000 Episode Num: 575 Episode T: 1000 Reward: 126.961
---------------------------------------
Evaluation over 10 episodes: 120.668
---------------------------------------
Total T: 576000 Episode Num: 576 Episode T: 1000 Reward: 126.446
Total T: 577000 Episode Num: 577 Episode T: 1000 Reward: 109.858
Total T: 578000 Episode Num: 578 Episode T: 1000 Reward: 73.873
Total T: 579000 Episode Num: 579 Episode T: 1000 Reward: 126.391
Total T: 580000 Episode Num: 580 Episode T: 1000 Reward: 127.567
---------------------------------------
Evaluation over 10 episodes: 117.138
---------------------------------------
Total T: 581000 Episode Num: 581 Episode T: 1000 Reward: 128.067
Total T: 582000 Episode Num: 582 Episode T: 1000 Reward: 126.780
Total T: 583000 Episode Num: 583 Episode T: 1000 Reward: 119.299
Total T: 584000 Episode Num: 584 Episode T: 1000 Reward: 125.570
Total T: 585000 Episode Num: 585 Episode T: 1000 Reward: 125.748
---------------------------------------
Evaluation over 10 episodes: 117.133
---------------------------------------
Total T: 586000 Episode Num: 586 Episode T: 1000 Reward: 109.138
Total T: 587000 Episode Num: 587 Episode T: 1000 Reward: 126.724
Total T: 588000 Episode Num: 588 Episode T: 1000 Reward: 125.245
Total T: 589000 Episode Num: 589 Episode T: 1000 Reward: 127.734
Total T: 590000 Episode Num: 590 Episode T: 1000 Reward: 125.575
---------------------------------------
Evaluation over 10 episodes: 120.539
---------------------------------------
Total T: 591000 Episode Num: 591 Episode T: 1000 Reward: 129.201
Total T: 592000 Episode Num: 592 Episode T: 1000 Reward: 75.021
Total T: 593000 Episode Num: 593 Episode T: 1000 Reward: 128.535
Total T: 594000 Episode Num: 594 Episode T: 1000 Reward: 124.592
Total T: 595000 Episode Num: 595 Episode T: 1000 Reward: 130.023
---------------------------------------
Evaluation over 10 episodes: 123.282
---------------------------------------
Total T: 596000 Episode Num: 596 Episode T: 1000 Reward: 127.004
Total T: 597000 Episode Num: 597 Episode T: 1000 Reward: 107.937
Total T: 598000 Episode Num: 598 Episode T: 1000 Reward: 114.445
Total T: 599000 Episode Num: 599 Episode T: 1000 Reward: 128.631
Total T: 600000 Episode Num: 600 Episode T: 1000 Reward: 113.374
---------------------------------------
Evaluation over 10 episodes: 127.248
---------------------------------------
Total T: 601000 Episode Num: 601 Episode T: 1000 Reward: 127.405
Total T: 602000 Episode Num: 602 Episode T: 1000 Reward: 127.348
Total T: 603000 Episode Num: 603 Episode T: 1000 Reward: 126.069
Total T: 604000 Episode Num: 604 Episode T: 1000 Reward: 74.606
Total T: 605000 Episode Num: 605 Episode T: 1000 Reward: 127.446
---------------------------------------
Evaluation over 10 episodes: 123.520
---------------------------------------
Total T: 606000 Episode Num: 606 Episode T: 1000 Reward: 122.455
Total T: 607000 Episode Num: 607 Episode T: 1000 Reward: 118.125
Total T: 608000 Episode Num: 608 Episode T: 1000 Reward: 117.267
Total T: 609000 Episode Num: 609 Episode T: 1000 Reward: 126.967
Total T: 610000 Episode Num: 610 Episode T: 1000 Reward: 126.454
---------------------------------------
Evaluation over 10 episodes: 128.880
---------------------------------------
Total T: 611000 Episode Num: 611 Episode T: 1000 Reward: 126.831
Total T: 612000 Episode Num: 612 Episode T: 1000 Reward: 74.853
Total T: 613000 Episode Num: 613 Episode T: 1000 Reward: 127.652
Total T: 614000 Episode Num: 614 Episode T: 1000 Reward: 106.760
Total T: 615000 Episode Num: 615 Episode T: 1000 Reward: 126.078
---------------------------------------
Evaluation over 10 episodes: 130.044
---------------------------------------
Total T: 616000 Episode Num: 616 Episode T: 1000 Reward: 113.576
Total T: 617000 Episode Num: 617 Episode T: 1000 Reward: 126.001
Total T: 618000 Episode Num: 618 Episode T: 1000 Reward: 116.319
Total T: 619000 Episode Num: 619 Episode T: 1000 Reward: 128.280
Total T: 620000 Episode Num: 620 Episode T: 1000 Reward: 118.635
---------------------------------------
Evaluation over 10 episodes: 122.249
---------------------------------------
Total T: 621000 Episode Num: 621 Episode T: 1000 Reward: 125.524
Total T: 622000 Episode Num: 622 Episode T: 1000 Reward: 124.052
Total T: 623000 Episode Num: 623 Episode T: 1000 Reward: 129.156
Total T: 624000 Episode Num: 624 Episode T: 1000 Reward: 126.652
Total T: 625000 Episode Num: 625 Episode T: 1000 Reward: 128.901
---------------------------------------
Evaluation over 10 episodes: 127.670
---------------------------------------
Total T: 626000 Episode Num: 626 Episode T: 1000 Reward: 126.326
Total T: 627000 Episode Num: 627 Episode T: 1000 Reward: 123.573
Total T: 628000 Episode Num: 628 Episode T: 1000 Reward: 128.166
Total T: 629000 Episode Num: 629 Episode T: 1000 Reward: 129.301
Total T: 630000 Episode Num: 630 Episode T: 1000 Reward: 127.322
---------------------------------------
Evaluation over 10 episodes: 129.844
---------------------------------------
Total T: 631000 Episode Num: 631 Episode T: 1000 Reward: 115.928
Total T: 632000 Episode Num: 632 Episode T: 1000 Reward: 129.241
Total T: 633000 Episode Num: 633 Episode T: 1000 Reward: 127.329
Total T: 634000 Episode Num: 634 Episode T: 1000 Reward: 127.424
Total T: 635000 Episode Num: 635 Episode T: 1000 Reward: 124.911
---------------------------------------
Evaluation over 10 episodes: 126.303
---------------------------------------
Total T: 636000 Episode Num: 636 Episode T: 1000 Reward: 73.159
Total T: 637000 Episode Num: 637 Episode T: 1000 Reward: 125.386
Total T: 638000 Episode Num: 638 Episode T: 1000 Reward: 126.452
Total T: 639000 Episode Num: 639 Episode T: 1000 Reward: 77.354
Total T: 640000 Episode Num: 640 Episode T: 1000 Reward: 125.902
---------------------------------------
Evaluation over 10 episodes: 124.719
---------------------------------------
Total T: 641000 Episode Num: 641 Episode T: 1000 Reward: 128.021
Total T: 642000 Episode Num: 642 Episode T: 1000 Reward: 126.869
Total T: 643000 Episode Num: 643 Episode T: 1000 Reward: 75.758
Total T: 644000 Episode Num: 644 Episode T: 1000 Reward: 125.873
Total T: 645000 Episode Num: 645 Episode T: 1000 Reward: 125.327
---------------------------------------
Evaluation over 10 episodes: 122.703
---------------------------------------
Total T: 646000 Episode Num: 646 Episode T: 1000 Reward: 126.518
Total T: 647000 Episode Num: 647 Episode T: 1000 Reward: 123.715
Total T: 648000 Episode Num: 648 Episode T: 1000 Reward: 125.219
Total T: 649000 Episode Num: 649 Episode T: 1000 Reward: 127.777
Total T: 650000 Episode Num: 650 Episode T: 1000 Reward: 127.739
---------------------------------------
Evaluation over 10 episodes: 126.091
---------------------------------------
Total T: 651000 Episode Num: 651 Episode T: 1000 Reward: 129.254
Total T: 652000 Episode Num: 652 Episode T: 1000 Reward: 126.376
Total T: 653000 Episode Num: 653 Episode T: 1000 Reward: 115.740
Total T: 654000 Episode Num: 654 Episode T: 1000 Reward: 120.766
Total T: 655000 Episode Num: 655 Episode T: 1000 Reward: 126.717
---------------------------------------
Evaluation over 10 episodes: 131.865
---------------------------------------
Total T: 656000 Episode Num: 656 Episode T: 1000 Reward: 129.762
Total T: 657000 Episode Num: 657 Episode T: 1000 Reward: 118.481
Total T: 658000 Episode Num: 658 Episode T: 1000 Reward: 127.412
Total T: 659000 Episode Num: 659 Episode T: 1000 Reward: 125.444
Total T: 660000 Episode Num: 660 Episode T: 1000 Reward: 126.903
---------------------------------------
Evaluation over 10 episodes: 127.832
---------------------------------------
Total T: 661000 Episode Num: 661 Episode T: 1000 Reward: 125.978
Total T: 662000 Episode Num: 662 Episode T: 1000 Reward: 124.419
Total T: 663000 Episode Num: 663 Episode T: 1000 Reward: 126.753
Total T: 664000 Episode Num: 664 Episode T: 1000 Reward: 108.051
Total T: 665000 Episode Num: 665 Episode T: 1000 Reward: 72.608
---------------------------------------
Evaluation over 10 episodes: 123.928
---------------------------------------
Total T: 666000 Episode Num: 666 Episode T: 1000 Reward: 127.765
Total T: 667000 Episode Num: 667 Episode T: 1000 Reward: 126.264
Total T: 668000 Episode Num: 668 Episode T: 1000 Reward: 106.859
Total T: 669000 Episode Num: 669 Episode T: 1000 Reward: 124.732
Total T: 670000 Episode Num: 670 Episode T: 1000 Reward: 126.751
---------------------------------------
Evaluation over 10 episodes: 124.649
---------------------------------------
Total T: 671000 Episode Num: 671 Episode T: 1000 Reward: 127.415
Total T: 672000 Episode Num: 672 Episode T: 1000 Reward: 127.844
Total T: 673000 Episode Num: 673 Episode T: 1000 Reward: 126.657
Total T: 674000 Episode Num: 674 Episode T: 1000 Reward: 127.105
Total T: 675000 Episode Num: 675 Episode T: 1000 Reward: 74.900
---------------------------------------
Evaluation over 10 episodes: 119.890
---------------------------------------
Total T: 676000 Episode Num: 676 Episode T: 1000 Reward: 126.033
Total T: 677000 Episode Num: 677 Episode T: 1000 Reward: 128.830
Total T: 678000 Episode Num: 678 Episode T: 1000 Reward: 127.745
Total T: 679000 Episode Num: 679 Episode T: 1000 Reward: 126.753
Total T: 680000 Episode Num: 680 Episode T: 1000 Reward: 126.539
---------------------------------------
Evaluation over 10 episodes: 124.772
---------------------------------------
Total T: 681000 Episode Num: 681 Episode T: 1000 Reward: 127.337
Total T: 682000 Episode Num: 682 Episode T: 1000 Reward: 128.322
Total T: 683000 Episode Num: 683 Episode T: 1000 Reward: 127.347
Total T: 684000 Episode Num: 684 Episode T: 1000 Reward: 128.508
Total T: 685000 Episode Num: 685 Episode T: 1000 Reward: 114.424
---------------------------------------
Evaluation over 10 episodes: 126.520
---------------------------------------
Total T: 686000 Episode Num: 686 Episode T: 1000 Reward: 128.768
Total T: 687000 Episode Num: 687 Episode T: 1000 Reward: 126.862
Total T: 688000 Episode Num: 688 Episode T: 1000 Reward: 127.809
Total T: 689000 Episode Num: 689 Episode T: 1000 Reward: 127.610
Total T: 690000 Episode Num: 690 Episode T: 1000 Reward: 126.505
---------------------------------------
Evaluation over 10 episodes: 125.335
---------------------------------------
Total T: 691000 Episode Num: 691 Episode T: 1000 Reward: 127.382
Total T: 692000 Episode Num: 692 Episode T: 1000 Reward: 110.736
Total T: 693000 Episode Num: 693 Episode T: 1000 Reward: 114.530
Total T: 694000 Episode Num: 694 Episode T: 1000 Reward: 127.379
Total T: 695000 Episode Num: 695 Episode T: 1000 Reward: 113.305
---------------------------------------
Evaluation over 10 episodes: 127.975
---------------------------------------
Total T: 696000 Episode Num: 696 Episode T: 1000 Reward: 112.725
Total T: 697000 Episode Num: 697 Episode T: 1000 Reward: 126.485
Total T: 698000 Episode Num: 698 Episode T: 1000 Reward: 108.676
Total T: 699000 Episode Num: 699 Episode T: 1000 Reward: 112.429
Total T: 700000 Episode Num: 700 Episode T: 1000 Reward: 125.225
---------------------------------------
Evaluation over 10 episodes: 127.360
---------------------------------------
Total T: 701000 Episode Num: 701 Episode T: 1000 Reward: 126.905
Total T: 702000 Episode Num: 702 Episode T: 1000 Reward: 127.790
Total T: 703000 Episode Num: 703 Episode T: 1000 Reward: 125.075
Total T: 704000 Episode Num: 704 Episode T: 1000 Reward: 128.092
Total T: 705000 Episode Num: 705 Episode T: 1000 Reward: 129.029
---------------------------------------
Evaluation over 10 episodes: 126.399
---------------------------------------
Total T: 706000 Episode Num: 706 Episode T: 1000 Reward: 130.344
Total T: 707000 Episode Num: 707 Episode T: 1000 Reward: 129.483
Total T: 708000 Episode Num: 708 Episode T: 1000 Reward: 126.952
Total T: 709000 Episode Num: 709 Episode T: 1000 Reward: 127.359
Total T: 710000 Episode Num: 710 Episode T: 1000 Reward: 127.240
---------------------------------------
Evaluation over 10 episodes: 123.015
---------------------------------------
Total T: 711000 Episode Num: 711 Episode T: 1000 Reward: 127.460
Total T: 712000 Episode Num: 712 Episode T: 1000 Reward: 128.572
Total T: 713000 Episode Num: 713 Episode T: 1000 Reward: 127.696
Total T: 714000 Episode Num: 714 Episode T: 1000 Reward: 126.328
Total T: 715000 Episode Num: 715 Episode T: 1000 Reward: 127.541
---------------------------------------
Evaluation over 10 episodes: 126.237
---------------------------------------
Total T: 716000 Episode Num: 716 Episode T: 1000 Reward: 128.677
Total T: 717000 Episode Num: 717 Episode T: 1000 Reward: 124.651
Total T: 718000 Episode Num: 718 Episode T: 1000 Reward: 128.772
Total T: 719000 Episode Num: 719 Episode T: 1000 Reward: 129.755
Total T: 720000 Episode Num: 720 Episode T: 1000 Reward: 110.021
---------------------------------------
Evaluation over 10 episodes: 119.917
---------------------------------------
Total T: 721000 Episode Num: 721 Episode T: 1000 Reward: 127.251
Total T: 722000 Episode Num: 722 Episode T: 1000 Reward: 123.380
Total T: 723000 Episode Num: 723 Episode T: 1000 Reward: 126.590
Total T: 724000 Episode Num: 724 Episode T: 1000 Reward: 126.324
Total T: 725000 Episode Num: 725 Episode T: 1000 Reward: 124.299
---------------------------------------
Evaluation over 10 episodes: 126.796
---------------------------------------
Total T: 726000 Episode Num: 726 Episode T: 1000 Reward: 128.804
Total T: 727000 Episode Num: 727 Episode T: 1000 Reward: 126.862
Total T: 728000 Episode Num: 728 Episode T: 1000 Reward: 128.388
Total T: 729000 Episode Num: 729 Episode T: 1000 Reward: 112.879
Total T: 730000 Episode Num: 730 Episode T: 1000 Reward: 127.885
---------------------------------------
Evaluation over 10 episodes: 120.291
---------------------------------------
Total T: 731000 Episode Num: 731 Episode T: 1000 Reward: 128.887
Total T: 732000 Episode Num: 732 Episode T: 1000 Reward: 120.481
Total T: 733000 Episode Num: 733 Episode T: 1000 Reward: 128.476
Total T: 734000 Episode Num: 734 Episode T: 1000 Reward: 129.538
Total T: 735000 Episode Num: 735 Episode T: 1000 Reward: 75.998
---------------------------------------
Evaluation over 10 episodes: 126.873
---------------------------------------
Total T: 736000 Episode Num: 736 Episode T: 1000 Reward: 125.908
Total T: 737000 Episode Num: 737 Episode T: 1000 Reward: 75.300
Total T: 738000 Episode Num: 738 Episode T: 1000 Reward: 129.823
Total T: 739000 Episode Num: 739 Episode T: 1000 Reward: 129.031
Total T: 740000 Episode Num: 740 Episode T: 1000 Reward: 129.175
---------------------------------------
Evaluation over 10 episodes: 126.450
---------------------------------------
Total T: 741000 Episode Num: 741 Episode T: 1000 Reward: 114.963
Total T: 742000 Episode Num: 742 Episode T: 1000 Reward: 122.932
Total T: 743000 Episode Num: 743 Episode T: 1000 Reward: 75.256
Total T: 744000 Episode Num: 744 Episode T: 1000 Reward: 124.948
Total T: 745000 Episode Num: 745 Episode T: 1000 Reward: 72.328
---------------------------------------
Evaluation over 10 episodes: 128.699
---------------------------------------
Total T: 746000 Episode Num: 746 Episode T: 1000 Reward: 120.620
Total T: 747000 Episode Num: 747 Episode T: 1000 Reward: 74.898
Total T: 748000 Episode Num: 748 Episode T: 1000 Reward: 110.480
Total T: 749000 Episode Num: 749 Episode T: 1000 Reward: 126.193
Total T: 750000 Episode Num: 750 Episode T: 1000 Reward: 125.936
---------------------------------------
Evaluation over 10 episodes: 127.116
---------------------------------------
Total T: 751000 Episode Num: 751 Episode T: 1000 Reward: 71.831
Total T: 752000 Episode Num: 752 Episode T: 1000 Reward: 73.851
Total T: 753000 Episode Num: 753 Episode T: 1000 Reward: 111.982
Total T: 754000 Episode Num: 754 Episode T: 1000 Reward: 127.317
Total T: 755000 Episode Num: 755 Episode T: 1000 Reward: 128.611
---------------------------------------
Evaluation over 10 episodes: 126.672
---------------------------------------
Total T: 756000 Episode Num: 756 Episode T: 1000 Reward: 110.525
Total T: 757000 Episode Num: 757 Episode T: 1000 Reward: 126.586
Total T: 758000 Episode Num: 758 Episode T: 1000 Reward: 76.516
Total T: 759000 Episode Num: 759 Episode T: 1000 Reward: 129.831
Total T: 760000 Episode Num: 760 Episode T: 1000 Reward: 115.590
---------------------------------------
Evaluation over 10 episodes: 126.696
---------------------------------------
Total T: 761000 Episode Num: 761 Episode T: 1000 Reward: 128.494
Total T: 762000 Episode Num: 762 Episode T: 1000 Reward: 76.069
Total T: 763000 Episode Num: 763 Episode T: 1000 Reward: 127.545
Total T: 764000 Episode Num: 764 Episode T: 1000 Reward: 126.856
Total T: 765000 Episode Num: 765 Episode T: 1000 Reward: 126.708
---------------------------------------
Evaluation over 10 episodes: 130.339
---------------------------------------
Total T: 766000 Episode Num: 766 Episode T: 1000 Reward: 127.917
Total T: 767000 Episode Num: 767 Episode T: 1000 Reward: 109.560
Total T: 768000 Episode Num: 768 Episode T: 1000 Reward: 126.855
Total T: 769000 Episode Num: 769 Episode T: 1000 Reward: 128.598
Total T: 770000 Episode Num: 770 Episode T: 1000 Reward: 75.546
---------------------------------------
Evaluation over 10 episodes: 126.608
---------------------------------------
Total T: 771000 Episode Num: 771 Episode T: 1000 Reward: 114.340
Total T: 772000 Episode Num: 772 Episode T: 1000 Reward: 127.204
Total T: 773000 Episode Num: 773 Episode T: 1000 Reward: 118.970
Total T: 774000 Episode Num: 774 Episode T: 1000 Reward: 123.185
Total T: 775000 Episode Num: 775 Episode T: 1000 Reward: 130.367
---------------------------------------
Evaluation over 10 episodes: 126.996
---------------------------------------
Total T: 776000 Episode Num: 776 Episode T: 1000 Reward: 128.802
Total T: 777000 Episode Num: 777 Episode T: 1000 Reward: 122.794
Total T: 778000 Episode Num: 778 Episode T: 1000 Reward: 129.826
Total T: 779000 Episode Num: 779 Episode T: 1000 Reward: 129.902
Total T: 780000 Episode Num: 780 Episode T: 1000 Reward: 130.968
---------------------------------------
Evaluation over 10 episodes: 122.329
---------------------------------------
Total T: 781000 Episode Num: 781 Episode T: 1000 Reward: 74.906
Total T: 782000 Episode Num: 782 Episode T: 1000 Reward: 127.714
Total T: 783000 Episode Num: 783 Episode T: 1000 Reward: 109.439
Total T: 784000 Episode Num: 784 Episode T: 1000 Reward: 109.164
Total T: 785000 Episode Num: 785 Episode T: 1000 Reward: 116.406
---------------------------------------
Evaluation over 10 episodes: 122.897
---------------------------------------
Total T: 786000 Episode Num: 786 Episode T: 1000 Reward: 128.327
Total T: 787000 Episode Num: 787 Episode T: 1000 Reward: 127.528
Total T: 788000 Episode Num: 788 Episode T: 1000 Reward: 121.370
Total T: 789000 Episode Num: 789 Episode T: 1000 Reward: 128.761
Total T: 790000 Episode Num: 790 Episode T: 1000 Reward: 119.298
---------------------------------------
Evaluation over 10 episodes: 123.659
---------------------------------------
Total T: 791000 Episode Num: 791 Episode T: 1000 Reward: 127.379
Total T: 792000 Episode Num: 792 Episode T: 1000 Reward: 129.088
Total T: 793000 Episode Num: 793 Episode T: 1000 Reward: 124.711
Total T: 794000 Episode Num: 794 Episode T: 1000 Reward: 127.984
Total T: 795000 Episode Num: 795 Episode T: 1000 Reward: 73.293
---------------------------------------
Evaluation over 10 episodes: 124.095
---------------------------------------
Total T: 796000 Episode Num: 796 Episode T: 1000 Reward: 126.352
Total T: 797000 Episode Num: 797 Episode T: 1000 Reward: 127.289
Total T: 798000 Episode Num: 798 Episode T: 1000 Reward: 118.881
Total T: 799000 Episode Num: 799 Episode T: 1000 Reward: 126.791
Total T: 800000 Episode Num: 800 Episode T: 1000 Reward: 123.430
---------------------------------------
Evaluation over 10 episodes: 126.305
---------------------------------------
Total T: 801000 Episode Num: 801 Episode T: 1000 Reward: 120.770
Total T: 802000 Episode Num: 802 Episode T: 1000 Reward: 106.257
Total T: 803000 Episode Num: 803 Episode T: 1000 Reward: 130.672
Total T: 804000 Episode Num: 804 Episode T: 1000 Reward: 127.742
Total T: 805000 Episode Num: 805 Episode T: 1000 Reward: 127.265
---------------------------------------
Evaluation over 10 episodes: 122.805
---------------------------------------
Total T: 806000 Episode Num: 806 Episode T: 1000 Reward: 119.446
Total T: 807000 Episode Num: 807 Episode T: 1000 Reward: 109.182
Total T: 808000 Episode Num: 808 Episode T: 1000 Reward: 124.817
Total T: 809000 Episode Num: 809 Episode T: 1000 Reward: 127.202
Total T: 810000 Episode Num: 810 Episode T: 1000 Reward: 127.888
---------------------------------------
Evaluation over 10 episodes: 127.368
---------------------------------------
Total T: 811000 Episode Num: 811 Episode T: 1000 Reward: 120.716
Total T: 812000 Episode Num: 812 Episode T: 1000 Reward: 74.522
Total T: 813000 Episode Num: 813 Episode T: 1000 Reward: 125.979
Total T: 814000 Episode Num: 814 Episode T: 1000 Reward: 126.747
Total T: 815000 Episode Num: 815 Episode T: 1000 Reward: 124.504
---------------------------------------
Evaluation over 10 episodes: 122.611
---------------------------------------
Total T: 816000 Episode Num: 816 Episode T: 1000 Reward: 127.418
Total T: 817000 Episode Num: 817 Episode T: 1000 Reward: 126.359
Total T: 818000 Episode Num: 818 Episode T: 1000 Reward: 74.821
Total T: 819000 Episode Num: 819 Episode T: 1000 Reward: 128.411
Total T: 820000 Episode Num: 820 Episode T: 1000 Reward: 127.988
---------------------------------------
Evaluation over 10 episodes: 125.563
---------------------------------------
Total T: 821000 Episode Num: 821 Episode T: 1000 Reward: 127.444
Total T: 822000 Episode Num: 822 Episode T: 1000 Reward: 125.925
Total T: 823000 Episode Num: 823 Episode T: 1000 Reward: 127.848
Total T: 824000 Episode Num: 824 Episode T: 1000 Reward: 115.275
Total T: 825000 Episode Num: 825 Episode T: 1000 Reward: 127.012
---------------------------------------
Evaluation over 10 episodes: 126.022
---------------------------------------
Total T: 826000 Episode Num: 826 Episode T: 1000 Reward: 122.888
Total T: 827000 Episode Num: 827 Episode T: 1000 Reward: 126.937
Total T: 828000 Episode Num: 828 Episode T: 1000 Reward: 126.250
Total T: 829000 Episode Num: 829 Episode T: 1000 Reward: 128.215
Total T: 830000 Episode Num: 830 Episode T: 1000 Reward: 126.152
---------------------------------------
Evaluation over 10 episodes: 121.583
---------------------------------------
Total T: 831000 Episode Num: 831 Episode T: 1000 Reward: 127.621
Total T: 832000 Episode Num: 832 Episode T: 1000 Reward: 128.255
Total T: 833000 Episode Num: 833 Episode T: 1000 Reward: 128.156
Total T: 834000 Episode Num: 834 Episode T: 1000 Reward: 126.853
Total T: 835000 Episode Num: 835 Episode T: 1000 Reward: 127.909
---------------------------------------
Evaluation over 10 episodes: 120.532
---------------------------------------
Total T: 836000 Episode Num: 836 Episode T: 1000 Reward: 127.707
Total T: 837000 Episode Num: 837 Episode T: 1000 Reward: 127.017
Total T: 838000 Episode Num: 838 Episode T: 1000 Reward: 120.732
Total T: 839000 Episode Num: 839 Episode T: 1000 Reward: 111.145
Total T: 840000 Episode Num: 840 Episode T: 1000 Reward: 125.156
---------------------------------------
Evaluation over 10 episodes: 120.541
---------------------------------------
Total T: 841000 Episode Num: 841 Episode T: 1000 Reward: 113.902
Total T: 842000 Episode Num: 842 Episode T: 1000 Reward: 123.742
Total T: 843000 Episode Num: 843 Episode T: 1000 Reward: 124.891
Total T: 844000 Episode Num: 844 Episode T: 1000 Reward: 125.264
Total T: 845000 Episode Num: 845 Episode T: 1000 Reward: 124.406
---------------------------------------
Evaluation over 10 episodes: 115.989
---------------------------------------
Total T: 846000 Episode Num: 846 Episode T: 1000 Reward: 126.122
Total T: 847000 Episode Num: 847 Episode T: 1000 Reward: 126.063
Total T: 848000 Episode Num: 848 Episode T: 1000 Reward: 127.354
Total T: 849000 Episode Num: 849 Episode T: 1000 Reward: 75.641
Total T: 850000 Episode Num: 850 Episode T: 1000 Reward: 126.832
---------------------------------------
Evaluation over 10 episodes: 129.057
---------------------------------------
Total T: 851000 Episode Num: 851 Episode T: 1000 Reward: 125.743
Total T: 852000 Episode Num: 852 Episode T: 1000 Reward: 74.868
Total T: 853000 Episode Num: 853 Episode T: 1000 Reward: 76.090
Total T: 854000 Episode Num: 854 Episode T: 1000 Reward: 108.841
Total T: 855000 Episode Num: 855 Episode T: 1000 Reward: 107.940
---------------------------------------
Evaluation over 10 episodes: 121.646
---------------------------------------
Total T: 856000 Episode Num: 856 Episode T: 1000 Reward: 126.773
Total T: 857000 Episode Num: 857 Episode T: 1000 Reward: 74.616
Total T: 858000 Episode Num: 858 Episode T: 1000 Reward: 126.484
Total T: 859000 Episode Num: 859 Episode T: 1000 Reward: 125.362
Total T: 860000 Episode Num: 860 Episode T: 1000 Reward: 127.319
---------------------------------------
Evaluation over 10 episodes: 120.075
---------------------------------------
Total T: 861000 Episode Num: 861 Episode T: 1000 Reward: 125.790
Total T: 862000 Episode Num: 862 Episode T: 1000 Reward: 125.358
Total T: 863000 Episode Num: 863 Episode T: 1000 Reward: 127.206
Total T: 864000 Episode Num: 864 Episode T: 1000 Reward: 125.051
Total T: 865000 Episode Num: 865 Episode T: 1000 Reward: 124.855
---------------------------------------
Evaluation over 10 episodes: 126.330
---------------------------------------
Total T: 866000 Episode Num: 866 Episode T: 1000 Reward: 127.185
Total T: 867000 Episode Num: 867 Episode T: 1000 Reward: 127.222
Total T: 868000 Episode Num: 868 Episode T: 1000 Reward: 127.334
Total T: 869000 Episode Num: 869 Episode T: 1000 Reward: 125.754
Total T: 870000 Episode Num: 870 Episode T: 1000 Reward: 125.010
---------------------------------------
Evaluation over 10 episodes: 122.379
---------------------------------------
Total T: 871000 Episode Num: 871 Episode T: 1000 Reward: 122.649
Total T: 872000 Episode Num: 872 Episode T: 1000 Reward: 116.330
Total T: 873000 Episode Num: 873 Episode T: 1000 Reward: 121.629
Total T: 874000 Episode Num: 874 Episode T: 1000 Reward: 126.109
Total T: 875000 Episode Num: 875 Episode T: 1000 Reward: 110.797
---------------------------------------
Evaluation over 10 episodes: 119.662
---------------------------------------
Total T: 876000 Episode Num: 876 Episode T: 1000 Reward: 124.881
Total T: 877000 Episode Num: 877 Episode T: 1000 Reward: 125.013
Total T: 878000 Episode Num: 878 Episode T: 1000 Reward: 127.400
Total T: 879000 Episode Num: 879 Episode T: 1000 Reward: 124.220
Total T: 880000 Episode Num: 880 Episode T: 1000 Reward: 74.093
---------------------------------------
Evaluation over 10 episodes: 127.033
---------------------------------------
Total T: 881000 Episode Num: 881 Episode T: 1000 Reward: 106.439
Total T: 882000 Episode Num: 882 Episode T: 1000 Reward: 114.632
Total T: 883000 Episode Num: 883 Episode T: 1000 Reward: 76.141
Total T: 884000 Episode Num: 884 Episode T: 1000 Reward: 124.656
Total T: 885000 Episode Num: 885 Episode T: 1000 Reward: 124.684
---------------------------------------
Evaluation over 10 episodes: 126.918
---------------------------------------
Total T: 886000 Episode Num: 886 Episode T: 1000 Reward: 122.614
Total T: 887000 Episode Num: 887 Episode T: 1000 Reward: 122.007
Total T: 888000 Episode Num: 888 Episode T: 1000 Reward: 124.527
Total T: 889000 Episode Num: 889 Episode T: 1000 Reward: 128.143
Total T: 890000 Episode Num: 890 Episode T: 1000 Reward: 75.758
---------------------------------------
Evaluation over 10 episodes: 125.521
---------------------------------------
Total T: 891000 Episode Num: 891 Episode T: 1000 Reward: 119.636
Total T: 892000 Episode Num: 892 Episode T: 1000 Reward: 125.066
Total T: 893000 Episode Num: 893 Episode T: 1000 Reward: 124.776
Total T: 894000 Episode Num: 894 Episode T: 1000 Reward: 125.985
Total T: 895000 Episode Num: 895 Episode T: 1000 Reward: 110.688
---------------------------------------
Evaluation over 10 episodes: 123.307
---------------------------------------
Total T: 896000 Episode Num: 896 Episode T: 1000 Reward: 118.612
Total T: 897000 Episode Num: 897 Episode T: 1000 Reward: 126.711
Total T: 898000 Episode Num: 898 Episode T: 1000 Reward: 124.349
Total T: 899000 Episode Num: 899 Episode T: 1000 Reward: 124.534
Total T: 900000 Episode Num: 900 Episode T: 1000 Reward: 125.866
---------------------------------------
Evaluation over 10 episodes: 119.379
---------------------------------------
Total T: 901000 Episode Num: 901 Episode T: 1000 Reward: 124.424
Total T: 902000 Episode Num: 902 Episode T: 1000 Reward: 123.862
Total T: 903000 Episode Num: 903 Episode T: 1000 Reward: 114.030
Total T: 904000 Episode Num: 904 Episode T: 1000 Reward: 110.293
Total T: 905000 Episode Num: 905 Episode T: 1000 Reward: 120.727
---------------------------------------
Evaluation over 10 episodes: 117.775
---------------------------------------
Total T: 906000 Episode Num: 906 Episode T: 1000 Reward: 104.487
Total T: 907000 Episode Num: 907 Episode T: 1000 Reward: 125.039
Total T: 908000 Episode Num: 908 Episode T: 1000 Reward: 123.809
Total T: 909000 Episode Num: 909 Episode T: 1000 Reward: 125.734
Total T: 910000 Episode Num: 910 Episode T: 1000 Reward: 127.341
---------------------------------------
Evaluation over 10 episodes: 127.626
---------------------------------------
Total T: 911000 Episode Num: 911 Episode T: 1000 Reward: 125.985
Total T: 912000 Episode Num: 912 Episode T: 1000 Reward: 125.170
Total T: 913000 Episode Num: 913 Episode T: 1000 Reward: 74.758
Total T: 914000 Episode Num: 914 Episode T: 1000 Reward: 125.136
Total T: 915000 Episode Num: 915 Episode T: 1000 Reward: 128.296
---------------------------------------
Evaluation over 10 episodes: 128.557
---------------------------------------
Total T: 916000 Episode Num: 916 Episode T: 1000 Reward: 121.322
Total T: 917000 Episode Num: 917 Episode T: 1000 Reward: 124.979
Total T: 918000 Episode Num: 918 Episode T: 1000 Reward: 112.647
Total T: 919000 Episode Num: 919 Episode T: 1000 Reward: 124.642
Total T: 920000 Episode Num: 920 Episode T: 1000 Reward: 123.780
---------------------------------------
Evaluation over 10 episodes: 119.944
---------------------------------------
Total T: 921000 Episode Num: 921 Episode T: 1000 Reward: 76.075
Total T: 922000 Episode Num: 922 Episode T: 1000 Reward: 125.906
Total T: 923000 Episode Num: 923 Episode T: 1000 Reward: 123.844
Total T: 924000 Episode Num: 924 Episode T: 1000 Reward: 120.482
Total T: 925000 Episode Num: 925 Episode T: 1000 Reward: 123.476
---------------------------------------
Evaluation over 10 episodes: 123.388
---------------------------------------
Total T: 926000 Episode Num: 926 Episode T: 1000 Reward: 124.950
Total T: 927000 Episode Num: 927 Episode T: 1000 Reward: 124.661
Total T: 928000 Episode Num: 928 Episode T: 1000 Reward: 75.277
Total T: 929000 Episode Num: 929 Episode T: 1000 Reward: 123.064
Total T: 930000 Episode Num: 930 Episode T: 1000 Reward: 126.977
---------------------------------------
Evaluation over 10 episodes: 126.720
---------------------------------------
Total T: 931000 Episode Num: 931 Episode T: 1000 Reward: 126.944
Total T: 932000 Episode Num: 932 Episode T: 1000 Reward: 70.937
Total T: 933000 Episode Num: 933 Episode T: 1000 Reward: 126.770
Total T: 934000 Episode Num: 934 Episode T: 1000 Reward: 127.021
Total T: 935000 Episode Num: 935 Episode T: 1000 Reward: 128.195
---------------------------------------
Evaluation over 10 episodes: 129.210
---------------------------------------
Total T: 936000 Episode Num: 936 Episode T: 1000 Reward: 127.797
Total T: 937000 Episode Num: 937 Episode T: 1000 Reward: 127.479
Total T: 938000 Episode Num: 938 Episode T: 1000 Reward: 128.102
Total T: 939000 Episode Num: 939 Episode T: 1000 Reward: 123.805
Total T: 940000 Episode Num: 940 Episode T: 1000 Reward: 129.088
---------------------------------------
Evaluation over 10 episodes: 118.213
---------------------------------------
Total T: 941000 Episode Num: 941 Episode T: 1000 Reward: 123.865
Total T: 942000 Episode Num: 942 Episode T: 1000 Reward: 125.155
Total T: 943000 Episode Num: 943 Episode T: 1000 Reward: 76.129
Total T: 944000 Episode Num: 944 Episode T: 1000 Reward: 127.637
Total T: 945000 Episode Num: 945 Episode T: 1000 Reward: 127.448
---------------------------------------
Evaluation over 10 episodes: 126.033
---------------------------------------
Total T: 946000 Episode Num: 946 Episode T: 1000 Reward: 114.658
Total T: 947000 Episode Num: 947 Episode T: 1000 Reward: 74.510
Total T: 948000 Episode Num: 948 Episode T: 1000 Reward: 126.546
Total T: 949000 Episode Num: 949 Episode T: 1000 Reward: 70.641
Total T: 950000 Episode Num: 950 Episode T: 1000 Reward: 128.228
---------------------------------------
Evaluation over 10 episodes: 122.709
---------------------------------------
Total T: 951000 Episode Num: 951 Episode T: 1000 Reward: 70.306
Total T: 952000 Episode Num: 952 Episode T: 1000 Reward: 126.015
Total T: 953000 Episode Num: 953 Episode T: 1000 Reward: 126.945
Total T: 954000 Episode Num: 954 Episode T: 1000 Reward: 126.845
Total T: 955000 Episode Num: 955 Episode T: 1000 Reward: 73.961
---------------------------------------
Evaluation over 10 episodes: 124.510
---------------------------------------
Total T: 956000 Episode Num: 956 Episode T: 1000 Reward: 127.026
Total T: 957000 Episode Num: 957 Episode T: 1000 Reward: 128.606
Total T: 958000 Episode Num: 958 Episode T: 1000 Reward: 128.011
Total T: 959000 Episode Num: 959 Episode T: 1000 Reward: 126.277
Total T: 960000 Episode Num: 960 Episode T: 1000 Reward: 125.337
---------------------------------------
Evaluation over 10 episodes: 123.878
---------------------------------------
Total T: 961000 Episode Num: 961 Episode T: 1000 Reward: 125.177
Total T: 962000 Episode Num: 962 Episode T: 1000 Reward: 125.885
Total T: 963000 Episode Num: 963 Episode T: 1000 Reward: 76.219
Total T: 964000 Episode Num: 964 Episode T: 1000 Reward: 126.258
Total T: 965000 Episode Num: 965 Episode T: 1000 Reward: 124.989
---------------------------------------
Evaluation over 10 episodes: 128.310
---------------------------------------
Total T: 966000 Episode Num: 966 Episode T: 1000 Reward: 124.907
Total T: 967000 Episode Num: 967 Episode T: 1000 Reward: 124.877
Total T: 968000 Episode Num: 968 Episode T: 1000 Reward: 126.856
Total T: 969000 Episode Num: 969 Episode T: 1000 Reward: 75.909
Total T: 970000 Episode Num: 970 Episode T: 1000 Reward: 127.904
---------------------------------------
Evaluation over 10 episodes: 122.947
---------------------------------------
Total T: 971000 Episode Num: 971 Episode T: 1000 Reward: 127.303
Total T: 972000 Episode Num: 972 Episode T: 1000 Reward: 127.655
Total T: 973000 Episode Num: 973 Episode T: 1000 Reward: 124.369
Total T: 974000 Episode Num: 974 Episode T: 1000 Reward: 127.181
Total T: 975000 Episode Num: 975 Episode T: 1000 Reward: 126.281
---------------------------------------
Evaluation over 10 episodes: 127.973
---------------------------------------
Total T: 976000 Episode Num: 976 Episode T: 1000 Reward: 75.589
Total T: 977000 Episode Num: 977 Episode T: 1000 Reward: 126.235
Total T: 978000 Episode Num: 978 Episode T: 1000 Reward: 127.147
Total T: 979000 Episode Num: 979 Episode T: 1000 Reward: 126.583
Total T: 980000 Episode Num: 980 Episode T: 1000 Reward: 126.889
---------------------------------------
Evaluation over 10 episodes: 128.699
---------------------------------------
Total T: 981000 Episode Num: 981 Episode T: 1000 Reward: 73.572
Total T: 982000 Episode Num: 982 Episode T: 1000 Reward: 129.435
Total T: 983000 Episode Num: 983 Episode T: 1000 Reward: 128.152
Total T: 984000 Episode Num: 984 Episode T: 1000 Reward: 130.218
Total T: 985000 Episode Num: 985 Episode T: 1000 Reward: 126.242
---------------------------------------
Evaluation over 10 episodes: 125.899
---------------------------------------
Total T: 986000 Episode Num: 986 Episode T: 1000 Reward: 127.523
Total T: 987000 Episode Num: 987 Episode T: 1000 Reward: 128.035
Total T: 988000 Episode Num: 988 Episode T: 1000 Reward: 126.655
Total T: 989000 Episode Num: 989 Episode T: 1000 Reward: 126.310
Total T: 990000 Episode Num: 990 Episode T: 1000 Reward: 128.345
---------------------------------------
Evaluation over 10 episodes: 128.198
---------------------------------------
Total T: 991000 Episode Num: 991 Episode T: 1000 Reward: 75.774
Total T: 992000 Episode Num: 992 Episode T: 1000 Reward: 126.873
Total T: 993000 Episode Num: 993 Episode T: 1000 Reward: 127.329
Total T: 994000 Episode Num: 994 Episode T: 1000 Reward: 126.870
Total T: 995000 Episode Num: 995 Episode T: 1000 Reward: 73.423
---------------------------------------
Evaluation over 10 episodes: 127.193
---------------------------------------
Total T: 996000 Episode Num: 996 Episode T: 1000 Reward: 128.046
Total T: 997000 Episode Num: 997 Episode T: 1000 Reward: 127.919
Total T: 998000 Episode Num: 998 Episode T: 1000 Reward: 126.339
Total T: 999000 Episode Num: 999 Episode T: 1000 Reward: 128.455
Total T: 1000000 Episode Num: 1000 Episode T: 1000 Reward: 127.609
---------------------------------------
Evaluation over 10 episodes: 126.635
---------------------------------------
