---------------------------------------
Policy: TD3, Env: HalfCheetah-v2, Seed: 0
---------------------------------------
---------------------------------------
Evaluation over 10 episodes: -0.977
---------------------------------------
Total T: 1000 Episode Num: 1 Episode T: 1000 Reward: -523.742
Total T: 2000 Episode Num: 2 Episode T: 1000 Reward: -443.053
Total T: 3000 Episode Num: 3 Episode T: 1000 Reward: -270.353
Total T: 4000 Episode Num: 4 Episode T: 1000 Reward: -260.467
Total T: 5000 Episode Num: 5 Episode T: 1000 Reward: -204.992
---------------------------------------
Evaluation over 10 episodes: -0.964
---------------------------------------
Total T: 6000 Episode Num: 6 Episode T: 1000 Reward: -269.444
Total T: 7000 Episode Num: 7 Episode T: 1000 Reward: -238.575
Total T: 8000 Episode Num: 8 Episode T: 1000 Reward: -290.673
Total T: 9000 Episode Num: 9 Episode T: 1000 Reward: -296.508
Total T: 10000 Episode Num: 10 Episode T: 1000 Reward: -363.235
---------------------------------------
Evaluation over 10 episodes: -0.956
---------------------------------------
Total T: 11000 Episode Num: 11 Episode T: 1000 Reward: -211.290
Total T: 12000 Episode Num: 12 Episode T: 1000 Reward: -280.632
Total T: 13000 Episode Num: 13 Episode T: 1000 Reward: -353.888
Total T: 14000 Episode Num: 14 Episode T: 1000 Reward: -309.168
Total T: 15000 Episode Num: 15 Episode T: 1000 Reward: -389.983
---------------------------------------
Evaluation over 10 episodes: -0.969
---------------------------------------
Total T: 16000 Episode Num: 16 Episode T: 1000 Reward: -147.806
Total T: 17000 Episode Num: 17 Episode T: 1000 Reward: -457.489
Total T: 18000 Episode Num: 18 Episode T: 1000 Reward: -375.881
Total T: 19000 Episode Num: 19 Episode T: 1000 Reward: -257.944
Total T: 20000 Episode Num: 20 Episode T: 1000 Reward: -172.232
---------------------------------------
Evaluation over 10 episodes: -0.950
---------------------------------------
Total T: 21000 Episode Num: 21 Episode T: 1000 Reward: -183.809
Total T: 22000 Episode Num: 22 Episode T: 1000 Reward: -241.340
Total T: 23000 Episode Num: 23 Episode T: 1000 Reward: -322.569
Total T: 24000 Episode Num: 24 Episode T: 1000 Reward: -219.761
Total T: 25000 Episode Num: 25 Episode T: 1000 Reward: -273.486
---------------------------------------
Evaluation over 10 episodes: -0.959
---------------------------------------
Total T: 26000 Episode Num: 26 Episode T: 1000 Reward: -344.076
Total T: 27000 Episode Num: 27 Episode T: 1000 Reward: -375.807
Total T: 28000 Episode Num: 28 Episode T: 1000 Reward: -405.710
Total T: 29000 Episode Num: 29 Episode T: 1000 Reward: -291.359
Total T: 30000 Episode Num: 30 Episode T: 1000 Reward: -439.175
---------------------------------------
Evaluation over 10 episodes: -47.388
---------------------------------------
Total T: 31000 Episode Num: 31 Episode T: 1000 Reward: 0.619
Total T: 32000 Episode Num: 32 Episode T: 1000 Reward: -115.007
Total T: 33000 Episode Num: 33 Episode T: 1000 Reward: 10.906
Total T: 34000 Episode Num: 34 Episode T: 1000 Reward: -42.741
Total T: 35000 Episode Num: 35 Episode T: 1000 Reward: 75.535
---------------------------------------
Evaluation over 10 episodes: 199.539
---------------------------------------
Total T: 36000 Episode Num: 36 Episode T: 1000 Reward: 18.405
Total T: 37000 Episode Num: 37 Episode T: 1000 Reward: 72.661
Total T: 38000 Episode Num: 38 Episode T: 1000 Reward: 43.569
Total T: 39000 Episode Num: 39 Episode T: 1000 Reward: 170.059
Total T: 40000 Episode Num: 40 Episode T: 1000 Reward: 145.761
---------------------------------------
Evaluation over 10 episodes: 283.805
---------------------------------------
Total T: 41000 Episode Num: 41 Episode T: 1000 Reward: 349.533
Total T: 42000 Episode Num: 42 Episode T: 1000 Reward: 137.778
Total T: 43000 Episode Num: 43 Episode T: 1000 Reward: 1057.649
Total T: 44000 Episode Num: 44 Episode T: 1000 Reward: 327.628
Total T: 45000 Episode Num: 45 Episode T: 1000 Reward: 1051.586
---------------------------------------
Evaluation over 10 episodes: 1100.923
---------------------------------------
Total T: 46000 Episode Num: 46 Episode T: 1000 Reward: 1287.192
Total T: 47000 Episode Num: 47 Episode T: 1000 Reward: 767.521
Total T: 48000 Episode Num: 48 Episode T: 1000 Reward: 1475.962
Total T: 49000 Episode Num: 49 Episode T: 1000 Reward: 1532.547
Total T: 50000 Episode Num: 50 Episode T: 1000 Reward: 1390.642
---------------------------------------
Evaluation over 10 episodes: 1402.179
---------------------------------------
Total T: 51000 Episode Num: 51 Episode T: 1000 Reward: 1625.613
Total T: 52000 Episode Num: 52 Episode T: 1000 Reward: 1374.552
Total T: 53000 Episode Num: 53 Episode T: 1000 Reward: 1477.063
Total T: 54000 Episode Num: 54 Episode T: 1000 Reward: 1691.361
Total T: 55000 Episode Num: 55 Episode T: 1000 Reward: 1724.229
---------------------------------------
Evaluation over 10 episodes: 1844.058
---------------------------------------
Total T: 56000 Episode Num: 56 Episode T: 1000 Reward: 1954.965
Total T: 57000 Episode Num: 57 Episode T: 1000 Reward: 1625.917
Total T: 58000 Episode Num: 58 Episode T: 1000 Reward: 1781.689
Total T: 59000 Episode Num: 59 Episode T: 1000 Reward: 2108.464
Total T: 60000 Episode Num: 60 Episode T: 1000 Reward: 1907.010
---------------------------------------
Evaluation over 10 episodes: 2154.188
---------------------------------------
Total T: 61000 Episode Num: 61 Episode T: 1000 Reward: 2385.318
Total T: 62000 Episode Num: 62 Episode T: 1000 Reward: 2202.363
Total T: 63000 Episode Num: 63 Episode T: 1000 Reward: 2367.281
Total T: 64000 Episode Num: 64 Episode T: 1000 Reward: 2245.307
Total T: 65000 Episode Num: 65 Episode T: 1000 Reward: 2428.951
---------------------------------------
Evaluation over 10 episodes: 1784.665
---------------------------------------
Total T: 66000 Episode Num: 66 Episode T: 1000 Reward: 2255.288
Total T: 67000 Episode Num: 67 Episode T: 1000 Reward: 2380.121
Total T: 68000 Episode Num: 68 Episode T: 1000 Reward: 2111.235
Total T: 69000 Episode Num: 69 Episode T: 1000 Reward: 2515.876
Total T: 70000 Episode Num: 70 Episode T: 1000 Reward: 2636.857
---------------------------------------
Evaluation over 10 episodes: 2572.591
---------------------------------------
Total T: 71000 Episode Num: 71 Episode T: 1000 Reward: 2400.468
Total T: 72000 Episode Num: 72 Episode T: 1000 Reward: 2762.203
Total T: 73000 Episode Num: 73 Episode T: 1000 Reward: 634.942
Total T: 74000 Episode Num: 74 Episode T: 1000 Reward: 2685.864
Total T: 75000 Episode Num: 75 Episode T: 1000 Reward: 2773.311
---------------------------------------
Evaluation over 10 episodes: 3101.748
---------------------------------------
Total T: 76000 Episode Num: 76 Episode T: 1000 Reward: 3008.447
Total T: 77000 Episode Num: 77 Episode T: 1000 Reward: 3190.437
Total T: 78000 Episode Num: 78 Episode T: 1000 Reward: 3189.731
Total T: 79000 Episode Num: 79 Episode T: 1000 Reward: 3171.237
Total T: 80000 Episode Num: 80 Episode T: 1000 Reward: 3437.423
---------------------------------------
Evaluation over 10 episodes: 3349.426
---------------------------------------
Total T: 81000 Episode Num: 81 Episode T: 1000 Reward: 3475.230
Total T: 82000 Episode Num: 82 Episode T: 1000 Reward: 3265.725
Total T: 83000 Episode Num: 83 Episode T: 1000 Reward: 3413.706
Total T: 84000 Episode Num: 84 Episode T: 1000 Reward: 3164.568
Total T: 85000 Episode Num: 85 Episode T: 1000 Reward: 3329.421
---------------------------------------
Evaluation over 10 episodes: 3238.042
---------------------------------------
Total T: 86000 Episode Num: 86 Episode T: 1000 Reward: 3559.828
Total T: 87000 Episode Num: 87 Episode T: 1000 Reward: 3725.215
Total T: 88000 Episode Num: 88 Episode T: 1000 Reward: 3443.393
Total T: 89000 Episode Num: 89 Episode T: 1000 Reward: 3789.390
Total T: 90000 Episode Num: 90 Episode T: 1000 Reward: 3670.518
---------------------------------------
Evaluation over 10 episodes: 3327.350
---------------------------------------
Total T: 91000 Episode Num: 91 Episode T: 1000 Reward: 3823.134
Total T: 92000 Episode Num: 92 Episode T: 1000 Reward: 3707.261
Total T: 93000 Episode Num: 93 Episode T: 1000 Reward: 3832.623
Total T: 94000 Episode Num: 94 Episode T: 1000 Reward: 3079.522
Total T: 95000 Episode Num: 95 Episode T: 1000 Reward: 4151.894
---------------------------------------
Evaluation over 10 episodes: 3815.936
---------------------------------------
Total T: 96000 Episode Num: 96 Episode T: 1000 Reward: 3532.459
Total T: 97000 Episode Num: 97 Episode T: 1000 Reward: 4270.530
Total T: 98000 Episode Num: 98 Episode T: 1000 Reward: 3597.911
Total T: 99000 Episode Num: 99 Episode T: 1000 Reward: 3557.820
Total T: 100000 Episode Num: 100 Episode T: 1000 Reward: 3904.716
---------------------------------------
Evaluation over 10 episodes: 3926.476
---------------------------------------
Total T: 101000 Episode Num: 101 Episode T: 1000 Reward: 4061.541
Total T: 102000 Episode Num: 102 Episode T: 1000 Reward: 1012.600
Total T: 103000 Episode Num: 103 Episode T: 1000 Reward: 4008.130
Total T: 104000 Episode Num: 104 Episode T: 1000 Reward: 4416.142
Total T: 105000 Episode Num: 105 Episode T: 1000 Reward: 4257.483
---------------------------------------
Evaluation over 10 episodes: 4265.745
---------------------------------------
Total T: 106000 Episode Num: 106 Episode T: 1000 Reward: 4205.058
Total T: 107000 Episode Num: 107 Episode T: 1000 Reward: 4162.943
Total T: 108000 Episode Num: 108 Episode T: 1000 Reward: 4713.066
Total T: 109000 Episode Num: 109 Episode T: 1000 Reward: 4693.675
Total T: 110000 Episode Num: 110 Episode T: 1000 Reward: 4498.457
---------------------------------------
Evaluation over 10 episodes: 4554.971
---------------------------------------
Total T: 111000 Episode Num: 111 Episode T: 1000 Reward: 4499.125
Total T: 112000 Episode Num: 112 Episode T: 1000 Reward: 4711.092
Total T: 113000 Episode Num: 113 Episode T: 1000 Reward: 4445.584
Total T: 114000 Episode Num: 114 Episode T: 1000 Reward: 4555.641
Total T: 115000 Episode Num: 115 Episode T: 1000 Reward: 4593.788
---------------------------------------
Evaluation over 10 episodes: 4621.549
---------------------------------------
Total T: 116000 Episode Num: 116 Episode T: 1000 Reward: 4604.311
Total T: 117000 Episode Num: 117 Episode T: 1000 Reward: 4939.030
Total T: 118000 Episode Num: 118 Episode T: 1000 Reward: 4993.694
Total T: 119000 Episode Num: 119 Episode T: 1000 Reward: 5069.154
Total T: 120000 Episode Num: 120 Episode T: 1000 Reward: 4988.140
---------------------------------------
Evaluation over 10 episodes: 5130.472
---------------------------------------
Total T: 121000 Episode Num: 121 Episode T: 1000 Reward: 5072.148
Total T: 122000 Episode Num: 122 Episode T: 1000 Reward: 4868.903
Total T: 123000 Episode Num: 123 Episode T: 1000 Reward: 5010.828
Total T: 124000 Episode Num: 124 Episode T: 1000 Reward: 5251.907
Total T: 125000 Episode Num: 125 Episode T: 1000 Reward: 5196.132
---------------------------------------
Evaluation over 10 episodes: 5231.362
---------------------------------------
Total T: 126000 Episode Num: 126 Episode T: 1000 Reward: 5083.301
Total T: 127000 Episode Num: 127 Episode T: 1000 Reward: 5270.769
Total T: 128000 Episode Num: 128 Episode T: 1000 Reward: 5253.596
Total T: 129000 Episode Num: 129 Episode T: 1000 Reward: 5330.824
Total T: 130000 Episode Num: 130 Episode T: 1000 Reward: 5111.105
---------------------------------------
Evaluation over 10 episodes: 5349.460
---------------------------------------
Total T: 131000 Episode Num: 131 Episode T: 1000 Reward: 5128.926
Total T: 132000 Episode Num: 132 Episode T: 1000 Reward: 5266.381
Total T: 133000 Episode Num: 133 Episode T: 1000 Reward: 5356.907
Total T: 134000 Episode Num: 134 Episode T: 1000 Reward: 5308.162
Total T: 135000 Episode Num: 135 Episode T: 1000 Reward: 5515.299
---------------------------------------
Evaluation over 10 episodes: 5306.941
---------------------------------------
Total T: 136000 Episode Num: 136 Episode T: 1000 Reward: 5210.722
Total T: 137000 Episode Num: 137 Episode T: 1000 Reward: 5129.796
Total T: 138000 Episode Num: 138 Episode T: 1000 Reward: 1099.306
Total T: 139000 Episode Num: 139 Episode T: 1000 Reward: 5625.201
Total T: 140000 Episode Num: 140 Episode T: 1000 Reward: 5291.311
---------------------------------------
Evaluation over 10 episodes: 5433.938
---------------------------------------
Total T: 141000 Episode Num: 141 Episode T: 1000 Reward: 5384.376
Total T: 142000 Episode Num: 142 Episode T: 1000 Reward: 5687.499
Total T: 143000 Episode Num: 143 Episode T: 1000 Reward: 5496.872
Total T: 144000 Episode Num: 144 Episode T: 1000 Reward: 5785.454
Total T: 145000 Episode Num: 145 Episode T: 1000 Reward: 5567.435
---------------------------------------
Evaluation over 10 episodes: 5905.746
---------------------------------------
Total T: 146000 Episode Num: 146 Episode T: 1000 Reward: 5760.408
Total T: 147000 Episode Num: 147 Episode T: 1000 Reward: 5544.576
Total T: 148000 Episode Num: 148 Episode T: 1000 Reward: 5619.020
Total T: 149000 Episode Num: 149 Episode T: 1000 Reward: 5695.547
Total T: 150000 Episode Num: 150 Episode T: 1000 Reward: 5486.692
---------------------------------------
Evaluation over 10 episodes: 5795.147
---------------------------------------
Total T: 151000 Episode Num: 151 Episode T: 1000 Reward: 5820.065
Total T: 152000 Episode Num: 152 Episode T: 1000 Reward: 5677.213
Total T: 153000 Episode Num: 153 Episode T: 1000 Reward: 6103.560
Total T: 154000 Episode Num: 154 Episode T: 1000 Reward: 1095.403
Total T: 155000 Episode Num: 155 Episode T: 1000 Reward: 4454.936
---------------------------------------
Evaluation over 10 episodes: 5741.728
---------------------------------------
Total T: 156000 Episode Num: 156 Episode T: 1000 Reward: 5945.718
Total T: 157000 Episode Num: 157 Episode T: 1000 Reward: 5836.573
Total T: 158000 Episode Num: 158 Episode T: 1000 Reward: 5930.292
Total T: 159000 Episode Num: 159 Episode T: 1000 Reward: 6084.347
Total T: 160000 Episode Num: 160 Episode T: 1000 Reward: 5929.320
---------------------------------------
Evaluation over 10 episodes: 5575.989
---------------------------------------
Total T: 161000 Episode Num: 161 Episode T: 1000 Reward: 6029.718
Total T: 162000 Episode Num: 162 Episode T: 1000 Reward: 6079.632
Total T: 163000 Episode Num: 163 Episode T: 1000 Reward: 6090.575
Total T: 164000 Episode Num: 164 Episode T: 1000 Reward: 5984.251
Total T: 165000 Episode Num: 165 Episode T: 1000 Reward: 5930.426
---------------------------------------
Evaluation over 10 episodes: 5525.973
---------------------------------------
Total T: 166000 Episode Num: 166 Episode T: 1000 Reward: 6177.275
Total T: 167000 Episode Num: 167 Episode T: 1000 Reward: 6052.134
Total T: 168000 Episode Num: 168 Episode T: 1000 Reward: 6373.552
Total T: 169000 Episode Num: 169 Episode T: 1000 Reward: 5856.773
Total T: 170000 Episode Num: 170 Episode T: 1000 Reward: 6257.561
---------------------------------------
Evaluation over 10 episodes: 6313.068
---------------------------------------
Total T: 171000 Episode Num: 171 Episode T: 1000 Reward: 6226.811
Total T: 172000 Episode Num: 172 Episode T: 1000 Reward: 6342.001
Total T: 173000 Episode Num: 173 Episode T: 1000 Reward: 6240.492
Total T: 174000 Episode Num: 174 Episode T: 1000 Reward: 6399.214
Total T: 175000 Episode Num: 175 Episode T: 1000 Reward: 6090.281
---------------------------------------
Evaluation over 10 episodes: 6499.103
---------------------------------------
Total T: 176000 Episode Num: 176 Episode T: 1000 Reward: 6106.006
Total T: 177000 Episode Num: 177 Episode T: 1000 Reward: 6333.055
Total T: 178000 Episode Num: 178 Episode T: 1000 Reward: 6327.093
Total T: 179000 Episode Num: 179 Episode T: 1000 Reward: 6394.143
Total T: 180000 Episode Num: 180 Episode T: 1000 Reward: 6417.700
---------------------------------------
Evaluation over 10 episodes: 6533.857
---------------------------------------
Total T: 181000 Episode Num: 181 Episode T: 1000 Reward: 6203.770
Total T: 182000 Episode Num: 182 Episode T: 1000 Reward: 6186.945
Total T: 183000 Episode Num: 183 Episode T: 1000 Reward: 6309.942
Total T: 184000 Episode Num: 184 Episode T: 1000 Reward: 6361.201
Total T: 185000 Episode Num: 185 Episode T: 1000 Reward: 6469.088