---------------------------------------
Policy: TD3, Env: HalfCheetah-v2, Seed: 0
---------------------------------------
---------------------------------------
Evaluation over 10 episodes: -0.925
---------------------------------------
Total T: 1000 Episode Num: 1 Episode T: 1000 Reward: -269.155
Total T: 2000 Episode Num: 2 Episode T: 1000 Reward: -405.755
Total T: 3000 Episode Num: 3 Episode T: 1000 Reward: -206.017
Total T: 4000 Episode Num: 4 Episode T: 1000 Reward: -209.923
Total T: 5000 Episode Num: 5 Episode T: 1000 Reward: -213.956
---------------------------------------
Evaluation over 10 episodes: -0.908
---------------------------------------
Total T: 6000 Episode Num: 6 Episode T: 1000 Reward: -223.394
Total T: 7000 Episode Num: 7 Episode T: 1000 Reward: -311.157
Total T: 8000 Episode Num: 8 Episode T: 1000 Reward: -238.424
Total T: 9000 Episode Num: 9 Episode T: 1000 Reward: -239.616
Total T: 10000 Episode Num: 10 Episode T: 1000 Reward: -354.241
---------------------------------------
Evaluation over 10 episodes: -0.908
---------------------------------------
Total T: 11000 Episode Num: 11 Episode T: 1000 Reward: -398.048
Total T: 12000 Episode Num: 12 Episode T: 1000 Reward: -202.430
Total T: 13000 Episode Num: 13 Episode T: 1000 Reward: -397.963
Total T: 14000 Episode Num: 14 Episode T: 1000 Reward: -227.189
Total T: 15000 Episode Num: 15 Episode T: 1000 Reward: -299.504
---------------------------------------
Evaluation over 10 episodes: -0.917
---------------------------------------
Total T: 16000 Episode Num: 16 Episode T: 1000 Reward: -285.240
Total T: 17000 Episode Num: 17 Episode T: 1000 Reward: -290.877
Total T: 18000 Episode Num: 18 Episode T: 1000 Reward: -326.075
Total T: 19000 Episode Num: 19 Episode T: 1000 Reward: -309.898
Total T: 20000 Episode Num: 20 Episode T: 1000 Reward: -233.057
---------------------------------------
Evaluation over 10 episodes: -0.886
---------------------------------------
Total T: 21000 Episode Num: 21 Episode T: 1000 Reward: -289.052
Total T: 22000 Episode Num: 22 Episode T: 1000 Reward: -374.777
Total T: 23000 Episode Num: 23 Episode T: 1000 Reward: -319.093
Total T: 24000 Episode Num: 24 Episode T: 1000 Reward: -234.595
Total T: 25000 Episode Num: 25 Episode T: 1000 Reward: -234.769
---------------------------------------
Evaluation over 10 episodes: -0.873
---------------------------------------
Total T: 26000 Episode Num: 26 Episode T: 1000 Reward: -251.039
Total T: 27000 Episode Num: 27 Episode T: 1000 Reward: -300.262
Total T: 28000 Episode Num: 28 Episode T: 1000 Reward: -321.411
Total T: 29000 Episode Num: 29 Episode T: 1000 Reward: -307.424
Total T: 30000 Episode Num: 30 Episode T: 1000 Reward: -345.754
---------------------------------------
Evaluation over 10 episodes: -302.623
---------------------------------------
Total T: 31000 Episode Num: 31 Episode T: 1000 Reward: -277.980
Total T: 32000 Episode Num: 32 Episode T: 1000 Reward: -341.146
Total T: 33000 Episode Num: 33 Episode T: 1000 Reward: -200.545
Total T: 34000 Episode Num: 34 Episode T: 1000 Reward: -450.712
Total T: 35000 Episode Num: 35 Episode T: 1000 Reward: -365.933
---------------------------------------
Evaluation over 10 episodes: -369.449
---------------------------------------
Total T: 36000 Episode Num: 36 Episode T: 1000 Reward: -388.058
Total T: 37000 Episode Num: 37 Episode T: 1000 Reward: -249.418
Total T: 38000 Episode Num: 38 Episode T: 1000 Reward: 100.490
Total T: 39000 Episode Num: 39 Episode T: 1000 Reward: -155.754
Total T: 40000 Episode Num: 40 Episode T: 1000 Reward: -234.661
---------------------------------------
Evaluation over 10 episodes: -257.768
---------------------------------------
Total T: 41000 Episode Num: 41 Episode T: 1000 Reward: -285.128
Total T: 42000 Episode Num: 42 Episode T: 1000 Reward: -286.577
Total T: 43000 Episode Num: 43 Episode T: 1000 Reward: -336.817
Total T: 44000 Episode Num: 44 Episode T: 1000 Reward: -261.744
Total T: 45000 Episode Num: 45 Episode T: 1000 Reward: -107.936
---------------------------------------
Evaluation over 10 episodes: -15.144
---------------------------------------
Total T: 46000 Episode Num: 46 Episode T: 1000 Reward: -11.074
Total T: 47000 Episode Num: 47 Episode T: 1000 Reward: 314.740
Total T: 48000 Episode Num: 48 Episode T: 1000 Reward: 225.442
Total T: 49000 Episode Num: 49 Episode T: 1000 Reward: 333.454
Total T: 50000 Episode Num: 50 Episode T: 1000 Reward: 443.721
---------------------------------------
Evaluation over 10 episodes: 442.567
---------------------------------------
Total T: 51000 Episode Num: 51 Episode T: 1000 Reward: 730.389
Total T: 52000 Episode Num: 52 Episode T: 1000 Reward: 369.964
Total T: 53000 Episode Num: 53 Episode T: 1000 Reward: 494.254
Total T: 54000 Episode Num: 54 Episode T: 1000 Reward: 429.841
Total T: 55000 Episode Num: 55 Episode T: 1000 Reward: 631.690
---------------------------------------
Evaluation over 10 episodes: 628.712
---------------------------------------
Total T: 56000 Episode Num: 56 Episode T: 1000 Reward: 462.642
Total T: 57000 Episode Num: 57 Episode T: 1000 Reward: 599.442
Total T: 58000 Episode Num: 58 Episode T: 1000 Reward: 402.823
Total T: 59000 Episode Num: 59 Episode T: 1000 Reward: 499.462
Total T: 60000 Episode Num: 60 Episode T: 1000 Reward: 621.037
---------------------------------------
Evaluation over 10 episodes: 646.431
---------------------------------------
Total T: 61000 Episode Num: 61 Episode T: 1000 Reward: 531.956
Total T: 62000 Episode Num: 62 Episode T: 1000 Reward: 438.460
Total T: 63000 Episode Num: 63 Episode T: 1000 Reward: 566.183
Total T: 64000 Episode Num: 64 Episode T: 1000 Reward: 1166.291
Total T: 65000 Episode Num: 65 Episode T: 1000 Reward: 374.690
---------------------------------------
Evaluation over 10 episodes: 401.920
---------------------------------------
Total T: 66000 Episode Num: 66 Episode T: 1000 Reward: 544.019
Total T: 67000 Episode Num: 67 Episode T: 1000 Reward: 408.291
Total T: 68000 Episode Num: 68 Episode T: 1000 Reward: 447.321
Total T: 69000 Episode Num: 69 Episode T: 1000 Reward: 492.276
Total T: 70000 Episode Num: 70 Episode T: 1000 Reward: 151.815
---------------------------------------
Evaluation over 10 episodes: 575.857
---------------------------------------
Total T: 71000 Episode Num: 71 Episode T: 1000 Reward: 547.195
Total T: 72000 Episode Num: 72 Episode T: 1000 Reward: 455.394
Total T: 73000 Episode Num: 73 Episode T: 1000 Reward: 986.373
Total T: 74000 Episode Num: 74 Episode T: 1000 Reward: 425.340
Total T: 75000 Episode Num: 75 Episode T: 1000 Reward: 740.329
---------------------------------------
Evaluation over 10 episodes: 1423.620
---------------------------------------
Total T: 76000 Episode Num: 76 Episode T: 1000 Reward: 2073.591
Total T: 77000 Episode Num: 77 Episode T: 1000 Reward: 2515.835
Total T: 78000 Episode Num: 78 Episode T: 1000 Reward: 3107.771
Total T: 79000 Episode Num: 79 Episode T: 1000 Reward: 1336.443
Total T: 80000 Episode Num: 80 Episode T: 1000 Reward: 3219.523
---------------------------------------
Evaluation over 10 episodes: 3220.828
---------------------------------------
Total T: 81000 Episode Num: 81 Episode T: 1000 Reward: 333.105
Total T: 82000 Episode Num: 82 Episode T: 1000 Reward: 972.183
Total T: 83000 Episode Num: 83 Episode T: 1000 Reward: 2666.286
Total T: 84000 Episode Num: 84 Episode T: 1000 Reward: 3839.412
Total T: 85000 Episode Num: 85 Episode T: 1000 Reward: 3124.033
---------------------------------------
Evaluation over 10 episodes: 2179.151
---------------------------------------
Total T: 86000 Episode Num: 86 Episode T: 1000 Reward: 2747.758
Total T: 87000 Episode Num: 87 Episode T: 1000 Reward: 2918.115
Total T: 88000 Episode Num: 88 Episode T: 1000 Reward: 2923.695
Total T: 89000 Episode Num: 89 Episode T: 1000 Reward: 2861.692
Total T: 90000 Episode Num: 90 Episode T: 1000 Reward: 2855.558
---------------------------------------
Evaluation over 10 episodes: 2763.035
---------------------------------------
Total T: 91000 Episode Num: 91 Episode T: 1000 Reward: 2818.783
Total T: 92000 Episode Num: 92 Episode T: 1000 Reward: 2586.636
Total T: 93000 Episode Num: 93 Episode T: 1000 Reward: 2577.558
Total T: 94000 Episode Num: 94 Episode T: 1000 Reward: 2666.030
Total T: 95000 Episode Num: 95 Episode T: 1000 Reward: 2748.861
---------------------------------------
Evaluation over 10 episodes: 2068.475
---------------------------------------
Total T: 96000 Episode Num: 96 Episode T: 1000 Reward: 1832.119
Total T: 97000 Episode Num: 97 Episode T: 1000 Reward: 2663.546
Total T: 98000 Episode Num: 98 Episode T: 1000 Reward: 1387.882
Total T: 99000 Episode Num: 99 Episode T: 1000 Reward: 2708.966
Total T: 100000 Episode Num: 100 Episode T: 1000 Reward: 2082.306
---------------------------------------
Evaluation over 10 episodes: 924.697
---------------------------------------
Total T: 101000 Episode Num: 101 Episode T: 1000 Reward: 310.981
Total T: 102000 Episode Num: 102 Episode T: 1000 Reward: 128.718
Total T: 103000 Episode Num: 103 Episode T: 1000 Reward: 468.639
Total T: 104000 Episode Num: 104 Episode T: 1000 Reward: 413.989
Total T: 105000 Episode Num: 105 Episode T: 1000 Reward: 1245.883
---------------------------------------
Evaluation over 10 episodes: 1709.357
---------------------------------------
Total T: 106000 Episode Num: 106 Episode T: 1000 Reward: 1963.452
Total T: 107000 Episode Num: 107 Episode T: 1000 Reward: 2172.775
Total T: 108000 Episode Num: 108 Episode T: 1000 Reward: 744.645
Total T: 109000 Episode Num: 109 Episode T: 1000 Reward: 592.014
Total T: 110000 Episode Num: 110 Episode T: 1000 Reward: 1199.544
---------------------------------------
Evaluation over 10 episodes: 1417.021
---------------------------------------
Total T: 111000 Episode Num: 111 Episode T: 1000 Reward: 2289.798
Total T: 112000 Episode Num: 112 Episode T: 1000 Reward: 2178.391
Total T: 113000 Episode Num: 113 Episode T: 1000 Reward: 599.968
Total T: 114000 Episode Num: 114 Episode T: 1000 Reward: 104.824
Total T: 115000 Episode Num: 115 Episode T: 1000 Reward: 1441.977
---------------------------------------
Evaluation over 10 episodes: 676.270
---------------------------------------
Total T: 116000 Episode Num: 116 Episode T: 1000 Reward: 774.828
Total T: 117000 Episode Num: 117 Episode T: 1000 Reward: 1897.380
Total T: 118000 Episode Num: 118 Episode T: 1000 Reward: 587.716
Total T: 119000 Episode Num: 119 Episode T: 1000 Reward: 1626.892
Total T: 120000 Episode Num: 120 Episode T: 1000 Reward: 2073.356
---------------------------------------
Evaluation over 10 episodes: 1873.774
---------------------------------------
Total T: 121000 Episode Num: 121 Episode T: 1000 Reward: 2199.147
Total T: 122000 Episode Num: 122 Episode T: 1000 Reward: 1774.953
Total T: 123000 Episode Num: 123 Episode T: 1000 Reward: 2258.251
Total T: 124000 Episode Num: 124 Episode T: 1000 Reward: 2229.566
Total T: 125000 Episode Num: 125 Episode T: 1000 Reward: 727.492
---------------------------------------
Evaluation over 10 episodes: 1722.704
---------------------------------------
Total T: 126000 Episode Num: 126 Episode T: 1000 Reward: 2141.076
Total T: 127000 Episode Num: 127 Episode T: 1000 Reward: 2254.090
Total T: 128000 Episode Num: 128 Episode T: 1000 Reward: 2304.690
Total T: 129000 Episode Num: 129 Episode T: 1000 Reward: 1991.537
Total T: 130000 Episode Num: 130 Episode T: 1000 Reward: 2387.886
---------------------------------------
Evaluation over 10 episodes: 2246.265
---------------------------------------
Total T: 131000 Episode Num: 131 Episode T: 1000 Reward: 2188.879
Total T: 132000 Episode Num: 132 Episode T: 1000 Reward: 2166.308
Total T: 133000 Episode Num: 133 Episode T: 1000 Reward: 2281.836
Total T: 134000 Episode Num: 134 Episode T: 1000 Reward: 2225.217
Total T: 135000 Episode Num: 135 Episode T: 1000 Reward: 2155.891
---------------------------------------
Evaluation over 10 episodes: 2153.068
---------------------------------------
Total T: 136000 Episode Num: 136 Episode T: 1000 Reward: 2318.532
Total T: 137000 Episode Num: 137 Episode T: 1000 Reward: 2108.361
Total T: 138000 Episode Num: 138 Episode T: 1000 Reward: 2214.859
Total T: 139000 Episode Num: 139 Episode T: 1000 Reward: 2414.946
Total T: 140000 Episode Num: 140 Episode T: 1000 Reward: 2092.319
---------------------------------------
Evaluation over 10 episodes: 1930.274
---------------------------------------
Total T: 141000 Episode Num: 141 Episode T: 1000 Reward: 2405.360
Total T: 142000 Episode Num: 142 Episode T: 1000 Reward: 2177.307
Total T: 143000 Episode Num: 143 Episode T: 1000 Reward: 2372.444
Total T: 144000 Episode Num: 144 Episode T: 1000 Reward: 2523.635
Total T: 145000 Episode Num: 145 Episode T: 1000 Reward: 2478.918
---------------------------------------
Evaluation over 10 episodes: 2504.774
---------------------------------------
Total T: 146000 Episode Num: 146 Episode T: 1000 Reward: 2430.161
Total T: 147000 Episode Num: 147 Episode T: 1000 Reward: 534.807
Total T: 148000 Episode Num: 148 Episode T: 1000 Reward: 2561.071
Total T: 149000 Episode Num: 149 Episode T: 1000 Reward: 1886.708
Total T: 150000 Episode Num: 150 Episode T: 1000 Reward: 2219.364
---------------------------------------
Evaluation over 10 episodes: 2392.296
---------------------------------------
Total T: 151000 Episode Num: 151 Episode T: 1000 Reward: 2481.802
Total T: 152000 Episode Num: 152 Episode T: 1000 Reward: 2544.474
Total T: 153000 Episode Num: 153 Episode T: 1000 Reward: 2315.121
Total T: 154000 Episode Num: 154 Episode T: 1000 Reward: 2336.004
Total T: 155000 Episode Num: 155 Episode T: 1000 Reward: 2532.285
---------------------------------------
Evaluation over 10 episodes: 2247.053
---------------------------------------
Total T: 156000 Episode Num: 156 Episode T: 1000 Reward: 2544.136
Total T: 157000 Episode Num: 157 Episode T: 1000 Reward: 2526.565
Total T: 158000 Episode Num: 158 Episode T: 1000 Reward: 2430.894
Total T: 159000 Episode Num: 159 Episode T: 1000 Reward: 1697.913
Total T: 160000 Episode Num: 160 Episode T: 1000 Reward: 2755.442
---------------------------------------
Evaluation over 10 episodes: 2257.865
---------------------------------------
Total T: 161000 Episode Num: 161 Episode T: 1000 Reward: 2437.118
Total T: 162000 Episode Num: 162 Episode T: 1000 Reward: 1264.786
Total T: 163000 Episode Num: 163 Episode T: 1000 Reward: 2297.052
Total T: 164000 Episode Num: 164 Episode T: 1000 Reward: 2415.321
Total T: 165000 Episode Num: 165 Episode T: 1000 Reward: 2660.046
---------------------------------------
Evaluation over 10 episodes: 2356.169
---------------------------------------
Total T: 166000 Episode Num: 166 Episode T: 1000 Reward: 2280.718
Total T: 167000 Episode Num: 167 Episode T: 1000 Reward: 2478.974
Total T: 168000 Episode Num: 168 Episode T: 1000 Reward: 2546.183
Total T: 169000 Episode Num: 169 Episode T: 1000 Reward: 2483.809
Total T: 170000 Episode Num: 170 Episode T: 1000 Reward: 2559.005
---------------------------------------
Evaluation over 10 episodes: 2640.407
---------------------------------------
Total T: 171000 Episode Num: 171 Episode T: 1000 Reward: 2746.281
Total T: 172000 Episode Num: 172 Episode T: 1000 Reward: 2755.024
Total T: 173000 Episode Num: 173 Episode T: 1000 Reward: 2575.294
Total T: 174000 Episode Num: 174 Episode T: 1000 Reward: 2313.959
Total T: 175000 Episode Num: 175 Episode T: 1000 Reward: 2683.945
---------------------------------------
Evaluation over 10 episodes: 2578.404
---------------------------------------
Total T: 176000 Episode Num: 176 Episode T: 1000 Reward: 2585.422
Total T: 177000 Episode Num: 177 Episode T: 1000 Reward: 2510.173
Total T: 178000 Episode Num: 178 Episode T: 1000 Reward: 2507.107
Total T: 179000 Episode Num: 179 Episode T: 1000 Reward: 2239.704
Total T: 180000 Episode Num: 180 Episode T: 1000 Reward: 2481.082
---------------------------------------
Evaluation over 10 episodes: 2596.698
---------------------------------------
Total T: 181000 Episode Num: 181 Episode T: 1000 Reward: 2463.439
Total T: 182000 Episode Num: 182 Episode T: 1000 Reward: 2322.335
Total T: 183000 Episode Num: 183 Episode T: 1000 Reward: 2306.144
Total T: 184000 Episode Num: 184 Episode T: 1000 Reward: 2107.811
Total T: 185000 Episode Num: 185 Episode T: 1000 Reward: 2482.276
---------------------------------------
Evaluation over 10 episodes: 2101.520
---------------------------------------
Total T: 186000 Episode Num: 186 Episode T: 1000 Reward: 2554.591
Total T: 187000 Episode Num: 187 Episode T: 1000 Reward: 2417.899
Total T: 188000 Episode Num: 188 Episode T: 1000 Reward: 1818.061
Total T: 189000 Episode Num: 189 Episode T: 1000 Reward: 2409.221
Total T: 190000 Episode Num: 190 Episode T: 1000 Reward: 2359.366
---------------------------------------
Evaluation over 10 episodes: 2542.923
---------------------------------------
Total T: 191000 Episode Num: 191 Episode T: 1000 Reward: 2615.119
Total T: 192000 Episode Num: 192 Episode T: 1000 Reward: 2296.256
Total T: 193000 Episode Num: 193 Episode T: 1000 Reward: 2342.993
Total T: 194000 Episode Num: 194 Episode T: 1000 Reward: 2368.798
Total T: 195000 Episode Num: 195 Episode T: 1000 Reward: 2543.056
---------------------------------------
Evaluation over 10 episodes: 2548.402
---------------------------------------
Total T: 196000 Episode Num: 196 Episode T: 1000 Reward: 2338.120
Total T: 197000 Episode Num: 197 Episode T: 1000 Reward: 2563.265
Total T: 198000 Episode Num: 198 Episode T: 1000 Reward: 2384.924
Total T: 199000 Episode Num: 199 Episode T: 1000 Reward: 2438.473
Total T: 200000 Episode Num: 200 Episode T: 1000 Reward: 2247.877
---------------------------------------
Evaluation over 10 episodes: 2387.389
---------------------------------------
Total T: 201000 Episode Num: 201 Episode T: 1000 Reward: 2335.958
Total T: 202000 Episode Num: 202 Episode T: 1000 Reward: 2473.362
Total T: 203000 Episode Num: 203 Episode T: 1000 Reward: 2483.587
Total T: 204000 Episode Num: 204 Episode T: 1000 Reward: 2409.041
Total T: 205000 Episode Num: 205 Episode T: 1000 Reward: 2273.883
---------------------------------------
Evaluation over 10 episodes: 2399.103
---------------------------------------
Total T: 206000 Episode Num: 206 Episode T: 1000 Reward: 2268.111
Total T: 207000 Episode Num: 207 Episode T: 1000 Reward: 2285.711
Total T: 208000 Episode Num: 208 Episode T: 1000 Reward: 2427.951
Total T: 209000 Episode Num: 209 Episode T: 1000 Reward: 2281.064
Total T: 210000 Episode Num: 210 Episode T: 1000 Reward: 2328.846
---------------------------------------
Evaluation over 10 episodes: 2217.727
---------------------------------------
Total T: 211000 Episode Num: 211 Episode T: 1000 Reward: 2372.344
Total T: 212000 Episode Num: 212 Episode T: 1000 Reward: 2375.221
Total T: 213000 Episode Num: 213 Episode T: 1000 Reward: 2383.797
Total T: 214000 Episode Num: 214 Episode T: 1000 Reward: 2311.483
Total T: 215000 Episode Num: 215 Episode T: 1000 Reward: 2277.842
---------------------------------------
Evaluation over 10 episodes: 2373.935
---------------------------------------
Total T: 216000 Episode Num: 216 Episode T: 1000 Reward: 2231.187
Total T: 217000 Episode Num: 217 Episode T: 1000 Reward: 2380.831
Total T: 218000 Episode Num: 218 Episode T: 1000 Reward: 2438.781
Total T: 219000 Episode Num: 219 Episode T: 1000 Reward: 2547.159
Total T: 220000 Episode Num: 220 Episode T: 1000 Reward: 2497.173
---------------------------------------
Evaluation over 10 episodes: 2435.188
---------------------------------------
Total T: 221000 Episode Num: 221 Episode T: 1000 Reward: 2500.862
Total T: 222000 Episode Num: 222 Episode T: 1000 Reward: 2731.363
Total T: 223000 Episode Num: 223 Episode T: 1000 Reward: 2480.001
Total T: 224000 Episode Num: 224 Episode T: 1000 Reward: 2392.147
Total T: 225000 Episode Num: 225 Episode T: 1000 Reward: 2539.184
---------------------------------------
Evaluation over 10 episodes: 2566.064
---------------------------------------
Total T: 226000 Episode Num: 226 Episode T: 1000 Reward: 2565.489
Total T: 227000 Episode Num: 227 Episode T: 1000 Reward: 2727.972
Total T: 228000 Episode Num: 228 Episode T: 1000 Reward: 2329.137
Total T: 229000 Episode Num: 229 Episode T: 1000 Reward: 2641.486
Total T: 230000 Episode Num: 230 Episode T: 1000 Reward: 2662.117
---------------------------------------
Evaluation over 10 episodes: 2722.796
---------------------------------------
Total T: 231000 Episode Num: 231 Episode T: 1000 Reward: 2459.620
Total T: 232000 Episode Num: 232 Episode T: 1000 Reward: 2775.672
Total T: 233000 Episode Num: 233 Episode T: 1000 Reward: 2788.656
Total T: 234000 Episode Num: 234 Episode T: 1000 Reward: 2838.314
Total T: 235000 Episode Num: 235 Episode T: 1000 Reward: 2458.640
---------------------------------------
Evaluation over 10 episodes: 2858.948
---------------------------------------
Total T: 236000 Episode Num: 236 Episode T: 1000 Reward: 2267.962
Total T: 237000 Episode Num: 237 Episode T: 1000 Reward: 2933.129
Total T: 238000 Episode Num: 238 Episode T: 1000 Reward: 2883.738
Total T: 239000 Episode Num: 239 Episode T: 1000 Reward: 2800.836
Total T: 240000 Episode Num: 240 Episode T: 1000 Reward: 2841.648
---------------------------------------
Evaluation over 10 episodes: 2828.706
---------------------------------------
Total T: 241000 Episode Num: 241 Episode T: 1000 Reward: 2774.862
Total T: 242000 Episode Num: 242 Episode T: 1000 Reward: 2972.322
Total T: 243000 Episode Num: 243 Episode T: 1000 Reward: 2966.129
Total T: 244000 Episode Num: 244 Episode T: 1000 Reward: 2968.857
Total T: 245000 Episode Num: 245 Episode T: 1000 Reward: 2920.300
---------------------------------------
Evaluation over 10 episodes: 2892.446
---------------------------------------
Total T: 246000 Episode Num: 246 Episode T: 1000 Reward: 2659.227
Total T: 247000 Episode Num: 247 Episode T: 1000 Reward: 2645.446
Total T: 248000 Episode Num: 248 Episode T: 1000 Reward: 2808.448
Total T: 249000 Episode Num: 249 Episode T: 1000 Reward: 2696.512
Total T: 250000 Episode Num: 250 Episode T: 1000 Reward: 2841.830
---------------------------------------
Evaluation over 10 episodes: 2828.033
---------------------------------------
Total T: 251000 Episode Num: 251 Episode T: 1000 Reward: 2669.162
Total T: 252000 Episode Num: 252 Episode T: 1000 Reward: 2948.508
Total T: 253000 Episode Num: 253 Episode T: 1000 Reward: 2978.663
Total T: 254000 Episode Num: 254 Episode T: 1000 Reward: 2839.005
Total T: 255000 Episode Num: 255 Episode T: 1000 Reward: 2937.500
---------------------------------------
Evaluation over 10 episodes: 2698.635
---------------------------------------
Total T: 256000 Episode Num: 256 Episode T: 1000 Reward: 2816.534
Total T: 257000 Episode Num: 257 Episode T: 1000 Reward: 2791.781
Total T: 258000 Episode Num: 258 Episode T: 1000 Reward: 2884.753
Total T: 259000 Episode Num: 259 Episode T: 1000 Reward: 2645.491
Total T: 260000 Episode Num: 260 Episode T: 1000 Reward: 2690.097
---------------------------------------
Evaluation over 10 episodes: 2917.449
---------------------------------------
Total T: 261000 Episode Num: 261 Episode T: 1000 Reward: 2957.910
Total T: 262000 Episode Num: 262 Episode T: 1000 Reward: 2923.320
Total T: 263000 Episode Num: 263 Episode T: 1000 Reward: 2990.948
Total T: 264000 Episode Num: 264 Episode T: 1000 Reward: 2739.546
Total T: 265000 Episode Num: 265 Episode T: 1000 Reward: 2791.885
---------------------------------------
Evaluation over 10 episodes: 2942.005
---------------------------------------
Total T: 266000 Episode Num: 266 Episode T: 1000 Reward: 2881.043
Total T: 267000 Episode Num: 267 Episode T: 1000 Reward: 2724.060
Total T: 268000 Episode Num: 268 Episode T: 1000 Reward: 2965.993
Total T: 269000 Episode Num: 269 Episode T: 1000 Reward: 2794.069
Total T: 270000 Episode Num: 270 Episode T: 1000 Reward: 2878.428
---------------------------------------
Evaluation over 10 episodes: 2767.820
---------------------------------------
Total T: 271000 Episode Num: 271 Episode T: 1000 Reward: 2779.531
Total T: 272000 Episode Num: 272 Episode T: 1000 Reward: 2657.454
Total T: 273000 Episode Num: 273 Episode T: 1000 Reward: 3143.657
Total T: 274000 Episode Num: 274 Episode T: 1000 Reward: 3022.103
Total T: 275000 Episode Num: 275 Episode T: 1000 Reward: 2986.023
---------------------------------------
Evaluation over 10 episodes: 3011.669
---------------------------------------
Total T: 276000 Episode Num: 276 Episode T: 1000 Reward: 2981.863