---------------------------------------
Policy: TD3, Env: HalfCheetah-v2, Seed: 0
---------------------------------------
---------------------------------------
Evaluation over 10 episodes: -1.101
---------------------------------------
Total T: 1000 Episode Num: 1 Episode T: 1000 Reward: -270.339
Total T: 2000 Episode Num: 2 Episode T: 1000 Reward: -151.158
Total T: 3000 Episode Num: 3 Episode T: 1000 Reward: -304.880
Total T: 4000 Episode Num: 4 Episode T: 1000 Reward: -230.579
Total T: 5000 Episode Num: 5 Episode T: 1000 Reward: -377.136
---------------------------------------
Evaluation over 10 episodes: -1.092
---------------------------------------
Total T: 6000 Episode Num: 6 Episode T: 1000 Reward: -226.718
Total T: 7000 Episode Num: 7 Episode T: 1000 Reward: -481.388
Total T: 8000 Episode Num: 8 Episode T: 1000 Reward: -229.177
Total T: 9000 Episode Num: 9 Episode T: 1000 Reward: -269.440
Total T: 10000 Episode Num: 10 Episode T: 1000 Reward: -208.061
---------------------------------------
Evaluation over 10 episodes: -1.070
---------------------------------------
Total T: 11000 Episode Num: 11 Episode T: 1000 Reward: -348.952
Total T: 12000 Episode Num: 12 Episode T: 1000 Reward: -253.354
Total T: 13000 Episode Num: 13 Episode T: 1000 Reward: -143.909
Total T: 14000 Episode Num: 14 Episode T: 1000 Reward: -224.673
Total T: 15000 Episode Num: 15 Episode T: 1000 Reward: -339.080
---------------------------------------
Evaluation over 10 episodes: -1.087
---------------------------------------
Total T: 16000 Episode Num: 16 Episode T: 1000 Reward: -232.146
Total T: 17000 Episode Num: 17 Episode T: 1000 Reward: -225.657
Total T: 18000 Episode Num: 18 Episode T: 1000 Reward: -257.439
Total T: 19000 Episode Num: 19 Episode T: 1000 Reward: -305.144
Total T: 20000 Episode Num: 20 Episode T: 1000 Reward: -221.473
---------------------------------------
Evaluation over 10 episodes: -1.073
---------------------------------------
Total T: 21000 Episode Num: 21 Episode T: 1000 Reward: -307.480
Total T: 22000 Episode Num: 22 Episode T: 1000 Reward: -424.998
Total T: 23000 Episode Num: 23 Episode T: 1000 Reward: -287.229
Total T: 24000 Episode Num: 24 Episode T: 1000 Reward: -217.092
Total T: 25000 Episode Num: 25 Episode T: 1000 Reward: -294.104
---------------------------------------
Evaluation over 10 episodes: -1.091
---------------------------------------
Total T: 26000 Episode Num: 26 Episode T: 1000 Reward: -497.116
Total T: 27000 Episode Num: 27 Episode T: 1000 Reward: -500.728
Total T: 28000 Episode Num: 28 Episode T: 1000 Reward: -477.118
Total T: 29000 Episode Num: 29 Episode T: 1000 Reward: -383.299
Total T: 30000 Episode Num: 30 Episode T: 1000 Reward: -21.690
---------------------------------------
Evaluation over 10 episodes: -55.932
---------------------------------------
Total T: 31000 Episode Num: 31 Episode T: 1000 Reward: -226.944
Total T: 32000 Episode Num: 32 Episode T: 1000 Reward: -384.005
Total T: 33000 Episode Num: 33 Episode T: 1000 Reward: -523.967
Total T: 34000 Episode Num: 34 Episode T: 1000 Reward: -237.797
Total T: 35000 Episode Num: 35 Episode T: 1000 Reward: -553.903
---------------------------------------
Evaluation over 10 episodes: -536.297
---------------------------------------
Total T: 36000 Episode Num: 36 Episode T: 1000 Reward: -533.154
Total T: 37000 Episode Num: 37 Episode T: 1000 Reward: -110.145
Total T: 38000 Episode Num: 38 Episode T: 1000 Reward: -227.381
Total T: 39000 Episode Num: 39 Episode T: 1000 Reward: -24.193
Total T: 40000 Episode Num: 40 Episode T: 1000 Reward: 126.572
---------------------------------------
Evaluation over 10 episodes: 151.604
---------------------------------------
Total T: 41000 Episode Num: 41 Episode T: 1000 Reward: 330.455
Total T: 42000 Episode Num: 42 Episode T: 1000 Reward: 153.087
Total T: 43000 Episode Num: 43 Episode T: 1000 Reward: 376.828
Total T: 44000 Episode Num: 44 Episode T: 1000 Reward: 328.656
Total T: 45000 Episode Num: 45 Episode T: 1000 Reward: 1060.404
---------------------------------------
Evaluation over 10 episodes: 1039.817
---------------------------------------
Total T: 46000 Episode Num: 46 Episode T: 1000 Reward: 1056.186
Total T: 47000 Episode Num: 47 Episode T: 1000 Reward: 1249.129
Total T: 48000 Episode Num: 48 Episode T: 1000 Reward: 1654.540
Total T: 49000 Episode Num: 49 Episode T: 1000 Reward: 1875.924
Total T: 50000 Episode Num: 50 Episode T: 1000 Reward: 2287.121
---------------------------------------
Evaluation over 10 episodes: 2120.971
---------------------------------------
Total T: 51000 Episode Num: 51 Episode T: 1000 Reward: 2257.545
Total T: 52000 Episode Num: 52 Episode T: 1000 Reward: 2239.963
Total T: 53000 Episode Num: 53 Episode T: 1000 Reward: 2235.477
Total T: 54000 Episode Num: 54 Episode T: 1000 Reward: 2696.349
Total T: 55000 Episode Num: 55 Episode T: 1000 Reward: 2385.513
---------------------------------------
Evaluation over 10 episodes: 2640.097
---------------------------------------
Total T: 56000 Episode Num: 56 Episode T: 1000 Reward: 2583.511
Total T: 57000 Episode Num: 57 Episode T: 1000 Reward: 2602.991
Total T: 58000 Episode Num: 58 Episode T: 1000 Reward: 2672.056
Total T: 59000 Episode Num: 59 Episode T: 1000 Reward: 2695.743
Total T: 60000 Episode Num: 60 Episode T: 1000 Reward: 2605.344
---------------------------------------
Evaluation over 10 episodes: 2736.520
---------------------------------------
Total T: 61000 Episode Num: 61 Episode T: 1000 Reward: 2745.737
Total T: 62000 Episode Num: 62 Episode T: 1000 Reward: 2778.660
Total T: 63000 Episode Num: 63 Episode T: 1000 Reward: 2883.814
Total T: 64000 Episode Num: 64 Episode T: 1000 Reward: 2573.008
Total T: 65000 Episode Num: 65 Episode T: 1000 Reward: 1107.781
---------------------------------------
Evaluation over 10 episodes: 2619.778
---------------------------------------
Total T: 66000 Episode Num: 66 Episode T: 1000 Reward: 2816.403
Total T: 67000 Episode Num: 67 Episode T: 1000 Reward: 599.002
Total T: 68000 Episode Num: 68 Episode T: 1000 Reward: 2545.327
Total T: 69000 Episode Num: 69 Episode T: 1000 Reward: 3149.381
Total T: 70000 Episode Num: 70 Episode T: 1000 Reward: 1563.962
---------------------------------------
Evaluation over 10 episodes: 2371.315
---------------------------------------
Total T: 71000 Episode Num: 71 Episode T: 1000 Reward: 1174.104
Total T: 72000 Episode Num: 72 Episode T: 1000 Reward: 939.846
Total T: 73000 Episode Num: 73 Episode T: 1000 Reward: 3299.361
Total T: 74000 Episode Num: 74 Episode T: 1000 Reward: 3261.401
Total T: 75000 Episode Num: 75 Episode T: 1000 Reward: 2002.409
---------------------------------------
Evaluation over 10 episodes: 2566.020
---------------------------------------
Total T: 76000 Episode Num: 76 Episode T: 1000 Reward: 446.983
Total T: 77000 Episode Num: 77 Episode T: 1000 Reward: 982.110
Total T: 78000 Episode Num: 78 Episode T: 1000 Reward: 3208.247
Total T: 79000 Episode Num: 79 Episode T: 1000 Reward: 623.081
Total T: 80000 Episode Num: 80 Episode T: 1000 Reward: 3238.404
---------------------------------------
Evaluation over 10 episodes: 3453.421
---------------------------------------
Total T: 81000 Episode Num: 81 Episode T: 1000 Reward: 436.956
Total T: 82000 Episode Num: 82 Episode T: 1000 Reward: 3119.979
Total T: 83000 Episode Num: 83 Episode T: 1000 Reward: 3475.329
Total T: 84000 Episode Num: 84 Episode T: 1000 Reward: 3645.732
Total T: 85000 Episode Num: 85 Episode T: 1000 Reward: 3445.770
---------------------------------------
Evaluation over 10 episodes: 3678.106
---------------------------------------
Total T: 86000 Episode Num: 86 Episode T: 1000 Reward: 3576.374
Total T: 87000 Episode Num: 87 Episode T: 1000 Reward: 3794.898
Total T: 88000 Episode Num: 88 Episode T: 1000 Reward: 3658.163
Total T: 89000 Episode Num: 89 Episode T: 1000 Reward: 621.874
Total T: 90000 Episode Num: 90 Episode T: 1000 Reward: 3831.258
---------------------------------------
Evaluation over 10 episodes: 3705.732
---------------------------------------
Total T: 91000 Episode Num: 91 Episode T: 1000 Reward: 3464.138
Total T: 92000 Episode Num: 92 Episode T: 1000 Reward: 3640.482
Total T: 93000 Episode Num: 93 Episode T: 1000 Reward: 3659.040
Total T: 94000 Episode Num: 94 Episode T: 1000 Reward: 3812.757
Total T: 95000 Episode Num: 95 Episode T: 1000 Reward: 3984.837
---------------------------------------
Evaluation over 10 episodes: 3698.221
---------------------------------------
Total T: 96000 Episode Num: 96 Episode T: 1000 Reward: 3804.132
Total T: 97000 Episode Num: 97 Episode T: 1000 Reward: 4008.901
Total T: 98000 Episode Num: 98 Episode T: 1000 Reward: 3936.220
Total T: 99000 Episode Num: 99 Episode T: 1000 Reward: 3689.697
Total T: 100000 Episode Num: 100 Episode T: 1000 Reward: 4128.711
---------------------------------------
Evaluation over 10 episodes: 3767.507
---------------------------------------
Total T: 101000 Episode Num: 101 Episode T: 1000 Reward: 3925.088
Total T: 102000 Episode Num: 102 Episode T: 1000 Reward: 4086.880
Total T: 103000 Episode Num: 103 Episode T: 1000 Reward: 3927.079
Total T: 104000 Episode Num: 104 Episode T: 1000 Reward: 3924.959
Total T: 105000 Episode Num: 105 Episode T: 1000 Reward: 4008.571
---------------------------------------
Evaluation over 10 episodes: 3943.440
---------------------------------------
Total T: 106000 Episode Num: 106 Episode T: 1000 Reward: 4044.079
Total T: 107000 Episode Num: 107 Episode T: 1000 Reward: 4266.032
Total T: 108000 Episode Num: 108 Episode T: 1000 Reward: 3936.308
Total T: 109000 Episode Num: 109 Episode T: 1000 Reward: 4123.715
Total T: 110000 Episode Num: 110 Episode T: 1000 Reward: 4188.877
---------------------------------------
Evaluation over 10 episodes: 3813.402
---------------------------------------
Total T: 111000 Episode Num: 111 Episode T: 1000 Reward: 4059.443
Total T: 112000 Episode Num: 112 Episode T: 1000 Reward: 4062.973
Total T: 113000 Episode Num: 113 Episode T: 1000 Reward: 4159.972
Total T: 114000 Episode Num: 114 Episode T: 1000 Reward: 4172.625
Total T: 115000 Episode Num: 115 Episode T: 1000 Reward: 3967.016
---------------------------------------
Evaluation over 10 episodes: 4174.669
---------------------------------------
Total T: 116000 Episode Num: 116 Episode T: 1000 Reward: 3979.532
Total T: 117000 Episode Num: 117 Episode T: 1000 Reward: 4124.935
Total T: 118000 Episode Num: 118 Episode T: 1000 Reward: 4182.651
Total T: 119000 Episode Num: 119 Episode T: 1000 Reward: 4206.792
Total T: 120000 Episode Num: 120 Episode T: 1000 Reward: 4132.632
---------------------------------------
Evaluation over 10 episodes: 4226.943
---------------------------------------
Total T: 121000 Episode Num: 121 Episode T: 1000 Reward: 4255.317
Total T: 122000 Episode Num: 122 Episode T: 1000 Reward: 4337.984
Total T: 123000 Episode Num: 123 Episode T: 1000 Reward: 4258.900
Total T: 124000 Episode Num: 124 Episode T: 1000 Reward: 4100.025
Total T: 125000 Episode Num: 125 Episode T: 1000 Reward: 4380.630
---------------------------------------
Evaluation over 10 episodes: 4139.118
---------------------------------------
Total T: 126000 Episode Num: 126 Episode T: 1000 Reward: 4097.375
Total T: 127000 Episode Num: 127 Episode T: 1000 Reward: 4237.175
Total T: 128000 Episode Num: 128 Episode T: 1000 Reward: 4347.279
Total T: 129000 Episode Num: 129 Episode T: 1000 Reward: 4039.310
Total T: 130000 Episode Num: 130 Episode T: 1000 Reward: 4197.304
---------------------------------------
Evaluation over 10 episodes: 4197.659
---------------------------------------
Total T: 131000 Episode Num: 131 Episode T: 1000 Reward: 4273.310
Total T: 132000 Episode Num: 132 Episode T: 1000 Reward: 4120.556
Total T: 133000 Episode Num: 133 Episode T: 1000 Reward: 4221.397
Total T: 134000 Episode Num: 134 Episode T: 1000 Reward: 4296.210
Total T: 135000 Episode Num: 135 Episode T: 1000 Reward: 4401.440
---------------------------------------
Evaluation over 10 episodes: 4409.041
---------------------------------------
Total T: 136000 Episode Num: 136 Episode T: 1000 Reward: 4341.293
Total T: 137000 Episode Num: 137 Episode T: 1000 Reward: 4550.908
Total T: 138000 Episode Num: 138 Episode T: 1000 Reward: 4523.058
Total T: 139000 Episode Num: 139 Episode T: 1000 Reward: 4557.175
Total T: 140000 Episode Num: 140 Episode T: 1000 Reward: 4333.678
---------------------------------------
Evaluation over 10 episodes: 4373.825
---------------------------------------
Total T: 141000 Episode Num: 141 Episode T: 1000 Reward: 4577.872
Total T: 142000 Episode Num: 142 Episode T: 1000 Reward: 4315.986
Total T: 143000 Episode Num: 143 Episode T: 1000 Reward: 4542.084
Total T: 144000 Episode Num: 144 Episode T: 1000 Reward: 4538.160
Total T: 145000 Episode Num: 145 Episode T: 1000 Reward: 1241.046
---------------------------------------
Evaluation over 10 episodes: 4578.423
---------------------------------------
Total T: 146000 Episode Num: 146 Episode T: 1000 Reward: 4623.462
Total T: 147000 Episode Num: 147 Episode T: 1000 Reward: 3056.824
Total T: 148000 Episode Num: 148 Episode T: 1000 Reward: 4261.260
Total T: 149000 Episode Num: 149 Episode T: 1000 Reward: 4633.896
Total T: 150000 Episode Num: 150 Episode T: 1000 Reward: 4450.833
---------------------------------------
Evaluation over 10 episodes: 4662.621
---------------------------------------
Total T: 151000 Episode Num: 151 Episode T: 1000 Reward: 4475.171
Total T: 152000 Episode Num: 152 Episode T: 1000 Reward: 4722.590
Total T: 153000 Episode Num: 153 Episode T: 1000 Reward: 4677.689
Total T: 154000 Episode Num: 154 Episode T: 1000 Reward: 4762.800
Total T: 155000 Episode Num: 155 Episode T: 1000 Reward: 4766.554
---------------------------------------
Evaluation over 10 episodes: 4729.699
---------------------------------------
Total T: 156000 Episode Num: 156 Episode T: 1000 Reward: 4901.075
Total T: 157000 Episode Num: 157 Episode T: 1000 Reward: 4661.332
Total T: 158000 Episode Num: 158 Episode T: 1000 Reward: 4775.545
Total T: 159000 Episode Num: 159 Episode T: 1000 Reward: 4456.041
Total T: 160000 Episode Num: 160 Episode T: 1000 Reward: 4735.021
---------------------------------------
Evaluation over 10 episodes: 4733.565
---------------------------------------
Total T: 161000 Episode Num: 161 Episode T: 1000 Reward: 4733.773
Total T: 162000 Episode Num: 162 Episode T: 1000 Reward: 4840.411
Total T: 163000 Episode Num: 163 Episode T: 1000 Reward: 4703.085
Total T: 164000 Episode Num: 164 Episode T: 1000 Reward: 4688.133
Total T: 165000 Episode Num: 165 Episode T: 1000 Reward: 4601.392
---------------------------------------
Evaluation over 10 episodes: 4674.420
---------------------------------------
Total T: 166000 Episode Num: 166 Episode T: 1000 Reward: 4910.603
Total T: 167000 Episode Num: 167 Episode T: 1000 Reward: 4598.465
Total T: 168000 Episode Num: 168 Episode T: 1000 Reward: 4806.631
Total T: 169000 Episode Num: 169 Episode T: 1000 Reward: 4769.238
Total T: 170000 Episode Num: 170 Episode T: 1000 Reward: 4852.281
---------------------------------------
Evaluation over 10 episodes: 4466.994
---------------------------------------
Total T: 171000 Episode Num: 171 Episode T: 1000 Reward: 4651.099
Total T: 172000 Episode Num: 172 Episode T: 1000 Reward: 4789.901
Total T: 173000 Episode Num: 173 Episode T: 1000 Reward: 4624.201
Total T: 174000 Episode Num: 174 Episode T: 1000 Reward: 4688.134
Total T: 175000 Episode Num: 175 Episode T: 1000 Reward: 4664.391
---------------------------------------
Evaluation over 10 episodes: 4787.136
---------------------------------------
Total T: 176000 Episode Num: 176 Episode T: 1000 Reward: 3873.763
Total T: 177000 Episode Num: 177 Episode T: 1000 Reward: 4780.592
Total T: 178000 Episode Num: 178 Episode T: 1000 Reward: 4930.137
Total T: 179000 Episode Num: 179 Episode T: 1000 Reward: 3267.034
Total T: 180000 Episode Num: 180 Episode T: 1000 Reward: 4707.276
---------------------------------------
Evaluation over 10 episodes: 4812.811
---------------------------------------
Total T: 181000 Episode Num: 181 Episode T: 1000 Reward: 4845.127
Total T: 182000 Episode Num: 182 Episode T: 1000 Reward: 4491.412
Total T: 183000 Episode Num: 183 Episode T: 1000 Reward: 4789.281
Total T: 184000 Episode Num: 184 Episode T: 1000 Reward: 4863.942
Total T: 185000 Episode Num: 185 Episode T: 1000 Reward: 4792.921
---------------------------------------
Evaluation over 10 episodes: 4814.633
---------------------------------------
Total T: 186000 Episode Num: 186 Episode T: 1000 Reward: 4794.865
Total T: 187000 Episode Num: 187 Episode T: 1000 Reward: 1160.030
Total T: 188000 Episode Num: 188 Episode T: 1000 Reward: 4820.396
Total T: 189000 Episode Num: 189 Episode T: 1000 Reward: 4921.180
Total T: 190000 Episode Num: 190 Episode T: 1000 Reward: 5117.819
---------------------------------------
Evaluation over 10 episodes: 4880.976
---------------------------------------
Total T: 191000 Episode Num: 191 Episode T: 1000 Reward: 4731.624
Total T: 192000 Episode Num: 192 Episode T: 1000 Reward: 4952.200
Total T: 193000 Episode Num: 193 Episode T: 1000 Reward: 4959.017
Total T: 194000 Episode Num: 194 Episode T: 1000 Reward: 5151.931
Total T: 195000 Episode Num: 195 Episode T: 1000 Reward: 5013.983
---------------------------------------
Evaluation over 10 episodes: 4830.396
---------------------------------------
Total T: 196000 Episode Num: 196 Episode T: 1000 Reward: 4860.895
Total T: 197000 Episode Num: 197 Episode T: 1000 Reward: 4885.825
Total T: 198000 Episode Num: 198 Episode T: 1000 Reward: 4914.301
Total T: 199000 Episode Num: 199 Episode T: 1000 Reward: 4849.400
Total T: 200000 Episode Num: 200 Episode T: 1000 Reward: 4658.017
---------------------------------------
Evaluation over 10 episodes: 4979.120
---------------------------------------
Total T: 201000 Episode Num: 201 Episode T: 1000 Reward: 4792.567
Total T: 202000 Episode Num: 202 Episode T: 1000 Reward: 4988.836
Total T: 203000 Episode Num: 203 Episode T: 1000 Reward: 5055.918
Total T: 204000 Episode Num: 204 Episode T: 1000 Reward: 4723.543
Total T: 205000 Episode Num: 205 Episode T: 1000 Reward: 4740.630
---------------------------------------
Evaluation over 10 episodes: 5053.565
---------------------------------------
Total T: 206000 Episode Num: 206 Episode T: 1000 Reward: 5004.720
Total T: 207000 Episode Num: 207 Episode T: 1000 Reward: 5255.041
Total T: 208000 Episode Num: 208 Episode T: 1000 Reward: 5016.812
Total T: 209000 Episode Num: 209 Episode T: 1000 Reward: 5013.439
Total T: 210000 Episode Num: 210 Episode T: 1000 Reward: 5113.962
---------------------------------------
Evaluation over 10 episodes: 5108.545
---------------------------------------
Total T: 211000 Episode Num: 211 Episode T: 1000 Reward: 4961.635
Total T: 212000 Episode Num: 212 Episode T: 1000 Reward: 4930.434
Total T: 213000 Episode Num: 213 Episode T: 1000 Reward: 4994.507
Total T: 214000 Episode Num: 214 Episode T: 1000 Reward: 5062.173
Total T: 215000 Episode Num: 215 Episode T: 1000 Reward: 5107.343
---------------------------------------
Evaluation over 10 episodes: 4747.327
---------------------------------------
Total T: 216000 Episode Num: 216 Episode T: 1000 Reward: 5110.978
Total T: 217000 Episode Num: 217 Episode T: 1000 Reward: 5136.738
Total T: 218000 Episode Num: 218 Episode T: 1000 Reward: 1594.162
Total T: 219000 Episode Num: 219 Episode T: 1000 Reward: 5128.221
Total T: 220000 Episode Num: 220 Episode T: 1000 Reward: 5022.846
---------------------------------------
Evaluation over 10 episodes: 5061.319
---------------------------------------
Total T: 221000 Episode Num: 221 Episode T: 1000 Reward: 5002.834
Total T: 222000 Episode Num: 222 Episode T: 1000 Reward: 5083.543
Total T: 223000 Episode Num: 223 Episode T: 1000 Reward: 4997.372
Total T: 224000 Episode Num: 224 Episode T: 1000 Reward: 4890.987
Total T: 225000 Episode Num: 225 Episode T: 1000 Reward: 5174.527
---------------------------------------
Evaluation over 10 episodes: 5085.166
---------------------------------------
Total T: 226000 Episode Num: 226 Episode T: 1000 Reward: 5158.680
Total T: 227000 Episode Num: 227 Episode T: 1000 Reward: 5188.681
Total T: 228000 Episode Num: 228 Episode T: 1000 Reward: 4905.704
Total T: 229000 Episode Num: 229 Episode T: 1000 Reward: 5023.113
Total T: 230000 Episode Num: 230 Episode T: 1000 Reward: 5008.396
---------------------------------------
Evaluation over 10 episodes: 5207.936
---------------------------------------
Total T: 231000 Episode Num: 231 Episode T: 1000 Reward: 5222.017
Total T: 232000 Episode Num: 232 Episode T: 1000 Reward: 5036.457
Total T: 233000 Episode Num: 233 Episode T: 1000 Reward: 5463.482
Total T: 234000 Episode Num: 234 Episode T: 1000 Reward: 5225.246
Total T: 235000 Episode Num: 235 Episode T: 1000 Reward: 5188.745
---------------------------------------
Evaluation over 10 episodes: 5106.912
---------------------------------------
Total T: 236000 Episode Num: 236 Episode T: 1000 Reward: 5233.213
Total T: 237000 Episode Num: 237 Episode T: 1000 Reward: 5172.859
Total T: 238000 Episode Num: 238 Episode T: 1000 Reward: 5106.416
Total T: 239000 Episode Num: 239 Episode T: 1000 Reward: 5236.610
Total T: 240000 Episode Num: 240 Episode T: 1000 Reward: 5267.233
---------------------------------------
Evaluation over 10 episodes: 5147.558
---------------------------------------
Total T: 241000 Episode Num: 241 Episode T: 1000 Reward: 5112.214
Total T: 242000 Episode Num: 242 Episode T: 1000 Reward: 5258.145
Total T: 243000 Episode Num: 243 Episode T: 1000 Reward: 5223.272
Total T: 244000 Episode Num: 244 Episode T: 1000 Reward: 5120.644
Total T: 245000 Episode Num: 245 Episode T: 1000 Reward: 5256.038
---------------------------------------
Evaluation over 10 episodes: 5353.425
---------------------------------------
Total T: 246000 Episode Num: 246 Episode T: 1000 Reward: 5128.626
Total T: 247000 Episode Num: 247 Episode T: 1000 Reward: 5155.902
Total T: 248000 Episode Num: 248 Episode T: 1000 Reward: 5179.406
Total T: 249000 Episode Num: 249 Episode T: 1000 Reward: 5376.600
Total T: 250000 Episode Num: 250 Episode T: 1000 Reward: 5094.559
---------------------------------------
Evaluation over 10 episodes: 5159.294
---------------------------------------
Total T: 251000 Episode Num: 251 Episode T: 1000 Reward: 5057.866
Total T: 252000 Episode Num: 252 Episode T: 1000 Reward: 5163.804
Total T: 253000 Episode Num: 253 Episode T: 1000 Reward: 5197.219
Total T: 254000 Episode Num: 254 Episode T: 1000 Reward: 5181.323
Total T: 255000 Episode Num: 255 Episode T: 1000 Reward: 5171.478
---------------------------------------
Evaluation over 10 episodes: 5250.471
---------------------------------------
Total T: 256000 Episode Num: 256 Episode T: 1000 Reward: 5197.439
Total T: 257000 Episode Num: 257 Episode T: 1000 Reward: 5461.455
Total T: 258000 Episode Num: 258 Episode T: 1000 Reward: 5505.132
Total T: 259000 Episode Num: 259 Episode T: 1000 Reward: 5269.198
Total T: 260000 Episode Num: 260 Episode T: 1000 Reward: 5300.882
---------------------------------------
Evaluation over 10 episodes: 5273.511
---------------------------------------
Total T: 261000 Episode Num: 261 Episode T: 1000 Reward: 5251.230
Total T: 262000 Episode Num: 262 Episode T: 1000 Reward: 5248.908
Total T: 263000 Episode Num: 263 Episode T: 1000 Reward: 5373.751
Total T: 264000 Episode Num: 264 Episode T: 1000 Reward: 5230.174
Total T: 265000 Episode Num: 265 Episode T: 1000 Reward: 5395.509
---------------------------------------
Evaluation over 10 episodes: 5417.171
---------------------------------------
Total T: 266000 Episode Num: 266 Episode T: 1000 Reward: 5460.588
Total T: 267000 Episode Num: 267 Episode T: 1000 Reward: 5351.655
Total T: 268000 Episode Num: 268 Episode T: 1000 Reward: 5414.351
Total T: 269000 Episode Num: 269 Episode T: 1000 Reward: 5500.391
Total T: 270000 Episode Num: 270 Episode T: 1000 Reward: 5297.500
---------------------------------------
Evaluation over 10 episodes: 5422.597
---------------------------------------
Total T: 271000 Episode Num: 271 Episode T: 1000 Reward: 5347.277
Total T: 272000 Episode Num: 272 Episode T: 1000 Reward: 5394.915
Total T: 273000 Episode Num: 273 Episode T: 1000 Reward: 5294.413
Total T: 274000 Episode Num: 274 Episode T: 1000 Reward: 5404.627
Total T: 275000 Episode Num: 275 Episode T: 1000 Reward: 5338.468
---------------------------------------
Evaluation over 10 episodes: 5422.587
---------------------------------------
Total T: 276000 Episode Num: 276 Episode T: 1000 Reward: 5371.312
Total T: 277000 Episode Num: 277 Episode T: 1000 Reward: 5276.083
Total T: 278000 Episode Num: 278 Episode T: 1000 Reward: 5639.897
Total T: 279000 Episode Num: 279 Episode T: 1000 Reward: 5356.754
Total T: 280000 Episode Num: 280 Episode T: 1000 Reward: 5223.113
---------------------------------------
Evaluation over 10 episodes: 5531.593
---------------------------------------
Total T: 281000 Episode Num: 281 Episode T: 1000 Reward: 5355.466
Total T: 282000 Episode Num: 282 Episode T: 1000 Reward: 5419.331
Total T: 283000 Episode Num: 283 Episode T: 1000 Reward: 5481.163
Total T: 284000 Episode Num: 284 Episode T: 1000 Reward: 5678.527
Total T: 285000 Episode Num: 285 Episode T: 1000 Reward: 5487.048
---------------------------------------
Evaluation over 10 episodes: 5450.762
---------------------------------------
Total T: 286000 Episode Num: 286 Episode T: 1000 Reward: 5404.392
Total T: 287000 Episode Num: 287 Episode T: 1000 Reward: 5557.063
Total T: 288000 Episode Num: 288 Episode T: 1000 Reward: 5395.057
Total T: 289000 Episode Num: 289 Episode T: 1000 Reward: 5647.562
Total T: 290000 Episode Num: 290 Episode T: 1000 Reward: 5601.634
---------------------------------------
Evaluation over 10 episodes: 5530.480
---------------------------------------
Total T: 291000 Episode Num: 291 Episode T: 1000 Reward: 5416.576
Total T: 292000 Episode Num: 292 Episode T: 1000 Reward: 5424.149
Total T: 293000 Episode Num: 293 Episode T: 1000 Reward: 5479.381
Total T: 294000 Episode Num: 294 Episode T: 1000 Reward: 5466.569
Total T: 295000 Episode Num: 295 Episode T: 1000 Reward: 5442.594
---------------------------------------
Evaluation over 10 episodes: 5355.828
---------------------------------------
Total T: 296000 Episode Num: 296 Episode T: 1000 Reward: 5665.088
Total T: 297000 Episode Num: 297 Episode T: 1000 Reward: 5475.160
Total T: 298000 Episode Num: 298 Episode T: 1000 Reward: 5538.986
Total T: 299000 Episode Num: 299 Episode T: 1000 Reward: 5516.112
Total T: 300000 Episode Num: 300 Episode T: 1000 Reward: 5517.771
---------------------------------------
Evaluation over 10 episodes: 5587.007
---------------------------------------
Total T: 301000 Episode Num: 301 Episode T: 1000 Reward: 5505.785
Total T: 302000 Episode Num: 302 Episode T: 1000 Reward: 5563.729
Total T: 303000 Episode Num: 303 Episode T: 1000 Reward: 5441.888
Total T: 304000 Episode Num: 304 Episode T: 1000 Reward: 5505.959
Total T: 305000 Episode Num: 305 Episode T: 1000 Reward: 5600.735
---------------------------------------
Evaluation over 10 episodes: 5658.376
---------------------------------------
Total T: 306000 Episode Num: 306 Episode T: 1000 Reward: 5490.083
Total T: 307000 Episode Num: 307 Episode T: 1000 Reward: 5558.138
Total T: 308000 Episode Num: 308 Episode T: 1000 Reward: 5615.193
Total T: 309000 Episode Num: 309 Episode T: 1000 Reward: 5678.374
Total T: 310000 Episode Num: 310 Episode T: 1000 Reward: 5770.482
---------------------------------------
Evaluation over 10 episodes: 5477.708
---------------------------------------
Total T: 311000 Episode Num: 311 Episode T: 1000 Reward: 5515.318
Total T: 312000 Episode Num: 312 Episode T: 1000 Reward: 5444.887
Total T: 313000 Episode Num: 313 Episode T: 1000 Reward: 5708.748
Total T: 314000 Episode Num: 314 Episode T: 1000 Reward: 5625.764
Total T: 315000 Episode Num: 315 Episode T: 1000 Reward: 5712.354
---------------------------------------
Evaluation over 10 episodes: 5690.600
---------------------------------------
Total T: 316000 Episode Num: 316 Episode T: 1000 Reward: 5725.595
Total T: 317000 Episode Num: 317 Episode T: 1000 Reward: 5555.912
Total T: 318000 Episode Num: 318 Episode T: 1000 Reward: 5864.451
Total T: 319000 Episode Num: 319 Episode T: 1000 Reward: 5609.633
Total T: 320000 Episode Num: 320 Episode T: 1000 Reward: 5679.347
---------------------------------------
Evaluation over 10 episodes: 5684.160
---------------------------------------
Total T: 321000 Episode Num: 321 Episode T: 1000 Reward: 5613.953
Total T: 322000 Episode Num: 322 Episode T: 1000 Reward: 5648.441
Total T: 323000 Episode Num: 323 Episode T: 1000 Reward: 5651.196
Total T: 324000 Episode Num: 324 Episode T: 1000 Reward: 5618.089
Total T: 325000 Episode Num: 325 Episode T: 1000 Reward: 5761.621
---------------------------------------
Evaluation over 10 episodes: 5683.930
---------------------------------------
Total T: 326000 Episode Num: 326 Episode T: 1000 Reward: 5591.607
Total T: 327000 Episode Num: 327 Episode T: 1000 Reward: 5661.791
Total T: 328000 Episode Num: 328 Episode T: 1000 Reward: 5766.308
Total T: 329000 Episode Num: 329 Episode T: 1000 Reward: 5711.292
Total T: 330000 Episode Num: 330 Episode T: 1000 Reward: 5725.413
---------------------------------------
Evaluation over 10 episodes: 5746.592
---------------------------------------
Total T: 331000 Episode Num: 331 Episode T: 1000 Reward: 5843.971
Total T: 332000 Episode Num: 332 Episode T: 1000 Reward: 5666.501
Total T: 333000 Episode Num: 333 Episode T: 1000 Reward: 5715.035
Total T: 334000 Episode Num: 334 Episode T: 1000 Reward: 5900.033
Total T: 335000 Episode Num: 335 Episode T: 1000 Reward: 5858.880
---------------------------------------
Evaluation over 10 episodes: 5599.097
---------------------------------------
Total T: 336000 Episode Num: 336 Episode T: 1000 Reward: 5522.345
Total T: 337000 Episode Num: 337 Episode T: 1000 Reward: 5686.409
Total T: 338000 Episode Num: 338 Episode T: 1000 Reward: 5483.241
Total T: 339000 Episode Num: 339 Episode T: 1000 Reward: 5757.190
Total T: 340000 Episode Num: 340 Episode T: 1000 Reward: 5647.345
---------------------------------------
Evaluation over 10 episodes: 5654.232
---------------------------------------
Total T: 341000 Episode Num: 341 Episode T: 1000 Reward: 5798.508
Total T: 342000 Episode Num: 342 Episode T: 1000 Reward: 5866.609
Total T: 343000 Episode Num: 343 Episode T: 1000 Reward: 5892.412
Total T: 344000 Episode Num: 344 Episode T: 1000 Reward: 5542.748
Total T: 345000 Episode Num: 345 Episode T: 1000 Reward: 5881.221
---------------------------------------
Evaluation over 10 episodes: 5735.551
---------------------------------------
Total T: 346000 Episode Num: 346 Episode T: 1000 Reward: 5916.303
Total T: 347000 Episode Num: 347 Episode T: 1000 Reward: 5664.059
Total T: 348000 Episode Num: 348 Episode T: 1000 Reward: 5832.402
Total T: 349000 Episode Num: 349 Episode T: 1000 Reward: 5969.497
Total T: 350000 Episode Num: 350 Episode T: 1000 Reward: 5868.550
---------------------------------------
Evaluation over 10 episodes: 5892.468
---------------------------------------
Total T: 351000 Episode Num: 351 Episode T: 1000 Reward: 5913.182
Total T: 352000 Episode Num: 352 Episode T: 1000 Reward: 5844.182
Total T: 353000 Episode Num: 353 Episode T: 1000 Reward: 5870.846
Total T: 354000 Episode Num: 354 Episode T: 1000 Reward: 5823.221
Total T: 355000 Episode Num: 355 Episode T: 1000 Reward: 5685.491
---------------------------------------
Evaluation over 10 episodes: 5862.013
---------------------------------------
Total T: 356000 Episode Num: 356 Episode T: 1000 Reward: 5885.690
Total T: 357000 Episode Num: 357 Episode T: 1000 Reward: 5975.412
Total T: 358000 Episode Num: 358 Episode T: 1000 Reward: 5816.240
Total T: 359000 Episode Num: 359 Episode T: 1000 Reward: 5905.339
Total T: 360000 Episode Num: 360 Episode T: 1000 Reward: 5954.096
---------------------------------------
Evaluation over 10 episodes: 5476.370
---------------------------------------
Total T: 361000 Episode Num: 361 Episode T: 1000 Reward: 5885.483
Total T: 362000 Episode Num: 362 Episode T: 1000 Reward: 5985.389
Total T: 363000 Episode Num: 363 Episode T: 1000 Reward: 6028.780
Total T: 364000 Episode Num: 364 Episode T: 1000 Reward: 5767.856
Total T: 365000 Episode Num: 365 Episode T: 1000 Reward: 5922.057
---------------------------------------
Evaluation over 10 episodes: 5848.974
---------------------------------------
Total T: 366000 Episode Num: 366 Episode T: 1000 Reward: 5816.328
Total T: 367000 Episode Num: 367 Episode T: 1000 Reward: 6001.365
Total T: 368000 Episode Num: 368 Episode T: 1000 Reward: 5655.086
Total T: 369000 Episode Num: 369 Episode T: 1000 Reward: 5828.664
Total T: 370000 Episode Num: 370 Episode T: 1000 Reward: 5812.964
---------------------------------------
Evaluation over 10 episodes: 6087.298
---------------------------------------
Total T: 371000 Episode Num: 371 Episode T: 1000 Reward: 5934.511
Total T: 372000 Episode Num: 372 Episode T: 1000 Reward: 5852.634
Total T: 373000 Episode Num: 373 Episode T: 1000 Reward: 6003.006
Total T: 374000 Episode Num: 374 Episode T: 1000 Reward: 5912.638
Total T: 375000 Episode Num: 375 Episode T: 1000 Reward: 6006.599
---------------------------------------
Evaluation over 10 episodes: 6146.160
---------------------------------------
Total T: 376000 Episode Num: 376 Episode T: 1000 Reward: 5120.227
Total T: 377000 Episode Num: 377 Episode T: 1000 Reward: 5903.137
Total T: 378000 Episode Num: 378 Episode T: 1000 Reward: 5918.991
Total T: 379000 Episode Num: 379 Episode T: 1000 Reward: 6003.024
Total T: 380000 Episode Num: 380 Episode T: 1000 Reward: 5876.365
---------------------------------------
Evaluation over 10 episodes: 6230.132
---------------------------------------
Total T: 381000 Episode Num: 381 Episode T: 1000 Reward: 6002.293
Total T: 382000 Episode Num: 382 Episode T: 1000 Reward: 6011.595
Total T: 383000 Episode Num: 383 Episode T: 1000 Reward: 6087.185
Total T: 384000 Episode Num: 384 Episode T: 1000 Reward: 5878.718
Total T: 385000 Episode Num: 385 Episode T: 1000 Reward: 5841.497
---------------------------------------
Evaluation over 10 episodes: 5980.727
---------------------------------------
Total T: 386000 Episode Num: 386 Episode T: 1000 Reward: 5873.758
Total T: 387000 Episode Num: 387 Episode T: 1000 Reward: 6059.786
Total T: 388000 Episode Num: 388 Episode T: 1000 Reward: 5947.794
Total T: 389000 Episode Num: 389 Episode T: 1000 Reward: 6004.552
Total T: 390000 Episode Num: 390 Episode T: 1000 Reward: 6070.396
---------------------------------------
Evaluation over 10 episodes: 5779.985
---------------------------------------
Total T: 391000 Episode Num: 391 Episode T: 1000 Reward: 6105.666
Total T: 392000 Episode Num: 392 Episode T: 1000 Reward: 5931.384
Total T: 393000 Episode Num: 393 Episode T: 1000 Reward: 6157.863
Total T: 394000 Episode Num: 394 Episode T: 1000 Reward: 5995.567
Total T: 395000 Episode Num: 395 Episode T: 1000 Reward: 6178.699
---------------------------------------
Evaluation over 10 episodes: 6116.341
---------------------------------------
Total T: 396000 Episode Num: 396 Episode T: 1000 Reward: 6223.483
Total T: 397000 Episode Num: 397 Episode T: 1000 Reward: 6030.836
Total T: 398000 Episode Num: 398 Episode T: 1000 Reward: 6290.236
Total T: 399000 Episode Num: 399 Episode T: 1000 Reward: 6257.063
Total T: 400000 Episode Num: 400 Episode T: 1000 Reward: 6318.052
---------------------------------------
Evaluation over 10 episodes: 6143.778
---------------------------------------
Total T: 401000 Episode Num: 401 Episode T: 1000 Reward: 6237.621
Total T: 402000 Episode Num: 402 Episode T: 1000 Reward: 6084.641
Total T: 403000 Episode Num: 403 Episode T: 1000 Reward: 6118.281
Total T: 404000 Episode Num: 404 Episode T: 1000 Reward: 5889.843
Total T: 405000 Episode Num: 405 Episode T: 1000 Reward: 5923.477
---------------------------------------
Evaluation over 10 episodes: 5922.780
---------------------------------------
Total T: 406000 Episode Num: 406 Episode T: 1000 Reward: 5951.083
Total T: 407000 Episode Num: 407 Episode T: 1000 Reward: 5968.776
Total T: 408000 Episode Num: 408 Episode T: 1000 Reward: 6236.031
Total T: 409000 Episode Num: 409 Episode T: 1000 Reward: 6287.813
Total T: 410000 Episode Num: 410 Episode T: 1000 Reward: 6287.230
---------------------------------------
Evaluation over 10 episodes: 6184.292
---------------------------------------
Total T: 411000 Episode Num: 411 Episode T: 1000 Reward: 5983.804
Total T: 412000 Episode Num: 412 Episode T: 1000 Reward: 6067.100
Total T: 413000 Episode Num: 413 Episode T: 1000 Reward: 6231.894
Total T: 414000 Episode Num: 414 Episode T: 1000 Reward: 6090.075
Total T: 415000 Episode Num: 415 Episode T: 1000 Reward: 6131.413
---------------------------------------
Evaluation over 10 episodes: 6289.214
---------------------------------------
Total T: 416000 Episode Num: 416 Episode T: 1000 Reward: 5861.002
Total T: 417000 Episode Num: 417 Episode T: 1000 Reward: 6158.266
Total T: 418000 Episode Num: 418 Episode T: 1000 Reward: 6275.137
Total T: 419000 Episode Num: 419 Episode T: 1000 Reward: 6195.207
Total T: 420000 Episode Num: 420 Episode T: 1000 Reward: 6277.833
---------------------------------------
Evaluation over 10 episodes: 6212.622
---------------------------------------
Total T: 421000 Episode Num: 421 Episode T: 1000 Reward: 6015.635
Total T: 422000 Episode Num: 422 Episode T: 1000 Reward: 6078.253
Total T: 423000 Episode Num: 423 Episode T: 1000 Reward: 6153.844
Total T: 424000 Episode Num: 424 Episode T: 1000 Reward: 6181.207
Total T: 425000 Episode Num: 425 Episode T: 1000 Reward: 6326.240
---------------------------------------
Evaluation over 10 episodes: 6359.459
---------------------------------------
Total T: 426000 Episode Num: 426 Episode T: 1000 Reward: 6180.608
Total T: 427000 Episode Num: 427 Episode T: 1000 Reward: 6170.726
Total T: 428000 Episode Num: 428 Episode T: 1000 Reward: 6381.560
Total T: 429000 Episode Num: 429 Episode T: 1000 Reward: 6095.487
Total T: 430000 Episode Num: 430 Episode T: 1000 Reward: 6384.839
---------------------------------------
Evaluation over 10 episodes: 6222.925
---------------------------------------
Total T: 431000 Episode Num: 431 Episode T: 1000 Reward: 6341.255
Total T: 432000 Episode Num: 432 Episode T: 1000 Reward: 6136.466
Total T: 433000 Episode Num: 433 Episode T: 1000 Reward: 6370.991
Total T: 434000 Episode Num: 434 Episode T: 1000 Reward: 6200.157
Total T: 435000 Episode Num: 435 Episode T: 1000 Reward: 6464.382
---------------------------------------
Evaluation over 10 episodes: 6283.167
---------------------------------------
Total T: 436000 Episode Num: 436 Episode T: 1000 Reward: 6356.537
Total T: 437000 Episode Num: 437 Episode T: 1000 Reward: 6284.283
Total T: 438000 Episode Num: 438 Episode T: 1000 Reward: 6306.733
Total T: 439000 Episode Num: 439 Episode T: 1000 Reward: 6327.508
Total T: 440000 Episode Num: 440 Episode T: 1000 Reward: 6387.201
---------------------------------------
Evaluation over 10 episodes: 6404.134
---------------------------------------
Total T: 441000 Episode Num: 441 Episode T: 1000 Reward: 6129.721
Total T: 442000 Episode Num: 442 Episode T: 1000 Reward: 5969.461
Total T: 443000 Episode Num: 443 Episode T: 1000 Reward: 6093.543
Total T: 444000 Episode Num: 444 Episode T: 1000 Reward: 6306.764
Total T: 445000 Episode Num: 445 Episode T: 1000 Reward: 6383.288
---------------------------------------
Evaluation over 10 episodes: 6291.284
---------------------------------------
Total T: 446000 Episode Num: 446 Episode T: 1000 Reward: 6479.665
Total T: 447000 Episode Num: 447 Episode T: 1000 Reward: 6366.304
Total T: 448000 Episode Num: 448 Episode T: 1000 Reward: 6570.458
Total T: 449000 Episode Num: 449 Episode T: 1000 Reward: 6287.783
Total T: 450000 Episode Num: 450 Episode T: 1000 Reward: 6340.772
---------------------------------------
Evaluation over 10 episodes: 6356.208
---------------------------------------
Total T: 451000 Episode Num: 451 Episode T: 1000 Reward: 6462.251
Total T: 452000 Episode Num: 452 Episode T: 1000 Reward: 6295.588
Total T: 453000 Episode Num: 453 Episode T: 1000 Reward: 6123.484
Total T: 454000 Episode Num: 454 Episode T: 1000 Reward: 6236.875
Total T: 455000 Episode Num: 455 Episode T: 1000 Reward: 6370.191
---------------------------------------
Evaluation over 10 episodes: 6318.980
---------------------------------------
Total T: 456000 Episode Num: 456 Episode T: 1000 Reward: 6440.311
Total T: 457000 Episode Num: 457 Episode T: 1000 Reward: 6207.308
Total T: 458000 Episode Num: 458 Episode T: 1000 Reward: 6355.807
Total T: 459000 Episode Num: 459 Episode T: 1000 Reward: 6262.889
Total T: 460000 Episode Num: 460 Episode T: 1000 Reward: 6492.425
---------------------------------------
Evaluation over 10 episodes: 6319.466
---------------------------------------
Total T: 461000 Episode Num: 461 Episode T: 1000 Reward: 6328.875
Total T: 462000 Episode Num: 462 Episode T: 1000 Reward: 6569.065
Total T: 463000 Episode Num: 463 Episode T: 1000 Reward: 6291.933
Total T: 464000 Episode Num: 464 Episode T: 1000 Reward: 6500.648
Total T: 465000 Episode Num: 465 Episode T: 1000 Reward: 6335.206
---------------------------------------
Evaluation over 10 episodes: 6208.409
---------------------------------------
Total T: 466000 Episode Num: 466 Episode T: 1000 Reward: 6239.651
Total T: 467000 Episode Num: 467 Episode T: 1000 Reward: 6260.382
Total T: 468000 Episode Num: 468 Episode T: 1000 Reward: 6504.690
Total T: 469000 Episode Num: 469 Episode T: 1000 Reward: 6330.178
Total T: 470000 Episode Num: 470 Episode T: 1000 Reward: 6433.618
---------------------------------------
Evaluation over 10 episodes: 6377.314
---------------------------------------
Total T: 471000 Episode Num: 471 Episode T: 1000 Reward: 6345.749
Total T: 472000 Episode Num: 472 Episode T: 1000 Reward: 6516.993
Total T: 473000 Episode Num: 473 Episode T: 1000 Reward: 6183.404
Total T: 474000 Episode Num: 474 Episode T: 1000 Reward: 6110.652
Total T: 475000 Episode Num: 475 Episode T: 1000 Reward: 6337.159
---------------------------------------
Evaluation over 10 episodes: 6476.619
---------------------------------------
Total T: 476000 Episode Num: 476 Episode T: 1000 Reward: 6568.100
Total T: 477000 Episode Num: 477 Episode T: 1000 Reward: 6495.462
Total T: 478000 Episode Num: 478 Episode T: 1000 Reward: 6566.073
Total T: 479000 Episode Num: 479 Episode T: 1000 Reward: 6497.686
Total T: 480000 Episode Num: 480 Episode T: 1000 Reward: 6278.925
---------------------------------------
Evaluation over 10 episodes: 6536.831
---------------------------------------
Total T: 481000 Episode Num: 481 Episode T: 1000 Reward: 6223.951
Total T: 482000 Episode Num: 482 Episode T: 1000 Reward: 6387.966
Total T: 483000 Episode Num: 483 Episode T: 1000 Reward: 6390.622
Total T: 484000 Episode Num: 484 Episode T: 1000 Reward: 6563.600
Total T: 485000 Episode Num: 485 Episode T: 1000 Reward: 6301.691
---------------------------------------
Evaluation over 10 episodes: 6317.572
---------------------------------------
Total T: 486000 Episode Num: 486 Episode T: 1000 Reward: 6596.090
Total T: 487000 Episode Num: 487 Episode T: 1000 Reward: 6420.912
Total T: 488000 Episode Num: 488 Episode T: 1000 Reward: 6440.968
Total T: 489000 Episode Num: 489 Episode T: 1000 Reward: 6390.882
Total T: 490000 Episode Num: 490 Episode T: 1000 Reward: 6448.813
---------------------------------------
Evaluation over 10 episodes: 6523.010
---------------------------------------
Total T: 491000 Episode Num: 491 Episode T: 1000 Reward: 6479.251
Total T: 492000 Episode Num: 492 Episode T: 1000 Reward: 6310.099
Total T: 493000 Episode Num: 493 Episode T: 1000 Reward: 6597.802
Total T: 494000 Episode Num: 494 Episode T: 1000 Reward: 6382.141
Total T: 495000 Episode Num: 495 Episode T: 1000 Reward: 6300.986
---------------------------------------
Evaluation over 10 episodes: 6563.102
---------------------------------------
Total T: 496000 Episode Num: 496 Episode T: 1000 Reward: 6316.238
Total T: 497000 Episode Num: 497 Episode T: 1000 Reward: 6528.486
Total T: 498000 Episode Num: 498 Episode T: 1000 Reward: 6537.611
Total T: 499000 Episode Num: 499 Episode T: 1000 Reward: 6472.742
Total T: 500000 Episode Num: 500 Episode T: 1000 Reward: 6340.179
---------------------------------------
Evaluation over 10 episodes: 6278.108
---------------------------------------
Total T: 501000 Episode Num: 501 Episode T: 1000 Reward: 6468.846
Total T: 502000 Episode Num: 502 Episode T: 1000 Reward: 6476.021
Total T: 503000 Episode Num: 503 Episode T: 1000 Reward: 6517.865
Total T: 504000 Episode Num: 504 Episode T: 1000 Reward: 6654.878
Total T: 505000 Episode Num: 505 Episode T: 1000 Reward: 6384.611
---------------------------------------
Evaluation over 10 episodes: 6564.329
---------------------------------------
Total T: 506000 Episode Num: 506 Episode T: 1000 Reward: 6552.388
Total T: 507000 Episode Num: 507 Episode T: 1000 Reward: 6648.994
Total T: 508000 Episode Num: 508 Episode T: 1000 Reward: 6666.036
Total T: 509000 Episode Num: 509 Episode T: 1000 Reward: 6454.324
Total T: 510000 Episode Num: 510 Episode T: 1000 Reward: 6197.467
---------------------------------------
Evaluation over 10 episodes: 6575.654
---------------------------------------
Total T: 511000 Episode Num: 511 Episode T: 1000 Reward: 6347.188
Total T: 512000 Episode Num: 512 Episode T: 1000 Reward: 6598.864
Total T: 513000 Episode Num: 513 Episode T: 1000 Reward: 6335.814
Total T: 514000 Episode Num: 514 Episode T: 1000 Reward: 6826.974
Total T: 515000 Episode Num: 515 Episode T: 1000 Reward: 6482.102
---------------------------------------
Evaluation over 10 episodes: 6561.588
---------------------------------------
Total T: 516000 Episode Num: 516 Episode T: 1000 Reward: 6621.672
Total T: 517000 Episode Num: 517 Episode T: 1000 Reward: 6397.851
Total T: 518000 Episode Num: 518 Episode T: 1000 Reward: 6455.068
Total T: 519000 Episode Num: 519 Episode T: 1000 Reward: 6647.486
Total T: 520000 Episode Num: 520 Episode T: 1000 Reward: 6420.272
---------------------------------------
Evaluation over 10 episodes: 6519.822
---------------------------------------
Total T: 521000 Episode Num: 521 Episode T: 1000 Reward: 6565.920
Total T: 522000 Episode Num: 522 Episode T: 1000 Reward: 6548.253
Total T: 523000 Episode Num: 523 Episode T: 1000 Reward: 6515.650
Total T: 524000 Episode Num: 524 Episode T: 1000 Reward: 6468.657
Total T: 525000 Episode Num: 525 Episode T: 1000 Reward: 6384.748
---------------------------------------
Evaluation over 10 episodes: 6420.724
---------------------------------------
Total T: 526000 Episode Num: 526 Episode T: 1000 Reward: 6536.738
Total T: 527000 Episode Num: 527 Episode T: 1000 Reward: 6256.974
Total T: 528000 Episode Num: 528 Episode T: 1000 Reward: 6329.453
Total T: 529000 Episode Num: 529 Episode T: 1000 Reward: 6482.015
Total T: 530000 Episode Num: 530 Episode T: 1000 Reward: 6704.015
---------------------------------------
Evaluation over 10 episodes: 6690.850
---------------------------------------
Total T: 531000 Episode Num: 531 Episode T: 1000 Reward: 6493.127
Total T: 532000 Episode Num: 532 Episode T: 1000 Reward: 6602.365
Total T: 533000 Episode Num: 533 Episode T: 1000 Reward: 6348.988
Total T: 534000 Episode Num: 534 Episode T: 1000 Reward: 6446.643
Total T: 535000 Episode Num: 535 Episode T: 1000 Reward: 6387.132
---------------------------------------
Evaluation over 10 episodes: 6514.066
---------------------------------------
Total T: 536000 Episode Num: 536 Episode T: 1000 Reward: 6536.076
Total T: 537000 Episode Num: 537 Episode T: 1000 Reward: 6633.198
Total T: 538000 Episode Num: 538 Episode T: 1000 Reward: 6581.401
Total T: 539000 Episode Num: 539 Episode T: 1000 Reward: 6465.862
Total T: 540000 Episode Num: 540 Episode T: 1000 Reward: 6455.239
---------------------------------------
Evaluation over 10 episodes: 6513.112
---------------------------------------
Total T: 541000 Episode Num: 541 Episode T: 1000 Reward: 6707.531
Total T: 542000 Episode Num: 542 Episode T: 1000 Reward: 6460.713
Total T: 543000 Episode Num: 543 Episode T: 1000 Reward: 6547.049
Total T: 544000 Episode Num: 544 Episode T: 1000 Reward: 6668.247
Total T: 545000 Episode Num: 545 Episode T: 1000 Reward: 6584.708
---------------------------------------
Evaluation over 10 episodes: 6741.181
---------------------------------------
Total T: 546000 Episode Num: 546 Episode T: 1000 Reward: 6573.384
Total T: 547000 Episode Num: 547 Episode T: 1000 Reward: 6434.140
Total T: 548000 Episode Num: 548 Episode T: 1000 Reward: 6522.121
Total T: 549000 Episode Num: 549 Episode T: 1000 Reward: 6787.309
Total T: 550000 Episode Num: 550 Episode T: 1000 Reward: 6743.056
---------------------------------------
Evaluation over 10 episodes: 6749.776
---------------------------------------
Total T: 551000 Episode Num: 551 Episode T: 1000 Reward: 6788.969
Total T: 552000 Episode Num: 552 Episode T: 1000 Reward: 6585.621
Total T: 553000 Episode Num: 553 Episode T: 1000 Reward: 6833.739
Total T: 554000 Episode Num: 554 Episode T: 1000 Reward: 6665.288
Total T: 555000 Episode Num: 555 Episode T: 1000 Reward: 6615.404
---------------------------------------
Evaluation over 10 episodes: 6675.123
---------------------------------------
Total T: 556000 Episode Num: 556 Episode T: 1000 Reward: 6739.816
Total T: 557000 Episode Num: 557 Episode T: 1000 Reward: 6614.131
Total T: 558000 Episode Num: 558 Episode T: 1000 Reward: 6535.865
Total T: 559000 Episode Num: 559 Episode T: 1000 Reward: 6561.640
Total T: 560000 Episode Num: 560 Episode T: 1000 Reward: 6436.003
---------------------------------------
Evaluation over 10 episodes: 6375.789
---------------------------------------
Total T: 561000 Episode Num: 561 Episode T: 1000 Reward: 6624.519
Total T: 562000 Episode Num: 562 Episode T: 1000 Reward: 6730.209
Total T: 563000 Episode Num: 563 Episode T: 1000 Reward: 6671.494
Total T: 564000 Episode Num: 564 Episode T: 1000 Reward: 6621.551
Total T: 565000 Episode Num: 565 Episode T: 1000 Reward: 6864.310
---------------------------------------
Evaluation over 10 episodes: 6647.040
---------------------------------------
Total T: 566000 Episode Num: 566 Episode T: 1000 Reward: 6480.805
Total T: 567000 Episode Num: 567 Episode T: 1000 Reward: 6630.446
Total T: 568000 Episode Num: 568 Episode T: 1000 Reward: 6734.186
Total T: 569000 Episode Num: 569 Episode T: 1000 Reward: 6471.256
Total T: 570000 Episode Num: 570 Episode T: 1000 Reward: 6460.699
---------------------------------------
Evaluation over 10 episodes: 6757.467
---------------------------------------
Total T: 571000 Episode Num: 571 Episode T: 1000 Reward: 6495.203
Total T: 572000 Episode Num: 572 Episode T: 1000 Reward: 6574.743
Total T: 573000 Episode Num: 573 Episode T: 1000 Reward: 6747.692
Total T: 574000 Episode Num: 574 Episode T: 1000 Reward: 6637.954
Total T: 575000 Episode Num: 575 Episode T: 1000 Reward: 6573.328
---------------------------------------
Evaluation over 10 episodes: 6691.533
---------------------------------------
Total T: 576000 Episode Num: 576 Episode T: 1000 Reward: 6428.207
Total T: 577000 Episode Num: 577 Episode T: 1000 Reward: 6765.983
Total T: 578000 Episode Num: 578 Episode T: 1000 Reward: 6653.854
Total T: 579000 Episode Num: 579 Episode T: 1000 Reward: 6620.125
Total T: 580000 Episode Num: 580 Episode T: 1000 Reward: 6558.231
---------------------------------------
Evaluation over 10 episodes: 6771.584
---------------------------------------
Total T: 581000 Episode Num: 581 Episode T: 1000 Reward: 6562.436
Total T: 582000 Episode Num: 582 Episode T: 1000 Reward: 6811.025
Total T: 583000 Episode Num: 583 Episode T: 1000 Reward: 6505.573
Total T: 584000 Episode Num: 584 Episode T: 1000 Reward: 6492.519
Total T: 585000 Episode Num: 585 Episode T: 1000 Reward: 6558.581
---------------------------------------
Evaluation over 10 episodes: 6714.522
---------------------------------------
Total T: 586000 Episode Num: 586 Episode T: 1000 Reward: 6906.813
Total T: 587000 Episode Num: 587 Episode T: 1000 Reward: 6872.607
Total T: 588000 Episode Num: 588 Episode T: 1000 Reward: 6805.035
Total T: 589000 Episode Num: 589 Episode T: 1000 Reward: 6569.826
Total T: 590000 Episode Num: 590 Episode T: 1000 Reward: 6656.509
---------------------------------------
Evaluation over 10 episodes: 6847.042
---------------------------------------
Total T: 591000 Episode Num: 591 Episode T: 1000 Reward: 6753.696
Total T: 592000 Episode Num: 592 Episode T: 1000 Reward: 6451.057
Total T: 593000 Episode Num: 593 Episode T: 1000 Reward: 6802.929
Total T: 594000 Episode Num: 594 Episode T: 1000 Reward: 6722.903
Total T: 595000 Episode Num: 595 Episode T: 1000 Reward: 6642.469
---------------------------------------
Evaluation over 10 episodes: 6748.808
---------------------------------------
Total T: 596000 Episode Num: 596 Episode T: 1000 Reward: 6835.611
Total T: 597000 Episode Num: 597 Episode T: 1000 Reward: 6672.364
Total T: 598000 Episode Num: 598 Episode T: 1000 Reward: 6612.196
Total T: 599000 Episode Num: 599 Episode T: 1000 Reward: 6581.204
Total T: 600000 Episode Num: 600 Episode T: 1000 Reward: 6735.240
---------------------------------------
Evaluation over 10 episodes: 6629.269
---------------------------------------
Total T: 601000 Episode Num: 601 Episode T: 1000 Reward: 6585.640
Total T: 602000 Episode Num: 602 Episode T: 1000 Reward: 7125.362
Total T: 603000 Episode Num: 603 Episode T: 1000 Reward: 6588.739
Total T: 604000 Episode Num: 604 Episode T: 1000 Reward: 6693.479
Total T: 605000 Episode Num: 605 Episode T: 1000 Reward: 6763.172
---------------------------------------
Evaluation over 10 episodes: 6673.108
---------------------------------------
Total T: 606000 Episode Num: 606 Episode T: 1000 Reward: 6458.745
Total T: 607000 Episode Num: 607 Episode T: 1000 Reward: 6775.430
Total T: 608000 Episode Num: 608 Episode T: 1000 Reward: 6582.978
Total T: 609000 Episode Num: 609 Episode T: 1000 Reward: 6714.617
Total T: 610000 Episode Num: 610 Episode T: 1000 Reward: 6781.385
---------------------------------------
Evaluation over 10 episodes: 6791.961
---------------------------------------
Total T: 611000 Episode Num: 611 Episode T: 1000 Reward: 6782.508
Total T: 612000 Episode Num: 612 Episode T: 1000 Reward: 6557.735
Total T: 613000 Episode Num: 613 Episode T: 1000 Reward: 6721.300
Total T: 614000 Episode Num: 614 Episode T: 1000 Reward: 6854.908
Total T: 615000 Episode Num: 615 Episode T: 1000 Reward: 6607.723
---------------------------------------
Evaluation over 10 episodes: 6832.443
---------------------------------------
Total T: 616000 Episode Num: 616 Episode T: 1000 Reward: 6426.325
Total T: 617000 Episode Num: 617 Episode T: 1000 Reward: 6605.518
Total T: 618000 Episode Num: 618 Episode T: 1000 Reward: 6567.616
Total T: 619000 Episode Num: 619 Episode T: 1000 Reward: 6731.941
Total T: 620000 Episode Num: 620 Episode T: 1000 Reward: 6678.195
---------------------------------------
Evaluation over 10 episodes: 6707.377
---------------------------------------
Total T: 621000 Episode Num: 621 Episode T: 1000 Reward: 6913.917
Total T: 622000 Episode Num: 622 Episode T: 1000 Reward: 6660.702
Total T: 623000 Episode Num: 623 Episode T: 1000 Reward: 6487.802
Total T: 624000 Episode Num: 624 Episode T: 1000 Reward: 6905.250
Total T: 625000 Episode Num: 625 Episode T: 1000 Reward: 6747.038
---------------------------------------
Evaluation over 10 episodes: 6657.601
---------------------------------------
Total T: 626000 Episode Num: 626 Episode T: 1000 Reward: 6664.847
Total T: 627000 Episode Num: 627 Episode T: 1000 Reward: 6575.641
Total T: 628000 Episode Num: 628 Episode T: 1000 Reward: 6655.947
Total T: 629000 Episode Num: 629 Episode T: 1000 Reward: 6630.510
Total T: 630000 Episode Num: 630 Episode T: 1000 Reward: 6642.113
---------------------------------------
Evaluation over 10 episodes: 6718.730
---------------------------------------
Total T: 631000 Episode Num: 631 Episode T: 1000 Reward: 6947.152
Total T: 632000 Episode Num: 632 Episode T: 1000 Reward: 6864.488
Total T: 633000 Episode Num: 633 Episode T: 1000 Reward: 7145.612
Total T: 634000 Episode Num: 634 Episode T: 1000 Reward: 6830.419
Total T: 635000 Episode Num: 635 Episode T: 1000 Reward: 6593.245
---------------------------------------
Evaluation over 10 episodes: 6788.421
---------------------------------------
Total T: 636000 Episode Num: 636 Episode T: 1000 Reward: 6719.847
Total T: 637000 Episode Num: 637 Episode T: 1000 Reward: 6691.277
Total T: 638000 Episode Num: 638 Episode T: 1000 Reward: 6815.202
Total T: 639000 Episode Num: 639 Episode T: 1000 Reward: 6796.922
Total T: 640000 Episode Num: 640 Episode T: 1000 Reward: 6761.516
---------------------------------------
Evaluation over 10 episodes: 6574.397
---------------------------------------
Total T: 641000 Episode Num: 641 Episode T: 1000 Reward: 6620.667
Total T: 642000 Episode Num: 642 Episode T: 1000 Reward: 6735.047
Total T: 643000 Episode Num: 643 Episode T: 1000 Reward: 6719.981
Total T: 644000 Episode Num: 644 Episode T: 1000 Reward: 6850.717
Total T: 645000 Episode Num: 645 Episode T: 1000 Reward: 6698.108
---------------------------------------
Evaluation over 10 episodes: 6867.607
---------------------------------------
Total T: 646000 Episode Num: 646 Episode T: 1000 Reward: 6664.833
Total T: 647000 Episode Num: 647 Episode T: 1000 Reward: 6613.758
Total T: 648000 Episode Num: 648 Episode T: 1000 Reward: 6984.509
Total T: 649000 Episode Num: 649 Episode T: 1000 Reward: 6599.287
Total T: 650000 Episode Num: 650 Episode T: 1000 Reward: 7126.879
---------------------------------------
Evaluation over 10 episodes: 6705.216
---------------------------------------
Total T: 651000 Episode Num: 651 Episode T: 1000 Reward: 6871.539
Total T: 652000 Episode Num: 652 Episode T: 1000 Reward: 6686.258
Total T: 653000 Episode Num: 653 Episode T: 1000 Reward: 6964.785
Total T: 654000 Episode Num: 654 Episode T: 1000 Reward: 6960.076
Total T: 655000 Episode Num: 655 Episode T: 1000 Reward: 6797.949
---------------------------------------
Evaluation over 10 episodes: 6950.380
---------------------------------------
Total T: 656000 Episode Num: 656 Episode T: 1000 Reward: 6856.650
Total T: 657000 Episode Num: 657 Episode T: 1000 Reward: 6732.859
Total T: 658000 Episode Num: 658 Episode T: 1000 Reward: 7040.918
Total T: 659000 Episode Num: 659 Episode T: 1000 Reward: 6789.830
Total T: 660000 Episode Num: 660 Episode T: 1000 Reward: 6772.211
---------------------------------------
Evaluation over 10 episodes: 6847.379
---------------------------------------
Total T: 661000 Episode Num: 661 Episode T: 1000 Reward: 6911.421
Total T: 662000 Episode Num: 662 Episode T: 1000 Reward: 6700.395
Total T: 663000 Episode Num: 663 Episode T: 1000 Reward: 6914.952
Total T: 664000 Episode Num: 664 Episode T: 1000 Reward: 7026.469
Total T: 665000 Episode Num: 665 Episode T: 1000 Reward: 6965.606
---------------------------------------
Evaluation over 10 episodes: 6868.050
---------------------------------------
Total T: 666000 Episode Num: 666 Episode T: 1000 Reward: 6889.553
Total T: 667000 Episode Num: 667 Episode T: 1000 Reward: 6846.170
Total T: 668000 Episode Num: 668 Episode T: 1000 Reward: 6876.313
Total T: 669000 Episode Num: 669 Episode T: 1000 Reward: 6927.940
Total T: 670000 Episode Num: 670 Episode T: 1000 Reward: 6891.643
---------------------------------------
Evaluation over 10 episodes: 6934.357
---------------------------------------
Total T: 671000 Episode Num: 671 Episode T: 1000 Reward: 6883.647
Total T: 672000 Episode Num: 672 Episode T: 1000 Reward: 6979.524
Total T: 673000 Episode Num: 673 Episode T: 1000 Reward: 6812.818
Total T: 674000 Episode Num: 674 Episode T: 1000 Reward: 6857.557
Total T: 675000 Episode Num: 675 Episode T: 1000 Reward: 6949.191
---------------------------------------
Evaluation over 10 episodes: 6790.943
---------------------------------------
Total T: 676000 Episode Num: 676 Episode T: 1000 Reward: 6879.718
Total T: 677000 Episode Num: 677 Episode T: 1000 Reward: 6798.072
Total T: 678000 Episode Num: 678 Episode T: 1000 Reward: 6763.061
Total T: 679000 Episode Num: 679 Episode T: 1000 Reward: 6936.471
Total T: 680000 Episode Num: 680 Episode T: 1000 Reward: 6803.926
---------------------------------------
Evaluation over 10 episodes: 6833.686
---------------------------------------
Total T: 681000 Episode Num: 681 Episode T: 1000 Reward: 6700.677
Total T: 682000 Episode Num: 682 Episode T: 1000 Reward: 6916.440
Total T: 683000 Episode Num: 683 Episode T: 1000 Reward: 6627.308
Total T: 684000 Episode Num: 684 Episode T: 1000 Reward: 6994.115
Total T: 685000 Episode Num: 685 Episode T: 1000 Reward: 6935.974
---------------------------------------
Evaluation over 10 episodes: 6752.302
---------------------------------------
Total T: 686000 Episode Num: 686 Episode T: 1000 Reward: 6959.580
Total T: 687000 Episode Num: 687 Episode T: 1000 Reward: 6755.699
Total T: 688000 Episode Num: 688 Episode T: 1000 Reward: 6902.693
Total T: 689000 Episode Num: 689 Episode T: 1000 Reward: 6949.680
Total T: 690000 Episode Num: 690 Episode T: 1000 Reward: 6864.106
---------------------------------------
Evaluation over 10 episodes: 6958.575
---------------------------------------
Total T: 691000 Episode Num: 691 Episode T: 1000 Reward: 7037.241
Total T: 692000 Episode Num: 692 Episode T: 1000 Reward: 6838.693
Total T: 693000 Episode Num: 693 Episode T: 1000 Reward: 6824.748
Total T: 694000 Episode Num: 694 Episode T: 1000 Reward: 7024.995
Total T: 695000 Episode Num: 695 Episode T: 1000 Reward: 6809.350
---------------------------------------
Evaluation over 10 episodes: 6736.249
---------------------------------------
Total T: 696000 Episode Num: 696 Episode T: 1000 Reward: 7197.110
Total T: 697000 Episode Num: 697 Episode T: 1000 Reward: 6703.219
Total T: 698000 Episode Num: 698 Episode T: 1000 Reward: 6861.064
Total T: 699000 Episode Num: 699 Episode T: 1000 Reward: 6947.862
Total T: 700000 Episode Num: 700 Episode T: 1000 Reward: 6811.191
---------------------------------------
Evaluation over 10 episodes: 6966.540
---------------------------------------
Total T: 701000 Episode Num: 701 Episode T: 1000 Reward: 7003.398
Total T: 702000 Episode Num: 702 Episode T: 1000 Reward: 6899.079
Total T: 703000 Episode Num: 703 Episode T: 1000 Reward: 6805.323
Total T: 704000 Episode Num: 704 Episode T: 1000 Reward: 6900.556
Total T: 705000 Episode Num: 705 Episode T: 1000 Reward: 6825.041
---------------------------------------
Evaluation over 10 episodes: 6931.965
---------------------------------------
Total T: 706000 Episode Num: 706 Episode T: 1000 Reward: 6765.730
Total T: 707000 Episode Num: 707 Episode T: 1000 Reward: 6896.817
Total T: 708000 Episode Num: 708 Episode T: 1000 Reward: 6739.081
Total T: 709000 Episode Num: 709 Episode T: 1000 Reward: 6906.032
Total T: 710000 Episode Num: 710 Episode T: 1000 Reward: 6950.275
---------------------------------------
Evaluation over 10 episodes: 7095.013
---------------------------------------
Total T: 711000 Episode Num: 711 Episode T: 1000 Reward: 6980.123
Total T: 712000 Episode Num: 712 Episode T: 1000 Reward: 6891.231
Total T: 713000 Episode Num: 713 Episode T: 1000 Reward: 6906.655
Total T: 714000 Episode Num: 714 Episode T: 1000 Reward: 7110.429
Total T: 715000 Episode Num: 715 Episode T: 1000 Reward: 6894.512
---------------------------------------
Evaluation over 10 episodes: 6964.080
---------------------------------------
Total T: 716000 Episode Num: 716 Episode T: 1000 Reward: 6980.308
Total T: 717000 Episode Num: 717 Episode T: 1000 Reward: 6899.227
Total T: 718000 Episode Num: 718 Episode T: 1000 Reward: 7021.473
Total T: 719000 Episode Num: 719 Episode T: 1000 Reward: 6925.723
Total T: 720000 Episode Num: 720 Episode T: 1000 Reward: 6945.289
---------------------------------------
Evaluation over 10 episodes: 6867.359
---------------------------------------
Total T: 721000 Episode Num: 721 Episode T: 1000 Reward: 6995.410
Total T: 722000 Episode Num: 722 Episode T: 1000 Reward: 6902.694
Total T: 723000 Episode Num: 723 Episode T: 1000 Reward: 7226.188
Total T: 724000 Episode Num: 724 Episode T: 1000 Reward: 6757.651
Total T: 725000 Episode Num: 725 Episode T: 1000 Reward: 6967.763
---------------------------------------
Evaluation over 10 episodes: 6900.850
---------------------------------------
Total T: 726000 Episode Num: 726 Episode T: 1000 Reward: 6936.271
Total T: 727000 Episode Num: 727 Episode T: 1000 Reward: 7002.147
Total T: 728000 Episode Num: 728 Episode T: 1000 Reward: 6699.884
Total T: 729000 Episode Num: 729 Episode T: 1000 Reward: 7057.965
Total T: 730000 Episode Num: 730 Episode T: 1000 Reward: 6825.805
---------------------------------------
Evaluation over 10 episodes: 7118.043
---------------------------------------
Total T: 731000 Episode Num: 731 Episode T: 1000 Reward: 7084.210
Total T: 732000 Episode Num: 732 Episode T: 1000 Reward: 6984.092
Total T: 733000 Episode Num: 733 Episode T: 1000 Reward: 6913.503
Total T: 734000 Episode Num: 734 Episode T: 1000 Reward: 6972.200
Total T: 735000 Episode Num: 735 Episode T: 1000 Reward: 6791.549
---------------------------------------
Evaluation over 10 episodes: 6888.175
---------------------------------------
Total T: 736000 Episode Num: 736 Episode T: 1000 Reward: 7061.590
Total T: 737000 Episode Num: 737 Episode T: 1000 Reward: 6896.972
Total T: 738000 Episode Num: 738 Episode T: 1000 Reward: 7051.763
Total T: 739000 Episode Num: 739 Episode T: 1000 Reward: 6850.258
Total T: 740000 Episode Num: 740 Episode T: 1000 Reward: 6975.734
---------------------------------------
Evaluation over 10 episodes: 7076.883
---------------------------------------
Total T: 741000 Episode Num: 741 Episode T: 1000 Reward: 6896.091
Total T: 742000 Episode Num: 742 Episode T: 1000 Reward: 7134.483
Total T: 743000 Episode Num: 743 Episode T: 1000 Reward: 6877.217
Total T: 744000 Episode Num: 744 Episode T: 1000 Reward: 7083.120
Total T: 745000 Episode Num: 745 Episode T: 1000 Reward: 7027.019
---------------------------------------
Evaluation over 10 episodes: 6962.948
---------------------------------------
Total T: 746000 Episode Num: 746 Episode T: 1000 Reward: 7042.627
Total T: 747000 Episode Num: 747 Episode T: 1000 Reward: 6674.225
Total T: 748000 Episode Num: 748 Episode T: 1000 Reward: 7007.971
Total T: 749000 Episode Num: 749 Episode T: 1000 Reward: 6812.543
Total T: 750000 Episode Num: 750 Episode T: 1000 Reward: 6961.509
---------------------------------------
Evaluation over 10 episodes: 6880.045
---------------------------------------
Total T: 751000 Episode Num: 751 Episode T: 1000 Reward: 7032.809
Total T: 752000 Episode Num: 752 Episode T: 1000 Reward: 6918.454
Total T: 753000 Episode Num: 753 Episode T: 1000 Reward: 6901.875
Total T: 754000 Episode Num: 754 Episode T: 1000 Reward: 7040.364
Total T: 755000 Episode Num: 755 Episode T: 1000 Reward: 7019.344
---------------------------------------
Evaluation over 10 episodes: 7054.229
---------------------------------------
Total T: 756000 Episode Num: 756 Episode T: 1000 Reward: 7001.244
Total T: 757000 Episode Num: 757 Episode T: 1000 Reward: 7014.843
Total T: 758000 Episode Num: 758 Episode T: 1000 Reward: 7076.505
Total T: 759000 Episode Num: 759 Episode T: 1000 Reward: 7124.988
Total T: 760000 Episode Num: 760 Episode T: 1000 Reward: 6909.367
---------------------------------------
Evaluation over 10 episodes: 7120.828
---------------------------------------
Total T: 761000 Episode Num: 761 Episode T: 1000 Reward: 7061.880
Total T: 762000 Episode Num: 762 Episode T: 1000 Reward: 7097.819
Total T: 763000 Episode Num: 763 Episode T: 1000 Reward: 6851.138
Total T: 764000 Episode Num: 764 Episode T: 1000 Reward: 7176.629
Total T: 765000 Episode Num: 765 Episode T: 1000 Reward: 7015.457
---------------------------------------
Evaluation over 10 episodes: 7153.691
---------------------------------------
Total T: 766000 Episode Num: 766 Episode T: 1000 Reward: 6909.723
Total T: 767000 Episode Num: 767 Episode T: 1000 Reward: 7118.870
Total T: 768000 Episode Num: 768 Episode T: 1000 Reward: 7019.391
Total T: 769000 Episode Num: 769 Episode T: 1000 Reward: 7162.799
Total T: 770000 Episode Num: 770 Episode T: 1000 Reward: 7040.242
---------------------------------------
Evaluation over 10 episodes: 7146.624
---------------------------------------
Total T: 771000 Episode Num: 771 Episode T: 1000 Reward: 6959.308
Total T: 772000 Episode Num: 772 Episode T: 1000 Reward: 7168.399
Total T: 773000 Episode Num: 773 Episode T: 1000 Reward: 7003.625
Total T: 774000 Episode Num: 774 Episode T: 1000 Reward: 6789.308
Total T: 775000 Episode Num: 775 Episode T: 1000 Reward: 6924.968
---------------------------------------
Evaluation over 10 episodes: 6622.959
---------------------------------------
Total T: 776000 Episode Num: 776 Episode T: 1000 Reward: 7005.436
Total T: 777000 Episode Num: 777 Episode T: 1000 Reward: 7033.673
Total T: 778000 Episode Num: 778 Episode T: 1000 Reward: 7003.444
Total T: 779000 Episode Num: 779 Episode T: 1000 Reward: 6886.242
Total T: 780000 Episode Num: 780 Episode T: 1000 Reward: 6927.421
---------------------------------------
Evaluation over 10 episodes: 7201.917
---------------------------------------
Total T: 781000 Episode Num: 781 Episode T: 1000 Reward: 6896.378
Total T: 782000 Episode Num: 782 Episode T: 1000 Reward: 7077.224
Total T: 783000 Episode Num: 783 Episode T: 1000 Reward: 7247.213
Total T: 784000 Episode Num: 784 Episode T: 1000 Reward: 6882.247
Total T: 785000 Episode Num: 785 Episode T: 1000 Reward: 7034.239
---------------------------------------
Evaluation over 10 episodes: 7081.193
---------------------------------------
Total T: 786000 Episode Num: 786 Episode T: 1000 Reward: 6912.535
Total T: 787000 Episode Num: 787 Episode T: 1000 Reward: 6882.667
Total T: 788000 Episode Num: 788 Episode T: 1000 Reward: 7167.629
Total T: 789000 Episode Num: 789 Episode T: 1000 Reward: 7111.408
Total T: 790000 Episode Num: 790 Episode T: 1000 Reward: 6994.846
---------------------------------------
Evaluation over 10 episodes: 6973.052
---------------------------------------
Total T: 791000 Episode Num: 791 Episode T: 1000 Reward: 7056.426
Total T: 792000 Episode Num: 792 Episode T: 1000 Reward: 6902.526
Total T: 793000 Episode Num: 793 Episode T: 1000 Reward: 7146.019
Total T: 794000 Episode Num: 794 Episode T: 1000 Reward: 7078.155
Total T: 795000 Episode Num: 795 Episode T: 1000 Reward: 7158.121
---------------------------------------
Evaluation over 10 episodes: 7130.136
---------------------------------------
Total T: 796000 Episode Num: 796 Episode T: 1000 Reward: 7095.793
Total T: 797000 Episode Num: 797 Episode T: 1000 Reward: 7051.762
Total T: 798000 Episode Num: 798 Episode T: 1000 Reward: 7053.213
Total T: 799000 Episode Num: 799 Episode T: 1000 Reward: 6972.774
Total T: 800000 Episode Num: 800 Episode T: 1000 Reward: 7010.791
---------------------------------------
Evaluation over 10 episodes: 7011.268
---------------------------------------
Total T: 801000 Episode Num: 801 Episode T: 1000 Reward: 7013.606
Total T: 802000 Episode Num: 802 Episode T: 1000 Reward: 7163.799
Total T: 803000 Episode Num: 803 Episode T: 1000 Reward: 7060.395
Total T: 804000 Episode Num: 804 Episode T: 1000 Reward: 7024.676
Total T: 805000 Episode Num: 805 Episode T: 1000 Reward: 7241.665
---------------------------------------
Evaluation over 10 episodes: 7016.621
---------------------------------------
Total T: 806000 Episode Num: 806 Episode T: 1000 Reward: 7151.339
Total T: 807000 Episode Num: 807 Episode T: 1000 Reward: 7018.396
Total T: 808000 Episode Num: 808 Episode T: 1000 Reward: 6960.451
Total T: 809000 Episode Num: 809 Episode T: 1000 Reward: 6724.642
Total T: 810000 Episode Num: 810 Episode T: 1000 Reward: 7034.784
---------------------------------------
Evaluation over 10 episodes: 6977.068
---------------------------------------
Total T: 811000 Episode Num: 811 Episode T: 1000 Reward: 7121.002
Total T: 812000 Episode Num: 812 Episode T: 1000 Reward: 7096.253
Total T: 813000 Episode Num: 813 Episode T: 1000 Reward: 6882.171
Total T: 814000 Episode Num: 814 Episode T: 1000 Reward: 7009.966
Total T: 815000 Episode Num: 815 Episode T: 1000 Reward: 7070.232
---------------------------------------
Evaluation over 10 episodes: 7179.751
---------------------------------------
Total T: 816000 Episode Num: 816 Episode T: 1000 Reward: 7210.749
Total T: 817000 Episode Num: 817 Episode T: 1000 Reward: 7124.527
Total T: 818000 Episode Num: 818 Episode T: 1000 Reward: 7263.307
Total T: 819000 Episode Num: 819 Episode T: 1000 Reward: 6743.803
Total T: 820000 Episode Num: 820 Episode T: 1000 Reward: 7033.278
---------------------------------------
Evaluation over 10 episodes: 7143.611
---------------------------------------
Total T: 821000 Episode Num: 821 Episode T: 1000 Reward: 7088.731
Total T: 822000 Episode Num: 822 Episode T: 1000 Reward: 7349.536
Total T: 823000 Episode Num: 823 Episode T: 1000 Reward: 7173.424
Total T: 824000 Episode Num: 824 Episode T: 1000 Reward: 7259.991
Total T: 825000 Episode Num: 825 Episode T: 1000 Reward: 7199.018
---------------------------------------
Evaluation over 10 episodes: 7107.827
---------------------------------------
Total T: 826000 Episode Num: 826 Episode T: 1000 Reward: 7069.519
Total T: 827000 Episode Num: 827 Episode T: 1000 Reward: 6881.546
Total T: 828000 Episode Num: 828 Episode T: 1000 Reward: 7006.272
Total T: 829000 Episode Num: 829 Episode T: 1000 Reward: 7386.497
Total T: 830000 Episode Num: 830 Episode T: 1000 Reward: 7122.100
---------------------------------------
Evaluation over 10 episodes: 7247.625
---------------------------------------
Total T: 831000 Episode Num: 831 Episode T: 1000 Reward: 7292.994
Total T: 832000 Episode Num: 832 Episode T: 1000 Reward: 7180.964
Total T: 833000 Episode Num: 833 Episode T: 1000 Reward: 7244.300
Total T: 834000 Episode Num: 834 Episode T: 1000 Reward: 7284.859
Total T: 835000 Episode Num: 835 Episode T: 1000 Reward: 6974.622
---------------------------------------
Evaluation over 10 episodes: 7098.199
---------------------------------------
Total T: 836000 Episode Num: 836 Episode T: 1000 Reward: 7139.546
Total T: 837000 Episode Num: 837 Episode T: 1000 Reward: 7007.897
Total T: 838000 Episode Num: 838 Episode T: 1000 Reward: 7029.519
Total T: 839000 Episode Num: 839 Episode T: 1000 Reward: 7144.009
Total T: 840000 Episode Num: 840 Episode T: 1000 Reward: 6935.667
---------------------------------------
Evaluation over 10 episodes: 7029.754
---------------------------------------
Total T: 841000 Episode Num: 841 Episode T: 1000 Reward: 7092.039
Total T: 842000 Episode Num: 842 Episode T: 1000 Reward: 7089.639
Total T: 843000 Episode Num: 843 Episode T: 1000 Reward: 6958.170
Total T: 844000 Episode Num: 844 Episode T: 1000 Reward: 7296.033
Total T: 845000 Episode Num: 845 Episode T: 1000 Reward: 6925.028
---------------------------------------
Evaluation over 10 episodes: 7216.612
---------------------------------------
Total T: 846000 Episode Num: 846 Episode T: 1000 Reward: 7308.913
Total T: 847000 Episode Num: 847 Episode T: 1000 Reward: 7124.903
Total T: 848000 Episode Num: 848 Episode T: 1000 Reward: 7332.752
Total T: 849000 Episode Num: 849 Episode T: 1000 Reward: 7090.641
Total T: 850000 Episode Num: 850 Episode T: 1000 Reward: 7163.000
---------------------------------------
Evaluation over 10 episodes: 7006.394
---------------------------------------
Total T: 851000 Episode Num: 851 Episode T: 1000 Reward: 7121.422
Total T: 852000 Episode Num: 852 Episode T: 1000 Reward: 7079.835
Total T: 853000 Episode Num: 853 Episode T: 1000 Reward: 7278.849
Total T: 854000 Episode Num: 854 Episode T: 1000 Reward: 7167.770
Total T: 855000 Episode Num: 855 Episode T: 1000 Reward: 7069.493
---------------------------------------
Evaluation over 10 episodes: 7176.613
---------------------------------------
Total T: 856000 Episode Num: 856 Episode T: 1000 Reward: 7277.806
Total T: 857000 Episode Num: 857 Episode T: 1000 Reward: 7008.269
Total T: 858000 Episode Num: 858 Episode T: 1000 Reward: 7166.490
Total T: 859000 Episode Num: 859 Episode T: 1000 Reward: 7094.011
Total T: 860000 Episode Num: 860 Episode T: 1000 Reward: 7206.297
---------------------------------------
Evaluation over 10 episodes: 7369.922
---------------------------------------
Total T: 861000 Episode Num: 861 Episode T: 1000 Reward: 7134.944
Total T: 862000 Episode Num: 862 Episode T: 1000 Reward: 7310.089
Total T: 863000 Episode Num: 863 Episode T: 1000 Reward: 7298.677
Total T: 864000 Episode Num: 864 Episode T: 1000 Reward: 7056.518
Total T: 865000 Episode Num: 865 Episode T: 1000 Reward: 7188.579
---------------------------------------
Evaluation over 10 episodes: 7154.713
---------------------------------------
Total T: 866000 Episode Num: 866 Episode T: 1000 Reward: 7340.731
Total T: 867000 Episode Num: 867 Episode T: 1000 Reward: 7127.580
Total T: 868000 Episode Num: 868 Episode T: 1000 Reward: 7032.299
Total T: 869000 Episode Num: 869 Episode T: 1000 Reward: 7069.799
Total T: 870000 Episode Num: 870 Episode T: 1000 Reward: 7279.019
---------------------------------------
Evaluation over 10 episodes: 7175.347
---------------------------------------
Total T: 871000 Episode Num: 871 Episode T: 1000 Reward: 7176.785
Total T: 872000 Episode Num: 872 Episode T: 1000 Reward: 7337.624
Total T: 873000 Episode Num: 873 Episode T: 1000 Reward: 7153.013
Total T: 874000 Episode Num: 874 Episode T: 1000 Reward: 7190.368
Total T: 875000 Episode Num: 875 Episode T: 1000 Reward: 7243.395
---------------------------------------
Evaluation over 10 episodes: 7169.683
---------------------------------------
Total T: 876000 Episode Num: 876 Episode T: 1000 Reward: 6884.655
Total T: 877000 Episode Num: 877 Episode T: 1000 Reward: 7169.682
Total T: 878000 Episode Num: 878 Episode T: 1000 Reward: 7176.805
Total T: 879000 Episode Num: 879 Episode T: 1000 Reward: 7224.422
Total T: 880000 Episode Num: 880 Episode T: 1000 Reward: 7051.642
---------------------------------------
Evaluation over 10 episodes: 7136.088
---------------------------------------
Total T: 881000 Episode Num: 881 Episode T: 1000 Reward: 7324.938
Total T: 882000 Episode Num: 882 Episode T: 1000 Reward: 7089.538
Total T: 883000 Episode Num: 883 Episode T: 1000 Reward: 7241.008
Total T: 884000 Episode Num: 884 Episode T: 1000 Reward: 7251.742
Total T: 885000 Episode Num: 885 Episode T: 1000 Reward: 7175.773
---------------------------------------
Evaluation over 10 episodes: 7270.931
---------------------------------------
Total T: 886000 Episode Num: 886 Episode T: 1000 Reward: 7086.309
Total T: 887000 Episode Num: 887 Episode T: 1000 Reward: 7246.234
Total T: 888000 Episode Num: 888 Episode T: 1000 Reward: 7296.114
Total T: 889000 Episode Num: 889 Episode T: 1000 Reward: 7139.477
Total T: 890000 Episode Num: 890 Episode T: 1000 Reward: 7171.096
---------------------------------------
Evaluation over 10 episodes: 7218.748
---------------------------------------
Total T: 891000 Episode Num: 891 Episode T: 1000 Reward: 7170.149
Total T: 892000 Episode Num: 892 Episode T: 1000 Reward: 7227.532
Total T: 893000 Episode Num: 893 Episode T: 1000 Reward: 7116.847
Total T: 894000 Episode Num: 894 Episode T: 1000 Reward: 7165.231
Total T: 895000 Episode Num: 895 Episode T: 1000 Reward: 7135.721
---------------------------------------
Evaluation over 10 episodes: 7251.187
---------------------------------------
Total T: 896000 Episode Num: 896 Episode T: 1000 Reward: 7154.678
Total T: 897000 Episode Num: 897 Episode T: 1000 Reward: 7176.798
Total T: 898000 Episode Num: 898 Episode T: 1000 Reward: 7305.223
Total T: 899000 Episode Num: 899 Episode T: 1000 Reward: 7162.198
Total T: 900000 Episode Num: 900 Episode T: 1000 Reward: 7332.404
---------------------------------------
Evaluation over 10 episodes: 7209.860
---------------------------------------
Total T: 901000 Episode Num: 901 Episode T: 1000 Reward: 7098.992
Total T: 902000 Episode Num: 902 Episode T: 1000 Reward: 7313.869
Total T: 903000 Episode Num: 903 Episode T: 1000 Reward: 7099.341
Total T: 904000 Episode Num: 904 Episode T: 1000 Reward: 7503.033
Total T: 905000 Episode Num: 905 Episode T: 1000 Reward: 7177.343
---------------------------------------
Evaluation over 10 episodes: 7316.555
---------------------------------------
Total T: 906000 Episode Num: 906 Episode T: 1000 Reward: 7051.939
Total T: 907000 Episode Num: 907 Episode T: 1000 Reward: 7317.036
Total T: 908000 Episode Num: 908 Episode T: 1000 Reward: 7054.939
Total T: 909000 Episode Num: 909 Episode T: 1000 Reward: 7079.412
Total T: 910000 Episode Num: 910 Episode T: 1000 Reward: 7213.460
---------------------------------------
Evaluation over 10 episodes: 7329.164
---------------------------------------
Total T: 911000 Episode Num: 911 Episode T: 1000 Reward: 7154.825
Total T: 912000 Episode Num: 912 Episode T: 1000 Reward: 7258.654
Total T: 913000 Episode Num: 913 Episode T: 1000 Reward: 7364.198
Total T: 914000 Episode Num: 914 Episode T: 1000 Reward: 7137.674
Total T: 915000 Episode Num: 915 Episode T: 1000 Reward: 7245.653
---------------------------------------
Evaluation over 10 episodes: 7257.658
---------------------------------------
Total T: 916000 Episode Num: 916 Episode T: 1000 Reward: 7455.946
Total T: 917000 Episode Num: 917 Episode T: 1000 Reward: 7232.535
Total T: 918000 Episode Num: 918 Episode T: 1000 Reward: 7273.338
Total T: 919000 Episode Num: 919 Episode T: 1000 Reward: 7367.500
Total T: 920000 Episode Num: 920 Episode T: 1000 Reward: 7129.233
---------------------------------------
Evaluation over 10 episodes: 7174.050
---------------------------------------
Total T: 921000 Episode Num: 921 Episode T: 1000 Reward: 7108.827
Total T: 922000 Episode Num: 922 Episode T: 1000 Reward: 7243.847
Total T: 923000 Episode Num: 923 Episode T: 1000 Reward: 7332.444
Total T: 924000 Episode Num: 924 Episode T: 1000 Reward: 7205.713
Total T: 925000 Episode Num: 925 Episode T: 1000 Reward: 7323.845
---------------------------------------
Evaluation over 10 episodes: 7331.292
---------------------------------------
Total T: 926000 Episode Num: 926 Episode T: 1000 Reward: 7196.431
Total T: 927000 Episode Num: 927 Episode T: 1000 Reward: 6974.175
Total T: 928000 Episode Num: 928 Episode T: 1000 Reward: 7282.088
Total T: 929000 Episode Num: 929 Episode T: 1000 Reward: 7243.425
Total T: 930000 Episode Num: 930 Episode T: 1000 Reward: 7117.845
---------------------------------------
Evaluation over 10 episodes: 7334.313
---------------------------------------
Total T: 931000 Episode Num: 931 Episode T: 1000 Reward: 7204.055
Total T: 932000 Episode Num: 932 Episode T: 1000 Reward: 7370.570
Total T: 933000 Episode Num: 933 Episode T: 1000 Reward: 7325.058
Total T: 934000 Episode Num: 934 Episode T: 1000 Reward: 7279.595
Total T: 935000 Episode Num: 935 Episode T: 1000 Reward: 7161.889
---------------------------------------
Evaluation over 10 episodes: 7192.165
---------------------------------------
Total T: 936000 Episode Num: 936 Episode T: 1000 Reward: 7041.327
Total T: 937000 Episode Num: 937 Episode T: 1000 Reward: 7413.547
Total T: 938000 Episode Num: 938 Episode T: 1000 Reward: 7222.506
Total T: 939000 Episode Num: 939 Episode T: 1000 Reward: 7303.630
Total T: 940000 Episode Num: 940 Episode T: 1000 Reward: 7139.973
---------------------------------------
Evaluation over 10 episodes: 7313.239
---------------------------------------
Total T: 941000 Episode Num: 941 Episode T: 1000 Reward: 7269.370
Total T: 942000 Episode Num: 942 Episode T: 1000 Reward: 7253.372
Total T: 943000 Episode Num: 943 Episode T: 1000 Reward: 7377.745
Total T: 944000 Episode Num: 944 Episode T: 1000 Reward: 7098.401
Total T: 945000 Episode Num: 945 Episode T: 1000 Reward: 7328.410
---------------------------------------
Evaluation over 10 episodes: 7209.201
---------------------------------------
Total T: 946000 Episode Num: 946 Episode T: 1000 Reward: 7468.962
Total T: 947000 Episode Num: 947 Episode T: 1000 Reward: 7201.500
Total T: 948000 Episode Num: 948 Episode T: 1000 Reward: 7402.765
Total T: 949000 Episode Num: 949 Episode T: 1000 Reward: 7308.138
Total T: 950000 Episode Num: 950 Episode T: 1000 Reward: 7364.293
---------------------------------------
Evaluation over 10 episodes: 7365.887
---------------------------------------
Total T: 951000 Episode Num: 951 Episode T: 1000 Reward: 7296.202
Total T: 952000 Episode Num: 952 Episode T: 1000 Reward: 7276.048
Total T: 953000 Episode Num: 953 Episode T: 1000 Reward: 7283.976
Total T: 954000 Episode Num: 954 Episode T: 1000 Reward: 7280.651
Total T: 955000 Episode Num: 955 Episode T: 1000 Reward: 7276.583
---------------------------------------
Evaluation over 10 episodes: 7282.896
---------------------------------------
Total T: 956000 Episode Num: 956 Episode T: 1000 Reward: 7183.906
Total T: 957000 Episode Num: 957 Episode T: 1000 Reward: 7306.851
Total T: 958000 Episode Num: 958 Episode T: 1000 Reward: 7267.455
Total T: 959000 Episode Num: 959 Episode T: 1000 Reward: 7335.588
Total T: 960000 Episode Num: 960 Episode T: 1000 Reward: 7529.604
---------------------------------------
Evaluation over 10 episodes: 7396.895
---------------------------------------
Total T: 961000 Episode Num: 961 Episode T: 1000 Reward: 7256.887
Total T: 962000 Episode Num: 962 Episode T: 1000 Reward: 7334.007
Total T: 963000 Episode Num: 963 Episode T: 1000 Reward: 7394.792
Total T: 964000 Episode Num: 964 Episode T: 1000 Reward: 7338.564
Total T: 965000 Episode Num: 965 Episode T: 1000 Reward: 7461.931
---------------------------------------
Evaluation over 10 episodes: 7364.292
---------------------------------------
Total T: 966000 Episode Num: 966 Episode T: 1000 Reward: 7311.351
Total T: 967000 Episode Num: 967 Episode T: 1000 Reward: 7234.156
Total T: 968000 Episode Num: 968 Episode T: 1000 Reward: 7316.694
Total T: 969000 Episode Num: 969 Episode T: 1000 Reward: 7322.177
Total T: 970000 Episode Num: 970 Episode T: 1000 Reward: 7261.395
---------------------------------------
Evaluation over 10 episodes: 7353.792
---------------------------------------
Total T: 971000 Episode Num: 971 Episode T: 1000 Reward: 7205.073
Total T: 972000 Episode Num: 972 Episode T: 1000 Reward: 7259.936
Total T: 973000 Episode Num: 973 Episode T: 1000 Reward: 7346.219
Total T: 974000 Episode Num: 974 Episode T: 1000 Reward: 7388.581
Total T: 975000 Episode Num: 975 Episode T: 1000 Reward: 7250.121
---------------------------------------
Evaluation over 10 episodes: 7375.230
---------------------------------------
Total T: 976000 Episode Num: 976 Episode T: 1000 Reward: 7064.050
Total T: 977000 Episode Num: 977 Episode T: 1000 Reward: 7073.454
Total T: 978000 Episode Num: 978 Episode T: 1000 Reward: 7133.676
Total T: 979000 Episode Num: 979 Episode T: 1000 Reward: 7190.716
Total T: 980000 Episode Num: 980 Episode T: 1000 Reward: 7236.749
---------------------------------------
Evaluation over 10 episodes: 7410.726
---------------------------------------
Total T: 981000 Episode Num: 981 Episode T: 1000 Reward: 7351.503
Total T: 982000 Episode Num: 982 Episode T: 1000 Reward: 6963.317
Total T: 983000 Episode Num: 983 Episode T: 1000 Reward: 7184.339
Total T: 984000 Episode Num: 984 Episode T: 1000 Reward: 7482.026
Total T: 985000 Episode Num: 985 Episode T: 1000 Reward: 7206.025
---------------------------------------
Evaluation over 10 episodes: 7385.756
---------------------------------------
Total T: 986000 Episode Num: 986 Episode T: 1000 Reward: 7227.665
Total T: 987000 Episode Num: 987 Episode T: 1000 Reward: 7339.335
Total T: 988000 Episode Num: 988 Episode T: 1000 Reward: 7383.635
Total T: 989000 Episode Num: 989 Episode T: 1000 Reward: 7387.770
Total T: 990000 Episode Num: 990 Episode T: 1000 Reward: 7304.129
---------------------------------------
Evaluation over 10 episodes: 7254.347
---------------------------------------
Total T: 991000 Episode Num: 991 Episode T: 1000 Reward: 7380.120
Total T: 992000 Episode Num: 992 Episode T: 1000 Reward: 7299.086
Total T: 993000 Episode Num: 993 Episode T: 1000 Reward: 7073.655
Total T: 994000 Episode Num: 994 Episode T: 1000 Reward: 7440.009
Total T: 995000 Episode Num: 995 Episode T: 1000 Reward: 7481.382
---------------------------------------
Evaluation over 10 episodes: 7375.334
---------------------------------------
Total T: 996000 Episode Num: 996 Episode T: 1000 Reward: 7308.813
Total T: 997000 Episode Num: 997 Episode T: 1000 Reward: 7315.550
Total T: 998000 Episode Num: 998 Episode T: 1000 Reward: 7483.697
Total T: 999000 Episode Num: 999 Episode T: 1000 Reward: 7483.609
Total T: 1000000 Episode Num: 1000 Episode T: 1000 Reward: 7207.421
---------------------------------------
Evaluation over 10 episodes: 7318.408
---------------------------------------
