---------------------------------------
Policy: TD3, Env: Swimmer-v2, Seed: 0
---------------------------------------
---------------------------------------
Evaluation over 10 episodes: 2.386
---------------------------------------
Total T: 1000 Episode Num: 1 Episode T: 1000 Reward: 14.070
Total T: 2000 Episode Num: 2 Episode T: 1000 Reward: -3.575
Total T: 3000 Episode Num: 3 Episode T: 1000 Reward: -1.325
Total T: 4000 Episode Num: 4 Episode T: 1000 Reward: 2.421
Total T: 5000 Episode Num: 5 Episode T: 1000 Reward: 5.050
---------------------------------------
Evaluation over 10 episodes: 2.653
---------------------------------------
Total T: 6000 Episode Num: 6 Episode T: 1000 Reward: 0.339
Total T: 7000 Episode Num: 7 Episode T: 1000 Reward: 8.173
Total T: 8000 Episode Num: 8 Episode T: 1000 Reward: 2.246
Total T: 9000 Episode Num: 9 Episode T: 1000 Reward: 9.280
Total T: 10000 Episode Num: 10 Episode T: 1000 Reward: -6.980
---------------------------------------
Evaluation over 10 episodes: 5.364
---------------------------------------
Total T: 11000 Episode Num: 11 Episode T: 1000 Reward: -24.255
Total T: 12000 Episode Num: 12 Episode T: 1000 Reward: 8.399
Total T: 13000 Episode Num: 13 Episode T: 1000 Reward: -9.290
Total T: 14000 Episode Num: 14 Episode T: 1000 Reward: -3.859
Total T: 15000 Episode Num: 15 Episode T: 1000 Reward: -7.565
---------------------------------------
Evaluation over 10 episodes: 5.332
---------------------------------------
Total T: 16000 Episode Num: 16 Episode T: 1000 Reward: 15.332
Total T: 17000 Episode Num: 17 Episode T: 1000 Reward: 23.739
Total T: 18000 Episode Num: 18 Episode T: 1000 Reward: 8.854
Total T: 19000 Episode Num: 19 Episode T: 1000 Reward: 4.068
Total T: 20000 Episode Num: 20 Episode T: 1000 Reward: -12.087
---------------------------------------
Evaluation over 10 episodes: 2.231
---------------------------------------
Total T: 21000 Episode Num: 21 Episode T: 1000 Reward: -18.734
Total T: 22000 Episode Num: 22 Episode T: 1000 Reward: -1.327
Total T: 23000 Episode Num: 23 Episode T: 1000 Reward: -7.413
Total T: 24000 Episode Num: 24 Episode T: 1000 Reward: 18.618
Total T: 25000 Episode Num: 25 Episode T: 1000 Reward: -17.712
---------------------------------------
Evaluation over 10 episodes: 5.518
---------------------------------------
Total T: 26000 Episode Num: 26 Episode T: 1000 Reward: 5.826
Total T: 27000 Episode Num: 27 Episode T: 1000 Reward: 37.064
Total T: 28000 Episode Num: 28 Episode T: 1000 Reward: 39.925
Total T: 29000 Episode Num: 29 Episode T: 1000 Reward: 38.643
Total T: 30000 Episode Num: 30 Episode T: 1000 Reward: 34.834
---------------------------------------
Evaluation over 10 episodes: 5.838
---------------------------------------
Total T: 31000 Episode Num: 31 Episode T: 1000 Reward: 31.104
Total T: 32000 Episode Num: 32 Episode T: 1000 Reward: 8.728
Total T: 33000 Episode Num: 33 Episode T: 1000 Reward: 28.270
Total T: 34000 Episode Num: 34 Episode T: 1000 Reward: 24.634
Total T: 35000 Episode Num: 35 Episode T: 1000 Reward: 39.753
---------------------------------------
Evaluation over 10 episodes: 32.063
---------------------------------------
Total T: 36000 Episode Num: 36 Episode T: 1000 Reward: 34.025
Total T: 37000 Episode Num: 37 Episode T: 1000 Reward: 41.167
Total T: 38000 Episode Num: 38 Episode T: 1000 Reward: 20.475
Total T: 39000 Episode Num: 39 Episode T: 1000 Reward: 21.078
Total T: 40000 Episode Num: 40 Episode T: 1000 Reward: 10.900
---------------------------------------
Evaluation over 10 episodes: 23.385
---------------------------------------
Total T: 41000 Episode Num: 41 Episode T: 1000 Reward: 12.363
Total T: 42000 Episode Num: 42 Episode T: 1000 Reward: 11.752
Total T: 43000 Episode Num: 43 Episode T: 1000 Reward: 28.361
Total T: 44000 Episode Num: 44 Episode T: 1000 Reward: 22.397
Total T: 45000 Episode Num: 45 Episode T: 1000 Reward: 39.343
---------------------------------------
Evaluation over 10 episodes: 31.389
---------------------------------------
Total T: 46000 Episode Num: 46 Episode T: 1000 Reward: 31.836
Total T: 47000 Episode Num: 47 Episode T: 1000 Reward: 35.837
Total T: 48000 Episode Num: 48 Episode T: 1000 Reward: 34.644
Total T: 49000 Episode Num: 49 Episode T: 1000 Reward: 32.663
Total T: 50000 Episode Num: 50 Episode T: 1000 Reward: 44.271
---------------------------------------
Evaluation over 10 episodes: 40.619
---------------------------------------
Total T: 51000 Episode Num: 51 Episode T: 1000 Reward: 41.272
Total T: 52000 Episode Num: 52 Episode T: 1000 Reward: 36.430
Total T: 53000 Episode Num: 53 Episode T: 1000 Reward: 32.881
Total T: 54000 Episode Num: 54 Episode T: 1000 Reward: 39.510
Total T: 55000 Episode Num: 55 Episode T: 1000 Reward: 40.516
---------------------------------------
Evaluation over 10 episodes: 39.854
---------------------------------------
Total T: 56000 Episode Num: 56 Episode T: 1000 Reward: 39.110
Total T: 57000 Episode Num: 57 Episode T: 1000 Reward: 37.363
Total T: 58000 Episode Num: 58 Episode T: 1000 Reward: 36.580
Total T: 59000 Episode Num: 59 Episode T: 1000 Reward: 41.484
Total T: 60000 Episode Num: 60 Episode T: 1000 Reward: 34.196
---------------------------------------
Evaluation over 10 episodes: 42.259
---------------------------------------
Total T: 61000 Episode Num: 61 Episode T: 1000 Reward: 37.479
Total T: 62000 Episode Num: 62 Episode T: 1000 Reward: 38.866
Total T: 63000 Episode Num: 63 Episode T: 1000 Reward: 32.876
Total T: 64000 Episode Num: 64 Episode T: 1000 Reward: 33.188
Total T: 65000 Episode Num: 65 Episode T: 1000 Reward: 32.953
---------------------------------------
Evaluation over 10 episodes: 37.858
---------------------------------------
Total T: 66000 Episode Num: 66 Episode T: 1000 Reward: 33.119
Total T: 67000 Episode Num: 67 Episode T: 1000 Reward: 34.875
Total T: 68000 Episode Num: 68 Episode T: 1000 Reward: 35.671
Total T: 69000 Episode Num: 69 Episode T: 1000 Reward: 38.644
Total T: 70000 Episode Num: 70 Episode T: 1000 Reward: 39.123
---------------------------------------
Evaluation over 10 episodes: 35.226
---------------------------------------
Total T: 71000 Episode Num: 71 Episode T: 1000 Reward: 39.475
Total T: 72000 Episode Num: 72 Episode T: 1000 Reward: 43.991
Total T: 73000 Episode Num: 73 Episode T: 1000 Reward: 61.037
Total T: 74000 Episode Num: 74 Episode T: 1000 Reward: 16.917
Total T: 75000 Episode Num: 75 Episode T: 1000 Reward: 18.947
---------------------------------------
Evaluation over 10 episodes: 25.329
---------------------------------------
Total T: 76000 Episode Num: 76 Episode T: 1000 Reward: 32.295
Total T: 77000 Episode Num: 77 Episode T: 1000 Reward: 37.996
Total T: 78000 Episode Num: 78 Episode T: 1000 Reward: 32.482
Total T: 79000 Episode Num: 79 Episode T: 1000 Reward: 37.305
Total T: 80000 Episode Num: 80 Episode T: 1000 Reward: 38.578
---------------------------------------
Evaluation over 10 episodes: 40.438
---------------------------------------
Total T: 81000 Episode Num: 81 Episode T: 1000 Reward: 39.559
Total T: 82000 Episode Num: 82 Episode T: 1000 Reward: 39.176
Total T: 83000 Episode Num: 83 Episode T: 1000 Reward: 32.962
Total T: 84000 Episode Num: 84 Episode T: 1000 Reward: 28.880
Total T: 85000 Episode Num: 85 Episode T: 1000 Reward: 39.095
---------------------------------------
Evaluation over 10 episodes: 36.104
---------------------------------------
Total T: 86000 Episode Num: 86 Episode T: 1000 Reward: 40.466
Total T: 87000 Episode Num: 87 Episode T: 1000 Reward: 39.193
Total T: 88000 Episode Num: 88 Episode T: 1000 Reward: 37.986
Total T: 89000 Episode Num: 89 Episode T: 1000 Reward: 34.990
Total T: 90000 Episode Num: 90 Episode T: 1000 Reward: 34.689
---------------------------------------
Evaluation over 10 episodes: 32.390
---------------------------------------
Total T: 91000 Episode Num: 91 Episode T: 1000 Reward: 29.137
Total T: 92000 Episode Num: 92 Episode T: 1000 Reward: 34.789
Total T: 93000 Episode Num: 93 Episode T: 1000 Reward: 46.006
Total T: 94000 Episode Num: 94 Episode T: 1000 Reward: 41.943
Total T: 95000 Episode Num: 95 Episode T: 1000 Reward: 22.454
---------------------------------------
Evaluation over 10 episodes: 35.503
---------------------------------------
Total T: 96000 Episode Num: 96 Episode T: 1000 Reward: 36.290
Total T: 97000 Episode Num: 97 Episode T: 1000 Reward: 36.931
Total T: 98000 Episode Num: 98 Episode T: 1000 Reward: 56.407
Total T: 99000 Episode Num: 99 Episode T: 1000 Reward: 53.616
Total T: 100000 Episode Num: 100 Episode T: 1000 Reward: 49.814
---------------------------------------
Evaluation over 10 episodes: 46.366
---------------------------------------
Total T: 101000 Episode Num: 101 Episode T: 1000 Reward: 50.831
Total T: 102000 Episode Num: 102 Episode T: 1000 Reward: 45.276
Total T: 103000 Episode Num: 103 Episode T: 1000 Reward: 38.311
Total T: 104000 Episode Num: 104 Episode T: 1000 Reward: 37.735
Total T: 105000 Episode Num: 105 Episode T: 1000 Reward: 46.672
---------------------------------------
Evaluation over 10 episodes: 49.180
---------------------------------------
Total T: 106000 Episode Num: 106 Episode T: 1000 Reward: 45.032
Total T: 107000 Episode Num: 107 Episode T: 1000 Reward: 45.949
Total T: 108000 Episode Num: 108 Episode T: 1000 Reward: 47.652
Total T: 109000 Episode Num: 109 Episode T: 1000 Reward: 47.996
Total T: 110000 Episode Num: 110 Episode T: 1000 Reward: 29.291
---------------------------------------
Evaluation over 10 episodes: 38.336
---------------------------------------
Total T: 111000 Episode Num: 111 Episode T: 1000 Reward: 43.975
Total T: 112000 Episode Num: 112 Episode T: 1000 Reward: 42.633
Total T: 113000 Episode Num: 113 Episode T: 1000 Reward: 40.381
Total T: 114000 Episode Num: 114 Episode T: 1000 Reward: 39.081
Total T: 115000 Episode Num: 115 Episode T: 1000 Reward: 41.053
---------------------------------------
Evaluation over 10 episodes: 43.080
---------------------------------------
Total T: 116000 Episode Num: 116 Episode T: 1000 Reward: 54.493
Total T: 117000 Episode Num: 117 Episode T: 1000 Reward: 56.401
Total T: 118000 Episode Num: 118 Episode T: 1000 Reward: 51.096
Total T: 119000 Episode Num: 119 Episode T: 1000 Reward: 45.555
Total T: 120000 Episode Num: 120 Episode T: 1000 Reward: 47.839
---------------------------------------
Evaluation over 10 episodes: 48.985
---------------------------------------
Total T: 121000 Episode Num: 121 Episode T: 1000 Reward: 48.909
Total T: 122000 Episode Num: 122 Episode T: 1000 Reward: 44.779
Total T: 123000 Episode Num: 123 Episode T: 1000 Reward: 45.367
Total T: 124000 Episode Num: 124 Episode T: 1000 Reward: 43.595
Total T: 125000 Episode Num: 125 Episode T: 1000 Reward: 45.472
---------------------------------------
Evaluation over 10 episodes: 51.053
---------------------------------------
Total T: 126000 Episode Num: 126 Episode T: 1000 Reward: 45.150
Total T: 127000 Episode Num: 127 Episode T: 1000 Reward: 49.168
Total T: 128000 Episode Num: 128 Episode T: 1000 Reward: 47.782
Total T: 129000 Episode Num: 129 Episode T: 1000 Reward: 47.094
Total T: 130000 Episode Num: 130 Episode T: 1000 Reward: 46.143
---------------------------------------
Evaluation over 10 episodes: 50.164
---------------------------------------
Total T: 131000 Episode Num: 131 Episode T: 1000 Reward: 45.712
Total T: 132000 Episode Num: 132 Episode T: 1000 Reward: 46.757
Total T: 133000 Episode Num: 133 Episode T: 1000 Reward: 46.232
Total T: 134000 Episode Num: 134 Episode T: 1000 Reward: 47.692
Total T: 135000 Episode Num: 135 Episode T: 1000 Reward: 46.520
---------------------------------------
Evaluation over 10 episodes: 48.996
---------------------------------------
Total T: 136000 Episode Num: 136 Episode T: 1000 Reward: 48.146
Total T: 137000 Episode Num: 137 Episode T: 1000 Reward: 49.027
Total T: 138000 Episode Num: 138 Episode T: 1000 Reward: 46.463
Total T: 139000 Episode Num: 139 Episode T: 1000 Reward: 46.202
Total T: 140000 Episode Num: 140 Episode T: 1000 Reward: 51.457
---------------------------------------
Evaluation over 10 episodes: 49.413
---------------------------------------
Total T: 141000 Episode Num: 141 Episode T: 1000 Reward: 52.663
Total T: 142000 Episode Num: 142 Episode T: 1000 Reward: 49.216
Total T: 143000 Episode Num: 143 Episode T: 1000 Reward: 47.490
Total T: 144000 Episode Num: 144 Episode T: 1000 Reward: 49.186
Total T: 145000 Episode Num: 145 Episode T: 1000 Reward: 47.548
---------------------------------------
Evaluation over 10 episodes: 51.787
---------------------------------------
Total T: 146000 Episode Num: 146 Episode T: 1000 Reward: 46.529
Total T: 147000 Episode Num: 147 Episode T: 1000 Reward: 48.244
Total T: 148000 Episode Num: 148 Episode T: 1000 Reward: 48.848
Total T: 149000 Episode Num: 149 Episode T: 1000 Reward: 45.513
Total T: 150000 Episode Num: 150 Episode T: 1000 Reward: 46.939
---------------------------------------
Evaluation over 10 episodes: 48.190
---------------------------------------
Total T: 151000 Episode Num: 151 Episode T: 1000 Reward: 47.180
Total T: 152000 Episode Num: 152 Episode T: 1000 Reward: 47.675
Total T: 153000 Episode Num: 153 Episode T: 1000 Reward: 49.585
Total T: 154000 Episode Num: 154 Episode T: 1000 Reward: 47.025
Total T: 155000 Episode Num: 155 Episode T: 1000 Reward: 47.148
---------------------------------------
Evaluation over 10 episodes: 47.905
---------------------------------------
Total T: 156000 Episode Num: 156 Episode T: 1000 Reward: 48.746
Total T: 157000 Episode Num: 157 Episode T: 1000 Reward: 46.481
Total T: 158000 Episode Num: 158 Episode T: 1000 Reward: 47.313
Total T: 159000 Episode Num: 159 Episode T: 1000 Reward: 49.502
Total T: 160000 Episode Num: 160 Episode T: 1000 Reward: 49.942
---------------------------------------
Evaluation over 10 episodes: 50.156
---------------------------------------
Total T: 161000 Episode Num: 161 Episode T: 1000 Reward: 54.231
Total T: 162000 Episode Num: 162 Episode T: 1000 Reward: 53.305
Total T: 163000 Episode Num: 163 Episode T: 1000 Reward: 54.478
Total T: 164000 Episode Num: 164 Episode T: 1000 Reward: 51.729
Total T: 165000 Episode Num: 165 Episode T: 1000 Reward: 56.557
---------------------------------------
Evaluation over 10 episodes: 59.808
---------------------------------------
Total T: 166000 Episode Num: 166 Episode T: 1000 Reward: 57.640
Total T: 167000 Episode Num: 167 Episode T: 1000 Reward: 47.433
Total T: 168000 Episode Num: 168 Episode T: 1000 Reward: 55.222
Total T: 169000 Episode Num: 169 Episode T: 1000 Reward: 48.886
Total T: 170000 Episode Num: 170 Episode T: 1000 Reward: 55.166
---------------------------------------
Evaluation over 10 episodes: 59.550
---------------------------------------
Total T: 171000 Episode Num: 171 Episode T: 1000 Reward: 65.455
Total T: 172000 Episode Num: 172 Episode T: 1000 Reward: 52.042
Total T: 173000 Episode Num: 173 Episode T: 1000 Reward: 56.413
Total T: 174000 Episode Num: 174 Episode T: 1000 Reward: 54.023
Total T: 175000 Episode Num: 175 Episode T: 1000 Reward: 55.825
---------------------------------------
Evaluation over 10 episodes: 55.327
---------------------------------------
Total T: 176000 Episode Num: 176 Episode T: 1000 Reward: 56.109
Total T: 177000 Episode Num: 177 Episode T: 1000 Reward: 57.974
Total T: 178000 Episode Num: 178 Episode T: 1000 Reward: 57.995
Total T: 179000 Episode Num: 179 Episode T: 1000 Reward: 54.912
Total T: 180000 Episode Num: 180 Episode T: 1000 Reward: 57.625
---------------------------------------
Evaluation over 10 episodes: 55.677
---------------------------------------
Total T: 181000 Episode Num: 181 Episode T: 1000 Reward: 55.525
Total T: 182000 Episode Num: 182 Episode T: 1000 Reward: 56.585
Total T: 183000 Episode Num: 183 Episode T: 1000 Reward: 58.731
Total T: 184000 Episode Num: 184 Episode T: 1000 Reward: 55.354
Total T: 185000 Episode Num: 185 Episode T: 1000 Reward: 58.750
---------------------------------------
Evaluation over 10 episodes: 58.443
---------------------------------------
Total T: 186000 Episode Num: 186 Episode T: 1000 Reward: 55.771
Total T: 187000 Episode Num: 187 Episode T: 1000 Reward: 57.277
Total T: 188000 Episode Num: 188 Episode T: 1000 Reward: 57.479
Total T: 189000 Episode Num: 189 Episode T: 1000 Reward: 57.876
Total T: 190000 Episode Num: 190 Episode T: 1000 Reward: 53.215
---------------------------------------
Evaluation over 10 episodes: 57.072
---------------------------------------
Total T: 191000 Episode Num: 191 Episode T: 1000 Reward: 52.916
Total T: 192000 Episode Num: 192 Episode T: 1000 Reward: 53.970
Total T: 193000 Episode Num: 193 Episode T: 1000 Reward: 53.955
Total T: 194000 Episode Num: 194 Episode T: 1000 Reward: 54.106
Total T: 195000 Episode Num: 195 Episode T: 1000 Reward: 57.306
---------------------------------------
Evaluation over 10 episodes: 57.796
---------------------------------------
Total T: 196000 Episode Num: 196 Episode T: 1000 Reward: 54.963
Total T: 197000 Episode Num: 197 Episode T: 1000 Reward: 55.230
Total T: 198000 Episode Num: 198 Episode T: 1000 Reward: 54.460
Total T: 199000 Episode Num: 199 Episode T: 1000 Reward: 55.678
Total T: 200000 Episode Num: 200 Episode T: 1000 Reward: 56.578
---------------------------------------
Evaluation over 10 episodes: 56.972
---------------------------------------
Total T: 201000 Episode Num: 201 Episode T: 1000 Reward: 55.402
Total T: 202000 Episode Num: 202 Episode T: 1000 Reward: 54.831
Total T: 203000 Episode Num: 203 Episode T: 1000 Reward: 52.699
Total T: 204000 Episode Num: 204 Episode T: 1000 Reward: 54.815
Total T: 205000 Episode Num: 205 Episode T: 1000 Reward: 54.628
---------------------------------------
Evaluation over 10 episodes: 56.121
---------------------------------------
Total T: 206000 Episode Num: 206 Episode T: 1000 Reward: 61.755
Total T: 207000 Episode Num: 207 Episode T: 1000 Reward: 56.523
Total T: 208000 Episode Num: 208 Episode T: 1000 Reward: 53.954
Total T: 209000 Episode Num: 209 Episode T: 1000 Reward: 54.088
Total T: 210000 Episode Num: 210 Episode T: 1000 Reward: 54.635
---------------------------------------
Evaluation over 10 episodes: 56.457
---------------------------------------
Total T: 211000 Episode Num: 211 Episode T: 1000 Reward: 58.178
Total T: 212000 Episode Num: 212 Episode T: 1000 Reward: 56.116
Total T: 213000 Episode Num: 213 Episode T: 1000 Reward: 58.019
Total T: 214000 Episode Num: 214 Episode T: 1000 Reward: 53.438
Total T: 215000 Episode Num: 215 Episode T: 1000 Reward: 57.918
---------------------------------------
Evaluation over 10 episodes: 59.600
---------------------------------------
Total T: 216000 Episode Num: 216 Episode T: 1000 Reward: 54.120
Total T: 217000 Episode Num: 217 Episode T: 1000 Reward: 58.630
Total T: 218000 Episode Num: 218 Episode T: 1000 Reward: 57.557
Total T: 219000 Episode Num: 219 Episode T: 1000 Reward: 58.018
Total T: 220000 Episode Num: 220 Episode T: 1000 Reward: 55.355
---------------------------------------
Evaluation over 10 episodes: 60.882
---------------------------------------
Total T: 221000 Episode Num: 221 Episode T: 1000 Reward: 57.719
Total T: 222000 Episode Num: 222 Episode T: 1000 Reward: 58.304
Total T: 223000 Episode Num: 223 Episode T: 1000 Reward: 57.066
Total T: 224000 Episode Num: 224 Episode T: 1000 Reward: 56.732
Total T: 225000 Episode Num: 225 Episode T: 1000 Reward: 57.623
---------------------------------------
Evaluation over 10 episodes: 58.238
---------------------------------------
Total T: 226000 Episode Num: 226 Episode T: 1000 Reward: 58.538
Total T: 227000 Episode Num: 227 Episode T: 1000 Reward: 59.774
Total T: 228000 Episode Num: 228 Episode T: 1000 Reward: 60.827
Total T: 229000 Episode Num: 229 Episode T: 1000 Reward: 56.989
Total T: 230000 Episode Num: 230 Episode T: 1000 Reward: 56.083
---------------------------------------
Evaluation over 10 episodes: 60.126
---------------------------------------
Total T: 231000 Episode Num: 231 Episode T: 1000 Reward: 56.886
Total T: 232000 Episode Num: 232 Episode T: 1000 Reward: 57.154
Total T: 233000 Episode Num: 233 Episode T: 1000 Reward: 57.157
Total T: 234000 Episode Num: 234 Episode T: 1000 Reward: 57.464
Total T: 235000 Episode Num: 235 Episode T: 1000 Reward: 56.571
---------------------------------------
Evaluation over 10 episodes: 56.539
---------------------------------------
Total T: 236000 Episode Num: 236 Episode T: 1000 Reward: 55.248
Total T: 237000 Episode Num: 237 Episode T: 1000 Reward: 62.175
Total T: 238000 Episode Num: 238 Episode T: 1000 Reward: 56.766
Total T: 239000 Episode Num: 239 Episode T: 1000 Reward: 71.469
Total T: 240000 Episode Num: 240 Episode T: 1000 Reward: 58.050
---------------------------------------
Evaluation over 10 episodes: 60.935
---------------------------------------
Total T: 241000 Episode Num: 241 Episode T: 1000 Reward: 56.130
Total T: 242000 Episode Num: 242 Episode T: 1000 Reward: 56.357
Total T: 243000 Episode Num: 243 Episode T: 1000 Reward: 57.806
Total T: 244000 Episode Num: 244 Episode T: 1000 Reward: 59.565
Total T: 245000 Episode Num: 245 Episode T: 1000 Reward: 57.022
---------------------------------------
Evaluation over 10 episodes: 58.360
---------------------------------------
Total T: 246000 Episode Num: 246 Episode T: 1000 Reward: 59.764
Total T: 247000 Episode Num: 247 Episode T: 1000 Reward: 60.709
Total T: 248000 Episode Num: 248 Episode T: 1000 Reward: 60.441
Total T: 249000 Episode Num: 249 Episode T: 1000 Reward: 57.348
Total T: 250000 Episode Num: 250 Episode T: 1000 Reward: 60.419
---------------------------------------
Evaluation over 10 episodes: 59.354
---------------------------------------
Total T: 251000 Episode Num: 251 Episode T: 1000 Reward: 60.445
Total T: 252000 Episode Num: 252 Episode T: 1000 Reward: 58.697
Total T: 253000 Episode Num: 253 Episode T: 1000 Reward: 61.619
Total T: 254000 Episode Num: 254 Episode T: 1000 Reward: 60.958
Total T: 255000 Episode Num: 255 Episode T: 1000 Reward: 60.511
---------------------------------------
Evaluation over 10 episodes: 63.927
---------------------------------------
Total T: 256000 Episode Num: 256 Episode T: 1000 Reward: 62.137
Total T: 257000 Episode Num: 257 Episode T: 1000 Reward: 60.385
Total T: 258000 Episode Num: 258 Episode T: 1000 Reward: 57.729
Total T: 259000 Episode Num: 259 Episode T: 1000 Reward: 70.657
Total T: 260000 Episode Num: 260 Episode T: 1000 Reward: 62.384
---------------------------------------
Evaluation over 10 episodes: 65.082
---------------------------------------
Total T: 261000 Episode Num: 261 Episode T: 1000 Reward: 63.716
Total T: 262000 Episode Num: 262 Episode T: 1000 Reward: 63.733
Total T: 263000 Episode Num: 263 Episode T: 1000 Reward: 62.407
Total T: 264000 Episode Num: 264 Episode T: 1000 Reward: 62.689
Total T: 265000 Episode Num: 265 Episode T: 1000 Reward: 58.954
---------------------------------------
Evaluation over 10 episodes: 63.829
---------------------------------------
Total T: 266000 Episode Num: 266 Episode T: 1000 Reward: 63.782
Total T: 267000 Episode Num: 267 Episode T: 1000 Reward: 60.246
Total T: 268000 Episode Num: 268 Episode T: 1000 Reward: 60.275
Total T: 269000 Episode Num: 269 Episode T: 1000 Reward: 61.566
Total T: 270000 Episode Num: 270 Episode T: 1000 Reward: 61.336
---------------------------------------
Evaluation over 10 episodes: 64.179
---------------------------------------
Total T: 271000 Episode Num: 271 Episode T: 1000 Reward: 60.772
Total T: 272000 Episode Num: 272 Episode T: 1000 Reward: 55.816
Total T: 273000 Episode Num: 273 Episode T: 1000 Reward: 63.591
Total T: 274000 Episode Num: 274 Episode T: 1000 Reward: 59.151
Total T: 275000 Episode Num: 275 Episode T: 1000 Reward: 61.275
---------------------------------------
Evaluation over 10 episodes: 62.941
---------------------------------------
Total T: 276000 Episode Num: 276 Episode T: 1000 Reward: 61.544
Total T: 277000 Episode Num: 277 Episode T: 1000 Reward: 60.664
Total T: 278000 Episode Num: 278 Episode T: 1000 Reward: 60.699
Total T: 279000 Episode Num: 279 Episode T: 1000 Reward: 63.136
Total T: 280000 Episode Num: 280 Episode T: 1000 Reward: 59.799
---------------------------------------
Evaluation over 10 episodes: 63.374
---------------------------------------
Total T: 281000 Episode Num: 281 Episode T: 1000 Reward: 61.085
Total T: 282000 Episode Num: 282 Episode T: 1000 Reward: 60.720
Total T: 283000 Episode Num: 283 Episode T: 1000 Reward: 62.177
Total T: 284000 Episode Num: 284 Episode T: 1000 Reward: 60.698
Total T: 285000 Episode Num: 285 Episode T: 1000 Reward: 67.130
---------------------------------------
Evaluation over 10 episodes: 62.427
---------------------------------------
Total T: 286000 Episode Num: 286 Episode T: 1000 Reward: 61.137
Total T: 287000 Episode Num: 287 Episode T: 1000 Reward: 64.693
Total T: 288000 Episode Num: 288 Episode T: 1000 Reward: 64.242
Total T: 289000 Episode Num: 289 Episode T: 1000 Reward: 65.332
Total T: 290000 Episode Num: 290 Episode T: 1000 Reward: 62.999
---------------------------------------
Evaluation over 10 episodes: 63.710
---------------------------------------
Total T: 291000 Episode Num: 291 Episode T: 1000 Reward: 63.556
Total T: 292000 Episode Num: 292 Episode T: 1000 Reward: 65.021
Total T: 293000 Episode Num: 293 Episode T: 1000 Reward: 62.955
Total T: 294000 Episode Num: 294 Episode T: 1000 Reward: 62.674
Total T: 295000 Episode Num: 295 Episode T: 1000 Reward: 59.491
---------------------------------------
Evaluation over 10 episodes: 58.878
---------------------------------------
Total T: 296000 Episode Num: 296 Episode T: 1000 Reward: 60.287
Total T: 297000 Episode Num: 297 Episode T: 1000 Reward: 61.204
Total T: 298000 Episode Num: 298 Episode T: 1000 Reward: 59.800
Total T: 299000 Episode Num: 299 Episode T: 1000 Reward: 60.120
Total T: 300000 Episode Num: 300 Episode T: 1000 Reward: 61.190
---------------------------------------
Evaluation over 10 episodes: 60.786
---------------------------------------
Total T: 301000 Episode Num: 301 Episode T: 1000 Reward: 62.468
Total T: 302000 Episode Num: 302 Episode T: 1000 Reward: 69.076
Total T: 303000 Episode Num: 303 Episode T: 1000 Reward: 65.605
Total T: 304000 Episode Num: 304 Episode T: 1000 Reward: 64.055
Total T: 305000 Episode Num: 305 Episode T: 1000 Reward: 65.576
---------------------------------------
Evaluation over 10 episodes: 54.943
---------------------------------------
Total T: 306000 Episode Num: 306 Episode T: 1000 Reward: 61.768
Total T: 307000 Episode Num: 307 Episode T: 1000 Reward: 63.753
Total T: 308000 Episode Num: 308 Episode T: 1000 Reward: 62.561
Total T: 309000 Episode Num: 309 Episode T: 1000 Reward: 62.573
Total T: 310000 Episode Num: 310 Episode T: 1000 Reward: 65.740
---------------------------------------
Evaluation over 10 episodes: 60.919
---------------------------------------
Total T: 311000 Episode Num: 311 Episode T: 1000 Reward: 65.643
Total T: 312000 Episode Num: 312 Episode T: 1000 Reward: 64.087
Total T: 313000 Episode Num: 313 Episode T: 1000 Reward: 25.249
Total T: 314000 Episode Num: 314 Episode T: 1000 Reward: 62.541
Total T: 315000 Episode Num: 315 Episode T: 1000 Reward: 62.320
---------------------------------------
Evaluation over 10 episodes: 70.065
---------------------------------------
Total T: 316000 Episode Num: 316 Episode T: 1000 Reward: 61.980
Total T: 317000 Episode Num: 317 Episode T: 1000 Reward: 62.479
Total T: 318000 Episode Num: 318 Episode T: 1000 Reward: 63.796
Total T: 319000 Episode Num: 319 Episode T: 1000 Reward: 65.513
Total T: 320000 Episode Num: 320 Episode T: 1000 Reward: 65.425
---------------------------------------
Evaluation over 10 episodes: 62.503
---------------------------------------
Total T: 321000 Episode Num: 321 Episode T: 1000 Reward: 63.059
Total T: 322000 Episode Num: 322 Episode T: 1000 Reward: 67.099
Total T: 323000 Episode Num: 323 Episode T: 1000 Reward: 66.318
Total T: 324000 Episode Num: 324 Episode T: 1000 Reward: 66.705
Total T: 325000 Episode Num: 325 Episode T: 1000 Reward: 66.206
---------------------------------------
Evaluation over 10 episodes: 66.809
---------------------------------------
Total T: 326000 Episode Num: 326 Episode T: 1000 Reward: 67.722
Total T: 327000 Episode Num: 327 Episode T: 1000 Reward: 13.545
Total T: 328000 Episode Num: 328 Episode T: 1000 Reward: 65.659
Total T: 329000 Episode Num: 329 Episode T: 1000 Reward: 61.427
Total T: 330000 Episode Num: 330 Episode T: 1000 Reward: 67.705
---------------------------------------
Evaluation over 10 episodes: 64.804
---------------------------------------
Total T: 331000 Episode Num: 331 Episode T: 1000 Reward: 68.884
Total T: 332000 Episode Num: 332 Episode T: 1000 Reward: 65.013
Total T: 333000 Episode Num: 333 Episode T: 1000 Reward: 75.784
Total T: 334000 Episode Num: 334 Episode T: 1000 Reward: 58.639
Total T: 335000 Episode Num: 335 Episode T: 1000 Reward: 63.741
---------------------------------------
Evaluation over 10 episodes: 66.717
---------------------------------------
Total T: 336000 Episode Num: 336 Episode T: 1000 Reward: 62.613
Total T: 337000 Episode Num: 337 Episode T: 1000 Reward: 58.084
Total T: 338000 Episode Num: 338 Episode T: 1000 Reward: 58.138
Total T: 339000 Episode Num: 339 Episode T: 1000 Reward: 67.381
Total T: 340000 Episode Num: 340 Episode T: 1000 Reward: 71.445
---------------------------------------
Evaluation over 10 episodes: 72.004
---------------------------------------
Total T: 341000 Episode Num: 341 Episode T: 1000 Reward: 71.983
Total T: 342000 Episode Num: 342 Episode T: 1000 Reward: 71.222
Total T: 343000 Episode Num: 343 Episode T: 1000 Reward: 72.877
Total T: 344000 Episode Num: 344 Episode T: 1000 Reward: 21.962
Total T: 345000 Episode Num: 345 Episode T: 1000 Reward: 80.769
---------------------------------------
Evaluation over 10 episodes: 67.743
---------------------------------------
Total T: 346000 Episode Num: 346 Episode T: 1000 Reward: 81.061
Total T: 347000 Episode Num: 347 Episode T: 1000 Reward: 81.153
Total T: 348000 Episode Num: 348 Episode T: 1000 Reward: 79.064
Total T: 349000 Episode Num: 349 Episode T: 1000 Reward: 89.419
Total T: 350000 Episode Num: 350 Episode T: 1000 Reward: 89.503
---------------------------------------
Evaluation over 10 episodes: 84.650
---------------------------------------
Total T: 351000 Episode Num: 351 Episode T: 1000 Reward: 84.635
Total T: 352000 Episode Num: 352 Episode T: 1000 Reward: 87.843
Total T: 353000 Episode Num: 353 Episode T: 1000 Reward: 90.566
Total T: 354000 Episode Num: 354 Episode T: 1000 Reward: 90.787
Total T: 355000 Episode Num: 355 Episode T: 1000 Reward: 97.183
---------------------------------------
Evaluation over 10 episodes: 99.198
---------------------------------------
Total T: 356000 Episode Num: 356 Episode T: 1000 Reward: 101.156
Total T: 357000 Episode Num: 357 Episode T: 1000 Reward: 93.841
Total T: 358000 Episode Num: 358 Episode T: 1000 Reward: 101.991
Total T: 359000 Episode Num: 359 Episode T: 1000 Reward: 103.237
Total T: 360000 Episode Num: 360 Episode T: 1000 Reward: 97.557
---------------------------------------
Evaluation over 10 episodes: 96.388
---------------------------------------
Total T: 361000 Episode Num: 361 Episode T: 1000 Reward: 94.664
Total T: 362000 Episode Num: 362 Episode T: 1000 Reward: 102.593
Total T: 363000 Episode Num: 363 Episode T: 1000 Reward: 100.964
Total T: 364000 Episode Num: 364 Episode T: 1000 Reward: 101.011
Total T: 365000 Episode Num: 365 Episode T: 1000 Reward: 100.554
---------------------------------------
Evaluation over 10 episodes: 100.408
---------------------------------------
Total T: 366000 Episode Num: 366 Episode T: 1000 Reward: 105.392
Total T: 367000 Episode Num: 367 Episode T: 1000 Reward: 103.628
Total T: 368000 Episode Num: 368 Episode T: 1000 Reward: 105.536
Total T: 369000 Episode Num: 369 Episode T: 1000 Reward: 104.079
Total T: 370000 Episode Num: 370 Episode T: 1000 Reward: 100.321
---------------------------------------
Evaluation over 10 episodes: 99.274
---------------------------------------
Total T: 371000 Episode Num: 371 Episode T: 1000 Reward: 102.022
Total T: 372000 Episode Num: 372 Episode T: 1000 Reward: 102.334
Total T: 373000 Episode Num: 373 Episode T: 1000 Reward: 103.666
Total T: 374000 Episode Num: 374 Episode T: 1000 Reward: 99.200
Total T: 375000 Episode Num: 375 Episode T: 1000 Reward: 96.962
---------------------------------------
Evaluation over 10 episodes: 98.024
---------------------------------------
Total T: 376000 Episode Num: 376 Episode T: 1000 Reward: 99.701
Total T: 377000 Episode Num: 377 Episode T: 1000 Reward: 97.109
Total T: 378000 Episode Num: 378 Episode T: 1000 Reward: 96.624
Total T: 379000 Episode Num: 379 Episode T: 1000 Reward: 96.263
Total T: 380000 Episode Num: 380 Episode T: 1000 Reward: 98.717
---------------------------------------
Evaluation over 10 episodes: 101.224
---------------------------------------
Total T: 381000 Episode Num: 381 Episode T: 1000 Reward: 102.255
Total T: 382000 Episode Num: 382 Episode T: 1000 Reward: 101.644
Total T: 383000 Episode Num: 383 Episode T: 1000 Reward: 102.715
Total T: 384000 Episode Num: 384 Episode T: 1000 Reward: 106.790
Total T: 385000 Episode Num: 385 Episode T: 1000 Reward: 103.972
---------------------------------------
Evaluation over 10 episodes: 102.647
---------------------------------------
Total T: 386000 Episode Num: 386 Episode T: 1000 Reward: 103.140
Total T: 387000 Episode Num: 387 Episode T: 1000 Reward: 104.043
Total T: 388000 Episode Num: 388 Episode T: 1000 Reward: 104.889
Total T: 389000 Episode Num: 389 Episode T: 1000 Reward: 104.813
Total T: 390000 Episode Num: 390 Episode T: 1000 Reward: 105.174
---------------------------------------
Evaluation over 10 episodes: 104.344
---------------------------------------
Total T: 391000 Episode Num: 391 Episode T: 1000 Reward: 100.851
Total T: 392000 Episode Num: 392 Episode T: 1000 Reward: 98.901
Total T: 393000 Episode Num: 393 Episode T: 1000 Reward: 103.145
Total T: 394000 Episode Num: 394 Episode T: 1000 Reward: 107.012
Total T: 395000 Episode Num: 395 Episode T: 1000 Reward: 102.855
---------------------------------------
Evaluation over 10 episodes: 108.061
---------------------------------------
Total T: 396000 Episode Num: 396 Episode T: 1000 Reward: 104.059
Total T: 397000 Episode Num: 397 Episode T: 1000 Reward: 105.219
Total T: 398000 Episode Num: 398 Episode T: 1000 Reward: 105.895
Total T: 399000 Episode Num: 399 Episode T: 1000 Reward: 103.972
Total T: 400000 Episode Num: 400 Episode T: 1000 Reward: 103.981
---------------------------------------
Evaluation over 10 episodes: 108.728
---------------------------------------
Total T: 401000 Episode Num: 401 Episode T: 1000 Reward: 105.636
Total T: 402000 Episode Num: 402 Episode T: 1000 Reward: 104.576
Total T: 403000 Episode Num: 403 Episode T: 1000 Reward: 105.516
Total T: 404000 Episode Num: 404 Episode T: 1000 Reward: 103.346
Total T: 405000 Episode Num: 405 Episode T: 1000 Reward: 106.705
---------------------------------------
Evaluation over 10 episodes: 104.361
---------------------------------------
Total T: 406000 Episode Num: 406 Episode T: 1000 Reward: 107.047
Total T: 407000 Episode Num: 407 Episode T: 1000 Reward: 107.084
Total T: 408000 Episode Num: 408 Episode T: 1000 Reward: 103.300
Total T: 409000 Episode Num: 409 Episode T: 1000 Reward: 106.464
Total T: 410000 Episode Num: 410 Episode T: 1000 Reward: 104.642
---------------------------------------
Evaluation over 10 episodes: 103.038
---------------------------------------
Total T: 411000 Episode Num: 411 Episode T: 1000 Reward: 102.117
Total T: 412000 Episode Num: 412 Episode T: 1000 Reward: 104.665
Total T: 413000 Episode Num: 413 Episode T: 1000 Reward: 103.597
Total T: 414000 Episode Num: 414 Episode T: 1000 Reward: 105.026
Total T: 415000 Episode Num: 415 Episode T: 1000 Reward: 105.661
---------------------------------------
Evaluation over 10 episodes: 101.886
---------------------------------------
Total T: 416000 Episode Num: 416 Episode T: 1000 Reward: 105.598
Total T: 417000 Episode Num: 417 Episode T: 1000 Reward: 103.557
Total T: 418000 Episode Num: 418 Episode T: 1000 Reward: 103.724
Total T: 419000 Episode Num: 419 Episode T: 1000 Reward: 104.613
Total T: 420000 Episode Num: 420 Episode T: 1000 Reward: 106.155
---------------------------------------
Evaluation over 10 episodes: 106.857
---------------------------------------
Total T: 421000 Episode Num: 421 Episode T: 1000 Reward: 104.787
Total T: 422000 Episode Num: 422 Episode T: 1000 Reward: 102.393
Total T: 423000 Episode Num: 423 Episode T: 1000 Reward: 104.738
Total T: 424000 Episode Num: 424 Episode T: 1000 Reward: 104.722
Total T: 425000 Episode Num: 425 Episode T: 1000 Reward: 105.713
---------------------------------------
Evaluation over 10 episodes: 105.429
---------------------------------------
Total T: 426000 Episode Num: 426 Episode T: 1000 Reward: 107.138
Total T: 427000 Episode Num: 427 Episode T: 1000 Reward: 106.369
Total T: 428000 Episode Num: 428 Episode T: 1000 Reward: 103.549
Total T: 429000 Episode Num: 429 Episode T: 1000 Reward: 107.242
Total T: 430000 Episode Num: 430 Episode T: 1000 Reward: 107.387
---------------------------------------
Evaluation over 10 episodes: 111.029
---------------------------------------
Total T: 431000 Episode Num: 431 Episode T: 1000 Reward: 106.881
Total T: 432000 Episode Num: 432 Episode T: 1000 Reward: 108.743
Total T: 433000 Episode Num: 433 Episode T: 1000 Reward: 106.722
Total T: 434000 Episode Num: 434 Episode T: 1000 Reward: 109.464
Total T: 435000 Episode Num: 435 Episode T: 1000 Reward: 107.872
---------------------------------------
Evaluation over 10 episodes: 107.792
---------------------------------------
Total T: 436000 Episode Num: 436 Episode T: 1000 Reward: 106.561
Total T: 437000 Episode Num: 437 Episode T: 1000 Reward: 107.486
Total T: 438000 Episode Num: 438 Episode T: 1000 Reward: 108.471
Total T: 439000 Episode Num: 439 Episode T: 1000 Reward: 108.816
Total T: 440000 Episode Num: 440 Episode T: 1000 Reward: 108.399
---------------------------------------
Evaluation over 10 episodes: 109.125
---------------------------------------
Total T: 441000 Episode Num: 441 Episode T: 1000 Reward: 108.725
Total T: 442000 Episode Num: 442 Episode T: 1000 Reward: 109.992
Total T: 443000 Episode Num: 443 Episode T: 1000 Reward: 109.786
Total T: 444000 Episode Num: 444 Episode T: 1000 Reward: 109.032
Total T: 445000 Episode Num: 445 Episode T: 1000 Reward: 107.326
---------------------------------------
Evaluation over 10 episodes: 108.072
---------------------------------------
Total T: 446000 Episode Num: 446 Episode T: 1000 Reward: 108.657
Total T: 447000 Episode Num: 447 Episode T: 1000 Reward: 103.841
Total T: 448000 Episode Num: 448 Episode T: 1000 Reward: 103.369
Total T: 449000 Episode Num: 449 Episode T: 1000 Reward: 110.323
Total T: 450000 Episode Num: 450 Episode T: 1000 Reward: 109.378
---------------------------------------
Evaluation over 10 episodes: 108.803
---------------------------------------
Total T: 451000 Episode Num: 451 Episode T: 1000 Reward: 104.164
Total T: 452000 Episode Num: 452 Episode T: 1000 Reward: 110.143
Total T: 453000 Episode Num: 453 Episode T: 1000 Reward: 110.705
Total T: 454000 Episode Num: 454 Episode T: 1000 Reward: 111.821
Total T: 455000 Episode Num: 455 Episode T: 1000 Reward: 112.389
---------------------------------------
Evaluation over 10 episodes: 114.886
---------------------------------------
Total T: 456000 Episode Num: 456 Episode T: 1000 Reward: 111.377
Total T: 457000 Episode Num: 457 Episode T: 1000 Reward: 109.354
Total T: 458000 Episode Num: 458 Episode T: 1000 Reward: 109.353
Total T: 459000 Episode Num: 459 Episode T: 1000 Reward: 112.828
Total T: 460000 Episode Num: 460 Episode T: 1000 Reward: 111.611
---------------------------------------
Evaluation over 10 episodes: 111.318
---------------------------------------
Total T: 461000 Episode Num: 461 Episode T: 1000 Reward: 111.123
Total T: 462000 Episode Num: 462 Episode T: 1000 Reward: 112.355
Total T: 463000 Episode Num: 463 Episode T: 1000 Reward: 113.201
Total T: 464000 Episode Num: 464 Episode T: 1000 Reward: 111.114
Total T: 465000 Episode Num: 465 Episode T: 1000 Reward: 111.348
---------------------------------------
Evaluation over 10 episodes: 109.878
---------------------------------------
Total T: 466000 Episode Num: 466 Episode T: 1000 Reward: 108.935
Total T: 467000 Episode Num: 467 Episode T: 1000 Reward: 110.263
Total T: 468000 Episode Num: 468 Episode T: 1000 Reward: 109.632
Total T: 469000 Episode Num: 469 Episode T: 1000 Reward: 111.682
Total T: 470000 Episode Num: 470 Episode T: 1000 Reward: 109.719
---------------------------------------
Evaluation over 10 episodes: 112.298
---------------------------------------
Total T: 471000 Episode Num: 471 Episode T: 1000 Reward: 110.403
Total T: 472000 Episode Num: 472 Episode T: 1000 Reward: 111.688
Total T: 473000 Episode Num: 473 Episode T: 1000 Reward: 109.354
Total T: 474000 Episode Num: 474 Episode T: 1000 Reward: 108.509
Total T: 475000 Episode Num: 475 Episode T: 1000 Reward: 111.806
---------------------------------------
Evaluation over 10 episodes: 114.866
---------------------------------------
Total T: 476000 Episode Num: 476 Episode T: 1000 Reward: 115.867
Total T: 477000 Episode Num: 477 Episode T: 1000 Reward: 112.471
Total T: 478000 Episode Num: 478 Episode T: 1000 Reward: 109.125
Total T: 479000 Episode Num: 479 Episode T: 1000 Reward: 114.104
Total T: 480000 Episode Num: 480 Episode T: 1000 Reward: 112.117
---------------------------------------
Evaluation over 10 episodes: 110.841
---------------------------------------
Total T: 481000 Episode Num: 481 Episode T: 1000 Reward: 107.017
Total T: 482000 Episode Num: 482 Episode T: 1000 Reward: 110.888
Total T: 483000 Episode Num: 483 Episode T: 1000 Reward: 111.656
Total T: 484000 Episode Num: 484 Episode T: 1000 Reward: 112.205
Total T: 485000 Episode Num: 485 Episode T: 1000 Reward: 113.116
---------------------------------------
Evaluation over 10 episodes: 103.572
---------------------------------------
Total T: 486000 Episode Num: 486 Episode T: 1000 Reward: 112.081
Total T: 487000 Episode Num: 487 Episode T: 1000 Reward: 106.601
Total T: 488000 Episode Num: 488 Episode T: 1000 Reward: 110.490
Total T: 489000 Episode Num: 489 Episode T: 1000 Reward: 109.832
Total T: 490000 Episode Num: 490 Episode T: 1000 Reward: 110.786
---------------------------------------
Evaluation over 10 episodes: 113.601
---------------------------------------
Total T: 491000 Episode Num: 491 Episode T: 1000 Reward: 110.663
Total T: 492000 Episode Num: 492 Episode T: 1000 Reward: 107.906
Total T: 493000 Episode Num: 493 Episode T: 1000 Reward: 112.295
Total T: 494000 Episode Num: 494 Episode T: 1000 Reward: 110.302
Total T: 495000 Episode Num: 495 Episode T: 1000 Reward: 115.007
---------------------------------------
Evaluation over 10 episodes: 112.574
---------------------------------------
Total T: 496000 Episode Num: 496 Episode T: 1000 Reward: 112.834
Total T: 497000 Episode Num: 497 Episode T: 1000 Reward: 114.217
Total T: 498000 Episode Num: 498 Episode T: 1000 Reward: 111.009
Total T: 499000 Episode Num: 499 Episode T: 1000 Reward: 114.089
Total T: 500000 Episode Num: 500 Episode T: 1000 Reward: 112.154
---------------------------------------
Evaluation over 10 episodes: 113.625
---------------------------------------
Total T: 501000 Episode Num: 501 Episode T: 1000 Reward: 114.272
Total T: 502000 Episode Num: 502 Episode T: 1000 Reward: 112.795
Total T: 503000 Episode Num: 503 Episode T: 1000 Reward: 109.947
Total T: 504000 Episode Num: 504 Episode T: 1000 Reward: 110.992
Total T: 505000 Episode Num: 505 Episode T: 1000 Reward: 116.619
---------------------------------------
Evaluation over 10 episodes: 111.254
---------------------------------------
Total T: 506000 Episode Num: 506 Episode T: 1000 Reward: 111.782
Total T: 507000 Episode Num: 507 Episode T: 1000 Reward: 111.813
Total T: 508000 Episode Num: 508 Episode T: 1000 Reward: 113.588
Total T: 509000 Episode Num: 509 Episode T: 1000 Reward: 112.797
Total T: 510000 Episode Num: 510 Episode T: 1000 Reward: 114.458
---------------------------------------
Evaluation over 10 episodes: 111.428
---------------------------------------
Total T: 511000 Episode Num: 511 Episode T: 1000 Reward: 109.582
Total T: 512000 Episode Num: 512 Episode T: 1000 Reward: 111.002
Total T: 513000 Episode Num: 513 Episode T: 1000 Reward: 109.756
Total T: 514000 Episode Num: 514 Episode T: 1000 Reward: 112.130
Total T: 515000 Episode Num: 515 Episode T: 1000 Reward: 111.955
---------------------------------------
Evaluation over 10 episodes: 109.982
---------------------------------------
Total T: 516000 Episode Num: 516 Episode T: 1000 Reward: 114.266
Total T: 517000 Episode Num: 517 Episode T: 1000 Reward: 106.879
Total T: 518000 Episode Num: 518 Episode T: 1000 Reward: 111.038
Total T: 519000 Episode Num: 519 Episode T: 1000 Reward: 111.939
Total T: 520000 Episode Num: 520 Episode T: 1000 Reward: 109.489
---------------------------------------
Evaluation over 10 episodes: 108.860
---------------------------------------
Total T: 521000 Episode Num: 521 Episode T: 1000 Reward: 110.074
Total T: 522000 Episode Num: 522 Episode T: 1000 Reward: 111.902
Total T: 523000 Episode Num: 523 Episode T: 1000 Reward: 111.885
Total T: 524000 Episode Num: 524 Episode T: 1000 Reward: 111.583
Total T: 525000 Episode Num: 525 Episode T: 1000 Reward: 112.238
---------------------------------------
Evaluation over 10 episodes: 111.945
---------------------------------------
Total T: 526000 Episode Num: 526 Episode T: 1000 Reward: 113.390
Total T: 527000 Episode Num: 527 Episode T: 1000 Reward: 109.168
Total T: 528000 Episode Num: 528 Episode T: 1000 Reward: 113.245
Total T: 529000 Episode Num: 529 Episode T: 1000 Reward: 113.014
Total T: 530000 Episode Num: 530 Episode T: 1000 Reward: 113.771
---------------------------------------
Evaluation over 10 episodes: 112.448
---------------------------------------
Total T: 531000 Episode Num: 531 Episode T: 1000 Reward: 113.049
Total T: 532000 Episode Num: 532 Episode T: 1000 Reward: 114.942
Total T: 533000 Episode Num: 533 Episode T: 1000 Reward: 112.367
Total T: 534000 Episode Num: 534 Episode T: 1000 Reward: 113.106
Total T: 535000 Episode Num: 535 Episode T: 1000 Reward: 113.525
---------------------------------------
Evaluation over 10 episodes: 108.497
---------------------------------------
Total T: 536000 Episode Num: 536 Episode T: 1000 Reward: 113.810
Total T: 537000 Episode Num: 537 Episode T: 1000 Reward: 111.949
Total T: 538000 Episode Num: 538 Episode T: 1000 Reward: 111.872
Total T: 539000 Episode Num: 539 Episode T: 1000 Reward: 113.261
Total T: 540000 Episode Num: 540 Episode T: 1000 Reward: 115.417
---------------------------------------
Evaluation over 10 episodes: 108.506
---------------------------------------
Total T: 541000 Episode Num: 541 Episode T: 1000 Reward: 112.826
Total T: 542000 Episode Num: 542 Episode T: 1000 Reward: 112.404
Total T: 543000 Episode Num: 543 Episode T: 1000 Reward: 112.762
Total T: 544000 Episode Num: 544 Episode T: 1000 Reward: 111.638
Total T: 545000 Episode Num: 545 Episode T: 1000 Reward: 115.731
---------------------------------------
Evaluation over 10 episodes: 113.438
---------------------------------------
Total T: 546000 Episode Num: 546 Episode T: 1000 Reward: 114.440
Total T: 547000 Episode Num: 547 Episode T: 1000 Reward: 113.686
Total T: 548000 Episode Num: 548 Episode T: 1000 Reward: 112.663
Total T: 549000 Episode Num: 549 Episode T: 1000 Reward: 111.485
Total T: 550000 Episode Num: 550 Episode T: 1000 Reward: 113.269
---------------------------------------
Evaluation over 10 episodes: 109.483
---------------------------------------
Total T: 551000 Episode Num: 551 Episode T: 1000 Reward: 115.490
Total T: 552000 Episode Num: 552 Episode T: 1000 Reward: 115.545
Total T: 553000 Episode Num: 553 Episode T: 1000 Reward: 114.931
Total T: 554000 Episode Num: 554 Episode T: 1000 Reward: 111.972
Total T: 555000 Episode Num: 555 Episode T: 1000 Reward: 115.042
---------------------------------------
Evaluation over 10 episodes: 113.331
---------------------------------------
Total T: 556000 Episode Num: 556 Episode T: 1000 Reward: 109.365
Total T: 557000 Episode Num: 557 Episode T: 1000 Reward: 115.023
Total T: 558000 Episode Num: 558 Episode T: 1000 Reward: 113.722
Total T: 559000 Episode Num: 559 Episode T: 1000 Reward: 113.795
Total T: 560000 Episode Num: 560 Episode T: 1000 Reward: 113.822
---------------------------------------
Evaluation over 10 episodes: 114.378
---------------------------------------
Total T: 561000 Episode Num: 561 Episode T: 1000 Reward: 114.794
Total T: 562000 Episode Num: 562 Episode T: 1000 Reward: 114.834
Total T: 563000 Episode Num: 563 Episode T: 1000 Reward: 115.965
Total T: 564000 Episode Num: 564 Episode T: 1000 Reward: 114.691
Total T: 565000 Episode Num: 565 Episode T: 1000 Reward: 113.578
---------------------------------------
Evaluation over 10 episodes: 115.396
---------------------------------------
Total T: 566000 Episode Num: 566 Episode T: 1000 Reward: 116.332
Total T: 567000 Episode Num: 567 Episode T: 1000 Reward: 117.000
Total T: 568000 Episode Num: 568 Episode T: 1000 Reward: 115.493
Total T: 569000 Episode Num: 569 Episode T: 1000 Reward: 117.796
Total T: 570000 Episode Num: 570 Episode T: 1000 Reward: 112.254
---------------------------------------
Evaluation over 10 episodes: 112.940
---------------------------------------
Total T: 571000 Episode Num: 571 Episode T: 1000 Reward: 113.683
Total T: 572000 Episode Num: 572 Episode T: 1000 Reward: 115.536
Total T: 573000 Episode Num: 573 Episode T: 1000 Reward: 114.356
Total T: 574000 Episode Num: 574 Episode T: 1000 Reward: 117.030
Total T: 575000 Episode Num: 575 Episode T: 1000 Reward: 114.682
---------------------------------------
Evaluation over 10 episodes: 113.483
---------------------------------------
Total T: 576000 Episode Num: 576 Episode T: 1000 Reward: 113.974
Total T: 577000 Episode Num: 577 Episode T: 1000 Reward: 116.371
Total T: 578000 Episode Num: 578 Episode T: 1000 Reward: 115.443
Total T: 579000 Episode Num: 579 Episode T: 1000 Reward: 112.009
Total T: 580000 Episode Num: 580 Episode T: 1000 Reward: 116.603
---------------------------------------
Evaluation over 10 episodes: 116.261
---------------------------------------
Total T: 581000 Episode Num: 581 Episode T: 1000 Reward: 116.928
Total T: 582000 Episode Num: 582 Episode T: 1000 Reward: 112.252
Total T: 583000 Episode Num: 583 Episode T: 1000 Reward: 115.047
Total T: 584000 Episode Num: 584 Episode T: 1000 Reward: 113.795
Total T: 585000 Episode Num: 585 Episode T: 1000 Reward: 113.311
---------------------------------------
Evaluation over 10 episodes: 112.210
---------------------------------------
Total T: 586000 Episode Num: 586 Episode T: 1000 Reward: 115.478
Total T: 587000 Episode Num: 587 Episode T: 1000 Reward: 116.673
Total T: 588000 Episode Num: 588 Episode T: 1000 Reward: 118.357
Total T: 589000 Episode Num: 589 Episode T: 1000 Reward: 115.526
Total T: 590000 Episode Num: 590 Episode T: 1000 Reward: 114.433
---------------------------------------
Evaluation over 10 episodes: 112.963
---------------------------------------
Total T: 591000 Episode Num: 591 Episode T: 1000 Reward: 116.606
Total T: 592000 Episode Num: 592 Episode T: 1000 Reward: 116.361
Total T: 593000 Episode Num: 593 Episode T: 1000 Reward: 114.424
Total T: 594000 Episode Num: 594 Episode T: 1000 Reward: 115.775
Total T: 595000 Episode Num: 595 Episode T: 1000 Reward: 116.838
---------------------------------------
Evaluation over 10 episodes: 115.675
---------------------------------------
Total T: 596000 Episode Num: 596 Episode T: 1000 Reward: 112.299
Total T: 597000 Episode Num: 597 Episode T: 1000 Reward: 115.226
Total T: 598000 Episode Num: 598 Episode T: 1000 Reward: 115.632
Total T: 599000 Episode Num: 599 Episode T: 1000 Reward: 115.314
Total T: 600000 Episode Num: 600 Episode T: 1000 Reward: 113.594
---------------------------------------
Evaluation over 10 episodes: 115.290
---------------------------------------
Total T: 601000 Episode Num: 601 Episode T: 1000 Reward: 116.384
Total T: 602000 Episode Num: 602 Episode T: 1000 Reward: 112.585
Total T: 603000 Episode Num: 603 Episode T: 1000 Reward: 113.163
Total T: 604000 Episode Num: 604 Episode T: 1000 Reward: 116.400
Total T: 605000 Episode Num: 605 Episode T: 1000 Reward: 115.985
---------------------------------------
Evaluation over 10 episodes: 114.321
---------------------------------------
Total T: 606000 Episode Num: 606 Episode T: 1000 Reward: 116.185
Total T: 607000 Episode Num: 607 Episode T: 1000 Reward: 116.276
Total T: 608000 Episode Num: 608 Episode T: 1000 Reward: 115.163
Total T: 609000 Episode Num: 609 Episode T: 1000 Reward: 113.535
Total T: 610000 Episode Num: 610 Episode T: 1000 Reward: 115.831
---------------------------------------
Evaluation over 10 episodes: 115.116
---------------------------------------
Total T: 611000 Episode Num: 611 Episode T: 1000 Reward: 115.123
Total T: 612000 Episode Num: 612 Episode T: 1000 Reward: 115.874
Total T: 613000 Episode Num: 613 Episode T: 1000 Reward: 117.066
Total T: 614000 Episode Num: 614 Episode T: 1000 Reward: 115.653
Total T: 615000 Episode Num: 615 Episode T: 1000 Reward: 113.052
---------------------------------------
Evaluation over 10 episodes: 114.548
---------------------------------------
Total T: 616000 Episode Num: 616 Episode T: 1000 Reward: 114.408
Total T: 617000 Episode Num: 617 Episode T: 1000 Reward: 114.493
Total T: 618000 Episode Num: 618 Episode T: 1000 Reward: 118.707
Total T: 619000 Episode Num: 619 Episode T: 1000 Reward: 114.165
Total T: 620000 Episode Num: 620 Episode T: 1000 Reward: 114.031
---------------------------------------
Evaluation over 10 episodes: 119.334
---------------------------------------
Total T: 621000 Episode Num: 621 Episode T: 1000 Reward: 116.489
Total T: 622000 Episode Num: 622 Episode T: 1000 Reward: 116.869
Total T: 623000 Episode Num: 623 Episode T: 1000 Reward: 115.702
Total T: 624000 Episode Num: 624 Episode T: 1000 Reward: 118.176
Total T: 625000 Episode Num: 625 Episode T: 1000 Reward: 116.282
---------------------------------------
Evaluation over 10 episodes: 112.866
---------------------------------------
Total T: 626000 Episode Num: 626 Episode T: 1000 Reward: 117.797
Total T: 627000 Episode Num: 627 Episode T: 1000 Reward: 118.841
Total T: 628000 Episode Num: 628 Episode T: 1000 Reward: 115.777
Total T: 629000 Episode Num: 629 Episode T: 1000 Reward: 116.835
Total T: 630000 Episode Num: 630 Episode T: 1000 Reward: 115.014
---------------------------------------
Evaluation over 10 episodes: 113.022
---------------------------------------
Total T: 631000 Episode Num: 631 Episode T: 1000 Reward: 114.548
Total T: 632000 Episode Num: 632 Episode T: 1000 Reward: 116.490
Total T: 633000 Episode Num: 633 Episode T: 1000 Reward: 114.887
Total T: 634000 Episode Num: 634 Episode T: 1000 Reward: 115.992
Total T: 635000 Episode Num: 635 Episode T: 1000 Reward: 109.909
---------------------------------------
Evaluation over 10 episodes: 114.489
---------------------------------------
Total T: 636000 Episode Num: 636 Episode T: 1000 Reward: 115.858
Total T: 637000 Episode Num: 637 Episode T: 1000 Reward: 114.069
Total T: 638000 Episode Num: 638 Episode T: 1000 Reward: 115.305
Total T: 639000 Episode Num: 639 Episode T: 1000 Reward: 114.908
Total T: 640000 Episode Num: 640 Episode T: 1000 Reward: 115.051
---------------------------------------
Evaluation over 10 episodes: 112.197
---------------------------------------
Total T: 641000 Episode Num: 641 Episode T: 1000 Reward: 116.510
Total T: 642000 Episode Num: 642 Episode T: 1000 Reward: 115.781
Total T: 643000 Episode Num: 643 Episode T: 1000 Reward: 116.033
Total T: 644000 Episode Num: 644 Episode T: 1000 Reward: 115.647
Total T: 645000 Episode Num: 645 Episode T: 1000 Reward: 114.095
---------------------------------------
Evaluation over 10 episodes: 110.979
---------------------------------------
Total T: 646000 Episode Num: 646 Episode T: 1000 Reward: 112.925
Total T: 647000 Episode Num: 647 Episode T: 1000 Reward: 116.377
Total T: 648000 Episode Num: 648 Episode T: 1000 Reward: 115.324
Total T: 649000 Episode Num: 649 Episode T: 1000 Reward: 115.055
Total T: 650000 Episode Num: 650 Episode T: 1000 Reward: 116.101
---------------------------------------
Evaluation over 10 episodes: 115.729
---------------------------------------
Total T: 651000 Episode Num: 651 Episode T: 1000 Reward: 118.984
Total T: 652000 Episode Num: 652 Episode T: 1000 Reward: 114.013
Total T: 653000 Episode Num: 653 Episode T: 1000 Reward: 116.601
Total T: 654000 Episode Num: 654 Episode T: 1000 Reward: 116.747
Total T: 655000 Episode Num: 655 Episode T: 1000 Reward: 115.526
---------------------------------------
Evaluation over 10 episodes: 117.497
---------------------------------------
Total T: 656000 Episode Num: 656 Episode T: 1000 Reward: 118.816
Total T: 657000 Episode Num: 657 Episode T: 1000 Reward: 117.451
Total T: 658000 Episode Num: 658 Episode T: 1000 Reward: 118.038
Total T: 659000 Episode Num: 659 Episode T: 1000 Reward: 114.285
Total T: 660000 Episode Num: 660 Episode T: 1000 Reward: 117.477
---------------------------------------
Evaluation over 10 episodes: 121.552
---------------------------------------
Total T: 661000 Episode Num: 661 Episode T: 1000 Reward: 114.453
Total T: 662000 Episode Num: 662 Episode T: 1000 Reward: 114.957
Total T: 663000 Episode Num: 663 Episode T: 1000 Reward: 117.991
Total T: 664000 Episode Num: 664 Episode T: 1000 Reward: 117.406
Total T: 665000 Episode Num: 665 Episode T: 1000 Reward: 114.925
---------------------------------------
Evaluation over 10 episodes: 113.709
---------------------------------------
Total T: 666000 Episode Num: 666 Episode T: 1000 Reward: 120.051
Total T: 667000 Episode Num: 667 Episode T: 1000 Reward: 113.737
Total T: 668000 Episode Num: 668 Episode T: 1000 Reward: 118.339
Total T: 669000 Episode Num: 669 Episode T: 1000 Reward: 116.305
Total T: 670000 Episode Num: 670 Episode T: 1000 Reward: 115.045
---------------------------------------
Evaluation over 10 episodes: 115.983
---------------------------------------
Total T: 671000 Episode Num: 671 Episode T: 1000 Reward: 118.495
Total T: 672000 Episode Num: 672 Episode T: 1000 Reward: 116.738
Total T: 673000 Episode Num: 673 Episode T: 1000 Reward: 114.954
Total T: 674000 Episode Num: 674 Episode T: 1000 Reward: 116.588
Total T: 675000 Episode Num: 675 Episode T: 1000 Reward: 117.845
---------------------------------------
Evaluation over 10 episodes: 116.347
---------------------------------------
Total T: 676000 Episode Num: 676 Episode T: 1000 Reward: 115.295
Total T: 677000 Episode Num: 677 Episode T: 1000 Reward: 117.840
Total T: 678000 Episode Num: 678 Episode T: 1000 Reward: 116.432
Total T: 679000 Episode Num: 679 Episode T: 1000 Reward: 111.593
Total T: 680000 Episode Num: 680 Episode T: 1000 Reward: 114.601
---------------------------------------
Evaluation over 10 episodes: 119.557
---------------------------------------
Total T: 681000 Episode Num: 681 Episode T: 1000 Reward: 116.338
Total T: 682000 Episode Num: 682 Episode T: 1000 Reward: 117.669
Total T: 683000 Episode Num: 683 Episode T: 1000 Reward: 116.435
Total T: 684000 Episode Num: 684 Episode T: 1000 Reward: 117.381
Total T: 685000 Episode Num: 685 Episode T: 1000 Reward: 117.851
---------------------------------------
Evaluation over 10 episodes: 117.741
---------------------------------------
Total T: 686000 Episode Num: 686 Episode T: 1000 Reward: 112.994
Total T: 687000 Episode Num: 687 Episode T: 1000 Reward: 117.293
Total T: 688000 Episode Num: 688 Episode T: 1000 Reward: 117.203
Total T: 689000 Episode Num: 689 Episode T: 1000 Reward: 117.455
Total T: 690000 Episode Num: 690 Episode T: 1000 Reward: 117.828
---------------------------------------
Evaluation over 10 episodes: 113.464
---------------------------------------
Total T: 691000 Episode Num: 691 Episode T: 1000 Reward: 116.245
Total T: 692000 Episode Num: 692 Episode T: 1000 Reward: 117.154
Total T: 693000 Episode Num: 693 Episode T: 1000 Reward: 116.631
Total T: 694000 Episode Num: 694 Episode T: 1000 Reward: 112.595
Total T: 695000 Episode Num: 695 Episode T: 1000 Reward: 114.242
---------------------------------------
Evaluation over 10 episodes: 116.706
---------------------------------------
Total T: 696000 Episode Num: 696 Episode T: 1000 Reward: 115.736
Total T: 697000 Episode Num: 697 Episode T: 1000 Reward: 117.694
Total T: 698000 Episode Num: 698 Episode T: 1000 Reward: 116.914
Total T: 699000 Episode Num: 699 Episode T: 1000 Reward: 118.662
Total T: 700000 Episode Num: 700 Episode T: 1000 Reward: 115.148
---------------------------------------
Evaluation over 10 episodes: 117.749
---------------------------------------
Total T: 701000 Episode Num: 701 Episode T: 1000 Reward: 117.297
Total T: 702000 Episode Num: 702 Episode T: 1000 Reward: 117.677
Total T: 703000 Episode Num: 703 Episode T: 1000 Reward: 114.203
Total T: 704000 Episode Num: 704 Episode T: 1000 Reward: 117.236
Total T: 705000 Episode Num: 705 Episode T: 1000 Reward: 116.791
---------------------------------------
Evaluation over 10 episodes: 114.477
---------------------------------------
Total T: 706000 Episode Num: 706 Episode T: 1000 Reward: 117.975
Total T: 707000 Episode Num: 707 Episode T: 1000 Reward: 119.043
Total T: 708000 Episode Num: 708 Episode T: 1000 Reward: 115.967
Total T: 709000 Episode Num: 709 Episode T: 1000 Reward: 117.636
Total T: 710000 Episode Num: 710 Episode T: 1000 Reward: 116.556
---------------------------------------
Evaluation over 10 episodes: 117.497
---------------------------------------
Total T: 711000 Episode Num: 711 Episode T: 1000 Reward: 117.593
Total T: 712000 Episode Num: 712 Episode T: 1000 Reward: 115.473
Total T: 713000 Episode Num: 713 Episode T: 1000 Reward: 118.474
Total T: 714000 Episode Num: 714 Episode T: 1000 Reward: 116.170
Total T: 715000 Episode Num: 715 Episode T: 1000 Reward: 116.863
---------------------------------------
Evaluation over 10 episodes: 115.825
---------------------------------------
Total T: 716000 Episode Num: 716 Episode T: 1000 Reward: 118.976
Total T: 717000 Episode Num: 717 Episode T: 1000 Reward: 117.785
Total T: 718000 Episode Num: 718 Episode T: 1000 Reward: 116.062
Total T: 719000 Episode Num: 719 Episode T: 1000 Reward: 116.917
Total T: 720000 Episode Num: 720 Episode T: 1000 Reward: 110.802
---------------------------------------
Evaluation over 10 episodes: 116.393
---------------------------------------
Total T: 721000 Episode Num: 721 Episode T: 1000 Reward: 113.329
Total T: 722000 Episode Num: 722 Episode T: 1000 Reward: 116.372
Total T: 723000 Episode Num: 723 Episode T: 1000 Reward: 117.745
Total T: 724000 Episode Num: 724 Episode T: 1000 Reward: 116.830
Total T: 725000 Episode Num: 725 Episode T: 1000 Reward: 118.433
---------------------------------------
Evaluation over 10 episodes: 119.218
---------------------------------------
Total T: 726000 Episode Num: 726 Episode T: 1000 Reward: 118.253
Total T: 727000 Episode Num: 727 Episode T: 1000 Reward: 115.332
Total T: 728000 Episode Num: 728 Episode T: 1000 Reward: 118.345
Total T: 729000 Episode Num: 729 Episode T: 1000 Reward: 118.502
Total T: 730000 Episode Num: 730 Episode T: 1000 Reward: 113.999
---------------------------------------
Evaluation over 10 episodes: 114.003
---------------------------------------
Total T: 731000 Episode Num: 731 Episode T: 1000 Reward: 119.022
Total T: 732000 Episode Num: 732 Episode T: 1000 Reward: 117.681
Total T: 733000 Episode Num: 733 Episode T: 1000 Reward: 114.575
Total T: 734000 Episode Num: 734 Episode T: 1000 Reward: 118.030
Total T: 735000 Episode Num: 735 Episode T: 1000 Reward: 118.713
---------------------------------------
Evaluation over 10 episodes: 120.714
---------------------------------------
Total T: 736000 Episode Num: 736 Episode T: 1000 Reward: 114.351
Total T: 737000 Episode Num: 737 Episode T: 1000 Reward: 117.746
Total T: 738000 Episode Num: 738 Episode T: 1000 Reward: 117.450
Total T: 739000 Episode Num: 739 Episode T: 1000 Reward: 117.627
Total T: 740000 Episode Num: 740 Episode T: 1000 Reward: 119.007
---------------------------------------
Evaluation over 10 episodes: 118.527
---------------------------------------
Total T: 741000 Episode Num: 741 Episode T: 1000 Reward: 117.379
Total T: 742000 Episode Num: 742 Episode T: 1000 Reward: 118.358
Total T: 743000 Episode Num: 743 Episode T: 1000 Reward: 119.916
Total T: 744000 Episode Num: 744 Episode T: 1000 Reward: 115.569
Total T: 745000 Episode Num: 745 Episode T: 1000 Reward: 119.733
---------------------------------------
Evaluation over 10 episodes: 115.130
---------------------------------------
Total T: 746000 Episode Num: 746 Episode T: 1000 Reward: 115.586
Total T: 747000 Episode Num: 747 Episode T: 1000 Reward: 118.465
Total T: 748000 Episode Num: 748 Episode T: 1000 Reward: 117.430
Total T: 749000 Episode Num: 749 Episode T: 1000 Reward: 115.909
Total T: 750000 Episode Num: 750 Episode T: 1000 Reward: 117.850
---------------------------------------
Evaluation over 10 episodes: 116.214
---------------------------------------
Total T: 751000 Episode Num: 751 Episode T: 1000 Reward: 117.570
Total T: 752000 Episode Num: 752 Episode T: 1000 Reward: 116.611
Total T: 753000 Episode Num: 753 Episode T: 1000 Reward: 117.542
Total T: 754000 Episode Num: 754 Episode T: 1000 Reward: 116.496
Total T: 755000 Episode Num: 755 Episode T: 1000 Reward: 113.044
---------------------------------------
Evaluation over 10 episodes: 118.086
---------------------------------------
Total T: 756000 Episode Num: 756 Episode T: 1000 Reward: 117.813
Total T: 757000 Episode Num: 757 Episode T: 1000 Reward: 116.045
Total T: 758000 Episode Num: 758 Episode T: 1000 Reward: 119.249
Total T: 759000 Episode Num: 759 Episode T: 1000 Reward: 119.300
Total T: 760000 Episode Num: 760 Episode T: 1000 Reward: 116.193
---------------------------------------
Evaluation over 10 episodes: 120.790
---------------------------------------
Total T: 761000 Episode Num: 761 Episode T: 1000 Reward: 119.057
Total T: 762000 Episode Num: 762 Episode T: 1000 Reward: 120.334
Total T: 763000 Episode Num: 763 Episode T: 1000 Reward: 117.686
Total T: 764000 Episode Num: 764 Episode T: 1000 Reward: 120.036
Total T: 765000 Episode Num: 765 Episode T: 1000 Reward: 118.536
---------------------------------------
Evaluation over 10 episodes: 118.758
---------------------------------------
Total T: 766000 Episode Num: 766 Episode T: 1000 Reward: 116.071
Total T: 767000 Episode Num: 767 Episode T: 1000 Reward: 117.232
Total T: 768000 Episode Num: 768 Episode T: 1000 Reward: 118.003
Total T: 769000 Episode Num: 769 Episode T: 1000 Reward: 118.469
Total T: 770000 Episode Num: 770 Episode T: 1000 Reward: 119.681
---------------------------------------
Evaluation over 10 episodes: 117.430
---------------------------------------
Total T: 771000 Episode Num: 771 Episode T: 1000 Reward: 118.095
Total T: 772000 Episode Num: 772 Episode T: 1000 Reward: 119.938
Total T: 773000 Episode Num: 773 Episode T: 1000 Reward: 118.343
Total T: 774000 Episode Num: 774 Episode T: 1000 Reward: 118.364
Total T: 775000 Episode Num: 775 Episode T: 1000 Reward: 121.049
---------------------------------------
Evaluation over 10 episodes: 120.395
---------------------------------------
Total T: 776000 Episode Num: 776 Episode T: 1000 Reward: 117.105
Total T: 777000 Episode Num: 777 Episode T: 1000 Reward: 117.960
Total T: 778000 Episode Num: 778 Episode T: 1000 Reward: 120.584
Total T: 779000 Episode Num: 779 Episode T: 1000 Reward: 120.906
Total T: 780000 Episode Num: 780 Episode T: 1000 Reward: 118.148
---------------------------------------
Evaluation over 10 episodes: 121.029
---------------------------------------
Total T: 781000 Episode Num: 781 Episode T: 1000 Reward: 120.970
Total T: 782000 Episode Num: 782 Episode T: 1000 Reward: 119.366
Total T: 783000 Episode Num: 783 Episode T: 1000 Reward: 120.910
Total T: 784000 Episode Num: 784 Episode T: 1000 Reward: 119.249
Total T: 785000 Episode Num: 785 Episode T: 1000 Reward: 118.278
---------------------------------------
Evaluation over 10 episodes: 117.292
---------------------------------------
Total T: 786000 Episode Num: 786 Episode T: 1000 Reward: 119.814
Total T: 787000 Episode Num: 787 Episode T: 1000 Reward: 120.234
Total T: 788000 Episode Num: 788 Episode T: 1000 Reward: 119.601
Total T: 789000 Episode Num: 789 Episode T: 1000 Reward: 118.591
Total T: 790000 Episode Num: 790 Episode T: 1000 Reward: 119.074
---------------------------------------
Evaluation over 10 episodes: 119.650
---------------------------------------
Total T: 791000 Episode Num: 791 Episode T: 1000 Reward: 119.142
Total T: 792000 Episode Num: 792 Episode T: 1000 Reward: 119.638
Total T: 793000 Episode Num: 793 Episode T: 1000 Reward: 118.111
Total T: 794000 Episode Num: 794 Episode T: 1000 Reward: 119.849
Total T: 795000 Episode Num: 795 Episode T: 1000 Reward: 119.930
---------------------------------------
Evaluation over 10 episodes: 116.610
---------------------------------------
Total T: 796000 Episode Num: 796 Episode T: 1000 Reward: 121.238
Total T: 797000 Episode Num: 797 Episode T: 1000 Reward: 115.944
Total T: 798000 Episode Num: 798 Episode T: 1000 Reward: 120.901
Total T: 799000 Episode Num: 799 Episode T: 1000 Reward: 118.823
Total T: 800000 Episode Num: 800 Episode T: 1000 Reward: 120.873
---------------------------------------
Evaluation over 10 episodes: 121.273
---------------------------------------
Total T: 801000 Episode Num: 801 Episode T: 1000 Reward: 118.514
Total T: 802000 Episode Num: 802 Episode T: 1000 Reward: 118.904
Total T: 803000 Episode Num: 803 Episode T: 1000 Reward: 120.236
Total T: 804000 Episode Num: 804 Episode T: 1000 Reward: 118.922
Total T: 805000 Episode Num: 805 Episode T: 1000 Reward: 117.863
---------------------------------------
Evaluation over 10 episodes: 117.261
---------------------------------------
Total T: 806000 Episode Num: 806 Episode T: 1000 Reward: 118.195
Total T: 807000 Episode Num: 807 Episode T: 1000 Reward: 121.696
Total T: 808000 Episode Num: 808 Episode T: 1000 Reward: 114.321
Total T: 809000 Episode Num: 809 Episode T: 1000 Reward: 119.434
Total T: 810000 Episode Num: 810 Episode T: 1000 Reward: 118.608
---------------------------------------
Evaluation over 10 episodes: 117.580
---------------------------------------
Total T: 811000 Episode Num: 811 Episode T: 1000 Reward: 118.422
Total T: 812000 Episode Num: 812 Episode T: 1000 Reward: 118.494
Total T: 813000 Episode Num: 813 Episode T: 1000 Reward: 116.977
Total T: 814000 Episode Num: 814 Episode T: 1000 Reward: 118.456
Total T: 815000 Episode Num: 815 Episode T: 1000 Reward: 117.683
---------------------------------------
Evaluation over 10 episodes: 118.643
---------------------------------------
Total T: 816000 Episode Num: 816 Episode T: 1000 Reward: 118.017
Total T: 817000 Episode Num: 817 Episode T: 1000 Reward: 117.540
Total T: 818000 Episode Num: 818 Episode T: 1000 Reward: 116.789
Total T: 819000 Episode Num: 819 Episode T: 1000 Reward: 119.585
Total T: 820000 Episode Num: 820 Episode T: 1000 Reward: 118.874
---------------------------------------
Evaluation over 10 episodes: 119.603
---------------------------------------
Total T: 821000 Episode Num: 821 Episode T: 1000 Reward: 119.807
Total T: 822000 Episode Num: 822 Episode T: 1000 Reward: 117.161
Total T: 823000 Episode Num: 823 Episode T: 1000 Reward: 119.778
Total T: 824000 Episode Num: 824 Episode T: 1000 Reward: 116.918
Total T: 825000 Episode Num: 825 Episode T: 1000 Reward: 119.478
---------------------------------------
Evaluation over 10 episodes: 118.249
---------------------------------------
Total T: 826000 Episode Num: 826 Episode T: 1000 Reward: 119.285
Total T: 827000 Episode Num: 827 Episode T: 1000 Reward: 116.450
Total T: 828000 Episode Num: 828 Episode T: 1000 Reward: 121.104
Total T: 829000 Episode Num: 829 Episode T: 1000 Reward: 119.334
Total T: 830000 Episode Num: 830 Episode T: 1000 Reward: 117.623
---------------------------------------
Evaluation over 10 episodes: 119.518
---------------------------------------
Total T: 831000 Episode Num: 831 Episode T: 1000 Reward: 120.361
Total T: 832000 Episode Num: 832 Episode T: 1000 Reward: 117.248
Total T: 833000 Episode Num: 833 Episode T: 1000 Reward: 119.133
Total T: 834000 Episode Num: 834 Episode T: 1000 Reward: 117.151
Total T: 835000 Episode Num: 835 Episode T: 1000 Reward: 118.255
---------------------------------------
Evaluation over 10 episodes: 120.995
---------------------------------------
Total T: 836000 Episode Num: 836 Episode T: 1000 Reward: 119.446
Total T: 837000 Episode Num: 837 Episode T: 1000 Reward: 115.759
Total T: 838000 Episode Num: 838 Episode T: 1000 Reward: 117.528
Total T: 839000 Episode Num: 839 Episode T: 1000 Reward: 120.528
Total T: 840000 Episode Num: 840 Episode T: 1000 Reward: 119.776
---------------------------------------
Evaluation over 10 episodes: 120.519
---------------------------------------
Total T: 841000 Episode Num: 841 Episode T: 1000 Reward: 118.979
Total T: 842000 Episode Num: 842 Episode T: 1000 Reward: 117.688
Total T: 843000 Episode Num: 843 Episode T: 1000 Reward: 118.575
Total T: 844000 Episode Num: 844 Episode T: 1000 Reward: 119.351
Total T: 845000 Episode Num: 845 Episode T: 1000 Reward: 119.933
---------------------------------------
Evaluation over 10 episodes: 119.843
---------------------------------------
Total T: 846000 Episode Num: 846 Episode T: 1000 Reward: 118.542
Total T: 847000 Episode Num: 847 Episode T: 1000 Reward: 118.579
Total T: 848000 Episode Num: 848 Episode T: 1000 Reward: 118.745
Total T: 849000 Episode Num: 849 Episode T: 1000 Reward: 120.412
Total T: 850000 Episode Num: 850 Episode T: 1000 Reward: 114.473
---------------------------------------
Evaluation over 10 episodes: 121.742
---------------------------------------
Total T: 851000 Episode Num: 851 Episode T: 1000 Reward: 123.453
Total T: 852000 Episode Num: 852 Episode T: 1000 Reward: 120.069
Total T: 853000 Episode Num: 853 Episode T: 1000 Reward: 120.497
Total T: 854000 Episode Num: 854 Episode T: 1000 Reward: 119.227
Total T: 855000 Episode Num: 855 Episode T: 1000 Reward: 117.527
---------------------------------------
Evaluation over 10 episodes: 118.026
---------------------------------------
Total T: 856000 Episode Num: 856 Episode T: 1000 Reward: 116.376
Total T: 857000 Episode Num: 857 Episode T: 1000 Reward: 120.431
Total T: 858000 Episode Num: 858 Episode T: 1000 Reward: 122.058
Total T: 859000 Episode Num: 859 Episode T: 1000 Reward: 117.869
Total T: 860000 Episode Num: 860 Episode T: 1000 Reward: 119.592
---------------------------------------
Evaluation over 10 episodes: 118.661
---------------------------------------
Total T: 861000 Episode Num: 861 Episode T: 1000 Reward: 115.207
Total T: 862000 Episode Num: 862 Episode T: 1000 Reward: 119.098
Total T: 863000 Episode Num: 863 Episode T: 1000 Reward: 121.809
Total T: 864000 Episode Num: 864 Episode T: 1000 Reward: 117.893
Total T: 865000 Episode Num: 865 Episode T: 1000 Reward: 119.781
---------------------------------------
Evaluation over 10 episodes: 118.395
---------------------------------------
Total T: 866000 Episode Num: 866 Episode T: 1000 Reward: 120.396
Total T: 867000 Episode Num: 867 Episode T: 1000 Reward: 121.154
Total T: 868000 Episode Num: 868 Episode T: 1000 Reward: 121.484
Total T: 869000 Episode Num: 869 Episode T: 1000 Reward: 119.215
Total T: 870000 Episode Num: 870 Episode T: 1000 Reward: 116.159
---------------------------------------
Evaluation over 10 episodes: 119.784
---------------------------------------
Total T: 871000 Episode Num: 871 Episode T: 1000 Reward: 117.466
Total T: 872000 Episode Num: 872 Episode T: 1000 Reward: 114.102
Total T: 873000 Episode Num: 873 Episode T: 1000 Reward: 119.006
Total T: 874000 Episode Num: 874 Episode T: 1000 Reward: 119.427
Total T: 875000 Episode Num: 875 Episode T: 1000 Reward: 121.625
---------------------------------------
Evaluation over 10 episodes: 118.770
---------------------------------------
Total T: 876000 Episode Num: 876 Episode T: 1000 Reward: 114.739
Total T: 877000 Episode Num: 877 Episode T: 1000 Reward: 120.808
Total T: 878000 Episode Num: 878 Episode T: 1000 Reward: 122.156
Total T: 879000 Episode Num: 879 Episode T: 1000 Reward: 116.810
Total T: 880000 Episode Num: 880 Episode T: 1000 Reward: 120.704
---------------------------------------
Evaluation over 10 episodes: 119.134
---------------------------------------
Total T: 881000 Episode Num: 881 Episode T: 1000 Reward: 118.009
Total T: 882000 Episode Num: 882 Episode T: 1000 Reward: 119.685
Total T: 883000 Episode Num: 883 Episode T: 1000 Reward: 121.945
Total T: 884000 Episode Num: 884 Episode T: 1000 Reward: 117.023
Total T: 885000 Episode Num: 885 Episode T: 1000 Reward: 120.151
---------------------------------------
Evaluation over 10 episodes: 116.958
---------------------------------------
Total T: 886000 Episode Num: 886 Episode T: 1000 Reward: 116.601
Total T: 887000 Episode Num: 887 Episode T: 1000 Reward: 120.113
Total T: 888000 Episode Num: 888 Episode T: 1000 Reward: 119.005
Total T: 889000 Episode Num: 889 Episode T: 1000 Reward: 119.448
Total T: 890000 Episode Num: 890 Episode T: 1000 Reward: 118.647
---------------------------------------
Evaluation over 10 episodes: 117.877
---------------------------------------
Total T: 891000 Episode Num: 891 Episode T: 1000 Reward: 121.800
Total T: 892000 Episode Num: 892 Episode T: 1000 Reward: 122.562
Total T: 893000 Episode Num: 893 Episode T: 1000 Reward: 121.192
Total T: 894000 Episode Num: 894 Episode T: 1000 Reward: 119.737
Total T: 895000 Episode Num: 895 Episode T: 1000 Reward: 125.655
---------------------------------------
Evaluation over 10 episodes: 120.526
---------------------------------------
Total T: 896000 Episode Num: 896 Episode T: 1000 Reward: 121.755
Total T: 897000 Episode Num: 897 Episode T: 1000 Reward: 117.758
Total T: 898000 Episode Num: 898 Episode T: 1000 Reward: 121.677
Total T: 899000 Episode Num: 899 Episode T: 1000 Reward: 119.677
Total T: 900000 Episode Num: 900 Episode T: 1000 Reward: 124.415
---------------------------------------
Evaluation over 10 episodes: 120.124
---------------------------------------
Total T: 901000 Episode Num: 901 Episode T: 1000 Reward: 119.551
Total T: 902000 Episode Num: 902 Episode T: 1000 Reward: 121.472
Total T: 903000 Episode Num: 903 Episode T: 1000 Reward: 118.659
Total T: 904000 Episode Num: 904 Episode T: 1000 Reward: 121.457
Total T: 905000 Episode Num: 905 Episode T: 1000 Reward: 118.661
---------------------------------------
Evaluation over 10 episodes: 119.083
---------------------------------------
Total T: 906000 Episode Num: 906 Episode T: 1000 Reward: 121.584
Total T: 907000 Episode Num: 907 Episode T: 1000 Reward: 121.225
Total T: 908000 Episode Num: 908 Episode T: 1000 Reward: 119.427
Total T: 909000 Episode Num: 909 Episode T: 1000 Reward: 122.070
Total T: 910000 Episode Num: 910 Episode T: 1000 Reward: 121.102
---------------------------------------
Evaluation over 10 episodes: 118.153
---------------------------------------
Total T: 911000 Episode Num: 911 Episode T: 1000 Reward: 119.217
Total T: 912000 Episode Num: 912 Episode T: 1000 Reward: 118.244
Total T: 913000 Episode Num: 913 Episode T: 1000 Reward: 119.750
Total T: 914000 Episode Num: 914 Episode T: 1000 Reward: 118.353
Total T: 915000 Episode Num: 915 Episode T: 1000 Reward: 121.365
---------------------------------------
Evaluation over 10 episodes: 121.349
---------------------------------------
Total T: 916000 Episode Num: 916 Episode T: 1000 Reward: 119.061
Total T: 917000 Episode Num: 917 Episode T: 1000 Reward: 121.153
Total T: 918000 Episode Num: 918 Episode T: 1000 Reward: 121.930
Total T: 919000 Episode Num: 919 Episode T: 1000 Reward: 120.314
Total T: 920000 Episode Num: 920 Episode T: 1000 Reward: 119.026
---------------------------------------
Evaluation over 10 episodes: 117.938
---------------------------------------
Total T: 921000 Episode Num: 921 Episode T: 1000 Reward: 121.257
Total T: 922000 Episode Num: 922 Episode T: 1000 Reward: 118.547
Total T: 923000 Episode Num: 923 Episode T: 1000 Reward: 119.821
Total T: 924000 Episode Num: 924 Episode T: 1000 Reward: 120.462
Total T: 925000 Episode Num: 925 Episode T: 1000 Reward: 119.912
---------------------------------------
Evaluation over 10 episodes: 119.405
---------------------------------------
Total T: 926000 Episode Num: 926 Episode T: 1000 Reward: 116.549
Total T: 927000 Episode Num: 927 Episode T: 1000 Reward: 118.377
Total T: 928000 Episode Num: 928 Episode T: 1000 Reward: 121.368
Total T: 929000 Episode Num: 929 Episode T: 1000 Reward: 118.021
Total T: 930000 Episode Num: 930 Episode T: 1000 Reward: 120.223
---------------------------------------
Evaluation over 10 episodes: 119.574
---------------------------------------
Total T: 931000 Episode Num: 931 Episode T: 1000 Reward: 118.985
Total T: 932000 Episode Num: 932 Episode T: 1000 Reward: 119.246
Total T: 933000 Episode Num: 933 Episode T: 1000 Reward: 116.415
Total T: 934000 Episode Num: 934 Episode T: 1000 Reward: 115.877
Total T: 935000 Episode Num: 935 Episode T: 1000 Reward: 121.396
---------------------------------------
Evaluation over 10 episodes: 119.087
---------------------------------------
Total T: 936000 Episode Num: 936 Episode T: 1000 Reward: 120.822
Total T: 937000 Episode Num: 937 Episode T: 1000 Reward: 118.590
Total T: 938000 Episode Num: 938 Episode T: 1000 Reward: 121.069
Total T: 939000 Episode Num: 939 Episode T: 1000 Reward: 121.436
Total T: 940000 Episode Num: 940 Episode T: 1000 Reward: 118.403
---------------------------------------
Evaluation over 10 episodes: 117.653
---------------------------------------
Total T: 941000 Episode Num: 941 Episode T: 1000 Reward: 117.651
Total T: 942000 Episode Num: 942 Episode T: 1000 Reward: 119.014
Total T: 943000 Episode Num: 943 Episode T: 1000 Reward: 122.098
Total T: 944000 Episode Num: 944 Episode T: 1000 Reward: 119.826
Total T: 945000 Episode Num: 945 Episode T: 1000 Reward: 119.942
---------------------------------------
Evaluation over 10 episodes: 121.708
---------------------------------------
Total T: 946000 Episode Num: 946 Episode T: 1000 Reward: 120.809
Total T: 947000 Episode Num: 947 Episode T: 1000 Reward: 122.050
Total T: 948000 Episode Num: 948 Episode T: 1000 Reward: 120.616
Total T: 949000 Episode Num: 949 Episode T: 1000 Reward: 121.270
Total T: 950000 Episode Num: 950 Episode T: 1000 Reward: 122.100
---------------------------------------
Evaluation over 10 episodes: 118.761
---------------------------------------
Total T: 951000 Episode Num: 951 Episode T: 1000 Reward: 121.929
Total T: 952000 Episode Num: 952 Episode T: 1000 Reward: 117.541
Total T: 953000 Episode Num: 953 Episode T: 1000 Reward: 120.093
Total T: 954000 Episode Num: 954 Episode T: 1000 Reward: 117.764
Total T: 955000 Episode Num: 955 Episode T: 1000 Reward: 118.867
---------------------------------------
Evaluation over 10 episodes: 117.704
---------------------------------------
Total T: 956000 Episode Num: 956 Episode T: 1000 Reward: 119.622
Total T: 957000 Episode Num: 957 Episode T: 1000 Reward: 122.778
Total T: 958000 Episode Num: 958 Episode T: 1000 Reward: 120.182
Total T: 959000 Episode Num: 959 Episode T: 1000 Reward: 122.488
Total T: 960000 Episode Num: 960 Episode T: 1000 Reward: 120.412
---------------------------------------
Evaluation over 10 episodes: 121.182
---------------------------------------
Total T: 961000 Episode Num: 961 Episode T: 1000 Reward: 120.213
Total T: 962000 Episode Num: 962 Episode T: 1000 Reward: 119.168
Total T: 963000 Episode Num: 963 Episode T: 1000 Reward: 125.683
Total T: 964000 Episode Num: 964 Episode T: 1000 Reward: 118.508
Total T: 965000 Episode Num: 965 Episode T: 1000 Reward: 120.390
---------------------------------------
Evaluation over 10 episodes: 120.164
---------------------------------------
Total T: 966000 Episode Num: 966 Episode T: 1000 Reward: 117.801
Total T: 967000 Episode Num: 967 Episode T: 1000 Reward: 121.041
Total T: 968000 Episode Num: 968 Episode T: 1000 Reward: 120.111
Total T: 969000 Episode Num: 969 Episode T: 1000 Reward: 122.794
Total T: 970000 Episode Num: 970 Episode T: 1000 Reward: 119.559
---------------------------------------
Evaluation over 10 episodes: 120.182
---------------------------------------
Total T: 971000 Episode Num: 971 Episode T: 1000 Reward: 121.776
Total T: 972000 Episode Num: 972 Episode T: 1000 Reward: 121.394
Total T: 973000 Episode Num: 973 Episode T: 1000 Reward: 119.963
Total T: 974000 Episode Num: 974 Episode T: 1000 Reward: 121.938
Total T: 975000 Episode Num: 975 Episode T: 1000 Reward: 120.457
---------------------------------------
Evaluation over 10 episodes: 120.629
---------------------------------------
Total T: 976000 Episode Num: 976 Episode T: 1000 Reward: 122.791
Total T: 977000 Episode Num: 977 Episode T: 1000 Reward: 120.729
Total T: 978000 Episode Num: 978 Episode T: 1000 Reward: 121.689
Total T: 979000 Episode Num: 979 Episode T: 1000 Reward: 119.940
Total T: 980000 Episode Num: 980 Episode T: 1000 Reward: 121.749
---------------------------------------
Evaluation over 10 episodes: 120.627
---------------------------------------
Total T: 981000 Episode Num: 981 Episode T: 1000 Reward: 121.578
Total T: 982000 Episode Num: 982 Episode T: 1000 Reward: 122.560
Total T: 983000 Episode Num: 983 Episode T: 1000 Reward: 120.709
Total T: 984000 Episode Num: 984 Episode T: 1000 Reward: 122.493
Total T: 985000 Episode Num: 985 Episode T: 1000 Reward: 120.560
---------------------------------------
Evaluation over 10 episodes: 121.800
---------------------------------------
Total T: 986000 Episode Num: 986 Episode T: 1000 Reward: 121.070
Total T: 987000 Episode Num: 987 Episode T: 1000 Reward: 121.293
Total T: 988000 Episode Num: 988 Episode T: 1000 Reward: 120.417
Total T: 989000 Episode Num: 989 Episode T: 1000 Reward: 120.579
Total T: 990000 Episode Num: 990 Episode T: 1000 Reward: 120.654
---------------------------------------
Evaluation over 10 episodes: 121.397
---------------------------------------
Total T: 991000 Episode Num: 991 Episode T: 1000 Reward: 122.127
Total T: 992000 Episode Num: 992 Episode T: 1000 Reward: 118.845
Total T: 993000 Episode Num: 993 Episode T: 1000 Reward: 120.485
Total T: 994000 Episode Num: 994 Episode T: 1000 Reward: 121.696
Total T: 995000 Episode Num: 995 Episode T: 1000 Reward: 122.255
---------------------------------------
Evaluation over 10 episodes: 119.510
---------------------------------------
Total T: 996000 Episode Num: 996 Episode T: 1000 Reward: 121.574
Total T: 997000 Episode Num: 997 Episode T: 1000 Reward: 117.447
Total T: 998000 Episode Num: 998 Episode T: 1000 Reward: 120.526
Total T: 999000 Episode Num: 999 Episode T: 1000 Reward: 121.603
Total T: 1000000 Episode Num: 1000 Episode T: 1000 Reward: 115.926
---------------------------------------
Evaluation over 10 episodes: 119.362
---------------------------------------
