---------------------------------------
Policy: TD3, Env: HalfCheetah-v2, Seed: 0
---------------------------------------
---------------------------------------
Evaluation over 10 episodes: -0.949
---------------------------------------
Total T: 1000 Episode Num: 1 Episode T: 1000 Reward: -195.065
Total T: 2000 Episode Num: 2 Episode T: 1000 Reward: -277.617
Total T: 3000 Episode Num: 3 Episode T: 1000 Reward: -265.398
Total T: 4000 Episode Num: 4 Episode T: 1000 Reward: -312.173
Total T: 5000 Episode Num: 5 Episode T: 1000 Reward: -375.401
---------------------------------------
Evaluation over 10 episodes: -0.946
---------------------------------------
Total T: 6000 Episode Num: 6 Episode T: 1000 Reward: -345.020
Total T: 7000 Episode Num: 7 Episode T: 1000 Reward: -179.456
Total T: 8000 Episode Num: 8 Episode T: 1000 Reward: -158.246
Total T: 9000 Episode Num: 9 Episode T: 1000 Reward: -237.640
Total T: 10000 Episode Num: 10 Episode T: 1000 Reward: -409.441
---------------------------------------
Evaluation over 10 episodes: -0.946
---------------------------------------
Total T: 11000 Episode Num: 11 Episode T: 1000 Reward: -264.552
Total T: 12000 Episode Num: 12 Episode T: 1000 Reward: -275.901
Total T: 13000 Episode Num: 13 Episode T: 1000 Reward: -184.759
Total T: 14000 Episode Num: 14 Episode T: 1000 Reward: -360.152
Total T: 15000 Episode Num: 15 Episode T: 1000 Reward: -448.343
---------------------------------------
Evaluation over 10 episodes: -0.947
---------------------------------------
Total T: 16000 Episode Num: 16 Episode T: 1000 Reward: -208.826
Total T: 17000 Episode Num: 17 Episode T: 1000 Reward: -111.533
Total T: 18000 Episode Num: 18 Episode T: 1000 Reward: -246.947
Total T: 19000 Episode Num: 19 Episode T: 1000 Reward: -258.917
Total T: 20000 Episode Num: 20 Episode T: 1000 Reward: -290.479
---------------------------------------
Evaluation over 10 episodes: -0.944
---------------------------------------
Total T: 21000 Episode Num: 21 Episode T: 1000 Reward: -304.709
Total T: 22000 Episode Num: 22 Episode T: 1000 Reward: -288.530
Total T: 23000 Episode Num: 23 Episode T: 1000 Reward: -501.835
Total T: 24000 Episode Num: 24 Episode T: 1000 Reward: -189.056
Total T: 25000 Episode Num: 25 Episode T: 1000 Reward: -532.519
---------------------------------------
Evaluation over 10 episodes: -0.945
---------------------------------------
Total T: 26000 Episode Num: 26 Episode T: 1000 Reward: -325.180
Total T: 27000 Episode Num: 27 Episode T: 1000 Reward: -313.970
Total T: 28000 Episode Num: 28 Episode T: 1000 Reward: -440.162
Total T: 29000 Episode Num: 29 Episode T: 1000 Reward: -251.914
Total T: 30000 Episode Num: 30 Episode T: 1000 Reward: -214.638
---------------------------------------
Evaluation over 10 episodes: -245.893
---------------------------------------
Total T: 31000 Episode Num: 31 Episode T: 1000 Reward: -399.339
Total T: 32000 Episode Num: 32 Episode T: 1000 Reward: -456.165
Total T: 33000 Episode Num: 33 Episode T: 1000 Reward: -148.962
Total T: 34000 Episode Num: 34 Episode T: 1000 Reward: 20.120
Total T: 35000 Episode Num: 35 Episode T: 1000 Reward: 46.969
---------------------------------------
Evaluation over 10 episodes: -23.997
---------------------------------------
Total T: 36000 Episode Num: 36 Episode T: 1000 Reward: -49.724
Total T: 37000 Episode Num: 37 Episode T: 1000 Reward: -253.114
Total T: 38000 Episode Num: 38 Episode T: 1000 Reward: -308.098
Total T: 39000 Episode Num: 39 Episode T: 1000 Reward: -162.088
Total T: 40000 Episode Num: 40 Episode T: 1000 Reward: 57.825
---------------------------------------
Evaluation over 10 episodes: 139.305
---------------------------------------
Total T: 41000 Episode Num: 41 Episode T: 1000 Reward: -0.671
Total T: 42000 Episode Num: 42 Episode T: 1000 Reward: 107.221
Total T: 43000 Episode Num: 43 Episode T: 1000 Reward: 132.774
Total T: 44000 Episode Num: 44 Episode T: 1000 Reward: 594.314
Total T: 45000 Episode Num: 45 Episode T: 1000 Reward: 292.393
---------------------------------------
Evaluation over 10 episodes: 141.855
---------------------------------------
Total T: 46000 Episode Num: 46 Episode T: 1000 Reward: 102.728
Total T: 47000 Episode Num: 47 Episode T: 1000 Reward: 726.064
Total T: 48000 Episode Num: 48 Episode T: 1000 Reward: 1240.809
Total T: 49000 Episode Num: 49 Episode T: 1000 Reward: 643.900
Total T: 50000 Episode Num: 50 Episode T: 1000 Reward: 507.735
---------------------------------------
Evaluation over 10 episodes: 917.792
---------------------------------------
Total T: 51000 Episode Num: 51 Episode T: 1000 Reward: 992.907
Total T: 52000 Episode Num: 52 Episode T: 1000 Reward: 612.966
Total T: 53000 Episode Num: 53 Episode T: 1000 Reward: 1705.140
Total T: 54000 Episode Num: 54 Episode T: 1000 Reward: 1452.015
Total T: 55000 Episode Num: 55 Episode T: 1000 Reward: 1816.474
---------------------------------------
Evaluation over 10 episodes: 1805.572
---------------------------------------
Total T: 56000 Episode Num: 56 Episode T: 1000 Reward: 1813.545
Total T: 57000 Episode Num: 57 Episode T: 1000 Reward: 1749.378
Total T: 58000 Episode Num: 58 Episode T: 1000 Reward: 1736.029
Total T: 59000 Episode Num: 59 Episode T: 1000 Reward: 2069.866
Total T: 60000 Episode Num: 60 Episode T: 1000 Reward: 2067.802
---------------------------------------
Evaluation over 10 episodes: 1658.344
---------------------------------------
Total T: 61000 Episode Num: 61 Episode T: 1000 Reward: 2145.671
Total T: 62000 Episode Num: 62 Episode T: 1000 Reward: 2351.219
Total T: 63000 Episode Num: 63 Episode T: 1000 Reward: 2377.802
Total T: 64000 Episode Num: 64 Episode T: 1000 Reward: 2479.123
Total T: 65000 Episode Num: 65 Episode T: 1000 Reward: 2680.646
---------------------------------------
Evaluation over 10 episodes: 2746.417
---------------------------------------
Total T: 66000 Episode Num: 66 Episode T: 1000 Reward: 2883.815
Total T: 67000 Episode Num: 67 Episode T: 1000 Reward: 2782.374
Total T: 68000 Episode Num: 68 Episode T: 1000 Reward: 2949.831
Total T: 69000 Episode Num: 69 Episode T: 1000 Reward: 3077.579
Total T: 70000 Episode Num: 70 Episode T: 1000 Reward: 2993.517
---------------------------------------
Evaluation over 10 episodes: 2944.355
---------------------------------------
Total T: 71000 Episode Num: 71 Episode T: 1000 Reward: 3102.004
Total T: 72000 Episode Num: 72 Episode T: 1000 Reward: 2808.550
Total T: 73000 Episode Num: 73 Episode T: 1000 Reward: 2726.140
Total T: 74000 Episode Num: 74 Episode T: 1000 Reward: 2931.270
Total T: 75000 Episode Num: 75 Episode T: 1000 Reward: 2961.187
---------------------------------------
Evaluation over 10 episodes: 2672.302
---------------------------------------
Total T: 76000 Episode Num: 76 Episode T: 1000 Reward: 3002.211
Total T: 77000 Episode Num: 77 Episode T: 1000 Reward: 2938.835
Total T: 78000 Episode Num: 78 Episode T: 1000 Reward: 3225.485
Total T: 79000 Episode Num: 79 Episode T: 1000 Reward: 2985.752
Total T: 80000 Episode Num: 80 Episode T: 1000 Reward: 2663.661
---------------------------------------
Evaluation over 10 episodes: 2781.754
---------------------------------------
Total T: 81000 Episode Num: 81 Episode T: 1000 Reward: 1248.891
Total T: 82000 Episode Num: 82 Episode T: 1000 Reward: 3328.687
Total T: 83000 Episode Num: 83 Episode T: 1000 Reward: 3725.861
Total T: 84000 Episode Num: 84 Episode T: 1000 Reward: 3482.394
Total T: 85000 Episode Num: 85 Episode T: 1000 Reward: 3708.360
---------------------------------------
Evaluation over 10 episodes: 3646.475
---------------------------------------
Total T: 86000 Episode Num: 86 Episode T: 1000 Reward: 3515.133
Total T: 87000 Episode Num: 87 Episode T: 1000 Reward: 479.247
Total T: 88000 Episode Num: 88 Episode T: 1000 Reward: 3816.512
Total T: 89000 Episode Num: 89 Episode T: 1000 Reward: 1283.639
Total T: 90000 Episode Num: 90 Episode T: 1000 Reward: 3790.838
---------------------------------------
Evaluation over 10 episodes: 3593.406
---------------------------------------
Total T: 91000 Episode Num: 91 Episode T: 1000 Reward: 3737.078
Total T: 92000 Episode Num: 92 Episode T: 1000 Reward: 3749.095