---------------------------------------
Policy: TD3, Env: HalfCheetah-v2, Seed: 0
---------------------------------------
---------------------------------------
Evaluation over 10 episodes: -1.101
---------------------------------------
Total T: 1000 Episode Num: 1 Episode T: 1000 Reward: -209.699
Total T: 2000 Episode Num: 2 Episode T: 1000 Reward: -222.291
Total T: 3000 Episode Num: 3 Episode T: 1000 Reward: -254.501
Total T: 4000 Episode Num: 4 Episode T: 1000 Reward: -358.876
Total T: 5000 Episode Num: 5 Episode T: 1000 Reward: -247.624
---------------------------------------
Evaluation over 10 episodes: -1.092
---------------------------------------
Total T: 6000 Episode Num: 6 Episode T: 1000 Reward: -226.455
Total T: 7000 Episode Num: 7 Episode T: 1000 Reward: -218.784
Total T: 8000 Episode Num: 8 Episode T: 1000 Reward: -271.793
Total T: 9000 Episode Num: 9 Episode T: 1000 Reward: -347.916
Total T: 10000 Episode Num: 10 Episode T: 1000 Reward: -192.998
---------------------------------------
Evaluation over 10 episodes: -1.070
---------------------------------------
Total T: 11000 Episode Num: 11 Episode T: 1000 Reward: -232.031
Total T: 12000 Episode Num: 12 Episode T: 1000 Reward: -398.456
Total T: 13000 Episode Num: 13 Episode T: 1000 Reward: -212.433
Total T: 14000 Episode Num: 14 Episode T: 1000 Reward: -270.720
Total T: 15000 Episode Num: 15 Episode T: 1000 Reward: -422.335
---------------------------------------
Evaluation over 10 episodes: -1.087
---------------------------------------
Total T: 16000 Episode Num: 16 Episode T: 1000 Reward: -121.510
Total T: 17000 Episode Num: 17 Episode T: 1000 Reward: -493.981
Total T: 18000 Episode Num: 18 Episode T: 1000 Reward: -297.411
Total T: 19000 Episode Num: 19 Episode T: 1000 Reward: -273.011
Total T: 20000 Episode Num: 20 Episode T: 1000 Reward: -285.711
---------------------------------------
Evaluation over 10 episodes: -1.073
---------------------------------------
Total T: 21000 Episode Num: 21 Episode T: 1000 Reward: -176.193
Total T: 22000 Episode Num: 22 Episode T: 1000 Reward: -324.893
Total T: 23000 Episode Num: 23 Episode T: 1000 Reward: -301.482
Total T: 24000 Episode Num: 24 Episode T: 1000 Reward: -229.231
Total T: 25000 Episode Num: 25 Episode T: 1000 Reward: -227.316
---------------------------------------
Evaluation over 10 episodes: -1.091
---------------------------------------
Total T: 26000 Episode Num: 26 Episode T: 1000 Reward: -583.598
Total T: 27000 Episode Num: 27 Episode T: 1000 Reward: -544.600
Total T: 28000 Episode Num: 28 Episode T: 1000 Reward: -682.920
Total T: 29000 Episode Num: 29 Episode T: 1000 Reward: -492.796
Total T: 30000 Episode Num: 30 Episode T: 1000 Reward: -556.547
---------------------------------------
Evaluation over 10 episodes: -591.336
---------------------------------------
Total T: 31000 Episode Num: 31 Episode T: 1000 Reward: -590.896
Total T: 32000 Episode Num: 32 Episode T: 1000 Reward: -589.399
Total T: 33000 Episode Num: 33 Episode T: 1000 Reward: -619.329
Total T: 34000 Episode Num: 34 Episode T: 1000 Reward: -726.583
Total T: 35000 Episode Num: 35 Episode T: 1000 Reward: -615.236
---------------------------------------
Evaluation over 10 episodes: -590.276
---------------------------------------
Total T: 36000 Episode Num: 36 Episode T: 1000 Reward: -592.392
Total T: 37000 Episode Num: 37 Episode T: 1000 Reward: -564.064
Total T: 38000 Episode Num: 38 Episode T: 1000 Reward: -570.009
Total T: 39000 Episode Num: 39 Episode T: 1000 Reward: -495.994
Total T: 40000 Episode Num: 40 Episode T: 1000 Reward: -526.455
---------------------------------------
Evaluation over 10 episodes: -528.379
---------------------------------------
Total T: 41000 Episode Num: 41 Episode T: 1000 Reward: -532.521
Total T: 42000 Episode Num: 42 Episode T: 1000 Reward: -361.183
Total T: 43000 Episode Num: 43 Episode T: 1000 Reward: -209.795
Total T: 44000 Episode Num: 44 Episode T: 1000 Reward: -42.784
Total T: 45000 Episode Num: 45 Episode T: 1000 Reward: -320.602
---------------------------------------
Evaluation over 10 episodes: -136.467
---------------------------------------
Total T: 46000 Episode Num: 46 Episode T: 1000 Reward: 128.233
Total T: 47000 Episode Num: 47 Episode T: 1000 Reward: -489.197
Total T: 48000 Episode Num: 48 Episode T: 1000 Reward: -308.793
Total T: 49000 Episode Num: 49 Episode T: 1000 Reward: 688.034
Total T: 50000 Episode Num: 50 Episode T: 1000 Reward: 692.042
---------------------------------------
Evaluation over 10 episodes: 609.137
---------------------------------------
Total T: 51000 Episode Num: 51 Episode T: 1000 Reward: 102.987
Total T: 52000 Episode Num: 52 Episode T: 1000 Reward: 615.773
Total T: 53000 Episode Num: 53 Episode T: 1000 Reward: 731.652
Total T: 54000 Episode Num: 54 Episode T: 1000 Reward: 445.175
Total T: 55000 Episode Num: 55 Episode T: 1000 Reward: 734.549
---------------------------------------
Evaluation over 10 episodes: 843.622
---------------------------------------
Total T: 56000 Episode Num: 56 Episode T: 1000 Reward: 915.581
Total T: 57000 Episode Num: 57 Episode T: 1000 Reward: 685.364
Total T: 58000 Episode Num: 58 Episode T: 1000 Reward: 1113.026
Total T: 59000 Episode Num: 59 Episode T: 1000 Reward: 1078.555
Total T: 60000 Episode Num: 60 Episode T: 1000 Reward: 1319.083
---------------------------------------
Evaluation over 10 episodes: 931.585
---------------------------------------
Total T: 61000 Episode Num: 61 Episode T: 1000 Reward: 1146.316
Total T: 62000 Episode Num: 62 Episode T: 1000 Reward: 1261.838
Total T: 63000 Episode Num: 63 Episode T: 1000 Reward: 880.056
Total T: 64000 Episode Num: 64 Episode T: 1000 Reward: 1515.508
Total T: 65000 Episode Num: 65 Episode T: 1000 Reward: 951.174
---------------------------------------
Evaluation over 10 episodes: 985.024
---------------------------------------
Total T: 66000 Episode Num: 66 Episode T: 1000 Reward: 1089.921
Total T: 67000 Episode Num: 67 Episode T: 1000 Reward: 1168.481
Total T: 68000 Episode Num: 68 Episode T: 1000 Reward: 1085.112
Total T: 69000 Episode Num: 69 Episode T: 1000 Reward: 736.734
Total T: 70000 Episode Num: 70 Episode T: 1000 Reward: 883.058
---------------------------------------
Evaluation over 10 episodes: 900.114
---------------------------------------
Total T: 71000 Episode Num: 71 Episode T: 1000 Reward: 1067.547
Total T: 72000 Episode Num: 72 Episode T: 1000 Reward: 742.468
Total T: 73000 Episode Num: 73 Episode T: 1000 Reward: 1386.635
Total T: 74000 Episode Num: 74 Episode T: 1000 Reward: 961.393
Total T: 75000 Episode Num: 75 Episode T: 1000 Reward: 860.844
---------------------------------------
Evaluation over 10 episodes: 1058.847
---------------------------------------
Total T: 76000 Episode Num: 76 Episode T: 1000 Reward: 1549.863
Total T: 77000 Episode Num: 77 Episode T: 1000 Reward: 1089.813
Total T: 78000 Episode Num: 78 Episode T: 1000 Reward: 1047.332
Total T: 79000 Episode Num: 79 Episode T: 1000 Reward: 735.642
Total T: 80000 Episode Num: 80 Episode T: 1000 Reward: 1162.272
---------------------------------------
Evaluation over 10 episodes: 1095.949
---------------------------------------
Total T: 81000 Episode Num: 81 Episode T: 1000 Reward: 905.786
Total T: 82000 Episode Num: 82 Episode T: 1000 Reward: 919.843
Total T: 83000 Episode Num: 83 Episode T: 1000 Reward: 749.442
Total T: 84000 Episode Num: 84 Episode T: 1000 Reward: 1072.026
Total T: 85000 Episode Num: 85 Episode T: 1000 Reward: 1142.526
---------------------------------------
Evaluation over 10 episodes: 1148.441
---------------------------------------
Total T: 86000 Episode Num: 86 Episode T: 1000 Reward: 1213.607
Total T: 87000 Episode Num: 87 Episode T: 1000 Reward: 1295.216
Total T: 88000 Episode Num: 88 Episode T: 1000 Reward: 1270.234
Total T: 89000 Episode Num: 89 Episode T: 1000 Reward: 1006.138
Total T: 90000 Episode Num: 90 Episode T: 1000 Reward: 1080.644
---------------------------------------
Evaluation over 10 episodes: 1110.173
---------------------------------------
Total T: 91000 Episode Num: 91 Episode T: 1000 Reward: 1344.922
Total T: 92000 Episode Num: 92 Episode T: 1000 Reward: 1283.212
Total T: 93000 Episode Num: 93 Episode T: 1000 Reward: 1591.244
Total T: 94000 Episode Num: 94 Episode T: 1000 Reward: 1412.652
Total T: 95000 Episode Num: 95 Episode T: 1000 Reward: 1031.405
---------------------------------------
Evaluation over 10 episodes: 1398.016
---------------------------------------
Total T: 96000 Episode Num: 96 Episode T: 1000 Reward: 1801.174
Total T: 97000 Episode Num: 97 Episode T: 1000 Reward: 1432.304
Total T: 98000 Episode Num: 98 Episode T: 1000 Reward: 1597.621
Total T: 99000 Episode Num: 99 Episode T: 1000 Reward: 1560.084
Total T: 100000 Episode Num: 100 Episode T: 1000 Reward: 1305.571
---------------------------------------
Evaluation over 10 episodes: 1480.203
---------------------------------------
Total T: 101000 Episode Num: 101 Episode T: 1000 Reward: 1709.047
Total T: 102000 Episode Num: 102 Episode T: 1000 Reward: 1261.759
Total T: 103000 Episode Num: 103 Episode T: 1000 Reward: 1390.278
Total T: 104000 Episode Num: 104 Episode T: 1000 Reward: 1735.528
Total T: 105000 Episode Num: 105 Episode T: 1000 Reward: 1667.181
---------------------------------------
Evaluation over 10 episodes: 1568.039
---------------------------------------
Total T: 106000 Episode Num: 106 Episode T: 1000 Reward: 1910.799
Total T: 107000 Episode Num: 107 Episode T: 1000 Reward: 2139.224
Total T: 108000 Episode Num: 108 Episode T: 1000 Reward: 1668.310
Total T: 109000 Episode Num: 109 Episode T: 1000 Reward: 1670.208
Total T: 110000 Episode Num: 110 Episode T: 1000 Reward: 1465.517
---------------------------------------
Evaluation over 10 episodes: 1735.795
---------------------------------------
Total T: 111000 Episode Num: 111 Episode T: 1000 Reward: 1669.848
Total T: 112000 Episode Num: 112 Episode T: 1000 Reward: 1453.087
Total T: 113000 Episode Num: 113 Episode T: 1000 Reward: 1699.335
Total T: 114000 Episode Num: 114 Episode T: 1000 Reward: 2069.420
Total T: 115000 Episode Num: 115 Episode T: 1000 Reward: 1856.623
---------------------------------------
Evaluation over 10 episodes: 1805.910
---------------------------------------
Total T: 116000 Episode Num: 116 Episode T: 1000 Reward: 1777.917
Total T: 117000 Episode Num: 117 Episode T: 1000 Reward: 2216.872
Total T: 118000 Episode Num: 118 Episode T: 1000 Reward: 2133.216
Total T: 119000 Episode Num: 119 Episode T: 1000 Reward: 1616.910
Total T: 120000 Episode Num: 120 Episode T: 1000 Reward: 1727.907
---------------------------------------
Evaluation over 10 episodes: 1827.342
---------------------------------------
Total T: 121000 Episode Num: 121 Episode T: 1000 Reward: 1562.781
Total T: 122000 Episode Num: 122 Episode T: 1000 Reward: 2007.205
Total T: 123000 Episode Num: 123 Episode T: 1000 Reward: 1603.049
Total T: 124000 Episode Num: 124 Episode T: 1000 Reward: 1633.901
Total T: 125000 Episode Num: 125 Episode T: 1000 Reward: 1887.116
---------------------------------------
Evaluation over 10 episodes: 1932.346
---------------------------------------
Total T: 126000 Episode Num: 126 Episode T: 1000 Reward: 2029.514
Total T: 127000 Episode Num: 127 Episode T: 1000 Reward: 2505.433
Total T: 128000 Episode Num: 128 Episode T: 1000 Reward: 1720.534
Total T: 129000 Episode Num: 129 Episode T: 1000 Reward: 2421.461
Total T: 130000 Episode Num: 130 Episode T: 1000 Reward: 1841.388
---------------------------------------
Evaluation over 10 episodes: 1860.113
---------------------------------------
Total T: 131000 Episode Num: 131 Episode T: 1000 Reward: 1728.209
Total T: 132000 Episode Num: 132 Episode T: 1000 Reward: 1640.243
Total T: 133000 Episode Num: 133 Episode T: 1000 Reward: 1469.788
Total T: 134000 Episode Num: 134 Episode T: 1000 Reward: 1640.807
Total T: 135000 Episode Num: 135 Episode T: 1000 Reward: 1982.419
---------------------------------------
Evaluation over 10 episodes: 1978.921
---------------------------------------
Total T: 136000 Episode Num: 136 Episode T: 1000 Reward: 1904.768
Total T: 137000 Episode Num: 137 Episode T: 1000 Reward: 2567.830
Total T: 138000 Episode Num: 138 Episode T: 1000 Reward: 2459.664
Total T: 139000 Episode Num: 139 Episode T: 1000 Reward: 1860.897
Total T: 140000 Episode Num: 140 Episode T: 1000 Reward: 1719.538
---------------------------------------
Evaluation over 10 episodes: 2002.980
---------------------------------------
Total T: 141000 Episode Num: 141 Episode T: 1000 Reward: 2138.791
Total T: 142000 Episode Num: 142 Episode T: 1000 Reward: 2190.710
Total T: 143000 Episode Num: 143 Episode T: 1000 Reward: 2544.955
Total T: 144000 Episode Num: 144 Episode T: 1000 Reward: 1977.860
Total T: 145000 Episode Num: 145 Episode T: 1000 Reward: 1475.318
---------------------------------------
Evaluation over 10 episodes: 1987.481
---------------------------------------
Total T: 146000 Episode Num: 146 Episode T: 1000 Reward: 2311.271
Total T: 147000 Episode Num: 147 Episode T: 1000 Reward: 2425.337
Total T: 148000 Episode Num: 148 Episode T: 1000 Reward: 2122.718
Total T: 149000 Episode Num: 149 Episode T: 1000 Reward: 2348.955
Total T: 150000 Episode Num: 150 Episode T: 1000 Reward: 1966.387
---------------------------------------
Evaluation over 10 episodes: 2027.255
---------------------------------------
Total T: 151000 Episode Num: 151 Episode T: 1000 Reward: 2222.866
Total T: 152000 Episode Num: 152 Episode T: 1000 Reward: 2462.084
Total T: 153000 Episode Num: 153 Episode T: 1000 Reward: 1692.949
Total T: 154000 Episode Num: 154 Episode T: 1000 Reward: 2378.278
Total T: 155000 Episode Num: 155 Episode T: 1000 Reward: 2025.667
---------------------------------------
Evaluation over 10 episodes: 2093.271
---------------------------------------
Total T: 156000 Episode Num: 156 Episode T: 1000 Reward: 1930.364
Total T: 157000 Episode Num: 157 Episode T: 1000 Reward: 2641.726
Total T: 158000 Episode Num: 158 Episode T: 1000 Reward: 1988.115
Total T: 159000 Episode Num: 159 Episode T: 1000 Reward: 2200.070
Total T: 160000 Episode Num: 160 Episode T: 1000 Reward: 1925.119
---------------------------------------
Evaluation over 10 episodes: 2069.675
---------------------------------------
Total T: 161000 Episode Num: 161 Episode T: 1000 Reward: 2027.498
Total T: 162000 Episode Num: 162 Episode T: 1000 Reward: 2254.231
Total T: 163000 Episode Num: 163 Episode T: 1000 Reward: 1721.288
Total T: 164000 Episode Num: 164 Episode T: 1000 Reward: 2222.142
Total T: 165000 Episode Num: 165 Episode T: 1000 Reward: 1831.358
---------------------------------------
Evaluation over 10 episodes: 2133.289
---------------------------------------
Total T: 166000 Episode Num: 166 Episode T: 1000 Reward: 1946.984
Total T: 167000 Episode Num: 167 Episode T: 1000 Reward: 1878.209
Total T: 168000 Episode Num: 168 Episode T: 1000 Reward: 2483.628
Total T: 169000 Episode Num: 169 Episode T: 1000 Reward: 2203.746
Total T: 170000 Episode Num: 170 Episode T: 1000 Reward: 2403.630
---------------------------------------
Evaluation over 10 episodes: 2251.233
---------------------------------------
Total T: 171000 Episode Num: 171 Episode T: 1000 Reward: 2561.227
Total T: 172000 Episode Num: 172 Episode T: 1000 Reward: 1864.769
Total T: 173000 Episode Num: 173 Episode T: 1000 Reward: 2006.164
Total T: 174000 Episode Num: 174 Episode T: 1000 Reward: 2276.716
Total T: 175000 Episode Num: 175 Episode T: 1000 Reward: 1752.245
---------------------------------------
Evaluation over 10 episodes: 2187.641
---------------------------------------
Total T: 176000 Episode Num: 176 Episode T: 1000 Reward: 2141.389
Total T: 177000 Episode Num: 177 Episode T: 1000 Reward: 2267.624
Total T: 178000 Episode Num: 178 Episode T: 1000 Reward: 2136.572
Total T: 179000 Episode Num: 179 Episode T: 1000 Reward: 2702.521
Total T: 180000 Episode Num: 180 Episode T: 1000 Reward: 2374.205
---------------------------------------
Evaluation over 10 episodes: 2264.308
---------------------------------------
Total T: 181000 Episode Num: 181 Episode T: 1000 Reward: 2402.743
Total T: 182000 Episode Num: 182 Episode T: 1000 Reward: 2050.751
Total T: 183000 Episode Num: 183 Episode T: 1000 Reward: 2696.396
Total T: 184000 Episode Num: 184 Episode T: 1000 Reward: 1917.856
Total T: 185000 Episode Num: 185 Episode T: 1000 Reward: 2358.506
---------------------------------------
Evaluation over 10 episodes: 2080.266
---------------------------------------
Total T: 186000 Episode Num: 186 Episode T: 1000 Reward: 2290.023
Total T: 187000 Episode Num: 187 Episode T: 1000 Reward: 2230.497
Total T: 188000 Episode Num: 188 Episode T: 1000 Reward: 2628.348
Total T: 189000 Episode Num: 189 Episode T: 1000 Reward: 2366.012
Total T: 190000 Episode Num: 190 Episode T: 1000 Reward: 2067.497
---------------------------------------
Evaluation over 10 episodes: 2198.721
---------------------------------------
Total T: 191000 Episode Num: 191 Episode T: 1000 Reward: 2210.798
Total T: 192000 Episode Num: 192 Episode T: 1000 Reward: 1887.090
Total T: 193000 Episode Num: 193 Episode T: 1000 Reward: 1788.795
Total T: 194000 Episode Num: 194 Episode T: 1000 Reward: 1897.045
Total T: 195000 Episode Num: 195 Episode T: 1000 Reward: 2481.854
---------------------------------------
Evaluation over 10 episodes: 2446.703
---------------------------------------
Total T: 196000 Episode Num: 196 Episode T: 1000 Reward: 2347.762
Total T: 197000 Episode Num: 197 Episode T: 1000 Reward: 2109.438
Total T: 198000 Episode Num: 198 Episode T: 1000 Reward: 2437.455
Total T: 199000 Episode Num: 199 Episode T: 1000 Reward: 2624.683
Total T: 200000 Episode Num: 200 Episode T: 1000 Reward: 2502.504
---------------------------------------
Evaluation over 10 episodes: 2391.088
---------------------------------------
Total T: 201000 Episode Num: 201 Episode T: 1000 Reward: 2188.655
Total T: 202000 Episode Num: 202 Episode T: 1000 Reward: 2227.026
Total T: 203000 Episode Num: 203 Episode T: 1000 Reward: 2921.289
Total T: 204000 Episode Num: 204 Episode T: 1000 Reward: 2636.243
Total T: 205000 Episode Num: 205 Episode T: 1000 Reward: 2280.240
---------------------------------------
Evaluation over 10 episodes: 2365.224
---------------------------------------
Total T: 206000 Episode Num: 206 Episode T: 1000 Reward: 2263.093
Total T: 207000 Episode Num: 207 Episode T: 1000 Reward: 2632.244
Total T: 208000 Episode Num: 208 Episode T: 1000 Reward: 2108.896
Total T: 209000 Episode Num: 209 Episode T: 1000 Reward: 2711.188
Total T: 210000 Episode Num: 210 Episode T: 1000 Reward: 2735.050
---------------------------------------
Evaluation over 10 episodes: 2543.958
---------------------------------------
Total T: 211000 Episode Num: 211 Episode T: 1000 Reward: 2603.148
Total T: 212000 Episode Num: 212 Episode T: 1000 Reward: 2240.522
Total T: 213000 Episode Num: 213 Episode T: 1000 Reward: 2305.293
Total T: 214000 Episode Num: 214 Episode T: 1000 Reward: 2211.250
Total T: 215000 Episode Num: 215 Episode T: 1000 Reward: 2684.753
---------------------------------------
Evaluation over 10 episodes: 2388.468
---------------------------------------
Total T: 216000 Episode Num: 216 Episode T: 1000 Reward: 2489.890
Total T: 217000 Episode Num: 217 Episode T: 1000 Reward: 2616.191
Total T: 218000 Episode Num: 218 Episode T: 1000 Reward: 2057.481
Total T: 219000 Episode Num: 219 Episode T: 1000 Reward: 2852.949
Total T: 220000 Episode Num: 220 Episode T: 1000 Reward: 2331.797
---------------------------------------
Evaluation over 10 episodes: 2641.610
---------------------------------------
Total T: 221000 Episode Num: 221 Episode T: 1000 Reward: 2553.552
Total T: 222000 Episode Num: 222 Episode T: 1000 Reward: 2815.600
Total T: 223000 Episode Num: 223 Episode T: 1000 Reward: 2734.666
Total T: 224000 Episode Num: 224 Episode T: 1000 Reward: 2467.102
Total T: 225000 Episode Num: 225 Episode T: 1000 Reward: 2342.184
---------------------------------------
Evaluation over 10 episodes: 2657.897
---------------------------------------
Total T: 226000 Episode Num: 226 Episode T: 1000 Reward: 2350.988
Total T: 227000 Episode Num: 227 Episode T: 1000 Reward: 2309.311
Total T: 228000 Episode Num: 228 Episode T: 1000 Reward: 2762.530
Total T: 229000 Episode Num: 229 Episode T: 1000 Reward: 2577.326
Total T: 230000 Episode Num: 230 Episode T: 1000 Reward: 2785.970
---------------------------------------
Evaluation over 10 episodes: 2742.720
---------------------------------------
Total T: 231000 Episode Num: 231 Episode T: 1000 Reward: 2764.108
Total T: 232000 Episode Num: 232 Episode T: 1000 Reward: 2560.473
Total T: 233000 Episode Num: 233 Episode T: 1000 Reward: 2673.394
Total T: 234000 Episode Num: 234 Episode T: 1000 Reward: 2770.446
Total T: 235000 Episode Num: 235 Episode T: 1000 Reward: 2565.917
---------------------------------------
Evaluation over 10 episodes: 2576.821
---------------------------------------
Total T: 236000 Episode Num: 236 Episode T: 1000 Reward: 2703.909
Total T: 237000 Episode Num: 237 Episode T: 1000 Reward: 2610.007
Total T: 238000 Episode Num: 238 Episode T: 1000 Reward: 2740.501
Total T: 239000 Episode Num: 239 Episode T: 1000 Reward: 2196.494
Total T: 240000 Episode Num: 240 Episode T: 1000 Reward: 2615.479
---------------------------------------
Evaluation over 10 episodes: 2671.095
---------------------------------------
Total T: 241000 Episode Num: 241 Episode T: 1000 Reward: 2699.479
Total T: 242000 Episode Num: 242 Episode T: 1000 Reward: 2454.691
Total T: 243000 Episode Num: 243 Episode T: 1000 Reward: 2849.325
Total T: 244000 Episode Num: 244 Episode T: 1000 Reward: 2433.318
Total T: 245000 Episode Num: 245 Episode T: 1000 Reward: 2920.892
---------------------------------------
Evaluation over 10 episodes: 2696.518
---------------------------------------
Total T: 246000 Episode Num: 246 Episode T: 1000 Reward: 3008.646
Total T: 247000 Episode Num: 247 Episode T: 1000 Reward: 2772.777
Total T: 248000 Episode Num: 248 Episode T: 1000 Reward: 2780.847
Total T: 249000 Episode Num: 249 Episode T: 1000 Reward: 3103.827
Total T: 250000 Episode Num: 250 Episode T: 1000 Reward: 2129.627
---------------------------------------
Evaluation over 10 episodes: 2779.667
---------------------------------------
Total T: 251000 Episode Num: 251 Episode T: 1000 Reward: 2570.697
Total T: 252000 Episode Num: 252 Episode T: 1000 Reward: 2565.247
Total T: 253000 Episode Num: 253 Episode T: 1000 Reward: 2973.827
Total T: 254000 Episode Num: 254 Episode T: 1000 Reward: 2760.482
Total T: 255000 Episode Num: 255 Episode T: 1000 Reward: 2902.439
---------------------------------------
Evaluation over 10 episodes: 2829.461
---------------------------------------
Total T: 256000 Episode Num: 256 Episode T: 1000 Reward: 2942.658
Total T: 257000 Episode Num: 257 Episode T: 1000 Reward: 2880.581
Total T: 258000 Episode Num: 258 Episode T: 1000 Reward: 2971.403
Total T: 259000 Episode Num: 259 Episode T: 1000 Reward: 2459.650
Total T: 260000 Episode Num: 260 Episode T: 1000 Reward: 3200.015
---------------------------------------
Evaluation over 10 episodes: 2893.153
---------------------------------------
Total T: 261000 Episode Num: 261 Episode T: 1000 Reward: 3388.714
Total T: 262000 Episode Num: 262 Episode T: 1000 Reward: 2409.487
Total T: 263000 Episode Num: 263 Episode T: 1000 Reward: 2648.408
Total T: 264000 Episode Num: 264 Episode T: 1000 Reward: 3048.302
Total T: 265000 Episode Num: 265 Episode T: 1000 Reward: 2731.745
---------------------------------------
Evaluation over 10 episodes: 2922.043
---------------------------------------
Total T: 266000 Episode Num: 266 Episode T: 1000 Reward: 2547.785
Total T: 267000 Episode Num: 267 Episode T: 1000 Reward: 3095.515
Total T: 268000 Episode Num: 268 Episode T: 1000 Reward: 2766.704
Total T: 269000 Episode Num: 269 Episode T: 1000 Reward: 2930.838
Total T: 270000 Episode Num: 270 Episode T: 1000 Reward: 2911.987
---------------------------------------
Evaluation over 10 episodes: 2759.398
---------------------------------------
Total T: 271000 Episode Num: 271 Episode T: 1000 Reward: 2746.821
Total T: 272000 Episode Num: 272 Episode T: 1000 Reward: 2684.117
Total T: 273000 Episode Num: 273 Episode T: 1000 Reward: 3042.855
Total T: 274000 Episode Num: 274 Episode T: 1000 Reward: 2914.541
Total T: 275000 Episode Num: 275 Episode T: 1000 Reward: 2680.366
---------------------------------------
Evaluation over 10 episodes: 2771.946
---------------------------------------
Total T: 276000 Episode Num: 276 Episode T: 1000 Reward: 2093.161
Total T: 277000 Episode Num: 277 Episode T: 1000 Reward: 2714.598
Total T: 278000 Episode Num: 278 Episode T: 1000 Reward: 3027.937
Total T: 279000 Episode Num: 279 Episode T: 1000 Reward: 2817.683
Total T: 280000 Episode Num: 280 Episode T: 1000 Reward: 2633.935
---------------------------------------
Evaluation over 10 episodes: 2793.705
---------------------------------------
Total T: 281000 Episode Num: 281 Episode T: 1000 Reward: 3040.867
Total T: 282000 Episode Num: 282 Episode T: 1000 Reward: 2836.331
Total T: 283000 Episode Num: 283 Episode T: 1000 Reward: 2646.458
Total T: 284000 Episode Num: 284 Episode T: 1000 Reward: 2773.309
Total T: 285000 Episode Num: 285 Episode T: 1000 Reward: 2743.622
---------------------------------------
Evaluation over 10 episodes: 2870.752
---------------------------------------
Total T: 286000 Episode Num: 286 Episode T: 1000 Reward: 2932.738
Total T: 287000 Episode Num: 287 Episode T: 1000 Reward: 2839.063
Total T: 288000 Episode Num: 288 Episode T: 1000 Reward: 3122.908
Total T: 289000 Episode Num: 289 Episode T: 1000 Reward: 3177.627
Total T: 290000 Episode Num: 290 Episode T: 1000 Reward: 2531.768
---------------------------------------
Evaluation over 10 episodes: 2933.766
---------------------------------------
Total T: 291000 Episode Num: 291 Episode T: 1000 Reward: 3062.097
Total T: 292000 Episode Num: 292 Episode T: 1000 Reward: 2549.352
Total T: 293000 Episode Num: 293 Episode T: 1000 Reward: 3250.198
Total T: 294000 Episode Num: 294 Episode T: 1000 Reward: 3013.499
Total T: 295000 Episode Num: 295 Episode T: 1000 Reward: 3013.387
---------------------------------------
Evaluation over 10 episodes: 2750.468
---------------------------------------
Total T: 296000 Episode Num: 296 Episode T: 1000 Reward: 3051.915
Total T: 297000 Episode Num: 297 Episode T: 1000 Reward: 2931.657
Total T: 298000 Episode Num: 298 Episode T: 1000 Reward: 3132.105
Total T: 299000 Episode Num: 299 Episode T: 1000 Reward: 2892.624
Total T: 300000 Episode Num: 300 Episode T: 1000 Reward: 3043.432
---------------------------------------
Evaluation over 10 episodes: 2949.894
---------------------------------------
Total T: 301000 Episode Num: 301 Episode T: 1000 Reward: 3107.581
Total T: 302000 Episode Num: 302 Episode T: 1000 Reward: 3342.296
Total T: 303000 Episode Num: 303 Episode T: 1000 Reward: 3234.154
Total T: 304000 Episode Num: 304 Episode T: 1000 Reward: 2917.221
Total T: 305000 Episode Num: 305 Episode T: 1000 Reward: 2872.405
---------------------------------------
Evaluation over 10 episodes: 2830.756
---------------------------------------
Total T: 306000 Episode Num: 306 Episode T: 1000 Reward: 2606.030
Total T: 307000 Episode Num: 307 Episode T: 1000 Reward: 3363.335
Total T: 308000 Episode Num: 308 Episode T: 1000 Reward: 3012.961
Total T: 309000 Episode Num: 309 Episode T: 1000 Reward: 2845.020
Total T: 310000 Episode Num: 310 Episode T: 1000 Reward: 2781.856
---------------------------------------
Evaluation over 10 episodes: 2824.550
---------------------------------------
Total T: 311000 Episode Num: 311 Episode T: 1000 Reward: 2973.589
Total T: 312000 Episode Num: 312 Episode T: 1000 Reward: 2701.424
Total T: 313000 Episode Num: 313 Episode T: 1000 Reward: 3184.627
Total T: 314000 Episode Num: 314 Episode T: 1000 Reward: 2999.982
Total T: 315000 Episode Num: 315 Episode T: 1000 Reward: 2855.463
---------------------------------------
Evaluation over 10 episodes: 3045.288
---------------------------------------
Total T: 316000 Episode Num: 316 Episode T: 1000 Reward: 2540.021
Total T: 317000 Episode Num: 317 Episode T: 1000 Reward: 3225.467
Total T: 318000 Episode Num: 318 Episode T: 1000 Reward: 2927.198
Total T: 319000 Episode Num: 319 Episode T: 1000 Reward: 3146.040
Total T: 320000 Episode Num: 320 Episode T: 1000 Reward: 3068.559
---------------------------------------
Evaluation over 10 episodes: 2829.689
---------------------------------------
Total T: 321000 Episode Num: 321 Episode T: 1000 Reward: 3271.954
Total T: 322000 Episode Num: 322 Episode T: 1000 Reward: 3123.232
Total T: 323000 Episode Num: 323 Episode T: 1000 Reward: 3079.262
Total T: 324000 Episode Num: 324 Episode T: 1000 Reward: 2900.545
Total T: 325000 Episode Num: 325 Episode T: 1000 Reward: 3222.677
---------------------------------------
Evaluation over 10 episodes: 3039.667
---------------------------------------
Total T: 326000 Episode Num: 326 Episode T: 1000 Reward: 3094.703
Total T: 327000 Episode Num: 327 Episode T: 1000 Reward: 3086.928
Total T: 328000 Episode Num: 328 Episode T: 1000 Reward: 2984.051
Total T: 329000 Episode Num: 329 Episode T: 1000 Reward: 3177.337
Total T: 330000 Episode Num: 330 Episode T: 1000 Reward: 2621.196
---------------------------------------
Evaluation over 10 episodes: 3011.481
---------------------------------------
Total T: 331000 Episode Num: 331 Episode T: 1000 Reward: 3014.553
Total T: 332000 Episode Num: 332 Episode T: 1000 Reward: 3111.491
Total T: 333000 Episode Num: 333 Episode T: 1000 Reward: 2790.499
Total T: 334000 Episode Num: 334 Episode T: 1000 Reward: 3007.648
Total T: 335000 Episode Num: 335 Episode T: 1000 Reward: 2914.795
---------------------------------------
Evaluation over 10 episodes: 3016.379
---------------------------------------
Total T: 336000 Episode Num: 336 Episode T: 1000 Reward: 3046.063
Total T: 337000 Episode Num: 337 Episode T: 1000 Reward: 2624.093
Total T: 338000 Episode Num: 338 Episode T: 1000 Reward: 3128.033
Total T: 339000 Episode Num: 339 Episode T: 1000 Reward: 2984.145
Total T: 340000 Episode Num: 340 Episode T: 1000 Reward: 3086.732
---------------------------------------
Evaluation over 10 episodes: 2992.677
---------------------------------------
Total T: 341000 Episode Num: 341 Episode T: 1000 Reward: 2991.765
Total T: 342000 Episode Num: 342 Episode T: 1000 Reward: 3006.926
Total T: 343000 Episode Num: 343 Episode T: 1000 Reward: 2876.882
Total T: 344000 Episode Num: 344 Episode T: 1000 Reward: 2803.113
Total T: 345000 Episode Num: 345 Episode T: 1000 Reward: 3021.551
---------------------------------------
Evaluation over 10 episodes: 3040.169
---------------------------------------
Total T: 346000 Episode Num: 346 Episode T: 1000 Reward: 3029.010
Total T: 347000 Episode Num: 347 Episode T: 1000 Reward: 2879.043
Total T: 348000 Episode Num: 348 Episode T: 1000 Reward: 3167.116
Total T: 349000 Episode Num: 349 Episode T: 1000 Reward: 3191.305
Total T: 350000 Episode Num: 350 Episode T: 1000 Reward: 3293.680
---------------------------------------
Evaluation over 10 episodes: 3156.440
---------------------------------------
Total T: 351000 Episode Num: 351 Episode T: 1000 Reward: 3038.208
Total T: 352000 Episode Num: 352 Episode T: 1000 Reward: 3403.838
Total T: 353000 Episode Num: 353 Episode T: 1000 Reward: 3459.100
Total T: 354000 Episode Num: 354 Episode T: 1000 Reward: 3142.036
Total T: 355000 Episode Num: 355 Episode T: 1000 Reward: 3128.392
---------------------------------------
Evaluation over 10 episodes: 3022.963
---------------------------------------
Total T: 356000 Episode Num: 356 Episode T: 1000 Reward: 3051.281
Total T: 357000 Episode Num: 357 Episode T: 1000 Reward: 3344.319
Total T: 358000 Episode Num: 358 Episode T: 1000 Reward: 2928.953
Total T: 359000 Episode Num: 359 Episode T: 1000 Reward: 3276.284
Total T: 360000 Episode Num: 360 Episode T: 1000 Reward: 3105.349
---------------------------------------
Evaluation over 10 episodes: 3096.051
---------------------------------------
Total T: 361000 Episode Num: 361 Episode T: 1000 Reward: 3115.372
Total T: 362000 Episode Num: 362 Episode T: 1000 Reward: 3053.981
Total T: 363000 Episode Num: 363 Episode T: 1000 Reward: 3002.037
Total T: 364000 Episode Num: 364 Episode T: 1000 Reward: 3012.661
Total T: 365000 Episode Num: 365 Episode T: 1000 Reward: 3257.427
---------------------------------------
Evaluation over 10 episodes: 3280.746
---------------------------------------
Total T: 366000 Episode Num: 366 Episode T: 1000 Reward: 3367.507
Total T: 367000 Episode Num: 367 Episode T: 1000 Reward: 3279.505
Total T: 368000 Episode Num: 368 Episode T: 1000 Reward: 3137.073
Total T: 369000 Episode Num: 369 Episode T: 1000 Reward: 3053.429
Total T: 370000 Episode Num: 370 Episode T: 1000 Reward: 3297.756
---------------------------------------
Evaluation over 10 episodes: 3162.740
---------------------------------------
Total T: 371000 Episode Num: 371 Episode T: 1000 Reward: 3213.812
Total T: 372000 Episode Num: 372 Episode T: 1000 Reward: 3215.413
Total T: 373000 Episode Num: 373 Episode T: 1000 Reward: 3044.746
Total T: 374000 Episode Num: 374 Episode T: 1000 Reward: 2972.623
Total T: 375000 Episode Num: 375 Episode T: 1000 Reward: 3192.922
---------------------------------------
Evaluation over 10 episodes: 3075.860
---------------------------------------
Total T: 376000 Episode Num: 376 Episode T: 1000 Reward: 2749.248
Total T: 377000 Episode Num: 377 Episode T: 1000 Reward: 3489.074
Total T: 378000 Episode Num: 378 Episode T: 1000 Reward: 3387.632
Total T: 379000 Episode Num: 379 Episode T: 1000 Reward: 2864.673
Total T: 380000 Episode Num: 380 Episode T: 1000 Reward: 3413.054
---------------------------------------
Evaluation over 10 episodes: 3177.724
---------------------------------------
Total T: 381000 Episode Num: 381 Episode T: 1000 Reward: 3461.881
Total T: 382000 Episode Num: 382 Episode T: 1000 Reward: 3284.495
Total T: 383000 Episode Num: 383 Episode T: 1000 Reward: 3260.552
Total T: 384000 Episode Num: 384 Episode T: 1000 Reward: 3284.507
Total T: 385000 Episode Num: 385 Episode T: 1000 Reward: 3096.215
---------------------------------------
Evaluation over 10 episodes: 3104.832
---------------------------------------
Total T: 386000 Episode Num: 386 Episode T: 1000 Reward: 3326.470
Total T: 387000 Episode Num: 387 Episode T: 1000 Reward: 3220.993
Total T: 388000 Episode Num: 388 Episode T: 1000 Reward: 3078.286
Total T: 389000 Episode Num: 389 Episode T: 1000 Reward: 3293.838
Total T: 390000 Episode Num: 390 Episode T: 1000 Reward: 3463.819
---------------------------------------
Evaluation over 10 episodes: 3206.816
---------------------------------------
Total T: 391000 Episode Num: 391 Episode T: 1000 Reward: 3407.630
Total T: 392000 Episode Num: 392 Episode T: 1000 Reward: 3277.303
Total T: 393000 Episode Num: 393 Episode T: 1000 Reward: 3279.229
Total T: 394000 Episode Num: 394 Episode T: 1000 Reward: 2965.607
Total T: 395000 Episode Num: 395 Episode T: 1000 Reward: 3089.551
---------------------------------------
Evaluation over 10 episodes: 3222.211
---------------------------------------
Total T: 396000 Episode Num: 396 Episode T: 1000 Reward: 3359.297
Total T: 397000 Episode Num: 397 Episode T: 1000 Reward: 3529.511
Total T: 398000 Episode Num: 398 Episode T: 1000 Reward: 3211.818
Total T: 399000 Episode Num: 399 Episode T: 1000 Reward: 3361.064
Total T: 400000 Episode Num: 400 Episode T: 1000 Reward: 3122.242
---------------------------------------
Evaluation over 10 episodes: 3225.101
---------------------------------------
Total T: 401000 Episode Num: 401 Episode T: 1000 Reward: 3024.199
Total T: 402000 Episode Num: 402 Episode T: 1000 Reward: 3463.092
Total T: 403000 Episode Num: 403 Episode T: 1000 Reward: 3093.558
Total T: 404000 Episode Num: 404 Episode T: 1000 Reward: 3010.883
Total T: 405000 Episode Num: 405 Episode T: 1000 Reward: 2960.894
---------------------------------------
Evaluation over 10 episodes: 3164.988
---------------------------------------
Total T: 406000 Episode Num: 406 Episode T: 1000 Reward: 3440.258
Total T: 407000 Episode Num: 407 Episode T: 1000 Reward: 3437.144
Total T: 408000 Episode Num: 408 Episode T: 1000 Reward: 3065.143
Total T: 409000 Episode Num: 409 Episode T: 1000 Reward: 3312.438
Total T: 410000 Episode Num: 410 Episode T: 1000 Reward: 3279.537
---------------------------------------
Evaluation over 10 episodes: 3353.906
---------------------------------------
Total T: 411000 Episode Num: 411 Episode T: 1000 Reward: 3461.231
Total T: 412000 Episode Num: 412 Episode T: 1000 Reward: 3227.765
Total T: 413000 Episode Num: 413 Episode T: 1000 Reward: 2930.047
Total T: 414000 Episode Num: 414 Episode T: 1000 Reward: 3309.406
Total T: 415000 Episode Num: 415 Episode T: 1000 Reward: 3463.138
---------------------------------------
Evaluation over 10 episodes: 3283.668
---------------------------------------
Total T: 416000 Episode Num: 416 Episode T: 1000 Reward: 3422.449
Total T: 417000 Episode Num: 417 Episode T: 1000 Reward: 3385.378
Total T: 418000 Episode Num: 418 Episode T: 1000 Reward: 3213.374
Total T: 419000 Episode Num: 419 Episode T: 1000 Reward: 2742.286
Total T: 420000 Episode Num: 420 Episode T: 1000 Reward: 3019.230
---------------------------------------
Evaluation over 10 episodes: 3174.936
---------------------------------------
Total T: 421000 Episode Num: 421 Episode T: 1000 Reward: 3311.834
Total T: 422000 Episode Num: 422 Episode T: 1000 Reward: 3399.764
Total T: 423000 Episode Num: 423 Episode T: 1000 Reward: 3352.415
Total T: 424000 Episode Num: 424 Episode T: 1000 Reward: 3457.365
Total T: 425000 Episode Num: 425 Episode T: 1000 Reward: 3192.693
---------------------------------------
Evaluation over 10 episodes: 2985.090
---------------------------------------
Total T: 426000 Episode Num: 426 Episode T: 1000 Reward: 3312.637
Total T: 427000 Episode Num: 427 Episode T: 1000 Reward: 3383.121
Total T: 428000 Episode Num: 428 Episode T: 1000 Reward: 3380.386
Total T: 429000 Episode Num: 429 Episode T: 1000 Reward: 3434.674
Total T: 430000 Episode Num: 430 Episode T: 1000 Reward: 3210.828
---------------------------------------
Evaluation over 10 episodes: 3391.346
---------------------------------------
Total T: 431000 Episode Num: 431 Episode T: 1000 Reward: 3332.016
Total T: 432000 Episode Num: 432 Episode T: 1000 Reward: 2978.453
Total T: 433000 Episode Num: 433 Episode T: 1000 Reward: 3302.007
Total T: 434000 Episode Num: 434 Episode T: 1000 Reward: 3468.251
Total T: 435000 Episode Num: 435 Episode T: 1000 Reward: 3116.375
---------------------------------------
Evaluation over 10 episodes: 3379.928
---------------------------------------
Total T: 436000 Episode Num: 436 Episode T: 1000 Reward: 3282.328
Total T: 437000 Episode Num: 437 Episode T: 1000 Reward: 3437.592
Total T: 438000 Episode Num: 438 Episode T: 1000 Reward: 3201.530
Total T: 439000 Episode Num: 439 Episode T: 1000 Reward: 3279.815
Total T: 440000 Episode Num: 440 Episode T: 1000 Reward: 3129.033
---------------------------------------
Evaluation over 10 episodes: 3337.643
---------------------------------------
Total T: 441000 Episode Num: 441 Episode T: 1000 Reward: 3082.218
Total T: 442000 Episode Num: 442 Episode T: 1000 Reward: 3080.458
Total T: 443000 Episode Num: 443 Episode T: 1000 Reward: 3252.825
Total T: 444000 Episode Num: 444 Episode T: 1000 Reward: 2976.148
Total T: 445000 Episode Num: 445 Episode T: 1000 Reward: 3531.123
---------------------------------------
Evaluation over 10 episodes: 3294.487
---------------------------------------
Total T: 446000 Episode Num: 446 Episode T: 1000 Reward: 3292.178
Total T: 447000 Episode Num: 447 Episode T: 1000 Reward: 3167.789
Total T: 448000 Episode Num: 448 Episode T: 1000 Reward: 3263.987
Total T: 449000 Episode Num: 449 Episode T: 1000 Reward: 2950.126
Total T: 450000 Episode Num: 450 Episode T: 1000 Reward: 3390.981
---------------------------------------
Evaluation over 10 episodes: 3308.400
---------------------------------------
Total T: 451000 Episode Num: 451 Episode T: 1000 Reward: 3492.907
Total T: 452000 Episode Num: 452 Episode T: 1000 Reward: 3273.066
Total T: 453000 Episode Num: 453 Episode T: 1000 Reward: 3226.735
Total T: 454000 Episode Num: 454 Episode T: 1000 Reward: 3319.188
Total T: 455000 Episode Num: 455 Episode T: 1000 Reward: 3459.272
---------------------------------------
Evaluation over 10 episodes: 3313.159
---------------------------------------
Total T: 456000 Episode Num: 456 Episode T: 1000 Reward: 3250.159
Total T: 457000 Episode Num: 457 Episode T: 1000 Reward: 3444.068
Total T: 458000 Episode Num: 458 Episode T: 1000 Reward: 3355.116
Total T: 459000 Episode Num: 459 Episode T: 1000 Reward: 3647.881
Total T: 460000 Episode Num: 460 Episode T: 1000 Reward: 3340.915
---------------------------------------
Evaluation over 10 episodes: 3272.264
---------------------------------------
Total T: 461000 Episode Num: 461 Episode T: 1000 Reward: 2933.753
Total T: 462000 Episode Num: 462 Episode T: 1000 Reward: 3230.362
Total T: 463000 Episode Num: 463 Episode T: 1000 Reward: 3114.614
Total T: 464000 Episode Num: 464 Episode T: 1000 Reward: 3280.364
Total T: 465000 Episode Num: 465 Episode T: 1000 Reward: 3231.396
---------------------------------------
Evaluation over 10 episodes: 3366.938
---------------------------------------
Total T: 466000 Episode Num: 466 Episode T: 1000 Reward: 3419.743
Total T: 467000 Episode Num: 467 Episode T: 1000 Reward: 3328.155
Total T: 468000 Episode Num: 468 Episode T: 1000 Reward: 3351.273
Total T: 469000 Episode Num: 469 Episode T: 1000 Reward: 3261.313
Total T: 470000 Episode Num: 470 Episode T: 1000 Reward: 3198.570
---------------------------------------
Evaluation over 10 episodes: 3337.327
---------------------------------------
Total T: 471000 Episode Num: 471 Episode T: 1000 Reward: 3420.402
Total T: 472000 Episode Num: 472 Episode T: 1000 Reward: 3111.251
Total T: 473000 Episode Num: 473 Episode T: 1000 Reward: 3530.154
Total T: 474000 Episode Num: 474 Episode T: 1000 Reward: 3422.054
Total T: 475000 Episode Num: 475 Episode T: 1000 Reward: 3397.628
---------------------------------------
Evaluation over 10 episodes: 3330.038
---------------------------------------
Total T: 476000 Episode Num: 476 Episode T: 1000 Reward: 3429.261
Total T: 477000 Episode Num: 477 Episode T: 1000 Reward: 3337.552
Total T: 478000 Episode Num: 478 Episode T: 1000 Reward: 3408.257
Total T: 479000 Episode Num: 479 Episode T: 1000 Reward: 3349.971
Total T: 480000 Episode Num: 480 Episode T: 1000 Reward: 3020.827
---------------------------------------
Evaluation over 10 episodes: 3342.717
---------------------------------------
Total T: 481000 Episode Num: 481 Episode T: 1000 Reward: 3435.960
Total T: 482000 Episode Num: 482 Episode T: 1000 Reward: 3183.739
Total T: 483000 Episode Num: 483 Episode T: 1000 Reward: 3252.270
Total T: 484000 Episode Num: 484 Episode T: 1000 Reward: 3300.383
Total T: 485000 Episode Num: 485 Episode T: 1000 Reward: 3356.574
---------------------------------------
Evaluation over 10 episodes: 3398.164
---------------------------------------
Total T: 486000 Episode Num: 486 Episode T: 1000 Reward: 3448.238
Total T: 487000 Episode Num: 487 Episode T: 1000 Reward: 3528.267
Total T: 488000 Episode Num: 488 Episode T: 1000 Reward: 3522.778
Total T: 489000 Episode Num: 489 Episode T: 1000 Reward: 3199.015
Total T: 490000 Episode Num: 490 Episode T: 1000 Reward: 3518.275
---------------------------------------
Evaluation over 10 episodes: 3351.263
---------------------------------------
Total T: 491000 Episode Num: 491 Episode T: 1000 Reward: 3276.600
Total T: 492000 Episode Num: 492 Episode T: 1000 Reward: 3526.575
Total T: 493000 Episode Num: 493 Episode T: 1000 Reward: 3405.073
Total T: 494000 Episode Num: 494 Episode T: 1000 Reward: 3463.947
Total T: 495000 Episode Num: 495 Episode T: 1000 Reward: 3301.492
---------------------------------------
Evaluation over 10 episodes: 3353.277
---------------------------------------
Total T: 496000 Episode Num: 496 Episode T: 1000 Reward: 3624.923
Total T: 497000 Episode Num: 497 Episode T: 1000 Reward: 3326.489
Total T: 498000 Episode Num: 498 Episode T: 1000 Reward: 3209.897
Total T: 499000 Episode Num: 499 Episode T: 1000 Reward: 3443.098
Total T: 500000 Episode Num: 500 Episode T: 1000 Reward: 3377.535
---------------------------------------
Evaluation over 10 episodes: 3426.125
---------------------------------------
Total T: 501000 Episode Num: 501 Episode T: 1000 Reward: 3436.307
Total T: 502000 Episode Num: 502 Episode T: 1000 Reward: 3139.467
Total T: 503000 Episode Num: 503 Episode T: 1000 Reward: 3512.135
Total T: 504000 Episode Num: 504 Episode T: 1000 Reward: 3624.196
Total T: 505000 Episode Num: 505 Episode T: 1000 Reward: 3447.188
---------------------------------------
Evaluation over 10 episodes: 3324.233
---------------------------------------
Total T: 506000 Episode Num: 506 Episode T: 1000 Reward: 3502.438
Total T: 507000 Episode Num: 507 Episode T: 1000 Reward: 3606.705
Total T: 508000 Episode Num: 508 Episode T: 1000 Reward: 3630.112
Total T: 509000 Episode Num: 509 Episode T: 1000 Reward: 3600.651
Total T: 510000 Episode Num: 510 Episode T: 1000 Reward: 3590.568
---------------------------------------
Evaluation over 10 episodes: 3486.719
---------------------------------------
Total T: 511000 Episode Num: 511 Episode T: 1000 Reward: 3381.388
Total T: 512000 Episode Num: 512 Episode T: 1000 Reward: 3357.473
Total T: 513000 Episode Num: 513 Episode T: 1000 Reward: 3268.064
Total T: 514000 Episode Num: 514 Episode T: 1000 Reward: 3299.302
Total T: 515000 Episode Num: 515 Episode T: 1000 Reward: 3479.719
---------------------------------------
Evaluation over 10 episodes: 3280.216
---------------------------------------
Total T: 516000 Episode Num: 516 Episode T: 1000 Reward: 3573.139
Total T: 517000 Episode Num: 517 Episode T: 1000 Reward: 3234.318
Total T: 518000 Episode Num: 518 Episode T: 1000 Reward: 3595.143
Total T: 519000 Episode Num: 519 Episode T: 1000 Reward: 3498.194
Total T: 520000 Episode Num: 520 Episode T: 1000 Reward: 3142.822
---------------------------------------
Evaluation over 10 episodes: 3435.472
---------------------------------------
Total T: 521000 Episode Num: 521 Episode T: 1000 Reward: 3549.391
Total T: 522000 Episode Num: 522 Episode T: 1000 Reward: 3384.147
Total T: 523000 Episode Num: 523 Episode T: 1000 Reward: 3372.763
Total T: 524000 Episode Num: 524 Episode T: 1000 Reward: 3387.547
Total T: 525000 Episode Num: 525 Episode T: 1000 Reward: 3281.325
---------------------------------------
Evaluation over 10 episodes: 3368.596
---------------------------------------
Total T: 526000 Episode Num: 526 Episode T: 1000 Reward: 3306.757
Total T: 527000 Episode Num: 527 Episode T: 1000 Reward: 3106.580
Total T: 528000 Episode Num: 528 Episode T: 1000 Reward: 3342.888
Total T: 529000 Episode Num: 529 Episode T: 1000 Reward: 3329.860
Total T: 530000 Episode Num: 530 Episode T: 1000 Reward: 3132.677
---------------------------------------
Evaluation over 10 episodes: 3439.647
---------------------------------------
Total T: 531000 Episode Num: 531 Episode T: 1000 Reward: 3289.050
Total T: 532000 Episode Num: 532 Episode T: 1000 Reward: 3589.534
Total T: 533000 Episode Num: 533 Episode T: 1000 Reward: 3667.877
Total T: 534000 Episode Num: 534 Episode T: 1000 Reward: 3477.754
Total T: 535000 Episode Num: 535 Episode T: 1000 Reward: 3453.983
---------------------------------------
Evaluation over 10 episodes: 3496.576
---------------------------------------
Total T: 536000 Episode Num: 536 Episode T: 1000 Reward: 3321.582
Total T: 537000 Episode Num: 537 Episode T: 1000 Reward: 3489.376
Total T: 538000 Episode Num: 538 Episode T: 1000 Reward: 3455.565
Total T: 539000 Episode Num: 539 Episode T: 1000 Reward: 3485.790
Total T: 540000 Episode Num: 540 Episode T: 1000 Reward: 3215.519
---------------------------------------
Evaluation over 10 episodes: 3328.818
---------------------------------------
Total T: 541000 Episode Num: 541 Episode T: 1000 Reward: 3382.555
Total T: 542000 Episode Num: 542 Episode T: 1000 Reward: 3446.986
Total T: 543000 Episode Num: 543 Episode T: 1000 Reward: 3438.837
Total T: 544000 Episode Num: 544 Episode T: 1000 Reward: 3152.502
Total T: 545000 Episode Num: 545 Episode T: 1000 Reward: 3023.826
---------------------------------------
Evaluation over 10 episodes: 3412.456
---------------------------------------
Total T: 546000 Episode Num: 546 Episode T: 1000 Reward: 3680.580
Total T: 547000 Episode Num: 547 Episode T: 1000 Reward: 3566.279
Total T: 548000 Episode Num: 548 Episode T: 1000 Reward: 3391.957
Total T: 549000 Episode Num: 549 Episode T: 1000 Reward: 3428.894
Total T: 550000 Episode Num: 550 Episode T: 1000 Reward: 3316.900
---------------------------------------
Evaluation over 10 episodes: 3386.135
---------------------------------------
Total T: 551000 Episode Num: 551 Episode T: 1000 Reward: 3333.605
Total T: 552000 Episode Num: 552 Episode T: 1000 Reward: 3188.420
Total T: 553000 Episode Num: 553 Episode T: 1000 Reward: 3286.578
Total T: 554000 Episode Num: 554 Episode T: 1000 Reward: 3481.773
Total T: 555000 Episode Num: 555 Episode T: 1000 Reward: 3065.288
---------------------------------------
Evaluation over 10 episodes: 3404.955
---------------------------------------
Total T: 556000 Episode Num: 556 Episode T: 1000 Reward: 3299.600
Total T: 557000 Episode Num: 557 Episode T: 1000 Reward: 3406.545
Total T: 558000 Episode Num: 558 Episode T: 1000 Reward: 3595.602
Total T: 559000 Episode Num: 559 Episode T: 1000 Reward: 3400.692
Total T: 560000 Episode Num: 560 Episode T: 1000 Reward: 3308.216
---------------------------------------
Evaluation over 10 episodes: 3510.082
---------------------------------------
Total T: 561000 Episode Num: 561 Episode T: 1000 Reward: 3242.486
Total T: 562000 Episode Num: 562 Episode T: 1000 Reward: 3405.637
Total T: 563000 Episode Num: 563 Episode T: 1000 Reward: 3400.826
Total T: 564000 Episode Num: 564 Episode T: 1000 Reward: 3590.065
Total T: 565000 Episode Num: 565 Episode T: 1000 Reward: 3491.792
---------------------------------------
Evaluation over 10 episodes: 3456.508
---------------------------------------
Total T: 566000 Episode Num: 566 Episode T: 1000 Reward: 3615.805
Total T: 567000 Episode Num: 567 Episode T: 1000 Reward: 3333.951
Total T: 568000 Episode Num: 568 Episode T: 1000 Reward: 3518.338
Total T: 569000 Episode Num: 569 Episode T: 1000 Reward: 3530.271
Total T: 570000 Episode Num: 570 Episode T: 1000 Reward: 3232.101
---------------------------------------
Evaluation over 10 episodes: 3369.168
---------------------------------------
Total T: 571000 Episode Num: 571 Episode T: 1000 Reward: 3477.618
Total T: 572000 Episode Num: 572 Episode T: 1000 Reward: 3493.073
Total T: 573000 Episode Num: 573 Episode T: 1000 Reward: 2968.153
Total T: 574000 Episode Num: 574 Episode T: 1000 Reward: 3414.601
Total T: 575000 Episode Num: 575 Episode T: 1000 Reward: 3496.558
---------------------------------------
Evaluation over 10 episodes: 3418.161
---------------------------------------
Total T: 576000 Episode Num: 576 Episode T: 1000 Reward: 3709.707
Total T: 577000 Episode Num: 577 Episode T: 1000 Reward: 3410.260
Total T: 578000 Episode Num: 578 Episode T: 1000 Reward: 3550.506
Total T: 579000 Episode Num: 579 Episode T: 1000 Reward: 3415.321
Total T: 580000 Episode Num: 580 Episode T: 1000 Reward: 3404.240
---------------------------------------
Evaluation over 10 episodes: 3422.827
---------------------------------------
Total T: 581000 Episode Num: 581 Episode T: 1000 Reward: 3663.527
Total T: 582000 Episode Num: 582 Episode T: 1000 Reward: 3418.812
Total T: 583000 Episode Num: 583 Episode T: 1000 Reward: 3377.255
Total T: 584000 Episode Num: 584 Episode T: 1000 Reward: 3193.787
Total T: 585000 Episode Num: 585 Episode T: 1000 Reward: 3319.846
---------------------------------------
Evaluation over 10 episodes: 3451.283
---------------------------------------
Total T: 586000 Episode Num: 586 Episode T: 1000 Reward: 3354.948
Total T: 587000 Episode Num: 587 Episode T: 1000 Reward: 3549.296
Total T: 588000 Episode Num: 588 Episode T: 1000 Reward: 3640.336
Total T: 589000 Episode Num: 589 Episode T: 1000 Reward: 3377.290
Total T: 590000 Episode Num: 590 Episode T: 1000 Reward: 3477.632
---------------------------------------
Evaluation over 10 episodes: 3403.453
---------------------------------------
Total T: 591000 Episode Num: 591 Episode T: 1000 Reward: 3544.546
Total T: 592000 Episode Num: 592 Episode T: 1000 Reward: 3320.302
Total T: 593000 Episode Num: 593 Episode T: 1000 Reward: 3236.820
Total T: 594000 Episode Num: 594 Episode T: 1000 Reward: 3667.915
Total T: 595000 Episode Num: 595 Episode T: 1000 Reward: 3231.148
---------------------------------------
Evaluation over 10 episodes: 3497.845
---------------------------------------
Total T: 596000 Episode Num: 596 Episode T: 1000 Reward: 3398.663
Total T: 597000 Episode Num: 597 Episode T: 1000 Reward: 3310.020
Total T: 598000 Episode Num: 598 Episode T: 1000 Reward: 3640.778
Total T: 599000 Episode Num: 599 Episode T: 1000 Reward: 3589.689
Total T: 600000 Episode Num: 600 Episode T: 1000 Reward: 3324.881
---------------------------------------
Evaluation over 10 episodes: 3501.980
---------------------------------------
Total T: 601000 Episode Num: 601 Episode T: 1000 Reward: 3508.679
Total T: 602000 Episode Num: 602 Episode T: 1000 Reward: 3361.442
Total T: 603000 Episode Num: 603 Episode T: 1000 Reward: 3501.330
Total T: 604000 Episode Num: 604 Episode T: 1000 Reward: 3625.700
Total T: 605000 Episode Num: 605 Episode T: 1000 Reward: 3122.023
---------------------------------------
Evaluation over 10 episodes: 3447.535
---------------------------------------
Total T: 606000 Episode Num: 606 Episode T: 1000 Reward: 3416.506
Total T: 607000 Episode Num: 607 Episode T: 1000 Reward: 3429.025
Total T: 608000 Episode Num: 608 Episode T: 1000 Reward: 3419.629
Total T: 609000 Episode Num: 609 Episode T: 1000 Reward: 3420.414
Total T: 610000 Episode Num: 610 Episode T: 1000 Reward: 2967.012
---------------------------------------
Evaluation over 10 episodes: 3480.657
---------------------------------------
Total T: 611000 Episode Num: 611 Episode T: 1000 Reward: 3573.369
Total T: 612000 Episode Num: 612 Episode T: 1000 Reward: 3477.089
Total T: 613000 Episode Num: 613 Episode T: 1000 Reward: 3510.540
Total T: 614000 Episode Num: 614 Episode T: 1000 Reward: 3597.237
Total T: 615000 Episode Num: 615 Episode T: 1000 Reward: 3423.640
---------------------------------------
Evaluation over 10 episodes: 3388.252
---------------------------------------
Total T: 616000 Episode Num: 616 Episode T: 1000 Reward: 3262.619
Total T: 617000 Episode Num: 617 Episode T: 1000 Reward: 3171.716
Total T: 618000 Episode Num: 618 Episode T: 1000 Reward: 3505.567
Total T: 619000 Episode Num: 619 Episode T: 1000 Reward: 3245.453
Total T: 620000 Episode Num: 620 Episode T: 1000 Reward: 3562.781
---------------------------------------
Evaluation over 10 episodes: 3410.990
---------------------------------------
Total T: 621000 Episode Num: 621 Episode T: 1000 Reward: 3615.987
Total T: 622000 Episode Num: 622 Episode T: 1000 Reward: 3599.935
Total T: 623000 Episode Num: 623 Episode T: 1000 Reward: 3695.596
Total T: 624000 Episode Num: 624 Episode T: 1000 Reward: 3566.186
Total T: 625000 Episode Num: 625 Episode T: 1000 Reward: 3496.990
---------------------------------------
Evaluation over 10 episodes: 3528.406
---------------------------------------
Total T: 626000 Episode Num: 626 Episode T: 1000 Reward: 3332.985
Total T: 627000 Episode Num: 627 Episode T: 1000 Reward: 3593.525
Total T: 628000 Episode Num: 628 Episode T: 1000 Reward: 3470.492
Total T: 629000 Episode Num: 629 Episode T: 1000 Reward: 3430.079
Total T: 630000 Episode Num: 630 Episode T: 1000 Reward: 3535.838
---------------------------------------
Evaluation over 10 episodes: 3457.084
---------------------------------------
Total T: 631000 Episode Num: 631 Episode T: 1000 Reward: 3475.755
Total T: 632000 Episode Num: 632 Episode T: 1000 Reward: 3164.362
Total T: 633000 Episode Num: 633 Episode T: 1000 Reward: 3391.969
Total T: 634000 Episode Num: 634 Episode T: 1000 Reward: 3659.830
Total T: 635000 Episode Num: 635 Episode T: 1000 Reward: 3543.853
---------------------------------------
Evaluation over 10 episodes: 3429.184
---------------------------------------
Total T: 636000 Episode Num: 636 Episode T: 1000 Reward: 3358.740
Total T: 637000 Episode Num: 637 Episode T: 1000 Reward: 3457.479
Total T: 638000 Episode Num: 638 Episode T: 1000 Reward: 3510.308
Total T: 639000 Episode Num: 639 Episode T: 1000 Reward: 3440.320
Total T: 640000 Episode Num: 640 Episode T: 1000 Reward: 3472.154
---------------------------------------
Evaluation over 10 episodes: 3599.600
---------------------------------------
Total T: 641000 Episode Num: 641 Episode T: 1000 Reward: 3744.609
Total T: 642000 Episode Num: 642 Episode T: 1000 Reward: 3611.239
Total T: 643000 Episode Num: 643 Episode T: 1000 Reward: 3503.212
Total T: 644000 Episode Num: 644 Episode T: 1000 Reward: 3409.472
Total T: 645000 Episode Num: 645 Episode T: 1000 Reward: 3699.871
---------------------------------------
Evaluation over 10 episodes: 3562.411
---------------------------------------
Total T: 646000 Episode Num: 646 Episode T: 1000 Reward: 3510.916
Total T: 647000 Episode Num: 647 Episode T: 1000 Reward: 3171.599
Total T: 648000 Episode Num: 648 Episode T: 1000 Reward: 3635.082
Total T: 649000 Episode Num: 649 Episode T: 1000 Reward: 3743.592
Total T: 650000 Episode Num: 650 Episode T: 1000 Reward: 3557.007
---------------------------------------
Evaluation over 10 episodes: 3457.268
---------------------------------------
Total T: 651000 Episode Num: 651 Episode T: 1000 Reward: 3308.217
Total T: 652000 Episode Num: 652 Episode T: 1000 Reward: 3461.186
Total T: 653000 Episode Num: 653 Episode T: 1000 Reward: 3542.082
Total T: 654000 Episode Num: 654 Episode T: 1000 Reward: 3393.414
Total T: 655000 Episode Num: 655 Episode T: 1000 Reward: 3443.722
---------------------------------------
Evaluation over 10 episodes: 3501.767
---------------------------------------
Total T: 656000 Episode Num: 656 Episode T: 1000 Reward: 3596.195
Total T: 657000 Episode Num: 657 Episode T: 1000 Reward: 3557.922
Total T: 658000 Episode Num: 658 Episode T: 1000 Reward: 3480.614
Total T: 659000 Episode Num: 659 Episode T: 1000 Reward: 3417.580
Total T: 660000 Episode Num: 660 Episode T: 1000 Reward: 3449.906
---------------------------------------
Evaluation over 10 episodes: 3515.175
---------------------------------------
Total T: 661000 Episode Num: 661 Episode T: 1000 Reward: 3720.402
Total T: 662000 Episode Num: 662 Episode T: 1000 Reward: 3513.535
Total T: 663000 Episode Num: 663 Episode T: 1000 Reward: 3604.045
Total T: 664000 Episode Num: 664 Episode T: 1000 Reward: 3460.500
Total T: 665000 Episode Num: 665 Episode T: 1000 Reward: 3522.636
---------------------------------------
Evaluation over 10 episodes: 3531.211
---------------------------------------
Total T: 666000 Episode Num: 666 Episode T: 1000 Reward: 2982.633
Total T: 667000 Episode Num: 667 Episode T: 1000 Reward: 3644.070
Total T: 668000 Episode Num: 668 Episode T: 1000 Reward: 3452.536
Total T: 669000 Episode Num: 669 Episode T: 1000 Reward: 3508.236
Total T: 670000 Episode Num: 670 Episode T: 1000 Reward: 3612.278
---------------------------------------
Evaluation over 10 episodes: 3475.992
---------------------------------------
Total T: 671000 Episode Num: 671 Episode T: 1000 Reward: 3503.365
Total T: 672000 Episode Num: 672 Episode T: 1000 Reward: 3534.234
Total T: 673000 Episode Num: 673 Episode T: 1000 Reward: 3597.311
Total T: 674000 Episode Num: 674 Episode T: 1000 Reward: 3668.195
Total T: 675000 Episode Num: 675 Episode T: 1000 Reward: 3609.492
---------------------------------------
Evaluation over 10 episodes: 3570.878
---------------------------------------
Total T: 676000 Episode Num: 676 Episode T: 1000 Reward: 3521.249
Total T: 677000 Episode Num: 677 Episode T: 1000 Reward: 3495.304
Total T: 678000 Episode Num: 678 Episode T: 1000 Reward: 3284.399
Total T: 679000 Episode Num: 679 Episode T: 1000 Reward: 3439.593
Total T: 680000 Episode Num: 680 Episode T: 1000 Reward: 3536.417
---------------------------------------
Evaluation over 10 episodes: 3369.115
---------------------------------------
Total T: 681000 Episode Num: 681 Episode T: 1000 Reward: 3831.159
Total T: 682000 Episode Num: 682 Episode T: 1000 Reward: 3534.233
Total T: 683000 Episode Num: 683 Episode T: 1000 Reward: 3210.041
Total T: 684000 Episode Num: 684 Episode T: 1000 Reward: 3555.383
Total T: 685000 Episode Num: 685 Episode T: 1000 Reward: 3433.393
---------------------------------------
Evaluation over 10 episodes: 3497.742
---------------------------------------
Total T: 686000 Episode Num: 686 Episode T: 1000 Reward: 3483.223
Total T: 687000 Episode Num: 687 Episode T: 1000 Reward: 3678.653
Total T: 688000 Episode Num: 688 Episode T: 1000 Reward: 3555.833
Total T: 689000 Episode Num: 689 Episode T: 1000 Reward: 3752.646
Total T: 690000 Episode Num: 690 Episode T: 1000 Reward: 3463.175
---------------------------------------
Evaluation over 10 episodes: 3433.574
---------------------------------------
Total T: 691000 Episode Num: 691 Episode T: 1000 Reward: 3792.158
Total T: 692000 Episode Num: 692 Episode T: 1000 Reward: 3479.042
Total T: 693000 Episode Num: 693 Episode T: 1000 Reward: 3517.157
Total T: 694000 Episode Num: 694 Episode T: 1000 Reward: 3773.123
Total T: 695000 Episode Num: 695 Episode T: 1000 Reward: 3406.109
---------------------------------------
Evaluation over 10 episodes: 3580.831
---------------------------------------
Total T: 696000 Episode Num: 696 Episode T: 1000 Reward: 3289.912
Total T: 697000 Episode Num: 697 Episode T: 1000 Reward: 3563.760
Total T: 698000 Episode Num: 698 Episode T: 1000 Reward: 3642.843
Total T: 699000 Episode Num: 699 Episode T: 1000 Reward: 3589.214
Total T: 700000 Episode Num: 700 Episode T: 1000 Reward: 3650.711
---------------------------------------
Evaluation over 10 episodes: 3585.145
---------------------------------------
Total T: 701000 Episode Num: 701 Episode T: 1000 Reward: 3532.366
Total T: 702000 Episode Num: 702 Episode T: 1000 Reward: 3588.882
Total T: 703000 Episode Num: 703 Episode T: 1000 Reward: 3494.646
Total T: 704000 Episode Num: 704 Episode T: 1000 Reward: 3679.403
Total T: 705000 Episode Num: 705 Episode T: 1000 Reward: 3369.427
---------------------------------------
Evaluation over 10 episodes: 3568.609
---------------------------------------
Total T: 706000 Episode Num: 706 Episode T: 1000 Reward: 3699.682
Total T: 707000 Episode Num: 707 Episode T: 1000 Reward: 3637.585
Total T: 708000 Episode Num: 708 Episode T: 1000 Reward: 3523.499
Total T: 709000 Episode Num: 709 Episode T: 1000 Reward: 3651.343
Total T: 710000 Episode Num: 710 Episode T: 1000 Reward: 3688.785
---------------------------------------
Evaluation over 10 episodes: 3615.433
---------------------------------------
Total T: 711000 Episode Num: 711 Episode T: 1000 Reward: 3573.813
Total T: 712000 Episode Num: 712 Episode T: 1000 Reward: 3498.128
Total T: 713000 Episode Num: 713 Episode T: 1000 Reward: 3572.640
Total T: 714000 Episode Num: 714 Episode T: 1000 Reward: 3470.468
Total T: 715000 Episode Num: 715 Episode T: 1000 Reward: 3578.022
---------------------------------------
Evaluation over 10 episodes: 3621.716
---------------------------------------
Total T: 716000 Episode Num: 716 Episode T: 1000 Reward: 3404.872
Total T: 717000 Episode Num: 717 Episode T: 1000 Reward: 3437.556
Total T: 718000 Episode Num: 718 Episode T: 1000 Reward: 3682.059
Total T: 719000 Episode Num: 719 Episode T: 1000 Reward: 3544.039
Total T: 720000 Episode Num: 720 Episode T: 1000 Reward: 3596.741
---------------------------------------
Evaluation over 10 episodes: 3686.974
---------------------------------------
Total T: 721000 Episode Num: 721 Episode T: 1000 Reward: 3738.933
Total T: 722000 Episode Num: 722 Episode T: 1000 Reward: 3585.272
Total T: 723000 Episode Num: 723 Episode T: 1000 Reward: 3597.121
Total T: 724000 Episode Num: 724 Episode T: 1000 Reward: 3571.273
Total T: 725000 Episode Num: 725 Episode T: 1000 Reward: 3577.836
---------------------------------------
Evaluation over 10 episodes: 3576.303
---------------------------------------
Total T: 726000 Episode Num: 726 Episode T: 1000 Reward: 3621.450
Total T: 727000 Episode Num: 727 Episode T: 1000 Reward: 3662.760
Total T: 728000 Episode Num: 728 Episode T: 1000 Reward: 3566.863
Total T: 729000 Episode Num: 729 Episode T: 1000 Reward: 3637.204
Total T: 730000 Episode Num: 730 Episode T: 1000 Reward: 3564.588
---------------------------------------
Evaluation over 10 episodes: 3560.787
---------------------------------------
Total T: 731000 Episode Num: 731 Episode T: 1000 Reward: 3569.771
Total T: 732000 Episode Num: 732 Episode T: 1000 Reward: 3482.829
Total T: 733000 Episode Num: 733 Episode T: 1000 Reward: 3825.945
Total T: 734000 Episode Num: 734 Episode T: 1000 Reward: 3599.620
Total T: 735000 Episode Num: 735 Episode T: 1000 Reward: 3578.512
---------------------------------------
Evaluation over 10 episodes: 3568.932
---------------------------------------
Total T: 736000 Episode Num: 736 Episode T: 1000 Reward: 3332.618
Total T: 737000 Episode Num: 737 Episode T: 1000 Reward: 3705.144
Total T: 738000 Episode Num: 738 Episode T: 1000 Reward: 3426.775
Total T: 739000 Episode Num: 739 Episode T: 1000 Reward: 3632.136
Total T: 740000 Episode Num: 740 Episode T: 1000 Reward: 3648.290
---------------------------------------
Evaluation over 10 episodes: 3543.313
---------------------------------------
Total T: 741000 Episode Num: 741 Episode T: 1000 Reward: 3803.993
Total T: 742000 Episode Num: 742 Episode T: 1000 Reward: 3542.538
Total T: 743000 Episode Num: 743 Episode T: 1000 Reward: 3542.691
Total T: 744000 Episode Num: 744 Episode T: 1000 Reward: 3593.586
Total T: 745000 Episode Num: 745 Episode T: 1000 Reward: 3710.154
---------------------------------------
Evaluation over 10 episodes: 3634.078
---------------------------------------
Total T: 746000 Episode Num: 746 Episode T: 1000 Reward: 3593.314
Total T: 747000 Episode Num: 747 Episode T: 1000 Reward: 3568.020
Total T: 748000 Episode Num: 748 Episode T: 1000 Reward: 3614.825
Total T: 749000 Episode Num: 749 Episode T: 1000 Reward: 3664.144
Total T: 750000 Episode Num: 750 Episode T: 1000 Reward: 3686.698
---------------------------------------
Evaluation over 10 episodes: 3515.326
---------------------------------------
Total T: 751000 Episode Num: 751 Episode T: 1000 Reward: 3511.486
Total T: 752000 Episode Num: 752 Episode T: 1000 Reward: 3581.653
Total T: 753000 Episode Num: 753 Episode T: 1000 Reward: 3456.985
Total T: 754000 Episode Num: 754 Episode T: 1000 Reward: 3653.587
Total T: 755000 Episode Num: 755 Episode T: 1000 Reward: 3582.788
---------------------------------------
Evaluation over 10 episodes: 3658.081
---------------------------------------
Total T: 756000 Episode Num: 756 Episode T: 1000 Reward: 3498.034
Total T: 757000 Episode Num: 757 Episode T: 1000 Reward: 3722.930
Total T: 758000 Episode Num: 758 Episode T: 1000 Reward: 3705.337
Total T: 759000 Episode Num: 759 Episode T: 1000 Reward: 3750.188
Total T: 760000 Episode Num: 760 Episode T: 1000 Reward: 3643.935
---------------------------------------
Evaluation over 10 episodes: 3585.165
---------------------------------------
Total T: 761000 Episode Num: 761 Episode T: 1000 Reward: 3390.960
Total T: 762000 Episode Num: 762 Episode T: 1000 Reward: 3713.558
Total T: 763000 Episode Num: 763 Episode T: 1000 Reward: 3651.940
Total T: 764000 Episode Num: 764 Episode T: 1000 Reward: 3602.777
Total T: 765000 Episode Num: 765 Episode T: 1000 Reward: 3541.987
---------------------------------------
Evaluation over 10 episodes: 3679.879
---------------------------------------
Total T: 766000 Episode Num: 766 Episode T: 1000 Reward: 3652.127
Total T: 767000 Episode Num: 767 Episode T: 1000 Reward: 3545.859
Total T: 768000 Episode Num: 768 Episode T: 1000 Reward: 3660.786
Total T: 769000 Episode Num: 769 Episode T: 1000 Reward: 3426.604
Total T: 770000 Episode Num: 770 Episode T: 1000 Reward: 3700.615
---------------------------------------
Evaluation over 10 episodes: 3593.936
---------------------------------------
Total T: 771000 Episode Num: 771 Episode T: 1000 Reward: 3730.314
Total T: 772000 Episode Num: 772 Episode T: 1000 Reward: 3630.737
Total T: 773000 Episode Num: 773 Episode T: 1000 Reward: 3743.009
Total T: 774000 Episode Num: 774 Episode T: 1000 Reward: 3655.453
Total T: 775000 Episode Num: 775 Episode T: 1000 Reward: 3648.125
---------------------------------------
Evaluation over 10 episodes: 3598.236
---------------------------------------
Total T: 776000 Episode Num: 776 Episode T: 1000 Reward: 3505.425
Total T: 777000 Episode Num: 777 Episode T: 1000 Reward: 3774.004
Total T: 778000 Episode Num: 778 Episode T: 1000 Reward: 3476.056
Total T: 779000 Episode Num: 779 Episode T: 1000 Reward: 3598.336
Total T: 780000 Episode Num: 780 Episode T: 1000 Reward: 3440.855
---------------------------------------
Evaluation over 10 episodes: 3649.704
---------------------------------------
Total T: 781000 Episode Num: 781 Episode T: 1000 Reward: 3741.201
Total T: 782000 Episode Num: 782 Episode T: 1000 Reward: 3569.327
Total T: 783000 Episode Num: 783 Episode T: 1000 Reward: 3612.659
Total T: 784000 Episode Num: 784 Episode T: 1000 Reward: 3489.643
Total T: 785000 Episode Num: 785 Episode T: 1000 Reward: 3349.137
---------------------------------------
Evaluation over 10 episodes: 3634.090
---------------------------------------
Total T: 786000 Episode Num: 786 Episode T: 1000 Reward: 3492.787
Total T: 787000 Episode Num: 787 Episode T: 1000 Reward: 3440.921
Total T: 788000 Episode Num: 788 Episode T: 1000 Reward: 3601.773
Total T: 789000 Episode Num: 789 Episode T: 1000 Reward: 3648.127
Total T: 790000 Episode Num: 790 Episode T: 1000 Reward: 3701.773
---------------------------------------
Evaluation over 10 episodes: 3601.931
---------------------------------------
Total T: 791000 Episode Num: 791 Episode T: 1000 Reward: 3675.731
Total T: 792000 Episode Num: 792 Episode T: 1000 Reward: 3581.701
Total T: 793000 Episode Num: 793 Episode T: 1000 Reward: 3509.979
Total T: 794000 Episode Num: 794 Episode T: 1000 Reward: 3748.522
Total T: 795000 Episode Num: 795 Episode T: 1000 Reward: 3433.774
---------------------------------------
Evaluation over 10 episodes: 3556.392
---------------------------------------
Total T: 796000 Episode Num: 796 Episode T: 1000 Reward: 3555.696
Total T: 797000 Episode Num: 797 Episode T: 1000 Reward: 3535.663
Total T: 798000 Episode Num: 798 Episode T: 1000 Reward: 3590.110
Total T: 799000 Episode Num: 799 Episode T: 1000 Reward: 3545.545
Total T: 800000 Episode Num: 800 Episode T: 1000 Reward: 3718.193
---------------------------------------
Evaluation over 10 episodes: 3665.953
---------------------------------------
Total T: 801000 Episode Num: 801 Episode T: 1000 Reward: 3329.703
Total T: 802000 Episode Num: 802 Episode T: 1000 Reward: 3548.521
Total T: 803000 Episode Num: 803 Episode T: 1000 Reward: 3541.967
Total T: 804000 Episode Num: 804 Episode T: 1000 Reward: 3732.079
Total T: 805000 Episode Num: 805 Episode T: 1000 Reward: 3503.094
---------------------------------------
Evaluation over 10 episodes: 3584.684
---------------------------------------
Total T: 806000 Episode Num: 806 Episode T: 1000 Reward: 3824.105
Total T: 807000 Episode Num: 807 Episode T: 1000 Reward: 3735.132
Total T: 808000 Episode Num: 808 Episode T: 1000 Reward: 3728.668
Total T: 809000 Episode Num: 809 Episode T: 1000 Reward: 3650.688
Total T: 810000 Episode Num: 810 Episode T: 1000 Reward: 3703.422
---------------------------------------
Evaluation over 10 episodes: 3603.768
---------------------------------------
Total T: 811000 Episode Num: 811 Episode T: 1000 Reward: 3596.945
Total T: 812000 Episode Num: 812 Episode T: 1000 Reward: 3676.464
Total T: 813000 Episode Num: 813 Episode T: 1000 Reward: 3536.054
Total T: 814000 Episode Num: 814 Episode T: 1000 Reward: 3618.290
Total T: 815000 Episode Num: 815 Episode T: 1000 Reward: 3569.399
---------------------------------------
Evaluation over 10 episodes: 3636.790
---------------------------------------
Total T: 816000 Episode Num: 816 Episode T: 1000 Reward: 3621.955
Total T: 817000 Episode Num: 817 Episode T: 1000 Reward: 3705.784
Total T: 818000 Episode Num: 818 Episode T: 1000 Reward: 3689.767
Total T: 819000 Episode Num: 819 Episode T: 1000 Reward: 3639.553
Total T: 820000 Episode Num: 820 Episode T: 1000 Reward: 3814.076
---------------------------------------
Evaluation over 10 episodes: 3584.122
---------------------------------------
Total T: 821000 Episode Num: 821 Episode T: 1000 Reward: 3400.925
Total T: 822000 Episode Num: 822 Episode T: 1000 Reward: 3560.766
Total T: 823000 Episode Num: 823 Episode T: 1000 Reward: 3626.054
Total T: 824000 Episode Num: 824 Episode T: 1000 Reward: 3689.042
Total T: 825000 Episode Num: 825 Episode T: 1000 Reward: 3598.891
---------------------------------------
Evaluation over 10 episodes: 3655.062
---------------------------------------
Total T: 826000 Episode Num: 826 Episode T: 1000 Reward: 3789.063
Total T: 827000 Episode Num: 827 Episode T: 1000 Reward: 3557.205
Total T: 828000 Episode Num: 828 Episode T: 1000 Reward: 3814.997
Total T: 829000 Episode Num: 829 Episode T: 1000 Reward: 3603.837
Total T: 830000 Episode Num: 830 Episode T: 1000 Reward: 3538.624
---------------------------------------
Evaluation over 10 episodes: 3709.424
---------------------------------------
Total T: 831000 Episode Num: 831 Episode T: 1000 Reward: 3758.040
Total T: 832000 Episode Num: 832 Episode T: 1000 Reward: 3575.284
Total T: 833000 Episode Num: 833 Episode T: 1000 Reward: 3690.950
Total T: 834000 Episode Num: 834 Episode T: 1000 Reward: 3540.654
Total T: 835000 Episode Num: 835 Episode T: 1000 Reward: 3770.253
---------------------------------------
Evaluation over 10 episodes: 3625.220
---------------------------------------
Total T: 836000 Episode Num: 836 Episode T: 1000 Reward: 3731.608
Total T: 837000 Episode Num: 837 Episode T: 1000 Reward: 3655.694
Total T: 838000 Episode Num: 838 Episode T: 1000 Reward: 3855.766
Total T: 839000 Episode Num: 839 Episode T: 1000 Reward: 3686.242
Total T: 840000 Episode Num: 840 Episode T: 1000 Reward: 3769.506
---------------------------------------
Evaluation over 10 episodes: 3584.905
---------------------------------------
Total T: 841000 Episode Num: 841 Episode T: 1000 Reward: 3751.852
Total T: 842000 Episode Num: 842 Episode T: 1000 Reward: 3392.017
Total T: 843000 Episode Num: 843 Episode T: 1000 Reward: 3616.225
Total T: 844000 Episode Num: 844 Episode T: 1000 Reward: 3730.496
Total T: 845000 Episode Num: 845 Episode T: 1000 Reward: 3502.413
---------------------------------------
Evaluation over 10 episodes: 3711.877
---------------------------------------
Total T: 846000 Episode Num: 846 Episode T: 1000 Reward: 3610.685
Total T: 847000 Episode Num: 847 Episode T: 1000 Reward: 3758.413
Total T: 848000 Episode Num: 848 Episode T: 1000 Reward: 3657.257
Total T: 849000 Episode Num: 849 Episode T: 1000 Reward: 3813.916
Total T: 850000 Episode Num: 850 Episode T: 1000 Reward: 3519.968
---------------------------------------
Evaluation over 10 episodes: 3676.671
---------------------------------------
Total T: 851000 Episode Num: 851 Episode T: 1000 Reward: 3663.258
Total T: 852000 Episode Num: 852 Episode T: 1000 Reward: 3711.906
Total T: 853000 Episode Num: 853 Episode T: 1000 Reward: 3660.457
Total T: 854000 Episode Num: 854 Episode T: 1000 Reward: 3619.278
Total T: 855000 Episode Num: 855 Episode T: 1000 Reward: 3643.266
---------------------------------------
Evaluation over 10 episodes: 3678.184
---------------------------------------
Total T: 856000 Episode Num: 856 Episode T: 1000 Reward: 3740.233
Total T: 857000 Episode Num: 857 Episode T: 1000 Reward: 3757.006
Total T: 858000 Episode Num: 858 Episode T: 1000 Reward: 3602.055
Total T: 859000 Episode Num: 859 Episode T: 1000 Reward: 3478.483
Total T: 860000 Episode Num: 860 Episode T: 1000 Reward: 3619.766
---------------------------------------
Evaluation over 10 episodes: 3768.800
---------------------------------------
Total T: 861000 Episode Num: 861 Episode T: 1000 Reward: 3675.512
Total T: 862000 Episode Num: 862 Episode T: 1000 Reward: 3615.546
Total T: 863000 Episode Num: 863 Episode T: 1000 Reward: 3636.175
Total T: 864000 Episode Num: 864 Episode T: 1000 Reward: 3508.740
Total T: 865000 Episode Num: 865 Episode T: 1000 Reward: 3649.517
---------------------------------------
Evaluation over 10 episodes: 3553.822
---------------------------------------
Total T: 866000 Episode Num: 866 Episode T: 1000 Reward: 3686.523
Total T: 867000 Episode Num: 867 Episode T: 1000 Reward: 3562.871
Total T: 868000 Episode Num: 868 Episode T: 1000 Reward: 3812.324
Total T: 869000 Episode Num: 869 Episode T: 1000 Reward: 3628.966
Total T: 870000 Episode Num: 870 Episode T: 1000 Reward: 3707.175
---------------------------------------
Evaluation over 10 episodes: 3670.552
---------------------------------------
Total T: 871000 Episode Num: 871 Episode T: 1000 Reward: 3691.617
Total T: 872000 Episode Num: 872 Episode T: 1000 Reward: 3289.500
Total T: 873000 Episode Num: 873 Episode T: 1000 Reward: 3824.923
Total T: 874000 Episode Num: 874 Episode T: 1000 Reward: 3563.746
Total T: 875000 Episode Num: 875 Episode T: 1000 Reward: 3527.576
---------------------------------------
Evaluation over 10 episodes: 3645.866
---------------------------------------
Total T: 876000 Episode Num: 876 Episode T: 1000 Reward: 3740.416
Total T: 877000 Episode Num: 877 Episode T: 1000 Reward: 3516.461
Total T: 878000 Episode Num: 878 Episode T: 1000 Reward: 3869.840
Total T: 879000 Episode Num: 879 Episode T: 1000 Reward: 3750.698
Total T: 880000 Episode Num: 880 Episode T: 1000 Reward: 3666.668
---------------------------------------
Evaluation over 10 episodes: 3583.598
---------------------------------------
Total T: 881000 Episode Num: 881 Episode T: 1000 Reward: 3694.093
Total T: 882000 Episode Num: 882 Episode T: 1000 Reward: 3685.880
Total T: 883000 Episode Num: 883 Episode T: 1000 Reward: 3791.070
Total T: 884000 Episode Num: 884 Episode T: 1000 Reward: 3624.165
Total T: 885000 Episode Num: 885 Episode T: 1000 Reward: 3764.848
---------------------------------------
Evaluation over 10 episodes: 3641.370
---------------------------------------
Total T: 886000 Episode Num: 886 Episode T: 1000 Reward: 3572.959
Total T: 887000 Episode Num: 887 Episode T: 1000 Reward: 3697.738
Total T: 888000 Episode Num: 888 Episode T: 1000 Reward: 3599.337
Total T: 889000 Episode Num: 889 Episode T: 1000 Reward: 3652.710
Total T: 890000 Episode Num: 890 Episode T: 1000 Reward: 3727.110
---------------------------------------
Evaluation over 10 episodes: 3725.057
---------------------------------------
Total T: 891000 Episode Num: 891 Episode T: 1000 Reward: 3790.711
Total T: 892000 Episode Num: 892 Episode T: 1000 Reward: 3652.932
Total T: 893000 Episode Num: 893 Episode T: 1000 Reward: 3843.752
Total T: 894000 Episode Num: 894 Episode T: 1000 Reward: 3841.142
Total T: 895000 Episode Num: 895 Episode T: 1000 Reward: 3732.232
---------------------------------------
Evaluation over 10 episodes: 3658.783
---------------------------------------
Total T: 896000 Episode Num: 896 Episode T: 1000 Reward: 3788.263
Total T: 897000 Episode Num: 897 Episode T: 1000 Reward: 3750.738
Total T: 898000 Episode Num: 898 Episode T: 1000 Reward: 3771.241
Total T: 899000 Episode Num: 899 Episode T: 1000 Reward: 3684.322
Total T: 900000 Episode Num: 900 Episode T: 1000 Reward: 3687.725
---------------------------------------
Evaluation over 10 episodes: 3613.288
---------------------------------------
Total T: 901000 Episode Num: 901 Episode T: 1000 Reward: 3802.659
Total T: 902000 Episode Num: 902 Episode T: 1000 Reward: 3676.097
Total T: 903000 Episode Num: 903 Episode T: 1000 Reward: 3679.408
Total T: 904000 Episode Num: 904 Episode T: 1000 Reward: 3773.620
Total T: 905000 Episode Num: 905 Episode T: 1000 Reward: 3731.278
---------------------------------------
Evaluation over 10 episodes: 3645.945
---------------------------------------
Total T: 906000 Episode Num: 906 Episode T: 1000 Reward: 3506.829
Total T: 907000 Episode Num: 907 Episode T: 1000 Reward: 3619.685
Total T: 908000 Episode Num: 908 Episode T: 1000 Reward: 3474.536
Total T: 909000 Episode Num: 909 Episode T: 1000 Reward: 3657.680
Total T: 910000 Episode Num: 910 Episode T: 1000 Reward: 3683.385
---------------------------------------
Evaluation over 10 episodes: 3682.150
---------------------------------------
Total T: 911000 Episode Num: 911 Episode T: 1000 Reward: 3709.744
Total T: 912000 Episode Num: 912 Episode T: 1000 Reward: 3804.013
Total T: 913000 Episode Num: 913 Episode T: 1000 Reward: 3604.846
Total T: 914000 Episode Num: 914 Episode T: 1000 Reward: 3667.812
Total T: 915000 Episode Num: 915 Episode T: 1000 Reward: 3316.608
---------------------------------------
Evaluation over 10 episodes: 3692.840
---------------------------------------
Total T: 916000 Episode Num: 916 Episode T: 1000 Reward: 3784.538
Total T: 917000 Episode Num: 917 Episode T: 1000 Reward: 3541.782
Total T: 918000 Episode Num: 918 Episode T: 1000 Reward: 3696.321
Total T: 919000 Episode Num: 919 Episode T: 1000 Reward: 3568.279
Total T: 920000 Episode Num: 920 Episode T: 1000 Reward: 3774.300
---------------------------------------
Evaluation over 10 episodes: 3625.214
---------------------------------------
Total T: 921000 Episode Num: 921 Episode T: 1000 Reward: 3714.558
Total T: 922000 Episode Num: 922 Episode T: 1000 Reward: 3390.713
Total T: 923000 Episode Num: 923 Episode T: 1000 Reward: 3750.205
Total T: 924000 Episode Num: 924 Episode T: 1000 Reward: 3576.671
Total T: 925000 Episode Num: 925 Episode T: 1000 Reward: 3776.458
---------------------------------------
Evaluation over 10 episodes: 3637.601
---------------------------------------
Total T: 926000 Episode Num: 926 Episode T: 1000 Reward: 3567.698
Total T: 927000 Episode Num: 927 Episode T: 1000 Reward: 3499.669
Total T: 928000 Episode Num: 928 Episode T: 1000 Reward: 3828.205
Total T: 929000 Episode Num: 929 Episode T: 1000 Reward: 3700.124
Total T: 930000 Episode Num: 930 Episode T: 1000 Reward: 3822.581
---------------------------------------
Evaluation over 10 episodes: 3540.382
---------------------------------------
Total T: 931000 Episode Num: 931 Episode T: 1000 Reward: 3787.517
Total T: 932000 Episode Num: 932 Episode T: 1000 Reward: 3621.391
Total T: 933000 Episode Num: 933 Episode T: 1000 Reward: 3722.407
Total T: 934000 Episode Num: 934 Episode T: 1000 Reward: 3812.537
Total T: 935000 Episode Num: 935 Episode T: 1000 Reward: 3669.628
---------------------------------------
Evaluation over 10 episodes: 3623.586
---------------------------------------
Total T: 936000 Episode Num: 936 Episode T: 1000 Reward: 3691.694
Total T: 937000 Episode Num: 937 Episode T: 1000 Reward: 3799.682
Total T: 938000 Episode Num: 938 Episode T: 1000 Reward: 3727.650
Total T: 939000 Episode Num: 939 Episode T: 1000 Reward: 3675.353
Total T: 940000 Episode Num: 940 Episode T: 1000 Reward: 3777.349
---------------------------------------
Evaluation over 10 episodes: 3680.490
---------------------------------------
Total T: 941000 Episode Num: 941 Episode T: 1000 Reward: 3688.316
Total T: 942000 Episode Num: 942 Episode T: 1000 Reward: 3648.826
Total T: 943000 Episode Num: 943 Episode T: 1000 Reward: 3708.236
Total T: 944000 Episode Num: 944 Episode T: 1000 Reward: 3718.638
Total T: 945000 Episode Num: 945 Episode T: 1000 Reward: 3426.052
---------------------------------------
Evaluation over 10 episodes: 3738.125
---------------------------------------
Total T: 946000 Episode Num: 946 Episode T: 1000 Reward: 3621.660
Total T: 947000 Episode Num: 947 Episode T: 1000 Reward: 3602.751
Total T: 948000 Episode Num: 948 Episode T: 1000 Reward: 3373.828
Total T: 949000 Episode Num: 949 Episode T: 1000 Reward: 3788.171
Total T: 950000 Episode Num: 950 Episode T: 1000 Reward: 3432.479
---------------------------------------
Evaluation over 10 episodes: 3691.212
---------------------------------------
Total T: 951000 Episode Num: 951 Episode T: 1000 Reward: 3617.654
Total T: 952000 Episode Num: 952 Episode T: 1000 Reward: 3723.683
Total T: 953000 Episode Num: 953 Episode T: 1000 Reward: 3661.730
Total T: 954000 Episode Num: 954 Episode T: 1000 Reward: 3758.866
Total T: 955000 Episode Num: 955 Episode T: 1000 Reward: 3855.719
---------------------------------------
Evaluation over 10 episodes: 3693.063
---------------------------------------
Total T: 956000 Episode Num: 956 Episode T: 1000 Reward: 3586.999
Total T: 957000 Episode Num: 957 Episode T: 1000 Reward: 3621.213
Total T: 958000 Episode Num: 958 Episode T: 1000 Reward: 3783.253
Total T: 959000 Episode Num: 959 Episode T: 1000 Reward: 3941.515
Total T: 960000 Episode Num: 960 Episode T: 1000 Reward: 3407.218
---------------------------------------
Evaluation over 10 episodes: 3669.805
---------------------------------------
Total T: 961000 Episode Num: 961 Episode T: 1000 Reward: 3784.947
Total T: 962000 Episode Num: 962 Episode T: 1000 Reward: 3676.497
Total T: 963000 Episode Num: 963 Episode T: 1000 Reward: 3886.657
Total T: 964000 Episode Num: 964 Episode T: 1000 Reward: 3696.901
Total T: 965000 Episode Num: 965 Episode T: 1000 Reward: 3789.889
---------------------------------------
Evaluation over 10 episodes: 3589.548
---------------------------------------
Total T: 966000 Episode Num: 966 Episode T: 1000 Reward: 3542.184
Total T: 967000 Episode Num: 967 Episode T: 1000 Reward: 3786.563
Total T: 968000 Episode Num: 968 Episode T: 1000 Reward: 3866.907
Total T: 969000 Episode Num: 969 Episode T: 1000 Reward: 3728.133
Total T: 970000 Episode Num: 970 Episode T: 1000 Reward: 3754.043
---------------------------------------
Evaluation over 10 episodes: 3693.649
---------------------------------------
Total T: 971000 Episode Num: 971 Episode T: 1000 Reward: 3751.591
Total T: 972000 Episode Num: 972 Episode T: 1000 Reward: 3677.375
Total T: 973000 Episode Num: 973 Episode T: 1000 Reward: 3780.265
Total T: 974000 Episode Num: 974 Episode T: 1000 Reward: 3663.949
Total T: 975000 Episode Num: 975 Episode T: 1000 Reward: 3717.395
---------------------------------------
Evaluation over 10 episodes: 3654.778
---------------------------------------
Total T: 976000 Episode Num: 976 Episode T: 1000 Reward: 3728.035
Total T: 977000 Episode Num: 977 Episode T: 1000 Reward: 3826.899
Total T: 978000 Episode Num: 978 Episode T: 1000 Reward: 3584.555
Total T: 979000 Episode Num: 979 Episode T: 1000 Reward: 3736.470
Total T: 980000 Episode Num: 980 Episode T: 1000 Reward: 3904.635
---------------------------------------
Evaluation over 10 episodes: 3335.446
---------------------------------------
Total T: 981000 Episode Num: 981 Episode T: 1000 Reward: 3503.435
Total T: 982000 Episode Num: 982 Episode T: 1000 Reward: 3664.812
Total T: 983000 Episode Num: 983 Episode T: 1000 Reward: 3482.965
Total T: 984000 Episode Num: 984 Episode T: 1000 Reward: 3338.877
Total T: 985000 Episode Num: 985 Episode T: 1000 Reward: 3700.775
---------------------------------------
Evaluation over 10 episodes: 3700.499
---------------------------------------
Total T: 986000 Episode Num: 986 Episode T: 1000 Reward: 3765.174
Total T: 987000 Episode Num: 987 Episode T: 1000 Reward: 3446.373
Total T: 988000 Episode Num: 988 Episode T: 1000 Reward: 3715.045
Total T: 989000 Episode Num: 989 Episode T: 1000 Reward: 3696.353
Total T: 990000 Episode Num: 990 Episode T: 1000 Reward: 3749.320
---------------------------------------
Evaluation over 10 episodes: 3618.556
---------------------------------------
Total T: 991000 Episode Num: 991 Episode T: 1000 Reward: 3573.451
Total T: 992000 Episode Num: 992 Episode T: 1000 Reward: 3736.984
Total T: 993000 Episode Num: 993 Episode T: 1000 Reward: 3676.499
Total T: 994000 Episode Num: 994 Episode T: 1000 Reward: 3843.484
Total T: 995000 Episode Num: 995 Episode T: 1000 Reward: 3798.621
---------------------------------------
Evaluation over 10 episodes: 3564.172
---------------------------------------
Total T: 996000 Episode Num: 996 Episode T: 1000 Reward: 3522.202
Total T: 997000 Episode Num: 997 Episode T: 1000 Reward: 3512.953
Total T: 998000 Episode Num: 998 Episode T: 1000 Reward: 3640.114
Total T: 999000 Episode Num: 999 Episode T: 1000 Reward: 3727.403
Total T: 1000000 Episode Num: 1000 Episode T: 1000 Reward: 3694.109
---------------------------------------
Evaluation over 10 episodes: 3563.062
---------------------------------------
