---------------------------------------
Policy: TD3, Env: Ant-v2, Seed: 0
---------------------------------------
---------------------------------------
Evaluation over 10 episodes: 980.793
---------------------------------------
Total T: 17 Episode Num: 1 Episode T: 17 Reward: -6.175
Total T: 142 Episode Num: 2 Episode T: 125 Reward: -46.783
Total T: 1142 Episode Num: 3 Episode T: 1000 Reward: -316.070
Total T: 1175 Episode Num: 4 Episode T: 33 Reward: -24.329
Total T: 2175 Episode Num: 5 Episode T: 1000 Reward: -299.313
Total T: 2237 Episode Num: 6 Episode T: 62 Reward: -11.946
Total T: 3237 Episode Num: 7 Episode T: 1000 Reward: -353.470
Total T: 3273 Episode Num: 8 Episode T: 36 Reward: -6.489
Total T: 3310 Episode Num: 9 Episode T: 37 Reward: -34.039
Total T: 4310 Episode Num: 10 Episode T: 1000 Reward: -291.528
Total T: 4395 Episode Num: 11 Episode T: 85 Reward: -32.205
Total T: 4429 Episode Num: 12 Episode T: 34 Reward: -18.043
Total T: 4447 Episode Num: 13 Episode T: 18 Reward: -11.385
Total T: 4491 Episode Num: 14 Episode T: 44 Reward: 5.928
Total T: 4515 Episode Num: 15 Episode T: 24 Reward: 7.199
Total T: 4542 Episode Num: 16 Episode T: 27 Reward: -21.348
Total T: 4610 Episode Num: 17 Episode T: 68 Reward: -12.607
Total T: 4648 Episode Num: 18 Episode T: 38 Reward: -10.939
Total T: 4718 Episode Num: 19 Episode T: 70 Reward: -62.080
Total T: 4899 Episode Num: 20 Episode T: 181 Reward: -36.183
---------------------------------------
Evaluation over 10 episodes: 981.301
---------------------------------------
Total T: 5899 Episode Num: 21 Episode T: 1000 Reward: -357.851
Total T: 6899 Episode Num: 22 Episode T: 1000 Reward: -357.095
Total T: 6992 Episode Num: 23 Episode T: 93 Reward: -62.428
Total T: 7052 Episode Num: 24 Episode T: 60 Reward: -26.025
Total T: 7113 Episode Num: 25 Episode T: 61 Reward: -8.552
Total T: 7196 Episode Num: 26 Episode T: 83 Reward: -35.085
Total T: 7222 Episode Num: 27 Episode T: 26 Reward: -10.897
Total T: 7284 Episode Num: 28 Episode T: 62 Reward: -0.271
Total T: 7337 Episode Num: 29 Episode T: 53 Reward: -9.849
Total T: 7434 Episode Num: 30 Episode T: 97 Reward: -27.355
Total T: 7563 Episode Num: 31 Episode T: 129 Reward: -0.185
Total T: 7681 Episode Num: 32 Episode T: 118 Reward: -39.714
Total T: 7701 Episode Num: 33 Episode T: 20 Reward: -19.919
Total T: 7808 Episode Num: 34 Episode T: 107 Reward: -13.081
Total T: 7838 Episode Num: 35 Episode T: 30 Reward: -24.756
Total T: 7869 Episode Num: 36 Episode T: 31 Reward: -3.508
Total T: 8869 Episode Num: 37 Episode T: 1000 Reward: -346.520
Total T: 8895 Episode Num: 38 Episode T: 26 Reward: 4.319
Total T: 9013 Episode Num: 39 Episode T: 118 Reward: -40.101
Total T: 9070 Episode Num: 40 Episode T: 57 Reward: -7.680
Total T: 9116 Episode Num: 41 Episode T: 46 Reward: -5.683
Total T: 9533 Episode Num: 42 Episode T: 417 Reward: -76.873
Total T: 9563 Episode Num: 43 Episode T: 30 Reward: -9.109
Total T: 9592 Episode Num: 44 Episode T: 29 Reward: -14.654
Total T: 9653 Episode Num: 45 Episode T: 61 Reward: -0.249
Total T: 9666 Episode Num: 46 Episode T: 13 Reward: -5.562
Total T: 9839 Episode Num: 47 Episode T: 173 Reward: -99.445
Total T: 9895 Episode Num: 48 Episode T: 56 Reward: -20.534
---------------------------------------
Evaluation over 10 episodes: 981.561
---------------------------------------
Total T: 10895 Episode Num: 49 Episode T: 1000 Reward: -337.207
Total T: 10936 Episode Num: 50 Episode T: 41 Reward: -38.865
Total T: 10962 Episode Num: 51 Episode T: 26 Reward: -3.790
Total T: 10972 Episode Num: 52 Episode T: 10 Reward: -7.452
Total T: 11057 Episode Num: 53 Episode T: 85 Reward: -58.377
Total T: 11142 Episode Num: 54 Episode T: 85 Reward: -12.561
Total T: 11173 Episode Num: 55 Episode T: 31 Reward: -19.056
Total T: 11330 Episode Num: 56 Episode T: 157 Reward: 0.182
Total T: 11641 Episode Num: 57 Episode T: 311 Reward: -164.801
Total T: 11755 Episode Num: 58 Episode T: 114 Reward: -76.111
Total T: 11904 Episode Num: 59 Episode T: 149 Reward: -13.002
Total T: 11945 Episode Num: 60 Episode T: 41 Reward: 6.516
Total T: 11972 Episode Num: 61 Episode T: 27 Reward: 3.433
Total T: 12029 Episode Num: 62 Episode T: 57 Reward: -11.071
Total T: 13029 Episode Num: 63 Episode T: 1000 Reward: -263.002
Total T: 13061 Episode Num: 64 Episode T: 32 Reward: -19.307
Total T: 13099 Episode Num: 65 Episode T: 38 Reward: -3.324
Total T: 14099 Episode Num: 66 Episode T: 1000 Reward: -331.309
Total T: 14112 Episode Num: 67 Episode T: 13 Reward: -5.071
Total T: 14360 Episode Num: 68 Episode T: 248 Reward: -66.424
Total T: 14408 Episode Num: 69 Episode T: 48 Reward: -20.881
Total T: 14455 Episode Num: 70 Episode T: 47 Reward: 18.139
Total T: 14471 Episode Num: 71 Episode T: 16 Reward: -2.283
---------------------------------------
Evaluation over 10 episodes: 980.765
---------------------------------------
Total T: 15471 Episode Num: 72 Episode T: 1000 Reward: -361.069
Total T: 15494 Episode Num: 73 Episode T: 23 Reward: -14.290
Total T: 15515 Episode Num: 74 Episode T: 21 Reward: 0.428
Total T: 15568 Episode Num: 75 Episode T: 53 Reward: -2.529
Total T: 15712 Episode Num: 76 Episode T: 144 Reward: -102.204
Total T: 16712 Episode Num: 77 Episode T: 1000 Reward: -361.867
Total T: 16730 Episode Num: 78 Episode T: 18 Reward: -18.596
Total T: 16778 Episode Num: 79 Episode T: 48 Reward: -3.152
Total T: 16833 Episode Num: 80 Episode T: 55 Reward: -8.990
Total T: 16874 Episode Num: 81 Episode T: 41 Reward: 4.027
Total T: 16923 Episode Num: 82 Episode T: 49 Reward: 14.472
Total T: 16994 Episode Num: 83 Episode T: 71 Reward: -40.403
Total T: 17075 Episode Num: 84 Episode T: 81 Reward: -9.700
Total T: 17097 Episode Num: 85 Episode T: 22 Reward: -11.967
Total T: 17122 Episode Num: 86 Episode T: 25 Reward: -25.366
Total T: 17311 Episode Num: 87 Episode T: 189 Reward: -138.685
Total T: 17385 Episode Num: 88 Episode T: 74 Reward: 8.165
Total T: 17428 Episode Num: 89 Episode T: 43 Reward: 8.029
Total T: 17692 Episode Num: 90 Episode T: 264 Reward: -119.895
Total T: 17830 Episode Num: 91 Episode T: 138 Reward: -18.106
Total T: 17874 Episode Num: 92 Episode T: 44 Reward: -32.608
Total T: 17915 Episode Num: 93 Episode T: 41 Reward: -26.242
Total T: 18021 Episode Num: 94 Episode T: 106 Reward: -76.679
Total T: 18040 Episode Num: 95 Episode T: 19 Reward: 0.423
Total T: 18105 Episode Num: 96 Episode T: 65 Reward: -1.132
Total T: 18135 Episode Num: 97 Episode T: 30 Reward: -7.446
Total T: 18183 Episode Num: 98 Episode T: 48 Reward: 1.767
Total T: 18201 Episode Num: 99 Episode T: 18 Reward: -11.961
Total T: 18230 Episode Num: 100 Episode T: 29 Reward: -13.832
Total T: 18280 Episode Num: 101 Episode T: 50 Reward: -5.132
Total T: 18357 Episode Num: 102 Episode T: 77 Reward: -52.095
Total T: 18380 Episode Num: 103 Episode T: 23 Reward: -17.003
Total T: 18590 Episode Num: 104 Episode T: 210 Reward: -74.375
Total T: 18736 Episode Num: 105 Episode T: 146 Reward: -39.329
Total T: 18823 Episode Num: 106 Episode T: 87 Reward: -69.935
Total T: 19823 Episode Num: 107 Episode T: 1000 Reward: -375.052
---------------------------------------
Evaluation over 10 episodes: 981.042
---------------------------------------
Total T: 20823 Episode Num: 108 Episode T: 1000 Reward: -350.743
Total T: 20880 Episode Num: 109 Episode T: 57 Reward: -52.400
Total T: 21218 Episode Num: 110 Episode T: 338 Reward: -140.281
Total T: 21344 Episode Num: 111 Episode T: 126 Reward: -31.715
Total T: 21400 Episode Num: 112 Episode T: 56 Reward: -10.119
Total T: 21465 Episode Num: 113 Episode T: 65 Reward: -58.093
Total T: 21503 Episode Num: 114 Episode T: 38 Reward: 7.512
Total T: 21548 Episode Num: 115 Episode T: 45 Reward: -11.714
Total T: 21707 Episode Num: 116 Episode T: 159 Reward: -128.509
Total T: 21778 Episode Num: 117 Episode T: 71 Reward: -43.634
Total T: 21876 Episode Num: 118 Episode T: 98 Reward: -84.056
Total T: 22876 Episode Num: 119 Episode T: 1000 Reward: -269.738
Total T: 22921 Episode Num: 120 Episode T: 45 Reward: -18.864
Total T: 22940 Episode Num: 121 Episode T: 19 Reward: -8.848
Total T: 23026 Episode Num: 122 Episode T: 86 Reward: -51.903
Total T: 23059 Episode Num: 123 Episode T: 33 Reward: -4.218
Total T: 24059 Episode Num: 124 Episode T: 1000 Reward: -373.012
Total T: 24080 Episode Num: 125 Episode T: 21 Reward: -16.961
Total T: 24104 Episode Num: 126 Episode T: 24 Reward: 2.011
Total T: 24129 Episode Num: 127 Episode T: 25 Reward: -1.333
Total T: 24180 Episode Num: 128 Episode T: 51 Reward: -0.017
Total T: 24241 Episode Num: 129 Episode T: 61 Reward: -4.659
---------------------------------------
Evaluation over 10 episodes: 981.083
---------------------------------------
Total T: 25241 Episode Num: 130 Episode T: 1000 Reward: -216.451
Total T: 26241 Episode Num: 131 Episode T: 1000 Reward: 279.336
Total T: 27241 Episode Num: 132 Episode T: 1000 Reward: 616.054
Total T: 28241 Episode Num: 133 Episode T: 1000 Reward: 695.752
Total T: 29241 Episode Num: 134 Episode T: 1000 Reward: 703.586
---------------------------------------
Evaluation over 10 episodes: 653.725
---------------------------------------
Total T: 30241 Episode Num: 135 Episode T: 1000 Reward: 730.129
Total T: 31241 Episode Num: 136 Episode T: 1000 Reward: 671.684
Total T: 32241 Episode Num: 137 Episode T: 1000 Reward: 685.063
Total T: 33241 Episode Num: 138 Episode T: 1000 Reward: 755.684
Total T: 34241 Episode Num: 139 Episode T: 1000 Reward: 812.198
---------------------------------------
Evaluation over 10 episodes: 428.205
---------------------------------------
Total T: 35141 Episode Num: 140 Episode T: 900 Reward: 534.776
Total T: 36141 Episode Num: 141 Episode T: 1000 Reward: 681.141
Total T: 36275 Episode Num: 142 Episode T: 134 Reward: 117.039
Total T: 36431 Episode Num: 143 Episode T: 156 Reward: 121.392
Total T: 36777 Episode Num: 144 Episode T: 346 Reward: 312.456
Total T: 36873 Episode Num: 145 Episode T: 96 Reward: 80.189
Total T: 36974 Episode Num: 146 Episode T: 101 Reward: 93.231
Total T: 37043 Episode Num: 147 Episode T: 69 Reward: 56.390
Total T: 38043 Episode Num: 148 Episode T: 1000 Reward: 438.296
Total T: 39043 Episode Num: 149 Episode T: 1000 Reward: 602.673
---------------------------------------
Evaluation over 10 episodes: 567.366
---------------------------------------
Total T: 40043 Episode Num: 150 Episode T: 1000 Reward: 480.529
Total T: 41043 Episode Num: 151 Episode T: 1000 Reward: 592.816
Total T: 41952 Episode Num: 152 Episode T: 909 Reward: 548.560
Total T: 42100 Episode Num: 153 Episode T: 148 Reward: 127.243
Total T: 43100 Episode Num: 154 Episode T: 1000 Reward: 720.182
Total T: 44100 Episode Num: 155 Episode T: 1000 Reward: 692.057
---------------------------------------
Evaluation over 10 episodes: 450.010
---------------------------------------
Total T: 45100 Episode Num: 156 Episode T: 1000 Reward: 400.002
Total T: 46100 Episode Num: 157 Episode T: 1000 Reward: 730.993
Total T: 47100 Episode Num: 158 Episode T: 1000 Reward: 661.066
Total T: 47148 Episode Num: 159 Episode T: 48 Reward: 33.831
Total T: 47696 Episode Num: 160 Episode T: 548 Reward: 344.008
Total T: 47804 Episode Num: 161 Episode T: 108 Reward: 61.718
Total T: 48804 Episode Num: 162 Episode T: 1000 Reward: 709.314
Total T: 48901 Episode Num: 163 Episode T: 97 Reward: 101.329
Total T: 49012 Episode Num: 164 Episode T: 111 Reward: 94.481
---------------------------------------
Evaluation over 10 episodes: 316.397
---------------------------------------
Total T: 50012 Episode Num: 165 Episode T: 1000 Reward: 319.355
Total T: 51012 Episode Num: 166 Episode T: 1000 Reward: 563.138
Total T: 51105 Episode Num: 167 Episode T: 93 Reward: 83.318
Total T: 52105 Episode Num: 168 Episode T: 1000 Reward: 615.336
Total T: 53105 Episode Num: 169 Episode T: 1000 Reward: 542.725
Total T: 53440 Episode Num: 170 Episode T: 335 Reward: 240.822
Total T: 53527 Episode Num: 171 Episode T: 87 Reward: 94.048
Total T: 54527 Episode Num: 172 Episode T: 1000 Reward: 670.323
Total T: 54564 Episode Num: 173 Episode T: 37 Reward: 27.228
---------------------------------------
Evaluation over 10 episodes: 494.305
---------------------------------------
Total T: 55564 Episode Num: 174 Episode T: 1000 Reward: 553.665
Total T: 56564 Episode Num: 175 Episode T: 1000 Reward: 642.356
Total T: 57564 Episode Num: 176 Episode T: 1000 Reward: 309.245
Total T: 57673 Episode Num: 177 Episode T: 109 Reward: 76.181
Total T: 58673 Episode Num: 178 Episode T: 1000 Reward: 588.742
Total T: 59673 Episode Num: 179 Episode T: 1000 Reward: 793.881
Total T: 59793 Episode Num: 180 Episode T: 120 Reward: 97.026
Total T: 59893 Episode Num: 181 Episode T: 100 Reward: 82.487
Total T: 59956 Episode Num: 182 Episode T: 63 Reward: 65.123
---------------------------------------
Evaluation over 10 episodes: 629.352
---------------------------------------
Total T: 60956 Episode Num: 183 Episode T: 1000 Reward: 802.775
Total T: 61956 Episode Num: 184 Episode T: 1000 Reward: 773.425
Total T: 62896 Episode Num: 185 Episode T: 940 Reward: 652.414
Total T: 63896 Episode Num: 186 Episode T: 1000 Reward: 651.687
Total T: 64686 Episode Num: 187 Episode T: 790 Reward: 635.065
Total T: 64815 Episode Num: 188 Episode T: 129 Reward: 155.655
---------------------------------------
Evaluation over 10 episodes: 675.619
---------------------------------------
Total T: 65504 Episode Num: 189 Episode T: 689 Reward: 813.598
Total T: 66504 Episode Num: 190 Episode T: 1000 Reward: 785.676
Total T: 67251 Episode Num: 191 Episode T: 747 Reward: 677.087
Total T: 67720 Episode Num: 192 Episode T: 469 Reward: 447.067
Total T: 68720 Episode Num: 193 Episode T: 1000 Reward: 1093.493
Total T: 69720 Episode Num: 194 Episode T: 1000 Reward: 587.410
---------------------------------------
Evaluation over 10 episodes: 633.639
---------------------------------------
Total T: 70720 Episode Num: 195 Episode T: 1000 Reward: 940.593
Total T: 70934 Episode Num: 196 Episode T: 214 Reward: 223.382
Total T: 71023 Episode Num: 197 Episode T: 89 Reward: 61.021
Total T: 72023 Episode Num: 198 Episode T: 1000 Reward: 790.421
Total T: 73023 Episode Num: 199 Episode T: 1000 Reward: 1009.419
Total T: 74023 Episode Num: 200 Episode T: 1000 Reward: 581.986
Total T: 74226 Episode Num: 201 Episode T: 203 Reward: 211.511
---------------------------------------
Evaluation over 10 episodes: 531.133
---------------------------------------
Total T: 75226 Episode Num: 202 Episode T: 1000 Reward: 566.555
Total T: 75535 Episode Num: 203 Episode T: 309 Reward: 335.007
Total T: 75551 Episode Num: 204 Episode T: 16 Reward: 11.996
Total T: 76432 Episode Num: 205 Episode T: 881 Reward: 1067.801
Total T: 76486 Episode Num: 206 Episode T: 54 Reward: 48.233
Total T: 77486 Episode Num: 207 Episode T: 1000 Reward: 927.489
Total T: 78486 Episode Num: 208 Episode T: 1000 Reward: 956.278
Total T: 79486 Episode Num: 209 Episode T: 1000 Reward: 865.818
---------------------------------------
Evaluation over 10 episodes: 562.419
---------------------------------------
Total T: 80486 Episode Num: 210 Episode T: 1000 Reward: 1097.995
Total T: 81486 Episode Num: 211 Episode T: 1000 Reward: 945.811
Total T: 81737 Episode Num: 212 Episode T: 251 Reward: 291.922
Total T: 81825 Episode Num: 213 Episode T: 88 Reward: 95.853
Total T: 82825 Episode Num: 214 Episode T: 1000 Reward: 896.417
Total T: 83207 Episode Num: 215 Episode T: 382 Reward: 492.549
Total T: 83250 Episode Num: 216 Episode T: 43 Reward: 33.865
Total T: 84250 Episode Num: 217 Episode T: 1000 Reward: 644.611
---------------------------------------
Evaluation over 10 episodes: 905.581
---------------------------------------
Total T: 85250 Episode Num: 218 Episode T: 1000 Reward: 799.255
Total T: 86250 Episode Num: 219 Episode T: 1000 Reward: 837.464
Total T: 86530 Episode Num: 220 Episode T: 280 Reward: 314.204
Total T: 87530 Episode Num: 221 Episode T: 1000 Reward: 761.305
Total T: 87677 Episode Num: 222 Episode T: 147 Reward: 167.438
Total T: 88370 Episode Num: 223 Episode T: 693 Reward: 940.422
Total T: 89244 Episode Num: 224 Episode T: 874 Reward: 1223.902
---------------------------------------
Evaluation over 10 episodes: 846.983
---------------------------------------
Total T: 90244 Episode Num: 225 Episode T: 1000 Reward: 550.608
Total T: 91244 Episode Num: 226 Episode T: 1000 Reward: 642.306
Total T: 92244 Episode Num: 227 Episode T: 1000 Reward: 918.081
Total T: 93244 Episode Num: 228 Episode T: 1000 Reward: 1322.365
Total T: 94244 Episode Num: 229 Episode T: 1000 Reward: 968.235
Total T: 94630 Episode Num: 230 Episode T: 386 Reward: 554.140
Total T: 94887 Episode Num: 231 Episode T: 257 Reward: 366.440
---------------------------------------
Evaluation over 10 episodes: 937.747
---------------------------------------
Total T: 95273 Episode Num: 232 Episode T: 386 Reward: 553.911
Total T: 96273 Episode Num: 233 Episode T: 1000 Reward: 776.653
Total T: 97273 Episode Num: 234 Episode T: 1000 Reward: 583.109
Total T: 98009 Episode Num: 235 Episode T: 736 Reward: 982.750
Total T: 99009 Episode Num: 236 Episode T: 1000 Reward: 599.175
---------------------------------------
Evaluation over 10 episodes: 541.743
---------------------------------------
Total T: 100009 Episode Num: 237 Episode T: 1000 Reward: 928.591
Total T: 100184 Episode Num: 238 Episode T: 175 Reward: 266.095
Total T: 101184 Episode Num: 239 Episode T: 1000 Reward: 1435.201
Total T: 102184 Episode Num: 240 Episode T: 1000 Reward: 732.186
Total T: 102598 Episode Num: 241 Episode T: 414 Reward: 658.241
Total T: 102782 Episode Num: 242 Episode T: 184 Reward: 293.014
Total T: 103147 Episode Num: 243 Episode T: 365 Reward: 592.446
Total T: 103257 Episode Num: 244 Episode T: 110 Reward: 177.088
Total T: 104257 Episode Num: 245 Episode T: 1000 Reward: 759.983
---------------------------------------
Evaluation over 10 episodes: 801.788
---------------------------------------
Total T: 105257 Episode Num: 246 Episode T: 1000 Reward: 1429.095
Total T: 105499 Episode Num: 247 Episode T: 242 Reward: 388.705
Total T: 106499 Episode Num: 248 Episode T: 1000 Reward: 931.181
Total T: 106914 Episode Num: 249 Episode T: 415 Reward: 539.075
Total T: 107914 Episode Num: 250 Episode T: 1000 Reward: 1592.731
Total T: 108152 Episode Num: 251 Episode T: 238 Reward: 350.055
Total T: 108345 Episode Num: 252 Episode T: 193 Reward: 283.019
Total T: 108419 Episode Num: 253 Episode T: 74 Reward: 133.773
Total T: 108801 Episode Num: 254 Episode T: 382 Reward: 590.010
Total T: 108886 Episode Num: 255 Episode T: 85 Reward: 120.617
Total T: 109262 Episode Num: 256 Episode T: 376 Reward: 551.612
---------------------------------------
Evaluation over 10 episodes: 995.650
---------------------------------------
Total T: 110262 Episode Num: 257 Episode T: 1000 Reward: 857.063
Total T: 111262 Episode Num: 258 Episode T: 1000 Reward: 1196.713
Total T: 111457 Episode Num: 259 Episode T: 195 Reward: 295.113
Total T: 111482 Episode Num: 260 Episode T: 25 Reward: 41.192
Total T: 111566 Episode Num: 261 Episode T: 84 Reward: 112.095
Total T: 112566 Episode Num: 262 Episode T: 1000 Reward: 561.147
Total T: 113566 Episode Num: 263 Episode T: 1000 Reward: 783.779
Total T: 114309 Episode Num: 264 Episode T: 743 Reward: 1352.636
---------------------------------------
Evaluation over 10 episodes: 1179.724
---------------------------------------
Total T: 115309 Episode Num: 265 Episode T: 1000 Reward: 1466.753
Total T: 116309 Episode Num: 266 Episode T: 1000 Reward: 793.484
Total T: 117309 Episode Num: 267 Episode T: 1000 Reward: 1219.352
Total T: 118309 Episode Num: 268 Episode T: 1000 Reward: 1111.027
Total T: 119309 Episode Num: 269 Episode T: 1000 Reward: 1393.289
---------------------------------------
Evaluation over 10 episodes: 770.173
---------------------------------------
Total T: 120309 Episode Num: 270 Episode T: 1000 Reward: 1763.545
Total T: 120392 Episode Num: 271 Episode T: 83 Reward: 115.364
Total T: 120752 Episode Num: 272 Episode T: 360 Reward: 726.864
Total T: 121752 Episode Num: 273 Episode T: 1000 Reward: 592.419
Total T: 122022 Episode Num: 274 Episode T: 270 Reward: 486.417
Total T: 123022 Episode Num: 275 Episode T: 1000 Reward: 1716.638
Total T: 123652 Episode Num: 276 Episode T: 630 Reward: 1113.977
Total T: 123971 Episode Num: 277 Episode T: 319 Reward: 664.849
Total T: 124971 Episode Num: 278 Episode T: 1000 Reward: 1783.507
---------------------------------------
Evaluation over 10 episodes: 951.132
---------------------------------------
Total T: 125023 Episode Num: 279 Episode T: 52 Reward: 81.737
Total T: 126023 Episode Num: 280 Episode T: 1000 Reward: 1214.299
Total T: 127023 Episode Num: 281 Episode T: 1000 Reward: 726.807
Total T: 128023 Episode Num: 282 Episode T: 1000 Reward: 1025.689
Total T: 128897 Episode Num: 283 Episode T: 874 Reward: 1570.730
Total T: 129897 Episode Num: 284 Episode T: 1000 Reward: 954.489
---------------------------------------
Evaluation over 10 episodes: 956.543
---------------------------------------
Total T: 130897 Episode Num: 285 Episode T: 1000 Reward: 806.650
Total T: 131240 Episode Num: 286 Episode T: 343 Reward: 547.022
Total T: 131287 Episode Num: 287 Episode T: 47 Reward: 61.099
Total T: 132287 Episode Num: 288 Episode T: 1000 Reward: 1809.235
Total T: 133287 Episode Num: 289 Episode T: 1000 Reward: 802.682
Total T: 134287 Episode Num: 290 Episode T: 1000 Reward: 1891.504
---------------------------------------
Evaluation over 10 episodes: 1316.665
---------------------------------------
Total T: 135287 Episode Num: 291 Episode T: 1000 Reward: 1683.955
Total T: 136163 Episode Num: 292 Episode T: 876 Reward: 1690.984
Total T: 136739 Episode Num: 293 Episode T: 576 Reward: 1144.539
Total T: 137535 Episode Num: 294 Episode T: 796 Reward: 1587.743
Total T: 138233 Episode Num: 295 Episode T: 698 Reward: 1424.626
Total T: 138722 Episode Num: 296 Episode T: 489 Reward: 987.816
Total T: 139722 Episode Num: 297 Episode T: 1000 Reward: 1116.743
---------------------------------------
Evaluation over 10 episodes: 1187.914
---------------------------------------
Total T: 140722 Episode Num: 298 Episode T: 1000 Reward: 720.081
Total T: 141722 Episode Num: 299 Episode T: 1000 Reward: 796.503
Total T: 142011 Episode Num: 300 Episode T: 289 Reward: 580.814
Total T: 143011 Episode Num: 301 Episode T: 1000 Reward: 2205.646
Total T: 144011 Episode Num: 302 Episode T: 1000 Reward: 2213.106
Total T: 144107 Episode Num: 303 Episode T: 96 Reward: 211.230
Total T: 144979 Episode Num: 304 Episode T: 872 Reward: 1753.693
---------------------------------------
Evaluation over 10 episodes: 752.890
---------------------------------------
Total T: 145159 Episode Num: 305 Episode T: 180 Reward: 315.016
Total T: 146159 Episode Num: 306 Episode T: 1000 Reward: 902.904
Total T: 147159 Episode Num: 307 Episode T: 1000 Reward: 913.139
Total T: 147296 Episode Num: 308 Episode T: 137 Reward: 241.051
Total T: 148296 Episode Num: 309 Episode T: 1000 Reward: 893.460
Total T: 149296 Episode Num: 310 Episode T: 1000 Reward: 2194.726
---------------------------------------
Evaluation over 10 episodes: 1100.796
---------------------------------------
Total T: 150296 Episode Num: 311 Episode T: 1000 Reward: 596.686
Total T: 151296 Episode Num: 312 Episode T: 1000 Reward: 965.259
Total T: 152296 Episode Num: 313 Episode T: 1000 Reward: 2087.540
Total T: 153296 Episode Num: 314 Episode T: 1000 Reward: 2217.865
Total T: 153354 Episode Num: 315 Episode T: 58 Reward: 110.440
Total T: 154354 Episode Num: 316 Episode T: 1000 Reward: 1407.587
Total T: 154482 Episode Num: 317 Episode T: 128 Reward: 240.459
---------------------------------------
Evaluation over 10 episodes: 1231.051
---------------------------------------
Total T: 155482 Episode Num: 318 Episode T: 1000 Reward: 1815.324
Total T: 156482 Episode Num: 319 Episode T: 1000 Reward: 830.456
Total T: 156848 Episode Num: 320 Episode T: 366 Reward: 813.724
Total T: 157848 Episode Num: 321 Episode T: 1000 Reward: 2272.021
Total T: 158848 Episode Num: 322 Episode T: 1000 Reward: 684.163
Total T: 159848 Episode Num: 323 Episode T: 1000 Reward: 2481.339
---------------------------------------
Evaluation over 10 episodes: 1159.985
---------------------------------------
Total T: 160698 Episode Num: 324 Episode T: 850 Reward: 2146.527
Total T: 161229 Episode Num: 325 Episode T: 531 Reward: 1217.963
Total T: 162229 Episode Num: 326 Episode T: 1000 Reward: 2287.342
Total T: 163229 Episode Num: 327 Episode T: 1000 Reward: 2319.403
Total T: 163670 Episode Num: 328 Episode T: 441 Reward: 1012.361
Total T: 164670 Episode Num: 329 Episode T: 1000 Reward: 627.439
---------------------------------------
Evaluation over 10 episodes: 1128.473
---------------------------------------
Total T: 165670 Episode Num: 330 Episode T: 1000 Reward: 837.240
Total T: 165727 Episode Num: 331 Episode T: 57 Reward: 99.444
Total T: 166727 Episode Num: 332 Episode T: 1000 Reward: 2652.691
Total T: 167318 Episode Num: 333 Episode T: 591 Reward: 1519.768
Total T: 167836 Episode Num: 334 Episode T: 518 Reward: 1178.276
Total T: 168209 Episode Num: 335 Episode T: 373 Reward: 930.828
Total T: 169209 Episode Num: 336 Episode T: 1000 Reward: 2446.239
Total T: 169275 Episode Num: 337 Episode T: 66 Reward: 145.889
---------------------------------------
Evaluation over 10 episodes: 1750.035
---------------------------------------
Total T: 170275 Episode Num: 338 Episode T: 1000 Reward: 2614.166
Total T: 170675 Episode Num: 339 Episode T: 400 Reward: 1038.198
Total T: 170793 Episode Num: 340 Episode T: 118 Reward: 277.797
Total T: 171793 Episode Num: 341 Episode T: 1000 Reward: 1224.424
Total T: 172793 Episode Num: 342 Episode T: 1000 Reward: 763.719
Total T: 173793 Episode Num: 343 Episode T: 1000 Reward: 2739.887
Total T: 174442 Episode Num: 344 Episode T: 649 Reward: 1601.400
Total T: 174523 Episode Num: 345 Episode T: 81 Reward: 138.770
---------------------------------------
Evaluation over 10 episodes: 1053.884
---------------------------------------
Total T: 175523 Episode Num: 346 Episode T: 1000 Reward: 1144.065
Total T: 176523 Episode Num: 347 Episode T: 1000 Reward: 2542.386
Total T: 177523 Episode Num: 348 Episode T: 1000 Reward: 1147.238
Total T: 178523 Episode Num: 349 Episode T: 1000 Reward: 2641.158
Total T: 179523 Episode Num: 350 Episode T: 1000 Reward: 1461.898
Total T: 179873 Episode Num: 351 Episode T: 350 Reward: 958.218
---------------------------------------
Evaluation over 10 episodes: 1564.345
---------------------------------------
Total T: 180873 Episode Num: 352 Episode T: 1000 Reward: 901.242
Total T: 181125 Episode Num: 353 Episode T: 252 Reward: 743.805
Total T: 182125 Episode Num: 354 Episode T: 1000 Reward: 2773.676
Total T: 183125 Episode Num: 355 Episode T: 1000 Reward: 2759.111
Total T: 183628 Episode Num: 356 Episode T: 503 Reward: 1383.286
Total T: 184533 Episode Num: 357 Episode T: 905 Reward: 2443.775
---------------------------------------
Evaluation over 10 episodes: 2193.590
---------------------------------------
Total T: 185533 Episode Num: 358 Episode T: 1000 Reward: 567.464
Total T: 186288 Episode Num: 359 Episode T: 755 Reward: 2101.049
Total T: 186376 Episode Num: 360 Episode T: 88 Reward: 238.135
Total T: 186685 Episode Num: 361 Episode T: 309 Reward: 688.238
Total T: 187685 Episode Num: 362 Episode T: 1000 Reward: 2691.284
Total T: 188685 Episode Num: 363 Episode T: 1000 Reward: 2687.713
Total T: 189685 Episode Num: 364 Episode T: 1000 Reward: 2878.697
Total T: 189893 Episode Num: 365 Episode T: 208 Reward: 579.994
---------------------------------------
Evaluation over 10 episodes: 2462.365
---------------------------------------
Total T: 190221 Episode Num: 366 Episode T: 328 Reward: 926.072
Total T: 190614 Episode Num: 367 Episode T: 393 Reward: 1043.587
Total T: 190742 Episode Num: 368 Episode T: 128 Reward: 328.825
Total T: 191742 Episode Num: 369 Episode T: 1000 Reward: 2769.241
Total T: 191931 Episode Num: 370 Episode T: 189 Reward: 445.638
Total T: 192713 Episode Num: 371 Episode T: 782 Reward: 2057.355
Total T: 193150 Episode Num: 372 Episode T: 437 Reward: 1250.308
Total T: 194150 Episode Num: 373 Episode T: 1000 Reward: 2793.805
---------------------------------------
Evaluation over 10 episodes: 1721.473
---------------------------------------
Total T: 195150 Episode Num: 374 Episode T: 1000 Reward: 3054.841
Total T: 195930 Episode Num: 375 Episode T: 780 Reward: 1934.974
Total T: 196060 Episode Num: 376 Episode T: 130 Reward: 317.208
Total T: 197060 Episode Num: 377 Episode T: 1000 Reward: 2963.532
Total T: 198060 Episode Num: 378 Episode T: 1000 Reward: 2907.978
Total T: 199060 Episode Num: 379 Episode T: 1000 Reward: 2705.485
Total T: 199709 Episode Num: 380 Episode T: 649 Reward: 1921.866
---------------------------------------
Evaluation over 10 episodes: 1986.572
---------------------------------------
Total T: 200709 Episode Num: 381 Episode T: 1000 Reward: 2755.316
Total T: 201098 Episode Num: 382 Episode T: 389 Reward: 1260.864
Total T: 202098 Episode Num: 383 Episode T: 1000 Reward: 2992.124
Total T: 203098 Episode Num: 384 Episode T: 1000 Reward: 2770.584
Total T: 204098 Episode Num: 385 Episode T: 1000 Reward: 2907.209
---------------------------------------
Evaluation over 10 episodes: 2552.441
---------------------------------------
Total T: 205098 Episode Num: 386 Episode T: 1000 Reward: 2892.621
Total T: 206098 Episode Num: 387 Episode T: 1000 Reward: 2833.735
Total T: 207098 Episode Num: 388 Episode T: 1000 Reward: 3205.967
Total T: 208062 Episode Num: 389 Episode T: 964 Reward: 2840.476
Total T: 209062 Episode Num: 390 Episode T: 1000 Reward: 3061.382
Total T: 209271 Episode Num: 391 Episode T: 209 Reward: 546.063
---------------------------------------
Evaluation over 10 episodes: 1594.534
---------------------------------------
Total T: 210271 Episode Num: 392 Episode T: 1000 Reward: 3217.854
Total T: 211271 Episode Num: 393 Episode T: 1000 Reward: 3152.385
Total T: 212271 Episode Num: 394 Episode T: 1000 Reward: 2912.602
Total T: 213075 Episode Num: 395 Episode T: 804 Reward: 2445.159
Total T: 213581 Episode Num: 396 Episode T: 506 Reward: 1556.898
Total T: 214581 Episode Num: 397 Episode T: 1000 Reward: 1264.869
Total T: 214958 Episode Num: 398 Episode T: 377 Reward: 1122.133
---------------------------------------
Evaluation over 10 episodes: 1135.773
---------------------------------------
Total T: 215525 Episode Num: 399 Episode T: 567 Reward: 1658.253
Total T: 216394 Episode Num: 400 Episode T: 869 Reward: 2655.322
Total T: 216414 Episode Num: 401 Episode T: 20 Reward: 9.295
Total T: 217414 Episode Num: 402 Episode T: 1000 Reward: 3102.931
Total T: 218414 Episode Num: 403 Episode T: 1000 Reward: 3103.704
Total T: 218581 Episode Num: 404 Episode T: 167 Reward: 476.796
Total T: 219138 Episode Num: 405 Episode T: 557 Reward: 1651.545
Total T: 219608 Episode Num: 406 Episode T: 470 Reward: 1514.361
Total T: 219734 Episode Num: 407 Episode T: 126 Reward: 344.726
---------------------------------------
Evaluation over 10 episodes: 1974.626
---------------------------------------
Total T: 220734 Episode Num: 408 Episode T: 1000 Reward: 3291.041
Total T: 221734 Episode Num: 409 Episode T: 1000 Reward: 3324.315
Total T: 222118 Episode Num: 410 Episode T: 384 Reward: 1141.512
Total T: 223118 Episode Num: 411 Episode T: 1000 Reward: 3173.082
Total T: 223196 Episode Num: 412 Episode T: 78 Reward: 171.039
Total T: 224133 Episode Num: 413 Episode T: 937 Reward: 2790.741
Total T: 224905 Episode Num: 414 Episode T: 772 Reward: 2338.770
---------------------------------------
Evaluation over 10 episodes: 1931.810
---------------------------------------
Total T: 225905 Episode Num: 415 Episode T: 1000 Reward: 3232.312
Total T: 226905 Episode Num: 416 Episode T: 1000 Reward: 2976.399
Total T: 227468 Episode Num: 417 Episode T: 563 Reward: 1695.828
Total T: 228468 Episode Num: 418 Episode T: 1000 Reward: 3294.749
Total T: 229073 Episode Num: 419 Episode T: 605 Reward: 1901.022
Total T: 229661 Episode Num: 420 Episode T: 588 Reward: 1908.525
---------------------------------------
Evaluation over 10 episodes: 2256.447
---------------------------------------
Total T: 230661 Episode Num: 421 Episode T: 1000 Reward: 3325.693
Total T: 230827 Episode Num: 422 Episode T: 166 Reward: 524.795
Total T: 231584 Episode Num: 423 Episode T: 757 Reward: 2314.572
Total T: 232182 Episode Num: 424 Episode T: 598 Reward: 1978.211
Total T: 232228 Episode Num: 425 Episode T: 46 Reward: 61.771
Total T: 233228 Episode Num: 426 Episode T: 1000 Reward: 3129.927
Total T: 234228 Episode Num: 427 Episode T: 1000 Reward: 3175.801
Total T: 234306 Episode Num: 428 Episode T: 78 Reward: 172.800
---------------------------------------
Evaluation over 10 episodes: 2759.784
---------------------------------------
Total T: 235306 Episode Num: 429 Episode T: 1000 Reward: 384.806
Total T: 235372 Episode Num: 430 Episode T: 66 Reward: 116.232
Total T: 235490 Episode Num: 431 Episode T: 118 Reward: 270.837
Total T: 236490 Episode Num: 432 Episode T: 1000 Reward: 1402.314
Total T: 236801 Episode Num: 433 Episode T: 311 Reward: 1011.236
Total T: 237768 Episode Num: 434 Episode T: 967 Reward: 2944.664
Total T: 237978 Episode Num: 435 Episode T: 210 Reward: 683.133
Total T: 238978 Episode Num: 436 Episode T: 1000 Reward: 748.622
Total T: 239730 Episode Num: 437 Episode T: 752 Reward: 2497.939
---------------------------------------
Evaluation over 10 episodes: 2445.701
---------------------------------------
Total T: 240730 Episode Num: 438 Episode T: 1000 Reward: 3419.957
Total T: 240945 Episode Num: 439 Episode T: 215 Reward: 664.957
Total T: 241945 Episode Num: 440 Episode T: 1000 Reward: 3419.164
Total T: 242945 Episode Num: 441 Episode T: 1000 Reward: 3670.472
Total T: 243393 Episode Num: 442 Episode T: 448 Reward: 1533.778
Total T: 244393 Episode Num: 443 Episode T: 1000 Reward: 2965.896
Total T: 244436 Episode Num: 444 Episode T: 43 Reward: 102.614
---------------------------------------
Evaluation over 10 episodes: 1654.426
---------------------------------------
Total T: 245299 Episode Num: 445 Episode T: 863 Reward: 2624.501
Total T: 246169 Episode Num: 446 Episode T: 870 Reward: 2814.397
Total T: 247169 Episode Num: 447 Episode T: 1000 Reward: 3045.740
Total T: 247281 Episode Num: 448 Episode T: 112 Reward: 293.361
Total T: 248281 Episode Num: 449 Episode T: 1000 Reward: 3263.822
Total T: 248846 Episode Num: 450 Episode T: 565 Reward: 1680.910
Total T: 249846 Episode Num: 451 Episode T: 1000 Reward: 3263.921
---------------------------------------
Evaluation over 10 episodes: 2580.755
---------------------------------------
Total T: 250092 Episode Num: 452 Episode T: 246 Reward: 713.949
Total T: 250767 Episode Num: 453 Episode T: 675 Reward: 2247.989
Total T: 250897 Episode Num: 454 Episode T: 130 Reward: 259.086
Total T: 251400 Episode Num: 455 Episode T: 503 Reward: 1733.484
Total T: 251809 Episode Num: 456 Episode T: 409 Reward: 1520.640
Total T: 252514 Episode Num: 457 Episode T: 705 Reward: 2477.384
Total T: 253514 Episode Num: 458 Episode T: 1000 Reward: 3500.623
Total T: 253588 Episode Num: 459 Episode T: 74 Reward: 231.231
Total T: 253606 Episode Num: 460 Episode T: 18 Reward: 11.549
Total T: 254606 Episode Num: 461 Episode T: 1000 Reward: 2672.658
Total T: 254788 Episode Num: 462 Episode T: 182 Reward: 574.899
---------------------------------------
Evaluation over 10 episodes: 1691.119
---------------------------------------
Total T: 255788 Episode Num: 463 Episode T: 1000 Reward: 3054.358
Total T: 256112 Episode Num: 464 Episode T: 324 Reward: 866.108
Total T: 256549 Episode Num: 465 Episode T: 437 Reward: 1372.795
Total T: 256697 Episode Num: 466 Episode T: 148 Reward: 448.949
Total T: 257022 Episode Num: 467 Episode T: 325 Reward: 1125.843
Total T: 257144 Episode Num: 468 Episode T: 122 Reward: 422.330
Total T: 258015 Episode Num: 469 Episode T: 871 Reward: 2936.448
Total T: 259015 Episode Num: 470 Episode T: 1000 Reward: 3158.885
---------------------------------------
Evaluation over 10 episodes: 2005.009
---------------------------------------
Total T: 260015 Episode Num: 471 Episode T: 1000 Reward: 3331.372
Total T: 260143 Episode Num: 472 Episode T: 128 Reward: 431.018
Total T: 260270 Episode Num: 473 Episode T: 127 Reward: 324.862
Total T: 260829 Episode Num: 474 Episode T: 559 Reward: 1748.552
Total T: 261829 Episode Num: 475 Episode T: 1000 Reward: 3638.602
Total T: 262058 Episode Num: 476 Episode T: 229 Reward: 762.133
Total T: 263047 Episode Num: 477 Episode T: 989 Reward: 3437.655
Total T: 264047 Episode Num: 478 Episode T: 1000 Reward: 2014.413
Total T: 264406 Episode Num: 479 Episode T: 359 Reward: 1200.617
Total T: 264652 Episode Num: 480 Episode T: 246 Reward: 791.472
---------------------------------------
Evaluation over 10 episodes: 2584.437
---------------------------------------
Total T: 265652 Episode Num: 481 Episode T: 1000 Reward: 3524.764
Total T: 265762 Episode Num: 482 Episode T: 110 Reward: 303.130
Total T: 266063 Episode Num: 483 Episode T: 301 Reward: 1073.159
Total T: 267063 Episode Num: 484 Episode T: 1000 Reward: 3222.885
Total T: 268063 Episode Num: 485 Episode T: 1000 Reward: 3350.948
Total T: 269063 Episode Num: 486 Episode T: 1000 Reward: 3894.354
Total T: 269277 Episode Num: 487 Episode T: 214 Reward: 714.857
Total T: 269465 Episode Num: 488 Episode T: 188 Reward: 593.020
Total T: 269674 Episode Num: 489 Episode T: 209 Reward: 674.995
---------------------------------------
Evaluation over 10 episodes: 2114.234
---------------------------------------
Total T: 270439 Episode Num: 490 Episode T: 765 Reward: 2616.287
Total T: 270743 Episode Num: 491 Episode T: 304 Reward: 969.976
Total T: 270866 Episode Num: 492 Episode T: 123 Reward: 361.919
Total T: 271866 Episode Num: 493 Episode T: 1000 Reward: 3506.883
Total T: 272337 Episode Num: 494 Episode T: 471 Reward: 1760.712
Total T: 273337 Episode Num: 495 Episode T: 1000 Reward: 3499.323
Total T: 274026 Episode Num: 496 Episode T: 689 Reward: 2477.061
---------------------------------------
Evaluation over 10 episodes: 2452.824
---------------------------------------
Total T: 275026 Episode Num: 497 Episode T: 1000 Reward: 3735.810
Total T: 275232 Episode Num: 498 Episode T: 206 Reward: 754.588
Total T: 275334 Episode Num: 499 Episode T: 102 Reward: 265.395
Total T: 276334 Episode Num: 500 Episode T: 1000 Reward: 3521.243
Total T: 277334 Episode Num: 501 Episode T: 1000 Reward: 3810.047
Total T: 277980 Episode Num: 502 Episode T: 646 Reward: 2361.215
Total T: 278396 Episode Num: 503 Episode T: 416 Reward: 1354.860
Total T: 279396 Episode Num: 504 Episode T: 1000 Reward: 3306.183
---------------------------------------
Evaluation over 10 episodes: 2160.240
---------------------------------------
Total T: 280396 Episode Num: 505 Episode T: 1000 Reward: 3500.252
Total T: 281396 Episode Num: 506 Episode T: 1000 Reward: 3661.385
Total T: 282396 Episode Num: 507 Episode T: 1000 Reward: 3652.348
Total T: 283396 Episode Num: 508 Episode T: 1000 Reward: 3387.575
Total T: 284396 Episode Num: 509 Episode T: 1000 Reward: 3783.539
Total T: 284622 Episode Num: 510 Episode T: 226 Reward: 675.961
---------------------------------------
Evaluation over 10 episodes: 3114.919
---------------------------------------
Total T: 285622 Episode Num: 511 Episode T: 1000 Reward: 3429.180
Total T: 285870 Episode Num: 512 Episode T: 248 Reward: 831.854
Total T: 286151 Episode Num: 513 Episode T: 281 Reward: 949.785
Total T: 286989 Episode Num: 514 Episode T: 838 Reward: 2840.600
Total T: 287989 Episode Num: 515 Episode T: 1000 Reward: 1545.314
Total T: 288416 Episode Num: 516 Episode T: 427 Reward: 1595.279
Total T: 288798 Episode Num: 517 Episode T: 382 Reward: 1353.993
Total T: 289798 Episode Num: 518 Episode T: 1000 Reward: 3673.138
---------------------------------------
Evaluation over 10 episodes: 3065.012
---------------------------------------
Total T: 290638 Episode Num: 519 Episode T: 840 Reward: 2828.327
Total T: 291638 Episode Num: 520 Episode T: 1000 Reward: 3834.967
Total T: 292638 Episode Num: 521 Episode T: 1000 Reward: 3656.697
Total T: 293638 Episode Num: 522 Episode T: 1000 Reward: 3580.828
Total T: 293748 Episode Num: 523 Episode T: 110 Reward: 184.591
Total T: 294748 Episode Num: 524 Episode T: 1000 Reward: 3820.248
Total T: 294811 Episode Num: 525 Episode T: 63 Reward: 123.913
---------------------------------------
Evaluation over 10 episodes: 2860.968
---------------------------------------
Total T: 295488 Episode Num: 526 Episode T: 677 Reward: 2270.627
Total T: 296488 Episode Num: 527 Episode T: 1000 Reward: 3827.894
Total T: 297267 Episode Num: 528 Episode T: 779 Reward: 2624.852
Total T: 298245 Episode Num: 529 Episode T: 978 Reward: 3782.381
Total T: 299245 Episode Num: 530 Episode T: 1000 Reward: 3636.150
Total T: 299309 Episode Num: 531 Episode T: 64 Reward: 165.729
Total T: 299340 Episode Num: 532 Episode T: 31 Reward: 2.819
Total T: 299459 Episode Num: 533 Episode T: 119 Reward: 317.227
Total T: 299889 Episode Num: 534 Episode T: 430 Reward: 1597.362
---------------------------------------
Evaluation over 10 episodes: 2055.850
---------------------------------------
Total T: 300457 Episode Num: 535 Episode T: 568 Reward: 1979.287
Total T: 301457 Episode Num: 536 Episode T: 1000 Reward: 3702.272
Total T: 302457 Episode Num: 537 Episode T: 1000 Reward: 3663.337
Total T: 302723 Episode Num: 538 Episode T: 266 Reward: 814.081
Total T: 303290 Episode Num: 539 Episode T: 567 Reward: 2062.945
Total T: 304265 Episode Num: 540 Episode T: 975 Reward: 3571.166
---------------------------------------
Evaluation over 10 episodes: 1895.135
---------------------------------------
Total T: 305265 Episode Num: 541 Episode T: 1000 Reward: 3623.670
Total T: 305617 Episode Num: 542 Episode T: 352 Reward: 1147.298
Total T: 306052 Episode Num: 543 Episode T: 435 Reward: 1273.352
Total T: 306708 Episode Num: 544 Episode T: 656 Reward: 2394.034
Total T: 306775 Episode Num: 545 Episode T: 67 Reward: 198.089
Total T: 307775 Episode Num: 546 Episode T: 1000 Reward: 106.315
Total T: 308775 Episode Num: 547 Episode T: 1000 Reward: 3700.642
Total T: 309775 Episode Num: 548 Episode T: 1000 Reward: 3849.017
Total T: 309886 Episode Num: 549 Episode T: 111 Reward: 325.695
---------------------------------------
Evaluation over 10 episodes: 1560.596
---------------------------------------
Total T: 310489 Episode Num: 550 Episode T: 603 Reward: 2221.989
Total T: 311489 Episode Num: 551 Episode T: 1000 Reward: 3574.897
Total T: 312352 Episode Num: 552 Episode T: 863 Reward: 3183.708
Total T: 313352 Episode Num: 553 Episode T: 1000 Reward: 3521.805
Total T: 313684 Episode Num: 554 Episode T: 332 Reward: 1169.590
Total T: 314168 Episode Num: 555 Episode T: 484 Reward: 1631.607
Total T: 314823 Episode Num: 556 Episode T: 655 Reward: 2432.252
Total T: 314991 Episode Num: 557 Episode T: 168 Reward: 472.577
---------------------------------------
Evaluation over 10 episodes: 2425.652
---------------------------------------
Total T: 315991 Episode Num: 558 Episode T: 1000 Reward: 3646.605
Total T: 316991 Episode Num: 559 Episode T: 1000 Reward: 3760.279
Total T: 317296 Episode Num: 560 Episode T: 305 Reward: 1077.379
Total T: 317755 Episode Num: 561 Episode T: 459 Reward: 1444.740
Total T: 318755 Episode Num: 562 Episode T: 1000 Reward: 3737.136
Total T: 318972 Episode Num: 563 Episode T: 217 Reward: 746.149
Total T: 319017 Episode Num: 564 Episode T: 45 Reward: 70.620
Total T: 319089 Episode Num: 565 Episode T: 72 Reward: 142.175
Total T: 319601 Episode Num: 566 Episode T: 512 Reward: 1783.810
---------------------------------------
Evaluation over 10 episodes: 2747.891
---------------------------------------
Total T: 320601 Episode Num: 567 Episode T: 1000 Reward: 3655.592
Total T: 321601 Episode Num: 568 Episode T: 1000 Reward: 3634.132
Total T: 322363 Episode Num: 569 Episode T: 762 Reward: 2857.275
Total T: 323363 Episode Num: 570 Episode T: 1000 Reward: 3660.540
Total T: 324363 Episode Num: 571 Episode T: 1000 Reward: 3847.644
---------------------------------------
Evaluation over 10 episodes: 3341.675
---------------------------------------
Total T: 325059 Episode Num: 572 Episode T: 696 Reward: 2607.739
Total T: 326059 Episode Num: 573 Episode T: 1000 Reward: 3484.147
Total T: 327059 Episode Num: 574 Episode T: 1000 Reward: 3756.258
Total T: 328059 Episode Num: 575 Episode T: 1000 Reward: 3652.837
Total T: 328962 Episode Num: 576 Episode T: 903 Reward: 3309.254
Total T: 329205 Episode Num: 577 Episode T: 243 Reward: 878.390
---------------------------------------
Evaluation over 10 episodes: 2705.984
---------------------------------------
Total T: 330205 Episode Num: 578 Episode T: 1000 Reward: 3886.451
Total T: 331205 Episode Num: 579 Episode T: 1000 Reward: 3704.640
Total T: 331761 Episode Num: 580 Episode T: 556 Reward: 2018.481
Total T: 332267 Episode Num: 581 Episode T: 506 Reward: 1933.754
Total T: 333267 Episode Num: 582 Episode T: 1000 Reward: 3692.042
Total T: 334267 Episode Num: 583 Episode T: 1000 Reward: 3511.822
---------------------------------------
Evaluation over 10 episodes: 2406.192
---------------------------------------
Total T: 335267 Episode Num: 584 Episode T: 1000 Reward: 3305.299
Total T: 336267 Episode Num: 585 Episode T: 1000 Reward: 3771.538
Total T: 337267 Episode Num: 586 Episode T: 1000 Reward: 3739.357
Total T: 337515 Episode Num: 587 Episode T: 248 Reward: 845.236
Total T: 337957 Episode Num: 588 Episode T: 442 Reward: 1481.086
Total T: 338957 Episode Num: 589 Episode T: 1000 Reward: 3717.694
Total T: 338987 Episode Num: 590 Episode T: 30 Reward: 30.062
Total T: 339987 Episode Num: 591 Episode T: 1000 Reward: 3789.335
---------------------------------------
Evaluation over 10 episodes: 3091.755
---------------------------------------
Total T: 340571 Episode Num: 592 Episode T: 584 Reward: 2133.860
Total T: 340722 Episode Num: 593 Episode T: 151 Reward: 478.255
Total T: 341219 Episode Num: 594 Episode T: 497 Reward: 1799.323
Total T: 342219 Episode Num: 595 Episode T: 1000 Reward: 3640.202
Total T: 342396 Episode Num: 596 Episode T: 177 Reward: 575.996
Total T: 342561 Episode Num: 597 Episode T: 165 Reward: 576.333
Total T: 342833 Episode Num: 598 Episode T: 272 Reward: 1006.379
Total T: 342941 Episode Num: 599 Episode T: 108 Reward: 375.310
Total T: 343941 Episode Num: 600 Episode T: 1000 Reward: 3666.753
Total T: 344550 Episode Num: 601 Episode T: 609 Reward: 2410.469
Total T: 344946 Episode Num: 602 Episode T: 396 Reward: 1267.427
---------------------------------------
Evaluation over 10 episodes: 2439.600
---------------------------------------
Total T: 345412 Episode Num: 603 Episode T: 466 Reward: 1696.219
Total T: 346412 Episode Num: 604 Episode T: 1000 Reward: 3900.685
Total T: 346625 Episode Num: 605 Episode T: 213 Reward: 721.583
Total T: 346857 Episode Num: 606 Episode T: 232 Reward: 843.127
Total T: 347857 Episode Num: 607 Episode T: 1000 Reward: 3767.197
Total T: 348857 Episode Num: 608 Episode T: 1000 Reward: 3823.911
Total T: 349392 Episode Num: 609 Episode T: 535 Reward: 1912.351
Total T: 349701 Episode Num: 610 Episode T: 309 Reward: 1057.314
Total T: 349711 Episode Num: 611 Episode T: 10 Reward: -4.669
---------------------------------------
Evaluation over 10 episodes: 2475.487
---------------------------------------
Total T: 350115 Episode Num: 612 Episode T: 404 Reward: 1593.499
Total T: 351115 Episode Num: 613 Episode T: 1000 Reward: 3587.290
Total T: 352115 Episode Num: 614 Episode T: 1000 Reward: -487.088
Total T: 352503 Episode Num: 615 Episode T: 388 Reward: 1468.217
Total T: 353503 Episode Num: 616 Episode T: 1000 Reward: 4007.916
Total T: 354057 Episode Num: 617 Episode T: 554 Reward: 1958.623
---------------------------------------
Evaluation over 10 episodes: 3427.992
---------------------------------------
Total T: 355057 Episode Num: 618 Episode T: 1000 Reward: 3603.468
Total T: 355916 Episode Num: 619 Episode T: 859 Reward: 3279.853
Total T: 355996 Episode Num: 620 Episode T: 80 Reward: 138.534
Total T: 356491 Episode Num: 621 Episode T: 495 Reward: 1928.388
Total T: 356527 Episode Num: 622 Episode T: 36 Reward: 27.012
Total T: 357527 Episode Num: 623 Episode T: 1000 Reward: 3931.114
Total T: 358426 Episode Num: 624 Episode T: 899 Reward: 3387.339
Total T: 359426 Episode Num: 625 Episode T: 1000 Reward: 3993.606
---------------------------------------
Evaluation over 10 episodes: 3703.881
---------------------------------------
Total T: 360426 Episode Num: 626 Episode T: 1000 Reward: 4053.931
Total T: 361426 Episode Num: 627 Episode T: 1000 Reward: 3741.546
Total T: 362292 Episode Num: 628 Episode T: 866 Reward: 3113.701
Total T: 363025 Episode Num: 629 Episode T: 733 Reward: 2902.941
Total T: 364025 Episode Num: 630 Episode T: 1000 Reward: 3961.433
Total T: 364078 Episode Num: 631 Episode T: 53 Reward: 93.810
Total T: 364652 Episode Num: 632 Episode T: 574 Reward: 2100.393
---------------------------------------
Evaluation over 10 episodes: 2566.422
---------------------------------------
Total T: 365652 Episode Num: 633 Episode T: 1000 Reward: 3795.299
Total T: 366652 Episode Num: 634 Episode T: 1000 Reward: 3832.934
Total T: 367652 Episode Num: 635 Episode T: 1000 Reward: -603.106
Total T: 368652 Episode Num: 636 Episode T: 1000 Reward: 3933.778
Total T: 369652 Episode Num: 637 Episode T: 1000 Reward: 3451.120
---------------------------------------
Evaluation over 10 episodes: 3020.799
---------------------------------------
Total T: 370652 Episode Num: 638 Episode T: 1000 Reward: 3817.174
Total T: 370753 Episode Num: 639 Episode T: 101 Reward: 334.154
Total T: 371753 Episode Num: 640 Episode T: 1000 Reward: 3800.039
Total T: 372753 Episode Num: 641 Episode T: 1000 Reward: 3873.909
Total T: 373067 Episode Num: 642 Episode T: 314 Reward: 1196.125
Total T: 373322 Episode Num: 643 Episode T: 255 Reward: 939.755
Total T: 373916 Episode Num: 644 Episode T: 594 Reward: 2139.496
Total T: 374433 Episode Num: 645 Episode T: 517 Reward: 2099.518
Total T: 374752 Episode Num: 646 Episode T: 319 Reward: 1213.632
---------------------------------------
Evaluation over 10 episodes: 1567.630
---------------------------------------
Total T: 375752 Episode Num: 647 Episode T: 1000 Reward: 3812.774
Total T: 376752 Episode Num: 648 Episode T: 1000 Reward: 3784.424
Total T: 377752 Episode Num: 649 Episode T: 1000 Reward: 3840.352
Total T: 378347 Episode Num: 650 Episode T: 595 Reward: 2407.448
Total T: 378972 Episode Num: 651 Episode T: 625 Reward: 2473.726
Total T: 379384 Episode Num: 652 Episode T: 412 Reward: 1439.962
---------------------------------------
Evaluation over 10 episodes: 3118.062
---------------------------------------
Total T: 380384 Episode Num: 653 Episode T: 1000 Reward: 3753.508
Total T: 380796 Episode Num: 654 Episode T: 412 Reward: 1393.778
Total T: 381796 Episode Num: 655 Episode T: 1000 Reward: 4061.654
Total T: 382507 Episode Num: 656 Episode T: 711 Reward: 2790.752
Total T: 383507 Episode Num: 657 Episode T: 1000 Reward: 3865.509
Total T: 383830 Episode Num: 658 Episode T: 323 Reward: 1039.244
Total T: 384435 Episode Num: 659 Episode T: 605 Reward: 2298.034
---------------------------------------
Evaluation over 10 episodes: 3132.198
---------------------------------------
Total T: 385368 Episode Num: 660 Episode T: 933 Reward: 3673.933
Total T: 386368 Episode Num: 661 Episode T: 1000 Reward: 3572.473
Total T: 386922 Episode Num: 662 Episode T: 554 Reward: 2068.245
Total T: 387922 Episode Num: 663 Episode T: 1000 Reward: 3805.910
Total T: 388922 Episode Num: 664 Episode T: 1000 Reward: 3824.675
Total T: 389067 Episode Num: 665 Episode T: 145 Reward: 515.915
Total T: 389194 Episode Num: 666 Episode T: 127 Reward: 417.587
Total T: 389732 Episode Num: 667 Episode T: 538 Reward: 2152.174
---------------------------------------
Evaluation over 10 episodes: 3257.777
---------------------------------------
Total T: 390523 Episode Num: 668 Episode T: 791 Reward: 3238.219
Total T: 391523 Episode Num: 669 Episode T: 1000 Reward: 3719.076
Total T: 392359 Episode Num: 670 Episode T: 836 Reward: 3299.334
Total T: 392688 Episode Num: 671 Episode T: 329 Reward: 1234.741
Total T: 392885 Episode Num: 672 Episode T: 197 Reward: 695.280
Total T: 393033 Episode Num: 673 Episode T: 148 Reward: 442.090
Total T: 393063 Episode Num: 674 Episode T: 30 Reward: 15.948
Total T: 393453 Episode Num: 675 Episode T: 390 Reward: 1355.438
Total T: 394028 Episode Num: 676 Episode T: 575 Reward: 2352.162
---------------------------------------
Evaluation over 10 episodes: 3096.906
---------------------------------------
Total T: 395028 Episode Num: 677 Episode T: 1000 Reward: 3825.355
Total T: 395267 Episode Num: 678 Episode T: 239 Reward: 816.045
Total T: 396267 Episode Num: 679 Episode T: 1000 Reward: 3854.498
Total T: 397146 Episode Num: 680 Episode T: 879 Reward: 3254.647
Total T: 397261 Episode Num: 681 Episode T: 115 Reward: 335.493
Total T: 397298 Episode Num: 682 Episode T: 37 Reward: 82.118
Total T: 398298 Episode Num: 683 Episode T: 1000 Reward: 3846.853
Total T: 398581 Episode Num: 684 Episode T: 283 Reward: 882.541
Total T: 399001 Episode Num: 685 Episode T: 420 Reward: 1617.130
---------------------------------------
Evaluation over 10 episodes: 3417.222
---------------------------------------
Total T: 400001 Episode Num: 686 Episode T: 1000 Reward: 3746.742
Total T: 400791 Episode Num: 687 Episode T: 790 Reward: 3250.172
Total T: 401333 Episode Num: 688 Episode T: 542 Reward: 2032.985
Total T: 402333 Episode Num: 689 Episode T: 1000 Reward: 4112.882
Total T: 402676 Episode Num: 690 Episode T: 343 Reward: 1320.428
Total T: 402867 Episode Num: 691 Episode T: 191 Reward: 650.598
Total T: 403867 Episode Num: 692 Episode T: 1000 Reward: 3982.194
Total T: 404307 Episode Num: 693 Episode T: 440 Reward: 1716.904
---------------------------------------
Evaluation over 10 episodes: 3563.188
---------------------------------------
Total T: 405307 Episode Num: 694 Episode T: 1000 Reward: 3948.725
Total T: 406307 Episode Num: 695 Episode T: 1000 Reward: 3944.224
Total T: 406710 Episode Num: 696 Episode T: 403 Reward: 1439.713
Total T: 407237 Episode Num: 697 Episode T: 527 Reward: 2010.555
Total T: 407624 Episode Num: 698 Episode T: 387 Reward: 1451.546
Total T: 408079 Episode Num: 699 Episode T: 455 Reward: 1690.891
Total T: 409079 Episode Num: 700 Episode T: 1000 Reward: 3916.804
Total T: 409095 Episode Num: 701 Episode T: 16 Reward: -14.977
---------------------------------------
Evaluation over 10 episodes: 3452.551
---------------------------------------
Total T: 410095 Episode Num: 702 Episode T: 1000 Reward: 3807.758
Total T: 411095 Episode Num: 703 Episode T: 1000 Reward: 3779.019
Total T: 412095 Episode Num: 704 Episode T: 1000 Reward: 3838.373
Total T: 412112 Episode Num: 705 Episode T: 17 Reward: 15.944
Total T: 413112 Episode Num: 706 Episode T: 1000 Reward: 582.883
Total T: 413250 Episode Num: 707 Episode T: 138 Reward: 353.354
Total T: 414250 Episode Num: 708 Episode T: 1000 Reward: 3793.930
---------------------------------------
Evaluation over 10 episodes: 2625.641
---------------------------------------
Total T: 415004 Episode Num: 709 Episode T: 754 Reward: 2870.982
Total T: 415437 Episode Num: 710 Episode T: 433 Reward: 1622.391
Total T: 416386 Episode Num: 711 Episode T: 949 Reward: 3693.275
Total T: 416801 Episode Num: 712 Episode T: 415 Reward: 1471.212
Total T: 417242 Episode Num: 713 Episode T: 441 Reward: 1784.053
Total T: 418242 Episode Num: 714 Episode T: 1000 Reward: 4006.297
Total T: 419242 Episode Num: 715 Episode T: 1000 Reward: 3776.162
Total T: 419513 Episode Num: 716 Episode T: 271 Reward: 927.612
---------------------------------------
Evaluation over 10 episodes: 3666.827
---------------------------------------
Total T: 420513 Episode Num: 717 Episode T: 1000 Reward: -516.709
Total T: 421513 Episode Num: 718 Episode T: 1000 Reward: 3874.553
Total T: 422018 Episode Num: 719 Episode T: 505 Reward: 1806.613
Total T: 422397 Episode Num: 720 Episode T: 379 Reward: 1501.937
Total T: 422983 Episode Num: 721 Episode T: 586 Reward: 2254.660
Total T: 423983 Episode Num: 722 Episode T: 1000 Reward: 3985.042
Total T: 424735 Episode Num: 723 Episode T: 752 Reward: 3064.752
---------------------------------------
Evaluation over 10 episodes: 2562.673
---------------------------------------
Total T: 425735 Episode Num: 724 Episode T: 1000 Reward: 3931.542
Total T: 426362 Episode Num: 725 Episode T: 627 Reward: 2378.684
Total T: 427285 Episode Num: 726 Episode T: 923 Reward: 3758.612
Total T: 428190 Episode Num: 727 Episode T: 905 Reward: 3492.429
Total T: 429190 Episode Num: 728 Episode T: 1000 Reward: 3954.551
---------------------------------------
Evaluation over 10 episodes: 2764.301
---------------------------------------
Total T: 430190 Episode Num: 729 Episode T: 1000 Reward: 3864.164
Total T: 431190 Episode Num: 730 Episode T: 1000 Reward: 3726.505
Total T: 432190 Episode Num: 731 Episode T: 1000 Reward: 3874.319
Total T: 433190 Episode Num: 732 Episode T: 1000 Reward: 3789.334
Total T: 434190 Episode Num: 733 Episode T: 1000 Reward: 3784.865
---------------------------------------
Evaluation over 10 episodes: 1256.482
---------------------------------------
Total T: 435190 Episode Num: 734 Episode T: 1000 Reward: 3812.779
Total T: 435996 Episode Num: 735 Episode T: 806 Reward: 3050.683
Total T: 436996 Episode Num: 736 Episode T: 1000 Reward: 3867.761
Total T: 437996 Episode Num: 737 Episode T: 1000 Reward: 3833.910
Total T: 438031 Episode Num: 738 Episode T: 35 Reward: 33.315
Total T: 438439 Episode Num: 739 Episode T: 408 Reward: 1544.085
Total T: 439386 Episode Num: 740 Episode T: 947 Reward: 3520.830
---------------------------------------
Evaluation over 10 episodes: 2955.893
---------------------------------------
Total T: 440386 Episode Num: 741 Episode T: 1000 Reward: 3908.666
Total T: 441386 Episode Num: 742 Episode T: 1000 Reward: 3999.672
Total T: 442386 Episode Num: 743 Episode T: 1000 Reward: 3940.918
Total T: 443020 Episode Num: 744 Episode T: 634 Reward: 2278.400
Total T: 444020 Episode Num: 745 Episode T: 1000 Reward: 3636.639
---------------------------------------
Evaluation over 10 episodes: 3429.163
---------------------------------------
Total T: 445020 Episode Num: 746 Episode T: 1000 Reward: 3964.198
Total T: 446020 Episode Num: 747 Episode T: 1000 Reward: 3971.290
Total T: 447020 Episode Num: 748 Episode T: 1000 Reward: 4028.955
Total T: 448020 Episode Num: 749 Episode T: 1000 Reward: 3920.358
Total T: 449020 Episode Num: 750 Episode T: 1000 Reward: 3932.870
Total T: 449041 Episode Num: 751 Episode T: 21 Reward: -0.099
Total T: 449408 Episode Num: 752 Episode T: 367 Reward: 1233.258
---------------------------------------
Evaluation over 10 episodes: 2197.528
---------------------------------------
Total T: 450408 Episode Num: 753 Episode T: 1000 Reward: 3955.804
Total T: 451408 Episode Num: 754 Episode T: 1000 Reward: 4014.032
Total T: 452404 Episode Num: 755 Episode T: 996 Reward: 3747.080
Total T: 452933 Episode Num: 756 Episode T: 529 Reward: 1990.519
Total T: 453294 Episode Num: 757 Episode T: 361 Reward: 1214.990
Total T: 453373 Episode Num: 758 Episode T: 79 Reward: 1.848
Total T: 454373 Episode Num: 759 Episode T: 1000 Reward: 3920.783
Total T: 454560 Episode Num: 760 Episode T: 187 Reward: 692.273
---------------------------------------
Evaluation over 10 episodes: 3376.030
---------------------------------------
Total T: 455520 Episode Num: 761 Episode T: 960 Reward: 3533.358
Total T: 456520 Episode Num: 762 Episode T: 1000 Reward: 3899.556
Total T: 457127 Episode Num: 763 Episode T: 607 Reward: 2411.004
Total T: 457470 Episode Num: 764 Episode T: 343 Reward: 1373.683
Total T: 458470 Episode Num: 765 Episode T: 1000 Reward: 4002.296
Total T: 459142 Episode Num: 766 Episode T: 672 Reward: 2485.216
---------------------------------------
Evaluation over 10 episodes: 3696.810
---------------------------------------
Total T: 460058 Episode Num: 767 Episode T: 916 Reward: 3693.308
Total T: 461058 Episode Num: 768 Episode T: 1000 Reward: 4125.419
Total T: 462058 Episode Num: 769 Episode T: 1000 Reward: 3981.825
Total T: 463058 Episode Num: 770 Episode T: 1000 Reward: 3798.849
Total T: 463327 Episode Num: 771 Episode T: 269 Reward: 1021.806
Total T: 463526 Episode Num: 772 Episode T: 199 Reward: 625.950
Total T: 464526 Episode Num: 773 Episode T: 1000 Reward: 4006.978
Total T: 464910 Episode Num: 774 Episode T: 384 Reward: 1423.410
---------------------------------------
Evaluation over 10 episodes: 3135.040
---------------------------------------
Total T: 465910 Episode Num: 775 Episode T: 1000 Reward: 3860.411
Total T: 466910 Episode Num: 776 Episode T: 1000 Reward: 3941.208
Total T: 467617 Episode Num: 777 Episode T: 707 Reward: 2627.145
Total T: 468437 Episode Num: 778 Episode T: 820 Reward: 3145.802
Total T: 469437 Episode Num: 779 Episode T: 1000 Reward: 3968.423
---------------------------------------
Evaluation over 10 episodes: 2946.871
---------------------------------------
Total T: 470437 Episode Num: 780 Episode T: 1000 Reward: 3876.769
Total T: 471437 Episode Num: 781 Episode T: 1000 Reward: 3980.458
Total T: 471548 Episode Num: 782 Episode T: 111 Reward: 330.613
Total T: 472548 Episode Num: 783 Episode T: 1000 Reward: 3984.479
Total T: 472573 Episode Num: 784 Episode T: 25 Reward: 26.330
Total T: 472808 Episode Num: 785 Episode T: 235 Reward: 814.537
Total T: 473808 Episode Num: 786 Episode T: 1000 Reward: 4084.072
Total T: 474808 Episode Num: 787 Episode T: 1000 Reward: 3932.469
---------------------------------------
Evaluation over 10 episodes: 3352.229
---------------------------------------
Total T: 475808 Episode Num: 788 Episode T: 1000 Reward: 3849.499
Total T: 476808 Episode Num: 789 Episode T: 1000 Reward: 3973.460
Total T: 476946 Episode Num: 790 Episode T: 138 Reward: 403.103
Total T: 477946 Episode Num: 791 Episode T: 1000 Reward: 4058.630
Total T: 478646 Episode Num: 792 Episode T: 700 Reward: 2884.161
Total T: 479646 Episode Num: 793 Episode T: 1000 Reward: 4156.809
---------------------------------------
Evaluation over 10 episodes: 2414.592
---------------------------------------
Total T: 480646 Episode Num: 794 Episode T: 1000 Reward: 3815.355
Total T: 481646 Episode Num: 795 Episode T: 1000 Reward: 3721.979
Total T: 482603 Episode Num: 796 Episode T: 957 Reward: 3751.748
Total T: 483603 Episode Num: 797 Episode T: 1000 Reward: 3934.360
Total T: 484603 Episode Num: 798 Episode T: 1000 Reward: 3838.655
---------------------------------------
Evaluation over 10 episodes: 2752.516
---------------------------------------
Total T: 485265 Episode Num: 799 Episode T: 662 Reward: 2741.048
Total T: 486265 Episode Num: 800 Episode T: 1000 Reward: 4024.348
Total T: 487265 Episode Num: 801 Episode T: 1000 Reward: 4124.248
Total T: 488265 Episode Num: 802 Episode T: 1000 Reward: 4045.290
Total T: 488936 Episode Num: 803 Episode T: 671 Reward: 2541.918
Total T: 489936 Episode Num: 804 Episode T: 1000 Reward: 4025.512
---------------------------------------
Evaluation over 10 episodes: 3264.586
---------------------------------------
Total T: 490354 Episode Num: 805 Episode T: 418 Reward: 1660.175
Total T: 490698 Episode Num: 806 Episode T: 344 Reward: 1294.228
Total T: 490896 Episode Num: 807 Episode T: 198 Reward: 775.670
Total T: 491896 Episode Num: 808 Episode T: 1000 Reward: 4014.844
Total T: 492359 Episode Num: 809 Episode T: 463 Reward: 1684.972
Total T: 493359 Episode Num: 810 Episode T: 1000 Reward: 4124.734
Total T: 493402 Episode Num: 811 Episode T: 43 Reward: 78.681
Total T: 494402 Episode Num: 812 Episode T: 1000 Reward: 4022.193
Total T: 494918 Episode Num: 813 Episode T: 516 Reward: 2134.902
---------------------------------------
Evaluation over 10 episodes: 2509.379
---------------------------------------
Total T: 495918 Episode Num: 814 Episode T: 1000 Reward: 3899.024
Total T: 496918 Episode Num: 815 Episode T: 1000 Reward: 3774.117
Total T: 497918 Episode Num: 816 Episode T: 1000 Reward: 3715.162
Total T: 498918 Episode Num: 817 Episode T: 1000 Reward: 3971.062
Total T: 499435 Episode Num: 818 Episode T: 517 Reward: 2103.529
---------------------------------------
Evaluation over 10 episodes: 3490.856
---------------------------------------
Total T: 500435 Episode Num: 819 Episode T: 1000 Reward: 3891.950
Total T: 501435 Episode Num: 820 Episode T: 1000 Reward: 4007.328
Total T: 502435 Episode Num: 821 Episode T: 1000 Reward: 4007.032
Total T: 503435 Episode Num: 822 Episode T: 1000 Reward: 4023.391
Total T: 504435 Episode Num: 823 Episode T: 1000 Reward: 4174.343
---------------------------------------
Evaluation over 10 episodes: 3211.472
---------------------------------------
Total T: 505435 Episode Num: 824 Episode T: 1000 Reward: 4073.753
Total T: 506400 Episode Num: 825 Episode T: 965 Reward: 3929.869
Total T: 507400 Episode Num: 826 Episode T: 1000 Reward: 3987.365
Total T: 508400 Episode Num: 827 Episode T: 1000 Reward: 4033.844
Total T: 509400 Episode Num: 828 Episode T: 1000 Reward: 3992.715
---------------------------------------
Evaluation over 10 episodes: 3640.332
---------------------------------------
Total T: 510354 Episode Num: 829 Episode T: 954 Reward: 3885.666
Total T: 511354 Episode Num: 830 Episode T: 1000 Reward: 4053.637
Total T: 512354 Episode Num: 831 Episode T: 1000 Reward: 4082.632
Total T: 513354 Episode Num: 832 Episode T: 1000 Reward: 4099.483
Total T: 513397 Episode Num: 833 Episode T: 43 Reward: 77.416
Total T: 513663 Episode Num: 834 Episode T: 266 Reward: 978.783
Total T: 513802 Episode Num: 835 Episode T: 139 Reward: 439.062
Total T: 514802 Episode Num: 836 Episode T: 1000 Reward: 3912.347
---------------------------------------
Evaluation over 10 episodes: 3112.271
---------------------------------------
Total T: 515222 Episode Num: 837 Episode T: 420 Reward: 1590.535
Total T: 515831 Episode Num: 838 Episode T: 609 Reward: 2320.427
Total T: 516831 Episode Num: 839 Episode T: 1000 Reward: 3723.041
Total T: 517831 Episode Num: 840 Episode T: 1000 Reward: 4044.277
Total T: 517962 Episode Num: 841 Episode T: 131 Reward: 477.948
Total T: 518962 Episode Num: 842 Episode T: 1000 Reward: 3996.646
Total T: 519462 Episode Num: 843 Episode T: 500 Reward: 2037.778
Total T: 519649 Episode Num: 844 Episode T: 187 Reward: 570.565
---------------------------------------
Evaluation over 10 episodes: 2896.788
---------------------------------------
Total T: 520649 Episode Num: 845 Episode T: 1000 Reward: 4068.645
Total T: 521649 Episode Num: 846 Episode T: 1000 Reward: 3903.340
Total T: 522020 Episode Num: 847 Episode T: 371 Reward: 1417.988
Total T: 523020 Episode Num: 848 Episode T: 1000 Reward: 4024.039
Total T: 523328 Episode Num: 849 Episode T: 308 Reward: 1194.228
Total T: 524328 Episode Num: 850 Episode T: 1000 Reward: 4160.923
---------------------------------------
Evaluation over 10 episodes: 2890.244
---------------------------------------
Total T: 525328 Episode Num: 851 Episode T: 1000 Reward: 4193.328
Total T: 526328 Episode Num: 852 Episode T: 1000 Reward: 4004.972
Total T: 527328 Episode Num: 853 Episode T: 1000 Reward: 4051.886
Total T: 528328 Episode Num: 854 Episode T: 1000 Reward: 4241.307
Total T: 529328 Episode Num: 855 Episode T: 1000 Reward: 4189.795
Total T: 529638 Episode Num: 856 Episode T: 310 Reward: 1192.295
---------------------------------------
Evaluation over 10 episodes: 4000.500
---------------------------------------
Total T: 530638 Episode Num: 857 Episode T: 1000 Reward: 4088.664
Total T: 531638 Episode Num: 858 Episode T: 1000 Reward: 3944.493
Total T: 531860 Episode Num: 859 Episode T: 222 Reward: 806.531
Total T: 532304 Episode Num: 860 Episode T: 444 Reward: 1855.658
Total T: 533304 Episode Num: 861 Episode T: 1000 Reward: 4045.338
Total T: 534304 Episode Num: 862 Episode T: 1000 Reward: 4127.643
---------------------------------------
Evaluation over 10 episodes: 3175.362
---------------------------------------
Total T: 535304 Episode Num: 863 Episode T: 1000 Reward: 4213.128
Total T: 535708 Episode Num: 864 Episode T: 404 Reward: 1533.066
Total T: 536708 Episode Num: 865 Episode T: 1000 Reward: 4181.214
Total T: 537708 Episode Num: 866 Episode T: 1000 Reward: 3965.386
Total T: 537973 Episode Num: 867 Episode T: 265 Reward: 912.290
Total T: 538973 Episode Num: 868 Episode T: 1000 Reward: 4033.219
Total T: 539973 Episode Num: 869 Episode T: 1000 Reward: 4023.130
---------------------------------------
Evaluation over 10 episodes: 3097.967
---------------------------------------
Total T: 540973 Episode Num: 870 Episode T: 1000 Reward: 3973.778
Total T: 541973 Episode Num: 871 Episode T: 1000 Reward: 4026.814
Total T: 542973 Episode Num: 872 Episode T: 1000 Reward: 4155.733
Total T: 543951 Episode Num: 873 Episode T: 978 Reward: 3919.916
Total T: 543988 Episode Num: 874 Episode T: 37 Reward: 38.215
Total T: 544741 Episode Num: 875 Episode T: 753 Reward: 2995.825
---------------------------------------
Evaluation over 10 episodes: 2430.063
---------------------------------------
Total T: 545741 Episode Num: 876 Episode T: 1000 Reward: 4140.118
Total T: 545756 Episode Num: 877 Episode T: 15 Reward: -10.198
Total T: 546756 Episode Num: 878 Episode T: 1000 Reward: 4137.361
Total T: 547057 Episode Num: 879 Episode T: 301 Reward: 1086.803
Total T: 548040 Episode Num: 880 Episode T: 983 Reward: 3950.021
Total T: 549040 Episode Num: 881 Episode T: 1000 Reward: 3973.821
Total T: 549078 Episode Num: 882 Episode T: 38 Reward: -46.238
---------------------------------------
Evaluation over 10 episodes: 2957.284
---------------------------------------
Total T: 550078 Episode Num: 883 Episode T: 1000 Reward: 3896.916
Total T: 550128 Episode Num: 884 Episode T: 50 Reward: 83.080
Total T: 551128 Episode Num: 885 Episode T: 1000 Reward: 4040.076
Total T: 552128 Episode Num: 886 Episode T: 1000 Reward: 3979.514
Total T: 553128 Episode Num: 887 Episode T: 1000 Reward: 3896.083
Total T: 554039 Episode Num: 888 Episode T: 911 Reward: 3698.197
---------------------------------------
Evaluation over 10 episodes: 1575.501
---------------------------------------
Total T: 555039 Episode Num: 889 Episode T: 1000 Reward: 4087.382
Total T: 556039 Episode Num: 890 Episode T: 1000 Reward: 4048.836
Total T: 557039 Episode Num: 891 Episode T: 1000 Reward: 4048.891
Total T: 558039 Episode Num: 892 Episode T: 1000 Reward: 4086.691
Total T: 559039 Episode Num: 893 Episode T: 1000 Reward: 4103.339
---------------------------------------
Evaluation over 10 episodes: 3460.225
---------------------------------------
Total T: 560039 Episode Num: 894 Episode T: 1000 Reward: 4008.561
Total T: 560688 Episode Num: 895 Episode T: 649 Reward: 2717.119
Total T: 561688 Episode Num: 896 Episode T: 1000 Reward: 4103.196
Total T: 562652 Episode Num: 897 Episode T: 964 Reward: 3803.037
Total T: 563652 Episode Num: 898 Episode T: 1000 Reward: 4162.073
Total T: 564652 Episode Num: 899 Episode T: 1000 Reward: 4030.978
---------------------------------------
Evaluation over 10 episodes: 3037.174
---------------------------------------
Total T: 565652 Episode Num: 900 Episode T: 1000 Reward: 3996.176
Total T: 566652 Episode Num: 901 Episode T: 1000 Reward: 3977.187
Total T: 566921 Episode Num: 902 Episode T: 269 Reward: 932.764
Total T: 567921 Episode Num: 903 Episode T: 1000 Reward: 4057.225
Total T: 568341 Episode Num: 904 Episode T: 420 Reward: 1690.627
Total T: 569341 Episode Num: 905 Episode T: 1000 Reward: 4040.015
Total T: 569563 Episode Num: 906 Episode T: 222 Reward: 883.056
---------------------------------------
Evaluation over 10 episodes: 2865.344
---------------------------------------
Total T: 570563 Episode Num: 907 Episode T: 1000 Reward: 4084.650
Total T: 570576 Episode Num: 908 Episode T: 13 Reward: -4.227
Total T: 571576 Episode Num: 909 Episode T: 1000 Reward: 3975.804
Total T: 572576 Episode Num: 910 Episode T: 1000 Reward: 4085.947
Total T: 573414 Episode Num: 911 Episode T: 838 Reward: 3456.662
Total T: 574414 Episode Num: 912 Episode T: 1000 Reward: 4085.650
Total T: 574631 Episode Num: 913 Episode T: 217 Reward: 816.736
---------------------------------------
Evaluation over 10 episodes: 2647.507
---------------------------------------
Total T: 575631 Episode Num: 914 Episode T: 1000 Reward: 4048.589
Total T: 576631 Episode Num: 915 Episode T: 1000 Reward: 4137.450
Total T: 577631 Episode Num: 916 Episode T: 1000 Reward: 4049.167
Total T: 578631 Episode Num: 917 Episode T: 1000 Reward: 4007.099
Total T: 579631 Episode Num: 918 Episode T: 1000 Reward: 3992.396
---------------------------------------
Evaluation over 10 episodes: 2191.180
---------------------------------------
Total T: 580631 Episode Num: 919 Episode T: 1000 Reward: 3940.156
Total T: 581631 Episode Num: 920 Episode T: 1000 Reward: 4005.011
Total T: 582631 Episode Num: 921 Episode T: 1000 Reward: 4207.658
Total T: 583631 Episode Num: 922 Episode T: 1000 Reward: 3955.360
Total T: 584022 Episode Num: 923 Episode T: 391 Reward: 1540.655
---------------------------------------
Evaluation over 10 episodes: 3701.418
---------------------------------------
Total T: 585022 Episode Num: 924 Episode T: 1000 Reward: 4016.936
Total T: 585536 Episode Num: 925 Episode T: 514 Reward: 2026.795
Total T: 586276 Episode Num: 926 Episode T: 740 Reward: 2940.960
Total T: 586604 Episode Num: 927 Episode T: 328 Reward: 1083.113
Total T: 587563 Episode Num: 928 Episode T: 959 Reward: 3837.985
Total T: 588563 Episode Num: 929 Episode T: 1000 Reward: 4089.288
Total T: 589563 Episode Num: 930 Episode T: 1000 Reward: 4071.602
---------------------------------------
Evaluation over 10 episodes: 3121.256
---------------------------------------
Total T: 590118 Episode Num: 931 Episode T: 555 Reward: 2280.178
Total T: 590937 Episode Num: 932 Episode T: 819 Reward: 3278.123