---------------------------------------
Policy: TD3, Env: HalfCheetah-v2, Seed: 0
---------------------------------------
---------------------------------------
Evaluation over 10 episodes: -8.188
---------------------------------------
Total T: 1000 Episode Num: 1 Episode T: 1000 Reward: -297.752
Total T: 2000 Episode Num: 2 Episode T: 1000 Reward: -328.167
Total T: 3000 Episode Num: 3 Episode T: 1000 Reward: -261.652
Total T: 4000 Episode Num: 4 Episode T: 1000 Reward: -183.423
Total T: 5000 Episode Num: 5 Episode T: 1000 Reward: -159.263
---------------------------------------
Evaluation over 10 episodes: -7.301
---------------------------------------
Total T: 6000 Episode Num: 6 Episode T: 1000 Reward: -186.256
Total T: 7000 Episode Num: 7 Episode T: 1000 Reward: -324.556
Total T: 8000 Episode Num: 8 Episode T: 1000 Reward: -349.310
Total T: 9000 Episode Num: 9 Episode T: 1000 Reward: -110.491
Total T: 10000 Episode Num: 10 Episode T: 1000 Reward: -273.712
---------------------------------------
Evaluation over 10 episodes: -7.701
---------------------------------------
Total T: 11000 Episode Num: 11 Episode T: 1000 Reward: -165.923
Total T: 12000 Episode Num: 12 Episode T: 1000 Reward: -271.853
Total T: 13000 Episode Num: 13 Episode T: 1000 Reward: -209.962
Total T: 14000 Episode Num: 14 Episode T: 1000 Reward: -233.377
Total T: 15000 Episode Num: 15 Episode T: 1000 Reward: -219.197
---------------------------------------
Evaluation over 10 episodes: -5.545
---------------------------------------
Total T: 16000 Episode Num: 16 Episode T: 1000 Reward: -177.346
Total T: 17000 Episode Num: 17 Episode T: 1000 Reward: -69.923
Total T: 18000 Episode Num: 18 Episode T: 1000 Reward: -129.756
Total T: 19000 Episode Num: 19 Episode T: 1000 Reward: -291.617
Total T: 20000 Episode Num: 20 Episode T: 1000 Reward: -397.603
---------------------------------------
Evaluation over 10 episodes: -6.914
---------------------------------------
Total T: 21000 Episode Num: 21 Episode T: 1000 Reward: -317.122
Total T: 22000 Episode Num: 22 Episode T: 1000 Reward: -305.698
Total T: 23000 Episode Num: 23 Episode T: 1000 Reward: -292.093
Total T: 24000 Episode Num: 24 Episode T: 1000 Reward: -265.322
Total T: 25000 Episode Num: 25 Episode T: 1000 Reward: -261.394
---------------------------------------
Evaluation over 10 episodes: -8.751
---------------------------------------
Total T: 26000 Episode Num: 26 Episode T: 1000 Reward: -350.887
Total T: 27000 Episode Num: 27 Episode T: 1000 Reward: -362.398
Total T: 28000 Episode Num: 28 Episode T: 1000 Reward: -394.073
Total T: 29000 Episode Num: 29 Episode T: 1000 Reward: -434.040
Total T: 30000 Episode Num: 30 Episode T: 1000 Reward: -451.375
---------------------------------------
Evaluation over 10 episodes: -448.958
---------------------------------------
Total T: 31000 Episode Num: 31 Episode T: 1000 Reward: -438.715
Total T: 32000 Episode Num: 32 Episode T: 1000 Reward: -465.094
Total T: 33000 Episode Num: 33 Episode T: 1000 Reward: -443.394
Total T: 34000 Episode Num: 34 Episode T: 1000 Reward: -448.531
Total T: 35000 Episode Num: 35 Episode T: 1000 Reward: -252.452
---------------------------------------
Evaluation over 10 episodes: 56.016
---------------------------------------
Total T: 36000 Episode Num: 36 Episode T: 1000 Reward: -9.906
Total T: 37000 Episode Num: 37 Episode T: 1000 Reward: 135.351
Total T: 38000 Episode Num: 38 Episode T: 1000 Reward: 123.634
Total T: 39000 Episode Num: 39 Episode T: 1000 Reward: -86.641
Total T: 40000 Episode Num: 40 Episode T: 1000 Reward: -52.132
---------------------------------------
Evaluation over 10 episodes: -16.193
---------------------------------------
Total T: 41000 Episode Num: 41 Episode T: 1000 Reward: -268.134
Total T: 42000 Episode Num: 42 Episode T: 1000 Reward: -31.686
Total T: 43000 Episode Num: 43 Episode T: 1000 Reward: -103.495
Total T: 44000 Episode Num: 44 Episode T: 1000 Reward: 23.801
Total T: 45000 Episode Num: 45 Episode T: 1000 Reward: 112.748
---------------------------------------
Evaluation over 10 episodes: 119.148
---------------------------------------
Total T: 46000 Episode Num: 46 Episode T: 1000 Reward: 62.663
Total T: 47000 Episode Num: 47 Episode T: 1000 Reward: 236.410
Total T: 48000 Episode Num: 48 Episode T: 1000 Reward: 304.063
Total T: 49000 Episode Num: 49 Episode T: 1000 Reward: 347.225
Total T: 50000 Episode Num: 50 Episode T: 1000 Reward: 420.570
---------------------------------------
Evaluation over 10 episodes: 505.567
---------------------------------------
Total T: 51000 Episode Num: 51 Episode T: 1000 Reward: 469.197
Total T: 52000 Episode Num: 52 Episode T: 1000 Reward: 473.724
Total T: 53000 Episode Num: 53 Episode T: 1000 Reward: 501.592
Total T: 54000 Episode Num: 54 Episode T: 1000 Reward: 564.278
Total T: 55000 Episode Num: 55 Episode T: 1000 Reward: 589.937
---------------------------------------
Evaluation over 10 episodes: 592.756
---------------------------------------
Total T: 56000 Episode Num: 56 Episode T: 1000 Reward: 574.745
Total T: 57000 Episode Num: 57 Episode T: 1000 Reward: 614.939
Total T: 58000 Episode Num: 58 Episode T: 1000 Reward: 695.484
Total T: 59000 Episode Num: 59 Episode T: 1000 Reward: 617.705
Total T: 60000 Episode Num: 60 Episode T: 1000 Reward: 827.011
---------------------------------------
Evaluation over 10 episodes: 755.690
---------------------------------------
Total T: 61000 Episode Num: 61 Episode T: 1000 Reward: 678.586
Total T: 62000 Episode Num: 62 Episode T: 1000 Reward: 859.076
Total T: 63000 Episode Num: 63 Episode T: 1000 Reward: 810.717
Total T: 64000 Episode Num: 64 Episode T: 1000 Reward: 1115.604
Total T: 65000 Episode Num: 65 Episode T: 1000 Reward: 620.190
---------------------------------------
Evaluation over 10 episodes: 1072.806
---------------------------------------
Total T: 66000 Episode Num: 66 Episode T: 1000 Reward: 799.163
Total T: 67000 Episode Num: 67 Episode T: 1000 Reward: 1053.499
Total T: 68000 Episode Num: 68 Episode T: 1000 Reward: 661.430
Total T: 69000 Episode Num: 69 Episode T: 1000 Reward: 825.623
Total T: 70000 Episode Num: 70 Episode T: 1000 Reward: 486.834
---------------------------------------
Evaluation over 10 episodes: 1047.440
---------------------------------------
Total T: 71000 Episode Num: 71 Episode T: 1000 Reward: 746.561
Total T: 72000 Episode Num: 72 Episode T: 1000 Reward: 1783.027
Total T: 73000 Episode Num: 73 Episode T: 1000 Reward: 1059.151
Total T: 74000 Episode Num: 74 Episode T: 1000 Reward: 1179.572
Total T: 75000 Episode Num: 75 Episode T: 1000 Reward: 2193.056
---------------------------------------
Evaluation over 10 episodes: 1862.405
---------------------------------------
Total T: 76000 Episode Num: 76 Episode T: 1000 Reward: 1370.338
Total T: 77000 Episode Num: 77 Episode T: 1000 Reward: 2575.508
Total T: 78000 Episode Num: 78 Episode T: 1000 Reward: 1724.016
Total T: 79000 Episode Num: 79 Episode T: 1000 Reward: 1079.836
Total T: 80000 Episode Num: 80 Episode T: 1000 Reward: 1153.819
---------------------------------------
Evaluation over 10 episodes: 1881.562
---------------------------------------
Total T: 81000 Episode Num: 81 Episode T: 1000 Reward: 841.307
Total T: 82000 Episode Num: 82 Episode T: 1000 Reward: 769.730
Total T: 83000 Episode Num: 83 Episode T: 1000 Reward: 925.462
Total T: 84000 Episode Num: 84 Episode T: 1000 Reward: 3064.937
Total T: 85000 Episode Num: 85 Episode T: 1000 Reward: 1551.166
---------------------------------------
Evaluation over 10 episodes: 1430.246
---------------------------------------
Total T: 86000 Episode Num: 86 Episode T: 1000 Reward: 738.988
Total T: 87000 Episode Num: 87 Episode T: 1000 Reward: 777.612
Total T: 88000 Episode Num: 88 Episode T: 1000 Reward: 1937.376
Total T: 89000 Episode Num: 89 Episode T: 1000 Reward: 1506.608
Total T: 90000 Episode Num: 90 Episode T: 1000 Reward: 3237.839
---------------------------------------
Evaluation over 10 episodes: 2173.146
---------------------------------------
Total T: 91000 Episode Num: 91 Episode T: 1000 Reward: 3067.736
Total T: 92000 Episode Num: 92 Episode T: 1000 Reward: 3060.675
Total T: 93000 Episode Num: 93 Episode T: 1000 Reward: 3157.171
Total T: 94000 Episode Num: 94 Episode T: 1000 Reward: 3230.037
Total T: 95000 Episode Num: 95 Episode T: 1000 Reward: 3231.656
---------------------------------------
Evaluation over 10 episodes: 2697.856
---------------------------------------
Total T: 96000 Episode Num: 96 Episode T: 1000 Reward: 1453.390
Total T: 97000 Episode Num: 97 Episode T: 1000 Reward: 946.961
Total T: 98000 Episode Num: 98 Episode T: 1000 Reward: 3312.797
Total T: 99000 Episode Num: 99 Episode T: 1000 Reward: 3172.183
Total T: 100000 Episode Num: 100 Episode T: 1000 Reward: 1266.930
---------------------------------------
Evaluation over 10 episodes: 2037.419
---------------------------------------
Total T: 101000 Episode Num: 101 Episode T: 1000 Reward: 1434.716
Total T: 102000 Episode Num: 102 Episode T: 1000 Reward: 3648.598
Total T: 103000 Episode Num: 103 Episode T: 1000 Reward: 3498.258
Total T: 104000 Episode Num: 104 Episode T: 1000 Reward: 3136.691
Total T: 105000 Episode Num: 105 Episode T: 1000 Reward: 3513.723
---------------------------------------
Evaluation over 10 episodes: 2873.394
---------------------------------------
Total T: 106000 Episode Num: 106 Episode T: 1000 Reward: 3410.434
Total T: 107000 Episode Num: 107 Episode T: 1000 Reward: 3573.852
Total T: 108000 Episode Num: 108 Episode T: 1000 Reward: 3405.311
Total T: 109000 Episode Num: 109 Episode T: 1000 Reward: 3540.628
Total T: 110000 Episode Num: 110 Episode T: 1000 Reward: 3264.735
---------------------------------------
Evaluation over 10 episodes: 3335.997
---------------------------------------
Total T: 111000 Episode Num: 111 Episode T: 1000 Reward: 1177.038
Total T: 112000 Episode Num: 112 Episode T: 1000 Reward: 3575.104
Total T: 113000 Episode Num: 113 Episode T: 1000 Reward: 3737.712
Total T: 114000 Episode Num: 114 Episode T: 1000 Reward: 3593.799
Total T: 115000 Episode Num: 115 Episode T: 1000 Reward: 3243.731
---------------------------------------
Evaluation over 10 episodes: 3269.382
---------------------------------------
Total T: 116000 Episode Num: 116 Episode T: 1000 Reward: 3666.133
Total T: 117000 Episode Num: 117 Episode T: 1000 Reward: 3755.112
Total T: 118000 Episode Num: 118 Episode T: 1000 Reward: 3478.054
Total T: 119000 Episode Num: 119 Episode T: 1000 Reward: 992.662
Total T: 120000 Episode Num: 120 Episode T: 1000 Reward: 2565.611
---------------------------------------
Evaluation over 10 episodes: 3117.125
---------------------------------------
Total T: 121000 Episode Num: 121 Episode T: 1000 Reward: 3544.286
Total T: 122000 Episode Num: 122 Episode T: 1000 Reward: 3561.010
Total T: 123000 Episode Num: 123 Episode T: 1000 Reward: 3514.743
Total T: 124000 Episode Num: 124 Episode T: 1000 Reward: 3580.187
Total T: 125000 Episode Num: 125 Episode T: 1000 Reward: 3196.551
---------------------------------------
Evaluation over 10 episodes: 3363.198
---------------------------------------
Total T: 126000 Episode Num: 126 Episode T: 1000 Reward: 3696.058
Total T: 127000 Episode Num: 127 Episode T: 1000 Reward: 3842.260
Total T: 128000 Episode Num: 128 Episode T: 1000 Reward: 3421.299
Total T: 129000 Episode Num: 129 Episode T: 1000 Reward: 3441.472
Total T: 130000 Episode Num: 130 Episode T: 1000 Reward: 3821.009
---------------------------------------
Evaluation over 10 episodes: 3500.888
---------------------------------------
Total T: 131000 Episode Num: 131 Episode T: 1000 Reward: 3610.381
Total T: 132000 Episode Num: 132 Episode T: 1000 Reward: 3715.545
Total T: 133000 Episode Num: 133 Episode T: 1000 Reward: 3595.400
Total T: 134000 Episode Num: 134 Episode T: 1000 Reward: 3693.760
Total T: 135000 Episode Num: 135 Episode T: 1000 Reward: 3806.894
---------------------------------------
Evaluation over 10 episodes: 3527.937
---------------------------------------
Total T: 136000 Episode Num: 136 Episode T: 1000 Reward: 3688.537
Total T: 137000 Episode Num: 137 Episode T: 1000 Reward: 3557.509
Total T: 138000 Episode Num: 138 Episode T: 1000 Reward: 3797.441
Total T: 139000 Episode Num: 139 Episode T: 1000 Reward: 3721.284
Total T: 140000 Episode Num: 140 Episode T: 1000 Reward: 3765.876
---------------------------------------
Evaluation over 10 episodes: 3758.683
---------------------------------------
Total T: 141000 Episode Num: 141 Episode T: 1000 Reward: 3806.442
Total T: 142000 Episode Num: 142 Episode T: 1000 Reward: 3796.810
Total T: 143000 Episode Num: 143 Episode T: 1000 Reward: 3755.838
Total T: 144000 Episode Num: 144 Episode T: 1000 Reward: 3872.457
Total T: 145000 Episode Num: 145 Episode T: 1000 Reward: 3667.364
---------------------------------------
Evaluation over 10 episodes: 3778.131
---------------------------------------
Total T: 146000 Episode Num: 146 Episode T: 1000 Reward: 3927.679
Total T: 147000 Episode Num: 147 Episode T: 1000 Reward: 3777.123
Total T: 148000 Episode Num: 148 Episode T: 1000 Reward: 3755.794
Total T: 149000 Episode Num: 149 Episode T: 1000 Reward: 3778.542
Total T: 150000 Episode Num: 150 Episode T: 1000 Reward: 3737.665
---------------------------------------
Evaluation over 10 episodes: 3820.098
---------------------------------------
Total T: 151000 Episode Num: 151 Episode T: 1000 Reward: 3805.151
Total T: 152000 Episode Num: 152 Episode T: 1000 Reward: 3906.438
Total T: 153000 Episode Num: 153 Episode T: 1000 Reward: 3641.640
Total T: 154000 Episode Num: 154 Episode T: 1000 Reward: 3573.214
Total T: 155000 Episode Num: 155 Episode T: 1000 Reward: 3625.341
---------------------------------------
Evaluation over 10 episodes: 3666.659
---------------------------------------
Total T: 156000 Episode Num: 156 Episode T: 1000 Reward: 3739.817
Total T: 157000 Episode Num: 157 Episode T: 1000 Reward: 3716.479
Total T: 158000 Episode Num: 158 Episode T: 1000 Reward: 3540.200
Total T: 159000 Episode Num: 159 Episode T: 1000 Reward: 3849.120
Total T: 160000 Episode Num: 160 Episode T: 1000 Reward: 3652.785
---------------------------------------
Evaluation over 10 episodes: 3663.532
---------------------------------------
Total T: 161000 Episode Num: 161 Episode T: 1000 Reward: 3757.736
Total T: 162000 Episode Num: 162 Episode T: 1000 Reward: 3515.282
Total T: 163000 Episode Num: 163 Episode T: 1000 Reward: 3532.128
Total T: 164000 Episode Num: 164 Episode T: 1000 Reward: 3567.452
Total T: 165000 Episode Num: 165 Episode T: 1000 Reward: 3621.765
---------------------------------------
Evaluation over 10 episodes: 3463.579
---------------------------------------
Total T: 166000 Episode Num: 166 Episode T: 1000 Reward: 3657.498
Total T: 167000 Episode Num: 167 Episode T: 1000 Reward: 3645.605
Total T: 168000 Episode Num: 168 Episode T: 1000 Reward: 3556.631
Total T: 169000 Episode Num: 169 Episode T: 1000 Reward: 3640.214
Total T: 170000 Episode Num: 170 Episode T: 1000 Reward: 3739.059
---------------------------------------
Evaluation over 10 episodes: 3530.191
---------------------------------------
Total T: 171000 Episode Num: 171 Episode T: 1000 Reward: 3499.885
Total T: 172000 Episode Num: 172 Episode T: 1000 Reward: 3596.216
Total T: 173000 Episode Num: 173 Episode T: 1000 Reward: 3567.310
Total T: 174000 Episode Num: 174 Episode T: 1000 Reward: 3534.150
Total T: 175000 Episode Num: 175 Episode T: 1000 Reward: 3656.905
---------------------------------------
Evaluation over 10 episodes: 3301.602
---------------------------------------
Total T: 176000 Episode Num: 176 Episode T: 1000 Reward: 3513.401
Total T: 177000 Episode Num: 177 Episode T: 1000 Reward: 3687.312
Total T: 178000 Episode Num: 178 Episode T: 1000 Reward: 3677.237
Total T: 179000 Episode Num: 179 Episode T: 1000 Reward: 3507.464
Total T: 180000 Episode Num: 180 Episode T: 1000 Reward: 3800.639
---------------------------------------
Evaluation over 10 episodes: 3656.619
---------------------------------------
Total T: 181000 Episode Num: 181 Episode T: 1000 Reward: 3630.682
Total T: 182000 Episode Num: 182 Episode T: 1000 Reward: 3649.717
Total T: 183000 Episode Num: 183 Episode T: 1000 Reward: 3745.114
Total T: 184000 Episode Num: 184 Episode T: 1000 Reward: 3749.050
Total T: 185000 Episode Num: 185 Episode T: 1000 Reward: 3588.201
---------------------------------------