---------------------------------------
Policy: TD3, Env: HalfCheetah-v2, Seed: 0
---------------------------------------
---------------------------------------
Evaluation over 10 episodes: -10.902
---------------------------------------
Total T: 1000 Episode Num: 1 Episode T: 1000 Reward: -278.040
Total T: 2000 Episode Num: 2 Episode T: 1000 Reward: -149.225
Total T: 3000 Episode Num: 3 Episode T: 1000 Reward: -205.790
Total T: 4000 Episode Num: 4 Episode T: 1000 Reward: -318.751
Total T: 5000 Episode Num: 5 Episode T: 1000 Reward: -329.931
---------------------------------------
Evaluation over 10 episodes: -10.024
---------------------------------------
Total T: 6000 Episode Num: 6 Episode T: 1000 Reward: -312.010
Total T: 7000 Episode Num: 7 Episode T: 1000 Reward: -196.714
Total T: 8000 Episode Num: 8 Episode T: 1000 Reward: -214.111
Total T: 9000 Episode Num: 9 Episode T: 1000 Reward: -206.346
Total T: 10000 Episode Num: 10 Episode T: 1000 Reward: -509.278
---------------------------------------
Evaluation over 10 episodes: -10.435
---------------------------------------
Total T: 11000 Episode Num: 11 Episode T: 1000 Reward: -450.754
Total T: 12000 Episode Num: 12 Episode T: 1000 Reward: -298.394
Total T: 13000 Episode Num: 13 Episode T: 1000 Reward: -200.563
Total T: 14000 Episode Num: 14 Episode T: 1000 Reward: -342.338
Total T: 15000 Episode Num: 15 Episode T: 1000 Reward: -327.058
---------------------------------------
Evaluation over 10 episodes: -7.953
---------------------------------------
Total T: 16000 Episode Num: 16 Episode T: 1000 Reward: -214.372
Total T: 17000 Episode Num: 17 Episode T: 1000 Reward: -215.570
Total T: 18000 Episode Num: 18 Episode T: 1000 Reward: -406.214
Total T: 19000 Episode Num: 19 Episode T: 1000 Reward: -251.936
Total T: 20000 Episode Num: 20 Episode T: 1000 Reward: -159.266
---------------------------------------
Evaluation over 10 episodes: -9.561
---------------------------------------
Total T: 21000 Episode Num: 21 Episode T: 1000 Reward: -346.112
Total T: 22000 Episode Num: 22 Episode T: 1000 Reward: -316.985
Total T: 23000 Episode Num: 23 Episode T: 1000 Reward: -353.490
Total T: 24000 Episode Num: 24 Episode T: 1000 Reward: -340.325
Total T: 25000 Episode Num: 25 Episode T: 1000 Reward: -228.729
---------------------------------------
Evaluation over 10 episodes: -11.858
---------------------------------------
Total T: 26000 Episode Num: 26 Episode T: 1000 Reward: -494.983
Total T: 27000 Episode Num: 27 Episode T: 1000 Reward: -499.235
Total T: 28000 Episode Num: 28 Episode T: 1000 Reward: -488.566
Total T: 29000 Episode Num: 29 Episode T: 1000 Reward: -549.262
Total T: 30000 Episode Num: 30 Episode T: 1000 Reward: -504.049
---------------------------------------
Evaluation over 10 episodes: -551.052
---------------------------------------
Total T: 31000 Episode Num: 31 Episode T: 1000 Reward: -586.455
Total T: 32000 Episode Num: 32 Episode T: 1000 Reward: -554.729
Total T: 33000 Episode Num: 33 Episode T: 1000 Reward: -552.588
Total T: 34000 Episode Num: 34 Episode T: 1000 Reward: -484.718
Total T: 35000 Episode Num: 35 Episode T: 1000 Reward: -469.227
---------------------------------------
Evaluation over 10 episodes: -389.740
---------------------------------------
Total T: 36000 Episode Num: 36 Episode T: 1000 Reward: -555.432
Total T: 37000 Episode Num: 37 Episode T: 1000 Reward: -118.326
Total T: 38000 Episode Num: 38 Episode T: 1000 Reward: 876.895
Total T: 39000 Episode Num: 39 Episode T: 1000 Reward: 890.126
Total T: 40000 Episode Num: 40 Episode T: 1000 Reward: 1590.116
---------------------------------------
Evaluation over 10 episodes: 1534.543
---------------------------------------
Total T: 41000 Episode Num: 41 Episode T: 1000 Reward: 334.039
Total T: 42000 Episode Num: 42 Episode T: 1000 Reward: 2020.339
Total T: 43000 Episode Num: 43 Episode T: 1000 Reward: 983.433
Total T: 44000 Episode Num: 44 Episode T: 1000 Reward: 525.361
Total T: 45000 Episode Num: 45 Episode T: 1000 Reward: 2344.354
---------------------------------------
Evaluation over 10 episodes: 770.059
---------------------------------------
Total T: 46000 Episode Num: 46 Episode T: 1000 Reward: 1815.965
Total T: 47000 Episode Num: 47 Episode T: 1000 Reward: 1125.695
Total T: 48000 Episode Num: 48 Episode T: 1000 Reward: 28.325
Total T: 49000 Episode Num: 49 Episode T: 1000 Reward: 2507.742
Total T: 50000 Episode Num: 50 Episode T: 1000 Reward: 2335.386
---------------------------------------
Evaluation over 10 episodes: 1522.542
---------------------------------------
Total T: 51000 Episode Num: 51 Episode T: 1000 Reward: 2623.773
Total T: 52000 Episode Num: 52 Episode T: 1000 Reward: 2788.934
Total T: 53000 Episode Num: 53 Episode T: 1000 Reward: 2944.924
Total T: 54000 Episode Num: 54 Episode T: 1000 Reward: 3001.013
Total T: 55000 Episode Num: 55 Episode T: 1000 Reward: 2967.513
---------------------------------------
Evaluation over 10 episodes: 2780.854
---------------------------------------
Total T: 56000 Episode Num: 56 Episode T: 1000 Reward: 1334.172
Total T: 57000 Episode Num: 57 Episode T: 1000 Reward: 2952.865
Total T: 58000 Episode Num: 58 Episode T: 1000 Reward: 3059.506
Total T: 59000 Episode Num: 59 Episode T: 1000 Reward: 3359.626
Total T: 60000 Episode Num: 60 Episode T: 1000 Reward: 3312.053
---------------------------------------
Evaluation over 10 episodes: 3272.797
---------------------------------------
Total T: 61000 Episode Num: 61 Episode T: 1000 Reward: 3094.991
Total T: 62000 Episode Num: 62 Episode T: 1000 Reward: 3359.395
Total T: 63000 Episode Num: 63 Episode T: 1000 Reward: 3508.040
Total T: 64000 Episode Num: 64 Episode T: 1000 Reward: 3338.249
Total T: 65000 Episode Num: 65 Episode T: 1000 Reward: 3313.813
---------------------------------------
Evaluation over 10 episodes: 3405.351
---------------------------------------
Total T: 66000 Episode Num: 66 Episode T: 1000 Reward: 3528.474
Total T: 67000 Episode Num: 67 Episode T: 1000 Reward: 3395.911
Total T: 68000 Episode Num: 68 Episode T: 1000 Reward: 3723.006
Total T: 69000 Episode Num: 69 Episode T: 1000 Reward: 3708.306
Total T: 70000 Episode Num: 70 Episode T: 1000 Reward: 3694.801
---------------------------------------
Evaluation over 10 episodes: 3349.523
---------------------------------------
Total T: 71000 Episode Num: 71 Episode T: 1000 Reward: 3519.407
Total T: 72000 Episode Num: 72 Episode T: 1000 Reward: 3653.884
Total T: 73000 Episode Num: 73 Episode T: 1000 Reward: 3535.804
Total T: 74000 Episode Num: 74 Episode T: 1000 Reward: 3911.409
Total T: 75000 Episode Num: 75 Episode T: 1000 Reward: 3696.063
---------------------------------------
Evaluation over 10 episodes: 3686.084
---------------------------------------
Total T: 76000 Episode Num: 76 Episode T: 1000 Reward: 3435.385
Total T: 77000 Episode Num: 77 Episode T: 1000 Reward: 3861.721
Total T: 78000 Episode Num: 78 Episode T: 1000 Reward: 3874.072
Total T: 79000 Episode Num: 79 Episode T: 1000 Reward: 3568.588
Total T: 80000 Episode Num: 80 Episode T: 1000 Reward: 3841.355
---------------------------------------
Evaluation over 10 episodes: 3755.835
---------------------------------------
Total T: 81000 Episode Num: 81 Episode T: 1000 Reward: 4003.645
Total T: 82000 Episode Num: 82 Episode T: 1000 Reward: 4052.591
Total T: 83000 Episode Num: 83 Episode T: 1000 Reward: 3936.017
Total T: 84000 Episode Num: 84 Episode T: 1000 Reward: 3864.232
Total T: 85000 Episode Num: 85 Episode T: 1000 Reward: 4148.709
---------------------------------------
Evaluation over 10 episodes: 3997.498
---------------------------------------
Total T: 86000 Episode Num: 86 Episode T: 1000 Reward: 4174.748
Total T: 87000 Episode Num: 87 Episode T: 1000 Reward: 3951.802
Total T: 88000 Episode Num: 88 Episode T: 1000 Reward: 4332.247
Total T: 89000 Episode Num: 89 Episode T: 1000 Reward: 4073.599
Total T: 90000 Episode Num: 90 Episode T: 1000 Reward: 4026.614
---------------------------------------
Evaluation over 10 episodes: 3782.821
---------------------------------------
Total T: 91000 Episode Num: 91 Episode T: 1000 Reward: 4243.493
Total T: 92000 Episode Num: 92 Episode T: 1000 Reward: 4316.038
Total T: 93000 Episode Num: 93 Episode T: 1000 Reward: 4306.570
Total T: 94000 Episode Num: 94 Episode T: 1000 Reward: 4536.230
Total T: 95000 Episode Num: 95 Episode T: 1000 Reward: 4336.979
---------------------------------------
Evaluation over 10 episodes: 4378.513
---------------------------------------
Total T: 96000 Episode Num: 96 Episode T: 1000 Reward: 4395.312
Total T: 97000 Episode Num: 97 Episode T: 1000 Reward: 4423.868
Total T: 98000 Episode Num: 98 Episode T: 1000 Reward: 4633.900
Total T: 99000 Episode Num: 99 Episode T: 1000 Reward: 4432.912
Total T: 100000 Episode Num: 100 Episode T: 1000 Reward: 4464.084
---------------------------------------
Evaluation over 10 episodes: 3040.108
---------------------------------------
Total T: 101000 Episode Num: 101 Episode T: 1000 Reward: 4655.458
Total T: 102000 Episode Num: 102 Episode T: 1000 Reward: 4608.454
Total T: 103000 Episode Num: 103 Episode T: 1000 Reward: 4674.674
Total T: 104000 Episode Num: 104 Episode T: 1000 Reward: 4757.089
Total T: 105000 Episode Num: 105 Episode T: 1000 Reward: 4613.379
---------------------------------------
Evaluation over 10 episodes: 4944.677
---------------------------------------
Total T: 106000 Episode Num: 106 Episode T: 1000 Reward: 4750.568
Total T: 107000 Episode Num: 107 Episode T: 1000 Reward: 4777.987
Total T: 108000 Episode Num: 108 Episode T: 1000 Reward: 4891.984
Total T: 109000 Episode Num: 109 Episode T: 1000 Reward: 4691.087
Total T: 110000 Episode Num: 110 Episode T: 1000 Reward: 4964.681
---------------------------------------
Evaluation over 10 episodes: 4320.254
---------------------------------------
Total T: 111000 Episode Num: 111 Episode T: 1000 Reward: 4975.626
Total T: 112000 Episode Num: 112 Episode T: 1000 Reward: 5048.006
Total T: 113000 Episode Num: 113 Episode T: 1000 Reward: 379.173
Total T: 114000 Episode Num: 114 Episode T: 1000 Reward: 4837.282
Total T: 115000 Episode Num: 115 Episode T: 1000 Reward: 5052.776
---------------------------------------
Evaluation over 10 episodes: 4238.021
---------------------------------------
Total T: 116000 Episode Num: 116 Episode T: 1000 Reward: 5000.253
Total T: 117000 Episode Num: 117 Episode T: 1000 Reward: 5225.908
Total T: 118000 Episode Num: 118 Episode T: 1000 Reward: 4918.625
Total T: 119000 Episode Num: 119 Episode T: 1000 Reward: 5040.224
Total T: 120000 Episode Num: 120 Episode T: 1000 Reward: 725.468
---------------------------------------
Evaluation over 10 episodes: 5262.743
---------------------------------------
Total T: 121000 Episode Num: 121 Episode T: 1000 Reward: 5190.695
Total T: 122000 Episode Num: 122 Episode T: 1000 Reward: 5134.102
Total T: 123000 Episode Num: 123 Episode T: 1000 Reward: 572.807
Total T: 124000 Episode Num: 124 Episode T: 1000 Reward: 5189.524
Total T: 125000 Episode Num: 125 Episode T: 1000 Reward: 5528.601
---------------------------------------
Evaluation over 10 episodes: 5750.513
---------------------------------------
Total T: 126000 Episode Num: 126 Episode T: 1000 Reward: 5220.850
Total T: 127000 Episode Num: 127 Episode T: 1000 Reward: 5669.356
Total T: 128000 Episode Num: 128 Episode T: 1000 Reward: 5634.395
Total T: 129000 Episode Num: 129 Episode T: 1000 Reward: 5847.389
Total T: 130000 Episode Num: 130 Episode T: 1000 Reward: 5340.515
---------------------------------------
Evaluation over 10 episodes: 5417.999
---------------------------------------
Total T: 131000 Episode Num: 131 Episode T: 1000 Reward: 4940.297
Total T: 132000 Episode Num: 132 Episode T: 1000 Reward: 5692.053
Total T: 133000 Episode Num: 133 Episode T: 1000 Reward: 5692.319
Total T: 134000 Episode Num: 134 Episode T: 1000 Reward: 50.388
Total T: 135000 Episode Num: 135 Episode T: 1000 Reward: 5818.905
---------------------------------------
Evaluation over 10 episodes: 5620.441
---------------------------------------
Total T: 136000 Episode Num: 136 Episode T: 1000 Reward: 857.006
Total T: 137000 Episode Num: 137 Episode T: 1000 Reward: 5722.100
Total T: 138000 Episode Num: 138 Episode T: 1000 Reward: 5481.307
Total T: 139000 Episode Num: 139 Episode T: 1000 Reward: 5878.869
Total T: 140000 Episode Num: 140 Episode T: 1000 Reward: 5719.796
---------------------------------------
Evaluation over 10 episodes: 5950.389
---------------------------------------
Total T: 141000 Episode Num: 141 Episode T: 1000 Reward: 5847.515
Total T: 142000 Episode Num: 142 Episode T: 1000 Reward: 5825.766
Total T: 143000 Episode Num: 143 Episode T: 1000 Reward: 6176.912
Total T: 144000 Episode Num: 144 Episode T: 1000 Reward: 5997.701
Total T: 145000 Episode Num: 145 Episode T: 1000 Reward: 6290.539
---------------------------------------
Evaluation over 10 episodes: 6138.219
---------------------------------------
Total T: 146000 Episode Num: 146 Episode T: 1000 Reward: 6263.896
Total T: 147000 Episode Num: 147 Episode T: 1000 Reward: 6124.220
Total T: 148000 Episode Num: 148 Episode T: 1000 Reward: 6295.903
Total T: 149000 Episode Num: 149 Episode T: 1000 Reward: 6263.434
Total T: 150000 Episode Num: 150 Episode T: 1000 Reward: 6037.237
---------------------------------------
Evaluation over 10 episodes: 6078.149
---------------------------------------
Total T: 151000 Episode Num: 151 Episode T: 1000 Reward: 5856.655
Total T: 152000 Episode Num: 152 Episode T: 1000 Reward: 2409.731
Total T: 153000 Episode Num: 153 Episode T: 1000 Reward: 5888.727
Total T: 154000 Episode Num: 154 Episode T: 1000 Reward: 6285.037
Total T: 155000 Episode Num: 155 Episode T: 1000 Reward: 6172.185
---------------------------------------
Evaluation over 10 episodes: 6438.843
---------------------------------------
Total T: 156000 Episode Num: 156 Episode T: 1000 Reward: 6234.402
Total T: 157000 Episode Num: 157 Episode T: 1000 Reward: 6343.825
Total T: 158000 Episode Num: 158 Episode T: 1000 Reward: 5925.335
Total T: 159000 Episode Num: 159 Episode T: 1000 Reward: 6450.615
Total T: 160000 Episode Num: 160 Episode T: 1000 Reward: 6198.062
---------------------------------------
Evaluation over 10 episodes: 6461.424
---------------------------------------
Total T: 161000 Episode Num: 161 Episode T: 1000 Reward: 6356.687
Total T: 162000 Episode Num: 162 Episode T: 1000 Reward: 6286.796
Total T: 163000 Episode Num: 163 Episode T: 1000 Reward: 6312.294
Total T: 164000 Episode Num: 164 Episode T: 1000 Reward: 6249.078
Total T: 165000 Episode Num: 165 Episode T: 1000 Reward: 6295.631
---------------------------------------
Evaluation over 10 episodes: 6427.476
---------------------------------------
Total T: 166000 Episode Num: 166 Episode T: 1000 Reward: 6314.191
Total T: 167000 Episode Num: 167 Episode T: 1000 Reward: 6249.799
Total T: 168000 Episode Num: 168 Episode T: 1000 Reward: 6318.037
Total T: 169000 Episode Num: 169 Episode T: 1000 Reward: 6243.833
Total T: 170000 Episode Num: 170 Episode T: 1000 Reward: 6475.902
---------------------------------------
Evaluation over 10 episodes: 4822.676
---------------------------------------
Total T: 171000 Episode Num: 171 Episode T: 1000 Reward: 6178.266
Total T: 172000 Episode Num: 172 Episode T: 1000 Reward: 6395.690
Total T: 173000 Episode Num: 173 Episode T: 1000 Reward: 6620.611
Total T: 174000 Episode Num: 174 Episode T: 1000 Reward: 6490.385
Total T: 175000 Episode Num: 175 Episode T: 1000 Reward: 6556.963
---------------------------------------
Evaluation over 10 episodes: 6702.529
---------------------------------------
Total T: 176000 Episode Num: 176 Episode T: 1000 Reward: 6572.777
Total T: 177000 Episode Num: 177 Episode T: 1000 Reward: 6149.328
Total T: 178000 Episode Num: 178 Episode T: 1000 Reward: 6529.918
Total T: 179000 Episode Num: 179 Episode T: 1000 Reward: 6476.852
Total T: 180000 Episode Num: 180 Episode T: 1000 Reward: 6558.982
---------------------------------------
Evaluation over 10 episodes: 6619.418
---------------------------------------
Total T: 181000 Episode Num: 181 Episode T: 1000 Reward: 6659.588
Total T: 182000 Episode Num: 182 Episode T: 1000 Reward: 6357.751
Total T: 183000 Episode Num: 183 Episode T: 1000 Reward: 6481.028
Total T: 184000 Episode Num: 184 Episode T: 1000 Reward: 6819.875
Total T: 185000 Episode Num: 185 Episode T: 1000 Reward: 6746.618