---------------------------------------
Policy: TD3, Env: HalfCheetah-v2, Seed: 0
---------------------------------------
---------------------------------------
Evaluation over 10 episodes: -170.881
---------------------------------------
Total T: 1000 Episode Num: 1 Episode T: 1000 Reward: -166.889
Total T: 2000 Episode Num: 2 Episode T: 1000 Reward: -225.024
Total T: 3000 Episode Num: 3 Episode T: 1000 Reward: -300.719
Total T: 4000 Episode Num: 4 Episode T: 1000 Reward: -219.225
Total T: 5000 Episode Num: 5 Episode T: 1000 Reward: -187.339
---------------------------------------
Evaluation over 10 episodes: -169.052
---------------------------------------
Total T: 6000 Episode Num: 6 Episode T: 1000 Reward: -266.765
Total T: 7000 Episode Num: 7 Episode T: 1000 Reward: -333.645
Total T: 8000 Episode Num: 8 Episode T: 1000 Reward: -353.903
Total T: 9000 Episode Num: 9 Episode T: 1000 Reward: -186.335
Total T: 10000 Episode Num: 10 Episode T: 1000 Reward: -406.354
---------------------------------------
Evaluation over 10 episodes: -166.626
---------------------------------------
Total T: 11000 Episode Num: 11 Episode T: 1000 Reward: -256.573
Total T: 12000 Episode Num: 12 Episode T: 1000 Reward: -173.187
Total T: 13000 Episode Num: 13 Episode T: 1000 Reward: -305.701
Total T: 14000 Episode Num: 14 Episode T: 1000 Reward: -271.119
Total T: 15000 Episode Num: 15 Episode T: 1000 Reward: -327.473
---------------------------------------
Evaluation over 10 episodes: -153.699
---------------------------------------
Total T: 16000 Episode Num: 16 Episode T: 1000 Reward: -257.636
Total T: 17000 Episode Num: 17 Episode T: 1000 Reward: -282.683
Total T: 18000 Episode Num: 18 Episode T: 1000 Reward: -292.302
Total T: 19000 Episode Num: 19 Episode T: 1000 Reward: -298.540
Total T: 20000 Episode Num: 20 Episode T: 1000 Reward: -418.905
---------------------------------------
Evaluation over 10 episodes: -169.214
---------------------------------------
Total T: 21000 Episode Num: 21 Episode T: 1000 Reward: -239.424
Total T: 22000 Episode Num: 22 Episode T: 1000 Reward: -324.374
Total T: 23000 Episode Num: 23 Episode T: 1000 Reward: -456.049
Total T: 24000 Episode Num: 24 Episode T: 1000 Reward: -319.395
Total T: 25000 Episode Num: 25 Episode T: 1000 Reward: -333.176
---------------------------------------
Evaluation over 10 episodes: -170.545
---------------------------------------
Total T: 26000 Episode Num: 26 Episode T: 1000 Reward: -461.915
Total T: 27000 Episode Num: 27 Episode T: 1000 Reward: -423.969
Total T: 28000 Episode Num: 28 Episode T: 1000 Reward: -399.013
Total T: 29000 Episode Num: 29 Episode T: 1000 Reward: -358.832
Total T: 30000 Episode Num: 30 Episode T: 1000 Reward: -412.471
---------------------------------------
Evaluation over 10 episodes: -377.693
---------------------------------------
Total T: 31000 Episode Num: 31 Episode T: 1000 Reward: -225.022
Total T: 32000 Episode Num: 32 Episode T: 1000 Reward: -186.467
Total T: 33000 Episode Num: 33 Episode T: 1000 Reward: -255.325
Total T: 34000 Episode Num: 34 Episode T: 1000 Reward: -194.930
Total T: 35000 Episode Num: 35 Episode T: 1000 Reward: -373.711
---------------------------------------
Evaluation over 10 episodes: -628.514
---------------------------------------
Total T: 36000 Episode Num: 36 Episode T: 1000 Reward: -306.818
Total T: 37000 Episode Num: 37 Episode T: 1000 Reward: -594.070
Total T: 38000 Episode Num: 38 Episode T: 1000 Reward: 290.669
Total T: 39000 Episode Num: 39 Episode T: 1000 Reward: 386.721
Total T: 40000 Episode Num: 40 Episode T: 1000 Reward: 518.225
---------------------------------------
Evaluation over 10 episodes: 844.324
---------------------------------------
Total T: 41000 Episode Num: 41 Episode T: 1000 Reward: 1299.200
Total T: 42000 Episode Num: 42 Episode T: 1000 Reward: 1332.930
Total T: 43000 Episode Num: 43 Episode T: 1000 Reward: 1141.785
Total T: 44000 Episode Num: 44 Episode T: 1000 Reward: 1234.784
Total T: 45000 Episode Num: 45 Episode T: 1000 Reward: 1321.292
---------------------------------------
Evaluation over 10 episodes: 642.116
---------------------------------------
Total T: 46000 Episode Num: 46 Episode T: 1000 Reward: 1852.971
Total T: 47000 Episode Num: 47 Episode T: 1000 Reward: 664.038
Total T: 48000 Episode Num: 48 Episode T: 1000 Reward: 1687.386
Total T: 49000 Episode Num: 49 Episode T: 1000 Reward: 1951.454
Total T: 50000 Episode Num: 50 Episode T: 1000 Reward: -38.544
---------------------------------------
Evaluation over 10 episodes: 1339.429
---------------------------------------
Total T: 51000 Episode Num: 51 Episode T: 1000 Reward: -35.167
Total T: 52000 Episode Num: 52 Episode T: 1000 Reward: 2077.852
Total T: 53000 Episode Num: 53 Episode T: 1000 Reward: 968.907
Total T: 54000 Episode Num: 54 Episode T: 1000 Reward: 859.499
Total T: 55000 Episode Num: 55 Episode T: 1000 Reward: 1458.382
---------------------------------------
Evaluation over 10 episodes: 1725.829
---------------------------------------
Total T: 56000 Episode Num: 56 Episode T: 1000 Reward: 2156.772
Total T: 57000 Episode Num: 57 Episode T: 1000 Reward: -138.657
Total T: 58000 Episode Num: 58 Episode T: 1000 Reward: 2223.484
Total T: 59000 Episode Num: 59 Episode T: 1000 Reward: 1126.938
Total T: 60000 Episode Num: 60 Episode T: 1000 Reward: 2473.511
---------------------------------------
Evaluation over 10 episodes: 1773.594
---------------------------------------
Total T: 61000 Episode Num: 61 Episode T: 1000 Reward: 2146.879
Total T: 62000 Episode Num: 62 Episode T: 1000 Reward: 208.433
Total T: 63000 Episode Num: 63 Episode T: 1000 Reward: 2404.027
Total T: 64000 Episode Num: 64 Episode T: 1000 Reward: 2635.217
Total T: 65000 Episode Num: 65 Episode T: 1000 Reward: 2617.490
---------------------------------------
Evaluation over 10 episodes: 2094.136
---------------------------------------
Total T: 66000 Episode Num: 66 Episode T: 1000 Reward: 2779.808
Total T: 67000 Episode Num: 67 Episode T: 1000 Reward: 2803.433
Total T: 68000 Episode Num: 68 Episode T: 1000 Reward: 2559.705
Total T: 69000 Episode Num: 69 Episode T: 1000 Reward: 1997.308
Total T: 70000 Episode Num: 70 Episode T: 1000 Reward: 2434.421
---------------------------------------
Evaluation over 10 episodes: 2771.057
---------------------------------------
Total T: 71000 Episode Num: 71 Episode T: 1000 Reward: 2705.272
Total T: 72000 Episode Num: 72 Episode T: 1000 Reward: 2833.503
Total T: 73000 Episode Num: 73 Episode T: 1000 Reward: 2806.698
Total T: 74000 Episode Num: 74 Episode T: 1000 Reward: 2910.175
Total T: 75000 Episode Num: 75 Episode T: 1000 Reward: 2730.098
---------------------------------------
Evaluation over 10 episodes: 2704.550
---------------------------------------
Total T: 76000 Episode Num: 76 Episode T: 1000 Reward: 3167.832
Total T: 77000 Episode Num: 77 Episode T: 1000 Reward: 2902.462
Total T: 78000 Episode Num: 78 Episode T: 1000 Reward: 3180.941
Total T: 79000 Episode Num: 79 Episode T: 1000 Reward: 3034.190
Total T: 80000 Episode Num: 80 Episode T: 1000 Reward: 3000.677
---------------------------------------
Evaluation over 10 episodes: 2844.029
---------------------------------------
Total T: 81000 Episode Num: 81 Episode T: 1000 Reward: 3102.467
Total T: 82000 Episode Num: 82 Episode T: 1000 Reward: 3140.965
Total T: 83000 Episode Num: 83 Episode T: 1000 Reward: 619.852
Total T: 84000 Episode Num: 84 Episode T: 1000 Reward: 3237.785
Total T: 85000 Episode Num: 85 Episode T: 1000 Reward: 3329.774
---------------------------------------
Evaluation over 10 episodes: 3267.343
---------------------------------------
Total T: 86000 Episode Num: 86 Episode T: 1000 Reward: 3163.797
Total T: 87000 Episode Num: 87 Episode T: 1000 Reward: 3295.629
Total T: 88000 Episode Num: 88 Episode T: 1000 Reward: 3006.214
Total T: 89000 Episode Num: 89 Episode T: 1000 Reward: 1239.896
Total T: 90000 Episode Num: 90 Episode T: 1000 Reward: 2159.914
---------------------------------------
Evaluation over 10 episodes: 2637.662
---------------------------------------
Total T: 91000 Episode Num: 91 Episode T: 1000 Reward: 3403.486
Total T: 92000 Episode Num: 92 Episode T: 1000 Reward: 3351.386
Total T: 93000 Episode Num: 93 Episode T: 1000 Reward: 1629.898
Total T: 94000 Episode Num: 94 Episode T: 1000 Reward: 3327.425
Total T: 95000 Episode Num: 95 Episode T: 1000 Reward: 3633.325
---------------------------------------
Evaluation over 10 episodes: 3283.119
---------------------------------------
Total T: 96000 Episode Num: 96 Episode T: 1000 Reward: 3238.072
Total T: 97000 Episode Num: 97 Episode T: 1000 Reward: 3386.936
Total T: 98000 Episode Num: 98 Episode T: 1000 Reward: 3370.944
Total T: 99000 Episode Num: 99 Episode T: 1000 Reward: 3554.264
Total T: 100000 Episode Num: 100 Episode T: 1000 Reward: 3684.875
---------------------------------------
Evaluation over 10 episodes: 3433.845
---------------------------------------
Total T: 101000 Episode Num: 101 Episode T: 1000 Reward: 3652.826
Total T: 102000 Episode Num: 102 Episode T: 1000 Reward: 3396.238
Total T: 103000 Episode Num: 103 Episode T: 1000 Reward: 3579.903
Total T: 104000 Episode Num: 104 Episode T: 1000 Reward: 3726.150
Total T: 105000 Episode Num: 105 Episode T: 1000 Reward: 3585.461
---------------------------------------
Evaluation over 10 episodes: 3579.770
---------------------------------------
Total T: 106000 Episode Num: 106 Episode T: 1000 Reward: 3695.071
Total T: 107000 Episode Num: 107 Episode T: 1000 Reward: 3624.365
Total T: 108000 Episode Num: 108 Episode T: 1000 Reward: 3597.858
Total T: 109000 Episode Num: 109 Episode T: 1000 Reward: 3835.822
Total T: 110000 Episode Num: 110 Episode T: 1000 Reward: 3853.253
---------------------------------------
Evaluation over 10 episodes: 3733.709
---------------------------------------
Total T: 111000 Episode Num: 111 Episode T: 1000 Reward: 3527.016
Total T: 112000 Episode Num: 112 Episode T: 1000 Reward: 3954.929
Total T: 113000 Episode Num: 113 Episode T: 1000 Reward: 3797.578
Total T: 114000 Episode Num: 114 Episode T: 1000 Reward: 3956.235
Total T: 115000 Episode Num: 115 Episode T: 1000 Reward: 3897.121
---------------------------------------
Evaluation over 10 episodes: 3790.337
---------------------------------------
Total T: 116000 Episode Num: 116 Episode T: 1000 Reward: 3625.663
Total T: 117000 Episode Num: 117 Episode T: 1000 Reward: 3808.404
Total T: 118000 Episode Num: 118 Episode T: 1000 Reward: 2878.714
Total T: 119000 Episode Num: 119 Episode T: 1000 Reward: 3762.207
Total T: 120000 Episode Num: 120 Episode T: 1000 Reward: 4104.415
---------------------------------------
Evaluation over 10 episodes: 3091.176
---------------------------------------
Total T: 121000 Episode Num: 121 Episode T: 1000 Reward: 3681.334
Total T: 122000 Episode Num: 122 Episode T: 1000 Reward: 3758.662
Total T: 123000 Episode Num: 123 Episode T: 1000 Reward: 3834.186
Total T: 124000 Episode Num: 124 Episode T: 1000 Reward: 4042.537
Total T: 125000 Episode Num: 125 Episode T: 1000 Reward: 4104.580
---------------------------------------
Evaluation over 10 episodes: 3955.798
---------------------------------------
Total T: 126000 Episode Num: 126 Episode T: 1000 Reward: 4152.683
Total T: 127000 Episode Num: 127 Episode T: 1000 Reward: 3523.738
Total T: 128000 Episode Num: 128 Episode T: 1000 Reward: 4097.868
Total T: 129000 Episode Num: 129 Episode T: 1000 Reward: 4003.505
Total T: 130000 Episode Num: 130 Episode T: 1000 Reward: 916.630
---------------------------------------
Evaluation over 10 episodes: 3603.655
---------------------------------------
Total T: 131000 Episode Num: 131 Episode T: 1000 Reward: 3843.497
Total T: 132000 Episode Num: 132 Episode T: 1000 Reward: 3974.446
Total T: 133000 Episode Num: 133 Episode T: 1000 Reward: 3843.528
Total T: 134000 Episode Num: 134 Episode T: 1000 Reward: 4104.717
Total T: 135000 Episode Num: 135 Episode T: 1000 Reward: 4273.212
---------------------------------------
Evaluation over 10 episodes: 3809.922
---------------------------------------
Total T: 136000 Episode Num: 136 Episode T: 1000 Reward: 4030.205
Total T: 137000 Episode Num: 137 Episode T: 1000 Reward: 4121.344
Total T: 138000 Episode Num: 138 Episode T: 1000 Reward: 4144.325
Total T: 139000 Episode Num: 139 Episode T: 1000 Reward: 4086.969
Total T: 140000 Episode Num: 140 Episode T: 1000 Reward: 4167.753
---------------------------------------
Evaluation over 10 episodes: 4114.076
---------------------------------------
Total T: 141000 Episode Num: 141 Episode T: 1000 Reward: 4334.299
Total T: 142000 Episode Num: 142 Episode T: 1000 Reward: 4019.801
Total T: 143000 Episode Num: 143 Episode T: 1000 Reward: 4295.489
Total T: 144000 Episode Num: 144 Episode T: 1000 Reward: 4199.286
Total T: 145000 Episode Num: 145 Episode T: 1000 Reward: 4325.837
---------------------------------------
Evaluation over 10 episodes: 4263.222
---------------------------------------
Total T: 146000 Episode Num: 146 Episode T: 1000 Reward: 4304.445
Total T: 147000 Episode Num: 147 Episode T: 1000 Reward: 4266.318
Total T: 148000 Episode Num: 148 Episode T: 1000 Reward: 3857.838
Total T: 149000 Episode Num: 149 Episode T: 1000 Reward: 4318.650
Total T: 150000 Episode Num: 150 Episode T: 1000 Reward: 3994.432
---------------------------------------
Evaluation over 10 episodes: 3714.032
---------------------------------------
Total T: 151000 Episode Num: 151 Episode T: 1000 Reward: 4308.018
Total T: 152000 Episode Num: 152 Episode T: 1000 Reward: 4428.952
Total T: 153000 Episode Num: 153 Episode T: 1000 Reward: 4345.222
Total T: 154000 Episode Num: 154 Episode T: 1000 Reward: 4167.704
Total T: 155000 Episode Num: 155 Episode T: 1000 Reward: 4367.433
---------------------------------------
Evaluation over 10 episodes: 4272.431
---------------------------------------
Total T: 156000 Episode Num: 156 Episode T: 1000 Reward: 4384.891
Total T: 157000 Episode Num: 157 Episode T: 1000 Reward: 4181.666
Total T: 158000 Episode Num: 158 Episode T: 1000 Reward: 4303.662
Total T: 159000 Episode Num: 159 Episode T: 1000 Reward: 4449.934
Total T: 160000 Episode Num: 160 Episode T: 1000 Reward: 4304.926
---------------------------------------
Evaluation over 10 episodes: 4415.035
---------------------------------------
Total T: 161000 Episode Num: 161 Episode T: 1000 Reward: 4348.561
Total T: 162000 Episode Num: 162 Episode T: 1000 Reward: 4523.933
Total T: 163000 Episode Num: 163 Episode T: 1000 Reward: 4397.335
Total T: 164000 Episode Num: 164 Episode T: 1000 Reward: 4471.435
Total T: 165000 Episode Num: 165 Episode T: 1000 Reward: 4130.402
---------------------------------------
Evaluation over 10 episodes: 4215.348
---------------------------------------
Total T: 166000 Episode Num: 166 Episode T: 1000 Reward: 4528.674
Total T: 167000 Episode Num: 167 Episode T: 1000 Reward: 4376.447
Total T: 168000 Episode Num: 168 Episode T: 1000 Reward: 4551.044
Total T: 169000 Episode Num: 169 Episode T: 1000 Reward: 4370.721
Total T: 170000 Episode Num: 170 Episode T: 1000 Reward: 4489.094
---------------------------------------
Evaluation over 10 episodes: 4480.850
---------------------------------------
Total T: 171000 Episode Num: 171 Episode T: 1000 Reward: 4504.358
Total T: 172000 Episode Num: 172 Episode T: 1000 Reward: 4514.421
Total T: 173000 Episode Num: 173 Episode T: 1000 Reward: 4398.835
Total T: 174000 Episode Num: 174 Episode T: 1000 Reward: 4640.686
Total T: 175000 Episode Num: 175 Episode T: 1000 Reward: 4488.161
---------------------------------------
Evaluation over 10 episodes: 4519.815
---------------------------------------
Total T: 176000 Episode Num: 176 Episode T: 1000 Reward: 3619.810
Total T: 177000 Episode Num: 177 Episode T: 1000 Reward: 4696.326
Total T: 178000 Episode Num: 178 Episode T: 1000 Reward: 4573.318
Total T: 179000 Episode Num: 179 Episode T: 1000 Reward: 4477.346
Total T: 180000 Episode Num: 180 Episode T: 1000 Reward: 4804.406
---------------------------------------
Evaluation over 10 episodes: 4538.995
---------------------------------------
Total T: 181000 Episode Num: 181 Episode T: 1000 Reward: 4547.605
Total T: 182000 Episode Num: 182 Episode T: 1000 Reward: 4495.245
Total T: 183000 Episode Num: 183 Episode T: 1000 Reward: 4575.215
Total T: 184000 Episode Num: 184 Episode T: 1000 Reward: 4439.023
Total T: 185000 Episode Num: 185 Episode T: 1000 Reward: 4367.061
---------------------------------------
Evaluation over 10 episodes: 4454.909
---------------------------------------
Total T: 186000 Episode Num: 186 Episode T: 1000 Reward: 4620.636
Total T: 187000 Episode Num: 187 Episode T: 1000 Reward: 4130.822
Total T: 188000 Episode Num: 188 Episode T: 1000 Reward: 4578.851
Total T: 189000 Episode Num: 189 Episode T: 1000 Reward: 4655.866
Total T: 190000 Episode Num: 190 Episode T: 1000 Reward: 4540.627
---------------------------------------
Evaluation over 10 episodes: 4584.361
---------------------------------------
Total T: 191000 Episode Num: 191 Episode T: 1000 Reward: 4581.040
Total T: 192000 Episode Num: 192 Episode T: 1000 Reward: 4377.690
Total T: 193000 Episode Num: 193 Episode T: 1000 Reward: 4482.009
Total T: 194000 Episode Num: 194 Episode T: 1000 Reward: 4506.965
Total T: 195000 Episode Num: 195 Episode T: 1000 Reward: 4424.004
---------------------------------------
Evaluation over 10 episodes: 4585.476
---------------------------------------
Total T: 196000 Episode Num: 196 Episode T: 1000 Reward: 4401.964
Total T: 197000 Episode Num: 197 Episode T: 1000 Reward: 4429.114
Total T: 198000 Episode Num: 198 Episode T: 1000 Reward: 4596.157
Total T: 199000 Episode Num: 199 Episode T: 1000 Reward: 4641.154
Total T: 200000 Episode Num: 200 Episode T: 1000 Reward: 4685.499
---------------------------------------
Evaluation over 10 episodes: 4608.483
---------------------------------------
Total T: 201000 Episode Num: 201 Episode T: 1000 Reward: 4455.724
Total T: 202000 Episode Num: 202 Episode T: 1000 Reward: 4762.988
Total T: 203000 Episode Num: 203 Episode T: 1000 Reward: 4656.383
Total T: 204000 Episode Num: 204 Episode T: 1000 Reward: 4704.584
Total T: 205000 Episode Num: 205 Episode T: 1000 Reward: 4753.397
---------------------------------------
Evaluation over 10 episodes: 4641.416
---------------------------------------
Total T: 206000 Episode Num: 206 Episode T: 1000 Reward: 4779.391
Total T: 207000 Episode Num: 207 Episode T: 1000 Reward: 4532.016
Total T: 208000 Episode Num: 208 Episode T: 1000 Reward: 4525.739
Total T: 209000 Episode Num: 209 Episode T: 1000 Reward: 4552.192
Total T: 210000 Episode Num: 210 Episode T: 1000 Reward: 4845.866
---------------------------------------
Evaluation over 10 episodes: 4635.379
---------------------------------------
Total T: 211000 Episode Num: 211 Episode T: 1000 Reward: 4427.241
Total T: 212000 Episode Num: 212 Episode T: 1000 Reward: 4946.203
Total T: 213000 Episode Num: 213 Episode T: 1000 Reward: 4784.665
Total T: 214000 Episode Num: 214 Episode T: 1000 Reward: 4782.929
Total T: 215000 Episode Num: 215 Episode T: 1000 Reward: 4623.964
---------------------------------------
Evaluation over 10 episodes: 4676.258
---------------------------------------
Total T: 216000 Episode Num: 216 Episode T: 1000 Reward: 4810.575
Total T: 217000 Episode Num: 217 Episode T: 1000 Reward: 4763.832
Total T: 218000 Episode Num: 218 Episode T: 1000 Reward: 4751.122
Total T: 219000 Episode Num: 219 Episode T: 1000 Reward: 4761.721
Total T: 220000 Episode Num: 220 Episode T: 1000 Reward: 4697.752
---------------------------------------
Evaluation over 10 episodes: 4775.360
---------------------------------------
Total T: 221000 Episode Num: 221 Episode T: 1000 Reward: 4615.736
Total T: 222000 Episode Num: 222 Episode T: 1000 Reward: 4682.184
Total T: 223000 Episode Num: 223 Episode T: 1000 Reward: 4679.760
Total T: 224000 Episode Num: 224 Episode T: 1000 Reward: 4692.854
Total T: 225000 Episode Num: 225 Episode T: 1000 Reward: 4644.220
---------------------------------------
Evaluation over 10 episodes: 4702.055
---------------------------------------
Total T: 226000 Episode Num: 226 Episode T: 1000 Reward: 4393.881
Total T: 227000 Episode Num: 227 Episode T: 1000 Reward: 4714.123
Total T: 228000 Episode Num: 228 Episode T: 1000 Reward: 4748.941
Total T: 229000 Episode Num: 229 Episode T: 1000 Reward: 4604.765
Total T: 230000 Episode Num: 230 Episode T: 1000 Reward: 4530.031
---------------------------------------
Evaluation over 10 episodes: 4837.195
---------------------------------------
Total T: 231000 Episode Num: 231 Episode T: 1000 Reward: 4947.158
Total T: 232000 Episode Num: 232 Episode T: 1000 Reward: 4742.029
Total T: 233000 Episode Num: 233 Episode T: 1000 Reward: 4726.261
Total T: 234000 Episode Num: 234 Episode T: 1000 Reward: 4674.206
Total T: 235000 Episode Num: 235 Episode T: 1000 Reward: 4839.571
---------------------------------------
Evaluation over 10 episodes: 4767.777
---------------------------------------
Total T: 236000 Episode Num: 236 Episode T: 1000 Reward: 4902.311
Total T: 237000 Episode Num: 237 Episode T: 1000 Reward: 4952.870
Total T: 238000 Episode Num: 238 Episode T: 1000 Reward: 4949.124
Total T: 239000 Episode Num: 239 Episode T: 1000 Reward: 4816.278
Total T: 240000 Episode Num: 240 Episode T: 1000 Reward: 4540.740
---------------------------------------
Evaluation over 10 episodes: 4915.625
---------------------------------------
Total T: 241000 Episode Num: 241 Episode T: 1000 Reward: 5017.530
Total T: 242000 Episode Num: 242 Episode T: 1000 Reward: 4832.454
Total T: 243000 Episode Num: 243 Episode T: 1000 Reward: 4989.263
Total T: 244000 Episode Num: 244 Episode T: 1000 Reward: 4856.883
Total T: 245000 Episode Num: 245 Episode T: 1000 Reward: 4912.414
---------------------------------------
Evaluation over 10 episodes: 4969.161
---------------------------------------
Total T: 246000 Episode Num: 246 Episode T: 1000 Reward: 4756.187
Total T: 247000 Episode Num: 247 Episode T: 1000 Reward: 5043.030
Total T: 248000 Episode Num: 248 Episode T: 1000 Reward: 4630.729
Total T: 249000 Episode Num: 249 Episode T: 1000 Reward: 5009.600
Total T: 250000 Episode Num: 250 Episode T: 1000 Reward: 4981.897
---------------------------------------
Evaluation over 10 episodes: 5025.039
---------------------------------------
Total T: 251000 Episode Num: 251 Episode T: 1000 Reward: 4758.933
Total T: 252000 Episode Num: 252 Episode T: 1000 Reward: 5055.864
Total T: 253000 Episode Num: 253 Episode T: 1000 Reward: 4733.923
Total T: 254000 Episode Num: 254 Episode T: 1000 Reward: 4796.115
Total T: 255000 Episode Num: 255 Episode T: 1000 Reward: 4824.623
---------------------------------------
Evaluation over 10 episodes: 4789.278
---------------------------------------
Total T: 256000 Episode Num: 256 Episode T: 1000 Reward: 5040.165
Total T: 257000 Episode Num: 257 Episode T: 1000 Reward: 5201.591
Total T: 258000 Episode Num: 258 Episode T: 1000 Reward: 4840.165
Total T: 259000 Episode Num: 259 Episode T: 1000 Reward: 5069.661
Total T: 260000 Episode Num: 260 Episode T: 1000 Reward: 4931.562
---------------------------------------
Evaluation over 10 episodes: 5015.332
---------------------------------------
Total T: 261000 Episode Num: 261 Episode T: 1000 Reward: 4637.200
Total T: 262000 Episode Num: 262 Episode T: 1000 Reward: 4909.801
Total T: 263000 Episode Num: 263 Episode T: 1000 Reward: 4804.328
Total T: 264000 Episode Num: 264 Episode T: 1000 Reward: 5209.135
Total T: 265000 Episode Num: 265 Episode T: 1000 Reward: 5176.982
---------------------------------------
Evaluation over 10 episodes: 5060.746
---------------------------------------
Total T: 266000 Episode Num: 266 Episode T: 1000 Reward: 5011.292
Total T: 267000 Episode Num: 267 Episode T: 1000 Reward: 5236.195
Total T: 268000 Episode Num: 268 Episode T: 1000 Reward: 4923.848
Total T: 269000 Episode Num: 269 Episode T: 1000 Reward: 4870.047
Total T: 270000 Episode Num: 270 Episode T: 1000 Reward: 5082.776
---------------------------------------
Evaluation over 10 episodes: 5119.561
---------------------------------------
Total T: 271000 Episode Num: 271 Episode T: 1000 Reward: 5246.542
Total T: 272000 Episode Num: 272 Episode T: 1000 Reward: 5132.019
Total T: 273000 Episode Num: 273 Episode T: 1000 Reward: 4936.293
Total T: 274000 Episode Num: 274 Episode T: 1000 Reward: 5031.435
Total T: 275000 Episode Num: 275 Episode T: 1000 Reward: 4983.948
---------------------------------------
Evaluation over 10 episodes: 4999.236
---------------------------------------
Total T: 276000 Episode Num: 276 Episode T: 1000 Reward: 4696.724
Total T: 277000 Episode Num: 277 Episode T: 1000 Reward: 5108.986
Total T: 278000 Episode Num: 278 Episode T: 1000 Reward: 4602.538
Total T: 279000 Episode Num: 279 Episode T: 1000 Reward: 4896.969
Total T: 280000 Episode Num: 280 Episode T: 1000 Reward: 224.366
---------------------------------------
Evaluation over 10 episodes: 4961.347
---------------------------------------
Total T: 281000 Episode Num: 281 Episode T: 1000 Reward: 5155.790
Total T: 282000 Episode Num: 282 Episode T: 1000 Reward: 4975.810
Total T: 283000 Episode Num: 283 Episode T: 1000 Reward: 5047.348
Total T: 284000 Episode Num: 284 Episode T: 1000 Reward: 5188.838
Total T: 285000 Episode Num: 285 Episode T: 1000 Reward: 4901.219
---------------------------------------
Evaluation over 10 episodes: 5190.759
---------------------------------------
Total T: 286000 Episode Num: 286 Episode T: 1000 Reward: 4944.147
Total T: 287000 Episode Num: 287 Episode T: 1000 Reward: 5058.353
Total T: 288000 Episode Num: 288 Episode T: 1000 Reward: 5003.894
Total T: 289000 Episode Num: 289 Episode T: 1000 Reward: 5139.846
Total T: 290000 Episode Num: 290 Episode T: 1000 Reward: 5188.340
---------------------------------------
Evaluation over 10 episodes: 5209.307
---------------------------------------
Total T: 291000 Episode Num: 291 Episode T: 1000 Reward: 5363.076
Total T: 292000 Episode Num: 292 Episode T: 1000 Reward: 5237.582
Total T: 293000 Episode Num: 293 Episode T: 1000 Reward: 5098.347
Total T: 294000 Episode Num: 294 Episode T: 1000 Reward: 5143.228
Total T: 295000 Episode Num: 295 Episode T: 1000 Reward: 5155.856
---------------------------------------
Evaluation over 10 episodes: 5227.499
---------------------------------------
Total T: 296000 Episode Num: 296 Episode T: 1000 Reward: 5008.108
Total T: 297000 Episode Num: 297 Episode T: 1000 Reward: 5007.232
Total T: 298000 Episode Num: 298 Episode T: 1000 Reward: 5341.016
Total T: 299000 Episode Num: 299 Episode T: 1000 Reward: 5397.105
Total T: 300000 Episode Num: 300 Episode T: 1000 Reward: 5219.426
---------------------------------------
Evaluation over 10 episodes: 5083.293
---------------------------------------
Total T: 301000 Episode Num: 301 Episode T: 1000 Reward: 4979.721
Total T: 302000 Episode Num: 302 Episode T: 1000 Reward: 5283.934
Total T: 303000 Episode Num: 303 Episode T: 1000 Reward: 5114.175
Total T: 304000 Episode Num: 304 Episode T: 1000 Reward: 4940.538
Total T: 305000 Episode Num: 305 Episode T: 1000 Reward: 5376.819
---------------------------------------
Evaluation over 10 episodes: 5202.273
---------------------------------------
Total T: 306000 Episode Num: 306 Episode T: 1000 Reward: 5240.043
Total T: 307000 Episode Num: 307 Episode T: 1000 Reward: 4816.774
Total T: 308000 Episode Num: 308 Episode T: 1000 Reward: 5261.291
Total T: 309000 Episode Num: 309 Episode T: 1000 Reward: 5339.101
Total T: 310000 Episode Num: 310 Episode T: 1000 Reward: 5118.208
---------------------------------------
Evaluation over 10 episodes: 5302.251
---------------------------------------
Total T: 311000 Episode Num: 311 Episode T: 1000 Reward: 5178.131
Total T: 312000 Episode Num: 312 Episode T: 1000 Reward: 5321.540
Total T: 313000 Episode Num: 313 Episode T: 1000 Reward: 5444.760
Total T: 314000 Episode Num: 314 Episode T: 1000 Reward: 5123.146
Total T: 315000 Episode Num: 315 Episode T: 1000 Reward: 5500.282
---------------------------------------
Evaluation over 10 episodes: 5204.604
---------------------------------------
Total T: 316000 Episode Num: 316 Episode T: 1000 Reward: 5209.713
Total T: 317000 Episode Num: 317 Episode T: 1000 Reward: 5315.909
Total T: 318000 Episode Num: 318 Episode T: 1000 Reward: 5351.652
Total T: 319000 Episode Num: 319 Episode T: 1000 Reward: 5292.095
Total T: 320000 Episode Num: 320 Episode T: 1000 Reward: 5067.686
---------------------------------------
Evaluation over 10 episodes: 5404.098
---------------------------------------
Total T: 321000 Episode Num: 321 Episode T: 1000 Reward: 5460.848
Total T: 322000 Episode Num: 322 Episode T: 1000 Reward: 5057.612
Total T: 323000 Episode Num: 323 Episode T: 1000 Reward: 5292.099
Total T: 324000 Episode Num: 324 Episode T: 1000 Reward: 5076.357
Total T: 325000 Episode Num: 325 Episode T: 1000 Reward: 5529.759
---------------------------------------
Evaluation over 10 episodes: 5189.032
---------------------------------------
Total T: 326000 Episode Num: 326 Episode T: 1000 Reward: 5580.175
Total T: 327000 Episode Num: 327 Episode T: 1000 Reward: 5453.272
Total T: 328000 Episode Num: 328 Episode T: 1000 Reward: 5291.155
Total T: 329000 Episode Num: 329 Episode T: 1000 Reward: 5260.730
Total T: 330000 Episode Num: 330 Episode T: 1000 Reward: 5263.113
---------------------------------------
Evaluation over 10 episodes: 5309.611
---------------------------------------
Total T: 331000 Episode Num: 331 Episode T: 1000 Reward: 5481.047
Total T: 332000 Episode Num: 332 Episode T: 1000 Reward: 5362.850
Total T: 333000 Episode Num: 333 Episode T: 1000 Reward: 5617.299
Total T: 334000 Episode Num: 334 Episode T: 1000 Reward: 5294.964
Total T: 335000 Episode Num: 335 Episode T: 1000 Reward: 5506.976
---------------------------------------
Evaluation over 10 episodes: 5104.516
---------------------------------------
Total T: 336000 Episode Num: 336 Episode T: 1000 Reward: 5551.934
Total T: 337000 Episode Num: 337 Episode T: 1000 Reward: 4970.389
Total T: 338000 Episode Num: 338 Episode T: 1000 Reward: 5362.435
Total T: 339000 Episode Num: 339 Episode T: 1000 Reward: 5291.578
Total T: 340000 Episode Num: 340 Episode T: 1000 Reward: 5315.800
---------------------------------------
Evaluation over 10 episodes: 5387.822
---------------------------------------
Total T: 341000 Episode Num: 341 Episode T: 1000 Reward: 5114.301
Total T: 342000 Episode Num: 342 Episode T: 1000 Reward: 5475.811
Total T: 343000 Episode Num: 343 Episode T: 1000 Reward: 5462.982
Total T: 344000 Episode Num: 344 Episode T: 1000 Reward: 5402.111
Total T: 345000 Episode Num: 345 Episode T: 1000 Reward: 5269.436
---------------------------------------
Evaluation over 10 episodes: 5388.411
---------------------------------------
Total T: 346000 Episode Num: 346 Episode T: 1000 Reward: 5266.660
Total T: 347000 Episode Num: 347 Episode T: 1000 Reward: 5382.610
Total T: 348000 Episode Num: 348 Episode T: 1000 Reward: 5522.011
Total T: 349000 Episode Num: 349 Episode T: 1000 Reward: 5574.945
Total T: 350000 Episode Num: 350 Episode T: 1000 Reward: 5366.355
---------------------------------------
Evaluation over 10 episodes: 5427.482
---------------------------------------
Total T: 351000 Episode Num: 351 Episode T: 1000 Reward: 5221.307
Total T: 352000 Episode Num: 352 Episode T: 1000 Reward: 5570.330
Total T: 353000 Episode Num: 353 Episode T: 1000 Reward: 5247.077
Total T: 354000 Episode Num: 354 Episode T: 1000 Reward: 5558.591
Total T: 355000 Episode Num: 355 Episode T: 1000 Reward: 5103.494
---------------------------------------
Evaluation over 10 episodes: 5412.054
---------------------------------------
Total T: 356000 Episode Num: 356 Episode T: 1000 Reward: 5558.561
Total T: 357000 Episode Num: 357 Episode T: 1000 Reward: 5371.460
Total T: 358000 Episode Num: 358 Episode T: 1000 Reward: 5117.526
Total T: 359000 Episode Num: 359 Episode T: 1000 Reward: 5455.603
Total T: 360000 Episode Num: 360 Episode T: 1000 Reward: 5526.207
---------------------------------------
Evaluation over 10 episodes: 5482.419
---------------------------------------
Total T: 361000 Episode Num: 361 Episode T: 1000 Reward: 5323.347
Total T: 362000 Episode Num: 362 Episode T: 1000 Reward: 5587.774
Total T: 363000 Episode Num: 363 Episode T: 1000 Reward: 5609.519
Total T: 364000 Episode Num: 364 Episode T: 1000 Reward: 5316.356
Total T: 365000 Episode Num: 365 Episode T: 1000 Reward: 5275.418
---------------------------------------
Evaluation over 10 episodes: 5060.029
---------------------------------------
Total T: 366000 Episode Num: 366 Episode T: 1000 Reward: 5377.888
Total T: 367000 Episode Num: 367 Episode T: 1000 Reward: 5481.269
Total T: 368000 Episode Num: 368 Episode T: 1000 Reward: 5488.548
Total T: 369000 Episode Num: 369 Episode T: 1000 Reward: 5912.752
Total T: 370000 Episode Num: 370 Episode T: 1000 Reward: 5535.827
---------------------------------------
Evaluation over 10 episodes: 5593.083
---------------------------------------
Total T: 371000 Episode Num: 371 Episode T: 1000 Reward: 5306.723
Total T: 372000 Episode Num: 372 Episode T: 1000 Reward: 5563.440
Total T: 373000 Episode Num: 373 Episode T: 1000 Reward: 5762.376
Total T: 374000 Episode Num: 374 Episode T: 1000 Reward: 5496.535
Total T: 375000 Episode Num: 375 Episode T: 1000 Reward: 5618.475
---------------------------------------
Evaluation over 10 episodes: 5551.231
---------------------------------------
Total T: 376000 Episode Num: 376 Episode T: 1000 Reward: 5489.667
Total T: 377000 Episode Num: 377 Episode T: 1000 Reward: 5312.907
Total T: 378000 Episode Num: 378 Episode T: 1000 Reward: 5637.328
Total T: 379000 Episode Num: 379 Episode T: 1000 Reward: 5574.383
Total T: 380000 Episode Num: 380 Episode T: 1000 Reward: 5794.053
---------------------------------------
Evaluation over 10 episodes: 5407.213
---------------------------------------
Total T: 381000 Episode Num: 381 Episode T: 1000 Reward: 5612.567
Total T: 382000 Episode Num: 382 Episode T: 1000 Reward: 5454.712
Total T: 383000 Episode Num: 383 Episode T: 1000 Reward: 5425.276
Total T: 384000 Episode Num: 384 Episode T: 1000 Reward: 5558.121
Total T: 385000 Episode Num: 385 Episode T: 1000 Reward: 5660.319
---------------------------------------
Evaluation over 10 episodes: 5597.729
---------------------------------------
Total T: 386000 Episode Num: 386 Episode T: 1000 Reward: 5690.830
Total T: 387000 Episode Num: 387 Episode T: 1000 Reward: 5648.746
Total T: 388000 Episode Num: 388 Episode T: 1000 Reward: 5664.133
Total T: 389000 Episode Num: 389 Episode T: 1000 Reward: 5479.362
Total T: 390000 Episode Num: 390 Episode T: 1000 Reward: 5797.556
---------------------------------------
Evaluation over 10 episodes: 5444.824
---------------------------------------
Total T: 391000 Episode Num: 391 Episode T: 1000 Reward: 5598.590
Total T: 392000 Episode Num: 392 Episode T: 1000 Reward: 5657.042
Total T: 393000 Episode Num: 393 Episode T: 1000 Reward: 5517.091
Total T: 394000 Episode Num: 394 Episode T: 1000 Reward: 5574.736
Total T: 395000 Episode Num: 395 Episode T: 1000 Reward: 5775.973
---------------------------------------
Evaluation over 10 episodes: 5588.545
---------------------------------------
Total T: 396000 Episode Num: 396 Episode T: 1000 Reward: 5857.675
Total T: 397000 Episode Num: 397 Episode T: 1000 Reward: 5402.812
Total T: 398000 Episode Num: 398 Episode T: 1000 Reward: 5367.780
Total T: 399000 Episode Num: 399 Episode T: 1000 Reward: 5656.214
Total T: 400000 Episode Num: 400 Episode T: 1000 Reward: 5566.924
---------------------------------------
Evaluation over 10 episodes: 5689.943
---------------------------------------
Total T: 401000 Episode Num: 401 Episode T: 1000 Reward: 5317.651
Total T: 402000 Episode Num: 402 Episode T: 1000 Reward: 5875.365
Total T: 403000 Episode Num: 403 Episode T: 1000 Reward: 5420.294
Total T: 404000 Episode Num: 404 Episode T: 1000 Reward: 5484.705
Total T: 405000 Episode Num: 405 Episode T: 1000 Reward: 5566.372
---------------------------------------
Evaluation over 10 episodes: 5599.157
---------------------------------------
Total T: 406000 Episode Num: 406 Episode T: 1000 Reward: 5642.452
Total T: 407000 Episode Num: 407 Episode T: 1000 Reward: 5587.245
Total T: 408000 Episode Num: 408 Episode T: 1000 Reward: 5647.359
Total T: 409000 Episode Num: 409 Episode T: 1000 Reward: 5462.800
Total T: 410000 Episode Num: 410 Episode T: 1000 Reward: 5708.931
---------------------------------------
Evaluation over 10 episodes: 5720.710
---------------------------------------
Total T: 411000 Episode Num: 411 Episode T: 1000 Reward: 5670.090
Total T: 412000 Episode Num: 412 Episode T: 1000 Reward: 5370.447
Total T: 413000 Episode Num: 413 Episode T: 1000 Reward: 5486.012
Total T: 414000 Episode Num: 414 Episode T: 1000 Reward: 5498.793
Total T: 415000 Episode Num: 415 Episode T: 1000 Reward: 5727.105
---------------------------------------
Evaluation over 10 episodes: 5724.623
---------------------------------------
Total T: 416000 Episode Num: 416 Episode T: 1000 Reward: 5662.949
Total T: 417000 Episode Num: 417 Episode T: 1000 Reward: 5840.437
Total T: 418000 Episode Num: 418 Episode T: 1000 Reward: 5706.292
Total T: 419000 Episode Num: 419 Episode T: 1000 Reward: 5502.705
Total T: 420000 Episode Num: 420 Episode T: 1000 Reward: 5517.692
---------------------------------------
Evaluation over 10 episodes: 5724.985
---------------------------------------
Total T: 421000 Episode Num: 421 Episode T: 1000 Reward: 5700.135
Total T: 422000 Episode Num: 422 Episode T: 1000 Reward: 5768.761
Total T: 423000 Episode Num: 423 Episode T: 1000 Reward: 5535.179
Total T: 424000 Episode Num: 424 Episode T: 1000 Reward: 5458.192
Total T: 425000 Episode Num: 425 Episode T: 1000 Reward: 5535.832
---------------------------------------
Evaluation over 10 episodes: 5651.899
---------------------------------------
Total T: 426000 Episode Num: 426 Episode T: 1000 Reward: 261.813
Total T: 427000 Episode Num: 427 Episode T: 1000 Reward: 5903.258
Total T: 428000 Episode Num: 428 Episode T: 1000 Reward: 5621.243
Total T: 429000 Episode Num: 429 Episode T: 1000 Reward: 5754.856
Total T: 430000 Episode Num: 430 Episode T: 1000 Reward: 5655.063
---------------------------------------
Evaluation over 10 episodes: 5750.445
---------------------------------------
Total T: 431000 Episode Num: 431 Episode T: 1000 Reward: 6110.035
Total T: 432000 Episode Num: 432 Episode T: 1000 Reward: 5746.440
Total T: 433000 Episode Num: 433 Episode T: 1000 Reward: 5863.156
Total T: 434000 Episode Num: 434 Episode T: 1000 Reward: 5373.318
Total T: 435000 Episode Num: 435 Episode T: 1000 Reward: 5705.455
---------------------------------------
Evaluation over 10 episodes: 5702.564
---------------------------------------
Total T: 436000 Episode Num: 436 Episode T: 1000 Reward: 5520.685
Total T: 437000 Episode Num: 437 Episode T: 1000 Reward: 5756.900
Total T: 438000 Episode Num: 438 Episode T: 1000 Reward: 5956.612
Total T: 439000 Episode Num: 439 Episode T: 1000 Reward: 5619.409
Total T: 440000 Episode Num: 440 Episode T: 1000 Reward: 5615.825
---------------------------------------
Evaluation over 10 episodes: 5817.557
---------------------------------------
Total T: 441000 Episode Num: 441 Episode T: 1000 Reward: 5901.907
Total T: 442000 Episode Num: 442 Episode T: 1000 Reward: 5697.970
Total T: 443000 Episode Num: 443 Episode T: 1000 Reward: 5368.958
Total T: 444000 Episode Num: 444 Episode T: 1000 Reward: 5623.273
Total T: 445000 Episode Num: 445 Episode T: 1000 Reward: 5885.446
---------------------------------------
Evaluation over 10 episodes: 5595.484
---------------------------------------
Total T: 446000 Episode Num: 446 Episode T: 1000 Reward: 5469.079
Total T: 447000 Episode Num: 447 Episode T: 1000 Reward: 5721.221
Total T: 448000 Episode Num: 448 Episode T: 1000 Reward: 5776.489
Total T: 449000 Episode Num: 449 Episode T: 1000 Reward: 5623.278
Total T: 450000 Episode Num: 450 Episode T: 1000 Reward: 5849.071
---------------------------------------
Evaluation over 10 episodes: 5800.160
---------------------------------------
Total T: 451000 Episode Num: 451 Episode T: 1000 Reward: 5838.841
Total T: 452000 Episode Num: 452 Episode T: 1000 Reward: 5912.251
Total T: 453000 Episode Num: 453 Episode T: 1000 Reward: 5517.107
Total T: 454000 Episode Num: 454 Episode T: 1000 Reward: 5753.842
Total T: 455000 Episode Num: 455 Episode T: 1000 Reward: 5474.239
---------------------------------------
Evaluation over 10 episodes: 5639.400
---------------------------------------
Total T: 456000 Episode Num: 456 Episode T: 1000 Reward: 5667.443
Total T: 457000 Episode Num: 457 Episode T: 1000 Reward: 5399.695
Total T: 458000 Episode Num: 458 Episode T: 1000 Reward: 5732.690
Total T: 459000 Episode Num: 459 Episode T: 1000 Reward: 6016.253
Total T: 460000 Episode Num: 460 Episode T: 1000 Reward: 6044.340
---------------------------------------
Evaluation over 10 episodes: 5731.852
---------------------------------------
Total T: 461000 Episode Num: 461 Episode T: 1000 Reward: 5785.375
Total T: 462000 Episode Num: 462 Episode T: 1000 Reward: 5670.534
Total T: 463000 Episode Num: 463 Episode T: 1000 Reward: 5784.589
Total T: 464000 Episode Num: 464 Episode T: 1000 Reward: 5637.583
Total T: 465000 Episode Num: 465 Episode T: 1000 Reward: 5798.091
---------------------------------------
Evaluation over 10 episodes: 5832.712
---------------------------------------
Total T: 466000 Episode Num: 466 Episode T: 1000 Reward: 6035.554
Total T: 467000 Episode Num: 467 Episode T: 1000 Reward: 6246.532
Total T: 468000 Episode Num: 468 Episode T: 1000 Reward: 5831.376
Total T: 469000 Episode Num: 469 Episode T: 1000 Reward: 5282.922
Total T: 470000 Episode Num: 470 Episode T: 1000 Reward: 6110.635
---------------------------------------
Evaluation over 10 episodes: 5770.291
---------------------------------------
Total T: 471000 Episode Num: 471 Episode T: 1000 Reward: 5708.608
Total T: 472000 Episode Num: 472 Episode T: 1000 Reward: 5561.231
Total T: 473000 Episode Num: 473 Episode T: 1000 Reward: 5463.585
Total T: 474000 Episode Num: 474 Episode T: 1000 Reward: 5204.916
Total T: 475000 Episode Num: 475 Episode T: 1000 Reward: 5544.980
---------------------------------------
Evaluation over 10 episodes: 5849.821
---------------------------------------
Total T: 476000 Episode Num: 476 Episode T: 1000 Reward: 5671.297
Total T: 477000 Episode Num: 477 Episode T: 1000 Reward: 5958.353
Total T: 478000 Episode Num: 478 Episode T: 1000 Reward: 5456.252
Total T: 479000 Episode Num: 479 Episode T: 1000 Reward: 5888.178
Total T: 480000 Episode Num: 480 Episode T: 1000 Reward: 5742.527
---------------------------------------
Evaluation over 10 episodes: 5788.746
---------------------------------------
Total T: 481000 Episode Num: 481 Episode T: 1000 Reward: 6027.736
Total T: 482000 Episode Num: 482 Episode T: 1000 Reward: 5648.048
Total T: 483000 Episode Num: 483 Episode T: 1000 Reward: 5588.700
Total T: 484000 Episode Num: 484 Episode T: 1000 Reward: 5662.773
Total T: 485000 Episode Num: 485 Episode T: 1000 Reward: 6109.263
---------------------------------------
Evaluation over 10 episodes: 5651.223
---------------------------------------
Total T: 486000 Episode Num: 486 Episode T: 1000 Reward: 5877.106
Total T: 487000 Episode Num: 487 Episode T: 1000 Reward: 5930.329
Total T: 488000 Episode Num: 488 Episode T: 1000 Reward: 5953.903
Total T: 489000 Episode Num: 489 Episode T: 1000 Reward: 5890.787
Total T: 490000 Episode Num: 490 Episode T: 1000 Reward: 5617.138
---------------------------------------
Evaluation over 10 episodes: 5772.954
---------------------------------------
Total T: 491000 Episode Num: 491 Episode T: 1000 Reward: 5463.623
Total T: 492000 Episode Num: 492 Episode T: 1000 Reward: 5708.209
Total T: 493000 Episode Num: 493 Episode T: 1000 Reward: 5789.531
Total T: 494000 Episode Num: 494 Episode T: 1000 Reward: 5963.103
Total T: 495000 Episode Num: 495 Episode T: 1000 Reward: 6000.913
---------------------------------------
Evaluation over 10 episodes: 5878.689
---------------------------------------
Total T: 496000 Episode Num: 496 Episode T: 1000 Reward: 5818.028
Total T: 497000 Episode Num: 497 Episode T: 1000 Reward: 5835.456
Total T: 498000 Episode Num: 498 Episode T: 1000 Reward: 5924.293
Total T: 499000 Episode Num: 499 Episode T: 1000 Reward: 5774.745
Total T: 500000 Episode Num: 500 Episode T: 1000 Reward: 5693.338
---------------------------------------
Evaluation over 10 episodes: 5935.348
---------------------------------------
Total T: 501000 Episode Num: 501 Episode T: 1000 Reward: 5673.285
Total T: 502000 Episode Num: 502 Episode T: 1000 Reward: 5826.339
Total T: 503000 Episode Num: 503 Episode T: 1000 Reward: 5933.475
Total T: 504000 Episode Num: 504 Episode T: 1000 Reward: 5669.977
Total T: 505000 Episode Num: 505 Episode T: 1000 Reward: 6030.842
---------------------------------------
Evaluation over 10 episodes: 5902.954
---------------------------------------
Total T: 506000 Episode Num: 506 Episode T: 1000 Reward: 5671.720
Total T: 507000 Episode Num: 507 Episode T: 1000 Reward: 6028.829
Total T: 508000 Episode Num: 508 Episode T: 1000 Reward: 5818.225
Total T: 509000 Episode Num: 509 Episode T: 1000 Reward: 5833.172
Total T: 510000 Episode Num: 510 Episode T: 1000 Reward: 5831.739
---------------------------------------
Evaluation over 10 episodes: 5849.038
---------------------------------------
Total T: 511000 Episode Num: 511 Episode T: 1000 Reward: 5953.076
Total T: 512000 Episode Num: 512 Episode T: 1000 Reward: 6348.306
Total T: 513000 Episode Num: 513 Episode T: 1000 Reward: 5934.731
Total T: 514000 Episode Num: 514 Episode T: 1000 Reward: 5876.853
Total T: 515000 Episode Num: 515 Episode T: 1000 Reward: 5979.427
---------------------------------------
Evaluation over 10 episodes: 5958.513
---------------------------------------
Total T: 516000 Episode Num: 516 Episode T: 1000 Reward: 6120.054
Total T: 517000 Episode Num: 517 Episode T: 1000 Reward: 5649.231
Total T: 518000 Episode Num: 518 Episode T: 1000 Reward: 5997.041
Total T: 519000 Episode Num: 519 Episode T: 1000 Reward: 6005.314
Total T: 520000 Episode Num: 520 Episode T: 1000 Reward: 6241.827
---------------------------------------
Evaluation over 10 episodes: 5924.751
---------------------------------------
Total T: 521000 Episode Num: 521 Episode T: 1000 Reward: 5862.076
Total T: 522000 Episode Num: 522 Episode T: 1000 Reward: 6288.567
Total T: 523000 Episode Num: 523 Episode T: 1000 Reward: 6203.482
Total T: 524000 Episode Num: 524 Episode T: 1000 Reward: 6034.361
Total T: 525000 Episode Num: 525 Episode T: 1000 Reward: 5858.274
---------------------------------------
Evaluation over 10 episodes: 5855.558
---------------------------------------
Total T: 526000 Episode Num: 526 Episode T: 1000 Reward: 5529.940
Total T: 527000 Episode Num: 527 Episode T: 1000 Reward: 6275.316
Total T: 528000 Episode Num: 528 Episode T: 1000 Reward: 6047.185
Total T: 529000 Episode Num: 529 Episode T: 1000 Reward: 5919.947
Total T: 530000 Episode Num: 530 Episode T: 1000 Reward: 6105.921
---------------------------------------
Evaluation over 10 episodes: 5875.793
---------------------------------------
Total T: 531000 Episode Num: 531 Episode T: 1000 Reward: 5800.953
Total T: 532000 Episode Num: 532 Episode T: 1000 Reward: 5742.843
Total T: 533000 Episode Num: 533 Episode T: 1000 Reward: 6118.893
Total T: 534000 Episode Num: 534 Episode T: 1000 Reward: 5696.850
Total T: 535000 Episode Num: 535 Episode T: 1000 Reward: 5917.640
---------------------------------------
Evaluation over 10 episodes: 6091.225
---------------------------------------
Total T: 536000 Episode Num: 536 Episode T: 1000 Reward: 5973.510
Total T: 537000 Episode Num: 537 Episode T: 1000 Reward: 5864.750
Total T: 538000 Episode Num: 538 Episode T: 1000 Reward: 6118.284
Total T: 539000 Episode Num: 539 Episode T: 1000 Reward: 5907.125
Total T: 540000 Episode Num: 540 Episode T: 1000 Reward: 5892.664
---------------------------------------
Evaluation over 10 episodes: 5863.161
---------------------------------------
Total T: 541000 Episode Num: 541 Episode T: 1000 Reward: 6121.596
Total T: 542000 Episode Num: 542 Episode T: 1000 Reward: 6041.916
Total T: 543000 Episode Num: 543 Episode T: 1000 Reward: 5792.723
Total T: 544000 Episode Num: 544 Episode T: 1000 Reward: 5786.589
Total T: 545000 Episode Num: 545 Episode T: 1000 Reward: 5754.853
---------------------------------------
Evaluation over 10 episodes: 5775.829
---------------------------------------
Total T: 546000 Episode Num: 546 Episode T: 1000 Reward: 6001.823
Total T: 547000 Episode Num: 547 Episode T: 1000 Reward: 5767.851
Total T: 548000 Episode Num: 548 Episode T: 1000 Reward: 5842.533
Total T: 549000 Episode Num: 549 Episode T: 1000 Reward: 5681.730
Total T: 550000 Episode Num: 550 Episode T: 1000 Reward: 5885.700
---------------------------------------
Evaluation over 10 episodes: 6090.636
---------------------------------------
Total T: 551000 Episode Num: 551 Episode T: 1000 Reward: 5983.323
Total T: 552000 Episode Num: 552 Episode T: 1000 Reward: 5744.238
Total T: 553000 Episode Num: 553 Episode T: 1000 Reward: 5999.479
Total T: 554000 Episode Num: 554 Episode T: 1000 Reward: 6443.285
Total T: 555000 Episode Num: 555 Episode T: 1000 Reward: 6199.267
---------------------------------------
Evaluation over 10 episodes: 6079.524
---------------------------------------
Total T: 556000 Episode Num: 556 Episode T: 1000 Reward: 6301.377
Total T: 557000 Episode Num: 557 Episode T: 1000 Reward: 6035.916
Total T: 558000 Episode Num: 558 Episode T: 1000 Reward: 5780.160
Total T: 559000 Episode Num: 559 Episode T: 1000 Reward: 5950.915
Total T: 560000 Episode Num: 560 Episode T: 1000 Reward: 6024.231
---------------------------------------
Evaluation over 10 episodes: 6092.886
---------------------------------------
Total T: 561000 Episode Num: 561 Episode T: 1000 Reward: 6186.751
Total T: 562000 Episode Num: 562 Episode T: 1000 Reward: 6513.701
Total T: 563000 Episode Num: 563 Episode T: 1000 Reward: 5931.193
Total T: 564000 Episode Num: 564 Episode T: 1000 Reward: 6174.934
Total T: 565000 Episode Num: 565 Episode T: 1000 Reward: 6088.547
---------------------------------------
Evaluation over 10 episodes: 5958.966
---------------------------------------
Total T: 566000 Episode Num: 566 Episode T: 1000 Reward: 6178.695
Total T: 567000 Episode Num: 567 Episode T: 1000 Reward: 6001.835
Total T: 568000 Episode Num: 568 Episode T: 1000 Reward: 5986.928
Total T: 569000 Episode Num: 569 Episode T: 1000 Reward: 6275.384
Total T: 570000 Episode Num: 570 Episode T: 1000 Reward: 6025.981
---------------------------------------
Evaluation over 10 episodes: 5890.238
---------------------------------------
Total T: 571000 Episode Num: 571 Episode T: 1000 Reward: 5737.320
Total T: 572000 Episode Num: 572 Episode T: 1000 Reward: 6364.773
Total T: 573000 Episode Num: 573 Episode T: 1000 Reward: 5939.083
Total T: 574000 Episode Num: 574 Episode T: 1000 Reward: 5898.230
Total T: 575000 Episode Num: 575 Episode T: 1000 Reward: 5985.877
---------------------------------------
Evaluation over 10 episodes: 6103.643
---------------------------------------
Total T: 576000 Episode Num: 576 Episode T: 1000 Reward: 6251.214
Total T: 577000 Episode Num: 577 Episode T: 1000 Reward: 5682.400
Total T: 578000 Episode Num: 578 Episode T: 1000 Reward: 5845.652
Total T: 579000 Episode Num: 579 Episode T: 1000 Reward: 5904.390
Total T: 580000 Episode Num: 580 Episode T: 1000 Reward: 5902.821
---------------------------------------
Evaluation over 10 episodes: 6154.603
---------------------------------------
Total T: 581000 Episode Num: 581 Episode T: 1000 Reward: 5723.556
Total T: 582000 Episode Num: 582 Episode T: 1000 Reward: 6223.853
Total T: 583000 Episode Num: 583 Episode T: 1000 Reward: 6040.805
Total T: 584000 Episode Num: 584 Episode T: 1000 Reward: 6055.919
Total T: 585000 Episode Num: 585 Episode T: 1000 Reward: 5919.755
---------------------------------------
Evaluation over 10 episodes: 6044.497
---------------------------------------
Total T: 586000 Episode Num: 586 Episode T: 1000 Reward: 6180.506
Total T: 587000 Episode Num: 587 Episode T: 1000 Reward: 5927.703
Total T: 588000 Episode Num: 588 Episode T: 1000 Reward: 5984.975
Total T: 589000 Episode Num: 589 Episode T: 1000 Reward: 6185.132
Total T: 590000 Episode Num: 590 Episode T: 1000 Reward: 5998.408
---------------------------------------
Evaluation over 10 episodes: 6148.525
---------------------------------------
Total T: 591000 Episode Num: 591 Episode T: 1000 Reward: 6204.181
Total T: 592000 Episode Num: 592 Episode T: 1000 Reward: 6088.356
Total T: 593000 Episode Num: 593 Episode T: 1000 Reward: 6169.557
Total T: 594000 Episode Num: 594 Episode T: 1000 Reward: 6158.656
Total T: 595000 Episode Num: 595 Episode T: 1000 Reward: 6150.179
---------------------------------------
Evaluation over 10 episodes: 6175.906
---------------------------------------
Total T: 596000 Episode Num: 596 Episode T: 1000 Reward: 5919.047
Total T: 597000 Episode Num: 597 Episode T: 1000 Reward: 6154.967
Total T: 598000 Episode Num: 598 Episode T: 1000 Reward: 6260.551
Total T: 599000 Episode Num: 599 Episode T: 1000 Reward: 6288.188
Total T: 600000 Episode Num: 600 Episode T: 1000 Reward: 6119.583
---------------------------------------
Evaluation over 10 episodes: 6108.923
---------------------------------------
Total T: 601000 Episode Num: 601 Episode T: 1000 Reward: 6163.725
Total T: 602000 Episode Num: 602 Episode T: 1000 Reward: 6239.906
Total T: 603000 Episode Num: 603 Episode T: 1000 Reward: 5973.082
Total T: 604000 Episode Num: 604 Episode T: 1000 Reward: 5923.542
Total T: 605000 Episode Num: 605 Episode T: 1000 Reward: 6184.390
---------------------------------------
Evaluation over 10 episodes: 6199.567
---------------------------------------
Total T: 606000 Episode Num: 606 Episode T: 1000 Reward: 6125.975
Total T: 607000 Episode Num: 607 Episode T: 1000 Reward: 5941.740
Total T: 608000 Episode Num: 608 Episode T: 1000 Reward: 6083.451
Total T: 609000 Episode Num: 609 Episode T: 1000 Reward: 5936.581
Total T: 610000 Episode Num: 610 Episode T: 1000 Reward: 5813.388
---------------------------------------
Evaluation over 10 episodes: 6205.170
---------------------------------------
Total T: 611000 Episode Num: 611 Episode T: 1000 Reward: 6044.111
Total T: 612000 Episode Num: 612 Episode T: 1000 Reward: 5974.878
Total T: 613000 Episode Num: 613 Episode T: 1000 Reward: 6091.050
Total T: 614000 Episode Num: 614 Episode T: 1000 Reward: 6013.490
Total T: 615000 Episode Num: 615 Episode T: 1000 Reward: 6033.487
---------------------------------------
Evaluation over 10 episodes: 6127.565
---------------------------------------
Total T: 616000 Episode Num: 616 Episode T: 1000 Reward: 6130.648
Total T: 617000 Episode Num: 617 Episode T: 1000 Reward: 5723.635
Total T: 618000 Episode Num: 618 Episode T: 1000 Reward: 6431.568
Total T: 619000 Episode Num: 619 Episode T: 1000 Reward: 2825.056
Total T: 620000 Episode Num: 620 Episode T: 1000 Reward: 6196.609
---------------------------------------
Evaluation over 10 episodes: 6158.983
---------------------------------------
Total T: 621000 Episode Num: 621 Episode T: 1000 Reward: 5942.639
Total T: 622000 Episode Num: 622 Episode T: 1000 Reward: 5945.545
Total T: 623000 Episode Num: 623 Episode T: 1000 Reward: 6456.642
Total T: 624000 Episode Num: 624 Episode T: 1000 Reward: 6043.566
Total T: 625000 Episode Num: 625 Episode T: 1000 Reward: 5794.617
---------------------------------------
Evaluation over 10 episodes: 6048.971
---------------------------------------
Total T: 626000 Episode Num: 626 Episode T: 1000 Reward: 6220.909
Total T: 627000 Episode Num: 627 Episode T: 1000 Reward: 5961.771
Total T: 628000 Episode Num: 628 Episode T: 1000 Reward: 6284.775
Total T: 629000 Episode Num: 629 Episode T: 1000 Reward: 6490.631
Total T: 630000 Episode Num: 630 Episode T: 1000 Reward: 6285.461
---------------------------------------
Evaluation over 10 episodes: 6279.887
---------------------------------------
Total T: 631000 Episode Num: 631 Episode T: 1000 Reward: 6379.522
Total T: 632000 Episode Num: 632 Episode T: 1000 Reward: 5662.833
Total T: 633000 Episode Num: 633 Episode T: 1000 Reward: 6319.684
Total T: 634000 Episode Num: 634 Episode T: 1000 Reward: 5913.500
Total T: 635000 Episode Num: 635 Episode T: 1000 Reward: 6091.403
---------------------------------------
Evaluation over 10 episodes: 6181.451
---------------------------------------
Total T: 636000 Episode Num: 636 Episode T: 1000 Reward: 6397.057
Total T: 637000 Episode Num: 637 Episode T: 1000 Reward: 6637.774
Total T: 638000 Episode Num: 638 Episode T: 1000 Reward: 6412.116
Total T: 639000 Episode Num: 639 Episode T: 1000 Reward: 6297.916
Total T: 640000 Episode Num: 640 Episode T: 1000 Reward: 6614.112
---------------------------------------
Evaluation over 10 episodes: 6296.856
---------------------------------------
Total T: 641000 Episode Num: 641 Episode T: 1000 Reward: 6379.380
Total T: 642000 Episode Num: 642 Episode T: 1000 Reward: 6405.280
Total T: 643000 Episode Num: 643 Episode T: 1000 Reward: 6022.442
Total T: 644000 Episode Num: 644 Episode T: 1000 Reward: 6360.128
Total T: 645000 Episode Num: 645 Episode T: 1000 Reward: 6110.413
---------------------------------------
Evaluation over 10 episodes: 6316.909
---------------------------------------
Total T: 646000 Episode Num: 646 Episode T: 1000 Reward: 6243.726
Total T: 647000 Episode Num: 647 Episode T: 1000 Reward: 6173.283
Total T: 648000 Episode Num: 648 Episode T: 1000 Reward: 5928.901
Total T: 649000 Episode Num: 649 Episode T: 1000 Reward: 6382.702
Total T: 650000 Episode Num: 650 Episode T: 1000 Reward: 6368.532
---------------------------------------
Evaluation over 10 episodes: 6297.331
---------------------------------------
Total T: 651000 Episode Num: 651 Episode T: 1000 Reward: 6337.402
Total T: 652000 Episode Num: 652 Episode T: 1000 Reward: 6308.774
Total T: 653000 Episode Num: 653 Episode T: 1000 Reward: 6340.484
Total T: 654000 Episode Num: 654 Episode T: 1000 Reward: 6264.020
Total T: 655000 Episode Num: 655 Episode T: 1000 Reward: 6493.296
---------------------------------------
Evaluation over 10 episodes: 6209.096
---------------------------------------
Total T: 656000 Episode Num: 656 Episode T: 1000 Reward: 6312.779
Total T: 657000 Episode Num: 657 Episode T: 1000 Reward: 6427.975
Total T: 658000 Episode Num: 658 Episode T: 1000 Reward: 6538.428
Total T: 659000 Episode Num: 659 Episode T: 1000 Reward: 6286.687
Total T: 660000 Episode Num: 660 Episode T: 1000 Reward: 6257.554
---------------------------------------
Evaluation over 10 episodes: 6474.852
---------------------------------------
Total T: 661000 Episode Num: 661 Episode T: 1000 Reward: 6663.614
Total T: 662000 Episode Num: 662 Episode T: 1000 Reward: 6380.221
Total T: 663000 Episode Num: 663 Episode T: 1000 Reward: 5788.894
Total T: 664000 Episode Num: 664 Episode T: 1000 Reward: 6519.716
Total T: 665000 Episode Num: 665 Episode T: 1000 Reward: 6546.906
---------------------------------------
Evaluation over 10 episodes: 6430.424
---------------------------------------
Total T: 666000 Episode Num: 666 Episode T: 1000 Reward: 6222.455
Total T: 667000 Episode Num: 667 Episode T: 1000 Reward: 6290.322
Total T: 668000 Episode Num: 668 Episode T: 1000 Reward: 6075.402
Total T: 669000 Episode Num: 669 Episode T: 1000 Reward: 6327.610
Total T: 670000 Episode Num: 670 Episode T: 1000 Reward: 6208.839
---------------------------------------
Evaluation over 10 episodes: 6098.002
---------------------------------------
Total T: 671000 Episode Num: 671 Episode T: 1000 Reward: 6084.212
Total T: 672000 Episode Num: 672 Episode T: 1000 Reward: 6453.729
Total T: 673000 Episode Num: 673 Episode T: 1000 Reward: 6160.540
Total T: 674000 Episode Num: 674 Episode T: 1000 Reward: 6415.306
Total T: 675000 Episode Num: 675 Episode T: 1000 Reward: 6034.820
---------------------------------------
Evaluation over 10 episodes: 6373.672
---------------------------------------
Total T: 676000 Episode Num: 676 Episode T: 1000 Reward: 6401.261
Total T: 677000 Episode Num: 677 Episode T: 1000 Reward: 6011.720
Total T: 678000 Episode Num: 678 Episode T: 1000 Reward: 6861.581
Total T: 679000 Episode Num: 679 Episode T: 1000 Reward: 6408.711
Total T: 680000 Episode Num: 680 Episode T: 1000 Reward: 6424.195
---------------------------------------
Evaluation over 10 episodes: 6251.659
---------------------------------------
Total T: 681000 Episode Num: 681 Episode T: 1000 Reward: 6456.901
Total T: 682000 Episode Num: 682 Episode T: 1000 Reward: 6002.192
Total T: 683000 Episode Num: 683 Episode T: 1000 Reward: 6268.346
Total T: 684000 Episode Num: 684 Episode T: 1000 Reward: 6355.593
Total T: 685000 Episode Num: 685 Episode T: 1000 Reward: 6828.176
---------------------------------------
Evaluation over 10 episodes: 6425.019
---------------------------------------
Total T: 686000 Episode Num: 686 Episode T: 1000 Reward: 6553.910
Total T: 687000 Episode Num: 687 Episode T: 1000 Reward: 6297.105
Total T: 688000 Episode Num: 688 Episode T: 1000 Reward: 6536.177
Total T: 689000 Episode Num: 689 Episode T: 1000 Reward: 6338.462
Total T: 690000 Episode Num: 690 Episode T: 1000 Reward: 6480.877
---------------------------------------
Evaluation over 10 episodes: 6394.529
---------------------------------------
Total T: 691000 Episode Num: 691 Episode T: 1000 Reward: 6391.081
Total T: 692000 Episode Num: 692 Episode T: 1000 Reward: 6038.319
Total T: 693000 Episode Num: 693 Episode T: 1000 Reward: 6657.455
Total T: 694000 Episode Num: 694 Episode T: 1000 Reward: 6377.837
Total T: 695000 Episode Num: 695 Episode T: 1000 Reward: 6339.152
---------------------------------------
Evaluation over 10 episodes: 6358.617
---------------------------------------
Total T: 696000 Episode Num: 696 Episode T: 1000 Reward: 6750.255
Total T: 697000 Episode Num: 697 Episode T: 1000 Reward: 6290.949
Total T: 698000 Episode Num: 698 Episode T: 1000 Reward: 6186.372
Total T: 699000 Episode Num: 699 Episode T: 1000 Reward: 6744.696
Total T: 700000 Episode Num: 700 Episode T: 1000 Reward: 6751.919
---------------------------------------
Evaluation over 10 episodes: 6361.535
---------------------------------------
Total T: 701000 Episode Num: 701 Episode T: 1000 Reward: 6206.927
Total T: 702000 Episode Num: 702 Episode T: 1000 Reward: 6505.334
Total T: 703000 Episode Num: 703 Episode T: 1000 Reward: 6340.264
Total T: 704000 Episode Num: 704 Episode T: 1000 Reward: 6123.428
Total T: 705000 Episode Num: 705 Episode T: 1000 Reward: 6211.571
---------------------------------------
Evaluation over 10 episodes: 6461.423
---------------------------------------
Total T: 706000 Episode Num: 706 Episode T: 1000 Reward: 6539.380
Total T: 707000 Episode Num: 707 Episode T: 1000 Reward: 6323.007
Total T: 708000 Episode Num: 708 Episode T: 1000 Reward: 6531.872
Total T: 709000 Episode Num: 709 Episode T: 1000 Reward: 6359.092
Total T: 710000 Episode Num: 710 Episode T: 1000 Reward: 6562.484
---------------------------------------
Evaluation over 10 episodes: 6322.840
---------------------------------------
Total T: 711000 Episode Num: 711 Episode T: 1000 Reward: 6534.143
Total T: 712000 Episode Num: 712 Episode T: 1000 Reward: 6792.978
Total T: 713000 Episode Num: 713 Episode T: 1000 Reward: 6204.489
Total T: 714000 Episode Num: 714 Episode T: 1000 Reward: 6920.825
Total T: 715000 Episode Num: 715 Episode T: 1000 Reward: 6213.999
---------------------------------------
Evaluation over 10 episodes: 6461.293
---------------------------------------
Total T: 716000 Episode Num: 716 Episode T: 1000 Reward: 6384.760
Total T: 717000 Episode Num: 717 Episode T: 1000 Reward: 6523.357
Total T: 718000 Episode Num: 718 Episode T: 1000 Reward: 6375.556
Total T: 719000 Episode Num: 719 Episode T: 1000 Reward: 6039.078
Total T: 720000 Episode Num: 720 Episode T: 1000 Reward: 6289.800
---------------------------------------
Evaluation over 10 episodes: 6324.440
---------------------------------------
Total T: 721000 Episode Num: 721 Episode T: 1000 Reward: 6429.244
Total T: 722000 Episode Num: 722 Episode T: 1000 Reward: 6239.867
Total T: 723000 Episode Num: 723 Episode T: 1000 Reward: 6606.697
Total T: 724000 Episode Num: 724 Episode T: 1000 Reward: 6851.916
Total T: 725000 Episode Num: 725 Episode T: 1000 Reward: 6579.625
---------------------------------------
Evaluation over 10 episodes: 6586.042
---------------------------------------
Total T: 726000 Episode Num: 726 Episode T: 1000 Reward: 6407.796
Total T: 727000 Episode Num: 727 Episode T: 1000 Reward: 6270.175
Total T: 728000 Episode Num: 728 Episode T: 1000 Reward: 6978.794
Total T: 729000 Episode Num: 729 Episode T: 1000 Reward: 6808.693
Total T: 730000 Episode Num: 730 Episode T: 1000 Reward: 6660.150
---------------------------------------
Evaluation over 10 episodes: 6454.040
---------------------------------------
Total T: 731000 Episode Num: 731 Episode T: 1000 Reward: 6217.729
Total T: 732000 Episode Num: 732 Episode T: 1000 Reward: 6260.133
Total T: 733000 Episode Num: 733 Episode T: 1000 Reward: 6571.993
Total T: 734000 Episode Num: 734 Episode T: 1000 Reward: 6537.798
Total T: 735000 Episode Num: 735 Episode T: 1000 Reward: 6449.179
---------------------------------------
Evaluation over 10 episodes: 6426.377
---------------------------------------
Total T: 736000 Episode Num: 736 Episode T: 1000 Reward: 6938.360
Total T: 737000 Episode Num: 737 Episode T: 1000 Reward: 6207.130
Total T: 738000 Episode Num: 738 Episode T: 1000 Reward: 6068.330
Total T: 739000 Episode Num: 739 Episode T: 1000 Reward: 6339.071
Total T: 740000 Episode Num: 740 Episode T: 1000 Reward: 6429.288
---------------------------------------
Evaluation over 10 episodes: 6608.537
---------------------------------------
Total T: 741000 Episode Num: 741 Episode T: 1000 Reward: 6245.605
Total T: 742000 Episode Num: 742 Episode T: 1000 Reward: 6639.151
Total T: 743000 Episode Num: 743 Episode T: 1000 Reward: 6464.846
Total T: 744000 Episode Num: 744 Episode T: 1000 Reward: 6271.193
Total T: 745000 Episode Num: 745 Episode T: 1000 Reward: 6455.395
---------------------------------------
Evaluation over 10 episodes: 6480.507
---------------------------------------
Total T: 746000 Episode Num: 746 Episode T: 1000 Reward: 6372.405
Total T: 747000 Episode Num: 747 Episode T: 1000 Reward: 6201.887
Total T: 748000 Episode Num: 748 Episode T: 1000 Reward: 6651.514
Total T: 749000 Episode Num: 749 Episode T: 1000 Reward: 6729.054
Total T: 750000 Episode Num: 750 Episode T: 1000 Reward: 6645.654
---------------------------------------
Evaluation over 10 episodes: 6579.476
---------------------------------------
Total T: 751000 Episode Num: 751 Episode T: 1000 Reward: 5746.478
Total T: 752000 Episode Num: 752 Episode T: 1000 Reward: 6650.628
Total T: 753000 Episode Num: 753 Episode T: 1000 Reward: 6963.367
Total T: 754000 Episode Num: 754 Episode T: 1000 Reward: 6346.697
Total T: 755000 Episode Num: 755 Episode T: 1000 Reward: 6791.780
---------------------------------------
Evaluation over 10 episodes: 6394.010
---------------------------------------
Total T: 756000 Episode Num: 756 Episode T: 1000 Reward: 6696.269
Total T: 757000 Episode Num: 757 Episode T: 1000 Reward: 6548.339
Total T: 758000 Episode Num: 758 Episode T: 1000 Reward: 6613.879
Total T: 759000 Episode Num: 759 Episode T: 1000 Reward: 6494.630
Total T: 760000 Episode Num: 760 Episode T: 1000 Reward: 6326.231
---------------------------------------
Evaluation over 10 episodes: 6553.812
---------------------------------------
Total T: 761000 Episode Num: 761 Episode T: 1000 Reward: 6467.993
Total T: 762000 Episode Num: 762 Episode T: 1000 Reward: 6253.941
Total T: 763000 Episode Num: 763 Episode T: 1000 Reward: 6502.421
Total T: 764000 Episode Num: 764 Episode T: 1000 Reward: 6239.226
Total T: 765000 Episode Num: 765 Episode T: 1000 Reward: 6615.925
---------------------------------------
Evaluation over 10 episodes: 6664.785
---------------------------------------
Total T: 766000 Episode Num: 766 Episode T: 1000 Reward: 6493.187
Total T: 767000 Episode Num: 767 Episode T: 1000 Reward: 6062.760
Total T: 768000 Episode Num: 768 Episode T: 1000 Reward: 6226.300
Total T: 769000 Episode Num: 769 Episode T: 1000 Reward: 6553.568
Total T: 770000 Episode Num: 770 Episode T: 1000 Reward: 6584.378
---------------------------------------
Evaluation over 10 episodes: 6437.200
---------------------------------------
Total T: 771000 Episode Num: 771 Episode T: 1000 Reward: 6527.190
Total T: 772000 Episode Num: 772 Episode T: 1000 Reward: 6640.190
Total T: 773000 Episode Num: 773 Episode T: 1000 Reward: 6751.690
Total T: 774000 Episode Num: 774 Episode T: 1000 Reward: 6721.429
Total T: 775000 Episode Num: 775 Episode T: 1000 Reward: 6751.242
---------------------------------------
Evaluation over 10 episodes: 6481.730
---------------------------------------
Total T: 776000 Episode Num: 776 Episode T: 1000 Reward: 6254.930
Total T: 777000 Episode Num: 777 Episode T: 1000 Reward: 6445.507
Total T: 778000 Episode Num: 778 Episode T: 1000 Reward: 6706.554
Total T: 779000 Episode Num: 779 Episode T: 1000 Reward: 6893.277
Total T: 780000 Episode Num: 780 Episode T: 1000 Reward: 6653.557
---------------------------------------
Evaluation over 10 episodes: 6797.992
---------------------------------------
Total T: 781000 Episode Num: 781 Episode T: 1000 Reward: 6839.055
Total T: 782000 Episode Num: 782 Episode T: 1000 Reward: 6736.704
Total T: 783000 Episode Num: 783 Episode T: 1000 Reward: 6392.037
Total T: 784000 Episode Num: 784 Episode T: 1000 Reward: 904.047
Total T: 785000 Episode Num: 785 Episode T: 1000 Reward: 6905.039
---------------------------------------
Evaluation over 10 episodes: 6866.623
---------------------------------------
Total T: 786000 Episode Num: 786 Episode T: 1000 Reward: 6549.094
Total T: 787000 Episode Num: 787 Episode T: 1000 Reward: 6455.332
Total T: 788000 Episode Num: 788 Episode T: 1000 Reward: 6440.173
Total T: 789000 Episode Num: 789 Episode T: 1000 Reward: 5952.911
Total T: 790000 Episode Num: 790 Episode T: 1000 Reward: 6473.447
---------------------------------------
Evaluation over 10 episodes: 6740.540
---------------------------------------
Total T: 791000 Episode Num: 791 Episode T: 1000 Reward: 7066.750
Total T: 792000 Episode Num: 792 Episode T: 1000 Reward: 6720.100
Total T: 793000 Episode Num: 793 Episode T: 1000 Reward: 6247.020
Total T: 794000 Episode Num: 794 Episode T: 1000 Reward: 6617.399
Total T: 795000 Episode Num: 795 Episode T: 1000 Reward: 6906.984
---------------------------------------
Evaluation over 10 episodes: 6780.154
---------------------------------------
Total T: 796000 Episode Num: 796 Episode T: 1000 Reward: 6784.419
Total T: 797000 Episode Num: 797 Episode T: 1000 Reward: 6595.602
Total T: 798000 Episode Num: 798 Episode T: 1000 Reward: 6693.570
Total T: 799000 Episode Num: 799 Episode T: 1000 Reward: 6492.253
Total T: 800000 Episode Num: 800 Episode T: 1000 Reward: 6765.248
---------------------------------------
Evaluation over 10 episodes: 6702.187
---------------------------------------
Total T: 801000 Episode Num: 801 Episode T: 1000 Reward: 6465.469
Total T: 802000 Episode Num: 802 Episode T: 1000 Reward: 6937.179
Total T: 803000 Episode Num: 803 Episode T: 1000 Reward: 6267.737
Total T: 804000 Episode Num: 804 Episode T: 1000 Reward: 6709.212
Total T: 805000 Episode Num: 805 Episode T: 1000 Reward: 6485.330
---------------------------------------
Evaluation over 10 episodes: 6481.383
---------------------------------------
Total T: 806000 Episode Num: 806 Episode T: 1000 Reward: 7222.883
Total T: 807000 Episode Num: 807 Episode T: 1000 Reward: 7364.674
Total T: 808000 Episode Num: 808 Episode T: 1000 Reward: 6590.426
Total T: 809000 Episode Num: 809 Episode T: 1000 Reward: 7024.413
Total T: 810000 Episode Num: 810 Episode T: 1000 Reward: 6215.825
---------------------------------------
Evaluation over 10 episodes: 6703.280
---------------------------------------
Total T: 811000 Episode Num: 811 Episode T: 1000 Reward: 6541.645
Total T: 812000 Episode Num: 812 Episode T: 1000 Reward: 6454.087
Total T: 813000 Episode Num: 813 Episode T: 1000 Reward: 6789.230
Total T: 814000 Episode Num: 814 Episode T: 1000 Reward: 6437.549
Total T: 815000 Episode Num: 815 Episode T: 1000 Reward: 6729.544
---------------------------------------
Evaluation over 10 episodes: 6767.193
---------------------------------------
Total T: 816000 Episode Num: 816 Episode T: 1000 Reward: 6611.859
Total T: 817000 Episode Num: 817 Episode T: 1000 Reward: 6485.412
Total T: 818000 Episode Num: 818 Episode T: 1000 Reward: 6716.965
Total T: 819000 Episode Num: 819 Episode T: 1000 Reward: 6800.028
Total T: 820000 Episode Num: 820 Episode T: 1000 Reward: 6353.653
---------------------------------------
Evaluation over 10 episodes: 6657.751
---------------------------------------
Total T: 821000 Episode Num: 821 Episode T: 1000 Reward: 5984.685
Total T: 822000 Episode Num: 822 Episode T: 1000 Reward: 6661.441
Total T: 823000 Episode Num: 823 Episode T: 1000 Reward: 7173.789
Total T: 824000 Episode Num: 824 Episode T: 1000 Reward: 7047.004
Total T: 825000 Episode Num: 825 Episode T: 1000 Reward: 6637.840
---------------------------------------
Evaluation over 10 episodes: 6614.453
---------------------------------------
Total T: 826000 Episode Num: 826 Episode T: 1000 Reward: 6539.781