---------------------------------------
Policy: TD3, Env: HalfCheetah-v2, Seed: 0
---------------------------------------
---------------------------------------
Evaluation over 10 episodes: -0.977
---------------------------------------
Total T: 1000 Episode Num: 1 Episode T: 1000 Reward: -323.397
Total T: 2000 Episode Num: 2 Episode T: 1000 Reward: -443.631
Total T: 3000 Episode Num: 3 Episode T: 1000 Reward: -245.455
Total T: 4000 Episode Num: 4 Episode T: 1000 Reward: -319.719
Total T: 5000 Episode Num: 5 Episode T: 1000 Reward: -376.665
---------------------------------------
Evaluation over 10 episodes: -0.957
---------------------------------------
Total T: 6000 Episode Num: 6 Episode T: 1000 Reward: -285.839
Total T: 7000 Episode Num: 7 Episode T: 1000 Reward: -285.197
Total T: 8000 Episode Num: 8 Episode T: 1000 Reward: -187.584
Total T: 9000 Episode Num: 9 Episode T: 1000 Reward: -262.127
Total T: 10000 Episode Num: 10 Episode T: 1000 Reward: -341.147
---------------------------------------
Evaluation over 10 episodes: -0.948
---------------------------------------
Total T: 11000 Episode Num: 11 Episode T: 1000 Reward: -372.061
Total T: 12000 Episode Num: 12 Episode T: 1000 Reward: -372.969
Total T: 13000 Episode Num: 13 Episode T: 1000 Reward: -196.504
Total T: 14000 Episode Num: 14 Episode T: 1000 Reward: -238.591
Total T: 15000 Episode Num: 15 Episode T: 1000 Reward: -416.168
---------------------------------------
Evaluation over 10 episodes: -0.963
---------------------------------------
Total T: 16000 Episode Num: 16 Episode T: 1000 Reward: -265.457
Total T: 17000 Episode Num: 17 Episode T: 1000 Reward: -245.700
Total T: 18000 Episode Num: 18 Episode T: 1000 Reward: -179.533
Total T: 19000 Episode Num: 19 Episode T: 1000 Reward: -435.415
Total T: 20000 Episode Num: 20 Episode T: 1000 Reward: -378.733
---------------------------------------
Evaluation over 10 episodes: -0.930
---------------------------------------
Total T: 21000 Episode Num: 21 Episode T: 1000 Reward: -315.096
Total T: 22000 Episode Num: 22 Episode T: 1000 Reward: -320.865
Total T: 23000 Episode Num: 23 Episode T: 1000 Reward: -212.906
Total T: 24000 Episode Num: 24 Episode T: 1000 Reward: -211.148
Total T: 25000 Episode Num: 25 Episode T: 1000 Reward: -255.221
---------------------------------------
Evaluation over 10 episodes: -0.925
---------------------------------------
Total T: 26000 Episode Num: 26 Episode T: 1000 Reward: -252.291
Total T: 27000 Episode Num: 27 Episode T: 1000 Reward: -320.667
Total T: 28000 Episode Num: 28 Episode T: 1000 Reward: -342.884
Total T: 29000 Episode Num: 29 Episode T: 1000 Reward: -346.619
Total T: 30000 Episode Num: 30 Episode T: 1000 Reward: -208.692
---------------------------------------
Evaluation over 10 episodes: -388.344
---------------------------------------
Total T: 31000 Episode Num: 31 Episode T: 1000 Reward: -436.450
Total T: 32000 Episode Num: 32 Episode T: 1000 Reward: -326.848
Total T: 33000 Episode Num: 33 Episode T: 1000 Reward: -22.820
Total T: 34000 Episode Num: 34 Episode T: 1000 Reward: -169.967
Total T: 35000 Episode Num: 35 Episode T: 1000 Reward: -376.806
---------------------------------------
Evaluation over 10 episodes: -347.240
---------------------------------------
Total T: 36000 Episode Num: 36 Episode T: 1000 Reward: -291.143
Total T: 37000 Episode Num: 37 Episode T: 1000 Reward: -237.403
Total T: 38000 Episode Num: 38 Episode T: 1000 Reward: -113.251
Total T: 39000 Episode Num: 39 Episode T: 1000 Reward: 616.403
Total T: 40000 Episode Num: 40 Episode T: 1000 Reward: 395.959
---------------------------------------
Evaluation over 10 episodes: 508.468
---------------------------------------
Total T: 41000 Episode Num: 41 Episode T: 1000 Reward: 717.772
Total T: 42000 Episode Num: 42 Episode T: 1000 Reward: 1214.177
Total T: 43000 Episode Num: 43 Episode T: 1000 Reward: 1260.270
Total T: 44000 Episode Num: 44 Episode T: 1000 Reward: 1394.602
Total T: 45000 Episode Num: 45 Episode T: 1000 Reward: 1471.041
---------------------------------------
Evaluation over 10 episodes: 991.313
---------------------------------------
Total T: 46000 Episode Num: 46 Episode T: 1000 Reward: -30.929
Total T: 47000 Episode Num: 47 Episode T: 1000 Reward: 1661.739
Total T: 48000 Episode Num: 48 Episode T: 1000 Reward: 2142.778
Total T: 49000 Episode Num: 49 Episode T: 1000 Reward: 670.542
Total T: 50000 Episode Num: 50 Episode T: 1000 Reward: 2112.422
---------------------------------------
Evaluation over 10 episodes: 1873.497
---------------------------------------
Total T: 51000 Episode Num: 51 Episode T: 1000 Reward: 2000.476
Total T: 52000 Episode Num: 52 Episode T: 1000 Reward: 2224.575
Total T: 53000 Episode Num: 53 Episode T: 1000 Reward: 2155.304
Total T: 54000 Episode Num: 54 Episode T: 1000 Reward: 2233.844
Total T: 55000 Episode Num: 55 Episode T: 1000 Reward: 2228.578
---------------------------------------
Evaluation over 10 episodes: 2385.680
---------------------------------------
Total T: 56000 Episode Num: 56 Episode T: 1000 Reward: 2301.744
Total T: 57000 Episode Num: 57 Episode T: 1000 Reward: 2509.789
Total T: 58000 Episode Num: 58 Episode T: 1000 Reward: 2528.467
Total T: 59000 Episode Num: 59 Episode T: 1000 Reward: 2589.815
Total T: 60000 Episode Num: 60 Episode T: 1000 Reward: 1614.827
---------------------------------------
Evaluation over 10 episodes: 2514.583
---------------------------------------
Total T: 61000 Episode Num: 61 Episode T: 1000 Reward: 2421.450
Total T: 62000 Episode Num: 62 Episode T: 1000 Reward: 2653.495
Total T: 63000 Episode Num: 63 Episode T: 1000 Reward: 2518.408
Total T: 64000 Episode Num: 64 Episode T: 1000 Reward: 2746.834
Total T: 65000 Episode Num: 65 Episode T: 1000 Reward: 2831.810
---------------------------------------
Evaluation over 10 episodes: 2851.289
---------------------------------------
Total T: 66000 Episode Num: 66 Episode T: 1000 Reward: 2810.412
Total T: 67000 Episode Num: 67 Episode T: 1000 Reward: 2808.516
Total T: 68000 Episode Num: 68 Episode T: 1000 Reward: 3042.819
Total T: 69000 Episode Num: 69 Episode T: 1000 Reward: 3088.625
Total T: 70000 Episode Num: 70 Episode T: 1000 Reward: 3114.205
---------------------------------------
Evaluation over 10 episodes: 3249.399
---------------------------------------
Total T: 71000 Episode Num: 71 Episode T: 1000 Reward: 3314.825
Total T: 72000 Episode Num: 72 Episode T: 1000 Reward: 3344.813
Total T: 73000 Episode Num: 73 Episode T: 1000 Reward: 3195.457
Total T: 74000 Episode Num: 74 Episode T: 1000 Reward: 2961.766
Total T: 75000 Episode Num: 75 Episode T: 1000 Reward: 3549.354
---------------------------------------
Evaluation over 10 episodes: 3528.482
---------------------------------------
Total T: 76000 Episode Num: 76 Episode T: 1000 Reward: 3607.157
Total T: 77000 Episode Num: 77 Episode T: 1000 Reward: 3769.367
Total T: 78000 Episode Num: 78 Episode T: 1000 Reward: 3711.904
Total T: 79000 Episode Num: 79 Episode T: 1000 Reward: 3803.042
Total T: 80000 Episode Num: 80 Episode T: 1000 Reward: 3883.291
---------------------------------------
Evaluation over 10 episodes: 3851.669
---------------------------------------
Total T: 81000 Episode Num: 81 Episode T: 1000 Reward: 3995.251
Total T: 82000 Episode Num: 82 Episode T: 1000 Reward: 4033.077
Total T: 83000 Episode Num: 83 Episode T: 1000 Reward: 4000.746
Total T: 84000 Episode Num: 84 Episode T: 1000 Reward: 4126.630
Total T: 85000 Episode Num: 85 Episode T: 1000 Reward: 4163.253
---------------------------------------
Evaluation over 10 episodes: 4051.465
---------------------------------------
Total T: 86000 Episode Num: 86 Episode T: 1000 Reward: 4223.757
Total T: 87000 Episode Num: 87 Episode T: 1000 Reward: 4242.518
Total T: 88000 Episode Num: 88 Episode T: 1000 Reward: 4083.789
Total T: 89000 Episode Num: 89 Episode T: 1000 Reward: 4116.197
Total T: 90000 Episode Num: 90 Episode T: 1000 Reward: 4237.570
---------------------------------------
Evaluation over 10 episodes: 4276.043
---------------------------------------
Total T: 91000 Episode Num: 91 Episode T: 1000 Reward: 4367.978
Total T: 92000 Episode Num: 92 Episode T: 1000 Reward: 4364.806
Total T: 93000 Episode Num: 93 Episode T: 1000 Reward: 4301.052
Total T: 94000 Episode Num: 94 Episode T: 1000 Reward: 4325.712
Total T: 95000 Episode Num: 95 Episode T: 1000 Reward: 4383.121
---------------------------------------
Evaluation over 10 episodes: 4269.754
---------------------------------------
Total T: 96000 Episode Num: 96 Episode T: 1000 Reward: 4339.490
Total T: 97000 Episode Num: 97 Episode T: 1000 Reward: 4266.347
Total T: 98000 Episode Num: 98 Episode T: 1000 Reward: 4469.044
Total T: 99000 Episode Num: 99 Episode T: 1000 Reward: 4466.149
Total T: 100000 Episode Num: 100 Episode T: 1000 Reward: 4612.233
---------------------------------------
Evaluation over 10 episodes: 4544.046
---------------------------------------
Total T: 101000 Episode Num: 101 Episode T: 1000 Reward: 4503.735
Total T: 102000 Episode Num: 102 Episode T: 1000 Reward: 4518.037
Total T: 103000 Episode Num: 103 Episode T: 1000 Reward: 4462.861
Total T: 104000 Episode Num: 104 Episode T: 1000 Reward: 4646.897
Total T: 105000 Episode Num: 105 Episode T: 1000 Reward: 4553.738
---------------------------------------
Evaluation over 10 episodes: 4557.986
---------------------------------------
Total T: 106000 Episode Num: 106 Episode T: 1000 Reward: 4674.239
Total T: 107000 Episode Num: 107 Episode T: 1000 Reward: 4618.689
Total T: 108000 Episode Num: 108 Episode T: 1000 Reward: 4547.250
Total T: 109000 Episode Num: 109 Episode T: 1000 Reward: 4529.840
Total T: 110000 Episode Num: 110 Episode T: 1000 Reward: 4659.680
---------------------------------------
Evaluation over 10 episodes: 4640.170
---------------------------------------
Total T: 111000 Episode Num: 111 Episode T: 1000 Reward: 4595.932
Total T: 112000 Episode Num: 112 Episode T: 1000 Reward: 4634.175
Total T: 113000 Episode Num: 113 Episode T: 1000 Reward: 4671.643
Total T: 114000 Episode Num: 114 Episode T: 1000 Reward: 4650.970
Total T: 115000 Episode Num: 115 Episode T: 1000 Reward: 4645.262
---------------------------------------
Evaluation over 10 episodes: 4735.861
---------------------------------------
Total T: 116000 Episode Num: 116 Episode T: 1000 Reward: 4716.338
Total T: 117000 Episode Num: 117 Episode T: 1000 Reward: 4527.117
Total T: 118000 Episode Num: 118 Episode T: 1000 Reward: 4722.750
Total T: 119000 Episode Num: 119 Episode T: 1000 Reward: 4754.964
Total T: 120000 Episode Num: 120 Episode T: 1000 Reward: 4735.538
---------------------------------------
Evaluation over 10 episodes: 4698.344
---------------------------------------
Total T: 121000 Episode Num: 121 Episode T: 1000 Reward: 4748.202
Total T: 122000 Episode Num: 122 Episode T: 1000 Reward: 4728.839
Total T: 123000 Episode Num: 123 Episode T: 1000 Reward: 4919.078
Total T: 124000 Episode Num: 124 Episode T: 1000 Reward: 4791.030
Total T: 125000 Episode Num: 125 Episode T: 1000 Reward: 4834.306
---------------------------------------
Evaluation over 10 episodes: 4881.418
---------------------------------------
Total T: 126000 Episode Num: 126 Episode T: 1000 Reward: 4846.319
Total T: 127000 Episode Num: 127 Episode T: 1000 Reward: 4923.214
Total T: 128000 Episode Num: 128 Episode T: 1000 Reward: 4915.230
Total T: 129000 Episode Num: 129 Episode T: 1000 Reward: 4945.794
Total T: 130000 Episode Num: 130 Episode T: 1000 Reward: 4896.584
---------------------------------------
Evaluation over 10 episodes: 4949.225
---------------------------------------
Total T: 131000 Episode Num: 131 Episode T: 1000 Reward: 5026.866
Total T: 132000 Episode Num: 132 Episode T: 1000 Reward: 4929.165
Total T: 133000 Episode Num: 133 Episode T: 1000 Reward: 4984.265
Total T: 134000 Episode Num: 134 Episode T: 1000 Reward: 5042.715
Total T: 135000 Episode Num: 135 Episode T: 1000 Reward: 4887.089
---------------------------------------
Evaluation over 10 episodes: 5147.942
---------------------------------------
Total T: 136000 Episode Num: 136 Episode T: 1000 Reward: 5035.899
Total T: 137000 Episode Num: 137 Episode T: 1000 Reward: 5195.194
Total T: 138000 Episode Num: 138 Episode T: 1000 Reward: 5216.353
Total T: 139000 Episode Num: 139 Episode T: 1000 Reward: 5072.657
Total T: 140000 Episode Num: 140 Episode T: 1000 Reward: 5303.266
---------------------------------------
Evaluation over 10 episodes: 5295.704
---------------------------------------
Total T: 141000 Episode Num: 141 Episode T: 1000 Reward: 5285.604
Total T: 142000 Episode Num: 142 Episode T: 1000 Reward: 5189.080
Total T: 143000 Episode Num: 143 Episode T: 1000 Reward: 5120.872
Total T: 144000 Episode Num: 144 Episode T: 1000 Reward: 5322.817
Total T: 145000 Episode Num: 145 Episode T: 1000 Reward: 5254.162
---------------------------------------
Evaluation over 10 episodes: 5299.522
---------------------------------------
Total T: 146000 Episode Num: 146 Episode T: 1000 Reward: 5367.199
Total T: 147000 Episode Num: 147 Episode T: 1000 Reward: 5348.552
Total T: 148000 Episode Num: 148 Episode T: 1000 Reward: 5342.994
Total T: 149000 Episode Num: 149 Episode T: 1000 Reward: 5319.756
Total T: 150000 Episode Num: 150 Episode T: 1000 Reward: 5319.071
---------------------------------------
Evaluation over 10 episodes: 5463.365
---------------------------------------
Total T: 151000 Episode Num: 151 Episode T: 1000 Reward: 5349.975
Total T: 152000 Episode Num: 152 Episode T: 1000 Reward: 5378.341
Total T: 153000 Episode Num: 153 Episode T: 1000 Reward: 5401.911
Total T: 154000 Episode Num: 154 Episode T: 1000 Reward: 5427.089
Total T: 155000 Episode Num: 155 Episode T: 1000 Reward: 5368.031
---------------------------------------
Evaluation over 10 episodes: 5516.684
---------------------------------------
Total T: 156000 Episode Num: 156 Episode T: 1000 Reward: 5403.957
Total T: 157000 Episode Num: 157 Episode T: 1000 Reward: 5394.448
Total T: 158000 Episode Num: 158 Episode T: 1000 Reward: 5424.826
Total T: 159000 Episode Num: 159 Episode T: 1000 Reward: 5442.098
Total T: 160000 Episode Num: 160 Episode T: 1000 Reward: 5406.514
---------------------------------------
Evaluation over 10 episodes: 5476.859
---------------------------------------
Total T: 161000 Episode Num: 161 Episode T: 1000 Reward: 5405.119
Total T: 162000 Episode Num: 162 Episode T: 1000 Reward: 5427.172
Total T: 163000 Episode Num: 163 Episode T: 1000 Reward: 5445.946
Total T: 164000 Episode Num: 164 Episode T: 1000 Reward: 5213.851
Total T: 165000 Episode Num: 165 Episode T: 1000 Reward: 5405.930
---------------------------------------
Evaluation over 10 episodes: 5539.282
---------------------------------------
Total T: 166000 Episode Num: 166 Episode T: 1000 Reward: 5488.255
Total T: 167000 Episode Num: 167 Episode T: 1000 Reward: 5447.393
Total T: 168000 Episode Num: 168 Episode T: 1000 Reward: 5564.717
Total T: 169000 Episode Num: 169 Episode T: 1000 Reward: 5515.723
Total T: 170000 Episode Num: 170 Episode T: 1000 Reward: 5503.904
---------------------------------------
Evaluation over 10 episodes: 5502.720
---------------------------------------
Total T: 171000 Episode Num: 171 Episode T: 1000 Reward: 5374.624
Total T: 172000 Episode Num: 172 Episode T: 1000 Reward: 5618.504
Total T: 173000 Episode Num: 173 Episode T: 1000 Reward: 5428.923
Total T: 174000 Episode Num: 174 Episode T: 1000 Reward: 5462.150
Total T: 175000 Episode Num: 175 Episode T: 1000 Reward: 5574.291
---------------------------------------
Evaluation over 10 episodes: 5495.248
---------------------------------------
Total T: 176000 Episode Num: 176 Episode T: 1000 Reward: 5366.962
Total T: 177000 Episode Num: 177 Episode T: 1000 Reward: 5388.860
Total T: 178000 Episode Num: 178 Episode T: 1000 Reward: 5515.214
Total T: 179000 Episode Num: 179 Episode T: 1000 Reward: 5432.427
Total T: 180000 Episode Num: 180 Episode T: 1000 Reward: 5506.628
---------------------------------------
Evaluation over 10 episodes: 5369.725
---------------------------------------
Total T: 181000 Episode Num: 181 Episode T: 1000 Reward: 5428.690
Total T: 182000 Episode Num: 182 Episode T: 1000 Reward: 5482.839
Total T: 183000 Episode Num: 183 Episode T: 1000 Reward: 5417.112
Total T: 184000 Episode Num: 184 Episode T: 1000 Reward: 5367.992
Total T: 185000 Episode Num: 185 Episode T: 1000 Reward: 5341.809
---------------------------------------
Evaluation over 10 episodes: 5485.000
---------------------------------------
Total T: 186000 Episode Num: 186 Episode T: 1000 Reward: 5469.759
Total T: 187000 Episode Num: 187 Episode T: 1000 Reward: 5418.040
Total T: 188000 Episode Num: 188 Episode T: 1000 Reward: 5443.695
Total T: 189000 Episode Num: 189 Episode T: 1000 Reward: 5418.625
Total T: 190000 Episode Num: 190 Episode T: 1000 Reward: 5499.955
---------------------------------------
Evaluation over 10 episodes: 5478.210
---------------------------------------
Total T: 191000 Episode Num: 191 Episode T: 1000 Reward: 5374.940
Total T: 192000 Episode Num: 192 Episode T: 1000 Reward: 5437.166
Total T: 193000 Episode Num: 193 Episode T: 1000 Reward: 5433.550
Total T: 194000 Episode Num: 194 Episode T: 1000 Reward: 5491.880
Total T: 195000 Episode Num: 195 Episode T: 1000 Reward: 5501.013
---------------------------------------
Evaluation over 10 episodes: 5302.212
---------------------------------------
Total T: 196000 Episode Num: 196 Episode T: 1000 Reward: 5596.575
Total T: 197000 Episode Num: 197 Episode T: 1000 Reward: 5519.089
Total T: 198000 Episode Num: 198 Episode T: 1000 Reward: 5551.992
Total T: 199000 Episode Num: 199 Episode T: 1000 Reward: 5383.890
Total T: 200000 Episode Num: 200 Episode T: 1000 Reward: 5437.636
---------------------------------------
Evaluation over 10 episodes: 5446.048
---------------------------------------
Total T: 201000 Episode Num: 201 Episode T: 1000 Reward: 5501.221
Total T: 202000 Episode Num: 202 Episode T: 1000 Reward: 5460.432
Total T: 203000 Episode Num: 203 Episode T: 1000 Reward: 5533.143
Total T: 204000 Episode Num: 204 Episode T: 1000 Reward: 5484.551
Total T: 205000 Episode Num: 205 Episode T: 1000 Reward: 5499.743
---------------------------------------
Evaluation over 10 episodes: 5499.094
---------------------------------------
Total T: 206000 Episode Num: 206 Episode T: 1000 Reward: 5590.201
Total T: 207000 Episode Num: 207 Episode T: 1000 Reward: 5624.744
Total T: 208000 Episode Num: 208 Episode T: 1000 Reward: 5530.559
Total T: 209000 Episode Num: 209 Episode T: 1000 Reward: 5639.601
Total T: 210000 Episode Num: 210 Episode T: 1000 Reward: 5629.123
---------------------------------------
Evaluation over 10 episodes: 5660.017
---------------------------------------
Total T: 211000 Episode Num: 211 Episode T: 1000 Reward: 5558.169
Total T: 212000 Episode Num: 212 Episode T: 1000 Reward: 5633.410
Total T: 213000 Episode Num: 213 Episode T: 1000 Reward: 5591.435
Total T: 214000 Episode Num: 214 Episode T: 1000 Reward: 5635.095
Total T: 215000 Episode Num: 215 Episode T: 1000 Reward: 5541.425
---------------------------------------
Evaluation over 10 episodes: 5510.131
---------------------------------------
Total T: 216000 Episode Num: 216 Episode T: 1000 Reward: 5625.093
Total T: 217000 Episode Num: 217 Episode T: 1000 Reward: 5616.226
Total T: 218000 Episode Num: 218 Episode T: 1000 Reward: 5657.784
Total T: 219000 Episode Num: 219 Episode T: 1000 Reward: 5635.222
Total T: 220000 Episode Num: 220 Episode T: 1000 Reward: 5617.822
---------------------------------------
Evaluation over 10 episodes: 5658.571
---------------------------------------
Total T: 221000 Episode Num: 221 Episode T: 1000 Reward: 5590.779
Total T: 222000 Episode Num: 222 Episode T: 1000 Reward: 5581.778
Total T: 223000 Episode Num: 223 Episode T: 1000 Reward: 5580.345
Total T: 224000 Episode Num: 224 Episode T: 1000 Reward: 5617.257
Total T: 225000 Episode Num: 225 Episode T: 1000 Reward: 5473.329
---------------------------------------
Evaluation over 10 episodes: 5608.102
---------------------------------------
Total T: 226000 Episode Num: 226 Episode T: 1000 Reward: 5513.829
Total T: 227000 Episode Num: 227 Episode T: 1000 Reward: 5640.251
Total T: 228000 Episode Num: 228 Episode T: 1000 Reward: 5676.569
Total T: 229000 Episode Num: 229 Episode T: 1000 Reward: 5542.821
Total T: 230000 Episode Num: 230 Episode T: 1000 Reward: 5510.088
---------------------------------------
Evaluation over 10 episodes: 5542.350
---------------------------------------
Total T: 231000 Episode Num: 231 Episode T: 1000 Reward: 5655.881
Total T: 232000 Episode Num: 232 Episode T: 1000 Reward: 5645.948
Total T: 233000 Episode Num: 233 Episode T: 1000 Reward: 5696.232
Total T: 234000 Episode Num: 234 Episode T: 1000 Reward: 5761.591
Total T: 235000 Episode Num: 235 Episode T: 1000 Reward: 5642.802
---------------------------------------
Evaluation over 10 episodes: 5690.680
---------------------------------------
Total T: 236000 Episode Num: 236 Episode T: 1000 Reward: 5188.923
Total T: 237000 Episode Num: 237 Episode T: 1000 Reward: 5650.905
Total T: 238000 Episode Num: 238 Episode T: 1000 Reward: 5664.090
Total T: 239000 Episode Num: 239 Episode T: 1000 Reward: 5724.821
Total T: 240000 Episode Num: 240 Episode T: 1000 Reward: 5730.786
---------------------------------------
Evaluation over 10 episodes: 5580.939
---------------------------------------
Total T: 241000 Episode Num: 241 Episode T: 1000 Reward: 5692.908
Total T: 242000 Episode Num: 242 Episode T: 1000 Reward: 5709.096
Total T: 243000 Episode Num: 243 Episode T: 1000 Reward: 5771.802
Total T: 244000 Episode Num: 244 Episode T: 1000 Reward: 5675.004
Total T: 245000 Episode Num: 245 Episode T: 1000 Reward: 5501.239
---------------------------------------
Evaluation over 10 episodes: 5788.928
---------------------------------------
Total T: 246000 Episode Num: 246 Episode T: 1000 Reward: 5766.984
Total T: 247000 Episode Num: 247 Episode T: 1000 Reward: 5688.759
Total T: 248000 Episode Num: 248 Episode T: 1000 Reward: 5731.388
Total T: 249000 Episode Num: 249 Episode T: 1000 Reward: 5786.952
Total T: 250000 Episode Num: 250 Episode T: 1000 Reward: 5440.409
---------------------------------------
Evaluation over 10 episodes: 5799.035
---------------------------------------
Total T: 251000 Episode Num: 251 Episode T: 1000 Reward: 5717.399
Total T: 252000 Episode Num: 252 Episode T: 1000 Reward: 5676.368
Total T: 253000 Episode Num: 253 Episode T: 1000 Reward: 5697.531
Total T: 254000 Episode Num: 254 Episode T: 1000 Reward: 5735.944
Total T: 255000 Episode Num: 255 Episode T: 1000 Reward: 5719.579
---------------------------------------
Evaluation over 10 episodes: 5799.651
---------------------------------------
Total T: 256000 Episode Num: 256 Episode T: 1000 Reward: 5762.329
Total T: 257000 Episode Num: 257 Episode T: 1000 Reward: 5836.879
Total T: 258000 Episode Num: 258 Episode T: 1000 Reward: 5781.494
Total T: 259000 Episode Num: 259 Episode T: 1000 Reward: 5712.942
Total T: 260000 Episode Num: 260 Episode T: 1000 Reward: 5765.158
---------------------------------------
Evaluation over 10 episodes: 5562.144
---------------------------------------
Total T: 261000 Episode Num: 261 Episode T: 1000 Reward: 5767.644
Total T: 262000 Episode Num: 262 Episode T: 1000 Reward: 5761.443
Total T: 263000 Episode Num: 263 Episode T: 1000 Reward: 5888.124
Total T: 264000 Episode Num: 264 Episode T: 1000 Reward: 2296.798
Total T: 265000 Episode Num: 265 Episode T: 1000 Reward: 5824.990
---------------------------------------
Evaluation over 10 episodes: 5899.740
---------------------------------------
Total T: 266000 Episode Num: 266 Episode T: 1000 Reward: 5853.235
Total T: 267000 Episode Num: 267 Episode T: 1000 Reward: 5739.007
Total T: 268000 Episode Num: 268 Episode T: 1000 Reward: 5888.919
Total T: 269000 Episode Num: 269 Episode T: 1000 Reward: 5813.918
Total T: 270000 Episode Num: 270 Episode T: 1000 Reward: 5899.042
---------------------------------------
Evaluation over 10 episodes: 5701.021
---------------------------------------
Total T: 271000 Episode Num: 271 Episode T: 1000 Reward: 5901.557
Total T: 272000 Episode Num: 272 Episode T: 1000 Reward: 5799.538
Total T: 273000 Episode Num: 273 Episode T: 1000 Reward: 5806.303
Total T: 274000 Episode Num: 274 Episode T: 1000 Reward: 5858.560
Total T: 275000 Episode Num: 275 Episode T: 1000 Reward: 5920.555
---------------------------------------
Evaluation over 10 episodes: 5980.654
---------------------------------------
Total T: 276000 Episode Num: 276 Episode T: 1000 Reward: 5943.664