---------------------------------------
Policy: TD3, Env: HalfCheetah-v2, Seed: 0
---------------------------------------
---------------------------------------
Evaluation over 10 episodes: -1.101
---------------------------------------
Total T: 1000 Episode Num: 1 Episode T: 1000 Reward: -222.524
Total T: 2000 Episode Num: 2 Episode T: 1000 Reward: -364.855
Total T: 3000 Episode Num: 3 Episode T: 1000 Reward: -220.081
Total T: 4000 Episode Num: 4 Episode T: 1000 Reward: -247.860
Total T: 5000 Episode Num: 5 Episode T: 1000 Reward: -190.020
---------------------------------------
Evaluation over 10 episodes: -1.092
---------------------------------------
Total T: 6000 Episode Num: 6 Episode T: 1000 Reward: -253.898
Total T: 7000 Episode Num: 7 Episode T: 1000 Reward: -337.715
Total T: 8000 Episode Num: 8 Episode T: 1000 Reward: -354.105
Total T: 9000 Episode Num: 9 Episode T: 1000 Reward: -259.658
Total T: 10000 Episode Num: 10 Episode T: 1000 Reward: -305.508
---------------------------------------
Evaluation over 10 episodes: -1.070
---------------------------------------
Total T: 11000 Episode Num: 11 Episode T: 1000 Reward: -339.169
Total T: 12000 Episode Num: 12 Episode T: 1000 Reward: -388.321
Total T: 13000 Episode Num: 13 Episode T: 1000 Reward: -224.602
Total T: 14000 Episode Num: 14 Episode T: 1000 Reward: -352.153
Total T: 15000 Episode Num: 15 Episode T: 1000 Reward: -233.338
---------------------------------------
Evaluation over 10 episodes: -1.087
---------------------------------------
Total T: 16000 Episode Num: 16 Episode T: 1000 Reward: -340.088
Total T: 17000 Episode Num: 17 Episode T: 1000 Reward: -296.430
Total T: 18000 Episode Num: 18 Episode T: 1000 Reward: -233.837
Total T: 19000 Episode Num: 19 Episode T: 1000 Reward: -302.068
Total T: 20000 Episode Num: 20 Episode T: 1000 Reward: -183.810
---------------------------------------
Evaluation over 10 episodes: -1.073
---------------------------------------
Total T: 21000 Episode Num: 21 Episode T: 1000 Reward: -297.927
Total T: 22000 Episode Num: 22 Episode T: 1000 Reward: -238.128
Total T: 23000 Episode Num: 23 Episode T: 1000 Reward: -273.534
Total T: 24000 Episode Num: 24 Episode T: 1000 Reward: -310.937
Total T: 25000 Episode Num: 25 Episode T: 1000 Reward: -233.548
---------------------------------------
Evaluation over 10 episodes: -1.091
---------------------------------------
Total T: 26000 Episode Num: 26 Episode T: 1000 Reward: -505.745
Total T: 27000 Episode Num: 27 Episode T: 1000 Reward: -464.796
Total T: 28000 Episode Num: 28 Episode T: 1000 Reward: -531.393
Total T: 29000 Episode Num: 29 Episode T: 1000 Reward: -466.324
Total T: 30000 Episode Num: 30 Episode T: 1000 Reward: -448.818
---------------------------------------
Evaluation over 10 episodes: -499.622
---------------------------------------
Total T: 31000 Episode Num: 31 Episode T: 1000 Reward: -309.802
Total T: 32000 Episode Num: 32 Episode T: 1000 Reward: -447.587
Total T: 33000 Episode Num: 33 Episode T: 1000 Reward: -370.175
Total T: 34000 Episode Num: 34 Episode T: 1000 Reward: -423.845
Total T: 35000 Episode Num: 35 Episode T: 1000 Reward: -468.549
---------------------------------------
Evaluation over 10 episodes: -485.550
---------------------------------------
Total T: 36000 Episode Num: 36 Episode T: 1000 Reward: -395.420
Total T: 37000 Episode Num: 37 Episode T: 1000 Reward: -459.317
Total T: 38000 Episode Num: 38 Episode T: 1000 Reward: -788.974
Total T: 39000 Episode Num: 39 Episode T: 1000 Reward: 437.025
Total T: 40000 Episode Num: 40 Episode T: 1000 Reward: 1183.858
---------------------------------------
Evaluation over 10 episodes: 1283.918
---------------------------------------
Total T: 41000 Episode Num: 41 Episode T: 1000 Reward: 1501.496
Total T: 42000 Episode Num: 42 Episode T: 1000 Reward: 1605.708
Total T: 43000 Episode Num: 43 Episode T: 1000 Reward: 2022.190
Total T: 44000 Episode Num: 44 Episode T: 1000 Reward: 1949.564
Total T: 45000 Episode Num: 45 Episode T: 1000 Reward: 2569.959
---------------------------------------
Evaluation over 10 episodes: 2385.783
---------------------------------------
Total T: 46000 Episode Num: 46 Episode T: 1000 Reward: 43.841
Total T: 47000 Episode Num: 47 Episode T: 1000 Reward: 2002.095
Total T: 48000 Episode Num: 48 Episode T: 1000 Reward: 2007.219
Total T: 49000 Episode Num: 49 Episode T: 1000 Reward: 2330.809
Total T: 50000 Episode Num: 50 Episode T: 1000 Reward: 2354.467
---------------------------------------
Evaluation over 10 episodes: 2658.198
---------------------------------------
Total T: 51000 Episode Num: 51 Episode T: 1000 Reward: 2490.398
Total T: 52000 Episode Num: 52 Episode T: 1000 Reward: 2785.947
Total T: 53000 Episode Num: 53 Episode T: 1000 Reward: 1556.992
Total T: 54000 Episode Num: 54 Episode T: 1000 Reward: 212.127
Total T: 55000 Episode Num: 55 Episode T: 1000 Reward: 1519.079
---------------------------------------
Evaluation over 10 episodes: 2852.864
---------------------------------------
Total T: 56000 Episode Num: 56 Episode T: 1000 Reward: 2796.482
Total T: 57000 Episode Num: 57 Episode T: 1000 Reward: 3016.239
Total T: 58000 Episode Num: 58 Episode T: 1000 Reward: 2938.782
Total T: 59000 Episode Num: 59 Episode T: 1000 Reward: 3019.974
Total T: 60000 Episode Num: 60 Episode T: 1000 Reward: 2967.741
---------------------------------------
Evaluation over 10 episodes: 3015.254
---------------------------------------
Total T: 61000 Episode Num: 61 Episode T: 1000 Reward: 2941.551
Total T: 62000 Episode Num: 62 Episode T: 1000 Reward: 3033.308
Total T: 63000 Episode Num: 63 Episode T: 1000 Reward: 3025.024
Total T: 64000 Episode Num: 64 Episode T: 1000 Reward: 3338.866
Total T: 65000 Episode Num: 65 Episode T: 1000 Reward: 3247.465
---------------------------------------
Evaluation over 10 episodes: 3231.788
---------------------------------------
Total T: 66000 Episode Num: 66 Episode T: 1000 Reward: 3640.293
Total T: 67000 Episode Num: 67 Episode T: 1000 Reward: 3256.118
Total T: 68000 Episode Num: 68 Episode T: 1000 Reward: 3442.295
Total T: 69000 Episode Num: 69 Episode T: 1000 Reward: 3394.920
Total T: 70000 Episode Num: 70 Episode T: 1000 Reward: 3435.233
---------------------------------------
Evaluation over 10 episodes: 3516.716
---------------------------------------
Total T: 71000 Episode Num: 71 Episode T: 1000 Reward: 3367.443
Total T: 72000 Episode Num: 72 Episode T: 1000 Reward: 3738.843
Total T: 73000 Episode Num: 73 Episode T: 1000 Reward: 3688.836
Total T: 74000 Episode Num: 74 Episode T: 1000 Reward: 1605.306
Total T: 75000 Episode Num: 75 Episode T: 1000 Reward: 2982.484
---------------------------------------
Evaluation over 10 episodes: 3417.116
---------------------------------------
Total T: 76000 Episode Num: 76 Episode T: 1000 Reward: 3851.293
Total T: 77000 Episode Num: 77 Episode T: 1000 Reward: 3697.041
Total T: 78000 Episode Num: 78 Episode T: 1000 Reward: 4103.527
Total T: 79000 Episode Num: 79 Episode T: 1000 Reward: 3807.405
Total T: 80000 Episode Num: 80 Episode T: 1000 Reward: 3740.534
---------------------------------------
Evaluation over 10 episodes: 2329.048
---------------------------------------
Total T: 81000 Episode Num: 81 Episode T: 1000 Reward: 2303.632
Total T: 82000 Episode Num: 82 Episode T: 1000 Reward: 3915.403
Total T: 83000 Episode Num: 83 Episode T: 1000 Reward: 3711.040
Total T: 84000 Episode Num: 84 Episode T: 1000 Reward: 4029.525
Total T: 85000 Episode Num: 85 Episode T: 1000 Reward: 1124.490
---------------------------------------
Evaluation over 10 episodes: 2829.114
---------------------------------------
Total T: 86000 Episode Num: 86 Episode T: 1000 Reward: 3912.222
Total T: 87000 Episode Num: 87 Episode T: 1000 Reward: 948.977
Total T: 88000 Episode Num: 88 Episode T: 1000 Reward: 4112.818
Total T: 89000 Episode Num: 89 Episode T: 1000 Reward: 4010.006
Total T: 90000 Episode Num: 90 Episode T: 1000 Reward: 2665.604
---------------------------------------
Evaluation over 10 episodes: 3368.379
---------------------------------------
Total T: 91000 Episode Num: 91 Episode T: 1000 Reward: 4149.230
Total T: 92000 Episode Num: 92 Episode T: 1000 Reward: 2014.649
Total T: 93000 Episode Num: 93 Episode T: 1000 Reward: 4178.864
Total T: 94000 Episode Num: 94 Episode T: 1000 Reward: 4279.663
Total T: 95000 Episode Num: 95 Episode T: 1000 Reward: 4055.363
---------------------------------------
Evaluation over 10 episodes: 2709.970
---------------------------------------
Total T: 96000 Episode Num: 96 Episode T: 1000 Reward: 4107.348
Total T: 97000 Episode Num: 97 Episode T: 1000 Reward: 4033.196
Total T: 98000 Episode Num: 98 Episode T: 1000 Reward: 4197.671
Total T: 99000 Episode Num: 99 Episode T: 1000 Reward: 4159.010
Total T: 100000 Episode Num: 100 Episode T: 1000 Reward: 2048.203
---------------------------------------
Evaluation over 10 episodes: 4103.203
---------------------------------------
Total T: 101000 Episode Num: 101 Episode T: 1000 Reward: 4179.852
Total T: 102000 Episode Num: 102 Episode T: 1000 Reward: 4283.105
Total T: 103000 Episode Num: 103 Episode T: 1000 Reward: 4195.572
Total T: 104000 Episode Num: 104 Episode T: 1000 Reward: 1676.532
Total T: 105000 Episode Num: 105 Episode T: 1000 Reward: 3651.285
---------------------------------------
Evaluation over 10 episodes: 3870.403
---------------------------------------
Total T: 106000 Episode Num: 106 Episode T: 1000 Reward: 1259.993
Total T: 107000 Episode Num: 107 Episode T: 1000 Reward: 4307.651
Total T: 108000 Episode Num: 108 Episode T: 1000 Reward: 3917.086
Total T: 109000 Episode Num: 109 Episode T: 1000 Reward: 736.128
Total T: 110000 Episode Num: 110 Episode T: 1000 Reward: 896.372
---------------------------------------
Evaluation over 10 episodes: 4078.076
---------------------------------------
Total T: 111000 Episode Num: 111 Episode T: 1000 Reward: 1050.790
Total T: 112000 Episode Num: 112 Episode T: 1000 Reward: 4289.498
Total T: 113000 Episode Num: 113 Episode T: 1000 Reward: 4435.773
Total T: 114000 Episode Num: 114 Episode T: 1000 Reward: 4439.918
Total T: 115000 Episode Num: 115 Episode T: 1000 Reward: 4542.929
---------------------------------------
Evaluation over 10 episodes: 4456.332
---------------------------------------
Total T: 116000 Episode Num: 116 Episode T: 1000 Reward: 4360.661
Total T: 117000 Episode Num: 117 Episode T: 1000 Reward: 4407.954
Total T: 118000 Episode Num: 118 Episode T: 1000 Reward: 4447.878
Total T: 119000 Episode Num: 119 Episode T: 1000 Reward: 2841.731
Total T: 120000 Episode Num: 120 Episode T: 1000 Reward: 4605.708
---------------------------------------
Evaluation over 10 episodes: 4343.655
---------------------------------------
Total T: 121000 Episode Num: 121 Episode T: 1000 Reward: 4447.058
Total T: 122000 Episode Num: 122 Episode T: 1000 Reward: 4563.783
Total T: 123000 Episode Num: 123 Episode T: 1000 Reward: 4600.870
Total T: 124000 Episode Num: 124 Episode T: 1000 Reward: 4592.459
Total T: 125000 Episode Num: 125 Episode T: 1000 Reward: 4610.514
---------------------------------------
Evaluation over 10 episodes: 4297.038
---------------------------------------
Total T: 126000 Episode Num: 126 Episode T: 1000 Reward: 4455.027
Total T: 127000 Episode Num: 127 Episode T: 1000 Reward: 4377.481
Total T: 128000 Episode Num: 128 Episode T: 1000 Reward: 4484.450
Total T: 129000 Episode Num: 129 Episode T: 1000 Reward: 4491.517
Total T: 130000 Episode Num: 130 Episode T: 1000 Reward: 4342.338
---------------------------------------
Evaluation over 10 episodes: 4554.564
---------------------------------------
Total T: 131000 Episode Num: 131 Episode T: 1000 Reward: 4511.773
Total T: 132000 Episode Num: 132 Episode T: 1000 Reward: 4651.834
Total T: 133000 Episode Num: 133 Episode T: 1000 Reward: 4461.268
Total T: 134000 Episode Num: 134 Episode T: 1000 Reward: 4541.464
Total T: 135000 Episode Num: 135 Episode T: 1000 Reward: 4413.209
---------------------------------------
Evaluation over 10 episodes: 4700.756
---------------------------------------
Total T: 136000 Episode Num: 136 Episode T: 1000 Reward: 4491.094
Total T: 137000 Episode Num: 137 Episode T: 1000 Reward: 4701.066
Total T: 138000 Episode Num: 138 Episode T: 1000 Reward: 4720.608
Total T: 139000 Episode Num: 139 Episode T: 1000 Reward: 4777.905
Total T: 140000 Episode Num: 140 Episode T: 1000 Reward: 4619.000
---------------------------------------
Evaluation over 10 episodes: 4694.766
---------------------------------------
Total T: 141000 Episode Num: 141 Episode T: 1000 Reward: 4605.591
Total T: 142000 Episode Num: 142 Episode T: 1000 Reward: 4556.734
Total T: 143000 Episode Num: 143 Episode T: 1000 Reward: 4669.461
Total T: 144000 Episode Num: 144 Episode T: 1000 Reward: 4610.680
Total T: 145000 Episode Num: 145 Episode T: 1000 Reward: 4558.590
---------------------------------------
Evaluation over 10 episodes: 4406.098
---------------------------------------
Total T: 146000 Episode Num: 146 Episode T: 1000 Reward: 4750.527
Total T: 147000 Episode Num: 147 Episode T: 1000 Reward: 4664.753
Total T: 148000 Episode Num: 148 Episode T: 1000 Reward: 4750.909
Total T: 149000 Episode Num: 149 Episode T: 1000 Reward: 4584.457
Total T: 150000 Episode Num: 150 Episode T: 1000 Reward: 4951.662
---------------------------------------
Evaluation over 10 episodes: 4799.826
---------------------------------------
Total T: 151000 Episode Num: 151 Episode T: 1000 Reward: 4826.938
Total T: 152000 Episode Num: 152 Episode T: 1000 Reward: 4946.705
Total T: 153000 Episode Num: 153 Episode T: 1000 Reward: 4718.711
Total T: 154000 Episode Num: 154 Episode T: 1000 Reward: 4782.061
Total T: 155000 Episode Num: 155 Episode T: 1000 Reward: 4717.431
---------------------------------------
Evaluation over 10 episodes: 4908.407
---------------------------------------
Total T: 156000 Episode Num: 156 Episode T: 1000 Reward: 5019.734
Total T: 157000 Episode Num: 157 Episode T: 1000 Reward: 4764.423
Total T: 158000 Episode Num: 158 Episode T: 1000 Reward: 5079.942
Total T: 159000 Episode Num: 159 Episode T: 1000 Reward: 5088.005
Total T: 160000 Episode Num: 160 Episode T: 1000 Reward: 4906.152
---------------------------------------
Evaluation over 10 episodes: 4920.893
---------------------------------------
Total T: 161000 Episode Num: 161 Episode T: 1000 Reward: 4936.930
Total T: 162000 Episode Num: 162 Episode T: 1000 Reward: 4780.368
Total T: 163000 Episode Num: 163 Episode T: 1000 Reward: 5014.973
Total T: 164000 Episode Num: 164 Episode T: 1000 Reward: 4600.961
Total T: 165000 Episode Num: 165 Episode T: 1000 Reward: 5062.375
---------------------------------------
Evaluation over 10 episodes: 5036.572
---------------------------------------
Total T: 166000 Episode Num: 166 Episode T: 1000 Reward: 4940.470
Total T: 167000 Episode Num: 167 Episode T: 1000 Reward: 5032.332
Total T: 168000 Episode Num: 168 Episode T: 1000 Reward: 5093.590
Total T: 169000 Episode Num: 169 Episode T: 1000 Reward: 4914.515
Total T: 170000 Episode Num: 170 Episode T: 1000 Reward: 4917.485
---------------------------------------
Evaluation over 10 episodes: 5111.236
---------------------------------------
Total T: 171000 Episode Num: 171 Episode T: 1000 Reward: 5060.751
Total T: 172000 Episode Num: 172 Episode T: 1000 Reward: 4837.549
Total T: 173000 Episode Num: 173 Episode T: 1000 Reward: 5151.769
Total T: 174000 Episode Num: 174 Episode T: 1000 Reward: 5041.197
Total T: 175000 Episode Num: 175 Episode T: 1000 Reward: 5021.505
---------------------------------------
Evaluation over 10 episodes: 5033.737
---------------------------------------
Total T: 176000 Episode Num: 176 Episode T: 1000 Reward: 4996.123
Total T: 177000 Episode Num: 177 Episode T: 1000 Reward: 4906.674
Total T: 178000 Episode Num: 178 Episode T: 1000 Reward: 5140.176
Total T: 179000 Episode Num: 179 Episode T: 1000 Reward: 4969.985
Total T: 180000 Episode Num: 180 Episode T: 1000 Reward: 5036.430
---------------------------------------
Evaluation over 10 episodes: 5077.392
---------------------------------------
Total T: 181000 Episode Num: 181 Episode T: 1000 Reward: 5328.197
Total T: 182000 Episode Num: 182 Episode T: 1000 Reward: 5191.765
Total T: 183000 Episode Num: 183 Episode T: 1000 Reward: 5089.155
Total T: 184000 Episode Num: 184 Episode T: 1000 Reward: 5388.293
Total T: 185000 Episode Num: 185 Episode T: 1000 Reward: 5128.905
---------------------------------------
Evaluation over 10 episodes: 5239.384
---------------------------------------
Total T: 186000 Episode Num: 186 Episode T: 1000 Reward: 5227.971
Total T: 187000 Episode Num: 187 Episode T: 1000 Reward: 5309.739
Total T: 188000 Episode Num: 188 Episode T: 1000 Reward: 5017.972
Total T: 189000 Episode Num: 189 Episode T: 1000 Reward: 5010.984
Total T: 190000 Episode Num: 190 Episode T: 1000 Reward: 5438.778
---------------------------------------
Evaluation over 10 episodes: 5204.662
---------------------------------------
Total T: 191000 Episode Num: 191 Episode T: 1000 Reward: 5354.595
Total T: 192000 Episode Num: 192 Episode T: 1000 Reward: 5196.321
Total T: 193000 Episode Num: 193 Episode T: 1000 Reward: 5239.357
Total T: 194000 Episode Num: 194 Episode T: 1000 Reward: 5262.655
Total T: 195000 Episode Num: 195 Episode T: 1000 Reward: 4989.151
---------------------------------------
Evaluation over 10 episodes: 5442.237
---------------------------------------
Total T: 196000 Episode Num: 196 Episode T: 1000 Reward: 5302.054
Total T: 197000 Episode Num: 197 Episode T: 1000 Reward: 5183.268
Total T: 198000 Episode Num: 198 Episode T: 1000 Reward: 5150.938
Total T: 199000 Episode Num: 199 Episode T: 1000 Reward: 5314.647
Total T: 200000 Episode Num: 200 Episode T: 1000 Reward: 5299.585
---------------------------------------
Evaluation over 10 episodes: 5311.902
---------------------------------------
Total T: 201000 Episode Num: 201 Episode T: 1000 Reward: 5191.484
Total T: 202000 Episode Num: 202 Episode T: 1000 Reward: 5450.533
Total T: 203000 Episode Num: 203 Episode T: 1000 Reward: 5426.450
Total T: 204000 Episode Num: 204 Episode T: 1000 Reward: 5305.061
Total T: 205000 Episode Num: 205 Episode T: 1000 Reward: 5242.471
---------------------------------------
Evaluation over 10 episodes: 4968.302
---------------------------------------
Total T: 206000 Episode Num: 206 Episode T: 1000 Reward: 1572.471
Total T: 207000 Episode Num: 207 Episode T: 1000 Reward: 5212.046
Total T: 208000 Episode Num: 208 Episode T: 1000 Reward: 5188.486
Total T: 209000 Episode Num: 209 Episode T: 1000 Reward: 5549.995
Total T: 210000 Episode Num: 210 Episode T: 1000 Reward: 5435.512
---------------------------------------
Evaluation over 10 episodes: 5232.743
---------------------------------------
Total T: 211000 Episode Num: 211 Episode T: 1000 Reward: 5271.988
Total T: 212000 Episode Num: 212 Episode T: 1000 Reward: 5148.024
Total T: 213000 Episode Num: 213 Episode T: 1000 Reward: 5475.174
Total T: 214000 Episode Num: 214 Episode T: 1000 Reward: 5428.218
Total T: 215000 Episode Num: 215 Episode T: 1000 Reward: 5455.032
---------------------------------------
Evaluation over 10 episodes: 5522.985
---------------------------------------
Total T: 216000 Episode Num: 216 Episode T: 1000 Reward: 5628.745
Total T: 217000 Episode Num: 217 Episode T: 1000 Reward: 5473.851
Total T: 218000 Episode Num: 218 Episode T: 1000 Reward: 5474.107
Total T: 219000 Episode Num: 219 Episode T: 1000 Reward: 5539.875
Total T: 220000 Episode Num: 220 Episode T: 1000 Reward: 5626.988
---------------------------------------
Evaluation over 10 episodes: 5582.695
---------------------------------------
Total T: 221000 Episode Num: 221 Episode T: 1000 Reward: 5324.289
Total T: 222000 Episode Num: 222 Episode T: 1000 Reward: 5171.898
Total T: 223000 Episode Num: 223 Episode T: 1000 Reward: 5587.344
Total T: 224000 Episode Num: 224 Episode T: 1000 Reward: 5527.629
Total T: 225000 Episode Num: 225 Episode T: 1000 Reward: 5372.712
---------------------------------------
Evaluation over 10 episodes: 5516.054
---------------------------------------
Total T: 226000 Episode Num: 226 Episode T: 1000 Reward: 5569.522
Total T: 227000 Episode Num: 227 Episode T: 1000 Reward: 5497.352
Total T: 228000 Episode Num: 228 Episode T: 1000 Reward: 5458.435
Total T: 229000 Episode Num: 229 Episode T: 1000 Reward: 5540.674
Total T: 230000 Episode Num: 230 Episode T: 1000 Reward: 5299.614
---------------------------------------
Evaluation over 10 episodes: 5381.662
---------------------------------------
Total T: 231000 Episode Num: 231 Episode T: 1000 Reward: 5550.342
Total T: 232000 Episode Num: 232 Episode T: 1000 Reward: 5657.381
Total T: 233000 Episode Num: 233 Episode T: 1000 Reward: 5490.804
Total T: 234000 Episode Num: 234 Episode T: 1000 Reward: 5640.333
Total T: 235000 Episode Num: 235 Episode T: 1000 Reward: 5546.579
---------------------------------------
Evaluation over 10 episodes: 5693.507
---------------------------------------
Total T: 236000 Episode Num: 236 Episode T: 1000 Reward: 5551.886
Total T: 237000 Episode Num: 237 Episode T: 1000 Reward: 5608.576
Total T: 238000 Episode Num: 238 Episode T: 1000 Reward: 5668.908
Total T: 239000 Episode Num: 239 Episode T: 1000 Reward: 5688.131
Total T: 240000 Episode Num: 240 Episode T: 1000 Reward: 5679.490
---------------------------------------
Evaluation over 10 episodes: 5698.624
---------------------------------------
Total T: 241000 Episode Num: 241 Episode T: 1000 Reward: 5828.376
Total T: 242000 Episode Num: 242 Episode T: 1000 Reward: 5764.494
Total T: 243000 Episode Num: 243 Episode T: 1000 Reward: 5726.675
Total T: 244000 Episode Num: 244 Episode T: 1000 Reward: 5829.619
Total T: 245000 Episode Num: 245 Episode T: 1000 Reward: 5837.188
---------------------------------------
Evaluation over 10 episodes: 5643.898
---------------------------------------
Total T: 246000 Episode Num: 246 Episode T: 1000 Reward: 5901.654
Total T: 247000 Episode Num: 247 Episode T: 1000 Reward: 5687.868
Total T: 248000 Episode Num: 248 Episode T: 1000 Reward: 5907.950
Total T: 249000 Episode Num: 249 Episode T: 1000 Reward: 5859.649
Total T: 250000 Episode Num: 250 Episode T: 1000 Reward: 5765.876
---------------------------------------
Evaluation over 10 episodes: 5853.765
---------------------------------------
Total T: 251000 Episode Num: 251 Episode T: 1000 Reward: 5705.925
Total T: 252000 Episode Num: 252 Episode T: 1000 Reward: 5870.701
Total T: 253000 Episode Num: 253 Episode T: 1000 Reward: 5852.796
Total T: 254000 Episode Num: 254 Episode T: 1000 Reward: 5917.446
Total T: 255000 Episode Num: 255 Episode T: 1000 Reward: 5906.770
---------------------------------------
Evaluation over 10 episodes: 5952.002
---------------------------------------
Total T: 256000 Episode Num: 256 Episode T: 1000 Reward: 5880.637
Total T: 257000 Episode Num: 257 Episode T: 1000 Reward: 5734.783
Total T: 258000 Episode Num: 258 Episode T: 1000 Reward: 6014.976
Total T: 259000 Episode Num: 259 Episode T: 1000 Reward: 5818.674
Total T: 260000 Episode Num: 260 Episode T: 1000 Reward: 5786.427
---------------------------------------
Evaluation over 10 episodes: 5848.192
---------------------------------------
Total T: 261000 Episode Num: 261 Episode T: 1000 Reward: 5570.326
Total T: 262000 Episode Num: 262 Episode T: 1000 Reward: 5882.510
Total T: 263000 Episode Num: 263 Episode T: 1000 Reward: 5885.833
Total T: 264000 Episode Num: 264 Episode T: 1000 Reward: 5937.592
Total T: 265000 Episode Num: 265 Episode T: 1000 Reward: 5834.505
---------------------------------------
Evaluation over 10 episodes: 5920.871
---------------------------------------
Total T: 266000 Episode Num: 266 Episode T: 1000 Reward: 6037.112
Total T: 267000 Episode Num: 267 Episode T: 1000 Reward: 5970.693
Total T: 268000 Episode Num: 268 Episode T: 1000 Reward: 5902.235
Total T: 269000 Episode Num: 269 Episode T: 1000 Reward: 5839.440
Total T: 270000 Episode Num: 270 Episode T: 1000 Reward: 6154.170
---------------------------------------
Evaluation over 10 episodes: 5903.930
---------------------------------------
Total T: 271000 Episode Num: 271 Episode T: 1000 Reward: 5896.569
Total T: 272000 Episode Num: 272 Episode T: 1000 Reward: 5930.534
Total T: 273000 Episode Num: 273 Episode T: 1000 Reward: 5999.319
Total T: 274000 Episode Num: 274 Episode T: 1000 Reward: 6029.950
Total T: 275000 Episode Num: 275 Episode T: 1000 Reward: 5999.343
---------------------------------------
Evaluation over 10 episodes: 5976.281
---------------------------------------
Total T: 276000 Episode Num: 276 Episode T: 1000 Reward: 5883.650
Total T: 277000 Episode Num: 277 Episode T: 1000 Reward: 5833.615
Total T: 278000 Episode Num: 278 Episode T: 1000 Reward: 6033.980
Total T: 279000 Episode Num: 279 Episode T: 1000 Reward: 6051.532
Total T: 280000 Episode Num: 280 Episode T: 1000 Reward: 5945.914
---------------------------------------
Evaluation over 10 episodes: 6061.102
---------------------------------------
Total T: 281000 Episode Num: 281 Episode T: 1000 Reward: 6184.616
Total T: 282000 Episode Num: 282 Episode T: 1000 Reward: 5946.738
Total T: 283000 Episode Num: 283 Episode T: 1000 Reward: 5934.743
Total T: 284000 Episode Num: 284 Episode T: 1000 Reward: 5963.930
Total T: 285000 Episode Num: 285 Episode T: 1000 Reward: 6201.241
---------------------------------------
Evaluation over 10 episodes: 6170.810
---------------------------------------
Total T: 286000 Episode Num: 286 Episode T: 1000 Reward: 5960.954
Total T: 287000 Episode Num: 287 Episode T: 1000 Reward: 6114.978
Total T: 288000 Episode Num: 288 Episode T: 1000 Reward: 6479.223
Total T: 289000 Episode Num: 289 Episode T: 1000 Reward: 6181.905
Total T: 290000 Episode Num: 290 Episode T: 1000 Reward: 6228.289
---------------------------------------
Evaluation over 10 episodes: 6057.332
---------------------------------------
Total T: 291000 Episode Num: 291 Episode T: 1000 Reward: 6143.181
Total T: 292000 Episode Num: 292 Episode T: 1000 Reward: 6171.222
Total T: 293000 Episode Num: 293 Episode T: 1000 Reward: 6265.019
Total T: 294000 Episode Num: 294 Episode T: 1000 Reward: 6049.933
Total T: 295000 Episode Num: 295 Episode T: 1000 Reward: 6088.316
---------------------------------------
Evaluation over 10 episodes: 6012.373
---------------------------------------
Total T: 296000 Episode Num: 296 Episode T: 1000 Reward: 5892.727
Total T: 297000 Episode Num: 297 Episode T: 1000 Reward: 6052.971
Total T: 298000 Episode Num: 298 Episode T: 1000 Reward: 5975.946
Total T: 299000 Episode Num: 299 Episode T: 1000 Reward: 6327.499
Total T: 300000 Episode Num: 300 Episode T: 1000 Reward: 6086.007
---------------------------------------
Evaluation over 10 episodes: 6264.044
---------------------------------------
Total T: 301000 Episode Num: 301 Episode T: 1000 Reward: 6398.273
Total T: 302000 Episode Num: 302 Episode T: 1000 Reward: 6077.786
Total T: 303000 Episode Num: 303 Episode T: 1000 Reward: 6123.939
Total T: 304000 Episode Num: 304 Episode T: 1000 Reward: 5984.912
Total T: 305000 Episode Num: 305 Episode T: 1000 Reward: 5939.043
---------------------------------------
Evaluation over 10 episodes: 6350.561
---------------------------------------
Total T: 306000 Episode Num: 306 Episode T: 1000 Reward: 6144.032
Total T: 307000 Episode Num: 307 Episode T: 1000 Reward: 6166.503
Total T: 308000 Episode Num: 308 Episode T: 1000 Reward: 6155.963
Total T: 309000 Episode Num: 309 Episode T: 1000 Reward: 6195.548
Total T: 310000 Episode Num: 310 Episode T: 1000 Reward: 6366.002
---------------------------------------
Evaluation over 10 episodes: 6187.903
---------------------------------------
Total T: 311000 Episode Num: 311 Episode T: 1000 Reward: 6212.316
Total T: 312000 Episode Num: 312 Episode T: 1000 Reward: 6438.483
Total T: 313000 Episode Num: 313 Episode T: 1000 Reward: 6417.769
Total T: 314000 Episode Num: 314 Episode T: 1000 Reward: 6143.772
Total T: 315000 Episode Num: 315 Episode T: 1000 Reward: 6330.785
---------------------------------------
Evaluation over 10 episodes: 6382.489
---------------------------------------
Total T: 316000 Episode Num: 316 Episode T: 1000 Reward: 6449.503
Total T: 317000 Episode Num: 317 Episode T: 1000 Reward: 6257.691
Total T: 318000 Episode Num: 318 Episode T: 1000 Reward: 6186.930
Total T: 319000 Episode Num: 319 Episode T: 1000 Reward: 6490.429
Total T: 320000 Episode Num: 320 Episode T: 1000 Reward: 6258.724
---------------------------------------
Evaluation over 10 episodes: 6147.590
---------------------------------------
Total T: 321000 Episode Num: 321 Episode T: 1000 Reward: 6277.611
Total T: 322000 Episode Num: 322 Episode T: 1000 Reward: 6389.586
Total T: 323000 Episode Num: 323 Episode T: 1000 Reward: 6413.370
Total T: 324000 Episode Num: 324 Episode T: 1000 Reward: 6225.538
Total T: 325000 Episode Num: 325 Episode T: 1000 Reward: 6439.021
---------------------------------------
Evaluation over 10 episodes: 6435.967
---------------------------------------
Total T: 326000 Episode Num: 326 Episode T: 1000 Reward: 6238.523
Total T: 327000 Episode Num: 327 Episode T: 1000 Reward: 6391.608
Total T: 328000 Episode Num: 328 Episode T: 1000 Reward: 6324.679
Total T: 329000 Episode Num: 329 Episode T: 1000 Reward: 6244.817
Total T: 330000 Episode Num: 330 Episode T: 1000 Reward: 6419.609
---------------------------------------
Evaluation over 10 episodes: 6393.338
---------------------------------------
Total T: 331000 Episode Num: 331 Episode T: 1000 Reward: 6226.198
Total T: 332000 Episode Num: 332 Episode T: 1000 Reward: 6323.469
Total T: 333000 Episode Num: 333 Episode T: 1000 Reward: 3698.242
Total T: 334000 Episode Num: 334 Episode T: 1000 Reward: 6468.325
Total T: 335000 Episode Num: 335 Episode T: 1000 Reward: 6487.374
---------------------------------------
Evaluation over 10 episodes: 6497.319
---------------------------------------
Total T: 336000 Episode Num: 336 Episode T: 1000 Reward: 6327.825
Total T: 337000 Episode Num: 337 Episode T: 1000 Reward: 6498.686
Total T: 338000 Episode Num: 338 Episode T: 1000 Reward: 6507.859
Total T: 339000 Episode Num: 339 Episode T: 1000 Reward: 6539.326
Total T: 340000 Episode Num: 340 Episode T: 1000 Reward: 6494.320
---------------------------------------
Evaluation over 10 episodes: 6570.476
---------------------------------------
Total T: 341000 Episode Num: 341 Episode T: 1000 Reward: 6391.728
Total T: 342000 Episode Num: 342 Episode T: 1000 Reward: 6332.059
Total T: 343000 Episode Num: 343 Episode T: 1000 Reward: 6584.758
Total T: 344000 Episode Num: 344 Episode T: 1000 Reward: 6437.236
Total T: 345000 Episode Num: 345 Episode T: 1000 Reward: 6260.147
---------------------------------------
Evaluation over 10 episodes: 6604.213
---------------------------------------
Total T: 346000 Episode Num: 346 Episode T: 1000 Reward: 6382.943
Total T: 347000 Episode Num: 347 Episode T: 1000 Reward: 6306.937
Total T: 348000 Episode Num: 348 Episode T: 1000 Reward: 6673.561
Total T: 349000 Episode Num: 349 Episode T: 1000 Reward: 6605.018
Total T: 350000 Episode Num: 350 Episode T: 1000 Reward: 6582.436
---------------------------------------
Evaluation over 10 episodes: 6581.300
---------------------------------------
Total T: 351000 Episode Num: 351 Episode T: 1000 Reward: 6737.842
Total T: 352000 Episode Num: 352 Episode T: 1000 Reward: 6343.886
Total T: 353000 Episode Num: 353 Episode T: 1000 Reward: 6609.319
Total T: 354000 Episode Num: 354 Episode T: 1000 Reward: 6540.043
Total T: 355000 Episode Num: 355 Episode T: 1000 Reward: 6695.924
---------------------------------------
Evaluation over 10 episodes: 6528.070
---------------------------------------
Total T: 356000 Episode Num: 356 Episode T: 1000 Reward: 6507.674
Total T: 357000 Episode Num: 357 Episode T: 1000 Reward: 6288.131
Total T: 358000 Episode Num: 358 Episode T: 1000 Reward: 6429.824
Total T: 359000 Episode Num: 359 Episode T: 1000 Reward: 6755.933
Total T: 360000 Episode Num: 360 Episode T: 1000 Reward: 6582.039
---------------------------------------
Evaluation over 10 episodes: 6823.117
---------------------------------------
Total T: 361000 Episode Num: 361 Episode T: 1000 Reward: 6927.668
Total T: 362000 Episode Num: 362 Episode T: 1000 Reward: 6816.651
Total T: 363000 Episode Num: 363 Episode T: 1000 Reward: 6797.802
Total T: 364000 Episode Num: 364 Episode T: 1000 Reward: 6768.913
Total T: 365000 Episode Num: 365 Episode T: 1000 Reward: 6728.090
---------------------------------------
Evaluation over 10 episodes: 6749.431
---------------------------------------
Total T: 366000 Episode Num: 366 Episode T: 1000 Reward: 6692.919
Total T: 367000 Episode Num: 367 Episode T: 1000 Reward: 6579.156
Total T: 368000 Episode Num: 368 Episode T: 1000 Reward: 6625.402
Total T: 369000 Episode Num: 369 Episode T: 1000 Reward: 4396.201
Total T: 370000 Episode Num: 370 Episode T: 1000 Reward: 6553.105
---------------------------------------
Evaluation over 10 episodes: 6804.590
---------------------------------------
Total T: 371000 Episode Num: 371 Episode T: 1000 Reward: 6656.973
Total T: 372000 Episode Num: 372 Episode T: 1000 Reward: 6669.103
Total T: 373000 Episode Num: 373 Episode T: 1000 Reward: 6630.752
Total T: 374000 Episode Num: 374 Episode T: 1000 Reward: 6689.466
Total T: 375000 Episode Num: 375 Episode T: 1000 Reward: 6760.582
---------------------------------------
Evaluation over 10 episodes: 6981.474
---------------------------------------
Total T: 376000 Episode Num: 376 Episode T: 1000 Reward: 6889.335
Total T: 377000 Episode Num: 377 Episode T: 1000 Reward: 6734.255
Total T: 378000 Episode Num: 378 Episode T: 1000 Reward: 6888.927
Total T: 379000 Episode Num: 379 Episode T: 1000 Reward: 6933.757
Total T: 380000 Episode Num: 380 Episode T: 1000 Reward: 6811.253
---------------------------------------
Evaluation over 10 episodes: 7079.281
---------------------------------------
Total T: 381000 Episode Num: 381 Episode T: 1000 Reward: 7048.584
Total T: 382000 Episode Num: 382 Episode T: 1000 Reward: 6744.722
Total T: 383000 Episode Num: 383 Episode T: 1000 Reward: 6756.318
Total T: 384000 Episode Num: 384 Episode T: 1000 Reward: 6896.262
Total T: 385000 Episode Num: 385 Episode T: 1000 Reward: 6896.620
---------------------------------------
Evaluation over 10 episodes: 6737.150
---------------------------------------
Total T: 386000 Episode Num: 386 Episode T: 1000 Reward: 6841.036
Total T: 387000 Episode Num: 387 Episode T: 1000 Reward: 6819.480
Total T: 388000 Episode Num: 388 Episode T: 1000 Reward: 7052.028
Total T: 389000 Episode Num: 389 Episode T: 1000 Reward: 6986.849
Total T: 390000 Episode Num: 390 Episode T: 1000 Reward: 6976.450
---------------------------------------
Evaluation over 10 episodes: 7193.914
---------------------------------------
Total T: 391000 Episode Num: 391 Episode T: 1000 Reward: 6998.675
Total T: 392000 Episode Num: 392 Episode T: 1000 Reward: 6877.317
Total T: 393000 Episode Num: 393 Episode T: 1000 Reward: 7040.225
Total T: 394000 Episode Num: 394 Episode T: 1000 Reward: 6801.483
Total T: 395000 Episode Num: 395 Episode T: 1000 Reward: 6977.732
---------------------------------------
Evaluation over 10 episodes: 6834.144
---------------------------------------
Total T: 396000 Episode Num: 396 Episode T: 1000 Reward: 6996.457
Total T: 397000 Episode Num: 397 Episode T: 1000 Reward: 6628.134
Total T: 398000 Episode Num: 398 Episode T: 1000 Reward: 7111.763
Total T: 399000 Episode Num: 399 Episode T: 1000 Reward: 6857.299
Total T: 400000 Episode Num: 400 Episode T: 1000 Reward: 7138.273
---------------------------------------
Evaluation over 10 episodes: 7055.671
---------------------------------------
Total T: 401000 Episode Num: 401 Episode T: 1000 Reward: 6641.843
Total T: 402000 Episode Num: 402 Episode T: 1000 Reward: 6905.135
Total T: 403000 Episode Num: 403 Episode T: 1000 Reward: 7014.032
Total T: 404000 Episode Num: 404 Episode T: 1000 Reward: 6941.023
Total T: 405000 Episode Num: 405 Episode T: 1000 Reward: 7262.469
---------------------------------------
Evaluation over 10 episodes: 6804.352
---------------------------------------
Total T: 406000 Episode Num: 406 Episode T: 1000 Reward: 6817.697
Total T: 407000 Episode Num: 407 Episode T: 1000 Reward: 7204.384
Total T: 408000 Episode Num: 408 Episode T: 1000 Reward: 7205.067
Total T: 409000 Episode Num: 409 Episode T: 1000 Reward: 6981.956
Total T: 410000 Episode Num: 410 Episode T: 1000 Reward: 6976.684
---------------------------------------
Evaluation over 10 episodes: 7246.248
---------------------------------------
Total T: 411000 Episode Num: 411 Episode T: 1000 Reward: 6972.523
Total T: 412000 Episode Num: 412 Episode T: 1000 Reward: 7179.607
Total T: 413000 Episode Num: 413 Episode T: 1000 Reward: 6957.859
Total T: 414000 Episode Num: 414 Episode T: 1000 Reward: 7280.619
Total T: 415000 Episode Num: 415 Episode T: 1000 Reward: 7204.646
---------------------------------------
Evaluation over 10 episodes: 7256.117
---------------------------------------
Total T: 416000 Episode Num: 416 Episode T: 1000 Reward: 7209.526
Total T: 417000 Episode Num: 417 Episode T: 1000 Reward: 7444.204
Total T: 418000 Episode Num: 418 Episode T: 1000 Reward: 7177.726
Total T: 419000 Episode Num: 419 Episode T: 1000 Reward: 6972.384
Total T: 420000 Episode Num: 420 Episode T: 1000 Reward: 7153.045
---------------------------------------
Evaluation over 10 episodes: 7190.160
---------------------------------------
Total T: 421000 Episode Num: 421 Episode T: 1000 Reward: 7285.003
Total T: 422000 Episode Num: 422 Episode T: 1000 Reward: 7019.610
Total T: 423000 Episode Num: 423 Episode T: 1000 Reward: 7439.370
Total T: 424000 Episode Num: 424 Episode T: 1000 Reward: 7393.487
Total T: 425000 Episode Num: 425 Episode T: 1000 Reward: 7299.944
---------------------------------------
Evaluation over 10 episodes: 7138.650
---------------------------------------
Total T: 426000 Episode Num: 426 Episode T: 1000 Reward: 7199.184
Total T: 427000 Episode Num: 427 Episode T: 1000 Reward: 7202.075
Total T: 428000 Episode Num: 428 Episode T: 1000 Reward: 7127.937
Total T: 429000 Episode Num: 429 Episode T: 1000 Reward: 7150.944
Total T: 430000 Episode Num: 430 Episode T: 1000 Reward: 6967.702
---------------------------------------
Evaluation over 10 episodes: 7332.007
---------------------------------------
Total T: 431000 Episode Num: 431 Episode T: 1000 Reward: 7351.113
Total T: 432000 Episode Num: 432 Episode T: 1000 Reward: 7190.966
Total T: 433000 Episode Num: 433 Episode T: 1000 Reward: 7385.675
Total T: 434000 Episode Num: 434 Episode T: 1000 Reward: 7305.128
Total T: 435000 Episode Num: 435 Episode T: 1000 Reward: 7201.912
---------------------------------------
Evaluation over 10 episodes: 7567.225
---------------------------------------
Total T: 436000 Episode Num: 436 Episode T: 1000 Reward: 7295.957
Total T: 437000 Episode Num: 437 Episode T: 1000 Reward: 7375.579
Total T: 438000 Episode Num: 438 Episode T: 1000 Reward: 7453.304
Total T: 439000 Episode Num: 439 Episode T: 1000 Reward: 7382.756
Total T: 440000 Episode Num: 440 Episode T: 1000 Reward: 7181.694
---------------------------------------
Evaluation over 10 episodes: 7568.810
---------------------------------------
Total T: 441000 Episode Num: 441 Episode T: 1000 Reward: 7353.143
Total T: 442000 Episode Num: 442 Episode T: 1000 Reward: 7146.542
Total T: 443000 Episode Num: 443 Episode T: 1000 Reward: 7341.986
Total T: 444000 Episode Num: 444 Episode T: 1000 Reward: 7415.906
Total T: 445000 Episode Num: 445 Episode T: 1000 Reward: 7365.868
---------------------------------------
Evaluation over 10 episodes: 7239.198
---------------------------------------
Total T: 446000 Episode Num: 446 Episode T: 1000 Reward: 7343.759
Total T: 447000 Episode Num: 447 Episode T: 1000 Reward: 7548.433
Total T: 448000 Episode Num: 448 Episode T: 1000 Reward: 7440.708
Total T: 449000 Episode Num: 449 Episode T: 1000 Reward: 7463.344
Total T: 450000 Episode Num: 450 Episode T: 1000 Reward: 7241.965
---------------------------------------
Evaluation over 10 episodes: 7062.023
---------------------------------------
Total T: 451000 Episode Num: 451 Episode T: 1000 Reward: 7312.514
Total T: 452000 Episode Num: 452 Episode T: 1000 Reward: 7480.158
Total T: 453000 Episode Num: 453 Episode T: 1000 Reward: 7223.725
Total T: 454000 Episode Num: 454 Episode T: 1000 Reward: 7270.485
Total T: 455000 Episode Num: 455 Episode T: 1000 Reward: 7299.472
---------------------------------------
Evaluation over 10 episodes: 7383.213
---------------------------------------
Total T: 456000 Episode Num: 456 Episode T: 1000 Reward: 7376.144
Total T: 457000 Episode Num: 457 Episode T: 1000 Reward: 7557.244
Total T: 458000 Episode Num: 458 Episode T: 1000 Reward: 7636.653
Total T: 459000 Episode Num: 459 Episode T: 1000 Reward: 7378.399
Total T: 460000 Episode Num: 460 Episode T: 1000 Reward: 7432.951
---------------------------------------
Evaluation over 10 episodes: 7147.228
---------------------------------------
Total T: 461000 Episode Num: 461 Episode T: 1000 Reward: 7521.978
Total T: 462000 Episode Num: 462 Episode T: 1000 Reward: 7347.800
Total T: 463000 Episode Num: 463 Episode T: 1000 Reward: 7690.350
Total T: 464000 Episode Num: 464 Episode T: 1000 Reward: 7529.518
Total T: 465000 Episode Num: 465 Episode T: 1000 Reward: 7526.230
---------------------------------------
Evaluation over 10 episodes: 7135.527
---------------------------------------
Total T: 466000 Episode Num: 466 Episode T: 1000 Reward: 7519.832
Total T: 467000 Episode Num: 467 Episode T: 1000 Reward: 7427.863
Total T: 468000 Episode Num: 468 Episode T: 1000 Reward: 7631.324
Total T: 469000 Episode Num: 469 Episode T: 1000 Reward: 7520.784
Total T: 470000 Episode Num: 470 Episode T: 1000 Reward: 7303.747
---------------------------------------
Evaluation over 10 episodes: 7838.869
---------------------------------------
Total T: 471000 Episode Num: 471 Episode T: 1000 Reward: 7551.643
Total T: 472000 Episode Num: 472 Episode T: 1000 Reward: 7496.266
Total T: 473000 Episode Num: 473 Episode T: 1000 Reward: 7868.636
Total T: 474000 Episode Num: 474 Episode T: 1000 Reward: 7651.013
Total T: 475000 Episode Num: 475 Episode T: 1000 Reward: 7790.617
---------------------------------------
Evaluation over 10 episodes: 7272.972
---------------------------------------
Total T: 476000 Episode Num: 476 Episode T: 1000 Reward: 7404.364
Total T: 477000 Episode Num: 477 Episode T: 1000 Reward: 7624.837
Total T: 478000 Episode Num: 478 Episode T: 1000 Reward: 7281.433
Total T: 479000 Episode Num: 479 Episode T: 1000 Reward: 7523.523
Total T: 480000 Episode Num: 480 Episode T: 1000 Reward: 7855.320
---------------------------------------
Evaluation over 10 episodes: 7659.276
---------------------------------------
Total T: 481000 Episode Num: 481 Episode T: 1000 Reward: 7440.871
Total T: 482000 Episode Num: 482 Episode T: 1000 Reward: 7645.928
Total T: 483000 Episode Num: 483 Episode T: 1000 Reward: 7754.765
Total T: 484000 Episode Num: 484 Episode T: 1000 Reward: 7465.665
Total T: 485000 Episode Num: 485 Episode T: 1000 Reward: 7676.997
---------------------------------------
Evaluation over 10 episodes: 7587.369
---------------------------------------
Total T: 486000 Episode Num: 486 Episode T: 1000 Reward: 7418.752
Total T: 487000 Episode Num: 487 Episode T: 1000 Reward: 7568.714
Total T: 488000 Episode Num: 488 Episode T: 1000 Reward: 7754.648
Total T: 489000 Episode Num: 489 Episode T: 1000 Reward: 7606.044
Total T: 490000 Episode Num: 490 Episode T: 1000 Reward: 7850.207
---------------------------------------
Evaluation over 10 episodes: 7383.482
---------------------------------------
Total T: 491000 Episode Num: 491 Episode T: 1000 Reward: 7731.590
Total T: 492000 Episode Num: 492 Episode T: 1000 Reward: 7578.977
Total T: 493000 Episode Num: 493 Episode T: 1000 Reward: 7736.016
Total T: 494000 Episode Num: 494 Episode T: 1000 Reward: 7810.329
Total T: 495000 Episode Num: 495 Episode T: 1000 Reward: 7903.757
---------------------------------------
Evaluation over 10 episodes: 7873.768
---------------------------------------
Total T: 496000 Episode Num: 496 Episode T: 1000 Reward: 7770.982
Total T: 497000 Episode Num: 497 Episode T: 1000 Reward: 7388.464
Total T: 498000 Episode Num: 498 Episode T: 1000 Reward: 7467.634
Total T: 499000 Episode Num: 499 Episode T: 1000 Reward: 7595.792
Total T: 500000 Episode Num: 500 Episode T: 1000 Reward: 7242.840
---------------------------------------
Evaluation over 10 episodes: 7230.192
---------------------------------------
Total T: 501000 Episode Num: 501 Episode T: 1000 Reward: 7494.043
Total T: 502000 Episode Num: 502 Episode T: 1000 Reward: 7468.730
Total T: 503000 Episode Num: 503 Episode T: 1000 Reward: 7612.122
Total T: 504000 Episode Num: 504 Episode T: 1000 Reward: 7619.649
Total T: 505000 Episode Num: 505 Episode T: 1000 Reward: 7625.200
---------------------------------------
Evaluation over 10 episodes: 7933.294
---------------------------------------
Total T: 506000 Episode Num: 506 Episode T: 1000 Reward: 7665.770
Total T: 507000 Episode Num: 507 Episode T: 1000 Reward: 7651.961
Total T: 508000 Episode Num: 508 Episode T: 1000 Reward: 7845.002
Total T: 509000 Episode Num: 509 Episode T: 1000 Reward: 7702.944
Total T: 510000 Episode Num: 510 Episode T: 1000 Reward: 7673.970
---------------------------------------
Evaluation over 10 episodes: 7896.375
---------------------------------------
Total T: 511000 Episode Num: 511 Episode T: 1000 Reward: 7752.154
Total T: 512000 Episode Num: 512 Episode T: 1000 Reward: 7450.936
Total T: 513000 Episode Num: 513 Episode T: 1000 Reward: 7876.694
Total T: 514000 Episode Num: 514 Episode T: 1000 Reward: 7636.959
Total T: 515000 Episode Num: 515 Episode T: 1000 Reward: 7478.027
---------------------------------------
Evaluation over 10 episodes: 7964.871
---------------------------------------
Total T: 516000 Episode Num: 516 Episode T: 1000 Reward: 7728.461
Total T: 517000 Episode Num: 517 Episode T: 1000 Reward: 7613.632
Total T: 518000 Episode Num: 518 Episode T: 1000 Reward: 7581.101
Total T: 519000 Episode Num: 519 Episode T: 1000 Reward: 7632.621
Total T: 520000 Episode Num: 520 Episode T: 1000 Reward: 7779.057
---------------------------------------
Evaluation over 10 episodes: 7765.954
---------------------------------------
Total T: 521000 Episode Num: 521 Episode T: 1000 Reward: 7667.829
Total T: 522000 Episode Num: 522 Episode T: 1000 Reward: 7781.752
Total T: 523000 Episode Num: 523 Episode T: 1000 Reward: 7422.500
Total T: 524000 Episode Num: 524 Episode T: 1000 Reward: 7492.882
Total T: 525000 Episode Num: 525 Episode T: 1000 Reward: 7855.087
---------------------------------------
Evaluation over 10 episodes: 7950.413
---------------------------------------
Total T: 526000 Episode Num: 526 Episode T: 1000 Reward: 7567.462
Total T: 527000 Episode Num: 527 Episode T: 1000 Reward: 7755.171
Total T: 528000 Episode Num: 528 Episode T: 1000 Reward: 7823.800
Total T: 529000 Episode Num: 529 Episode T: 1000 Reward: 7895.871
Total T: 530000 Episode Num: 530 Episode T: 1000 Reward: 8120.211
---------------------------------------
Evaluation over 10 episodes: 7824.779
---------------------------------------
Total T: 531000 Episode Num: 531 Episode T: 1000 Reward: 7723.338
Total T: 532000 Episode Num: 532 Episode T: 1000 Reward: 7815.552
Total T: 533000 Episode Num: 533 Episode T: 1000 Reward: 8044.244
Total T: 534000 Episode Num: 534 Episode T: 1000 Reward: 7764.562
Total T: 535000 Episode Num: 535 Episode T: 1000 Reward: 7759.806
---------------------------------------
Evaluation over 10 episodes: 7781.064
---------------------------------------
Total T: 536000 Episode Num: 536 Episode T: 1000 Reward: 7450.836
Total T: 537000 Episode Num: 537 Episode T: 1000 Reward: 7672.703
Total T: 538000 Episode Num: 538 Episode T: 1000 Reward: 7692.649
Total T: 539000 Episode Num: 539 Episode T: 1000 Reward: 7719.724
Total T: 540000 Episode Num: 540 Episode T: 1000 Reward: 7738.372
---------------------------------------
Evaluation over 10 episodes: 7955.370
---------------------------------------
Total T: 541000 Episode Num: 541 Episode T: 1000 Reward: 7561.549
Total T: 542000 Episode Num: 542 Episode T: 1000 Reward: 7860.506
Total T: 543000 Episode Num: 543 Episode T: 1000 Reward: 7827.652
Total T: 544000 Episode Num: 544 Episode T: 1000 Reward: 7916.473
Total T: 545000 Episode Num: 545 Episode T: 1000 Reward: 7937.566
---------------------------------------
Evaluation over 10 episodes: 7896.847
---------------------------------------
Total T: 546000 Episode Num: 546 Episode T: 1000 Reward: 7848.942
Total T: 547000 Episode Num: 547 Episode T: 1000 Reward: 7757.381
Total T: 548000 Episode Num: 548 Episode T: 1000 Reward: 7546.678
Total T: 549000 Episode Num: 549 Episode T: 1000 Reward: 7620.840
Total T: 550000 Episode Num: 550 Episode T: 1000 Reward: 7763.790
---------------------------------------
Evaluation over 10 episodes: 7901.760
---------------------------------------
Total T: 551000 Episode Num: 551 Episode T: 1000 Reward: 7606.893
Total T: 552000 Episode Num: 552 Episode T: 1000 Reward: 7739.686
Total T: 553000 Episode Num: 553 Episode T: 1000 Reward: 7769.020
Total T: 554000 Episode Num: 554 Episode T: 1000 Reward: 7786.867
Total T: 555000 Episode Num: 555 Episode T: 1000 Reward: 7974.102
---------------------------------------
Evaluation over 10 episodes: 7846.289
---------------------------------------
Total T: 556000 Episode Num: 556 Episode T: 1000 Reward: 7741.698
Total T: 557000 Episode Num: 557 Episode T: 1000 Reward: 7960.700
Total T: 558000 Episode Num: 558 Episode T: 1000 Reward: 7776.051
Total T: 559000 Episode Num: 559 Episode T: 1000 Reward: 7932.130
Total T: 560000 Episode Num: 560 Episode T: 1000 Reward: 7782.317
---------------------------------------
Evaluation over 10 episodes: 7682.521
---------------------------------------
Total T: 561000 Episode Num: 561 Episode T: 1000 Reward: 7806.188
Total T: 562000 Episode Num: 562 Episode T: 1000 Reward: 7908.124
Total T: 563000 Episode Num: 563 Episode T: 1000 Reward: 7888.818
Total T: 564000 Episode Num: 564 Episode T: 1000 Reward: 8025.275
Total T: 565000 Episode Num: 565 Episode T: 1000 Reward: 7843.933
---------------------------------------
Evaluation over 10 episodes: 7836.812
---------------------------------------
Total T: 566000 Episode Num: 566 Episode T: 1000 Reward: 7932.835
Total T: 567000 Episode Num: 567 Episode T: 1000 Reward: 7676.574
Total T: 568000 Episode Num: 568 Episode T: 1000 Reward: 7873.461
Total T: 569000 Episode Num: 569 Episode T: 1000 Reward: 7717.468
Total T: 570000 Episode Num: 570 Episode T: 1000 Reward: 7982.258
---------------------------------------
Evaluation over 10 episodes: 7780.638
---------------------------------------
Total T: 571000 Episode Num: 571 Episode T: 1000 Reward: 7712.250
Total T: 572000 Episode Num: 572 Episode T: 1000 Reward: 7605.233
Total T: 573000 Episode Num: 573 Episode T: 1000 Reward: 7974.851
Total T: 574000 Episode Num: 574 Episode T: 1000 Reward: 7738.213
Total T: 575000 Episode Num: 575 Episode T: 1000 Reward: 8015.551
---------------------------------------
Evaluation over 10 episodes: 7992.937
---------------------------------------
Total T: 576000 Episode Num: 576 Episode T: 1000 Reward: 7924.479
Total T: 577000 Episode Num: 577 Episode T: 1000 Reward: 7899.100
Total T: 578000 Episode Num: 578 Episode T: 1000 Reward: 7800.465
Total T: 579000 Episode Num: 579 Episode T: 1000 Reward: 7748.140
Total T: 580000 Episode Num: 580 Episode T: 1000 Reward: 8005.632
---------------------------------------
Evaluation over 10 episodes: 8038.411
---------------------------------------
Total T: 581000 Episode Num: 581 Episode T: 1000 Reward: 7965.553
Total T: 582000 Episode Num: 582 Episode T: 1000 Reward: 7712.190
Total T: 583000 Episode Num: 583 Episode T: 1000 Reward: 7946.000
Total T: 584000 Episode Num: 584 Episode T: 1000 Reward: 8028.451
Total T: 585000 Episode Num: 585 Episode T: 1000 Reward: 8082.181
---------------------------------------
Evaluation over 10 episodes: 7904.090
---------------------------------------
Total T: 586000 Episode Num: 586 Episode T: 1000 Reward: 7877.985
Total T: 587000 Episode Num: 587 Episode T: 1000 Reward: 7691.404
Total T: 588000 Episode Num: 588 Episode T: 1000 Reward: 7988.840
Total T: 589000 Episode Num: 589 Episode T: 1000 Reward: 7898.758
Total T: 590000 Episode Num: 590 Episode T: 1000 Reward: 7826.941
---------------------------------------
Evaluation over 10 episodes: 7314.882
---------------------------------------
Total T: 591000 Episode Num: 591 Episode T: 1000 Reward: 7800.291
Total T: 592000 Episode Num: 592 Episode T: 1000 Reward: 7733.477
Total T: 593000 Episode Num: 593 Episode T: 1000 Reward: 7942.397
Total T: 594000 Episode Num: 594 Episode T: 1000 Reward: 7845.797
Total T: 595000 Episode Num: 595 Episode T: 1000 Reward: 8106.149
---------------------------------------
Evaluation over 10 episodes: 7954.579
---------------------------------------
Total T: 596000 Episode Num: 596 Episode T: 1000 Reward: 7750.254
Total T: 597000 Episode Num: 597 Episode T: 1000 Reward: 7762.184
Total T: 598000 Episode Num: 598 Episode T: 1000 Reward: 7883.123
Total T: 599000 Episode Num: 599 Episode T: 1000 Reward: 7872.976
Total T: 600000 Episode Num: 600 Episode T: 1000 Reward: 7863.282
---------------------------------------
Evaluation over 10 episodes: 7957.958
---------------------------------------
Total T: 601000 Episode Num: 601 Episode T: 1000 Reward: 7908.302
Total T: 602000 Episode Num: 602 Episode T: 1000 Reward: 8062.425
Total T: 603000 Episode Num: 603 Episode T: 1000 Reward: 7930.327
Total T: 604000 Episode Num: 604 Episode T: 1000 Reward: 7916.292
Total T: 605000 Episode Num: 605 Episode T: 1000 Reward: 7780.161
---------------------------------------
Evaluation over 10 episodes: 8243.097
---------------------------------------
Total T: 606000 Episode Num: 606 Episode T: 1000 Reward: 7933.279
Total T: 607000 Episode Num: 607 Episode T: 1000 Reward: 8076.134
Total T: 608000 Episode Num: 608 Episode T: 1000 Reward: 8121.538
Total T: 609000 Episode Num: 609 Episode T: 1000 Reward: 8093.881
Total T: 610000 Episode Num: 610 Episode T: 1000 Reward: 8008.076
---------------------------------------
Evaluation over 10 episodes: 8184.090
---------------------------------------
Total T: 611000 Episode Num: 611 Episode T: 1000 Reward: 7851.860
Total T: 612000 Episode Num: 612 Episode T: 1000 Reward: 8155.546
Total T: 613000 Episode Num: 613 Episode T: 1000 Reward: 8070.421
Total T: 614000 Episode Num: 614 Episode T: 1000 Reward: 8099.275
Total T: 615000 Episode Num: 615 Episode T: 1000 Reward: 8008.037
---------------------------------------
Evaluation over 10 episodes: 7741.227
---------------------------------------
Total T: 616000 Episode Num: 616 Episode T: 1000 Reward: 8142.361
Total T: 617000 Episode Num: 617 Episode T: 1000 Reward: 7890.237
Total T: 618000 Episode Num: 618 Episode T: 1000 Reward: 7892.988
Total T: 619000 Episode Num: 619 Episode T: 1000 Reward: 7960.745
Total T: 620000 Episode Num: 620 Episode T: 1000 Reward: 7999.048
---------------------------------------
Evaluation over 10 episodes: 8103.516
---------------------------------------
Total T: 621000 Episode Num: 621 Episode T: 1000 Reward: 8141.022
Total T: 622000 Episode Num: 622 Episode T: 1000 Reward: 8299.390
Total T: 623000 Episode Num: 623 Episode T: 1000 Reward: 8142.889
Total T: 624000 Episode Num: 624 Episode T: 1000 Reward: 8024.599
Total T: 625000 Episode Num: 625 Episode T: 1000 Reward: 8056.913
---------------------------------------
Evaluation over 10 episodes: 8321.034
---------------------------------------
Total T: 626000 Episode Num: 626 Episode T: 1000 Reward: 8229.421
Total T: 627000 Episode Num: 627 Episode T: 1000 Reward: 8086.732
Total T: 628000 Episode Num: 628 Episode T: 1000 Reward: 8142.208
Total T: 629000 Episode Num: 629 Episode T: 1000 Reward: 8003.732
Total T: 630000 Episode Num: 630 Episode T: 1000 Reward: 8374.472
---------------------------------------
Evaluation over 10 episodes: 7948.152
---------------------------------------
Total T: 631000 Episode Num: 631 Episode T: 1000 Reward: 8087.327
Total T: 632000 Episode Num: 632 Episode T: 1000 Reward: 7882.678
Total T: 633000 Episode Num: 633 Episode T: 1000 Reward: 8238.679
Total T: 634000 Episode Num: 634 Episode T: 1000 Reward: 8030.571
Total T: 635000 Episode Num: 635 Episode T: 1000 Reward: 7991.458
---------------------------------------
Evaluation over 10 episodes: 7958.173
---------------------------------------
Total T: 636000 Episode Num: 636 Episode T: 1000 Reward: 8121.347
Total T: 637000 Episode Num: 637 Episode T: 1000 Reward: 8134.180
Total T: 638000 Episode Num: 638 Episode T: 1000 Reward: 7836.584
Total T: 639000 Episode Num: 639 Episode T: 1000 Reward: 8310.551
Total T: 640000 Episode Num: 640 Episode T: 1000 Reward: 8083.425
---------------------------------------
Evaluation over 10 episodes: 8282.736
---------------------------------------
Total T: 641000 Episode Num: 641 Episode T: 1000 Reward: 8337.327
Total T: 642000 Episode Num: 642 Episode T: 1000 Reward: 7982.186
Total T: 643000 Episode Num: 643 Episode T: 1000 Reward: 8094.302
Total T: 644000 Episode Num: 644 Episode T: 1000 Reward: 7989.158
Total T: 645000 Episode Num: 645 Episode T: 1000 Reward: 8200.106
---------------------------------------
Evaluation over 10 episodes: 8083.138
---------------------------------------
Total T: 646000 Episode Num: 646 Episode T: 1000 Reward: 8234.157
Total T: 647000 Episode Num: 647 Episode T: 1000 Reward: 8252.669
Total T: 648000 Episode Num: 648 Episode T: 1000 Reward: 7950.724
Total T: 649000 Episode Num: 649 Episode T: 1000 Reward: 7970.575
Total T: 650000 Episode Num: 650 Episode T: 1000 Reward: 8134.001
---------------------------------------
Evaluation over 10 episodes: 8189.171
---------------------------------------
Total T: 651000 Episode Num: 651 Episode T: 1000 Reward: 7986.674
Total T: 652000 Episode Num: 652 Episode T: 1000 Reward: 8145.253
Total T: 653000 Episode Num: 653 Episode T: 1000 Reward: 8294.339
Total T: 654000 Episode Num: 654 Episode T: 1000 Reward: 8194.044
Total T: 655000 Episode Num: 655 Episode T: 1000 Reward: 8148.721
---------------------------------------
Evaluation over 10 episodes: 7968.725
---------------------------------------
Total T: 656000 Episode Num: 656 Episode T: 1000 Reward: 8180.067
Total T: 657000 Episode Num: 657 Episode T: 1000 Reward: 8171.992
Total T: 658000 Episode Num: 658 Episode T: 1000 Reward: 8115.708
Total T: 659000 Episode Num: 659 Episode T: 1000 Reward: 7865.806
Total T: 660000 Episode Num: 660 Episode T: 1000 Reward: 8296.111
---------------------------------------
Evaluation over 10 episodes: 8306.544
---------------------------------------
Total T: 661000 Episode Num: 661 Episode T: 1000 Reward: 8165.427
Total T: 662000 Episode Num: 662 Episode T: 1000 Reward: 8235.975
Total T: 663000 Episode Num: 663 Episode T: 1000 Reward: 8206.758
Total T: 664000 Episode Num: 664 Episode T: 1000 Reward: 7850.576
Total T: 665000 Episode Num: 665 Episode T: 1000 Reward: 8291.492
---------------------------------------
Evaluation over 10 episodes: 8132.079
---------------------------------------
Total T: 666000 Episode Num: 666 Episode T: 1000 Reward: 8363.777
Total T: 667000 Episode Num: 667 Episode T: 1000 Reward: 8187.712
Total T: 668000 Episode Num: 668 Episode T: 1000 Reward: 8245.010
Total T: 669000 Episode Num: 669 Episode T: 1000 Reward: 8292.220
Total T: 670000 Episode Num: 670 Episode T: 1000 Reward: 8104.220
---------------------------------------
Evaluation over 10 episodes: 7801.523
---------------------------------------
Total T: 671000 Episode Num: 671 Episode T: 1000 Reward: 8345.751
Total T: 672000 Episode Num: 672 Episode T: 1000 Reward: 8075.713
Total T: 673000 Episode Num: 673 Episode T: 1000 Reward: 8241.352
Total T: 674000 Episode Num: 674 Episode T: 1000 Reward: 8352.055
Total T: 675000 Episode Num: 675 Episode T: 1000 Reward: 8032.195
---------------------------------------
Evaluation over 10 episodes: 8225.691
---------------------------------------
Total T: 676000 Episode Num: 676 Episode T: 1000 Reward: 8386.906
Total T: 677000 Episode Num: 677 Episode T: 1000 Reward: 8324.803
Total T: 678000 Episode Num: 678 Episode T: 1000 Reward: 7941.658
Total T: 679000 Episode Num: 679 Episode T: 1000 Reward: 8180.684
Total T: 680000 Episode Num: 680 Episode T: 1000 Reward: 7915.265
---------------------------------------
Evaluation over 10 episodes: 8274.738
---------------------------------------
Total T: 681000 Episode Num: 681 Episode T: 1000 Reward: 8095.927
Total T: 682000 Episode Num: 682 Episode T: 1000 Reward: 8172.916
Total T: 683000 Episode Num: 683 Episode T: 1000 Reward: 8081.405
Total T: 684000 Episode Num: 684 Episode T: 1000 Reward: 7953.812
Total T: 685000 Episode Num: 685 Episode T: 1000 Reward: 8138.710
---------------------------------------
Evaluation over 10 episodes: 8027.367
---------------------------------------
Total T: 686000 Episode Num: 686 Episode T: 1000 Reward: 8191.033
Total T: 687000 Episode Num: 687 Episode T: 1000 Reward: 8140.594
Total T: 688000 Episode Num: 688 Episode T: 1000 Reward: 8070.424
Total T: 689000 Episode Num: 689 Episode T: 1000 Reward: 8265.139
Total T: 690000 Episode Num: 690 Episode T: 1000 Reward: 8288.109
---------------------------------------
Evaluation over 10 episodes: 8063.772
---------------------------------------
Total T: 691000 Episode Num: 691 Episode T: 1000 Reward: 8138.417
Total T: 692000 Episode Num: 692 Episode T: 1000 Reward: 8219.728
Total T: 693000 Episode Num: 693 Episode T: 1000 Reward: 8286.818
Total T: 694000 Episode Num: 694 Episode T: 1000 Reward: 8130.682
Total T: 695000 Episode Num: 695 Episode T: 1000 Reward: 8016.188
---------------------------------------
Evaluation over 10 episodes: 7787.811
---------------------------------------
Total T: 696000 Episode Num: 696 Episode T: 1000 Reward: 8200.822
Total T: 697000 Episode Num: 697 Episode T: 1000 Reward: 8177.741
Total T: 698000 Episode Num: 698 Episode T: 1000 Reward: 8170.122
Total T: 699000 Episode Num: 699 Episode T: 1000 Reward: 8470.209
Total T: 700000 Episode Num: 700 Episode T: 1000 Reward: 8117.511
---------------------------------------
Evaluation over 10 episodes: 8247.622
---------------------------------------
Total T: 701000 Episode Num: 701 Episode T: 1000 Reward: 8223.896
Total T: 702000 Episode Num: 702 Episode T: 1000 Reward: 8325.002
Total T: 703000 Episode Num: 703 Episode T: 1000 Reward: 8267.494
Total T: 704000 Episode Num: 704 Episode T: 1000 Reward: 8265.228
Total T: 705000 Episode Num: 705 Episode T: 1000 Reward: 8359.335
---------------------------------------
Evaluation over 10 episodes: 8204.639
---------------------------------------
Total T: 706000 Episode Num: 706 Episode T: 1000 Reward: 8447.906
Total T: 707000 Episode Num: 707 Episode T: 1000 Reward: 8386.006
Total T: 708000 Episode Num: 708 Episode T: 1000 Reward: 8254.025
Total T: 709000 Episode Num: 709 Episode T: 1000 Reward: 8323.548
Total T: 710000 Episode Num: 710 Episode T: 1000 Reward: 8319.169
---------------------------------------
Evaluation over 10 episodes: 8294.115
---------------------------------------
Total T: 711000 Episode Num: 711 Episode T: 1000 Reward: 8367.486
Total T: 712000 Episode Num: 712 Episode T: 1000 Reward: 8245.624
Total T: 713000 Episode Num: 713 Episode T: 1000 Reward: 8357.205
Total T: 714000 Episode Num: 714 Episode T: 1000 Reward: 8204.441
Total T: 715000 Episode Num: 715 Episode T: 1000 Reward: 8004.753
---------------------------------------
Evaluation over 10 episodes: 8330.705
---------------------------------------
Total T: 716000 Episode Num: 716 Episode T: 1000 Reward: 8156.873
Total T: 717000 Episode Num: 717 Episode T: 1000 Reward: 8090.352
Total T: 718000 Episode Num: 718 Episode T: 1000 Reward: 8299.549
Total T: 719000 Episode Num: 719 Episode T: 1000 Reward: 8417.759
Total T: 720000 Episode Num: 720 Episode T: 1000 Reward: 8420.607
---------------------------------------
Evaluation over 10 episodes: 7920.804
---------------------------------------
Total T: 721000 Episode Num: 721 Episode T: 1000 Reward: 8141.648
Total T: 722000 Episode Num: 722 Episode T: 1000 Reward: 8401.964
Total T: 723000 Episode Num: 723 Episode T: 1000 Reward: 8370.228
Total T: 724000 Episode Num: 724 Episode T: 1000 Reward: 8009.677
Total T: 725000 Episode Num: 725 Episode T: 1000 Reward: 8351.990
---------------------------------------
Evaluation over 10 episodes: 8361.900
---------------------------------------
Total T: 726000 Episode Num: 726 Episode T: 1000 Reward: 8168.206
Total T: 727000 Episode Num: 727 Episode T: 1000 Reward: 8402.488
Total T: 728000 Episode Num: 728 Episode T: 1000 Reward: 8269.227
Total T: 729000 Episode Num: 729 Episode T: 1000 Reward: 8361.861
Total T: 730000 Episode Num: 730 Episode T: 1000 Reward: 8379.083
---------------------------------------
Evaluation over 10 episodes: 8531.304
---------------------------------------
Total T: 731000 Episode Num: 731 Episode T: 1000 Reward: 8286.374
Total T: 732000 Episode Num: 732 Episode T: 1000 Reward: 8233.313
Total T: 733000 Episode Num: 733 Episode T: 1000 Reward: 8499.362
Total T: 734000 Episode Num: 734 Episode T: 1000 Reward: 8510.244
Total T: 735000 Episode Num: 735 Episode T: 1000 Reward: 8568.597
---------------------------------------
Evaluation over 10 episodes: 8183.884
---------------------------------------
Total T: 736000 Episode Num: 736 Episode T: 1000 Reward: 8264.986
Total T: 737000 Episode Num: 737 Episode T: 1000 Reward: 8215.901
Total T: 738000 Episode Num: 738 Episode T: 1000 Reward: 8312.010
Total T: 739000 Episode Num: 739 Episode T: 1000 Reward: 8269.824
Total T: 740000 Episode Num: 740 Episode T: 1000 Reward: 8396.241
---------------------------------------
Evaluation over 10 episodes: 7721.016
---------------------------------------
Total T: 741000 Episode Num: 741 Episode T: 1000 Reward: 8421.927
Total T: 742000 Episode Num: 742 Episode T: 1000 Reward: 8647.439
Total T: 743000 Episode Num: 743 Episode T: 1000 Reward: 8310.685
Total T: 744000 Episode Num: 744 Episode T: 1000 Reward: 8431.200
Total T: 745000 Episode Num: 745 Episode T: 1000 Reward: 8209.434
---------------------------------------
Evaluation over 10 episodes: 8537.774
---------------------------------------
Total T: 746000 Episode Num: 746 Episode T: 1000 Reward: 8417.447
Total T: 747000 Episode Num: 747 Episode T: 1000 Reward: 8567.824
Total T: 748000 Episode Num: 748 Episode T: 1000 Reward: 8194.783
Total T: 749000 Episode Num: 749 Episode T: 1000 Reward: 8209.053
Total T: 750000 Episode Num: 750 Episode T: 1000 Reward: 8320.684
---------------------------------------
Evaluation over 10 episodes: 8267.217
---------------------------------------
Total T: 751000 Episode Num: 751 Episode T: 1000 Reward: 8325.164
Total T: 752000 Episode Num: 752 Episode T: 1000 Reward: 8503.869
Total T: 753000 Episode Num: 753 Episode T: 1000 Reward: 8312.851
Total T: 754000 Episode Num: 754 Episode T: 1000 Reward: 8520.439
Total T: 755000 Episode Num: 755 Episode T: 1000 Reward: 8480.352
---------------------------------------
Evaluation over 10 episodes: 8236.596
---------------------------------------
Total T: 756000 Episode Num: 756 Episode T: 1000 Reward: 8302.318
Total T: 757000 Episode Num: 757 Episode T: 1000 Reward: 8427.234
Total T: 758000 Episode Num: 758 Episode T: 1000 Reward: 8313.620
Total T: 759000 Episode Num: 759 Episode T: 1000 Reward: 7959.468
Total T: 760000 Episode Num: 760 Episode T: 1000 Reward: 8339.424
---------------------------------------
Evaluation over 10 episodes: 8696.853
---------------------------------------
Total T: 761000 Episode Num: 761 Episode T: 1000 Reward: 8427.285
Total T: 762000 Episode Num: 762 Episode T: 1000 Reward: 8316.897
Total T: 763000 Episode Num: 763 Episode T: 1000 Reward: 8442.471
Total T: 764000 Episode Num: 764 Episode T: 1000 Reward: 8190.956
Total T: 765000 Episode Num: 765 Episode T: 1000 Reward: 8233.848
---------------------------------------
Evaluation over 10 episodes: 8438.678
---------------------------------------
Total T: 766000 Episode Num: 766 Episode T: 1000 Reward: 8004.231
Total T: 767000 Episode Num: 767 Episode T: 1000 Reward: 8135.795
Total T: 768000 Episode Num: 768 Episode T: 1000 Reward: 8321.098
Total T: 769000 Episode Num: 769 Episode T: 1000 Reward: 8395.368
Total T: 770000 Episode Num: 770 Episode T: 1000 Reward: 8281.255
---------------------------------------
Evaluation over 10 episodes: 8192.707
---------------------------------------
Total T: 771000 Episode Num: 771 Episode T: 1000 Reward: 8562.491
Total T: 772000 Episode Num: 772 Episode T: 1000 Reward: 8531.650
Total T: 773000 Episode Num: 773 Episode T: 1000 Reward: 8431.017
Total T: 774000 Episode Num: 774 Episode T: 1000 Reward: 8471.245
Total T: 775000 Episode Num: 775 Episode T: 1000 Reward: 8467.240
---------------------------------------
Evaluation over 10 episodes: 7983.232
---------------------------------------
Total T: 776000 Episode Num: 776 Episode T: 1000 Reward: 8562.755
Total T: 777000 Episode Num: 777 Episode T: 1000 Reward: 8363.329
Total T: 778000 Episode Num: 778 Episode T: 1000 Reward: 8317.387
Total T: 779000 Episode Num: 779 Episode T: 1000 Reward: 8409.910
Total T: 780000 Episode Num: 780 Episode T: 1000 Reward: 8412.379
---------------------------------------
Evaluation over 10 episodes: 8237.626
---------------------------------------
Total T: 781000 Episode Num: 781 Episode T: 1000 Reward: 8394.224
Total T: 782000 Episode Num: 782 Episode T: 1000 Reward: 8386.917
Total T: 783000 Episode Num: 783 Episode T: 1000 Reward: 8436.002
Total T: 784000 Episode Num: 784 Episode T: 1000 Reward: 8106.320
Total T: 785000 Episode Num: 785 Episode T: 1000 Reward: 8213.812
---------------------------------------
Evaluation over 10 episodes: 8475.621
---------------------------------------
Total T: 786000 Episode Num: 786 Episode T: 1000 Reward: 8584.070
Total T: 787000 Episode Num: 787 Episode T: 1000 Reward: 8397.298
Total T: 788000 Episode Num: 788 Episode T: 1000 Reward: 8307.662
Total T: 789000 Episode Num: 789 Episode T: 1000 Reward: 8487.353
Total T: 790000 Episode Num: 790 Episode T: 1000 Reward: 8284.798
---------------------------------------
Evaluation over 10 episodes: 8422.343
---------------------------------------
Total T: 791000 Episode Num: 791 Episode T: 1000 Reward: 8385.887
Total T: 792000 Episode Num: 792 Episode T: 1000 Reward: 8380.364
Total T: 793000 Episode Num: 793 Episode T: 1000 Reward: 8414.430
Total T: 794000 Episode Num: 794 Episode T: 1000 Reward: 8491.679
Total T: 795000 Episode Num: 795 Episode T: 1000 Reward: 8317.511
---------------------------------------
Evaluation over 10 episodes: 8260.811
---------------------------------------
Total T: 796000 Episode Num: 796 Episode T: 1000 Reward: 8563.185
Total T: 797000 Episode Num: 797 Episode T: 1000 Reward: 8503.655
Total T: 798000 Episode Num: 798 Episode T: 1000 Reward: 8209.671
Total T: 799000 Episode Num: 799 Episode T: 1000 Reward: 8495.447
Total T: 800000 Episode Num: 800 Episode T: 1000 Reward: 8529.111
---------------------------------------
Evaluation over 10 episodes: 8343.245
---------------------------------------
Total T: 801000 Episode Num: 801 Episode T: 1000 Reward: 8357.169
Total T: 802000 Episode Num: 802 Episode T: 1000 Reward: 8332.024
Total T: 803000 Episode Num: 803 Episode T: 1000 Reward: 8635.543
Total T: 804000 Episode Num: 804 Episode T: 1000 Reward: 8393.039
Total T: 805000 Episode Num: 805 Episode T: 1000 Reward: 8493.359
---------------------------------------
Evaluation over 10 episodes: 8234.812
---------------------------------------
Total T: 806000 Episode Num: 806 Episode T: 1000 Reward: 8405.212
Total T: 807000 Episode Num: 807 Episode T: 1000 Reward: 8541.857
Total T: 808000 Episode Num: 808 Episode T: 1000 Reward: 8662.499
Total T: 809000 Episode Num: 809 Episode T: 1000 Reward: 8305.525
Total T: 810000 Episode Num: 810 Episode T: 1000 Reward: 8561.796
---------------------------------------
Evaluation over 10 episodes: 8350.143
---------------------------------------
Total T: 811000 Episode Num: 811 Episode T: 1000 Reward: 8442.922
Total T: 812000 Episode Num: 812 Episode T: 1000 Reward: 8561.357
Total T: 813000 Episode Num: 813 Episode T: 1000 Reward: 8617.166
Total T: 814000 Episode Num: 814 Episode T: 1000 Reward: 8295.560
Total T: 815000 Episode Num: 815 Episode T: 1000 Reward: 8256.520
---------------------------------------
Evaluation over 10 episodes: 8238.048
---------------------------------------
Total T: 816000 Episode Num: 816 Episode T: 1000 Reward: 8317.105
Total T: 817000 Episode Num: 817 Episode T: 1000 Reward: 8295.418
Total T: 818000 Episode Num: 818 Episode T: 1000 Reward: 8488.535
Total T: 819000 Episode Num: 819 Episode T: 1000 Reward: 8381.191
Total T: 820000 Episode Num: 820 Episode T: 1000 Reward: 8476.333
---------------------------------------
Evaluation over 10 episodes: 8567.668
---------------------------------------
Total T: 821000 Episode Num: 821 Episode T: 1000 Reward: 8594.344
Total T: 822000 Episode Num: 822 Episode T: 1000 Reward: 8401.713
Total T: 823000 Episode Num: 823 Episode T: 1000 Reward: 8238.194
Total T: 824000 Episode Num: 824 Episode T: 1000 Reward: 8306.345
Total T: 825000 Episode Num: 825 Episode T: 1000 Reward: 8502.966
---------------------------------------
Evaluation over 10 episodes: 8432.082
---------------------------------------
Total T: 826000 Episode Num: 826 Episode T: 1000 Reward: 8498.594
Total T: 827000 Episode Num: 827 Episode T: 1000 Reward: 8388.823
Total T: 828000 Episode Num: 828 Episode T: 1000 Reward: 8611.359
Total T: 829000 Episode Num: 829 Episode T: 1000 Reward: 8512.286
Total T: 830000 Episode Num: 830 Episode T: 1000 Reward: 8779.059
---------------------------------------
Evaluation over 10 episodes: 8078.934
---------------------------------------
Total T: 831000 Episode Num: 831 Episode T: 1000 Reward: 8464.042
Total T: 832000 Episode Num: 832 Episode T: 1000 Reward: 8526.765
Total T: 833000 Episode Num: 833 Episode T: 1000 Reward: 8461.102
Total T: 834000 Episode Num: 834 Episode T: 1000 Reward: 8410.656
Total T: 835000 Episode Num: 835 Episode T: 1000 Reward: 8441.091
---------------------------------------
Evaluation over 10 episodes: 8572.554
---------------------------------------
Total T: 836000 Episode Num: 836 Episode T: 1000 Reward: 8490.137
Total T: 837000 Episode Num: 837 Episode T: 1000 Reward: 8381.313
Total T: 838000 Episode Num: 838 Episode T: 1000 Reward: 8386.804
Total T: 839000 Episode Num: 839 Episode T: 1000 Reward: 8182.486
Total T: 840000 Episode Num: 840 Episode T: 1000 Reward: 8681.002
---------------------------------------
Evaluation over 10 episodes: 8378.595
---------------------------------------
Total T: 841000 Episode Num: 841 Episode T: 1000 Reward: 8515.505
Total T: 842000 Episode Num: 842 Episode T: 1000 Reward: 8494.287
Total T: 843000 Episode Num: 843 Episode T: 1000 Reward: 8624.256
Total T: 844000 Episode Num: 844 Episode T: 1000 Reward: 8437.467
Total T: 845000 Episode Num: 845 Episode T: 1000 Reward: 8629.871
---------------------------------------
Evaluation over 10 episodes: 8566.389
---------------------------------------
Total T: 846000 Episode Num: 846 Episode T: 1000 Reward: 8633.090
Total T: 847000 Episode Num: 847 Episode T: 1000 Reward: 8493.067
Total T: 848000 Episode Num: 848 Episode T: 1000 Reward: 8232.186
Total T: 849000 Episode Num: 849 Episode T: 1000 Reward: 8359.405
Total T: 850000 Episode Num: 850 Episode T: 1000 Reward: 8593.910
---------------------------------------
Evaluation over 10 episodes: 8607.738
---------------------------------------
Total T: 851000 Episode Num: 851 Episode T: 1000 Reward: 8616.595
Total T: 852000 Episode Num: 852 Episode T: 1000 Reward: 8412.099
Total T: 853000 Episode Num: 853 Episode T: 1000 Reward: 8635.451
Total T: 854000 Episode Num: 854 Episode T: 1000 Reward: 8461.149
Total T: 855000 Episode Num: 855 Episode T: 1000 Reward: 8558.099
---------------------------------------
Evaluation over 10 episodes: 8526.793
---------------------------------------
Total T: 856000 Episode Num: 856 Episode T: 1000 Reward: 8391.060
Total T: 857000 Episode Num: 857 Episode T: 1000 Reward: 8570.679
Total T: 858000 Episode Num: 858 Episode T: 1000 Reward: 8377.474
Total T: 859000 Episode Num: 859 Episode T: 1000 Reward: 8477.161
Total T: 860000 Episode Num: 860 Episode T: 1000 Reward: 8488.373
---------------------------------------
Evaluation over 10 episodes: 8682.844
---------------------------------------
Total T: 861000 Episode Num: 861 Episode T: 1000 Reward: 8182.916
Total T: 862000 Episode Num: 862 Episode T: 1000 Reward: 8476.883
Total T: 863000 Episode Num: 863 Episode T: 1000 Reward: 8772.598
Total T: 864000 Episode Num: 864 Episode T: 1000 Reward: 8329.870
Total T: 865000 Episode Num: 865 Episode T: 1000 Reward: 8455.291
---------------------------------------
Evaluation over 10 episodes: 8541.525
---------------------------------------
Total T: 866000 Episode Num: 866 Episode T: 1000 Reward: 8414.042
Total T: 867000 Episode Num: 867 Episode T: 1000 Reward: 8326.000
Total T: 868000 Episode Num: 868 Episode T: 1000 Reward: 8675.053
Total T: 869000 Episode Num: 869 Episode T: 1000 Reward: 8775.062
Total T: 870000 Episode Num: 870 Episode T: 1000 Reward: 8353.940
---------------------------------------
Evaluation over 10 episodes: 8458.616
---------------------------------------
Total T: 871000 Episode Num: 871 Episode T: 1000 Reward: 8776.878
Total T: 872000 Episode Num: 872 Episode T: 1000 Reward: 8610.850
Total T: 873000 Episode Num: 873 Episode T: 1000 Reward: 8530.959
Total T: 874000 Episode Num: 874 Episode T: 1000 Reward: 8604.860
Total T: 875000 Episode Num: 875 Episode T: 1000 Reward: 8225.284
---------------------------------------
Evaluation over 10 episodes: 8634.462
---------------------------------------
Total T: 876000 Episode Num: 876 Episode T: 1000 Reward: 8762.656
Total T: 877000 Episode Num: 877 Episode T: 1000 Reward: 8169.603
Total T: 878000 Episode Num: 878 Episode T: 1000 Reward: 8223.240
Total T: 879000 Episode Num: 879 Episode T: 1000 Reward: 8376.213
Total T: 880000 Episode Num: 880 Episode T: 1000 Reward: 8616.471
---------------------------------------
Evaluation over 10 episodes: 8670.563
---------------------------------------
Total T: 881000 Episode Num: 881 Episode T: 1000 Reward: 8324.891
Total T: 882000 Episode Num: 882 Episode T: 1000 Reward: 8354.225
Total T: 883000 Episode Num: 883 Episode T: 1000 Reward: 8484.303
Total T: 884000 Episode Num: 884 Episode T: 1000 Reward: 8571.721
Total T: 885000 Episode Num: 885 Episode T: 1000 Reward: 8484.142
---------------------------------------
Evaluation over 10 episodes: 8413.053
---------------------------------------
Total T: 886000 Episode Num: 886 Episode T: 1000 Reward: 8465.096
Total T: 887000 Episode Num: 887 Episode T: 1000 Reward: 8628.815
Total T: 888000 Episode Num: 888 Episode T: 1000 Reward: 8632.210
Total T: 889000 Episode Num: 889 Episode T: 1000 Reward: 8456.758
Total T: 890000 Episode Num: 890 Episode T: 1000 Reward: 8483.980
---------------------------------------
Evaluation over 10 episodes: 8412.307
---------------------------------------
Total T: 891000 Episode Num: 891 Episode T: 1000 Reward: 8591.856
Total T: 892000 Episode Num: 892 Episode T: 1000 Reward: 8538.381
Total T: 893000 Episode Num: 893 Episode T: 1000 Reward: 8504.176
Total T: 894000 Episode Num: 894 Episode T: 1000 Reward: 8549.775
Total T: 895000 Episode Num: 895 Episode T: 1000 Reward: 8378.328
---------------------------------------
Evaluation over 10 episodes: 8739.421
---------------------------------------
Total T: 896000 Episode Num: 896 Episode T: 1000 Reward: 8650.269
Total T: 897000 Episode Num: 897 Episode T: 1000 Reward: 8512.720
Total T: 898000 Episode Num: 898 Episode T: 1000 Reward: 8322.117
Total T: 899000 Episode Num: 899 Episode T: 1000 Reward: 8507.607
Total T: 900000 Episode Num: 900 Episode T: 1000 Reward: 8569.221
---------------------------------------
Evaluation over 10 episodes: 8699.837
---------------------------------------
Total T: 901000 Episode Num: 901 Episode T: 1000 Reward: 8434.066
Total T: 902000 Episode Num: 902 Episode T: 1000 Reward: 8358.415
Total T: 903000 Episode Num: 903 Episode T: 1000 Reward: 8588.856
Total T: 904000 Episode Num: 904 Episode T: 1000 Reward: 8887.029
Total T: 905000 Episode Num: 905 Episode T: 1000 Reward: 8915.536
---------------------------------------
Evaluation over 10 episodes: 8617.559
---------------------------------------
Total T: 906000 Episode Num: 906 Episode T: 1000 Reward: 8592.330
Total T: 907000 Episode Num: 907 Episode T: 1000 Reward: 8513.175
Total T: 908000 Episode Num: 908 Episode T: 1000 Reward: 8401.968
Total T: 909000 Episode Num: 909 Episode T: 1000 Reward: 8436.433
Total T: 910000 Episode Num: 910 Episode T: 1000 Reward: 8676.963
---------------------------------------
Evaluation over 10 episodes: 8543.981
---------------------------------------
Total T: 911000 Episode Num: 911 Episode T: 1000 Reward: 8323.991
Total T: 912000 Episode Num: 912 Episode T: 1000 Reward: 8519.947
Total T: 913000 Episode Num: 913 Episode T: 1000 Reward: 8435.728
Total T: 914000 Episode Num: 914 Episode T: 1000 Reward: 8629.032
Total T: 915000 Episode Num: 915 Episode T: 1000 Reward: 8385.645
---------------------------------------
Evaluation over 10 episodes: 8460.121
---------------------------------------
Total T: 916000 Episode Num: 916 Episode T: 1000 Reward: 8531.400
Total T: 917000 Episode Num: 917 Episode T: 1000 Reward: 8598.434
Total T: 918000 Episode Num: 918 Episode T: 1000 Reward: 8672.685
Total T: 919000 Episode Num: 919 Episode T: 1000 Reward: 8465.153
Total T: 920000 Episode Num: 920 Episode T: 1000 Reward: 8368.379
---------------------------------------
Evaluation over 10 episodes: 8164.679
---------------------------------------
Total T: 921000 Episode Num: 921 Episode T: 1000 Reward: 8621.234
Total T: 922000 Episode Num: 922 Episode T: 1000 Reward: 8489.450
Total T: 923000 Episode Num: 923 Episode T: 1000 Reward: 8428.470
Total T: 924000 Episode Num: 924 Episode T: 1000 Reward: 8573.140
Total T: 925000 Episode Num: 925 Episode T: 1000 Reward: 8557.665
---------------------------------------
Evaluation over 10 episodes: 8470.812
---------------------------------------
Total T: 926000 Episode Num: 926 Episode T: 1000 Reward: 7850.187
Total T: 927000 Episode Num: 927 Episode T: 1000 Reward: 8775.060
Total T: 928000 Episode Num: 928 Episode T: 1000 Reward: 8580.743
Total T: 929000 Episode Num: 929 Episode T: 1000 Reward: 8702.593
Total T: 930000 Episode Num: 930 Episode T: 1000 Reward: 8725.341
---------------------------------------
Evaluation over 10 episodes: 8533.040
---------------------------------------
Total T: 931000 Episode Num: 931 Episode T: 1000 Reward: 8542.048
Total T: 932000 Episode Num: 932 Episode T: 1000 Reward: 8599.985
Total T: 933000 Episode Num: 933 Episode T: 1000 Reward: 8359.830
Total T: 934000 Episode Num: 934 Episode T: 1000 Reward: 8547.789
Total T: 935000 Episode Num: 935 Episode T: 1000 Reward: 8455.567
---------------------------------------
Evaluation over 10 episodes: 8570.047
---------------------------------------
Total T: 936000 Episode Num: 936 Episode T: 1000 Reward: 8632.285
Total T: 937000 Episode Num: 937 Episode T: 1000 Reward: 8608.252
Total T: 938000 Episode Num: 938 Episode T: 1000 Reward: 8731.060
Total T: 939000 Episode Num: 939 Episode T: 1000 Reward: 8633.970
Total T: 940000 Episode Num: 940 Episode T: 1000 Reward: 8634.363
---------------------------------------
Evaluation over 10 episodes: 8549.423
---------------------------------------
Total T: 941000 Episode Num: 941 Episode T: 1000 Reward: 8445.724
Total T: 942000 Episode Num: 942 Episode T: 1000 Reward: 8653.591
Total T: 943000 Episode Num: 943 Episode T: 1000 Reward: 8738.061
Total T: 944000 Episode Num: 944 Episode T: 1000 Reward: 8576.156
Total T: 945000 Episode Num: 945 Episode T: 1000 Reward: 8600.063
---------------------------------------
Evaluation over 10 episodes: 8584.067
---------------------------------------
Total T: 946000 Episode Num: 946 Episode T: 1000 Reward: 8522.425
Total T: 947000 Episode Num: 947 Episode T: 1000 Reward: 8585.190
Total T: 948000 Episode Num: 948 Episode T: 1000 Reward: 8547.861
Total T: 949000 Episode Num: 949 Episode T: 1000 Reward: 8548.176
Total T: 950000 Episode Num: 950 Episode T: 1000 Reward: 8637.544
---------------------------------------
Evaluation over 10 episodes: 8475.026
---------------------------------------
Total T: 951000 Episode Num: 951 Episode T: 1000 Reward: 8691.103
Total T: 952000 Episode Num: 952 Episode T: 1000 Reward: 8341.851
Total T: 953000 Episode Num: 953 Episode T: 1000 Reward: 8421.440
Total T: 954000 Episode Num: 954 Episode T: 1000 Reward: 8517.969
Total T: 955000 Episode Num: 955 Episode T: 1000 Reward: 8504.155
---------------------------------------
Evaluation over 10 episodes: 8288.939
---------------------------------------
Total T: 956000 Episode Num: 956 Episode T: 1000 Reward: 8419.904
Total T: 957000 Episode Num: 957 Episode T: 1000 Reward: 8709.649
Total T: 958000 Episode Num: 958 Episode T: 1000 Reward: 8603.180
Total T: 959000 Episode Num: 959 Episode T: 1000 Reward: 8678.740
Total T: 960000 Episode Num: 960 Episode T: 1000 Reward: 8610.689
---------------------------------------
Evaluation over 10 episodes: 8516.792
---------------------------------------
Total T: 961000 Episode Num: 961 Episode T: 1000 Reward: 8696.657
Total T: 962000 Episode Num: 962 Episode T: 1000 Reward: 8546.892
Total T: 963000 Episode Num: 963 Episode T: 1000 Reward: 8571.348
Total T: 964000 Episode Num: 964 Episode T: 1000 Reward: 8711.639
Total T: 965000 Episode Num: 965 Episode T: 1000 Reward: 8522.332
---------------------------------------
Evaluation over 10 episodes: 8340.122
---------------------------------------
Total T: 966000 Episode Num: 966 Episode T: 1000 Reward: 8497.300
Total T: 967000 Episode Num: 967 Episode T: 1000 Reward: 8589.541
Total T: 968000 Episode Num: 968 Episode T: 1000 Reward: 8689.661
Total T: 969000 Episode Num: 969 Episode T: 1000 Reward: 8543.409
Total T: 970000 Episode Num: 970 Episode T: 1000 Reward: 8572.707
---------------------------------------
Evaluation over 10 episodes: 8585.812
---------------------------------------
Total T: 971000 Episode Num: 971 Episode T: 1000 Reward: 8783.852
Total T: 972000 Episode Num: 972 Episode T: 1000 Reward: 8647.288
Total T: 973000 Episode Num: 973 Episode T: 1000 Reward: 8733.659
Total T: 974000 Episode Num: 974 Episode T: 1000 Reward: 8536.630
Total T: 975000 Episode Num: 975 Episode T: 1000 Reward: 8461.569
---------------------------------------
Evaluation over 10 episodes: 8503.165
---------------------------------------
Total T: 976000 Episode Num: 976 Episode T: 1000 Reward: 8671.706
Total T: 977000 Episode Num: 977 Episode T: 1000 Reward: 8418.071
Total T: 978000 Episode Num: 978 Episode T: 1000 Reward: 8554.106
Total T: 979000 Episode Num: 979 Episode T: 1000 Reward: 8706.078
Total T: 980000 Episode Num: 980 Episode T: 1000 Reward: 8601.718
---------------------------------------
Evaluation over 10 episodes: 8738.560
---------------------------------------
Total T: 981000 Episode Num: 981 Episode T: 1000 Reward: 8539.373
Total T: 982000 Episode Num: 982 Episode T: 1000 Reward: 8544.335
Total T: 983000 Episode Num: 983 Episode T: 1000 Reward: 8584.842
Total T: 984000 Episode Num: 984 Episode T: 1000 Reward: 8613.208
Total T: 985000 Episode Num: 985 Episode T: 1000 Reward: 8577.392
---------------------------------------
Evaluation over 10 episodes: 8672.129
---------------------------------------
Total T: 986000 Episode Num: 986 Episode T: 1000 Reward: 8587.155
Total T: 987000 Episode Num: 987 Episode T: 1000 Reward: 8375.952
Total T: 988000 Episode Num: 988 Episode T: 1000 Reward: 8875.832
Total T: 989000 Episode Num: 989 Episode T: 1000 Reward: 8325.290
Total T: 990000 Episode Num: 990 Episode T: 1000 Reward: 8687.711
---------------------------------------
Evaluation over 10 episodes: 8746.637
---------------------------------------
Total T: 991000 Episode Num: 991 Episode T: 1000 Reward: 8550.305
Total T: 992000 Episode Num: 992 Episode T: 1000 Reward: 8717.953
Total T: 993000 Episode Num: 993 Episode T: 1000 Reward: 8640.204
Total T: 994000 Episode Num: 994 Episode T: 1000 Reward: 8542.479
Total T: 995000 Episode Num: 995 Episode T: 1000 Reward: 8713.756
---------------------------------------
Evaluation over 10 episodes: 8550.549
---------------------------------------
Total T: 996000 Episode Num: 996 Episode T: 1000 Reward: 8586.781
Total T: 997000 Episode Num: 997 Episode T: 1000 Reward: 8601.699
Total T: 998000 Episode Num: 998 Episode T: 1000 Reward: 8601.398
Total T: 999000 Episode Num: 999 Episode T: 1000 Reward: 8452.770
Total T: 1000000 Episode Num: 1000 Episode T: 1000 Reward: 8679.832
---------------------------------------
Evaluation over 10 episodes: 8221.788
---------------------------------------
