---------------------------------------
Policy: TD3, Env: HalfCheetah-v2, Seed: 0
---------------------------------------
---------------------------------------
Evaluation over 10 episodes: -0.925
---------------------------------------
Total T: 1000 Episode Num: 1 Episode T: 1000 Reward: -338.279
Total T: 2000 Episode Num: 2 Episode T: 1000 Reward: -333.444
Total T: 3000 Episode Num: 3 Episode T: 1000 Reward: -331.458
Total T: 4000 Episode Num: 4 Episode T: 1000 Reward: -188.084
Total T: 5000 Episode Num: 5 Episode T: 1000 Reward: -307.801
---------------------------------------
Evaluation over 10 episodes: -0.908
---------------------------------------
Total T: 6000 Episode Num: 6 Episode T: 1000 Reward: -217.752
Total T: 7000 Episode Num: 7 Episode T: 1000 Reward: -216.262
Total T: 8000 Episode Num: 8 Episode T: 1000 Reward: -171.213
Total T: 9000 Episode Num: 9 Episode T: 1000 Reward: -267.983
Total T: 10000 Episode Num: 10 Episode T: 1000 Reward: -186.278
---------------------------------------
Evaluation over 10 episodes: -0.908
---------------------------------------
Total T: 11000 Episode Num: 11 Episode T: 1000 Reward: -321.380
Total T: 12000 Episode Num: 12 Episode T: 1000 Reward: -318.585
Total T: 13000 Episode Num: 13 Episode T: 1000 Reward: -253.663
Total T: 14000 Episode Num: 14 Episode T: 1000 Reward: -308.178
Total T: 15000 Episode Num: 15 Episode T: 1000 Reward: -253.009
---------------------------------------
Evaluation over 10 episodes: -0.917
---------------------------------------
Total T: 16000 Episode Num: 16 Episode T: 1000 Reward: -405.796
Total T: 17000 Episode Num: 17 Episode T: 1000 Reward: -239.823
Total T: 18000 Episode Num: 18 Episode T: 1000 Reward: -289.970
Total T: 19000 Episode Num: 19 Episode T: 1000 Reward: -187.272
Total T: 20000 Episode Num: 20 Episode T: 1000 Reward: -368.512
---------------------------------------
Evaluation over 10 episodes: -0.886
---------------------------------------
Total T: 21000 Episode Num: 21 Episode T: 1000 Reward: -220.265
Total T: 22000 Episode Num: 22 Episode T: 1000 Reward: -350.924
Total T: 23000 Episode Num: 23 Episode T: 1000 Reward: -391.659
Total T: 24000 Episode Num: 24 Episode T: 1000 Reward: -356.606
Total T: 25000 Episode Num: 25 Episode T: 1000 Reward: -422.139
---------------------------------------
Evaluation over 10 episodes: -0.873
---------------------------------------
Total T: 26000 Episode Num: 26 Episode T: 1000 Reward: -160.201
Total T: 27000 Episode Num: 27 Episode T: 1000 Reward: -197.724
Total T: 28000 Episode Num: 28 Episode T: 1000 Reward: -177.389
Total T: 29000 Episode Num: 29 Episode T: 1000 Reward: -297.883
Total T: 30000 Episode Num: 30 Episode T: 1000 Reward: -309.687
---------------------------------------
Evaluation over 10 episodes: -508.041
---------------------------------------
Total T: 31000 Episode Num: 31 Episode T: 1000 Reward: -411.523
Total T: 32000 Episode Num: 32 Episode T: 1000 Reward: -110.538
Total T: 33000 Episode Num: 33 Episode T: 1000 Reward: -238.002
Total T: 34000 Episode Num: 34 Episode T: 1000 Reward: -209.924
Total T: 35000 Episode Num: 35 Episode T: 1000 Reward: -195.042
---------------------------------------
Evaluation over 10 episodes: -168.904
---------------------------------------
Total T: 36000 Episode Num: 36 Episode T: 1000 Reward: -149.625
Total T: 37000 Episode Num: 37 Episode T: 1000 Reward: -250.984
Total T: 38000 Episode Num: 38 Episode T: 1000 Reward: 170.726
Total T: 39000 Episode Num: 39 Episode T: 1000 Reward: -226.694
Total T: 40000 Episode Num: 40 Episode T: 1000 Reward: 504.083
---------------------------------------
Evaluation over 10 episodes: 603.770
---------------------------------------
Total T: 41000 Episode Num: 41 Episode T: 1000 Reward: 880.522
Total T: 42000 Episode Num: 42 Episode T: 1000 Reward: 1151.171
Total T: 43000 Episode Num: 43 Episode T: 1000 Reward: 1482.634
Total T: 44000 Episode Num: 44 Episode T: 1000 Reward: 1522.062
Total T: 45000 Episode Num: 45 Episode T: 1000 Reward: 1909.402
---------------------------------------
Evaluation over 10 episodes: 1483.895
---------------------------------------
Total T: 46000 Episode Num: 46 Episode T: 1000 Reward: 1834.252
Total T: 47000 Episode Num: 47 Episode T: 1000 Reward: 1479.904
Total T: 48000 Episode Num: 48 Episode T: 1000 Reward: 1749.842
Total T: 49000 Episode Num: 49 Episode T: 1000 Reward: 1299.549
Total T: 50000 Episode Num: 50 Episode T: 1000 Reward: 1811.827
---------------------------------------
Evaluation over 10 episodes: 1508.149
---------------------------------------
Total T: 51000 Episode Num: 51 Episode T: 1000 Reward: 1918.541
Total T: 52000 Episode Num: 52 Episode T: 1000 Reward: 1496.691
Total T: 53000 Episode Num: 53 Episode T: 1000 Reward: 1992.464
Total T: 54000 Episode Num: 54 Episode T: 1000 Reward: 2243.551
Total T: 55000 Episode Num: 55 Episode T: 1000 Reward: 2239.687
---------------------------------------
Evaluation over 10 episodes: 2011.877
---------------------------------------
Total T: 56000 Episode Num: 56 Episode T: 1000 Reward: 2273.945
Total T: 57000 Episode Num: 57 Episode T: 1000 Reward: 2380.836
Total T: 58000 Episode Num: 58 Episode T: 1000 Reward: 2152.304
Total T: 59000 Episode Num: 59 Episode T: 1000 Reward: 2457.174
Total T: 60000 Episode Num: 60 Episode T: 1000 Reward: 2519.055
---------------------------------------
Evaluation over 10 episodes: 2602.301
---------------------------------------
Total T: 61000 Episode Num: 61 Episode T: 1000 Reward: 2435.659
Total T: 62000 Episode Num: 62 Episode T: 1000 Reward: 2564.560
Total T: 63000 Episode Num: 63 Episode T: 1000 Reward: 2704.657
Total T: 64000 Episode Num: 64 Episode T: 1000 Reward: 2726.552
Total T: 65000 Episode Num: 65 Episode T: 1000 Reward: 2623.017
---------------------------------------
Evaluation over 10 episodes: 3115.731
---------------------------------------
Total T: 66000 Episode Num: 66 Episode T: 1000 Reward: 2679.929
Total T: 67000 Episode Num: 67 Episode T: 1000 Reward: 3251.950
Total T: 68000 Episode Num: 68 Episode T: 1000 Reward: 2964.601
Total T: 69000 Episode Num: 69 Episode T: 1000 Reward: 3294.397
Total T: 70000 Episode Num: 70 Episode T: 1000 Reward: 2721.084
---------------------------------------
Evaluation over 10 episodes: 1937.756
---------------------------------------
Total T: 71000 Episode Num: 71 Episode T: 1000 Reward: 3086.439
Total T: 72000 Episode Num: 72 Episode T: 1000 Reward: 2776.890
Total T: 73000 Episode Num: 73 Episode T: 1000 Reward: 3639.762
Total T: 74000 Episode Num: 74 Episode T: 1000 Reward: 3289.224
Total T: 75000 Episode Num: 75 Episode T: 1000 Reward: 3247.448
---------------------------------------
Evaluation over 10 episodes: 3588.586
---------------------------------------
Total T: 76000 Episode Num: 76 Episode T: 1000 Reward: 3537.892
Total T: 77000 Episode Num: 77 Episode T: 1000 Reward: 3665.462
Total T: 78000 Episode Num: 78 Episode T: 1000 Reward: 3853.965
Total T: 79000 Episode Num: 79 Episode T: 1000 Reward: 3729.365
Total T: 80000 Episode Num: 80 Episode T: 1000 Reward: 3911.848
---------------------------------------
Evaluation over 10 episodes: 4002.406
---------------------------------------
Total T: 81000 Episode Num: 81 Episode T: 1000 Reward: 4144.879
Total T: 82000 Episode Num: 82 Episode T: 1000 Reward: 3996.176
Total T: 83000 Episode Num: 83 Episode T: 1000 Reward: 3874.032
Total T: 84000 Episode Num: 84 Episode T: 1000 Reward: 3903.204
Total T: 85000 Episode Num: 85 Episode T: 1000 Reward: 3962.494
---------------------------------------
Evaluation over 10 episodes: 3773.136
---------------------------------------
Total T: 86000 Episode Num: 86 Episode T: 1000 Reward: 4020.053
Total T: 87000 Episode Num: 87 Episode T: 1000 Reward: 4056.206
Total T: 88000 Episode Num: 88 Episode T: 1000 Reward: 4149.284
Total T: 89000 Episode Num: 89 Episode T: 1000 Reward: 3937.418
Total T: 90000 Episode Num: 90 Episode T: 1000 Reward: 4112.149
---------------------------------------
Evaluation over 10 episodes: 4028.538
---------------------------------------
Total T: 91000 Episode Num: 91 Episode T: 1000 Reward: 4098.152
Total T: 92000 Episode Num: 92 Episode T: 1000 Reward: 3980.781
Total T: 93000 Episode Num: 93 Episode T: 1000 Reward: 4063.666
Total T: 94000 Episode Num: 94 Episode T: 1000 Reward: 4141.363
Total T: 95000 Episode Num: 95 Episode T: 1000 Reward: 4143.815
---------------------------------------
Evaluation over 10 episodes: 4171.809
---------------------------------------
Total T: 96000 Episode Num: 96 Episode T: 1000 Reward: 4157.748
Total T: 97000 Episode Num: 97 Episode T: 1000 Reward: 4086.487
Total T: 98000 Episode Num: 98 Episode T: 1000 Reward: 4143.137
Total T: 99000 Episode Num: 99 Episode T: 1000 Reward: 4164.096
Total T: 100000 Episode Num: 100 Episode T: 1000 Reward: 4257.333
---------------------------------------
Evaluation over 10 episodes: 4217.891
---------------------------------------
Total T: 101000 Episode Num: 101 Episode T: 1000 Reward: 4187.909
Total T: 102000 Episode Num: 102 Episode T: 1000 Reward: 4109.217
Total T: 103000 Episode Num: 103 Episode T: 1000 Reward: 4187.174
Total T: 104000 Episode Num: 104 Episode T: 1000 Reward: 4200.452
Total T: 105000 Episode Num: 105 Episode T: 1000 Reward: 4235.490
---------------------------------------
Evaluation over 10 episodes: 4265.756
---------------------------------------
Total T: 106000 Episode Num: 106 Episode T: 1000 Reward: 4308.279
Total T: 107000 Episode Num: 107 Episode T: 1000 Reward: 4223.691
Total T: 108000 Episode Num: 108 Episode T: 1000 Reward: 4235.448
Total T: 109000 Episode Num: 109 Episode T: 1000 Reward: 4231.260
Total T: 110000 Episode Num: 110 Episode T: 1000 Reward: 4250.292
---------------------------------------
Evaluation over 10 episodes: 4311.158
---------------------------------------
Total T: 111000 Episode Num: 111 Episode T: 1000 Reward: 4324.238
Total T: 112000 Episode Num: 112 Episode T: 1000 Reward: 4233.715
Total T: 113000 Episode Num: 113 Episode T: 1000 Reward: 4337.489
Total T: 114000 Episode Num: 114 Episode T: 1000 Reward: 4299.696
Total T: 115000 Episode Num: 115 Episode T: 1000 Reward: 4329.579
---------------------------------------
Evaluation over 10 episodes: 4330.766
---------------------------------------
Total T: 116000 Episode Num: 116 Episode T: 1000 Reward: 4369.399
Total T: 117000 Episode Num: 117 Episode T: 1000 Reward: 4268.329
Total T: 118000 Episode Num: 118 Episode T: 1000 Reward: 4341.777
Total T: 119000 Episode Num: 119 Episode T: 1000 Reward: 4313.357
Total T: 120000 Episode Num: 120 Episode T: 1000 Reward: 4284.294
---------------------------------------
Evaluation over 10 episodes: 4433.780
---------------------------------------
Total T: 121000 Episode Num: 121 Episode T: 1000 Reward: 4384.712
Total T: 122000 Episode Num: 122 Episode T: 1000 Reward: 4441.666
Total T: 123000 Episode Num: 123 Episode T: 1000 Reward: 4417.153
Total T: 124000 Episode Num: 124 Episode T: 1000 Reward: 4391.543
Total T: 125000 Episode Num: 125 Episode T: 1000 Reward: 4357.108
---------------------------------------
Evaluation over 10 episodes: 4414.869
---------------------------------------
Total T: 126000 Episode Num: 126 Episode T: 1000 Reward: 4424.612
Total T: 127000 Episode Num: 127 Episode T: 1000 Reward: 4443.968
Total T: 128000 Episode Num: 128 Episode T: 1000 Reward: 4399.716
Total T: 129000 Episode Num: 129 Episode T: 1000 Reward: 4400.209
Total T: 130000 Episode Num: 130 Episode T: 1000 Reward: 4419.102
---------------------------------------
Evaluation over 10 episodes: 4513.211
---------------------------------------
Total T: 131000 Episode Num: 131 Episode T: 1000 Reward: 4414.016
Total T: 132000 Episode Num: 132 Episode T: 1000 Reward: 4469.054
Total T: 133000 Episode Num: 133 Episode T: 1000 Reward: 4577.723
Total T: 134000 Episode Num: 134 Episode T: 1000 Reward: 4520.831
Total T: 135000 Episode Num: 135 Episode T: 1000 Reward: 4563.321
---------------------------------------
Evaluation over 10 episodes: 4527.581
---------------------------------------
Total T: 136000 Episode Num: 136 Episode T: 1000 Reward: 4607.312
Total T: 137000 Episode Num: 137 Episode T: 1000 Reward: 4524.119
Total T: 138000 Episode Num: 138 Episode T: 1000 Reward: 4476.180
Total T: 139000 Episode Num: 139 Episode T: 1000 Reward: 4515.590
Total T: 140000 Episode Num: 140 Episode T: 1000 Reward: 4556.007
---------------------------------------
Evaluation over 10 episodes: 4580.839
---------------------------------------
Total T: 141000 Episode Num: 141 Episode T: 1000 Reward: 4540.692
Total T: 142000 Episode Num: 142 Episode T: 1000 Reward: 4462.884
Total T: 143000 Episode Num: 143 Episode T: 1000 Reward: 4580.545
Total T: 144000 Episode Num: 144 Episode T: 1000 Reward: 4513.669
Total T: 145000 Episode Num: 145 Episode T: 1000 Reward: 4611.608
---------------------------------------
Evaluation over 10 episodes: 4577.188
---------------------------------------
Total T: 146000 Episode Num: 146 Episode T: 1000 Reward: 4644.250
Total T: 147000 Episode Num: 147 Episode T: 1000 Reward: 4668.101
Total T: 148000 Episode Num: 148 Episode T: 1000 Reward: 4491.225
Total T: 149000 Episode Num: 149 Episode T: 1000 Reward: 4604.312
Total T: 150000 Episode Num: 150 Episode T: 1000 Reward: 4367.352
---------------------------------------
Evaluation over 10 episodes: 4550.195
---------------------------------------
Total T: 151000 Episode Num: 151 Episode T: 1000 Reward: 4464.674
Total T: 152000 Episode Num: 152 Episode T: 1000 Reward: 4478.405
Total T: 153000 Episode Num: 153 Episode T: 1000 Reward: 4586.172
Total T: 154000 Episode Num: 154 Episode T: 1000 Reward: 4385.918
Total T: 155000 Episode Num: 155 Episode T: 1000 Reward: 4589.324
---------------------------------------
Evaluation over 10 episodes: 4692.859
---------------------------------------
Total T: 156000 Episode Num: 156 Episode T: 1000 Reward: 4689.216
Total T: 157000 Episode Num: 157 Episode T: 1000 Reward: 4611.109
Total T: 158000 Episode Num: 158 Episode T: 1000 Reward: 4544.979
Total T: 159000 Episode Num: 159 Episode T: 1000 Reward: 4719.334
Total T: 160000 Episode Num: 160 Episode T: 1000 Reward: 4577.630
---------------------------------------
Evaluation over 10 episodes: 4628.108
---------------------------------------
Total T: 161000 Episode Num: 161 Episode T: 1000 Reward: 4654.868
Total T: 162000 Episode Num: 162 Episode T: 1000 Reward: 4645.015
Total T: 163000 Episode Num: 163 Episode T: 1000 Reward: 4613.206
Total T: 164000 Episode Num: 164 Episode T: 1000 Reward: 4553.831
Total T: 165000 Episode Num: 165 Episode T: 1000 Reward: 4711.941
---------------------------------------
Evaluation over 10 episodes: 4747.930
---------------------------------------
Total T: 166000 Episode Num: 166 Episode T: 1000 Reward: 4652.454
Total T: 167000 Episode Num: 167 Episode T: 1000 Reward: 4682.760
Total T: 168000 Episode Num: 168 Episode T: 1000 Reward: 4723.751
Total T: 169000 Episode Num: 169 Episode T: 1000 Reward: 4609.361
Total T: 170000 Episode Num: 170 Episode T: 1000 Reward: 4614.027
---------------------------------------
Evaluation over 10 episodes: 4689.258
---------------------------------------
Total T: 171000 Episode Num: 171 Episode T: 1000 Reward: 4685.022
Total T: 172000 Episode Num: 172 Episode T: 1000 Reward: 4666.253
Total T: 173000 Episode Num: 173 Episode T: 1000 Reward: 4475.494
Total T: 174000 Episode Num: 174 Episode T: 1000 Reward: 4693.724
Total T: 175000 Episode Num: 175 Episode T: 1000 Reward: 4705.912
---------------------------------------
Evaluation over 10 episodes: 4834.423
---------------------------------------
Total T: 176000 Episode Num: 176 Episode T: 1000 Reward: 4727.135
Total T: 177000 Episode Num: 177 Episode T: 1000 Reward: 4770.232
Total T: 178000 Episode Num: 178 Episode T: 1000 Reward: 4680.644
Total T: 179000 Episode Num: 179 Episode T: 1000 Reward: 4850.589
Total T: 180000 Episode Num: 180 Episode T: 1000 Reward: 4836.704
---------------------------------------
Evaluation over 10 episodes: 4867.917
---------------------------------------
Total T: 181000 Episode Num: 181 Episode T: 1000 Reward: 4693.347
Total T: 182000 Episode Num: 182 Episode T: 1000 Reward: 4768.519
Total T: 183000 Episode Num: 183 Episode T: 1000 Reward: 4881.199
Total T: 184000 Episode Num: 184 Episode T: 1000 Reward: 4877.067
Total T: 185000 Episode Num: 185 Episode T: 1000 Reward: 4677.650
---------------------------------------
Evaluation over 10 episodes: 4776.513
---------------------------------------
Total T: 186000 Episode Num: 186 Episode T: 1000 Reward: 4909.030
Total T: 187000 Episode Num: 187 Episode T: 1000 Reward: 4880.843
Total T: 188000 Episode Num: 188 Episode T: 1000 Reward: 4824.619
Total T: 189000 Episode Num: 189 Episode T: 1000 Reward: 4923.830
Total T: 190000 Episode Num: 190 Episode T: 1000 Reward: 4937.290
---------------------------------------
Evaluation over 10 episodes: 4960.345
---------------------------------------
Total T: 191000 Episode Num: 191 Episode T: 1000 Reward: 4826.521
Total T: 192000 Episode Num: 192 Episode T: 1000 Reward: 4895.318
Total T: 193000 Episode Num: 193 Episode T: 1000 Reward: 5050.886
Total T: 194000 Episode Num: 194 Episode T: 1000 Reward: 4946.289
Total T: 195000 Episode Num: 195 Episode T: 1000 Reward: 4911.321
---------------------------------------
Evaluation over 10 episodes: 4979.879
---------------------------------------
Total T: 196000 Episode Num: 196 Episode T: 1000 Reward: 4980.784
Total T: 197000 Episode Num: 197 Episode T: 1000 Reward: 5030.396
Total T: 198000 Episode Num: 198 Episode T: 1000 Reward: 4954.223
Total T: 199000 Episode Num: 199 Episode T: 1000 Reward: 5130.554
Total T: 200000 Episode Num: 200 Episode T: 1000 Reward: 5040.866
---------------------------------------
Evaluation over 10 episodes: 5038.534
---------------------------------------
Total T: 201000 Episode Num: 201 Episode T: 1000 Reward: 4967.555
Total T: 202000 Episode Num: 202 Episode T: 1000 Reward: 5002.475
Total T: 203000 Episode Num: 203 Episode T: 1000 Reward: 5001.031
Total T: 204000 Episode Num: 204 Episode T: 1000 Reward: 5129.230
Total T: 205000 Episode Num: 205 Episode T: 1000 Reward: 5102.601
---------------------------------------
Evaluation over 10 episodes: 4999.858
---------------------------------------
Total T: 206000 Episode Num: 206 Episode T: 1000 Reward: 4973.127
Total T: 207000 Episode Num: 207 Episode T: 1000 Reward: 5008.288
Total T: 208000 Episode Num: 208 Episode T: 1000 Reward: 5109.221
Total T: 209000 Episode Num: 209 Episode T: 1000 Reward: 5105.210
Total T: 210000 Episode Num: 210 Episode T: 1000 Reward: 5060.317
---------------------------------------
Evaluation over 10 episodes: 5222.029
---------------------------------------
Total T: 211000 Episode Num: 211 Episode T: 1000 Reward: 5109.731
Total T: 212000 Episode Num: 212 Episode T: 1000 Reward: 5116.290
Total T: 213000 Episode Num: 213 Episode T: 1000 Reward: 5151.748
Total T: 214000 Episode Num: 214 Episode T: 1000 Reward: 5027.483
Total T: 215000 Episode Num: 215 Episode T: 1000 Reward: 5123.774
---------------------------------------
Evaluation over 10 episodes: 5212.029
---------------------------------------
Total T: 216000 Episode Num: 216 Episode T: 1000 Reward: 5151.884
Total T: 217000 Episode Num: 217 Episode T: 1000 Reward: 5234.234
Total T: 218000 Episode Num: 218 Episode T: 1000 Reward: 5238.375
Total T: 219000 Episode Num: 219 Episode T: 1000 Reward: 5226.247
Total T: 220000 Episode Num: 220 Episode T: 1000 Reward: 5126.124
---------------------------------------
Evaluation over 10 episodes: 5211.195
---------------------------------------
Total T: 221000 Episode Num: 221 Episode T: 1000 Reward: 5175.570
Total T: 222000 Episode Num: 222 Episode T: 1000 Reward: 5207.397
Total T: 223000 Episode Num: 223 Episode T: 1000 Reward: 5194.854
Total T: 224000 Episode Num: 224 Episode T: 1000 Reward: 5162.153
Total T: 225000 Episode Num: 225 Episode T: 1000 Reward: 5279.813
---------------------------------------
Evaluation over 10 episodes: 5253.030
---------------------------------------
Total T: 226000 Episode Num: 226 Episode T: 1000 Reward: 5209.482
Total T: 227000 Episode Num: 227 Episode T: 1000 Reward: 5200.753
Total T: 228000 Episode Num: 228 Episode T: 1000 Reward: 5320.044
Total T: 229000 Episode Num: 229 Episode T: 1000 Reward: 5217.086
Total T: 230000 Episode Num: 230 Episode T: 1000 Reward: 5168.842
---------------------------------------
Evaluation over 10 episodes: 5303.387
---------------------------------------
Total T: 231000 Episode Num: 231 Episode T: 1000 Reward: 5264.390
Total T: 232000 Episode Num: 232 Episode T: 1000 Reward: 5302.205
Total T: 233000 Episode Num: 233 Episode T: 1000 Reward: 5197.235
Total T: 234000 Episode Num: 234 Episode T: 1000 Reward: 5216.247
Total T: 235000 Episode Num: 235 Episode T: 1000 Reward: 5241.930
---------------------------------------
Evaluation over 10 episodes: 5418.573
---------------------------------------
Total T: 236000 Episode Num: 236 Episode T: 1000 Reward: 5252.977
Total T: 237000 Episode Num: 237 Episode T: 1000 Reward: 5224.991
Total T: 238000 Episode Num: 238 Episode T: 1000 Reward: 5294.644
Total T: 239000 Episode Num: 239 Episode T: 1000 Reward: 5330.833
Total T: 240000 Episode Num: 240 Episode T: 1000 Reward: 5397.076
---------------------------------------
Evaluation over 10 episodes: 5340.026
---------------------------------------
Total T: 241000 Episode Num: 241 Episode T: 1000 Reward: 5234.601
Total T: 242000 Episode Num: 242 Episode T: 1000 Reward: 5236.443
Total T: 243000 Episode Num: 243 Episode T: 1000 Reward: 5411.123
Total T: 244000 Episode Num: 244 Episode T: 1000 Reward: 5322.840
Total T: 245000 Episode Num: 245 Episode T: 1000 Reward: 5366.814
---------------------------------------
Evaluation over 10 episodes: 5281.814
---------------------------------------
Total T: 246000 Episode Num: 246 Episode T: 1000 Reward: 5310.589
Total T: 247000 Episode Num: 247 Episode T: 1000 Reward: 5134.601
Total T: 248000 Episode Num: 248 Episode T: 1000 Reward: 5285.730
Total T: 249000 Episode Num: 249 Episode T: 1000 Reward: 5289.229
Total T: 250000 Episode Num: 250 Episode T: 1000 Reward: 5293.782
---------------------------------------
Evaluation over 10 episodes: 5084.871
---------------------------------------
Total T: 251000 Episode Num: 251 Episode T: 1000 Reward: 5250.954
Total T: 252000 Episode Num: 252 Episode T: 1000 Reward: 5343.680
Total T: 253000 Episode Num: 253 Episode T: 1000 Reward: 5404.067
Total T: 254000 Episode Num: 254 Episode T: 1000 Reward: 5288.431
Total T: 255000 Episode Num: 255 Episode T: 1000 Reward: 5347.126
---------------------------------------
Evaluation over 10 episodes: 5438.385
---------------------------------------
Total T: 256000 Episode Num: 256 Episode T: 1000 Reward: 5342.283
Total T: 257000 Episode Num: 257 Episode T: 1000 Reward: 5335.673
Total T: 258000 Episode Num: 258 Episode T: 1000 Reward: 5145.770
Total T: 259000 Episode Num: 259 Episode T: 1000 Reward: 5242.533
Total T: 260000 Episode Num: 260 Episode T: 1000 Reward: 5318.794
---------------------------------------
Evaluation over 10 episodes: 5281.385
---------------------------------------
Total T: 261000 Episode Num: 261 Episode T: 1000 Reward: 5296.894
Total T: 262000 Episode Num: 262 Episode T: 1000 Reward: 5260.648
Total T: 263000 Episode Num: 263 Episode T: 1000 Reward: 5323.779
Total T: 264000 Episode Num: 264 Episode T: 1000 Reward: 5338.088
Total T: 265000 Episode Num: 265 Episode T: 1000 Reward: 5377.019
---------------------------------------
Evaluation over 10 episodes: 5404.024
---------------------------------------
Total T: 266000 Episode Num: 266 Episode T: 1000 Reward: 5392.700
Total T: 267000 Episode Num: 267 Episode T: 1000 Reward: 5435.210
Total T: 268000 Episode Num: 268 Episode T: 1000 Reward: 5437.042
Total T: 269000 Episode Num: 269 Episode T: 1000 Reward: 5212.491
Total T: 270000 Episode Num: 270 Episode T: 1000 Reward: 5444.805
---------------------------------------
Evaluation over 10 episodes: 5350.253
---------------------------------------
Total T: 271000 Episode Num: 271 Episode T: 1000 Reward: 5462.422
Total T: 272000 Episode Num: 272 Episode T: 1000 Reward: 5395.745
Total T: 273000 Episode Num: 273 Episode T: 1000 Reward: 5302.100
Total T: 274000 Episode Num: 274 Episode T: 1000 Reward: 5300.239
Total T: 275000 Episode Num: 275 Episode T: 1000 Reward: 5297.135
---------------------------------------
Evaluation over 10 episodes: 5489.460
---------------------------------------
Total T: 276000 Episode Num: 276 Episode T: 1000 Reward: 5477.620