---------------------------------------
Policy: TD3, Env: HalfCheetah-v2, Seed: 1
---------------------------------------
---------------------------------------
Evaluation over 10 episodes: -1.678
---------------------------------------
Total T: 1000 Episode Num: 1 Episode T: 1000 Reward: -248.341
Total T: 2000 Episode Num: 2 Episode T: 1000 Reward: -440.540
Total T: 3000 Episode Num: 3 Episode T: 1000 Reward: -329.740
Total T: 4000 Episode Num: 4 Episode T: 1000 Reward: -237.784
Total T: 5000 Episode Num: 5 Episode T: 1000 Reward: -487.368
---------------------------------------
Evaluation over 10 episodes: -1.666
---------------------------------------
Total T: 6000 Episode Num: 6 Episode T: 1000 Reward: -216.315
Total T: 7000 Episode Num: 7 Episode T: 1000 Reward: -311.501
Total T: 8000 Episode Num: 8 Episode T: 1000 Reward: -405.893
Total T: 9000 Episode Num: 9 Episode T: 1000 Reward: -465.426
Total T: 10000 Episode Num: 10 Episode T: 1000 Reward: -245.341
---------------------------------------
Evaluation over 10 episodes: -1.662
---------------------------------------
Total T: 11000 Episode Num: 11 Episode T: 1000 Reward: -225.516
Total T: 12000 Episode Num: 12 Episode T: 1000 Reward: -355.953
Total T: 13000 Episode Num: 13 Episode T: 1000 Reward: -304.638
Total T: 14000 Episode Num: 14 Episode T: 1000 Reward: -195.308
Total T: 15000 Episode Num: 15 Episode T: 1000 Reward: -263.942
---------------------------------------
Evaluation over 10 episodes: -1.686
---------------------------------------
Total T: 16000 Episode Num: 16 Episode T: 1000 Reward: -238.154
Total T: 17000 Episode Num: 17 Episode T: 1000 Reward: -250.374
Total T: 18000 Episode Num: 18 Episode T: 1000 Reward: -392.226
Total T: 19000 Episode Num: 19 Episode T: 1000 Reward: -470.321
Total T: 20000 Episode Num: 20 Episode T: 1000 Reward: -390.812
---------------------------------------
Evaluation over 10 episodes: -1.642
---------------------------------------
Total T: 21000 Episode Num: 21 Episode T: 1000 Reward: -347.722
Total T: 22000 Episode Num: 22 Episode T: 1000 Reward: -343.971
Total T: 23000 Episode Num: 23 Episode T: 1000 Reward: -414.957
Total T: 24000 Episode Num: 24 Episode T: 1000 Reward: -167.464
Total T: 25000 Episode Num: 25 Episode T: 1000 Reward: -242.787
---------------------------------------
Evaluation over 10 episodes: -1.635
---------------------------------------
Total T: 26000 Episode Num: 26 Episode T: 1000 Reward: -296.247
Total T: 27000 Episode Num: 27 Episode T: 1000 Reward: -426.021
Total T: 28000 Episode Num: 28 Episode T: 1000 Reward: -414.757
Total T: 29000 Episode Num: 29 Episode T: 1000 Reward: -380.344
Total T: 30000 Episode Num: 30 Episode T: 1000 Reward: -397.662
---------------------------------------
Evaluation over 10 episodes: -435.987
---------------------------------------
Total T: 31000 Episode Num: 31 Episode T: 1000 Reward: -470.014
Total T: 32000 Episode Num: 32 Episode T: 1000 Reward: -501.881
Total T: 33000 Episode Num: 33 Episode T: 1000 Reward: -486.932
Total T: 34000 Episode Num: 34 Episode T: 1000 Reward: -365.364
Total T: 35000 Episode Num: 35 Episode T: 1000 Reward: -220.736
---------------------------------------
Evaluation over 10 episodes: -123.075
---------------------------------------
Total T: 36000 Episode Num: 36 Episode T: 1000 Reward: -315.400
Total T: 37000 Episode Num: 37 Episode T: 1000 Reward: -468.450
Total T: 38000 Episode Num: 38 Episode T: 1000 Reward: -384.296
Total T: 39000 Episode Num: 39 Episode T: 1000 Reward: -476.254
Total T: 40000 Episode Num: 40 Episode T: 1000 Reward: 233.730
---------------------------------------
Evaluation over 10 episodes: 81.124
---------------------------------------
Total T: 41000 Episode Num: 41 Episode T: 1000 Reward: 0.792
Total T: 42000 Episode Num: 42 Episode T: 1000 Reward: -199.573
Total T: 43000 Episode Num: 43 Episode T: 1000 Reward: 858.720
Total T: 44000 Episode Num: 44 Episode T: 1000 Reward: 1330.838
Total T: 45000 Episode Num: 45 Episode T: 1000 Reward: 1632.160
---------------------------------------
Evaluation over 10 episodes: 1641.494
---------------------------------------
Total T: 46000 Episode Num: 46 Episode T: 1000 Reward: 1508.968
Total T: 47000 Episode Num: 47 Episode T: 1000 Reward: 1788.246
Total T: 48000 Episode Num: 48 Episode T: 1000 Reward: 1909.385
Total T: 49000 Episode Num: 49 Episode T: 1000 Reward: 1829.515
Total T: 50000 Episode Num: 50 Episode T: 1000 Reward: 1898.542
---------------------------------------
Evaluation over 10 episodes: 2053.741
---------------------------------------
Total T: 51000 Episode Num: 51 Episode T: 1000 Reward: 2218.456
Total T: 52000 Episode Num: 52 Episode T: 1000 Reward: 2150.518
Total T: 53000 Episode Num: 53 Episode T: 1000 Reward: 2132.381
Total T: 54000 Episode Num: 54 Episode T: 1000 Reward: 2422.903
Total T: 55000 Episode Num: 55 Episode T: 1000 Reward: 2194.324
---------------------------------------
Evaluation over 10 episodes: 2282.578
---------------------------------------
Total T: 56000 Episode Num: 56 Episode T: 1000 Reward: 2308.479
Total T: 57000 Episode Num: 57 Episode T: 1000 Reward: 2403.801
Total T: 58000 Episode Num: 58 Episode T: 1000 Reward: 2385.140
Total T: 59000 Episode Num: 59 Episode T: 1000 Reward: 2625.811
Total T: 60000 Episode Num: 60 Episode T: 1000 Reward: 2576.040
---------------------------------------
Evaluation over 10 episodes: 2518.722
---------------------------------------
Total T: 61000 Episode Num: 61 Episode T: 1000 Reward: 2500.758
Total T: 62000 Episode Num: 62 Episode T: 1000 Reward: 2770.323
Total T: 63000 Episode Num: 63 Episode T: 1000 Reward: 2692.569
Total T: 64000 Episode Num: 64 Episode T: 1000 Reward: 2881.638
Total T: 65000 Episode Num: 65 Episode T: 1000 Reward: 2804.241
---------------------------------------
Evaluation over 10 episodes: 2791.219
---------------------------------------
Total T: 66000 Episode Num: 66 Episode T: 1000 Reward: 1708.055
Total T: 67000 Episode Num: 67 Episode T: 1000 Reward: 2861.109
Total T: 68000 Episode Num: 68 Episode T: 1000 Reward: 3001.114
Total T: 69000 Episode Num: 69 Episode T: 1000 Reward: 3110.943
Total T: 70000 Episode Num: 70 Episode T: 1000 Reward: 3064.038
---------------------------------------
Evaluation over 10 episodes: 2928.955
---------------------------------------
Total T: 71000 Episode Num: 71 Episode T: 1000 Reward: 3184.105
Total T: 72000 Episode Num: 72 Episode T: 1000 Reward: 3328.510
Total T: 73000 Episode Num: 73 Episode T: 1000 Reward: 3124.412
Total T: 74000 Episode Num: 74 Episode T: 1000 Reward: 3216.146
Total T: 75000 Episode Num: 75 Episode T: 1000 Reward: 3353.053
---------------------------------------
Evaluation over 10 episodes: 3319.073
---------------------------------------
Total T: 76000 Episode Num: 76 Episode T: 1000 Reward: 3240.480
Total T: 77000 Episode Num: 77 Episode T: 1000 Reward: 3404.140
Total T: 78000 Episode Num: 78 Episode T: 1000 Reward: 3312.201
Total T: 79000 Episode Num: 79 Episode T: 1000 Reward: 3293.139
Total T: 80000 Episode Num: 80 Episode T: 1000 Reward: 3322.637
---------------------------------------
Evaluation over 10 episodes: 3409.471
---------------------------------------
Total T: 81000 Episode Num: 81 Episode T: 1000 Reward: 3494.085
Total T: 82000 Episode Num: 82 Episode T: 1000 Reward: 3356.183
Total T: 83000 Episode Num: 83 Episode T: 1000 Reward: 3503.247
Total T: 84000 Episode Num: 84 Episode T: 1000 Reward: 3356.875
Total T: 85000 Episode Num: 85 Episode T: 1000 Reward: 3388.877
---------------------------------------
Evaluation over 10 episodes: 3392.418
---------------------------------------
Total T: 86000 Episode Num: 86 Episode T: 1000 Reward: 3309.686
Total T: 87000 Episode Num: 87 Episode T: 1000 Reward: 3341.039
Total T: 88000 Episode Num: 88 Episode T: 1000 Reward: 3376.824
Total T: 89000 Episode Num: 89 Episode T: 1000 Reward: 3380.077
Total T: 90000 Episode Num: 90 Episode T: 1000 Reward: 3628.125
---------------------------------------
Evaluation over 10 episodes: 3323.656
---------------------------------------
Total T: 91000 Episode Num: 91 Episode T: 1000 Reward: 3285.694
Total T: 92000 Episode Num: 92 Episode T: 1000 Reward: 3434.599
Total T: 93000 Episode Num: 93 Episode T: 1000 Reward: 3333.142
Total T: 94000 Episode Num: 94 Episode T: 1000 Reward: 3438.534
Total T: 95000 Episode Num: 95 Episode T: 1000 Reward: 3423.574
---------------------------------------
Evaluation over 10 episodes: 3423.883
---------------------------------------
Total T: 96000 Episode Num: 96 Episode T: 1000 Reward: 3380.501
Total T: 97000 Episode Num: 97 Episode T: 1000 Reward: 3323.395
Total T: 98000 Episode Num: 98 Episode T: 1000 Reward: 3220.762
Total T: 99000 Episode Num: 99 Episode T: 1000 Reward: 3334.799
Total T: 100000 Episode Num: 100 Episode T: 1000 Reward: 3441.629
---------------------------------------
Evaluation over 10 episodes: 3443.084
---------------------------------------
Total T: 101000 Episode Num: 101 Episode T: 1000 Reward: 3610.907
Total T: 102000 Episode Num: 102 Episode T: 1000 Reward: 3365.364
Total T: 103000 Episode Num: 103 Episode T: 1000 Reward: 3495.521
Total T: 104000 Episode Num: 104 Episode T: 1000 Reward: 3540.490
Total T: 105000 Episode Num: 105 Episode T: 1000 Reward: 3550.076
---------------------------------------
Evaluation over 10 episodes: 3447.302
---------------------------------------
Total T: 106000 Episode Num: 106 Episode T: 1000 Reward: 3424.834
Total T: 107000 Episode Num: 107 Episode T: 1000 Reward: 3602.089
Total T: 108000 Episode Num: 108 Episode T: 1000 Reward: 3591.637
Total T: 109000 Episode Num: 109 Episode T: 1000 Reward: 3533.519
Total T: 110000 Episode Num: 110 Episode T: 1000 Reward: 3550.938
---------------------------------------
Evaluation over 10 episodes: 3562.071
---------------------------------------
Total T: 111000 Episode Num: 111 Episode T: 1000 Reward: 3778.941
Total T: 112000 Episode Num: 112 Episode T: 1000 Reward: 3702.766
Total T: 113000 Episode Num: 113 Episode T: 1000 Reward: 3699.738
Total T: 114000 Episode Num: 114 Episode T: 1000 Reward: 3675.333
Total T: 115000 Episode Num: 115 Episode T: 1000 Reward: 3512.219
---------------------------------------
Evaluation over 10 episodes: 3566.246
---------------------------------------
Total T: 116000 Episode Num: 116 Episode T: 1000 Reward: 3716.646
Total T: 117000 Episode Num: 117 Episode T: 1000 Reward: 3671.224
Total T: 118000 Episode Num: 118 Episode T: 1000 Reward: 3747.666
Total T: 119000 Episode Num: 119 Episode T: 1000 Reward: 3711.973
Total T: 120000 Episode Num: 120 Episode T: 1000 Reward: 3601.231
---------------------------------------
Evaluation over 10 episodes: 3400.402
---------------------------------------
Total T: 121000 Episode Num: 121 Episode T: 1000 Reward: 3628.912
Total T: 122000 Episode Num: 122 Episode T: 1000 Reward: 3848.011
Total T: 123000 Episode Num: 123 Episode T: 1000 Reward: 3631.358
Total T: 124000 Episode Num: 124 Episode T: 1000 Reward: 3658.413
Total T: 125000 Episode Num: 125 Episode T: 1000 Reward: 3526.975
---------------------------------------
Evaluation over 10 episodes: 3619.148
---------------------------------------
Total T: 126000 Episode Num: 126 Episode T: 1000 Reward: 3607.453
Total T: 127000 Episode Num: 127 Episode T: 1000 Reward: 3782.905
Total T: 128000 Episode Num: 128 Episode T: 1000 Reward: 3636.614
Total T: 129000 Episode Num: 129 Episode T: 1000 Reward: 3886.093
Total T: 130000 Episode Num: 130 Episode T: 1000 Reward: 3753.386
---------------------------------------
Evaluation over 10 episodes: 3585.882
---------------------------------------
Total T: 131000 Episode Num: 131 Episode T: 1000 Reward: 3697.063
Total T: 132000 Episode Num: 132 Episode T: 1000 Reward: 3726.852
Total T: 133000 Episode Num: 133 Episode T: 1000 Reward: 3795.586
Total T: 134000 Episode Num: 134 Episode T: 1000 Reward: 3671.273
Total T: 135000 Episode Num: 135 Episode T: 1000 Reward: 3845.802
---------------------------------------
Evaluation over 10 episodes: 3755.733
---------------------------------------
Total T: 136000 Episode Num: 136 Episode T: 1000 Reward: 3777.480
Total T: 137000 Episode Num: 137 Episode T: 1000 Reward: 3742.055
Total T: 138000 Episode Num: 138 Episode T: 1000 Reward: 3715.790
Total T: 139000 Episode Num: 139 Episode T: 1000 Reward: 3851.593
Total T: 140000 Episode Num: 140 Episode T: 1000 Reward: 3734.734
---------------------------------------
Evaluation over 10 episodes: 3782.819
---------------------------------------
Total T: 141000 Episode Num: 141 Episode T: 1000 Reward: 3839.609
Total T: 142000 Episode Num: 142 Episode T: 1000 Reward: 3896.763
Total T: 143000 Episode Num: 143 Episode T: 1000 Reward: 3643.971
Total T: 144000 Episode Num: 144 Episode T: 1000 Reward: 3907.217
Total T: 145000 Episode Num: 145 Episode T: 1000 Reward: 3810.849
---------------------------------------
Evaluation over 10 episodes: 3804.942
---------------------------------------
Total T: 146000 Episode Num: 146 Episode T: 1000 Reward: 3784.002
Total T: 147000 Episode Num: 147 Episode T: 1000 Reward: 3790.375
Total T: 148000 Episode Num: 148 Episode T: 1000 Reward: 4051.878
Total T: 149000 Episode Num: 149 Episode T: 1000 Reward: 3771.979
Total T: 150000 Episode Num: 150 Episode T: 1000 Reward: 3828.706
---------------------------------------
Evaluation over 10 episodes: 3859.563
---------------------------------------
Total T: 151000 Episode Num: 151 Episode T: 1000 Reward: 3874.635
Total T: 152000 Episode Num: 152 Episode T: 1000 Reward: 3881.046
Total T: 153000 Episode Num: 153 Episode T: 1000 Reward: 3996.116
Total T: 154000 Episode Num: 154 Episode T: 1000 Reward: 3889.898
Total T: 155000 Episode Num: 155 Episode T: 1000 Reward: 3939.919
---------------------------------------
Evaluation over 10 episodes: 3883.215
---------------------------------------
Total T: 156000 Episode Num: 156 Episode T: 1000 Reward: 3881.220
Total T: 157000 Episode Num: 157 Episode T: 1000 Reward: 3931.065
Total T: 158000 Episode Num: 158 Episode T: 1000 Reward: 4020.722
Total T: 159000 Episode Num: 159 Episode T: 1000 Reward: 3980.133
Total T: 160000 Episode Num: 160 Episode T: 1000 Reward: 4049.161
---------------------------------------
Evaluation over 10 episodes: 3999.030
---------------------------------------
Total T: 161000 Episode Num: 161 Episode T: 1000 Reward: 4000.062
Total T: 162000 Episode Num: 162 Episode T: 1000 Reward: 4065.368
Total T: 163000 Episode Num: 163 Episode T: 1000 Reward: 3983.502
Total T: 164000 Episode Num: 164 Episode T: 1000 Reward: 4180.289
Total T: 165000 Episode Num: 165 Episode T: 1000 Reward: 4020.424
---------------------------------------
Evaluation over 10 episodes: 4156.785
---------------------------------------
Total T: 166000 Episode Num: 166 Episode T: 1000 Reward: 4102.902
Total T: 167000 Episode Num: 167 Episode T: 1000 Reward: 4027.844
Total T: 168000 Episode Num: 168 Episode T: 1000 Reward: 4138.494
Total T: 169000 Episode Num: 169 Episode T: 1000 Reward: 4253.212
Total T: 170000 Episode Num: 170 Episode T: 1000 Reward: 4103.850
---------------------------------------
Evaluation over 10 episodes: 4129.984
---------------------------------------
Total T: 171000 Episode Num: 171 Episode T: 1000 Reward: 4159.276
Total T: 172000 Episode Num: 172 Episode T: 1000 Reward: 4110.903
Total T: 173000 Episode Num: 173 Episode T: 1000 Reward: 4263.621
Total T: 174000 Episode Num: 174 Episode T: 1000 Reward: 4272.353
Total T: 175000 Episode Num: 175 Episode T: 1000 Reward: 4172.111
---------------------------------------
Evaluation over 10 episodes: 4155.828
---------------------------------------
Total T: 176000 Episode Num: 176 Episode T: 1000 Reward: 4273.917
Total T: 177000 Episode Num: 177 Episode T: 1000 Reward: 4190.894
Total T: 178000 Episode Num: 178 Episode T: 1000 Reward: 4273.445
Total T: 179000 Episode Num: 179 Episode T: 1000 Reward: 4038.154
Total T: 180000 Episode Num: 180 Episode T: 1000 Reward: 4238.312
---------------------------------------
Evaluation over 10 episodes: 4221.074
---------------------------------------
Total T: 181000 Episode Num: 181 Episode T: 1000 Reward: 4252.151
Total T: 182000 Episode Num: 182 Episode T: 1000 Reward: 4281.048
Total T: 183000 Episode Num: 183 Episode T: 1000 Reward: 4329.169
Total T: 184000 Episode Num: 184 Episode T: 1000 Reward: 4112.905
Total T: 185000 Episode Num: 185 Episode T: 1000 Reward: 4270.843