---------------------------------------
Policy: TD3, Env: Swimmer-v2, Seed: 0
---------------------------------------
---------------------------------------
Evaluation over 10 episodes: -2.800
---------------------------------------
Total T: 1000 Episode Num: 1 Episode T: 1000 Reward: 12.105
Total T: 2000 Episode Num: 2 Episode T: 1000 Reward: 4.717
Total T: 3000 Episode Num: 3 Episode T: 1000 Reward: 1.544
Total T: 4000 Episode Num: 4 Episode T: 1000 Reward: -3.599
Total T: 5000 Episode Num: 5 Episode T: 1000 Reward: -6.216
---------------------------------------
Evaluation over 10 episodes: -2.419
---------------------------------------
Total T: 6000 Episode Num: 6 Episode T: 1000 Reward: -18.802
Total T: 7000 Episode Num: 7 Episode T: 1000 Reward: -5.636
Total T: 8000 Episode Num: 8 Episode T: 1000 Reward: -3.997
Total T: 9000 Episode Num: 9 Episode T: 1000 Reward: -3.671
Total T: 10000 Episode Num: 10 Episode T: 1000 Reward: -7.741
---------------------------------------
Evaluation over 10 episodes: -2.586
---------------------------------------
Total T: 11000 Episode Num: 11 Episode T: 1000 Reward: 2.795
Total T: 12000 Episode Num: 12 Episode T: 1000 Reward: 3.388
Total T: 13000 Episode Num: 13 Episode T: 1000 Reward: 16.227
Total T: 14000 Episode Num: 14 Episode T: 1000 Reward: -9.972
Total T: 15000 Episode Num: 15 Episode T: 1000 Reward: -6.782
---------------------------------------
Evaluation over 10 episodes: -1.715
---------------------------------------
Total T: 16000 Episode Num: 16 Episode T: 1000 Reward: 11.694
Total T: 17000 Episode Num: 17 Episode T: 1000 Reward: -15.257
Total T: 18000 Episode Num: 18 Episode T: 1000 Reward: -11.127
Total T: 19000 Episode Num: 19 Episode T: 1000 Reward: 1.300
Total T: 20000 Episode Num: 20 Episode T: 1000 Reward: -2.828
---------------------------------------
Evaluation over 10 episodes: -2.667
---------------------------------------
Total T: 21000 Episode Num: 21 Episode T: 1000 Reward: -26.874
Total T: 22000 Episode Num: 22 Episode T: 1000 Reward: 5.772
Total T: 23000 Episode Num: 23 Episode T: 1000 Reward: 4.883
Total T: 24000 Episode Num: 24 Episode T: 1000 Reward: -7.985
Total T: 25000 Episode Num: 25 Episode T: 1000 Reward: 1.043
---------------------------------------
Evaluation over 10 episodes: -1.962
---------------------------------------
Total T: 26000 Episode Num: 26 Episode T: 1000 Reward: 2.640
Total T: 27000 Episode Num: 27 Episode T: 1000 Reward: 38.488
Total T: 28000 Episode Num: 28 Episode T: 1000 Reward: 39.380
Total T: 29000 Episode Num: 29 Episode T: 1000 Reward: 34.096
Total T: 30000 Episode Num: 30 Episode T: 1000 Reward: 32.967
---------------------------------------
Evaluation over 10 episodes: 29.552
---------------------------------------
Total T: 31000 Episode Num: 31 Episode T: 1000 Reward: 35.298
Total T: 32000 Episode Num: 32 Episode T: 1000 Reward: 21.641
Total T: 33000 Episode Num: 33 Episode T: 1000 Reward: 28.981
Total T: 34000 Episode Num: 34 Episode T: 1000 Reward: 21.815
Total T: 35000 Episode Num: 35 Episode T: 1000 Reward: 27.386
---------------------------------------
Evaluation over 10 episodes: 34.081
---------------------------------------
Total T: 36000 Episode Num: 36 Episode T: 1000 Reward: 21.461
Total T: 37000 Episode Num: 37 Episode T: 1000 Reward: 34.453
Total T: 38000 Episode Num: 38 Episode T: 1000 Reward: 22.840
Total T: 39000 Episode Num: 39 Episode T: 1000 Reward: 15.063
Total T: 40000 Episode Num: 40 Episode T: 1000 Reward: 27.866
---------------------------------------
Evaluation over 10 episodes: 32.981
---------------------------------------
Total T: 41000 Episode Num: 41 Episode T: 1000 Reward: 35.391
Total T: 42000 Episode Num: 42 Episode T: 1000 Reward: 36.019
Total T: 43000 Episode Num: 43 Episode T: 1000 Reward: 35.922
Total T: 44000 Episode Num: 44 Episode T: 1000 Reward: 32.289
Total T: 45000 Episode Num: 45 Episode T: 1000 Reward: 43.788
---------------------------------------
Evaluation over 10 episodes: 44.354
---------------------------------------
Total T: 46000 Episode Num: 46 Episode T: 1000 Reward: 40.890
Total T: 47000 Episode Num: 47 Episode T: 1000 Reward: 43.550
Total T: 48000 Episode Num: 48 Episode T: 1000 Reward: 42.321
Total T: 49000 Episode Num: 49 Episode T: 1000 Reward: 43.155
Total T: 50000 Episode Num: 50 Episode T: 1000 Reward: 43.840
---------------------------------------
Evaluation over 10 episodes: 42.172
---------------------------------------
Total T: 51000 Episode Num: 51 Episode T: 1000 Reward: 42.737
Total T: 52000 Episode Num: 52 Episode T: 1000 Reward: 40.499
Total T: 53000 Episode Num: 53 Episode T: 1000 Reward: 44.074
Total T: 54000 Episode Num: 54 Episode T: 1000 Reward: 43.171
Total T: 55000 Episode Num: 55 Episode T: 1000 Reward: 40.246
---------------------------------------
Evaluation over 10 episodes: 41.210
---------------------------------------
Total T: 56000 Episode Num: 56 Episode T: 1000 Reward: 16.563
Total T: 57000 Episode Num: 57 Episode T: 1000 Reward: 37.816
Total T: 58000 Episode Num: 58 Episode T: 1000 Reward: 39.044
Total T: 59000 Episode Num: 59 Episode T: 1000 Reward: 39.110
Total T: 60000 Episode Num: 60 Episode T: 1000 Reward: 37.464
---------------------------------------
Evaluation over 10 episodes: 38.495
---------------------------------------
Total T: 61000 Episode Num: 61 Episode T: 1000 Reward: 31.975
Total T: 62000 Episode Num: 62 Episode T: 1000 Reward: 25.339
Total T: 63000 Episode Num: 63 Episode T: 1000 Reward: 22.855
Total T: 64000 Episode Num: 64 Episode T: 1000 Reward: 21.655
Total T: 65000 Episode Num: 65 Episode T: 1000 Reward: 21.452
---------------------------------------
Evaluation over 10 episodes: 21.220
---------------------------------------
Total T: 66000 Episode Num: 66 Episode T: 1000 Reward: 29.139
Total T: 67000 Episode Num: 67 Episode T: 1000 Reward: 20.089
Total T: 68000 Episode Num: 68 Episode T: 1000 Reward: 15.401
Total T: 69000 Episode Num: 69 Episode T: 1000 Reward: 17.691
Total T: 70000 Episode Num: 70 Episode T: 1000 Reward: 31.333
---------------------------------------
Evaluation over 10 episodes: 37.316
---------------------------------------
Total T: 71000 Episode Num: 71 Episode T: 1000 Reward: 40.379
Total T: 72000 Episode Num: 72 Episode T: 1000 Reward: 41.013
Total T: 73000 Episode Num: 73 Episode T: 1000 Reward: -7.691
Total T: 74000 Episode Num: 74 Episode T: 1000 Reward: 6.667
Total T: 75000 Episode Num: 75 Episode T: 1000 Reward: 38.136
---------------------------------------
Evaluation over 10 episodes: 45.165
---------------------------------------
Total T: 76000 Episode Num: 76 Episode T: 1000 Reward: 36.782
Total T: 77000 Episode Num: 77 Episode T: 1000 Reward: 58.266
Total T: 78000 Episode Num: 78 Episode T: 1000 Reward: 29.899
Total T: 79000 Episode Num: 79 Episode T: 1000 Reward: 53.090
Total T: 80000 Episode Num: 80 Episode T: 1000 Reward: 15.595
---------------------------------------
Evaluation over 10 episodes: 18.393
---------------------------------------
Total T: 81000 Episode Num: 81 Episode T: 1000 Reward: 18.678
Total T: 82000 Episode Num: 82 Episode T: 1000 Reward: 19.863
Total T: 83000 Episode Num: 83 Episode T: 1000 Reward: 26.828
Total T: 84000 Episode Num: 84 Episode T: 1000 Reward: 40.134
Total T: 85000 Episode Num: 85 Episode T: 1000 Reward: 38.262
---------------------------------------
Evaluation over 10 episodes: 40.989
---------------------------------------
Total T: 86000 Episode Num: 86 Episode T: 1000 Reward: 40.027
Total T: 87000 Episode Num: 87 Episode T: 1000 Reward: 43.307
Total T: 88000 Episode Num: 88 Episode T: 1000 Reward: 41.212
Total T: 89000 Episode Num: 89 Episode T: 1000 Reward: 41.346
Total T: 90000 Episode Num: 90 Episode T: 1000 Reward: 42.560
---------------------------------------
Evaluation over 10 episodes: 45.076
---------------------------------------
Total T: 91000 Episode Num: 91 Episode T: 1000 Reward: 42.513
Total T: 92000 Episode Num: 92 Episode T: 1000 Reward: 42.860
Total T: 93000 Episode Num: 93 Episode T: 1000 Reward: 46.861
Total T: 94000 Episode Num: 94 Episode T: 1000 Reward: 41.749
Total T: 95000 Episode Num: 95 Episode T: 1000 Reward: 42.148
---------------------------------------
Evaluation over 10 episodes: 46.414
---------------------------------------
Total T: 96000 Episode Num: 96 Episode T: 1000 Reward: 38.623
Total T: 97000 Episode Num: 97 Episode T: 1000 Reward: 42.564
Total T: 98000 Episode Num: 98 Episode T: 1000 Reward: 44.697
Total T: 99000 Episode Num: 99 Episode T: 1000 Reward: 42.494
Total T: 100000 Episode Num: 100 Episode T: 1000 Reward: 39.414
---------------------------------------
Evaluation over 10 episodes: 46.102
---------------------------------------
Total T: 101000 Episode Num: 101 Episode T: 1000 Reward: 53.364
Total T: 102000 Episode Num: 102 Episode T: 1000 Reward: 48.698
Total T: 103000 Episode Num: 103 Episode T: 1000 Reward: 46.838
Total T: 104000 Episode Num: 104 Episode T: 1000 Reward: 43.789
Total T: 105000 Episode Num: 105 Episode T: 1000 Reward: 44.671
---------------------------------------
Evaluation over 10 episodes: 43.289
---------------------------------------
Total T: 106000 Episode Num: 106 Episode T: 1000 Reward: 41.421
Total T: 107000 Episode Num: 107 Episode T: 1000 Reward: 42.896
Total T: 108000 Episode Num: 108 Episode T: 1000 Reward: 39.189
Total T: 109000 Episode Num: 109 Episode T: 1000 Reward: 42.424
Total T: 110000 Episode Num: 110 Episode T: 1000 Reward: 35.600
---------------------------------------
Evaluation over 10 episodes: 37.895
---------------------------------------
Total T: 111000 Episode Num: 111 Episode T: 1000 Reward: 40.232
Total T: 112000 Episode Num: 112 Episode T: 1000 Reward: 40.328
Total T: 113000 Episode Num: 113 Episode T: 1000 Reward: 36.774
Total T: 114000 Episode Num: 114 Episode T: 1000 Reward: 43.019
Total T: 115000 Episode Num: 115 Episode T: 1000 Reward: 47.189
---------------------------------------
Evaluation over 10 episodes: 48.215
---------------------------------------
Total T: 116000 Episode Num: 116 Episode T: 1000 Reward: 45.486
Total T: 117000 Episode Num: 117 Episode T: 1000 Reward: 44.242
Total T: 118000 Episode Num: 118 Episode T: 1000 Reward: 40.750
Total T: 119000 Episode Num: 119 Episode T: 1000 Reward: 46.401
Total T: 120000 Episode Num: 120 Episode T: 1000 Reward: 47.814
---------------------------------------
Evaluation over 10 episodes: 43.027
---------------------------------------
Total T: 121000 Episode Num: 121 Episode T: 1000 Reward: 45.991
Total T: 122000 Episode Num: 122 Episode T: 1000 Reward: 41.667
Total T: 123000 Episode Num: 123 Episode T: 1000 Reward: 39.673
Total T: 124000 Episode Num: 124 Episode T: 1000 Reward: 40.651
Total T: 125000 Episode Num: 125 Episode T: 1000 Reward: 45.792
---------------------------------------
Evaluation over 10 episodes: 44.833
---------------------------------------
Total T: 126000 Episode Num: 126 Episode T: 1000 Reward: 47.361
Total T: 127000 Episode Num: 127 Episode T: 1000 Reward: 41.903
Total T: 128000 Episode Num: 128 Episode T: 1000 Reward: 46.871
Total T: 129000 Episode Num: 129 Episode T: 1000 Reward: 46.799
Total T: 130000 Episode Num: 130 Episode T: 1000 Reward: 46.426
---------------------------------------
Evaluation over 10 episodes: 48.787
---------------------------------------
Total T: 131000 Episode Num: 131 Episode T: 1000 Reward: 46.869
Total T: 132000 Episode Num: 132 Episode T: 1000 Reward: 43.080
Total T: 133000 Episode Num: 133 Episode T: 1000 Reward: 47.095
Total T: 134000 Episode Num: 134 Episode T: 1000 Reward: 43.939
Total T: 135000 Episode Num: 135 Episode T: 1000 Reward: 41.656
---------------------------------------
Evaluation over 10 episodes: 41.516
---------------------------------------
Total T: 136000 Episode Num: 136 Episode T: 1000 Reward: 38.809
Total T: 137000 Episode Num: 137 Episode T: 1000 Reward: 42.609
Total T: 138000 Episode Num: 138 Episode T: 1000 Reward: 44.582
Total T: 139000 Episode Num: 139 Episode T: 1000 Reward: 42.112
Total T: 140000 Episode Num: 140 Episode T: 1000 Reward: 38.030
---------------------------------------
Evaluation over 10 episodes: 36.157
---------------------------------------
Total T: 141000 Episode Num: 141 Episode T: 1000 Reward: 38.417
Total T: 142000 Episode Num: 142 Episode T: 1000 Reward: 40.636
Total T: 143000 Episode Num: 143 Episode T: 1000 Reward: 41.055
Total T: 144000 Episode Num: 144 Episode T: 1000 Reward: 46.595
Total T: 145000 Episode Num: 145 Episode T: 1000 Reward: 45.574
---------------------------------------
Evaluation over 10 episodes: 45.346
---------------------------------------
Total T: 146000 Episode Num: 146 Episode T: 1000 Reward: 46.011
Total T: 147000 Episode Num: 147 Episode T: 1000 Reward: 43.064
Total T: 148000 Episode Num: 148 Episode T: 1000 Reward: 47.625
Total T: 149000 Episode Num: 149 Episode T: 1000 Reward: 47.302
Total T: 150000 Episode Num: 150 Episode T: 1000 Reward: 45.902
---------------------------------------
Evaluation over 10 episodes: 44.513
---------------------------------------
Total T: 151000 Episode Num: 151 Episode T: 1000 Reward: 43.618
Total T: 152000 Episode Num: 152 Episode T: 1000 Reward: 42.418
Total T: 153000 Episode Num: 153 Episode T: 1000 Reward: 48.735
Total T: 154000 Episode Num: 154 Episode T: 1000 Reward: 45.054
Total T: 155000 Episode Num: 155 Episode T: 1000 Reward: 45.698
---------------------------------------
Evaluation over 10 episodes: 47.641
---------------------------------------
Total T: 156000 Episode Num: 156 Episode T: 1000 Reward: 34.167
Total T: 157000 Episode Num: 157 Episode T: 1000 Reward: 47.745
Total T: 158000 Episode Num: 158 Episode T: 1000 Reward: 47.569
Total T: 159000 Episode Num: 159 Episode T: 1000 Reward: 46.308
Total T: 160000 Episode Num: 160 Episode T: 1000 Reward: 47.356
---------------------------------------
Evaluation over 10 episodes: 46.708
---------------------------------------
Total T: 161000 Episode Num: 161 Episode T: 1000 Reward: 43.065
Total T: 162000 Episode Num: 162 Episode T: 1000 Reward: 47.605
Total T: 163000 Episode Num: 163 Episode T: 1000 Reward: 46.321
Total T: 164000 Episode Num: 164 Episode T: 1000 Reward: 44.288
Total T: 165000 Episode Num: 165 Episode T: 1000 Reward: 44.262
---------------------------------------
Evaluation over 10 episodes: 42.072
---------------------------------------
Total T: 166000 Episode Num: 166 Episode T: 1000 Reward: 45.810
Total T: 167000 Episode Num: 167 Episode T: 1000 Reward: 43.060
Total T: 168000 Episode Num: 168 Episode T: 1000 Reward: 45.035
Total T: 169000 Episode Num: 169 Episode T: 1000 Reward: 44.055
Total T: 170000 Episode Num: 170 Episode T: 1000 Reward: 48.122
---------------------------------------
Evaluation over 10 episodes: 47.187
---------------------------------------
Total T: 171000 Episode Num: 171 Episode T: 1000 Reward: 44.968
Total T: 172000 Episode Num: 172 Episode T: 1000 Reward: 47.823
Total T: 173000 Episode Num: 173 Episode T: 1000 Reward: 47.319
Total T: 174000 Episode Num: 174 Episode T: 1000 Reward: 42.792
Total T: 175000 Episode Num: 175 Episode T: 1000 Reward: 43.527
---------------------------------------
Evaluation over 10 episodes: 44.974
---------------------------------------
Total T: 176000 Episode Num: 176 Episode T: 1000 Reward: 44.443
Total T: 177000 Episode Num: 177 Episode T: 1000 Reward: 45.952
Total T: 178000 Episode Num: 178 Episode T: 1000 Reward: 43.860
Total T: 179000 Episode Num: 179 Episode T: 1000 Reward: 44.190
Total T: 180000 Episode Num: 180 Episode T: 1000 Reward: 38.599
---------------------------------------
Evaluation over 10 episodes: 45.987
---------------------------------------
Total T: 181000 Episode Num: 181 Episode T: 1000 Reward: 45.385
Total T: 182000 Episode Num: 182 Episode T: 1000 Reward: 47.204
Total T: 183000 Episode Num: 183 Episode T: 1000 Reward: 46.702
Total T: 184000 Episode Num: 184 Episode T: 1000 Reward: 43.126
Total T: 185000 Episode Num: 185 Episode T: 1000 Reward: 46.077
---------------------------------------
Evaluation over 10 episodes: 48.236
---------------------------------------
Total T: 186000 Episode Num: 186 Episode T: 1000 Reward: 39.979
Total T: 187000 Episode Num: 187 Episode T: 1000 Reward: 37.368
Total T: 188000 Episode Num: 188 Episode T: 1000 Reward: 44.126
Total T: 189000 Episode Num: 189 Episode T: 1000 Reward: 48.000
Total T: 190000 Episode Num: 190 Episode T: 1000 Reward: 46.130
---------------------------------------
Evaluation over 10 episodes: 49.861
---------------------------------------
Total T: 191000 Episode Num: 191 Episode T: 1000 Reward: 48.221
Total T: 192000 Episode Num: 192 Episode T: 1000 Reward: 47.680
Total T: 193000 Episode Num: 193 Episode T: 1000 Reward: 43.658
Total T: 194000 Episode Num: 194 Episode T: 1000 Reward: 43.801
Total T: 195000 Episode Num: 195 Episode T: 1000 Reward: 45.899
---------------------------------------
Evaluation over 10 episodes: 48.841
---------------------------------------
Total T: 196000 Episode Num: 196 Episode T: 1000 Reward: 32.954
Total T: 197000 Episode Num: 197 Episode T: 1000 Reward: 45.146
Total T: 198000 Episode Num: 198 Episode T: 1000 Reward: 45.920
Total T: 199000 Episode Num: 199 Episode T: 1000 Reward: 48.031
Total T: 200000 Episode Num: 200 Episode T: 1000 Reward: 44.479
---------------------------------------
Evaluation over 10 episodes: 45.855
---------------------------------------
Total T: 201000 Episode Num: 201 Episode T: 1000 Reward: 44.881
Total T: 202000 Episode Num: 202 Episode T: 1000 Reward: 43.653
Total T: 203000 Episode Num: 203 Episode T: 1000 Reward: 28.639
Total T: 204000 Episode Num: 204 Episode T: 1000 Reward: 49.572
Total T: 205000 Episode Num: 205 Episode T: 1000 Reward: 48.039
---------------------------------------
Evaluation over 10 episodes: 48.435
---------------------------------------
Total T: 206000 Episode Num: 206 Episode T: 1000 Reward: 47.226
Total T: 207000 Episode Num: 207 Episode T: 1000 Reward: 47.623
Total T: 208000 Episode Num: 208 Episode T: 1000 Reward: 45.967
Total T: 209000 Episode Num: 209 Episode T: 1000 Reward: 44.290
Total T: 210000 Episode Num: 210 Episode T: 1000 Reward: 49.660
---------------------------------------
Evaluation over 10 episodes: 45.835
---------------------------------------
Total T: 211000 Episode Num: 211 Episode T: 1000 Reward: 50.920
Total T: 212000 Episode Num: 212 Episode T: 1000 Reward: 47.578
Total T: 213000 Episode Num: 213 Episode T: 1000 Reward: 46.715
Total T: 214000 Episode Num: 214 Episode T: 1000 Reward: 45.278
Total T: 215000 Episode Num: 215 Episode T: 1000 Reward: 45.261
---------------------------------------
Evaluation over 10 episodes: 47.390
---------------------------------------
Total T: 216000 Episode Num: 216 Episode T: 1000 Reward: 49.710
Total T: 217000 Episode Num: 217 Episode T: 1000 Reward: 46.492
Total T: 218000 Episode Num: 218 Episode T: 1000 Reward: 49.373
Total T: 219000 Episode Num: 219 Episode T: 1000 Reward: 30.036
Total T: 220000 Episode Num: 220 Episode T: 1000 Reward: 46.358
---------------------------------------
Evaluation over 10 episodes: 44.684
---------------------------------------
Total T: 221000 Episode Num: 221 Episode T: 1000 Reward: 48.617
Total T: 222000 Episode Num: 222 Episode T: 1000 Reward: 48.457
Total T: 223000 Episode Num: 223 Episode T: 1000 Reward: 45.151
Total T: 224000 Episode Num: 224 Episode T: 1000 Reward: 47.602
Total T: 225000 Episode Num: 225 Episode T: 1000 Reward: 47.212
---------------------------------------
Evaluation over 10 episodes: 49.197
---------------------------------------
Total T: 226000 Episode Num: 226 Episode T: 1000 Reward: 46.976
Total T: 227000 Episode Num: 227 Episode T: 1000 Reward: 47.664
Total T: 228000 Episode Num: 228 Episode T: 1000 Reward: 48.424
Total T: 229000 Episode Num: 229 Episode T: 1000 Reward: 47.456
Total T: 230000 Episode Num: 230 Episode T: 1000 Reward: 45.217
---------------------------------------
Evaluation over 10 episodes: 48.855
---------------------------------------
Total T: 231000 Episode Num: 231 Episode T: 1000 Reward: 44.369
Total T: 232000 Episode Num: 232 Episode T: 1000 Reward: 43.664
Total T: 233000 Episode Num: 233 Episode T: 1000 Reward: 47.248
Total T: 234000 Episode Num: 234 Episode T: 1000 Reward: 45.263
Total T: 235000 Episode Num: 235 Episode T: 1000 Reward: 46.297
---------------------------------------
Evaluation over 10 episodes: 45.674
---------------------------------------
Total T: 236000 Episode Num: 236 Episode T: 1000 Reward: 46.889
Total T: 237000 Episode Num: 237 Episode T: 1000 Reward: 46.574
Total T: 238000 Episode Num: 238 Episode T: 1000 Reward: 45.143
Total T: 239000 Episode Num: 239 Episode T: 1000 Reward: 45.953
Total T: 240000 Episode Num: 240 Episode T: 1000 Reward: 44.350
---------------------------------------
Evaluation over 10 episodes: 49.645
---------------------------------------
Total T: 241000 Episode Num: 241 Episode T: 1000 Reward: 40.762
Total T: 242000 Episode Num: 242 Episode T: 1000 Reward: 43.743
Total T: 243000 Episode Num: 243 Episode T: 1000 Reward: 47.677
Total T: 244000 Episode Num: 244 Episode T: 1000 Reward: 45.852
Total T: 245000 Episode Num: 245 Episode T: 1000 Reward: 46.775
---------------------------------------
Evaluation over 10 episodes: 50.268
---------------------------------------
Total T: 246000 Episode Num: 246 Episode T: 1000 Reward: 48.399
Total T: 247000 Episode Num: 247 Episode T: 1000 Reward: 47.455
Total T: 248000 Episode Num: 248 Episode T: 1000 Reward: 48.440
Total T: 249000 Episode Num: 249 Episode T: 1000 Reward: 44.952
Total T: 250000 Episode Num: 250 Episode T: 1000 Reward: 49.078
---------------------------------------
Evaluation over 10 episodes: 47.644
---------------------------------------
Total T: 251000 Episode Num: 251 Episode T: 1000 Reward: 46.327
Total T: 252000 Episode Num: 252 Episode T: 1000 Reward: 46.762
Total T: 253000 Episode Num: 253 Episode T: 1000 Reward: 46.696
Total T: 254000 Episode Num: 254 Episode T: 1000 Reward: 46.793
Total T: 255000 Episode Num: 255 Episode T: 1000 Reward: 45.075
---------------------------------------
Evaluation over 10 episodes: 50.675
---------------------------------------
Total T: 256000 Episode Num: 256 Episode T: 1000 Reward: 48.664
Total T: 257000 Episode Num: 257 Episode T: 1000 Reward: 46.795
Total T: 258000 Episode Num: 258 Episode T: 1000 Reward: 48.217
Total T: 259000 Episode Num: 259 Episode T: 1000 Reward: 44.599
Total T: 260000 Episode Num: 260 Episode T: 1000 Reward: 45.048
---------------------------------------
Evaluation over 10 episodes: 52.313
---------------------------------------
Total T: 261000 Episode Num: 261 Episode T: 1000 Reward: 48.716
Total T: 262000 Episode Num: 262 Episode T: 1000 Reward: 47.875
Total T: 263000 Episode Num: 263 Episode T: 1000 Reward: 49.887
Total T: 264000 Episode Num: 264 Episode T: 1000 Reward: 49.107
Total T: 265000 Episode Num: 265 Episode T: 1000 Reward: 44.926
---------------------------------------
Evaluation over 10 episodes: 50.716
---------------------------------------
Total T: 266000 Episode Num: 266 Episode T: 1000 Reward: 47.276
Total T: 267000 Episode Num: 267 Episode T: 1000 Reward: 46.347
Total T: 268000 Episode Num: 268 Episode T: 1000 Reward: 46.514
Total T: 269000 Episode Num: 269 Episode T: 1000 Reward: 47.515
Total T: 270000 Episode Num: 270 Episode T: 1000 Reward: 49.218
---------------------------------------
Evaluation over 10 episodes: 50.035
---------------------------------------
Total T: 271000 Episode Num: 271 Episode T: 1000 Reward: 45.582
Total T: 272000 Episode Num: 272 Episode T: 1000 Reward: 49.938
Total T: 273000 Episode Num: 273 Episode T: 1000 Reward: 44.804
Total T: 274000 Episode Num: 274 Episode T: 1000 Reward: 45.462
Total T: 275000 Episode Num: 275 Episode T: 1000 Reward: 44.680
---------------------------------------
Evaluation over 10 episodes: 46.346
---------------------------------------
Total T: 276000 Episode Num: 276 Episode T: 1000 Reward: 49.418
Total T: 277000 Episode Num: 277 Episode T: 1000 Reward: 40.964
Total T: 278000 Episode Num: 278 Episode T: 1000 Reward: 46.974
Total T: 279000 Episode Num: 279 Episode T: 1000 Reward: 48.648
Total T: 280000 Episode Num: 280 Episode T: 1000 Reward: 44.841
---------------------------------------
Evaluation over 10 episodes: 49.929
---------------------------------------
Total T: 281000 Episode Num: 281 Episode T: 1000 Reward: 45.801
Total T: 282000 Episode Num: 282 Episode T: 1000 Reward: 44.513
Total T: 283000 Episode Num: 283 Episode T: 1000 Reward: 47.606
Total T: 284000 Episode Num: 284 Episode T: 1000 Reward: 45.906
Total T: 285000 Episode Num: 285 Episode T: 1000 Reward: 46.798
---------------------------------------
Evaluation over 10 episodes: 47.373
---------------------------------------
Total T: 286000 Episode Num: 286 Episode T: 1000 Reward: 44.946
Total T: 287000 Episode Num: 287 Episode T: 1000 Reward: 47.422
Total T: 288000 Episode Num: 288 Episode T: 1000 Reward: 34.036
Total T: 289000 Episode Num: 289 Episode T: 1000 Reward: 38.118
Total T: 290000 Episode Num: 290 Episode T: 1000 Reward: 46.366
---------------------------------------
Evaluation over 10 episodes: 48.534
---------------------------------------
Total T: 291000 Episode Num: 291 Episode T: 1000 Reward: 47.169
Total T: 292000 Episode Num: 292 Episode T: 1000 Reward: 46.990
Total T: 293000 Episode Num: 293 Episode T: 1000 Reward: 41.611
Total T: 294000 Episode Num: 294 Episode T: 1000 Reward: 45.797
Total T: 295000 Episode Num: 295 Episode T: 1000 Reward: 45.473
---------------------------------------
Evaluation over 10 episodes: 46.845
---------------------------------------
Total T: 296000 Episode Num: 296 Episode T: 1000 Reward: 44.792
Total T: 297000 Episode Num: 297 Episode T: 1000 Reward: 37.096
Total T: 298000 Episode Num: 298 Episode T: 1000 Reward: 49.371
Total T: 299000 Episode Num: 299 Episode T: 1000 Reward: 50.276
Total T: 300000 Episode Num: 300 Episode T: 1000 Reward: 45.673
---------------------------------------
Evaluation over 10 episodes: 47.368
---------------------------------------
Total T: 301000 Episode Num: 301 Episode T: 1000 Reward: 42.604
Total T: 302000 Episode Num: 302 Episode T: 1000 Reward: 46.441
Total T: 303000 Episode Num: 303 Episode T: 1000 Reward: 47.336
Total T: 304000 Episode Num: 304 Episode T: 1000 Reward: 47.137
Total T: 305000 Episode Num: 305 Episode T: 1000 Reward: 48.070
---------------------------------------
Evaluation over 10 episodes: 44.375
---------------------------------------
Total T: 306000 Episode Num: 306 Episode T: 1000 Reward: 44.831
Total T: 307000 Episode Num: 307 Episode T: 1000 Reward: 47.027
Total T: 308000 Episode Num: 308 Episode T: 1000 Reward: 43.983
Total T: 309000 Episode Num: 309 Episode T: 1000 Reward: 45.802
Total T: 310000 Episode Num: 310 Episode T: 1000 Reward: 45.389
---------------------------------------
Evaluation over 10 episodes: 45.477
---------------------------------------
Total T: 311000 Episode Num: 311 Episode T: 1000 Reward: 46.618
Total T: 312000 Episode Num: 312 Episode T: 1000 Reward: 49.331
Total T: 313000 Episode Num: 313 Episode T: 1000 Reward: 40.877
Total T: 314000 Episode Num: 314 Episode T: 1000 Reward: 50.876
Total T: 315000 Episode Num: 315 Episode T: 1000 Reward: 45.981
---------------------------------------
Evaluation over 10 episodes: 54.861
---------------------------------------
Total T: 316000 Episode Num: 316 Episode T: 1000 Reward: 41.473
Total T: 317000 Episode Num: 317 Episode T: 1000 Reward: 42.174
Total T: 318000 Episode Num: 318 Episode T: 1000 Reward: 52.087
Total T: 319000 Episode Num: 319 Episode T: 1000 Reward: 45.410
Total T: 320000 Episode Num: 320 Episode T: 1000 Reward: 46.698
---------------------------------------
Evaluation over 10 episodes: 51.078
---------------------------------------
Total T: 321000 Episode Num: 321 Episode T: 1000 Reward: 44.217
Total T: 322000 Episode Num: 322 Episode T: 1000 Reward: 45.850
Total T: 323000 Episode Num: 323 Episode T: 1000 Reward: 46.124
Total T: 324000 Episode Num: 324 Episode T: 1000 Reward: 49.984
Total T: 325000 Episode Num: 325 Episode T: 1000 Reward: 44.075
---------------------------------------
Evaluation over 10 episodes: 48.531
---------------------------------------
Total T: 326000 Episode Num: 326 Episode T: 1000 Reward: 50.641
Total T: 327000 Episode Num: 327 Episode T: 1000 Reward: 42.109
Total T: 328000 Episode Num: 328 Episode T: 1000 Reward: 45.883
Total T: 329000 Episode Num: 329 Episode T: 1000 Reward: 44.831
Total T: 330000 Episode Num: 330 Episode T: 1000 Reward: 47.912
---------------------------------------
Evaluation over 10 episodes: 50.023
---------------------------------------
Total T: 331000 Episode Num: 331 Episode T: 1000 Reward: 49.884
Total T: 332000 Episode Num: 332 Episode T: 1000 Reward: 49.444
Total T: 333000 Episode Num: 333 Episode T: 1000 Reward: 52.710
Total T: 334000 Episode Num: 334 Episode T: 1000 Reward: 41.915
Total T: 335000 Episode Num: 335 Episode T: 1000 Reward: 54.477
---------------------------------------
Evaluation over 10 episodes: 52.601
---------------------------------------
Total T: 336000 Episode Num: 336 Episode T: 1000 Reward: 55.798
Total T: 337000 Episode Num: 337 Episode T: 1000 Reward: 44.114
Total T: 338000 Episode Num: 338 Episode T: 1000 Reward: 52.367
Total T: 339000 Episode Num: 339 Episode T: 1000 Reward: 55.113
Total T: 340000 Episode Num: 340 Episode T: 1000 Reward: 45.719
---------------------------------------
Evaluation over 10 episodes: 58.168
---------------------------------------
Total T: 341000 Episode Num: 341 Episode T: 1000 Reward: 52.740
Total T: 342000 Episode Num: 342 Episode T: 1000 Reward: 58.917
Total T: 343000 Episode Num: 343 Episode T: 1000 Reward: 55.434
Total T: 344000 Episode Num: 344 Episode T: 1000 Reward: 43.376
Total T: 345000 Episode Num: 345 Episode T: 1000 Reward: 57.831
---------------------------------------
Evaluation over 10 episodes: 54.156
---------------------------------------
Total T: 346000 Episode Num: 346 Episode T: 1000 Reward: 55.958
Total T: 347000 Episode Num: 347 Episode T: 1000 Reward: 58.070
Total T: 348000 Episode Num: 348 Episode T: 1000 Reward: 54.419
Total T: 349000 Episode Num: 349 Episode T: 1000 Reward: 59.808
Total T: 350000 Episode Num: 350 Episode T: 1000 Reward: 43.742
---------------------------------------
Evaluation over 10 episodes: 57.421
---------------------------------------
Total T: 351000 Episode Num: 351 Episode T: 1000 Reward: 58.060
Total T: 352000 Episode Num: 352 Episode T: 1000 Reward: 61.729
Total T: 353000 Episode Num: 353 Episode T: 1000 Reward: 60.593
Total T: 354000 Episode Num: 354 Episode T: 1000 Reward: 59.690
Total T: 355000 Episode Num: 355 Episode T: 1000 Reward: 44.130
---------------------------------------
Evaluation over 10 episodes: 52.509
---------------------------------------
Total T: 356000 Episode Num: 356 Episode T: 1000 Reward: 61.015
Total T: 357000 Episode Num: 357 Episode T: 1000 Reward: 53.273
Total T: 358000 Episode Num: 358 Episode T: 1000 Reward: 46.745
Total T: 359000 Episode Num: 359 Episode T: 1000 Reward: 58.530
Total T: 360000 Episode Num: 360 Episode T: 1000 Reward: 55.058
---------------------------------------
Evaluation over 10 episodes: 54.172
---------------------------------------
Total T: 361000 Episode Num: 361 Episode T: 1000 Reward: 44.768
Total T: 362000 Episode Num: 362 Episode T: 1000 Reward: 54.810
Total T: 363000 Episode Num: 363 Episode T: 1000 Reward: 52.974
Total T: 364000 Episode Num: 364 Episode T: 1000 Reward: 51.688
Total T: 365000 Episode Num: 365 Episode T: 1000 Reward: 43.751
---------------------------------------
Evaluation over 10 episodes: 59.774
---------------------------------------
Total T: 366000 Episode Num: 366 Episode T: 1000 Reward: 55.423
Total T: 367000 Episode Num: 367 Episode T: 1000 Reward: 57.938
Total T: 368000 Episode Num: 368 Episode T: 1000 Reward: 59.785
Total T: 369000 Episode Num: 369 Episode T: 1000 Reward: 59.541
Total T: 370000 Episode Num: 370 Episode T: 1000 Reward: 44.196
---------------------------------------
Evaluation over 10 episodes: 57.729
---------------------------------------
Total T: 371000 Episode Num: 371 Episode T: 1000 Reward: 48.452
Total T: 372000 Episode Num: 372 Episode T: 1000 Reward: 60.969
Total T: 373000 Episode Num: 373 Episode T: 1000 Reward: 59.025
Total T: 374000 Episode Num: 374 Episode T: 1000 Reward: 45.754
Total T: 375000 Episode Num: 375 Episode T: 1000 Reward: 60.152
---------------------------------------
Evaluation over 10 episodes: 58.235
---------------------------------------
Total T: 376000 Episode Num: 376 Episode T: 1000 Reward: 48.451
Total T: 377000 Episode Num: 377 Episode T: 1000 Reward: 46.673
Total T: 378000 Episode Num: 378 Episode T: 1000 Reward: 44.138
Total T: 379000 Episode Num: 379 Episode T: 1000 Reward: 42.139
Total T: 380000 Episode Num: 380 Episode T: 1000 Reward: 58.187
---------------------------------------
Evaluation over 10 episodes: 54.373
---------------------------------------
Total T: 381000 Episode Num: 381 Episode T: 1000 Reward: 45.126
Total T: 382000 Episode Num: 382 Episode T: 1000 Reward: 42.402
Total T: 383000 Episode Num: 383 Episode T: 1000 Reward: 58.030
Total T: 384000 Episode Num: 384 Episode T: 1000 Reward: 60.520
Total T: 385000 Episode Num: 385 Episode T: 1000 Reward: 46.813
---------------------------------------
Evaluation over 10 episodes: 55.759
---------------------------------------
Total T: 386000 Episode Num: 386 Episode T: 1000 Reward: 59.288
Total T: 387000 Episode Num: 387 Episode T: 1000 Reward: 59.235
Total T: 388000 Episode Num: 388 Episode T: 1000 Reward: 58.508
Total T: 389000 Episode Num: 389 Episode T: 1000 Reward: 59.034
Total T: 390000 Episode Num: 390 Episode T: 1000 Reward: 61.595
---------------------------------------
Evaluation over 10 episodes: 53.005
---------------------------------------
Total T: 391000 Episode Num: 391 Episode T: 1000 Reward: 45.860
Total T: 392000 Episode Num: 392 Episode T: 1000 Reward: 44.322
Total T: 393000 Episode Num: 393 Episode T: 1000 Reward: 60.640
Total T: 394000 Episode Num: 394 Episode T: 1000 Reward: 58.546
Total T: 395000 Episode Num: 395 Episode T: 1000 Reward: 62.369
---------------------------------------
Evaluation over 10 episodes: 54.725
---------------------------------------
Total T: 396000 Episode Num: 396 Episode T: 1000 Reward: 59.427
Total T: 397000 Episode Num: 397 Episode T: 1000 Reward: 59.020
Total T: 398000 Episode Num: 398 Episode T: 1000 Reward: 61.058
Total T: 399000 Episode Num: 399 Episode T: 1000 Reward: 60.218
Total T: 400000 Episode Num: 400 Episode T: 1000 Reward: 59.882
---------------------------------------
Evaluation over 10 episodes: 54.654
---------------------------------------
Total T: 401000 Episode Num: 401 Episode T: 1000 Reward: 46.321
Total T: 402000 Episode Num: 402 Episode T: 1000 Reward: 59.408
Total T: 403000 Episode Num: 403 Episode T: 1000 Reward: 61.073
Total T: 404000 Episode Num: 404 Episode T: 1000 Reward: 44.499
Total T: 405000 Episode Num: 405 Episode T: 1000 Reward: 58.623
---------------------------------------
Evaluation over 10 episodes: 54.638
---------------------------------------
Total T: 406000 Episode Num: 406 Episode T: 1000 Reward: 59.933
Total T: 407000 Episode Num: 407 Episode T: 1000 Reward: 61.152
Total T: 408000 Episode Num: 408 Episode T: 1000 Reward: 45.296
Total T: 409000 Episode Num: 409 Episode T: 1000 Reward: 59.119
Total T: 410000 Episode Num: 410 Episode T: 1000 Reward: 59.972
---------------------------------------
Evaluation over 10 episodes: 52.137
---------------------------------------
Total T: 411000 Episode Num: 411 Episode T: 1000 Reward: 43.874
Total T: 412000 Episode Num: 412 Episode T: 1000 Reward: 60.253
Total T: 413000 Episode Num: 413 Episode T: 1000 Reward: 57.131
Total T: 414000 Episode Num: 414 Episode T: 1000 Reward: 60.362
Total T: 415000 Episode Num: 415 Episode T: 1000 Reward: 60.564
---------------------------------------
Evaluation over 10 episodes: 55.487
---------------------------------------
Total T: 416000 Episode Num: 416 Episode T: 1000 Reward: 57.820
Total T: 417000 Episode Num: 417 Episode T: 1000 Reward: 57.290
Total T: 418000 Episode Num: 418 Episode T: 1000 Reward: 44.646
Total T: 419000 Episode Num: 419 Episode T: 1000 Reward: 43.839
Total T: 420000 Episode Num: 420 Episode T: 1000 Reward: 59.749
---------------------------------------
Evaluation over 10 episodes: 54.407
---------------------------------------
Total T: 421000 Episode Num: 421 Episode T: 1000 Reward: 56.832
Total T: 422000 Episode Num: 422 Episode T: 1000 Reward: 44.404
Total T: 423000 Episode Num: 423 Episode T: 1000 Reward: 58.306
Total T: 424000 Episode Num: 424 Episode T: 1000 Reward: 58.070
Total T: 425000 Episode Num: 425 Episode T: 1000 Reward: 46.334
---------------------------------------
Evaluation over 10 episodes: 55.084
---------------------------------------
Total T: 426000 Episode Num: 426 Episode T: 1000 Reward: 58.821
Total T: 427000 Episode Num: 427 Episode T: 1000 Reward: 58.510
Total T: 428000 Episode Num: 428 Episode T: 1000 Reward: 45.073
Total T: 429000 Episode Num: 429 Episode T: 1000 Reward: 43.459
Total T: 430000 Episode Num: 430 Episode T: 1000 Reward: 58.208
---------------------------------------
Evaluation over 10 episodes: 52.366
---------------------------------------
Total T: 431000 Episode Num: 431 Episode T: 1000 Reward: 57.967
Total T: 432000 Episode Num: 432 Episode T: 1000 Reward: 57.421
Total T: 433000 Episode Num: 433 Episode T: 1000 Reward: 56.124
Total T: 434000 Episode Num: 434 Episode T: 1000 Reward: 58.137
Total T: 435000 Episode Num: 435 Episode T: 1000 Reward: 46.208
---------------------------------------
Evaluation over 10 episodes: 51.743
---------------------------------------
Total T: 436000 Episode Num: 436 Episode T: 1000 Reward: 57.727
Total T: 437000 Episode Num: 437 Episode T: 1000 Reward: 58.196
Total T: 438000 Episode Num: 438 Episode T: 1000 Reward: 42.747
Total T: 439000 Episode Num: 439 Episode T: 1000 Reward: 47.184
Total T: 440000 Episode Num: 440 Episode T: 1000 Reward: 58.801
---------------------------------------
Evaluation over 10 episodes: 52.789
---------------------------------------
Total T: 441000 Episode Num: 441 Episode T: 1000 Reward: 47.881
Total T: 442000 Episode Num: 442 Episode T: 1000 Reward: 57.670
Total T: 443000 Episode Num: 443 Episode T: 1000 Reward: 44.381
Total T: 444000 Episode Num: 444 Episode T: 1000 Reward: 57.347
Total T: 445000 Episode Num: 445 Episode T: 1000 Reward: 55.566
---------------------------------------
Evaluation over 10 episodes: 52.415
---------------------------------------
Total T: 446000 Episode Num: 446 Episode T: 1000 Reward: 58.095
Total T: 447000 Episode Num: 447 Episode T: 1000 Reward: 58.000
Total T: 448000 Episode Num: 448 Episode T: 1000 Reward: 54.719
Total T: 449000 Episode Num: 449 Episode T: 1000 Reward: 57.444
Total T: 450000 Episode Num: 450 Episode T: 1000 Reward: 55.740
---------------------------------------
Evaluation over 10 episodes: 53.447
---------------------------------------
Total T: 451000 Episode Num: 451 Episode T: 1000 Reward: 45.184
Total T: 452000 Episode Num: 452 Episode T: 1000 Reward: 48.731
Total T: 453000 Episode Num: 453 Episode T: 1000 Reward: 47.741
Total T: 454000 Episode Num: 454 Episode T: 1000 Reward: 58.513
Total T: 455000 Episode Num: 455 Episode T: 1000 Reward: 61.205
---------------------------------------
Evaluation over 10 episodes: 54.493
---------------------------------------
Total T: 456000 Episode Num: 456 Episode T: 1000 Reward: 58.967
Total T: 457000 Episode Num: 457 Episode T: 1000 Reward: 46.007
Total T: 458000 Episode Num: 458 Episode T: 1000 Reward: 45.906
Total T: 459000 Episode Num: 459 Episode T: 1000 Reward: 57.505
Total T: 460000 Episode Num: 460 Episode T: 1000 Reward: 42.959
---------------------------------------
Evaluation over 10 episodes: 52.553
---------------------------------------
Total T: 461000 Episode Num: 461 Episode T: 1000 Reward: 43.155
Total T: 462000 Episode Num: 462 Episode T: 1000 Reward: 59.256
Total T: 463000 Episode Num: 463 Episode T: 1000 Reward: 58.859
Total T: 464000 Episode Num: 464 Episode T: 1000 Reward: 57.978
Total T: 465000 Episode Num: 465 Episode T: 1000 Reward: 56.204
---------------------------------------
Evaluation over 10 episodes: 52.195
---------------------------------------
Total T: 466000 Episode Num: 466 Episode T: 1000 Reward: 60.245
Total T: 467000 Episode Num: 467 Episode T: 1000 Reward: 45.780
Total T: 468000 Episode Num: 468 Episode T: 1000 Reward: 45.400
Total T: 469000 Episode Num: 469 Episode T: 1000 Reward: 56.325
Total T: 470000 Episode Num: 470 Episode T: 1000 Reward: 44.838
---------------------------------------
Evaluation over 10 episodes: 52.283
---------------------------------------
Total T: 471000 Episode Num: 471 Episode T: 1000 Reward: 47.983
Total T: 472000 Episode Num: 472 Episode T: 1000 Reward: 59.082
Total T: 473000 Episode Num: 473 Episode T: 1000 Reward: 59.066
Total T: 474000 Episode Num: 474 Episode T: 1000 Reward: 58.754
Total T: 475000 Episode Num: 475 Episode T: 1000 Reward: 59.253
---------------------------------------
Evaluation over 10 episodes: 53.155
---------------------------------------
Total T: 476000 Episode Num: 476 Episode T: 1000 Reward: 48.308
Total T: 477000 Episode Num: 477 Episode T: 1000 Reward: 57.948
Total T: 478000 Episode Num: 478 Episode T: 1000 Reward: 45.933
Total T: 479000 Episode Num: 479 Episode T: 1000 Reward: 60.106
Total T: 480000 Episode Num: 480 Episode T: 1000 Reward: 48.240
---------------------------------------
Evaluation over 10 episodes: 53.632
---------------------------------------
Total T: 481000 Episode Num: 481 Episode T: 1000 Reward: 42.750
Total T: 482000 Episode Num: 482 Episode T: 1000 Reward: 55.831
Total T: 483000 Episode Num: 483 Episode T: 1000 Reward: 57.270
Total T: 484000 Episode Num: 484 Episode T: 1000 Reward: 45.156
Total T: 485000 Episode Num: 485 Episode T: 1000 Reward: 61.025
---------------------------------------
Evaluation over 10 episodes: 54.304
---------------------------------------
Total T: 486000 Episode Num: 486 Episode T: 1000 Reward: 58.162
Total T: 487000 Episode Num: 487 Episode T: 1000 Reward: 57.630
Total T: 488000 Episode Num: 488 Episode T: 1000 Reward: 56.500
Total T: 489000 Episode Num: 489 Episode T: 1000 Reward: 55.788
Total T: 490000 Episode Num: 490 Episode T: 1000 Reward: 45.947
---------------------------------------
Evaluation over 10 episodes: 53.047
---------------------------------------
Total T: 491000 Episode Num: 491 Episode T: 1000 Reward: 57.875
Total T: 492000 Episode Num: 492 Episode T: 1000 Reward: 44.985
Total T: 493000 Episode Num: 493 Episode T: 1000 Reward: 56.854
Total T: 494000 Episode Num: 494 Episode T: 1000 Reward: 47.089
Total T: 495000 Episode Num: 495 Episode T: 1000 Reward: 59.125
---------------------------------------
Evaluation over 10 episodes: 52.909
---------------------------------------
Total T: 496000 Episode Num: 496 Episode T: 1000 Reward: 59.080
Total T: 497000 Episode Num: 497 Episode T: 1000 Reward: 58.669
Total T: 498000 Episode Num: 498 Episode T: 1000 Reward: 54.704
Total T: 499000 Episode Num: 499 Episode T: 1000 Reward: 57.333
Total T: 500000 Episode Num: 500 Episode T: 1000 Reward: 55.010
---------------------------------------
Evaluation over 10 episodes: 52.679
---------------------------------------
Total T: 501000 Episode Num: 501 Episode T: 1000 Reward: 57.001
Total T: 502000 Episode Num: 502 Episode T: 1000 Reward: 55.833
Total T: 503000 Episode Num: 503 Episode T: 1000 Reward: 44.923
Total T: 504000 Episode Num: 504 Episode T: 1000 Reward: 44.967
Total T: 505000 Episode Num: 505 Episode T: 1000 Reward: 57.637
---------------------------------------
Evaluation over 10 episodes: 50.996
---------------------------------------
Total T: 506000 Episode Num: 506 Episode T: 1000 Reward: 45.846
Total T: 507000 Episode Num: 507 Episode T: 1000 Reward: 45.869
Total T: 508000 Episode Num: 508 Episode T: 1000 Reward: 56.176
Total T: 509000 Episode Num: 509 Episode T: 1000 Reward: 55.613
Total T: 510000 Episode Num: 510 Episode T: 1000 Reward: 57.882
---------------------------------------
Evaluation over 10 episodes: 52.744
---------------------------------------
Total T: 511000 Episode Num: 511 Episode T: 1000 Reward: 53.843
Total T: 512000 Episode Num: 512 Episode T: 1000 Reward: 44.735
Total T: 513000 Episode Num: 513 Episode T: 1000 Reward: 56.455
Total T: 514000 Episode Num: 514 Episode T: 1000 Reward: 55.037
Total T: 515000 Episode Num: 515 Episode T: 1000 Reward: 55.916
---------------------------------------
Evaluation over 10 episodes: 53.164
---------------------------------------
Total T: 516000 Episode Num: 516 Episode T: 1000 Reward: 58.549
Total T: 517000 Episode Num: 517 Episode T: 1000 Reward: 43.784
Total T: 518000 Episode Num: 518 Episode T: 1000 Reward: 55.781
Total T: 519000 Episode Num: 519 Episode T: 1000 Reward: 57.209
Total T: 520000 Episode Num: 520 Episode T: 1000 Reward: 47.257
---------------------------------------
Evaluation over 10 episodes: 53.557
---------------------------------------
Total T: 521000 Episode Num: 521 Episode T: 1000 Reward: 46.862
Total T: 522000 Episode Num: 522 Episode T: 1000 Reward: 56.768
Total T: 523000 Episode Num: 523 Episode T: 1000 Reward: 57.293
Total T: 524000 Episode Num: 524 Episode T: 1000 Reward: 45.620
Total T: 525000 Episode Num: 525 Episode T: 1000 Reward: 58.605
---------------------------------------
Evaluation over 10 episodes: 53.142
---------------------------------------
Total T: 526000 Episode Num: 526 Episode T: 1000 Reward: 47.939
Total T: 527000 Episode Num: 527 Episode T: 1000 Reward: 57.369
Total T: 528000 Episode Num: 528 Episode T: 1000 Reward: 49.261
Total T: 529000 Episode Num: 529 Episode T: 1000 Reward: 55.468
Total T: 530000 Episode Num: 530 Episode T: 1000 Reward: 47.642
---------------------------------------
Evaluation over 10 episodes: 51.655
---------------------------------------
Total T: 531000 Episode Num: 531 Episode T: 1000 Reward: 43.769
Total T: 532000 Episode Num: 532 Episode T: 1000 Reward: 58.932
Total T: 533000 Episode Num: 533 Episode T: 1000 Reward: 57.497
Total T: 534000 Episode Num: 534 Episode T: 1000 Reward: 57.336
Total T: 535000 Episode Num: 535 Episode T: 1000 Reward: 55.571
---------------------------------------
Evaluation over 10 episodes: 54.763
---------------------------------------
Total T: 536000 Episode Num: 536 Episode T: 1000 Reward: 48.004
Total T: 537000 Episode Num: 537 Episode T: 1000 Reward: 54.396
Total T: 538000 Episode Num: 538 Episode T: 1000 Reward: 56.127
Total T: 539000 Episode Num: 539 Episode T: 1000 Reward: 55.202
Total T: 540000 Episode Num: 540 Episode T: 1000 Reward: 59.326
---------------------------------------
Evaluation over 10 episodes: 51.283
---------------------------------------
Total T: 541000 Episode Num: 541 Episode T: 1000 Reward: 56.518
Total T: 542000 Episode Num: 542 Episode T: 1000 Reward: 58.344
Total T: 543000 Episode Num: 543 Episode T: 1000 Reward: 56.001
Total T: 544000 Episode Num: 544 Episode T: 1000 Reward: 48.377
Total T: 545000 Episode Num: 545 Episode T: 1000 Reward: 57.902
---------------------------------------
Evaluation over 10 episodes: 52.334
---------------------------------------
Total T: 546000 Episode Num: 546 Episode T: 1000 Reward: 54.712
Total T: 547000 Episode Num: 547 Episode T: 1000 Reward: 44.325
Total T: 548000 Episode Num: 548 Episode T: 1000 Reward: 55.848
Total T: 549000 Episode Num: 549 Episode T: 1000 Reward: 44.621
Total T: 550000 Episode Num: 550 Episode T: 1000 Reward: 55.469
---------------------------------------
Evaluation over 10 episodes: 53.436
---------------------------------------
Total T: 551000 Episode Num: 551 Episode T: 1000 Reward: 57.634
Total T: 552000 Episode Num: 552 Episode T: 1000 Reward: 58.089
Total T: 553000 Episode Num: 553 Episode T: 1000 Reward: 57.249
Total T: 554000 Episode Num: 554 Episode T: 1000 Reward: 54.506
Total T: 555000 Episode Num: 555 Episode T: 1000 Reward: 56.787
---------------------------------------
Evaluation over 10 episodes: 54.140
---------------------------------------
Total T: 556000 Episode Num: 556 Episode T: 1000 Reward: 57.542
Total T: 557000 Episode Num: 557 Episode T: 1000 Reward: 57.391
Total T: 558000 Episode Num: 558 Episode T: 1000 Reward: 59.525
Total T: 559000 Episode Num: 559 Episode T: 1000 Reward: 57.625
Total T: 560000 Episode Num: 560 Episode T: 1000 Reward: 48.679
---------------------------------------
Evaluation over 10 episodes: 53.310
---------------------------------------
Total T: 561000 Episode Num: 561 Episode T: 1000 Reward: 60.803
Total T: 562000 Episode Num: 562 Episode T: 1000 Reward: 47.747
Total T: 563000 Episode Num: 563 Episode T: 1000 Reward: 58.679
Total T: 564000 Episode Num: 564 Episode T: 1000 Reward: 60.353
Total T: 565000 Episode Num: 565 Episode T: 1000 Reward: 45.756
---------------------------------------
Evaluation over 10 episodes: 55.153
---------------------------------------
Total T: 566000 Episode Num: 566 Episode T: 1000 Reward: 57.812
Total T: 567000 Episode Num: 567 Episode T: 1000 Reward: 48.079
Total T: 568000 Episode Num: 568 Episode T: 1000 Reward: 46.752
Total T: 569000 Episode Num: 569 Episode T: 1000 Reward: 61.718
Total T: 570000 Episode Num: 570 Episode T: 1000 Reward: 47.989
---------------------------------------
Evaluation over 10 episodes: 56.105
---------------------------------------
Total T: 571000 Episode Num: 571 Episode T: 1000 Reward: 46.960
Total T: 572000 Episode Num: 572 Episode T: 1000 Reward: 48.243
Total T: 573000 Episode Num: 573 Episode T: 1000 Reward: 58.441
Total T: 574000 Episode Num: 574 Episode T: 1000 Reward: 60.476
Total T: 575000 Episode Num: 575 Episode T: 1000 Reward: 43.439
---------------------------------------
Evaluation over 10 episodes: 53.427
---------------------------------------
Total T: 576000 Episode Num: 576 Episode T: 1000 Reward: 47.199
Total T: 577000 Episode Num: 577 Episode T: 1000 Reward: 59.760
Total T: 578000 Episode Num: 578 Episode T: 1000 Reward: 61.585
Total T: 579000 Episode Num: 579 Episode T: 1000 Reward: 48.192
Total T: 580000 Episode Num: 580 Episode T: 1000 Reward: 60.463
---------------------------------------
Evaluation over 10 episodes: 54.070
---------------------------------------
Total T: 581000 Episode Num: 581 Episode T: 1000 Reward: 60.146
Total T: 582000 Episode Num: 582 Episode T: 1000 Reward: 49.687
Total T: 583000 Episode Num: 583 Episode T: 1000 Reward: 58.676
Total T: 584000 Episode Num: 584 Episode T: 1000 Reward: 44.791
Total T: 585000 Episode Num: 585 Episode T: 1000 Reward: 47.817
---------------------------------------
Evaluation over 10 episodes: 54.452
---------------------------------------
Total T: 586000 Episode Num: 586 Episode T: 1000 Reward: 48.656
Total T: 587000 Episode Num: 587 Episode T: 1000 Reward: 61.147
Total T: 588000 Episode Num: 588 Episode T: 1000 Reward: 44.894
Total T: 589000 Episode Num: 589 Episode T: 1000 Reward: 59.942
Total T: 590000 Episode Num: 590 Episode T: 1000 Reward: 44.259
---------------------------------------
Evaluation over 10 episodes: 55.752
---------------------------------------
Total T: 591000 Episode Num: 591 Episode T: 1000 Reward: 62.234
Total T: 592000 Episode Num: 592 Episode T: 1000 Reward: 61.775
Total T: 593000 Episode Num: 593 Episode T: 1000 Reward: 45.906
Total T: 594000 Episode Num: 594 Episode T: 1000 Reward: 47.768
Total T: 595000 Episode Num: 595 Episode T: 1000 Reward: 60.129
---------------------------------------
Evaluation over 10 episodes: 56.120
---------------------------------------
Total T: 596000 Episode Num: 596 Episode T: 1000 Reward: 48.443
Total T: 597000 Episode Num: 597 Episode T: 1000 Reward: 58.280
Total T: 598000 Episode Num: 598 Episode T: 1000 Reward: 62.516
Total T: 599000 Episode Num: 599 Episode T: 1000 Reward: 60.930
Total T: 600000 Episode Num: 600 Episode T: 1000 Reward: 46.849
---------------------------------------
Evaluation over 10 episodes: 54.505
---------------------------------------
Total T: 601000 Episode Num: 601 Episode T: 1000 Reward: 59.252
Total T: 602000 Episode Num: 602 Episode T: 1000 Reward: 58.165
Total T: 603000 Episode Num: 603 Episode T: 1000 Reward: 58.307
Total T: 604000 Episode Num: 604 Episode T: 1000 Reward: 63.325
Total T: 605000 Episode Num: 605 Episode T: 1000 Reward: 58.103
---------------------------------------
Evaluation over 10 episodes: 54.223
---------------------------------------
Total T: 606000 Episode Num: 606 Episode T: 1000 Reward: 59.332
Total T: 607000 Episode Num: 607 Episode T: 1000 Reward: 46.526
Total T: 608000 Episode Num: 608 Episode T: 1000 Reward: 47.286
Total T: 609000 Episode Num: 609 Episode T: 1000 Reward: 47.621
Total T: 610000 Episode Num: 610 Episode T: 1000 Reward: 59.869
---------------------------------------
Evaluation over 10 episodes: 55.356
---------------------------------------
Total T: 611000 Episode Num: 611 Episode T: 1000 Reward: 49.482
Total T: 612000 Episode Num: 612 Episode T: 1000 Reward: 60.841
Total T: 613000 Episode Num: 613 Episode T: 1000 Reward: 48.347
Total T: 614000 Episode Num: 614 Episode T: 1000 Reward: 58.889
Total T: 615000 Episode Num: 615 Episode T: 1000 Reward: 48.031
---------------------------------------
Evaluation over 10 episodes: 53.753
---------------------------------------
Total T: 616000 Episode Num: 616 Episode T: 1000 Reward: 56.848
Total T: 617000 Episode Num: 617 Episode T: 1000 Reward: 46.030
Total T: 618000 Episode Num: 618 Episode T: 1000 Reward: 60.707
Total T: 619000 Episode Num: 619 Episode T: 1000 Reward: 60.850
Total T: 620000 Episode Num: 620 Episode T: 1000 Reward: 47.697
---------------------------------------
Evaluation over 10 episodes: 54.880
---------------------------------------
Total T: 621000 Episode Num: 621 Episode T: 1000 Reward: 47.666
Total T: 622000 Episode Num: 622 Episode T: 1000 Reward: 60.802
Total T: 623000 Episode Num: 623 Episode T: 1000 Reward: 47.641
Total T: 624000 Episode Num: 624 Episode T: 1000 Reward: 48.867
Total T: 625000 Episode Num: 625 Episode T: 1000 Reward: 57.383
---------------------------------------
Evaluation over 10 episodes: 54.540
---------------------------------------
Total T: 626000 Episode Num: 626 Episode T: 1000 Reward: 48.073
Total T: 627000 Episode Num: 627 Episode T: 1000 Reward: 60.539
Total T: 628000 Episode Num: 628 Episode T: 1000 Reward: 58.824
Total T: 629000 Episode Num: 629 Episode T: 1000 Reward: 48.013
Total T: 630000 Episode Num: 630 Episode T: 1000 Reward: 45.502
---------------------------------------
Evaluation over 10 episodes: 54.279
---------------------------------------
Total T: 631000 Episode Num: 631 Episode T: 1000 Reward: 44.990
Total T: 632000 Episode Num: 632 Episode T: 1000 Reward: 49.157
Total T: 633000 Episode Num: 633 Episode T: 1000 Reward: 59.442
Total T: 634000 Episode Num: 634 Episode T: 1000 Reward: 49.148
Total T: 635000 Episode Num: 635 Episode T: 1000 Reward: 46.605
---------------------------------------
Evaluation over 10 episodes: 55.456
---------------------------------------
Total T: 636000 Episode Num: 636 Episode T: 1000 Reward: 59.516
Total T: 637000 Episode Num: 637 Episode T: 1000 Reward: 50.218
Total T: 638000 Episode Num: 638 Episode T: 1000 Reward: 46.525
Total T: 639000 Episode Num: 639 Episode T: 1000 Reward: 62.461
Total T: 640000 Episode Num: 640 Episode T: 1000 Reward: 47.460
---------------------------------------
Evaluation over 10 episodes: 55.916
---------------------------------------
Total T: 641000 Episode Num: 641 Episode T: 1000 Reward: 59.844
Total T: 642000 Episode Num: 642 Episode T: 1000 Reward: 58.468
Total T: 643000 Episode Num: 643 Episode T: 1000 Reward: 59.837
Total T: 644000 Episode Num: 644 Episode T: 1000 Reward: 49.791
Total T: 645000 Episode Num: 645 Episode T: 1000 Reward: 47.685
---------------------------------------
Evaluation over 10 episodes: 55.330
---------------------------------------
Total T: 646000 Episode Num: 646 Episode T: 1000 Reward: 48.168
Total T: 647000 Episode Num: 647 Episode T: 1000 Reward: 59.628
Total T: 648000 Episode Num: 648 Episode T: 1000 Reward: 48.789
Total T: 649000 Episode Num: 649 Episode T: 1000 Reward: 56.911
Total T: 650000 Episode Num: 650 Episode T: 1000 Reward: 57.266
---------------------------------------
Evaluation over 10 episodes: 54.592
---------------------------------------
Total T: 651000 Episode Num: 651 Episode T: 1000 Reward: 61.149
Total T: 652000 Episode Num: 652 Episode T: 1000 Reward: 59.013
Total T: 653000 Episode Num: 653 Episode T: 1000 Reward: 47.503
Total T: 654000 Episode Num: 654 Episode T: 1000 Reward: 58.153
Total T: 655000 Episode Num: 655 Episode T: 1000 Reward: 57.517
---------------------------------------
Evaluation over 10 episodes: 54.841
---------------------------------------
Total T: 656000 Episode Num: 656 Episode T: 1000 Reward: 59.279
Total T: 657000 Episode Num: 657 Episode T: 1000 Reward: 45.437
Total T: 658000 Episode Num: 658 Episode T: 1000 Reward: 60.217
Total T: 659000 Episode Num: 659 Episode T: 1000 Reward: 47.716
Total T: 660000 Episode Num: 660 Episode T: 1000 Reward: 60.320
---------------------------------------
Evaluation over 10 episodes: 54.459
---------------------------------------
Total T: 661000 Episode Num: 661 Episode T: 1000 Reward: 49.602
Total T: 662000 Episode Num: 662 Episode T: 1000 Reward: 46.680
Total T: 663000 Episode Num: 663 Episode T: 1000 Reward: 49.694
Total T: 664000 Episode Num: 664 Episode T: 1000 Reward: 58.892
Total T: 665000 Episode Num: 665 Episode T: 1000 Reward: 59.556
---------------------------------------
Evaluation over 10 episodes: 54.790
---------------------------------------
Total T: 666000 Episode Num: 666 Episode T: 1000 Reward: 60.735
Total T: 667000 Episode Num: 667 Episode T: 1000 Reward: 48.289
Total T: 668000 Episode Num: 668 Episode T: 1000 Reward: 60.547
Total T: 669000 Episode Num: 669 Episode T: 1000 Reward: 46.931
Total T: 670000 Episode Num: 670 Episode T: 1000 Reward: 60.602
---------------------------------------
Evaluation over 10 episodes: 55.594
---------------------------------------
Total T: 671000 Episode Num: 671 Episode T: 1000 Reward: 60.131
Total T: 672000 Episode Num: 672 Episode T: 1000 Reward: 58.694
Total T: 673000 Episode Num: 673 Episode T: 1000 Reward: 44.912
Total T: 674000 Episode Num: 674 Episode T: 1000 Reward: 49.209
Total T: 675000 Episode Num: 675 Episode T: 1000 Reward: 60.663
---------------------------------------
Evaluation over 10 episodes: 56.198
---------------------------------------
Total T: 676000 Episode Num: 676 Episode T: 1000 Reward: 47.559
Total T: 677000 Episode Num: 677 Episode T: 1000 Reward: 47.574
Total T: 678000 Episode Num: 678 Episode T: 1000 Reward: 46.450
Total T: 679000 Episode Num: 679 Episode T: 1000 Reward: 57.542
Total T: 680000 Episode Num: 680 Episode T: 1000 Reward: 58.140
---------------------------------------
Evaluation over 10 episodes: 55.821
---------------------------------------
Total T: 681000 Episode Num: 681 Episode T: 1000 Reward: 59.785
Total T: 682000 Episode Num: 682 Episode T: 1000 Reward: 60.788
Total T: 683000 Episode Num: 683 Episode T: 1000 Reward: 58.759
Total T: 684000 Episode Num: 684 Episode T: 1000 Reward: 45.909
Total T: 685000 Episode Num: 685 Episode T: 1000 Reward: 60.276
---------------------------------------
Evaluation over 10 episodes: 55.625
---------------------------------------
Total T: 686000 Episode Num: 686 Episode T: 1000 Reward: 47.622
Total T: 687000 Episode Num: 687 Episode T: 1000 Reward: 58.185
Total T: 688000 Episode Num: 688 Episode T: 1000 Reward: 47.459
Total T: 689000 Episode Num: 689 Episode T: 1000 Reward: 57.371
Total T: 690000 Episode Num: 690 Episode T: 1000 Reward: 59.317
---------------------------------------
Evaluation over 10 episodes: 54.954
---------------------------------------
Total T: 691000 Episode Num: 691 Episode T: 1000 Reward: 45.399
Total T: 692000 Episode Num: 692 Episode T: 1000 Reward: 58.111
Total T: 693000 Episode Num: 693 Episode T: 1000 Reward: 59.074
Total T: 694000 Episode Num: 694 Episode T: 1000 Reward: 46.561
Total T: 695000 Episode Num: 695 Episode T: 1000 Reward: 59.804
---------------------------------------
Evaluation over 10 episodes: 54.693
---------------------------------------
Total T: 696000 Episode Num: 696 Episode T: 1000 Reward: 58.933
Total T: 697000 Episode Num: 697 Episode T: 1000 Reward: 46.992
Total T: 698000 Episode Num: 698 Episode T: 1000 Reward: 59.190
Total T: 699000 Episode Num: 699 Episode T: 1000 Reward: 59.966
Total T: 700000 Episode Num: 700 Episode T: 1000 Reward: 46.091
---------------------------------------
Evaluation over 10 episodes: 54.455
---------------------------------------
Total T: 701000 Episode Num: 701 Episode T: 1000 Reward: 48.278
Total T: 702000 Episode Num: 702 Episode T: 1000 Reward: 59.715
Total T: 703000 Episode Num: 703 Episode T: 1000 Reward: 56.619
Total T: 704000 Episode Num: 704 Episode T: 1000 Reward: 47.047
Total T: 705000 Episode Num: 705 Episode T: 1000 Reward: 44.557
---------------------------------------
Evaluation over 10 episodes: 54.193
---------------------------------------
Total T: 706000 Episode Num: 706 Episode T: 1000 Reward: 58.758
Total T: 707000 Episode Num: 707 Episode T: 1000 Reward: 61.005
Total T: 708000 Episode Num: 708 Episode T: 1000 Reward: 47.830
Total T: 709000 Episode Num: 709 Episode T: 1000 Reward: 60.300
Total T: 710000 Episode Num: 710 Episode T: 1000 Reward: 48.392
---------------------------------------
Evaluation over 10 episodes: 54.370
---------------------------------------
Total T: 711000 Episode Num: 711 Episode T: 1000 Reward: 58.936
Total T: 712000 Episode Num: 712 Episode T: 1000 Reward: 56.798
Total T: 713000 Episode Num: 713 Episode T: 1000 Reward: 60.669
Total T: 714000 Episode Num: 714 Episode T: 1000 Reward: 46.956
Total T: 715000 Episode Num: 715 Episode T: 1000 Reward: 44.525
---------------------------------------
Evaluation over 10 episodes: 55.596
---------------------------------------
Total T: 716000 Episode Num: 716 Episode T: 1000 Reward: 59.475
Total T: 717000 Episode Num: 717 Episode T: 1000 Reward: 49.461
Total T: 718000 Episode Num: 718 Episode T: 1000 Reward: 47.467
Total T: 719000 Episode Num: 719 Episode T: 1000 Reward: 46.698
Total T: 720000 Episode Num: 720 Episode T: 1000 Reward: 45.668
---------------------------------------
Evaluation over 10 episodes: 55.070
---------------------------------------
Total T: 721000 Episode Num: 721 Episode T: 1000 Reward: 56.978
Total T: 722000 Episode Num: 722 Episode T: 1000 Reward: 46.334
Total T: 723000 Episode Num: 723 Episode T: 1000 Reward: 44.506
Total T: 724000 Episode Num: 724 Episode T: 1000 Reward: 44.581
Total T: 725000 Episode Num: 725 Episode T: 1000 Reward: 58.493
---------------------------------------
Evaluation over 10 episodes: 52.871
---------------------------------------
Total T: 726000 Episode Num: 726 Episode T: 1000 Reward: 46.383
Total T: 727000 Episode Num: 727 Episode T: 1000 Reward: 45.206
Total T: 728000 Episode Num: 728 Episode T: 1000 Reward: 46.536
Total T: 729000 Episode Num: 729 Episode T: 1000 Reward: 59.913
Total T: 730000 Episode Num: 730 Episode T: 1000 Reward: 45.388
---------------------------------------
Evaluation over 10 episodes: 55.735
---------------------------------------
Total T: 731000 Episode Num: 731 Episode T: 1000 Reward: 45.690
Total T: 732000 Episode Num: 732 Episode T: 1000 Reward: 56.394
Total T: 733000 Episode Num: 733 Episode T: 1000 Reward: 57.618
Total T: 734000 Episode Num: 734 Episode T: 1000 Reward: 59.354
Total T: 735000 Episode Num: 735 Episode T: 1000 Reward: 61.250
---------------------------------------
Evaluation over 10 episodes: 56.826
---------------------------------------
Total T: 736000 Episode Num: 736 Episode T: 1000 Reward: 57.043
Total T: 737000 Episode Num: 737 Episode T: 1000 Reward: 60.483
Total T: 738000 Episode Num: 738 Episode T: 1000 Reward: 48.820
Total T: 739000 Episode Num: 739 Episode T: 1000 Reward: 58.732
Total T: 740000 Episode Num: 740 Episode T: 1000 Reward: 61.368
---------------------------------------
Evaluation over 10 episodes: 54.905
---------------------------------------
Total T: 741000 Episode Num: 741 Episode T: 1000 Reward: 49.144
Total T: 742000 Episode Num: 742 Episode T: 1000 Reward: 47.649
Total T: 743000 Episode Num: 743 Episode T: 1000 Reward: 62.038
Total T: 744000 Episode Num: 744 Episode T: 1000 Reward: 58.426
Total T: 745000 Episode Num: 745 Episode T: 1000 Reward: 63.864
---------------------------------------
Evaluation over 10 episodes: 53.667
---------------------------------------
Total T: 746000 Episode Num: 746 Episode T: 1000 Reward: 44.697
Total T: 747000 Episode Num: 747 Episode T: 1000 Reward: 62.561
Total T: 748000 Episode Num: 748 Episode T: 1000 Reward: 59.810
Total T: 749000 Episode Num: 749 Episode T: 1000 Reward: 59.491
Total T: 750000 Episode Num: 750 Episode T: 1000 Reward: 58.370
---------------------------------------
Evaluation over 10 episodes: 54.584
---------------------------------------
Total T: 751000 Episode Num: 751 Episode T: 1000 Reward: 60.280
Total T: 752000 Episode Num: 752 Episode T: 1000 Reward: 59.361
Total T: 753000 Episode Num: 753 Episode T: 1000 Reward: 58.424
Total T: 754000 Episode Num: 754 Episode T: 1000 Reward: 46.956
Total T: 755000 Episode Num: 755 Episode T: 1000 Reward: 57.563
---------------------------------------
Evaluation over 10 episodes: 54.199
---------------------------------------
Total T: 756000 Episode Num: 756 Episode T: 1000 Reward: 58.786
Total T: 757000 Episode Num: 757 Episode T: 1000 Reward: 59.800
Total T: 758000 Episode Num: 758 Episode T: 1000 Reward: 60.929
Total T: 759000 Episode Num: 759 Episode T: 1000 Reward: 59.572
Total T: 760000 Episode Num: 760 Episode T: 1000 Reward: 59.689
---------------------------------------
Evaluation over 10 episodes: 54.067
---------------------------------------
Total T: 761000 Episode Num: 761 Episode T: 1000 Reward: 59.525
Total T: 762000 Episode Num: 762 Episode T: 1000 Reward: 61.266
Total T: 763000 Episode Num: 763 Episode T: 1000 Reward: 58.363
Total T: 764000 Episode Num: 764 Episode T: 1000 Reward: 62.373
Total T: 765000 Episode Num: 765 Episode T: 1000 Reward: 59.443
---------------------------------------
Evaluation over 10 episodes: 54.937
---------------------------------------
Total T: 766000 Episode Num: 766 Episode T: 1000 Reward: 45.889
Total T: 767000 Episode Num: 767 Episode T: 1000 Reward: 47.964
Total T: 768000 Episode Num: 768 Episode T: 1000 Reward: 47.081
Total T: 769000 Episode Num: 769 Episode T: 1000 Reward: 57.476
Total T: 770000 Episode Num: 770 Episode T: 1000 Reward: 59.253
---------------------------------------
Evaluation over 10 episodes: 54.973
---------------------------------------
Total T: 771000 Episode Num: 771 Episode T: 1000 Reward: 46.230
Total T: 772000 Episode Num: 772 Episode T: 1000 Reward: 60.473
Total T: 773000 Episode Num: 773 Episode T: 1000 Reward: 47.318
Total T: 774000 Episode Num: 774 Episode T: 1000 Reward: 60.813
Total T: 775000 Episode Num: 775 Episode T: 1000 Reward: 61.851
---------------------------------------
Evaluation over 10 episodes: 54.706
---------------------------------------
Total T: 776000 Episode Num: 776 Episode T: 1000 Reward: 47.825
Total T: 777000 Episode Num: 777 Episode T: 1000 Reward: 58.707
Total T: 778000 Episode Num: 778 Episode T: 1000 Reward: 48.737
Total T: 779000 Episode Num: 779 Episode T: 1000 Reward: 59.867
Total T: 780000 Episode Num: 780 Episode T: 1000 Reward: 60.242
---------------------------------------
Evaluation over 10 episodes: 55.330
---------------------------------------
Total T: 781000 Episode Num: 781 Episode T: 1000 Reward: 61.973
Total T: 782000 Episode Num: 782 Episode T: 1000 Reward: 59.744
Total T: 783000 Episode Num: 783 Episode T: 1000 Reward: 61.205
Total T: 784000 Episode Num: 784 Episode T: 1000 Reward: 59.057
Total T: 785000 Episode Num: 785 Episode T: 1000 Reward: 46.282
---------------------------------------
Evaluation over 10 episodes: 56.156
---------------------------------------
Total T: 786000 Episode Num: 786 Episode T: 1000 Reward: 48.531
Total T: 787000 Episode Num: 787 Episode T: 1000 Reward: 61.069
Total T: 788000 Episode Num: 788 Episode T: 1000 Reward: 60.280
Total T: 789000 Episode Num: 789 Episode T: 1000 Reward: 48.888
Total T: 790000 Episode Num: 790 Episode T: 1000 Reward: 60.923
---------------------------------------
Evaluation over 10 episodes: 56.466
---------------------------------------
Total T: 791000 Episode Num: 791 Episode T: 1000 Reward: 59.240
Total T: 792000 Episode Num: 792 Episode T: 1000 Reward: 59.452
Total T: 793000 Episode Num: 793 Episode T: 1000 Reward: 44.416
Total T: 794000 Episode Num: 794 Episode T: 1000 Reward: 62.447
Total T: 795000 Episode Num: 795 Episode T: 1000 Reward: 61.034
---------------------------------------
Evaluation over 10 episodes: 54.663
---------------------------------------
Total T: 796000 Episode Num: 796 Episode T: 1000 Reward: 61.499
Total T: 797000 Episode Num: 797 Episode T: 1000 Reward: 44.337
Total T: 798000 Episode Num: 798 Episode T: 1000 Reward: 59.554
Total T: 799000 Episode Num: 799 Episode T: 1000 Reward: 58.738
Total T: 800000 Episode Num: 800 Episode T: 1000 Reward: 59.900
---------------------------------------
Evaluation over 10 episodes: 52.967
---------------------------------------
Total T: 801000 Episode Num: 801 Episode T: 1000 Reward: 46.765
Total T: 802000 Episode Num: 802 Episode T: 1000 Reward: 59.640
Total T: 803000 Episode Num: 803 Episode T: 1000 Reward: 48.237
Total T: 804000 Episode Num: 804 Episode T: 1000 Reward: 48.259
Total T: 805000 Episode Num: 805 Episode T: 1000 Reward: 43.946
---------------------------------------
Evaluation over 10 episodes: 54.746
---------------------------------------
Total T: 806000 Episode Num: 806 Episode T: 1000 Reward: 46.716
Total T: 807000 Episode Num: 807 Episode T: 1000 Reward: 43.819
Total T: 808000 Episode Num: 808 Episode T: 1000 Reward: 57.123
Total T: 809000 Episode Num: 809 Episode T: 1000 Reward: 59.649
Total T: 810000 Episode Num: 810 Episode T: 1000 Reward: 46.068
---------------------------------------
Evaluation over 10 episodes: 56.129
---------------------------------------
Total T: 811000 Episode Num: 811 Episode T: 1000 Reward: 58.129
Total T: 812000 Episode Num: 812 Episode T: 1000 Reward: 59.879
Total T: 813000 Episode Num: 813 Episode T: 1000 Reward: 45.810
Total T: 814000 Episode Num: 814 Episode T: 1000 Reward: 59.285
Total T: 815000 Episode Num: 815 Episode T: 1000 Reward: 58.996
---------------------------------------
Evaluation over 10 episodes: 54.880
---------------------------------------
Total T: 816000 Episode Num: 816 Episode T: 1000 Reward: 59.983
Total T: 817000 Episode Num: 817 Episode T: 1000 Reward: 47.668
Total T: 818000 Episode Num: 818 Episode T: 1000 Reward: 60.650
Total T: 819000 Episode Num: 819 Episode T: 1000 Reward: 62.325
Total T: 820000 Episode Num: 820 Episode T: 1000 Reward: 45.697
---------------------------------------
Evaluation over 10 episodes: 54.839
---------------------------------------
Total T: 821000 Episode Num: 821 Episode T: 1000 Reward: 61.280
Total T: 822000 Episode Num: 822 Episode T: 1000 Reward: 46.660
Total T: 823000 Episode Num: 823 Episode T: 1000 Reward: 61.040
Total T: 824000 Episode Num: 824 Episode T: 1000 Reward: 47.041
Total T: 825000 Episode Num: 825 Episode T: 1000 Reward: 62.159
---------------------------------------
Evaluation over 10 episodes: 57.001
---------------------------------------
Total T: 826000 Episode Num: 826 Episode T: 1000 Reward: 58.160
Total T: 827000 Episode Num: 827 Episode T: 1000 Reward: 46.225
Total T: 828000 Episode Num: 828 Episode T: 1000 Reward: 62.674
Total T: 829000 Episode Num: 829 Episode T: 1000 Reward: 61.746
Total T: 830000 Episode Num: 830 Episode T: 1000 Reward: 61.964
---------------------------------------
Evaluation over 10 episodes: 54.891
---------------------------------------
Total T: 831000 Episode Num: 831 Episode T: 1000 Reward: 59.724
Total T: 832000 Episode Num: 832 Episode T: 1000 Reward: 47.793
Total T: 833000 Episode Num: 833 Episode T: 1000 Reward: 60.250
Total T: 834000 Episode Num: 834 Episode T: 1000 Reward: 60.179
Total T: 835000 Episode Num: 835 Episode T: 1000 Reward: 47.148
---------------------------------------
Evaluation over 10 episodes: 55.519
---------------------------------------
Total T: 836000 Episode Num: 836 Episode T: 1000 Reward: 60.766
Total T: 837000 Episode Num: 837 Episode T: 1000 Reward: 46.399
Total T: 838000 Episode Num: 838 Episode T: 1000 Reward: 47.270
Total T: 839000 Episode Num: 839 Episode T: 1000 Reward: 47.793
Total T: 840000 Episode Num: 840 Episode T: 1000 Reward: 47.420
---------------------------------------
Evaluation over 10 episodes: 55.736
---------------------------------------
Total T: 841000 Episode Num: 841 Episode T: 1000 Reward: 60.515
Total T: 842000 Episode Num: 842 Episode T: 1000 Reward: 59.587
Total T: 843000 Episode Num: 843 Episode T: 1000 Reward: 47.861
Total T: 844000 Episode Num: 844 Episode T: 1000 Reward: 58.699
Total T: 845000 Episode Num: 845 Episode T: 1000 Reward: 49.825
---------------------------------------
Evaluation over 10 episodes: 56.460
---------------------------------------
Total T: 846000 Episode Num: 846 Episode T: 1000 Reward: 50.003
Total T: 847000 Episode Num: 847 Episode T: 1000 Reward: 47.131
Total T: 848000 Episode Num: 848 Episode T: 1000 Reward: 44.705
Total T: 849000 Episode Num: 849 Episode T: 1000 Reward: 63.373
Total T: 850000 Episode Num: 850 Episode T: 1000 Reward: 47.245
---------------------------------------
Evaluation over 10 episodes: 53.620
---------------------------------------
Total T: 851000 Episode Num: 851 Episode T: 1000 Reward: 47.348
Total T: 852000 Episode Num: 852 Episode T: 1000 Reward: 61.784
Total T: 853000 Episode Num: 853 Episode T: 1000 Reward: 61.661
Total T: 854000 Episode Num: 854 Episode T: 1000 Reward: 47.104
Total T: 855000 Episode Num: 855 Episode T: 1000 Reward: 48.125
---------------------------------------
Evaluation over 10 episodes: 54.610
---------------------------------------
Total T: 856000 Episode Num: 856 Episode T: 1000 Reward: 47.807
Total T: 857000 Episode Num: 857 Episode T: 1000 Reward: 62.563
Total T: 858000 Episode Num: 858 Episode T: 1000 Reward: 47.924
Total T: 859000 Episode Num: 859 Episode T: 1000 Reward: 45.261
Total T: 860000 Episode Num: 860 Episode T: 1000 Reward: 60.693
---------------------------------------
Evaluation over 10 episodes: 54.558
---------------------------------------
Total T: 861000 Episode Num: 861 Episode T: 1000 Reward: 49.230
Total T: 862000 Episode Num: 862 Episode T: 1000 Reward: 62.137
Total T: 863000 Episode Num: 863 Episode T: 1000 Reward: 63.340
Total T: 864000 Episode Num: 864 Episode T: 1000 Reward: 44.814
Total T: 865000 Episode Num: 865 Episode T: 1000 Reward: 58.660
---------------------------------------
Evaluation over 10 episodes: 55.284
---------------------------------------
Total T: 866000 Episode Num: 866 Episode T: 1000 Reward: 60.532
Total T: 867000 Episode Num: 867 Episode T: 1000 Reward: 60.865
Total T: 868000 Episode Num: 868 Episode T: 1000 Reward: 61.592
Total T: 869000 Episode Num: 869 Episode T: 1000 Reward: 60.716
Total T: 870000 Episode Num: 870 Episode T: 1000 Reward: 47.034
---------------------------------------
Evaluation over 10 episodes: 57.213
---------------------------------------
Total T: 871000 Episode Num: 871 Episode T: 1000 Reward: 44.273
Total T: 872000 Episode Num: 872 Episode T: 1000 Reward: 46.881
Total T: 873000 Episode Num: 873 Episode T: 1000 Reward: 60.674
Total T: 874000 Episode Num: 874 Episode T: 1000 Reward: 61.733
Total T: 875000 Episode Num: 875 Episode T: 1000 Reward: 62.726
---------------------------------------
Evaluation over 10 episodes: 56.486
---------------------------------------
Total T: 876000 Episode Num: 876 Episode T: 1000 Reward: 60.189
Total T: 877000 Episode Num: 877 Episode T: 1000 Reward: 62.549
Total T: 878000 Episode Num: 878 Episode T: 1000 Reward: 61.492
Total T: 879000 Episode Num: 879 Episode T: 1000 Reward: 60.802
Total T: 880000 Episode Num: 880 Episode T: 1000 Reward: 59.506
---------------------------------------
Evaluation over 10 episodes: 55.023
---------------------------------------
Total T: 881000 Episode Num: 881 Episode T: 1000 Reward: 45.207
Total T: 882000 Episode Num: 882 Episode T: 1000 Reward: 45.585
Total T: 883000 Episode Num: 883 Episode T: 1000 Reward: 62.085
Total T: 884000 Episode Num: 884 Episode T: 1000 Reward: 58.684
Total T: 885000 Episode Num: 885 Episode T: 1000 Reward: 58.004
---------------------------------------
Evaluation over 10 episodes: 55.846
---------------------------------------
Total T: 886000 Episode Num: 886 Episode T: 1000 Reward: 46.380
Total T: 887000 Episode Num: 887 Episode T: 1000 Reward: 59.539
Total T: 888000 Episode Num: 888 Episode T: 1000 Reward: 57.198
Total T: 889000 Episode Num: 889 Episode T: 1000 Reward: 59.025
Total T: 890000 Episode Num: 890 Episode T: 1000 Reward: 62.911
---------------------------------------
Evaluation over 10 episodes: 56.656
---------------------------------------
Total T: 891000 Episode Num: 891 Episode T: 1000 Reward: 62.099
Total T: 892000 Episode Num: 892 Episode T: 1000 Reward: 61.037
Total T: 893000 Episode Num: 893 Episode T: 1000 Reward: 62.482
Total T: 894000 Episode Num: 894 Episode T: 1000 Reward: 59.874
Total T: 895000 Episode Num: 895 Episode T: 1000 Reward: 47.458
---------------------------------------
Evaluation over 10 episodes: 57.314
---------------------------------------
Total T: 896000 Episode Num: 896 Episode T: 1000 Reward: 61.564
Total T: 897000 Episode Num: 897 Episode T: 1000 Reward: 63.715
Total T: 898000 Episode Num: 898 Episode T: 1000 Reward: 64.395
Total T: 899000 Episode Num: 899 Episode T: 1000 Reward: 47.353
Total T: 900000 Episode Num: 900 Episode T: 1000 Reward: 47.165
---------------------------------------
Evaluation over 10 episodes: 56.809
---------------------------------------
Total T: 901000 Episode Num: 901 Episode T: 1000 Reward: 48.404
Total T: 902000 Episode Num: 902 Episode T: 1000 Reward: 63.415
Total T: 903000 Episode Num: 903 Episode T: 1000 Reward: 47.160
Total T: 904000 Episode Num: 904 Episode T: 1000 Reward: 47.407
Total T: 905000 Episode Num: 905 Episode T: 1000 Reward: 46.740
---------------------------------------
Evaluation over 10 episodes: 55.948
---------------------------------------
Total T: 906000 Episode Num: 906 Episode T: 1000 Reward: 61.137
Total T: 907000 Episode Num: 907 Episode T: 1000 Reward: 47.156
Total T: 908000 Episode Num: 908 Episode T: 1000 Reward: 46.190
Total T: 909000 Episode Num: 909 Episode T: 1000 Reward: 63.294
Total T: 910000 Episode Num: 910 Episode T: 1000 Reward: 62.139
---------------------------------------
Evaluation over 10 episodes: 56.387
---------------------------------------
Total T: 911000 Episode Num: 911 Episode T: 1000 Reward: 60.814
Total T: 912000 Episode Num: 912 Episode T: 1000 Reward: 48.079
Total T: 913000 Episode Num: 913 Episode T: 1000 Reward: 62.101
Total T: 914000 Episode Num: 914 Episode T: 1000 Reward: 47.504
Total T: 915000 Episode Num: 915 Episode T: 1000 Reward: 63.637
---------------------------------------
Evaluation over 10 episodes: 57.252
---------------------------------------
Total T: 916000 Episode Num: 916 Episode T: 1000 Reward: 47.730
Total T: 917000 Episode Num: 917 Episode T: 1000 Reward: 60.781
Total T: 918000 Episode Num: 918 Episode T: 1000 Reward: 63.277
Total T: 919000 Episode Num: 919 Episode T: 1000 Reward: 61.402
Total T: 920000 Episode Num: 920 Episode T: 1000 Reward: 61.160
---------------------------------------
Evaluation over 10 episodes: 58.701
---------------------------------------
Total T: 921000 Episode Num: 921 Episode T: 1000 Reward: 65.383
Total T: 922000 Episode Num: 922 Episode T: 1000 Reward: 63.600
Total T: 923000 Episode Num: 923 Episode T: 1000 Reward: 45.786
Total T: 924000 Episode Num: 924 Episode T: 1000 Reward: 46.185
Total T: 925000 Episode Num: 925 Episode T: 1000 Reward: 60.328
---------------------------------------
Evaluation over 10 episodes: 55.365
---------------------------------------
Total T: 926000 Episode Num: 926 Episode T: 1000 Reward: 46.986
Total T: 927000 Episode Num: 927 Episode T: 1000 Reward: 45.359
Total T: 928000 Episode Num: 928 Episode T: 1000 Reward: 61.167
Total T: 929000 Episode Num: 929 Episode T: 1000 Reward: 46.846
Total T: 930000 Episode Num: 930 Episode T: 1000 Reward: 62.947
---------------------------------------
Evaluation over 10 episodes: 55.112
---------------------------------------
Total T: 931000 Episode Num: 931 Episode T: 1000 Reward: 47.038
Total T: 932000 Episode Num: 932 Episode T: 1000 Reward: 60.326
Total T: 933000 Episode Num: 933 Episode T: 1000 Reward: 60.859
Total T: 934000 Episode Num: 934 Episode T: 1000 Reward: 49.757
Total T: 935000 Episode Num: 935 Episode T: 1000 Reward: 62.938
---------------------------------------
Evaluation over 10 episodes: 55.663
---------------------------------------
Total T: 936000 Episode Num: 936 Episode T: 1000 Reward: 60.892
Total T: 937000 Episode Num: 937 Episode T: 1000 Reward: 62.378
Total T: 938000 Episode Num: 938 Episode T: 1000 Reward: 47.462
Total T: 939000 Episode Num: 939 Episode T: 1000 Reward: 61.644
Total T: 940000 Episode Num: 940 Episode T: 1000 Reward: 48.756
---------------------------------------
Evaluation over 10 episodes: 56.221
---------------------------------------
Total T: 941000 Episode Num: 941 Episode T: 1000 Reward: 46.810
Total T: 942000 Episode Num: 942 Episode T: 1000 Reward: 60.027
Total T: 943000 Episode Num: 943 Episode T: 1000 Reward: 63.307
Total T: 944000 Episode Num: 944 Episode T: 1000 Reward: 62.287