---------------------------------------
Policy: TD3, Env: HalfCheetah-v2, Seed: 1
---------------------------------------
---------------------------------------
Evaluation over 10 episodes: -1.629
---------------------------------------
Total T: 1000 Episode Num: 1 Episode T: 1000 Reward: -153.309
Total T: 2000 Episode Num: 2 Episode T: 1000 Reward: -369.982
Total T: 3000 Episode Num: 3 Episode T: 1000 Reward: -155.006
Total T: 4000 Episode Num: 4 Episode T: 1000 Reward: -435.713
Total T: 5000 Episode Num: 5 Episode T: 1000 Reward: -242.478
---------------------------------------
Evaluation over 10 episodes: -1.620
---------------------------------------
Total T: 6000 Episode Num: 6 Episode T: 1000 Reward: -389.085
Total T: 7000 Episode Num: 7 Episode T: 1000 Reward: -223.817
Total T: 8000 Episode Num: 8 Episode T: 1000 Reward: -354.729
Total T: 9000 Episode Num: 9 Episode T: 1000 Reward: -193.822
Total T: 10000 Episode Num: 10 Episode T: 1000 Reward: -379.998
---------------------------------------
Evaluation over 10 episodes: -1.621
---------------------------------------
Total T: 11000 Episode Num: 11 Episode T: 1000 Reward: -269.086
Total T: 12000 Episode Num: 12 Episode T: 1000 Reward: -406.465
Total T: 13000 Episode Num: 13 Episode T: 1000 Reward: -178.173
Total T: 14000 Episode Num: 14 Episode T: 1000 Reward: -223.023
Total T: 15000 Episode Num: 15 Episode T: 1000 Reward: -189.610
---------------------------------------
Evaluation over 10 episodes: -1.632
---------------------------------------
Total T: 16000 Episode Num: 16 Episode T: 1000 Reward: -259.266
Total T: 17000 Episode Num: 17 Episode T: 1000 Reward: -351.411
Total T: 18000 Episode Num: 18 Episode T: 1000 Reward: -216.079
Total T: 19000 Episode Num: 19 Episode T: 1000 Reward: -171.191
Total T: 20000 Episode Num: 20 Episode T: 1000 Reward: -335.520
---------------------------------------
Evaluation over 10 episodes: -1.608
---------------------------------------
Total T: 21000 Episode Num: 21 Episode T: 1000 Reward: -297.581
Total T: 22000 Episode Num: 22 Episode T: 1000 Reward: -276.198
Total T: 23000 Episode Num: 23 Episode T: 1000 Reward: -306.770
Total T: 24000 Episode Num: 24 Episode T: 1000 Reward: -453.812
Total T: 25000 Episode Num: 25 Episode T: 1000 Reward: -402.052
---------------------------------------
Evaluation over 10 episodes: -1.608
---------------------------------------
Total T: 26000 Episode Num: 26 Episode T: 1000 Reward: -313.295
Total T: 27000 Episode Num: 27 Episode T: 1000 Reward: -259.176
Total T: 28000 Episode Num: 28 Episode T: 1000 Reward: -363.106
Total T: 29000 Episode Num: 29 Episode T: 1000 Reward: -343.920
Total T: 30000 Episode Num: 30 Episode T: 1000 Reward: -316.081
---------------------------------------
Evaluation over 10 episodes: -84.944
---------------------------------------
Total T: 31000 Episode Num: 31 Episode T: 1000 Reward: -72.110
Total T: 32000 Episode Num: 32 Episode T: 1000 Reward: -355.199
Total T: 33000 Episode Num: 33 Episode T: 1000 Reward: -170.407
Total T: 34000 Episode Num: 34 Episode T: 1000 Reward: -239.543
Total T: 35000 Episode Num: 35 Episode T: 1000 Reward: -221.008
---------------------------------------
Evaluation over 10 episodes: -17.593
---------------------------------------
Total T: 36000 Episode Num: 36 Episode T: 1000 Reward: -56.849
Total T: 37000 Episode Num: 37 Episode T: 1000 Reward: 88.460
Total T: 38000 Episode Num: 38 Episode T: 1000 Reward: -100.029
Total T: 39000 Episode Num: 39 Episode T: 1000 Reward: -25.662
Total T: 40000 Episode Num: 40 Episode T: 1000 Reward: -25.139
---------------------------------------
Evaluation over 10 episodes: 474.540
---------------------------------------
Total T: 41000 Episode Num: 41 Episode T: 1000 Reward: 91.222
Total T: 42000 Episode Num: 42 Episode T: 1000 Reward: 75.414
Total T: 43000 Episode Num: 43 Episode T: 1000 Reward: 557.765
Total T: 44000 Episode Num: 44 Episode T: 1000 Reward: 640.662
Total T: 45000 Episode Num: 45 Episode T: 1000 Reward: 1226.575
---------------------------------------
Evaluation over 10 episodes: 637.995
---------------------------------------
Total T: 46000 Episode Num: 46 Episode T: 1000 Reward: 567.247
Total T: 47000 Episode Num: 47 Episode T: 1000 Reward: 1421.468
Total T: 48000 Episode Num: 48 Episode T: 1000 Reward: 1530.898
Total T: 49000 Episode Num: 49 Episode T: 1000 Reward: 1786.185
Total T: 50000 Episode Num: 50 Episode T: 1000 Reward: 1708.782
---------------------------------------
Evaluation over 10 episodes: 1618.269
---------------------------------------
Total T: 51000 Episode Num: 51 Episode T: 1000 Reward: 1929.308
Total T: 52000 Episode Num: 52 Episode T: 1000 Reward: 1913.534
Total T: 53000 Episode Num: 53 Episode T: 1000 Reward: 1957.483
Total T: 54000 Episode Num: 54 Episode T: 1000 Reward: 2358.382
Total T: 55000 Episode Num: 55 Episode T: 1000 Reward: 2282.448
---------------------------------------
Evaluation over 10 episodes: 2281.878
---------------------------------------
Total T: 56000 Episode Num: 56 Episode T: 1000 Reward: 2405.170
Total T: 57000 Episode Num: 57 Episode T: 1000 Reward: 2349.406
Total T: 58000 Episode Num: 58 Episode T: 1000 Reward: 2413.084
Total T: 59000 Episode Num: 59 Episode T: 1000 Reward: 2659.364
Total T: 60000 Episode Num: 60 Episode T: 1000 Reward: 2314.208
---------------------------------------
Evaluation over 10 episodes: 2599.840
---------------------------------------
Total T: 61000 Episode Num: 61 Episode T: 1000 Reward: 2615.008
Total T: 62000 Episode Num: 62 Episode T: 1000 Reward: 2753.475
Total T: 63000 Episode Num: 63 Episode T: 1000 Reward: 2436.772
Total T: 64000 Episode Num: 64 Episode T: 1000 Reward: 2755.934
Total T: 65000 Episode Num: 65 Episode T: 1000 Reward: 2572.932
---------------------------------------
Evaluation over 10 episodes: 2509.856
---------------------------------------
Total T: 66000 Episode Num: 66 Episode T: 1000 Reward: 2412.592
Total T: 67000 Episode Num: 67 Episode T: 1000 Reward: 2542.786
Total T: 68000 Episode Num: 68 Episode T: 1000 Reward: 2660.564
Total T: 69000 Episode Num: 69 Episode T: 1000 Reward: 2988.878
Total T: 70000 Episode Num: 70 Episode T: 1000 Reward: 2718.157
---------------------------------------
Evaluation over 10 episodes: 2450.917
---------------------------------------
Total T: 71000 Episode Num: 71 Episode T: 1000 Reward: 2853.652
Total T: 72000 Episode Num: 72 Episode T: 1000 Reward: 3005.588
Total T: 73000 Episode Num: 73 Episode T: 1000 Reward: 3032.670
Total T: 74000 Episode Num: 74 Episode T: 1000 Reward: 3303.698
Total T: 75000 Episode Num: 75 Episode T: 1000 Reward: 3188.716
---------------------------------------
Evaluation over 10 episodes: 3229.015
---------------------------------------
Total T: 76000 Episode Num: 76 Episode T: 1000 Reward: 3242.900
Total T: 77000 Episode Num: 77 Episode T: 1000 Reward: 3306.092
Total T: 78000 Episode Num: 78 Episode T: 1000 Reward: 2264.134
Total T: 79000 Episode Num: 79 Episode T: 1000 Reward: 3521.926
Total T: 80000 Episode Num: 80 Episode T: 1000 Reward: 3466.104
---------------------------------------
Evaluation over 10 episodes: 3242.605
---------------------------------------
Total T: 81000 Episode Num: 81 Episode T: 1000 Reward: 3802.469
Total T: 82000 Episode Num: 82 Episode T: 1000 Reward: 3718.463
Total T: 83000 Episode Num: 83 Episode T: 1000 Reward: 3720.327
Total T: 84000 Episode Num: 84 Episode T: 1000 Reward: 3928.617
Total T: 85000 Episode Num: 85 Episode T: 1000 Reward: 3740.890
---------------------------------------
Evaluation over 10 episodes: 3853.336
---------------------------------------
Total T: 86000 Episode Num: 86 Episode T: 1000 Reward: 3652.217
Total T: 87000 Episode Num: 87 Episode T: 1000 Reward: 3912.776
Total T: 88000 Episode Num: 88 Episode T: 1000 Reward: 3851.640
Total T: 89000 Episode Num: 89 Episode T: 1000 Reward: 4157.811
Total T: 90000 Episode Num: 90 Episode T: 1000 Reward: 4138.783
---------------------------------------
Evaluation over 10 episodes: 4021.510
---------------------------------------
Total T: 91000 Episode Num: 91 Episode T: 1000 Reward: 4113.475
Total T: 92000 Episode Num: 92 Episode T: 1000 Reward: 4054.720