---------------------------------------
Policy: TD3, Env: HalfCheetah-v2, Seed: 0
---------------------------------------
---------------------------------------
Evaluation over 10 episodes: -1.040
---------------------------------------
Total T: 1000 Episode Num: 1 Episode T: 1000 Reward: -307.888
Total T: 2000 Episode Num: 2 Episode T: 1000 Reward: -205.334
Total T: 3000 Episode Num: 3 Episode T: 1000 Reward: -283.828
Total T: 4000 Episode Num: 4 Episode T: 1000 Reward: -390.858
Total T: 5000 Episode Num: 5 Episode T: 1000 Reward: -339.342
---------------------------------------
Evaluation over 10 episodes: -1.027
---------------------------------------
Total T: 6000 Episode Num: 6 Episode T: 1000 Reward: -305.582
Total T: 7000 Episode Num: 7 Episode T: 1000 Reward: -303.624
Total T: 8000 Episode Num: 8 Episode T: 1000 Reward: -291.846
Total T: 9000 Episode Num: 9 Episode T: 1000 Reward: -216.156
Total T: 10000 Episode Num: 10 Episode T: 1000 Reward: -398.325
---------------------------------------
Evaluation over 10 episodes: -1.008
---------------------------------------
Total T: 11000 Episode Num: 11 Episode T: 1000 Reward: -461.075
Total T: 12000 Episode Num: 12 Episode T: 1000 Reward: -263.978
Total T: 13000 Episode Num: 13 Episode T: 1000 Reward: -154.466
Total T: 14000 Episode Num: 14 Episode T: 1000 Reward: -277.781
Total T: 15000 Episode Num: 15 Episode T: 1000 Reward: -312.352
---------------------------------------
Evaluation over 10 episodes: -1.027
---------------------------------------
Total T: 16000 Episode Num: 16 Episode T: 1000 Reward: -216.111
Total T: 17000 Episode Num: 17 Episode T: 1000 Reward: -309.997
Total T: 18000 Episode Num: 18 Episode T: 1000 Reward: -216.334
Total T: 19000 Episode Num: 19 Episode T: 1000 Reward: -302.351
Total T: 20000 Episode Num: 20 Episode T: 1000 Reward: -480.054
---------------------------------------
Evaluation over 10 episodes: -1.013
---------------------------------------
Total T: 21000 Episode Num: 21 Episode T: 1000 Reward: -338.611
Total T: 22000 Episode Num: 22 Episode T: 1000 Reward: -231.287
Total T: 23000 Episode Num: 23 Episode T: 1000 Reward: -342.848
Total T: 24000 Episode Num: 24 Episode T: 1000 Reward: -339.826
Total T: 25000 Episode Num: 25 Episode T: 1000 Reward: -99.302
---------------------------------------
Evaluation over 10 episodes: -1.027
---------------------------------------
Total T: 26000 Episode Num: 26 Episode T: 1000 Reward: -433.465
Total T: 27000 Episode Num: 27 Episode T: 1000 Reward: -442.873
Total T: 28000 Episode Num: 28 Episode T: 1000 Reward: -409.879
Total T: 29000 Episode Num: 29 Episode T: 1000 Reward: -488.009
Total T: 30000 Episode Num: 30 Episode T: 1000 Reward: -498.041
---------------------------------------
Evaluation over 10 episodes: -755.476
---------------------------------------
Total T: 31000 Episode Num: 31 Episode T: 1000 Reward: -614.684
Total T: 32000 Episode Num: 32 Episode T: 1000 Reward: -539.496
Total T: 33000 Episode Num: 33 Episode T: 1000 Reward: -520.911
Total T: 34000 Episode Num: 34 Episode T: 1000 Reward: -516.755
Total T: 35000 Episode Num: 35 Episode T: 1000 Reward: -491.073
---------------------------------------
Evaluation over 10 episodes: -453.028
---------------------------------------
Total T: 36000 Episode Num: 36 Episode T: 1000 Reward: -481.694
Total T: 37000 Episode Num: 37 Episode T: 1000 Reward: -542.957
Total T: 38000 Episode Num: 38 Episode T: 1000 Reward: -441.329
Total T: 39000 Episode Num: 39 Episode T: 1000 Reward: -189.321
Total T: 40000 Episode Num: 40 Episode T: 1000 Reward: -107.597
---------------------------------------
Evaluation over 10 episodes: -137.856
---------------------------------------
Total T: 41000 Episode Num: 41 Episode T: 1000 Reward: -83.312
Total T: 42000 Episode Num: 42 Episode T: 1000 Reward: -250.894
Total T: 43000 Episode Num: 43 Episode T: 1000 Reward: -13.354
Total T: 44000 Episode Num: 44 Episode T: 1000 Reward: -217.190
Total T: 45000 Episode Num: 45 Episode T: 1000 Reward: 1224.671
---------------------------------------
Evaluation over 10 episodes: 1155.433
---------------------------------------
Total T: 46000 Episode Num: 46 Episode T: 1000 Reward: 1090.959
Total T: 47000 Episode Num: 47 Episode T: 1000 Reward: 1119.425
Total T: 48000 Episode Num: 48 Episode T: 1000 Reward: 1277.421
Total T: 49000 Episode Num: 49 Episode T: 1000 Reward: 1351.006
Total T: 50000 Episode Num: 50 Episode T: 1000 Reward: 1459.510
---------------------------------------
Evaluation over 10 episodes: 1569.296
---------------------------------------
Total T: 51000 Episode Num: 51 Episode T: 1000 Reward: 1595.639
Total T: 52000 Episode Num: 52 Episode T: 1000 Reward: 1629.594
Total T: 53000 Episode Num: 53 Episode T: 1000 Reward: 1709.021
Total T: 54000 Episode Num: 54 Episode T: 1000 Reward: 1575.359
Total T: 55000 Episode Num: 55 Episode T: 1000 Reward: 1826.621
---------------------------------------
Evaluation over 10 episodes: 1648.922
---------------------------------------
Total T: 56000 Episode Num: 56 Episode T: 1000 Reward: 2134.533
Total T: 57000 Episode Num: 57 Episode T: 1000 Reward: 2204.428
Total T: 58000 Episode Num: 58 Episode T: 1000 Reward: 2465.919
Total T: 59000 Episode Num: 59 Episode T: 1000 Reward: 2437.134
Total T: 60000 Episode Num: 60 Episode T: 1000 Reward: 2570.326
---------------------------------------
Evaluation over 10 episodes: 2330.180
---------------------------------------
Total T: 61000 Episode Num: 61 Episode T: 1000 Reward: 2378.305
Total T: 62000 Episode Num: 62 Episode T: 1000 Reward: 2481.731
Total T: 63000 Episode Num: 63 Episode T: 1000 Reward: 2592.734
Total T: 64000 Episode Num: 64 Episode T: 1000 Reward: 2977.382
Total T: 65000 Episode Num: 65 Episode T: 1000 Reward: 3131.252
---------------------------------------
Evaluation over 10 episodes: 2781.630
---------------------------------------
Total T: 66000 Episode Num: 66 Episode T: 1000 Reward: 2894.386
Total T: 67000 Episode Num: 67 Episode T: 1000 Reward: 3163.655
Total T: 68000 Episode Num: 68 Episode T: 1000 Reward: 2915.229
Total T: 69000 Episode Num: 69 Episode T: 1000 Reward: 2873.126
Total T: 70000 Episode Num: 70 Episode T: 1000 Reward: 423.813
---------------------------------------
Evaluation over 10 episodes: 3121.131
---------------------------------------
Total T: 71000 Episode Num: 71 Episode T: 1000 Reward: 3278.431
Total T: 72000 Episode Num: 72 Episode T: 1000 Reward: 3218.628
Total T: 73000 Episode Num: 73 Episode T: 1000 Reward: 3194.637
Total T: 74000 Episode Num: 74 Episode T: 1000 Reward: 3307.046
Total T: 75000 Episode Num: 75 Episode T: 1000 Reward: 3418.307
---------------------------------------
Evaluation over 10 episodes: 3465.205
---------------------------------------
Total T: 76000 Episode Num: 76 Episode T: 1000 Reward: 3534.689
Total T: 77000 Episode Num: 77 Episode T: 1000 Reward: 3366.622
Total T: 78000 Episode Num: 78 Episode T: 1000 Reward: 3526.003
Total T: 79000 Episode Num: 79 Episode T: 1000 Reward: 3617.599
Total T: 80000 Episode Num: 80 Episode T: 1000 Reward: 3600.304
---------------------------------------
Evaluation over 10 episodes: 3684.576
---------------------------------------
Total T: 81000 Episode Num: 81 Episode T: 1000 Reward: 3609.423
Total T: 82000 Episode Num: 82 Episode T: 1000 Reward: 3827.113
Total T: 83000 Episode Num: 83 Episode T: 1000 Reward: 3915.902
Total T: 84000 Episode Num: 84 Episode T: 1000 Reward: 3863.904
Total T: 85000 Episode Num: 85 Episode T: 1000 Reward: 3941.902
---------------------------------------
Evaluation over 10 episodes: 3947.567
---------------------------------------
Total T: 86000 Episode Num: 86 Episode T: 1000 Reward: 4086.995
Total T: 87000 Episode Num: 87 Episode T: 1000 Reward: 3808.365
Total T: 88000 Episode Num: 88 Episode T: 1000 Reward: 3909.706
Total T: 89000 Episode Num: 89 Episode T: 1000 Reward: 3984.379
Total T: 90000 Episode Num: 90 Episode T: 1000 Reward: 3994.895
---------------------------------------
Evaluation over 10 episodes: 3991.146
---------------------------------------
Total T: 91000 Episode Num: 91 Episode T: 1000 Reward: 4080.064
Total T: 92000 Episode Num: 92 Episode T: 1000 Reward: 3999.455
Total T: 93000 Episode Num: 93 Episode T: 1000 Reward: 4074.606
Total T: 94000 Episode Num: 94 Episode T: 1000 Reward: 4098.875
Total T: 95000 Episode Num: 95 Episode T: 1000 Reward: 4055.992
---------------------------------------
Evaluation over 10 episodes: 4040.695
---------------------------------------
Total T: 96000 Episode Num: 96 Episode T: 1000 Reward: 4166.731
Total T: 97000 Episode Num: 97 Episode T: 1000 Reward: 4140.209
Total T: 98000 Episode Num: 98 Episode T: 1000 Reward: 4089.617
Total T: 99000 Episode Num: 99 Episode T: 1000 Reward: 4275.802
Total T: 100000 Episode Num: 100 Episode T: 1000 Reward: 4166.855
---------------------------------------
Evaluation over 10 episodes: 4028.328
---------------------------------------
Total T: 101000 Episode Num: 101 Episode T: 1000 Reward: 4249.426
Total T: 102000 Episode Num: 102 Episode T: 1000 Reward: 4321.898
Total T: 103000 Episode Num: 103 Episode T: 1000 Reward: 4282.768
Total T: 104000 Episode Num: 104 Episode T: 1000 Reward: 4207.520
Total T: 105000 Episode Num: 105 Episode T: 1000 Reward: 4438.737
---------------------------------------
Evaluation over 10 episodes: 4206.514
---------------------------------------
Total T: 106000 Episode Num: 106 Episode T: 1000 Reward: 4484.178
Total T: 107000 Episode Num: 107 Episode T: 1000 Reward: 4505.009
Total T: 108000 Episode Num: 108 Episode T: 1000 Reward: 2313.455
Total T: 109000 Episode Num: 109 Episode T: 1000 Reward: 4313.729
Total T: 110000 Episode Num: 110 Episode T: 1000 Reward: 4322.325
---------------------------------------
Evaluation over 10 episodes: 4492.661
---------------------------------------
Total T: 111000 Episode Num: 111 Episode T: 1000 Reward: 4543.186
Total T: 112000 Episode Num: 112 Episode T: 1000 Reward: 4391.143
Total T: 113000 Episode Num: 113 Episode T: 1000 Reward: 4154.659
Total T: 114000 Episode Num: 114 Episode T: 1000 Reward: 4396.032
Total T: 115000 Episode Num: 115 Episode T: 1000 Reward: 4659.547
---------------------------------------
Evaluation over 10 episodes: 4556.613
---------------------------------------
Total T: 116000 Episode Num: 116 Episode T: 1000 Reward: 4360.565
Total T: 117000 Episode Num: 117 Episode T: 1000 Reward: 4721.314
Total T: 118000 Episode Num: 118 Episode T: 1000 Reward: 4428.017
Total T: 119000 Episode Num: 119 Episode T: 1000 Reward: 4451.195
Total T: 120000 Episode Num: 120 Episode T: 1000 Reward: 4724.240
---------------------------------------
Evaluation over 10 episodes: 4584.611
---------------------------------------
Total T: 121000 Episode Num: 121 Episode T: 1000 Reward: 4762.201
Total T: 122000 Episode Num: 122 Episode T: 1000 Reward: 4683.805
Total T: 123000 Episode Num: 123 Episode T: 1000 Reward: 4766.852
Total T: 124000 Episode Num: 124 Episode T: 1000 Reward: 4802.554
Total T: 125000 Episode Num: 125 Episode T: 1000 Reward: 4786.564
---------------------------------------
Evaluation over 10 episodes: 4334.722
---------------------------------------
Total T: 126000 Episode Num: 126 Episode T: 1000 Reward: 4611.658
Total T: 127000 Episode Num: 127 Episode T: 1000 Reward: 4713.578
Total T: 128000 Episode Num: 128 Episode T: 1000 Reward: 4639.922
Total T: 129000 Episode Num: 129 Episode T: 1000 Reward: 4764.158
Total T: 130000 Episode Num: 130 Episode T: 1000 Reward: 4952.290
---------------------------------------
Evaluation over 10 episodes: 4822.658
---------------------------------------
Total T: 131000 Episode Num: 131 Episode T: 1000 Reward: 4967.769
Total T: 132000 Episode Num: 132 Episode T: 1000 Reward: 4978.436
Total T: 133000 Episode Num: 133 Episode T: 1000 Reward: 4690.186
Total T: 134000 Episode Num: 134 Episode T: 1000 Reward: 4778.861
Total T: 135000 Episode Num: 135 Episode T: 1000 Reward: 4650.516
---------------------------------------
Evaluation over 10 episodes: 4475.327
---------------------------------------
Total T: 136000 Episode Num: 136 Episode T: 1000 Reward: 4773.568
Total T: 137000 Episode Num: 137 Episode T: 1000 Reward: 4641.331
Total T: 138000 Episode Num: 138 Episode T: 1000 Reward: 4782.692
Total T: 139000 Episode Num: 139 Episode T: 1000 Reward: 4990.909
Total T: 140000 Episode Num: 140 Episode T: 1000 Reward: 4964.380
---------------------------------------
Evaluation over 10 episodes: 5041.196
---------------------------------------
Total T: 141000 Episode Num: 141 Episode T: 1000 Reward: 4859.905
Total T: 142000 Episode Num: 142 Episode T: 1000 Reward: 4887.158
Total T: 143000 Episode Num: 143 Episode T: 1000 Reward: 4996.587
Total T: 144000 Episode Num: 144 Episode T: 1000 Reward: 4817.100
Total T: 145000 Episode Num: 145 Episode T: 1000 Reward: 5057.562
---------------------------------------
Evaluation over 10 episodes: 4995.432
---------------------------------------
Total T: 146000 Episode Num: 146 Episode T: 1000 Reward: 5173.479
Total T: 147000 Episode Num: 147 Episode T: 1000 Reward: 5275.717
Total T: 148000 Episode Num: 148 Episode T: 1000 Reward: 5097.845
Total T: 149000 Episode Num: 149 Episode T: 1000 Reward: 5066.685
Total T: 150000 Episode Num: 150 Episode T: 1000 Reward: 5348.206
---------------------------------------
Evaluation over 10 episodes: 5167.607
---------------------------------------
Total T: 151000 Episode Num: 151 Episode T: 1000 Reward: 5255.439
Total T: 152000 Episode Num: 152 Episode T: 1000 Reward: 5273.389
Total T: 153000 Episode Num: 153 Episode T: 1000 Reward: 5171.303
Total T: 154000 Episode Num: 154 Episode T: 1000 Reward: 5202.357
Total T: 155000 Episode Num: 155 Episode T: 1000 Reward: 5177.123
---------------------------------------
Evaluation over 10 episodes: 4748.094
---------------------------------------
Total T: 156000 Episode Num: 156 Episode T: 1000 Reward: 5390.837
Total T: 157000 Episode Num: 157 Episode T: 1000 Reward: 5164.062
Total T: 158000 Episode Num: 158 Episode T: 1000 Reward: 5246.076
Total T: 159000 Episode Num: 159 Episode T: 1000 Reward: 5403.921
Total T: 160000 Episode Num: 160 Episode T: 1000 Reward: 5383.966
---------------------------------------
Evaluation over 10 episodes: 5261.586
---------------------------------------
Total T: 161000 Episode Num: 161 Episode T: 1000 Reward: 5258.726
Total T: 162000 Episode Num: 162 Episode T: 1000 Reward: 5197.918
Total T: 163000 Episode Num: 163 Episode T: 1000 Reward: 5335.796
Total T: 164000 Episode Num: 164 Episode T: 1000 Reward: 5294.162
Total T: 165000 Episode Num: 165 Episode T: 1000 Reward: 5411.444
---------------------------------------
Evaluation over 10 episodes: 5269.601
---------------------------------------
Total T: 166000 Episode Num: 166 Episode T: 1000 Reward: 166.196
Total T: 167000 Episode Num: 167 Episode T: 1000 Reward: 5429.918
Total T: 168000 Episode Num: 168 Episode T: 1000 Reward: 5546.137
Total T: 169000 Episode Num: 169 Episode T: 1000 Reward: 5448.378
Total T: 170000 Episode Num: 170 Episode T: 1000 Reward: 5511.251
---------------------------------------
Evaluation over 10 episodes: 5479.932
---------------------------------------
Total T: 171000 Episode Num: 171 Episode T: 1000 Reward: 5535.201
Total T: 172000 Episode Num: 172 Episode T: 1000 Reward: 5605.975
Total T: 173000 Episode Num: 173 Episode T: 1000 Reward: 5492.327
Total T: 174000 Episode Num: 174 Episode T: 1000 Reward: 5598.987
Total T: 175000 Episode Num: 175 Episode T: 1000 Reward: 5421.073
---------------------------------------
Evaluation over 10 episodes: 5497.703
---------------------------------------
Total T: 176000 Episode Num: 176 Episode T: 1000 Reward: 5494.355
Total T: 177000 Episode Num: 177 Episode T: 1000 Reward: 5486.378
Total T: 178000 Episode Num: 178 Episode T: 1000 Reward: 5369.960
Total T: 179000 Episode Num: 179 Episode T: 1000 Reward: 5644.130
Total T: 180000 Episode Num: 180 Episode T: 1000 Reward: 5453.611
---------------------------------------
Evaluation over 10 episodes: 5544.284
---------------------------------------
Total T: 181000 Episode Num: 181 Episode T: 1000 Reward: 5420.372
Total T: 182000 Episode Num: 182 Episode T: 1000 Reward: 5687.950
Total T: 183000 Episode Num: 183 Episode T: 1000 Reward: 5738.194
Total T: 184000 Episode Num: 184 Episode T: 1000 Reward: 5711.702
Total T: 185000 Episode Num: 185 Episode T: 1000 Reward: 5759.559