---------------------------------------
Policy: TD3, Env: HalfCheetah-v2, Seed: 1
---------------------------------------
---------------------------------------
Evaluation over 10 episodes: -1.678
---------------------------------------
Total T: 1000 Episode Num: 1 Episode T: 1000 Reward: -186.102
Total T: 2000 Episode Num: 2 Episode T: 1000 Reward: -350.241
Total T: 3000 Episode Num: 3 Episode T: 1000 Reward: -333.005
Total T: 4000 Episode Num: 4 Episode T: 1000 Reward: -254.386
Total T: 5000 Episode Num: 5 Episode T: 1000 Reward: -210.541
---------------------------------------
Evaluation over 10 episodes: -1.666
---------------------------------------
Total T: 6000 Episode Num: 6 Episode T: 1000 Reward: -160.838
Total T: 7000 Episode Num: 7 Episode T: 1000 Reward: -275.882
Total T: 8000 Episode Num: 8 Episode T: 1000 Reward: -130.119
Total T: 9000 Episode Num: 9 Episode T: 1000 Reward: -452.085
Total T: 10000 Episode Num: 10 Episode T: 1000 Reward: -264.769
---------------------------------------
Evaluation over 10 episodes: -1.662
---------------------------------------
Total T: 11000 Episode Num: 11 Episode T: 1000 Reward: -139.295
Total T: 12000 Episode Num: 12 Episode T: 1000 Reward: -233.771
Total T: 13000 Episode Num: 13 Episode T: 1000 Reward: -226.708
Total T: 14000 Episode Num: 14 Episode T: 1000 Reward: -380.881
Total T: 15000 Episode Num: 15 Episode T: 1000 Reward: -340.627
---------------------------------------
Evaluation over 10 episodes: -1.686
---------------------------------------
Total T: 16000 Episode Num: 16 Episode T: 1000 Reward: -273.761
Total T: 17000 Episode Num: 17 Episode T: 1000 Reward: -192.500
Total T: 18000 Episode Num: 18 Episode T: 1000 Reward: -385.420
Total T: 19000 Episode Num: 19 Episode T: 1000 Reward: -236.400
Total T: 20000 Episode Num: 20 Episode T: 1000 Reward: -216.066
---------------------------------------
Evaluation over 10 episodes: -1.642
---------------------------------------
Total T: 21000 Episode Num: 21 Episode T: 1000 Reward: -134.003
Total T: 22000 Episode Num: 22 Episode T: 1000 Reward: -185.530
Total T: 23000 Episode Num: 23 Episode T: 1000 Reward: -368.703
Total T: 24000 Episode Num: 24 Episode T: 1000 Reward: -187.542
Total T: 25000 Episode Num: 25 Episode T: 1000 Reward: -177.240
---------------------------------------
Evaluation over 10 episodes: -1.635
---------------------------------------
Total T: 26000 Episode Num: 26 Episode T: 1000 Reward: -300.305
Total T: 27000 Episode Num: 27 Episode T: 1000 Reward: -363.224
Total T: 28000 Episode Num: 28 Episode T: 1000 Reward: -444.120
Total T: 29000 Episode Num: 29 Episode T: 1000 Reward: -434.343
Total T: 30000 Episode Num: 30 Episode T: 1000 Reward: -499.693
---------------------------------------
Evaluation over 10 episodes: -367.011
---------------------------------------
Total T: 31000 Episode Num: 31 Episode T: 1000 Reward: -403.092
Total T: 32000 Episode Num: 32 Episode T: 1000 Reward: -451.107
Total T: 33000 Episode Num: 33 Episode T: 1000 Reward: -468.389
Total T: 34000 Episode Num: 34 Episode T: 1000 Reward: -310.929
Total T: 35000 Episode Num: 35 Episode T: 1000 Reward: -132.460
---------------------------------------
Evaluation over 10 episodes: -248.966
---------------------------------------
Total T: 36000 Episode Num: 36 Episode T: 1000 Reward: -166.645
Total T: 37000 Episode Num: 37 Episode T: 1000 Reward: 186.644
Total T: 38000 Episode Num: 38 Episode T: 1000 Reward: 40.931
Total T: 39000 Episode Num: 39 Episode T: 1000 Reward: 222.057
Total T: 40000 Episode Num: 40 Episode T: 1000 Reward: -65.717
---------------------------------------
Evaluation over 10 episodes: 68.551
---------------------------------------
Total T: 41000 Episode Num: 41 Episode T: 1000 Reward: 410.551
Total T: 42000 Episode Num: 42 Episode T: 1000 Reward: 820.392
Total T: 43000 Episode Num: 43 Episode T: 1000 Reward: 1330.976
Total T: 44000 Episode Num: 44 Episode T: 1000 Reward: 567.725
Total T: 45000 Episode Num: 45 Episode T: 1000 Reward: 1378.021
---------------------------------------
Evaluation over 10 episodes: 1303.056
---------------------------------------
Total T: 46000 Episode Num: 46 Episode T: 1000 Reward: 1410.892
Total T: 47000 Episode Num: 47 Episode T: 1000 Reward: 1691.785
Total T: 48000 Episode Num: 48 Episode T: 1000 Reward: 1601.396
Total T: 49000 Episode Num: 49 Episode T: 1000 Reward: 1837.320
Total T: 50000 Episode Num: 50 Episode T: 1000 Reward: 1789.987
---------------------------------------
Evaluation over 10 episodes: 1841.302
---------------------------------------
Total T: 51000 Episode Num: 51 Episode T: 1000 Reward: 1642.543
Total T: 52000 Episode Num: 52 Episode T: 1000 Reward: 2017.056
Total T: 53000 Episode Num: 53 Episode T: 1000 Reward: 2061.699
Total T: 54000 Episode Num: 54 Episode T: 1000 Reward: 2307.754
Total T: 55000 Episode Num: 55 Episode T: 1000 Reward: 2419.379
---------------------------------------
Evaluation over 10 episodes: 2378.459
---------------------------------------
Total T: 56000 Episode Num: 56 Episode T: 1000 Reward: 2680.144
Total T: 57000 Episode Num: 57 Episode T: 1000 Reward: 2475.268
Total T: 58000 Episode Num: 58 Episode T: 1000 Reward: 2390.506
Total T: 59000 Episode Num: 59 Episode T: 1000 Reward: 2574.031
Total T: 60000 Episode Num: 60 Episode T: 1000 Reward: 2701.950
---------------------------------------
Evaluation over 10 episodes: 2621.973
---------------------------------------
Total T: 61000 Episode Num: 61 Episode T: 1000 Reward: 2637.102
Total T: 62000 Episode Num: 62 Episode T: 1000 Reward: 2860.913
Total T: 63000 Episode Num: 63 Episode T: 1000 Reward: 2660.895
Total T: 64000 Episode Num: 64 Episode T: 1000 Reward: 2835.194
Total T: 65000 Episode Num: 65 Episode T: 1000 Reward: 2954.208
---------------------------------------
Evaluation over 10 episodes: 2949.318
---------------------------------------
Total T: 66000 Episode Num: 66 Episode T: 1000 Reward: 2817.420
Total T: 67000 Episode Num: 67 Episode T: 1000 Reward: 2616.870
Total T: 68000 Episode Num: 68 Episode T: 1000 Reward: 2900.026
Total T: 69000 Episode Num: 69 Episode T: 1000 Reward: 3222.871
Total T: 70000 Episode Num: 70 Episode T: 1000 Reward: 2758.663
---------------------------------------
Evaluation over 10 episodes: 2895.214
---------------------------------------
Total T: 71000 Episode Num: 71 Episode T: 1000 Reward: 3032.752
Total T: 72000 Episode Num: 72 Episode T: 1000 Reward: 3544.257
Total T: 73000 Episode Num: 73 Episode T: 1000 Reward: 3341.778
Total T: 74000 Episode Num: 74 Episode T: 1000 Reward: 3344.779
Total T: 75000 Episode Num: 75 Episode T: 1000 Reward: 3358.188
---------------------------------------
Evaluation over 10 episodes: 3552.575
---------------------------------------
Total T: 76000 Episode Num: 76 Episode T: 1000 Reward: 3500.991
Total T: 77000 Episode Num: 77 Episode T: 1000 Reward: 3640.845
Total T: 78000 Episode Num: 78 Episode T: 1000 Reward: 1913.670
Total T: 79000 Episode Num: 79 Episode T: 1000 Reward: 3722.623
Total T: 80000 Episode Num: 80 Episode T: 1000 Reward: 3811.147
---------------------------------------
Evaluation over 10 episodes: 3769.811
---------------------------------------
Total T: 81000 Episode Num: 81 Episode T: 1000 Reward: 346.299
Total T: 82000 Episode Num: 82 Episode T: 1000 Reward: 4043.534
Total T: 83000 Episode Num: 83 Episode T: 1000 Reward: 4090.139
Total T: 84000 Episode Num: 84 Episode T: 1000 Reward: 3954.363
Total T: 85000 Episode Num: 85 Episode T: 1000 Reward: 3910.839
---------------------------------------
Evaluation over 10 episodes: 4176.845
---------------------------------------
Total T: 86000 Episode Num: 86 Episode T: 1000 Reward: 4129.920
Total T: 87000 Episode Num: 87 Episode T: 1000 Reward: 4015.897
Total T: 88000 Episode Num: 88 Episode T: 1000 Reward: 4059.573
Total T: 89000 Episode Num: 89 Episode T: 1000 Reward: 4154.438
Total T: 90000 Episode Num: 90 Episode T: 1000 Reward: 4221.888
---------------------------------------
Evaluation over 10 episodes: 4251.496
---------------------------------------
Total T: 91000 Episode Num: 91 Episode T: 1000 Reward: 4275.100
Total T: 92000 Episode Num: 92 Episode T: 1000 Reward: 4346.127
Total T: 93000 Episode Num: 93 Episode T: 1000 Reward: 4276.271
Total T: 94000 Episode Num: 94 Episode T: 1000 Reward: 4469.660
Total T: 95000 Episode Num: 95 Episode T: 1000 Reward: 4414.127
---------------------------------------
Evaluation over 10 episodes: 4491.441
---------------------------------------
Total T: 96000 Episode Num: 96 Episode T: 1000 Reward: 4521.381
Total T: 97000 Episode Num: 97 Episode T: 1000 Reward: 4453.033
Total T: 98000 Episode Num: 98 Episode T: 1000 Reward: 4464.432
Total T: 99000 Episode Num: 99 Episode T: 1000 Reward: 4578.129
Total T: 100000 Episode Num: 100 Episode T: 1000 Reward: 4576.661
---------------------------------------
Evaluation over 10 episodes: 4460.683
---------------------------------------
Total T: 101000 Episode Num: 101 Episode T: 1000 Reward: 4421.720
Total T: 102000 Episode Num: 102 Episode T: 1000 Reward: 4549.500
Total T: 103000 Episode Num: 103 Episode T: 1000 Reward: 4609.072
Total T: 104000 Episode Num: 104 Episode T: 1000 Reward: 4530.628
Total T: 105000 Episode Num: 105 Episode T: 1000 Reward: 4688.056
---------------------------------------
Evaluation over 10 episodes: 4686.393
---------------------------------------
Total T: 106000 Episode Num: 106 Episode T: 1000 Reward: 4615.047
Total T: 107000 Episode Num: 107 Episode T: 1000 Reward: 4556.053
Total T: 108000 Episode Num: 108 Episode T: 1000 Reward: 4660.026
Total T: 109000 Episode Num: 109 Episode T: 1000 Reward: 4522.554
Total T: 110000 Episode Num: 110 Episode T: 1000 Reward: 4640.228
---------------------------------------
Evaluation over 10 episodes: 4687.664
---------------------------------------
Total T: 111000 Episode Num: 111 Episode T: 1000 Reward: 4716.769
Total T: 112000 Episode Num: 112 Episode T: 1000 Reward: 4550.304
Total T: 113000 Episode Num: 113 Episode T: 1000 Reward: 4673.609
Total T: 114000 Episode Num: 114 Episode T: 1000 Reward: 4516.084
Total T: 115000 Episode Num: 115 Episode T: 1000 Reward: 4612.361
---------------------------------------
Evaluation over 10 episodes: 4771.422
---------------------------------------
Total T: 116000 Episode Num: 116 Episode T: 1000 Reward: 4756.717
Total T: 117000 Episode Num: 117 Episode T: 1000 Reward: 4622.385
Total T: 118000 Episode Num: 118 Episode T: 1000 Reward: 4770.975
Total T: 119000 Episode Num: 119 Episode T: 1000 Reward: 4680.907
Total T: 120000 Episode Num: 120 Episode T: 1000 Reward: 4702.595
---------------------------------------
Evaluation over 10 episodes: 4784.676
---------------------------------------
Total T: 121000 Episode Num: 121 Episode T: 1000 Reward: 4591.939
Total T: 122000 Episode Num: 122 Episode T: 1000 Reward: 4878.130
Total T: 123000 Episode Num: 123 Episode T: 1000 Reward: 4716.113
Total T: 124000 Episode Num: 124 Episode T: 1000 Reward: 4678.231
Total T: 125000 Episode Num: 125 Episode T: 1000 Reward: 4910.806
---------------------------------------
Evaluation over 10 episodes: 4902.183
---------------------------------------
Total T: 126000 Episode Num: 126 Episode T: 1000 Reward: 4733.782
Total T: 127000 Episode Num: 127 Episode T: 1000 Reward: 4896.876
Total T: 128000 Episode Num: 128 Episode T: 1000 Reward: 4818.053
Total T: 129000 Episode Num: 129 Episode T: 1000 Reward: 4724.418
Total T: 130000 Episode Num: 130 Episode T: 1000 Reward: 4955.668
---------------------------------------
Evaluation over 10 episodes: 4996.293
---------------------------------------
Total T: 131000 Episode Num: 131 Episode T: 1000 Reward: 4740.964
Total T: 132000 Episode Num: 132 Episode T: 1000 Reward: 4857.846
Total T: 133000 Episode Num: 133 Episode T: 1000 Reward: 4968.116
Total T: 134000 Episode Num: 134 Episode T: 1000 Reward: 4853.872
Total T: 135000 Episode Num: 135 Episode T: 1000 Reward: 4932.232
---------------------------------------
Evaluation over 10 episodes: 4928.309
---------------------------------------
Total T: 136000 Episode Num: 136 Episode T: 1000 Reward: 4995.450
Total T: 137000 Episode Num: 137 Episode T: 1000 Reward: 4995.979
Total T: 138000 Episode Num: 138 Episode T: 1000 Reward: 5102.680
Total T: 139000 Episode Num: 139 Episode T: 1000 Reward: 5061.108
Total T: 140000 Episode Num: 140 Episode T: 1000 Reward: 4805.870
---------------------------------------
Evaluation over 10 episodes: 5037.520
---------------------------------------
Total T: 141000 Episode Num: 141 Episode T: 1000 Reward: 5127.585
Total T: 142000 Episode Num: 142 Episode T: 1000 Reward: 4926.684
Total T: 143000 Episode Num: 143 Episode T: 1000 Reward: 5143.769
Total T: 144000 Episode Num: 144 Episode T: 1000 Reward: 5014.684
Total T: 145000 Episode Num: 145 Episode T: 1000 Reward: 4888.685
---------------------------------------
Evaluation over 10 episodes: 5031.143
---------------------------------------
Total T: 146000 Episode Num: 146 Episode T: 1000 Reward: 5000.625
Total T: 147000 Episode Num: 147 Episode T: 1000 Reward: 5021.731
Total T: 148000 Episode Num: 148 Episode T: 1000 Reward: 4817.959
Total T: 149000 Episode Num: 149 Episode T: 1000 Reward: 5100.397
Total T: 150000 Episode Num: 150 Episode T: 1000 Reward: 5181.111
---------------------------------------
Evaluation over 10 episodes: 5046.448
---------------------------------------
Total T: 151000 Episode Num: 151 Episode T: 1000 Reward: 5111.940
Total T: 152000 Episode Num: 152 Episode T: 1000 Reward: 5099.868
Total T: 153000 Episode Num: 153 Episode T: 1000 Reward: 5124.765
Total T: 154000 Episode Num: 154 Episode T: 1000 Reward: 5098.617
Total T: 155000 Episode Num: 155 Episode T: 1000 Reward: 5177.827
---------------------------------------
Evaluation over 10 episodes: 5140.627
---------------------------------------
Total T: 156000 Episode Num: 156 Episode T: 1000 Reward: 4941.176
Total T: 157000 Episode Num: 157 Episode T: 1000 Reward: 5107.236
Total T: 158000 Episode Num: 158 Episode T: 1000 Reward: 5119.843
Total T: 159000 Episode Num: 159 Episode T: 1000 Reward: 5251.637
Total T: 160000 Episode Num: 160 Episode T: 1000 Reward: 5228.589
---------------------------------------
Evaluation over 10 episodes: 5213.771
---------------------------------------
Total T: 161000 Episode Num: 161 Episode T: 1000 Reward: 5204.127
Total T: 162000 Episode Num: 162 Episode T: 1000 Reward: 5259.072
Total T: 163000 Episode Num: 163 Episode T: 1000 Reward: 5264.723
Total T: 164000 Episode Num: 164 Episode T: 1000 Reward: 5268.639
Total T: 165000 Episode Num: 165 Episode T: 1000 Reward: 5321.285
---------------------------------------
Evaluation over 10 episodes: 5277.166
---------------------------------------
Total T: 166000 Episode Num: 166 Episode T: 1000 Reward: 5257.340
Total T: 167000 Episode Num: 167 Episode T: 1000 Reward: 5271.016
Total T: 168000 Episode Num: 168 Episode T: 1000 Reward: 5330.861
Total T: 169000 Episode Num: 169 Episode T: 1000 Reward: 5259.712
Total T: 170000 Episode Num: 170 Episode T: 1000 Reward: 5239.015
---------------------------------------
Evaluation over 10 episodes: 5244.609
---------------------------------------
Total T: 171000 Episode Num: 171 Episode T: 1000 Reward: 5283.492
Total T: 172000 Episode Num: 172 Episode T: 1000 Reward: 5237.495
Total T: 173000 Episode Num: 173 Episode T: 1000 Reward: 5321.482
Total T: 174000 Episode Num: 174 Episode T: 1000 Reward: 5303.198
Total T: 175000 Episode Num: 175 Episode T: 1000 Reward: 5159.173
---------------------------------------
Evaluation over 10 episodes: 5293.764
---------------------------------------
Total T: 176000 Episode Num: 176 Episode T: 1000 Reward: 5131.661
Total T: 177000 Episode Num: 177 Episode T: 1000 Reward: 5332.330
Total T: 178000 Episode Num: 178 Episode T: 1000 Reward: 5500.802
Total T: 179000 Episode Num: 179 Episode T: 1000 Reward: 5414.771
Total T: 180000 Episode Num: 180 Episode T: 1000 Reward: 5441.330
---------------------------------------
Evaluation over 10 episodes: 5314.308
---------------------------------------
Total T: 181000 Episode Num: 181 Episode T: 1000 Reward: 5335.852
Total T: 182000 Episode Num: 182 Episode T: 1000 Reward: 5480.335
Total T: 183000 Episode Num: 183 Episode T: 1000 Reward: 5473.543
Total T: 184000 Episode Num: 184 Episode T: 1000 Reward: 5511.473
Total T: 185000 Episode Num: 185 Episode T: 1000 Reward: 5511.744