---------------------------------------
Policy: TD3, Env: HalfCheetah-v2, Seed: 0
---------------------------------------
---------------------------------------
Evaluation over 10 episodes: -8.188
---------------------------------------
Total T: 1000 Episode Num: 1 Episode T: 1000 Reward: -162.939
Total T: 2000 Episode Num: 2 Episode T: 1000 Reward: -249.937
Total T: 3000 Episode Num: 3 Episode T: 1000 Reward: -265.267
Total T: 4000 Episode Num: 4 Episode T: 1000 Reward: -178.201
Total T: 5000 Episode Num: 5 Episode T: 1000 Reward: -397.129
---------------------------------------
Evaluation over 10 episodes: -7.301
---------------------------------------
Total T: 6000 Episode Num: 6 Episode T: 1000 Reward: -248.773
Total T: 7000 Episode Num: 7 Episode T: 1000 Reward: -275.927
Total T: 8000 Episode Num: 8 Episode T: 1000 Reward: -266.990
Total T: 9000 Episode Num: 9 Episode T: 1000 Reward: -456.615
Total T: 10000 Episode Num: 10 Episode T: 1000 Reward: -220.005
---------------------------------------
Evaluation over 10 episodes: -7.701
---------------------------------------
Total T: 11000 Episode Num: 11 Episode T: 1000 Reward: -423.321
Total T: 12000 Episode Num: 12 Episode T: 1000 Reward: -311.353
Total T: 13000 Episode Num: 13 Episode T: 1000 Reward: -228.262
Total T: 14000 Episode Num: 14 Episode T: 1000 Reward: -223.868
Total T: 15000 Episode Num: 15 Episode T: 1000 Reward: -277.138
---------------------------------------
Evaluation over 10 episodes: -5.545
---------------------------------------
Total T: 16000 Episode Num: 16 Episode T: 1000 Reward: -83.314
Total T: 17000 Episode Num: 17 Episode T: 1000 Reward: -237.300
Total T: 18000 Episode Num: 18 Episode T: 1000 Reward: -273.908
Total T: 19000 Episode Num: 19 Episode T: 1000 Reward: -398.732
Total T: 20000 Episode Num: 20 Episode T: 1000 Reward: -298.613
---------------------------------------
Evaluation over 10 episodes: -6.914
---------------------------------------
Total T: 21000 Episode Num: 21 Episode T: 1000 Reward: -173.349
Total T: 22000 Episode Num: 22 Episode T: 1000 Reward: -367.148
Total T: 23000 Episode Num: 23 Episode T: 1000 Reward: -251.875
Total T: 24000 Episode Num: 24 Episode T: 1000 Reward: -400.573
Total T: 25000 Episode Num: 25 Episode T: 1000 Reward: -182.419
---------------------------------------
Evaluation over 10 episodes: -8.751
---------------------------------------
Total T: 26000 Episode Num: 26 Episode T: 1000 Reward: -313.661
Total T: 27000 Episode Num: 27 Episode T: 1000 Reward: -330.334
Total T: 28000 Episode Num: 28 Episode T: 1000 Reward: -296.536
Total T: 29000 Episode Num: 29 Episode T: 1000 Reward: -389.202
Total T: 30000 Episode Num: 30 Episode T: 1000 Reward: -262.323
---------------------------------------
Evaluation over 10 episodes: -290.742
---------------------------------------
Total T: 31000 Episode Num: 31 Episode T: 1000 Reward: -123.325
Total T: 32000 Episode Num: 32 Episode T: 1000 Reward: -126.343
Total T: 33000 Episode Num: 33 Episode T: 1000 Reward: -48.967
Total T: 34000 Episode Num: 34 Episode T: 1000 Reward: -53.094
Total T: 35000 Episode Num: 35 Episode T: 1000 Reward: 167.454
---------------------------------------
Evaluation over 10 episodes: 52.712
---------------------------------------
Total T: 36000 Episode Num: 36 Episode T: 1000 Reward: 55.064
Total T: 37000 Episode Num: 37 Episode T: 1000 Reward: 129.458
Total T: 38000 Episode Num: 38 Episode T: 1000 Reward: 129.419
Total T: 39000 Episode Num: 39 Episode T: 1000 Reward: 115.898
Total T: 40000 Episode Num: 40 Episode T: 1000 Reward: 154.028
---------------------------------------
Evaluation over 10 episodes: 190.267
---------------------------------------
Total T: 41000 Episode Num: 41 Episode T: 1000 Reward: 183.302
Total T: 42000 Episode Num: 42 Episode T: 1000 Reward: 272.483
Total T: 43000 Episode Num: 43 Episode T: 1000 Reward: 511.687
Total T: 44000 Episode Num: 44 Episode T: 1000 Reward: 726.832
Total T: 45000 Episode Num: 45 Episode T: 1000 Reward: 1550.501
---------------------------------------
Evaluation over 10 episodes: 1404.844
---------------------------------------
Total T: 46000 Episode Num: 46 Episode T: 1000 Reward: 1267.709
Total T: 47000 Episode Num: 47 Episode T: 1000 Reward: 1432.039
Total T: 48000 Episode Num: 48 Episode T: 1000 Reward: 1987.712
Total T: 49000 Episode Num: 49 Episode T: 1000 Reward: 1724.402
Total T: 50000 Episode Num: 50 Episode T: 1000 Reward: 2051.782
---------------------------------------
Evaluation over 10 episodes: 1637.100
---------------------------------------
Total T: 51000 Episode Num: 51 Episode T: 1000 Reward: 1545.607
Total T: 52000 Episode Num: 52 Episode T: 1000 Reward: 1915.823
Total T: 53000 Episode Num: 53 Episode T: 1000 Reward: 1215.701
Total T: 54000 Episode Num: 54 Episode T: 1000 Reward: 2269.345
Total T: 55000 Episode Num: 55 Episode T: 1000 Reward: 2216.709
---------------------------------------
Evaluation over 10 episodes: 2051.457
---------------------------------------
Total T: 56000 Episode Num: 56 Episode T: 1000 Reward: 2268.366
Total T: 57000 Episode Num: 57 Episode T: 1000 Reward: 2305.671
Total T: 58000 Episode Num: 58 Episode T: 1000 Reward: 2336.931
Total T: 59000 Episode Num: 59 Episode T: 1000 Reward: 2505.694
Total T: 60000 Episode Num: 60 Episode T: 1000 Reward: 2569.259
---------------------------------------
Evaluation over 10 episodes: 2432.315
---------------------------------------
Total T: 61000 Episode Num: 61 Episode T: 1000 Reward: 2629.525
Total T: 62000 Episode Num: 62 Episode T: 1000 Reward: 2188.519
Total T: 63000 Episode Num: 63 Episode T: 1000 Reward: 2821.815
Total T: 64000 Episode Num: 64 Episode T: 1000 Reward: 2397.150
Total T: 65000 Episode Num: 65 Episode T: 1000 Reward: 2938.920
---------------------------------------
Evaluation over 10 episodes: 2834.214
---------------------------------------
Total T: 66000 Episode Num: 66 Episode T: 1000 Reward: 2977.092
Total T: 67000 Episode Num: 67 Episode T: 1000 Reward: 2961.732
Total T: 68000 Episode Num: 68 Episode T: 1000 Reward: 3172.985
Total T: 69000 Episode Num: 69 Episode T: 1000 Reward: 3094.473
Total T: 70000 Episode Num: 70 Episode T: 1000 Reward: 2213.947
---------------------------------------
Evaluation over 10 episodes: 2719.375
---------------------------------------
Total T: 71000 Episode Num: 71 Episode T: 1000 Reward: 3216.916
Total T: 72000 Episode Num: 72 Episode T: 1000 Reward: 3140.316
Total T: 73000 Episode Num: 73 Episode T: 1000 Reward: 903.022
Total T: 74000 Episode Num: 74 Episode T: 1000 Reward: 3235.749
Total T: 75000 Episode Num: 75 Episode T: 1000 Reward: 3559.511
---------------------------------------
Evaluation over 10 episodes: 3460.580
---------------------------------------
Total T: 76000 Episode Num: 76 Episode T: 1000 Reward: 3339.094
Total T: 77000 Episode Num: 77 Episode T: 1000 Reward: 3415.542
Total T: 78000 Episode Num: 78 Episode T: 1000 Reward: 3484.214
Total T: 79000 Episode Num: 79 Episode T: 1000 Reward: 3576.304
Total T: 80000 Episode Num: 80 Episode T: 1000 Reward: 3699.203
---------------------------------------
Evaluation over 10 episodes: 3680.797
---------------------------------------
Total T: 81000 Episode Num: 81 Episode T: 1000 Reward: 3841.466
Total T: 82000 Episode Num: 82 Episode T: 1000 Reward: 3704.715
Total T: 83000 Episode Num: 83 Episode T: 1000 Reward: 3627.410
Total T: 84000 Episode Num: 84 Episode T: 1000 Reward: 3752.464
Total T: 85000 Episode Num: 85 Episode T: 1000 Reward: 3916.625
---------------------------------------
Evaluation over 10 episodes: 3861.231
---------------------------------------
Total T: 86000 Episode Num: 86 Episode T: 1000 Reward: 3891.198
Total T: 87000 Episode Num: 87 Episode T: 1000 Reward: 3947.440
Total T: 88000 Episode Num: 88 Episode T: 1000 Reward: 3926.806
Total T: 89000 Episode Num: 89 Episode T: 1000 Reward: 3815.926
Total T: 90000 Episode Num: 90 Episode T: 1000 Reward: 3732.173
---------------------------------------
Evaluation over 10 episodes: 3894.242
---------------------------------------
Total T: 91000 Episode Num: 91 Episode T: 1000 Reward: 3861.421
Total T: 92000 Episode Num: 92 Episode T: 1000 Reward: 3984.448
Total T: 93000 Episode Num: 93 Episode T: 1000 Reward: 3933.896
Total T: 94000 Episode Num: 94 Episode T: 1000 Reward: 3909.455
Total T: 95000 Episode Num: 95 Episode T: 1000 Reward: 3899.410
---------------------------------------
Evaluation over 10 episodes: 3956.896
---------------------------------------
Total T: 96000 Episode Num: 96 Episode T: 1000 Reward: 4000.179
Total T: 97000 Episode Num: 97 Episode T: 1000 Reward: 3756.937
Total T: 98000 Episode Num: 98 Episode T: 1000 Reward: 3992.855
Total T: 99000 Episode Num: 99 Episode T: 1000 Reward: 4175.099
Total T: 100000 Episode Num: 100 Episode T: 1000 Reward: 4043.722
---------------------------------------
Evaluation over 10 episodes: 4070.232
---------------------------------------
Total T: 101000 Episode Num: 101 Episode T: 1000 Reward: 4102.572
Total T: 102000 Episode Num: 102 Episode T: 1000 Reward: 4072.210
Total T: 103000 Episode Num: 103 Episode T: 1000 Reward: 4163.117
Total T: 104000 Episode Num: 104 Episode T: 1000 Reward: 4226.216
Total T: 105000 Episode Num: 105 Episode T: 1000 Reward: 4115.113
---------------------------------------
Evaluation over 10 episodes: 4215.125
---------------------------------------
Total T: 106000 Episode Num: 106 Episode T: 1000 Reward: 4282.136
Total T: 107000 Episode Num: 107 Episode T: 1000 Reward: 4295.437
Total T: 108000 Episode Num: 108 Episode T: 1000 Reward: 4279.345
Total T: 109000 Episode Num: 109 Episode T: 1000 Reward: 4353.964
Total T: 110000 Episode Num: 110 Episode T: 1000 Reward: 4400.163
---------------------------------------
Evaluation over 10 episodes: 4348.893
---------------------------------------
Total T: 111000 Episode Num: 111 Episode T: 1000 Reward: 4383.396
Total T: 112000 Episode Num: 112 Episode T: 1000 Reward: 4335.976
Total T: 113000 Episode Num: 113 Episode T: 1000 Reward: 4454.984
Total T: 114000 Episode Num: 114 Episode T: 1000 Reward: 4449.303
Total T: 115000 Episode Num: 115 Episode T: 1000 Reward: 4432.007
---------------------------------------
Evaluation over 10 episodes: 4518.979
---------------------------------------
Total T: 116000 Episode Num: 116 Episode T: 1000 Reward: 4383.638
Total T: 117000 Episode Num: 117 Episode T: 1000 Reward: 4451.710
Total T: 118000 Episode Num: 118 Episode T: 1000 Reward: 4438.752
Total T: 119000 Episode Num: 119 Episode T: 1000 Reward: 4572.694
Total T: 120000 Episode Num: 120 Episode T: 1000 Reward: 4625.310
---------------------------------------
Evaluation over 10 episodes: 4428.586
---------------------------------------
Total T: 121000 Episode Num: 121 Episode T: 1000 Reward: 4630.397
Total T: 122000 Episode Num: 122 Episode T: 1000 Reward: 4614.253
Total T: 123000 Episode Num: 123 Episode T: 1000 Reward: 4361.911
Total T: 124000 Episode Num: 124 Episode T: 1000 Reward: 4454.157
Total T: 125000 Episode Num: 125 Episode T: 1000 Reward: 4564.455
---------------------------------------
Evaluation over 10 episodes: 4566.347
---------------------------------------
Total T: 126000 Episode Num: 126 Episode T: 1000 Reward: 4543.395
Total T: 127000 Episode Num: 127 Episode T: 1000 Reward: 4467.204
Total T: 128000 Episode Num: 128 Episode T: 1000 Reward: 4633.721
Total T: 129000 Episode Num: 129 Episode T: 1000 Reward: 4637.008
Total T: 130000 Episode Num: 130 Episode T: 1000 Reward: 4657.824
---------------------------------------
Evaluation over 10 episodes: 4595.916
---------------------------------------
Total T: 131000 Episode Num: 131 Episode T: 1000 Reward: 4588.075
Total T: 132000 Episode Num: 132 Episode T: 1000 Reward: 4557.084
Total T: 133000 Episode Num: 133 Episode T: 1000 Reward: 4587.338
Total T: 134000 Episode Num: 134 Episode T: 1000 Reward: 4669.066
Total T: 135000 Episode Num: 135 Episode T: 1000 Reward: 4652.144
---------------------------------------
Evaluation over 10 episodes: 4676.525
---------------------------------------
Total T: 136000 Episode Num: 136 Episode T: 1000 Reward: 4739.405
Total T: 137000 Episode Num: 137 Episode T: 1000 Reward: 4709.137
Total T: 138000 Episode Num: 138 Episode T: 1000 Reward: 4612.893
Total T: 139000 Episode Num: 139 Episode T: 1000 Reward: 4731.410
Total T: 140000 Episode Num: 140 Episode T: 1000 Reward: 4732.800
---------------------------------------
Evaluation over 10 episodes: 4574.907
---------------------------------------
Total T: 141000 Episode Num: 141 Episode T: 1000 Reward: 4720.250
Total T: 142000 Episode Num: 142 Episode T: 1000 Reward: 4741.083
Total T: 143000 Episode Num: 143 Episode T: 1000 Reward: 4649.730
Total T: 144000 Episode Num: 144 Episode T: 1000 Reward: 4627.389
Total T: 145000 Episode Num: 145 Episode T: 1000 Reward: 4721.106
---------------------------------------
Evaluation over 10 episodes: 4758.434
---------------------------------------
Total T: 146000 Episode Num: 146 Episode T: 1000 Reward: 4592.014
Total T: 147000 Episode Num: 147 Episode T: 1000 Reward: 4725.209
Total T: 148000 Episode Num: 148 Episode T: 1000 Reward: 4802.604
Total T: 149000 Episode Num: 149 Episode T: 1000 Reward: 4749.673
Total T: 150000 Episode Num: 150 Episode T: 1000 Reward: 4739.110
---------------------------------------
Evaluation over 10 episodes: 4710.546
---------------------------------------
Total T: 151000 Episode Num: 151 Episode T: 1000 Reward: 4782.926
Total T: 152000 Episode Num: 152 Episode T: 1000 Reward: 4654.691
Total T: 153000 Episode Num: 153 Episode T: 1000 Reward: 4713.669
Total T: 154000 Episode Num: 154 Episode T: 1000 Reward: 4735.042
Total T: 155000 Episode Num: 155 Episode T: 1000 Reward: 4703.940
---------------------------------------
Evaluation over 10 episodes: 4725.619
---------------------------------------
Total T: 156000 Episode Num: 156 Episode T: 1000 Reward: 4745.299
Total T: 157000 Episode Num: 157 Episode T: 1000 Reward: 4800.225
Total T: 158000 Episode Num: 158 Episode T: 1000 Reward: 4761.011
Total T: 159000 Episode Num: 159 Episode T: 1000 Reward: 4887.467
Total T: 160000 Episode Num: 160 Episode T: 1000 Reward: 4768.719
---------------------------------------
Evaluation over 10 episodes: 4779.622
---------------------------------------
Total T: 161000 Episode Num: 161 Episode T: 1000 Reward: 4728.328
Total T: 162000 Episode Num: 162 Episode T: 1000 Reward: 4755.432
Total T: 163000 Episode Num: 163 Episode T: 1000 Reward: 4692.758
Total T: 164000 Episode Num: 164 Episode T: 1000 Reward: 4811.823
Total T: 165000 Episode Num: 165 Episode T: 1000 Reward: 4764.254
---------------------------------------
Evaluation over 10 episodes: 4813.281
---------------------------------------
Total T: 166000 Episode Num: 166 Episode T: 1000 Reward: 4754.245
Total T: 167000 Episode Num: 167 Episode T: 1000 Reward: 4769.506
Total T: 168000 Episode Num: 168 Episode T: 1000 Reward: 4811.033
Total T: 169000 Episode Num: 169 Episode T: 1000 Reward: 4832.302
Total T: 170000 Episode Num: 170 Episode T: 1000 Reward: 4799.039
---------------------------------------
Evaluation over 10 episodes: 4891.074
---------------------------------------
Total T: 171000 Episode Num: 171 Episode T: 1000 Reward: 4810.772
Total T: 172000 Episode Num: 172 Episode T: 1000 Reward: 4954.818
Total T: 173000 Episode Num: 173 Episode T: 1000 Reward: 4939.913
Total T: 174000 Episode Num: 174 Episode T: 1000 Reward: 4953.156
Total T: 175000 Episode Num: 175 Episode T: 1000 Reward: 4810.665
---------------------------------------
Evaluation over 10 episodes: 4895.188
---------------------------------------
Total T: 176000 Episode Num: 176 Episode T: 1000 Reward: 4817.870
Total T: 177000 Episode Num: 177 Episode T: 1000 Reward: 4786.618
Total T: 178000 Episode Num: 178 Episode T: 1000 Reward: 4850.109
Total T: 179000 Episode Num: 179 Episode T: 1000 Reward: 4573.715
Total T: 180000 Episode Num: 180 Episode T: 1000 Reward: 4852.213
---------------------------------------
Evaluation over 10 episodes: 4926.593
---------------------------------------
Total T: 181000 Episode Num: 181 Episode T: 1000 Reward: 4927.450
Total T: 182000 Episode Num: 182 Episode T: 1000 Reward: 4961.061
Total T: 183000 Episode Num: 183 Episode T: 1000 Reward: 4933.009
Total T: 184000 Episode Num: 184 Episode T: 1000 Reward: 4905.310
Total T: 185000 Episode Num: 185 Episode T: 1000 Reward: 4904.684
---------------------------------------
Evaluation over 10 episodes: 4896.174
---------------------------------------
Total T: 186000 Episode Num: 186 Episode T: 1000 Reward: 4875.955
Total T: 187000 Episode Num: 187 Episode T: 1000 Reward: 4956.178
Total T: 188000 Episode Num: 188 Episode T: 1000 Reward: 4994.583
Total T: 189000 Episode Num: 189 Episode T: 1000 Reward: 4908.309
Total T: 190000 Episode Num: 190 Episode T: 1000 Reward: 5005.662
---------------------------------------
Evaluation over 10 episodes: 4907.388
---------------------------------------
Total T: 191000 Episode Num: 191 Episode T: 1000 Reward: 4998.510
Total T: 192000 Episode Num: 192 Episode T: 1000 Reward: 4944.504
Total T: 193000 Episode Num: 193 Episode T: 1000 Reward: 4971.382
Total T: 194000 Episode Num: 194 Episode T: 1000 Reward: 4941.348
Total T: 195000 Episode Num: 195 Episode T: 1000 Reward: 4966.963
---------------------------------------
Evaluation over 10 episodes: 4947.855
---------------------------------------
Total T: 196000 Episode Num: 196 Episode T: 1000 Reward: 4922.511
Total T: 197000 Episode Num: 197 Episode T: 1000 Reward: 4905.029
Total T: 198000 Episode Num: 198 Episode T: 1000 Reward: 4886.262
Total T: 199000 Episode Num: 199 Episode T: 1000 Reward: 4938.091
Total T: 200000 Episode Num: 200 Episode T: 1000 Reward: 4982.564
---------------------------------------
Evaluation over 10 episodes: 5084.084
---------------------------------------
Total T: 201000 Episode Num: 201 Episode T: 1000 Reward: 5038.346
Total T: 202000 Episode Num: 202 Episode T: 1000 Reward: 4970.890
Total T: 203000 Episode Num: 203 Episode T: 1000 Reward: 5004.333
Total T: 204000 Episode Num: 204 Episode T: 1000 Reward: 5029.029
Total T: 205000 Episode Num: 205 Episode T: 1000 Reward: 5002.900
---------------------------------------
Evaluation over 10 episodes: 5059.215
---------------------------------------
Total T: 206000 Episode Num: 206 Episode T: 1000 Reward: 4889.570
Total T: 207000 Episode Num: 207 Episode T: 1000 Reward: 5089.861
Total T: 208000 Episode Num: 208 Episode T: 1000 Reward: 5070.646
Total T: 209000 Episode Num: 209 Episode T: 1000 Reward: 4977.685
Total T: 210000 Episode Num: 210 Episode T: 1000 Reward: 5004.628
---------------------------------------
Evaluation over 10 episodes: 5072.570
---------------------------------------
Total T: 211000 Episode Num: 211 Episode T: 1000 Reward: 5018.394
Total T: 212000 Episode Num: 212 Episode T: 1000 Reward: 5127.565
Total T: 213000 Episode Num: 213 Episode T: 1000 Reward: 5094.719
Total T: 214000 Episode Num: 214 Episode T: 1000 Reward: 5163.616
Total T: 215000 Episode Num: 215 Episode T: 1000 Reward: 5168.173
---------------------------------------
Evaluation over 10 episodes: 5140.145
---------------------------------------
Total T: 216000 Episode Num: 216 Episode T: 1000 Reward: 5179.003
Total T: 217000 Episode Num: 217 Episode T: 1000 Reward: 5193.204
Total T: 218000 Episode Num: 218 Episode T: 1000 Reward: 4987.127
Total T: 219000 Episode Num: 219 Episode T: 1000 Reward: 5131.218
Total T: 220000 Episode Num: 220 Episode T: 1000 Reward: 5172.069
---------------------------------------
Evaluation over 10 episodes: 5143.405
---------------------------------------
Total T: 221000 Episode Num: 221 Episode T: 1000 Reward: 5112.407
Total T: 222000 Episode Num: 222 Episode T: 1000 Reward: 5046.084
Total T: 223000 Episode Num: 223 Episode T: 1000 Reward: 5260.548
Total T: 224000 Episode Num: 224 Episode T: 1000 Reward: 5233.035
Total T: 225000 Episode Num: 225 Episode T: 1000 Reward: 5146.387
---------------------------------------
Evaluation over 10 episodes: 5164.120
---------------------------------------
Total T: 226000 Episode Num: 226 Episode T: 1000 Reward: 5162.779
Total T: 227000 Episode Num: 227 Episode T: 1000 Reward: 5187.790
Total T: 228000 Episode Num: 228 Episode T: 1000 Reward: 5281.327
Total T: 229000 Episode Num: 229 Episode T: 1000 Reward: 5235.042
Total T: 230000 Episode Num: 230 Episode T: 1000 Reward: 5279.897
---------------------------------------
Evaluation over 10 episodes: 5185.610
---------------------------------------
Total T: 231000 Episode Num: 231 Episode T: 1000 Reward: 5193.202
Total T: 232000 Episode Num: 232 Episode T: 1000 Reward: 5273.911
Total T: 233000 Episode Num: 233 Episode T: 1000 Reward: 5152.838
Total T: 234000 Episode Num: 234 Episode T: 1000 Reward: 5263.609
Total T: 235000 Episode Num: 235 Episode T: 1000 Reward: 5274.282
---------------------------------------
Evaluation over 10 episodes: 5199.669
---------------------------------------
Total T: 236000 Episode Num: 236 Episode T: 1000 Reward: 5224.854
Total T: 237000 Episode Num: 237 Episode T: 1000 Reward: 5275.438
Total T: 238000 Episode Num: 238 Episode T: 1000 Reward: 5329.572
Total T: 239000 Episode Num: 239 Episode T: 1000 Reward: 5271.116
Total T: 240000 Episode Num: 240 Episode T: 1000 Reward: 5349.907
---------------------------------------
Evaluation over 10 episodes: 5384.096
---------------------------------------
Total T: 241000 Episode Num: 241 Episode T: 1000 Reward: 5351.357
Total T: 242000 Episode Num: 242 Episode T: 1000 Reward: 5300.472
Total T: 243000 Episode Num: 243 Episode T: 1000 Reward: 5386.612
Total T: 244000 Episode Num: 244 Episode T: 1000 Reward: 5366.976
Total T: 245000 Episode Num: 245 Episode T: 1000 Reward: 5358.785
---------------------------------------
Evaluation over 10 episodes: 5359.437
---------------------------------------
Total T: 246000 Episode Num: 246 Episode T: 1000 Reward: 5409.144
Total T: 247000 Episode Num: 247 Episode T: 1000 Reward: 5409.719
Total T: 248000 Episode Num: 248 Episode T: 1000 Reward: 5384.857
Total T: 249000 Episode Num: 249 Episode T: 1000 Reward: 5385.773
Total T: 250000 Episode Num: 250 Episode T: 1000 Reward: 5406.572
---------------------------------------
Evaluation over 10 episodes: 5386.136
---------------------------------------
Total T: 251000 Episode Num: 251 Episode T: 1000 Reward: 5431.373
Total T: 252000 Episode Num: 252 Episode T: 1000 Reward: 5358.449
Total T: 253000 Episode Num: 253 Episode T: 1000 Reward: 5339.114
Total T: 254000 Episode Num: 254 Episode T: 1000 Reward: 5427.670
Total T: 255000 Episode Num: 255 Episode T: 1000 Reward: 5469.914
---------------------------------------
Evaluation over 10 episodes: 5436.184
---------------------------------------
Total T: 256000 Episode Num: 256 Episode T: 1000 Reward: 5359.871
Total T: 257000 Episode Num: 257 Episode T: 1000 Reward: 5431.405
Total T: 258000 Episode Num: 258 Episode T: 1000 Reward: 5422.113
Total T: 259000 Episode Num: 259 Episode T: 1000 Reward: 5412.049
Total T: 260000 Episode Num: 260 Episode T: 1000 Reward: 5495.921
---------------------------------------
Evaluation over 10 episodes: 5440.587
---------------------------------------
Total T: 261000 Episode Num: 261 Episode T: 1000 Reward: 5411.185
Total T: 262000 Episode Num: 262 Episode T: 1000 Reward: 5330.126
Total T: 263000 Episode Num: 263 Episode T: 1000 Reward: 5470.874
Total T: 264000 Episode Num: 264 Episode T: 1000 Reward: 5535.970
Total T: 265000 Episode Num: 265 Episode T: 1000 Reward: 5521.525
---------------------------------------
Evaluation over 10 episodes: 5456.957
---------------------------------------
Total T: 266000 Episode Num: 266 Episode T: 1000 Reward: 5456.913
Total T: 267000 Episode Num: 267 Episode T: 1000 Reward: 5398.993
Total T: 268000 Episode Num: 268 Episode T: 1000 Reward: 5566.707
Total T: 269000 Episode Num: 269 Episode T: 1000 Reward: 5427.426
Total T: 270000 Episode Num: 270 Episode T: 1000 Reward: 5525.687
---------------------------------------
Evaluation over 10 episodes: 5534.647
---------------------------------------
Total T: 271000 Episode Num: 271 Episode T: 1000 Reward: 5511.087
Total T: 272000 Episode Num: 272 Episode T: 1000 Reward: 5616.041
Total T: 273000 Episode Num: 273 Episode T: 1000 Reward: 5551.977
Total T: 274000 Episode Num: 274 Episode T: 1000 Reward: 5515.719
Total T: 275000 Episode Num: 275 Episode T: 1000 Reward: 5498.830
---------------------------------------
Evaluation over 10 episodes: 5559.185
---------------------------------------
Total T: 276000 Episode Num: 276 Episode T: 1000 Reward: 5668.955
Total T: 277000 Episode Num: 277 Episode T: 1000 Reward: 5479.809
Total T: 278000 Episode Num: 278 Episode T: 1000 Reward: 5550.373
Total T: 279000 Episode Num: 279 Episode T: 1000 Reward: 5569.292
Total T: 280000 Episode Num: 280 Episode T: 1000 Reward: 5583.837
---------------------------------------
Evaluation over 10 episodes: 5580.324
---------------------------------------
Total T: 281000 Episode Num: 281 Episode T: 1000 Reward: 5593.239
Total T: 282000 Episode Num: 282 Episode T: 1000 Reward: 5446.024
Total T: 283000 Episode Num: 283 Episode T: 1000 Reward: 5589.688
Total T: 284000 Episode Num: 284 Episode T: 1000 Reward: 5561.580
Total T: 285000 Episode Num: 285 Episode T: 1000 Reward: 5674.506
---------------------------------------
Evaluation over 10 episodes: 5643.578
---------------------------------------
Total T: 286000 Episode Num: 286 Episode T: 1000 Reward: 5636.984
Total T: 287000 Episode Num: 287 Episode T: 1000 Reward: 5589.070
Total T: 288000 Episode Num: 288 Episode T: 1000 Reward: 5688.195
Total T: 289000 Episode Num: 289 Episode T: 1000 Reward: 5643.299
Total T: 290000 Episode Num: 290 Episode T: 1000 Reward: 5669.774
---------------------------------------
Evaluation over 10 episodes: 5554.903
---------------------------------------
Total T: 291000 Episode Num: 291 Episode T: 1000 Reward: 5600.569
Total T: 292000 Episode Num: 292 Episode T: 1000 Reward: 5640.331
Total T: 293000 Episode Num: 293 Episode T: 1000 Reward: 5668.796
Total T: 294000 Episode Num: 294 Episode T: 1000 Reward: 5674.369
Total T: 295000 Episode Num: 295 Episode T: 1000 Reward: 5618.163
---------------------------------------
Evaluation over 10 episodes: 5549.558
---------------------------------------
Total T: 296000 Episode Num: 296 Episode T: 1000 Reward: 5582.369
Total T: 297000 Episode Num: 297 Episode T: 1000 Reward: 5557.338
Total T: 298000 Episode Num: 298 Episode T: 1000 Reward: 5611.245
Total T: 299000 Episode Num: 299 Episode T: 1000 Reward: 5649.634
Total T: 300000 Episode Num: 300 Episode T: 1000 Reward: 5568.221
---------------------------------------
Evaluation over 10 episodes: 5685.691
---------------------------------------
Total T: 301000 Episode Num: 301 Episode T: 1000 Reward: 5717.341
Total T: 302000 Episode Num: 302 Episode T: 1000 Reward: 5594.059
Total T: 303000 Episode Num: 303 Episode T: 1000 Reward: 5639.817
Total T: 304000 Episode Num: 304 Episode T: 1000 Reward: 5703.089
Total T: 305000 Episode Num: 305 Episode T: 1000 Reward: 5635.849
---------------------------------------
Evaluation over 10 episodes: 5650.094
---------------------------------------
Total T: 306000 Episode Num: 306 Episode T: 1000 Reward: 5663.040
Total T: 307000 Episode Num: 307 Episode T: 1000 Reward: 5724.430
Total T: 308000 Episode Num: 308 Episode T: 1000 Reward: 5690.992
Total T: 309000 Episode Num: 309 Episode T: 1000 Reward: 5688.944
Total T: 310000 Episode Num: 310 Episode T: 1000 Reward: 5724.774
---------------------------------------
Evaluation over 10 episodes: 5699.116
---------------------------------------
Total T: 311000 Episode Num: 311 Episode T: 1000 Reward: 5780.411
Total T: 312000 Episode Num: 312 Episode T: 1000 Reward: 5743.184
Total T: 313000 Episode Num: 313 Episode T: 1000 Reward: 5777.534
Total T: 314000 Episode Num: 314 Episode T: 1000 Reward: 5790.054
Total T: 315000 Episode Num: 315 Episode T: 1000 Reward: 5677.254
---------------------------------------
Evaluation over 10 episodes: 5728.004
---------------------------------------
Total T: 316000 Episode Num: 316 Episode T: 1000 Reward: 5812.524
Total T: 317000 Episode Num: 317 Episode T: 1000 Reward: 5778.736
Total T: 318000 Episode Num: 318 Episode T: 1000 Reward: 5712.940
Total T: 319000 Episode Num: 319 Episode T: 1000 Reward: 5773.298
Total T: 320000 Episode Num: 320 Episode T: 1000 Reward: 5717.004
---------------------------------------
Evaluation over 10 episodes: 5799.925
---------------------------------------
Total T: 321000 Episode Num: 321 Episode T: 1000 Reward: 5752.808
Total T: 322000 Episode Num: 322 Episode T: 1000 Reward: 5752.439
Total T: 323000 Episode Num: 323 Episode T: 1000 Reward: 5773.971
Total T: 324000 Episode Num: 324 Episode T: 1000 Reward: 5761.296
Total T: 325000 Episode Num: 325 Episode T: 1000 Reward: 5776.824
---------------------------------------
Evaluation over 10 episodes: 5815.965
---------------------------------------
Total T: 326000 Episode Num: 326 Episode T: 1000 Reward: 5888.479
Total T: 327000 Episode Num: 327 Episode T: 1000 Reward: 5778.835
Total T: 328000 Episode Num: 328 Episode T: 1000 Reward: 5736.591
Total T: 329000 Episode Num: 329 Episode T: 1000 Reward: 5792.913
Total T: 330000 Episode Num: 330 Episode T: 1000 Reward: 5749.812
---------------------------------------
Evaluation over 10 episodes: 5808.705
---------------------------------------
Total T: 331000 Episode Num: 331 Episode T: 1000 Reward: 5851.188
Total T: 332000 Episode Num: 332 Episode T: 1000 Reward: 5811.445
Total T: 333000 Episode Num: 333 Episode T: 1000 Reward: 5726.910
Total T: 334000 Episode Num: 334 Episode T: 1000 Reward: 5764.913
Total T: 335000 Episode Num: 335 Episode T: 1000 Reward: 5802.535
---------------------------------------
Evaluation over 10 episodes: 5840.581
---------------------------------------
Total T: 336000 Episode Num: 336 Episode T: 1000 Reward: 5903.511
Total T: 337000 Episode Num: 337 Episode T: 1000 Reward: 5790.306
Total T: 338000 Episode Num: 338 Episode T: 1000 Reward: 5854.533
Total T: 339000 Episode Num: 339 Episode T: 1000 Reward: 5843.833
Total T: 340000 Episode Num: 340 Episode T: 1000 Reward: 5802.364
---------------------------------------
Evaluation over 10 episodes: 5836.233
---------------------------------------
Total T: 341000 Episode Num: 341 Episode T: 1000 Reward: 5858.428
Total T: 342000 Episode Num: 342 Episode T: 1000 Reward: 5888.748
Total T: 343000 Episode Num: 343 Episode T: 1000 Reward: 5878.564
Total T: 344000 Episode Num: 344 Episode T: 1000 Reward: 5851.254
Total T: 345000 Episode Num: 345 Episode T: 1000 Reward: 5899.537
---------------------------------------
Evaluation over 10 episodes: 5917.879
---------------------------------------
Total T: 346000 Episode Num: 346 Episode T: 1000 Reward: 5852.529
Total T: 347000 Episode Num: 347 Episode T: 1000 Reward: 5817.601
Total T: 348000 Episode Num: 348 Episode T: 1000 Reward: 5899.816
Total T: 349000 Episode Num: 349 Episode T: 1000 Reward: 5914.627
Total T: 350000 Episode Num: 350 Episode T: 1000 Reward: 5956.463
---------------------------------------
Evaluation over 10 episodes: 5815.745
---------------------------------------
Total T: 351000 Episode Num: 351 Episode T: 1000 Reward: 5890.690
Total T: 352000 Episode Num: 352 Episode T: 1000 Reward: 5916.361
Total T: 353000 Episode Num: 353 Episode T: 1000 Reward: 5828.300
Total T: 354000 Episode Num: 354 Episode T: 1000 Reward: 5888.729
Total T: 355000 Episode Num: 355 Episode T: 1000 Reward: 5860.901
---------------------------------------
Evaluation over 10 episodes: 5912.697
---------------------------------------
Total T: 356000 Episode Num: 356 Episode T: 1000 Reward: 5698.914
Total T: 357000 Episode Num: 357 Episode T: 1000 Reward: 5921.173
Total T: 358000 Episode Num: 358 Episode T: 1000 Reward: 5954.781
Total T: 359000 Episode Num: 359 Episode T: 1000 Reward: 5846.790
Total T: 360000 Episode Num: 360 Episode T: 1000 Reward: 5809.416
---------------------------------------
Evaluation over 10 episodes: 5884.776
---------------------------------------
Total T: 361000 Episode Num: 361 Episode T: 1000 Reward: 5879.022
Total T: 362000 Episode Num: 362 Episode T: 1000 Reward: 5926.743
Total T: 363000 Episode Num: 363 Episode T: 1000 Reward: 5954.749
Total T: 364000 Episode Num: 364 Episode T: 1000 Reward: 5885.087
Total T: 365000 Episode Num: 365 Episode T: 1000 Reward: 5963.076
---------------------------------------
Evaluation over 10 episodes: 5980.649
---------------------------------------
Total T: 366000 Episode Num: 366 Episode T: 1000 Reward: 5916.691
Total T: 367000 Episode Num: 367 Episode T: 1000 Reward: 5848.030
Total T: 368000 Episode Num: 368 Episode T: 1000 Reward: 5988.534srun: Job step aborted: Waiting up to 32 seconds for job step to finish.
slurmstepd: *** JOB 185974 CANCELLED AT 2020-05-24T08:54:01 *** on simba-compute-15
slurmstepd: *** STEP 185974.0 CANCELLED AT 2020-05-24T08:54:01 *** on simba-compute-15
