---------------------------------------
Policy: TD3, Env: HalfCheetah-v2, Seed: 0
---------------------------------------
---------------------------------------
Evaluation over 10 episodes: -1.043
---------------------------------------
Total T: 1000 Episode Num: 1 Episode T: 1000 Reward: -239.164
Total T: 2000 Episode Num: 2 Episode T: 1000 Reward: -277.072
Total T: 3000 Episode Num: 3 Episode T: 1000 Reward: -258.577
Total T: 4000 Episode Num: 4 Episode T: 1000 Reward: -237.500
Total T: 5000 Episode Num: 5 Episode T: 1000 Reward: -285.715
---------------------------------------
Evaluation over 10 episodes: -1.013
---------------------------------------
Total T: 6000 Episode Num: 6 Episode T: 1000 Reward: -252.719
Total T: 7000 Episode Num: 7 Episode T: 1000 Reward: -397.503
Total T: 8000 Episode Num: 8 Episode T: 1000 Reward: -263.208
Total T: 9000 Episode Num: 9 Episode T: 1000 Reward: -231.888
Total T: 10000 Episode Num: 10 Episode T: 1000 Reward: -311.283
---------------------------------------
Evaluation over 10 episodes: -0.991
---------------------------------------
Total T: 11000 Episode Num: 11 Episode T: 1000 Reward: -261.455
Total T: 12000 Episode Num: 12 Episode T: 1000 Reward: -198.675
Total T: 13000 Episode Num: 13 Episode T: 1000 Reward: -229.859
Total T: 14000 Episode Num: 14 Episode T: 1000 Reward: -343.556
Total T: 15000 Episode Num: 15 Episode T: 1000 Reward: -362.497
---------------------------------------
Evaluation over 10 episodes: -1.025
---------------------------------------
Total T: 16000 Episode Num: 16 Episode T: 1000 Reward: -259.965
Total T: 17000 Episode Num: 17 Episode T: 1000 Reward: -254.022
Total T: 18000 Episode Num: 18 Episode T: 1000 Reward: -344.669
Total T: 19000 Episode Num: 19 Episode T: 1000 Reward: -311.782
Total T: 20000 Episode Num: 20 Episode T: 1000 Reward: -304.599
---------------------------------------
Evaluation over 10 episodes: -0.987
---------------------------------------
Total T: 21000 Episode Num: 21 Episode T: 1000 Reward: -266.610
Total T: 22000 Episode Num: 22 Episode T: 1000 Reward: -290.064
Total T: 23000 Episode Num: 23 Episode T: 1000 Reward: -289.727
Total T: 24000 Episode Num: 24 Episode T: 1000 Reward: -322.973
Total T: 25000 Episode Num: 25 Episode T: 1000 Reward: -236.819
---------------------------------------
Evaluation over 10 episodes: -0.999
---------------------------------------
Total T: 26000 Episode Num: 26 Episode T: 1000 Reward: -332.922
Total T: 27000 Episode Num: 27 Episode T: 1000 Reward: -383.658
Total T: 28000 Episode Num: 28 Episode T: 1000 Reward: -371.557
Total T: 29000 Episode Num: 29 Episode T: 1000 Reward: -403.377
Total T: 30000 Episode Num: 30 Episode T: 1000 Reward: -368.924
---------------------------------------
Evaluation over 10 episodes: -385.972
---------------------------------------
Total T: 31000 Episode Num: 31 Episode T: 1000 Reward: -307.361
Total T: 32000 Episode Num: 32 Episode T: 1000 Reward: -350.564
Total T: 33000 Episode Num: 33 Episode T: 1000 Reward: -427.564
Total T: 34000 Episode Num: 34 Episode T: 1000 Reward: -358.776
Total T: 35000 Episode Num: 35 Episode T: 1000 Reward: -342.963
---------------------------------------
Evaluation over 10 episodes: -358.489
---------------------------------------
Total T: 36000 Episode Num: 36 Episode T: 1000 Reward: -383.330
Total T: 37000 Episode Num: 37 Episode T: 1000 Reward: -332.835
Total T: 38000 Episode Num: 38 Episode T: 1000 Reward: -300.328
Total T: 39000 Episode Num: 39 Episode T: 1000 Reward: -105.872
Total T: 40000 Episode Num: 40 Episode T: 1000 Reward: 399.717
---------------------------------------
Evaluation over 10 episodes: 859.041
---------------------------------------
Total T: 41000 Episode Num: 41 Episode T: 1000 Reward: 1264.238
Total T: 42000 Episode Num: 42 Episode T: 1000 Reward: 1566.082
Total T: 43000 Episode Num: 43 Episode T: 1000 Reward: 1696.434
Total T: 44000 Episode Num: 44 Episode T: 1000 Reward: 1367.480
Total T: 45000 Episode Num: 45 Episode T: 1000 Reward: 1383.758
---------------------------------------
Evaluation over 10 episodes: 1842.402
---------------------------------------
Total T: 46000 Episode Num: 46 Episode T: 1000 Reward: 407.301
Total T: 47000 Episode Num: 47 Episode T: 1000 Reward: 2027.572
Total T: 48000 Episode Num: 48 Episode T: 1000 Reward: 318.045
Total T: 49000 Episode Num: 49 Episode T: 1000 Reward: 2334.211
Total T: 50000 Episode Num: 50 Episode T: 1000 Reward: 2181.382
---------------------------------------
Evaluation over 10 episodes: 2235.352
---------------------------------------
Total T: 51000 Episode Num: 51 Episode T: 1000 Reward: 2370.058
Total T: 52000 Episode Num: 52 Episode T: 1000 Reward: 2353.464
Total T: 53000 Episode Num: 53 Episode T: 1000 Reward: 2506.288
Total T: 54000 Episode Num: 54 Episode T: 1000 Reward: 2793.630
Total T: 55000 Episode Num: 55 Episode T: 1000 Reward: 2410.549
---------------------------------------
Evaluation over 10 episodes: 2353.027
---------------------------------------
Total T: 56000 Episode Num: 56 Episode T: 1000 Reward: 2627.996
Total T: 57000 Episode Num: 57 Episode T: 1000 Reward: 2690.620
Total T: 58000 Episode Num: 58 Episode T: 1000 Reward: 2703.140
Total T: 59000 Episode Num: 59 Episode T: 1000 Reward: 2602.330
Total T: 60000 Episode Num: 60 Episode T: 1000 Reward: 2858.583
---------------------------------------
Evaluation over 10 episodes: 2731.535
---------------------------------------
Total T: 61000 Episode Num: 61 Episode T: 1000 Reward: 2537.461
Total T: 62000 Episode Num: 62 Episode T: 1000 Reward: 3015.708
Total T: 63000 Episode Num: 63 Episode T: 1000 Reward: 2713.622
Total T: 64000 Episode Num: 64 Episode T: 1000 Reward: 2704.220
Total T: 65000 Episode Num: 65 Episode T: 1000 Reward: 2533.216
---------------------------------------
Evaluation over 10 episodes: 2849.429
---------------------------------------
Total T: 66000 Episode Num: 66 Episode T: 1000 Reward: 2930.109
Total T: 67000 Episode Num: 67 Episode T: 1000 Reward: 2779.889
Total T: 68000 Episode Num: 68 Episode T: 1000 Reward: 2855.952
Total T: 69000 Episode Num: 69 Episode T: 1000 Reward: 3003.205
Total T: 70000 Episode Num: 70 Episode T: 1000 Reward: 777.090
---------------------------------------
Evaluation over 10 episodes: 2758.181
---------------------------------------
Total T: 71000 Episode Num: 71 Episode T: 1000 Reward: 2974.624
Total T: 72000 Episode Num: 72 Episode T: 1000 Reward: 3012.458
Total T: 73000 Episode Num: 73 Episode T: 1000 Reward: 3196.000
Total T: 74000 Episode Num: 74 Episode T: 1000 Reward: 3207.123
Total T: 75000 Episode Num: 75 Episode T: 1000 Reward: 3282.757
---------------------------------------
Evaluation over 10 episodes: 3161.161
---------------------------------------
Total T: 76000 Episode Num: 76 Episode T: 1000 Reward: 3172.357
Total T: 77000 Episode Num: 77 Episode T: 1000 Reward: 3545.736
Total T: 78000 Episode Num: 78 Episode T: 1000 Reward: 3431.152
Total T: 79000 Episode Num: 79 Episode T: 1000 Reward: 3402.940
Total T: 80000 Episode Num: 80 Episode T: 1000 Reward: 3535.459
---------------------------------------
Evaluation over 10 episodes: 3417.758
---------------------------------------
Total T: 81000 Episode Num: 81 Episode T: 1000 Reward: 3636.071
Total T: 82000 Episode Num: 82 Episode T: 1000 Reward: 3519.636
Total T: 83000 Episode Num: 83 Episode T: 1000 Reward: 3480.243
Total T: 84000 Episode Num: 84 Episode T: 1000 Reward: 3572.181
Total T: 85000 Episode Num: 85 Episode T: 1000 Reward: 3741.135
---------------------------------------
Evaluation over 10 episodes: 3585.803
---------------------------------------
Total T: 86000 Episode Num: 86 Episode T: 1000 Reward: 3359.409
Total T: 87000 Episode Num: 87 Episode T: 1000 Reward: 3463.131
Total T: 88000 Episode Num: 88 Episode T: 1000 Reward: 3469.730
Total T: 89000 Episode Num: 89 Episode T: 1000 Reward: 3620.514
Total T: 90000 Episode Num: 90 Episode T: 1000 Reward: 3705.840
---------------------------------------
Evaluation over 10 episodes: 3751.088
---------------------------------------
Total T: 91000 Episode Num: 91 Episode T: 1000 Reward: 3593.708
Total T: 92000 Episode Num: 92 Episode T: 1000 Reward: 3988.971
Total T: 93000 Episode Num: 93 Episode T: 1000 Reward: 3523.159
Total T: 94000 Episode Num: 94 Episode T: 1000 Reward: 3575.484
Total T: 95000 Episode Num: 95 Episode T: 1000 Reward: 3811.612
---------------------------------------
Evaluation over 10 episodes: 3723.274
---------------------------------------
Total T: 96000 Episode Num: 96 Episode T: 1000 Reward: 3865.390
Total T: 97000 Episode Num: 97 Episode T: 1000 Reward: 3740.551
Total T: 98000 Episode Num: 98 Episode T: 1000 Reward: 3748.375
Total T: 99000 Episode Num: 99 Episode T: 1000 Reward: 4076.264
Total T: 100000 Episode Num: 100 Episode T: 1000 Reward: 3868.594
---------------------------------------
Evaluation over 10 episodes: 3842.718
---------------------------------------
Total T: 101000 Episode Num: 101 Episode T: 1000 Reward: 4040.403
Total T: 102000 Episode Num: 102 Episode T: 1000 Reward: 4111.722
Total T: 103000 Episode Num: 103 Episode T: 1000 Reward: 3811.513
Total T: 104000 Episode Num: 104 Episode T: 1000 Reward: 3939.328
Total T: 105000 Episode Num: 105 Episode T: 1000 Reward: 4057.969
---------------------------------------
Evaluation over 10 episodes: 4053.564
---------------------------------------
Total T: 106000 Episode Num: 106 Episode T: 1000 Reward: 4136.020
Total T: 107000 Episode Num: 107 Episode T: 1000 Reward: 3932.943
Total T: 108000 Episode Num: 108 Episode T: 1000 Reward: 4048.579
Total T: 109000 Episode Num: 109 Episode T: 1000 Reward: 4058.053
Total T: 110000 Episode Num: 110 Episode T: 1000 Reward: 4044.280
---------------------------------------
Evaluation over 10 episodes: 4131.778
---------------------------------------
Total T: 111000 Episode Num: 111 Episode T: 1000 Reward: 4264.425
Total T: 112000 Episode Num: 112 Episode T: 1000 Reward: 4293.837
Total T: 113000 Episode Num: 113 Episode T: 1000 Reward: 4436.772
Total T: 114000 Episode Num: 114 Episode T: 1000 Reward: 4144.785
Total T: 115000 Episode Num: 115 Episode T: 1000 Reward: 4251.197
---------------------------------------
Evaluation over 10 episodes: 4352.420
---------------------------------------
Total T: 116000 Episode Num: 116 Episode T: 1000 Reward: 4218.303
Total T: 117000 Episode Num: 117 Episode T: 1000 Reward: 4166.855
Total T: 118000 Episode Num: 118 Episode T: 1000 Reward: 4477.982
Total T: 119000 Episode Num: 119 Episode T: 1000 Reward: 4295.721
Total T: 120000 Episode Num: 120 Episode T: 1000 Reward: 4269.637
---------------------------------------
Evaluation over 10 episodes: 4501.685
---------------------------------------
Total T: 121000 Episode Num: 121 Episode T: 1000 Reward: 4328.857
Total T: 122000 Episode Num: 122 Episode T: 1000 Reward: 4315.488
Total T: 123000 Episode Num: 123 Episode T: 1000 Reward: 4382.556
Total T: 124000 Episode Num: 124 Episode T: 1000 Reward: 4422.685
Total T: 125000 Episode Num: 125 Episode T: 1000 Reward: 4455.078
---------------------------------------
Evaluation over 10 episodes: 4381.756
---------------------------------------
Total T: 126000 Episode Num: 126 Episode T: 1000 Reward: 4526.836
Total T: 127000 Episode Num: 127 Episode T: 1000 Reward: 4606.358
Total T: 128000 Episode Num: 128 Episode T: 1000 Reward: 4552.817
Total T: 129000 Episode Num: 129 Episode T: 1000 Reward: 4646.622
Total T: 130000 Episode Num: 130 Episode T: 1000 Reward: 4584.527
---------------------------------------
Evaluation over 10 episodes: 4660.002
---------------------------------------
Total T: 131000 Episode Num: 131 Episode T: 1000 Reward: 4641.516
Total T: 132000 Episode Num: 132 Episode T: 1000 Reward: 4718.263
Total T: 133000 Episode Num: 133 Episode T: 1000 Reward: 4661.578
Total T: 134000 Episode Num: 134 Episode T: 1000 Reward: 4455.083
Total T: 135000 Episode Num: 135 Episode T: 1000 Reward: 4529.614
---------------------------------------
Evaluation over 10 episodes: 4445.976
---------------------------------------
Total T: 136000 Episode Num: 136 Episode T: 1000 Reward: 4790.698
Total T: 137000 Episode Num: 137 Episode T: 1000 Reward: 4662.652
Total T: 138000 Episode Num: 138 Episode T: 1000 Reward: 4778.424
Total T: 139000 Episode Num: 139 Episode T: 1000 Reward: 4493.476
Total T: 140000 Episode Num: 140 Episode T: 1000 Reward: 4668.767
---------------------------------------
Evaluation over 10 episodes: 4806.398
---------------------------------------
Total T: 141000 Episode Num: 141 Episode T: 1000 Reward: 4475.236
Total T: 142000 Episode Num: 142 Episode T: 1000 Reward: 4806.681
Total T: 143000 Episode Num: 143 Episode T: 1000 Reward: 4406.219
Total T: 144000 Episode Num: 144 Episode T: 1000 Reward: 4684.026
Total T: 145000 Episode Num: 145 Episode T: 1000 Reward: 4896.586
---------------------------------------
Evaluation over 10 episodes: 5079.604
---------------------------------------
Total T: 146000 Episode Num: 146 Episode T: 1000 Reward: 4813.952
Total T: 147000 Episode Num: 147 Episode T: 1000 Reward: 4878.245
Total T: 148000 Episode Num: 148 Episode T: 1000 Reward: 5085.928
Total T: 149000 Episode Num: 149 Episode T: 1000 Reward: 4919.160
Total T: 150000 Episode Num: 150 Episode T: 1000 Reward: 5146.136
---------------------------------------
Evaluation over 10 episodes: 5148.861
---------------------------------------
Total T: 151000 Episode Num: 151 Episode T: 1000 Reward: 5103.742
Total T: 152000 Episode Num: 152 Episode T: 1000 Reward: 4961.584
Total T: 153000 Episode Num: 153 Episode T: 1000 Reward: 5234.989
Total T: 154000 Episode Num: 154 Episode T: 1000 Reward: 5189.206
Total T: 155000 Episode Num: 155 Episode T: 1000 Reward: 5178.516
---------------------------------------
Evaluation over 10 episodes: 5282.824
---------------------------------------
Total T: 156000 Episode Num: 156 Episode T: 1000 Reward: 5358.745
Total T: 157000 Episode Num: 157 Episode T: 1000 Reward: 5146.211
Total T: 158000 Episode Num: 158 Episode T: 1000 Reward: 5081.441
Total T: 159000 Episode Num: 159 Episode T: 1000 Reward: 5115.095
Total T: 160000 Episode Num: 160 Episode T: 1000 Reward: 5284.226
---------------------------------------
Evaluation over 10 episodes: 5341.478
---------------------------------------
Total T: 161000 Episode Num: 161 Episode T: 1000 Reward: 5290.863
Total T: 162000 Episode Num: 162 Episode T: 1000 Reward: 5334.933
Total T: 163000 Episode Num: 163 Episode T: 1000 Reward: 5414.745
Total T: 164000 Episode Num: 164 Episode T: 1000 Reward: 5412.947
Total T: 165000 Episode Num: 165 Episode T: 1000 Reward: 5541.925
---------------------------------------
Evaluation over 10 episodes: 5693.380
---------------------------------------
Total T: 166000 Episode Num: 166 Episode T: 1000 Reward: 5178.123
Total T: 167000 Episode Num: 167 Episode T: 1000 Reward: 5628.445
Total T: 168000 Episode Num: 168 Episode T: 1000 Reward: 5710.260
Total T: 169000 Episode Num: 169 Episode T: 1000 Reward: 5420.541
Total T: 170000 Episode Num: 170 Episode T: 1000 Reward: 5783.992
---------------------------------------
Evaluation over 10 episodes: 5824.692
---------------------------------------
Total T: 171000 Episode Num: 171 Episode T: 1000 Reward: 5727.016
Total T: 172000 Episode Num: 172 Episode T: 1000 Reward: 5697.761
Total T: 173000 Episode Num: 173 Episode T: 1000 Reward: 5415.031
Total T: 174000 Episode Num: 174 Episode T: 1000 Reward: 5767.210
Total T: 175000 Episode Num: 175 Episode T: 1000 Reward: 5483.649
---------------------------------------
Evaluation over 10 episodes: 5798.011
---------------------------------------
Total T: 176000 Episode Num: 176 Episode T: 1000 Reward: 5842.541
Total T: 177000 Episode Num: 177 Episode T: 1000 Reward: 5804.712
Total T: 178000 Episode Num: 178 Episode T: 1000 Reward: 5593.462
Total T: 179000 Episode Num: 179 Episode T: 1000 Reward: 5762.846
Total T: 180000 Episode Num: 180 Episode T: 1000 Reward: 5961.130
---------------------------------------
Evaluation over 10 episodes: 6032.895
---------------------------------------
Total T: 181000 Episode Num: 181 Episode T: 1000 Reward: 6029.767
Total T: 182000 Episode Num: 182 Episode T: 1000 Reward: 5929.525
Total T: 183000 Episode Num: 183 Episode T: 1000 Reward: 5856.284
Total T: 184000 Episode Num: 184 Episode T: 1000 Reward: 6033.127
Total T: 185000 Episode Num: 185 Episode T: 1000 Reward: 6051.058
---------------------------------------
Evaluation over 10 episodes: 6217.530
---------------------------------------
Total T: 186000 Episode Num: 186 Episode T: 1000 Reward: 6107.575
Total T: 187000 Episode Num: 187 Episode T: 1000 Reward: 6120.122
Total T: 188000 Episode Num: 188 Episode T: 1000 Reward: 6036.753
Total T: 189000 Episode Num: 189 Episode T: 1000 Reward: 6050.575
Total T: 190000 Episode Num: 190 Episode T: 1000 Reward: 6132.914
---------------------------------------
Evaluation over 10 episodes: 6108.202
---------------------------------------
Total T: 191000 Episode Num: 191 Episode T: 1000 Reward: 6201.102
Total T: 192000 Episode Num: 192 Episode T: 1000 Reward: 6179.457
Total T: 193000 Episode Num: 193 Episode T: 1000 Reward: 6480.852
Total T: 194000 Episode Num: 194 Episode T: 1000 Reward: 6261.545
Total T: 195000 Episode Num: 195 Episode T: 1000 Reward: 6437.397
---------------------------------------
Evaluation over 10 episodes: 6483.671
---------------------------------------
Total T: 196000 Episode Num: 196 Episode T: 1000 Reward: 6330.571
Total T: 197000 Episode Num: 197 Episode T: 1000 Reward: 6351.989
Total T: 198000 Episode Num: 198 Episode T: 1000 Reward: 6424.826
Total T: 199000 Episode Num: 199 Episode T: 1000 Reward: 6351.767
Total T: 200000 Episode Num: 200 Episode T: 1000 Reward: 6553.717
---------------------------------------
Evaluation over 10 episodes: 6530.941
---------------------------------------
Total T: 201000 Episode Num: 201 Episode T: 1000 Reward: 6349.054
Total T: 202000 Episode Num: 202 Episode T: 1000 Reward: 6415.294
Total T: 203000 Episode Num: 203 Episode T: 1000 Reward: 6572.560
Total T: 204000 Episode Num: 204 Episode T: 1000 Reward: 6547.158
Total T: 205000 Episode Num: 205 Episode T: 1000 Reward: 6623.244
---------------------------------------
Evaluation over 10 episodes: 6235.730
---------------------------------------
Total T: 206000 Episode Num: 206 Episode T: 1000 Reward: 6733.012
Total T: 207000 Episode Num: 207 Episode T: 1000 Reward: 6736.369
Total T: 208000 Episode Num: 208 Episode T: 1000 Reward: 6537.439
Total T: 209000 Episode Num: 209 Episode T: 1000 Reward: 6851.425
Total T: 210000 Episode Num: 210 Episode T: 1000 Reward: 6851.326
---------------------------------------
Evaluation over 10 episodes: 6726.647
---------------------------------------
Total T: 211000 Episode Num: 211 Episode T: 1000 Reward: 6766.250
Total T: 212000 Episode Num: 212 Episode T: 1000 Reward: 6662.246
Total T: 213000 Episode Num: 213 Episode T: 1000 Reward: 6840.769
Total T: 214000 Episode Num: 214 Episode T: 1000 Reward: 6654.201
Total T: 215000 Episode Num: 215 Episode T: 1000 Reward: 6682.378
---------------------------------------
Evaluation over 10 episodes: 6822.347
---------------------------------------
Total T: 216000 Episode Num: 216 Episode T: 1000 Reward: 6783.782
Total T: 217000 Episode Num: 217 Episode T: 1000 Reward: 6519.240
Total T: 218000 Episode Num: 218 Episode T: 1000 Reward: 6959.147
Total T: 219000 Episode Num: 219 Episode T: 1000 Reward: 6705.962
Total T: 220000 Episode Num: 220 Episode T: 1000 Reward: 6919.174
---------------------------------------
Evaluation over 10 episodes: 6833.651
---------------------------------------
Total T: 221000 Episode Num: 221 Episode T: 1000 Reward: 6854.496
Total T: 222000 Episode Num: 222 Episode T: 1000 Reward: 6741.225
Total T: 223000 Episode Num: 223 Episode T: 1000 Reward: 6915.239
Total T: 224000 Episode Num: 224 Episode T: 1000 Reward: 6878.874
Total T: 225000 Episode Num: 225 Episode T: 1000 Reward: 6905.965
---------------------------------------
Evaluation over 10 episodes: 6756.867
---------------------------------------
Total T: 226000 Episode Num: 226 Episode T: 1000 Reward: 6796.165
Total T: 227000 Episode Num: 227 Episode T: 1000 Reward: 6881.806
Total T: 228000 Episode Num: 228 Episode T: 1000 Reward: 6808.548
Total T: 229000 Episode Num: 229 Episode T: 1000 Reward: 6898.492
Total T: 230000 Episode Num: 230 Episode T: 1000 Reward: 6958.709
---------------------------------------
Evaluation over 10 episodes: 6990.501
---------------------------------------
Total T: 231000 Episode Num: 231 Episode T: 1000 Reward: 6861.058
Total T: 232000 Episode Num: 232 Episode T: 1000 Reward: 6954.603
Total T: 233000 Episode Num: 233 Episode T: 1000 Reward: 6748.262
Total T: 234000 Episode Num: 234 Episode T: 1000 Reward: 7037.708
Total T: 235000 Episode Num: 235 Episode T: 1000 Reward: 7042.619
---------------------------------------
Evaluation over 10 episodes: 7040.185
---------------------------------------
Total T: 236000 Episode Num: 236 Episode T: 1000 Reward: 6921.972
Total T: 237000 Episode Num: 237 Episode T: 1000 Reward: 7017.532
Total T: 238000 Episode Num: 238 Episode T: 1000 Reward: 6916.101
Total T: 239000 Episode Num: 239 Episode T: 1000 Reward: 7064.016
Total T: 240000 Episode Num: 240 Episode T: 1000 Reward: 7053.632
---------------------------------------
Evaluation over 10 episodes: 7002.695
---------------------------------------
Total T: 241000 Episode Num: 241 Episode T: 1000 Reward: 7199.324
Total T: 242000 Episode Num: 242 Episode T: 1000 Reward: 6977.747
Total T: 243000 Episode Num: 243 Episode T: 1000 Reward: 6945.171
Total T: 244000 Episode Num: 244 Episode T: 1000 Reward: 7159.323
Total T: 245000 Episode Num: 245 Episode T: 1000 Reward: 7153.429
---------------------------------------
Evaluation over 10 episodes: 7131.635
---------------------------------------
Total T: 246000 Episode Num: 246 Episode T: 1000 Reward: 7194.071
Total T: 247000 Episode Num: 247 Episode T: 1000 Reward: 7043.506
Total T: 248000 Episode Num: 248 Episode T: 1000 Reward: 7025.229
Total T: 249000 Episode Num: 249 Episode T: 1000 Reward: 7209.027
Total T: 250000 Episode Num: 250 Episode T: 1000 Reward: 7080.910
---------------------------------------
Evaluation over 10 episodes: 7162.413
---------------------------------------
Total T: 251000 Episode Num: 251 Episode T: 1000 Reward: 7237.397
Total T: 252000 Episode Num: 252 Episode T: 1000 Reward: 6852.461
Total T: 253000 Episode Num: 253 Episode T: 1000 Reward: 7111.233
Total T: 254000 Episode Num: 254 Episode T: 1000 Reward: 7129.556
Total T: 255000 Episode Num: 255 Episode T: 1000 Reward: 7175.466
---------------------------------------
Evaluation over 10 episodes: 6848.198
---------------------------------------
Total T: 256000 Episode Num: 256 Episode T: 1000 Reward: 7124.695
Total T: 257000 Episode Num: 257 Episode T: 1000 Reward: 6941.655
Total T: 258000 Episode Num: 258 Episode T: 1000 Reward: 7092.297
Total T: 259000 Episode Num: 259 Episode T: 1000 Reward: 6946.960
Total T: 260000 Episode Num: 260 Episode T: 1000 Reward: 7110.885
---------------------------------------
Evaluation over 10 episodes: 7197.291
---------------------------------------
Total T: 261000 Episode Num: 261 Episode T: 1000 Reward: 7348.588
Total T: 262000 Episode Num: 262 Episode T: 1000 Reward: 7051.945
Total T: 263000 Episode Num: 263 Episode T: 1000 Reward: 7178.843
Total T: 264000 Episode Num: 264 Episode T: 1000 Reward: 7214.701
Total T: 265000 Episode Num: 265 Episode T: 1000 Reward: 7166.796
---------------------------------------
Evaluation over 10 episodes: 7257.627
---------------------------------------
Total T: 266000 Episode Num: 266 Episode T: 1000 Reward: 7097.645
Total T: 267000 Episode Num: 267 Episode T: 1000 Reward: 7134.893
Total T: 268000 Episode Num: 268 Episode T: 1000 Reward: 6994.880
Total T: 269000 Episode Num: 269 Episode T: 1000 Reward: 7419.757
Total T: 270000 Episode Num: 270 Episode T: 1000 Reward: 7318.365
---------------------------------------
Evaluation over 10 episodes: 7244.096
---------------------------------------
Total T: 271000 Episode Num: 271 Episode T: 1000 Reward: 7156.151
Total T: 272000 Episode Num: 272 Episode T: 1000 Reward: 7109.934
Total T: 273000 Episode Num: 273 Episode T: 1000 Reward: 7327.796
Total T: 274000 Episode Num: 274 Episode T: 1000 Reward: 7378.609
Total T: 275000 Episode Num: 275 Episode T: 1000 Reward: 7110.999
---------------------------------------
Evaluation over 10 episodes: 7061.663
---------------------------------------
Total T: 276000 Episode Num: 276 Episode T: 1000 Reward: 7165.294