---------------------------------------
Policy: TD3, Env: HalfCheetah-v2, Seed: 0
---------------------------------------
---------------------------------------
Evaluation over 10 episodes: -48.691
---------------------------------------
Total T: 1000 Episode Num: 1 Episode T: 1000 Reward: -209.101
Total T: 2000 Episode Num: 2 Episode T: 1000 Reward: -266.218
Total T: 3000 Episode Num: 3 Episode T: 1000 Reward: -186.083
Total T: 4000 Episode Num: 4 Episode T: 1000 Reward: -216.478
Total T: 5000 Episode Num: 5 Episode T: 1000 Reward: -156.668
---------------------------------------
Evaluation over 10 episodes: -41.196
---------------------------------------
Total T: 6000 Episode Num: 6 Episode T: 1000 Reward: -215.074
Total T: 7000 Episode Num: 7 Episode T: 1000 Reward: -461.068
Total T: 8000 Episode Num: 8 Episode T: 1000 Reward: -233.974
Total T: 9000 Episode Num: 9 Episode T: 1000 Reward: -251.424
Total T: 10000 Episode Num: 10 Episode T: 1000 Reward: -230.885
---------------------------------------
Evaluation over 10 episodes: -47.553
---------------------------------------
Total T: 11000 Episode Num: 11 Episode T: 1000 Reward: -302.179
Total T: 12000 Episode Num: 12 Episode T: 1000 Reward: -214.659
Total T: 13000 Episode Num: 13 Episode T: 1000 Reward: -340.221
Total T: 14000 Episode Num: 14 Episode T: 1000 Reward: -270.615
Total T: 15000 Episode Num: 15 Episode T: 1000 Reward: -212.569
---------------------------------------
Evaluation over 10 episodes: -43.308
---------------------------------------
Total T: 16000 Episode Num: 16 Episode T: 1000 Reward: -421.476
Total T: 17000 Episode Num: 17 Episode T: 1000 Reward: -230.213
Total T: 18000 Episode Num: 18 Episode T: 1000 Reward: -260.210
Total T: 19000 Episode Num: 19 Episode T: 1000 Reward: -302.134
Total T: 20000 Episode Num: 20 Episode T: 1000 Reward: -303.586
---------------------------------------
Evaluation over 10 episodes: -46.828
---------------------------------------
Total T: 21000 Episode Num: 21 Episode T: 1000 Reward: -451.176
Total T: 22000 Episode Num: 22 Episode T: 1000 Reward: -476.896
Total T: 23000 Episode Num: 23 Episode T: 1000 Reward: -229.251
Total T: 24000 Episode Num: 24 Episode T: 1000 Reward: -258.944
Total T: 25000 Episode Num: 25 Episode T: 1000 Reward: -214.630
---------------------------------------
Evaluation over 10 episodes: -50.385
---------------------------------------
Total T: 26000 Episode Num: 26 Episode T: 1000 Reward: -405.289
Total T: 27000 Episode Num: 27 Episode T: 1000 Reward: -453.008
Total T: 28000 Episode Num: 28 Episode T: 1000 Reward: -448.001
Total T: 29000 Episode Num: 29 Episode T: 1000 Reward: -436.277
Total T: 30000 Episode Num: 30 Episode T: 1000 Reward: -331.553
---------------------------------------
Evaluation over 10 episodes: -344.144
---------------------------------------
Total T: 31000 Episode Num: 31 Episode T: 1000 Reward: -315.356
Total T: 32000 Episode Num: 32 Episode T: 1000 Reward: -408.183
Total T: 33000 Episode Num: 33 Episode T: 1000 Reward: 33.806
Total T: 34000 Episode Num: 34 Episode T: 1000 Reward: -326.550
Total T: 35000 Episode Num: 35 Episode T: 1000 Reward: -427.860
---------------------------------------
Evaluation over 10 episodes: -458.264
---------------------------------------
Total T: 36000 Episode Num: 36 Episode T: 1000 Reward: -440.258
Total T: 37000 Episode Num: 37 Episode T: 1000 Reward: -285.262
Total T: 38000 Episode Num: 38 Episode T: 1000 Reward: -396.426
Total T: 39000 Episode Num: 39 Episode T: 1000 Reward: -239.971
Total T: 40000 Episode Num: 40 Episode T: 1000 Reward: 481.573
---------------------------------------
Evaluation over 10 episodes: -175.413
---------------------------------------
Total T: 41000 Episode Num: 41 Episode T: 1000 Reward: -59.646
Total T: 42000 Episode Num: 42 Episode T: 1000 Reward: -67.538
Total T: 43000 Episode Num: 43 Episode T: 1000 Reward: 189.014
Total T: 44000 Episode Num: 44 Episode T: 1000 Reward: -12.889
Total T: 45000 Episode Num: 45 Episode T: 1000 Reward: 1100.272
---------------------------------------
Evaluation over 10 episodes: 449.708
---------------------------------------
Total T: 46000 Episode Num: 46 Episode T: 1000 Reward: 1145.775
Total T: 47000 Episode Num: 47 Episode T: 1000 Reward: -167.376
Total T: 48000 Episode Num: 48 Episode T: 1000 Reward: 1684.026
Total T: 49000 Episode Num: 49 Episode T: 1000 Reward: 195.815
Total T: 50000 Episode Num: 50 Episode T: 1000 Reward: 1642.377
---------------------------------------
Evaluation over 10 episodes: 1834.094
---------------------------------------
Total T: 51000 Episode Num: 51 Episode T: 1000 Reward: 2116.924
Total T: 52000 Episode Num: 52 Episode T: 1000 Reward: 2081.203
Total T: 53000 Episode Num: 53 Episode T: 1000 Reward: 2161.580
Total T: 54000 Episode Num: 54 Episode T: 1000 Reward: 2303.264
Total T: 55000 Episode Num: 55 Episode T: 1000 Reward: 2295.909
---------------------------------------
Evaluation over 10 episodes: 2334.923
---------------------------------------
Total T: 56000 Episode Num: 56 Episode T: 1000 Reward: 2559.949
Total T: 57000 Episode Num: 57 Episode T: 1000 Reward: 1895.254
Total T: 58000 Episode Num: 58 Episode T: 1000 Reward: 2531.206
Total T: 59000 Episode Num: 59 Episode T: 1000 Reward: 2821.101
Total T: 60000 Episode Num: 60 Episode T: 1000 Reward: 2269.445
---------------------------------------
Evaluation over 10 episodes: 2107.060
---------------------------------------
Total T: 61000 Episode Num: 61 Episode T: 1000 Reward: 2673.568
Total T: 62000 Episode Num: 62 Episode T: 1000 Reward: 2718.700
Total T: 63000 Episode Num: 63 Episode T: 1000 Reward: 2777.134
Total T: 64000 Episode Num: 64 Episode T: 1000 Reward: 2815.830
Total T: 65000 Episode Num: 65 Episode T: 1000 Reward: 3041.897
---------------------------------------
Evaluation over 10 episodes: 2613.013
---------------------------------------
Total T: 66000 Episode Num: 66 Episode T: 1000 Reward: 3375.384
Total T: 67000 Episode Num: 67 Episode T: 1000 Reward: 2975.721
Total T: 68000 Episode Num: 68 Episode T: 1000 Reward: 3039.754
Total T: 69000 Episode Num: 69 Episode T: 1000 Reward: 3381.985
Total T: 70000 Episode Num: 70 Episode T: 1000 Reward: 3034.234
---------------------------------------
Evaluation over 10 episodes: 2506.739
---------------------------------------
Total T: 71000 Episode Num: 71 Episode T: 1000 Reward: -168.046
Total T: 72000 Episode Num: 72 Episode T: 1000 Reward: 1066.554
Total T: 73000 Episode Num: 73 Episode T: 1000 Reward: 2980.460
Total T: 74000 Episode Num: 74 Episode T: 1000 Reward: -251.164
Total T: 75000 Episode Num: 75 Episode T: 1000 Reward: 3138.410
---------------------------------------
Evaluation over 10 episodes: 2433.427
---------------------------------------
Total T: 76000 Episode Num: 76 Episode T: 1000 Reward: 1723.265
Total T: 77000 Episode Num: 77 Episode T: 1000 Reward: 2510.638
Total T: 78000 Episode Num: 78 Episode T: 1000 Reward: 1925.536
Total T: 79000 Episode Num: 79 Episode T: 1000 Reward: 3589.038
Total T: 80000 Episode Num: 80 Episode T: 1000 Reward: 1358.776
---------------------------------------
Evaluation over 10 episodes: 3729.567
---------------------------------------
Total T: 81000 Episode Num: 81 Episode T: 1000 Reward: 3667.000
Total T: 82000 Episode Num: 82 Episode T: 1000 Reward: 3659.890
Total T: 83000 Episode Num: 83 Episode T: 1000 Reward: 3871.928
Total T: 84000 Episode Num: 84 Episode T: 1000 Reward: 2222.592
Total T: 85000 Episode Num: 85 Episode T: 1000 Reward: 3814.844
---------------------------------------
Evaluation over 10 episodes: 3903.628
---------------------------------------
Total T: 86000 Episode Num: 86 Episode T: 1000 Reward: 3779.509
Total T: 87000 Episode Num: 87 Episode T: 1000 Reward: 4064.521
Total T: 88000 Episode Num: 88 Episode T: 1000 Reward: 4084.521
Total T: 89000 Episode Num: 89 Episode T: 1000 Reward: 3979.890
Total T: 90000 Episode Num: 90 Episode T: 1000 Reward: 3850.392
---------------------------------------
Evaluation over 10 episodes: 4042.678
---------------------------------------
Total T: 91000 Episode Num: 91 Episode T: 1000 Reward: 3809.219
Total T: 92000 Episode Num: 92 Episode T: 1000 Reward: 4048.852
Total T: 93000 Episode Num: 93 Episode T: 1000 Reward: 4188.254
Total T: 94000 Episode Num: 94 Episode T: 1000 Reward: 4128.064
Total T: 95000 Episode Num: 95 Episode T: 1000 Reward: 3998.066
---------------------------------------
Evaluation over 10 episodes: 4157.466
---------------------------------------
Total T: 96000 Episode Num: 96 Episode T: 1000 Reward: 4143.515
Total T: 97000 Episode Num: 97 Episode T: 1000 Reward: 4200.028
Total T: 98000 Episode Num: 98 Episode T: 1000 Reward: 4293.502
Total T: 99000 Episode Num: 99 Episode T: 1000 Reward: 4492.551
Total T: 100000 Episode Num: 100 Episode T: 1000 Reward: 4112.792
---------------------------------------
Evaluation over 10 episodes: 4037.757
---------------------------------------
Total T: 101000 Episode Num: 101 Episode T: 1000 Reward: 3488.480
Total T: 102000 Episode Num: 102 Episode T: 1000 Reward: 4545.042
Total T: 103000 Episode Num: 103 Episode T: 1000 Reward: 2188.467
Total T: 104000 Episode Num: 104 Episode T: 1000 Reward: 4688.267
Total T: 105000 Episode Num: 105 Episode T: 1000 Reward: 4292.732
---------------------------------------
Evaluation over 10 episodes: 4685.036
---------------------------------------
Total T: 106000 Episode Num: 106 Episode T: 1000 Reward: 4501.101
Total T: 107000 Episode Num: 107 Episode T: 1000 Reward: 4601.859
Total T: 108000 Episode Num: 108 Episode T: 1000 Reward: 4639.072
Total T: 109000 Episode Num: 109 Episode T: 1000 Reward: 4482.262
Total T: 110000 Episode Num: 110 Episode T: 1000 Reward: 4567.573
---------------------------------------
Evaluation over 10 episodes: 4644.814
---------------------------------------
Total T: 111000 Episode Num: 111 Episode T: 1000 Reward: 4707.472
Total T: 112000 Episode Num: 112 Episode T: 1000 Reward: 2713.961
Total T: 113000 Episode Num: 113 Episode T: 1000 Reward: 4657.590
Total T: 114000 Episode Num: 114 Episode T: 1000 Reward: 4571.501
Total T: 115000 Episode Num: 115 Episode T: 1000 Reward: 4843.407
---------------------------------------
Evaluation over 10 episodes: 4929.313
---------------------------------------
Total T: 116000 Episode Num: 116 Episode T: 1000 Reward: 5027.484
Total T: 117000 Episode Num: 117 Episode T: 1000 Reward: 4947.568
Total T: 118000 Episode Num: 118 Episode T: 1000 Reward: 4560.336
Total T: 119000 Episode Num: 119 Episode T: 1000 Reward: 5068.175
Total T: 120000 Episode Num: 120 Episode T: 1000 Reward: 4713.400
---------------------------------------
Evaluation over 10 episodes: 4799.892
---------------------------------------
Total T: 121000 Episode Num: 121 Episode T: 1000 Reward: 4851.748
Total T: 122000 Episode Num: 122 Episode T: 1000 Reward: 4856.358
Total T: 123000 Episode Num: 123 Episode T: 1000 Reward: 4949.817
Total T: 124000 Episode Num: 124 Episode T: 1000 Reward: 5013.321
Total T: 125000 Episode Num: 125 Episode T: 1000 Reward: 4801.264
---------------------------------------
Evaluation over 10 episodes: 5106.362
---------------------------------------
Total T: 126000 Episode Num: 126 Episode T: 1000 Reward: 5037.875
Total T: 127000 Episode Num: 127 Episode T: 1000 Reward: 5214.918
Total T: 128000 Episode Num: 128 Episode T: 1000 Reward: 4937.040
Total T: 129000 Episode Num: 129 Episode T: 1000 Reward: 1805.296
Total T: 130000 Episode Num: 130 Episode T: 1000 Reward: 4802.513
---------------------------------------
Evaluation over 10 episodes: 5119.950
---------------------------------------
Total T: 131000 Episode Num: 131 Episode T: 1000 Reward: 4996.637
Total T: 132000 Episode Num: 132 Episode T: 1000 Reward: 5252.549
Total T: 133000 Episode Num: 133 Episode T: 1000 Reward: 5108.922
Total T: 134000 Episode Num: 134 Episode T: 1000 Reward: 5089.850
Total T: 135000 Episode Num: 135 Episode T: 1000 Reward: 5203.939
---------------------------------------
Evaluation over 10 episodes: 5230.687
---------------------------------------
Total T: 136000 Episode Num: 136 Episode T: 1000 Reward: 4994.868
Total T: 137000 Episode Num: 137 Episode T: 1000 Reward: 5178.700
Total T: 138000 Episode Num: 138 Episode T: 1000 Reward: 5157.831
Total T: 139000 Episode Num: 139 Episode T: 1000 Reward: 5107.240
Total T: 140000 Episode Num: 140 Episode T: 1000 Reward: 4908.726
---------------------------------------
Evaluation over 10 episodes: 5260.880
---------------------------------------
Total T: 141000 Episode Num: 141 Episode T: 1000 Reward: 5175.744
Total T: 142000 Episode Num: 142 Episode T: 1000 Reward: 5403.070
Total T: 143000 Episode Num: 143 Episode T: 1000 Reward: 5117.915
Total T: 144000 Episode Num: 144 Episode T: 1000 Reward: 5301.480
Total T: 145000 Episode Num: 145 Episode T: 1000 Reward: 5555.784
---------------------------------------
Evaluation over 10 episodes: 4346.976
---------------------------------------
Total T: 146000 Episode Num: 146 Episode T: 1000 Reward: 5252.971
Total T: 147000 Episode Num: 147 Episode T: 1000 Reward: 5475.962
Total T: 148000 Episode Num: 148 Episode T: 1000 Reward: 5373.468
Total T: 149000 Episode Num: 149 Episode T: 1000 Reward: 5386.774
Total T: 150000 Episode Num: 150 Episode T: 1000 Reward: 5269.976
---------------------------------------
Evaluation over 10 episodes: 5109.609
---------------------------------------
Total T: 151000 Episode Num: 151 Episode T: 1000 Reward: 5182.840
Total T: 152000 Episode Num: 152 Episode T: 1000 Reward: 5517.002
Total T: 153000 Episode Num: 153 Episode T: 1000 Reward: 5320.322
Total T: 154000 Episode Num: 154 Episode T: 1000 Reward: 5442.113
Total T: 155000 Episode Num: 155 Episode T: 1000 Reward: 5411.815
---------------------------------------
Evaluation over 10 episodes: 5232.086
---------------------------------------
Total T: 156000 Episode Num: 156 Episode T: 1000 Reward: 5303.716
Total T: 157000 Episode Num: 157 Episode T: 1000 Reward: 5346.813
Total T: 158000 Episode Num: 158 Episode T: 1000 Reward: 5463.779
Total T: 159000 Episode Num: 159 Episode T: 1000 Reward: 5400.281
Total T: 160000 Episode Num: 160 Episode T: 1000 Reward: 5384.862
---------------------------------------
Evaluation over 10 episodes: 5590.334
---------------------------------------
Total T: 161000 Episode Num: 161 Episode T: 1000 Reward: 5438.076
Total T: 162000 Episode Num: 162 Episode T: 1000 Reward: 5624.104
Total T: 163000 Episode Num: 163 Episode T: 1000 Reward: 5423.543
Total T: 164000 Episode Num: 164 Episode T: 1000 Reward: 5420.384
Total T: 165000 Episode Num: 165 Episode T: 1000 Reward: 5643.608
---------------------------------------
Evaluation over 10 episodes: 5274.667
---------------------------------------
Total T: 166000 Episode Num: 166 Episode T: 1000 Reward: 5529.468
Total T: 167000 Episode Num: 167 Episode T: 1000 Reward: 5694.118
Total T: 168000 Episode Num: 168 Episode T: 1000 Reward: 5615.069
Total T: 169000 Episode Num: 169 Episode T: 1000 Reward: 5843.052
Total T: 170000 Episode Num: 170 Episode T: 1000 Reward: 5619.445
---------------------------------------
Evaluation over 10 episodes: 5717.747
---------------------------------------
Total T: 171000 Episode Num: 171 Episode T: 1000 Reward: 5409.173
Total T: 172000 Episode Num: 172 Episode T: 1000 Reward: 5690.892
Total T: 173000 Episode Num: 173 Episode T: 1000 Reward: 5702.384
Total T: 174000 Episode Num: 174 Episode T: 1000 Reward: 5575.468
Total T: 175000 Episode Num: 175 Episode T: 1000 Reward: 5597.956
---------------------------------------
Evaluation over 10 episodes: 5803.492
---------------------------------------
Total T: 176000 Episode Num: 176 Episode T: 1000 Reward: 5780.588
Total T: 177000 Episode Num: 177 Episode T: 1000 Reward: 5758.693
Total T: 178000 Episode Num: 178 Episode T: 1000 Reward: 5705.259
Total T: 179000 Episode Num: 179 Episode T: 1000 Reward: 5854.035
Total T: 180000 Episode Num: 180 Episode T: 1000 Reward: 5829.273
---------------------------------------
Evaluation over 10 episodes: 5861.056
---------------------------------------
Total T: 181000 Episode Num: 181 Episode T: 1000 Reward: 5670.520
Total T: 182000 Episode Num: 182 Episode T: 1000 Reward: 5875.957
Total T: 183000 Episode Num: 183 Episode T: 1000 Reward: 5719.582
Total T: 184000 Episode Num: 184 Episode T: 1000 Reward: 5982.426
Total T: 185000 Episode Num: 185 Episode T: 1000 Reward: 5744.493
---------------------------------------
Evaluation over 10 episodes: 5936.126
---------------------------------------
Total T: 186000 Episode Num: 186 Episode T: 1000 Reward: 5904.340
Total T: 187000 Episode Num: 187 Episode T: 1000 Reward: 6050.667
Total T: 188000 Episode Num: 188 Episode T: 1000 Reward: 5939.550
Total T: 189000 Episode Num: 189 Episode T: 1000 Reward: 5884.640
Total T: 190000 Episode Num: 190 Episode T: 1000 Reward: 5841.957
---------------------------------------
Evaluation over 10 episodes: 6010.772
---------------------------------------
Total T: 191000 Episode Num: 191 Episode T: 1000 Reward: 5864.045
Total T: 192000 Episode Num: 192 Episode T: 1000 Reward: 5855.493
Total T: 193000 Episode Num: 193 Episode T: 1000 Reward: 5806.135
Total T: 194000 Episode Num: 194 Episode T: 1000 Reward: 5941.709
Total T: 195000 Episode Num: 195 Episode T: 1000 Reward: 6018.466
---------------------------------------
Evaluation over 10 episodes: 5967.226
---------------------------------------
Total T: 196000 Episode Num: 196 Episode T: 1000 Reward: 6122.021
Total T: 197000 Episode Num: 197 Episode T: 1000 Reward: 5926.289
Total T: 198000 Episode Num: 198 Episode T: 1000 Reward: 5851.360
Total T: 199000 Episode Num: 199 Episode T: 1000 Reward: 6075.080
Total T: 200000 Episode Num: 200 Episode T: 1000 Reward: 6032.928
---------------------------------------
Evaluation over 10 episodes: 6316.480
---------------------------------------
Total T: 201000 Episode Num: 201 Episode T: 1000 Reward: 6223.948
Total T: 202000 Episode Num: 202 Episode T: 1000 Reward: 5991.999
Total T: 203000 Episode Num: 203 Episode T: 1000 Reward: 6138.872
Total T: 204000 Episode Num: 204 Episode T: 1000 Reward: 5964.437
Total T: 205000 Episode Num: 205 Episode T: 1000 Reward: 6119.151
---------------------------------------
Evaluation over 10 episodes: 6266.169
---------------------------------------
Total T: 206000 Episode Num: 206 Episode T: 1000 Reward: 6216.008
Total T: 207000 Episode Num: 207 Episode T: 1000 Reward: 6086.121
Total T: 208000 Episode Num: 208 Episode T: 1000 Reward: 6171.396
Total T: 209000 Episode Num: 209 Episode T: 1000 Reward: 6111.512
Total T: 210000 Episode Num: 210 Episode T: 1000 Reward: 6093.806
---------------------------------------
Evaluation over 10 episodes: 6020.420
---------------------------------------
Total T: 211000 Episode Num: 211 Episode T: 1000 Reward: 6290.677
Total T: 212000 Episode Num: 212 Episode T: 1000 Reward: 5801.916
Total T: 213000 Episode Num: 213 Episode T: 1000 Reward: 6290.610
Total T: 214000 Episode Num: 214 Episode T: 1000 Reward: 6296.883
Total T: 215000 Episode Num: 215 Episode T: 1000 Reward: 6301.893
---------------------------------------
Evaluation over 10 episodes: 6297.120
---------------------------------------
Total T: 216000 Episode Num: 216 Episode T: 1000 Reward: 5985.228
Total T: 217000 Episode Num: 217 Episode T: 1000 Reward: 6239.496
Total T: 218000 Episode Num: 218 Episode T: 1000 Reward: 6356.270
Total T: 219000 Episode Num: 219 Episode T: 1000 Reward: 6045.903
Total T: 220000 Episode Num: 220 Episode T: 1000 Reward: 6343.479
---------------------------------------
Evaluation over 10 episodes: 6026.613
---------------------------------------
Total T: 221000 Episode Num: 221 Episode T: 1000 Reward: 6376.402
Total T: 222000 Episode Num: 222 Episode T: 1000 Reward: 6499.261
Total T: 223000 Episode Num: 223 Episode T: 1000 Reward: 6366.855
Total T: 224000 Episode Num: 224 Episode T: 1000 Reward: 6462.576
Total T: 225000 Episode Num: 225 Episode T: 1000 Reward: 6415.980
---------------------------------------
Evaluation over 10 episodes: 6416.221
---------------------------------------
Total T: 226000 Episode Num: 226 Episode T: 1000 Reward: 6348.324
Total T: 227000 Episode Num: 227 Episode T: 1000 Reward: 6321.763
Total T: 228000 Episode Num: 228 Episode T: 1000 Reward: 6211.516
Total T: 229000 Episode Num: 229 Episode T: 1000 Reward: 6127.372
Total T: 230000 Episode Num: 230 Episode T: 1000 Reward: 6550.950
---------------------------------------
Evaluation over 10 episodes: 6533.570
---------------------------------------
Total T: 231000 Episode Num: 231 Episode T: 1000 Reward: 6473.064
Total T: 232000 Episode Num: 232 Episode T: 1000 Reward: 6363.225
Total T: 233000 Episode Num: 233 Episode T: 1000 Reward: 6417.634
Total T: 234000 Episode Num: 234 Episode T: 1000 Reward: 6552.223
Total T: 235000 Episode Num: 235 Episode T: 1000 Reward: 6047.395
---------------------------------------
Evaluation over 10 episodes: 6596.447
---------------------------------------
Total T: 236000 Episode Num: 236 Episode T: 1000 Reward: 6569.953
Total T: 237000 Episode Num: 237 Episode T: 1000 Reward: 6622.082
Total T: 238000 Episode Num: 238 Episode T: 1000 Reward: 6470.242
Total T: 239000 Episode Num: 239 Episode T: 1000 Reward: 6658.541
Total T: 240000 Episode Num: 240 Episode T: 1000 Reward: 6750.532
---------------------------------------
Evaluation over 10 episodes: 6607.109
---------------------------------------
Total T: 241000 Episode Num: 241 Episode T: 1000 Reward: 6943.491
Total T: 242000 Episode Num: 242 Episode T: 1000 Reward: 6763.917
Total T: 243000 Episode Num: 243 Episode T: 1000 Reward: 6670.887
Total T: 244000 Episode Num: 244 Episode T: 1000 Reward: 6557.925
Total T: 245000 Episode Num: 245 Episode T: 1000 Reward: 6768.798
---------------------------------------
Evaluation over 10 episodes: 6568.009
---------------------------------------
Total T: 246000 Episode Num: 246 Episode T: 1000 Reward: 6552.506
Total T: 247000 Episode Num: 247 Episode T: 1000 Reward: 6651.457
Total T: 248000 Episode Num: 248 Episode T: 1000 Reward: 6541.895
Total T: 249000 Episode Num: 249 Episode T: 1000 Reward: 6477.232
Total T: 250000 Episode Num: 250 Episode T: 1000 Reward: 6863.505
---------------------------------------
Evaluation over 10 episodes: 6793.056
---------------------------------------
Total T: 251000 Episode Num: 251 Episode T: 1000 Reward: 6713.481
Total T: 252000 Episode Num: 252 Episode T: 1000 Reward: 6589.459
Total T: 253000 Episode Num: 253 Episode T: 1000 Reward: 6566.721
Total T: 254000 Episode Num: 254 Episode T: 1000 Reward: 6785.183
Total T: 255000 Episode Num: 255 Episode T: 1000 Reward: 6510.307
---------------------------------------
Evaluation over 10 episodes: 6901.804
---------------------------------------
Total T: 256000 Episode Num: 256 Episode T: 1000 Reward: 6613.714
Total T: 257000 Episode Num: 257 Episode T: 1000 Reward: 6846.989
Total T: 258000 Episode Num: 258 Episode T: 1000 Reward: 6654.674
Total T: 259000 Episode Num: 259 Episode T: 1000 Reward: 6819.254
Total T: 260000 Episode Num: 260 Episode T: 1000 Reward: 6854.655
---------------------------------------
Evaluation over 10 episodes: 6805.609
---------------------------------------
Total T: 261000 Episode Num: 261 Episode T: 1000 Reward: 6815.800
Total T: 262000 Episode Num: 262 Episode T: 1000 Reward: 6689.745
Total T: 263000 Episode Num: 263 Episode T: 1000 Reward: 6833.099
Total T: 264000 Episode Num: 264 Episode T: 1000 Reward: 7081.245
Total T: 265000 Episode Num: 265 Episode T: 1000 Reward: 7074.811
---------------------------------------
Evaluation over 10 episodes: 6964.657
---------------------------------------
Total T: 266000 Episode Num: 266 Episode T: 1000 Reward: 6907.746
Total T: 267000 Episode Num: 267 Episode T: 1000 Reward: 7294.875
Total T: 268000 Episode Num: 268 Episode T: 1000 Reward: 6714.285
Total T: 269000 Episode Num: 269 Episode T: 1000 Reward: 6896.278
Total T: 270000 Episode Num: 270 Episode T: 1000 Reward: 6898.315
---------------------------------------
Evaluation over 10 episodes: 6972.375
---------------------------------------
Total T: 271000 Episode Num: 271 Episode T: 1000 Reward: 6834.475
Total T: 272000 Episode Num: 272 Episode T: 1000 Reward: 7033.396
Total T: 273000 Episode Num: 273 Episode T: 1000 Reward: 7005.345
Total T: 274000 Episode Num: 274 Episode T: 1000 Reward: 6828.868
Total T: 275000 Episode Num: 275 Episode T: 1000 Reward: 6922.324
---------------------------------------
Evaluation over 10 episodes: 6988.829
---------------------------------------
Total T: 276000 Episode Num: 276 Episode T: 1000 Reward: 6682.562
Total T: 277000 Episode Num: 277 Episode T: 1000 Reward: 7053.125
Total T: 278000 Episode Num: 278 Episode T: 1000 Reward: 7174.509
Total T: 279000 Episode Num: 279 Episode T: 1000 Reward: 7052.901
Total T: 280000 Episode Num: 280 Episode T: 1000 Reward: 7255.351
---------------------------------------
Evaluation over 10 episodes: 7116.714
---------------------------------------
Total T: 281000 Episode Num: 281 Episode T: 1000 Reward: 7173.679
Total T: 282000 Episode Num: 282 Episode T: 1000 Reward: 6952.890
Total T: 283000 Episode Num: 283 Episode T: 1000 Reward: 7164.831
Total T: 284000 Episode Num: 284 Episode T: 1000 Reward: 7149.707
Total T: 285000 Episode Num: 285 Episode T: 1000 Reward: 7274.884
---------------------------------------
Evaluation over 10 episodes: 7072.534
---------------------------------------
Total T: 286000 Episode Num: 286 Episode T: 1000 Reward: 7021.228
Total T: 287000 Episode Num: 287 Episode T: 1000 Reward: 7178.735
Total T: 288000 Episode Num: 288 Episode T: 1000 Reward: 7278.795
Total T: 289000 Episode Num: 289 Episode T: 1000 Reward: 6808.954
Total T: 290000 Episode Num: 290 Episode T: 1000 Reward: 7284.316
---------------------------------------
Evaluation over 10 episodes: 7156.451
---------------------------------------
Total T: 291000 Episode Num: 291 Episode T: 1000 Reward: 7017.762
Total T: 292000 Episode Num: 292 Episode T: 1000 Reward: 7124.712
Total T: 293000 Episode Num: 293 Episode T: 1000 Reward: 6875.810
Total T: 294000 Episode Num: 294 Episode T: 1000 Reward: 7136.860
Total T: 295000 Episode Num: 295 Episode T: 1000 Reward: 7118.997
---------------------------------------
Evaluation over 10 episodes: 7151.699
---------------------------------------
Total T: 296000 Episode Num: 296 Episode T: 1000 Reward: 7249.232
Total T: 297000 Episode Num: 297 Episode T: 1000 Reward: 7056.797
Total T: 298000 Episode Num: 298 Episode T: 1000 Reward: 7241.484
Total T: 299000 Episode Num: 299 Episode T: 1000 Reward: 7102.539
Total T: 300000 Episode Num: 300 Episode T: 1000 Reward: 7311.162
---------------------------------------
Evaluation over 10 episodes: 7298.549
---------------------------------------
Total T: 301000 Episode Num: 301 Episode T: 1000 Reward: 7157.784
Total T: 302000 Episode Num: 302 Episode T: 1000 Reward: 7166.986
Total T: 303000 Episode Num: 303 Episode T: 1000 Reward: 6986.024
Total T: 304000 Episode Num: 304 Episode T: 1000 Reward: 7442.580
Total T: 305000 Episode Num: 305 Episode T: 1000 Reward: 7132.140
---------------------------------------
Evaluation over 10 episodes: 7146.449
---------------------------------------
Total T: 306000 Episode Num: 306 Episode T: 1000 Reward: 7236.896
Total T: 307000 Episode Num: 307 Episode T: 1000 Reward: 7146.502
Total T: 308000 Episode Num: 308 Episode T: 1000 Reward: 7084.992
Total T: 309000 Episode Num: 309 Episode T: 1000 Reward: 7131.071
Total T: 310000 Episode Num: 310 Episode T: 1000 Reward: 7039.619
---------------------------------------
Evaluation over 10 episodes: 7410.844
---------------------------------------
Total T: 311000 Episode Num: 311 Episode T: 1000 Reward: 7344.458
Total T: 312000 Episode Num: 312 Episode T: 1000 Reward: 7311.170
Total T: 313000 Episode Num: 313 Episode T: 1000 Reward: 7008.575
Total T: 314000 Episode Num: 314 Episode T: 1000 Reward: 7390.050
Total T: 315000 Episode Num: 315 Episode T: 1000 Reward: 7322.083
---------------------------------------
Evaluation over 10 episodes: 7422.397
---------------------------------------
Total T: 316000 Episode Num: 316 Episode T: 1000 Reward: 7377.607
Total T: 317000 Episode Num: 317 Episode T: 1000 Reward: 7167.057
Total T: 318000 Episode Num: 318 Episode T: 1000 Reward: 7305.891
Total T: 319000 Episode Num: 319 Episode T: 1000 Reward: 7259.279
Total T: 320000 Episode Num: 320 Episode T: 1000 Reward: 7061.223
---------------------------------------
Evaluation over 10 episodes: 7428.867
---------------------------------------
Total T: 321000 Episode Num: 321 Episode T: 1000 Reward: 7381.159
Total T: 322000 Episode Num: 322 Episode T: 1000 Reward: 7205.572
Total T: 323000 Episode Num: 323 Episode T: 1000 Reward: 7261.428
Total T: 324000 Episode Num: 324 Episode T: 1000 Reward: 7316.313
Total T: 325000 Episode Num: 325 Episode T: 1000 Reward: 7460.508
---------------------------------------
Evaluation over 10 episodes: 7202.150
---------------------------------------
Total T: 326000 Episode Num: 326 Episode T: 1000 Reward: 7584.414
Total T: 327000 Episode Num: 327 Episode T: 1000 Reward: 7374.335
Total T: 328000 Episode Num: 328 Episode T: 1000 Reward: 7532.528
Total T: 329000 Episode Num: 329 Episode T: 1000 Reward: 7379.152
Total T: 330000 Episode Num: 330 Episode T: 1000 Reward: 7154.453
---------------------------------------
Evaluation over 10 episodes: 7430.891
---------------------------------------
Total T: 331000 Episode Num: 331 Episode T: 1000 Reward: 7433.064
Total T: 332000 Episode Num: 332 Episode T: 1000 Reward: 7667.140
Total T: 333000 Episode Num: 333 Episode T: 1000 Reward: 7279.026
Total T: 334000 Episode Num: 334 Episode T: 1000 Reward: 7166.766
Total T: 335000 Episode Num: 335 Episode T: 1000 Reward: 7684.755
---------------------------------------
Evaluation over 10 episodes: 7563.240
---------------------------------------
Total T: 336000 Episode Num: 336 Episode T: 1000 Reward: 7412.647
Total T: 337000 Episode Num: 337 Episode T: 1000 Reward: 7586.930
Total T: 338000 Episode Num: 338 Episode T: 1000 Reward: 7579.542
Total T: 339000 Episode Num: 339 Episode T: 1000 Reward: 7235.674
Total T: 340000 Episode Num: 340 Episode T: 1000 Reward: 7533.631
---------------------------------------
Evaluation over 10 episodes: 7492.599
---------------------------------------
Total T: 341000 Episode Num: 341 Episode T: 1000 Reward: 7844.599
Total T: 342000 Episode Num: 342 Episode T: 1000 Reward: 7443.133
Total T: 343000 Episode Num: 343 Episode T: 1000 Reward: 7685.505
Total T: 344000 Episode Num: 344 Episode T: 1000 Reward: 7385.956
Total T: 345000 Episode Num: 345 Episode T: 1000 Reward: 7637.522
---------------------------------------
Evaluation over 10 episodes: 7578.279
---------------------------------------
Total T: 346000 Episode Num: 346 Episode T: 1000 Reward: 7316.077
Total T: 347000 Episode Num: 347 Episode T: 1000 Reward: 7472.527
Total T: 348000 Episode Num: 348 Episode T: 1000 Reward: 7472.932
Total T: 349000 Episode Num: 349 Episode T: 1000 Reward: 7227.928
Total T: 350000 Episode Num: 350 Episode T: 1000 Reward: 7347.662
---------------------------------------
Evaluation over 10 episodes: 7399.559
---------------------------------------
Total T: 351000 Episode Num: 351 Episode T: 1000 Reward: 7703.208
Total T: 352000 Episode Num: 352 Episode T: 1000 Reward: 7790.941
Total T: 353000 Episode Num: 353 Episode T: 1000 Reward: 7561.354
Total T: 354000 Episode Num: 354 Episode T: 1000 Reward: 7488.186
Total T: 355000 Episode Num: 355 Episode T: 1000 Reward: 7374.701
---------------------------------------
Evaluation over 10 episodes: 7734.044
---------------------------------------
Total T: 356000 Episode Num: 356 Episode T: 1000 Reward: 7517.405
Total T: 357000 Episode Num: 357 Episode T: 1000 Reward: 7700.094
Total T: 358000 Episode Num: 358 Episode T: 1000 Reward: 7395.448
Total T: 359000 Episode Num: 359 Episode T: 1000 Reward: 7840.372
Total T: 360000 Episode Num: 360 Episode T: 1000 Reward: 7897.582
---------------------------------------
Evaluation over 10 episodes: 7604.338
---------------------------------------
Total T: 361000 Episode Num: 361 Episode T: 1000 Reward: 7642.370
Total T: 362000 Episode Num: 362 Episode T: 1000 Reward: 7697.968
Total T: 363000 Episode Num: 363 Episode T: 1000 Reward: 7895.454
Total T: 364000 Episode Num: 364 Episode T: 1000 Reward: 7549.367
Total T: 365000 Episode Num: 365 Episode T: 1000 Reward: 7490.332
---------------------------------------
Evaluation over 10 episodes: 7154.613
---------------------------------------
Total T: 366000 Episode Num: 366 Episode T: 1000 Reward: 7610.832
Total T: 367000 Episode Num: 367 Episode T: 1000 Reward: 7705.348
Total T: 368000 Episode Num: 368 Episode T: 1000 Reward: 7779.151
Total T: 369000 Episode Num: 369 Episode T: 1000 Reward: 7586.771
Total T: 370000 Episode Num: 370 Episode T: 1000 Reward: 7568.022
---------------------------------------
Evaluation over 10 episodes: 7575.343
---------------------------------------
Total T: 371000 Episode Num: 371 Episode T: 1000 Reward: 7884.341
Total T: 372000 Episode Num: 372 Episode T: 1000 Reward: 7858.012
Total T: 373000 Episode Num: 373 Episode T: 1000 Reward: 7595.041
Total T: 374000 Episode Num: 374 Episode T: 1000 Reward: 7479.274
Total T: 375000 Episode Num: 375 Episode T: 1000 Reward: 7840.749
---------------------------------------
Evaluation over 10 episodes: 7749.243
---------------------------------------
Total T: 376000 Episode Num: 376 Episode T: 1000 Reward: 7811.731
Total T: 377000 Episode Num: 377 Episode T: 1000 Reward: 7643.444
Total T: 378000 Episode Num: 378 Episode T: 1000 Reward: 7508.255
Total T: 379000 Episode Num: 379 Episode T: 1000 Reward: 7831.283
Total T: 380000 Episode Num: 380 Episode T: 1000 Reward: 7658.815
---------------------------------------
Evaluation over 10 episodes: 7791.178
---------------------------------------
Total T: 381000 Episode Num: 381 Episode T: 1000 Reward: 7873.398
Total T: 382000 Episode Num: 382 Episode T: 1000 Reward: 7652.956
Total T: 383000 Episode Num: 383 Episode T: 1000 Reward: 8082.898
Total T: 384000 Episode Num: 384 Episode T: 1000 Reward: 7747.293
Total T: 385000 Episode Num: 385 Episode T: 1000 Reward: 7482.600
---------------------------------------
Evaluation over 10 episodes: 7803.248
---------------------------------------
Total T: 386000 Episode Num: 386 Episode T: 1000 Reward: 7905.832
Total T: 387000 Episode Num: 387 Episode T: 1000 Reward: 7799.909
Total T: 388000 Episode Num: 388 Episode T: 1000 Reward: 8000.065
Total T: 389000 Episode Num: 389 Episode T: 1000 Reward: 7731.961
Total T: 390000 Episode Num: 390 Episode T: 1000 Reward: 7869.011
---------------------------------------
Evaluation over 10 episodes: 7902.357
---------------------------------------
Total T: 391000 Episode Num: 391 Episode T: 1000 Reward: 7888.084
Total T: 392000 Episode Num: 392 Episode T: 1000 Reward: 7972.014
Total T: 393000 Episode Num: 393 Episode T: 1000 Reward: 7721.050
Total T: 394000 Episode Num: 394 Episode T: 1000 Reward: 7917.374
Total T: 395000 Episode Num: 395 Episode T: 1000 Reward: 7792.691
---------------------------------------
Evaluation over 10 episodes: 7987.088
---------------------------------------
Total T: 396000 Episode Num: 396 Episode T: 1000 Reward: 7963.555
Total T: 397000 Episode Num: 397 Episode T: 1000 Reward: 7879.406
Total T: 398000 Episode Num: 398 Episode T: 1000 Reward: 7832.468
Total T: 399000 Episode Num: 399 Episode T: 1000 Reward: 7969.897
Total T: 400000 Episode Num: 400 Episode T: 1000 Reward: 7968.729
---------------------------------------
Evaluation over 10 episodes: 7978.471
---------------------------------------
Total T: 401000 Episode Num: 401 Episode T: 1000 Reward: 7736.116
Total T: 402000 Episode Num: 402 Episode T: 1000 Reward: 7881.860
Total T: 403000 Episode Num: 403 Episode T: 1000 Reward: 7849.736
Total T: 404000 Episode Num: 404 Episode T: 1000 Reward: 7986.773
Total T: 405000 Episode Num: 405 Episode T: 1000 Reward: 7510.254
---------------------------------------
Evaluation over 10 episodes: 8019.193
---------------------------------------
Total T: 406000 Episode Num: 406 Episode T: 1000 Reward: 8074.524
Total T: 407000 Episode Num: 407 Episode T: 1000 Reward: 8100.348
Total T: 408000 Episode Num: 408 Episode T: 1000 Reward: 7530.179
Total T: 409000 Episode Num: 409 Episode T: 1000 Reward: 7875.421
Total T: 410000 Episode Num: 410 Episode T: 1000 Reward: 8206.949
---------------------------------------
Evaluation over 10 episodes: 8053.484
---------------------------------------
Total T: 411000 Episode Num: 411 Episode T: 1000 Reward: 8208.923
Total T: 412000 Episode Num: 412 Episode T: 1000 Reward: 8160.710
Total T: 413000 Episode Num: 413 Episode T: 1000 Reward: 8049.634
Total T: 414000 Episode Num: 414 Episode T: 1000 Reward: 8023.480
Total T: 415000 Episode Num: 415 Episode T: 1000 Reward: 7968.278
---------------------------------------
Evaluation over 10 episodes: 7983.901
---------------------------------------
Total T: 416000 Episode Num: 416 Episode T: 1000 Reward: 8181.922
Total T: 417000 Episode Num: 417 Episode T: 1000 Reward: 8134.902
Total T: 418000 Episode Num: 418 Episode T: 1000 Reward: 7953.949
Total T: 419000 Episode Num: 419 Episode T: 1000 Reward: 7852.294
Total T: 420000 Episode Num: 420 Episode T: 1000 Reward: 7830.308
---------------------------------------
Evaluation over 10 episodes: 8061.325
---------------------------------------
Total T: 421000 Episode Num: 421 Episode T: 1000 Reward: 8173.537
Total T: 422000 Episode Num: 422 Episode T: 1000 Reward: 8170.645
Total T: 423000 Episode Num: 423 Episode T: 1000 Reward: 7839.588
Total T: 424000 Episode Num: 424 Episode T: 1000 Reward: 7787.265
Total T: 425000 Episode Num: 425 Episode T: 1000 Reward: 7846.330
---------------------------------------
Evaluation over 10 episodes: 8002.619
---------------------------------------
Total T: 426000 Episode Num: 426 Episode T: 1000 Reward: 8089.025
Total T: 427000 Episode Num: 427 Episode T: 1000 Reward: 7648.837
Total T: 428000 Episode Num: 428 Episode T: 1000 Reward: 7830.478
Total T: 429000 Episode Num: 429 Episode T: 1000 Reward: 8167.976
Total T: 430000 Episode Num: 430 Episode T: 1000 Reward: 8085.397
---------------------------------------
Evaluation over 10 episodes: 7788.033
---------------------------------------
Total T: 431000 Episode Num: 431 Episode T: 1000 Reward: 8035.655
Total T: 432000 Episode Num: 432 Episode T: 1000 Reward: 8294.801
Total T: 433000 Episode Num: 433 Episode T: 1000 Reward: 8302.564
Total T: 434000 Episode Num: 434 Episode T: 1000 Reward: 8151.191
Total T: 435000 Episode Num: 435 Episode T: 1000 Reward: 8162.219
---------------------------------------
Evaluation over 10 episodes: 7862.243
---------------------------------------
Total T: 436000 Episode Num: 436 Episode T: 1000 Reward: 8315.372
Total T: 437000 Episode Num: 437 Episode T: 1000 Reward: 8191.015
Total T: 438000 Episode Num: 438 Episode T: 1000 Reward: 8086.765
Total T: 439000 Episode Num: 439 Episode T: 1000 Reward: 8196.821
Total T: 440000 Episode Num: 440 Episode T: 1000 Reward: 8143.474
---------------------------------------
Evaluation over 10 episodes: 8161.441
---------------------------------------
Total T: 441000 Episode Num: 441 Episode T: 1000 Reward: 8214.123
Total T: 442000 Episode Num: 442 Episode T: 1000 Reward: 8241.556
Total T: 443000 Episode Num: 443 Episode T: 1000 Reward: 8277.577
Total T: 444000 Episode Num: 444 Episode T: 1000 Reward: 8073.518
Total T: 445000 Episode Num: 445 Episode T: 1000 Reward: 8347.862
---------------------------------------
Evaluation over 10 episodes: 8125.530
---------------------------------------
Total T: 446000 Episode Num: 446 Episode T: 1000 Reward: 8176.457
Total T: 447000 Episode Num: 447 Episode T: 1000 Reward: 8167.621
Total T: 448000 Episode Num: 448 Episode T: 1000 Reward: 8057.222
Total T: 449000 Episode Num: 449 Episode T: 1000 Reward: 8106.598
Total T: 450000 Episode Num: 450 Episode T: 1000 Reward: 7905.374
---------------------------------------
Evaluation over 10 episodes: 8215.762
---------------------------------------
Total T: 451000 Episode Num: 451 Episode T: 1000 Reward: 8188.759
Total T: 452000 Episode Num: 452 Episode T: 1000 Reward: 8330.865
Total T: 453000 Episode Num: 453 Episode T: 1000 Reward: 8312.378
Total T: 454000 Episode Num: 454 Episode T: 1000 Reward: 8273.222
Total T: 455000 Episode Num: 455 Episode T: 1000 Reward: 8327.201
---------------------------------------
Evaluation over 10 episodes: 8352.379
---------------------------------------
Total T: 456000 Episode Num: 456 Episode T: 1000 Reward: 8178.901
Total T: 457000 Episode Num: 457 Episode T: 1000 Reward: 8020.737
Total T: 458000 Episode Num: 458 Episode T: 1000 Reward: 8423.647
Total T: 459000 Episode Num: 459 Episode T: 1000 Reward: 8349.295
Total T: 460000 Episode Num: 460 Episode T: 1000 Reward: 8274.781
---------------------------------------
Evaluation over 10 episodes: 8138.034
---------------------------------------
Total T: 461000 Episode Num: 461 Episode T: 1000 Reward: 8440.388
Total T: 462000 Episode Num: 462 Episode T: 1000 Reward: 8193.562
Total T: 463000 Episode Num: 463 Episode T: 1000 Reward: 8241.209
Total T: 464000 Episode Num: 464 Episode T: 1000 Reward: 8166.845
Total T: 465000 Episode Num: 465 Episode T: 1000 Reward: 7873.461
---------------------------------------
Evaluation over 10 episodes: 8141.815
---------------------------------------
Total T: 466000 Episode Num: 466 Episode T: 1000 Reward: 8337.732
Total T: 467000 Episode Num: 467 Episode T: 1000 Reward: 8318.546
Total T: 468000 Episode Num: 468 Episode T: 1000 Reward: 8267.705
Total T: 469000 Episode Num: 469 Episode T: 1000 Reward: 8209.414
Total T: 470000 Episode Num: 470 Episode T: 1000 Reward: 8040.312
---------------------------------------
Evaluation over 10 episodes: 8308.726
---------------------------------------
Total T: 471000 Episode Num: 471 Episode T: 1000 Reward: 8188.223
Total T: 472000 Episode Num: 472 Episode T: 1000 Reward: 8521.188
Total T: 473000 Episode Num: 473 Episode T: 1000 Reward: 8124.287
Total T: 474000 Episode Num: 474 Episode T: 1000 Reward: 8387.047
Total T: 475000 Episode Num: 475 Episode T: 1000 Reward: 8385.243
---------------------------------------
Evaluation over 10 episodes: 8196.041
---------------------------------------
Total T: 476000 Episode Num: 476 Episode T: 1000 Reward: 8317.447
Total T: 477000 Episode Num: 477 Episode T: 1000 Reward: 8155.625
Total T: 478000 Episode Num: 478 Episode T: 1000 Reward: 8190.906
Total T: 479000 Episode Num: 479 Episode T: 1000 Reward: 8499.996
Total T: 480000 Episode Num: 480 Episode T: 1000 Reward: 8228.291
---------------------------------------
Evaluation over 10 episodes: 8388.099
---------------------------------------
Total T: 481000 Episode Num: 481 Episode T: 1000 Reward: 8179.518
Total T: 482000 Episode Num: 482 Episode T: 1000 Reward: 8274.676
Total T: 483000 Episode Num: 483 Episode T: 1000 Reward: 8479.037
Total T: 484000 Episode Num: 484 Episode T: 1000 Reward: 8349.428
Total T: 485000 Episode Num: 485 Episode T: 1000 Reward: 8488.456
---------------------------------------
Evaluation over 10 episodes: 8418.006
---------------------------------------
Total T: 486000 Episode Num: 486 Episode T: 1000 Reward: 8242.091
Total T: 487000 Episode Num: 487 Episode T: 1000 Reward: 8404.038
Total T: 488000 Episode Num: 488 Episode T: 1000 Reward: 8230.377
Total T: 489000 Episode Num: 489 Episode T: 1000 Reward: 8338.287
Total T: 490000 Episode Num: 490 Episode T: 1000 Reward: 8334.980
---------------------------------------
Evaluation over 10 episodes: 8323.123
---------------------------------------
Total T: 491000 Episode Num: 491 Episode T: 1000 Reward: 8447.140
Total T: 492000 Episode Num: 492 Episode T: 1000 Reward: 8444.261
Total T: 493000 Episode Num: 493 Episode T: 1000 Reward: 8652.540
Total T: 494000 Episode Num: 494 Episode T: 1000 Reward: 8308.184
Total T: 495000 Episode Num: 495 Episode T: 1000 Reward: 8729.760
---------------------------------------
Evaluation over 10 episodes: 8458.911
---------------------------------------
Total T: 496000 Episode Num: 496 Episode T: 1000 Reward: 8450.265
Total T: 497000 Episode Num: 497 Episode T: 1000 Reward: 8406.340
Total T: 498000 Episode Num: 498 Episode T: 1000 Reward: 8571.620
Total T: 499000 Episode Num: 499 Episode T: 1000 Reward: 8648.474
Total T: 500000 Episode Num: 500 Episode T: 1000 Reward: 8269.346
---------------------------------------
Evaluation over 10 episodes: 8290.215
---------------------------------------
Total T: 501000 Episode Num: 501 Episode T: 1000 Reward: 8462.078
Total T: 502000 Episode Num: 502 Episode T: 1000 Reward: 8514.014
Total T: 503000 Episode Num: 503 Episode T: 1000 Reward: 8545.293
Total T: 504000 Episode Num: 504 Episode T: 1000 Reward: 8239.541
Total T: 505000 Episode Num: 505 Episode T: 1000 Reward: 8540.884
---------------------------------------
Evaluation over 10 episodes: 8524.861
---------------------------------------
Total T: 506000 Episode Num: 506 Episode T: 1000 Reward: 8381.444
Total T: 507000 Episode Num: 507 Episode T: 1000 Reward: 8325.796
Total T: 508000 Episode Num: 508 Episode T: 1000 Reward: 8194.901
Total T: 509000 Episode Num: 509 Episode T: 1000 Reward: 8539.487
Total T: 510000 Episode Num: 510 Episode T: 1000 Reward: 8453.366
---------------------------------------
Evaluation over 10 episodes: 8408.801
---------------------------------------
Total T: 511000 Episode Num: 511 Episode T: 1000 Reward: 8682.480
Total T: 512000 Episode Num: 512 Episode T: 1000 Reward: 8488.513
Total T: 513000 Episode Num: 513 Episode T: 1000 Reward: 8307.435
Total T: 514000 Episode Num: 514 Episode T: 1000 Reward: 8234.958
Total T: 515000 Episode Num: 515 Episode T: 1000 Reward: 8463.899
---------------------------------------
Evaluation over 10 episodes: 8387.544
---------------------------------------
Total T: 516000 Episode Num: 516 Episode T: 1000 Reward: 8473.510
Total T: 517000 Episode Num: 517 Episode T: 1000 Reward: 8416.931
Total T: 518000 Episode Num: 518 Episode T: 1000 Reward: 8729.199
Total T: 519000 Episode Num: 519 Episode T: 1000 Reward: 8832.998
Total T: 520000 Episode Num: 520 Episode T: 1000 Reward: 8408.016
---------------------------------------
Evaluation over 10 episodes: 8442.372
---------------------------------------
Total T: 521000 Episode Num: 521 Episode T: 1000 Reward: 8083.322
Total T: 522000 Episode Num: 522 Episode T: 1000 Reward: 8394.296
Total T: 523000 Episode Num: 523 Episode T: 1000 Reward: 8653.972
Total T: 524000 Episode Num: 524 Episode T: 1000 Reward: 8041.530
Total T: 525000 Episode Num: 525 Episode T: 1000 Reward: 8561.381
---------------------------------------
Evaluation over 10 episodes: 8522.204
---------------------------------------
Total T: 526000 Episode Num: 526 Episode T: 1000 Reward: 8593.889
Total T: 527000 Episode Num: 527 Episode T: 1000 Reward: 8541.143
Total T: 528000 Episode Num: 528 Episode T: 1000 Reward: 8558.121
Total T: 529000 Episode Num: 529 Episode T: 1000 Reward: 8516.009
Total T: 530000 Episode Num: 530 Episode T: 1000 Reward: 8560.494
---------------------------------------
Evaluation over 10 episodes: 8507.840
---------------------------------------
Total T: 531000 Episode Num: 531 Episode T: 1000 Reward: 8740.039
Total T: 532000 Episode Num: 532 Episode T: 1000 Reward: 8710.584
Total T: 533000 Episode Num: 533 Episode T: 1000 Reward: 8508.056
Total T: 534000 Episode Num: 534 Episode T: 1000 Reward: 8366.944
Total T: 535000 Episode Num: 535 Episode T: 1000 Reward: 8734.990
---------------------------------------
Evaluation over 10 episodes: 8672.647
---------------------------------------
Total T: 536000 Episode Num: 536 Episode T: 1000 Reward: 8667.722
Total T: 537000 Episode Num: 537 Episode T: 1000 Reward: 8285.277
Total T: 538000 Episode Num: 538 Episode T: 1000 Reward: 8291.200
Total T: 539000 Episode Num: 539 Episode T: 1000 Reward: 8605.816
Total T: 540000 Episode Num: 540 Episode T: 1000 Reward: 8620.323
---------------------------------------
Evaluation over 10 episodes: 8665.377
---------------------------------------
Total T: 541000 Episode Num: 541 Episode T: 1000 Reward: 8535.803
Total T: 542000 Episode Num: 542 Episode T: 1000 Reward: 8326.028
Total T: 543000 Episode Num: 543 Episode T: 1000 Reward: 8401.850
Total T: 544000 Episode Num: 544 Episode T: 1000 Reward: 8220.079
Total T: 545000 Episode Num: 545 Episode T: 1000 Reward: 8381.601
---------------------------------------
Evaluation over 10 episodes: 8517.727
---------------------------------------
Total T: 546000 Episode Num: 546 Episode T: 1000 Reward: 8709.118
Total T: 547000 Episode Num: 547 Episode T: 1000 Reward: 8289.830
Total T: 548000 Episode Num: 548 Episode T: 1000 Reward: 8643.382
Total T: 549000 Episode Num: 549 Episode T: 1000 Reward: 8696.062
Total T: 550000 Episode Num: 550 Episode T: 1000 Reward: 8611.553
---------------------------------------
Evaluation over 10 episodes: 8263.844
---------------------------------------
Total T: 551000 Episode Num: 551 Episode T: 1000 Reward: 8549.565
Total T: 552000 Episode Num: 552 Episode T: 1000 Reward: 8304.149
Total T: 553000 Episode Num: 553 Episode T: 1000 Reward: 8535.457
Total T: 554000 Episode Num: 554 Episode T: 1000 Reward: 8716.516
Total T: 555000 Episode Num: 555 Episode T: 1000 Reward: 8825.152
---------------------------------------
Evaluation over 10 episodes: 8615.107
---------------------------------------
Total T: 556000 Episode Num: 556 Episode T: 1000 Reward: 8490.257
Total T: 557000 Episode Num: 557 Episode T: 1000 Reward: 9018.797
Total T: 558000 Episode Num: 558 Episode T: 1000 Reward: 8319.388
Total T: 559000 Episode Num: 559 Episode T: 1000 Reward: 8573.837
Total T: 560000 Episode Num: 560 Episode T: 1000 Reward: 8386.444
---------------------------------------
Evaluation over 10 episodes: 8513.783
---------------------------------------
Total T: 561000 Episode Num: 561 Episode T: 1000 Reward: 8857.896
Total T: 562000 Episode Num: 562 Episode T: 1000 Reward: 8848.994
Total T: 563000 Episode Num: 563 Episode T: 1000 Reward: 8615.426
Total T: 564000 Episode Num: 564 Episode T: 1000 Reward: 8472.954
Total T: 565000 Episode Num: 565 Episode T: 1000 Reward: 8468.255
---------------------------------------
Evaluation over 10 episodes: 8524.819
---------------------------------------
Total T: 566000 Episode Num: 566 Episode T: 1000 Reward: 8615.028
Total T: 567000 Episode Num: 567 Episode T: 1000 Reward: 8630.413
Total T: 568000 Episode Num: 568 Episode T: 1000 Reward: 8868.706
Total T: 569000 Episode Num: 569 Episode T: 1000 Reward: 8453.413
Total T: 570000 Episode Num: 570 Episode T: 1000 Reward: 8431.614
---------------------------------------
Evaluation over 10 episodes: 8635.627
---------------------------------------
Total T: 571000 Episode Num: 571 Episode T: 1000 Reward: 8628.192
Total T: 572000 Episode Num: 572 Episode T: 1000 Reward: 8903.951
Total T: 573000 Episode Num: 573 Episode T: 1000 Reward: 8746.293
Total T: 574000 Episode Num: 574 Episode T: 1000 Reward: 8934.090
Total T: 575000 Episode Num: 575 Episode T: 1000 Reward: 8680.316
---------------------------------------
Evaluation over 10 episodes: 8495.951
---------------------------------------
Total T: 576000 Episode Num: 576 Episode T: 1000 Reward: 8774.885
Total T: 577000 Episode Num: 577 Episode T: 1000 Reward: 8658.671
Total T: 578000 Episode Num: 578 Episode T: 1000 Reward: 8674.439
Total T: 579000 Episode Num: 579 Episode T: 1000 Reward: 8392.355
Total T: 580000 Episode Num: 580 Episode T: 1000 Reward: 8906.633
---------------------------------------
Evaluation over 10 episodes: 8660.975
---------------------------------------
Total T: 581000 Episode Num: 581 Episode T: 1000 Reward: 8639.807
Total T: 582000 Episode Num: 582 Episode T: 1000 Reward: 8708.087
Total T: 583000 Episode Num: 583 Episode T: 1000 Reward: 8686.473
Total T: 584000 Episode Num: 584 Episode T: 1000 Reward: 8787.133
Total T: 585000 Episode Num: 585 Episode T: 1000 Reward: 8764.259
---------------------------------------
Evaluation over 10 episodes: 8510.815
---------------------------------------
Total T: 586000 Episode Num: 586 Episode T: 1000 Reward: 8397.194
Total T: 587000 Episode Num: 587 Episode T: 1000 Reward: 8620.492
Total T: 588000 Episode Num: 588 Episode T: 1000 Reward: 8951.158
Total T: 589000 Episode Num: 589 Episode T: 1000 Reward: 8825.345
Total T: 590000 Episode Num: 590 Episode T: 1000 Reward: 8872.547
---------------------------------------
Evaluation over 10 episodes: 8770.548
---------------------------------------
Total T: 591000 Episode Num: 591 Episode T: 1000 Reward: 8803.266
Total T: 592000 Episode Num: 592 Episode T: 1000 Reward: 8568.282
Total T: 593000 Episode Num: 593 Episode T: 1000 Reward: 8431.698
Total T: 594000 Episode Num: 594 Episode T: 1000 Reward: 8807.492
Total T: 595000 Episode Num: 595 Episode T: 1000 Reward: 8871.399
---------------------------------------
Evaluation over 10 episodes: 8842.642
---------------------------------------
Total T: 596000 Episode Num: 596 Episode T: 1000 Reward: 8709.185
Total T: 597000 Episode Num: 597 Episode T: 1000 Reward: 8859.675
Total T: 598000 Episode Num: 598 Episode T: 1000 Reward: 8736.651
Total T: 599000 Episode Num: 599 Episode T: 1000 Reward: 8784.557
Total T: 600000 Episode Num: 600 Episode T: 1000 Reward: 8705.646
---------------------------------------
Evaluation over 10 episodes: 8907.524
---------------------------------------
Total T: 601000 Episode Num: 601 Episode T: 1000 Reward: 8574.740
Total T: 602000 Episode Num: 602 Episode T: 1000 Reward: 8847.450
Total T: 603000 Episode Num: 603 Episode T: 1000 Reward: 8996.009
Total T: 604000 Episode Num: 604 Episode T: 1000 Reward: 8385.223
Total T: 605000 Episode Num: 605 Episode T: 1000 Reward: 8843.819
---------------------------------------
Evaluation over 10 episodes: 8795.674
---------------------------------------
Total T: 606000 Episode Num: 606 Episode T: 1000 Reward: 8825.832
Total T: 607000 Episode Num: 607 Episode T: 1000 Reward: 8791.170
Total T: 608000 Episode Num: 608 Episode T: 1000 Reward: 8834.165
Total T: 609000 Episode Num: 609 Episode T: 1000 Reward: 8848.439
Total T: 610000 Episode Num: 610 Episode T: 1000 Reward: 8844.906
---------------------------------------
Evaluation over 10 episodes: 8851.185
---------------------------------------
Total T: 611000 Episode Num: 611 Episode T: 1000 Reward: 8886.840
Total T: 612000 Episode Num: 612 Episode T: 1000 Reward: 8608.751
Total T: 613000 Episode Num: 613 Episode T: 1000 Reward: 8625.111
Total T: 614000 Episode Num: 614 Episode T: 1000 Reward: 8675.005
Total T: 615000 Episode Num: 615 Episode T: 1000 Reward: 8943.004
---------------------------------------
Evaluation over 10 episodes: 8784.278
---------------------------------------
Total T: 616000 Episode Num: 616 Episode T: 1000 Reward: 8763.923
Total T: 617000 Episode Num: 617 Episode T: 1000 Reward: 9027.362
Total T: 618000 Episode Num: 618 Episode T: 1000 Reward: 8763.940
Total T: 619000 Episode Num: 619 Episode T: 1000 Reward: 8723.486
Total T: 620000 Episode Num: 620 Episode T: 1000 Reward: 8733.685
---------------------------------------
Evaluation over 10 episodes: 8792.573
---------------------------------------
Total T: 621000 Episode Num: 621 Episode T: 1000 Reward: 8556.118
Total T: 622000 Episode Num: 622 Episode T: 1000 Reward: 8755.610
Total T: 623000 Episode Num: 623 Episode T: 1000 Reward: 8913.129
Total T: 624000 Episode Num: 624 Episode T: 1000 Reward: 8231.905
Total T: 625000 Episode Num: 625 Episode T: 1000 Reward: 8583.989
---------------------------------------
Evaluation over 10 episodes: 8849.036
---------------------------------------
Total T: 626000 Episode Num: 626 Episode T: 1000 Reward: 8951.136
Total T: 627000 Episode Num: 627 Episode T: 1000 Reward: 8954.069
Total T: 628000 Episode Num: 628 Episode T: 1000 Reward: 8783.010
Total T: 629000 Episode Num: 629 Episode T: 1000 Reward: 8478.706
Total T: 630000 Episode Num: 630 Episode T: 1000 Reward: 8643.456
---------------------------------------
Evaluation over 10 episodes: 8872.948
---------------------------------------
Total T: 631000 Episode Num: 631 Episode T: 1000 Reward: 9024.115
Total T: 632000 Episode Num: 632 Episode T: 1000 Reward: 8792.390
Total T: 633000 Episode Num: 633 Episode T: 1000 Reward: 8698.619
Total T: 634000 Episode Num: 634 Episode T: 1000 Reward: 8855.940
Total T: 635000 Episode Num: 635 Episode T: 1000 Reward: 9143.190
---------------------------------------
Evaluation over 10 episodes: 8815.197
---------------------------------------
Total T: 636000 Episode Num: 636 Episode T: 1000 Reward: 8543.186
Total T: 637000 Episode Num: 637 Episode T: 1000 Reward: 8860.009
Total T: 638000 Episode Num: 638 Episode T: 1000 Reward: 8769.379
Total T: 639000 Episode Num: 639 Episode T: 1000 Reward: 8829.329
Total T: 640000 Episode Num: 640 Episode T: 1000 Reward: 8644.928
---------------------------------------
Evaluation over 10 episodes: 9014.319
---------------------------------------
Total T: 641000 Episode Num: 641 Episode T: 1000 Reward: 9059.492
Total T: 642000 Episode Num: 642 Episode T: 1000 Reward: 8602.383
Total T: 643000 Episode Num: 643 Episode T: 1000 Reward: 9125.369
Total T: 644000 Episode Num: 644 Episode T: 1000 Reward: 8885.285
Total T: 645000 Episode Num: 645 Episode T: 1000 Reward: 9107.631
---------------------------------------
Evaluation over 10 episodes: 8866.584
---------------------------------------
Total T: 646000 Episode Num: 646 Episode T: 1000 Reward: 8786.600
Total T: 647000 Episode Num: 647 Episode T: 1000 Reward: 8788.460
Total T: 648000 Episode Num: 648 Episode T: 1000 Reward: 8999.558
Total T: 649000 Episode Num: 649 Episode T: 1000 Reward: 8809.041
Total T: 650000 Episode Num: 650 Episode T: 1000 Reward: 8753.213
---------------------------------------
Evaluation over 10 episodes: 8294.913
---------------------------------------
Total T: 651000 Episode Num: 651 Episode T: 1000 Reward: 8617.014
Total T: 652000 Episode Num: 652 Episode T: 1000 Reward: 8864.655
Total T: 653000 Episode Num: 653 Episode T: 1000 Reward: 8953.662
Total T: 654000 Episode Num: 654 Episode T: 1000 Reward: 9012.078
Total T: 655000 Episode Num: 655 Episode T: 1000 Reward: 8822.256
---------------------------------------
Evaluation over 10 episodes: 9001.765
---------------------------------------
Total T: 656000 Episode Num: 656 Episode T: 1000 Reward: 8678.407
Total T: 657000 Episode Num: 657 Episode T: 1000 Reward: 8450.318
Total T: 658000 Episode Num: 658 Episode T: 1000 Reward: 8934.541
Total T: 659000 Episode Num: 659 Episode T: 1000 Reward: 9073.958
Total T: 660000 Episode Num: 660 Episode T: 1000 Reward: 9114.714
---------------------------------------
Evaluation over 10 episodes: 9036.167
---------------------------------------
Total T: 661000 Episode Num: 661 Episode T: 1000 Reward: 8711.502
Total T: 662000 Episode Num: 662 Episode T: 1000 Reward: 8867.998
Total T: 663000 Episode Num: 663 Episode T: 1000 Reward: 8927.589
Total T: 664000 Episode Num: 664 Episode T: 1000 Reward: 8813.421
Total T: 665000 Episode Num: 665 Episode T: 1000 Reward: 9051.193
---------------------------------------
Evaluation over 10 episodes: 8986.576
---------------------------------------
Total T: 666000 Episode Num: 666 Episode T: 1000 Reward: 8860.477
Total T: 667000 Episode Num: 667 Episode T: 1000 Reward: 9095.607
Total T: 668000 Episode Num: 668 Episode T: 1000 Reward: 8972.134
Total T: 669000 Episode Num: 669 Episode T: 1000 Reward: 8812.102
Total T: 670000 Episode Num: 670 Episode T: 1000 Reward: 9132.015
---------------------------------------
Evaluation over 10 episodes: 8939.457
---------------------------------------
Total T: 671000 Episode Num: 671 Episode T: 1000 Reward: 9337.144
Total T: 672000 Episode Num: 672 Episode T: 1000 Reward: 9103.986
Total T: 673000 Episode Num: 673 Episode T: 1000 Reward: 8863.513
Total T: 674000 Episode Num: 674 Episode T: 1000 Reward: 9185.610
Total T: 675000 Episode Num: 675 Episode T: 1000 Reward: 8683.013
---------------------------------------
Evaluation over 10 episodes: 8946.762
---------------------------------------
Total T: 676000 Episode Num: 676 Episode T: 1000 Reward: 9148.939
Total T: 677000 Episode Num: 677 Episode T: 1000 Reward: 8557.095
Total T: 678000 Episode Num: 678 Episode T: 1000 Reward: 8743.032
Total T: 679000 Episode Num: 679 Episode T: 1000 Reward: 9020.739
Total T: 680000 Episode Num: 680 Episode T: 1000 Reward: 8802.490
---------------------------------------
Evaluation over 10 episodes: 9129.184
---------------------------------------
Total T: 681000 Episode Num: 681 Episode T: 1000 Reward: 8989.382
Total T: 682000 Episode Num: 682 Episode T: 1000 Reward: 9241.893
Total T: 683000 Episode Num: 683 Episode T: 1000 Reward: 9097.633
Total T: 684000 Episode Num: 684 Episode T: 1000 Reward: 8783.778
Total T: 685000 Episode Num: 685 Episode T: 1000 Reward: 8907.897
---------------------------------------
Evaluation over 10 episodes: 8862.831
---------------------------------------
Total T: 686000 Episode Num: 686 Episode T: 1000 Reward: 9144.937
Total T: 687000 Episode Num: 687 Episode T: 1000 Reward: 8940.235
Total T: 688000 Episode Num: 688 Episode T: 1000 Reward: 9203.443
Total T: 689000 Episode Num: 689 Episode T: 1000 Reward: 9184.266
Total T: 690000 Episode Num: 690 Episode T: 1000 Reward: 8945.891
---------------------------------------
Evaluation over 10 episodes: 9109.480
---------------------------------------
Total T: 691000 Episode Num: 691 Episode T: 1000 Reward: 8804.184
Total T: 692000 Episode Num: 692 Episode T: 1000 Reward: 9097.629
Total T: 693000 Episode Num: 693 Episode T: 1000 Reward: 8747.398
Total T: 694000 Episode Num: 694 Episode T: 1000 Reward: 8772.712
Total T: 695000 Episode Num: 695 Episode T: 1000 Reward: 8961.488
---------------------------------------
Evaluation over 10 episodes: 8989.709
---------------------------------------
Total T: 696000 Episode Num: 696 Episode T: 1000 Reward: 8900.676
Total T: 697000 Episode Num: 697 Episode T: 1000 Reward: 9154.404
Total T: 698000 Episode Num: 698 Episode T: 1000 Reward: 8903.944
Total T: 699000 Episode Num: 699 Episode T: 1000 Reward: 9120.240
Total T: 700000 Episode Num: 700 Episode T: 1000 Reward: 9068.883
---------------------------------------
Evaluation over 10 episodes: 9222.126
---------------------------------------
Total T: 701000 Episode Num: 701 Episode T: 1000 Reward: 8822.906
Total T: 702000 Episode Num: 702 Episode T: 1000 Reward: 8781.636
Total T: 703000 Episode Num: 703 Episode T: 1000 Reward: 9148.937
Total T: 704000 Episode Num: 704 Episode T: 1000 Reward: 8925.256
Total T: 705000 Episode Num: 705 Episode T: 1000 Reward: 9134.484
---------------------------------------
Evaluation over 10 episodes: 9043.032
---------------------------------------
Total T: 706000 Episode Num: 706 Episode T: 1000 Reward: 9028.790
Total T: 707000 Episode Num: 707 Episode T: 1000 Reward: 9161.161
Total T: 708000 Episode Num: 708 Episode T: 1000 Reward: 9093.136
Total T: 709000 Episode Num: 709 Episode T: 1000 Reward: 8956.853
Total T: 710000 Episode Num: 710 Episode T: 1000 Reward: 9111.692
---------------------------------------
Evaluation over 10 episodes: 9273.515
---------------------------------------
Total T: 711000 Episode Num: 711 Episode T: 1000 Reward: 8809.635
Total T: 712000 Episode Num: 712 Episode T: 1000 Reward: 9022.055
Total T: 713000 Episode Num: 713 Episode T: 1000 Reward: 8947.141
Total T: 714000 Episode Num: 714 Episode T: 1000 Reward: 9169.522
Total T: 715000 Episode Num: 715 Episode T: 1000 Reward: 9145.313
---------------------------------------
Evaluation over 10 episodes: 9145.512
---------------------------------------
Total T: 716000 Episode Num: 716 Episode T: 1000 Reward: 9180.091
Total T: 717000 Episode Num: 717 Episode T: 1000 Reward: 8850.541
Total T: 718000 Episode Num: 718 Episode T: 1000 Reward: 9372.856
Total T: 719000 Episode Num: 719 Episode T: 1000 Reward: 9171.303
Total T: 720000 Episode Num: 720 Episode T: 1000 Reward: 9006.782
---------------------------------------
Evaluation over 10 episodes: 9189.060
---------------------------------------
Total T: 721000 Episode Num: 721 Episode T: 1000 Reward: 9365.833
Total T: 722000 Episode Num: 722 Episode T: 1000 Reward: 8767.000
Total T: 723000 Episode Num: 723 Episode T: 1000 Reward: 9231.172
Total T: 724000 Episode Num: 724 Episode T: 1000 Reward: 9007.443
Total T: 725000 Episode Num: 725 Episode T: 1000 Reward: 8744.536
---------------------------------------
Evaluation over 10 episodes: 9206.932
---------------------------------------
Total T: 726000 Episode Num: 726 Episode T: 1000 Reward: 9100.203
Total T: 727000 Episode Num: 727 Episode T: 1000 Reward: 9076.482
Total T: 728000 Episode Num: 728 Episode T: 1000 Reward: 9164.952
Total T: 729000 Episode Num: 729 Episode T: 1000 Reward: 9017.077
Total T: 730000 Episode Num: 730 Episode T: 1000 Reward: 9117.810
---------------------------------------
Evaluation over 10 episodes: 9118.689
---------------------------------------
Total T: 731000 Episode Num: 731 Episode T: 1000 Reward: 9094.681
Total T: 732000 Episode Num: 732 Episode T: 1000 Reward: 8768.803
Total T: 733000 Episode Num: 733 Episode T: 1000 Reward: 8935.517
Total T: 734000 Episode Num: 734 Episode T: 1000 Reward: 8851.074
Total T: 735000 Episode Num: 735 Episode T: 1000 Reward: 9654.864
---------------------------------------
Evaluation over 10 episodes: 9012.787
---------------------------------------
Total T: 736000 Episode Num: 736 Episode T: 1000 Reward: 8898.334
Total T: 737000 Episode Num: 737 Episode T: 1000 Reward: 9259.631
Total T: 738000 Episode Num: 738 Episode T: 1000 Reward: 9023.658
Total T: 739000 Episode Num: 739 Episode T: 1000 Reward: 8847.637
Total T: 740000 Episode Num: 740 Episode T: 1000 Reward: 9109.529
---------------------------------------
Evaluation over 10 episodes: 9207.362
---------------------------------------
Total T: 741000 Episode Num: 741 Episode T: 1000 Reward: 8997.675
Total T: 742000 Episode Num: 742 Episode T: 1000 Reward: 9298.882
Total T: 743000 Episode Num: 743 Episode T: 1000 Reward: 8953.158
Total T: 744000 Episode Num: 744 Episode T: 1000 Reward: 9245.244
Total T: 745000 Episode Num: 745 Episode T: 1000 Reward: 9254.314
---------------------------------------
Evaluation over 10 episodes: 9060.878
---------------------------------------
Total T: 746000 Episode Num: 746 Episode T: 1000 Reward: 9188.036
Total T: 747000 Episode Num: 747 Episode T: 1000 Reward: 9445.641
Total T: 748000 Episode Num: 748 Episode T: 1000 Reward: 9446.486
Total T: 749000 Episode Num: 749 Episode T: 1000 Reward: 9202.769
Total T: 750000 Episode Num: 750 Episode T: 1000 Reward: 9210.036
---------------------------------------
Evaluation over 10 episodes: 9212.288
---------------------------------------
Total T: 751000 Episode Num: 751 Episode T: 1000 Reward: 9244.596
Total T: 752000 Episode Num: 752 Episode T: 1000 Reward: 9227.141
Total T: 753000 Episode Num: 753 Episode T: 1000 Reward: 9416.433
Total T: 754000 Episode Num: 754 Episode T: 1000 Reward: 9342.855
Total T: 755000 Episode Num: 755 Episode T: 1000 Reward: 9279.678
---------------------------------------
Evaluation over 10 episodes: 9205.052
---------------------------------------
Total T: 756000 Episode Num: 756 Episode T: 1000 Reward: 9225.756
Total T: 757000 Episode Num: 757 Episode T: 1000 Reward: 9188.691
Total T: 758000 Episode Num: 758 Episode T: 1000 Reward: 9321.228
Total T: 759000 Episode Num: 759 Episode T: 1000 Reward: 9377.256
Total T: 760000 Episode Num: 760 Episode T: 1000 Reward: 9077.333
---------------------------------------
Evaluation over 10 episodes: 9269.881
---------------------------------------
Total T: 761000 Episode Num: 761 Episode T: 1000 Reward: 9383.996
Total T: 762000 Episode Num: 762 Episode T: 1000 Reward: 9310.711
Total T: 763000 Episode Num: 763 Episode T: 1000 Reward: 8863.594
Total T: 764000 Episode Num: 764 Episode T: 1000 Reward: 9096.030
Total T: 765000 Episode Num: 765 Episode T: 1000 Reward: 9194.552
---------------------------------------
Evaluation over 10 episodes: 9272.079
---------------------------------------
Total T: 766000 Episode Num: 766 Episode T: 1000 Reward: 9288.530
Total T: 767000 Episode Num: 767 Episode T: 1000 Reward: 9010.647
Total T: 768000 Episode Num: 768 Episode T: 1000 Reward: 9141.478
Total T: 769000 Episode Num: 769 Episode T: 1000 Reward: 9909.042
Total T: 770000 Episode Num: 770 Episode T: 1000 Reward: 9366.998
---------------------------------------
Evaluation over 10 episodes: 9162.242
---------------------------------------
Total T: 771000 Episode Num: 771 Episode T: 1000 Reward: 9053.482
Total T: 772000 Episode Num: 772 Episode T: 1000 Reward: 9088.523
Total T: 773000 Episode Num: 773 Episode T: 1000 Reward: 6481.732
Total T: 774000 Episode Num: 774 Episode T: 1000 Reward: 9293.559
Total T: 775000 Episode Num: 775 Episode T: 1000 Reward: 9369.369
---------------------------------------
Evaluation over 10 episodes: 9257.856
---------------------------------------
Total T: 776000 Episode Num: 776 Episode T: 1000 Reward: 9260.391
Total T: 777000 Episode Num: 777 Episode T: 1000 Reward: 9464.775
Total T: 778000 Episode Num: 778 Episode T: 1000 Reward: 9459.233
Total T: 779000 Episode Num: 779 Episode T: 1000 Reward: 9132.302
Total T: 780000 Episode Num: 780 Episode T: 1000 Reward: 9351.713
---------------------------------------
Evaluation over 10 episodes: 9342.419
---------------------------------------
Total T: 781000 Episode Num: 781 Episode T: 1000 Reward: 9370.098
Total T: 782000 Episode Num: 782 Episode T: 1000 Reward: 9416.814
Total T: 783000 Episode Num: 783 Episode T: 1000 Reward: 9170.226
Total T: 784000 Episode Num: 784 Episode T: 1000 Reward: 9246.926
Total T: 785000 Episode Num: 785 Episode T: 1000 Reward: 9566.966
---------------------------------------
Evaluation over 10 episodes: 9207.133
---------------------------------------
Total T: 786000 Episode Num: 786 Episode T: 1000 Reward: 9392.236
Total T: 787000 Episode Num: 787 Episode T: 1000 Reward: 9441.338
Total T: 788000 Episode Num: 788 Episode T: 1000 Reward: 9475.897
Total T: 789000 Episode Num: 789 Episode T: 1000 Reward: 9660.284
Total T: 790000 Episode Num: 790 Episode T: 1000 Reward: 9354.127
---------------------------------------
Evaluation over 10 episodes: 9251.907
---------------------------------------
Total T: 791000 Episode Num: 791 Episode T: 1000 Reward: 9388.234
Total T: 792000 Episode Num: 792 Episode T: 1000 Reward: 9360.773
Total T: 793000 Episode Num: 793 Episode T: 1000 Reward: 9184.097
Total T: 794000 Episode Num: 794 Episode T: 1000 Reward: 9163.070
Total T: 795000 Episode Num: 795 Episode T: 1000 Reward: 9515.080
---------------------------------------
Evaluation over 10 episodes: 9393.024
---------------------------------------
Total T: 796000 Episode Num: 796 Episode T: 1000 Reward: 9510.199
Total T: 797000 Episode Num: 797 Episode T: 1000 Reward: 9421.452
Total T: 798000 Episode Num: 798 Episode T: 1000 Reward: 9056.993
Total T: 799000 Episode Num: 799 Episode T: 1000 Reward: 9346.878
Total T: 800000 Episode Num: 800 Episode T: 1000 Reward: 9183.262
---------------------------------------
Evaluation over 10 episodes: 9390.313
---------------------------------------
Total T: 801000 Episode Num: 801 Episode T: 1000 Reward: 9178.716
Total T: 802000 Episode Num: 802 Episode T: 1000 Reward: 9423.846
Total T: 803000 Episode Num: 803 Episode T: 1000 Reward: 9041.679
Total T: 804000 Episode Num: 804 Episode T: 1000 Reward: 9182.125
Total T: 805000 Episode Num: 805 Episode T: 1000 Reward: 9192.294
---------------------------------------
Evaluation over 10 episodes: 9472.221
---------------------------------------
Total T: 806000 Episode Num: 806 Episode T: 1000 Reward: 9643.427
Total T: 807000 Episode Num: 807 Episode T: 1000 Reward: 9333.009
Total T: 808000 Episode Num: 808 Episode T: 1000 Reward: 9499.681
Total T: 809000 Episode Num: 809 Episode T: 1000 Reward: 9334.885
Total T: 810000 Episode Num: 810 Episode T: 1000 Reward: 9555.284
---------------------------------------
Evaluation over 10 episodes: 9311.079
---------------------------------------
Total T: 811000 Episode Num: 811 Episode T: 1000 Reward: 9390.182
Total T: 812000 Episode Num: 812 Episode T: 1000 Reward: 9118.062
Total T: 813000 Episode Num: 813 Episode T: 1000 Reward: 9544.384
Total T: 814000 Episode Num: 814 Episode T: 1000 Reward: 9203.480
Total T: 815000 Episode Num: 815 Episode T: 1000 Reward: 9484.442
---------------------------------------
Evaluation over 10 episodes: 9361.459
---------------------------------------
Total T: 816000 Episode Num: 816 Episode T: 1000 Reward: 9576.478
Total T: 817000 Episode Num: 817 Episode T: 1000 Reward: 9548.407
Total T: 818000 Episode Num: 818 Episode T: 1000 Reward: 8899.950
Total T: 819000 Episode Num: 819 Episode T: 1000 Reward: 9642.720
Total T: 820000 Episode Num: 820 Episode T: 1000 Reward: 9468.645
---------------------------------------
Evaluation over 10 episodes: 9320.859
---------------------------------------
Total T: 821000 Episode Num: 821 Episode T: 1000 Reward: 9092.592
Total T: 822000 Episode Num: 822 Episode T: 1000 Reward: 9488.671
Total T: 823000 Episode Num: 823 Episode T: 1000 Reward: 9391.662
Total T: 824000 Episode Num: 824 Episode T: 1000 Reward: 8971.554
Total T: 825000 Episode Num: 825 Episode T: 1000 Reward: 9340.933
---------------------------------------
Evaluation over 10 episodes: 9467.282
---------------------------------------
Total T: 826000 Episode Num: 826 Episode T: 1000 Reward: 9207.463
Total T: 827000 Episode Num: 827 Episode T: 1000 Reward: 9503.696
Total T: 828000 Episode Num: 828 Episode T: 1000 Reward: 9245.890
Total T: 829000 Episode Num: 829 Episode T: 1000 Reward: 9501.006
Total T: 830000 Episode Num: 830 Episode T: 1000 Reward: 9378.280
---------------------------------------
Evaluation over 10 episodes: 9485.162
---------------------------------------
Total T: 831000 Episode Num: 831 Episode T: 1000 Reward: 9311.411
Total T: 832000 Episode Num: 832 Episode T: 1000 Reward: 9213.727
Total T: 833000 Episode Num: 833 Episode T: 1000 Reward: 9364.838
Total T: 834000 Episode Num: 834 Episode T: 1000 Reward: 9633.086
Total T: 835000 Episode Num: 835 Episode T: 1000 Reward: 9096.077
---------------------------------------
Evaluation over 10 episodes: 9566.815
---------------------------------------
Total T: 836000 Episode Num: 836 Episode T: 1000 Reward: 9578.470
Total T: 837000 Episode Num: 837 Episode T: 1000 Reward: 9615.412
Total T: 838000 Episode Num: 838 Episode T: 1000 Reward: 9127.158
Total T: 839000 Episode Num: 839 Episode T: 1000 Reward: 9148.587
Total T: 840000 Episode Num: 840 Episode T: 1000 Reward: 9291.827
---------------------------------------
Evaluation over 10 episodes: 9358.505
---------------------------------------
Total T: 841000 Episode Num: 841 Episode T: 1000 Reward: 9360.129
Total T: 842000 Episode Num: 842 Episode T: 1000 Reward: 9665.615
Total T: 843000 Episode Num: 843 Episode T: 1000 Reward: 9667.481
Total T: 844000 Episode Num: 844 Episode T: 1000 Reward: 9183.943
Total T: 845000 Episode Num: 845 Episode T: 1000 Reward: 9219.242
---------------------------------------
Evaluation over 10 episodes: 9458.490
---------------------------------------
Total T: 846000 Episode Num: 846 Episode T: 1000 Reward: 9554.110
Total T: 847000 Episode Num: 847 Episode T: 1000 Reward: 9608.102
Total T: 848000 Episode Num: 848 Episode T: 1000 Reward: 9628.570
Total T: 849000 Episode Num: 849 Episode T: 1000 Reward: 9535.156
Total T: 850000 Episode Num: 850 Episode T: 1000 Reward: 9418.834
---------------------------------------
Evaluation over 10 episodes: 9511.180
---------------------------------------
Total T: 851000 Episode Num: 851 Episode T: 1000 Reward: 9480.327
Total T: 852000 Episode Num: 852 Episode T: 1000 Reward: 9483.528
Total T: 853000 Episode Num: 853 Episode T: 1000 Reward: 9499.015
Total T: 854000 Episode Num: 854 Episode T: 1000 Reward: 9034.502
Total T: 855000 Episode Num: 855 Episode T: 1000 Reward: 9480.378
---------------------------------------
Evaluation over 10 episodes: 9390.355
---------------------------------------
Total T: 856000 Episode Num: 856 Episode T: 1000 Reward: 9663.527
Total T: 857000 Episode Num: 857 Episode T: 1000 Reward: 9323.206
Total T: 858000 Episode Num: 858 Episode T: 1000 Reward: 9459.403
Total T: 859000 Episode Num: 859 Episode T: 1000 Reward: 9511.482
Total T: 860000 Episode Num: 860 Episode T: 1000 Reward: 9438.816
---------------------------------------
Evaluation over 10 episodes: 9518.858
---------------------------------------
Total T: 861000 Episode Num: 861 Episode T: 1000 Reward: 9128.877
Total T: 862000 Episode Num: 862 Episode T: 1000 Reward: 9824.184
Total T: 863000 Episode Num: 863 Episode T: 1000 Reward: 9451.268
Total T: 864000 Episode Num: 864 Episode T: 1000 Reward: 9803.088
Total T: 865000 Episode Num: 865 Episode T: 1000 Reward: 9801.561
---------------------------------------
Evaluation over 10 episodes: 9480.518
---------------------------------------
Total T: 866000 Episode Num: 866 Episode T: 1000 Reward: 9386.508
Total T: 867000 Episode Num: 867 Episode T: 1000 Reward: 9221.957
Total T: 868000 Episode Num: 868 Episode T: 1000 Reward: 9429.444
Total T: 869000 Episode Num: 869 Episode T: 1000 Reward: 9604.288
Total T: 870000 Episode Num: 870 Episode T: 1000 Reward: 9536.423
---------------------------------------
Evaluation over 10 episodes: 9534.527
---------------------------------------
Total T: 871000 Episode Num: 871 Episode T: 1000 Reward: 9612.325
Total T: 872000 Episode Num: 872 Episode T: 1000 Reward: 9301.950
Total T: 873000 Episode Num: 873 Episode T: 1000 Reward: 9581.202
Total T: 874000 Episode Num: 874 Episode T: 1000 Reward: 9697.711
Total T: 875000 Episode Num: 875 Episode T: 1000 Reward: 9457.747
---------------------------------------
Evaluation over 10 episodes: 9646.215
---------------------------------------
Total T: 876000 Episode Num: 876 Episode T: 1000 Reward: 9254.243
Total T: 877000 Episode Num: 877 Episode T: 1000 Reward: 9864.277
Total T: 878000 Episode Num: 878 Episode T: 1000 Reward: 9899.953
Total T: 879000 Episode Num: 879 Episode T: 1000 Reward: 9485.197
Total T: 880000 Episode Num: 880 Episode T: 1000 Reward: 9736.059
---------------------------------------
Evaluation over 10 episodes: 9723.341
---------------------------------------
Total T: 881000 Episode Num: 881 Episode T: 1000 Reward: 9423.131
Total T: 882000 Episode Num: 882 Episode T: 1000 Reward: 9380.488
Total T: 883000 Episode Num: 883 Episode T: 1000 Reward: 9596.777
Total T: 884000 Episode Num: 884 Episode T: 1000 Reward: 9642.122
Total T: 885000 Episode Num: 885 Episode T: 1000 Reward: 9463.170
---------------------------------------
Evaluation over 10 episodes: 9496.890
---------------------------------------
Total T: 886000 Episode Num: 886 Episode T: 1000 Reward: 9501.786
Total T: 887000 Episode Num: 887 Episode T: 1000 Reward: 9666.570
Total T: 888000 Episode Num: 888 Episode T: 1000 Reward: 9467.821
Total T: 889000 Episode Num: 889 Episode T: 1000 Reward: 9506.453
Total T: 890000 Episode Num: 890 Episode T: 1000 Reward: 9742.310
---------------------------------------
Evaluation over 10 episodes: 9640.141
---------------------------------------
Total T: 891000 Episode Num: 891 Episode T: 1000 Reward: 9520.415
Total T: 892000 Episode Num: 892 Episode T: 1000 Reward: 9781.418
Total T: 893000 Episode Num: 893 Episode T: 1000 Reward: 9745.073
Total T: 894000 Episode Num: 894 Episode T: 1000 Reward: 9749.378
Total T: 895000 Episode Num: 895 Episode T: 1000 Reward: 9485.146
---------------------------------------
Evaluation over 10 episodes: 9646.166
---------------------------------------
Total T: 896000 Episode Num: 896 Episode T: 1000 Reward: 9611.908
Total T: 897000 Episode Num: 897 Episode T: 1000 Reward: 9223.041
Total T: 898000 Episode Num: 898 Episode T: 1000 Reward: 9859.177
Total T: 899000 Episode Num: 899 Episode T: 1000 Reward: 9475.134
Total T: 900000 Episode Num: 900 Episode T: 1000 Reward: 9724.369
---------------------------------------
Evaluation over 10 episodes: 9622.530
---------------------------------------
Total T: 901000 Episode Num: 901 Episode T: 1000 Reward: 9719.339
Total T: 902000 Episode Num: 902 Episode T: 1000 Reward: 9400.755
Total T: 903000 Episode Num: 903 Episode T: 1000 Reward: 9647.667
Total T: 904000 Episode Num: 904 Episode T: 1000 Reward: 9566.825
Total T: 905000 Episode Num: 905 Episode T: 1000 Reward: 9328.655
---------------------------------------
Evaluation over 10 episodes: 9470.251
---------------------------------------
Total T: 906000 Episode Num: 906 Episode T: 1000 Reward: 9827.567
Total T: 907000 Episode Num: 907 Episode T: 1000 Reward: 9710.038
Total T: 908000 Episode Num: 908 Episode T: 1000 Reward: 9918.501
Total T: 909000 Episode Num: 909 Episode T: 1000 Reward: 9582.617
Total T: 910000 Episode Num: 910 Episode T: 1000 Reward: 9670.435
---------------------------------------
Evaluation over 10 episodes: 9482.774
---------------------------------------
Total T: 911000 Episode Num: 911 Episode T: 1000 Reward: 9530.064
Total T: 912000 Episode Num: 912 Episode T: 1000 Reward: 9772.974
Total T: 913000 Episode Num: 913 Episode T: 1000 Reward: 9602.111
Total T: 914000 Episode Num: 914 Episode T: 1000 Reward: 9694.459
Total T: 915000 Episode Num: 915 Episode T: 1000 Reward: 9587.728
---------------------------------------
Evaluation over 10 episodes: 9665.779
---------------------------------------
Total T: 916000 Episode Num: 916 Episode T: 1000 Reward: 9777.261
Total T: 917000 Episode Num: 917 Episode T: 1000 Reward: 9801.189
Total T: 918000 Episode Num: 918 Episode T: 1000 Reward: 9466.572
Total T: 919000 Episode Num: 919 Episode T: 1000 Reward: 9663.588
Total T: 920000 Episode Num: 920 Episode T: 1000 Reward: 9709.023
---------------------------------------
Evaluation over 10 episodes: 9573.486
---------------------------------------
Total T: 921000 Episode Num: 921 Episode T: 1000 Reward: 9911.719
Total T: 922000 Episode Num: 922 Episode T: 1000 Reward: 9717.210
Total T: 923000 Episode Num: 923 Episode T: 1000 Reward: 9500.780
Total T: 924000 Episode Num: 924 Episode T: 1000 Reward: 9790.442
Total T: 925000 Episode Num: 925 Episode T: 1000 Reward: 9974.659
---------------------------------------
Evaluation over 10 episodes: 9274.968
---------------------------------------
Total T: 926000 Episode Num: 926 Episode T: 1000 Reward: 9767.354
Total T: 927000 Episode Num: 927 Episode T: 1000 Reward: 9474.839
Total T: 928000 Episode Num: 928 Episode T: 1000 Reward: 9618.333
Total T: 929000 Episode Num: 929 Episode T: 1000 Reward: 9747.083
Total T: 930000 Episode Num: 930 Episode T: 1000 Reward: 9703.750
---------------------------------------
Evaluation over 10 episodes: 9614.283
---------------------------------------
Total T: 931000 Episode Num: 931 Episode T: 1000 Reward: 9559.540
Total T: 932000 Episode Num: 932 Episode T: 1000 Reward: 9790.707
Total T: 933000 Episode Num: 933 Episode T: 1000 Reward: 9661.859
Total T: 934000 Episode Num: 934 Episode T: 1000 Reward: 9393.887
Total T: 935000 Episode Num: 935 Episode T: 1000 Reward: 9744.689
---------------------------------------
Evaluation over 10 episodes: 9661.637
---------------------------------------
Total T: 936000 Episode Num: 936 Episode T: 1000 Reward: 9851.859
Total T: 937000 Episode Num: 937 Episode T: 1000 Reward: 9312.925
Total T: 938000 Episode Num: 938 Episode T: 1000 Reward: 9850.331
Total T: 939000 Episode Num: 939 Episode T: 1000 Reward: 9823.635
Total T: 940000 Episode Num: 940 Episode T: 1000 Reward: 9766.887
---------------------------------------
Evaluation over 10 episodes: 9692.898
---------------------------------------
Total T: 941000 Episode Num: 941 Episode T: 1000 Reward: 9607.033
Total T: 942000 Episode Num: 942 Episode T: 1000 Reward: 9590.370
Total T: 943000 Episode Num: 943 Episode T: 1000 Reward: 9754.063
Total T: 944000 Episode Num: 944 Episode T: 1000 Reward: 9528.189
Total T: 945000 Episode Num: 945 Episode T: 1000 Reward: 9696.073
---------------------------------------
Evaluation over 10 episodes: 9677.515
---------------------------------------
Total T: 946000 Episode Num: 946 Episode T: 1000 Reward: 9630.635
Total T: 947000 Episode Num: 947 Episode T: 1000 Reward: 9696.639
Total T: 948000 Episode Num: 948 Episode T: 1000 Reward: 9616.092
Total T: 949000 Episode Num: 949 Episode T: 1000 Reward: 9561.958
Total T: 950000 Episode Num: 950 Episode T: 1000 Reward: 9887.523
---------------------------------------
Evaluation over 10 episodes: 9718.045
---------------------------------------
Total T: 951000 Episode Num: 951 Episode T: 1000 Reward: 9726.892
Total T: 952000 Episode Num: 952 Episode T: 1000 Reward: 9639.170
Total T: 953000 Episode Num: 953 Episode T: 1000 Reward: 9630.978
Total T: 954000 Episode Num: 954 Episode T: 1000 Reward: 9502.466
Total T: 955000 Episode Num: 955 Episode T: 1000 Reward: 9747.021
---------------------------------------
Evaluation over 10 episodes: 9709.666
---------------------------------------
Total T: 956000 Episode Num: 956 Episode T: 1000 Reward: 9834.760
Total T: 957000 Episode Num: 957 Episode T: 1000 Reward: 9896.660
Total T: 958000 Episode Num: 958 Episode T: 1000 Reward: 9732.357
Total T: 959000 Episode Num: 959 Episode T: 1000 Reward: 9812.092
Total T: 960000 Episode Num: 960 Episode T: 1000 Reward: 9792.860
---------------------------------------
Evaluation over 10 episodes: 9458.763
---------------------------------------
Total T: 961000 Episode Num: 961 Episode T: 1000 Reward: 9641.747
Total T: 962000 Episode Num: 962 Episode T: 1000 Reward: 9587.471
Total T: 963000 Episode Num: 963 Episode T: 1000 Reward: 9982.917
Total T: 964000 Episode Num: 964 Episode T: 1000 Reward: 9398.854
Total T: 965000 Episode Num: 965 Episode T: 1000 Reward: 9821.025
---------------------------------------
Evaluation over 10 episodes: 9585.072
---------------------------------------
Total T: 966000 Episode Num: 966 Episode T: 1000 Reward: 9787.382
Total T: 967000 Episode Num: 967 Episode T: 1000 Reward: 9623.936
Total T: 968000 Episode Num: 968 Episode T: 1000 Reward: 9858.732
Total T: 969000 Episode Num: 969 Episode T: 1000 Reward: 9702.383
Total T: 970000 Episode Num: 970 Episode T: 1000 Reward: 9794.960
---------------------------------------
Evaluation over 10 episodes: 9674.459
---------------------------------------
Total T: 971000 Episode Num: 971 Episode T: 1000 Reward: 9714.098
Total T: 972000 Episode Num: 972 Episode T: 1000 Reward: 9878.680
Total T: 973000 Episode Num: 973 Episode T: 1000 Reward: 9876.474
Total T: 974000 Episode Num: 974 Episode T: 1000 Reward: 9682.329
Total T: 975000 Episode Num: 975 Episode T: 1000 Reward: 9807.252
---------------------------------------
Evaluation over 10 episodes: 9826.294
---------------------------------------
Total T: 976000 Episode Num: 976 Episode T: 1000 Reward: 9998.364
Total T: 977000 Episode Num: 977 Episode T: 1000 Reward: 9720.288
Total T: 978000 Episode Num: 978 Episode T: 1000 Reward: 9826.585
Total T: 979000 Episode Num: 979 Episode T: 1000 Reward: 10078.983
Total T: 980000 Episode Num: 980 Episode T: 1000 Reward: 9897.172
---------------------------------------
Evaluation over 10 episodes: 9638.136
---------------------------------------
Total T: 981000 Episode Num: 981 Episode T: 1000 Reward: 9224.075
Total T: 982000 Episode Num: 982 Episode T: 1000 Reward: 10022.456
Total T: 983000 Episode Num: 983 Episode T: 1000 Reward: 9795.832
Total T: 984000 Episode Num: 984 Episode T: 1000 Reward: 9643.401
Total T: 985000 Episode Num: 985 Episode T: 1000 Reward: 9884.248
---------------------------------------
Evaluation over 10 episodes: 9823.183
---------------------------------------
Total T: 986000 Episode Num: 986 Episode T: 1000 Reward: 9734.480
Total T: 987000 Episode Num: 987 Episode T: 1000 Reward: 9906.401
Total T: 988000 Episode Num: 988 Episode T: 1000 Reward: 10043.124
Total T: 989000 Episode Num: 989 Episode T: 1000 Reward: 9726.979
Total T: 990000 Episode Num: 990 Episode T: 1000 Reward: 9990.684
---------------------------------------
Evaluation over 10 episodes: 9853.255
---------------------------------------
Total T: 991000 Episode Num: 991 Episode T: 1000 Reward: 9711.461
Total T: 992000 Episode Num: 992 Episode T: 1000 Reward: 9757.666
Total T: 993000 Episode Num: 993 Episode T: 1000 Reward: 9720.161
Total T: 994000 Episode Num: 994 Episode T: 1000 Reward: 9841.175
Total T: 995000 Episode Num: 995 Episode T: 1000 Reward: 10123.289
---------------------------------------
Evaluation over 10 episodes: 9794.295
---------------------------------------
Total T: 996000 Episode Num: 996 Episode T: 1000 Reward: 9741.563
Total T: 997000 Episode Num: 997 Episode T: 1000 Reward: 10445.351
Total T: 998000 Episode Num: 998 Episode T: 1000 Reward: 8714.956
Total T: 999000 Episode Num: 999 Episode T: 1000 Reward: 9861.113
Total T: 1000000 Episode Num: 1000 Episode T: 1000 Reward: 9848.174
---------------------------------------
Evaluation over 10 episodes: 9740.694
---------------------------------------
