---------------------------------------
Policy: TD3, Env: HalfCheetah-v2, Seed: 0
---------------------------------------
---------------------------------------
Evaluation over 10 episodes: -0.875
---------------------------------------
Total T: 1000 Episode Num: 1 Episode T: 1000 Reward: -165.899
Total T: 2000 Episode Num: 2 Episode T: 1000 Reward: -207.483
Total T: 3000 Episode Num: 3 Episode T: 1000 Reward: -317.170
Total T: 4000 Episode Num: 4 Episode T: 1000 Reward: -291.355
Total T: 5000 Episode Num: 5 Episode T: 1000 Reward: -264.975
---------------------------------------
Evaluation over 10 episodes: -0.867
---------------------------------------
Total T: 6000 Episode Num: 6 Episode T: 1000 Reward: -253.834
Total T: 7000 Episode Num: 7 Episode T: 1000 Reward: -209.406
Total T: 8000 Episode Num: 8 Episode T: 1000 Reward: -310.624
Total T: 9000 Episode Num: 9 Episode T: 1000 Reward: -328.751
Total T: 10000 Episode Num: 10 Episode T: 1000 Reward: -240.353
---------------------------------------
Evaluation over 10 episodes: -0.866
---------------------------------------
Total T: 11000 Episode Num: 11 Episode T: 1000 Reward: -395.999
Total T: 12000 Episode Num: 12 Episode T: 1000 Reward: -159.575
Total T: 13000 Episode Num: 13 Episode T: 1000 Reward: -347.451
Total T: 14000 Episode Num: 14 Episode T: 1000 Reward: -363.862
Total T: 15000 Episode Num: 15 Episode T: 1000 Reward: -279.703
---------------------------------------
Evaluation over 10 episodes: -0.872
---------------------------------------
Total T: 16000 Episode Num: 16 Episode T: 1000 Reward: -35.408
Total T: 17000 Episode Num: 17 Episode T: 1000 Reward: -519.809
Total T: 18000 Episode Num: 18 Episode T: 1000 Reward: -371.043
Total T: 19000 Episode Num: 19 Episode T: 1000 Reward: -245.406
Total T: 20000 Episode Num: 20 Episode T: 1000 Reward: -208.548
---------------------------------------
Evaluation over 10 episodes: -0.856
---------------------------------------
Total T: 21000 Episode Num: 21 Episode T: 1000 Reward: -352.805
Total T: 22000 Episode Num: 22 Episode T: 1000 Reward: -94.132
Total T: 23000 Episode Num: 23 Episode T: 1000 Reward: -360.554
Total T: 24000 Episode Num: 24 Episode T: 1000 Reward: -253.979
Total T: 25000 Episode Num: 25 Episode T: 1000 Reward: -217.683
---------------------------------------
Evaluation over 10 episodes: -0.855
---------------------------------------
Total T: 26000 Episode Num: 26 Episode T: 1000 Reward: -206.851
Total T: 27000 Episode Num: 27 Episode T: 1000 Reward: -195.561
Total T: 28000 Episode Num: 28 Episode T: 1000 Reward: -227.616
Total T: 29000 Episode Num: 29 Episode T: 1000 Reward: -303.193
Total T: 30000 Episode Num: 30 Episode T: 1000 Reward: -351.293
---------------------------------------
Evaluation over 10 episodes: -506.063
---------------------------------------
Total T: 31000 Episode Num: 31 Episode T: 1000 Reward: -422.680
Total T: 32000 Episode Num: 32 Episode T: 1000 Reward: -234.356
Total T: 33000 Episode Num: 33 Episode T: 1000 Reward: -283.516
Total T: 34000 Episode Num: 34 Episode T: 1000 Reward: -267.533
Total T: 35000 Episode Num: 35 Episode T: 1000 Reward: -324.690
---------------------------------------
Evaluation over 10 episodes: -294.151
---------------------------------------
Total T: 36000 Episode Num: 36 Episode T: 1000 Reward: -226.764
Total T: 37000 Episode Num: 37 Episode T: 1000 Reward: -306.345
Total T: 38000 Episode Num: 38 Episode T: 1000 Reward: -157.482
Total T: 39000 Episode Num: 39 Episode T: 1000 Reward: 1175.954
Total T: 40000 Episode Num: 40 Episode T: 1000 Reward: 1358.989
---------------------------------------
Evaluation over 10 episodes: 230.107
---------------------------------------
Total T: 41000 Episode Num: 41 Episode T: 1000 Reward: -284.142
Total T: 42000 Episode Num: 42 Episode T: 1000 Reward: 82.119
Total T: 43000 Episode Num: 43 Episode T: 1000 Reward: 130.009
Total T: 44000 Episode Num: 44 Episode T: 1000 Reward: 1569.113
Total T: 45000 Episode Num: 45 Episode T: 1000 Reward: 141.671
---------------------------------------
Evaluation over 10 episodes: 422.993
---------------------------------------
Total T: 46000 Episode Num: 46 Episode T: 1000 Reward: -86.251
Total T: 47000 Episode Num: 47 Episode T: 1000 Reward: 2329.540
Total T: 48000 Episode Num: 48 Episode T: 1000 Reward: -53.447
Total T: 49000 Episode Num: 49 Episode T: 1000 Reward: 1692.146
Total T: 50000 Episode Num: 50 Episode T: 1000 Reward: 1995.420
---------------------------------------
Evaluation over 10 episodes: 793.811
---------------------------------------
Total T: 51000 Episode Num: 51 Episode T: 1000 Reward: 119.648
Total T: 52000 Episode Num: 52 Episode T: 1000 Reward: 152.545
Total T: 53000 Episode Num: 53 Episode T: 1000 Reward: 628.839
Total T: 54000 Episode Num: 54 Episode T: 1000 Reward: 1930.638
Total T: 55000 Episode Num: 55 Episode T: 1000 Reward: 1123.556
---------------------------------------
Evaluation over 10 episodes: 2627.110
---------------------------------------
Total T: 56000 Episode Num: 56 Episode T: 1000 Reward: 2604.008
Total T: 57000 Episode Num: 57 Episode T: 1000 Reward: 2783.639
Total T: 58000 Episode Num: 58 Episode T: 1000 Reward: 2988.401
Total T: 59000 Episode Num: 59 Episode T: 1000 Reward: 2911.773
Total T: 60000 Episode Num: 60 Episode T: 1000 Reward: 2994.522
---------------------------------------
Evaluation over 10 episodes: 2984.702
---------------------------------------
Total T: 61000 Episode Num: 61 Episode T: 1000 Reward: 3128.982
Total T: 62000 Episode Num: 62 Episode T: 1000 Reward: 3354.840
Total T: 63000 Episode Num: 63 Episode T: 1000 Reward: 3094.685
Total T: 64000 Episode Num: 64 Episode T: 1000 Reward: 3142.020
Total T: 65000 Episode Num: 65 Episode T: 1000 Reward: 3318.050
---------------------------------------
Evaluation over 10 episodes: 3675.770
---------------------------------------
Total T: 66000 Episode Num: 66 Episode T: 1000 Reward: 3318.564
Total T: 67000 Episode Num: 67 Episode T: 1000 Reward: 3015.902
Total T: 68000 Episode Num: 68 Episode T: 1000 Reward: 3288.203
Total T: 69000 Episode Num: 69 Episode T: 1000 Reward: 3378.974
Total T: 70000 Episode Num: 70 Episode T: 1000 Reward: 3458.876
---------------------------------------
Evaluation over 10 episodes: 3386.331
---------------------------------------
Total T: 71000 Episode Num: 71 Episode T: 1000 Reward: 947.669
Total T: 72000 Episode Num: 72 Episode T: 1000 Reward: 3471.914
Total T: 73000 Episode Num: 73 Episode T: 1000 Reward: 3451.032
Total T: 74000 Episode Num: 74 Episode T: 1000 Reward: 3531.321
Total T: 75000 Episode Num: 75 Episode T: 1000 Reward: 3501.081
---------------------------------------
Evaluation over 10 episodes: 3517.161
---------------------------------------
Total T: 76000 Episode Num: 76 Episode T: 1000 Reward: 3488.630
Total T: 77000 Episode Num: 77 Episode T: 1000 Reward: 3521.744
Total T: 78000 Episode Num: 78 Episode T: 1000 Reward: 3562.705
Total T: 79000 Episode Num: 79 Episode T: 1000 Reward: 3610.430
Total T: 80000 Episode Num: 80 Episode T: 1000 Reward: 3724.658
---------------------------------------
Evaluation over 10 episodes: 3828.042
---------------------------------------
Total T: 81000 Episode Num: 81 Episode T: 1000 Reward: 3646.119
Total T: 82000 Episode Num: 82 Episode T: 1000 Reward: 3712.132
Total T: 83000 Episode Num: 83 Episode T: 1000 Reward: 3648.788
Total T: 84000 Episode Num: 84 Episode T: 1000 Reward: 3657.890
Total T: 85000 Episode Num: 85 Episode T: 1000 Reward: 3705.327
---------------------------------------
Evaluation over 10 episodes: 3818.780
---------------------------------------
Total T: 86000 Episode Num: 86 Episode T: 1000 Reward: 3660.837
Total T: 87000 Episode Num: 87 Episode T: 1000 Reward: 3696.272
Total T: 88000 Episode Num: 88 Episode T: 1000 Reward: 3669.093
Total T: 89000 Episode Num: 89 Episode T: 1000 Reward: 3630.880
Total T: 90000 Episode Num: 90 Episode T: 1000 Reward: 3767.588
---------------------------------------
Evaluation over 10 episodes: 3784.853
---------------------------------------
Total T: 91000 Episode Num: 91 Episode T: 1000 Reward: 3714.507
Total T: 92000 Episode Num: 92 Episode T: 1000 Reward: 3731.557
Total T: 93000 Episode Num: 93 Episode T: 1000 Reward: 3721.060
Total T: 94000 Episode Num: 94 Episode T: 1000 Reward: 3697.804
Total T: 95000 Episode Num: 95 Episode T: 1000 Reward: 3785.866
---------------------------------------
Evaluation over 10 episodes: 3652.536
---------------------------------------
Total T: 96000 Episode Num: 96 Episode T: 1000 Reward: 3749.256
Total T: 97000 Episode Num: 97 Episode T: 1000 Reward: 3733.313
Total T: 98000 Episode Num: 98 Episode T: 1000 Reward: 3756.444
Total T: 99000 Episode Num: 99 Episode T: 1000 Reward: 3729.770
Total T: 100000 Episode Num: 100 Episode T: 1000 Reward: 3817.740
---------------------------------------
Evaluation over 10 episodes: 3886.358
---------------------------------------
Total T: 101000 Episode Num: 101 Episode T: 1000 Reward: 3706.526
Total T: 102000 Episode Num: 102 Episode T: 1000 Reward: 3728.785
Total T: 103000 Episode Num: 103 Episode T: 1000 Reward: 3778.032
Total T: 104000 Episode Num: 104 Episode T: 1000 Reward: 3689.334
Total T: 105000 Episode Num: 105 Episode T: 1000 Reward: 3718.805
---------------------------------------
Evaluation over 10 episodes: 3806.521
---------------------------------------
Total T: 106000 Episode Num: 106 Episode T: 1000 Reward: 3764.994
Total T: 107000 Episode Num: 107 Episode T: 1000 Reward: 3725.923
Total T: 108000 Episode Num: 108 Episode T: 1000 Reward: 3805.548
Total T: 109000 Episode Num: 109 Episode T: 1000 Reward: 3826.926
Total T: 110000 Episode Num: 110 Episode T: 1000 Reward: 3756.443
---------------------------------------
Evaluation over 10 episodes: 3784.945
---------------------------------------
Total T: 111000 Episode Num: 111 Episode T: 1000 Reward: 3756.909
Total T: 112000 Episode Num: 112 Episode T: 1000 Reward: 3764.338
Total T: 113000 Episode Num: 113 Episode T: 1000 Reward: 3736.171
Total T: 114000 Episode Num: 114 Episode T: 1000 Reward: 3798.040
Total T: 115000 Episode Num: 115 Episode T: 1000 Reward: 3842.457
---------------------------------------
Evaluation over 10 episodes: 3635.910
---------------------------------------
Total T: 116000 Episode Num: 116 Episode T: 1000 Reward: 3758.625
Total T: 117000 Episode Num: 117 Episode T: 1000 Reward: 3773.618
Total T: 118000 Episode Num: 118 Episode T: 1000 Reward: 3717.771
Total T: 119000 Episode Num: 119 Episode T: 1000 Reward: 3773.014
Total T: 120000 Episode Num: 120 Episode T: 1000 Reward: 3760.521
---------------------------------------
Evaluation over 10 episodes: 3680.538
---------------------------------------
Total T: 121000 Episode Num: 121 Episode T: 1000 Reward: 3743.032
Total T: 122000 Episode Num: 122 Episode T: 1000 Reward: 3750.672
Total T: 123000 Episode Num: 123 Episode T: 1000 Reward: 3863.249
Total T: 124000 Episode Num: 124 Episode T: 1000 Reward: 3773.880
Total T: 125000 Episode Num: 125 Episode T: 1000 Reward: 3761.681
---------------------------------------
Evaluation over 10 episodes: 3934.692
---------------------------------------
Total T: 126000 Episode Num: 126 Episode T: 1000 Reward: 3821.682
Total T: 127000 Episode Num: 127 Episode T: 1000 Reward: 3801.649
Total T: 128000 Episode Num: 128 Episode T: 1000 Reward: 3843.871
Total T: 129000 Episode Num: 129 Episode T: 1000 Reward: 3859.053
Total T: 130000 Episode Num: 130 Episode T: 1000 Reward: 3850.847
---------------------------------------
Evaluation over 10 episodes: 3865.920
---------------------------------------
Total T: 131000 Episode Num: 131 Episode T: 1000 Reward: 3826.278
Total T: 132000 Episode Num: 132 Episode T: 1000 Reward: 3829.698
Total T: 133000 Episode Num: 133 Episode T: 1000 Reward: 3770.088
Total T: 134000 Episode Num: 134 Episode T: 1000 Reward: 3823.355
Total T: 135000 Episode Num: 135 Episode T: 1000 Reward: 3814.764
---------------------------------------
Evaluation over 10 episodes: 3763.438
---------------------------------------
Total T: 136000 Episode Num: 136 Episode T: 1000 Reward: 3801.281
Total T: 137000 Episode Num: 137 Episode T: 1000 Reward: 3822.788
Total T: 138000 Episode Num: 138 Episode T: 1000 Reward: 3813.269
Total T: 139000 Episode Num: 139 Episode T: 1000 Reward: 3822.468
Total T: 140000 Episode Num: 140 Episode T: 1000 Reward: 3848.950
---------------------------------------
Evaluation over 10 episodes: 3722.204
---------------------------------------
Total T: 141000 Episode Num: 141 Episode T: 1000 Reward: 3825.913
Total T: 142000 Episode Num: 142 Episode T: 1000 Reward: 3736.766
Total T: 143000 Episode Num: 143 Episode T: 1000 Reward: 3811.125
Total T: 144000 Episode Num: 144 Episode T: 1000 Reward: 3895.274
Total T: 145000 Episode Num: 145 Episode T: 1000 Reward: 3868.499
---------------------------------------
Evaluation over 10 episodes: 3743.882
---------------------------------------
Total T: 146000 Episode Num: 146 Episode T: 1000 Reward: 3827.653
Total T: 147000 Episode Num: 147 Episode T: 1000 Reward: 3803.637
Total T: 148000 Episode Num: 148 Episode T: 1000 Reward: 3850.057
Total T: 149000 Episode Num: 149 Episode T: 1000 Reward: 3889.992
Total T: 150000 Episode Num: 150 Episode T: 1000 Reward: 3868.541
---------------------------------------
Evaluation over 10 episodes: 3781.126
---------------------------------------
Total T: 151000 Episode Num: 151 Episode T: 1000 Reward: 3869.460
Total T: 152000 Episode Num: 152 Episode T: 1000 Reward: 3906.152
Total T: 153000 Episode Num: 153 Episode T: 1000 Reward: 3873.876
Total T: 154000 Episode Num: 154 Episode T: 1000 Reward: 3863.925
Total T: 155000 Episode Num: 155 Episode T: 1000 Reward: 3836.468
---------------------------------------
Evaluation over 10 episodes: 3696.956
---------------------------------------
Total T: 156000 Episode Num: 156 Episode T: 1000 Reward: 3869.312
Total T: 157000 Episode Num: 157 Episode T: 1000 Reward: 3825.376
Total T: 158000 Episode Num: 158 Episode T: 1000 Reward: 3833.937
Total T: 159000 Episode Num: 159 Episode T: 1000 Reward: 3862.077
Total T: 160000 Episode Num: 160 Episode T: 1000 Reward: 3877.058
---------------------------------------
Evaluation over 10 episodes: 3860.751
---------------------------------------
Total T: 161000 Episode Num: 161 Episode T: 1000 Reward: 3890.773
Total T: 162000 Episode Num: 162 Episode T: 1000 Reward: 3865.577
Total T: 163000 Episode Num: 163 Episode T: 1000 Reward: 3932.072
Total T: 164000 Episode Num: 164 Episode T: 1000 Reward: 3898.163
Total T: 165000 Episode Num: 165 Episode T: 1000 Reward: 3873.641
---------------------------------------
Evaluation over 10 episodes: 3841.585
---------------------------------------
Total T: 166000 Episode Num: 166 Episode T: 1000 Reward: 3924.095
Total T: 167000 Episode Num: 167 Episode T: 1000 Reward: 3925.723
Total T: 168000 Episode Num: 168 Episode T: 1000 Reward: 3961.246
Total T: 169000 Episode Num: 169 Episode T: 1000 Reward: 3942.552
Total T: 170000 Episode Num: 170 Episode T: 1000 Reward: 3929.508
---------------------------------------
Evaluation over 10 episodes: 4017.854
---------------------------------------
Total T: 171000 Episode Num: 171 Episode T: 1000 Reward: 3932.396
Total T: 172000 Episode Num: 172 Episode T: 1000 Reward: 3937.363
Total T: 173000 Episode Num: 173 Episode T: 1000 Reward: 3929.049
Total T: 174000 Episode Num: 174 Episode T: 1000 Reward: 3866.490
Total T: 175000 Episode Num: 175 Episode T: 1000 Reward: 3933.499
---------------------------------------
Evaluation over 10 episodes: 3916.577
---------------------------------------
Total T: 176000 Episode Num: 176 Episode T: 1000 Reward: 3987.258
Total T: 177000 Episode Num: 177 Episode T: 1000 Reward: 3913.084
Total T: 178000 Episode Num: 178 Episode T: 1000 Reward: 3894.647
Total T: 179000 Episode Num: 179 Episode T: 1000 Reward: 3906.730
Total T: 180000 Episode Num: 180 Episode T: 1000 Reward: 3949.072
---------------------------------------
Evaluation over 10 episodes: 3931.459
---------------------------------------
Total T: 181000 Episode Num: 181 Episode T: 1000 Reward: 3907.324
Total T: 182000 Episode Num: 182 Episode T: 1000 Reward: 3881.493
Total T: 183000 Episode Num: 183 Episode T: 1000 Reward: 3966.568
Total T: 184000 Episode Num: 184 Episode T: 1000 Reward: 4021.278
Total T: 185000 Episode Num: 185 Episode T: 1000 Reward: 3919.237
---------------------------------------
Evaluation over 10 episodes: 3951.965
---------------------------------------
Total T: 186000 Episode Num: 186 Episode T: 1000 Reward: 3948.732
Total T: 187000 Episode Num: 187 Episode T: 1000 Reward: 3925.313
Total T: 188000 Episode Num: 188 Episode T: 1000 Reward: 3915.310
Total T: 189000 Episode Num: 189 Episode T: 1000 Reward: 3937.114
Total T: 190000 Episode Num: 190 Episode T: 1000 Reward: 3899.806
---------------------------------------
Evaluation over 10 episodes: 4010.556
---------------------------------------
Total T: 191000 Episode Num: 191 Episode T: 1000 Reward: 3995.980
Total T: 192000 Episode Num: 192 Episode T: 1000 Reward: 3927.906
Total T: 193000 Episode Num: 193 Episode T: 1000 Reward: 3933.280
Total T: 194000 Episode Num: 194 Episode T: 1000 Reward: 3909.856
Total T: 195000 Episode Num: 195 Episode T: 1000 Reward: 3987.835
---------------------------------------
Evaluation over 10 episodes: 3972.826
---------------------------------------
Total T: 196000 Episode Num: 196 Episode T: 1000 Reward: 3996.140
Total T: 197000 Episode Num: 197 Episode T: 1000 Reward: 3902.636
Total T: 198000 Episode Num: 198 Episode T: 1000 Reward: 3966.174
Total T: 199000 Episode Num: 199 Episode T: 1000 Reward: 3944.374
Total T: 200000 Episode Num: 200 Episode T: 1000 Reward: 3907.527
---------------------------------------
Evaluation over 10 episodes: 3990.035
---------------------------------------
Total T: 201000 Episode Num: 201 Episode T: 1000 Reward: 3925.412
Total T: 202000 Episode Num: 202 Episode T: 1000 Reward: 3923.435
Total T: 203000 Episode Num: 203 Episode T: 1000 Reward: 3958.931
Total T: 204000 Episode Num: 204 Episode T: 1000 Reward: 3974.521
Total T: 205000 Episode Num: 205 Episode T: 1000 Reward: 3946.504
---------------------------------------
Evaluation over 10 episodes: 3958.372
---------------------------------------
Total T: 206000 Episode Num: 206 Episode T: 1000 Reward: 3975.630
Total T: 207000 Episode Num: 207 Episode T: 1000 Reward: 3950.611
Total T: 208000 Episode Num: 208 Episode T: 1000 Reward: 3959.306
Total T: 209000 Episode Num: 209 Episode T: 1000 Reward: 3967.890
Total T: 210000 Episode Num: 210 Episode T: 1000 Reward: 3903.808
---------------------------------------
Evaluation over 10 episodes: 4007.425
---------------------------------------
Total T: 211000 Episode Num: 211 Episode T: 1000 Reward: 3906.584
Total T: 212000 Episode Num: 212 Episode T: 1000 Reward: 3997.631
Total T: 213000 Episode Num: 213 Episode T: 1000 Reward: 3939.813
Total T: 214000 Episode Num: 214 Episode T: 1000 Reward: 3960.889
Total T: 215000 Episode Num: 215 Episode T: 1000 Reward: 3971.063
---------------------------------------
Evaluation over 10 episodes: 4022.438
---------------------------------------
Total T: 216000 Episode Num: 216 Episode T: 1000 Reward: 3975.248
Total T: 217000 Episode Num: 217 Episode T: 1000 Reward: 3932.218
Total T: 218000 Episode Num: 218 Episode T: 1000 Reward: 3919.892
Total T: 219000 Episode Num: 219 Episode T: 1000 Reward: 3907.933
Total T: 220000 Episode Num: 220 Episode T: 1000 Reward: 3925.083
---------------------------------------
Evaluation over 10 episodes: 3972.256
---------------------------------------
Total T: 221000 Episode Num: 221 Episode T: 1000 Reward: 3948.419
Total T: 222000 Episode Num: 222 Episode T: 1000 Reward: 3923.755
Total T: 223000 Episode Num: 223 Episode T: 1000 Reward: 3920.904
Total T: 224000 Episode Num: 224 Episode T: 1000 Reward: 3922.240
Total T: 225000 Episode Num: 225 Episode T: 1000 Reward: 3893.028
---------------------------------------
Evaluation over 10 episodes: 3926.832
---------------------------------------
Total T: 226000 Episode Num: 226 Episode T: 1000 Reward: 3949.937
Total T: 227000 Episode Num: 227 Episode T: 1000 Reward: 3896.354
Total T: 228000 Episode Num: 228 Episode T: 1000 Reward: 3960.353
Total T: 229000 Episode Num: 229 Episode T: 1000 Reward: 3944.974
Total T: 230000 Episode Num: 230 Episode T: 1000 Reward: 3828.580
---------------------------------------
Evaluation over 10 episodes: 4030.969
---------------------------------------
Total T: 231000 Episode Num: 231 Episode T: 1000 Reward: 3931.702
Total T: 232000 Episode Num: 232 Episode T: 1000 Reward: 3978.122
Total T: 233000 Episode Num: 233 Episode T: 1000 Reward: 3989.996
Total T: 234000 Episode Num: 234 Episode T: 1000 Reward: 3926.706
Total T: 235000 Episode Num: 235 Episode T: 1000 Reward: 3930.400
---------------------------------------
Evaluation over 10 episodes: 4006.602
---------------------------------------
Total T: 236000 Episode Num: 236 Episode T: 1000 Reward: 3994.356
Total T: 237000 Episode Num: 237 Episode T: 1000 Reward: 3987.831
Total T: 238000 Episode Num: 238 Episode T: 1000 Reward: 3963.890
Total T: 239000 Episode Num: 239 Episode T: 1000 Reward: 4021.686
Total T: 240000 Episode Num: 240 Episode T: 1000 Reward: 3910.456
---------------------------------------
Evaluation over 10 episodes: 3902.072
---------------------------------------
Total T: 241000 Episode Num: 241 Episode T: 1000 Reward: 3938.459
Total T: 242000 Episode Num: 242 Episode T: 1000 Reward: 3937.071
Total T: 243000 Episode Num: 243 Episode T: 1000 Reward: 4007.175
Total T: 244000 Episode Num: 244 Episode T: 1000 Reward: 3933.994
Total T: 245000 Episode Num: 245 Episode T: 1000 Reward: 3980.947
---------------------------------------
Evaluation over 10 episodes: 3970.598
---------------------------------------
Total T: 246000 Episode Num: 246 Episode T: 1000 Reward: 3985.695
Total T: 247000 Episode Num: 247 Episode T: 1000 Reward: 3970.414
Total T: 248000 Episode Num: 248 Episode T: 1000 Reward: 3972.956
Total T: 249000 Episode Num: 249 Episode T: 1000 Reward: 3999.285
Total T: 250000 Episode Num: 250 Episode T: 1000 Reward: 3938.663
---------------------------------------
Evaluation over 10 episodes: 3983.896
---------------------------------------
Total T: 251000 Episode Num: 251 Episode T: 1000 Reward: 3968.815
Total T: 252000 Episode Num: 252 Episode T: 1000 Reward: 3990.537
Total T: 253000 Episode Num: 253 Episode T: 1000 Reward: 4020.881
Total T: 254000 Episode Num: 254 Episode T: 1000 Reward: 3874.178
Total T: 255000 Episode Num: 255 Episode T: 1000 Reward: 3885.511
---------------------------------------
Evaluation over 10 episodes: 3880.773
---------------------------------------
Total T: 256000 Episode Num: 256 Episode T: 1000 Reward: 4042.230
Total T: 257000 Episode Num: 257 Episode T: 1000 Reward: 4001.982
Total T: 258000 Episode Num: 258 Episode T: 1000 Reward: 4006.430
Total T: 259000 Episode Num: 259 Episode T: 1000 Reward: 3945.046
Total T: 260000 Episode Num: 260 Episode T: 1000 Reward: 4025.968
---------------------------------------
Evaluation over 10 episodes: 3998.660
---------------------------------------
Total T: 261000 Episode Num: 261 Episode T: 1000 Reward: 3958.526
Total T: 262000 Episode Num: 262 Episode T: 1000 Reward: 3969.726
Total T: 263000 Episode Num: 263 Episode T: 1000 Reward: 3894.791
Total T: 264000 Episode Num: 264 Episode T: 1000 Reward: 3947.495
Total T: 265000 Episode Num: 265 Episode T: 1000 Reward: 3949.446
---------------------------------------
Evaluation over 10 episodes: 4082.591
---------------------------------------
Total T: 266000 Episode Num: 266 Episode T: 1000 Reward: 4036.469
Total T: 267000 Episode Num: 267 Episode T: 1000 Reward: 4061.973
Total T: 268000 Episode Num: 268 Episode T: 1000 Reward: 3999.537
Total T: 269000 Episode Num: 269 Episode T: 1000 Reward: 3991.534
Total T: 270000 Episode Num: 270 Episode T: 1000 Reward: 4050.006
---------------------------------------
Evaluation over 10 episodes: 3989.260
---------------------------------------
Total T: 271000 Episode Num: 271 Episode T: 1000 Reward: 4006.872
Total T: 272000 Episode Num: 272 Episode T: 1000 Reward: 4055.989
Total T: 273000 Episode Num: 273 Episode T: 1000 Reward: 3988.581
Total T: 274000 Episode Num: 274 Episode T: 1000 Reward: 3882.272
Total T: 275000 Episode Num: 275 Episode T: 1000 Reward: 3982.043
---------------------------------------
Evaluation over 10 episodes: 3988.782
---------------------------------------
Total T: 276000 Episode Num: 276 Episode T: 1000 Reward: 3976.952
Total T: 277000 Episode Num: 277 Episode T: 1000 Reward: 3926.424
Total T: 278000 Episode Num: 278 Episode T: 1000 Reward: 3962.342
Total T: 279000 Episode Num: 279 Episode T: 1000 Reward: 3975.112
Total T: 280000 Episode Num: 280 Episode T: 1000 Reward: 3971.437
---------------------------------------
Evaluation over 10 episodes: 4013.966
---------------------------------------
Total T: 281000 Episode Num: 281 Episode T: 1000 Reward: 3976.192
Total T: 282000 Episode Num: 282 Episode T: 1000 Reward: 3956.134
Total T: 283000 Episode Num: 283 Episode T: 1000 Reward: 3960.126
Total T: 284000 Episode Num: 284 Episode T: 1000 Reward: 3990.206
Total T: 285000 Episode Num: 285 Episode T: 1000 Reward: 4009.566
---------------------------------------
Evaluation over 10 episodes: 3995.933
---------------------------------------
Total T: 286000 Episode Num: 286 Episode T: 1000 Reward: 3955.430
Total T: 287000 Episode Num: 287 Episode T: 1000 Reward: 3927.675
Total T: 288000 Episode Num: 288 Episode T: 1000 Reward: 3963.209
Total T: 289000 Episode Num: 289 Episode T: 1000 Reward: 4003.032
Total T: 290000 Episode Num: 290 Episode T: 1000 Reward: 4009.160
---------------------------------------
Evaluation over 10 episodes: 3902.859
---------------------------------------
Total T: 291000 Episode Num: 291 Episode T: 1000 Reward: 4002.274
Total T: 292000 Episode Num: 292 Episode T: 1000 Reward: 4042.963
Total T: 293000 Episode Num: 293 Episode T: 1000 Reward: 4033.110
Total T: 294000 Episode Num: 294 Episode T: 1000 Reward: 4041.108
Total T: 295000 Episode Num: 295 Episode T: 1000 Reward: 3881.789
---------------------------------------
Evaluation over 10 episodes: 4004.659
---------------------------------------
Total T: 296000 Episode Num: 296 Episode T: 1000 Reward: 3901.182
Total T: 297000 Episode Num: 297 Episode T: 1000 Reward: 3999.803
Total T: 298000 Episode Num: 298 Episode T: 1000 Reward: 3968.890
Total T: 299000 Episode Num: 299 Episode T: 1000 Reward: 3920.141
Total T: 300000 Episode Num: 300 Episode T: 1000 Reward: 4032.340
---------------------------------------
Evaluation over 10 episodes: 3978.881
---------------------------------------
Total T: 301000 Episode Num: 301 Episode T: 1000 Reward: 3940.738
Total T: 302000 Episode Num: 302 Episode T: 1000 Reward: 4023.978
Total T: 303000 Episode Num: 303 Episode T: 1000 Reward: 4017.647
Total T: 304000 Episode Num: 304 Episode T: 1000 Reward: 3991.028
Total T: 305000 Episode Num: 305 Episode T: 1000 Reward: 3998.515
---------------------------------------
Evaluation over 10 episodes: 4075.938
---------------------------------------
Total T: 306000 Episode Num: 306 Episode T: 1000 Reward: 4032.424
Total T: 307000 Episode Num: 307 Episode T: 1000 Reward: 4002.334
Total T: 308000 Episode Num: 308 Episode T: 1000 Reward: 3938.226
Total T: 309000 Episode Num: 309 Episode T: 1000 Reward: 4021.518
Total T: 310000 Episode Num: 310 Episode T: 1000 Reward: 4037.982
---------------------------------------
Evaluation over 10 episodes: 4028.511
---------------------------------------
Total T: 311000 Episode Num: 311 Episode T: 1000 Reward: 3975.982
Total T: 312000 Episode Num: 312 Episode T: 1000 Reward: 3911.413
Total T: 313000 Episode Num: 313 Episode T: 1000 Reward: 3983.185
Total T: 314000 Episode Num: 314 Episode T: 1000 Reward: 4002.518
Total T: 315000 Episode Num: 315 Episode T: 1000 Reward: 3952.049
---------------------------------------
Evaluation over 10 episodes: 4079.164
---------------------------------------
Total T: 316000 Episode Num: 316 Episode T: 1000 Reward: 4085.196
Total T: 317000 Episode Num: 317 Episode T: 1000 Reward: 4022.179
Total T: 318000 Episode Num: 318 Episode T: 1000 Reward: 4076.460
Total T: 319000 Episode Num: 319 Episode T: 1000 Reward: 4003.634
Total T: 320000 Episode Num: 320 Episode T: 1000 Reward: 4005.807
---------------------------------------
Evaluation over 10 episodes: 3902.110
---------------------------------------
Total T: 321000 Episode Num: 321 Episode T: 1000 Reward: 3968.233
Total T: 322000 Episode Num: 322 Episode T: 1000 Reward: 4027.799
Total T: 323000 Episode Num: 323 Episode T: 1000 Reward: 4033.651
Total T: 324000 Episode Num: 324 Episode T: 1000 Reward: 3912.965
Total T: 325000 Episode Num: 325 Episode T: 1000 Reward: 3915.834
---------------------------------------
Evaluation over 10 episodes: 4125.426
---------------------------------------
Total T: 326000 Episode Num: 326 Episode T: 1000 Reward: 3853.622
Total T: 327000 Episode Num: 327 Episode T: 1000 Reward: 4030.013
Total T: 328000 Episode Num: 328 Episode T: 1000 Reward: 3967.420
Total T: 329000 Episode Num: 329 Episode T: 1000 Reward: 4005.858
Total T: 330000 Episode Num: 330 Episode T: 1000 Reward: 3982.105
---------------------------------------
Evaluation over 10 episodes: 4057.056
---------------------------------------
Total T: 331000 Episode Num: 331 Episode T: 1000 Reward: 3952.356
Total T: 332000 Episode Num: 332 Episode T: 1000 Reward: 3998.164
Total T: 333000 Episode Num: 333 Episode T: 1000 Reward: 3937.842
Total T: 334000 Episode Num: 334 Episode T: 1000 Reward: 3944.164
Total T: 335000 Episode Num: 335 Episode T: 1000 Reward: 4029.371
---------------------------------------
Evaluation over 10 episodes: 4171.390
---------------------------------------
Total T: 336000 Episode Num: 336 Episode T: 1000 Reward: 4033.117
Total T: 337000 Episode Num: 337 Episode T: 1000 Reward: 3974.583
Total T: 338000 Episode Num: 338 Episode T: 1000 Reward: 4014.144
Total T: 339000 Episode Num: 339 Episode T: 1000 Reward: 3984.755
Total T: 340000 Episode Num: 340 Episode T: 1000 Reward: 4087.660
---------------------------------------
Evaluation over 10 episodes: 4003.584
---------------------------------------
Total T: 341000 Episode Num: 341 Episode T: 1000 Reward: 3949.345
Total T: 342000 Episode Num: 342 Episode T: 1000 Reward: 3976.193
Total T: 343000 Episode Num: 343 Episode T: 1000 Reward: 3938.560
Total T: 344000 Episode Num: 344 Episode T: 1000 Reward: 4073.664
Total T: 345000 Episode Num: 345 Episode T: 1000 Reward: 3985.128
---------------------------------------
Evaluation over 10 episodes: 4094.911
---------------------------------------
Total T: 346000 Episode Num: 346 Episode T: 1000 Reward: 4005.845
Total T: 347000 Episode Num: 347 Episode T: 1000 Reward: 4057.485
Total T: 348000 Episode Num: 348 Episode T: 1000 Reward: 4043.679
Total T: 349000 Episode Num: 349 Episode T: 1000 Reward: 3981.943
Total T: 350000 Episode Num: 350 Episode T: 1000 Reward: 4042.338
---------------------------------------
Evaluation over 10 episodes: 3996.540
---------------------------------------
Total T: 351000 Episode Num: 351 Episode T: 1000 Reward: 3981.984
Total T: 352000 Episode Num: 352 Episode T: 1000 Reward: 4053.986
Total T: 353000 Episode Num: 353 Episode T: 1000 Reward: 3999.315
Total T: 354000 Episode Num: 354 Episode T: 1000 Reward: 4059.983
Total T: 355000 Episode Num: 355 Episode T: 1000 Reward: 4077.759
---------------------------------------
Evaluation over 10 episodes: 4081.154
---------------------------------------
Total T: 356000 Episode Num: 356 Episode T: 1000 Reward: 4033.101
Total T: 357000 Episode Num: 357 Episode T: 1000 Reward: 4030.870
Total T: 358000 Episode Num: 358 Episode T: 1000 Reward: 4106.484
Total T: 359000 Episode Num: 359 Episode T: 1000 Reward: 4080.313
Total T: 360000 Episode Num: 360 Episode T: 1000 Reward: 4053.753
---------------------------------------
Evaluation over 10 episodes: 3986.839
---------------------------------------
Total T: 361000 Episode Num: 361 Episode T: 1000 Reward: 4060.237
Total T: 362000 Episode Num: 362 Episode T: 1000 Reward: 4037.100
Total T: 363000 Episode Num: 363 Episode T: 1000 Reward: 4156.996
Total T: 364000 Episode Num: 364 Episode T: 1000 Reward: 4016.013
Total T: 365000 Episode Num: 365 Episode T: 1000 Reward: 4086.511
---------------------------------------
Evaluation over 10 episodes: 4209.009
---------------------------------------
Total T: 366000 Episode Num: 366 Episode T: 1000 Reward: 4128.511
Total T: 367000 Episode Num: 367 Episode T: 1000 Reward: 4011.830
Total T: 368000 Episode Num: 368 Episode T: 1000 Reward: 4106.588
Total T: 369000 Episode Num: 369 Episode T: 1000 Reward: 4085.203
Total T: 370000 Episode Num: 370 Episode T: 1000 Reward: 4113.054
---------------------------------------
Evaluation over 10 episodes: 4154.669
---------------------------------------
Total T: 371000 Episode Num: 371 Episode T: 1000 Reward: 4074.174
Total T: 372000 Episode Num: 372 Episode T: 1000 Reward: 4067.036
Total T: 373000 Episode Num: 373 Episode T: 1000 Reward: 4167.390
Total T: 374000 Episode Num: 374 Episode T: 1000 Reward: 4096.173
Total T: 375000 Episode Num: 375 Episode T: 1000 Reward: 4089.295
---------------------------------------
Evaluation over 10 episodes: 4155.013
---------------------------------------
Total T: 376000 Episode Num: 376 Episode T: 1000 Reward: 4121.884
Total T: 377000 Episode Num: 377 Episode T: 1000 Reward: 4093.294
Total T: 378000 Episode Num: 378 Episode T: 1000 Reward: 4083.773
Total T: 379000 Episode Num: 379 Episode T: 1000 Reward: 4147.660
Total T: 380000 Episode Num: 380 Episode T: 1000 Reward: 4122.940
---------------------------------------
Evaluation over 10 episodes: 4132.195
---------------------------------------
Total T: 381000 Episode Num: 381 Episode T: 1000 Reward: 4046.954
Total T: 382000 Episode Num: 382 Episode T: 1000 Reward: 4126.884
Total T: 383000 Episode Num: 383 Episode T: 1000 Reward: 4134.937
Total T: 384000 Episode Num: 384 Episode T: 1000 Reward: 4168.716
Total T: 385000 Episode Num: 385 Episode T: 1000 Reward: 4145.695
---------------------------------------
Evaluation over 10 episodes: 4027.286
---------------------------------------
Total T: 386000 Episode Num: 386 Episode T: 1000 Reward: 4144.694
Total T: 387000 Episode Num: 387 Episode T: 1000 Reward: 4177.625
Total T: 388000 Episode Num: 388 Episode T: 1000 Reward: 4124.827
Total T: 389000 Episode Num: 389 Episode T: 1000 Reward: 4132.336
Total T: 390000 Episode Num: 390 Episode T: 1000 Reward: 4134.760
---------------------------------------
Evaluation over 10 episodes: 4253.782
---------------------------------------
Total T: 391000 Episode Num: 391 Episode T: 1000 Reward: 4148.711
Total T: 392000 Episode Num: 392 Episode T: 1000 Reward: 4172.659
Total T: 393000 Episode Num: 393 Episode T: 1000 Reward: 4169.122
Total T: 394000 Episode Num: 394 Episode T: 1000 Reward: 4171.623
Total T: 395000 Episode Num: 395 Episode T: 1000 Reward: 4240.097
---------------------------------------
Evaluation over 10 episodes: 4266.105
---------------------------------------
Total T: 396000 Episode Num: 396 Episode T: 1000 Reward: 4151.354
Total T: 397000 Episode Num: 397 Episode T: 1000 Reward: 4171.961
Total T: 398000 Episode Num: 398 Episode T: 1000 Reward: 4129.586
Total T: 399000 Episode Num: 399 Episode T: 1000 Reward: 4233.790
Total T: 400000 Episode Num: 400 Episode T: 1000 Reward: 4116.169
---------------------------------------
Evaluation over 10 episodes: 4193.138
---------------------------------------
Total T: 401000 Episode Num: 401 Episode T: 1000 Reward: 4180.327
Total T: 402000 Episode Num: 402 Episode T: 1000 Reward: 4140.512
Total T: 403000 Episode Num: 403 Episode T: 1000 Reward: 4060.285
Total T: 404000 Episode Num: 404 Episode T: 1000 Reward: 4188.881
Total T: 405000 Episode Num: 405 Episode T: 1000 Reward: 4147.650
---------------------------------------
Evaluation over 10 episodes: 4064.879
---------------------------------------
Total T: 406000 Episode Num: 406 Episode T: 1000 Reward: 4173.358
Total T: 407000 Episode Num: 407 Episode T: 1000 Reward: 4130.795
Total T: 408000 Episode Num: 408 Episode T: 1000 Reward: 4178.169
Total T: 409000 Episode Num: 409 Episode T: 1000 Reward: 4196.508
Total T: 410000 Episode Num: 410 Episode T: 1000 Reward: 4195.285
---------------------------------------
Evaluation over 10 episodes: 3893.379
---------------------------------------
Total T: 411000 Episode Num: 411 Episode T: 1000 Reward: 4138.577
Total T: 412000 Episode Num: 412 Episode T: 1000 Reward: 4180.664
Total T: 413000 Episode Num: 413 Episode T: 1000 Reward: 4160.496
Total T: 414000 Episode Num: 414 Episode T: 1000 Reward: 4134.257
Total T: 415000 Episode Num: 415 Episode T: 1000 Reward: 4172.442
---------------------------------------
Evaluation over 10 episodes: 4174.524
---------------------------------------
Total T: 416000 Episode Num: 416 Episode T: 1000 Reward: 4106.191
Total T: 417000 Episode Num: 417 Episode T: 1000 Reward: 4117.968
Total T: 418000 Episode Num: 418 Episode T: 1000 Reward: 4101.239
Total T: 419000 Episode Num: 419 Episode T: 1000 Reward: 4215.849
Total T: 420000 Episode Num: 420 Episode T: 1000 Reward: 4171.514
---------------------------------------
Evaluation over 10 episodes: 4099.190
---------------------------------------
Total T: 421000 Episode Num: 421 Episode T: 1000 Reward: 4264.121
Total T: 422000 Episode Num: 422 Episode T: 1000 Reward: 4154.338
Total T: 423000 Episode Num: 423 Episode T: 1000 Reward: 4172.381
Total T: 424000 Episode Num: 424 Episode T: 1000 Reward: 4113.389
Total T: 425000 Episode Num: 425 Episode T: 1000 Reward: 4175.558
---------------------------------------
Evaluation over 10 episodes: 4287.797
---------------------------------------
Total T: 426000 Episode Num: 426 Episode T: 1000 Reward: 4131.332
Total T: 427000 Episode Num: 427 Episode T: 1000 Reward: 4214.995
Total T: 428000 Episode Num: 428 Episode T: 1000 Reward: 4098.837
Total T: 429000 Episode Num: 429 Episode T: 1000 Reward: 4159.036
Total T: 430000 Episode Num: 430 Episode T: 1000 Reward: 4153.682
---------------------------------------
Evaluation over 10 episodes: 3996.341
---------------------------------------
Total T: 431000 Episode Num: 431 Episode T: 1000 Reward: 4157.542
Total T: 432000 Episode Num: 432 Episode T: 1000 Reward: 4130.765
Total T: 433000 Episode Num: 433 Episode T: 1000 Reward: 4105.747
Total T: 434000 Episode Num: 434 Episode T: 1000 Reward: 4124.606
Total T: 435000 Episode Num: 435 Episode T: 1000 Reward: 4213.618
---------------------------------------
Evaluation over 10 episodes: 4065.227
---------------------------------------
Total T: 436000 Episode Num: 436 Episode T: 1000 Reward: 4091.978
Total T: 437000 Episode Num: 437 Episode T: 1000 Reward: 4218.757
Total T: 438000 Episode Num: 438 Episode T: 1000 Reward: 4197.543
Total T: 439000 Episode Num: 439 Episode T: 1000 Reward: 4155.883
Total T: 440000 Episode Num: 440 Episode T: 1000 Reward: 4151.824
---------------------------------------
Evaluation over 10 episodes: 4206.654
---------------------------------------
Total T: 441000 Episode Num: 441 Episode T: 1000 Reward: 4274.864
Total T: 442000 Episode Num: 442 Episode T: 1000 Reward: 4150.733
Total T: 443000 Episode Num: 443 Episode T: 1000 Reward: 4215.422
Total T: 444000 Episode Num: 444 Episode T: 1000 Reward: 4218.536
Total T: 445000 Episode Num: 445 Episode T: 1000 Reward: 4121.723
---------------------------------------
Evaluation over 10 episodes: 4152.122
---------------------------------------
Total T: 446000 Episode Num: 446 Episode T: 1000 Reward: 4185.966
Total T: 447000 Episode Num: 447 Episode T: 1000 Reward: 4206.464
Total T: 448000 Episode Num: 448 Episode T: 1000 Reward: 4169.942
Total T: 449000 Episode Num: 449 Episode T: 1000 Reward: 4213.335
Total T: 450000 Episode Num: 450 Episode T: 1000 Reward: 4184.041
---------------------------------------
Evaluation over 10 episodes: 4029.931
---------------------------------------
Total T: 451000 Episode Num: 451 Episode T: 1000 Reward: 4187.984
Total T: 452000 Episode Num: 452 Episode T: 1000 Reward: 4142.136
Total T: 453000 Episode Num: 453 Episode T: 1000 Reward: 4165.795
Total T: 454000 Episode Num: 454 Episode T: 1000 Reward: 4184.745
Total T: 455000 Episode Num: 455 Episode T: 1000 Reward: 4197.649
---------------------------------------
Evaluation over 10 episodes: 4226.490
---------------------------------------
Total T: 456000 Episode Num: 456 Episode T: 1000 Reward: 4213.761
Total T: 457000 Episode Num: 457 Episode T: 1000 Reward: 4152.793
Total T: 458000 Episode Num: 458 Episode T: 1000 Reward: 4214.650
Total T: 459000 Episode Num: 459 Episode T: 1000 Reward: 4235.728
Total T: 460000 Episode Num: 460 Episode T: 1000 Reward: 4181.747
---------------------------------------
Evaluation over 10 episodes: 4213.232
---------------------------------------
Total T: 461000 Episode Num: 461 Episode T: 1000 Reward: 4182.807
Total T: 462000 Episode Num: 462 Episode T: 1000 Reward: 4151.331
Total T: 463000 Episode Num: 463 Episode T: 1000 Reward: 4159.006
Total T: 464000 Episode Num: 464 Episode T: 1000 Reward: 4106.748
Total T: 465000 Episode Num: 465 Episode T: 1000 Reward: 4163.057
---------------------------------------
Evaluation over 10 episodes: 4210.996
---------------------------------------
Total T: 466000 Episode Num: 466 Episode T: 1000 Reward: 4221.340
Total T: 467000 Episode Num: 467 Episode T: 1000 Reward: 4254.702
Total T: 468000 Episode Num: 468 Episode T: 1000 Reward: 4151.617
Total T: 469000 Episode Num: 469 Episode T: 1000 Reward: 4151.120
Total T: 470000 Episode Num: 470 Episode T: 1000 Reward: 4200.991
---------------------------------------
Evaluation over 10 episodes: 4222.997
---------------------------------------
Total T: 471000 Episode Num: 471 Episode T: 1000 Reward: 4208.423
Total T: 472000 Episode Num: 472 Episode T: 1000 Reward: 4254.628
Total T: 473000 Episode Num: 473 Episode T: 1000 Reward: 4173.873
Total T: 474000 Episode Num: 474 Episode T: 1000 Reward: 4253.877
Total T: 475000 Episode Num: 475 Episode T: 1000 Reward: 4227.121
---------------------------------------
Evaluation over 10 episodes: 4169.286
---------------------------------------
Total T: 476000 Episode Num: 476 Episode T: 1000 Reward: 4216.955
Total T: 477000 Episode Num: 477 Episode T: 1000 Reward: 4216.828
Total T: 478000 Episode Num: 478 Episode T: 1000 Reward: 4199.034
Total T: 479000 Episode Num: 479 Episode T: 1000 Reward: 4174.575
Total T: 480000 Episode Num: 480 Episode T: 1000 Reward: 4169.046
---------------------------------------
Evaluation over 10 episodes: 4238.303
---------------------------------------
Total T: 481000 Episode Num: 481 Episode T: 1000 Reward: 4142.883
Total T: 482000 Episode Num: 482 Episode T: 1000 Reward: 4153.682
Total T: 483000 Episode Num: 483 Episode T: 1000 Reward: 4186.691
Total T: 484000 Episode Num: 484 Episode T: 1000 Reward: 4068.335
Total T: 485000 Episode Num: 485 Episode T: 1000 Reward: 4154.232
---------------------------------------
Evaluation over 10 episodes: 4238.305
---------------------------------------
Total T: 486000 Episode Num: 486 Episode T: 1000 Reward: 4232.250
Total T: 487000 Episode Num: 487 Episode T: 1000 Reward: 4169.069
Total T: 488000 Episode Num: 488 Episode T: 1000 Reward: 4180.138
Total T: 489000 Episode Num: 489 Episode T: 1000 Reward: 4188.530
Total T: 490000 Episode Num: 490 Episode T: 1000 Reward: 4172.327
---------------------------------------
Evaluation over 10 episodes: 4003.071
---------------------------------------
Total T: 491000 Episode Num: 491 Episode T: 1000 Reward: 4138.825
Total T: 492000 Episode Num: 492 Episode T: 1000 Reward: 4162.420
Total T: 493000 Episode Num: 493 Episode T: 1000 Reward: 4265.165
Total T: 494000 Episode Num: 494 Episode T: 1000 Reward: 4132.791
Total T: 495000 Episode Num: 495 Episode T: 1000 Reward: 4220.910
---------------------------------------
Evaluation over 10 episodes: 4272.694
---------------------------------------
Total T: 496000 Episode Num: 496 Episode T: 1000 Reward: 4208.369
Total T: 497000 Episode Num: 497 Episode T: 1000 Reward: 4192.186
Total T: 498000 Episode Num: 498 Episode T: 1000 Reward: 4198.807
Total T: 499000 Episode Num: 499 Episode T: 1000 Reward: 4254.235
Total T: 500000 Episode Num: 500 Episode T: 1000 Reward: 4132.469
---------------------------------------
Evaluation over 10 episodes: 4260.082
---------------------------------------
Total T: 501000 Episode Num: 501 Episode T: 1000 Reward: 4193.549
Total T: 502000 Episode Num: 502 Episode T: 1000 Reward: 4271.556
Total T: 503000 Episode Num: 503 Episode T: 1000 Reward: 4169.388
Total T: 504000 Episode Num: 504 Episode T: 1000 Reward: 4250.076
Total T: 505000 Episode Num: 505 Episode T: 1000 Reward: 4186.796
---------------------------------------
Evaluation over 10 episodes: 4320.725
---------------------------------------
Total T: 506000 Episode Num: 506 Episode T: 1000 Reward: 4164.818
Total T: 507000 Episode Num: 507 Episode T: 1000 Reward: 4191.706
Total T: 508000 Episode Num: 508 Episode T: 1000 Reward: 4212.794
Total T: 509000 Episode Num: 509 Episode T: 1000 Reward: 4220.313
Total T: 510000 Episode Num: 510 Episode T: 1000 Reward: 4250.046
---------------------------------------
Evaluation over 10 episodes: 4282.602
---------------------------------------
Total T: 511000 Episode Num: 511 Episode T: 1000 Reward: 4219.293
Total T: 512000 Episode Num: 512 Episode T: 1000 Reward: 4244.598
Total T: 513000 Episode Num: 513 Episode T: 1000 Reward: 4249.022
Total T: 514000 Episode Num: 514 Episode T: 1000 Reward: 4179.599
Total T: 515000 Episode Num: 515 Episode T: 1000 Reward: 4162.870
---------------------------------------
Evaluation over 10 episodes: 4160.920
---------------------------------------
Total T: 516000 Episode Num: 516 Episode T: 1000 Reward: 4243.902
Total T: 517000 Episode Num: 517 Episode T: 1000 Reward: 4183.420
Total T: 518000 Episode Num: 518 Episode T: 1000 Reward: 4232.371
Total T: 519000 Episode Num: 519 Episode T: 1000 Reward: 4241.913
Total T: 520000 Episode Num: 520 Episode T: 1000 Reward: 4191.491
---------------------------------------
Evaluation over 10 episodes: 4054.389
---------------------------------------
Total T: 521000 Episode Num: 521 Episode T: 1000 Reward: 4272.607
Total T: 522000 Episode Num: 522 Episode T: 1000 Reward: 4318.715
Total T: 523000 Episode Num: 523 Episode T: 1000 Reward: 4225.014
Total T: 524000 Episode Num: 524 Episode T: 1000 Reward: 4261.840
Total T: 525000 Episode Num: 525 Episode T: 1000 Reward: 4271.010
---------------------------------------
Evaluation over 10 episodes: 4217.288
---------------------------------------
Total T: 526000 Episode Num: 526 Episode T: 1000 Reward: 4245.456
Total T: 527000 Episode Num: 527 Episode T: 1000 Reward: 4151.931
Total T: 528000 Episode Num: 528 Episode T: 1000 Reward: 4283.367
Total T: 529000 Episode Num: 529 Episode T: 1000 Reward: 4217.511
Total T: 530000 Episode Num: 530 Episode T: 1000 Reward: 4190.757
---------------------------------------
Evaluation over 10 episodes: 4186.443
---------------------------------------
Total T: 531000 Episode Num: 531 Episode T: 1000 Reward: 4220.654
Total T: 532000 Episode Num: 532 Episode T: 1000 Reward: 4288.828
Total T: 533000 Episode Num: 533 Episode T: 1000 Reward: 4330.814
Total T: 534000 Episode Num: 534 Episode T: 1000 Reward: 4184.430
Total T: 535000 Episode Num: 535 Episode T: 1000 Reward: 4131.153
---------------------------------------
Evaluation over 10 episodes: 4336.979
---------------------------------------
Total T: 536000 Episode Num: 536 Episode T: 1000 Reward: 4261.287
Total T: 537000 Episode Num: 537 Episode T: 1000 Reward: 4345.706
Total T: 538000 Episode Num: 538 Episode T: 1000 Reward: 4276.306
Total T: 539000 Episode Num: 539 Episode T: 1000 Reward: 4275.399
Total T: 540000 Episode Num: 540 Episode T: 1000 Reward: 4212.105
---------------------------------------
Evaluation over 10 episodes: 4292.169
---------------------------------------
Total T: 541000 Episode Num: 541 Episode T: 1000 Reward: 4255.332
Total T: 542000 Episode Num: 542 Episode T: 1000 Reward: 4184.210
Total T: 543000 Episode Num: 543 Episode T: 1000 Reward: 4248.099
Total T: 544000 Episode Num: 544 Episode T: 1000 Reward: 4216.846
Total T: 545000 Episode Num: 545 Episode T: 1000 Reward: 4313.647
---------------------------------------
Evaluation over 10 episodes: 4277.004
---------------------------------------
Total T: 546000 Episode Num: 546 Episode T: 1000 Reward: 4252.903
Total T: 547000 Episode Num: 547 Episode T: 1000 Reward: 4189.307
Total T: 548000 Episode Num: 548 Episode T: 1000 Reward: 4204.700
Total T: 549000 Episode Num: 549 Episode T: 1000 Reward: 4194.163
Total T: 550000 Episode Num: 550 Episode T: 1000 Reward: 4151.200
---------------------------------------
Evaluation over 10 episodes: 4276.221
---------------------------------------
Total T: 551000 Episode Num: 551 Episode T: 1000 Reward: 4335.897
Total T: 552000 Episode Num: 552 Episode T: 1000 Reward: 4247.381
Total T: 553000 Episode Num: 553 Episode T: 1000 Reward: 4282.378
Total T: 554000 Episode Num: 554 Episode T: 1000 Reward: 4192.071
Total T: 555000 Episode Num: 555 Episode T: 1000 Reward: 4286.049
---------------------------------------
Evaluation over 10 episodes: 4247.007
---------------------------------------
Total T: 556000 Episode Num: 556 Episode T: 1000 Reward: 4314.445
Total T: 557000 Episode Num: 557 Episode T: 1000 Reward: 4213.976
Total T: 558000 Episode Num: 558 Episode T: 1000 Reward: 4271.643
Total T: 559000 Episode Num: 559 Episode T: 1000 Reward: 4188.555
Total T: 560000 Episode Num: 560 Episode T: 1000 Reward: 4289.954
---------------------------------------
Evaluation over 10 episodes: 4346.850
---------------------------------------
Total T: 561000 Episode Num: 561 Episode T: 1000 Reward: 4318.356
Total T: 562000 Episode Num: 562 Episode T: 1000 Reward: 4244.497
Total T: 563000 Episode Num: 563 Episode T: 1000 Reward: 4296.276
Total T: 564000 Episode Num: 564 Episode T: 1000 Reward: 4232.907
Total T: 565000 Episode Num: 565 Episode T: 1000 Reward: 4281.915
---------------------------------------
Evaluation over 10 episodes: 4223.454
---------------------------------------
Total T: 566000 Episode Num: 566 Episode T: 1000 Reward: 4226.884
Total T: 567000 Episode Num: 567 Episode T: 1000 Reward: 4234.897
Total T: 568000 Episode Num: 568 Episode T: 1000 Reward: 4147.931
Total T: 569000 Episode Num: 569 Episode T: 1000 Reward: 4217.405
Total T: 570000 Episode Num: 570 Episode T: 1000 Reward: 4306.251
---------------------------------------
Evaluation over 10 episodes: 4262.494
---------------------------------------
Total T: 571000 Episode Num: 571 Episode T: 1000 Reward: 4177.663
Total T: 572000 Episode Num: 572 Episode T: 1000 Reward: 4202.929
Total T: 573000 Episode Num: 573 Episode T: 1000 Reward: 4218.630
Total T: 574000 Episode Num: 574 Episode T: 1000 Reward: 4218.181
Total T: 575000 Episode Num: 575 Episode T: 1000 Reward: 4196.263
---------------------------------------
Evaluation over 10 episodes: 4313.802
---------------------------------------
Total T: 576000 Episode Num: 576 Episode T: 1000 Reward: 4212.520
Total T: 577000 Episode Num: 577 Episode T: 1000 Reward: 4242.311
Total T: 578000 Episode Num: 578 Episode T: 1000 Reward: 4269.292
Total T: 579000 Episode Num: 579 Episode T: 1000 Reward: 4230.877
Total T: 580000 Episode Num: 580 Episode T: 1000 Reward: 4279.181
---------------------------------------
Evaluation over 10 episodes: 4325.982
---------------------------------------
Total T: 581000 Episode Num: 581 Episode T: 1000 Reward: 4248.183
Total T: 582000 Episode Num: 582 Episode T: 1000 Reward: 4217.183
Total T: 583000 Episode Num: 583 Episode T: 1000 Reward: 4304.266
Total T: 584000 Episode Num: 584 Episode T: 1000 Reward: 4264.188
Total T: 585000 Episode Num: 585 Episode T: 1000 Reward: 4282.217
---------------------------------------
Evaluation over 10 episodes: 4361.091
---------------------------------------
Total T: 586000 Episode Num: 586 Episode T: 1000 Reward: 4263.606
Total T: 587000 Episode Num: 587 Episode T: 1000 Reward: 4191.672
Total T: 588000 Episode Num: 588 Episode T: 1000 Reward: 4269.745
Total T: 589000 Episode Num: 589 Episode T: 1000 Reward: 4204.465
Total T: 590000 Episode Num: 590 Episode T: 1000 Reward: 4139.623
---------------------------------------
Evaluation over 10 episodes: 4246.675
---------------------------------------
Total T: 591000 Episode Num: 591 Episode T: 1000 Reward: 4255.618
Total T: 592000 Episode Num: 592 Episode T: 1000 Reward: 4209.646
Total T: 593000 Episode Num: 593 Episode T: 1000 Reward: 4260.925
Total T: 594000 Episode Num: 594 Episode T: 1000 Reward: 4281.692
Total T: 595000 Episode Num: 595 Episode T: 1000 Reward: 4228.289
---------------------------------------
Evaluation over 10 episodes: 4169.123
---------------------------------------
Total T: 596000 Episode Num: 596 Episode T: 1000 Reward: 4204.313
Total T: 597000 Episode Num: 597 Episode T: 1000 Reward: 2905.507
Total T: 598000 Episode Num: 598 Episode T: 1000 Reward: 4393.558
Total T: 599000 Episode Num: 599 Episode T: 1000 Reward: 4294.199
Total T: 600000 Episode Num: 600 Episode T: 1000 Reward: 4267.346
---------------------------------------
Evaluation over 10 episodes: 4331.606
---------------------------------------
Total T: 601000 Episode Num: 601 Episode T: 1000 Reward: 4263.845
Total T: 602000 Episode Num: 602 Episode T: 1000 Reward: 4250.077
Total T: 603000 Episode Num: 603 Episode T: 1000 Reward: 4233.572
Total T: 604000 Episode Num: 604 Episode T: 1000 Reward: 4276.625
Total T: 605000 Episode Num: 605 Episode T: 1000 Reward: 4296.075
---------------------------------------
Evaluation over 10 episodes: 4227.915
---------------------------------------
Total T: 606000 Episode Num: 606 Episode T: 1000 Reward: 4340.326
Total T: 607000 Episode Num: 607 Episode T: 1000 Reward: 4249.867
Total T: 608000 Episode Num: 608 Episode T: 1000 Reward: 4242.591
Total T: 609000 Episode Num: 609 Episode T: 1000 Reward: 4246.215
Total T: 610000 Episode Num: 610 Episode T: 1000 Reward: 4236.918
---------------------------------------
Evaluation over 10 episodes: 4319.363
---------------------------------------
Total T: 611000 Episode Num: 611 Episode T: 1000 Reward: 4213.737
Total T: 612000 Episode Num: 612 Episode T: 1000 Reward: 4277.920
Total T: 613000 Episode Num: 613 Episode T: 1000 Reward: 4353.577
Total T: 614000 Episode Num: 614 Episode T: 1000 Reward: 4257.907
Total T: 615000 Episode Num: 615 Episode T: 1000 Reward: 4237.673
---------------------------------------
Evaluation over 10 episodes: 4140.321
---------------------------------------
Total T: 616000 Episode Num: 616 Episode T: 1000 Reward: 4268.863
Total T: 617000 Episode Num: 617 Episode T: 1000 Reward: 4260.945
Total T: 618000 Episode Num: 618 Episode T: 1000 Reward: 4212.116
Total T: 619000 Episode Num: 619 Episode T: 1000 Reward: 4245.181
Total T: 620000 Episode Num: 620 Episode T: 1000 Reward: 4233.110
---------------------------------------
Evaluation over 10 episodes: 4108.469
---------------------------------------
Total T: 621000 Episode Num: 621 Episode T: 1000 Reward: 4290.000
Total T: 622000 Episode Num: 622 Episode T: 1000 Reward: 4205.282
Total T: 623000 Episode Num: 623 Episode T: 1000 Reward: 4174.975
Total T: 624000 Episode Num: 624 Episode T: 1000 Reward: 4287.183
Total T: 625000 Episode Num: 625 Episode T: 1000 Reward: 4186.951
---------------------------------------
Evaluation over 10 episodes: 4360.765
---------------------------------------
Total T: 626000 Episode Num: 626 Episode T: 1000 Reward: 4297.843
Total T: 627000 Episode Num: 627 Episode T: 1000 Reward: 4275.950
Total T: 628000 Episode Num: 628 Episode T: 1000 Reward: 4350.327
Total T: 629000 Episode Num: 629 Episode T: 1000 Reward: 4291.650
Total T: 630000 Episode Num: 630 Episode T: 1000 Reward: 4170.255
---------------------------------------
Evaluation over 10 episodes: 4335.492
---------------------------------------
Total T: 631000 Episode Num: 631 Episode T: 1000 Reward: 4276.279
Total T: 632000 Episode Num: 632 Episode T: 1000 Reward: 4281.762
Total T: 633000 Episode Num: 633 Episode T: 1000 Reward: 4250.184
Total T: 634000 Episode Num: 634 Episode T: 1000 Reward: 4301.209
Total T: 635000 Episode Num: 635 Episode T: 1000 Reward: 4251.446
---------------------------------------
Evaluation over 10 episodes: 4264.507
---------------------------------------
Total T: 636000 Episode Num: 636 Episode T: 1000 Reward: 4330.823
Total T: 637000 Episode Num: 637 Episode T: 1000 Reward: 4334.314
Total T: 638000 Episode Num: 638 Episode T: 1000 Reward: 4210.846
Total T: 639000 Episode Num: 639 Episode T: 1000 Reward: 4247.803
Total T: 640000 Episode Num: 640 Episode T: 1000 Reward: 4128.722
---------------------------------------
Evaluation over 10 episodes: 4309.845
---------------------------------------
Total T: 641000 Episode Num: 641 Episode T: 1000 Reward: 4194.267
Total T: 642000 Episode Num: 642 Episode T: 1000 Reward: 4244.391
Total T: 643000 Episode Num: 643 Episode T: 1000 Reward: 4294.830
Total T: 644000 Episode Num: 644 Episode T: 1000 Reward: 4258.480
Total T: 645000 Episode Num: 645 Episode T: 1000 Reward: 4229.866
---------------------------------------
Evaluation over 10 episodes: 4285.974
---------------------------------------
Total T: 646000 Episode Num: 646 Episode T: 1000 Reward: 4239.328
Total T: 647000 Episode Num: 647 Episode T: 1000 Reward: 4239.142
Total T: 648000 Episode Num: 648 Episode T: 1000 Reward: 4292.289
Total T: 649000 Episode Num: 649 Episode T: 1000 Reward: 4272.623
Total T: 650000 Episode Num: 650 Episode T: 1000 Reward: 4188.108
---------------------------------------
Evaluation over 10 episodes: 4298.348
---------------------------------------
Total T: 651000 Episode Num: 651 Episode T: 1000 Reward: 4213.872
Total T: 652000 Episode Num: 652 Episode T: 1000 Reward: 4290.945
Total T: 653000 Episode Num: 653 Episode T: 1000 Reward: 4279.247
Total T: 654000 Episode Num: 654 Episode T: 1000 Reward: 4300.774
Total T: 655000 Episode Num: 655 Episode T: 1000 Reward: 4288.586
---------------------------------------
Evaluation over 10 episodes: 4291.259
---------------------------------------
Total T: 656000 Episode Num: 656 Episode T: 1000 Reward: 4246.696
Total T: 657000 Episode Num: 657 Episode T: 1000 Reward: 4095.678
Total T: 658000 Episode Num: 658 Episode T: 1000 Reward: 4227.804
Total T: 659000 Episode Num: 659 Episode T: 1000 Reward: 4281.361
Total T: 660000 Episode Num: 660 Episode T: 1000 Reward: 4226.065
---------------------------------------
Evaluation over 10 episodes: 4202.404
---------------------------------------
Total T: 661000 Episode Num: 661 Episode T: 1000 Reward: 4305.907
Total T: 662000 Episode Num: 662 Episode T: 1000 Reward: 4229.919
Total T: 663000 Episode Num: 663 Episode T: 1000 Reward: 4323.058
Total T: 664000 Episode Num: 664 Episode T: 1000 Reward: 4250.674
Total T: 665000 Episode Num: 665 Episode T: 1000 Reward: 4284.568
---------------------------------------
Evaluation over 10 episodes: 4282.741
---------------------------------------
Total T: 666000 Episode Num: 666 Episode T: 1000 Reward: 4329.814
Total T: 667000 Episode Num: 667 Episode T: 1000 Reward: 4222.019
Total T: 668000 Episode Num: 668 Episode T: 1000 Reward: 4312.476
Total T: 669000 Episode Num: 669 Episode T: 1000 Reward: 4284.212
Total T: 670000 Episode Num: 670 Episode T: 1000 Reward: 4296.921
---------------------------------------
Evaluation over 10 episodes: 4307.842
---------------------------------------
Total T: 671000 Episode Num: 671 Episode T: 1000 Reward: 4289.815
Total T: 672000 Episode Num: 672 Episode T: 1000 Reward: 4299.700
Total T: 673000 Episode Num: 673 Episode T: 1000 Reward: 4193.927
Total T: 674000 Episode Num: 674 Episode T: 1000 Reward: 4276.355
Total T: 675000 Episode Num: 675 Episode T: 1000 Reward: 4256.404
---------------------------------------
Evaluation over 10 episodes: 4312.549
---------------------------------------
Total T: 676000 Episode Num: 676 Episode T: 1000 Reward: 4205.218
Total T: 677000 Episode Num: 677 Episode T: 1000 Reward: 4270.199
Total T: 678000 Episode Num: 678 Episode T: 1000 Reward: 4277.129
Total T: 679000 Episode Num: 679 Episode T: 1000 Reward: 4226.276
Total T: 680000 Episode Num: 680 Episode T: 1000 Reward: 4305.671
---------------------------------------
Evaluation over 10 episodes: 4224.920
---------------------------------------
Total T: 681000 Episode Num: 681 Episode T: 1000 Reward: 4285.961
Total T: 682000 Episode Num: 682 Episode T: 1000 Reward: 4391.403
Total T: 683000 Episode Num: 683 Episode T: 1000 Reward: 4292.061
Total T: 684000 Episode Num: 684 Episode T: 1000 Reward: 4298.301
Total T: 685000 Episode Num: 685 Episode T: 1000 Reward: 4293.206
---------------------------------------
Evaluation over 10 episodes: 4340.813
---------------------------------------
Total T: 686000 Episode Num: 686 Episode T: 1000 Reward: 4252.284
Total T: 687000 Episode Num: 687 Episode T: 1000 Reward: 4276.206
Total T: 688000 Episode Num: 688 Episode T: 1000 Reward: 4365.984
Total T: 689000 Episode Num: 689 Episode T: 1000 Reward: 4297.812
Total T: 690000 Episode Num: 690 Episode T: 1000 Reward: 4278.134
---------------------------------------
Evaluation over 10 episodes: 4125.308
---------------------------------------
Total T: 691000 Episode Num: 691 Episode T: 1000 Reward: 4333.538
Total T: 692000 Episode Num: 692 Episode T: 1000 Reward: 4212.703
Total T: 693000 Episode Num: 693 Episode T: 1000 Reward: 4309.598
Total T: 694000 Episode Num: 694 Episode T: 1000 Reward: 4255.974
Total T: 695000 Episode Num: 695 Episode T: 1000 Reward: 4269.314
---------------------------------------
Evaluation over 10 episodes: 4318.428
---------------------------------------
Total T: 696000 Episode Num: 696 Episode T: 1000 Reward: 4305.657
Total T: 697000 Episode Num: 697 Episode T: 1000 Reward: 4278.046
Total T: 698000 Episode Num: 698 Episode T: 1000 Reward: 4268.433
Total T: 699000 Episode Num: 699 Episode T: 1000 Reward: 4370.488
Total T: 700000 Episode Num: 700 Episode T: 1000 Reward: 4205.514
---------------------------------------
Evaluation over 10 episodes: 4291.443
---------------------------------------
Total T: 701000 Episode Num: 701 Episode T: 1000 Reward: 4227.510
Total T: 702000 Episode Num: 702 Episode T: 1000 Reward: 4185.569
Total T: 703000 Episode Num: 703 Episode T: 1000 Reward: 4264.430
Total T: 704000 Episode Num: 704 Episode T: 1000 Reward: 4233.122
Total T: 705000 Episode Num: 705 Episode T: 1000 Reward: 4273.287
---------------------------------------
Evaluation over 10 episodes: 4344.320
---------------------------------------
Total T: 706000 Episode Num: 706 Episode T: 1000 Reward: 4299.483
Total T: 707000 Episode Num: 707 Episode T: 1000 Reward: 4254.522
Total T: 708000 Episode Num: 708 Episode T: 1000 Reward: 4295.845
Total T: 709000 Episode Num: 709 Episode T: 1000 Reward: 4319.575
Total T: 710000 Episode Num: 710 Episode T: 1000 Reward: 4340.295
---------------------------------------
Evaluation over 10 episodes: 4336.725
---------------------------------------
Total T: 711000 Episode Num: 711 Episode T: 1000 Reward: 4248.354
Total T: 712000 Episode Num: 712 Episode T: 1000 Reward: 4356.284
Total T: 713000 Episode Num: 713 Episode T: 1000 Reward: 4344.788
Total T: 714000 Episode Num: 714 Episode T: 1000 Reward: 4305.277
Total T: 715000 Episode Num: 715 Episode T: 1000 Reward: 4322.425
---------------------------------------
Evaluation over 10 episodes: 4250.137
---------------------------------------
Total T: 716000 Episode Num: 716 Episode T: 1000 Reward: 4290.116
Total T: 717000 Episode Num: 717 Episode T: 1000 Reward: 4377.183
Total T: 718000 Episode Num: 718 Episode T: 1000 Reward: 4214.807
Total T: 719000 Episode Num: 719 Episode T: 1000 Reward: 4237.072
Total T: 720000 Episode Num: 720 Episode T: 1000 Reward: 4344.980
---------------------------------------
Evaluation over 10 episodes: 4384.297
---------------------------------------
Total T: 721000 Episode Num: 721 Episode T: 1000 Reward: 4357.710
Total T: 722000 Episode Num: 722 Episode T: 1000 Reward: 4254.665
Total T: 723000 Episode Num: 723 Episode T: 1000 Reward: 4343.577
Total T: 724000 Episode Num: 724 Episode T: 1000 Reward: 4374.597
Total T: 725000 Episode Num: 725 Episode T: 1000 Reward: 4324.230
---------------------------------------
Evaluation over 10 episodes: 4379.103
---------------------------------------
Total T: 726000 Episode Num: 726 Episode T: 1000 Reward: 4296.796
Total T: 727000 Episode Num: 727 Episode T: 1000 Reward: 4374.581
Total T: 728000 Episode Num: 728 Episode T: 1000 Reward: 4272.972
Total T: 729000 Episode Num: 729 Episode T: 1000 Reward: 4407.051
Total T: 730000 Episode Num: 730 Episode T: 1000 Reward: 4299.807
---------------------------------------
Evaluation over 10 episodes: 4326.733
---------------------------------------
Total T: 731000 Episode Num: 731 Episode T: 1000 Reward: 4361.178
Total T: 732000 Episode Num: 732 Episode T: 1000 Reward: 4275.428
Total T: 733000 Episode Num: 733 Episode T: 1000 Reward: 4284.204
Total T: 734000 Episode Num: 734 Episode T: 1000 Reward: 4197.709
Total T: 735000 Episode Num: 735 Episode T: 1000 Reward: 4350.402
---------------------------------------
Evaluation over 10 episodes: 4438.800
---------------------------------------
Total T: 736000 Episode Num: 736 Episode T: 1000 Reward: 4358.783
Total T: 737000 Episode Num: 737 Episode T: 1000 Reward: 4334.258
Total T: 738000 Episode Num: 738 Episode T: 1000 Reward: 4303.185
Total T: 739000 Episode Num: 739 Episode T: 1000 Reward: 4226.410
Total T: 740000 Episode Num: 740 Episode T: 1000 Reward: 4426.466
---------------------------------------
Evaluation over 10 episodes: 4350.960
---------------------------------------
Total T: 741000 Episode Num: 741 Episode T: 1000 Reward: 4370.843
Total T: 742000 Episode Num: 742 Episode T: 1000 Reward: 4335.406
Total T: 743000 Episode Num: 743 Episode T: 1000 Reward: 4414.218
Total T: 744000 Episode Num: 744 Episode T: 1000 Reward: 4347.357
Total T: 745000 Episode Num: 745 Episode T: 1000 Reward: 4313.706
---------------------------------------
Evaluation over 10 episodes: 4290.532
---------------------------------------
Total T: 746000 Episode Num: 746 Episode T: 1000 Reward: 4421.333
Total T: 747000 Episode Num: 747 Episode T: 1000 Reward: 4351.902
Total T: 748000 Episode Num: 748 Episode T: 1000 Reward: 4277.331
Total T: 749000 Episode Num: 749 Episode T: 1000 Reward: 4378.124
Total T: 750000 Episode Num: 750 Episode T: 1000 Reward: 4322.646
---------------------------------------
Evaluation over 10 episodes: 4274.585
---------------------------------------
Total T: 751000 Episode Num: 751 Episode T: 1000 Reward: 4272.864
Total T: 752000 Episode Num: 752 Episode T: 1000 Reward: 4277.872
Total T: 753000 Episode Num: 753 Episode T: 1000 Reward: 4337.802
Total T: 754000 Episode Num: 754 Episode T: 1000 Reward: 4348.201
Total T: 755000 Episode Num: 755 Episode T: 1000 Reward: 4306.603
---------------------------------------
Evaluation over 10 episodes: 4335.960
---------------------------------------
Total T: 756000 Episode Num: 756 Episode T: 1000 Reward: 4387.755
Total T: 757000 Episode Num: 757 Episode T: 1000 Reward: 4384.986
Total T: 758000 Episode Num: 758 Episode T: 1000 Reward: 4363.645
Total T: 759000 Episode Num: 759 Episode T: 1000 Reward: 4386.392
Total T: 760000 Episode Num: 760 Episode T: 1000 Reward: 4282.322
---------------------------------------
Evaluation over 10 episodes: 4335.601
---------------------------------------
Total T: 761000 Episode Num: 761 Episode T: 1000 Reward: 4374.281
Total T: 762000 Episode Num: 762 Episode T: 1000 Reward: 4307.582
Total T: 763000 Episode Num: 763 Episode T: 1000 Reward: 4355.625
Total T: 764000 Episode Num: 764 Episode T: 1000 Reward: 4242.095
Total T: 765000 Episode Num: 765 Episode T: 1000 Reward: 4377.305
---------------------------------------
Evaluation over 10 episodes: 4321.129
---------------------------------------
Total T: 766000 Episode Num: 766 Episode T: 1000 Reward: 4215.530
Total T: 767000 Episode Num: 767 Episode T: 1000 Reward: 4392.109
Total T: 768000 Episode Num: 768 Episode T: 1000 Reward: 4287.766
Total T: 769000 Episode Num: 769 Episode T: 1000 Reward: 4290.106
Total T: 770000 Episode Num: 770 Episode T: 1000 Reward: 4289.281
---------------------------------------
Evaluation over 10 episodes: 4406.022
---------------------------------------
Total T: 771000 Episode Num: 771 Episode T: 1000 Reward: 4402.106
Total T: 772000 Episode Num: 772 Episode T: 1000 Reward: 4279.212
Total T: 773000 Episode Num: 773 Episode T: 1000 Reward: 4429.336
Total T: 774000 Episode Num: 774 Episode T: 1000 Reward: 4238.891
Total T: 775000 Episode Num: 775 Episode T: 1000 Reward: 4419.615
---------------------------------------
Evaluation over 10 episodes: 4364.134
---------------------------------------
Total T: 776000 Episode Num: 776 Episode T: 1000 Reward: 4445.844
Total T: 777000 Episode Num: 777 Episode T: 1000 Reward: 4371.202
Total T: 778000 Episode Num: 778 Episode T: 1000 Reward: 4377.696
Total T: 779000 Episode Num: 779 Episode T: 1000 Reward: 4341.489
Total T: 780000 Episode Num: 780 Episode T: 1000 Reward: 4326.366
---------------------------------------
Evaluation over 10 episodes: 4386.417
---------------------------------------
Total T: 781000 Episode Num: 781 Episode T: 1000 Reward: 4315.590
Total T: 782000 Episode Num: 782 Episode T: 1000 Reward: 4459.623
Total T: 783000 Episode Num: 783 Episode T: 1000 Reward: 4300.145
Total T: 784000 Episode Num: 784 Episode T: 1000 Reward: 4271.353
Total T: 785000 Episode Num: 785 Episode T: 1000 Reward: 4431.057
---------------------------------------
Evaluation over 10 episodes: 4328.483
---------------------------------------
Total T: 786000 Episode Num: 786 Episode T: 1000 Reward: 4468.077
Total T: 787000 Episode Num: 787 Episode T: 1000 Reward: 4338.992
Total T: 788000 Episode Num: 788 Episode T: 1000 Reward: 4430.805
Total T: 789000 Episode Num: 789 Episode T: 1000 Reward: 4361.070
Total T: 790000 Episode Num: 790 Episode T: 1000 Reward: 4099.260
---------------------------------------
Evaluation over 10 episodes: 4261.794
---------------------------------------
Total T: 791000 Episode Num: 791 Episode T: 1000 Reward: 4331.657
Total T: 792000 Episode Num: 792 Episode T: 1000 Reward: 4399.715
Total T: 793000 Episode Num: 793 Episode T: 1000 Reward: 4396.814
Total T: 794000 Episode Num: 794 Episode T: 1000 Reward: 4351.799
Total T: 795000 Episode Num: 795 Episode T: 1000 Reward: 4318.148
---------------------------------------
Evaluation over 10 episodes: 4303.245
---------------------------------------
Total T: 796000 Episode Num: 796 Episode T: 1000 Reward: 4466.616
Total T: 797000 Episode Num: 797 Episode T: 1000 Reward: 4402.855
Total T: 798000 Episode Num: 798 Episode T: 1000 Reward: 4359.370
Total T: 799000 Episode Num: 799 Episode T: 1000 Reward: 4329.589
Total T: 800000 Episode Num: 800 Episode T: 1000 Reward: 4332.851
---------------------------------------
Evaluation over 10 episodes: 4316.646
---------------------------------------
Total T: 801000 Episode Num: 801 Episode T: 1000 Reward: 1925.905
Total T: 802000 Episode Num: 802 Episode T: 1000 Reward: 4356.098
Total T: 803000 Episode Num: 803 Episode T: 1000 Reward: 4363.119
Total T: 804000 Episode Num: 804 Episode T: 1000 Reward: 4365.753
Total T: 805000 Episode Num: 805 Episode T: 1000 Reward: 4325.853
---------------------------------------
Evaluation over 10 episodes: 4432.591
---------------------------------------
Total T: 806000 Episode Num: 806 Episode T: 1000 Reward: 4393.137
Total T: 807000 Episode Num: 807 Episode T: 1000 Reward: 4300.938
Total T: 808000 Episode Num: 808 Episode T: 1000 Reward: 4352.019
Total T: 809000 Episode Num: 809 Episode T: 1000 Reward: 4301.167
Total T: 810000 Episode Num: 810 Episode T: 1000 Reward: 4399.326
---------------------------------------
Evaluation over 10 episodes: 4392.109
---------------------------------------
Total T: 811000 Episode Num: 811 Episode T: 1000 Reward: 4369.639
Total T: 812000 Episode Num: 812 Episode T: 1000 Reward: 4402.633
Total T: 813000 Episode Num: 813 Episode T: 1000 Reward: 4337.423
Total T: 814000 Episode Num: 814 Episode T: 1000 Reward: 4398.839
Total T: 815000 Episode Num: 815 Episode T: 1000 Reward: 4364.588
---------------------------------------
Evaluation over 10 episodes: 4282.230
---------------------------------------
Total T: 816000 Episode Num: 816 Episode T: 1000 Reward: 2079.347
Total T: 817000 Episode Num: 817 Episode T: 1000 Reward: 4391.711
Total T: 818000 Episode Num: 818 Episode T: 1000 Reward: 4445.142
Total T: 819000 Episode Num: 819 Episode T: 1000 Reward: 4386.866
Total T: 820000 Episode Num: 820 Episode T: 1000 Reward: 4484.427
---------------------------------------
Evaluation over 10 episodes: 4406.247
---------------------------------------
Total T: 821000 Episode Num: 821 Episode T: 1000 Reward: 4475.271
Total T: 822000 Episode Num: 822 Episode T: 1000 Reward: 4566.746
Total T: 823000 Episode Num: 823 Episode T: 1000 Reward: 4493.622
Total T: 824000 Episode Num: 824 Episode T: 1000 Reward: 4583.430
Total T: 825000 Episode Num: 825 Episode T: 1000 Reward: 4559.544
---------------------------------------
Evaluation over 10 episodes: 4503.343
---------------------------------------
Total T: 826000 Episode Num: 826 Episode T: 1000 Reward: 4400.077
Total T: 827000 Episode Num: 827 Episode T: 1000 Reward: 4500.192
Total T: 828000 Episode Num: 828 Episode T: 1000 Reward: 4452.202
Total T: 829000 Episode Num: 829 Episode T: 1000 Reward: 4487.496
Total T: 830000 Episode Num: 830 Episode T: 1000 Reward: 4430.199
---------------------------------------
Evaluation over 10 episodes: 4617.669
---------------------------------------
Total T: 831000 Episode Num: 831 Episode T: 1000 Reward: 4567.983
Total T: 832000 Episode Num: 832 Episode T: 1000 Reward: 4481.103
Total T: 833000 Episode Num: 833 Episode T: 1000 Reward: 4600.714
Total T: 834000 Episode Num: 834 Episode T: 1000 Reward: 4666.726
Total T: 835000 Episode Num: 835 Episode T: 1000 Reward: 4575.333
---------------------------------------
Evaluation over 10 episodes: 4544.820
---------------------------------------
Total T: 836000 Episode Num: 836 Episode T: 1000 Reward: 4472.293
Total T: 837000 Episode Num: 837 Episode T: 1000 Reward: 4674.991
Total T: 838000 Episode Num: 838 Episode T: 1000 Reward: 4571.172
Total T: 839000 Episode Num: 839 Episode T: 1000 Reward: 4620.950
Total T: 840000 Episode Num: 840 Episode T: 1000 Reward: 4505.066
---------------------------------------
Evaluation over 10 episodes: 4646.551
---------------------------------------
Total T: 841000 Episode Num: 841 Episode T: 1000 Reward: 4632.088
Total T: 842000 Episode Num: 842 Episode T: 1000 Reward: 4589.198
Total T: 843000 Episode Num: 843 Episode T: 1000 Reward: 4608.348
Total T: 844000 Episode Num: 844 Episode T: 1000 Reward: 4670.314
Total T: 845000 Episode Num: 845 Episode T: 1000 Reward: 4647.054
---------------------------------------
Evaluation over 10 episodes: 4512.355
---------------------------------------
Total T: 846000 Episode Num: 846 Episode T: 1000 Reward: 4643.601
Total T: 847000 Episode Num: 847 Episode T: 1000 Reward: 4753.165
Total T: 848000 Episode Num: 848 Episode T: 1000 Reward: 4543.517
Total T: 849000 Episode Num: 849 Episode T: 1000 Reward: 4564.793
Total T: 850000 Episode Num: 850 Episode T: 1000 Reward: 4788.039
---------------------------------------
Evaluation over 10 episodes: 4715.093
---------------------------------------
Total T: 851000 Episode Num: 851 Episode T: 1000 Reward: 4585.073
Total T: 852000 Episode Num: 852 Episode T: 1000 Reward: 4633.149
Total T: 853000 Episode Num: 853 Episode T: 1000 Reward: 4578.857
Total T: 854000 Episode Num: 854 Episode T: 1000 Reward: 4797.665
Total T: 855000 Episode Num: 855 Episode T: 1000 Reward: 4676.544
---------------------------------------
Evaluation over 10 episodes: 4561.955
---------------------------------------
Total T: 856000 Episode Num: 856 Episode T: 1000 Reward: 4660.290
Total T: 857000 Episode Num: 857 Episode T: 1000 Reward: 4767.798
Total T: 858000 Episode Num: 858 Episode T: 1000 Reward: 4523.192
Total T: 859000 Episode Num: 859 Episode T: 1000 Reward: 4644.132
Total T: 860000 Episode Num: 860 Episode T: 1000 Reward: 4579.778
---------------------------------------
Evaluation over 10 episodes: 4427.516
---------------------------------------
Total T: 861000 Episode Num: 861 Episode T: 1000 Reward: 4795.882
Total T: 862000 Episode Num: 862 Episode T: 1000 Reward: 4810.831
Total T: 863000 Episode Num: 863 Episode T: 1000 Reward: 4670.649
Total T: 864000 Episode Num: 864 Episode T: 1000 Reward: 4716.438
Total T: 865000 Episode Num: 865 Episode T: 1000 Reward: 4484.362
---------------------------------------
Evaluation over 10 episodes: 4738.695
---------------------------------------
Total T: 866000 Episode Num: 866 Episode T: 1000 Reward: 4741.327
Total T: 867000 Episode Num: 867 Episode T: 1000 Reward: 4732.500
Total T: 868000 Episode Num: 868 Episode T: 1000 Reward: 4851.619
Total T: 869000 Episode Num: 869 Episode T: 1000 Reward: 4689.562
Total T: 870000 Episode Num: 870 Episode T: 1000 Reward: 4681.235
---------------------------------------
Evaluation over 10 episodes: 4777.974
---------------------------------------
Total T: 871000 Episode Num: 871 Episode T: 1000 Reward: 4802.730
Total T: 872000 Episode Num: 872 Episode T: 1000 Reward: 4798.509
Total T: 873000 Episode Num: 873 Episode T: 1000 Reward: 4684.021
Total T: 874000 Episode Num: 874 Episode T: 1000 Reward: 1440.854
Total T: 875000 Episode Num: 875 Episode T: 1000 Reward: 4751.999
---------------------------------------
Evaluation over 10 episodes: 4726.942
---------------------------------------
Total T: 876000 Episode Num: 876 Episode T: 1000 Reward: 4822.000
Total T: 877000 Episode Num: 877 Episode T: 1000 Reward: 4649.817
Total T: 878000 Episode Num: 878 Episode T: 1000 Reward: 4750.201
Total T: 879000 Episode Num: 879 Episode T: 1000 Reward: 4672.516
Total T: 880000 Episode Num: 880 Episode T: 1000 Reward: 4854.027
---------------------------------------
Evaluation over 10 episodes: 4695.265
---------------------------------------
Total T: 881000 Episode Num: 881 Episode T: 1000 Reward: 4745.505
Total T: 882000 Episode Num: 882 Episode T: 1000 Reward: 4665.579
Total T: 883000 Episode Num: 883 Episode T: 1000 Reward: 4718.711
Total T: 884000 Episode Num: 884 Episode T: 1000 Reward: 2043.464
Total T: 885000 Episode Num: 885 Episode T: 1000 Reward: 4737.662
---------------------------------------
Evaluation over 10 episodes: 4762.303
---------------------------------------
Total T: 886000 Episode Num: 886 Episode T: 1000 Reward: 4675.891
Total T: 887000 Episode Num: 887 Episode T: 1000 Reward: 4528.095
Total T: 888000 Episode Num: 888 Episode T: 1000 Reward: 4486.112
Total T: 889000 Episode Num: 889 Episode T: 1000 Reward: 4792.491
Total T: 890000 Episode Num: 890 Episode T: 1000 Reward: 4690.255
---------------------------------------
Evaluation over 10 episodes: 4784.050
---------------------------------------
Total T: 891000 Episode Num: 891 Episode T: 1000 Reward: 4810.199
Total T: 892000 Episode Num: 892 Episode T: 1000 Reward: 4780.968
Total T: 893000 Episode Num: 893 Episode T: 1000 Reward: 4824.764
Total T: 894000 Episode Num: 894 Episode T: 1000 Reward: 4666.724
Total T: 895000 Episode Num: 895 Episode T: 1000 Reward: 4831.303
---------------------------------------
Evaluation over 10 episodes: 4771.356
---------------------------------------
Total T: 896000 Episode Num: 896 Episode T: 1000 Reward: 4752.226
Total T: 897000 Episode Num: 897 Episode T: 1000 Reward: 4774.532
Total T: 898000 Episode Num: 898 Episode T: 1000 Reward: 4873.787
Total T: 899000 Episode Num: 899 Episode T: 1000 Reward: 4921.951
Total T: 900000 Episode Num: 900 Episode T: 1000 Reward: 4785.074
---------------------------------------
Evaluation over 10 episodes: 4721.550
---------------------------------------
Total T: 901000 Episode Num: 901 Episode T: 1000 Reward: 4819.199
Total T: 902000 Episode Num: 902 Episode T: 1000 Reward: 4856.029
Total T: 903000 Episode Num: 903 Episode T: 1000 Reward: 4849.605
Total T: 904000 Episode Num: 904 Episode T: 1000 Reward: 4891.986
Total T: 905000 Episode Num: 905 Episode T: 1000 Reward: 4828.572
---------------------------------------
Evaluation over 10 episodes: 4841.906
---------------------------------------
Total T: 906000 Episode Num: 906 Episode T: 1000 Reward: 4684.764
Total T: 907000 Episode Num: 907 Episode T: 1000 Reward: 4663.482
Total T: 908000 Episode Num: 908 Episode T: 1000 Reward: 4891.556
Total T: 909000 Episode Num: 909 Episode T: 1000 Reward: 4977.505
Total T: 910000 Episode Num: 910 Episode T: 1000 Reward: 4975.752
---------------------------------------
Evaluation over 10 episodes: 4501.073
---------------------------------------
Total T: 911000 Episode Num: 911 Episode T: 1000 Reward: 4872.764
Total T: 912000 Episode Num: 912 Episode T: 1000 Reward: 4824.176
Total T: 913000 Episode Num: 913 Episode T: 1000 Reward: 4947.828
Total T: 914000 Episode Num: 914 Episode T: 1000 Reward: 4880.889
Total T: 915000 Episode Num: 915 Episode T: 1000 Reward: 4818.008
---------------------------------------
Evaluation over 10 episodes: 4879.337
---------------------------------------
Total T: 916000 Episode Num: 916 Episode T: 1000 Reward: 4987.194
Total T: 917000 Episode Num: 917 Episode T: 1000 Reward: 4887.383
Total T: 918000 Episode Num: 918 Episode T: 1000 Reward: 5071.404