---------------------------------------
Policy: TD3, Env: HalfCheetah-v2, Seed: 0
---------------------------------------
---------------------------------------
Evaluation over 10 episodes: -1.043
---------------------------------------
Total T: 1000 Episode Num: 1 Episode T: 1000 Reward: -261.659
Total T: 2000 Episode Num: 2 Episode T: 1000 Reward: -216.821
Total T: 3000 Episode Num: 3 Episode T: 1000 Reward: -352.048
Total T: 4000 Episode Num: 4 Episode T: 1000 Reward: -336.229
Total T: 5000 Episode Num: 5 Episode T: 1000 Reward: -303.598
---------------------------------------
Evaluation over 10 episodes: -1.013
---------------------------------------
Total T: 6000 Episode Num: 6 Episode T: 1000 Reward: -397.324
Total T: 7000 Episode Num: 7 Episode T: 1000 Reward: -209.036
Total T: 8000 Episode Num: 8 Episode T: 1000 Reward: -366.579
Total T: 9000 Episode Num: 9 Episode T: 1000 Reward: -503.036
Total T: 10000 Episode Num: 10 Episode T: 1000 Reward: -305.625
---------------------------------------
Evaluation over 10 episodes: -0.991
---------------------------------------
Total T: 11000 Episode Num: 11 Episode T: 1000 Reward: -281.151
Total T: 12000 Episode Num: 12 Episode T: 1000 Reward: -216.049
Total T: 13000 Episode Num: 13 Episode T: 1000 Reward: -322.967
Total T: 14000 Episode Num: 14 Episode T: 1000 Reward: -322.458
Total T: 15000 Episode Num: 15 Episode T: 1000 Reward: -294.095
---------------------------------------
Evaluation over 10 episodes: -1.025
---------------------------------------
Total T: 16000 Episode Num: 16 Episode T: 1000 Reward: -265.177
Total T: 17000 Episode Num: 17 Episode T: 1000 Reward: -459.879
Total T: 18000 Episode Num: 18 Episode T: 1000 Reward: -297.238
Total T: 19000 Episode Num: 19 Episode T: 1000 Reward: -103.125
Total T: 20000 Episode Num: 20 Episode T: 1000 Reward: -264.306
---------------------------------------
Evaluation over 10 episodes: -0.987
---------------------------------------
Total T: 21000 Episode Num: 21 Episode T: 1000 Reward: -302.229
Total T: 22000 Episode Num: 22 Episode T: 1000 Reward: -418.024
Total T: 23000 Episode Num: 23 Episode T: 1000 Reward: -220.160
Total T: 24000 Episode Num: 24 Episode T: 1000 Reward: -449.687
Total T: 25000 Episode Num: 25 Episode T: 1000 Reward: -200.846
---------------------------------------
Evaluation over 10 episodes: -0.999
---------------------------------------
Total T: 26000 Episode Num: 26 Episode T: 1000 Reward: -331.076
Total T: 27000 Episode Num: 27 Episode T: 1000 Reward: -354.279
Total T: 28000 Episode Num: 28 Episode T: 1000 Reward: -365.168
Total T: 29000 Episode Num: 29 Episode T: 1000 Reward: -400.012
Total T: 30000 Episode Num: 30 Episode T: 1000 Reward: -419.768
---------------------------------------
Evaluation over 10 episodes: -401.572
---------------------------------------
Total T: 31000 Episode Num: 31 Episode T: 1000 Reward: -398.084
Total T: 32000 Episode Num: 32 Episode T: 1000 Reward: -466.791
Total T: 33000 Episode Num: 33 Episode T: 1000 Reward: -376.028
Total T: 34000 Episode Num: 34 Episode T: 1000 Reward: -368.291
Total T: 35000 Episode Num: 35 Episode T: 1000 Reward: -520.013
---------------------------------------
Evaluation over 10 episodes: -579.572
---------------------------------------
Total T: 36000 Episode Num: 36 Episode T: 1000 Reward: -476.000
Total T: 37000 Episode Num: 37 Episode T: 1000 Reward: -28.344
Total T: 38000 Episode Num: 38 Episode T: 1000 Reward: 405.468
Total T: 39000 Episode Num: 39 Episode T: 1000 Reward: -252.174
Total T: 40000 Episode Num: 40 Episode T: 1000 Reward: -48.116
---------------------------------------
Evaluation over 10 episodes: 747.953
---------------------------------------
Total T: 41000 Episode Num: 41 Episode T: 1000 Reward: 1330.135
Total T: 42000 Episode Num: 42 Episode T: 1000 Reward: 163.767
Total T: 43000 Episode Num: 43 Episode T: 1000 Reward: 1794.664
Total T: 44000 Episode Num: 44 Episode T: 1000 Reward: 1610.410
Total T: 45000 Episode Num: 45 Episode T: 1000 Reward: 1724.363
---------------------------------------
Evaluation over 10 episodes: 1731.653
---------------------------------------
Total T: 46000 Episode Num: 46 Episode T: 1000 Reward: 1821.691
Total T: 47000 Episode Num: 47 Episode T: 1000 Reward: 1829.986
Total T: 48000 Episode Num: 48 Episode T: 1000 Reward: 2059.893
Total T: 49000 Episode Num: 49 Episode T: 1000 Reward: 2472.779
Total T: 50000 Episode Num: 50 Episode T: 1000 Reward: 2150.259
---------------------------------------
Evaluation over 10 episodes: 2132.952
---------------------------------------
Total T: 51000 Episode Num: 51 Episode T: 1000 Reward: 1115.208
Total T: 52000 Episode Num: 52 Episode T: 1000 Reward: -43.342
Total T: 53000 Episode Num: 53 Episode T: 1000 Reward: 1763.528
Total T: 54000 Episode Num: 54 Episode T: 1000 Reward: 2453.276
Total T: 55000 Episode Num: 55 Episode T: 1000 Reward: -144.717
---------------------------------------
Evaluation over 10 episodes: 2070.365
---------------------------------------
Total T: 56000 Episode Num: 56 Episode T: 1000 Reward: 2644.430
Total T: 57000 Episode Num: 57 Episode T: 1000 Reward: 2885.929
Total T: 58000 Episode Num: 58 Episode T: 1000 Reward: 2943.661
Total T: 59000 Episode Num: 59 Episode T: 1000 Reward: 2972.793
Total T: 60000 Episode Num: 60 Episode T: 1000 Reward: 3139.769
---------------------------------------
Evaluation over 10 episodes: 3053.356
---------------------------------------
Total T: 61000 Episode Num: 61 Episode T: 1000 Reward: 2974.882
Total T: 62000 Episode Num: 62 Episode T: 1000 Reward: 3061.505
Total T: 63000 Episode Num: 63 Episode T: 1000 Reward: 3157.007
Total T: 64000 Episode Num: 64 Episode T: 1000 Reward: 3253.249
Total T: 65000 Episode Num: 65 Episode T: 1000 Reward: 2990.307
---------------------------------------
Evaluation over 10 episodes: 3167.086
---------------------------------------
Total T: 66000 Episode Num: 66 Episode T: 1000 Reward: 3340.593
Total T: 67000 Episode Num: 67 Episode T: 1000 Reward: 3121.799
Total T: 68000 Episode Num: 68 Episode T: 1000 Reward: 2997.044
Total T: 69000 Episode Num: 69 Episode T: 1000 Reward: 3323.690
Total T: 70000 Episode Num: 70 Episode T: 1000 Reward: 3336.034
---------------------------------------
Evaluation over 10 episodes: 3374.721
---------------------------------------
Total T: 71000 Episode Num: 71 Episode T: 1000 Reward: 3314.667
Total T: 72000 Episode Num: 72 Episode T: 1000 Reward: 3593.929
Total T: 73000 Episode Num: 73 Episode T: 1000 Reward: 3283.310
Total T: 74000 Episode Num: 74 Episode T: 1000 Reward: 3532.171
Total T: 75000 Episode Num: 75 Episode T: 1000 Reward: 3530.714
---------------------------------------
Evaluation over 10 episodes: 3452.850
---------------------------------------
Total T: 76000 Episode Num: 76 Episode T: 1000 Reward: 3457.731
Total T: 77000 Episode Num: 77 Episode T: 1000 Reward: 3562.056
Total T: 78000 Episode Num: 78 Episode T: 1000 Reward: 3592.013
Total T: 79000 Episode Num: 79 Episode T: 1000 Reward: 3724.004
Total T: 80000 Episode Num: 80 Episode T: 1000 Reward: 3874.041
---------------------------------------
Evaluation over 10 episodes: 3715.696
---------------------------------------
Total T: 81000 Episode Num: 81 Episode T: 1000 Reward: 3910.840
Total T: 82000 Episode Num: 82 Episode T: 1000 Reward: 3800.818
Total T: 83000 Episode Num: 83 Episode T: 1000 Reward: 3833.658
Total T: 84000 Episode Num: 84 Episode T: 1000 Reward: 3880.499
Total T: 85000 Episode Num: 85 Episode T: 1000 Reward: 3827.487
---------------------------------------
Evaluation over 10 episodes: 3438.172
---------------------------------------
Total T: 86000 Episode Num: 86 Episode T: 1000 Reward: 3892.092
Total T: 87000 Episode Num: 87 Episode T: 1000 Reward: 3552.154
Total T: 88000 Episode Num: 88 Episode T: 1000 Reward: 3731.822
Total T: 89000 Episode Num: 89 Episode T: 1000 Reward: 3785.624
Total T: 90000 Episode Num: 90 Episode T: 1000 Reward: 4062.492
---------------------------------------
Evaluation over 10 episodes: 4031.074
---------------------------------------
Total T: 91000 Episode Num: 91 Episode T: 1000 Reward: 3787.841
Total T: 92000 Episode Num: 92 Episode T: 1000 Reward: 4032.897