---------------------------------------
Policy: TD3, Env: HalfCheetah-v2, Seed: 1
---------------------------------------
---------------------------------------
Evaluation over 10 episodes: -1.629
---------------------------------------
Total T: 1000 Episode Num: 1 Episode T: 1000 Reward: -289.910
Total T: 2000 Episode Num: 2 Episode T: 1000 Reward: -324.747
Total T: 3000 Episode Num: 3 Episode T: 1000 Reward: -226.972
Total T: 4000 Episode Num: 4 Episode T: 1000 Reward: -376.520
Total T: 5000 Episode Num: 5 Episode T: 1000 Reward: -339.025
---------------------------------------
Evaluation over 10 episodes: -1.620
---------------------------------------
Total T: 6000 Episode Num: 6 Episode T: 1000 Reward: -290.443
Total T: 7000 Episode Num: 7 Episode T: 1000 Reward: -378.552
Total T: 8000 Episode Num: 8 Episode T: 1000 Reward: -174.591
Total T: 9000 Episode Num: 9 Episode T: 1000 Reward: -293.686
Total T: 10000 Episode Num: 10 Episode T: 1000 Reward: -151.878
---------------------------------------
Evaluation over 10 episodes: -1.621
---------------------------------------
Total T: 11000 Episode Num: 11 Episode T: 1000 Reward: -311.801
Total T: 12000 Episode Num: 12 Episode T: 1000 Reward: -469.659
Total T: 13000 Episode Num: 13 Episode T: 1000 Reward: -389.876
Total T: 14000 Episode Num: 14 Episode T: 1000 Reward: -237.300
Total T: 15000 Episode Num: 15 Episode T: 1000 Reward: -236.875
---------------------------------------
Evaluation over 10 episodes: -1.632
---------------------------------------
Total T: 16000 Episode Num: 16 Episode T: 1000 Reward: -242.411
Total T: 17000 Episode Num: 17 Episode T: 1000 Reward: -278.336
Total T: 18000 Episode Num: 18 Episode T: 1000 Reward: -111.960
Total T: 19000 Episode Num: 19 Episode T: 1000 Reward: -239.255
Total T: 20000 Episode Num: 20 Episode T: 1000 Reward: -412.301
---------------------------------------
Evaluation over 10 episodes: -1.608
---------------------------------------
Total T: 21000 Episode Num: 21 Episode T: 1000 Reward: -348.264
Total T: 22000 Episode Num: 22 Episode T: 1000 Reward: -236.999
Total T: 23000 Episode Num: 23 Episode T: 1000 Reward: -243.251
Total T: 24000 Episode Num: 24 Episode T: 1000 Reward: -122.857
Total T: 25000 Episode Num: 25 Episode T: 1000 Reward: -316.800
---------------------------------------
Evaluation over 10 episodes: -1.608
---------------------------------------
Total T: 26000 Episode Num: 26 Episode T: 1000 Reward: -304.720
Total T: 27000 Episode Num: 27 Episode T: 1000 Reward: -330.244
Total T: 28000 Episode Num: 28 Episode T: 1000 Reward: -415.225
Total T: 29000 Episode Num: 29 Episode T: 1000 Reward: -111.783
Total T: 30000 Episode Num: 30 Episode T: 1000 Reward: -277.093
---------------------------------------
Evaluation over 10 episodes: -227.455
---------------------------------------
Total T: 31000 Episode Num: 31 Episode T: 1000 Reward: -279.233
Total T: 32000 Episode Num: 32 Episode T: 1000 Reward: -475.163
Total T: 33000 Episode Num: 33 Episode T: 1000 Reward: -481.913
Total T: 34000 Episode Num: 34 Episode T: 1000 Reward: -367.573
Total T: 35000 Episode Num: 35 Episode T: 1000 Reward: -109.005
---------------------------------------
Evaluation over 10 episodes: -127.865
---------------------------------------
Total T: 36000 Episode Num: 36 Episode T: 1000 Reward: -171.386
Total T: 37000 Episode Num: 37 Episode T: 1000 Reward: -295.808
Total T: 38000 Episode Num: 38 Episode T: 1000 Reward: -200.211
Total T: 39000 Episode Num: 39 Episode T: 1000 Reward: 61.805
Total T: 40000 Episode Num: 40 Episode T: 1000 Reward: 695.242
---------------------------------------
Evaluation over 10 episodes: 691.659
---------------------------------------
Total T: 41000 Episode Num: 41 Episode T: 1000 Reward: 674.434
Total T: 42000 Episode Num: 42 Episode T: 1000 Reward: 694.613
Total T: 43000 Episode Num: 43 Episode T: 1000 Reward: 1471.856
Total T: 44000 Episode Num: 44 Episode T: 1000 Reward: 102.669
Total T: 45000 Episode Num: 45 Episode T: 1000 Reward: 1573.188
---------------------------------------
Evaluation over 10 episodes: 1180.137
---------------------------------------
Total T: 46000 Episode Num: 46 Episode T: 1000 Reward: 1811.284
Total T: 47000 Episode Num: 47 Episode T: 1000 Reward: 399.611
Total T: 48000 Episode Num: 48 Episode T: 1000 Reward: 1805.281
Total T: 49000 Episode Num: 49 Episode T: 1000 Reward: 2067.347
Total T: 50000 Episode Num: 50 Episode T: 1000 Reward: 2261.188
---------------------------------------
Evaluation over 10 episodes: 2103.807
---------------------------------------
Total T: 51000 Episode Num: 51 Episode T: 1000 Reward: 2242.153
Total T: 52000 Episode Num: 52 Episode T: 1000 Reward: 1594.943
Total T: 53000 Episode Num: 53 Episode T: 1000 Reward: 2334.872
Total T: 54000 Episode Num: 54 Episode T: 1000 Reward: 2542.989
Total T: 55000 Episode Num: 55 Episode T: 1000 Reward: 2321.098
---------------------------------------
Evaluation over 10 episodes: 2447.156
---------------------------------------
Total T: 56000 Episode Num: 56 Episode T: 1000 Reward: 2407.900
Total T: 57000 Episode Num: 57 Episode T: 1000 Reward: 2655.465
Total T: 58000 Episode Num: 58 Episode T: 1000 Reward: 1721.925
Total T: 59000 Episode Num: 59 Episode T: 1000 Reward: 2687.974
Total T: 60000 Episode Num: 60 Episode T: 1000 Reward: 2565.910
---------------------------------------
Evaluation over 10 episodes: 2387.018
---------------------------------------
Total T: 61000 Episode Num: 61 Episode T: 1000 Reward: 2833.195
Total T: 62000 Episode Num: 62 Episode T: 1000 Reward: 2450.306
Total T: 63000 Episode Num: 63 Episode T: 1000 Reward: 2784.161
Total T: 64000 Episode Num: 64 Episode T: 1000 Reward: 2677.054
Total T: 65000 Episode Num: 65 Episode T: 1000 Reward: 1330.571
---------------------------------------
Evaluation over 10 episodes: 2926.033
---------------------------------------
Total T: 66000 Episode Num: 66 Episode T: 1000 Reward: 2517.402
Total T: 67000 Episode Num: 67 Episode T: 1000 Reward: 1925.137
Total T: 68000 Episode Num: 68 Episode T: 1000 Reward: 2619.461
Total T: 69000 Episode Num: 69 Episode T: 1000 Reward: 2998.972
Total T: 70000 Episode Num: 70 Episode T: 1000 Reward: 3183.190
---------------------------------------
Evaluation over 10 episodes: 3074.951
---------------------------------------
Total T: 71000 Episode Num: 71 Episode T: 1000 Reward: 3059.975
Total T: 72000 Episode Num: 72 Episode T: 1000 Reward: 3288.532
Total T: 73000 Episode Num: 73 Episode T: 1000 Reward: 3328.265
Total T: 74000 Episode Num: 74 Episode T: 1000 Reward: 3373.251
Total T: 75000 Episode Num: 75 Episode T: 1000 Reward: 2485.095
---------------------------------------
Evaluation over 10 episodes: 3359.121
---------------------------------------
Total T: 76000 Episode Num: 76 Episode T: 1000 Reward: 3405.159
Total T: 77000 Episode Num: 77 Episode T: 1000 Reward: 3448.924
Total T: 78000 Episode Num: 78 Episode T: 1000 Reward: 3597.995
Total T: 79000 Episode Num: 79 Episode T: 1000 Reward: 3815.509
Total T: 80000 Episode Num: 80 Episode T: 1000 Reward: 3824.594
---------------------------------------
Evaluation over 10 episodes: 3897.260
---------------------------------------
Total T: 81000 Episode Num: 81 Episode T: 1000 Reward: 3791.316
Total T: 82000 Episode Num: 82 Episode T: 1000 Reward: 3926.217
Total T: 83000 Episode Num: 83 Episode T: 1000 Reward: 3947.517
Total T: 84000 Episode Num: 84 Episode T: 1000 Reward: 4070.344
Total T: 85000 Episode Num: 85 Episode T: 1000 Reward: 3893.764
---------------------------------------
Evaluation over 10 episodes: 4011.921
---------------------------------------
Total T: 86000 Episode Num: 86 Episode T: 1000 Reward: 4063.765
Total T: 87000 Episode Num: 87 Episode T: 1000 Reward: 4101.583
Total T: 88000 Episode Num: 88 Episode T: 1000 Reward: 4119.392
Total T: 89000 Episode Num: 89 Episode T: 1000 Reward: 4198.143
Total T: 90000 Episode Num: 90 Episode T: 1000 Reward: 3956.574
---------------------------------------
Evaluation over 10 episodes: 4165.493
---------------------------------------
Total T: 91000 Episode Num: 91 Episode T: 1000 Reward: 4166.558
Total T: 92000 Episode Num: 92 Episode T: 1000 Reward: 4247.278
Total T: 93000 Episode Num: 93 Episode T: 1000 Reward: 4221.801
Total T: 94000 Episode Num: 94 Episode T: 1000 Reward: 4199.721
Total T: 95000 Episode Num: 95 Episode T: 1000 Reward: 4232.033
---------------------------------------
Evaluation over 10 episodes: 4231.305
---------------------------------------
Total T: 96000 Episode Num: 96 Episode T: 1000 Reward: 4157.035
Total T: 97000 Episode Num: 97 Episode T: 1000 Reward: 4231.735
Total T: 98000 Episode Num: 98 Episode T: 1000 Reward: 4344.858
Total T: 99000 Episode Num: 99 Episode T: 1000 Reward: 4266.407
Total T: 100000 Episode Num: 100 Episode T: 1000 Reward: 4374.851
---------------------------------------
Evaluation over 10 episodes: 4372.811
---------------------------------------
Total T: 101000 Episode Num: 101 Episode T: 1000 Reward: 4542.200
Total T: 102000 Episode Num: 102 Episode T: 1000 Reward: 4393.270
Total T: 103000 Episode Num: 103 Episode T: 1000 Reward: 4383.719
Total T: 104000 Episode Num: 104 Episode T: 1000 Reward: 4490.837
Total T: 105000 Episode Num: 105 Episode T: 1000 Reward: 4499.924
---------------------------------------
Evaluation over 10 episodes: 4601.854
---------------------------------------
Total T: 106000 Episode Num: 106 Episode T: 1000 Reward: 4346.522
Total T: 107000 Episode Num: 107 Episode T: 1000 Reward: 4696.411
Total T: 108000 Episode Num: 108 Episode T: 1000 Reward: 4550.001
Total T: 109000 Episode Num: 109 Episode T: 1000 Reward: 4623.611
Total T: 110000 Episode Num: 110 Episode T: 1000 Reward: 4583.087
---------------------------------------
Evaluation over 10 episodes: 4695.326
---------------------------------------
Total T: 111000 Episode Num: 111 Episode T: 1000 Reward: 4668.290
Total T: 112000 Episode Num: 112 Episode T: 1000 Reward: 4713.113
Total T: 113000 Episode Num: 113 Episode T: 1000 Reward: 4736.330
Total T: 114000 Episode Num: 114 Episode T: 1000 Reward: 4682.835
Total T: 115000 Episode Num: 115 Episode T: 1000 Reward: 4854.514
---------------------------------------
Evaluation over 10 episodes: 4404.168
---------------------------------------
Total T: 116000 Episode Num: 116 Episode T: 1000 Reward: 4747.388
Total T: 117000 Episode Num: 117 Episode T: 1000 Reward: 4809.054
Total T: 118000 Episode Num: 118 Episode T: 1000 Reward: 4674.620
Total T: 119000 Episode Num: 119 Episode T: 1000 Reward: 4709.413
Total T: 120000 Episode Num: 120 Episode T: 1000 Reward: 4848.896
---------------------------------------
Evaluation over 10 episodes: 4785.389
---------------------------------------
Total T: 121000 Episode Num: 121 Episode T: 1000 Reward: 4869.844
Total T: 122000 Episode Num: 122 Episode T: 1000 Reward: 4645.712
Total T: 123000 Episode Num: 123 Episode T: 1000 Reward: 4863.781
Total T: 124000 Episode Num: 124 Episode T: 1000 Reward: 4800.919
Total T: 125000 Episode Num: 125 Episode T: 1000 Reward: 4736.513
---------------------------------------
Evaluation over 10 episodes: 4862.253
---------------------------------------
Total T: 126000 Episode Num: 126 Episode T: 1000 Reward: 4864.548
Total T: 127000 Episode Num: 127 Episode T: 1000 Reward: 4834.612
Total T: 128000 Episode Num: 128 Episode T: 1000 Reward: 4847.516
Total T: 129000 Episode Num: 129 Episode T: 1000 Reward: 4840.335
Total T: 130000 Episode Num: 130 Episode T: 1000 Reward: 4986.008
---------------------------------------
Evaluation over 10 episodes: 4913.666
---------------------------------------
Total T: 131000 Episode Num: 131 Episode T: 1000 Reward: 4907.058
Total T: 132000 Episode Num: 132 Episode T: 1000 Reward: 5016.496
Total T: 133000 Episode Num: 133 Episode T: 1000 Reward: 4939.497
Total T: 134000 Episode Num: 134 Episode T: 1000 Reward: 4928.130
Total T: 135000 Episode Num: 135 Episode T: 1000 Reward: 4988.158
---------------------------------------
Evaluation over 10 episodes: 4949.013
---------------------------------------
Total T: 136000 Episode Num: 136 Episode T: 1000 Reward: 4977.219
Total T: 137000 Episode Num: 137 Episode T: 1000 Reward: 4962.894
Total T: 138000 Episode Num: 138 Episode T: 1000 Reward: 4995.736
Total T: 139000 Episode Num: 139 Episode T: 1000 Reward: 5154.319
Total T: 140000 Episode Num: 140 Episode T: 1000 Reward: 4917.246
---------------------------------------
Evaluation over 10 episodes: 5103.339
---------------------------------------
Total T: 141000 Episode Num: 141 Episode T: 1000 Reward: 5053.260
Total T: 142000 Episode Num: 142 Episode T: 1000 Reward: 5028.472
Total T: 143000 Episode Num: 143 Episode T: 1000 Reward: 4939.539
Total T: 144000 Episode Num: 144 Episode T: 1000 Reward: 4981.063
Total T: 145000 Episode Num: 145 Episode T: 1000 Reward: 5132.083
---------------------------------------
Evaluation over 10 episodes: 5130.555
---------------------------------------
Total T: 146000 Episode Num: 146 Episode T: 1000 Reward: 5020.449
Total T: 147000 Episode Num: 147 Episode T: 1000 Reward: 4971.588
Total T: 148000 Episode Num: 148 Episode T: 1000 Reward: 5197.532
Total T: 149000 Episode Num: 149 Episode T: 1000 Reward: 5122.323
Total T: 150000 Episode Num: 150 Episode T: 1000 Reward: 5107.964
---------------------------------------
Evaluation over 10 episodes: 5090.674
---------------------------------------
Total T: 151000 Episode Num: 151 Episode T: 1000 Reward: 5114.262
Total T: 152000 Episode Num: 152 Episode T: 1000 Reward: 5122.872
Total T: 153000 Episode Num: 153 Episode T: 1000 Reward: 5114.609
Total T: 154000 Episode Num: 154 Episode T: 1000 Reward: 5098.599
Total T: 155000 Episode Num: 155 Episode T: 1000 Reward: 5040.877
---------------------------------------
Evaluation over 10 episodes: 5180.623
---------------------------------------
Total T: 156000 Episode Num: 156 Episode T: 1000 Reward: 5017.093
Total T: 157000 Episode Num: 157 Episode T: 1000 Reward: 5216.402
Total T: 158000 Episode Num: 158 Episode T: 1000 Reward: 5010.681
Total T: 159000 Episode Num: 159 Episode T: 1000 Reward: 5136.326
Total T: 160000 Episode Num: 160 Episode T: 1000 Reward: 5046.338
---------------------------------------
Evaluation over 10 episodes: 5158.558
---------------------------------------
Total T: 161000 Episode Num: 161 Episode T: 1000 Reward: 5138.775
Total T: 162000 Episode Num: 162 Episode T: 1000 Reward: 5208.071
Total T: 163000 Episode Num: 163 Episode T: 1000 Reward: 5153.230
Total T: 164000 Episode Num: 164 Episode T: 1000 Reward: 5165.790
Total T: 165000 Episode Num: 165 Episode T: 1000 Reward: 5080.977
---------------------------------------
Evaluation over 10 episodes: 5246.464
---------------------------------------
Total T: 166000 Episode Num: 166 Episode T: 1000 Reward: 5199.153
Total T: 167000 Episode Num: 167 Episode T: 1000 Reward: 5193.980
Total T: 168000 Episode Num: 168 Episode T: 1000 Reward: 5247.403
Total T: 169000 Episode Num: 169 Episode T: 1000 Reward: 5244.717
Total T: 170000 Episode Num: 170 Episode T: 1000 Reward: 5248.998
---------------------------------------
Evaluation over 10 episodes: 5301.347
---------------------------------------
Total T: 171000 Episode Num: 171 Episode T: 1000 Reward: 5085.053
Total T: 172000 Episode Num: 172 Episode T: 1000 Reward: 5265.146
Total T: 173000 Episode Num: 173 Episode T: 1000 Reward: 5255.491
Total T: 174000 Episode Num: 174 Episode T: 1000 Reward: 5295.789
Total T: 175000 Episode Num: 175 Episode T: 1000 Reward: 5304.769
---------------------------------------
Evaluation over 10 episodes: 5257.396
---------------------------------------
Total T: 176000 Episode Num: 176 Episode T: 1000 Reward: 5305.601
Total T: 177000 Episode Num: 177 Episode T: 1000 Reward: 5303.779
Total T: 178000 Episode Num: 178 Episode T: 1000 Reward: 5233.319
Total T: 179000 Episode Num: 179 Episode T: 1000 Reward: 5296.666
Total T: 180000 Episode Num: 180 Episode T: 1000 Reward: 5328.364
---------------------------------------
Evaluation over 10 episodes: 5323.116
---------------------------------------
Total T: 181000 Episode Num: 181 Episode T: 1000 Reward: 5281.170
Total T: 182000 Episode Num: 182 Episode T: 1000 Reward: 5381.432
Total T: 183000 Episode Num: 183 Episode T: 1000 Reward: 5277.036
Total T: 184000 Episode Num: 184 Episode T: 1000 Reward: 5357.404
Total T: 185000 Episode Num: 185 Episode T: 1000 Reward: 5415.810