---------------------------------------
Policy: TD3, Env: HalfCheetah-v2, Seed: 0
---------------------------------------
---------------------------------------
Evaluation over 10 episodes: -0.919
---------------------------------------
Total T: 1000 Episode Num: 1 Episode T: 1000 Reward: -182.341
Total T: 2000 Episode Num: 2 Episode T: 1000 Reward: -236.056
Total T: 3000 Episode Num: 3 Episode T: 1000 Reward: -385.386
Total T: 4000 Episode Num: 4 Episode T: 1000 Reward: -220.553
Total T: 5000 Episode Num: 5 Episode T: 1000 Reward: -256.814
---------------------------------------
Evaluation over 10 episodes: -0.909
---------------------------------------
Total T: 6000 Episode Num: 6 Episode T: 1000 Reward: -278.597
Total T: 7000 Episode Num: 7 Episode T: 1000 Reward: -323.286
Total T: 8000 Episode Num: 8 Episode T: 1000 Reward: -236.201
Total T: 9000 Episode Num: 9 Episode T: 1000 Reward: -102.400
Total T: 10000 Episode Num: 10 Episode T: 1000 Reward: -292.747
---------------------------------------
Evaluation over 10 episodes: -0.906
---------------------------------------
Total T: 11000 Episode Num: 11 Episode T: 1000 Reward: -173.070
Total T: 12000 Episode Num: 12 Episode T: 1000 Reward: -315.709
Total T: 13000 Episode Num: 13 Episode T: 1000 Reward: -308.615
Total T: 14000 Episode Num: 14 Episode T: 1000 Reward: -269.582
Total T: 15000 Episode Num: 15 Episode T: 1000 Reward: -195.369
---------------------------------------
Evaluation over 10 episodes: -0.913
---------------------------------------
Total T: 16000 Episode Num: 16 Episode T: 1000 Reward: -297.113
Total T: 17000 Episode Num: 17 Episode T: 1000 Reward: -261.757
Total T: 18000 Episode Num: 18 Episode T: 1000 Reward: -184.216
Total T: 19000 Episode Num: 19 Episode T: 1000 Reward: -276.158
Total T: 20000 Episode Num: 20 Episode T: 1000 Reward: -351.804
---------------------------------------
Evaluation over 10 episodes: -0.895
---------------------------------------
Total T: 21000 Episode Num: 21 Episode T: 1000 Reward: -413.040
Total T: 22000 Episode Num: 22 Episode T: 1000 Reward: -174.229
Total T: 23000 Episode Num: 23 Episode T: 1000 Reward: -171.713
Total T: 24000 Episode Num: 24 Episode T: 1000 Reward: -356.593
Total T: 25000 Episode Num: 25 Episode T: 1000 Reward: -258.518
---------------------------------------
Evaluation over 10 episodes: -0.900
---------------------------------------
Total T: 26000 Episode Num: 26 Episode T: 1000 Reward: -270.665
Total T: 27000 Episode Num: 27 Episode T: 1000 Reward: -361.672
Total T: 28000 Episode Num: 28 Episode T: 1000 Reward: -364.224
Total T: 29000 Episode Num: 29 Episode T: 1000 Reward: -271.764
Total T: 30000 Episode Num: 30 Episode T: 1000 Reward: -540.287
---------------------------------------
Evaluation over 10 episodes: -378.258
---------------------------------------
Total T: 31000 Episode Num: 31 Episode T: 1000 Reward: -469.699
Total T: 32000 Episode Num: 32 Episode T: 1000 Reward: -272.591
Total T: 33000 Episode Num: 33 Episode T: 1000 Reward: -469.198
Total T: 34000 Episode Num: 34 Episode T: 1000 Reward: -395.837
Total T: 35000 Episode Num: 35 Episode T: 1000 Reward: -223.793
---------------------------------------
Evaluation over 10 episodes: -57.472
---------------------------------------
Total T: 36000 Episode Num: 36 Episode T: 1000 Reward: -252.899
Total T: 37000 Episode Num: 37 Episode T: 1000 Reward: 254.091
Total T: 38000 Episode Num: 38 Episode T: 1000 Reward: 150.721
Total T: 39000 Episode Num: 39 Episode T: 1000 Reward: 267.590
Total T: 40000 Episode Num: 40 Episode T: 1000 Reward: 409.873
---------------------------------------
Evaluation over 10 episodes: 416.132
---------------------------------------
Total T: 41000 Episode Num: 41 Episode T: 1000 Reward: 1363.921
Total T: 42000 Episode Num: 42 Episode T: 1000 Reward: 721.213
Total T: 43000 Episode Num: 43 Episode T: 1000 Reward: 1667.956
Total T: 44000 Episode Num: 44 Episode T: 1000 Reward: 1511.779
Total T: 45000 Episode Num: 45 Episode T: 1000 Reward: 1869.844
---------------------------------------
Evaluation over 10 episodes: 2048.288
---------------------------------------
Total T: 46000 Episode Num: 46 Episode T: 1000 Reward: 1926.876
Total T: 47000 Episode Num: 47 Episode T: 1000 Reward: 2140.487
Total T: 48000 Episode Num: 48 Episode T: 1000 Reward: 2156.476
Total T: 49000 Episode Num: 49 Episode T: 1000 Reward: 2287.671
Total T: 50000 Episode Num: 50 Episode T: 1000 Reward: 2294.564
---------------------------------------
Evaluation over 10 episodes: 2232.925
---------------------------------------
Total T: 51000 Episode Num: 51 Episode T: 1000 Reward: 2201.741
Total T: 52000 Episode Num: 52 Episode T: 1000 Reward: 2446.814
Total T: 53000 Episode Num: 53 Episode T: 1000 Reward: 2124.966
Total T: 54000 Episode Num: 54 Episode T: 1000 Reward: 2572.357
Total T: 55000 Episode Num: 55 Episode T: 1000 Reward: 2234.083
---------------------------------------
Evaluation over 10 episodes: 2331.940
---------------------------------------
Total T: 56000 Episode Num: 56 Episode T: 1000 Reward: 2449.929
Total T: 57000 Episode Num: 57 Episode T: 1000 Reward: 2341.926
Total T: 58000 Episode Num: 58 Episode T: 1000 Reward: 2640.635
Total T: 59000 Episode Num: 59 Episode T: 1000 Reward: 2182.339
Total T: 60000 Episode Num: 60 Episode T: 1000 Reward: 2652.275
---------------------------------------
Evaluation over 10 episodes: 2408.921
---------------------------------------
Total T: 61000 Episode Num: 61 Episode T: 1000 Reward: 2236.455
Total T: 62000 Episode Num: 62 Episode T: 1000 Reward: 2645.895
Total T: 63000 Episode Num: 63 Episode T: 1000 Reward: 2611.610
Total T: 64000 Episode Num: 64 Episode T: 1000 Reward: 2697.289
Total T: 65000 Episode Num: 65 Episode T: 1000 Reward: 2751.313
---------------------------------------
Evaluation over 10 episodes: 2737.842
---------------------------------------
Total T: 66000 Episode Num: 66 Episode T: 1000 Reward: 2660.893
Total T: 67000 Episode Num: 67 Episode T: 1000 Reward: 2636.226
Total T: 68000 Episode Num: 68 Episode T: 1000 Reward: 2655.741
Total T: 69000 Episode Num: 69 Episode T: 1000 Reward: 2753.617
Total T: 70000 Episode Num: 70 Episode T: 1000 Reward: 2712.098
---------------------------------------
Evaluation over 10 episodes: 2687.433
---------------------------------------
Total T: 71000 Episode Num: 71 Episode T: 1000 Reward: 2633.628
Total T: 72000 Episode Num: 72 Episode T: 1000 Reward: 2858.096
Total T: 73000 Episode Num: 73 Episode T: 1000 Reward: 3109.840
Total T: 74000 Episode Num: 74 Episode T: 1000 Reward: 2846.122
Total T: 75000 Episode Num: 75 Episode T: 1000 Reward: 3064.871
---------------------------------------
Evaluation over 10 episodes: 3032.351
---------------------------------------
Total T: 76000 Episode Num: 76 Episode T: 1000 Reward: 3060.912
Total T: 77000 Episode Num: 77 Episode T: 1000 Reward: 2893.157
Total T: 78000 Episode Num: 78 Episode T: 1000 Reward: 3070.736
Total T: 79000 Episode Num: 79 Episode T: 1000 Reward: 3290.084
Total T: 80000 Episode Num: 80 Episode T: 1000 Reward: 3215.537
---------------------------------------
Evaluation over 10 episodes: 3245.888
---------------------------------------
Total T: 81000 Episode Num: 81 Episode T: 1000 Reward: 3101.058
Total T: 82000 Episode Num: 82 Episode T: 1000 Reward: 3325.335
Total T: 83000 Episode Num: 83 Episode T: 1000 Reward: 3242.490
Total T: 84000 Episode Num: 84 Episode T: 1000 Reward: 3185.918
Total T: 85000 Episode Num: 85 Episode T: 1000 Reward: 3228.710
---------------------------------------
Evaluation over 10 episodes: 3287.274
---------------------------------------
Total T: 86000 Episode Num: 86 Episode T: 1000 Reward: 3232.444
Total T: 87000 Episode Num: 87 Episode T: 1000 Reward: 3389.803
Total T: 88000 Episode Num: 88 Episode T: 1000 Reward: 3383.142
Total T: 89000 Episode Num: 89 Episode T: 1000 Reward: 3310.331
Total T: 90000 Episode Num: 90 Episode T: 1000 Reward: 3293.671
---------------------------------------
Evaluation over 10 episodes: 3422.349
---------------------------------------
Total T: 91000 Episode Num: 91 Episode T: 1000 Reward: 3336.107
Total T: 92000 Episode Num: 92 Episode T: 1000 Reward: 3448.364
Total T: 93000 Episode Num: 93 Episode T: 1000 Reward: 3446.735
Total T: 94000 Episode Num: 94 Episode T: 1000 Reward: 3394.224
Total T: 95000 Episode Num: 95 Episode T: 1000 Reward: 3369.772
---------------------------------------
Evaluation over 10 episodes: 3431.174
---------------------------------------
Total T: 96000 Episode Num: 96 Episode T: 1000 Reward: 3464.386
Total T: 97000 Episode Num: 97 Episode T: 1000 Reward: 3376.308
Total T: 98000 Episode Num: 98 Episode T: 1000 Reward: 3515.054
Total T: 99000 Episode Num: 99 Episode T: 1000 Reward: 3446.215
Total T: 100000 Episode Num: 100 Episode T: 1000 Reward: 3511.117
---------------------------------------
Evaluation over 10 episodes: 3518.371
---------------------------------------
Total T: 101000 Episode Num: 101 Episode T: 1000 Reward: 3324.021
Total T: 102000 Episode Num: 102 Episode T: 1000 Reward: 3454.722
Total T: 103000 Episode Num: 103 Episode T: 1000 Reward: 3517.858
Total T: 104000 Episode Num: 104 Episode T: 1000 Reward: 3465.436
Total T: 105000 Episode Num: 105 Episode T: 1000 Reward: 3572.655
---------------------------------------
Evaluation over 10 episodes: 3614.188
---------------------------------------
Total T: 106000 Episode Num: 106 Episode T: 1000 Reward: 3561.041
Total T: 107000 Episode Num: 107 Episode T: 1000 Reward: 3531.412
Total T: 108000 Episode Num: 108 Episode T: 1000 Reward: 3598.691
Total T: 109000 Episode Num: 109 Episode T: 1000 Reward: 3658.595
Total T: 110000 Episode Num: 110 Episode T: 1000 Reward: 3548.521
---------------------------------------
Evaluation over 10 episodes: 3618.790
---------------------------------------
Total T: 111000 Episode Num: 111 Episode T: 1000 Reward: 3760.227
Total T: 112000 Episode Num: 112 Episode T: 1000 Reward: 3627.107
Total T: 113000 Episode Num: 113 Episode T: 1000 Reward: 3632.772
Total T: 114000 Episode Num: 114 Episode T: 1000 Reward: 3654.929
Total T: 115000 Episode Num: 115 Episode T: 1000 Reward: 3730.271
---------------------------------------
Evaluation over 10 episodes: 3814.476
---------------------------------------
Total T: 116000 Episode Num: 116 Episode T: 1000 Reward: 3755.822
Total T: 117000 Episode Num: 117 Episode T: 1000 Reward: 3589.581
Total T: 118000 Episode Num: 118 Episode T: 1000 Reward: 3823.592
Total T: 119000 Episode Num: 119 Episode T: 1000 Reward: 3751.949
Total T: 120000 Episode Num: 120 Episode T: 1000 Reward: 3728.581
---------------------------------------
Evaluation over 10 episodes: 3855.448
---------------------------------------
Total T: 121000 Episode Num: 121 Episode T: 1000 Reward: 3875.977
Total T: 122000 Episode Num: 122 Episode T: 1000 Reward: 3934.059
Total T: 123000 Episode Num: 123 Episode T: 1000 Reward: 3948.827
Total T: 124000 Episode Num: 124 Episode T: 1000 Reward: 4063.141
Total T: 125000 Episode Num: 125 Episode T: 1000 Reward: 3807.567
---------------------------------------
Evaluation over 10 episodes: 3967.434
---------------------------------------
Total T: 126000 Episode Num: 126 Episode T: 1000 Reward: 3897.836
Total T: 127000 Episode Num: 127 Episode T: 1000 Reward: 3970.748
Total T: 128000 Episode Num: 128 Episode T: 1000 Reward: 4011.940
Total T: 129000 Episode Num: 129 Episode T: 1000 Reward: 4051.201
Total T: 130000 Episode Num: 130 Episode T: 1000 Reward: 4305.951
---------------------------------------
Evaluation over 10 episodes: 4227.779
---------------------------------------
Total T: 131000 Episode Num: 131 Episode T: 1000 Reward: 4473.591
Total T: 132000 Episode Num: 132 Episode T: 1000 Reward: 4121.010
Total T: 133000 Episode Num: 133 Episode T: 1000 Reward: 4244.632
Total T: 134000 Episode Num: 134 Episode T: 1000 Reward: 4306.009
Total T: 135000 Episode Num: 135 Episode T: 1000 Reward: 4491.110
---------------------------------------
Evaluation over 10 episodes: 4254.932
---------------------------------------
Total T: 136000 Episode Num: 136 Episode T: 1000 Reward: 4286.303
Total T: 137000 Episode Num: 137 Episode T: 1000 Reward: 4455.530
Total T: 138000 Episode Num: 138 Episode T: 1000 Reward: 4503.150
Total T: 139000 Episode Num: 139 Episode T: 1000 Reward: 4473.745
Total T: 140000 Episode Num: 140 Episode T: 1000 Reward: 4528.720
---------------------------------------
Evaluation over 10 episodes: 4443.568
---------------------------------------
Total T: 141000 Episode Num: 141 Episode T: 1000 Reward: 4464.151
Total T: 142000 Episode Num: 142 Episode T: 1000 Reward: 4496.104
Total T: 143000 Episode Num: 143 Episode T: 1000 Reward: 4524.837
Total T: 144000 Episode Num: 144 Episode T: 1000 Reward: 4653.349
Total T: 145000 Episode Num: 145 Episode T: 1000 Reward: 4506.452
---------------------------------------
Evaluation over 10 episodes: 4768.156
---------------------------------------
Total T: 146000 Episode Num: 146 Episode T: 1000 Reward: 4680.748
Total T: 147000 Episode Num: 147 Episode T: 1000 Reward: 4541.049
Total T: 148000 Episode Num: 148 Episode T: 1000 Reward: 4691.310
Total T: 149000 Episode Num: 149 Episode T: 1000 Reward: 4638.572
Total T: 150000 Episode Num: 150 Episode T: 1000 Reward: 4871.859
---------------------------------------
Evaluation over 10 episodes: 4743.170
---------------------------------------
Total T: 151000 Episode Num: 151 Episode T: 1000 Reward: 4746.741
Total T: 152000 Episode Num: 152 Episode T: 1000 Reward: 4671.902
Total T: 153000 Episode Num: 153 Episode T: 1000 Reward: 4881.505
Total T: 154000 Episode Num: 154 Episode T: 1000 Reward: 4827.453
Total T: 155000 Episode Num: 155 Episode T: 1000 Reward: 4985.924
---------------------------------------
Evaluation over 10 episodes: 4881.836
---------------------------------------
Total T: 156000 Episode Num: 156 Episode T: 1000 Reward: 4962.995
Total T: 157000 Episode Num: 157 Episode T: 1000 Reward: 4906.404
Total T: 158000 Episode Num: 158 Episode T: 1000 Reward: 5027.522
Total T: 159000 Episode Num: 159 Episode T: 1000 Reward: 5079.488
Total T: 160000 Episode Num: 160 Episode T: 1000 Reward: 5030.403
---------------------------------------
Evaluation over 10 episodes: 5206.784
---------------------------------------
Total T: 161000 Episode Num: 161 Episode T: 1000 Reward: 4979.114
Total T: 162000 Episode Num: 162 Episode T: 1000 Reward: 5222.084
Total T: 163000 Episode Num: 163 Episode T: 1000 Reward: 4926.302
Total T: 164000 Episode Num: 164 Episode T: 1000 Reward: 5131.649
Total T: 165000 Episode Num: 165 Episode T: 1000 Reward: 5200.273
---------------------------------------
Evaluation over 10 episodes: 5370.079
---------------------------------------
Total T: 166000 Episode Num: 166 Episode T: 1000 Reward: 5108.485
Total T: 167000 Episode Num: 167 Episode T: 1000 Reward: 5223.478
Total T: 168000 Episode Num: 168 Episode T: 1000 Reward: 5042.386
Total T: 169000 Episode Num: 169 Episode T: 1000 Reward: 5206.712
Total T: 170000 Episode Num: 170 Episode T: 1000 Reward: 5194.600
---------------------------------------
Evaluation over 10 episodes: 5230.812
---------------------------------------
Total T: 171000 Episode Num: 171 Episode T: 1000 Reward: 5279.614
Total T: 172000 Episode Num: 172 Episode T: 1000 Reward: 5431.783
Total T: 173000 Episode Num: 173 Episode T: 1000 Reward: 5355.646
Total T: 174000 Episode Num: 174 Episode T: 1000 Reward: 5322.746
Total T: 175000 Episode Num: 175 Episode T: 1000 Reward: 5209.930
---------------------------------------
Evaluation over 10 episodes: 5299.349
---------------------------------------
Total T: 176000 Episode Num: 176 Episode T: 1000 Reward: 5396.185
Total T: 177000 Episode Num: 177 Episode T: 1000 Reward: 5420.018
Total T: 178000 Episode Num: 178 Episode T: 1000 Reward: 5423.935
Total T: 179000 Episode Num: 179 Episode T: 1000 Reward: 5405.128
Total T: 180000 Episode Num: 180 Episode T: 1000 Reward: 5380.750
---------------------------------------
Evaluation over 10 episodes: 5495.769
---------------------------------------
Total T: 181000 Episode Num: 181 Episode T: 1000 Reward: 5420.100
Total T: 182000 Episode Num: 182 Episode T: 1000 Reward: 5643.325
Total T: 183000 Episode Num: 183 Episode T: 1000 Reward: 5432.783
Total T: 184000 Episode Num: 184 Episode T: 1000 Reward: 5518.127
Total T: 185000 Episode Num: 185 Episode T: 1000 Reward: 5483.695