---------------------------------------
Policy: TD3, Env: HalfCheetah-v2, Seed: 0
---------------------------------------
---------------------------------------
Evaluation over 10 episodes: -1.043
---------------------------------------
Total T: 1000 Episode Num: 1 Episode T: 1000 Reward: -314.845
Total T: 2000 Episode Num: 2 Episode T: 1000 Reward: -232.077
Total T: 3000 Episode Num: 3 Episode T: 1000 Reward: -358.557
Total T: 4000 Episode Num: 4 Episode T: 1000 Reward: -295.844
Total T: 5000 Episode Num: 5 Episode T: 1000 Reward: -379.959
---------------------------------------
Evaluation over 10 episodes: -1.013
---------------------------------------
Total T: 6000 Episode Num: 6 Episode T: 1000 Reward: -235.959
Total T: 7000 Episode Num: 7 Episode T: 1000 Reward: -231.824
Total T: 8000 Episode Num: 8 Episode T: 1000 Reward: -153.228
Total T: 9000 Episode Num: 9 Episode T: 1000 Reward: -388.623
Total T: 10000 Episode Num: 10 Episode T: 1000 Reward: -441.901
---------------------------------------
Evaluation over 10 episodes: -0.991
---------------------------------------
Total T: 11000 Episode Num: 11 Episode T: 1000 Reward: -489.530
Total T: 12000 Episode Num: 12 Episode T: 1000 Reward: -329.779
Total T: 13000 Episode Num: 13 Episode T: 1000 Reward: -205.809
Total T: 14000 Episode Num: 14 Episode T: 1000 Reward: -334.899
Total T: 15000 Episode Num: 15 Episode T: 1000 Reward: -271.095
---------------------------------------
Evaluation over 10 episodes: -1.025
---------------------------------------
Total T: 16000 Episode Num: 16 Episode T: 1000 Reward: -271.543
Total T: 17000 Episode Num: 17 Episode T: 1000 Reward: -233.161
Total T: 18000 Episode Num: 18 Episode T: 1000 Reward: -77.376
Total T: 19000 Episode Num: 19 Episode T: 1000 Reward: -211.342
Total T: 20000 Episode Num: 20 Episode T: 1000 Reward: -200.232
---------------------------------------
Evaluation over 10 episodes: -0.987
---------------------------------------
Total T: 21000 Episode Num: 21 Episode T: 1000 Reward: -238.403
Total T: 22000 Episode Num: 22 Episode T: 1000 Reward: -245.174
Total T: 23000 Episode Num: 23 Episode T: 1000 Reward: -415.247
Total T: 24000 Episode Num: 24 Episode T: 1000 Reward: -327.443
Total T: 25000 Episode Num: 25 Episode T: 1000 Reward: -279.797
---------------------------------------
Evaluation over 10 episodes: -0.999
---------------------------------------
Total T: 26000 Episode Num: 26 Episode T: 1000 Reward: -325.526
Total T: 27000 Episode Num: 27 Episode T: 1000 Reward: -444.888
Total T: 28000 Episode Num: 28 Episode T: 1000 Reward: -396.134
Total T: 29000 Episode Num: 29 Episode T: 1000 Reward: -335.210
Total T: 30000 Episode Num: 30 Episode T: 1000 Reward: -267.781
---------------------------------------
Evaluation over 10 episodes: -333.514
---------------------------------------
Total T: 31000 Episode Num: 31 Episode T: 1000 Reward: -261.871
Total T: 32000 Episode Num: 32 Episode T: 1000 Reward: -193.878
Total T: 33000 Episode Num: 33 Episode T: 1000 Reward: -403.620
Total T: 34000 Episode Num: 34 Episode T: 1000 Reward: -208.132
Total T: 35000 Episode Num: 35 Episode T: 1000 Reward: -451.462
---------------------------------------
Evaluation over 10 episodes: -464.757
---------------------------------------
Total T: 36000 Episode Num: 36 Episode T: 1000 Reward: -360.890
Total T: 37000 Episode Num: 37 Episode T: 1000 Reward: -373.390
Total T: 38000 Episode Num: 38 Episode T: 1000 Reward: -379.078
Total T: 39000 Episode Num: 39 Episode T: 1000 Reward: -419.599
Total T: 40000 Episode Num: 40 Episode T: 1000 Reward: 244.831
---------------------------------------
Evaluation over 10 episodes: -33.450
---------------------------------------
Total T: 41000 Episode Num: 41 Episode T: 1000 Reward: 213.402
Total T: 42000 Episode Num: 42 Episode T: 1000 Reward: 339.143
Total T: 43000 Episode Num: 43 Episode T: 1000 Reward: 657.575
Total T: 44000 Episode Num: 44 Episode T: 1000 Reward: 1074.272
Total T: 45000 Episode Num: 45 Episode T: 1000 Reward: 1709.025
---------------------------------------
Evaluation over 10 episodes: 1434.532
---------------------------------------
Total T: 46000 Episode Num: 46 Episode T: 1000 Reward: 1607.588
Total T: 47000 Episode Num: 47 Episode T: 1000 Reward: 1572.408
Total T: 48000 Episode Num: 48 Episode T: 1000 Reward: 1739.420
Total T: 49000 Episode Num: 49 Episode T: 1000 Reward: 1761.677
Total T: 50000 Episode Num: 50 Episode T: 1000 Reward: 1684.865
---------------------------------------
Evaluation over 10 episodes: 1783.658
---------------------------------------
Total T: 51000 Episode Num: 51 Episode T: 1000 Reward: 1803.337
Total T: 52000 Episode Num: 52 Episode T: 1000 Reward: 1822.030
Total T: 53000 Episode Num: 53 Episode T: 1000 Reward: 1984.951
Total T: 54000 Episode Num: 54 Episode T: 1000 Reward: 2106.204
Total T: 55000 Episode Num: 55 Episode T: 1000 Reward: 1977.415
---------------------------------------
Evaluation over 10 episodes: 2058.927
---------------------------------------
Total T: 56000 Episode Num: 56 Episode T: 1000 Reward: 2158.984
Total T: 57000 Episode Num: 57 Episode T: 1000 Reward: 2158.449
Total T: 58000 Episode Num: 58 Episode T: 1000 Reward: 2112.131
Total T: 59000 Episode Num: 59 Episode T: 1000 Reward: 2173.996
Total T: 60000 Episode Num: 60 Episode T: 1000 Reward: 2325.711
---------------------------------------
Evaluation over 10 episodes: 2255.259
---------------------------------------
Total T: 61000 Episode Num: 61 Episode T: 1000 Reward: 2420.023
Total T: 62000 Episode Num: 62 Episode T: 1000 Reward: 2403.008
Total T: 63000 Episode Num: 63 Episode T: 1000 Reward: 2164.556
Total T: 64000 Episode Num: 64 Episode T: 1000 Reward: 2711.682
Total T: 65000 Episode Num: 65 Episode T: 1000 Reward: 2580.633
---------------------------------------
Evaluation over 10 episodes: 2436.092
---------------------------------------
Total T: 66000 Episode Num: 66 Episode T: 1000 Reward: 2600.722
Total T: 67000 Episode Num: 67 Episode T: 1000 Reward: 2676.974
Total T: 68000 Episode Num: 68 Episode T: 1000 Reward: 2580.858
Total T: 69000 Episode Num: 69 Episode T: 1000 Reward: 2544.207
Total T: 70000 Episode Num: 70 Episode T: 1000 Reward: 2547.141
---------------------------------------
Evaluation over 10 episodes: 2677.890
---------------------------------------
Total T: 71000 Episode Num: 71 Episode T: 1000 Reward: 2792.159
Total T: 72000 Episode Num: 72 Episode T: 1000 Reward: 2657.412
Total T: 73000 Episode Num: 73 Episode T: 1000 Reward: 2777.399
Total T: 74000 Episode Num: 74 Episode T: 1000 Reward: 2790.919
Total T: 75000 Episode Num: 75 Episode T: 1000 Reward: 3127.381
---------------------------------------
Evaluation over 10 episodes: 3054.799
---------------------------------------
Total T: 76000 Episode Num: 76 Episode T: 1000 Reward: 3217.542
Total T: 77000 Episode Num: 77 Episode T: 1000 Reward: 3240.794
Total T: 78000 Episode Num: 78 Episode T: 1000 Reward: 3166.529
Total T: 79000 Episode Num: 79 Episode T: 1000 Reward: 3281.411
Total T: 80000 Episode Num: 80 Episode T: 1000 Reward: 3345.588
---------------------------------------
Evaluation over 10 episodes: 3426.937
---------------------------------------
Total T: 81000 Episode Num: 81 Episode T: 1000 Reward: 3525.823
Total T: 82000 Episode Num: 82 Episode T: 1000 Reward: 3715.242
Total T: 83000 Episode Num: 83 Episode T: 1000 Reward: 3799.507
Total T: 84000 Episode Num: 84 Episode T: 1000 Reward: 4019.777
Total T: 85000 Episode Num: 85 Episode T: 1000 Reward: 4094.242
---------------------------------------
Evaluation over 10 episodes: 4070.117
---------------------------------------
Total T: 86000 Episode Num: 86 Episode T: 1000 Reward: 3913.962
Total T: 87000 Episode Num: 87 Episode T: 1000 Reward: 4095.194
Total T: 88000 Episode Num: 88 Episode T: 1000 Reward: 4293.962
Total T: 89000 Episode Num: 89 Episode T: 1000 Reward: 4397.453
Total T: 90000 Episode Num: 90 Episode T: 1000 Reward: 4275.952
---------------------------------------
Evaluation over 10 episodes: 4382.255
---------------------------------------
Total T: 91000 Episode Num: 91 Episode T: 1000 Reward: 4434.033
Total T: 92000 Episode Num: 92 Episode T: 1000 Reward: 4370.334
Total T: 93000 Episode Num: 93 Episode T: 1000 Reward: 4468.550
Total T: 94000 Episode Num: 94 Episode T: 1000 Reward: 4400.779
Total T: 95000 Episode Num: 95 Episode T: 1000 Reward: 4605.019
---------------------------------------
Evaluation over 10 episodes: 4509.350
---------------------------------------
Total T: 96000 Episode Num: 96 Episode T: 1000 Reward: 4438.723
Total T: 97000 Episode Num: 97 Episode T: 1000 Reward: 4411.764
Total T: 98000 Episode Num: 98 Episode T: 1000 Reward: 4578.749
Total T: 99000 Episode Num: 99 Episode T: 1000 Reward: 4606.271
Total T: 100000 Episode Num: 100 Episode T: 1000 Reward: 4736.999
---------------------------------------
Evaluation over 10 episodes: 4864.846
---------------------------------------
Total T: 101000 Episode Num: 101 Episode T: 1000 Reward: 4789.412
Total T: 102000 Episode Num: 102 Episode T: 1000 Reward: 4979.701
Total T: 103000 Episode Num: 103 Episode T: 1000 Reward: 4856.401
Total T: 104000 Episode Num: 104 Episode T: 1000 Reward: 4768.605
Total T: 105000 Episode Num: 105 Episode T: 1000 Reward: 4843.687
---------------------------------------
Evaluation over 10 episodes: 5033.982
---------------------------------------
Total T: 106000 Episode Num: 106 Episode T: 1000 Reward: 5000.549
Total T: 107000 Episode Num: 107 Episode T: 1000 Reward: 4854.420
Total T: 108000 Episode Num: 108 Episode T: 1000 Reward: 4935.247
Total T: 109000 Episode Num: 109 Episode T: 1000 Reward: 4938.037
Total T: 110000 Episode Num: 110 Episode T: 1000 Reward: 4978.113
---------------------------------------
Evaluation over 10 episodes: 5159.718
---------------------------------------
Total T: 111000 Episode Num: 111 Episode T: 1000 Reward: 4857.369
Total T: 112000 Episode Num: 112 Episode T: 1000 Reward: 4837.643
Total T: 113000 Episode Num: 113 Episode T: 1000 Reward: 4987.405
Total T: 114000 Episode Num: 114 Episode T: 1000 Reward: 5021.329
Total T: 115000 Episode Num: 115 Episode T: 1000 Reward: 5049.013
---------------------------------------
Evaluation over 10 episodes: 5181.226
---------------------------------------
Total T: 116000 Episode Num: 116 Episode T: 1000 Reward: 5112.989
Total T: 117000 Episode Num: 117 Episode T: 1000 Reward: 5081.212
Total T: 118000 Episode Num: 118 Episode T: 1000 Reward: 5036.931
Total T: 119000 Episode Num: 119 Episode T: 1000 Reward: 5062.767
Total T: 120000 Episode Num: 120 Episode T: 1000 Reward: 5013.775
---------------------------------------
Evaluation over 10 episodes: 5453.487
---------------------------------------
Total T: 121000 Episode Num: 121 Episode T: 1000 Reward: 5056.109
Total T: 122000 Episode Num: 122 Episode T: 1000 Reward: 5225.431
Total T: 123000 Episode Num: 123 Episode T: 1000 Reward: 4995.351
Total T: 124000 Episode Num: 124 Episode T: 1000 Reward: 5185.678
Total T: 125000 Episode Num: 125 Episode T: 1000 Reward: 5164.446
---------------------------------------
Evaluation over 10 episodes: 5330.860
---------------------------------------
Total T: 126000 Episode Num: 126 Episode T: 1000 Reward: 5153.280
Total T: 127000 Episode Num: 127 Episode T: 1000 Reward: 5259.878
Total T: 128000 Episode Num: 128 Episode T: 1000 Reward: 5239.154
Total T: 129000 Episode Num: 129 Episode T: 1000 Reward: 5287.935
Total T: 130000 Episode Num: 130 Episode T: 1000 Reward: 5257.844
---------------------------------------
Evaluation over 10 episodes: 5274.639
---------------------------------------
Total T: 131000 Episode Num: 131 Episode T: 1000 Reward: 5082.740
Total T: 132000 Episode Num: 132 Episode T: 1000 Reward: 5090.185
Total T: 133000 Episode Num: 133 Episode T: 1000 Reward: 5447.031
Total T: 134000 Episode Num: 134 Episode T: 1000 Reward: 5389.014
Total T: 135000 Episode Num: 135 Episode T: 1000 Reward: 5201.782
---------------------------------------
Evaluation over 10 episodes: 5471.311
---------------------------------------
Total T: 136000 Episode Num: 136 Episode T: 1000 Reward: 5383.800
Total T: 137000 Episode Num: 137 Episode T: 1000 Reward: 5564.097
Total T: 138000 Episode Num: 138 Episode T: 1000 Reward: 5308.445
Total T: 139000 Episode Num: 139 Episode T: 1000 Reward: 5581.552
Total T: 140000 Episode Num: 140 Episode T: 1000 Reward: 5570.735
---------------------------------------
Evaluation over 10 episodes: 5719.524
---------------------------------------
Total T: 141000 Episode Num: 141 Episode T: 1000 Reward: 5627.110
Total T: 142000 Episode Num: 142 Episode T: 1000 Reward: 5567.918
Total T: 143000 Episode Num: 143 Episode T: 1000 Reward: 5346.673
Total T: 144000 Episode Num: 144 Episode T: 1000 Reward: 5721.143
Total T: 145000 Episode Num: 145 Episode T: 1000 Reward: 5662.435
---------------------------------------
Evaluation over 10 episodes: 5501.793
---------------------------------------
Total T: 146000 Episode Num: 146 Episode T: 1000 Reward: 5707.670
Total T: 147000 Episode Num: 147 Episode T: 1000 Reward: 5791.755
Total T: 148000 Episode Num: 148 Episode T: 1000 Reward: 5723.785
Total T: 149000 Episode Num: 149 Episode T: 1000 Reward: 5878.568
Total T: 150000 Episode Num: 150 Episode T: 1000 Reward: 481.681
---------------------------------------
Evaluation over 10 episodes: 5523.144
---------------------------------------
Total T: 151000 Episode Num: 151 Episode T: 1000 Reward: 238.390
Total T: 152000 Episode Num: 152 Episode T: 1000 Reward: 5875.708
Total T: 153000 Episode Num: 153 Episode T: 1000 Reward: 5692.004
Total T: 154000 Episode Num: 154 Episode T: 1000 Reward: 6069.522
Total T: 155000 Episode Num: 155 Episode T: 1000 Reward: 5833.586
---------------------------------------
Evaluation over 10 episodes: 6028.008
---------------------------------------
Total T: 156000 Episode Num: 156 Episode T: 1000 Reward: 5858.527
Total T: 157000 Episode Num: 157 Episode T: 1000 Reward: 5800.366
Total T: 158000 Episode Num: 158 Episode T: 1000 Reward: 5883.054
Total T: 159000 Episode Num: 159 Episode T: 1000 Reward: 5987.059
Total T: 160000 Episode Num: 160 Episode T: 1000 Reward: 5960.914
---------------------------------------
Evaluation over 10 episodes: 5834.065
---------------------------------------
Total T: 161000 Episode Num: 161 Episode T: 1000 Reward: 6135.071
Total T: 162000 Episode Num: 162 Episode T: 1000 Reward: 5999.945
Total T: 163000 Episode Num: 163 Episode T: 1000 Reward: 5955.308
Total T: 164000 Episode Num: 164 Episode T: 1000 Reward: 6040.394
Total T: 165000 Episode Num: 165 Episode T: 1000 Reward: 6165.352
---------------------------------------
Evaluation over 10 episodes: 6101.060
---------------------------------------
Total T: 166000 Episode Num: 166 Episode T: 1000 Reward: 6100.879
Total T: 167000 Episode Num: 167 Episode T: 1000 Reward: 6183.543
Total T: 168000 Episode Num: 168 Episode T: 1000 Reward: 6257.249
Total T: 169000 Episode Num: 169 Episode T: 1000 Reward: 6144.086
Total T: 170000 Episode Num: 170 Episode T: 1000 Reward: 6170.368
---------------------------------------
Evaluation over 10 episodes: 6127.922
---------------------------------------
Total T: 171000 Episode Num: 171 Episode T: 1000 Reward: 6164.331
Total T: 172000 Episode Num: 172 Episode T: 1000 Reward: 6043.104
Total T: 173000 Episode Num: 173 Episode T: 1000 Reward: 6269.545
Total T: 174000 Episode Num: 174 Episode T: 1000 Reward: 6281.216
Total T: 175000 Episode Num: 175 Episode T: 1000 Reward: 6217.907
---------------------------------------
Evaluation over 10 episodes: 6241.866
---------------------------------------
Total T: 176000 Episode Num: 176 Episode T: 1000 Reward: 6127.029
Total T: 177000 Episode Num: 177 Episode T: 1000 Reward: 6166.571
Total T: 178000 Episode Num: 178 Episode T: 1000 Reward: 6322.976
Total T: 179000 Episode Num: 179 Episode T: 1000 Reward: 6171.312
Total T: 180000 Episode Num: 180 Episode T: 1000 Reward: 6176.251
---------------------------------------
Evaluation over 10 episodes: 6289.628
---------------------------------------
Total T: 181000 Episode Num: 181 Episode T: 1000 Reward: 6382.722
Total T: 182000 Episode Num: 182 Episode T: 1000 Reward: 6231.736
Total T: 183000 Episode Num: 183 Episode T: 1000 Reward: 6302.067
Total T: 184000 Episode Num: 184 Episode T: 1000 Reward: 6342.778
Total T: 185000 Episode Num: 185 Episode T: 1000 Reward: 6229.723
---------------------------------------
Evaluation over 10 episodes: 6379.943
---------------------------------------
Total T: 186000 Episode Num: 186 Episode T: 1000 Reward: 6313.168
Total T: 187000 Episode Num: 187 Episode T: 1000 Reward: 6300.963
Total T: 188000 Episode Num: 188 Episode T: 1000 Reward: 6348.997
Total T: 189000 Episode Num: 189 Episode T: 1000 Reward: 6424.967
Total T: 190000 Episode Num: 190 Episode T: 1000 Reward: 6217.253
---------------------------------------
Evaluation over 10 episodes: 6438.991
---------------------------------------
Total T: 191000 Episode Num: 191 Episode T: 1000 Reward: 6388.117
Total T: 192000 Episode Num: 192 Episode T: 1000 Reward: 6284.391
Total T: 193000 Episode Num: 193 Episode T: 1000 Reward: 6340.216
Total T: 194000 Episode Num: 194 Episode T: 1000 Reward: 6360.747
Total T: 195000 Episode Num: 195 Episode T: 1000 Reward: 6297.566
---------------------------------------
Evaluation over 10 episodes: 6501.486
---------------------------------------
Total T: 196000 Episode Num: 196 Episode T: 1000 Reward: 6270.269
Total T: 197000 Episode Num: 197 Episode T: 1000 Reward: 6287.437
Total T: 198000 Episode Num: 198 Episode T: 1000 Reward: 6374.450
Total T: 199000 Episode Num: 199 Episode T: 1000 Reward: 6188.909
Total T: 200000 Episode Num: 200 Episode T: 1000 Reward: 6472.771
---------------------------------------
Evaluation over 10 episodes: 6446.162
---------------------------------------
Total T: 201000 Episode Num: 201 Episode T: 1000 Reward: 6619.273
Total T: 202000 Episode Num: 202 Episode T: 1000 Reward: 6345.777
Total T: 203000 Episode Num: 203 Episode T: 1000 Reward: 6408.559
Total T: 204000 Episode Num: 204 Episode T: 1000 Reward: 6450.840
Total T: 205000 Episode Num: 205 Episode T: 1000 Reward: 6469.290
---------------------------------------
Evaluation over 10 episodes: 6611.484
---------------------------------------
Total T: 206000 Episode Num: 206 Episode T: 1000 Reward: 6479.656
Total T: 207000 Episode Num: 207 Episode T: 1000 Reward: 6463.110
Total T: 208000 Episode Num: 208 Episode T: 1000 Reward: 6480.275
Total T: 209000 Episode Num: 209 Episode T: 1000 Reward: 6459.145
Total T: 210000 Episode Num: 210 Episode T: 1000 Reward: 6251.627
---------------------------------------
Evaluation over 10 episodes: 6407.311
---------------------------------------
Total T: 211000 Episode Num: 211 Episode T: 1000 Reward: 6435.995
Total T: 212000 Episode Num: 212 Episode T: 1000 Reward: 6361.900
Total T: 213000 Episode Num: 213 Episode T: 1000 Reward: 6422.239
Total T: 214000 Episode Num: 214 Episode T: 1000 Reward: 6375.886
Total T: 215000 Episode Num: 215 Episode T: 1000 Reward: 6530.846
---------------------------------------
Evaluation over 10 episodes: 6544.898
---------------------------------------
Total T: 216000 Episode Num: 216 Episode T: 1000 Reward: 6320.217
Total T: 217000 Episode Num: 217 Episode T: 1000 Reward: 6484.187
Total T: 218000 Episode Num: 218 Episode T: 1000 Reward: 6444.093
Total T: 219000 Episode Num: 219 Episode T: 1000 Reward: 6432.051
Total T: 220000 Episode Num: 220 Episode T: 1000 Reward: 6422.517
---------------------------------------
Evaluation over 10 episodes: 6652.399
---------------------------------------
Total T: 221000 Episode Num: 221 Episode T: 1000 Reward: 6518.303
Total T: 222000 Episode Num: 222 Episode T: 1000 Reward: 6357.268
Total T: 223000 Episode Num: 223 Episode T: 1000 Reward: 6425.246
Total T: 224000 Episode Num: 224 Episode T: 1000 Reward: 6520.835
Total T: 225000 Episode Num: 225 Episode T: 1000 Reward: 6330.964
---------------------------------------
Evaluation over 10 episodes: 6541.796
---------------------------------------
Total T: 226000 Episode Num: 226 Episode T: 1000 Reward: 6478.681
Total T: 227000 Episode Num: 227 Episode T: 1000 Reward: 6549.049
Total T: 228000 Episode Num: 228 Episode T: 1000 Reward: 6518.056
Total T: 229000 Episode Num: 229 Episode T: 1000 Reward: 6443.435
Total T: 230000 Episode Num: 230 Episode T: 1000 Reward: 6590.159
---------------------------------------
Evaluation over 10 episodes: 6660.232
---------------------------------------
Total T: 231000 Episode Num: 231 Episode T: 1000 Reward: 6560.711
Total T: 232000 Episode Num: 232 Episode T: 1000 Reward: 6505.635
Total T: 233000 Episode Num: 233 Episode T: 1000 Reward: 6629.064
Total T: 234000 Episode Num: 234 Episode T: 1000 Reward: 6501.435
Total T: 235000 Episode Num: 235 Episode T: 1000 Reward: 6633.527
---------------------------------------
Evaluation over 10 episodes: 6681.446
---------------------------------------
Total T: 236000 Episode Num: 236 Episode T: 1000 Reward: 6560.580
Total T: 237000 Episode Num: 237 Episode T: 1000 Reward: 6564.788
Total T: 238000 Episode Num: 238 Episode T: 1000 Reward: 6577.411
Total T: 239000 Episode Num: 239 Episode T: 1000 Reward: 6578.715
Total T: 240000 Episode Num: 240 Episode T: 1000 Reward: 6474.712
---------------------------------------
Evaluation over 10 episodes: 6551.832
---------------------------------------
Total T: 241000 Episode Num: 241 Episode T: 1000 Reward: 6602.692
Total T: 242000 Episode Num: 242 Episode T: 1000 Reward: 6595.957
Total T: 243000 Episode Num: 243 Episode T: 1000 Reward: 6686.869
Total T: 244000 Episode Num: 244 Episode T: 1000 Reward: 6672.381
Total T: 245000 Episode Num: 245 Episode T: 1000 Reward: 6603.921
---------------------------------------
Evaluation over 10 episodes: 6388.932
---------------------------------------
Total T: 246000 Episode Num: 246 Episode T: 1000 Reward: 6649.500
Total T: 247000 Episode Num: 247 Episode T: 1000 Reward: 6596.518
Total T: 248000 Episode Num: 248 Episode T: 1000 Reward: 6675.749
Total T: 249000 Episode Num: 249 Episode T: 1000 Reward: 6753.371
Total T: 250000 Episode Num: 250 Episode T: 1000 Reward: 6680.778
---------------------------------------
Evaluation over 10 episodes: 6782.123
---------------------------------------
Total T: 251000 Episode Num: 251 Episode T: 1000 Reward: 6505.970
Total T: 252000 Episode Num: 252 Episode T: 1000 Reward: 6805.041
Total T: 253000 Episode Num: 253 Episode T: 1000 Reward: 6547.154
Total T: 254000 Episode Num: 254 Episode T: 1000 Reward: 6625.212
Total T: 255000 Episode Num: 255 Episode T: 1000 Reward: 6742.315
---------------------------------------
Evaluation over 10 episodes: 6748.112
---------------------------------------
Total T: 256000 Episode Num: 256 Episode T: 1000 Reward: 6653.346
Total T: 257000 Episode Num: 257 Episode T: 1000 Reward: 6773.416
Total T: 258000 Episode Num: 258 Episode T: 1000 Reward: 6642.837
Total T: 259000 Episode Num: 259 Episode T: 1000 Reward: 6756.820
Total T: 260000 Episode Num: 260 Episode T: 1000 Reward: 6771.230
---------------------------------------
Evaluation over 10 episodes: 6725.583
---------------------------------------
Total T: 261000 Episode Num: 261 Episode T: 1000 Reward: 6766.386
Total T: 262000 Episode Num: 262 Episode T: 1000 Reward: 6661.848
Total T: 263000 Episode Num: 263 Episode T: 1000 Reward: 6665.195
Total T: 264000 Episode Num: 264 Episode T: 1000 Reward: 6766.045
Total T: 265000 Episode Num: 265 Episode T: 1000 Reward: 6641.869
---------------------------------------
Evaluation over 10 episodes: 6687.400
---------------------------------------
Total T: 266000 Episode Num: 266 Episode T: 1000 Reward: 6623.401
Total T: 267000 Episode Num: 267 Episode T: 1000 Reward: 6722.752
Total T: 268000 Episode Num: 268 Episode T: 1000 Reward: 6807.352
Total T: 269000 Episode Num: 269 Episode T: 1000 Reward: 6714.868
Total T: 270000 Episode Num: 270 Episode T: 1000 Reward: 6812.729
---------------------------------------
Evaluation over 10 episodes: 6813.612
---------------------------------------
Total T: 271000 Episode Num: 271 Episode T: 1000 Reward: 6710.016
Total T: 272000 Episode Num: 272 Episode T: 1000 Reward: 6750.804
Total T: 273000 Episode Num: 273 Episode T: 1000 Reward: 6735.204
Total T: 274000 Episode Num: 274 Episode T: 1000 Reward: 6777.283
Total T: 275000 Episode Num: 275 Episode T: 1000 Reward: 6743.277
---------------------------------------
Evaluation over 10 episodes: 6782.477
---------------------------------------
Total T: 276000 Episode Num: 276 Episode T: 1000 Reward: 6789.252srun: Job step aborted: Waiting up to 32 seconds for job step to finish.
slurmstepd: *** JOB 185975 CANCELLED AT 2020-05-24T08:53:46 *** on simba-compute-01
slurmstepd: *** STEP 185975.0 CANCELLED AT 2020-05-24T08:53:46 *** on simba-compute-01
