---------------------------------------
Policy: TD3, Env: Walker2d-v2, Seed: 0
---------------------------------------
---------------------------------------
Evaluation over 10 episodes: 7.597
---------------------------------------
Total T: 9 Episode Num: 1 Episode T: 9 Reward: -1.905
Total T: 37 Episode Num: 2 Episode T: 28 Reward: 12.209
Total T: 62 Episode Num: 3 Episode T: 25 Reward: 8.222
Total T: 77 Episode Num: 4 Episode T: 15 Reward: 3.817
Total T: 91 Episode Num: 5 Episode T: 14 Reward: 3.139
Total T: 116 Episode Num: 6 Episode T: 25 Reward: 5.399
Total T: 137 Episode Num: 7 Episode T: 21 Reward: 9.372
Total T: 146 Episode Num: 8 Episode T: 9 Reward: -4.575
Total T: 163 Episode Num: 9 Episode T: 17 Reward: 1.372
Total T: 186 Episode Num: 10 Episode T: 23 Reward: -1.671
Total T: 202 Episode Num: 11 Episode T: 16 Reward: 1.820
Total T: 217 Episode Num: 12 Episode T: 15 Reward: -1.220
Total T: 234 Episode Num: 13 Episode T: 17 Reward: 2.566
Total T: 247 Episode Num: 14 Episode T: 13 Reward: 0.449
Total T: 280 Episode Num: 15 Episode T: 33 Reward: 5.954
Total T: 302 Episode Num: 16 Episode T: 22 Reward: 7.737
Total T: 311 Episode Num: 17 Episode T: 9 Reward: -2.924
Total T: 334 Episode Num: 18 Episode T: 23 Reward: 5.370
Total T: 357 Episode Num: 19 Episode T: 23 Reward: 6.124
Total T: 373 Episode Num: 20 Episode T: 16 Reward: 4.378
Total T: 387 Episode Num: 21 Episode T: 14 Reward: 3.928
Total T: 412 Episode Num: 22 Episode T: 25 Reward: 1.188
Total T: 436 Episode Num: 23 Episode T: 24 Reward: -1.396
Total T: 471 Episode Num: 24 Episode T: 35 Reward: 3.403
Total T: 516 Episode Num: 25 Episode T: 45 Reward: 21.280
Total T: 531 Episode Num: 26 Episode T: 15 Reward: 2.219
Total T: 546 Episode Num: 27 Episode T: 15 Reward: 1.168
Total T: 559 Episode Num: 28 Episode T: 13 Reward: -0.357
Total T: 579 Episode Num: 29 Episode T: 20 Reward: 0.935
Total T: 599 Episode Num: 30 Episode T: 20 Reward: 2.897
Total T: 614 Episode Num: 31 Episode T: 15 Reward: 1.046
Total T: 629 Episode Num: 32 Episode T: 15 Reward: -2.128
Total T: 640 Episode Num: 33 Episode T: 11 Reward: 0.610
Total T: 661 Episode Num: 34 Episode T: 21 Reward: 2.522
Total T: 675 Episode Num: 35 Episode T: 14 Reward: 4.097
Total T: 691 Episode Num: 36 Episode T: 16 Reward: 2.914
Total T: 703 Episode Num: 37 Episode T: 12 Reward: -3.083
Total T: 724 Episode Num: 38 Episode T: 21 Reward: -10.525
Total T: 741 Episode Num: 39 Episode T: 17 Reward: 3.468
Total T: 756 Episode Num: 40 Episode T: 15 Reward: -2.617
Total T: 768 Episode Num: 41 Episode T: 12 Reward: -1.130
Total T: 793 Episode Num: 42 Episode T: 25 Reward: 9.344
Total T: 807 Episode Num: 43 Episode T: 14 Reward: 0.419
Total T: 838 Episode Num: 44 Episode T: 31 Reward: -3.713
Total T: 859 Episode Num: 45 Episode T: 21 Reward: 0.785
Total T: 873 Episode Num: 46 Episode T: 14 Reward: 3.802
Total T: 891 Episode Num: 47 Episode T: 18 Reward: -3.907
Total T: 909 Episode Num: 48 Episode T: 18 Reward: 0.958
Total T: 928 Episode Num: 49 Episode T: 19 Reward: 6.575
Total T: 954 Episode Num: 50 Episode T: 26 Reward: 5.526
Total T: 981 Episode Num: 51 Episode T: 27 Reward: 1.739
Total T: 1004 Episode Num: 52 Episode T: 23 Reward: 3.550
Total T: 1018 Episode Num: 53 Episode T: 14 Reward: 0.869
Total T: 1031 Episode Num: 54 Episode T: 13 Reward: 3.571
Total T: 1056 Episode Num: 55 Episode T: 25 Reward: 5.244
Total T: 1067 Episode Num: 56 Episode T: 11 Reward: 0.983
Total T: 1107 Episode Num: 57 Episode T: 40 Reward: -0.553
Total T: 1124 Episode Num: 58 Episode T: 17 Reward: 4.286
Total T: 1135 Episode Num: 59 Episode T: 11 Reward: 1.277
Total T: 1147 Episode Num: 60 Episode T: 12 Reward: -2.292
Total T: 1174 Episode Num: 61 Episode T: 27 Reward: 10.603
Total T: 1184 Episode Num: 62 Episode T: 10 Reward: 0.352
Total T: 1195 Episode Num: 63 Episode T: 11 Reward: -1.420
Total T: 1218 Episode Num: 64 Episode T: 23 Reward: 8.137
Total T: 1233 Episode Num: 65 Episode T: 15 Reward: 2.372
Total T: 1268 Episode Num: 66 Episode T: 35 Reward: -1.456
Total T: 1282 Episode Num: 67 Episode T: 14 Reward: 0.112
Total T: 1292 Episode Num: 68 Episode T: 10 Reward: -0.566
Total T: 1310 Episode Num: 69 Episode T: 18 Reward: 2.081
Total T: 1332 Episode Num: 70 Episode T: 22 Reward: 0.570
Total T: 1352 Episode Num: 71 Episode T: 20 Reward: 0.704
Total T: 1374 Episode Num: 72 Episode T: 22 Reward: 7.195
Total T: 1384 Episode Num: 73 Episode T: 10 Reward: -0.651
Total T: 1405 Episode Num: 74 Episode T: 21 Reward: -11.327
Total T: 1422 Episode Num: 75 Episode T: 17 Reward: 4.851
Total T: 1437 Episode Num: 76 Episode T: 15 Reward: -4.116
Total T: 1456 Episode Num: 77 Episode T: 19 Reward: 5.300
Total T: 1477 Episode Num: 78 Episode T: 21 Reward: -0.975
Total T: 1488 Episode Num: 79 Episode T: 11 Reward: -0.588
Total T: 1503 Episode Num: 80 Episode T: 15 Reward: 4.664
Total T: 1521 Episode Num: 81 Episode T: 18 Reward: 0.723
Total T: 1531 Episode Num: 82 Episode T: 10 Reward: -2.620
Total T: 1547 Episode Num: 83 Episode T: 16 Reward: -3.709
Total T: 1573 Episode Num: 84 Episode T: 26 Reward: 7.372
Total T: 1601 Episode Num: 85 Episode T: 28 Reward: 4.789
Total T: 1617 Episode Num: 86 Episode T: 16 Reward: -1.185
Total T: 1645 Episode Num: 87 Episode T: 28 Reward: 1.978
Total T: 1666 Episode Num: 88 Episode T: 21 Reward: 1.214
Total T: 1683 Episode Num: 89 Episode T: 17 Reward: 1.001
Total T: 1698 Episode Num: 90 Episode T: 15 Reward: 3.386
Total T: 1709 Episode Num: 91 Episode T: 11 Reward: -1.482
Total T: 1722 Episode Num: 92 Episode T: 13 Reward: 0.091
Total T: 1749 Episode Num: 93 Episode T: 27 Reward: 7.352
Total T: 1765 Episode Num: 94 Episode T: 16 Reward: 4.565
Total T: 1784 Episode Num: 95 Episode T: 19 Reward: 1.153
Total T: 1811 Episode Num: 96 Episode T: 27 Reward: 11.080
Total T: 1825 Episode Num: 97 Episode T: 14 Reward: 2.523
Total T: 1837 Episode Num: 98 Episode T: 12 Reward: 3.014
Total T: 1853 Episode Num: 99 Episode T: 16 Reward: -0.284
Total T: 1865 Episode Num: 100 Episode T: 12 Reward: -0.248
Total T: 1882 Episode Num: 101 Episode T: 17 Reward: -8.544
Total T: 1903 Episode Num: 102 Episode T: 21 Reward: 1.965
Total T: 1931 Episode Num: 103 Episode T: 28 Reward: 9.198
Total T: 1949 Episode Num: 104 Episode T: 18 Reward: -0.809
Total T: 1960 Episode Num: 105 Episode T: 11 Reward: 2.018
Total T: 1985 Episode Num: 106 Episode T: 25 Reward: -1.964
Total T: 2006 Episode Num: 107 Episode T: 21 Reward: 4.470
Total T: 2040 Episode Num: 108 Episode T: 34 Reward: 9.823
Total T: 2061 Episode Num: 109 Episode T: 21 Reward: -5.520
Total T: 2079 Episode Num: 110 Episode T: 18 Reward: -1.444
Total T: 2092 Episode Num: 111 Episode T: 13 Reward: 0.720
Total T: 2100 Episode Num: 112 Episode T: 8 Reward: -4.857
Total T: 2114 Episode Num: 113 Episode T: 14 Reward: 2.203
Total T: 2134 Episode Num: 114 Episode T: 20 Reward: -2.938
Total T: 2170 Episode Num: 115 Episode T: 36 Reward: 13.195
Total T: 2180 Episode Num: 116 Episode T: 10 Reward: 0.003
Total T: 2208 Episode Num: 117 Episode T: 28 Reward: 8.529
Total T: 2234 Episode Num: 118 Episode T: 26 Reward: 10.109
Total T: 2247 Episode Num: 119 Episode T: 13 Reward: 3.780
Total T: 2312 Episode Num: 120 Episode T: 65 Reward: 21.396
Total T: 2337 Episode Num: 121 Episode T: 25 Reward: -5.081
Total T: 2367 Episode Num: 122 Episode T: 30 Reward: 6.404
Total T: 2383 Episode Num: 123 Episode T: 16 Reward: 2.676
Total T: 2402 Episode Num: 124 Episode T: 19 Reward: -1.292
Total T: 2422 Episode Num: 125 Episode T: 20 Reward: 4.334
Total T: 2434 Episode Num: 126 Episode T: 12 Reward: -2.066
Total T: 2452 Episode Num: 127 Episode T: 18 Reward: 0.409
Total T: 2482 Episode Num: 128 Episode T: 30 Reward: 1.873
Total T: 2507 Episode Num: 129 Episode T: 25 Reward: 4.238
Total T: 2523 Episode Num: 130 Episode T: 16 Reward: 5.693
Total T: 2566 Episode Num: 131 Episode T: 43 Reward: 8.515
Total T: 2592 Episode Num: 132 Episode T: 26 Reward: -5.283
Total T: 2608 Episode Num: 133 Episode T: 16 Reward: -1.538
Total T: 2634 Episode Num: 134 Episode T: 26 Reward: 6.452
Total T: 2655 Episode Num: 135 Episode T: 21 Reward: 0.489
Total T: 2680 Episode Num: 136 Episode T: 25 Reward: -0.145
Total T: 2697 Episode Num: 137 Episode T: 17 Reward: -0.114
Total T: 2709 Episode Num: 138 Episode T: 12 Reward: 0.189
Total T: 2729 Episode Num: 139 Episode T: 20 Reward: 0.852
Total T: 2756 Episode Num: 140 Episode T: 27 Reward: 5.054
Total T: 2774 Episode Num: 141 Episode T: 18 Reward: -2.205
Total T: 2792 Episode Num: 142 Episode T: 18 Reward: -4.192
Total T: 2820 Episode Num: 143 Episode T: 28 Reward: -0.352
Total T: 2833 Episode Num: 144 Episode T: 13 Reward: -1.862
Total T: 2852 Episode Num: 145 Episode T: 19 Reward: -10.875
Total T: 2865 Episode Num: 146 Episode T: 13 Reward: -0.736
Total T: 2881 Episode Num: 147 Episode T: 16 Reward: -3.755
Total T: 2897 Episode Num: 148 Episode T: 16 Reward: 4.215
Total T: 2926 Episode Num: 149 Episode T: 29 Reward: 2.641
Total T: 2941 Episode Num: 150 Episode T: 15 Reward: -4.474
Total T: 2956 Episode Num: 151 Episode T: 15 Reward: 4.127
Total T: 2976 Episode Num: 152 Episode T: 20 Reward: -4.104
Total T: 2996 Episode Num: 153 Episode T: 20 Reward: -2.425
Total T: 3015 Episode Num: 154 Episode T: 19 Reward: -9.725
Total T: 3027 Episode Num: 155 Episode T: 12 Reward: 0.321
Total T: 3042 Episode Num: 156 Episode T: 15 Reward: -2.606
Total T: 3058 Episode Num: 157 Episode T: 16 Reward: -1.594
Total T: 3071 Episode Num: 158 Episode T: 13 Reward: 0.928
Total T: 3085 Episode Num: 159 Episode T: 14 Reward: -1.915
Total T: 3116 Episode Num: 160 Episode T: 31 Reward: 3.540
Total T: 3140 Episode Num: 161 Episode T: 24 Reward: 2.516
Total T: 3154 Episode Num: 162 Episode T: 14 Reward: 1.282
Total T: 3169 Episode Num: 163 Episode T: 15 Reward: -3.142
Total T: 3190 Episode Num: 164 Episode T: 21 Reward: 4.093
Total T: 3223 Episode Num: 165 Episode T: 33 Reward: 7.334
Total T: 3249 Episode Num: 166 Episode T: 26 Reward: 12.160
Total T: 3263 Episode Num: 167 Episode T: 14 Reward: 3.092
Total T: 3292 Episode Num: 168 Episode T: 29 Reward: 0.194
Total T: 3308 Episode Num: 169 Episode T: 16 Reward: -0.982
Total T: 3334 Episode Num: 170 Episode T: 26 Reward: -0.006
Total T: 3350 Episode Num: 171 Episode T: 16 Reward: 3.093
Total T: 3369 Episode Num: 172 Episode T: 19 Reward: -4.269
Total T: 3384 Episode Num: 173 Episode T: 15 Reward: -4.849
Total T: 3393 Episode Num: 174 Episode T: 9 Reward: -2.679
Total T: 3404 Episode Num: 175 Episode T: 11 Reward: -4.033
Total T: 3417 Episode Num: 176 Episode T: 13 Reward: 1.934
Total T: 3441 Episode Num: 177 Episode T: 24 Reward: -3.147
Total T: 3457 Episode Num: 178 Episode T: 16 Reward: 5.364
Total T: 3488 Episode Num: 179 Episode T: 31 Reward: 10.816
Total T: 3502 Episode Num: 180 Episode T: 14 Reward: 4.060
Total T: 3520 Episode Num: 181 Episode T: 18 Reward: -1.794
Total T: 3548 Episode Num: 182 Episode T: 28 Reward: 2.129
Total T: 3608 Episode Num: 183 Episode T: 60 Reward: 33.874
Total T: 3625 Episode Num: 184 Episode T: 17 Reward: -1.241
Total T: 3637 Episode Num: 185 Episode T: 12 Reward: 0.322
Total T: 3665 Episode Num: 186 Episode T: 28 Reward: 6.505
Total T: 3711 Episode Num: 187 Episode T: 46 Reward: 10.282
Total T: 3723 Episode Num: 188 Episode T: 12 Reward: -0.584
Total T: 3733 Episode Num: 189 Episode T: 10 Reward: -0.510
Total T: 3763 Episode Num: 190 Episode T: 30 Reward: 4.148
Total T: 3772 Episode Num: 191 Episode T: 9 Reward: -3.018
Total T: 3786 Episode Num: 192 Episode T: 14 Reward: -1.232
Total T: 3799 Episode Num: 193 Episode T: 13 Reward: -0.820
Total T: 3838 Episode Num: 194 Episode T: 39 Reward: 22.130
Total T: 3878 Episode Num: 195 Episode T: 40 Reward: 17.543
Total T: 3895 Episode Num: 196 Episode T: 17 Reward: 1.083
Total T: 3921 Episode Num: 197 Episode T: 26 Reward: -2.672
Total T: 3933 Episode Num: 198 Episode T: 12 Reward: -0.317
Total T: 3945 Episode Num: 199 Episode T: 12 Reward: -0.444
Total T: 3963 Episode Num: 200 Episode T: 18 Reward: -0.328
Total T: 3979 Episode Num: 201 Episode T: 16 Reward: 2.995
Total T: 4009 Episode Num: 202 Episode T: 30 Reward: 2.366
Total T: 4028 Episode Num: 203 Episode T: 19 Reward: 3.680
Total T: 4043 Episode Num: 204 Episode T: 15 Reward: 3.922
Total T: 4056 Episode Num: 205 Episode T: 13 Reward: -3.840
Total T: 4068 Episode Num: 206 Episode T: 12 Reward: -2.244
Total T: 4078 Episode Num: 207 Episode T: 10 Reward: -3.962
Total T: 4094 Episode Num: 208 Episode T: 16 Reward: 3.953
Total T: 4121 Episode Num: 209 Episode T: 27 Reward: -3.366
Total T: 4139 Episode Num: 210 Episode T: 18 Reward: 4.221
Total T: 4158 Episode Num: 211 Episode T: 19 Reward: 6.817
Total T: 4167 Episode Num: 212 Episode T: 9 Reward: -0.738
Total T: 4194 Episode Num: 213 Episode T: 27 Reward: 12.507
Total T: 4211 Episode Num: 214 Episode T: 17 Reward: 3.496
Total T: 4229 Episode Num: 215 Episode T: 18 Reward: 6.107
Total T: 4239 Episode Num: 216 Episode T: 10 Reward: -0.621
Total T: 4251 Episode Num: 217 Episode T: 12 Reward: 0.079
Total T: 4268 Episode Num: 218 Episode T: 17 Reward: 3.041
Total T: 4309 Episode Num: 219 Episode T: 41 Reward: 8.083
Total T: 4322 Episode Num: 220 Episode T: 13 Reward: -0.483
Total T: 4337 Episode Num: 221 Episode T: 15 Reward: 3.096
Total T: 4362 Episode Num: 222 Episode T: 25 Reward: -0.551
Total T: 4380 Episode Num: 223 Episode T: 18 Reward: 6.107
Total T: 4394 Episode Num: 224 Episode T: 14 Reward: 0.545
Total T: 4410 Episode Num: 225 Episode T: 16 Reward: -0.018
Total T: 4436 Episode Num: 226 Episode T: 26 Reward: -1.688
Total T: 4458 Episode Num: 227 Episode T: 22 Reward: 9.183
Total T: 4468 Episode Num: 228 Episode T: 10 Reward: -5.172
Total T: 4483 Episode Num: 229 Episode T: 15 Reward: 3.884
Total T: 4491 Episode Num: 230 Episode T: 8 Reward: -3.840
Total T: 4500 Episode Num: 231 Episode T: 9 Reward: -2.412
Total T: 4524 Episode Num: 232 Episode T: 24 Reward: -2.920
Total T: 4536 Episode Num: 233 Episode T: 12 Reward: -5.584
Total T: 4551 Episode Num: 234 Episode T: 15 Reward: 2.508
Total T: 4573 Episode Num: 235 Episode T: 22 Reward: -6.848
Total T: 4595 Episode Num: 236 Episode T: 22 Reward: -3.816
Total T: 4612 Episode Num: 237 Episode T: 17 Reward: 7.414
Total T: 4633 Episode Num: 238 Episode T: 21 Reward: -2.931
Total T: 4649 Episode Num: 239 Episode T: 16 Reward: -4.293
Total T: 4673 Episode Num: 240 Episode T: 24 Reward: -1.135
Total T: 4699 Episode Num: 241 Episode T: 26 Reward: 2.915
Total T: 4719 Episode Num: 242 Episode T: 20 Reward: 6.448
Total T: 4756 Episode Num: 243 Episode T: 37 Reward: 5.183
Total T: 4777 Episode Num: 244 Episode T: 21 Reward: 7.609
Total T: 4793 Episode Num: 245 Episode T: 16 Reward: -3.942
Total T: 4825 Episode Num: 246 Episode T: 32 Reward: 15.118
Total T: 4841 Episode Num: 247 Episode T: 16 Reward: -1.095
Total T: 4862 Episode Num: 248 Episode T: 21 Reward: 2.484
Total T: 4874 Episode Num: 249 Episode T: 12 Reward: -0.238
Total T: 4901 Episode Num: 250 Episode T: 27 Reward: 9.053
Total T: 4917 Episode Num: 251 Episode T: 16 Reward: -4.129
Total T: 4926 Episode Num: 252 Episode T: 9 Reward: -0.983
Total T: 4943 Episode Num: 253 Episode T: 17 Reward: 0.763
Total T: 4978 Episode Num: 254 Episode T: 35 Reward: 12.976
---------------------------------------
Evaluation over 10 episodes: 7.335
---------------------------------------
Total T: 5001 Episode Num: 255 Episode T: 23 Reward: 1.962
Total T: 5020 Episode Num: 256 Episode T: 19 Reward: 7.437
Total T: 5035 Episode Num: 257 Episode T: 15 Reward: 4.363
Total T: 5061 Episode Num: 258 Episode T: 26 Reward: 1.292
Total T: 5076 Episode Num: 259 Episode T: 15 Reward: 3.799
Total T: 5110 Episode Num: 260 Episode T: 34 Reward: 7.200
Total T: 5119 Episode Num: 261 Episode T: 9 Reward: -2.522
Total T: 5134 Episode Num: 262 Episode T: 15 Reward: -0.891
Total T: 5157 Episode Num: 263 Episode T: 23 Reward: -1.405
Total T: 5170 Episode Num: 264 Episode T: 13 Reward: 0.377
Total T: 5220 Episode Num: 265 Episode T: 50 Reward: 20.485
Total T: 5241 Episode Num: 266 Episode T: 21 Reward: 0.775
Total T: 5277 Episode Num: 267 Episode T: 36 Reward: -1.675
Total T: 5288 Episode Num: 268 Episode T: 11 Reward: -5.272
Total T: 5312 Episode Num: 269 Episode T: 24 Reward: -2.540
Total T: 5336 Episode Num: 270 Episode T: 24 Reward: 2.960
Total T: 5363 Episode Num: 271 Episode T: 27 Reward: 7.085
Total T: 5385 Episode Num: 272 Episode T: 22 Reward: 8.796
Total T: 5405 Episode Num: 273 Episode T: 20 Reward: 5.605
Total T: 5422 Episode Num: 274 Episode T: 17 Reward: 4.423
Total T: 5442 Episode Num: 275 Episode T: 20 Reward: -6.975
Total T: 5455 Episode Num: 276 Episode T: 13 Reward: 0.555
Total T: 5469 Episode Num: 277 Episode T: 14 Reward: 1.630
Total T: 5495 Episode Num: 278 Episode T: 26 Reward: 2.317
Total T: 5513 Episode Num: 279 Episode T: 18 Reward: 1.301
Total T: 5521 Episode Num: 280 Episode T: 8 Reward: -3.842
Total T: 5549 Episode Num: 281 Episode T: 28 Reward: 4.835
Total T: 5562 Episode Num: 282 Episode T: 13 Reward: 0.692
Total T: 5595 Episode Num: 283 Episode T: 33 Reward: 10.784
Total T: 5615 Episode Num: 284 Episode T: 20 Reward: 3.616
Total T: 5637 Episode Num: 285 Episode T: 22 Reward: 11.280
Total T: 5659 Episode Num: 286 Episode T: 22 Reward: 7.175
Total T: 5685 Episode Num: 287 Episode T: 26 Reward: -3.859
Total T: 5703 Episode Num: 288 Episode T: 18 Reward: 4.192
Total T: 5720 Episode Num: 289 Episode T: 17 Reward: 2.597
Total T: 5756 Episode Num: 290 Episode T: 36 Reward: 18.051
Total T: 5786 Episode Num: 291 Episode T: 30 Reward: 8.101
Total T: 5801 Episode Num: 292 Episode T: 15 Reward: 3.485
Total T: 5835 Episode Num: 293 Episode T: 34 Reward: -1.495
Total T: 5883 Episode Num: 294 Episode T: 48 Reward: 23.954
Total T: 5900 Episode Num: 295 Episode T: 17 Reward: 5.906
Total T: 5918 Episode Num: 296 Episode T: 18 Reward: 4.112
Total T: 5935 Episode Num: 297 Episode T: 17 Reward: 3.795
Total T: 5960 Episode Num: 298 Episode T: 25 Reward: 3.611
Total T: 5982 Episode Num: 299 Episode T: 22 Reward: -3.760
Total T: 6002 Episode Num: 300 Episode T: 20 Reward: 3.584
Total T: 6015 Episode Num: 301 Episode T: 13 Reward: 2.159
Total T: 6041 Episode Num: 302 Episode T: 26 Reward: -1.226
Total T: 6061 Episode Num: 303 Episode T: 20 Reward: 3.779
Total T: 6079 Episode Num: 304 Episode T: 18 Reward: 3.685
Total T: 6091 Episode Num: 305 Episode T: 12 Reward: -1.979
Total T: 6107 Episode Num: 306 Episode T: 16 Reward: 3.043
Total T: 6126 Episode Num: 307 Episode T: 19 Reward: 0.519
Total T: 6139 Episode Num: 308 Episode T: 13 Reward: -0.699
Total T: 6151 Episode Num: 309 Episode T: 12 Reward: 1.836
Total T: 6177 Episode Num: 310 Episode T: 26 Reward: 4.555
Total T: 6202 Episode Num: 311 Episode T: 25 Reward: -0.512
Total T: 6226 Episode Num: 312 Episode T: 24 Reward: -3.764
Total T: 6259 Episode Num: 313 Episode T: 33 Reward: 6.056
Total T: 6290 Episode Num: 314 Episode T: 31 Reward: 7.534
Total T: 6308 Episode Num: 315 Episode T: 18 Reward: 2.551
Total T: 6326 Episode Num: 316 Episode T: 18 Reward: 6.460
Total T: 6358 Episode Num: 317 Episode T: 32 Reward: 3.413
Total T: 6376 Episode Num: 318 Episode T: 18 Reward: -9.765
Total T: 6401 Episode Num: 319 Episode T: 25 Reward: 2.879
Total T: 6419 Episode Num: 320 Episode T: 18 Reward: -1.088
Total T: 6433 Episode Num: 321 Episode T: 14 Reward: 2.357
Total T: 6443 Episode Num: 322 Episode T: 10 Reward: -3.536
Total T: 6461 Episode Num: 323 Episode T: 18 Reward: 0.220
Total T: 6477 Episode Num: 324 Episode T: 16 Reward: 1.433
Total T: 6493 Episode Num: 325 Episode T: 16 Reward: 5.202
Total T: 6515 Episode Num: 326 Episode T: 22 Reward: 2.777
Total T: 6530 Episode Num: 327 Episode T: 15 Reward: -6.857
Total T: 6548 Episode Num: 328 Episode T: 18 Reward: -6.186
Total T: 6560 Episode Num: 329 Episode T: 12 Reward: -3.021
Total T: 6574 Episode Num: 330 Episode T: 14 Reward: 1.389
Total T: 6609 Episode Num: 331 Episode T: 35 Reward: 6.854
Total T: 6652 Episode Num: 332 Episode T: 43 Reward: 26.258
Total T: 6688 Episode Num: 333 Episode T: 36 Reward: 0.741
Total T: 6710 Episode Num: 334 Episode T: 22 Reward: -1.511
Total T: 6720 Episode Num: 335 Episode T: 10 Reward: -1.718
Total T: 6747 Episode Num: 336 Episode T: 27 Reward: 3.589
Total T: 6766 Episode Num: 337 Episode T: 19 Reward: 1.456
Total T: 6776 Episode Num: 338 Episode T: 10 Reward: -2.139
Total T: 6802 Episode Num: 339 Episode T: 26 Reward: 2.382
Total T: 6824 Episode Num: 340 Episode T: 22 Reward: 5.667
Total T: 6846 Episode Num: 341 Episode T: 22 Reward: 10.808
Total T: 6863 Episode Num: 342 Episode T: 17 Reward: -4.038
Total T: 6880 Episode Num: 343 Episode T: 17 Reward: -6.244
Total T: 6920 Episode Num: 344 Episode T: 40 Reward: 11.188
Total T: 6959 Episode Num: 345 Episode T: 39 Reward: 12.342
Total T: 6975 Episode Num: 346 Episode T: 16 Reward: -9.634
Total T: 6998 Episode Num: 347 Episode T: 23 Reward: 10.154
Total T: 7012 Episode Num: 348 Episode T: 14 Reward: -3.763
Total T: 7026 Episode Num: 349 Episode T: 14 Reward: 1.698
Total T: 7043 Episode Num: 350 Episode T: 17 Reward: -2.207
Total T: 7072 Episode Num: 351 Episode T: 29 Reward: -2.209
Total T: 7100 Episode Num: 352 Episode T: 28 Reward: 15.458
Total T: 7111 Episode Num: 353 Episode T: 11 Reward: 1.171
Total T: 7129 Episode Num: 354 Episode T: 18 Reward: 4.262
Total T: 7146 Episode Num: 355 Episode T: 17 Reward: 3.903
Total T: 7178 Episode Num: 356 Episode T: 32 Reward: 9.783
Total T: 7210 Episode Num: 357 Episode T: 32 Reward: -0.497
Total T: 7229 Episode Num: 358 Episode T: 19 Reward: 2.908
Total T: 7261 Episode Num: 359 Episode T: 32 Reward: 8.493
Total T: 7282 Episode Num: 360 Episode T: 21 Reward: -4.325
Total T: 7296 Episode Num: 361 Episode T: 14 Reward: -1.326
Total T: 7314 Episode Num: 362 Episode T: 18 Reward: 0.342
Total T: 7339 Episode Num: 363 Episode T: 25 Reward: 10.249
Total T: 7356 Episode Num: 364 Episode T: 17 Reward: 6.327
Total T: 7373 Episode Num: 365 Episode T: 17 Reward: 2.030
Total T: 7395 Episode Num: 366 Episode T: 22 Reward: 2.868
Total T: 7413 Episode Num: 367 Episode T: 18 Reward: 4.580
Total T: 7423 Episode Num: 368 Episode T: 10 Reward: -1.026
Total T: 7436 Episode Num: 369 Episode T: 13 Reward: -0.378
Total T: 7446 Episode Num: 370 Episode T: 10 Reward: -0.185
Total T: 7462 Episode Num: 371 Episode T: 16 Reward: -3.437
Total T: 7472 Episode Num: 372 Episode T: 10 Reward: -1.776
Total T: 7506 Episode Num: 373 Episode T: 34 Reward: 2.351
Total T: 7530 Episode Num: 374 Episode T: 24 Reward: -3.052
Total T: 7544 Episode Num: 375 Episode T: 14 Reward: 0.731
Total T: 7564 Episode Num: 376 Episode T: 20 Reward: 2.198
Total T: 7588 Episode Num: 377 Episode T: 24 Reward: -2.657
Total T: 7606 Episode Num: 378 Episode T: 18 Reward: -5.467
Total T: 7626 Episode Num: 379 Episode T: 20 Reward: -7.222
Total T: 7646 Episode Num: 380 Episode T: 20 Reward: 9.203
Total T: 7670 Episode Num: 381 Episode T: 24 Reward: -1.306
Total T: 7685 Episode Num: 382 Episode T: 15 Reward: 3.042
Total T: 7700 Episode Num: 383 Episode T: 15 Reward: 3.167
Total T: 7714 Episode Num: 384 Episode T: 14 Reward: 0.270
Total T: 7726 Episode Num: 385 Episode T: 12 Reward: 0.315
Total T: 7751 Episode Num: 386 Episode T: 25 Reward: -0.200
Total T: 7779 Episode Num: 387 Episode T: 28 Reward: -4.785
Total T: 7800 Episode Num: 388 Episode T: 21 Reward: 3.206
Total T: 7816 Episode Num: 389 Episode T: 16 Reward: -0.984
Total T: 7827 Episode Num: 390 Episode T: 11 Reward: -1.195
Total T: 7851 Episode Num: 391 Episode T: 24 Reward: 7.243
Total T: 7887 Episode Num: 392 Episode T: 36 Reward: 15.400
Total T: 7912 Episode Num: 393 Episode T: 25 Reward: 3.859
Total T: 7940 Episode Num: 394 Episode T: 28 Reward: 3.886
Total T: 7955 Episode Num: 395 Episode T: 15 Reward: 1.434
Total T: 7971 Episode Num: 396 Episode T: 16 Reward: -4.211
Total T: 7979 Episode Num: 397 Episode T: 8 Reward: -5.095
Total T: 8022 Episode Num: 398 Episode T: 43 Reward: -0.300
Total T: 8034 Episode Num: 399 Episode T: 12 Reward: -1.745
Total T: 8051 Episode Num: 400 Episode T: 17 Reward: -0.203
Total T: 8069 Episode Num: 401 Episode T: 18 Reward: -1.724
Total T: 8084 Episode Num: 402 Episode T: 15 Reward: -1.166
Total T: 8118 Episode Num: 403 Episode T: 34 Reward: 7.408
Total T: 8136 Episode Num: 404 Episode T: 18 Reward: 0.514
Total T: 8179 Episode Num: 405 Episode T: 43 Reward: 15.714
Total T: 8225 Episode Num: 406 Episode T: 46 Reward: 21.332
Total T: 8255 Episode Num: 407 Episode T: 30 Reward: -6.200
Total T: 8285 Episode Num: 408 Episode T: 30 Reward: 5.125
Total T: 8299 Episode Num: 409 Episode T: 14 Reward: -1.509
Total T: 8315 Episode Num: 410 Episode T: 16 Reward: 3.930
Total T: 8336 Episode Num: 411 Episode T: 21 Reward: 3.710
Total T: 8348 Episode Num: 412 Episode T: 12 Reward: 0.001
Total T: 8365 Episode Num: 413 Episode T: 17 Reward: 4.229
Total T: 8397 Episode Num: 414 Episode T: 32 Reward: -1.020
Total T: 8424 Episode Num: 415 Episode T: 27 Reward: 0.598
Total T: 8452 Episode Num: 416 Episode T: 28 Reward: 7.459
Total T: 8468 Episode Num: 417 Episode T: 16 Reward: 6.241
Total T: 8489 Episode Num: 418 Episode T: 21 Reward: 3.134
Total T: 8508 Episode Num: 419 Episode T: 19 Reward: -8.205
Total T: 8537 Episode Num: 420 Episode T: 29 Reward: 10.773
Total T: 8547 Episode Num: 421 Episode T: 10 Reward: -2.685
Total T: 8558 Episode Num: 422 Episode T: 11 Reward: -1.495
Total T: 8575 Episode Num: 423 Episode T: 17 Reward: 7.653
Total T: 8595 Episode Num: 424 Episode T: 20 Reward: -0.290
Total T: 8622 Episode Num: 425 Episode T: 27 Reward: 3.724
Total T: 8656 Episode Num: 426 Episode T: 34 Reward: -4.034
Total T: 8670 Episode Num: 427 Episode T: 14 Reward: 3.066
Total T: 8693 Episode Num: 428 Episode T: 23 Reward: 3.208
Total T: 8720 Episode Num: 429 Episode T: 27 Reward: 14.671
Total T: 8744 Episode Num: 430 Episode T: 24 Reward: 1.342
Total T: 8762 Episode Num: 431 Episode T: 18 Reward: -0.179
Total T: 8775 Episode Num: 432 Episode T: 13 Reward: -2.475
Total T: 8796 Episode Num: 433 Episode T: 21 Reward: 4.831
Total T: 8813 Episode Num: 434 Episode T: 17 Reward: 1.274
Total T: 8837 Episode Num: 435 Episode T: 24 Reward: 13.036
Total T: 8849 Episode Num: 436 Episode T: 12 Reward: 1.178
Total T: 8881 Episode Num: 437 Episode T: 32 Reward: 11.398
Total T: 8910 Episode Num: 438 Episode T: 29 Reward: 3.303
Total T: 8924 Episode Num: 439 Episode T: 14 Reward: -1.581
Total T: 8935 Episode Num: 440 Episode T: 11 Reward: -1.645
Total T: 8952 Episode Num: 441 Episode T: 17 Reward: 2.892
Total T: 8975 Episode Num: 442 Episode T: 23 Reward: 5.687
Total T: 8988 Episode Num: 443 Episode T: 13 Reward: -2.971
Total T: 9017 Episode Num: 444 Episode T: 29 Reward: 4.526
Total T: 9038 Episode Num: 445 Episode T: 21 Reward: 5.016
Total T: 9050 Episode Num: 446 Episode T: 12 Reward: -2.187
Total T: 9066 Episode Num: 447 Episode T: 16 Reward: -0.344
Total T: 9086 Episode Num: 448 Episode T: 20 Reward: -3.578
Total T: 9107 Episode Num: 449 Episode T: 21 Reward: -3.570
Total T: 9119 Episode Num: 450 Episode T: 12 Reward: 0.045
Total T: 9131 Episode Num: 451 Episode T: 12 Reward: -0.565
Total T: 9145 Episode Num: 452 Episode T: 14 Reward: 3.337
Total T: 9171 Episode Num: 453 Episode T: 26 Reward: 3.462
Total T: 9185 Episode Num: 454 Episode T: 14 Reward: -3.810
Total T: 9214 Episode Num: 455 Episode T: 29 Reward: -5.711
Total T: 9239 Episode Num: 456 Episode T: 25 Reward: 6.594
Total T: 9269 Episode Num: 457 Episode T: 30 Reward: 10.772
Total T: 9281 Episode Num: 458 Episode T: 12 Reward: -6.199
Total T: 9302 Episode Num: 459 Episode T: 21 Reward: -2.321
Total T: 9338 Episode Num: 460 Episode T: 36 Reward: 19.369
Total T: 9363 Episode Num: 461 Episode T: 25 Reward: 2.416
Total T: 9413 Episode Num: 462 Episode T: 50 Reward: 14.606
Total T: 9424 Episode Num: 463 Episode T: 11 Reward: 0.412
Total T: 9448 Episode Num: 464 Episode T: 24 Reward: 4.121
Total T: 9461 Episode Num: 465 Episode T: 13 Reward: 0.525
Total T: 9476 Episode Num: 466 Episode T: 15 Reward: 1.306
Total T: 9497 Episode Num: 467 Episode T: 21 Reward: -2.915
Total T: 9514 Episode Num: 468 Episode T: 17 Reward: 3.672
Total T: 9525 Episode Num: 469 Episode T: 11 Reward: 0.890
Total T: 9578 Episode Num: 470 Episode T: 53 Reward: 9.700
Total T: 9588 Episode Num: 471 Episode T: 10 Reward: 0.865
Total T: 9603 Episode Num: 472 Episode T: 15 Reward: 4.788
Total T: 9629 Episode Num: 473 Episode T: 26 Reward: -2.137
Total T: 9639 Episode Num: 474 Episode T: 10 Reward: -7.255
Total T: 9656 Episode Num: 475 Episode T: 17 Reward: -6.005
Total T: 9668 Episode Num: 476 Episode T: 12 Reward: 0.869
Total T: 9683 Episode Num: 477 Episode T: 15 Reward: 2.282
Total T: 9700 Episode Num: 478 Episode T: 17 Reward: -1.856
Total T: 9722 Episode Num: 479 Episode T: 22 Reward: 10.588
Total T: 9731 Episode Num: 480 Episode T: 9 Reward: -1.753
Total T: 9749 Episode Num: 481 Episode T: 18 Reward: 5.464
Total T: 9772 Episode Num: 482 Episode T: 23 Reward: -0.610
Total T: 9793 Episode Num: 483 Episode T: 21 Reward: -3.726
Total T: 9809 Episode Num: 484 Episode T: 16 Reward: 3.549
Total T: 9827 Episode Num: 485 Episode T: 18 Reward: 5.154
Total T: 9840 Episode Num: 486 Episode T: 13 Reward: 3.351
Total T: 9854 Episode Num: 487 Episode T: 14 Reward: 0.909
Total T: 9869 Episode Num: 488 Episode T: 15 Reward: -2.093
Total T: 9888 Episode Num: 489 Episode T: 19 Reward: -0.974
Total T: 9905 Episode Num: 490 Episode T: 17 Reward: 1.820
Total T: 9933 Episode Num: 491 Episode T: 28 Reward: 6.426
Total T: 9967 Episode Num: 492 Episode T: 34 Reward: 5.589
Total T: 9982 Episode Num: 493 Episode T: 15 Reward: 3.374
---------------------------------------
Evaluation over 10 episodes: 8.158
---------------------------------------
Total T: 10004 Episode Num: 494 Episode T: 22 Reward: 8.283
Total T: 10018 Episode Num: 495 Episode T: 14 Reward: -2.226
Total T: 10041 Episode Num: 496 Episode T: 23 Reward: -2.464
Total T: 10058 Episode Num: 497 Episode T: 17 Reward: 3.965
Total T: 10080 Episode Num: 498 Episode T: 22 Reward: -7.313
Total T: 10100 Episode Num: 499 Episode T: 20 Reward: 0.421
Total T: 10119 Episode Num: 500 Episode T: 19 Reward: -7.638
Total T: 10140 Episode Num: 501 Episode T: 21 Reward: -1.158
Total T: 10153 Episode Num: 502 Episode T: 13 Reward: -3.487
Total T: 10167 Episode Num: 503 Episode T: 14 Reward: -1.105
Total T: 10183 Episode Num: 504 Episode T: 16 Reward: 0.700
Total T: 10200 Episode Num: 505 Episode T: 17 Reward: 4.773
Total T: 10217 Episode Num: 506 Episode T: 17 Reward: 1.652
Total T: 10230 Episode Num: 507 Episode T: 13 Reward: 2.691
Total T: 10249 Episode Num: 508 Episode T: 19 Reward: 9.309
Total T: 10268 Episode Num: 509 Episode T: 19 Reward: 9.325
Total T: 10283 Episode Num: 510 Episode T: 15 Reward: 0.444
Total T: 10298 Episode Num: 511 Episode T: 15 Reward: 0.195
Total T: 10323 Episode Num: 512 Episode T: 25 Reward: 0.122
Total T: 10344 Episode Num: 513 Episode T: 21 Reward: -3.445
Total T: 10374 Episode Num: 514 Episode T: 30 Reward: 17.356
Total T: 10396 Episode Num: 515 Episode T: 22 Reward: 1.333
Total T: 10431 Episode Num: 516 Episode T: 35 Reward: 4.107
Total T: 10449 Episode Num: 517 Episode T: 18 Reward: -0.525
Total T: 10481 Episode Num: 518 Episode T: 32 Reward: 1.127
Total T: 10503 Episode Num: 519 Episode T: 22 Reward: 11.283
Total T: 10514 Episode Num: 520 Episode T: 11 Reward: -1.266
Total T: 10527 Episode Num: 521 Episode T: 13 Reward: -3.043
Total T: 10559 Episode Num: 522 Episode T: 32 Reward: 3.427
Total T: 10573 Episode Num: 523 Episode T: 14 Reward: 1.673
Total T: 10586 Episode Num: 524 Episode T: 13 Reward: 0.895
Total T: 10605 Episode Num: 525 Episode T: 19 Reward: 8.629
Total T: 10638 Episode Num: 526 Episode T: 33 Reward: 0.249
Total T: 10649 Episode Num: 527 Episode T: 11 Reward: -1.235
Total T: 10659 Episode Num: 528 Episode T: 10 Reward: -5.448
Total T: 10671 Episode Num: 529 Episode T: 12 Reward: -5.847
Total T: 10685 Episode Num: 530 Episode T: 14 Reward: 1.278
Total T: 10703 Episode Num: 531 Episode T: 18 Reward: 0.985
Total T: 10732 Episode Num: 532 Episode T: 29 Reward: -11.009
Total T: 10744 Episode Num: 533 Episode T: 12 Reward: -2.152
Total T: 10755 Episode Num: 534 Episode T: 11 Reward: -2.376
Total T: 10768 Episode Num: 535 Episode T: 13 Reward: 0.658
Total T: 10808 Episode Num: 536 Episode T: 40 Reward: -3.057
Total T: 10835 Episode Num: 537 Episode T: 27 Reward: 0.693
Total T: 10876 Episode Num: 538 Episode T: 41 Reward: 24.668
Total T: 10907 Episode Num: 539 Episode T: 31 Reward: 5.332
Total T: 10948 Episode Num: 540 Episode T: 41 Reward: 7.659
Total T: 10985 Episode Num: 541 Episode T: 37 Reward: 9.395
Total T: 11005 Episode Num: 542 Episode T: 20 Reward: 4.630
Total T: 11015 Episode Num: 543 Episode T: 10 Reward: -1.034
Total T: 11054 Episode Num: 544 Episode T: 39 Reward: 10.313
Total T: 11074 Episode Num: 545 Episode T: 20 Reward: -0.170
Total T: 11094 Episode Num: 546 Episode T: 20 Reward: -1.162
Total T: 11114 Episode Num: 547 Episode T: 20 Reward: 8.900
Total T: 11129 Episode Num: 548 Episode T: 15 Reward: 3.392
Total T: 11142 Episode Num: 549 Episode T: 13 Reward: 1.323
Total T: 11152 Episode Num: 550 Episode T: 10 Reward: -1.452
Total T: 11167 Episode Num: 551 Episode T: 15 Reward: -1.919
Total T: 11180 Episode Num: 552 Episode T: 13 Reward: -0.337
Total T: 11195 Episode Num: 553 Episode T: 15 Reward: 0.616
Total T: 11222 Episode Num: 554 Episode T: 27 Reward: 9.571
Total T: 11237 Episode Num: 555 Episode T: 15 Reward: 2.032
Total T: 11252 Episode Num: 556 Episode T: 15 Reward: 2.345
Total T: 11274 Episode Num: 557 Episode T: 22 Reward: 2.973
Total T: 11290 Episode Num: 558 Episode T: 16 Reward: 3.340
Total T: 11303 Episode Num: 559 Episode T: 13 Reward: -3.039
Total T: 11319 Episode Num: 560 Episode T: 16 Reward: 7.333
Total T: 11332 Episode Num: 561 Episode T: 13 Reward: 1.527
Total T: 11354 Episode Num: 562 Episode T: 22 Reward: -2.064
Total T: 11376 Episode Num: 563 Episode T: 22 Reward: -0.569
Total T: 11390 Episode Num: 564 Episode T: 14 Reward: 0.599
Total T: 11410 Episode Num: 565 Episode T: 20 Reward: -6.792
Total T: 11426 Episode Num: 566 Episode T: 16 Reward: -7.821
Total T: 11454 Episode Num: 567 Episode T: 28 Reward: 7.311
Total T: 11471 Episode Num: 568 Episode T: 17 Reward: 5.099
Total T: 11490 Episode Num: 569 Episode T: 19 Reward: 3.385
Total T: 11508 Episode Num: 570 Episode T: 18 Reward: -2.316
Total T: 11537 Episode Num: 571 Episode T: 29 Reward: 7.905
Total T: 11552 Episode Num: 572 Episode T: 15 Reward: -6.134
Total T: 11566 Episode Num: 573 Episode T: 14 Reward: -1.450
Total T: 11613 Episode Num: 574 Episode T: 47 Reward: 4.267
Total T: 11625 Episode Num: 575 Episode T: 12 Reward: -7.451
Total T: 11646 Episode Num: 576 Episode T: 21 Reward: 3.083
Total T: 11656 Episode Num: 577 Episode T: 10 Reward: -1.151
Total T: 11674 Episode Num: 578 Episode T: 18 Reward: 2.903
Total T: 11696 Episode Num: 579 Episode T: 22 Reward: 2.815
Total T: 11704 Episode Num: 580 Episode T: 8 Reward: -2.040
Total T: 11716 Episode Num: 581 Episode T: 12 Reward: 0.332
Total T: 11748 Episode Num: 582 Episode T: 32 Reward: 3.269
Total T: 11766 Episode Num: 583 Episode T: 18 Reward: 3.391
Total T: 11798 Episode Num: 584 Episode T: 32 Reward: 11.325
Total T: 11817 Episode Num: 585 Episode T: 19 Reward: 0.176
Total T: 11856 Episode Num: 586 Episode T: 39 Reward: 1.280
Total T: 11874 Episode Num: 587 Episode T: 18 Reward: -5.097
Total T: 11900 Episode Num: 588 Episode T: 26 Reward: -2.910
Total T: 11930 Episode Num: 589 Episode T: 30 Reward: 1.049
Total T: 11946 Episode Num: 590 Episode T: 16 Reward: -0.131
Total T: 11963 Episode Num: 591 Episode T: 17 Reward: 3.155
Total T: 12000 Episode Num: 592 Episode T: 37 Reward: 19.507
Total T: 12013 Episode Num: 593 Episode T: 13 Reward: 0.667
Total T: 12033 Episode Num: 594 Episode T: 20 Reward: -4.373
Total T: 12063 Episode Num: 595 Episode T: 30 Reward: 6.377
Total T: 12074 Episode Num: 596 Episode T: 11 Reward: 0.452
Total T: 12082 Episode Num: 597 Episode T: 8 Reward: -3.923
Total T: 12115 Episode Num: 598 Episode T: 33 Reward: 0.584
Total T: 12149 Episode Num: 599 Episode T: 34 Reward: 9.951
Total T: 12160 Episode Num: 600 Episode T: 11 Reward: 0.592
Total T: 12174 Episode Num: 601 Episode T: 14 Reward: -1.025
Total T: 12185 Episode Num: 602 Episode T: 11 Reward: -5.446
Total T: 12200 Episode Num: 603 Episode T: 15 Reward: 2.106
Total T: 12221 Episode Num: 604 Episode T: 21 Reward: 0.525
Total T: 12240 Episode Num: 605 Episode T: 19 Reward: 2.268
Total T: 12250 Episode Num: 606 Episode T: 10 Reward: -4.244
Total T: 12282 Episode Num: 607 Episode T: 32 Reward: 8.385
Total T: 12307 Episode Num: 608 Episode T: 25 Reward: 0.774
Total T: 12322 Episode Num: 609 Episode T: 15 Reward: -0.775
Total T: 12349 Episode Num: 610 Episode T: 27 Reward: 3.914
Total T: 12363 Episode Num: 611 Episode T: 14 Reward: -0.964
Total T: 12391 Episode Num: 612 Episode T: 28 Reward: -3.090
Total T: 12407 Episode Num: 613 Episode T: 16 Reward: -4.272
Total T: 12438 Episode Num: 614 Episode T: 31 Reward: 9.144
Total T: 12454 Episode Num: 615 Episode T: 16 Reward: 1.296
Total T: 12468 Episode Num: 616 Episode T: 14 Reward: 3.630
Total T: 12482 Episode Num: 617 Episode T: 14 Reward: -3.424
Total T: 12496 Episode Num: 618 Episode T: 14 Reward: 0.958
Total T: 12534 Episode Num: 619 Episode T: 38 Reward: 18.668
Total T: 12558 Episode Num: 620 Episode T: 24 Reward: 7.767
Total T: 12575 Episode Num: 621 Episode T: 17 Reward: -1.206
Total T: 12588 Episode Num: 622 Episode T: 13 Reward: 1.645
Total T: 12608 Episode Num: 623 Episode T: 20 Reward: 5.669
Total T: 12630 Episode Num: 624 Episode T: 22 Reward: -2.963
Total T: 12646 Episode Num: 625 Episode T: 16 Reward: 5.632
Total T: 12664 Episode Num: 626 Episode T: 18 Reward: -0.820
Total T: 12685 Episode Num: 627 Episode T: 21 Reward: -6.163
Total T: 12698 Episode Num: 628 Episode T: 13 Reward: -3.058
Total T: 12718 Episode Num: 629 Episode T: 20 Reward: 3.910
Total T: 12730 Episode Num: 630 Episode T: 12 Reward: -2.945
Total T: 12757 Episode Num: 631 Episode T: 27 Reward: -2.589
Total T: 12769 Episode Num: 632 Episode T: 12 Reward: -1.518
Total T: 12782 Episode Num: 633 Episode T: 13 Reward: -3.167
Total T: 12803 Episode Num: 634 Episode T: 21 Reward: 6.259
Total T: 12818 Episode Num: 635 Episode T: 15 Reward: 1.776
Total T: 12858 Episode Num: 636 Episode T: 40 Reward: 21.606
Total T: 12879 Episode Num: 637 Episode T: 21 Reward: 0.390
Total T: 12893 Episode Num: 638 Episode T: 14 Reward: 0.919
Total T: 12907 Episode Num: 639 Episode T: 14 Reward: -3.484
Total T: 12916 Episode Num: 640 Episode T: 9 Reward: -3.124
Total T: 12940 Episode Num: 641 Episode T: 24 Reward: -7.949
Total T: 12978 Episode Num: 642 Episode T: 38 Reward: 1.473
Total T: 12993 Episode Num: 643 Episode T: 15 Reward: -0.745
Total T: 13016 Episode Num: 644 Episode T: 23 Reward: 1.750
Total T: 13042 Episode Num: 645 Episode T: 26 Reward: 6.006
Total T: 13058 Episode Num: 646 Episode T: 16 Reward: -0.178
Total T: 13079 Episode Num: 647 Episode T: 21 Reward: 4.129
Total T: 13090 Episode Num: 648 Episode T: 11 Reward: -1.740
Total T: 13113 Episode Num: 649 Episode T: 23 Reward: 9.770
Total T: 13127 Episode Num: 650 Episode T: 14 Reward: -7.358
Total T: 13153 Episode Num: 651 Episode T: 26 Reward: 8.502
Total T: 13174 Episode Num: 652 Episode T: 21 Reward: 8.785
Total T: 13185 Episode Num: 653 Episode T: 11 Reward: -2.889
Total T: 13222 Episode Num: 654 Episode T: 37 Reward: 8.604
Total T: 13233 Episode Num: 655 Episode T: 11 Reward: -4.583
Total T: 13256 Episode Num: 656 Episode T: 23 Reward: 5.791
Total T: 13276 Episode Num: 657 Episode T: 20 Reward: -2.342
Total T: 13287 Episode Num: 658 Episode T: 11 Reward: -2.708
Total T: 13302 Episode Num: 659 Episode T: 15 Reward: 6.624
Total T: 13337 Episode Num: 660 Episode T: 35 Reward: 10.022
Total T: 13360 Episode Num: 661 Episode T: 23 Reward: 3.853
Total T: 13381 Episode Num: 662 Episode T: 21 Reward: 0.801
Total T: 13403 Episode Num: 663 Episode T: 22 Reward: 6.222
Total T: 13428 Episode Num: 664 Episode T: 25 Reward: 10.319
Total T: 13443 Episode Num: 665 Episode T: 15 Reward: -2.659
Total T: 13461 Episode Num: 666 Episode T: 18 Reward: -2.365
Total T: 13481 Episode Num: 667 Episode T: 20 Reward: 3.089
Total T: 13500 Episode Num: 668 Episode T: 19 Reward: -0.483
Total T: 13520 Episode Num: 669 Episode T: 20 Reward: 1.873
Total T: 13544 Episode Num: 670 Episode T: 24 Reward: 0.577
Total T: 13577 Episode Num: 671 Episode T: 33 Reward: 10.242
Total T: 13592 Episode Num: 672 Episode T: 15 Reward: -1.412
Total T: 13605 Episode Num: 673 Episode T: 13 Reward: 0.785
Total T: 13623 Episode Num: 674 Episode T: 18 Reward: 9.209
Total T: 13649 Episode Num: 675 Episode T: 26 Reward: 3.051
Total T: 13672 Episode Num: 676 Episode T: 23 Reward: -4.596
Total T: 13686 Episode Num: 677 Episode T: 14 Reward: -0.831
Total T: 13702 Episode Num: 678 Episode T: 16 Reward: 4.827
Total T: 13717 Episode Num: 679 Episode T: 15 Reward: -3.051
Total T: 13752 Episode Num: 680 Episode T: 35 Reward: 18.432
Total T: 13770 Episode Num: 681 Episode T: 18 Reward: -9.518
Total T: 13787 Episode Num: 682 Episode T: 17 Reward: 1.037
Total T: 13809 Episode Num: 683 Episode T: 22 Reward: 5.641
Total T: 13823 Episode Num: 684 Episode T: 14 Reward: -6.709
Total T: 13855 Episode Num: 685 Episode T: 32 Reward: 1.810
Total T: 13888 Episode Num: 686 Episode T: 33 Reward: 5.437
Total T: 13919 Episode Num: 687 Episode T: 31 Reward: 7.931
Total T: 13928 Episode Num: 688 Episode T: 9 Reward: -6.069
Total T: 13938 Episode Num: 689 Episode T: 10 Reward: 0.166
Total T: 13959 Episode Num: 690 Episode T: 21 Reward: 5.462
Total T: 13989 Episode Num: 691 Episode T: 30 Reward: 4.156
Total T: 14009 Episode Num: 692 Episode T: 20 Reward: 4.468
Total T: 14033 Episode Num: 693 Episode T: 24 Reward: 6.840
Total T: 14056 Episode Num: 694 Episode T: 23 Reward: 2.549
Total T: 14066 Episode Num: 695 Episode T: 10 Reward: -1.563
Total T: 14079 Episode Num: 696 Episode T: 13 Reward: -2.576
Total T: 14087 Episode Num: 697 Episode T: 8 Reward: -2.003
Total T: 14118 Episode Num: 698 Episode T: 31 Reward: -1.639
Total T: 14127 Episode Num: 699 Episode T: 9 Reward: -0.518
Total T: 14156 Episode Num: 700 Episode T: 29 Reward: 10.102
Total T: 14184 Episode Num: 701 Episode T: 28 Reward: 4.086
Total T: 14197 Episode Num: 702 Episode T: 13 Reward: -1.018
Total T: 14216 Episode Num: 703 Episode T: 19 Reward: -6.048
Total T: 14244 Episode Num: 704 Episode T: 28 Reward: 3.242
Total T: 14262 Episode Num: 705 Episode T: 18 Reward: 3.727
Total T: 14298 Episode Num: 706 Episode T: 36 Reward: -2.677
Total T: 14312 Episode Num: 707 Episode T: 14 Reward: -2.711
Total T: 14321 Episode Num: 708 Episode T: 9 Reward: -3.045
Total T: 14346 Episode Num: 709 Episode T: 25 Reward: -4.944
Total T: 14364 Episode Num: 710 Episode T: 18 Reward: 2.469
Total T: 14375 Episode Num: 711 Episode T: 11 Reward: -1.382
Total T: 14389 Episode Num: 712 Episode T: 14 Reward: 2.732
Total T: 14425 Episode Num: 713 Episode T: 36 Reward: 1.254
Total T: 14443 Episode Num: 714 Episode T: 18 Reward: 3.686
Total T: 14465 Episode Num: 715 Episode T: 22 Reward: 5.577
Total T: 14514 Episode Num: 716 Episode T: 49 Reward: 11.741
Total T: 14539 Episode Num: 717 Episode T: 25 Reward: -0.464
Total T: 14552 Episode Num: 718 Episode T: 13 Reward: 2.189
Total T: 14569 Episode Num: 719 Episode T: 17 Reward: -1.052
Total T: 14611 Episode Num: 720 Episode T: 42 Reward: 16.607
Total T: 14647 Episode Num: 721 Episode T: 36 Reward: 14.690
Total T: 14663 Episode Num: 722 Episode T: 16 Reward: 1.053
Total T: 14701 Episode Num: 723 Episode T: 38 Reward: 14.277
Total T: 14720 Episode Num: 724 Episode T: 19 Reward: -6.504
Total T: 14757 Episode Num: 725 Episode T: 37 Reward: 3.083
Total T: 14785 Episode Num: 726 Episode T: 28 Reward: 11.889
Total T: 14816 Episode Num: 727 Episode T: 31 Reward: -7.138
Total T: 14844 Episode Num: 728 Episode T: 28 Reward: -0.927
Total T: 14863 Episode Num: 729 Episode T: 19 Reward: -5.821
Total T: 14883 Episode Num: 730 Episode T: 20 Reward: 3.412
Total T: 14902 Episode Num: 731 Episode T: 19 Reward: 7.546
Total T: 14914 Episode Num: 732 Episode T: 12 Reward: -3.062
Total T: 14933 Episode Num: 733 Episode T: 19 Reward: 3.599
Total T: 14950 Episode Num: 734 Episode T: 17 Reward: 2.941
Total T: 14968 Episode Num: 735 Episode T: 18 Reward: -4.664
Total T: 14992 Episode Num: 736 Episode T: 24 Reward: 0.193
---------------------------------------
Evaluation over 10 episodes: 6.806
---------------------------------------
Total T: 15002 Episode Num: 737 Episode T: 10 Reward: -3.828
Total T: 15020 Episode Num: 738 Episode T: 18 Reward: -1.485
Total T: 15031 Episode Num: 739 Episode T: 11 Reward: -0.563
Total T: 15040 Episode Num: 740 Episode T: 9 Reward: -1.903
Total T: 15054 Episode Num: 741 Episode T: 14 Reward: 2.196
Total T: 15073 Episode Num: 742 Episode T: 19 Reward: -8.521
Total T: 15093 Episode Num: 743 Episode T: 20 Reward: -2.881
Total T: 15118 Episode Num: 744 Episode T: 25 Reward: -1.532
Total T: 15142 Episode Num: 745 Episode T: 24 Reward: -2.766
Total T: 15158 Episode Num: 746 Episode T: 16 Reward: 0.262
Total T: 15174 Episode Num: 747 Episode T: 16 Reward: 0.461
Total T: 15196 Episode Num: 748 Episode T: 22 Reward: -4.132
Total T: 15213 Episode Num: 749 Episode T: 17 Reward: 5.891
Total T: 15227 Episode Num: 750 Episode T: 14 Reward: 0.748
Total T: 15237 Episode Num: 751 Episode T: 10 Reward: -0.295
Total T: 15267 Episode Num: 752 Episode T: 30 Reward: -0.636
Total T: 15280 Episode Num: 753 Episode T: 13 Reward: -0.842
Total T: 15295 Episode Num: 754 Episode T: 15 Reward: 3.375
Total T: 15304 Episode Num: 755 Episode T: 9 Reward: -2.188
Total T: 15323 Episode Num: 756 Episode T: 19 Reward: 7.221
Total T: 15359 Episode Num: 757 Episode T: 36 Reward: 9.199
Total T: 15386 Episode Num: 758 Episode T: 27 Reward: 1.057
Total T: 15411 Episode Num: 759 Episode T: 25 Reward: 15.593
Total T: 15428 Episode Num: 760 Episode T: 17 Reward: -0.822
Total T: 15447 Episode Num: 761 Episode T: 19 Reward: 3.318
Total T: 15466 Episode Num: 762 Episode T: 19 Reward: -2.538
Total T: 15480 Episode Num: 763 Episode T: 14 Reward: 0.608
Total T: 15499 Episode Num: 764 Episode T: 19 Reward: 0.920
Total T: 15539 Episode Num: 765 Episode T: 40 Reward: 15.812
Total T: 15589 Episode Num: 766 Episode T: 50 Reward: 26.602
Total T: 15605 Episode Num: 767 Episode T: 16 Reward: 1.603
Total T: 15626 Episode Num: 768 Episode T: 21 Reward: -0.315
Total T: 15639 Episode Num: 769 Episode T: 13 Reward: -2.153
Total T: 15654 Episode Num: 770 Episode T: 15 Reward: 2.257
Total T: 15669 Episode Num: 771 Episode T: 15 Reward: 4.046
Total T: 15690 Episode Num: 772 Episode T: 21 Reward: 5.542
Total T: 15707 Episode Num: 773 Episode T: 17 Reward: -5.067
Total T: 15725 Episode Num: 774 Episode T: 18 Reward: 3.620
Total T: 15750 Episode Num: 775 Episode T: 25 Reward: 6.246
Total T: 15768 Episode Num: 776 Episode T: 18 Reward: 6.339
Total T: 15795 Episode Num: 777 Episode T: 27 Reward: 6.848
Total T: 15810 Episode Num: 778 Episode T: 15 Reward: -1.790
Total T: 15824 Episode Num: 779 Episode T: 14 Reward: 1.275
Total T: 15843 Episode Num: 780 Episode T: 19 Reward: 4.975
Total T: 15868 Episode Num: 781 Episode T: 25 Reward: 8.711
Total T: 15885 Episode Num: 782 Episode T: 17 Reward: -7.324
Total T: 15928 Episode Num: 783 Episode T: 43 Reward: 8.223
Total T: 15949 Episode Num: 784 Episode T: 21 Reward: -3.897
Total T: 15962 Episode Num: 785 Episode T: 13 Reward: -0.783
Total T: 15994 Episode Num: 786 Episode T: 32 Reward: 20.880
Total T: 16004 Episode Num: 787 Episode T: 10 Reward: -1.663
Total T: 16033 Episode Num: 788 Episode T: 29 Reward: 6.514
Total T: 16050 Episode Num: 789 Episode T: 17 Reward: -7.045
Total T: 16066 Episode Num: 790 Episode T: 16 Reward: 3.608
Total T: 16080 Episode Num: 791 Episode T: 14 Reward: 1.026
Total T: 16132 Episode Num: 792 Episode T: 52 Reward: 12.949
Total T: 16182 Episode Num: 793 Episode T: 50 Reward: 16.984
Total T: 16213 Episode Num: 794 Episode T: 31 Reward: 0.938
Total T: 16227 Episode Num: 795 Episode T: 14 Reward: -1.392
Total T: 16249 Episode Num: 796 Episode T: 22 Reward: 2.203
Total T: 16264 Episode Num: 797 Episode T: 15 Reward: 1.094
Total T: 16273 Episode Num: 798 Episode T: 9 Reward: -1.845
Total T: 16288 Episode Num: 799 Episode T: 15 Reward: 4.628
Total T: 16303 Episode Num: 800 Episode T: 15 Reward: -0.640
Total T: 16313 Episode Num: 801 Episode T: 10 Reward: -1.243
Total T: 16329 Episode Num: 802 Episode T: 16 Reward: -0.495
Total T: 16341 Episode Num: 803 Episode T: 12 Reward: 2.222
Total T: 16353 Episode Num: 804 Episode T: 12 Reward: -2.774
Total T: 16386 Episode Num: 805 Episode T: 33 Reward: 2.962
Total T: 16402 Episode Num: 806 Episode T: 16 Reward: 7.032
Total T: 16435 Episode Num: 807 Episode T: 33 Reward: 3.644
Total T: 16454 Episode Num: 808 Episode T: 19 Reward: 0.603
Total T: 16466 Episode Num: 809 Episode T: 12 Reward: -2.783
Total T: 16481 Episode Num: 810 Episode T: 15 Reward: 0.207
Total T: 16500 Episode Num: 811 Episode T: 19 Reward: -6.122
Total T: 16529 Episode Num: 812 Episode T: 29 Reward: 11.792
Total T: 16556 Episode Num: 813 Episode T: 27 Reward: 3.709
Total T: 16567 Episode Num: 814 Episode T: 11 Reward: -0.027
Total T: 16581 Episode Num: 815 Episode T: 14 Reward: -1.503
Total T: 16598 Episode Num: 816 Episode T: 17 Reward: 5.177
Total T: 16615 Episode Num: 817 Episode T: 17 Reward: -5.733
Total T: 16639 Episode Num: 818 Episode T: 24 Reward: 8.905
Total T: 16662 Episode Num: 819 Episode T: 23 Reward: -4.199
Total T: 16672 Episode Num: 820 Episode T: 10 Reward: -1.530
Total T: 16688 Episode Num: 821 Episode T: 16 Reward: -2.724
Total T: 16698 Episode Num: 822 Episode T: 10 Reward: -0.920
Total T: 16708 Episode Num: 823 Episode T: 10 Reward: -0.541
Total T: 16735 Episode Num: 824 Episode T: 27 Reward: 1.046
Total T: 16754 Episode Num: 825 Episode T: 19 Reward: -8.084
Total T: 16770 Episode Num: 826 Episode T: 16 Reward: 0.015
Total T: 16803 Episode Num: 827 Episode T: 33 Reward: 6.335
Total T: 16838 Episode Num: 828 Episode T: 35 Reward: 16.898
Total T: 16856 Episode Num: 829 Episode T: 18 Reward: 4.591
Total T: 16884 Episode Num: 830 Episode T: 28 Reward: 1.697
Total T: 16919 Episode Num: 831 Episode T: 35 Reward: 6.515
Total T: 16945 Episode Num: 832 Episode T: 26 Reward: -4.699
Total T: 16955 Episode Num: 833 Episode T: 10 Reward: -1.009
Total T: 16970 Episode Num: 834 Episode T: 15 Reward: -4.584
Total T: 17004 Episode Num: 835 Episode T: 34 Reward: 1.090
Total T: 17035 Episode Num: 836 Episode T: 31 Reward: 16.001
Total T: 17107 Episode Num: 837 Episode T: 72 Reward: 51.833
Total T: 17123 Episode Num: 838 Episode T: 16 Reward: 3.948
Total T: 17162 Episode Num: 839 Episode T: 39 Reward: 8.614
Total T: 17180 Episode Num: 840 Episode T: 18 Reward: 1.290
Total T: 17202 Episode Num: 841 Episode T: 22 Reward: 3.317
Total T: 17220 Episode Num: 842 Episode T: 18 Reward: 4.527
Total T: 17239 Episode Num: 843 Episode T: 19 Reward: 0.873
Total T: 17250 Episode Num: 844 Episode T: 11 Reward: -0.584
Total T: 17270 Episode Num: 845 Episode T: 20 Reward: -0.319
Total T: 17278 Episode Num: 846 Episode T: 8 Reward: -4.613
Total T: 17293 Episode Num: 847 Episode T: 15 Reward: -0.241
Total T: 17335 Episode Num: 848 Episode T: 42 Reward: -0.120
Total T: 17382 Episode Num: 849 Episode T: 47 Reward: 24.028
Total T: 17407 Episode Num: 850 Episode T: 25 Reward: 0.916
Total T: 17421 Episode Num: 851 Episode T: 14 Reward: 3.032
Total T: 17434 Episode Num: 852 Episode T: 13 Reward: 1.014
Total T: 17451 Episode Num: 853 Episode T: 17 Reward: 1.215
Total T: 17467 Episode Num: 854 Episode T: 16 Reward: 3.704
Total T: 17478 Episode Num: 855 Episode T: 11 Reward: -2.879
Total T: 17522 Episode Num: 856 Episode T: 44 Reward: 6.579
Total T: 17543 Episode Num: 857 Episode T: 21 Reward: -6.920
Total T: 17558 Episode Num: 858 Episode T: 15 Reward: -3.354
Total T: 17590 Episode Num: 859 Episode T: 32 Reward: 2.907
Total T: 17610 Episode Num: 860 Episode T: 20 Reward: 2.355
Total T: 17642 Episode Num: 861 Episode T: 32 Reward: 11.027
Total T: 17674 Episode Num: 862 Episode T: 32 Reward: 16.402
Total T: 17689 Episode Num: 863 Episode T: 15 Reward: -0.102
Total T: 17699 Episode Num: 864 Episode T: 10 Reward: -1.135
Total T: 17712 Episode Num: 865 Episode T: 13 Reward: 0.439
Total T: 17723 Episode Num: 866 Episode T: 11 Reward: -4.551
Total T: 17748 Episode Num: 867 Episode T: 25 Reward: 4.461
Total T: 17761 Episode Num: 868 Episode T: 13 Reward: 1.829
Total T: 17780 Episode Num: 869 Episode T: 19 Reward: 4.804
Total T: 17791 Episode Num: 870 Episode T: 11 Reward: -2.426
Total T: 17807 Episode Num: 871 Episode T: 16 Reward: -4.578
Total T: 17832 Episode Num: 872 Episode T: 25 Reward: -2.712
Total T: 17858 Episode Num: 873 Episode T: 26 Reward: -0.465
Total T: 17871 Episode Num: 874 Episode T: 13 Reward: -2.448
Total T: 17889 Episode Num: 875 Episode T: 18 Reward: 2.888
Total T: 17902 Episode Num: 876 Episode T: 13 Reward: 0.460
Total T: 17913 Episode Num: 877 Episode T: 11 Reward: -2.842
Total T: 17942 Episode Num: 878 Episode T: 29 Reward: 1.702
Total T: 17953 Episode Num: 879 Episode T: 11 Reward: -2.275
Total T: 17969 Episode Num: 880 Episode T: 16 Reward: -6.006
Total T: 17980 Episode Num: 881 Episode T: 11 Reward: -6.122
Total T: 17999 Episode Num: 882 Episode T: 19 Reward: -0.715
Total T: 18024 Episode Num: 883 Episode T: 25 Reward: -0.327
Total T: 18050 Episode Num: 884 Episode T: 26 Reward: 3.024
Total T: 18066 Episode Num: 885 Episode T: 16 Reward: 4.884
Total T: 18091 Episode Num: 886 Episode T: 25 Reward: 3.816
Total T: 18116 Episode Num: 887 Episode T: 25 Reward: -1.201
Total T: 18127 Episode Num: 888 Episode T: 11 Reward: 0.800
Total T: 18159 Episode Num: 889 Episode T: 32 Reward: 6.365
Total T: 18173 Episode Num: 890 Episode T: 14 Reward: -2.610
Total T: 18188 Episode Num: 891 Episode T: 15 Reward: 1.135
Total T: 18197 Episode Num: 892 Episode T: 9 Reward: -4.550
Total T: 18219 Episode Num: 893 Episode T: 22 Reward: 4.543
Total T: 18231 Episode Num: 894 Episode T: 12 Reward: -5.041
Total T: 18249 Episode Num: 895 Episode T: 18 Reward: 2.768
Total T: 18260 Episode Num: 896 Episode T: 11 Reward: 0.546
Total T: 18271 Episode Num: 897 Episode T: 11 Reward: -4.812
Total T: 18293 Episode Num: 898 Episode T: 22 Reward: 4.641
Total T: 18313 Episode Num: 899 Episode T: 20 Reward: 5.283
Total T: 18324 Episode Num: 900 Episode T: 11 Reward: -1.341
Total T: 18337 Episode Num: 901 Episode T: 13 Reward: -1.450
Total T: 18361 Episode Num: 902 Episode T: 24 Reward: 0.592
Total T: 18377 Episode Num: 903 Episode T: 16 Reward: 6.666
Total T: 18396 Episode Num: 904 Episode T: 19 Reward: -0.834
Total T: 18426 Episode Num: 905 Episode T: 30 Reward: 13.571
Total T: 18445 Episode Num: 906 Episode T: 19 Reward: 0.548
Total T: 18477 Episode Num: 907 Episode T: 32 Reward: 6.394
Total T: 18503 Episode Num: 908 Episode T: 26 Reward: 4.234
Total T: 18521 Episode Num: 909 Episode T: 18 Reward: -3.178
Total T: 18547 Episode Num: 910 Episode T: 26 Reward: -2.014
Total T: 18578 Episode Num: 911 Episode T: 31 Reward: 4.652
Total T: 18599 Episode Num: 912 Episode T: 21 Reward: -2.011
Total T: 18623 Episode Num: 913 Episode T: 24 Reward: 12.824
Total T: 18647 Episode Num: 914 Episode T: 24 Reward: 9.237
Total T: 18669 Episode Num: 915 Episode T: 22 Reward: 5.675
Total T: 18694 Episode Num: 916 Episode T: 25 Reward: 6.237
Total T: 18705 Episode Num: 917 Episode T: 11 Reward: 2.291
Total T: 18721 Episode Num: 918 Episode T: 16 Reward: -1.527
Total T: 18738 Episode Num: 919 Episode T: 17 Reward: 3.347
Total T: 18757 Episode Num: 920 Episode T: 19 Reward: -7.931
Total T: 18782 Episode Num: 921 Episode T: 25 Reward: 1.542
Total T: 18791 Episode Num: 922 Episode T: 9 Reward: -1.638
Total T: 18813 Episode Num: 923 Episode T: 22 Reward: 6.431
Total T: 18825 Episode Num: 924 Episode T: 12 Reward: 1.005
Total T: 18841 Episode Num: 925 Episode T: 16 Reward: 2.241
Total T: 18881 Episode Num: 926 Episode T: 40 Reward: 9.674
Total T: 18901 Episode Num: 927 Episode T: 20 Reward: -6.026
Total T: 18918 Episode Num: 928 Episode T: 17 Reward: 1.976
Total T: 18937 Episode Num: 929 Episode T: 19 Reward: 3.097
Total T: 18946 Episode Num: 930 Episode T: 9 Reward: -3.530
Total T: 18964 Episode Num: 931 Episode T: 18 Reward: -3.532
Total T: 18978 Episode Num: 932 Episode T: 14 Reward: 0.241
Total T: 18994 Episode Num: 933 Episode T: 16 Reward: 1.625
Total T: 19022 Episode Num: 934 Episode T: 28 Reward: -7.506
Total T: 19045 Episode Num: 935 Episode T: 23 Reward: 2.094
Total T: 19060 Episode Num: 936 Episode T: 15 Reward: 2.930
Total T: 19092 Episode Num: 937 Episode T: 32 Reward: -0.740
Total T: 19114 Episode Num: 938 Episode T: 22 Reward: 10.185
Total T: 19127 Episode Num: 939 Episode T: 13 Reward: 1.193
Total T: 19143 Episode Num: 940 Episode T: 16 Reward: 0.197
Total T: 19159 Episode Num: 941 Episode T: 16 Reward: -5.050
Total T: 19174 Episode Num: 942 Episode T: 15 Reward: 2.167
Total T: 19191 Episode Num: 943 Episode T: 17 Reward: 1.477
Total T: 19206 Episode Num: 944 Episode T: 15 Reward: 0.846
Total T: 19218 Episode Num: 945 Episode T: 12 Reward: 0.539
Total T: 19238 Episode Num: 946 Episode T: 20 Reward: 4.747
Total T: 19283 Episode Num: 947 Episode T: 45 Reward: 37.310
Total T: 19298 Episode Num: 948 Episode T: 15 Reward: 2.927
Total T: 19323 Episode Num: 949 Episode T: 25 Reward: 6.254
Total T: 19332 Episode Num: 950 Episode T: 9 Reward: -3.761
Total T: 19357 Episode Num: 951 Episode T: 25 Reward: 5.287
Total T: 19376 Episode Num: 952 Episode T: 19 Reward: 5.801
Total T: 19400 Episode Num: 953 Episode T: 24 Reward: 3.163
Total T: 19422 Episode Num: 954 Episode T: 22 Reward: -10.349
Total T: 19449 Episode Num: 955 Episode T: 27 Reward: -0.564
Total T: 19468 Episode Num: 956 Episode T: 19 Reward: 4.569
Total T: 19491 Episode Num: 957 Episode T: 23 Reward: 1.189
Total T: 19502 Episode Num: 958 Episode T: 11 Reward: -2.519
Total T: 19518 Episode Num: 959 Episode T: 16 Reward: -4.049
Total T: 19535 Episode Num: 960 Episode T: 17 Reward: -0.330
Total T: 19552 Episode Num: 961 Episode T: 17 Reward: 2.264
Total T: 19568 Episode Num: 962 Episode T: 16 Reward: -3.052
Total T: 19588 Episode Num: 963 Episode T: 20 Reward: 3.372
Total T: 19617 Episode Num: 964 Episode T: 29 Reward: 11.772
Total T: 19631 Episode Num: 965 Episode T: 14 Reward: -3.303
Total T: 19670 Episode Num: 966 Episode T: 39 Reward: 14.299
Total T: 19692 Episode Num: 967 Episode T: 22 Reward: -1.914
Total T: 19714 Episode Num: 968 Episode T: 22 Reward: 3.886
Total T: 19725 Episode Num: 969 Episode T: 11 Reward: -2.853
Total T: 19746 Episode Num: 970 Episode T: 21 Reward: 12.341
Total T: 19770 Episode Num: 971 Episode T: 24 Reward: 2.659
Total T: 19796 Episode Num: 972 Episode T: 26 Reward: 9.604
Total T: 19809 Episode Num: 973 Episode T: 13 Reward: -0.918
Total T: 19838 Episode Num: 974 Episode T: 29 Reward: 4.896
Total T: 19865 Episode Num: 975 Episode T: 27 Reward: 4.516
Total T: 19889 Episode Num: 976 Episode T: 24 Reward: 3.033
Total T: 19906 Episode Num: 977 Episode T: 17 Reward: -3.676
Total T: 19934 Episode Num: 978 Episode T: 28 Reward: 9.857
Total T: 19954 Episode Num: 979 Episode T: 20 Reward: 6.873
Total T: 19981 Episode Num: 980 Episode T: 27 Reward: 7.022
Total T: 19997 Episode Num: 981 Episode T: 16 Reward: -2.045
---------------------------------------
Evaluation over 10 episodes: 7.892
---------------------------------------
Total T: 20010 Episode Num: 982 Episode T: 13 Reward: -7.035
Total T: 20029 Episode Num: 983 Episode T: 19 Reward: 7.410
Total T: 20054 Episode Num: 984 Episode T: 25 Reward: 3.379
Total T: 20073 Episode Num: 985 Episode T: 19 Reward: 6.968
Total T: 20093 Episode Num: 986 Episode T: 20 Reward: 1.193
Total T: 20106 Episode Num: 987 Episode T: 13 Reward: -1.433
Total T: 20135 Episode Num: 988 Episode T: 29 Reward: 6.270
Total T: 20147 Episode Num: 989 Episode T: 12 Reward: -1.081
Total T: 20161 Episode Num: 990 Episode T: 14 Reward: 2.259
Total T: 20174 Episode Num: 991 Episode T: 13 Reward: 0.330
Total T: 20192 Episode Num: 992 Episode T: 18 Reward: 4.937
Total T: 20211 Episode Num: 993 Episode T: 19 Reward: 6.140
Total T: 20231 Episode Num: 994 Episode T: 20 Reward: 5.975
Total T: 20248 Episode Num: 995 Episode T: 17 Reward: 2.005
Total T: 20258 Episode Num: 996 Episode T: 10 Reward: -2.945
Total T: 20273 Episode Num: 997 Episode T: 15 Reward: 1.801
Total T: 20281 Episode Num: 998 Episode T: 8 Reward: -2.413
Total T: 20300 Episode Num: 999 Episode T: 19 Reward: 2.787
Total T: 20312 Episode Num: 1000 Episode T: 12 Reward: 1.021
Total T: 20345 Episode Num: 1001 Episode T: 33 Reward: 2.356
Total T: 20377 Episode Num: 1002 Episode T: 32 Reward: 12.519
Total T: 20394 Episode Num: 1003 Episode T: 17 Reward: 5.931
Total T: 20416 Episode Num: 1004 Episode T: 22 Reward: -0.516
Total T: 20429 Episode Num: 1005 Episode T: 13 Reward: -1.299
Total T: 20445 Episode Num: 1006 Episode T: 16 Reward: 3.096
Total T: 20472 Episode Num: 1007 Episode T: 27 Reward: -2.604
Total T: 20497 Episode Num: 1008 Episode T: 25 Reward: 5.233
Total T: 20528 Episode Num: 1009 Episode T: 31 Reward: -3.042
Total T: 20554 Episode Num: 1010 Episode T: 26 Reward: -6.994
Total T: 20582 Episode Num: 1011 Episode T: 28 Reward: 8.302
Total T: 20601 Episode Num: 1012 Episode T: 19 Reward: -2.026
Total T: 20619 Episode Num: 1013 Episode T: 18 Reward: -8.678
Total T: 20632 Episode Num: 1014 Episode T: 13 Reward: -4.311
Total T: 20665 Episode Num: 1015 Episode T: 33 Reward: 21.802
Total T: 20692 Episode Num: 1016 Episode T: 27 Reward: 4.291
Total T: 20708 Episode Num: 1017 Episode T: 16 Reward: 1.732
Total T: 20735 Episode Num: 1018 Episode T: 27 Reward: 3.650
Total T: 20749 Episode Num: 1019 Episode T: 14 Reward: 0.305
Total T: 20783 Episode Num: 1020 Episode T: 34 Reward: 8.267
Total T: 20806 Episode Num: 1021 Episode T: 23 Reward: 1.179
Total T: 20824 Episode Num: 1022 Episode T: 18 Reward: 5.800
Total T: 20834 Episode Num: 1023 Episode T: 10 Reward: 0.733
Total T: 20852 Episode Num: 1024 Episode T: 18 Reward: -3.133
Total T: 20874 Episode Num: 1025 Episode T: 22 Reward: 2.706
Total T: 20919 Episode Num: 1026 Episode T: 45 Reward: 17.802
Total T: 20932 Episode Num: 1027 Episode T: 13 Reward: 0.982
Total T: 20956 Episode Num: 1028 Episode T: 24 Reward: 0.278
Total T: 20975 Episode Num: 1029 Episode T: 19 Reward: 6.331
Total T: 21000 Episode Num: 1030 Episode T: 25 Reward: -3.900
Total T: 21034 Episode Num: 1031 Episode T: 34 Reward: 9.945
Total T: 21048 Episode Num: 1032 Episode T: 14 Reward: -1.761
Total T: 21059 Episode Num: 1033 Episode T: 11 Reward: 0.887
Total T: 21094 Episode Num: 1034 Episode T: 35 Reward: -0.692
Total T: 21106 Episode Num: 1035 Episode T: 12 Reward: 0.317
Total T: 21117 Episode Num: 1036 Episode T: 11 Reward: 1.185
Total T: 21137 Episode Num: 1037 Episode T: 20 Reward: 0.737
Total T: 21161 Episode Num: 1038 Episode T: 24 Reward: -8.609
Total T: 21172 Episode Num: 1039 Episode T: 11 Reward: 0.372
Total T: 21186 Episode Num: 1040 Episode T: 14 Reward: -0.105
Total T: 21199 Episode Num: 1041 Episode T: 13 Reward: -0.532
Total T: 21211 Episode Num: 1042 Episode T: 12 Reward: 3.368
Total T: 21230 Episode Num: 1043 Episode T: 19 Reward: -4.300
Total T: 21246 Episode Num: 1044 Episode T: 16 Reward: 1.788
Total T: 21272 Episode Num: 1045 Episode T: 26 Reward: -0.830
Total T: 21304 Episode Num: 1046 Episode T: 32 Reward: 2.920
Total T: 21333 Episode Num: 1047 Episode T: 29 Reward: -2.419
Total T: 21354 Episode Num: 1048 Episode T: 21 Reward: 0.558
Total T: 21380 Episode Num: 1049 Episode T: 26 Reward: 9.184
Total T: 21395 Episode Num: 1050 Episode T: 15 Reward: 2.319
Total T: 21435 Episode Num: 1051 Episode T: 40 Reward: 10.671
Total T: 21448 Episode Num: 1052 Episode T: 13 Reward: 1.430
Total T: 21459 Episode Num: 1053 Episode T: 11 Reward: -2.206
Total T: 21475 Episode Num: 1054 Episode T: 16 Reward: 4.858
Total T: 21489 Episode Num: 1055 Episode T: 14 Reward: 0.341
Total T: 21522 Episode Num: 1056 Episode T: 33 Reward: -0.633
Total T: 21547 Episode Num: 1057 Episode T: 25 Reward: 7.275
Total T: 21565 Episode Num: 1058 Episode T: 18 Reward: 4.470
Total T: 21589 Episode Num: 1059 Episode T: 24 Reward: -3.062
Total T: 21613 Episode Num: 1060 Episode T: 24 Reward: 1.529
Total T: 21625 Episode Num: 1061 Episode T: 12 Reward: -1.361
Total T: 21636 Episode Num: 1062 Episode T: 11 Reward: -3.580
Total T: 21658 Episode Num: 1063 Episode T: 22 Reward: -1.097
Total T: 21676 Episode Num: 1064 Episode T: 18 Reward: -4.125
Total T: 21697 Episode Num: 1065 Episode T: 21 Reward: -1.783
Total T: 21719 Episode Num: 1066 Episode T: 22 Reward: -5.759
Total T: 21737 Episode Num: 1067 Episode T: 18 Reward: 2.356
Total T: 21762 Episode Num: 1068 Episode T: 25 Reward: 7.672
Total T: 21799 Episode Num: 1069 Episode T: 37 Reward: 9.927
Total T: 21824 Episode Num: 1070 Episode T: 25 Reward: 6.277
Total T: 21846 Episode Num: 1071 Episode T: 22 Reward: 5.864
Total T: 21854 Episode Num: 1072 Episode T: 8 Reward: -1.765
Total T: 21866 Episode Num: 1073 Episode T: 12 Reward: -0.725
Total T: 21884 Episode Num: 1074 Episode T: 18 Reward: -4.087
Total T: 21909 Episode Num: 1075 Episode T: 25 Reward: -0.224
Total T: 21920 Episode Num: 1076 Episode T: 11 Reward: -4.299
Total T: 21933 Episode Num: 1077 Episode T: 13 Reward: -3.131
Total T: 21957 Episode Num: 1078 Episode T: 24 Reward: -0.483
Total T: 21979 Episode Num: 1079 Episode T: 22 Reward: -1.834
Total T: 21997 Episode Num: 1080 Episode T: 18 Reward: -1.704
Total T: 22010 Episode Num: 1081 Episode T: 13 Reward: -1.914
Total T: 22038 Episode Num: 1082 Episode T: 28 Reward: 2.120
Total T: 22048 Episode Num: 1083 Episode T: 10 Reward: -3.955
Total T: 22065 Episode Num: 1084 Episode T: 17 Reward: 4.220
Total T: 22075 Episode Num: 1085 Episode T: 10 Reward: 0.179
Total T: 22089 Episode Num: 1086 Episode T: 14 Reward: 0.811
Total T: 22107 Episode Num: 1087 Episode T: 18 Reward: 2.510
Total T: 22127 Episode Num: 1088 Episode T: 20 Reward: 3.950
Total T: 22139 Episode Num: 1089 Episode T: 12 Reward: -4.943
Total T: 22161 Episode Num: 1090 Episode T: 22 Reward: 2.199
Total T: 22174 Episode Num: 1091 Episode T: 13 Reward: -2.587
Total T: 22201 Episode Num: 1092 Episode T: 27 Reward: 9.312
Total T: 22221 Episode Num: 1093 Episode T: 20 Reward: -1.996
Total T: 22237 Episode Num: 1094 Episode T: 16 Reward: 0.835
Total T: 22258 Episode Num: 1095 Episode T: 21 Reward: -3.478
Total T: 22278 Episode Num: 1096 Episode T: 20 Reward: 0.172
Total T: 22293 Episode Num: 1097 Episode T: 15 Reward: 0.753
Total T: 22319 Episode Num: 1098 Episode T: 26 Reward: 13.409
Total T: 22341 Episode Num: 1099 Episode T: 22 Reward: 2.070
Total T: 22354 Episode Num: 1100 Episode T: 13 Reward: -5.782
Total T: 22369 Episode Num: 1101 Episode T: 15 Reward: -3.017
Total T: 22386 Episode Num: 1102 Episode T: 17 Reward: 5.909
Total T: 22403 Episode Num: 1103 Episode T: 17 Reward: 4.502
Total T: 22430 Episode Num: 1104 Episode T: 27 Reward: -6.609
Total T: 22446 Episode Num: 1105 Episode T: 16 Reward: 5.689
Total T: 22492 Episode Num: 1106 Episode T: 46 Reward: 19.555
Total T: 22510 Episode Num: 1107 Episode T: 18 Reward: 3.977
Total T: 22537 Episode Num: 1108 Episode T: 27 Reward: 4.144
Total T: 22553 Episode Num: 1109 Episode T: 16 Reward: 2.550
Total T: 22579 Episode Num: 1110 Episode T: 26 Reward: 1.875
Total T: 22620 Episode Num: 1111 Episode T: 41 Reward: 1.577
Total T: 22654 Episode Num: 1112 Episode T: 34 Reward: 9.698
Total T: 22684 Episode Num: 1113 Episode T: 30 Reward: -1.150
Total T: 22705 Episode Num: 1114 Episode T: 21 Reward: 0.818
Total T: 22726 Episode Num: 1115 Episode T: 21 Reward: -6.715
Total T: 22766 Episode Num: 1116 Episode T: 40 Reward: 5.967
Total T: 22792 Episode Num: 1117 Episode T: 26 Reward: -1.224
Total T: 22813 Episode Num: 1118 Episode T: 21 Reward: 1.582
Total T: 22821 Episode Num: 1119 Episode T: 8 Reward: -2.155
Total T: 22839 Episode Num: 1120 Episode T: 18 Reward: 6.043
Total T: 22867 Episode Num: 1121 Episode T: 28 Reward: 8.048
Total T: 22881 Episode Num: 1122 Episode T: 14 Reward: 2.503
Total T: 22893 Episode Num: 1123 Episode T: 12 Reward: -0.607
Total T: 22905 Episode Num: 1124 Episode T: 12 Reward: 2.323
Total T: 22917 Episode Num: 1125 Episode T: 12 Reward: -2.888
Total T: 22938 Episode Num: 1126 Episode T: 21 Reward: 5.651
Total T: 22951 Episode Num: 1127 Episode T: 13 Reward: -0.113
Total T: 22992 Episode Num: 1128 Episode T: 41 Reward: 8.809
Total T: 23006 Episode Num: 1129 Episode T: 14 Reward: -5.100
Total T: 23031 Episode Num: 1130 Episode T: 25 Reward: 4.203
Total T: 23042 Episode Num: 1131 Episode T: 11 Reward: -6.323
Total T: 23056 Episode Num: 1132 Episode T: 14 Reward: -0.825
Total T: 23089 Episode Num: 1133 Episode T: 33 Reward: 7.097
Total T: 23105 Episode Num: 1134 Episode T: 16 Reward: 1.768
Total T: 23126 Episode Num: 1135 Episode T: 21 Reward: 5.682
Total T: 23155 Episode Num: 1136 Episode T: 29 Reward: -1.437
Total T: 23177 Episode Num: 1137 Episode T: 22 Reward: -2.358
Total T: 23202 Episode Num: 1138 Episode T: 25 Reward: 9.854
Total T: 23214 Episode Num: 1139 Episode T: 12 Reward: -0.666
Total T: 23229 Episode Num: 1140 Episode T: 15 Reward: 0.361
Total T: 23241 Episode Num: 1141 Episode T: 12 Reward: -0.810
Total T: 23259 Episode Num: 1142 Episode T: 18 Reward: 1.734
Total T: 23275 Episode Num: 1143 Episode T: 16 Reward: -5.510
Total T: 23287 Episode Num: 1144 Episode T: 12 Reward: 0.372
Total T: 23310 Episode Num: 1145 Episode T: 23 Reward: -8.917
Total T: 23321 Episode Num: 1146 Episode T: 11 Reward: 2.819
Total T: 23352 Episode Num: 1147 Episode T: 31 Reward: 12.586
Total T: 23375 Episode Num: 1148 Episode T: 23 Reward: -4.871
Total T: 23390 Episode Num: 1149 Episode T: 15 Reward: -4.383
Total T: 23408 Episode Num: 1150 Episode T: 18 Reward: 7.679
Total T: 23419 Episode Num: 1151 Episode T: 11 Reward: -2.313
Total T: 23446 Episode Num: 1152 Episode T: 27 Reward: 3.593
Total T: 23472 Episode Num: 1153 Episode T: 26 Reward: -2.960
Total T: 23482 Episode Num: 1154 Episode T: 10 Reward: -1.852
Total T: 23512 Episode Num: 1155 Episode T: 30 Reward: -8.909
Total T: 23559 Episode Num: 1156 Episode T: 47 Reward: 8.027
Total T: 23582 Episode Num: 1157 Episode T: 23 Reward: -2.052
Total T: 23607 Episode Num: 1158 Episode T: 25 Reward: -5.288
Total T: 23618 Episode Num: 1159 Episode T: 11 Reward: -4.066
Total T: 23640 Episode Num: 1160 Episode T: 22 Reward: 0.006
Total T: 23658 Episode Num: 1161 Episode T: 18 Reward: -0.874
Total T: 23689 Episode Num: 1162 Episode T: 31 Reward: -1.451
Total T: 23724 Episode Num: 1163 Episode T: 35 Reward: 0.617
Total T: 23742 Episode Num: 1164 Episode T: 18 Reward: -7.000
Total T: 23758 Episode Num: 1165 Episode T: 16 Reward: -2.139
Total T: 23777 Episode Num: 1166 Episode T: 19 Reward: 7.272
Total T: 23801 Episode Num: 1167 Episode T: 24 Reward: -1.636
Total T: 23824 Episode Num: 1168 Episode T: 23 Reward: -4.066
Total T: 23840 Episode Num: 1169 Episode T: 16 Reward: -9.078
Total T: 23874 Episode Num: 1170 Episode T: 34 Reward: 10.854
Total T: 23889 Episode Num: 1171 Episode T: 15 Reward: 0.976
Total T: 23945 Episode Num: 1172 Episode T: 56 Reward: 23.702
Total T: 23969 Episode Num: 1173 Episode T: 24 Reward: 6.858
Total T: 23985 Episode Num: 1174 Episode T: 16 Reward: -1.587
Total T: 24007 Episode Num: 1175 Episode T: 22 Reward: -3.669
Total T: 24046 Episode Num: 1176 Episode T: 39 Reward: 3.985
Total T: 24062 Episode Num: 1177 Episode T: 16 Reward: 3.561
Total T: 24090 Episode Num: 1178 Episode T: 28 Reward: 8.344
Total T: 24124 Episode Num: 1179 Episode T: 34 Reward: 13.964
Total T: 24137 Episode Num: 1180 Episode T: 13 Reward: 0.496
Total T: 24152 Episode Num: 1181 Episode T: 15 Reward: -1.055
Total T: 24177 Episode Num: 1182 Episode T: 25 Reward: 3.023
Total T: 24208 Episode Num: 1183 Episode T: 31 Reward: 12.837
Total T: 24222 Episode Num: 1184 Episode T: 14 Reward: -0.997
Total T: 24232 Episode Num: 1185 Episode T: 10 Reward: -1.880
Total T: 24253 Episode Num: 1186 Episode T: 21 Reward: -4.204
Total T: 24267 Episode Num: 1187 Episode T: 14 Reward: 3.455
Total T: 24282 Episode Num: 1188 Episode T: 15 Reward: 2.864
Total T: 24314 Episode Num: 1189 Episode T: 32 Reward: 0.853
Total T: 24352 Episode Num: 1190 Episode T: 38 Reward: 15.728
Total T: 24364 Episode Num: 1191 Episode T: 12 Reward: 1.418
Total T: 24382 Episode Num: 1192 Episode T: 18 Reward: -1.103
Total T: 24393 Episode Num: 1193 Episode T: 11 Reward: -0.678
Total T: 24411 Episode Num: 1194 Episode T: 18 Reward: 1.241
Total T: 24439 Episode Num: 1195 Episode T: 28 Reward: 8.535
Total T: 24462 Episode Num: 1196 Episode T: 23 Reward: 1.994
Total T: 24478 Episode Num: 1197 Episode T: 16 Reward: 2.092
Total T: 24496 Episode Num: 1198 Episode T: 18 Reward: 8.873
Total T: 24518 Episode Num: 1199 Episode T: 22 Reward: 0.004
Total T: 24529 Episode Num: 1200 Episode T: 11 Reward: -0.514
Total T: 24553 Episode Num: 1201 Episode T: 24 Reward: 13.251
Total T: 24563 Episode Num: 1202 Episode T: 10 Reward: -2.170
Total T: 24577 Episode Num: 1203 Episode T: 14 Reward: 2.788
Total T: 24597 Episode Num: 1204 Episode T: 20 Reward: 1.682
Total T: 24624 Episode Num: 1205 Episode T: 27 Reward: 13.382
Total T: 24639 Episode Num: 1206 Episode T: 15 Reward: -3.883
Total T: 24654 Episode Num: 1207 Episode T: 15 Reward: 2.176
Total T: 24667 Episode Num: 1208 Episode T: 13 Reward: -5.372
Total T: 24684 Episode Num: 1209 Episode T: 17 Reward: -0.133
Total T: 24696 Episode Num: 1210 Episode T: 12 Reward: -2.936
Total T: 24727 Episode Num: 1211 Episode T: 31 Reward: 12.216
Total T: 24763 Episode Num: 1212 Episode T: 36 Reward: 10.655
Total T: 24774 Episode Num: 1213 Episode T: 11 Reward: 0.693
Total T: 24832 Episode Num: 1214 Episode T: 58 Reward: 36.352
Total T: 24870 Episode Num: 1215 Episode T: 38 Reward: 27.692
Total T: 24885 Episode Num: 1216 Episode T: 15 Reward: -3.970
Total T: 24908 Episode Num: 1217 Episode T: 23 Reward: 4.818
Total T: 24920 Episode Num: 1218 Episode T: 12 Reward: -1.781
Total T: 24949 Episode Num: 1219 Episode T: 29 Reward: 5.963