---------------------------------------
Policy: TD3, Env: Swimmer-v2, Seed: 0
---------------------------------------
---------------------------------------
Evaluation over 10 episodes: 0.408
---------------------------------------
Total T: 1000 Episode Num: 1 Episode T: 1000 Reward: 22.292
Total T: 2000 Episode Num: 2 Episode T: 1000 Reward: -13.130
Total T: 3000 Episode Num: 3 Episode T: 1000 Reward: -2.311
Total T: 4000 Episode Num: 4 Episode T: 1000 Reward: -5.201
Total T: 5000 Episode Num: 5 Episode T: 1000 Reward: -11.077
---------------------------------------
Evaluation over 10 episodes: -0.277
---------------------------------------
Total T: 6000 Episode Num: 6 Episode T: 1000 Reward: 18.570
Total T: 7000 Episode Num: 7 Episode T: 1000 Reward: 16.651
Total T: 8000 Episode Num: 8 Episode T: 1000 Reward: 4.262
Total T: 9000 Episode Num: 9 Episode T: 1000 Reward: 2.315
Total T: 10000 Episode Num: 10 Episode T: 1000 Reward: -10.034
---------------------------------------
Evaluation over 10 episodes: -3.662
---------------------------------------
Total T: 11000 Episode Num: 11 Episode T: 1000 Reward: 1.756
Total T: 12000 Episode Num: 12 Episode T: 1000 Reward: -3.787
Total T: 13000 Episode Num: 13 Episode T: 1000 Reward: 7.651
Total T: 14000 Episode Num: 14 Episode T: 1000 Reward: 2.488
Total T: 15000 Episode Num: 15 Episode T: 1000 Reward: -3.632
---------------------------------------
Evaluation over 10 episodes: -7.414
---------------------------------------
Total T: 16000 Episode Num: 16 Episode T: 1000 Reward: -17.033
Total T: 17000 Episode Num: 17 Episode T: 1000 Reward: 3.347
Total T: 18000 Episode Num: 18 Episode T: 1000 Reward: 8.883
Total T: 19000 Episode Num: 19 Episode T: 1000 Reward: 5.906
Total T: 20000 Episode Num: 20 Episode T: 1000 Reward: 10.754
---------------------------------------
Evaluation over 10 episodes: -6.442
---------------------------------------
Total T: 21000 Episode Num: 21 Episode T: 1000 Reward: 14.720
Total T: 22000 Episode Num: 22 Episode T: 1000 Reward: -11.606
Total T: 23000 Episode Num: 23 Episode T: 1000 Reward: 3.433
Total T: 24000 Episode Num: 24 Episode T: 1000 Reward: 1.463
Total T: 25000 Episode Num: 25 Episode T: 1000 Reward: -11.601
---------------------------------------
Evaluation over 10 episodes: -6.435
---------------------------------------
Total T: 26000 Episode Num: 26 Episode T: 1000 Reward: 11.116
Total T: 27000 Episode Num: 27 Episode T: 1000 Reward: 36.607
Total T: 28000 Episode Num: 28 Episode T: 1000 Reward: 38.358
Total T: 29000 Episode Num: 29 Episode T: 1000 Reward: 28.726
Total T: 30000 Episode Num: 30 Episode T: 1000 Reward: 31.321
---------------------------------------
Evaluation over 10 episodes: 28.298
---------------------------------------
Total T: 31000 Episode Num: 31 Episode T: 1000 Reward: 23.679
Total T: 32000 Episode Num: 32 Episode T: 1000 Reward: 21.158
Total T: 33000 Episode Num: 33 Episode T: 1000 Reward: 22.844
Total T: 34000 Episode Num: 34 Episode T: 1000 Reward: 23.160
Total T: 35000 Episode Num: 35 Episode T: 1000 Reward: 24.815
---------------------------------------
Evaluation over 10 episodes: 27.024
---------------------------------------
Total T: 36000 Episode Num: 36 Episode T: 1000 Reward: 32.849
Total T: 37000 Episode Num: 37 Episode T: 1000 Reward: 43.881
Total T: 38000 Episode Num: 38 Episode T: 1000 Reward: 41.140
Total T: 39000 Episode Num: 39 Episode T: 1000 Reward: 41.224
Total T: 40000 Episode Num: 40 Episode T: 1000 Reward: 28.534
---------------------------------------
Evaluation over 10 episodes: 29.419
---------------------------------------
Total T: 41000 Episode Num: 41 Episode T: 1000 Reward: 26.289
Total T: 42000 Episode Num: 42 Episode T: 1000 Reward: 36.880
Total T: 43000 Episode Num: 43 Episode T: 1000 Reward: 45.355
Total T: 44000 Episode Num: 44 Episode T: 1000 Reward: 39.744
Total T: 45000 Episode Num: 45 Episode T: 1000 Reward: 39.910
---------------------------------------
Evaluation over 10 episodes: 39.204
---------------------------------------
Total T: 46000 Episode Num: 46 Episode T: 1000 Reward: 38.466
Total T: 47000 Episode Num: 47 Episode T: 1000 Reward: 36.790
Total T: 48000 Episode Num: 48 Episode T: 1000 Reward: 34.217
Total T: 49000 Episode Num: 49 Episode T: 1000 Reward: 26.504
Total T: 50000 Episode Num: 50 Episode T: 1000 Reward: 18.354
---------------------------------------
Evaluation over 10 episodes: 9.652
---------------------------------------
Total T: 51000 Episode Num: 51 Episode T: 1000 Reward: 3.898
Total T: 52000 Episode Num: 52 Episode T: 1000 Reward: 31.520
Total T: 53000 Episode Num: 53 Episode T: 1000 Reward: 4.846
Total T: 54000 Episode Num: 54 Episode T: 1000 Reward: 12.364
Total T: 55000 Episode Num: 55 Episode T: 1000 Reward: 28.769
---------------------------------------
Evaluation over 10 episodes: 34.348
---------------------------------------
Total T: 56000 Episode Num: 56 Episode T: 1000 Reward: 38.958
Total T: 57000 Episode Num: 57 Episode T: 1000 Reward: 23.471
Total T: 58000 Episode Num: 58 Episode T: 1000 Reward: 41.460
Total T: 59000 Episode Num: 59 Episode T: 1000 Reward: 40.794
Total T: 60000 Episode Num: 60 Episode T: 1000 Reward: 51.240
---------------------------------------
Evaluation over 10 episodes: 49.103
---------------------------------------
Total T: 61000 Episode Num: 61 Episode T: 1000 Reward: 43.867
Total T: 62000 Episode Num: 62 Episode T: 1000 Reward: 45.134
Total T: 63000 Episode Num: 63 Episode T: 1000 Reward: 40.950
Total T: 64000 Episode Num: 64 Episode T: 1000 Reward: 32.130
Total T: 65000 Episode Num: 65 Episode T: 1000 Reward: 45.052
---------------------------------------
Evaluation over 10 episodes: 40.710
---------------------------------------
Total T: 66000 Episode Num: 66 Episode T: 1000 Reward: 53.990
Total T: 67000 Episode Num: 67 Episode T: 1000 Reward: 22.894
Total T: 68000 Episode Num: 68 Episode T: 1000 Reward: 13.927
Total T: 69000 Episode Num: 69 Episode T: 1000 Reward: 25.755
Total T: 70000 Episode Num: 70 Episode T: 1000 Reward: 32.603
---------------------------------------
Evaluation over 10 episodes: 35.301
---------------------------------------
Total T: 71000 Episode Num: 71 Episode T: 1000 Reward: 38.688
Total T: 72000 Episode Num: 72 Episode T: 1000 Reward: 39.240
Total T: 73000 Episode Num: 73 Episode T: 1000 Reward: 38.002
Total T: 74000 Episode Num: 74 Episode T: 1000 Reward: 39.412
Total T: 75000 Episode Num: 75 Episode T: 1000 Reward: 33.214
---------------------------------------
Evaluation over 10 episodes: 37.448
---------------------------------------
Total T: 76000 Episode Num: 76 Episode T: 1000 Reward: 38.203
Total T: 77000 Episode Num: 77 Episode T: 1000 Reward: 41.662
Total T: 78000 Episode Num: 78 Episode T: 1000 Reward: 37.720
Total T: 79000 Episode Num: 79 Episode T: 1000 Reward: 39.320
Total T: 80000 Episode Num: 80 Episode T: 1000 Reward: 39.823
---------------------------------------
Evaluation over 10 episodes: 37.520
---------------------------------------
Total T: 81000 Episode Num: 81 Episode T: 1000 Reward: 34.731
Total T: 82000 Episode Num: 82 Episode T: 1000 Reward: 37.694
Total T: 83000 Episode Num: 83 Episode T: 1000 Reward: 35.918
Total T: 84000 Episode Num: 84 Episode T: 1000 Reward: 35.798
Total T: 85000 Episode Num: 85 Episode T: 1000 Reward: 36.830
---------------------------------------
Evaluation over 10 episodes: 40.770
---------------------------------------
Total T: 86000 Episode Num: 86 Episode T: 1000 Reward: 40.809
Total T: 87000 Episode Num: 87 Episode T: 1000 Reward: 40.519
Total T: 88000 Episode Num: 88 Episode T: 1000 Reward: 34.968
Total T: 89000 Episode Num: 89 Episode T: 1000 Reward: 32.792
Total T: 90000 Episode Num: 90 Episode T: 1000 Reward: 36.378
---------------------------------------
Evaluation over 10 episodes: 32.655
---------------------------------------
Total T: 91000 Episode Num: 91 Episode T: 1000 Reward: 37.857
Total T: 92000 Episode Num: 92 Episode T: 1000 Reward: 34.868
Total T: 93000 Episode Num: 93 Episode T: 1000 Reward: 22.721
Total T: 94000 Episode Num: 94 Episode T: 1000 Reward: 34.897
Total T: 95000 Episode Num: 95 Episode T: 1000 Reward: 40.049
---------------------------------------
Evaluation over 10 episodes: 38.814
---------------------------------------
Total T: 96000 Episode Num: 96 Episode T: 1000 Reward: 35.639
Total T: 97000 Episode Num: 97 Episode T: 1000 Reward: 35.684
Total T: 98000 Episode Num: 98 Episode T: 1000 Reward: 30.343
Total T: 99000 Episode Num: 99 Episode T: 1000 Reward: 37.519
Total T: 100000 Episode Num: 100 Episode T: 1000 Reward: 34.068
---------------------------------------
Evaluation over 10 episodes: 35.861
---------------------------------------
Total T: 101000 Episode Num: 101 Episode T: 1000 Reward: 35.387
Total T: 102000 Episode Num: 102 Episode T: 1000 Reward: 31.104
Total T: 103000 Episode Num: 103 Episode T: 1000 Reward: 26.109
Total T: 104000 Episode Num: 104 Episode T: 1000 Reward: 37.936
Total T: 105000 Episode Num: 105 Episode T: 1000 Reward: 36.675
---------------------------------------
Evaluation over 10 episodes: 28.069
---------------------------------------
Total T: 106000 Episode Num: 106 Episode T: 1000 Reward: 29.638
Total T: 107000 Episode Num: 107 Episode T: 1000 Reward: 30.203
Total T: 108000 Episode Num: 108 Episode T: 1000 Reward: 24.169
Total T: 109000 Episode Num: 109 Episode T: 1000 Reward: 29.330
Total T: 110000 Episode Num: 110 Episode T: 1000 Reward: 24.283
---------------------------------------
Evaluation over 10 episodes: 34.081
---------------------------------------
Total T: 111000 Episode Num: 111 Episode T: 1000 Reward: 34.736
Total T: 112000 Episode Num: 112 Episode T: 1000 Reward: 40.346
Total T: 113000 Episode Num: 113 Episode T: 1000 Reward: 38.970
Total T: 114000 Episode Num: 114 Episode T: 1000 Reward: 42.857
Total T: 115000 Episode Num: 115 Episode T: 1000 Reward: 42.844
---------------------------------------
Evaluation over 10 episodes: 45.789
---------------------------------------
Total T: 116000 Episode Num: 116 Episode T: 1000 Reward: 42.509
Total T: 117000 Episode Num: 117 Episode T: 1000 Reward: 36.659
Total T: 118000 Episode Num: 118 Episode T: 1000 Reward: 46.824
Total T: 119000 Episode Num: 119 Episode T: 1000 Reward: 22.990
Total T: 120000 Episode Num: 120 Episode T: 1000 Reward: 45.630
---------------------------------------
Evaluation over 10 episodes: 39.087
---------------------------------------
Total T: 121000 Episode Num: 121 Episode T: 1000 Reward: 46.471
Total T: 122000 Episode Num: 122 Episode T: 1000 Reward: 41.030
Total T: 123000 Episode Num: 123 Episode T: 1000 Reward: 24.393
Total T: 124000 Episode Num: 124 Episode T: 1000 Reward: 44.274
Total T: 125000 Episode Num: 125 Episode T: 1000 Reward: 43.208
---------------------------------------
Evaluation over 10 episodes: 43.324
---------------------------------------
Total T: 126000 Episode Num: 126 Episode T: 1000 Reward: 45.519
Total T: 127000 Episode Num: 127 Episode T: 1000 Reward: 28.692
Total T: 128000 Episode Num: 128 Episode T: 1000 Reward: 46.045
Total T: 129000 Episode Num: 129 Episode T: 1000 Reward: 44.740
Total T: 130000 Episode Num: 130 Episode T: 1000 Reward: 44.632
---------------------------------------
Evaluation over 10 episodes: 43.219
---------------------------------------
Total T: 131000 Episode Num: 131 Episode T: 1000 Reward: 44.463
Total T: 132000 Episode Num: 132 Episode T: 1000 Reward: 29.644
Total T: 133000 Episode Num: 133 Episode T: 1000 Reward: 45.635
Total T: 134000 Episode Num: 134 Episode T: 1000 Reward: 46.621
Total T: 135000 Episode Num: 135 Episode T: 1000 Reward: 43.416
---------------------------------------
Evaluation over 10 episodes: 43.717
---------------------------------------
Total T: 136000 Episode Num: 136 Episode T: 1000 Reward: 44.182
Total T: 137000 Episode Num: 137 Episode T: 1000 Reward: 31.147
Total T: 138000 Episode Num: 138 Episode T: 1000 Reward: 43.659
Total T: 139000 Episode Num: 139 Episode T: 1000 Reward: 46.306
Total T: 140000 Episode Num: 140 Episode T: 1000 Reward: 27.509
---------------------------------------
Evaluation over 10 episodes: 43.646
---------------------------------------
Total T: 141000 Episode Num: 141 Episode T: 1000 Reward: 44.712
Total T: 142000 Episode Num: 142 Episode T: 1000 Reward: 32.969
Total T: 143000 Episode Num: 143 Episode T: 1000 Reward: 36.889
Total T: 144000 Episode Num: 144 Episode T: 1000 Reward: 44.024
Total T: 145000 Episode Num: 145 Episode T: 1000 Reward: 43.423
---------------------------------------
Evaluation over 10 episodes: 41.839
---------------------------------------
Total T: 146000 Episode Num: 146 Episode T: 1000 Reward: 42.826
Total T: 147000 Episode Num: 147 Episode T: 1000 Reward: 42.019
Total T: 148000 Episode Num: 148 Episode T: 1000 Reward: 43.926
Total T: 149000 Episode Num: 149 Episode T: 1000 Reward: 41.961
Total T: 150000 Episode Num: 150 Episode T: 1000 Reward: 42.571
---------------------------------------
Evaluation over 10 episodes: 43.610
---------------------------------------
Total T: 151000 Episode Num: 151 Episode T: 1000 Reward: 42.597
Total T: 152000 Episode Num: 152 Episode T: 1000 Reward: 41.835
Total T: 153000 Episode Num: 153 Episode T: 1000 Reward: 43.827
Total T: 154000 Episode Num: 154 Episode T: 1000 Reward: 42.438
Total T: 155000 Episode Num: 155 Episode T: 1000 Reward: 43.457
---------------------------------------
Evaluation over 10 episodes: 42.080
---------------------------------------
Total T: 156000 Episode Num: 156 Episode T: 1000 Reward: 43.413
Total T: 157000 Episode Num: 157 Episode T: 1000 Reward: 43.123
Total T: 158000 Episode Num: 158 Episode T: 1000 Reward: 43.584
Total T: 159000 Episode Num: 159 Episode T: 1000 Reward: 45.177
Total T: 160000 Episode Num: 160 Episode T: 1000 Reward: 39.383
---------------------------------------
Evaluation over 10 episodes: 40.948
---------------------------------------
Total T: 161000 Episode Num: 161 Episode T: 1000 Reward: 42.464
Total T: 162000 Episode Num: 162 Episode T: 1000 Reward: 42.187
Total T: 163000 Episode Num: 163 Episode T: 1000 Reward: 45.487
Total T: 164000 Episode Num: 164 Episode T: 1000 Reward: 43.356
Total T: 165000 Episode Num: 165 Episode T: 1000 Reward: 40.506
---------------------------------------
Evaluation over 10 episodes: 42.977
---------------------------------------
Total T: 166000 Episode Num: 166 Episode T: 1000 Reward: 44.779
Total T: 167000 Episode Num: 167 Episode T: 1000 Reward: 42.946
Total T: 168000 Episode Num: 168 Episode T: 1000 Reward: 43.259
Total T: 169000 Episode Num: 169 Episode T: 1000 Reward: 44.004
Total T: 170000 Episode Num: 170 Episode T: 1000 Reward: 48.998
---------------------------------------
Evaluation over 10 episodes: 46.886
---------------------------------------
Total T: 171000 Episode Num: 171 Episode T: 1000 Reward: 44.726
Total T: 172000 Episode Num: 172 Episode T: 1000 Reward: 45.701
Total T: 173000 Episode Num: 173 Episode T: 1000 Reward: 45.849
Total T: 174000 Episode Num: 174 Episode T: 1000 Reward: 40.757
Total T: 175000 Episode Num: 175 Episode T: 1000 Reward: 41.725
---------------------------------------
Evaluation over 10 episodes: 47.934
---------------------------------------
Total T: 176000 Episode Num: 176 Episode T: 1000 Reward: 44.784
Total T: 177000 Episode Num: 177 Episode T: 1000 Reward: 47.099
Total T: 178000 Episode Num: 178 Episode T: 1000 Reward: 45.644
Total T: 179000 Episode Num: 179 Episode T: 1000 Reward: 44.794
Total T: 180000 Episode Num: 180 Episode T: 1000 Reward: 42.584
---------------------------------------
Evaluation over 10 episodes: 45.207
---------------------------------------
Total T: 181000 Episode Num: 181 Episode T: 1000 Reward: 43.177
Total T: 182000 Episode Num: 182 Episode T: 1000 Reward: 46.142
Total T: 183000 Episode Num: 183 Episode T: 1000 Reward: 43.180
Total T: 184000 Episode Num: 184 Episode T: 1000 Reward: 43.210
Total T: 185000 Episode Num: 185 Episode T: 1000 Reward: 47.982
---------------------------------------
Evaluation over 10 episodes: 46.558
---------------------------------------
Total T: 186000 Episode Num: 186 Episode T: 1000 Reward: 35.046
Total T: 187000 Episode Num: 187 Episode T: 1000 Reward: 41.827
Total T: 188000 Episode Num: 188 Episode T: 1000 Reward: 43.419
Total T: 189000 Episode Num: 189 Episode T: 1000 Reward: 45.459
Total T: 190000 Episode Num: 190 Episode T: 1000 Reward: 45.489
---------------------------------------
Evaluation over 10 episodes: 44.937
---------------------------------------
Total T: 191000 Episode Num: 191 Episode T: 1000 Reward: 46.975
Total T: 192000 Episode Num: 192 Episode T: 1000 Reward: 45.790
Total T: 193000 Episode Num: 193 Episode T: 1000 Reward: 45.208
Total T: 194000 Episode Num: 194 Episode T: 1000 Reward: 44.217
Total T: 195000 Episode Num: 195 Episode T: 1000 Reward: 45.093
---------------------------------------
Evaluation over 10 episodes: 45.044
---------------------------------------
Total T: 196000 Episode Num: 196 Episode T: 1000 Reward: 35.471
Total T: 197000 Episode Num: 197 Episode T: 1000 Reward: 46.596
Total T: 198000 Episode Num: 198 Episode T: 1000 Reward: 44.442
Total T: 199000 Episode Num: 199 Episode T: 1000 Reward: 47.643
Total T: 200000 Episode Num: 200 Episode T: 1000 Reward: 44.193
---------------------------------------
Evaluation over 10 episodes: 43.977
---------------------------------------
Total T: 201000 Episode Num: 201 Episode T: 1000 Reward: 42.699
Total T: 202000 Episode Num: 202 Episode T: 1000 Reward: 45.387
Total T: 203000 Episode Num: 203 Episode T: 1000 Reward: 43.154
Total T: 204000 Episode Num: 204 Episode T: 1000 Reward: 44.415
Total T: 205000 Episode Num: 205 Episode T: 1000 Reward: 45.731
---------------------------------------
Evaluation over 10 episodes: 46.904
---------------------------------------
Total T: 206000 Episode Num: 206 Episode T: 1000 Reward: 45.400
Total T: 207000 Episode Num: 207 Episode T: 1000 Reward: 45.323
Total T: 208000 Episode Num: 208 Episode T: 1000 Reward: 47.441
Total T: 209000 Episode Num: 209 Episode T: 1000 Reward: 48.291
Total T: 210000 Episode Num: 210 Episode T: 1000 Reward: 50.432
---------------------------------------
Evaluation over 10 episodes: 48.493
---------------------------------------
Total T: 211000 Episode Num: 211 Episode T: 1000 Reward: 50.293
Total T: 212000 Episode Num: 212 Episode T: 1000 Reward: 50.204
Total T: 213000 Episode Num: 213 Episode T: 1000 Reward: 44.414
Total T: 214000 Episode Num: 214 Episode T: 1000 Reward: 45.719
Total T: 215000 Episode Num: 215 Episode T: 1000 Reward: 47.697
---------------------------------------
Evaluation over 10 episodes: 46.611
---------------------------------------
Total T: 216000 Episode Num: 216 Episode T: 1000 Reward: 50.470
Total T: 217000 Episode Num: 217 Episode T: 1000 Reward: 46.807
Total T: 218000 Episode Num: 218 Episode T: 1000 Reward: 45.426
Total T: 219000 Episode Num: 219 Episode T: 1000 Reward: 46.587
Total T: 220000 Episode Num: 220 Episode T: 1000 Reward: 46.286
---------------------------------------
Evaluation over 10 episodes: 45.919
---------------------------------------
Total T: 221000 Episode Num: 221 Episode T: 1000 Reward: 45.187
Total T: 222000 Episode Num: 222 Episode T: 1000 Reward: 45.716
Total T: 223000 Episode Num: 223 Episode T: 1000 Reward: 42.307
Total T: 224000 Episode Num: 224 Episode T: 1000 Reward: 44.766
Total T: 225000 Episode Num: 225 Episode T: 1000 Reward: 46.502
---------------------------------------
Evaluation over 10 episodes: 47.703
---------------------------------------
Total T: 226000 Episode Num: 226 Episode T: 1000 Reward: 45.750
Total T: 227000 Episode Num: 227 Episode T: 1000 Reward: 47.342
Total T: 228000 Episode Num: 228 Episode T: 1000 Reward: 52.147
Total T: 229000 Episode Num: 229 Episode T: 1000 Reward: 50.920
Total T: 230000 Episode Num: 230 Episode T: 1000 Reward: 43.433
---------------------------------------
Evaluation over 10 episodes: 47.361
---------------------------------------
Total T: 231000 Episode Num: 231 Episode T: 1000 Reward: 43.083
Total T: 232000 Episode Num: 232 Episode T: 1000 Reward: 47.515
Total T: 233000 Episode Num: 233 Episode T: 1000 Reward: 51.418
Total T: 234000 Episode Num: 234 Episode T: 1000 Reward: 50.450
Total T: 235000 Episode Num: 235 Episode T: 1000 Reward: 49.572
---------------------------------------
Evaluation over 10 episodes: 45.999
---------------------------------------
Total T: 236000 Episode Num: 236 Episode T: 1000 Reward: 47.266
Total T: 237000 Episode Num: 237 Episode T: 1000 Reward: 43.797
Total T: 238000 Episode Num: 238 Episode T: 1000 Reward: 46.049
Total T: 239000 Episode Num: 239 Episode T: 1000 Reward: 44.883
Total T: 240000 Episode Num: 240 Episode T: 1000 Reward: 43.695
---------------------------------------
Evaluation over 10 episodes: 46.331
---------------------------------------
Total T: 241000 Episode Num: 241 Episode T: 1000 Reward: 45.431
Total T: 242000 Episode Num: 242 Episode T: 1000 Reward: 44.258
Total T: 243000 Episode Num: 243 Episode T: 1000 Reward: 45.697
Total T: 244000 Episode Num: 244 Episode T: 1000 Reward: 45.080
Total T: 245000 Episode Num: 245 Episode T: 1000 Reward: 44.712
---------------------------------------
Evaluation over 10 episodes: 47.436
---------------------------------------
Total T: 246000 Episode Num: 246 Episode T: 1000 Reward: 47.216
Total T: 247000 Episode Num: 247 Episode T: 1000 Reward: 46.993
Total T: 248000 Episode Num: 248 Episode T: 1000 Reward: 46.252
Total T: 249000 Episode Num: 249 Episode T: 1000 Reward: 44.611
Total T: 250000 Episode Num: 250 Episode T: 1000 Reward: 47.269
---------------------------------------
Evaluation over 10 episodes: 46.515
---------------------------------------
Total T: 251000 Episode Num: 251 Episode T: 1000 Reward: 44.309
Total T: 252000 Episode Num: 252 Episode T: 1000 Reward: 42.186
Total T: 253000 Episode Num: 253 Episode T: 1000 Reward: 44.743
Total T: 254000 Episode Num: 254 Episode T: 1000 Reward: 45.776
Total T: 255000 Episode Num: 255 Episode T: 1000 Reward: 43.451
---------------------------------------
Evaluation over 10 episodes: 47.957
---------------------------------------
Total T: 256000 Episode Num: 256 Episode T: 1000 Reward: 48.335
Total T: 257000 Episode Num: 257 Episode T: 1000 Reward: 46.038
Total T: 258000 Episode Num: 258 Episode T: 1000 Reward: 46.806
Total T: 259000 Episode Num: 259 Episode T: 1000 Reward: 43.553
Total T: 260000 Episode Num: 260 Episode T: 1000 Reward: 45.168
---------------------------------------
Evaluation over 10 episodes: 48.262
---------------------------------------
Total T: 261000 Episode Num: 261 Episode T: 1000 Reward: 45.698
Total T: 262000 Episode Num: 262 Episode T: 1000 Reward: 44.702
Total T: 263000 Episode Num: 263 Episode T: 1000 Reward: 44.001
Total T: 264000 Episode Num: 264 Episode T: 1000 Reward: 50.313
Total T: 265000 Episode Num: 265 Episode T: 1000 Reward: 48.140
---------------------------------------
Evaluation over 10 episodes: 45.895
---------------------------------------
Total T: 266000 Episode Num: 266 Episode T: 1000 Reward: 48.294
Total T: 267000 Episode Num: 267 Episode T: 1000 Reward: 43.697
Total T: 268000 Episode Num: 268 Episode T: 1000 Reward: 43.870
Total T: 269000 Episode Num: 269 Episode T: 1000 Reward: 47.998
Total T: 270000 Episode Num: 270 Episode T: 1000 Reward: 44.432
---------------------------------------
Evaluation over 10 episodes: 46.926
---------------------------------------
Total T: 271000 Episode Num: 271 Episode T: 1000 Reward: 42.879
Total T: 272000 Episode Num: 272 Episode T: 1000 Reward: 50.918
Total T: 273000 Episode Num: 273 Episode T: 1000 Reward: 41.518
Total T: 274000 Episode Num: 274 Episode T: 1000 Reward: 46.233
Total T: 275000 Episode Num: 275 Episode T: 1000 Reward: 45.276
---------------------------------------
Evaluation over 10 episodes: 46.322
---------------------------------------
Total T: 276000 Episode Num: 276 Episode T: 1000 Reward: 48.369
Total T: 277000 Episode Num: 277 Episode T: 1000 Reward: 43.448
Total T: 278000 Episode Num: 278 Episode T: 1000 Reward: 45.043
Total T: 279000 Episode Num: 279 Episode T: 1000 Reward: 50.890
Total T: 280000 Episode Num: 280 Episode T: 1000 Reward: 41.876
---------------------------------------
Evaluation over 10 episodes: 49.596
---------------------------------------
Total T: 281000 Episode Num: 281 Episode T: 1000 Reward: 47.427
Total T: 282000 Episode Num: 282 Episode T: 1000 Reward: 41.851
Total T: 283000 Episode Num: 283 Episode T: 1000 Reward: 47.248
Total T: 284000 Episode Num: 284 Episode T: 1000 Reward: 44.188
Total T: 285000 Episode Num: 285 Episode T: 1000 Reward: 46.859
---------------------------------------
Evaluation over 10 episodes: 46.888
---------------------------------------
Total T: 286000 Episode Num: 286 Episode T: 1000 Reward: 45.383
Total T: 287000 Episode Num: 287 Episode T: 1000 Reward: 49.510
Total T: 288000 Episode Num: 288 Episode T: 1000 Reward: 42.901
Total T: 289000 Episode Num: 289 Episode T: 1000 Reward: 44.521
Total T: 290000 Episode Num: 290 Episode T: 1000 Reward: 47.620
---------------------------------------
Evaluation over 10 episodes: 46.213
---------------------------------------
Total T: 291000 Episode Num: 291 Episode T: 1000 Reward: 48.139
Total T: 292000 Episode Num: 292 Episode T: 1000 Reward: 48.562
Total T: 293000 Episode Num: 293 Episode T: 1000 Reward: 42.535
Total T: 294000 Episode Num: 294 Episode T: 1000 Reward: 43.910
Total T: 295000 Episode Num: 295 Episode T: 1000 Reward: 47.278
---------------------------------------
Evaluation over 10 episodes: 47.184
---------------------------------------
Total T: 296000 Episode Num: 296 Episode T: 1000 Reward: 46.198
Total T: 297000 Episode Num: 297 Episode T: 1000 Reward: 45.747
Total T: 298000 Episode Num: 298 Episode T: 1000 Reward: 47.444
Total T: 299000 Episode Num: 299 Episode T: 1000 Reward: 48.847
Total T: 300000 Episode Num: 300 Episode T: 1000 Reward: 47.308
---------------------------------------
Evaluation over 10 episodes: 49.213
---------------------------------------
Total T: 301000 Episode Num: 301 Episode T: 1000 Reward: 42.760
Total T: 302000 Episode Num: 302 Episode T: 1000 Reward: 49.515
Total T: 303000 Episode Num: 303 Episode T: 1000 Reward: 49.129
Total T: 304000 Episode Num: 304 Episode T: 1000 Reward: 44.640
Total T: 305000 Episode Num: 305 Episode T: 1000 Reward: 47.034
---------------------------------------
Evaluation over 10 episodes: 47.252
---------------------------------------
Total T: 306000 Episode Num: 306 Episode T: 1000 Reward: 47.516
Total T: 307000 Episode Num: 307 Episode T: 1000 Reward: 45.378
Total T: 308000 Episode Num: 308 Episode T: 1000 Reward: 47.542
Total T: 309000 Episode Num: 309 Episode T: 1000 Reward: 48.006
Total T: 310000 Episode Num: 310 Episode T: 1000 Reward: 48.356
---------------------------------------
Evaluation over 10 episodes: 47.892
---------------------------------------
Total T: 311000 Episode Num: 311 Episode T: 1000 Reward: 49.176
Total T: 312000 Episode Num: 312 Episode T: 1000 Reward: 50.818
Total T: 313000 Episode Num: 313 Episode T: 1000 Reward: 42.755
Total T: 314000 Episode Num: 314 Episode T: 1000 Reward: 49.160
Total T: 315000 Episode Num: 315 Episode T: 1000 Reward: 45.718
---------------------------------------
Evaluation over 10 episodes: 49.896
---------------------------------------
Total T: 316000 Episode Num: 316 Episode T: 1000 Reward: 44.766
Total T: 317000 Episode Num: 317 Episode T: 1000 Reward: 43.446
Total T: 318000 Episode Num: 318 Episode T: 1000 Reward: 51.059
Total T: 319000 Episode Num: 319 Episode T: 1000 Reward: 47.700
Total T: 320000 Episode Num: 320 Episode T: 1000 Reward: 49.270
---------------------------------------
Evaluation over 10 episodes: 49.393
---------------------------------------
Total T: 321000 Episode Num: 321 Episode T: 1000 Reward: 47.250
Total T: 322000 Episode Num: 322 Episode T: 1000 Reward: 46.169
Total T: 323000 Episode Num: 323 Episode T: 1000 Reward: 46.790
Total T: 324000 Episode Num: 324 Episode T: 1000 Reward: 36.005
Total T: 325000 Episode Num: 325 Episode T: 1000 Reward: 44.967
---------------------------------------
Evaluation over 10 episodes: 49.916
---------------------------------------
Total T: 326000 Episode Num: 326 Episode T: 1000 Reward: 54.279
Total T: 327000 Episode Num: 327 Episode T: 1000 Reward: 8.986
Total T: 328000 Episode Num: 328 Episode T: 1000 Reward: 51.043
Total T: 329000 Episode Num: 329 Episode T: 1000 Reward: 43.893
Total T: 330000 Episode Num: 330 Episode T: 1000 Reward: 63.129
---------------------------------------
Evaluation over 10 episodes: 54.165
---------------------------------------
Total T: 331000 Episode Num: 331 Episode T: 1000 Reward: 51.938
Total T: 332000 Episode Num: 332 Episode T: 1000 Reward: 53.138
Total T: 333000 Episode Num: 333 Episode T: 1000 Reward: 72.927
Total T: 334000 Episode Num: 334 Episode T: 1000 Reward: 17.291
Total T: 335000 Episode Num: 335 Episode T: 1000 Reward: 71.354
---------------------------------------
Evaluation over 10 episodes: 59.078
---------------------------------------
Total T: 336000 Episode Num: 336 Episode T: 1000 Reward: 67.417
Total T: 337000 Episode Num: 337 Episode T: 1000 Reward: 43.696
Total T: 338000 Episode Num: 338 Episode T: 1000 Reward: 72.885
Total T: 339000 Episode Num: 339 Episode T: 1000 Reward: 45.793
Total T: 340000 Episode Num: 340 Episode T: 1000 Reward: 47.061
---------------------------------------
Evaluation over 10 episodes: 59.241
---------------------------------------
Total T: 341000 Episode Num: 341 Episode T: 1000 Reward: 69.019
Total T: 342000 Episode Num: 342 Episode T: 1000 Reward: 69.882
Total T: 343000 Episode Num: 343 Episode T: 1000 Reward: 69.703
Total T: 344000 Episode Num: 344 Episode T: 1000 Reward: 45.928
Total T: 345000 Episode Num: 345 Episode T: 1000 Reward: 42.944
---------------------------------------
Evaluation over 10 episodes: 59.333
---------------------------------------
Total T: 346000 Episode Num: 346 Episode T: 1000 Reward: 68.501
Total T: 347000 Episode Num: 347 Episode T: 1000 Reward: 70.107
Total T: 348000 Episode Num: 348 Episode T: 1000 Reward: 67.459
Total T: 349000 Episode Num: 349 Episode T: 1000 Reward: 68.969
Total T: 350000 Episode Num: 350 Episode T: 1000 Reward: 45.405
---------------------------------------
Evaluation over 10 episodes: 57.136
---------------------------------------
Total T: 351000 Episode Num: 351 Episode T: 1000 Reward: 69.397
Total T: 352000 Episode Num: 352 Episode T: 1000 Reward: 72.533
Total T: 353000 Episode Num: 353 Episode T: 1000 Reward: 72.058
Total T: 354000 Episode Num: 354 Episode T: 1000 Reward: 72.907
Total T: 355000 Episode Num: 355 Episode T: 1000 Reward: 44.554
---------------------------------------
Evaluation over 10 episodes: 64.025
---------------------------------------
Total T: 356000 Episode Num: 356 Episode T: 1000 Reward: 73.820
Total T: 357000 Episode Num: 357 Episode T: 1000 Reward: 72.498
Total T: 358000 Episode Num: 358 Episode T: 1000 Reward: 45.025
Total T: 359000 Episode Num: 359 Episode T: 1000 Reward: 77.578
Total T: 360000 Episode Num: 360 Episode T: 1000 Reward: 76.412
---------------------------------------
Evaluation over 10 episodes: 59.778
---------------------------------------
Total T: 361000 Episode Num: 361 Episode T: 1000 Reward: 42.532
Total T: 362000 Episode Num: 362 Episode T: 1000 Reward: 75.318
Total T: 363000 Episode Num: 363 Episode T: 1000 Reward: 73.646
Total T: 364000 Episode Num: 364 Episode T: 1000 Reward: 75.117
Total T: 365000 Episode Num: 365 Episode T: 1000 Reward: 43.924
---------------------------------------
Evaluation over 10 episodes: 66.748
---------------------------------------
Total T: 366000 Episode Num: 366 Episode T: 1000 Reward: 71.137
Total T: 367000 Episode Num: 367 Episode T: 1000 Reward: 79.386
Total T: 368000 Episode Num: 368 Episode T: 1000 Reward: 71.445
Total T: 369000 Episode Num: 369 Episode T: 1000 Reward: 74.469
Total T: 370000 Episode Num: 370 Episode T: 1000 Reward: 44.127
---------------------------------------
Evaluation over 10 episodes: 58.653
---------------------------------------
Total T: 371000 Episode Num: 371 Episode T: 1000 Reward: 46.290
Total T: 372000 Episode Num: 372 Episode T: 1000 Reward: 76.018
Total T: 373000 Episode Num: 373 Episode T: 1000 Reward: 75.189
Total T: 374000 Episode Num: 374 Episode T: 1000 Reward: 46.196
Total T: 375000 Episode Num: 375 Episode T: 1000 Reward: 44.782
---------------------------------------
Evaluation over 10 episodes: 61.132
---------------------------------------
Total T: 376000 Episode Num: 376 Episode T: 1000 Reward: 47.040
Total T: 377000 Episode Num: 377 Episode T: 1000 Reward: 44.905
Total T: 378000 Episode Num: 378 Episode T: 1000 Reward: 43.235
Total T: 379000 Episode Num: 379 Episode T: 1000 Reward: 44.554
Total T: 380000 Episode Num: 380 Episode T: 1000 Reward: 42.748
---------------------------------------
Evaluation over 10 episodes: 62.249
---------------------------------------
Total T: 381000 Episode Num: 381 Episode T: 1000 Reward: 45.426
Total T: 382000 Episode Num: 382 Episode T: 1000 Reward: 45.031
Total T: 383000 Episode Num: 383 Episode T: 1000 Reward: 73.919
Total T: 384000 Episode Num: 384 Episode T: 1000 Reward: 74.013
Total T: 385000 Episode Num: 385 Episode T: 1000 Reward: 44.565
---------------------------------------
Evaluation over 10 episodes: 57.650
---------------------------------------
Total T: 386000 Episode Num: 386 Episode T: 1000 Reward: 75.266
Total T: 387000 Episode Num: 387 Episode T: 1000 Reward: 44.131
Total T: 388000 Episode Num: 388 Episode T: 1000 Reward: 73.835
Total T: 389000 Episode Num: 389 Episode T: 1000 Reward: 74.588
Total T: 390000 Episode Num: 390 Episode T: 1000 Reward: 79.087
---------------------------------------
Evaluation over 10 episodes: 64.406
---------------------------------------
Total T: 391000 Episode Num: 391 Episode T: 1000 Reward: 44.317
Total T: 392000 Episode Num: 392 Episode T: 1000 Reward: 41.361
Total T: 393000 Episode Num: 393 Episode T: 1000 Reward: 80.089
Total T: 394000 Episode Num: 394 Episode T: 1000 Reward: 76.099
Total T: 395000 Episode Num: 395 Episode T: 1000 Reward: 74.422
---------------------------------------
Evaluation over 10 episodes: 59.503
---------------------------------------
Total T: 396000 Episode Num: 396 Episode T: 1000 Reward: 75.809
Total T: 397000 Episode Num: 397 Episode T: 1000 Reward: 77.213
Total T: 398000 Episode Num: 398 Episode T: 1000 Reward: 77.929
Total T: 399000 Episode Num: 399 Episode T: 1000 Reward: 77.336
Total T: 400000 Episode Num: 400 Episode T: 1000 Reward: 75.694
---------------------------------------
Evaluation over 10 episodes: 62.357
---------------------------------------
Total T: 401000 Episode Num: 401 Episode T: 1000 Reward: 47.080
Total T: 402000 Episode Num: 402 Episode T: 1000 Reward: 77.327
Total T: 403000 Episode Num: 403 Episode T: 1000 Reward: 77.617
Total T: 404000 Episode Num: 404 Episode T: 1000 Reward: 46.247
Total T: 405000 Episode Num: 405 Episode T: 1000 Reward: 77.972
---------------------------------------
Evaluation over 10 episodes: 60.959
---------------------------------------
Total T: 406000 Episode Num: 406 Episode T: 1000 Reward: 80.037
Total T: 407000 Episode Num: 407 Episode T: 1000 Reward: 79.405
Total T: 408000 Episode Num: 408 Episode T: 1000 Reward: 46.223
Total T: 409000 Episode Num: 409 Episode T: 1000 Reward: 79.220
Total T: 410000 Episode Num: 410 Episode T: 1000 Reward: 78.707
---------------------------------------
Evaluation over 10 episodes: 60.203
---------------------------------------
Total T: 411000 Episode Num: 411 Episode T: 1000 Reward: 42.785
Total T: 412000 Episode Num: 412 Episode T: 1000 Reward: 82.047
Total T: 413000 Episode Num: 413 Episode T: 1000 Reward: 41.053
Total T: 414000 Episode Num: 414 Episode T: 1000 Reward: 86.508
Total T: 415000 Episode Num: 415 Episode T: 1000 Reward: 78.333
---------------------------------------
Evaluation over 10 episodes: 63.301
---------------------------------------
Total T: 416000 Episode Num: 416 Episode T: 1000 Reward: 79.058
Total T: 417000 Episode Num: 417 Episode T: 1000 Reward: 76.657
Total T: 418000 Episode Num: 418 Episode T: 1000 Reward: 44.707
Total T: 419000 Episode Num: 419 Episode T: 1000 Reward: 45.140
Total T: 420000 Episode Num: 420 Episode T: 1000 Reward: 80.150
---------------------------------------
Evaluation over 10 episodes: 62.575
---------------------------------------
Total T: 421000 Episode Num: 421 Episode T: 1000 Reward: 79.078
Total T: 422000 Episode Num: 422 Episode T: 1000 Reward: 43.423
Total T: 423000 Episode Num: 423 Episode T: 1000 Reward: 78.200
Total T: 424000 Episode Num: 424 Episode T: 1000 Reward: 79.959
Total T: 425000 Episode Num: 425 Episode T: 1000 Reward: 43.125
---------------------------------------
Evaluation over 10 episodes: 65.853
---------------------------------------
Total T: 426000 Episode Num: 426 Episode T: 1000 Reward: 78.552
Total T: 427000 Episode Num: 427 Episode T: 1000 Reward: 79.772
Total T: 428000 Episode Num: 428 Episode T: 1000 Reward: 44.667
Total T: 429000 Episode Num: 429 Episode T: 1000 Reward: 44.904
Total T: 430000 Episode Num: 430 Episode T: 1000 Reward: 80.268
---------------------------------------
Evaluation over 10 episodes: 59.437
---------------------------------------
Total T: 431000 Episode Num: 431 Episode T: 1000 Reward: 79.242
Total T: 432000 Episode Num: 432 Episode T: 1000 Reward: 79.737
Total T: 433000 Episode Num: 433 Episode T: 1000 Reward: 43.817
Total T: 434000 Episode Num: 434 Episode T: 1000 Reward: 82.039
Total T: 435000 Episode Num: 435 Episode T: 1000 Reward: 44.370
---------------------------------------
Evaluation over 10 episodes: 62.043
---------------------------------------
Total T: 436000 Episode Num: 436 Episode T: 1000 Reward: 77.277
Total T: 437000 Episode Num: 437 Episode T: 1000 Reward: 81.461
Total T: 438000 Episode Num: 438 Episode T: 1000 Reward: 43.774
Total T: 439000 Episode Num: 439 Episode T: 1000 Reward: 45.064
Total T: 440000 Episode Num: 440 Episode T: 1000 Reward: 78.931
---------------------------------------
Evaluation over 10 episodes: 60.677
---------------------------------------
Total T: 441000 Episode Num: 441 Episode T: 1000 Reward: 44.522
Total T: 442000 Episode Num: 442 Episode T: 1000 Reward: 79.940
Total T: 443000 Episode Num: 443 Episode T: 1000 Reward: 76.623
Total T: 444000 Episode Num: 444 Episode T: 1000 Reward: 78.805
Total T: 445000 Episode Num: 445 Episode T: 1000 Reward: 77.720
---------------------------------------
Evaluation over 10 episodes: 62.290
---------------------------------------
Total T: 446000 Episode Num: 446 Episode T: 1000 Reward: 78.585
Total T: 447000 Episode Num: 447 Episode T: 1000 Reward: 78.185
Total T: 448000 Episode Num: 448 Episode T: 1000 Reward: 83.024
Total T: 449000 Episode Num: 449 Episode T: 1000 Reward: 78.262
Total T: 450000 Episode Num: 450 Episode T: 1000 Reward: 76.786
---------------------------------------
Evaluation over 10 episodes: 63.043
---------------------------------------
Total T: 451000 Episode Num: 451 Episode T: 1000 Reward: 42.757
Total T: 452000 Episode Num: 452 Episode T: 1000 Reward: 46.729
Total T: 453000 Episode Num: 453 Episode T: 1000 Reward: 46.544
Total T: 454000 Episode Num: 454 Episode T: 1000 Reward: 77.771
Total T: 455000 Episode Num: 455 Episode T: 1000 Reward: 80.065
---------------------------------------
Evaluation over 10 episodes: 60.786
---------------------------------------
Total T: 456000 Episode Num: 456 Episode T: 1000 Reward: 77.598
Total T: 457000 Episode Num: 457 Episode T: 1000 Reward: 43.431
Total T: 458000 Episode Num: 458 Episode T: 1000 Reward: 41.949
Total T: 459000 Episode Num: 459 Episode T: 1000 Reward: 77.431
Total T: 460000 Episode Num: 460 Episode T: 1000 Reward: 75.751
---------------------------------------
Evaluation over 10 episodes: 63.366
---------------------------------------
Total T: 461000 Episode Num: 461 Episode T: 1000 Reward: 42.704
Total T: 462000 Episode Num: 462 Episode T: 1000 Reward: 80.405
Total T: 463000 Episode Num: 463 Episode T: 1000 Reward: 78.789
Total T: 464000 Episode Num: 464 Episode T: 1000 Reward: 76.553
Total T: 465000 Episode Num: 465 Episode T: 1000 Reward: 42.812
---------------------------------------
Evaluation over 10 episodes: 61.473
---------------------------------------
Total T: 466000 Episode Num: 466 Episode T: 1000 Reward: 77.213
Total T: 467000 Episode Num: 467 Episode T: 1000 Reward: 45.152
Total T: 468000 Episode Num: 468 Episode T: 1000 Reward: 44.484
Total T: 469000 Episode Num: 469 Episode T: 1000 Reward: 76.867
Total T: 470000 Episode Num: 470 Episode T: 1000 Reward: 41.580
---------------------------------------
Evaluation over 10 episodes: 59.448
---------------------------------------
Total T: 471000 Episode Num: 471 Episode T: 1000 Reward: 46.547
Total T: 472000 Episode Num: 472 Episode T: 1000 Reward: 79.942
Total T: 473000 Episode Num: 473 Episode T: 1000 Reward: 78.438
Total T: 474000 Episode Num: 474 Episode T: 1000 Reward: 79.318
Total T: 475000 Episode Num: 475 Episode T: 1000 Reward: 79.304
---------------------------------------
Evaluation over 10 episodes: 65.823
---------------------------------------
Total T: 476000 Episode Num: 476 Episode T: 1000 Reward: 46.263
Total T: 477000 Episode Num: 477 Episode T: 1000 Reward: 79.779
Total T: 478000 Episode Num: 478 Episode T: 1000 Reward: 42.551
Total T: 479000 Episode Num: 479 Episode T: 1000 Reward: 79.679
Total T: 480000 Episode Num: 480 Episode T: 1000 Reward: 43.903
---------------------------------------
Evaluation over 10 episodes: 64.325
---------------------------------------
Total T: 481000 Episode Num: 481 Episode T: 1000 Reward: 42.224
Total T: 482000 Episode Num: 482 Episode T: 1000 Reward: 79.640
Total T: 483000 Episode Num: 483 Episode T: 1000 Reward: 79.510
Total T: 484000 Episode Num: 484 Episode T: 1000 Reward: 41.759
Total T: 485000 Episode Num: 485 Episode T: 1000 Reward: 81.678
---------------------------------------
Evaluation over 10 episodes: 65.157
---------------------------------------
Total T: 486000 Episode Num: 486 Episode T: 1000 Reward: 78.500
Total T: 487000 Episode Num: 487 Episode T: 1000 Reward: 75.113
Total T: 488000 Episode Num: 488 Episode T: 1000 Reward: 78.697
Total T: 489000 Episode Num: 489 Episode T: 1000 Reward: 77.078
Total T: 490000 Episode Num: 490 Episode T: 1000 Reward: 43.971
---------------------------------------
Evaluation over 10 episodes: 66.006
---------------------------------------
Total T: 491000 Episode Num: 491 Episode T: 1000 Reward: 80.084
Total T: 492000 Episode Num: 492 Episode T: 1000 Reward: 43.442
Total T: 493000 Episode Num: 493 Episode T: 1000 Reward: 79.301
Total T: 494000 Episode Num: 494 Episode T: 1000 Reward: 46.164
Total T: 495000 Episode Num: 495 Episode T: 1000 Reward: 82.182
---------------------------------------
Evaluation over 10 episodes: 69.718
---------------------------------------
Total T: 496000 Episode Num: 496 Episode T: 1000 Reward: 81.423
Total T: 497000 Episode Num: 497 Episode T: 1000 Reward: 81.552
Total T: 498000 Episode Num: 498 Episode T: 1000 Reward: 76.946
Total T: 499000 Episode Num: 499 Episode T: 1000 Reward: 81.874
Total T: 500000 Episode Num: 500 Episode T: 1000 Reward: 78.254
---------------------------------------
Evaluation over 10 episodes: 67.234
---------------------------------------
Total T: 501000 Episode Num: 501 Episode T: 1000 Reward: 80.672
Total T: 502000 Episode Num: 502 Episode T: 1000 Reward: 78.113
Total T: 503000 Episode Num: 503 Episode T: 1000 Reward: 44.002
Total T: 504000 Episode Num: 504 Episode T: 1000 Reward: 43.393
Total T: 505000 Episode Num: 505 Episode T: 1000 Reward: 80.807
---------------------------------------
Evaluation over 10 episodes: 61.656
---------------------------------------
Total T: 506000 Episode Num: 506 Episode T: 1000 Reward: 43.383
Total T: 507000 Episode Num: 507 Episode T: 1000 Reward: 79.645
Total T: 508000 Episode Num: 508 Episode T: 1000 Reward: 80.068
Total T: 509000 Episode Num: 509 Episode T: 1000 Reward: 79.237
Total T: 510000 Episode Num: 510 Episode T: 1000 Reward: 80.910
---------------------------------------
Evaluation over 10 episodes: 66.477
---------------------------------------
Total T: 511000 Episode Num: 511 Episode T: 1000 Reward: 78.816
Total T: 512000 Episode Num: 512 Episode T: 1000 Reward: 76.736
Total T: 513000 Episode Num: 513 Episode T: 1000 Reward: 79.682
Total T: 514000 Episode Num: 514 Episode T: 1000 Reward: 78.993
Total T: 515000 Episode Num: 515 Episode T: 1000 Reward: 81.141
---------------------------------------
Evaluation over 10 episodes: 68.124
---------------------------------------
Total T: 516000 Episode Num: 516 Episode T: 1000 Reward: 83.274
Total T: 517000 Episode Num: 517 Episode T: 1000 Reward: 43.376
Total T: 518000 Episode Num: 518 Episode T: 1000 Reward: 77.271
Total T: 519000 Episode Num: 519 Episode T: 1000 Reward: 81.334
Total T: 520000 Episode Num: 520 Episode T: 1000 Reward: 44.174
---------------------------------------
Evaluation over 10 episodes: 69.093
---------------------------------------
Total T: 521000 Episode Num: 521 Episode T: 1000 Reward: 45.860
Total T: 522000 Episode Num: 522 Episode T: 1000 Reward: 81.789
Total T: 523000 Episode Num: 523 Episode T: 1000 Reward: 81.410
Total T: 524000 Episode Num: 524 Episode T: 1000 Reward: 44.767
Total T: 525000 Episode Num: 525 Episode T: 1000 Reward: 83.737
---------------------------------------
Evaluation over 10 episodes: 64.932
---------------------------------------
Total T: 526000 Episode Num: 526 Episode T: 1000 Reward: 44.657
Total T: 527000 Episode Num: 527 Episode T: 1000 Reward: 81.369
Total T: 528000 Episode Num: 528 Episode T: 1000 Reward: 46.557
Total T: 529000 Episode Num: 529 Episode T: 1000 Reward: 80.455
Total T: 530000 Episode Num: 530 Episode T: 1000 Reward: 44.327
---------------------------------------
Evaluation over 10 episodes: 69.264
---------------------------------------
Total T: 531000 Episode Num: 531 Episode T: 1000 Reward: 43.473
Total T: 532000 Episode Num: 532 Episode T: 1000 Reward: 83.230
Total T: 533000 Episode Num: 533 Episode T: 1000 Reward: 80.395
Total T: 534000 Episode Num: 534 Episode T: 1000 Reward: 80.962
Total T: 535000 Episode Num: 535 Episode T: 1000 Reward: 78.458
---------------------------------------
Evaluation over 10 episodes: 63.937
---------------------------------------
Total T: 536000 Episode Num: 536 Episode T: 1000 Reward: 44.058
Total T: 537000 Episode Num: 537 Episode T: 1000 Reward: 77.793
Total T: 538000 Episode Num: 538 Episode T: 1000 Reward: 77.525
Total T: 539000 Episode Num: 539 Episode T: 1000 Reward: 79.121
Total T: 540000 Episode Num: 540 Episode T: 1000 Reward: 83.406
---------------------------------------
Evaluation over 10 episodes: 64.984
---------------------------------------
Total T: 541000 Episode Num: 541 Episode T: 1000 Reward: 81.556
Total T: 542000 Episode Num: 542 Episode T: 1000 Reward: 82.835
Total T: 543000 Episode Num: 543 Episode T: 1000 Reward: 79.547
Total T: 544000 Episode Num: 544 Episode T: 1000 Reward: 45.230
Total T: 545000 Episode Num: 545 Episode T: 1000 Reward: 81.654
---------------------------------------
Evaluation over 10 episodes: 64.739
---------------------------------------
Total T: 546000 Episode Num: 546 Episode T: 1000 Reward: 79.386
Total T: 547000 Episode Num: 547 Episode T: 1000 Reward: 42.903
Total T: 548000 Episode Num: 548 Episode T: 1000 Reward: 78.739
Total T: 549000 Episode Num: 549 Episode T: 1000 Reward: 44.874
Total T: 550000 Episode Num: 550 Episode T: 1000 Reward: 77.098
---------------------------------------
Evaluation over 10 episodes: 64.068
---------------------------------------
Total T: 551000 Episode Num: 551 Episode T: 1000 Reward: 81.637
Total T: 552000 Episode Num: 552 Episode T: 1000 Reward: 79.864
Total T: 553000 Episode Num: 553 Episode T: 1000 Reward: 80.435
Total T: 554000 Episode Num: 554 Episode T: 1000 Reward: 78.775
Total T: 555000 Episode Num: 555 Episode T: 1000 Reward: 81.160
---------------------------------------
Evaluation over 10 episodes: 67.820
---------------------------------------
Total T: 556000 Episode Num: 556 Episode T: 1000 Reward: 80.825
Total T: 557000 Episode Num: 557 Episode T: 1000 Reward: 81.916
Total T: 558000 Episode Num: 558 Episode T: 1000 Reward: 81.508
Total T: 559000 Episode Num: 559 Episode T: 1000 Reward: 80.693
Total T: 560000 Episode Num: 560 Episode T: 1000 Reward: 46.413
---------------------------------------
Evaluation over 10 episodes: 64.149
---------------------------------------
Total T: 561000 Episode Num: 561 Episode T: 1000 Reward: 82.367
Total T: 562000 Episode Num: 562 Episode T: 1000 Reward: 46.208
Total T: 563000 Episode Num: 563 Episode T: 1000 Reward: 79.996
Total T: 564000 Episode Num: 564 Episode T: 1000 Reward: 80.104
Total T: 565000 Episode Num: 565 Episode T: 1000 Reward: 43.440
---------------------------------------
Evaluation over 10 episodes: 66.475
---------------------------------------
Total T: 566000 Episode Num: 566 Episode T: 1000 Reward: 81.450
Total T: 567000 Episode Num: 567 Episode T: 1000 Reward: 44.144
Total T: 568000 Episode Num: 568 Episode T: 1000 Reward: 46.771
Total T: 569000 Episode Num: 569 Episode T: 1000 Reward: 83.384
Total T: 570000 Episode Num: 570 Episode T: 1000 Reward: 45.058
---------------------------------------
Evaluation over 10 episodes: 65.731
---------------------------------------
Total T: 571000 Episode Num: 571 Episode T: 1000 Reward: 42.648
Total T: 572000 Episode Num: 572 Episode T: 1000 Reward: 44.618
Total T: 573000 Episode Num: 573 Episode T: 1000 Reward: 80.854
Total T: 574000 Episode Num: 574 Episode T: 1000 Reward: 83.460
Total T: 575000 Episode Num: 575 Episode T: 1000 Reward: 42.111
---------------------------------------
Evaluation over 10 episodes: 63.827
---------------------------------------
Total T: 576000 Episode Num: 576 Episode T: 1000 Reward: 42.850
Total T: 577000 Episode Num: 577 Episode T: 1000 Reward: 82.147
Total T: 578000 Episode Num: 578 Episode T: 1000 Reward: 84.340
Total T: 579000 Episode Num: 579 Episode T: 1000 Reward: 45.336
Total T: 580000 Episode Num: 580 Episode T: 1000 Reward: 83.160
---------------------------------------
Evaluation over 10 episodes: 65.169
---------------------------------------
Total T: 581000 Episode Num: 581 Episode T: 1000 Reward: 82.384
Total T: 582000 Episode Num: 582 Episode T: 1000 Reward: 45.211
Total T: 583000 Episode Num: 583 Episode T: 1000 Reward: 82.082
Total T: 584000 Episode Num: 584 Episode T: 1000 Reward: 43.902
Total T: 585000 Episode Num: 585 Episode T: 1000 Reward: 43.954
---------------------------------------
Evaluation over 10 episodes: 67.610
---------------------------------------
Total T: 586000 Episode Num: 586 Episode T: 1000 Reward: 45.793
Total T: 587000 Episode Num: 587 Episode T: 1000 Reward: 45.314
Total T: 588000 Episode Num: 588 Episode T: 1000 Reward: 44.599
Total T: 589000 Episode Num: 589 Episode T: 1000 Reward: 81.437
Total T: 590000 Episode Num: 590 Episode T: 1000 Reward: 44.190
---------------------------------------
Evaluation over 10 episodes: 61.837
---------------------------------------
Total T: 591000 Episode Num: 591 Episode T: 1000 Reward: 83.021
Total T: 592000 Episode Num: 592 Episode T: 1000 Reward: 84.203
Total T: 593000 Episode Num: 593 Episode T: 1000 Reward: 43.678
Total T: 594000 Episode Num: 594 Episode T: 1000 Reward: 45.001
Total T: 595000 Episode Num: 595 Episode T: 1000 Reward: 83.855
---------------------------------------
Evaluation over 10 episodes: 65.324
---------------------------------------
Total T: 596000 Episode Num: 596 Episode T: 1000 Reward: 46.809
Total T: 597000 Episode Num: 597 Episode T: 1000 Reward: 80.350
Total T: 598000 Episode Num: 598 Episode T: 1000 Reward: 82.434
Total T: 599000 Episode Num: 599 Episode T: 1000 Reward: 82.426
Total T: 600000 Episode Num: 600 Episode T: 1000 Reward: 43.855
---------------------------------------
Evaluation over 10 episodes: 62.487
---------------------------------------
Total T: 601000 Episode Num: 601 Episode T: 1000 Reward: 83.472
Total T: 602000 Episode Num: 602 Episode T: 1000 Reward: 80.297
Total T: 603000 Episode Num: 603 Episode T: 1000 Reward: 42.511
Total T: 604000 Episode Num: 604 Episode T: 1000 Reward: 85.218
Total T: 605000 Episode Num: 605 Episode T: 1000 Reward: 82.058
---------------------------------------
Evaluation over 10 episodes: 63.135
---------------------------------------
Total T: 606000 Episode Num: 606 Episode T: 1000 Reward: 83.647
Total T: 607000 Episode Num: 607 Episode T: 1000 Reward: 44.166
Total T: 608000 Episode Num: 608 Episode T: 1000 Reward: 44.438
Total T: 609000 Episode Num: 609 Episode T: 1000 Reward: 45.856
Total T: 610000 Episode Num: 610 Episode T: 1000 Reward: 81.842
---------------------------------------
Evaluation over 10 episodes: 69.600
---------------------------------------
Total T: 611000 Episode Num: 611 Episode T: 1000 Reward: 45.179
Total T: 612000 Episode Num: 612 Episode T: 1000 Reward: 83.630
Total T: 613000 Episode Num: 613 Episode T: 1000 Reward: 45.081
Total T: 614000 Episode Num: 614 Episode T: 1000 Reward: 81.777
Total T: 615000 Episode Num: 615 Episode T: 1000 Reward: 46.130
---------------------------------------
Evaluation over 10 episodes: 67.132
---------------------------------------
Total T: 616000 Episode Num: 616 Episode T: 1000 Reward: 79.042
Total T: 617000 Episode Num: 617 Episode T: 1000 Reward: 46.276
Total T: 618000 Episode Num: 618 Episode T: 1000 Reward: 85.592
Total T: 619000 Episode Num: 619 Episode T: 1000 Reward: 83.811
Total T: 620000 Episode Num: 620 Episode T: 1000 Reward: 45.923
---------------------------------------
Evaluation over 10 episodes: 65.866
---------------------------------------
Total T: 621000 Episode Num: 621 Episode T: 1000 Reward: 44.552
Total T: 622000 Episode Num: 622 Episode T: 1000 Reward: 83.879
Total T: 623000 Episode Num: 623 Episode T: 1000 Reward: 47.386
Total T: 624000 Episode Num: 624 Episode T: 1000 Reward: 45.792
Total T: 625000 Episode Num: 625 Episode T: 1000 Reward: 81.453
---------------------------------------
Evaluation over 10 episodes: 65.111
---------------------------------------
Total T: 626000 Episode Num: 626 Episode T: 1000 Reward: 46.218
Total T: 627000 Episode Num: 627 Episode T: 1000 Reward: 81.935
Total T: 628000 Episode Num: 628 Episode T: 1000 Reward: 81.968
Total T: 629000 Episode Num: 629 Episode T: 1000 Reward: 44.921
Total T: 630000 Episode Num: 630 Episode T: 1000 Reward: 81.609
---------------------------------------
Evaluation over 10 episodes: 62.867
---------------------------------------
Total T: 631000 Episode Num: 631 Episode T: 1000 Reward: 42.750
Total T: 632000 Episode Num: 632 Episode T: 1000 Reward: 48.210
Total T: 633000 Episode Num: 633 Episode T: 1000 Reward: 81.251
Total T: 634000 Episode Num: 634 Episode T: 1000 Reward: 47.427
Total T: 635000 Episode Num: 635 Episode T: 1000 Reward: 45.862
---------------------------------------
Evaluation over 10 episodes: 64.373
---------------------------------------
Total T: 636000 Episode Num: 636 Episode T: 1000 Reward: 82.278
Total T: 637000 Episode Num: 637 Episode T: 1000 Reward: 47.749
Total T: 638000 Episode Num: 638 Episode T: 1000 Reward: 44.424
Total T: 639000 Episode Num: 639 Episode T: 1000 Reward: 85.070
Total T: 640000 Episode Num: 640 Episode T: 1000 Reward: 43.654
---------------------------------------
Evaluation over 10 episodes: 61.818
---------------------------------------
Total T: 641000 Episode Num: 641 Episode T: 1000 Reward: 83.317
Total T: 642000 Episode Num: 642 Episode T: 1000 Reward: 81.160
Total T: 643000 Episode Num: 643 Episode T: 1000 Reward: 81.385
Total T: 644000 Episode Num: 644 Episode T: 1000 Reward: 43.905
Total T: 645000 Episode Num: 645 Episode T: 1000 Reward: 44.348
---------------------------------------
Evaluation over 10 episodes: 66.055
---------------------------------------
Total T: 646000 Episode Num: 646 Episode T: 1000 Reward: 43.109
Total T: 647000 Episode Num: 647 Episode T: 1000 Reward: 84.119
Total T: 648000 Episode Num: 648 Episode T: 1000 Reward: 44.155
Total T: 649000 Episode Num: 649 Episode T: 1000 Reward: 80.663
Total T: 650000 Episode Num: 650 Episode T: 1000 Reward: 81.179
---------------------------------------
Evaluation over 10 episodes: 66.501
---------------------------------------
Total T: 651000 Episode Num: 651 Episode T: 1000 Reward: 84.226
Total T: 652000 Episode Num: 652 Episode T: 1000 Reward: 45.432
Total T: 653000 Episode Num: 653 Episode T: 1000 Reward: 44.809
Total T: 654000 Episode Num: 654 Episode T: 1000 Reward: 82.378
Total T: 655000 Episode Num: 655 Episode T: 1000 Reward: 86.330
---------------------------------------
Evaluation over 10 episodes: 63.544
---------------------------------------
Total T: 656000 Episode Num: 656 Episode T: 1000 Reward: 80.064
Total T: 657000 Episode Num: 657 Episode T: 1000 Reward: 82.346
Total T: 658000 Episode Num: 658 Episode T: 1000 Reward: 83.026
Total T: 659000 Episode Num: 659 Episode T: 1000 Reward: 46.245
Total T: 660000 Episode Num: 660 Episode T: 1000 Reward: 83.544
---------------------------------------
Evaluation over 10 episodes: 65.826
---------------------------------------
Total T: 661000 Episode Num: 661 Episode T: 1000 Reward: 47.957
Total T: 662000 Episode Num: 662 Episode T: 1000 Reward: 44.210
Total T: 663000 Episode Num: 663 Episode T: 1000 Reward: 46.679
Total T: 664000 Episode Num: 664 Episode T: 1000 Reward: 82.016
Total T: 665000 Episode Num: 665 Episode T: 1000 Reward: 83.401
---------------------------------------
Evaluation over 10 episodes: 61.294
---------------------------------------
Total T: 666000 Episode Num: 666 Episode T: 1000 Reward: 84.306
Total T: 667000 Episode Num: 667 Episode T: 1000 Reward: 47.868
Total T: 668000 Episode Num: 668 Episode T: 1000 Reward: 84.933
Total T: 669000 Episode Num: 669 Episode T: 1000 Reward: 43.396
Total T: 670000 Episode Num: 670 Episode T: 1000 Reward: 83.828
---------------------------------------
Evaluation over 10 episodes: 66.305
---------------------------------------
Total T: 671000 Episode Num: 671 Episode T: 1000 Reward: 82.197
Total T: 672000 Episode Num: 672 Episode T: 1000 Reward: 81.278
Total T: 673000 Episode Num: 673 Episode T: 1000 Reward: 44.925
Total T: 674000 Episode Num: 674 Episode T: 1000 Reward: 48.447
Total T: 675000 Episode Num: 675 Episode T: 1000 Reward: 82.887
---------------------------------------
Evaluation over 10 episodes: 69.125
---------------------------------------
Total T: 676000 Episode Num: 676 Episode T: 1000 Reward: 43.987
Total T: 677000 Episode Num: 677 Episode T: 1000 Reward: 46.685
Total T: 678000 Episode Num: 678 Episode T: 1000 Reward: 46.136
Total T: 679000 Episode Num: 679 Episode T: 1000 Reward: 81.726
Total T: 680000 Episode Num: 680 Episode T: 1000 Reward: 83.049
---------------------------------------
Evaluation over 10 episodes: 69.069
---------------------------------------
Total T: 681000 Episode Num: 681 Episode T: 1000 Reward: 81.317
Total T: 682000 Episode Num: 682 Episode T: 1000 Reward: 85.219
Total T: 683000 Episode Num: 683 Episode T: 1000 Reward: 82.590
Total T: 684000 Episode Num: 684 Episode T: 1000 Reward: 48.336
Total T: 685000 Episode Num: 685 Episode T: 1000 Reward: 87.305
---------------------------------------
Evaluation over 10 episodes: 72.241
---------------------------------------
Total T: 686000 Episode Num: 686 Episode T: 1000 Reward: 47.953
Total T: 687000 Episode Num: 687 Episode T: 1000 Reward: 82.276
Total T: 688000 Episode Num: 688 Episode T: 1000 Reward: 47.586
Total T: 689000 Episode Num: 689 Episode T: 1000 Reward: 81.836
Total T: 690000 Episode Num: 690 Episode T: 1000 Reward: 84.934
---------------------------------------
Evaluation over 10 episodes: 69.787
---------------------------------------
Total T: 691000 Episode Num: 691 Episode T: 1000 Reward: 81.985
Total T: 692000 Episode Num: 692 Episode T: 1000 Reward: 81.752
Total T: 693000 Episode Num: 693 Episode T: 1000 Reward: 82.166
Total T: 694000 Episode Num: 694 Episode T: 1000 Reward: 47.374
Total T: 695000 Episode Num: 695 Episode T: 1000 Reward: 85.494
---------------------------------------
Evaluation over 10 episodes: 66.963
---------------------------------------
Total T: 696000 Episode Num: 696 Episode T: 1000 Reward: 84.930
Total T: 697000 Episode Num: 697 Episode T: 1000 Reward: 45.506
Total T: 698000 Episode Num: 698 Episode T: 1000 Reward: 85.013
Total T: 699000 Episode Num: 699 Episode T: 1000 Reward: 84.935
Total T: 700000 Episode Num: 700 Episode T: 1000 Reward: 45.924
---------------------------------------
Evaluation over 10 episodes: 64.098
---------------------------------------
Total T: 701000 Episode Num: 701 Episode T: 1000 Reward: 48.388
Total T: 702000 Episode Num: 702 Episode T: 1000 Reward: 85.030
Total T: 703000 Episode Num: 703 Episode T: 1000 Reward: 43.428
Total T: 704000 Episode Num: 704 Episode T: 1000 Reward: 45.241
Total T: 705000 Episode Num: 705 Episode T: 1000 Reward: 45.645
---------------------------------------
Evaluation over 10 episodes: 70.560
---------------------------------------
Total T: 706000 Episode Num: 706 Episode T: 1000 Reward: 87.560
Total T: 707000 Episode Num: 707 Episode T: 1000 Reward: 87.019
Total T: 708000 Episode Num: 708 Episode T: 1000 Reward: 46.731
Total T: 709000 Episode Num: 709 Episode T: 1000 Reward: 86.669
Total T: 710000 Episode Num: 710 Episode T: 1000 Reward: 46.297
---------------------------------------
Evaluation over 10 episodes: 72.135
---------------------------------------
Total T: 711000 Episode Num: 711 Episode T: 1000 Reward: 85.823
Total T: 712000 Episode Num: 712 Episode T: 1000 Reward: 85.686
Total T: 713000 Episode Num: 713 Episode T: 1000 Reward: 89.787
Total T: 714000 Episode Num: 714 Episode T: 1000 Reward: 46.238
Total T: 715000 Episode Num: 715 Episode T: 1000 Reward: 44.452
---------------------------------------
Evaluation over 10 episodes: 72.295
---------------------------------------
Total T: 716000 Episode Num: 716 Episode T: 1000 Reward: 88.434
Total T: 717000 Episode Num: 717 Episode T: 1000 Reward: 46.792
Total T: 718000 Episode Num: 718 Episode T: 1000 Reward: 47.596
Total T: 719000 Episode Num: 719 Episode T: 1000 Reward: 46.886
Total T: 720000 Episode Num: 720 Episode T: 1000 Reward: 45.994
---------------------------------------
Evaluation over 10 episodes: 72.124
---------------------------------------
Total T: 721000 Episode Num: 721 Episode T: 1000 Reward: 86.936
Total T: 722000 Episode Num: 722 Episode T: 1000 Reward: 43.544
Total T: 723000 Episode Num: 723 Episode T: 1000 Reward: 43.778
Total T: 724000 Episode Num: 724 Episode T: 1000 Reward: 44.580
Total T: 725000 Episode Num: 725 Episode T: 1000 Reward: 88.222
---------------------------------------
Evaluation over 10 episodes: 66.190
---------------------------------------
Total T: 726000 Episode Num: 726 Episode T: 1000 Reward: 46.436
Total T: 727000 Episode Num: 727 Episode T: 1000 Reward: 46.200
Total T: 728000 Episode Num: 728 Episode T: 1000 Reward: 46.346
Total T: 729000 Episode Num: 729 Episode T: 1000 Reward: 89.559
Total T: 730000 Episode Num: 730 Episode T: 1000 Reward: 45.032
---------------------------------------
Evaluation over 10 episodes: 67.273
---------------------------------------
Total T: 731000 Episode Num: 731 Episode T: 1000 Reward: 46.784
Total T: 732000 Episode Num: 732 Episode T: 1000 Reward: 86.771
Total T: 733000 Episode Num: 733 Episode T: 1000 Reward: 88.024
Total T: 734000 Episode Num: 734 Episode T: 1000 Reward: 87.091
Total T: 735000 Episode Num: 735 Episode T: 1000 Reward: 90.123
---------------------------------------
Evaluation over 10 episodes: 68.411
---------------------------------------
Total T: 736000 Episode Num: 736 Episode T: 1000 Reward: 84.671
Total T: 737000 Episode Num: 737 Episode T: 1000 Reward: 89.189
Total T: 738000 Episode Num: 738 Episode T: 1000 Reward: 46.353
Total T: 739000 Episode Num: 739 Episode T: 1000 Reward: 86.614
Total T: 740000 Episode Num: 740 Episode T: 1000 Reward: 87.999
---------------------------------------
Evaluation over 10 episodes: 71.309
---------------------------------------
Total T: 741000 Episode Num: 741 Episode T: 1000 Reward: 47.794
Total T: 742000 Episode Num: 742 Episode T: 1000 Reward: 46.642
Total T: 743000 Episode Num: 743 Episode T: 1000 Reward: 89.360
Total T: 744000 Episode Num: 744 Episode T: 1000 Reward: 84.961
Total T: 745000 Episode Num: 745 Episode T: 1000 Reward: 89.760
---------------------------------------
Evaluation over 10 episodes: 64.734
---------------------------------------
Total T: 746000 Episode Num: 746 Episode T: 1000 Reward: 44.301
Total T: 747000 Episode Num: 747 Episode T: 1000 Reward: 89.309
Total T: 748000 Episode Num: 748 Episode T: 1000 Reward: 86.693
Total T: 749000 Episode Num: 749 Episode T: 1000 Reward: 85.841
Total T: 750000 Episode Num: 750 Episode T: 1000 Reward: 86.230
---------------------------------------
Evaluation over 10 episodes: 74.309
---------------------------------------
Total T: 751000 Episode Num: 751 Episode T: 1000 Reward: 88.219
Total T: 752000 Episode Num: 752 Episode T: 1000 Reward: 86.876
Total T: 753000 Episode Num: 753 Episode T: 1000 Reward: 86.314
Total T: 754000 Episode Num: 754 Episode T: 1000 Reward: 46.240
Total T: 755000 Episode Num: 755 Episode T: 1000 Reward: 84.538
---------------------------------------
Evaluation over 10 episodes: 71.571
---------------------------------------
Total T: 756000 Episode Num: 756 Episode T: 1000 Reward: 86.008
Total T: 757000 Episode Num: 757 Episode T: 1000 Reward: 87.304
Total T: 758000 Episode Num: 758 Episode T: 1000 Reward: 89.320
Total T: 759000 Episode Num: 759 Episode T: 1000 Reward: 85.975
Total T: 760000 Episode Num: 760 Episode T: 1000 Reward: 87.230
---------------------------------------
Evaluation over 10 episodes: 72.739
---------------------------------------
Total T: 761000 Episode Num: 761 Episode T: 1000 Reward: 87.367
Total T: 762000 Episode Num: 762 Episode T: 1000 Reward: 91.005
Total T: 763000 Episode Num: 763 Episode T: 1000 Reward: 86.165
Total T: 764000 Episode Num: 764 Episode T: 1000 Reward: 89.790
Total T: 765000 Episode Num: 765 Episode T: 1000 Reward: 86.990
---------------------------------------
Evaluation over 10 episodes: 70.005
---------------------------------------
Total T: 766000 Episode Num: 766 Episode T: 1000 Reward: 46.193
Total T: 767000 Episode Num: 767 Episode T: 1000 Reward: 48.776
Total T: 768000 Episode Num: 768 Episode T: 1000 Reward: 45.575
Total T: 769000 Episode Num: 769 Episode T: 1000 Reward: 43.799
Total T: 770000 Episode Num: 770 Episode T: 1000 Reward: 90.050
---------------------------------------
Evaluation over 10 episodes: 71.460
---------------------------------------
Total T: 771000 Episode Num: 771 Episode T: 1000 Reward: 46.834
Total T: 772000 Episode Num: 772 Episode T: 1000 Reward: 88.987
Total T: 773000 Episode Num: 773 Episode T: 1000 Reward: 47.204
Total T: 774000 Episode Num: 774 Episode T: 1000 Reward: 88.292
Total T: 775000 Episode Num: 775 Episode T: 1000 Reward: 89.218
---------------------------------------
Evaluation over 10 episodes: 71.574
---------------------------------------
Total T: 776000 Episode Num: 776 Episode T: 1000 Reward: 46.490
Total T: 777000 Episode Num: 777 Episode T: 1000 Reward: 87.796
Total T: 778000 Episode Num: 778 Episode T: 1000 Reward: 47.029
Total T: 779000 Episode Num: 779 Episode T: 1000 Reward: 89.179
Total T: 780000 Episode Num: 780 Episode T: 1000 Reward: 88.245
---------------------------------------
Evaluation over 10 episodes: 72.591
---------------------------------------
Total T: 781000 Episode Num: 781 Episode T: 1000 Reward: 91.244
Total T: 782000 Episode Num: 782 Episode T: 1000 Reward: 88.600
Total T: 783000 Episode Num: 783 Episode T: 1000 Reward: 89.470
Total T: 784000 Episode Num: 784 Episode T: 1000 Reward: 88.771
Total T: 785000 Episode Num: 785 Episode T: 1000 Reward: 44.565
---------------------------------------
Evaluation over 10 episodes: 71.012
---------------------------------------
Total T: 786000 Episode Num: 786 Episode T: 1000 Reward: 46.243
Total T: 787000 Episode Num: 787 Episode T: 1000 Reward: 88.089
Total T: 788000 Episode Num: 788 Episode T: 1000 Reward: 87.340
Total T: 789000 Episode Num: 789 Episode T: 1000 Reward: 48.049
Total T: 790000 Episode Num: 790 Episode T: 1000 Reward: 88.625
---------------------------------------
Evaluation over 10 episodes: 72.343
---------------------------------------
Total T: 791000 Episode Num: 791 Episode T: 1000 Reward: 88.961
Total T: 792000 Episode Num: 792 Episode T: 1000 Reward: 89.075
Total T: 793000 Episode Num: 793 Episode T: 1000 Reward: 46.262
Total T: 794000 Episode Num: 794 Episode T: 1000 Reward: 89.936
Total T: 795000 Episode Num: 795 Episode T: 1000 Reward: 89.345
---------------------------------------
Evaluation over 10 episodes: 72.134
---------------------------------------
Total T: 796000 Episode Num: 796 Episode T: 1000 Reward: 90.863
Total T: 797000 Episode Num: 797 Episode T: 1000 Reward: 45.141
Total T: 798000 Episode Num: 798 Episode T: 1000 Reward: 89.867
Total T: 799000 Episode Num: 799 Episode T: 1000 Reward: 89.194
Total T: 800000 Episode Num: 800 Episode T: 1000 Reward: 91.008
---------------------------------------
Evaluation over 10 episodes: 73.342
---------------------------------------
Total T: 801000 Episode Num: 801 Episode T: 1000 Reward: 47.720
Total T: 802000 Episode Num: 802 Episode T: 1000 Reward: 88.520
Total T: 803000 Episode Num: 803 Episode T: 1000 Reward: 47.361
Total T: 804000 Episode Num: 804 Episode T: 1000 Reward: 45.900
Total T: 805000 Episode Num: 805 Episode T: 1000 Reward: 43.320
---------------------------------------
Evaluation over 10 episodes: 72.507
---------------------------------------
Total T: 806000 Episode Num: 806 Episode T: 1000 Reward: 46.683
Total T: 807000 Episode Num: 807 Episode T: 1000 Reward: 43.352
Total T: 808000 Episode Num: 808 Episode T: 1000 Reward: 87.684
Total T: 809000 Episode Num: 809 Episode T: 1000 Reward: 90.302
Total T: 810000 Episode Num: 810 Episode T: 1000 Reward: 47.450
---------------------------------------
Evaluation over 10 episodes: 72.356
---------------------------------------
Total T: 811000 Episode Num: 811 Episode T: 1000 Reward: 88.718
Total T: 812000 Episode Num: 812 Episode T: 1000 Reward: 89.573
Total T: 813000 Episode Num: 813 Episode T: 1000 Reward: 43.595
Total T: 814000 Episode Num: 814 Episode T: 1000 Reward: 88.744
Total T: 815000 Episode Num: 815 Episode T: 1000 Reward: 87.974
---------------------------------------
Evaluation over 10 episodes: 73.083
---------------------------------------
Total T: 816000 Episode Num: 816 Episode T: 1000 Reward: 88.787
Total T: 817000 Episode Num: 817 Episode T: 1000 Reward: 47.214
Total T: 818000 Episode Num: 818 Episode T: 1000 Reward: 89.639
Total T: 819000 Episode Num: 819 Episode T: 1000 Reward: 91.142
Total T: 820000 Episode Num: 820 Episode T: 1000 Reward: 48.229
---------------------------------------
Evaluation over 10 episodes: 73.012
---------------------------------------
Total T: 821000 Episode Num: 821 Episode T: 1000 Reward: 90.432
Total T: 822000 Episode Num: 822 Episode T: 1000 Reward: 44.003
Total T: 823000 Episode Num: 823 Episode T: 1000 Reward: 91.533
Total T: 824000 Episode Num: 824 Episode T: 1000 Reward: 47.090
Total T: 825000 Episode Num: 825 Episode T: 1000 Reward: 91.722
---------------------------------------
Evaluation over 10 episodes: 70.729
---------------------------------------
Total T: 826000 Episode Num: 826 Episode T: 1000 Reward: 89.941
Total T: 827000 Episode Num: 827 Episode T: 1000 Reward: 46.177
Total T: 828000 Episode Num: 828 Episode T: 1000 Reward: 92.242
Total T: 829000 Episode Num: 829 Episode T: 1000 Reward: 92.558
Total T: 830000 Episode Num: 830 Episode T: 1000 Reward: 89.584
---------------------------------------
Evaluation over 10 episodes: 72.538
---------------------------------------
Total T: 831000 Episode Num: 831 Episode T: 1000 Reward: 88.567
Total T: 832000 Episode Num: 832 Episode T: 1000 Reward: 47.025
Total T: 833000 Episode Num: 833 Episode T: 1000 Reward: 91.278
Total T: 834000 Episode Num: 834 Episode T: 1000 Reward: 88.830
Total T: 835000 Episode Num: 835 Episode T: 1000 Reward: 47.775
---------------------------------------
Evaluation over 10 episodes: 73.292
---------------------------------------
Total T: 836000 Episode Num: 836 Episode T: 1000 Reward: 92.077
Total T: 837000 Episode Num: 837 Episode T: 1000 Reward: 45.584
Total T: 838000 Episode Num: 838 Episode T: 1000 Reward: 49.310
Total T: 839000 Episode Num: 839 Episode T: 1000 Reward: 47.444
Total T: 840000 Episode Num: 840 Episode T: 1000 Reward: 48.405
---------------------------------------
Evaluation over 10 episodes: 72.852
---------------------------------------
Total T: 841000 Episode Num: 841 Episode T: 1000 Reward: 89.773
Total T: 842000 Episode Num: 842 Episode T: 1000 Reward: 88.031
Total T: 843000 Episode Num: 843 Episode T: 1000 Reward: 47.814
Total T: 844000 Episode Num: 844 Episode T: 1000 Reward: 89.487
Total T: 845000 Episode Num: 845 Episode T: 1000 Reward: 48.653
---------------------------------------
Evaluation over 10 episodes: 71.017
---------------------------------------
Total T: 846000 Episode Num: 846 Episode T: 1000 Reward: 49.530
Total T: 847000 Episode Num: 847 Episode T: 1000 Reward: 47.480
Total T: 848000 Episode Num: 848 Episode T: 1000 Reward: 46.083
Total T: 849000 Episode Num: 849 Episode T: 1000 Reward: 93.549
Total T: 850000 Episode Num: 850 Episode T: 1000 Reward: 46.781
---------------------------------------
Evaluation over 10 episodes: 74.617
---------------------------------------
Total T: 851000 Episode Num: 851 Episode T: 1000 Reward: 47.964
Total T: 852000 Episode Num: 852 Episode T: 1000 Reward: 93.706
Total T: 853000 Episode Num: 853 Episode T: 1000 Reward: 92.578
Total T: 854000 Episode Num: 854 Episode T: 1000 Reward: 45.530
Total T: 855000 Episode Num: 855 Episode T: 1000 Reward: 44.798
---------------------------------------
Evaluation over 10 episodes: 74.253
---------------------------------------
Total T: 856000 Episode Num: 856 Episode T: 1000 Reward: 91.643
Total T: 857000 Episode Num: 857 Episode T: 1000 Reward: 93.762
Total T: 858000 Episode Num: 858 Episode T: 1000 Reward: 48.751
Total T: 859000 Episode Num: 859 Episode T: 1000 Reward: 44.404
Total T: 860000 Episode Num: 860 Episode T: 1000 Reward: 90.404
---------------------------------------
Evaluation over 10 episodes: 75.476
---------------------------------------
Total T: 861000 Episode Num: 861 Episode T: 1000 Reward: 47.771
Total T: 862000 Episode Num: 862 Episode T: 1000 Reward: 90.491
Total T: 863000 Episode Num: 863 Episode T: 1000 Reward: 91.219
Total T: 864000 Episode Num: 864 Episode T: 1000 Reward: 45.366
Total T: 865000 Episode Num: 865 Episode T: 1000 Reward: 89.605
---------------------------------------
Evaluation over 10 episodes: 73.326
---------------------------------------
Total T: 866000 Episode Num: 866 Episode T: 1000 Reward: 91.866
Total T: 867000 Episode Num: 867 Episode T: 1000 Reward: 91.603
Total T: 868000 Episode Num: 868 Episode T: 1000 Reward: 92.580
Total T: 869000 Episode Num: 869 Episode T: 1000 Reward: 90.992
Total T: 870000 Episode Num: 870 Episode T: 1000 Reward: 44.842
---------------------------------------
Evaluation over 10 episodes: 74.026
---------------------------------------
Total T: 871000 Episode Num: 871 Episode T: 1000 Reward: 83.466
Total T: 872000 Episode Num: 872 Episode T: 1000 Reward: 44.348
Total T: 873000 Episode Num: 873 Episode T: 1000 Reward: 90.528
Total T: 874000 Episode Num: 874 Episode T: 1000 Reward: 89.946
Total T: 875000 Episode Num: 875 Episode T: 1000 Reward: 92.688
---------------------------------------
Evaluation over 10 episodes: 71.527
---------------------------------------
Total T: 876000 Episode Num: 876 Episode T: 1000 Reward: 87.157
Total T: 877000 Episode Num: 877 Episode T: 1000 Reward: 91.858
Total T: 878000 Episode Num: 878 Episode T: 1000 Reward: 93.365
Total T: 879000 Episode Num: 879 Episode T: 1000 Reward: 90.018
Total T: 880000 Episode Num: 880 Episode T: 1000 Reward: 91.501
---------------------------------------
Evaluation over 10 episodes: 73.468
---------------------------------------
Total T: 881000 Episode Num: 881 Episode T: 1000 Reward: 44.088
Total T: 882000 Episode Num: 882 Episode T: 1000 Reward: 44.934
Total T: 883000 Episode Num: 883 Episode T: 1000 Reward: 93.489
Total T: 884000 Episode Num: 884 Episode T: 1000 Reward: 90.262
Total T: 885000 Episode Num: 885 Episode T: 1000 Reward: 89.236
---------------------------------------
Evaluation over 10 episodes: 72.968
---------------------------------------
Total T: 886000 Episode Num: 886 Episode T: 1000 Reward: 47.662
Total T: 887000 Episode Num: 887 Episode T: 1000 Reward: 90.757
Total T: 888000 Episode Num: 888 Episode T: 1000 Reward: 90.404
Total T: 889000 Episode Num: 889 Episode T: 1000 Reward: 88.560
Total T: 890000 Episode Num: 890 Episode T: 1000 Reward: 92.264
---------------------------------------
Evaluation over 10 episodes: 73.700
---------------------------------------
Total T: 891000 Episode Num: 891 Episode T: 1000 Reward: 91.915
Total T: 892000 Episode Num: 892 Episode T: 1000 Reward: 92.071
Total T: 893000 Episode Num: 893 Episode T: 1000 Reward: 92.291
Total T: 894000 Episode Num: 894 Episode T: 1000 Reward: 90.652
Total T: 895000 Episode Num: 895 Episode T: 1000 Reward: 48.739
---------------------------------------
Evaluation over 10 episodes: 74.029
---------------------------------------
Total T: 896000 Episode Num: 896 Episode T: 1000 Reward: 92.309
Total T: 897000 Episode Num: 897 Episode T: 1000 Reward: 90.896
Total T: 898000 Episode Num: 898 Episode T: 1000 Reward: 92.811
Total T: 899000 Episode Num: 899 Episode T: 1000 Reward: 48.052
Total T: 900000 Episode Num: 900 Episode T: 1000 Reward: 46.800
---------------------------------------
Evaluation over 10 episodes: 73.298
---------------------------------------
Total T: 901000 Episode Num: 901 Episode T: 1000 Reward: 48.358
Total T: 902000 Episode Num: 902 Episode T: 1000 Reward: 89.706
Total T: 903000 Episode Num: 903 Episode T: 1000 Reward: 45.746
Total T: 904000 Episode Num: 904 Episode T: 1000 Reward: 47.702
Total T: 905000 Episode Num: 905 Episode T: 1000 Reward: 46.579
---------------------------------------
Evaluation over 10 episodes: 73.880
---------------------------------------
Total T: 906000 Episode Num: 906 Episode T: 1000 Reward: 92.636
Total T: 907000 Episode Num: 907 Episode T: 1000 Reward: 47.090
Total T: 908000 Episode Num: 908 Episode T: 1000 Reward: 44.675
Total T: 909000 Episode Num: 909 Episode T: 1000 Reward: 92.374
Total T: 910000 Episode Num: 910 Episode T: 1000 Reward: 92.523
---------------------------------------
Evaluation over 10 episodes: 74.565
---------------------------------------
Total T: 911000 Episode Num: 911 Episode T: 1000 Reward: 90.702
Total T: 912000 Episode Num: 912 Episode T: 1000 Reward: 46.683
Total T: 913000 Episode Num: 913 Episode T: 1000 Reward: 89.519
Total T: 914000 Episode Num: 914 Episode T: 1000 Reward: 46.638
Total T: 915000 Episode Num: 915 Episode T: 1000 Reward: 93.033
---------------------------------------
Evaluation over 10 episodes: 74.090
---------------------------------------
Total T: 916000 Episode Num: 916 Episode T: 1000 Reward: 46.592
Total T: 917000 Episode Num: 917 Episode T: 1000 Reward: 91.183
Total T: 918000 Episode Num: 918 Episode T: 1000 Reward: 92.936
Total T: 919000 Episode Num: 919 Episode T: 1000 Reward: 89.376
Total T: 920000 Episode Num: 920 Episode T: 1000 Reward: 89.706
---------------------------------------
Evaluation over 10 episodes: 73.773
---------------------------------------
Total T: 921000 Episode Num: 921 Episode T: 1000 Reward: 92.952
Total T: 922000 Episode Num: 922 Episode T: 1000 Reward: 93.248
Total T: 923000 Episode Num: 923 Episode T: 1000 Reward: 46.752
Total T: 924000 Episode Num: 924 Episode T: 1000 Reward: 46.379
Total T: 925000 Episode Num: 925 Episode T: 1000 Reward: 91.321
---------------------------------------
Evaluation over 10 episodes: 74.457
---------------------------------------
Total T: 926000 Episode Num: 926 Episode T: 1000 Reward: 47.205
Total T: 927000 Episode Num: 927 Episode T: 1000 Reward: 44.084
Total T: 928000 Episode Num: 928 Episode T: 1000 Reward: 94.435
Total T: 929000 Episode Num: 929 Episode T: 1000 Reward: 45.450
Total T: 930000 Episode Num: 930 Episode T: 1000 Reward: 93.884
---------------------------------------
Evaluation over 10 episodes: 75.036
---------------------------------------
Total T: 931000 Episode Num: 931 Episode T: 1000 Reward: 48.899
Total T: 932000 Episode Num: 932 Episode T: 1000 Reward: 92.626
Total T: 933000 Episode Num: 933 Episode T: 1000 Reward: 91.699
Total T: 934000 Episode Num: 934 Episode T: 1000 Reward: 48.951
Total T: 935000 Episode Num: 935 Episode T: 1000 Reward: 92.261
---------------------------------------
Evaluation over 10 episodes: 74.287
---------------------------------------
Total T: 936000 Episode Num: 936 Episode T: 1000 Reward: 90.804
Total T: 937000 Episode Num: 937 Episode T: 1000 Reward: 94.564
Total T: 938000 Episode Num: 938 Episode T: 1000 Reward: 49.442
Total T: 939000 Episode Num: 939 Episode T: 1000 Reward: 93.786
Total T: 940000 Episode Num: 940 Episode T: 1000 Reward: 48.184
---------------------------------------
Evaluation over 10 episodes: 66.684
---------------------------------------
Total T: 941000 Episode Num: 941 Episode T: 1000 Reward: 45.857
Total T: 942000 Episode Num: 942 Episode T: 1000 Reward: 88.467
Total T: 943000 Episode Num: 943 Episode T: 1000 Reward: 94.500
Total T: 944000 Episode Num: 944 Episode T: 1000 Reward: 93.087
Total T: 945000 Episode Num: 945 Episode T: 1000 Reward: 92.645
---------------------------------------
Evaluation over 10 episodes: 71.023
---------------------------------------
Total T: 946000 Episode Num: 946 Episode T: 1000 Reward: 47.646
Total T: 947000 Episode Num: 947 Episode T: 1000 Reward: 92.869
Total T: 948000 Episode Num: 948 Episode T: 1000 Reward: 92.387
Total T: 949000 Episode Num: 949 Episode T: 1000 Reward: 92.527
Total T: 950000 Episode Num: 950 Episode T: 1000 Reward: 92.534
---------------------------------------
Evaluation over 10 episodes: 75.216
---------------------------------------
Total T: 951000 Episode Num: 951 Episode T: 1000 Reward: 95.617
Total T: 952000 Episode Num: 952 Episode T: 1000 Reward: 47.925
Total T: 953000 Episode Num: 953 Episode T: 1000 Reward: 46.913
Total T: 954000 Episode Num: 954 Episode T: 1000 Reward: 91.841
Total T: 955000 Episode Num: 955 Episode T: 1000 Reward: 92.377
---------------------------------------
Evaluation over 10 episodes: 72.700
---------------------------------------
Total T: 956000 Episode Num: 956 Episode T: 1000 Reward: 47.186
Total T: 957000 Episode Num: 957 Episode T: 1000 Reward: 92.100
Total T: 958000 Episode Num: 958 Episode T: 1000 Reward: 93.836
Total T: 959000 Episode Num: 959 Episode T: 1000 Reward: 94.831
Total T: 960000 Episode Num: 960 Episode T: 1000 Reward: 46.296
---------------------------------------
Evaluation over 10 episodes: 74.916
---------------------------------------
Total T: 961000 Episode Num: 961 Episode T: 1000 Reward: 95.040
Total T: 962000 Episode Num: 962 Episode T: 1000 Reward: 90.947
Total T: 963000 Episode Num: 963 Episode T: 1000 Reward: 95.109
Total T: 964000 Episode Num: 964 Episode T: 1000 Reward: 44.916
Total T: 965000 Episode Num: 965 Episode T: 1000 Reward: 45.672
---------------------------------------
Evaluation over 10 episodes: 75.460
---------------------------------------
Total T: 966000 Episode Num: 966 Episode T: 1000 Reward: 47.113
Total T: 967000 Episode Num: 967 Episode T: 1000 Reward: 91.086
Total T: 968000 Episode Num: 968 Episode T: 1000 Reward: 47.145
Total T: 969000 Episode Num: 969 Episode T: 1000 Reward: 94.360
Total T: 970000 Episode Num: 970 Episode T: 1000 Reward: 46.288
---------------------------------------
Evaluation over 10 episodes: 73.795
---------------------------------------
Total T: 971000 Episode Num: 971 Episode T: 1000 Reward: 92.043
Total T: 972000 Episode Num: 972 Episode T: 1000 Reward: 47.657
Total T: 973000 Episode Num: 973 Episode T: 1000 Reward: 47.337
Total T: 974000 Episode Num: 974 Episode T: 1000 Reward: 91.974
Total T: 975000 Episode Num: 975 Episode T: 1000 Reward: 47.402
---------------------------------------
Evaluation over 10 episodes: 74.024
---------------------------------------
Total T: 976000 Episode Num: 976 Episode T: 1000 Reward: 92.663
Total T: 977000 Episode Num: 977 Episode T: 1000 Reward: 89.674
Total T: 978000 Episode Num: 978 Episode T: 1000 Reward: 92.938
Total T: 979000 Episode Num: 979 Episode T: 1000 Reward: 45.281
Total T: 980000 Episode Num: 980 Episode T: 1000 Reward: 91.524
---------------------------------------
Evaluation over 10 episodes: 73.640
---------------------------------------
Total T: 981000 Episode Num: 981 Episode T: 1000 Reward: 93.992
Total T: 982000 Episode Num: 982 Episode T: 1000 Reward: 93.343
Total T: 983000 Episode Num: 983 Episode T: 1000 Reward: 94.362
Total T: 984000 Episode Num: 984 Episode T: 1000 Reward: 93.324
Total T: 985000 Episode Num: 985 Episode T: 1000 Reward: 45.593
---------------------------------------
Evaluation over 10 episodes: 73.488
---------------------------------------
Total T: 986000 Episode Num: 986 Episode T: 1000 Reward: 91.873
Total T: 987000 Episode Num: 987 Episode T: 1000 Reward: 93.750
Total T: 988000 Episode Num: 988 Episode T: 1000 Reward: 91.083
Total T: 989000 Episode Num: 989 Episode T: 1000 Reward: 91.118
Total T: 990000 Episode Num: 990 Episode T: 1000 Reward: 48.725
---------------------------------------
Evaluation over 10 episodes: 75.157
---------------------------------------
Total T: 991000 Episode Num: 991 Episode T: 1000 Reward: 95.883
Total T: 992000 Episode Num: 992 Episode T: 1000 Reward: 47.323
Total T: 993000 Episode Num: 993 Episode T: 1000 Reward: 91.249
Total T: 994000 Episode Num: 994 Episode T: 1000 Reward: 91.329
Total T: 995000 Episode Num: 995 Episode T: 1000 Reward: 93.582
---------------------------------------
Evaluation over 10 episodes: 74.260
---------------------------------------
Total T: 996000 Episode Num: 996 Episode T: 1000 Reward: 93.763
Total T: 997000 Episode Num: 997 Episode T: 1000 Reward: 91.589
Total T: 998000 Episode Num: 998 Episode T: 1000 Reward: 92.502
Total T: 999000 Episode Num: 999 Episode T: 1000 Reward: 47.805
Total T: 1000000 Episode Num: 1000 Episode T: 1000 Reward: 46.838
---------------------------------------
Evaluation over 10 episodes: 73.234
---------------------------------------
