---------------------------------------
Policy: TD3, Env: HalfCheetah-v2, Seed: 0
---------------------------------------
---------------------------------------
Evaluation over 10 episodes: -170.881
---------------------------------------
Total T: 1000 Episode Num: 1 Episode T: 1000 Reward: -370.170
Total T: 2000 Episode Num: 2 Episode T: 1000 Reward: -450.275
Total T: 3000 Episode Num: 3 Episode T: 1000 Reward: -250.517
Total T: 4000 Episode Num: 4 Episode T: 1000 Reward: -322.364
Total T: 5000 Episode Num: 5 Episode T: 1000 Reward: -203.654
---------------------------------------
Evaluation over 10 episodes: -169.052
---------------------------------------
Total T: 6000 Episode Num: 6 Episode T: 1000 Reward: -232.296
Total T: 7000 Episode Num: 7 Episode T: 1000 Reward: -348.423
Total T: 8000 Episode Num: 8 Episode T: 1000 Reward: -210.668
Total T: 9000 Episode Num: 9 Episode T: 1000 Reward: -270.406
Total T: 10000 Episode Num: 10 Episode T: 1000 Reward: -156.444
---------------------------------------
Evaluation over 10 episodes: -166.626
---------------------------------------
Total T: 11000 Episode Num: 11 Episode T: 1000 Reward: -264.210
Total T: 12000 Episode Num: 12 Episode T: 1000 Reward: -165.281
Total T: 13000 Episode Num: 13 Episode T: 1000 Reward: -330.782
Total T: 14000 Episode Num: 14 Episode T: 1000 Reward: -484.999
Total T: 15000 Episode Num: 15 Episode T: 1000 Reward: -179.019
---------------------------------------
Evaluation over 10 episodes: -153.699
---------------------------------------
Total T: 16000 Episode Num: 16 Episode T: 1000 Reward: -328.924
Total T: 17000 Episode Num: 17 Episode T: 1000 Reward: -233.378
Total T: 18000 Episode Num: 18 Episode T: 1000 Reward: -145.586
Total T: 19000 Episode Num: 19 Episode T: 1000 Reward: -256.351
Total T: 20000 Episode Num: 20 Episode T: 1000 Reward: -336.973
---------------------------------------
Evaluation over 10 episodes: -169.214
---------------------------------------
Total T: 21000 Episode Num: 21 Episode T: 1000 Reward: -185.472
Total T: 22000 Episode Num: 22 Episode T: 1000 Reward: -290.786
Total T: 23000 Episode Num: 23 Episode T: 1000 Reward: -274.269
Total T: 24000 Episode Num: 24 Episode T: 1000 Reward: -204.997
Total T: 25000 Episode Num: 25 Episode T: 1000 Reward: -325.695
---------------------------------------
Evaluation over 10 episodes: -170.545
---------------------------------------
Total T: 26000 Episode Num: 26 Episode T: 1000 Reward: -462.139
Total T: 27000 Episode Num: 27 Episode T: 1000 Reward: -428.209
Total T: 28000 Episode Num: 28 Episode T: 1000 Reward: -372.547
Total T: 29000 Episode Num: 29 Episode T: 1000 Reward: -462.897
Total T: 30000 Episode Num: 30 Episode T: 1000 Reward: -250.051
---------------------------------------
Evaluation over 10 episodes: -284.154
---------------------------------------
Total T: 31000 Episode Num: 31 Episode T: 1000 Reward: -306.674
Total T: 32000 Episode Num: 32 Episode T: 1000 Reward: -255.092
Total T: 33000 Episode Num: 33 Episode T: 1000 Reward: -137.790
Total T: 34000 Episode Num: 34 Episode T: 1000 Reward: -247.932
Total T: 35000 Episode Num: 35 Episode T: 1000 Reward: -148.029
---------------------------------------
Evaluation over 10 episodes: 9.157
---------------------------------------
Total T: 36000 Episode Num: 36 Episode T: 1000 Reward: 107.488
Total T: 37000 Episode Num: 37 Episode T: 1000 Reward: -129.775
Total T: 38000 Episode Num: 38 Episode T: 1000 Reward: -63.116
Total T: 39000 Episode Num: 39 Episode T: 1000 Reward: -60.223
Total T: 40000 Episode Num: 40 Episode T: 1000 Reward: -21.450
---------------------------------------
Evaluation over 10 episodes: 117.691
---------------------------------------
Total T: 41000 Episode Num: 41 Episode T: 1000 Reward: 71.716
Total T: 42000 Episode Num: 42 Episode T: 1000 Reward: 92.234
Total T: 43000 Episode Num: 43 Episode T: 1000 Reward: 23.379
Total T: 44000 Episode Num: 44 Episode T: 1000 Reward: 25.567
Total T: 45000 Episode Num: 45 Episode T: 1000 Reward: 128.195
---------------------------------------
Evaluation over 10 episodes: 360.136
---------------------------------------
Total T: 46000 Episode Num: 46 Episode T: 1000 Reward: 192.937
Total T: 47000 Episode Num: 47 Episode T: 1000 Reward: 756.487
Total T: 48000 Episode Num: 48 Episode T: 1000 Reward: 550.384
Total T: 49000 Episode Num: 49 Episode T: 1000 Reward: 1079.454
Total T: 50000 Episode Num: 50 Episode T: 1000 Reward: 1097.743
---------------------------------------
Evaluation over 10 episodes: 1236.022
---------------------------------------
Total T: 51000 Episode Num: 51 Episode T: 1000 Reward: 1232.312
Total T: 52000 Episode Num: 52 Episode T: 1000 Reward: 1123.763
Total T: 53000 Episode Num: 53 Episode T: 1000 Reward: 1211.903
Total T: 54000 Episode Num: 54 Episode T: 1000 Reward: 1422.175
Total T: 55000 Episode Num: 55 Episode T: 1000 Reward: 150.590
---------------------------------------
Evaluation over 10 episodes: 1459.454
---------------------------------------
Total T: 56000 Episode Num: 56 Episode T: 1000 Reward: 1631.485
Total T: 57000 Episode Num: 57 Episode T: 1000 Reward: 1506.780
Total T: 58000 Episode Num: 58 Episode T: 1000 Reward: 1738.102
Total T: 59000 Episode Num: 59 Episode T: 1000 Reward: 1881.424
Total T: 60000 Episode Num: 60 Episode T: 1000 Reward: 2024.224
---------------------------------------
Evaluation over 10 episodes: 1930.767
---------------------------------------
Total T: 61000 Episode Num: 61 Episode T: 1000 Reward: 2009.552
Total T: 62000 Episode Num: 62 Episode T: 1000 Reward: 2136.659
Total T: 63000 Episode Num: 63 Episode T: 1000 Reward: 2014.339
Total T: 64000 Episode Num: 64 Episode T: 1000 Reward: 2153.225
Total T: 65000 Episode Num: 65 Episode T: 1000 Reward: 2034.023
---------------------------------------
Evaluation over 10 episodes: 1923.773
---------------------------------------
Total T: 66000 Episode Num: 66 Episode T: 1000 Reward: 2164.851
Total T: 67000 Episode Num: 67 Episode T: 1000 Reward: 2317.839
Total T: 68000 Episode Num: 68 Episode T: 1000 Reward: 2422.879
Total T: 69000 Episode Num: 69 Episode T: 1000 Reward: 1810.637
Total T: 70000 Episode Num: 70 Episode T: 1000 Reward: 2312.908
---------------------------------------
Evaluation over 10 episodes: 2283.720
---------------------------------------
Total T: 71000 Episode Num: 71 Episode T: 1000 Reward: 2622.885
Total T: 72000 Episode Num: 72 Episode T: 1000 Reward: 2658.049
Total T: 73000 Episode Num: 73 Episode T: 1000 Reward: 2672.336
Total T: 74000 Episode Num: 74 Episode T: 1000 Reward: 2536.344
Total T: 75000 Episode Num: 75 Episode T: 1000 Reward: 2607.330
---------------------------------------
Evaluation over 10 episodes: 2106.265
---------------------------------------
Total T: 76000 Episode Num: 76 Episode T: 1000 Reward: 2644.871
Total T: 77000 Episode Num: 77 Episode T: 1000 Reward: 2628.641
Total T: 78000 Episode Num: 78 Episode T: 1000 Reward: 2514.959
Total T: 79000 Episode Num: 79 Episode T: 1000 Reward: 2877.861
Total T: 80000 Episode Num: 80 Episode T: 1000 Reward: 2652.064
---------------------------------------
Evaluation over 10 episodes: 2556.194
---------------------------------------
Total T: 81000 Episode Num: 81 Episode T: 1000 Reward: 2854.590
Total T: 82000 Episode Num: 82 Episode T: 1000 Reward: 2674.126
Total T: 83000 Episode Num: 83 Episode T: 1000 Reward: 2832.092
Total T: 84000 Episode Num: 84 Episode T: 1000 Reward: 2881.737
Total T: 85000 Episode Num: 85 Episode T: 1000 Reward: 2862.681
---------------------------------------
Evaluation over 10 episodes: 2966.984
---------------------------------------
Total T: 86000 Episode Num: 86 Episode T: 1000 Reward: 2852.431
Total T: 87000 Episode Num: 87 Episode T: 1000 Reward: 2942.316
Total T: 88000 Episode Num: 88 Episode T: 1000 Reward: 1255.671
Total T: 89000 Episode Num: 89 Episode T: 1000 Reward: 2847.221
Total T: 90000 Episode Num: 90 Episode T: 1000 Reward: 3086.353
---------------------------------------
Evaluation over 10 episodes: 3083.267
---------------------------------------
Total T: 91000 Episode Num: 91 Episode T: 1000 Reward: 2854.331
Total T: 92000 Episode Num: 92 Episode T: 1000 Reward: 2816.727
Total T: 93000 Episode Num: 93 Episode T: 1000 Reward: 2863.701
Total T: 94000 Episode Num: 94 Episode T: 1000 Reward: 3226.940
Total T: 95000 Episode Num: 95 Episode T: 1000 Reward: 2986.011
---------------------------------------
Evaluation over 10 episodes: 3053.666
---------------------------------------
Total T: 96000 Episode Num: 96 Episode T: 1000 Reward: 3181.981
Total T: 97000 Episode Num: 97 Episode T: 1000 Reward: 2973.248
Total T: 98000 Episode Num: 98 Episode T: 1000 Reward: 3210.797
Total T: 99000 Episode Num: 99 Episode T: 1000 Reward: 3067.733
Total T: 100000 Episode Num: 100 Episode T: 1000 Reward: 3190.568
---------------------------------------
Evaluation over 10 episodes: 3100.413
---------------------------------------
Total T: 101000 Episode Num: 101 Episode T: 1000 Reward: 3238.258
Total T: 102000 Episode Num: 102 Episode T: 1000 Reward: 3023.838
Total T: 103000 Episode Num: 103 Episode T: 1000 Reward: 3258.624
Total T: 104000 Episode Num: 104 Episode T: 1000 Reward: 3194.259
Total T: 105000 Episode Num: 105 Episode T: 1000 Reward: 3277.478
---------------------------------------
Evaluation over 10 episodes: 3284.994
---------------------------------------
Total T: 106000 Episode Num: 106 Episode T: 1000 Reward: 3262.889
Total T: 107000 Episode Num: 107 Episode T: 1000 Reward: 3126.285
Total T: 108000 Episode Num: 108 Episode T: 1000 Reward: 3503.343
Total T: 109000 Episode Num: 109 Episode T: 1000 Reward: 3089.856
Total T: 110000 Episode Num: 110 Episode T: 1000 Reward: 3290.466
---------------------------------------
Evaluation over 10 episodes: 3346.970
---------------------------------------
Total T: 111000 Episode Num: 111 Episode T: 1000 Reward: 3485.073
Total T: 112000 Episode Num: 112 Episode T: 1000 Reward: 3298.255
Total T: 113000 Episode Num: 113 Episode T: 1000 Reward: 3152.936
Total T: 114000 Episode Num: 114 Episode T: 1000 Reward: 3117.300
Total T: 115000 Episode Num: 115 Episode T: 1000 Reward: 3552.364
---------------------------------------
Evaluation over 10 episodes: 3130.260
---------------------------------------
Total T: 116000 Episode Num: 116 Episode T: 1000 Reward: 691.935
Total T: 117000 Episode Num: 117 Episode T: 1000 Reward: 3358.426
Total T: 118000 Episode Num: 118 Episode T: 1000 Reward: 3351.868
Total T: 119000 Episode Num: 119 Episode T: 1000 Reward: 264.265
Total T: 120000 Episode Num: 120 Episode T: 1000 Reward: 3597.814
---------------------------------------
Evaluation over 10 episodes: 3338.394
---------------------------------------
Total T: 121000 Episode Num: 121 Episode T: 1000 Reward: 3461.809
Total T: 122000 Episode Num: 122 Episode T: 1000 Reward: 3369.974
Total T: 123000 Episode Num: 123 Episode T: 1000 Reward: 3538.741
Total T: 124000 Episode Num: 124 Episode T: 1000 Reward: 3564.463
Total T: 125000 Episode Num: 125 Episode T: 1000 Reward: 3818.842
---------------------------------------
Evaluation over 10 episodes: 3529.201
---------------------------------------
Total T: 126000 Episode Num: 126 Episode T: 1000 Reward: 3557.450
Total T: 127000 Episode Num: 127 Episode T: 1000 Reward: 3388.755
Total T: 128000 Episode Num: 128 Episode T: 1000 Reward: 3556.191
Total T: 129000 Episode Num: 129 Episode T: 1000 Reward: 3636.042
Total T: 130000 Episode Num: 130 Episode T: 1000 Reward: 3692.605
---------------------------------------
Evaluation over 10 episodes: 3532.877
---------------------------------------
Total T: 131000 Episode Num: 131 Episode T: 1000 Reward: 3615.621
Total T: 132000 Episode Num: 132 Episode T: 1000 Reward: 3388.781
Total T: 133000 Episode Num: 133 Episode T: 1000 Reward: 3257.490
Total T: 134000 Episode Num: 134 Episode T: 1000 Reward: 3853.045
Total T: 135000 Episode Num: 135 Episode T: 1000 Reward: 3598.416
---------------------------------------
Evaluation over 10 episodes: 3306.417
---------------------------------------
Total T: 136000 Episode Num: 136 Episode T: 1000 Reward: 3553.998
Total T: 137000 Episode Num: 137 Episode T: 1000 Reward: 3541.390
Total T: 138000 Episode Num: 138 Episode T: 1000 Reward: 3611.096
Total T: 139000 Episode Num: 139 Episode T: 1000 Reward: 3808.293
Total T: 140000 Episode Num: 140 Episode T: 1000 Reward: 3529.051
---------------------------------------
Evaluation over 10 episodes: 3608.698
---------------------------------------
Total T: 141000 Episode Num: 141 Episode T: 1000 Reward: 3772.066
Total T: 142000 Episode Num: 142 Episode T: 1000 Reward: 3639.944
Total T: 143000 Episode Num: 143 Episode T: 1000 Reward: 3564.805
Total T: 144000 Episode Num: 144 Episode T: 1000 Reward: 3936.085
Total T: 145000 Episode Num: 145 Episode T: 1000 Reward: 3562.445
---------------------------------------
Evaluation over 10 episodes: 3767.601
---------------------------------------
Total T: 146000 Episode Num: 146 Episode T: 1000 Reward: 3769.794
Total T: 147000 Episode Num: 147 Episode T: 1000 Reward: 3717.039
Total T: 148000 Episode Num: 148 Episode T: 1000 Reward: 3666.145
Total T: 149000 Episode Num: 149 Episode T: 1000 Reward: 3786.137
Total T: 150000 Episode Num: 150 Episode T: 1000 Reward: 3552.964
---------------------------------------
Evaluation over 10 episodes: 3708.674
---------------------------------------
Total T: 151000 Episode Num: 151 Episode T: 1000 Reward: 3645.652
Total T: 152000 Episode Num: 152 Episode T: 1000 Reward: 3640.362
Total T: 153000 Episode Num: 153 Episode T: 1000 Reward: 3822.027
Total T: 154000 Episode Num: 154 Episode T: 1000 Reward: 3794.072
Total T: 155000 Episode Num: 155 Episode T: 1000 Reward: 3802.318
---------------------------------------
Evaluation over 10 episodes: 3638.852
---------------------------------------
Total T: 156000 Episode Num: 156 Episode T: 1000 Reward: 3933.768
Total T: 157000 Episode Num: 157 Episode T: 1000 Reward: 3985.931
Total T: 158000 Episode Num: 158 Episode T: 1000 Reward: 3905.092
Total T: 159000 Episode Num: 159 Episode T: 1000 Reward: 3675.272
Total T: 160000 Episode Num: 160 Episode T: 1000 Reward: 4087.676
---------------------------------------
Evaluation over 10 episodes: 3662.082
---------------------------------------
Total T: 161000 Episode Num: 161 Episode T: 1000 Reward: 3579.798
Total T: 162000 Episode Num: 162 Episode T: 1000 Reward: 4086.911
Total T: 163000 Episode Num: 163 Episode T: 1000 Reward: 3852.570
Total T: 164000 Episode Num: 164 Episode T: 1000 Reward: 3752.123
Total T: 165000 Episode Num: 165 Episode T: 1000 Reward: 4014.282
---------------------------------------
Evaluation over 10 episodes: 3563.467
---------------------------------------
Total T: 166000 Episode Num: 166 Episode T: 1000 Reward: 3951.116
Total T: 167000 Episode Num: 167 Episode T: 1000 Reward: 2425.035
Total T: 168000 Episode Num: 168 Episode T: 1000 Reward: 3773.139
Total T: 169000 Episode Num: 169 Episode T: 1000 Reward: 3996.565
Total T: 170000 Episode Num: 170 Episode T: 1000 Reward: 4098.666
---------------------------------------
Evaluation over 10 episodes: 3923.787
---------------------------------------
Total T: 171000 Episode Num: 171 Episode T: 1000 Reward: 4020.406
Total T: 172000 Episode Num: 172 Episode T: 1000 Reward: 3580.474
Total T: 173000 Episode Num: 173 Episode T: 1000 Reward: 3906.769
Total T: 174000 Episode Num: 174 Episode T: 1000 Reward: 3893.440
Total T: 175000 Episode Num: 175 Episode T: 1000 Reward: 4067.868
---------------------------------------
Evaluation over 10 episodes: 3858.211
---------------------------------------
Total T: 176000 Episode Num: 176 Episode T: 1000 Reward: 4161.144
Total T: 177000 Episode Num: 177 Episode T: 1000 Reward: 4110.336
Total T: 178000 Episode Num: 178 Episode T: 1000 Reward: 3923.677
Total T: 179000 Episode Num: 179 Episode T: 1000 Reward: 4011.375
Total T: 180000 Episode Num: 180 Episode T: 1000 Reward: 3842.734
---------------------------------------
Evaluation over 10 episodes: 3687.375
---------------------------------------
Total T: 181000 Episode Num: 181 Episode T: 1000 Reward: 4033.995
Total T: 182000 Episode Num: 182 Episode T: 1000 Reward: 4107.303
Total T: 183000 Episode Num: 183 Episode T: 1000 Reward: 4156.994
Total T: 184000 Episode Num: 184 Episode T: 1000 Reward: 3959.905
Total T: 185000 Episode Num: 185 Episode T: 1000 Reward: 3565.381
---------------------------------------
Evaluation over 10 episodes: 3836.983
---------------------------------------
Total T: 186000 Episode Num: 186 Episode T: 1000 Reward: 3959.388
Total T: 187000 Episode Num: 187 Episode T: 1000 Reward: 4287.876
Total T: 188000 Episode Num: 188 Episode T: 1000 Reward: 3990.717
Total T: 189000 Episode Num: 189 Episode T: 1000 Reward: 3922.316
Total T: 190000 Episode Num: 190 Episode T: 1000 Reward: 4054.855
---------------------------------------
Evaluation over 10 episodes: 4082.561
---------------------------------------
Total T: 191000 Episode Num: 191 Episode T: 1000 Reward: 4048.843
Total T: 192000 Episode Num: 192 Episode T: 1000 Reward: 4265.872
Total T: 193000 Episode Num: 193 Episode T: 1000 Reward: 4147.787
Total T: 194000 Episode Num: 194 Episode T: 1000 Reward: 4076.651
Total T: 195000 Episode Num: 195 Episode T: 1000 Reward: 4416.797
---------------------------------------
Evaluation over 10 episodes: 4019.844
---------------------------------------
Total T: 196000 Episode Num: 196 Episode T: 1000 Reward: 4131.835
Total T: 197000 Episode Num: 197 Episode T: 1000 Reward: 4003.352
Total T: 198000 Episode Num: 198 Episode T: 1000 Reward: 4130.287
Total T: 199000 Episode Num: 199 Episode T: 1000 Reward: 4013.691
Total T: 200000 Episode Num: 200 Episode T: 1000 Reward: 4248.488
---------------------------------------
Evaluation over 10 episodes: 4167.486
---------------------------------------
Total T: 201000 Episode Num: 201 Episode T: 1000 Reward: 3948.630
Total T: 202000 Episode Num: 202 Episode T: 1000 Reward: 4389.411
Total T: 203000 Episode Num: 203 Episode T: 1000 Reward: 3663.323
Total T: 204000 Episode Num: 204 Episode T: 1000 Reward: 4210.546
Total T: 205000 Episode Num: 205 Episode T: 1000 Reward: 4362.187
---------------------------------------
Evaluation over 10 episodes: 3902.811
---------------------------------------
Total T: 206000 Episode Num: 206 Episode T: 1000 Reward: 4121.854
Total T: 207000 Episode Num: 207 Episode T: 1000 Reward: 4256.628
Total T: 208000 Episode Num: 208 Episode T: 1000 Reward: 4077.309
Total T: 209000 Episode Num: 209 Episode T: 1000 Reward: 4303.507
Total T: 210000 Episode Num: 210 Episode T: 1000 Reward: 4300.769
---------------------------------------
Evaluation over 10 episodes: 4155.697
---------------------------------------
Total T: 211000 Episode Num: 211 Episode T: 1000 Reward: 4266.055
Total T: 212000 Episode Num: 212 Episode T: 1000 Reward: 4276.043
Total T: 213000 Episode Num: 213 Episode T: 1000 Reward: 4450.061
Total T: 214000 Episode Num: 214 Episode T: 1000 Reward: 4391.353
Total T: 215000 Episode Num: 215 Episode T: 1000 Reward: 4246.883
---------------------------------------
Evaluation over 10 episodes: 4178.253
---------------------------------------
Total T: 216000 Episode Num: 216 Episode T: 1000 Reward: 4377.912
Total T: 217000 Episode Num: 217 Episode T: 1000 Reward: 4248.493
Total T: 218000 Episode Num: 218 Episode T: 1000 Reward: 4367.940
Total T: 219000 Episode Num: 219 Episode T: 1000 Reward: 4556.788
Total T: 220000 Episode Num: 220 Episode T: 1000 Reward: 4275.330
---------------------------------------
Evaluation over 10 episodes: 4312.655
---------------------------------------
Total T: 221000 Episode Num: 221 Episode T: 1000 Reward: 4457.905
Total T: 222000 Episode Num: 222 Episode T: 1000 Reward: 4417.450
Total T: 223000 Episode Num: 223 Episode T: 1000 Reward: 4595.902
Total T: 224000 Episode Num: 224 Episode T: 1000 Reward: 4414.890
Total T: 225000 Episode Num: 225 Episode T: 1000 Reward: 2812.658
---------------------------------------
Evaluation over 10 episodes: 4428.403
---------------------------------------
Total T: 226000 Episode Num: 226 Episode T: 1000 Reward: 4441.810
Total T: 227000 Episode Num: 227 Episode T: 1000 Reward: 4466.255
Total T: 228000 Episode Num: 228 Episode T: 1000 Reward: 4318.908
Total T: 229000 Episode Num: 229 Episode T: 1000 Reward: 4762.441
Total T: 230000 Episode Num: 230 Episode T: 1000 Reward: 4353.001
---------------------------------------
Evaluation over 10 episodes: 4441.546
---------------------------------------
Total T: 231000 Episode Num: 231 Episode T: 1000 Reward: 4374.931
Total T: 232000 Episode Num: 232 Episode T: 1000 Reward: 1819.715
Total T: 233000 Episode Num: 233 Episode T: 1000 Reward: 4241.851
Total T: 234000 Episode Num: 234 Episode T: 1000 Reward: 4689.896
Total T: 235000 Episode Num: 235 Episode T: 1000 Reward: 4188.220
---------------------------------------
Evaluation over 10 episodes: 4537.827
---------------------------------------
Total T: 236000 Episode Num: 236 Episode T: 1000 Reward: 2894.131
Total T: 237000 Episode Num: 237 Episode T: 1000 Reward: 4464.282
Total T: 238000 Episode Num: 238 Episode T: 1000 Reward: 4704.786
Total T: 239000 Episode Num: 239 Episode T: 1000 Reward: 4676.021
Total T: 240000 Episode Num: 240 Episode T: 1000 Reward: 4532.448
---------------------------------------
Evaluation over 10 episodes: 4260.725
---------------------------------------
Total T: 241000 Episode Num: 241 Episode T: 1000 Reward: 4547.751
Total T: 242000 Episode Num: 242 Episode T: 1000 Reward: 4719.608
Total T: 243000 Episode Num: 243 Episode T: 1000 Reward: 4518.322
Total T: 244000 Episode Num: 244 Episode T: 1000 Reward: 4269.454
Total T: 245000 Episode Num: 245 Episode T: 1000 Reward: 4384.069
---------------------------------------
Evaluation over 10 episodes: 4471.859
---------------------------------------
Total T: 246000 Episode Num: 246 Episode T: 1000 Reward: 4551.941
Total T: 247000 Episode Num: 247 Episode T: 1000 Reward: 4503.877
Total T: 248000 Episode Num: 248 Episode T: 1000 Reward: 4404.843
Total T: 249000 Episode Num: 249 Episode T: 1000 Reward: 4607.687
Total T: 250000 Episode Num: 250 Episode T: 1000 Reward: 4653.197
---------------------------------------
Evaluation over 10 episodes: 4704.047
---------------------------------------
Total T: 251000 Episode Num: 251 Episode T: 1000 Reward: 4560.900
Total T: 252000 Episode Num: 252 Episode T: 1000 Reward: 4593.640
Total T: 253000 Episode Num: 253 Episode T: 1000 Reward: 4703.703
Total T: 254000 Episode Num: 254 Episode T: 1000 Reward: 4622.312
Total T: 255000 Episode Num: 255 Episode T: 1000 Reward: 4782.571
---------------------------------------
Evaluation over 10 episodes: 4681.975
---------------------------------------
Total T: 256000 Episode Num: 256 Episode T: 1000 Reward: 4546.896
Total T: 257000 Episode Num: 257 Episode T: 1000 Reward: 4615.832
Total T: 258000 Episode Num: 258 Episode T: 1000 Reward: 4751.926
Total T: 259000 Episode Num: 259 Episode T: 1000 Reward: 4820.418
Total T: 260000 Episode Num: 260 Episode T: 1000 Reward: 4688.766
---------------------------------------
Evaluation over 10 episodes: 4689.555
---------------------------------------
Total T: 261000 Episode Num: 261 Episode T: 1000 Reward: 4520.267
Total T: 262000 Episode Num: 262 Episode T: 1000 Reward: 4652.104
Total T: 263000 Episode Num: 263 Episode T: 1000 Reward: 4820.361
Total T: 264000 Episode Num: 264 Episode T: 1000 Reward: 4510.026
Total T: 265000 Episode Num: 265 Episode T: 1000 Reward: 4630.838
---------------------------------------
Evaluation over 10 episodes: 4527.832
---------------------------------------
Total T: 266000 Episode Num: 266 Episode T: 1000 Reward: 4667.868
Total T: 267000 Episode Num: 267 Episode T: 1000 Reward: 4693.709
Total T: 268000 Episode Num: 268 Episode T: 1000 Reward: 4585.499
Total T: 269000 Episode Num: 269 Episode T: 1000 Reward: 4758.609
Total T: 270000 Episode Num: 270 Episode T: 1000 Reward: 4875.811
---------------------------------------
Evaluation over 10 episodes: 4627.178
---------------------------------------
Total T: 271000 Episode Num: 271 Episode T: 1000 Reward: 4414.890
Total T: 272000 Episode Num: 272 Episode T: 1000 Reward: 4556.929
Total T: 273000 Episode Num: 273 Episode T: 1000 Reward: 4523.192
Total T: 274000 Episode Num: 274 Episode T: 1000 Reward: 4863.010
Total T: 275000 Episode Num: 275 Episode T: 1000 Reward: 4453.739
---------------------------------------
Evaluation over 10 episodes: 4744.013
---------------------------------------
Total T: 276000 Episode Num: 276 Episode T: 1000 Reward: 2184.484
Total T: 277000 Episode Num: 277 Episode T: 1000 Reward: 4602.866
Total T: 278000 Episode Num: 278 Episode T: 1000 Reward: 4730.258
Total T: 279000 Episode Num: 279 Episode T: 1000 Reward: 4647.366
Total T: 280000 Episode Num: 280 Episode T: 1000 Reward: 4721.666
---------------------------------------
Evaluation over 10 episodes: 4814.096
---------------------------------------
Total T: 281000 Episode Num: 281 Episode T: 1000 Reward: 4960.446
Total T: 282000 Episode Num: 282 Episode T: 1000 Reward: 4750.727
Total T: 283000 Episode Num: 283 Episode T: 1000 Reward: 4765.798
Total T: 284000 Episode Num: 284 Episode T: 1000 Reward: 4862.101
Total T: 285000 Episode Num: 285 Episode T: 1000 Reward: 5146.978
---------------------------------------
Evaluation over 10 episodes: 4714.432
---------------------------------------
Total T: 286000 Episode Num: 286 Episode T: 1000 Reward: 4992.817
Total T: 287000 Episode Num: 287 Episode T: 1000 Reward: 4973.214
Total T: 288000 Episode Num: 288 Episode T: 1000 Reward: 4667.781
Total T: 289000 Episode Num: 289 Episode T: 1000 Reward: 4879.439
Total T: 290000 Episode Num: 290 Episode T: 1000 Reward: 4648.422
---------------------------------------
Evaluation over 10 episodes: 4826.232
---------------------------------------
Total T: 291000 Episode Num: 291 Episode T: 1000 Reward: 4802.591
Total T: 292000 Episode Num: 292 Episode T: 1000 Reward: 5079.784
Total T: 293000 Episode Num: 293 Episode T: 1000 Reward: 4625.698
Total T: 294000 Episode Num: 294 Episode T: 1000 Reward: 5065.060
Total T: 295000 Episode Num: 295 Episode T: 1000 Reward: 4875.743
---------------------------------------
Evaluation over 10 episodes: 4946.296
---------------------------------------
Total T: 296000 Episode Num: 296 Episode T: 1000 Reward: 4981.633
Total T: 297000 Episode Num: 297 Episode T: 1000 Reward: 4971.448
Total T: 298000 Episode Num: 298 Episode T: 1000 Reward: 4856.361
Total T: 299000 Episode Num: 299 Episode T: 1000 Reward: 4645.281
Total T: 300000 Episode Num: 300 Episode T: 1000 Reward: 4899.946
---------------------------------------
Evaluation over 10 episodes: 4887.447
---------------------------------------
Total T: 301000 Episode Num: 301 Episode T: 1000 Reward: 4789.595
Total T: 302000 Episode Num: 302 Episode T: 1000 Reward: 4872.579
Total T: 303000 Episode Num: 303 Episode T: 1000 Reward: 4966.269
Total T: 304000 Episode Num: 304 Episode T: 1000 Reward: 5111.298
Total T: 305000 Episode Num: 305 Episode T: 1000 Reward: 4916.942
---------------------------------------
Evaluation over 10 episodes: 4985.214
---------------------------------------
Total T: 306000 Episode Num: 306 Episode T: 1000 Reward: 5087.789
Total T: 307000 Episode Num: 307 Episode T: 1000 Reward: 5189.758
Total T: 308000 Episode Num: 308 Episode T: 1000 Reward: 4647.801
Total T: 309000 Episode Num: 309 Episode T: 1000 Reward: 755.126
Total T: 310000 Episode Num: 310 Episode T: 1000 Reward: 4921.785
---------------------------------------
Evaluation over 10 episodes: 4902.670
---------------------------------------
Total T: 311000 Episode Num: 311 Episode T: 1000 Reward: 5009.734
Total T: 312000 Episode Num: 312 Episode T: 1000 Reward: 4817.774
Total T: 313000 Episode Num: 313 Episode T: 1000 Reward: 4940.636
Total T: 314000 Episode Num: 314 Episode T: 1000 Reward: 4918.079
Total T: 315000 Episode Num: 315 Episode T: 1000 Reward: 4768.074
---------------------------------------
Evaluation over 10 episodes: 4974.686
---------------------------------------
Total T: 316000 Episode Num: 316 Episode T: 1000 Reward: 5062.274
Total T: 317000 Episode Num: 317 Episode T: 1000 Reward: 4859.882
Total T: 318000 Episode Num: 318 Episode T: 1000 Reward: 5123.740
Total T: 319000 Episode Num: 319 Episode T: 1000 Reward: 5217.819
Total T: 320000 Episode Num: 320 Episode T: 1000 Reward: 4910.425
---------------------------------------
Evaluation over 10 episodes: 5134.077
---------------------------------------
Total T: 321000 Episode Num: 321 Episode T: 1000 Reward: 4939.063
Total T: 322000 Episode Num: 322 Episode T: 1000 Reward: 4956.829
Total T: 323000 Episode Num: 323 Episode T: 1000 Reward: 5210.361
Total T: 324000 Episode Num: 324 Episode T: 1000 Reward: 4921.083
Total T: 325000 Episode Num: 325 Episode T: 1000 Reward: 5072.924
---------------------------------------
Evaluation over 10 episodes: 5106.319
---------------------------------------
Total T: 326000 Episode Num: 326 Episode T: 1000 Reward: 4825.160
Total T: 327000 Episode Num: 327 Episode T: 1000 Reward: 5209.091
Total T: 328000 Episode Num: 328 Episode T: 1000 Reward: 4977.670
Total T: 329000 Episode Num: 329 Episode T: 1000 Reward: 4978.702
Total T: 330000 Episode Num: 330 Episode T: 1000 Reward: 5344.365
---------------------------------------
Evaluation over 10 episodes: 5027.429
---------------------------------------
Total T: 331000 Episode Num: 331 Episode T: 1000 Reward: 4905.350
Total T: 332000 Episode Num: 332 Episode T: 1000 Reward: 5084.734
Total T: 333000 Episode Num: 333 Episode T: 1000 Reward: 5103.874
Total T: 334000 Episode Num: 334 Episode T: 1000 Reward: 5115.551
Total T: 335000 Episode Num: 335 Episode T: 1000 Reward: 5096.936
---------------------------------------
Evaluation over 10 episodes: 5065.150
---------------------------------------
Total T: 336000 Episode Num: 336 Episode T: 1000 Reward: 4993.754
Total T: 337000 Episode Num: 337 Episode T: 1000 Reward: 5064.370
Total T: 338000 Episode Num: 338 Episode T: 1000 Reward: 4919.148
Total T: 339000 Episode Num: 339 Episode T: 1000 Reward: 5127.274
Total T: 340000 Episode Num: 340 Episode T: 1000 Reward: 4810.108
---------------------------------------
Evaluation over 10 episodes: 4984.288
---------------------------------------
Total T: 341000 Episode Num: 341 Episode T: 1000 Reward: 5121.145
Total T: 342000 Episode Num: 342 Episode T: 1000 Reward: 5058.475
Total T: 343000 Episode Num: 343 Episode T: 1000 Reward: 5291.940
Total T: 344000 Episode Num: 344 Episode T: 1000 Reward: 5190.882
Total T: 345000 Episode Num: 345 Episode T: 1000 Reward: 5174.214
---------------------------------------
Evaluation over 10 episodes: 4910.189
---------------------------------------
Total T: 346000 Episode Num: 346 Episode T: 1000 Reward: 4837.980
Total T: 347000 Episode Num: 347 Episode T: 1000 Reward: 4870.857
Total T: 348000 Episode Num: 348 Episode T: 1000 Reward: 5107.490
Total T: 349000 Episode Num: 349 Episode T: 1000 Reward: 5286.381
Total T: 350000 Episode Num: 350 Episode T: 1000 Reward: 4602.747
---------------------------------------
Evaluation over 10 episodes: 5132.713
---------------------------------------
Total T: 351000 Episode Num: 351 Episode T: 1000 Reward: 5158.813
Total T: 352000 Episode Num: 352 Episode T: 1000 Reward: 4940.312
Total T: 353000 Episode Num: 353 Episode T: 1000 Reward: 5159.063
Total T: 354000 Episode Num: 354 Episode T: 1000 Reward: 5217.715
Total T: 355000 Episode Num: 355 Episode T: 1000 Reward: 5129.480
---------------------------------------
Evaluation over 10 episodes: 5145.219
---------------------------------------
Total T: 356000 Episode Num: 356 Episode T: 1000 Reward: 5199.419
Total T: 357000 Episode Num: 357 Episode T: 1000 Reward: 5292.873
Total T: 358000 Episode Num: 358 Episode T: 1000 Reward: 5226.624
Total T: 359000 Episode Num: 359 Episode T: 1000 Reward: 5223.078
Total T: 360000 Episode Num: 360 Episode T: 1000 Reward: 5046.605
---------------------------------------
Evaluation over 10 episodes: 5302.112
---------------------------------------
Total T: 361000 Episode Num: 361 Episode T: 1000 Reward: 5075.567
Total T: 362000 Episode Num: 362 Episode T: 1000 Reward: 5315.492
Total T: 363000 Episode Num: 363 Episode T: 1000 Reward: 5093.699
Total T: 364000 Episode Num: 364 Episode T: 1000 Reward: 5031.538
Total T: 365000 Episode Num: 365 Episode T: 1000 Reward: 5184.577
---------------------------------------
Evaluation over 10 episodes: 5202.129
---------------------------------------
Total T: 366000 Episode Num: 366 Episode T: 1000 Reward: 4986.005
Total T: 367000 Episode Num: 367 Episode T: 1000 Reward: 5310.097
Total T: 368000 Episode Num: 368 Episode T: 1000 Reward: 5067.574
Total T: 369000 Episode Num: 369 Episode T: 1000 Reward: 5351.046
Total T: 370000 Episode Num: 370 Episode T: 1000 Reward: 5236.567
---------------------------------------
Evaluation over 10 episodes: 5224.638
---------------------------------------
Total T: 371000 Episode Num: 371 Episode T: 1000 Reward: 5009.307
Total T: 372000 Episode Num: 372 Episode T: 1000 Reward: 5363.912
Total T: 373000 Episode Num: 373 Episode T: 1000 Reward: 5209.198
Total T: 374000 Episode Num: 374 Episode T: 1000 Reward: 5420.017
Total T: 375000 Episode Num: 375 Episode T: 1000 Reward: 4991.129
---------------------------------------
Evaluation over 10 episodes: 5300.409
---------------------------------------
Total T: 376000 Episode Num: 376 Episode T: 1000 Reward: 5113.698
Total T: 377000 Episode Num: 377 Episode T: 1000 Reward: 5501.925
Total T: 378000 Episode Num: 378 Episode T: 1000 Reward: 5167.471
Total T: 379000 Episode Num: 379 Episode T: 1000 Reward: 5402.948
Total T: 380000 Episode Num: 380 Episode T: 1000 Reward: 5621.035
---------------------------------------
Evaluation over 10 episodes: 5338.017
---------------------------------------
Total T: 381000 Episode Num: 381 Episode T: 1000 Reward: 5282.922
Total T: 382000 Episode Num: 382 Episode T: 1000 Reward: 4757.817
Total T: 383000 Episode Num: 383 Episode T: 1000 Reward: 5494.963
Total T: 384000 Episode Num: 384 Episode T: 1000 Reward: 5000.602
Total T: 385000 Episode Num: 385 Episode T: 1000 Reward: 5495.659
---------------------------------------
Evaluation over 10 episodes: 5310.461
---------------------------------------
Total T: 386000 Episode Num: 386 Episode T: 1000 Reward: 5311.096
Total T: 387000 Episode Num: 387 Episode T: 1000 Reward: 5237.855
Total T: 388000 Episode Num: 388 Episode T: 1000 Reward: 5331.751
Total T: 389000 Episode Num: 389 Episode T: 1000 Reward: 5554.383
Total T: 390000 Episode Num: 390 Episode T: 1000 Reward: 5261.093
---------------------------------------
Evaluation over 10 episodes: 5217.999
---------------------------------------
Total T: 391000 Episode Num: 391 Episode T: 1000 Reward: 5161.900
Total T: 392000 Episode Num: 392 Episode T: 1000 Reward: 5501.145
Total T: 393000 Episode Num: 393 Episode T: 1000 Reward: 5679.593
Total T: 394000 Episode Num: 394 Episode T: 1000 Reward: 5329.995
Total T: 395000 Episode Num: 395 Episode T: 1000 Reward: 5427.325
---------------------------------------
Evaluation over 10 episodes: 5173.700
---------------------------------------
Total T: 396000 Episode Num: 396 Episode T: 1000 Reward: 5538.114
Total T: 397000 Episode Num: 397 Episode T: 1000 Reward: 5312.729
Total T: 398000 Episode Num: 398 Episode T: 1000 Reward: 5441.332
Total T: 399000 Episode Num: 399 Episode T: 1000 Reward: 5490.290
Total T: 400000 Episode Num: 400 Episode T: 1000 Reward: 5147.691
---------------------------------------
Evaluation over 10 episodes: 5440.929
---------------------------------------
Total T: 401000 Episode Num: 401 Episode T: 1000 Reward: 5204.718
Total T: 402000 Episode Num: 402 Episode T: 1000 Reward: 4833.301
Total T: 403000 Episode Num: 403 Episode T: 1000 Reward: 5586.523
Total T: 404000 Episode Num: 404 Episode T: 1000 Reward: 5313.666
Total T: 405000 Episode Num: 405 Episode T: 1000 Reward: 5361.623
---------------------------------------
Evaluation over 10 episodes: 5374.230
---------------------------------------
Total T: 406000 Episode Num: 406 Episode T: 1000 Reward: 5403.057
Total T: 407000 Episode Num: 407 Episode T: 1000 Reward: 5248.376
Total T: 408000 Episode Num: 408 Episode T: 1000 Reward: 5417.889
Total T: 409000 Episode Num: 409 Episode T: 1000 Reward: 5387.512
Total T: 410000 Episode Num: 410 Episode T: 1000 Reward: 5631.518
---------------------------------------
Evaluation over 10 episodes: 5081.347
---------------------------------------
Total T: 411000 Episode Num: 411 Episode T: 1000 Reward: 5277.578
Total T: 412000 Episode Num: 412 Episode T: 1000 Reward: 5381.685
Total T: 413000 Episode Num: 413 Episode T: 1000 Reward: 4905.290
Total T: 414000 Episode Num: 414 Episode T: 1000 Reward: 5069.941
Total T: 415000 Episode Num: 415 Episode T: 1000 Reward: 5549.995
---------------------------------------
Evaluation over 10 episodes: 5423.497
---------------------------------------
Total T: 416000 Episode Num: 416 Episode T: 1000 Reward: 5084.260
Total T: 417000 Episode Num: 417 Episode T: 1000 Reward: 5461.091
Total T: 418000 Episode Num: 418 Episode T: 1000 Reward: 5636.105
Total T: 419000 Episode Num: 419 Episode T: 1000 Reward: 5405.335
Total T: 420000 Episode Num: 420 Episode T: 1000 Reward: 5649.915
---------------------------------------
Evaluation over 10 episodes: 5336.570
---------------------------------------
Total T: 421000 Episode Num: 421 Episode T: 1000 Reward: 5215.348
Total T: 422000 Episode Num: 422 Episode T: 1000 Reward: 5442.665
Total T: 423000 Episode Num: 423 Episode T: 1000 Reward: 4953.066
Total T: 424000 Episode Num: 424 Episode T: 1000 Reward: 5218.727
Total T: 425000 Episode Num: 425 Episode T: 1000 Reward: 5712.658
---------------------------------------
Evaluation over 10 episodes: 5339.565
---------------------------------------
Total T: 426000 Episode Num: 426 Episode T: 1000 Reward: 5142.571
Total T: 427000 Episode Num: 427 Episode T: 1000 Reward: 5727.478
Total T: 428000 Episode Num: 428 Episode T: 1000 Reward: 5278.447
Total T: 429000 Episode Num: 429 Episode T: 1000 Reward: 5168.062
Total T: 430000 Episode Num: 430 Episode T: 1000 Reward: 5336.043
---------------------------------------
Evaluation over 10 episodes: 5618.980
---------------------------------------
Total T: 431000 Episode Num: 431 Episode T: 1000 Reward: 5656.696
Total T: 432000 Episode Num: 432 Episode T: 1000 Reward: 5525.028
Total T: 433000 Episode Num: 433 Episode T: 1000 Reward: 5717.241
Total T: 434000 Episode Num: 434 Episode T: 1000 Reward: 5499.901
Total T: 435000 Episode Num: 435 Episode T: 1000 Reward: 5039.530
---------------------------------------
Evaluation over 10 episodes: 5427.008
---------------------------------------
Total T: 436000 Episode Num: 436 Episode T: 1000 Reward: 5527.825
Total T: 437000 Episode Num: 437 Episode T: 1000 Reward: 5516.091
Total T: 438000 Episode Num: 438 Episode T: 1000 Reward: 5506.783
Total T: 439000 Episode Num: 439 Episode T: 1000 Reward: 5137.604
Total T: 440000 Episode Num: 440 Episode T: 1000 Reward: 5406.976
---------------------------------------
Evaluation over 10 episodes: 5629.850
---------------------------------------
Total T: 441000 Episode Num: 441 Episode T: 1000 Reward: 5708.000
Total T: 442000 Episode Num: 442 Episode T: 1000 Reward: 5373.545
Total T: 443000 Episode Num: 443 Episode T: 1000 Reward: 5682.498
Total T: 444000 Episode Num: 444 Episode T: 1000 Reward: 5299.058
Total T: 445000 Episode Num: 445 Episode T: 1000 Reward: 5354.754
---------------------------------------
Evaluation over 10 episodes: 5628.936
---------------------------------------
Total T: 446000 Episode Num: 446 Episode T: 1000 Reward: 5372.164
Total T: 447000 Episode Num: 447 Episode T: 1000 Reward: 5477.737
Total T: 448000 Episode Num: 448 Episode T: 1000 Reward: 5504.891
Total T: 449000 Episode Num: 449 Episode T: 1000 Reward: 5454.531
Total T: 450000 Episode Num: 450 Episode T: 1000 Reward: 5296.458
---------------------------------------
Evaluation over 10 episodes: 5493.005
---------------------------------------
Total T: 451000 Episode Num: 451 Episode T: 1000 Reward: 5273.539
Total T: 452000 Episode Num: 452 Episode T: 1000 Reward: 5776.819
Total T: 453000 Episode Num: 453 Episode T: 1000 Reward: 5519.130
Total T: 454000 Episode Num: 454 Episode T: 1000 Reward: 5860.360
Total T: 455000 Episode Num: 455 Episode T: 1000 Reward: 5855.566
---------------------------------------
Evaluation over 10 episodes: 5764.728
---------------------------------------
Total T: 456000 Episode Num: 456 Episode T: 1000 Reward: 5572.406
Total T: 457000 Episode Num: 457 Episode T: 1000 Reward: 5234.594
Total T: 458000 Episode Num: 458 Episode T: 1000 Reward: 5432.730
Total T: 459000 Episode Num: 459 Episode T: 1000 Reward: 6018.870
Total T: 460000 Episode Num: 460 Episode T: 1000 Reward: 5848.705
---------------------------------------
Evaluation over 10 episodes: 5683.613
---------------------------------------
Total T: 461000 Episode Num: 461 Episode T: 1000 Reward: 5529.874
Total T: 462000 Episode Num: 462 Episode T: 1000 Reward: 5489.828
Total T: 463000 Episode Num: 463 Episode T: 1000 Reward: 5679.688
Total T: 464000 Episode Num: 464 Episode T: 1000 Reward: 5894.562
Total T: 465000 Episode Num: 465 Episode T: 1000 Reward: 5308.185
---------------------------------------
Evaluation over 10 episodes: 5489.141
---------------------------------------
Total T: 466000 Episode Num: 466 Episode T: 1000 Reward: 5816.644
Total T: 467000 Episode Num: 467 Episode T: 1000 Reward: 5762.480
Total T: 468000 Episode Num: 468 Episode T: 1000 Reward: 5675.262
Total T: 469000 Episode Num: 469 Episode T: 1000 Reward: 5596.382
Total T: 470000 Episode Num: 470 Episode T: 1000 Reward: 5766.377
---------------------------------------
Evaluation over 10 episodes: 5750.468
---------------------------------------
Total T: 471000 Episode Num: 471 Episode T: 1000 Reward: 5483.086
Total T: 472000 Episode Num: 472 Episode T: 1000 Reward: 5491.646
Total T: 473000 Episode Num: 473 Episode T: 1000 Reward: 5854.551
Total T: 474000 Episode Num: 474 Episode T: 1000 Reward: 5286.421
Total T: 475000 Episode Num: 475 Episode T: 1000 Reward: 5783.551
---------------------------------------
Evaluation over 10 episodes: 5827.787
---------------------------------------
Total T: 476000 Episode Num: 476 Episode T: 1000 Reward: 5383.329
Total T: 477000 Episode Num: 477 Episode T: 1000 Reward: 5693.969
Total T: 478000 Episode Num: 478 Episode T: 1000 Reward: 5604.072
Total T: 479000 Episode Num: 479 Episode T: 1000 Reward: 1536.583
Total T: 480000 Episode Num: 480 Episode T: 1000 Reward: 5840.266
---------------------------------------
Evaluation over 10 episodes: 5497.283
---------------------------------------
Total T: 481000 Episode Num: 481 Episode T: 1000 Reward: 5625.071
Total T: 482000 Episode Num: 482 Episode T: 1000 Reward: 5831.948
Total T: 483000 Episode Num: 483 Episode T: 1000 Reward: 5533.646
Total T: 484000 Episode Num: 484 Episode T: 1000 Reward: 5529.161
Total T: 485000 Episode Num: 485 Episode T: 1000 Reward: 5384.577
---------------------------------------
Evaluation over 10 episodes: 5892.819
---------------------------------------
Total T: 486000 Episode Num: 486 Episode T: 1000 Reward: 5702.769
Total T: 487000 Episode Num: 487 Episode T: 1000 Reward: 5756.018
Total T: 488000 Episode Num: 488 Episode T: 1000 Reward: 6107.749
Total T: 489000 Episode Num: 489 Episode T: 1000 Reward: 5647.839
Total T: 490000 Episode Num: 490 Episode T: 1000 Reward: 5973.383
---------------------------------------
Evaluation over 10 episodes: 5702.617
---------------------------------------
Total T: 491000 Episode Num: 491 Episode T: 1000 Reward: 5934.677
Total T: 492000 Episode Num: 492 Episode T: 1000 Reward: 5483.219
Total T: 493000 Episode Num: 493 Episode T: 1000 Reward: 5582.352
Total T: 494000 Episode Num: 494 Episode T: 1000 Reward: 6003.387
Total T: 495000 Episode Num: 495 Episode T: 1000 Reward: 5923.205
---------------------------------------
Evaluation over 10 episodes: 5683.816
---------------------------------------
Total T: 496000 Episode Num: 496 Episode T: 1000 Reward: 5808.354
Total T: 497000 Episode Num: 497 Episode T: 1000 Reward: 5992.776
Total T: 498000 Episode Num: 498 Episode T: 1000 Reward: 5904.554
Total T: 499000 Episode Num: 499 Episode T: 1000 Reward: 5719.832
Total T: 500000 Episode Num: 500 Episode T: 1000 Reward: 5961.140
---------------------------------------
Evaluation over 10 episodes: 5782.414
---------------------------------------
Total T: 501000 Episode Num: 501 Episode T: 1000 Reward: 5611.834
Total T: 502000 Episode Num: 502 Episode T: 1000 Reward: 5622.719
Total T: 503000 Episode Num: 503 Episode T: 1000 Reward: 5387.272
Total T: 504000 Episode Num: 504 Episode T: 1000 Reward: 5639.905
Total T: 505000 Episode Num: 505 Episode T: 1000 Reward: 5827.175
---------------------------------------
Evaluation over 10 episodes: 5689.887
---------------------------------------
Total T: 506000 Episode Num: 506 Episode T: 1000 Reward: 5578.204
Total T: 507000 Episode Num: 507 Episode T: 1000 Reward: 5730.148
Total T: 508000 Episode Num: 508 Episode T: 1000 Reward: 5558.940
Total T: 509000 Episode Num: 509 Episode T: 1000 Reward: 5911.891
Total T: 510000 Episode Num: 510 Episode T: 1000 Reward: 6104.148
---------------------------------------
Evaluation over 10 episodes: 5739.833
---------------------------------------
Total T: 511000 Episode Num: 511 Episode T: 1000 Reward: 5875.065
Total T: 512000 Episode Num: 512 Episode T: 1000 Reward: 5800.333
Total T: 513000 Episode Num: 513 Episode T: 1000 Reward: 6045.935
Total T: 514000 Episode Num: 514 Episode T: 1000 Reward: 5732.810
Total T: 515000 Episode Num: 515 Episode T: 1000 Reward: 5818.721
---------------------------------------
Evaluation over 10 episodes: 5777.898
---------------------------------------
Total T: 516000 Episode Num: 516 Episode T: 1000 Reward: 5781.540
Total T: 517000 Episode Num: 517 Episode T: 1000 Reward: 5966.212
Total T: 518000 Episode Num: 518 Episode T: 1000 Reward: 5661.701
Total T: 519000 Episode Num: 519 Episode T: 1000 Reward: 5623.012
Total T: 520000 Episode Num: 520 Episode T: 1000 Reward: 5884.129
---------------------------------------
Evaluation over 10 episodes: 5925.267
---------------------------------------
Total T: 521000 Episode Num: 521 Episode T: 1000 Reward: 5692.057
Total T: 522000 Episode Num: 522 Episode T: 1000 Reward: 6020.088
Total T: 523000 Episode Num: 523 Episode T: 1000 Reward: 5971.072
Total T: 524000 Episode Num: 524 Episode T: 1000 Reward: 5923.502
Total T: 525000 Episode Num: 525 Episode T: 1000 Reward: 6042.598
---------------------------------------
Evaluation over 10 episodes: 5658.397
---------------------------------------
Total T: 526000 Episode Num: 526 Episode T: 1000 Reward: 5816.098
Total T: 527000 Episode Num: 527 Episode T: 1000 Reward: 5824.373
Total T: 528000 Episode Num: 528 Episode T: 1000 Reward: 5716.213
Total T: 529000 Episode Num: 529 Episode T: 1000 Reward: 5888.714
Total T: 530000 Episode Num: 530 Episode T: 1000 Reward: 5982.136
---------------------------------------
Evaluation over 10 episodes: 5515.415
---------------------------------------
Total T: 531000 Episode Num: 531 Episode T: 1000 Reward: 6052.817
Total T: 532000 Episode Num: 532 Episode T: 1000 Reward: 5353.265
Total T: 533000 Episode Num: 533 Episode T: 1000 Reward: 5533.566
Total T: 534000 Episode Num: 534 Episode T: 1000 Reward: 6223.174
Total T: 535000 Episode Num: 535 Episode T: 1000 Reward: 5830.514
---------------------------------------
Evaluation over 10 episodes: 6077.017
---------------------------------------
Total T: 536000 Episode Num: 536 Episode T: 1000 Reward: 5875.016
Total T: 537000 Episode Num: 537 Episode T: 1000 Reward: 5901.788
Total T: 538000 Episode Num: 538 Episode T: 1000 Reward: 5723.997
Total T: 539000 Episode Num: 539 Episode T: 1000 Reward: 6070.392
Total T: 540000 Episode Num: 540 Episode T: 1000 Reward: 5825.057
---------------------------------------
Evaluation over 10 episodes: 6022.196
---------------------------------------
Total T: 541000 Episode Num: 541 Episode T: 1000 Reward: 5976.191
Total T: 542000 Episode Num: 542 Episode T: 1000 Reward: 6201.924
Total T: 543000 Episode Num: 543 Episode T: 1000 Reward: 5641.990
Total T: 544000 Episode Num: 544 Episode T: 1000 Reward: 5713.247
Total T: 545000 Episode Num: 545 Episode T: 1000 Reward: 5738.732
---------------------------------------
Evaluation over 10 episodes: 6036.368
---------------------------------------
Total T: 546000 Episode Num: 546 Episode T: 1000 Reward: 6018.440
Total T: 547000 Episode Num: 547 Episode T: 1000 Reward: 5588.912
Total T: 548000 Episode Num: 548 Episode T: 1000 Reward: 5870.309
Total T: 549000 Episode Num: 549 Episode T: 1000 Reward: 6030.135
Total T: 550000 Episode Num: 550 Episode T: 1000 Reward: 6184.760
---------------------------------------
Evaluation over 10 episodes: 5908.085
---------------------------------------
Total T: 551000 Episode Num: 551 Episode T: 1000 Reward: 5816.296
Total T: 552000 Episode Num: 552 Episode T: 1000 Reward: 5458.191
Total T: 553000 Episode Num: 553 Episode T: 1000 Reward: 5448.454
Total T: 554000 Episode Num: 554 Episode T: 1000 Reward: 5903.064
Total T: 555000 Episode Num: 555 Episode T: 1000 Reward: 5716.045
---------------------------------------
Evaluation over 10 episodes: 5821.127
---------------------------------------
Total T: 556000 Episode Num: 556 Episode T: 1000 Reward: 5971.892
Total T: 557000 Episode Num: 557 Episode T: 1000 Reward: 6285.137
Total T: 558000 Episode Num: 558 Episode T: 1000 Reward: 6119.681
Total T: 559000 Episode Num: 559 Episode T: 1000 Reward: 6089.544
Total T: 560000 Episode Num: 560 Episode T: 1000 Reward: 6026.901
---------------------------------------
Evaluation over 10 episodes: 5988.036
---------------------------------------
Total T: 561000 Episode Num: 561 Episode T: 1000 Reward: 5987.695
Total T: 562000 Episode Num: 562 Episode T: 1000 Reward: 6190.674
Total T: 563000 Episode Num: 563 Episode T: 1000 Reward: 6585.621
Total T: 564000 Episode Num: 564 Episode T: 1000 Reward: 5845.632
Total T: 565000 Episode Num: 565 Episode T: 1000 Reward: 6301.889
---------------------------------------
Evaluation over 10 episodes: 5973.466
---------------------------------------
Total T: 566000 Episode Num: 566 Episode T: 1000 Reward: 6079.945
Total T: 567000 Episode Num: 567 Episode T: 1000 Reward: 5870.912
Total T: 568000 Episode Num: 568 Episode T: 1000 Reward: 6095.179
Total T: 569000 Episode Num: 569 Episode T: 1000 Reward: 5740.633
Total T: 570000 Episode Num: 570 Episode T: 1000 Reward: 6041.042
---------------------------------------
Evaluation over 10 episodes: 5842.898
---------------------------------------
Total T: 571000 Episode Num: 571 Episode T: 1000 Reward: 5682.943
Total T: 572000 Episode Num: 572 Episode T: 1000 Reward: 5856.932
Total T: 573000 Episode Num: 573 Episode T: 1000 Reward: 5685.126
Total T: 574000 Episode Num: 574 Episode T: 1000 Reward: 6086.207
Total T: 575000 Episode Num: 575 Episode T: 1000 Reward: 6185.689
---------------------------------------
Evaluation over 10 episodes: 6061.474
---------------------------------------
Total T: 576000 Episode Num: 576 Episode T: 1000 Reward: 6282.013
Total T: 577000 Episode Num: 577 Episode T: 1000 Reward: 5875.104
Total T: 578000 Episode Num: 578 Episode T: 1000 Reward: 6472.180
Total T: 579000 Episode Num: 579 Episode T: 1000 Reward: 6069.615
Total T: 580000 Episode Num: 580 Episode T: 1000 Reward: 6255.227
---------------------------------------
Evaluation over 10 episodes: 5945.059
---------------------------------------
Total T: 581000 Episode Num: 581 Episode T: 1000 Reward: 6329.101
Total T: 582000 Episode Num: 582 Episode T: 1000 Reward: 6001.522
Total T: 583000 Episode Num: 583 Episode T: 1000 Reward: 6018.433
Total T: 584000 Episode Num: 584 Episode T: 1000 Reward: 6110.220
Total T: 585000 Episode Num: 585 Episode T: 1000 Reward: 5868.542
---------------------------------------
Evaluation over 10 episodes: 5996.661
---------------------------------------
Total T: 586000 Episode Num: 586 Episode T: 1000 Reward: 6056.146
Total T: 587000 Episode Num: 587 Episode T: 1000 Reward: 2916.644
Total T: 588000 Episode Num: 588 Episode T: 1000 Reward: 5910.863
Total T: 589000 Episode Num: 589 Episode T: 1000 Reward: 5956.629
Total T: 590000 Episode Num: 590 Episode T: 1000 Reward: 6376.962
---------------------------------------
Evaluation over 10 episodes: 6060.132
---------------------------------------
Total T: 591000 Episode Num: 591 Episode T: 1000 Reward: 6015.217
Total T: 592000 Episode Num: 592 Episode T: 1000 Reward: 6662.317
Total T: 593000 Episode Num: 593 Episode T: 1000 Reward: 5920.063
Total T: 594000 Episode Num: 594 Episode T: 1000 Reward: 6201.702
Total T: 595000 Episode Num: 595 Episode T: 1000 Reward: 5884.343
---------------------------------------
Evaluation over 10 episodes: 6157.835
---------------------------------------
Total T: 596000 Episode Num: 596 Episode T: 1000 Reward: 6510.632
Total T: 597000 Episode Num: 597 Episode T: 1000 Reward: 6216.187
Total T: 598000 Episode Num: 598 Episode T: 1000 Reward: 6245.529
Total T: 599000 Episode Num: 599 Episode T: 1000 Reward: 5884.444
Total T: 600000 Episode Num: 600 Episode T: 1000 Reward: 6018.589
---------------------------------------
Evaluation over 10 episodes: 6225.303
---------------------------------------
Total T: 601000 Episode Num: 601 Episode T: 1000 Reward: 5798.514
Total T: 602000 Episode Num: 602 Episode T: 1000 Reward: 5613.182
Total T: 603000 Episode Num: 603 Episode T: 1000 Reward: 5818.902
Total T: 604000 Episode Num: 604 Episode T: 1000 Reward: 6310.679
Total T: 605000 Episode Num: 605 Episode T: 1000 Reward: 5696.950
---------------------------------------
Evaluation over 10 episodes: 6273.828
---------------------------------------
Total T: 606000 Episode Num: 606 Episode T: 1000 Reward: 6367.928
Total T: 607000 Episode Num: 607 Episode T: 1000 Reward: 6100.346
Total T: 608000 Episode Num: 608 Episode T: 1000 Reward: 6232.731
Total T: 609000 Episode Num: 609 Episode T: 1000 Reward: 6487.758
Total T: 610000 Episode Num: 610 Episode T: 1000 Reward: 6648.952
---------------------------------------
Evaluation over 10 episodes: 6176.645
---------------------------------------
Total T: 611000 Episode Num: 611 Episode T: 1000 Reward: 5736.264
Total T: 612000 Episode Num: 612 Episode T: 1000 Reward: 6215.120
Total T: 613000 Episode Num: 613 Episode T: 1000 Reward: 6162.845
Total T: 614000 Episode Num: 614 Episode T: 1000 Reward: 6258.047
Total T: 615000 Episode Num: 615 Episode T: 1000 Reward: 6064.076
---------------------------------------
Evaluation over 10 episodes: 6149.959
---------------------------------------
Total T: 616000 Episode Num: 616 Episode T: 1000 Reward: 6219.195
Total T: 617000 Episode Num: 617 Episode T: 1000 Reward: 6193.572
Total T: 618000 Episode Num: 618 Episode T: 1000 Reward: 6454.556
Total T: 619000 Episode Num: 619 Episode T: 1000 Reward: 6525.584
Total T: 620000 Episode Num: 620 Episode T: 1000 Reward: 6291.768
---------------------------------------
Evaluation over 10 episodes: 6307.512
---------------------------------------
Total T: 621000 Episode Num: 621 Episode T: 1000 Reward: 6150.871
Total T: 622000 Episode Num: 622 Episode T: 1000 Reward: 6287.337
Total T: 623000 Episode Num: 623 Episode T: 1000 Reward: 6597.071
Total T: 624000 Episode Num: 624 Episode T: 1000 Reward: 6468.368
Total T: 625000 Episode Num: 625 Episode T: 1000 Reward: 6568.771
---------------------------------------
Evaluation over 10 episodes: 6063.330
---------------------------------------
Total T: 626000 Episode Num: 626 Episode T: 1000 Reward: 5738.337
Total T: 627000 Episode Num: 627 Episode T: 1000 Reward: 5765.677
Total T: 628000 Episode Num: 628 Episode T: 1000 Reward: 6129.089
Total T: 629000 Episode Num: 629 Episode T: 1000 Reward: 6202.019
Total T: 630000 Episode Num: 630 Episode T: 1000 Reward: 6187.571
---------------------------------------
Evaluation over 10 episodes: 6329.599
---------------------------------------
Total T: 631000 Episode Num: 631 Episode T: 1000 Reward: 5936.014
Total T: 632000 Episode Num: 632 Episode T: 1000 Reward: 6362.238
Total T: 633000 Episode Num: 633 Episode T: 1000 Reward: 6209.223
Total T: 634000 Episode Num: 634 Episode T: 1000 Reward: 6489.028
Total T: 635000 Episode Num: 635 Episode T: 1000 Reward: 6471.003
---------------------------------------
Evaluation over 10 episodes: 6231.746
---------------------------------------
Total T: 636000 Episode Num: 636 Episode T: 1000 Reward: 6503.789
Total T: 637000 Episode Num: 637 Episode T: 1000 Reward: 6458.193
Total T: 638000 Episode Num: 638 Episode T: 1000 Reward: 6404.644
Total T: 639000 Episode Num: 639 Episode T: 1000 Reward: 6257.251
Total T: 640000 Episode Num: 640 Episode T: 1000 Reward: 5993.691
---------------------------------------
Evaluation over 10 episodes: 6397.101
---------------------------------------
Total T: 641000 Episode Num: 641 Episode T: 1000 Reward: 6350.599
Total T: 642000 Episode Num: 642 Episode T: 1000 Reward: 6131.510
Total T: 643000 Episode Num: 643 Episode T: 1000 Reward: 6191.067
Total T: 644000 Episode Num: 644 Episode T: 1000 Reward: 6455.128
Total T: 645000 Episode Num: 645 Episode T: 1000 Reward: 6102.826
---------------------------------------
Evaluation over 10 episodes: 6409.043
---------------------------------------
Total T: 646000 Episode Num: 646 Episode T: 1000 Reward: 5994.931
Total T: 647000 Episode Num: 647 Episode T: 1000 Reward: 6499.026
Total T: 648000 Episode Num: 648 Episode T: 1000 Reward: 6394.995
Total T: 649000 Episode Num: 649 Episode T: 1000 Reward: 5720.798
Total T: 650000 Episode Num: 650 Episode T: 1000 Reward: 6135.177
---------------------------------------
Evaluation over 10 episodes: 6094.590
---------------------------------------
Total T: 651000 Episode Num: 651 Episode T: 1000 Reward: 6567.109
Total T: 652000 Episode Num: 652 Episode T: 1000 Reward: 1124.137
Total T: 653000 Episode Num: 653 Episode T: 1000 Reward: 6242.821
Total T: 654000 Episode Num: 654 Episode T: 1000 Reward: 6149.015
Total T: 655000 Episode Num: 655 Episode T: 1000 Reward: 1310.281
---------------------------------------
Evaluation over 10 episodes: 6229.173
---------------------------------------
Total T: 656000 Episode Num: 656 Episode T: 1000 Reward: 6273.246
Total T: 657000 Episode Num: 657 Episode T: 1000 Reward: 6189.100
Total T: 658000 Episode Num: 658 Episode T: 1000 Reward: 6242.260
Total T: 659000 Episode Num: 659 Episode T: 1000 Reward: 5951.604
Total T: 660000 Episode Num: 660 Episode T: 1000 Reward: 6346.052
---------------------------------------
Evaluation over 10 episodes: 6216.597
---------------------------------------
Total T: 661000 Episode Num: 661 Episode T: 1000 Reward: 6463.795
Total T: 662000 Episode Num: 662 Episode T: 1000 Reward: 5993.721
Total T: 663000 Episode Num: 663 Episode T: 1000 Reward: 6344.685
Total T: 664000 Episode Num: 664 Episode T: 1000 Reward: 6665.163
Total T: 665000 Episode Num: 665 Episode T: 1000 Reward: 5955.987
---------------------------------------
Evaluation over 10 episodes: 6297.592
---------------------------------------
Total T: 666000 Episode Num: 666 Episode T: 1000 Reward: 5895.315
Total T: 667000 Episode Num: 667 Episode T: 1000 Reward: 5876.127
Total T: 668000 Episode Num: 668 Episode T: 1000 Reward: 6304.344
Total T: 669000 Episode Num: 669 Episode T: 1000 Reward: 5733.936
Total T: 670000 Episode Num: 670 Episode T: 1000 Reward: 5992.469
---------------------------------------
Evaluation over 10 episodes: 6285.317
---------------------------------------
Total T: 671000 Episode Num: 671 Episode T: 1000 Reward: 6442.523
Total T: 672000 Episode Num: 672 Episode T: 1000 Reward: 6527.624
Total T: 673000 Episode Num: 673 Episode T: 1000 Reward: 6222.100
Total T: 674000 Episode Num: 674 Episode T: 1000 Reward: 6971.967
Total T: 675000 Episode Num: 675 Episode T: 1000 Reward: 6558.017
---------------------------------------
Evaluation over 10 episodes: 6326.010
---------------------------------------
Total T: 676000 Episode Num: 676 Episode T: 1000 Reward: 6306.891
Total T: 677000 Episode Num: 677 Episode T: 1000 Reward: 6355.053
Total T: 678000 Episode Num: 678 Episode T: 1000 Reward: 6496.143
Total T: 679000 Episode Num: 679 Episode T: 1000 Reward: 6485.403
Total T: 680000 Episode Num: 680 Episode T: 1000 Reward: 6624.777
---------------------------------------
Evaluation over 10 episodes: 6247.701
---------------------------------------
Total T: 681000 Episode Num: 681 Episode T: 1000 Reward: 5543.759
Total T: 682000 Episode Num: 682 Episode T: 1000 Reward: 6429.074
Total T: 683000 Episode Num: 683 Episode T: 1000 Reward: 6578.140
Total T: 684000 Episode Num: 684 Episode T: 1000 Reward: 6314.816
Total T: 685000 Episode Num: 685 Episode T: 1000 Reward: 6066.540
---------------------------------------
Evaluation over 10 episodes: 6478.132
---------------------------------------
Total T: 686000 Episode Num: 686 Episode T: 1000 Reward: 6734.148
Total T: 687000 Episode Num: 687 Episode T: 1000 Reward: 6396.852
Total T: 688000 Episode Num: 688 Episode T: 1000 Reward: 6663.821
Total T: 689000 Episode Num: 689 Episode T: 1000 Reward: 6657.594
Total T: 690000 Episode Num: 690 Episode T: 1000 Reward: 6483.085
---------------------------------------
Evaluation over 10 episodes: 6508.158
---------------------------------------
Total T: 691000 Episode Num: 691 Episode T: 1000 Reward: 6474.909
Total T: 692000 Episode Num: 692 Episode T: 1000 Reward: 6263.274
Total T: 693000 Episode Num: 693 Episode T: 1000 Reward: 6260.198
Total T: 694000 Episode Num: 694 Episode T: 1000 Reward: 6461.123
Total T: 695000 Episode Num: 695 Episode T: 1000 Reward: 6023.307
---------------------------------------
Evaluation over 10 episodes: 6577.071
---------------------------------------
Total T: 696000 Episode Num: 696 Episode T: 1000 Reward: 6703.068
Total T: 697000 Episode Num: 697 Episode T: 1000 Reward: 6208.982
Total T: 698000 Episode Num: 698 Episode T: 1000 Reward: 5964.333
Total T: 699000 Episode Num: 699 Episode T: 1000 Reward: 6578.570
Total T: 700000 Episode Num: 700 Episode T: 1000 Reward: 6493.995
---------------------------------------
Evaluation over 10 episodes: 6281.648
---------------------------------------
Total T: 701000 Episode Num: 701 Episode T: 1000 Reward: 6772.041
Total T: 702000 Episode Num: 702 Episode T: 1000 Reward: 6692.565
Total T: 703000 Episode Num: 703 Episode T: 1000 Reward: 6303.708
Total T: 704000 Episode Num: 704 Episode T: 1000 Reward: 6764.610
Total T: 705000 Episode Num: 705 Episode T: 1000 Reward: 6595.226
---------------------------------------
Evaluation over 10 episodes: 6618.207
---------------------------------------
Total T: 706000 Episode Num: 706 Episode T: 1000 Reward: 6005.170
Total T: 707000 Episode Num: 707 Episode T: 1000 Reward: 6456.253
Total T: 708000 Episode Num: 708 Episode T: 1000 Reward: 6532.331
Total T: 709000 Episode Num: 709 Episode T: 1000 Reward: 6151.051
Total T: 710000 Episode Num: 710 Episode T: 1000 Reward: 6679.040
---------------------------------------
Evaluation over 10 episodes: 6534.588
---------------------------------------
Total T: 711000 Episode Num: 711 Episode T: 1000 Reward: 6573.802
Total T: 712000 Episode Num: 712 Episode T: 1000 Reward: 6364.892
Total T: 713000 Episode Num: 713 Episode T: 1000 Reward: 5700.801
Total T: 714000 Episode Num: 714 Episode T: 1000 Reward: 6426.253
Total T: 715000 Episode Num: 715 Episode T: 1000 Reward: 5767.352
---------------------------------------
Evaluation over 10 episodes: 6497.178
---------------------------------------
Total T: 716000 Episode Num: 716 Episode T: 1000 Reward: 6561.432
Total T: 717000 Episode Num: 717 Episode T: 1000 Reward: 6411.963
Total T: 718000 Episode Num: 718 Episode T: 1000 Reward: 6504.073
Total T: 719000 Episode Num: 719 Episode T: 1000 Reward: 6576.711
Total T: 720000 Episode Num: 720 Episode T: 1000 Reward: 6502.317
---------------------------------------
Evaluation over 10 episodes: 6406.339
---------------------------------------
Total T: 721000 Episode Num: 721 Episode T: 1000 Reward: 6609.569
Total T: 722000 Episode Num: 722 Episode T: 1000 Reward: 6576.859
Total T: 723000 Episode Num: 723 Episode T: 1000 Reward: 6804.819
Total T: 724000 Episode Num: 724 Episode T: 1000 Reward: 7024.296
Total T: 725000 Episode Num: 725 Episode T: 1000 Reward: 6357.010
---------------------------------------
Evaluation over 10 episodes: 6448.400
---------------------------------------
Total T: 726000 Episode Num: 726 Episode T: 1000 Reward: 6438.969
Total T: 727000 Episode Num: 727 Episode T: 1000 Reward: 6258.576
Total T: 728000 Episode Num: 728 Episode T: 1000 Reward: 6735.647
Total T: 729000 Episode Num: 729 Episode T: 1000 Reward: 6364.860
Total T: 730000 Episode Num: 730 Episode T: 1000 Reward: 6985.022
---------------------------------------
Evaluation over 10 episodes: 6615.747
---------------------------------------
Total T: 731000 Episode Num: 731 Episode T: 1000 Reward: 7033.607
Total T: 732000 Episode Num: 732 Episode T: 1000 Reward: 6262.765
Total T: 733000 Episode Num: 733 Episode T: 1000 Reward: 6557.569
Total T: 734000 Episode Num: 734 Episode T: 1000 Reward: 6810.313
Total T: 735000 Episode Num: 735 Episode T: 1000 Reward: 7016.411
---------------------------------------
Evaluation over 10 episodes: 6223.130
---------------------------------------
Total T: 736000 Episode Num: 736 Episode T: 1000 Reward: 6789.036
Total T: 737000 Episode Num: 737 Episode T: 1000 Reward: 6350.916
Total T: 738000 Episode Num: 738 Episode T: 1000 Reward: 6387.470
Total T: 739000 Episode Num: 739 Episode T: 1000 Reward: 6438.411
Total T: 740000 Episode Num: 740 Episode T: 1000 Reward: 6745.164
---------------------------------------
Evaluation over 10 episodes: 6601.443
---------------------------------------
Total T: 741000 Episode Num: 741 Episode T: 1000 Reward: 6433.999
Total T: 742000 Episode Num: 742 Episode T: 1000 Reward: 6314.964
Total T: 743000 Episode Num: 743 Episode T: 1000 Reward: 6585.454
Total T: 744000 Episode Num: 744 Episode T: 1000 Reward: 6906.998
Total T: 745000 Episode Num: 745 Episode T: 1000 Reward: 6934.018
---------------------------------------
Evaluation over 10 episodes: 6522.206
---------------------------------------
Total T: 746000 Episode Num: 746 Episode T: 1000 Reward: 6778.868
Total T: 747000 Episode Num: 747 Episode T: 1000 Reward: 6884.491
Total T: 748000 Episode Num: 748 Episode T: 1000 Reward: 6734.647
Total T: 749000 Episode Num: 749 Episode T: 1000 Reward: 6706.437
Total T: 750000 Episode Num: 750 Episode T: 1000 Reward: 5880.753
---------------------------------------
Evaluation over 10 episodes: 6513.888
---------------------------------------
Total T: 751000 Episode Num: 751 Episode T: 1000 Reward: 6593.510
Total T: 752000 Episode Num: 752 Episode T: 1000 Reward: 6989.479
Total T: 753000 Episode Num: 753 Episode T: 1000 Reward: 6637.942
Total T: 754000 Episode Num: 754 Episode T: 1000 Reward: 6496.187
Total T: 755000 Episode Num: 755 Episode T: 1000 Reward: 6438.231
---------------------------------------
Evaluation over 10 episodes: 6524.183
---------------------------------------
Total T: 756000 Episode Num: 756 Episode T: 1000 Reward: 6380.469
Total T: 757000 Episode Num: 757 Episode T: 1000 Reward: 6584.850
Total T: 758000 Episode Num: 758 Episode T: 1000 Reward: 6827.670
Total T: 759000 Episode Num: 759 Episode T: 1000 Reward: 6601.801
Total T: 760000 Episode Num: 760 Episode T: 1000 Reward: 6605.393
---------------------------------------
Evaluation over 10 episodes: 6348.382
---------------------------------------
Total T: 761000 Episode Num: 761 Episode T: 1000 Reward: 6834.674
Total T: 762000 Episode Num: 762 Episode T: 1000 Reward: 6504.565
Total T: 763000 Episode Num: 763 Episode T: 1000 Reward: 6924.218
Total T: 764000 Episode Num: 764 Episode T: 1000 Reward: 6303.389
Total T: 765000 Episode Num: 765 Episode T: 1000 Reward: 6851.186
---------------------------------------
Evaluation over 10 episodes: 6807.275
---------------------------------------
Total T: 766000 Episode Num: 766 Episode T: 1000 Reward: 6458.213
Total T: 767000 Episode Num: 767 Episode T: 1000 Reward: 6629.582
Total T: 768000 Episode Num: 768 Episode T: 1000 Reward: 7126.277
Total T: 769000 Episode Num: 769 Episode T: 1000 Reward: 6059.160
Total T: 770000 Episode Num: 770 Episode T: 1000 Reward: 6787.114
---------------------------------------
Evaluation over 10 episodes: 6505.482
---------------------------------------
Total T: 771000 Episode Num: 771 Episode T: 1000 Reward: 7071.266
Total T: 772000 Episode Num: 772 Episode T: 1000 Reward: 6426.491
Total T: 773000 Episode Num: 773 Episode T: 1000 Reward: 6195.703
Total T: 774000 Episode Num: 774 Episode T: 1000 Reward: 7172.377
Total T: 775000 Episode Num: 775 Episode T: 1000 Reward: 7246.646
---------------------------------------
Evaluation over 10 episodes: 6839.003
---------------------------------------
Total T: 776000 Episode Num: 776 Episode T: 1000 Reward: 7116.341
Total T: 777000 Episode Num: 777 Episode T: 1000 Reward: 6309.518
Total T: 778000 Episode Num: 778 Episode T: 1000 Reward: 7081.803
Total T: 779000 Episode Num: 779 Episode T: 1000 Reward: 7271.850
Total T: 780000 Episode Num: 780 Episode T: 1000 Reward: 7168.074
---------------------------------------
Evaluation over 10 episodes: 6544.325
---------------------------------------
Total T: 781000 Episode Num: 781 Episode T: 1000 Reward: 6559.534
Total T: 782000 Episode Num: 782 Episode T: 1000 Reward: 7252.553
Total T: 783000 Episode Num: 783 Episode T: 1000 Reward: 6778.998
Total T: 784000 Episode Num: 784 Episode T: 1000 Reward: 6206.067
Total T: 785000 Episode Num: 785 Episode T: 1000 Reward: 6417.371
---------------------------------------
Evaluation over 10 episodes: 6893.083
---------------------------------------
Total T: 786000 Episode Num: 786 Episode T: 1000 Reward: 6993.269
Total T: 787000 Episode Num: 787 Episode T: 1000 Reward: 6834.530
Total T: 788000 Episode Num: 788 Episode T: 1000 Reward: 6964.423
Total T: 789000 Episode Num: 789 Episode T: 1000 Reward: 6462.669
Total T: 790000 Episode Num: 790 Episode T: 1000 Reward: 7225.712
---------------------------------------
Evaluation over 10 episodes: 6679.183
---------------------------------------
Total T: 791000 Episode Num: 791 Episode T: 1000 Reward: 7232.392
Total T: 792000 Episode Num: 792 Episode T: 1000 Reward: 6126.741
Total T: 793000 Episode Num: 793 Episode T: 1000 Reward: 6706.322
Total T: 794000 Episode Num: 794 Episode T: 1000 Reward: 6650.362
Total T: 795000 Episode Num: 795 Episode T: 1000 Reward: 6800.217
---------------------------------------
Evaluation over 10 episodes: 6724.144
---------------------------------------
Total T: 796000 Episode Num: 796 Episode T: 1000 Reward: 6414.399
Total T: 797000 Episode Num: 797 Episode T: 1000 Reward: 6936.400
Total T: 798000 Episode Num: 798 Episode T: 1000 Reward: 6779.069
Total T: 799000 Episode Num: 799 Episode T: 1000 Reward: 7164.711
Total T: 800000 Episode Num: 800 Episode T: 1000 Reward: 7214.462
---------------------------------------
Evaluation over 10 episodes: 6396.430
---------------------------------------
Total T: 801000 Episode Num: 801 Episode T: 1000 Reward: 6570.105
Total T: 802000 Episode Num: 802 Episode T: 1000 Reward: 6649.851
Total T: 803000 Episode Num: 803 Episode T: 1000 Reward: 6508.922
Total T: 804000 Episode Num: 804 Episode T: 1000 Reward: 7531.760
Total T: 805000 Episode Num: 805 Episode T: 1000 Reward: 6619.199
---------------------------------------
Evaluation over 10 episodes: 6679.432
---------------------------------------
Total T: 806000 Episode Num: 806 Episode T: 1000 Reward: 6561.695
Total T: 807000 Episode Num: 807 Episode T: 1000 Reward: 6780.596
Total T: 808000 Episode Num: 808 Episode T: 1000 Reward: 6807.925
Total T: 809000 Episode Num: 809 Episode T: 1000 Reward: 6815.460
Total T: 810000 Episode Num: 810 Episode T: 1000 Reward: 6918.176
---------------------------------------
Evaluation over 10 episodes: 6723.531
---------------------------------------
Total T: 811000 Episode Num: 811 Episode T: 1000 Reward: 6925.818
Total T: 812000 Episode Num: 812 Episode T: 1000 Reward: 6917.917
Total T: 813000 Episode Num: 813 Episode T: 1000 Reward: 6307.011
Total T: 814000 Episode Num: 814 Episode T: 1000 Reward: 6259.015
Total T: 815000 Episode Num: 815 Episode T: 1000 Reward: 6714.586
---------------------------------------
Evaluation over 10 episodes: 6648.901
---------------------------------------
Total T: 816000 Episode Num: 816 Episode T: 1000 Reward: 6514.128
Total T: 817000 Episode Num: 817 Episode T: 1000 Reward: 6516.870
Total T: 818000 Episode Num: 818 Episode T: 1000 Reward: 6769.831
Total T: 819000 Episode Num: 819 Episode T: 1000 Reward: 7279.460
Total T: 820000 Episode Num: 820 Episode T: 1000 Reward: 6844.986
---------------------------------------
Evaluation over 10 episodes: 6400.103
---------------------------------------
Total T: 821000 Episode Num: 821 Episode T: 1000 Reward: 6127.849
Total T: 822000 Episode Num: 822 Episode T: 1000 Reward: 6841.408
Total T: 823000 Episode Num: 823 Episode T: 1000 Reward: 6719.188
Total T: 824000 Episode Num: 824 Episode T: 1000 Reward: 6992.060
Total T: 825000 Episode Num: 825 Episode T: 1000 Reward: 6422.973
---------------------------------------
Evaluation over 10 episodes: 6575.853
---------------------------------------
Total T: 826000 Episode Num: 826 Episode T: 1000 Reward: 6822.469
Total T: 827000 Episode Num: 827 Episode T: 1000 Reward: 6695.776
Total T: 828000 Episode Num: 828 Episode T: 1000 Reward: 6408.683
Total T: 829000 Episode Num: 829 Episode T: 1000 Reward: 6986.547
Total T: 830000 Episode Num: 830 Episode T: 1000 Reward: 7072.588
---------------------------------------
Evaluation over 10 episodes: 6881.296
---------------------------------------
Total T: 831000 Episode Num: 831 Episode T: 1000 Reward: 6803.249
Total T: 832000 Episode Num: 832 Episode T: 1000 Reward: 6253.619
Total T: 833000 Episode Num: 833 Episode T: 1000 Reward: 6644.879
Total T: 834000 Episode Num: 834 Episode T: 1000 Reward: 6547.328
Total T: 835000 Episode Num: 835 Episode T: 1000 Reward: 7060.481
---------------------------------------
Evaluation over 10 episodes: 6591.753
---------------------------------------
Total T: 836000 Episode Num: 836 Episode T: 1000 Reward: 7053.367
Total T: 837000 Episode Num: 837 Episode T: 1000 Reward: 6759.975
Total T: 838000 Episode Num: 838 Episode T: 1000 Reward: 7138.939
Total T: 839000 Episode Num: 839 Episode T: 1000 Reward: 6986.249
Total T: 840000 Episode Num: 840 Episode T: 1000 Reward: 7053.556
---------------------------------------
Evaluation over 10 episodes: 6679.005
---------------------------------------
Total T: 841000 Episode Num: 841 Episode T: 1000 Reward: 7045.822
Total T: 842000 Episode Num: 842 Episode T: 1000 Reward: 6777.597
Total T: 843000 Episode Num: 843 Episode T: 1000 Reward: 6572.903
Total T: 844000 Episode Num: 844 Episode T: 1000 Reward: 7337.170
Total T: 845000 Episode Num: 845 Episode T: 1000 Reward: 5077.807
---------------------------------------
Evaluation over 10 episodes: 6795.328
---------------------------------------
Total T: 846000 Episode Num: 846 Episode T: 1000 Reward: 6972.926
Total T: 847000 Episode Num: 847 Episode T: 1000 Reward: 7040.630
Total T: 848000 Episode Num: 848 Episode T: 1000 Reward: 6553.436
Total T: 849000 Episode Num: 849 Episode T: 1000 Reward: 7008.343
Total T: 850000 Episode Num: 850 Episode T: 1000 Reward: 6714.859
---------------------------------------
Evaluation over 10 episodes: 6640.427
---------------------------------------
Total T: 851000 Episode Num: 851 Episode T: 1000 Reward: 6718.746
Total T: 852000 Episode Num: 852 Episode T: 1000 Reward: 7084.983
Total T: 853000 Episode Num: 853 Episode T: 1000 Reward: 7143.180
Total T: 854000 Episode Num: 854 Episode T: 1000 Reward: 6945.266
Total T: 855000 Episode Num: 855 Episode T: 1000 Reward: 6842.758
---------------------------------------
Evaluation over 10 episodes: 6876.363
---------------------------------------
Total T: 856000 Episode Num: 856 Episode T: 1000 Reward: 7150.446
Total T: 857000 Episode Num: 857 Episode T: 1000 Reward: 6894.953
Total T: 858000 Episode Num: 858 Episode T: 1000 Reward: 7533.403
Total T: 859000 Episode Num: 859 Episode T: 1000 Reward: 6625.157
Total T: 860000 Episode Num: 860 Episode T: 1000 Reward: 6791.273
---------------------------------------
Evaluation over 10 episodes: 6829.601
---------------------------------------
Total T: 861000 Episode Num: 861 Episode T: 1000 Reward: 6922.148
Total T: 862000 Episode Num: 862 Episode T: 1000 Reward: 6852.896
Total T: 863000 Episode Num: 863 Episode T: 1000 Reward: 7172.291
Total T: 864000 Episode Num: 864 Episode T: 1000 Reward: 6822.907
Total T: 865000 Episode Num: 865 Episode T: 1000 Reward: 7022.432
---------------------------------------
Evaluation over 10 episodes: 7019.073
---------------------------------------
Total T: 866000 Episode Num: 866 Episode T: 1000 Reward: 7292.191
Total T: 867000 Episode Num: 867 Episode T: 1000 Reward: 6522.457
Total T: 868000 Episode Num: 868 Episode T: 1000 Reward: 7094.493
Total T: 869000 Episode Num: 869 Episode T: 1000 Reward: 7329.843
Total T: 870000 Episode Num: 870 Episode T: 1000 Reward: 6583.099
---------------------------------------
Evaluation over 10 episodes: 7007.523
---------------------------------------
Total T: 871000 Episode Num: 871 Episode T: 1000 Reward: 6793.878
Total T: 872000 Episode Num: 872 Episode T: 1000 Reward: 7263.430
Total T: 873000 Episode Num: 873 Episode T: 1000 Reward: 6845.310
Total T: 874000 Episode Num: 874 Episode T: 1000 Reward: 7158.249
Total T: 875000 Episode Num: 875 Episode T: 1000 Reward: 6502.862
---------------------------------------
Evaluation over 10 episodes: 7066.740
---------------------------------------
Total T: 876000 Episode Num: 876 Episode T: 1000 Reward: 7032.455
Total T: 877000 Episode Num: 877 Episode T: 1000 Reward: 6782.511
Total T: 878000 Episode Num: 878 Episode T: 1000 Reward: 7165.895
Total T: 879000 Episode Num: 879 Episode T: 1000 Reward: 6743.423
Total T: 880000 Episode Num: 880 Episode T: 1000 Reward: 7460.030
---------------------------------------
Evaluation over 10 episodes: 6811.242
---------------------------------------
Total T: 881000 Episode Num: 881 Episode T: 1000 Reward: 7034.623
Total T: 882000 Episode Num: 882 Episode T: 1000 Reward: 6943.854
Total T: 883000 Episode Num: 883 Episode T: 1000 Reward: 6580.498
Total T: 884000 Episode Num: 884 Episode T: 1000 Reward: 6636.865
Total T: 885000 Episode Num: 885 Episode T: 1000 Reward: 6877.504
---------------------------------------
Evaluation over 10 episodes: 6978.339
---------------------------------------
Total T: 886000 Episode Num: 886 Episode T: 1000 Reward: 6652.108
Total T: 887000 Episode Num: 887 Episode T: 1000 Reward: 7044.323
Total T: 888000 Episode Num: 888 Episode T: 1000 Reward: 6675.111
Total T: 889000 Episode Num: 889 Episode T: 1000 Reward: 6812.565
Total T: 890000 Episode Num: 890 Episode T: 1000 Reward: 7121.614
---------------------------------------
Evaluation over 10 episodes: 6873.022
---------------------------------------
Total T: 891000 Episode Num: 891 Episode T: 1000 Reward: 6410.092
Total T: 892000 Episode Num: 892 Episode T: 1000 Reward: 7233.324
Total T: 893000 Episode Num: 893 Episode T: 1000 Reward: 7094.970
Total T: 894000 Episode Num: 894 Episode T: 1000 Reward: 7124.398
Total T: 895000 Episode Num: 895 Episode T: 1000 Reward: 7190.750
---------------------------------------
Evaluation over 10 episodes: 6726.043
---------------------------------------
Total T: 896000 Episode Num: 896 Episode T: 1000 Reward: 6702.325
Total T: 897000 Episode Num: 897 Episode T: 1000 Reward: 7077.218
Total T: 898000 Episode Num: 898 Episode T: 1000 Reward: 7320.139
Total T: 899000 Episode Num: 899 Episode T: 1000 Reward: 7168.155
Total T: 900000 Episode Num: 900 Episode T: 1000 Reward: 6996.108
---------------------------------------
Evaluation over 10 episodes: 6797.448
---------------------------------------
Total T: 901000 Episode Num: 901 Episode T: 1000 Reward: 6934.997
Total T: 902000 Episode Num: 902 Episode T: 1000 Reward: 7186.223
Total T: 903000 Episode Num: 903 Episode T: 1000 Reward: 7077.087
Total T: 904000 Episode Num: 904 Episode T: 1000 Reward: 7015.955
Total T: 905000 Episode Num: 905 Episode T: 1000 Reward: 7153.211
---------------------------------------
Evaluation over 10 episodes: 7042.062
---------------------------------------
Total T: 906000 Episode Num: 906 Episode T: 1000 Reward: 6699.059
Total T: 907000 Episode Num: 907 Episode T: 1000 Reward: 7080.556
Total T: 908000 Episode Num: 908 Episode T: 1000 Reward: 7119.415
Total T: 909000 Episode Num: 909 Episode T: 1000 Reward: 7365.348
Total T: 910000 Episode Num: 910 Episode T: 1000 Reward: 6598.948
---------------------------------------
Evaluation over 10 episodes: 7141.272
---------------------------------------
Total T: 911000 Episode Num: 911 Episode T: 1000 Reward: 6874.042
Total T: 912000 Episode Num: 912 Episode T: 1000 Reward: 7263.180
Total T: 913000 Episode Num: 913 Episode T: 1000 Reward: 7065.002
Total T: 914000 Episode Num: 914 Episode T: 1000 Reward: 7236.024
Total T: 915000 Episode Num: 915 Episode T: 1000 Reward: 7008.133
---------------------------------------
Evaluation over 10 episodes: 6894.094
---------------------------------------
Total T: 916000 Episode Num: 916 Episode T: 1000 Reward: 7284.554
Total T: 917000 Episode Num: 917 Episode T: 1000 Reward: 7104.129
Total T: 918000 Episode Num: 918 Episode T: 1000 Reward: 6983.212
Total T: 919000 Episode Num: 919 Episode T: 1000 Reward: 7566.639
Total T: 920000 Episode Num: 920 Episode T: 1000 Reward: 6595.705
---------------------------------------
Evaluation over 10 episodes: 6984.502
---------------------------------------
Total T: 921000 Episode Num: 921 Episode T: 1000 Reward: 7124.604
Total T: 922000 Episode Num: 922 Episode T: 1000 Reward: 7106.163
Total T: 923000 Episode Num: 923 Episode T: 1000 Reward: 7327.176
Total T: 924000 Episode Num: 924 Episode T: 1000 Reward: 6843.879
Total T: 925000 Episode Num: 925 Episode T: 1000 Reward: 7365.151
---------------------------------------
Evaluation over 10 episodes: 6886.119
---------------------------------------
Total T: 926000 Episode Num: 926 Episode T: 1000 Reward: 7245.558
Total T: 927000 Episode Num: 927 Episode T: 1000 Reward: 6634.055
Total T: 928000 Episode Num: 928 Episode T: 1000 Reward: 7313.333
Total T: 929000 Episode Num: 929 Episode T: 1000 Reward: 7080.823
Total T: 930000 Episode Num: 930 Episode T: 1000 Reward: 7173.820
---------------------------------------
Evaluation over 10 episodes: 7031.605
---------------------------------------
Total T: 931000 Episode Num: 931 Episode T: 1000 Reward: 7515.241
Total T: 932000 Episode Num: 932 Episode T: 1000 Reward: 6717.909
Total T: 933000 Episode Num: 933 Episode T: 1000 Reward: 7007.297
Total T: 934000 Episode Num: 934 Episode T: 1000 Reward: 6951.569
Total T: 935000 Episode Num: 935 Episode T: 1000 Reward: 7094.921
---------------------------------------
Evaluation over 10 episodes: 7146.808
---------------------------------------
Total T: 936000 Episode Num: 936 Episode T: 1000 Reward: 7119.292
Total T: 937000 Episode Num: 937 Episode T: 1000 Reward: 7094.907
Total T: 938000 Episode Num: 938 Episode T: 1000 Reward: 6547.480
Total T: 939000 Episode Num: 939 Episode T: 1000 Reward: 7624.173
Total T: 940000 Episode Num: 940 Episode T: 1000 Reward: 7150.906
---------------------------------------
Evaluation over 10 episodes: 7063.781
---------------------------------------
Total T: 941000 Episode Num: 941 Episode T: 1000 Reward: 6822.228
Total T: 942000 Episode Num: 942 Episode T: 1000 Reward: 6782.833
Total T: 943000 Episode Num: 943 Episode T: 1000 Reward: 7079.361
Total T: 944000 Episode Num: 944 Episode T: 1000 Reward: 6769.436
Total T: 945000 Episode Num: 945 Episode T: 1000 Reward: 7444.380
---------------------------------------
Evaluation over 10 episodes: 7098.352
---------------------------------------
Total T: 946000 Episode Num: 946 Episode T: 1000 Reward: 6886.910
Total T: 947000 Episode Num: 947 Episode T: 1000 Reward: 7366.709
Total T: 948000 Episode Num: 948 Episode T: 1000 Reward: 7038.952
Total T: 949000 Episode Num: 949 Episode T: 1000 Reward: 7086.468
Total T: 950000 Episode Num: 950 Episode T: 1000 Reward: 6849.034
---------------------------------------
Evaluation over 10 episodes: 7099.289
---------------------------------------
Total T: 951000 Episode Num: 951 Episode T: 1000 Reward: 7064.109
Total T: 952000 Episode Num: 952 Episode T: 1000 Reward: 6832.294
Total T: 953000 Episode Num: 953 Episode T: 1000 Reward: 7135.185
Total T: 954000 Episode Num: 954 Episode T: 1000 Reward: 7001.488
Total T: 955000 Episode Num: 955 Episode T: 1000 Reward: 7142.509
---------------------------------------
Evaluation over 10 episodes: 7059.450
---------------------------------------
Total T: 956000 Episode Num: 956 Episode T: 1000 Reward: 6764.879
Total T: 957000 Episode Num: 957 Episode T: 1000 Reward: 6978.957
Total T: 958000 Episode Num: 958 Episode T: 1000 Reward: 6763.084
Total T: 959000 Episode Num: 959 Episode T: 1000 Reward: 6793.748
Total T: 960000 Episode Num: 960 Episode T: 1000 Reward: 6985.915
---------------------------------------
Evaluation over 10 episodes: 7019.042
---------------------------------------
Total T: 961000 Episode Num: 961 Episode T: 1000 Reward: 7134.037
Total T: 962000 Episode Num: 962 Episode T: 1000 Reward: 6938.179
Total T: 963000 Episode Num: 963 Episode T: 1000 Reward: 7159.028
Total T: 964000 Episode Num: 964 Episode T: 1000 Reward: 6888.266
Total T: 965000 Episode Num: 965 Episode T: 1000 Reward: 7296.086
---------------------------------------
Evaluation over 10 episodes: 6746.517
---------------------------------------
Total T: 966000 Episode Num: 966 Episode T: 1000 Reward: 6586.396
Total T: 967000 Episode Num: 967 Episode T: 1000 Reward: 7023.825
Total T: 968000 Episode Num: 968 Episode T: 1000 Reward: 6971.172
Total T: 969000 Episode Num: 969 Episode T: 1000 Reward: 7177.343
Total T: 970000 Episode Num: 970 Episode T: 1000 Reward: 6823.530
---------------------------------------
Evaluation over 10 episodes: 6658.267
---------------------------------------
Total T: 971000 Episode Num: 971 Episode T: 1000 Reward: 6560.694
Total T: 972000 Episode Num: 972 Episode T: 1000 Reward: 6512.792
Total T: 973000 Episode Num: 973 Episode T: 1000 Reward: 7514.574
Total T: 974000 Episode Num: 974 Episode T: 1000 Reward: 7061.098
Total T: 975000 Episode Num: 975 Episode T: 1000 Reward: 7192.592
---------------------------------------
Evaluation over 10 episodes: 7192.554
---------------------------------------
Total T: 976000 Episode Num: 976 Episode T: 1000 Reward: 6921.441
Total T: 977000 Episode Num: 977 Episode T: 1000 Reward: 7263.985
Total T: 978000 Episode Num: 978 Episode T: 1000 Reward: 6848.778
Total T: 979000 Episode Num: 979 Episode T: 1000 Reward: 7522.073
Total T: 980000 Episode Num: 980 Episode T: 1000 Reward: 7643.785
---------------------------------------
Evaluation over 10 episodes: 7190.545
---------------------------------------
Total T: 981000 Episode Num: 981 Episode T: 1000 Reward: 6516.218
Total T: 982000 Episode Num: 982 Episode T: 1000 Reward: 7030.493
Total T: 983000 Episode Num: 983 Episode T: 1000 Reward: 6474.768
Total T: 984000 Episode Num: 984 Episode T: 1000 Reward: 6747.401
Total T: 985000 Episode Num: 985 Episode T: 1000 Reward: 7132.374
---------------------------------------
Evaluation over 10 episodes: 7139.683
---------------------------------------
Total T: 986000 Episode Num: 986 Episode T: 1000 Reward: 6889.836
Total T: 987000 Episode Num: 987 Episode T: 1000 Reward: 6770.849
Total T: 988000 Episode Num: 988 Episode T: 1000 Reward: 6386.349
Total T: 989000 Episode Num: 989 Episode T: 1000 Reward: 7430.056
Total T: 990000 Episode Num: 990 Episode T: 1000 Reward: 7238.635
---------------------------------------
Evaluation over 10 episodes: 7253.609
---------------------------------------
Total T: 991000 Episode Num: 991 Episode T: 1000 Reward: 7514.413
Total T: 992000 Episode Num: 992 Episode T: 1000 Reward: 7268.389
Total T: 993000 Episode Num: 993 Episode T: 1000 Reward: 7214.276
Total T: 994000 Episode Num: 994 Episode T: 1000 Reward: 6597.005
Total T: 995000 Episode Num: 995 Episode T: 1000 Reward: 7112.238
---------------------------------------
Evaluation over 10 episodes: 7155.869
---------------------------------------
Total T: 996000 Episode Num: 996 Episode T: 1000 Reward: 6922.155
Total T: 997000 Episode Num: 997 Episode T: 1000 Reward: 7205.506
Total T: 998000 Episode Num: 998 Episode T: 1000 Reward: 7431.396
Total T: 999000 Episode Num: 999 Episode T: 1000 Reward: 6943.256
Total T: 1000000 Episode Num: 1000 Episode T: 1000 Reward: 7628.213
---------------------------------------
Evaluation over 10 episodes: 7226.360
---------------------------------------
