---------------------------------------
Policy: TD3, Env: HalfCheetah-v2, Seed: 0
---------------------------------------
---------------------------------------
Evaluation over 10 episodes: -1.043
---------------------------------------
Total T: 1000 Episode Num: 1 Episode T: 1000 Reward: -242.991
Total T: 2000 Episode Num: 2 Episode T: 1000 Reward: -410.623
Total T: 3000 Episode Num: 3 Episode T: 1000 Reward: -301.691
Total T: 4000 Episode Num: 4 Episode T: 1000 Reward: -236.716
Total T: 5000 Episode Num: 5 Episode T: 1000 Reward: -284.547
---------------------------------------
Evaluation over 10 episodes: -1.013
---------------------------------------
Total T: 6000 Episode Num: 6 Episode T: 1000 Reward: -258.766
Total T: 7000 Episode Num: 7 Episode T: 1000 Reward: -453.845
Total T: 8000 Episode Num: 8 Episode T: 1000 Reward: -246.571
Total T: 9000 Episode Num: 9 Episode T: 1000 Reward: -309.792
Total T: 10000 Episode Num: 10 Episode T: 1000 Reward: -188.701
---------------------------------------
Evaluation over 10 episodes: -0.991
---------------------------------------
Total T: 11000 Episode Num: 11 Episode T: 1000 Reward: -356.539
Total T: 12000 Episode Num: 12 Episode T: 1000 Reward: -401.081
Total T: 13000 Episode Num: 13 Episode T: 1000 Reward: -383.255
Total T: 14000 Episode Num: 14 Episode T: 1000 Reward: -256.563
Total T: 15000 Episode Num: 15 Episode T: 1000 Reward: -282.825
---------------------------------------
Evaluation over 10 episodes: -1.025
---------------------------------------
Total T: 16000 Episode Num: 16 Episode T: 1000 Reward: -212.310
Total T: 17000 Episode Num: 17 Episode T: 1000 Reward: -301.836
Total T: 18000 Episode Num: 18 Episode T: 1000 Reward: -307.289
Total T: 19000 Episode Num: 19 Episode T: 1000 Reward: -201.910
Total T: 20000 Episode Num: 20 Episode T: 1000 Reward: -316.318
---------------------------------------
Evaluation over 10 episodes: -0.987
---------------------------------------
Total T: 21000 Episode Num: 21 Episode T: 1000 Reward: -214.639
Total T: 22000 Episode Num: 22 Episode T: 1000 Reward: -256.419
Total T: 23000 Episode Num: 23 Episode T: 1000 Reward: -283.272
Total T: 24000 Episode Num: 24 Episode T: 1000 Reward: -276.355
Total T: 25000 Episode Num: 25 Episode T: 1000 Reward: -354.933
---------------------------------------
Evaluation over 10 episodes: -0.999
---------------------------------------
Total T: 26000 Episode Num: 26 Episode T: 1000 Reward: -317.679
Total T: 27000 Episode Num: 27 Episode T: 1000 Reward: -307.465
Total T: 28000 Episode Num: 28 Episode T: 1000 Reward: -405.110
Total T: 29000 Episode Num: 29 Episode T: 1000 Reward: -378.270
Total T: 30000 Episode Num: 30 Episode T: 1000 Reward: -368.913
---------------------------------------
Evaluation over 10 episodes: -403.463
---------------------------------------
Total T: 31000 Episode Num: 31 Episode T: 1000 Reward: -414.891
Total T: 32000 Episode Num: 32 Episode T: 1000 Reward: -393.854
Total T: 33000 Episode Num: 33 Episode T: 1000 Reward: -386.426
Total T: 34000 Episode Num: 34 Episode T: 1000 Reward: -405.463
Total T: 35000 Episode Num: 35 Episode T: 1000 Reward: -384.255
---------------------------------------
Evaluation over 10 episodes: -357.604
---------------------------------------
Total T: 36000 Episode Num: 36 Episode T: 1000 Reward: -353.735
Total T: 37000 Episode Num: 37 Episode T: 1000 Reward: -306.763
Total T: 38000 Episode Num: 38 Episode T: 1000 Reward: -362.535
Total T: 39000 Episode Num: 39 Episode T: 1000 Reward: -304.958
Total T: 40000 Episode Num: 40 Episode T: 1000 Reward: -258.186
---------------------------------------
Evaluation over 10 episodes: -185.661
---------------------------------------
Total T: 41000 Episode Num: 41 Episode T: 1000 Reward: -143.793
Total T: 42000 Episode Num: 42 Episode T: 1000 Reward: 1092.194
Total T: 43000 Episode Num: 43 Episode T: 1000 Reward: -120.318
Total T: 44000 Episode Num: 44 Episode T: 1000 Reward: 842.874
Total T: 45000 Episode Num: 45 Episode T: 1000 Reward: 241.507
---------------------------------------
Evaluation over 10 episodes: 383.923
---------------------------------------
Total T: 46000 Episode Num: 46 Episode T: 1000 Reward: 317.523
Total T: 47000 Episode Num: 47 Episode T: 1000 Reward: 888.518
Total T: 48000 Episode Num: 48 Episode T: 1000 Reward: 1248.114
Total T: 49000 Episode Num: 49 Episode T: 1000 Reward: 1513.120
Total T: 50000 Episode Num: 50 Episode T: 1000 Reward: 1587.707
---------------------------------------
Evaluation over 10 episodes: 1551.298
---------------------------------------
Total T: 51000 Episode Num: 51 Episode T: 1000 Reward: 1830.664
Total T: 52000 Episode Num: 52 Episode T: 1000 Reward: 2031.930
Total T: 53000 Episode Num: 53 Episode T: 1000 Reward: 2208.559
Total T: 54000 Episode Num: 54 Episode T: 1000 Reward: 2288.034
Total T: 55000 Episode Num: 55 Episode T: 1000 Reward: 2193.931
---------------------------------------
Evaluation over 10 episodes: 2357.964
---------------------------------------
Total T: 56000 Episode Num: 56 Episode T: 1000 Reward: 2760.352
Total T: 57000 Episode Num: 57 Episode T: 1000 Reward: 2821.157
Total T: 58000 Episode Num: 58 Episode T: 1000 Reward: 2600.284
Total T: 59000 Episode Num: 59 Episode T: 1000 Reward: 2704.078
Total T: 60000 Episode Num: 60 Episode T: 1000 Reward: 2912.869
---------------------------------------
Evaluation over 10 episodes: 2924.045
---------------------------------------
Total T: 61000 Episode Num: 61 Episode T: 1000 Reward: 2834.179
Total T: 62000 Episode Num: 62 Episode T: 1000 Reward: 2986.424
Total T: 63000 Episode Num: 63 Episode T: 1000 Reward: 2930.214
Total T: 64000 Episode Num: 64 Episode T: 1000 Reward: 2677.886
Total T: 65000 Episode Num: 65 Episode T: 1000 Reward: 2733.645
---------------------------------------
Evaluation over 10 episodes: 3081.322
---------------------------------------
Total T: 66000 Episode Num: 66 Episode T: 1000 Reward: 3166.822
Total T: 67000 Episode Num: 67 Episode T: 1000 Reward: 3138.423
Total T: 68000 Episode Num: 68 Episode T: 1000 Reward: 2879.252
Total T: 69000 Episode Num: 69 Episode T: 1000 Reward: 3159.030
Total T: 70000 Episode Num: 70 Episode T: 1000 Reward: 3088.794
---------------------------------------
Evaluation over 10 episodes: 3036.820
---------------------------------------
Total T: 71000 Episode Num: 71 Episode T: 1000 Reward: 3155.525
Total T: 72000 Episode Num: 72 Episode T: 1000 Reward: 3417.671
Total T: 73000 Episode Num: 73 Episode T: 1000 Reward: 3429.128
Total T: 74000 Episode Num: 74 Episode T: 1000 Reward: 3524.677
Total T: 75000 Episode Num: 75 Episode T: 1000 Reward: 3318.665
---------------------------------------
Evaluation over 10 episodes: 3715.202
---------------------------------------
Total T: 76000 Episode Num: 76 Episode T: 1000 Reward: 3636.510
Total T: 77000 Episode Num: 77 Episode T: 1000 Reward: 3769.439
Total T: 78000 Episode Num: 78 Episode T: 1000 Reward: 3760.255
Total T: 79000 Episode Num: 79 Episode T: 1000 Reward: 3563.742
Total T: 80000 Episode Num: 80 Episode T: 1000 Reward: 3939.844
---------------------------------------
Evaluation over 10 episodes: 3614.108
---------------------------------------
Total T: 81000 Episode Num: 81 Episode T: 1000 Reward: 4057.911
Total T: 82000 Episode Num: 82 Episode T: 1000 Reward: 4129.235
Total T: 83000 Episode Num: 83 Episode T: 1000 Reward: 4302.753
Total T: 84000 Episode Num: 84 Episode T: 1000 Reward: 4121.280
Total T: 85000 Episode Num: 85 Episode T: 1000 Reward: 4143.292
---------------------------------------
Evaluation over 10 episodes: 4200.863
---------------------------------------
Total T: 86000 Episode Num: 86 Episode T: 1000 Reward: 4100.412
Total T: 87000 Episode Num: 87 Episode T: 1000 Reward: 4200.605
Total T: 88000 Episode Num: 88 Episode T: 1000 Reward: 4361.308
Total T: 89000 Episode Num: 89 Episode T: 1000 Reward: 4204.257
Total T: 90000 Episode Num: 90 Episode T: 1000 Reward: 4185.915
---------------------------------------
Evaluation over 10 episodes: 4341.720
---------------------------------------
Total T: 91000 Episode Num: 91 Episode T: 1000 Reward: 4365.958
Total T: 92000 Episode Num: 92 Episode T: 1000 Reward: 4315.105
Total T: 93000 Episode Num: 93 Episode T: 1000 Reward: 4358.108
Total T: 94000 Episode Num: 94 Episode T: 1000 Reward: 4368.407
Total T: 95000 Episode Num: 95 Episode T: 1000 Reward: 4419.579
---------------------------------------
Evaluation over 10 episodes: 4610.120
---------------------------------------
Total T: 96000 Episode Num: 96 Episode T: 1000 Reward: 4634.282
Total T: 97000 Episode Num: 97 Episode T: 1000 Reward: 4580.501
Total T: 98000 Episode Num: 98 Episode T: 1000 Reward: 4421.542
Total T: 99000 Episode Num: 99 Episode T: 1000 Reward: 4669.698
Total T: 100000 Episode Num: 100 Episode T: 1000 Reward: 4668.550
---------------------------------------
Evaluation over 10 episodes: 4748.645
---------------------------------------
Total T: 101000 Episode Num: 101 Episode T: 1000 Reward: 4661.960
Total T: 102000 Episode Num: 102 Episode T: 1000 Reward: 4783.967
Total T: 103000 Episode Num: 103 Episode T: 1000 Reward: 4654.141
Total T: 104000 Episode Num: 104 Episode T: 1000 Reward: 4656.761
Total T: 105000 Episode Num: 105 Episode T: 1000 Reward: 4809.950
---------------------------------------
Evaluation over 10 episodes: 4745.853
---------------------------------------
Total T: 106000 Episode Num: 106 Episode T: 1000 Reward: 4768.684
Total T: 107000 Episode Num: 107 Episode T: 1000 Reward: 4734.250
Total T: 108000 Episode Num: 108 Episode T: 1000 Reward: 4854.139
Total T: 109000 Episode Num: 109 Episode T: 1000 Reward: 4699.713
Total T: 110000 Episode Num: 110 Episode T: 1000 Reward: 4803.080
---------------------------------------
Evaluation over 10 episodes: 4788.878
---------------------------------------
Total T: 111000 Episode Num: 111 Episode T: 1000 Reward: 4708.480
Total T: 112000 Episode Num: 112 Episode T: 1000 Reward: 4960.020
Total T: 113000 Episode Num: 113 Episode T: 1000 Reward: 4847.590
Total T: 114000 Episode Num: 114 Episode T: 1000 Reward: 4694.671
Total T: 115000 Episode Num: 115 Episode T: 1000 Reward: 4807.911
---------------------------------------
Evaluation over 10 episodes: 4934.509
---------------------------------------
Total T: 116000 Episode Num: 116 Episode T: 1000 Reward: 4803.535
Total T: 117000 Episode Num: 117 Episode T: 1000 Reward: 4878.011
Total T: 118000 Episode Num: 118 Episode T: 1000 Reward: 4730.688
Total T: 119000 Episode Num: 119 Episode T: 1000 Reward: 4878.446
Total T: 120000 Episode Num: 120 Episode T: 1000 Reward: 4998.186
---------------------------------------
Evaluation over 10 episodes: 4976.645
---------------------------------------
Total T: 121000 Episode Num: 121 Episode T: 1000 Reward: 5018.876
Total T: 122000 Episode Num: 122 Episode T: 1000 Reward: 4979.627
Total T: 123000 Episode Num: 123 Episode T: 1000 Reward: 5017.477
Total T: 124000 Episode Num: 124 Episode T: 1000 Reward: 4992.937
Total T: 125000 Episode Num: 125 Episode T: 1000 Reward: 5061.378
---------------------------------------
Evaluation over 10 episodes: 5071.394
---------------------------------------
Total T: 126000 Episode Num: 126 Episode T: 1000 Reward: 4954.295
Total T: 127000 Episode Num: 127 Episode T: 1000 Reward: 5004.752
Total T: 128000 Episode Num: 128 Episode T: 1000 Reward: 5039.483
Total T: 129000 Episode Num: 129 Episode T: 1000 Reward: 5027.731
Total T: 130000 Episode Num: 130 Episode T: 1000 Reward: 5038.963
---------------------------------------
Evaluation over 10 episodes: 5062.201
---------------------------------------
Total T: 131000 Episode Num: 131 Episode T: 1000 Reward: 5096.126
Total T: 132000 Episode Num: 132 Episode T: 1000 Reward: 5113.393
Total T: 133000 Episode Num: 133 Episode T: 1000 Reward: 5156.762
Total T: 134000 Episode Num: 134 Episode T: 1000 Reward: 5147.084
Total T: 135000 Episode Num: 135 Episode T: 1000 Reward: 5054.784
---------------------------------------
Evaluation over 10 episodes: 5044.388
---------------------------------------
Total T: 136000 Episode Num: 136 Episode T: 1000 Reward: 5097.798
Total T: 137000 Episode Num: 137 Episode T: 1000 Reward: 5212.733
Total T: 138000 Episode Num: 138 Episode T: 1000 Reward: 5170.560
Total T: 139000 Episode Num: 139 Episode T: 1000 Reward: 5206.052
Total T: 140000 Episode Num: 140 Episode T: 1000 Reward: 5125.884
---------------------------------------
Evaluation over 10 episodes: 5324.292
---------------------------------------
Total T: 141000 Episode Num: 141 Episode T: 1000 Reward: 5166.523
Total T: 142000 Episode Num: 142 Episode T: 1000 Reward: 5245.900
Total T: 143000 Episode Num: 143 Episode T: 1000 Reward: 5281.586
Total T: 144000 Episode Num: 144 Episode T: 1000 Reward: 5167.621
Total T: 145000 Episode Num: 145 Episode T: 1000 Reward: 5172.990
---------------------------------------
Evaluation over 10 episodes: 5131.769
---------------------------------------
Total T: 146000 Episode Num: 146 Episode T: 1000 Reward: 5242.960
Total T: 147000 Episode Num: 147 Episode T: 1000 Reward: 5289.646
Total T: 148000 Episode Num: 148 Episode T: 1000 Reward: 5194.562
Total T: 149000 Episode Num: 149 Episode T: 1000 Reward: 5330.499
Total T: 150000 Episode Num: 150 Episode T: 1000 Reward: 5274.113
---------------------------------------
Evaluation over 10 episodes: 5399.492
---------------------------------------
Total T: 151000 Episode Num: 151 Episode T: 1000 Reward: 5289.813
Total T: 152000 Episode Num: 152 Episode T: 1000 Reward: 5278.683
Total T: 153000 Episode Num: 153 Episode T: 1000 Reward: 5283.021
Total T: 154000 Episode Num: 154 Episode T: 1000 Reward: 5301.699
Total T: 155000 Episode Num: 155 Episode T: 1000 Reward: 5415.852
---------------------------------------
Evaluation over 10 episodes: 5441.935
---------------------------------------
Total T: 156000 Episode Num: 156 Episode T: 1000 Reward: 5308.944
Total T: 157000 Episode Num: 157 Episode T: 1000 Reward: 5274.441
Total T: 158000 Episode Num: 158 Episode T: 1000 Reward: 5430.722
Total T: 159000 Episode Num: 159 Episode T: 1000 Reward: 5313.389
Total T: 160000 Episode Num: 160 Episode T: 1000 Reward: 5612.143
---------------------------------------
Evaluation over 10 episodes: 5502.827
---------------------------------------
Total T: 161000 Episode Num: 161 Episode T: 1000 Reward: 5370.234
Total T: 162000 Episode Num: 162 Episode T: 1000 Reward: 5461.179
Total T: 163000 Episode Num: 163 Episode T: 1000 Reward: 5391.646
Total T: 164000 Episode Num: 164 Episode T: 1000 Reward: 5596.197
Total T: 165000 Episode Num: 165 Episode T: 1000 Reward: 5434.681
---------------------------------------
Evaluation over 10 episodes: 5488.453
---------------------------------------
Total T: 166000 Episode Num: 166 Episode T: 1000 Reward: 5517.693
Total T: 167000 Episode Num: 167 Episode T: 1000 Reward: 5449.653
Total T: 168000 Episode Num: 168 Episode T: 1000 Reward: 5439.344
Total T: 169000 Episode Num: 169 Episode T: 1000 Reward: 5670.022
Total T: 170000 Episode Num: 170 Episode T: 1000 Reward: 5391.189
---------------------------------------
Evaluation over 10 episodes: 5644.484
---------------------------------------
Total T: 171000 Episode Num: 171 Episode T: 1000 Reward: 5546.185
Total T: 172000 Episode Num: 172 Episode T: 1000 Reward: 5515.370
Total T: 173000 Episode Num: 173 Episode T: 1000 Reward: 5600.101
Total T: 174000 Episode Num: 174 Episode T: 1000 Reward: 5558.767
Total T: 175000 Episode Num: 175 Episode T: 1000 Reward: 5624.374
---------------------------------------
Evaluation over 10 episodes: 5517.452
---------------------------------------
Total T: 176000 Episode Num: 176 Episode T: 1000 Reward: 5519.248
Total T: 177000 Episode Num: 177 Episode T: 1000 Reward: 5434.450
Total T: 178000 Episode Num: 178 Episode T: 1000 Reward: 5559.988
Total T: 179000 Episode Num: 179 Episode T: 1000 Reward: 5402.698
Total T: 180000 Episode Num: 180 Episode T: 1000 Reward: 5507.533
---------------------------------------
Evaluation over 10 episodes: 5555.710
---------------------------------------
Total T: 181000 Episode Num: 181 Episode T: 1000 Reward: 5577.655
Total T: 182000 Episode Num: 182 Episode T: 1000 Reward: 5720.474
Total T: 183000 Episode Num: 183 Episode T: 1000 Reward: 5646.747
Total T: 184000 Episode Num: 184 Episode T: 1000 Reward: 5510.564
Total T: 185000 Episode Num: 185 Episode T: 1000 Reward: 5427.507