---------------------------------------
Policy: TD3, Env: HalfCheetah-v2, Seed: 0
---------------------------------------
---------------------------------------
Evaluation over 10 episodes: -0.875
---------------------------------------
Total T: 1000 Episode Num: 1 Episode T: 1000 Reward: -189.636
Total T: 2000 Episode Num: 2 Episode T: 1000 Reward: -336.460
Total T: 3000 Episode Num: 3 Episode T: 1000 Reward: -335.924
Total T: 4000 Episode Num: 4 Episode T: 1000 Reward: -352.190
Total T: 5000 Episode Num: 5 Episode T: 1000 Reward: -265.037
---------------------------------------
Evaluation over 10 episodes: -0.867
---------------------------------------
Total T: 6000 Episode Num: 6 Episode T: 1000 Reward: -278.915
Total T: 7000 Episode Num: 7 Episode T: 1000 Reward: -232.114
Total T: 8000 Episode Num: 8 Episode T: 1000 Reward: -167.234
Total T: 9000 Episode Num: 9 Episode T: 1000 Reward: -322.715
Total T: 10000 Episode Num: 10 Episode T: 1000 Reward: -177.134
---------------------------------------
Evaluation over 10 episodes: -0.866
---------------------------------------
Total T: 11000 Episode Num: 11 Episode T: 1000 Reward: -334.278
Total T: 12000 Episode Num: 12 Episode T: 1000 Reward: -299.764
Total T: 13000 Episode Num: 13 Episode T: 1000 Reward: -176.098
Total T: 14000 Episode Num: 14 Episode T: 1000 Reward: -244.054
Total T: 15000 Episode Num: 15 Episode T: 1000 Reward: -306.737
---------------------------------------
Evaluation over 10 episodes: -0.872
---------------------------------------
Total T: 16000 Episode Num: 16 Episode T: 1000 Reward: -234.132
Total T: 17000 Episode Num: 17 Episode T: 1000 Reward: -233.093
Total T: 18000 Episode Num: 18 Episode T: 1000 Reward: -247.701
Total T: 19000 Episode Num: 19 Episode T: 1000 Reward: -223.716
Total T: 20000 Episode Num: 20 Episode T: 1000 Reward: -328.453
---------------------------------------
Evaluation over 10 episodes: -0.856
---------------------------------------
Total T: 21000 Episode Num: 21 Episode T: 1000 Reward: -233.515
Total T: 22000 Episode Num: 22 Episode T: 1000 Reward: -474.503
Total T: 23000 Episode Num: 23 Episode T: 1000 Reward: -335.168
Total T: 24000 Episode Num: 24 Episode T: 1000 Reward: -253.479
Total T: 25000 Episode Num: 25 Episode T: 1000 Reward: -247.125
---------------------------------------
Evaluation over 10 episodes: -0.855
---------------------------------------
Total T: 26000 Episode Num: 26 Episode T: 1000 Reward: -188.326
Total T: 27000 Episode Num: 27 Episode T: 1000 Reward: -268.464
Total T: 28000 Episode Num: 28 Episode T: 1000 Reward: -275.629
Total T: 29000 Episode Num: 29 Episode T: 1000 Reward: -336.152
Total T: 30000 Episode Num: 30 Episode T: 1000 Reward: -400.383
---------------------------------------
Evaluation over 10 episodes: -418.780
---------------------------------------
Total T: 31000 Episode Num: 31 Episode T: 1000 Reward: -460.293
Total T: 32000 Episode Num: 32 Episode T: 1000 Reward: -460.821
Total T: 33000 Episode Num: 33 Episode T: 1000 Reward: -452.150
Total T: 34000 Episode Num: 34 Episode T: 1000 Reward: -460.228
Total T: 35000 Episode Num: 35 Episode T: 1000 Reward: -323.600
---------------------------------------
Evaluation over 10 episodes: -396.436
---------------------------------------
Total T: 36000 Episode Num: 36 Episode T: 1000 Reward: -219.493
Total T: 37000 Episode Num: 37 Episode T: 1000 Reward: -294.020
Total T: 38000 Episode Num: 38 Episode T: 1000 Reward: -260.441
Total T: 39000 Episode Num: 39 Episode T: 1000 Reward: -322.297
Total T: 40000 Episode Num: 40 Episode T: 1000 Reward: -323.718
---------------------------------------
Evaluation over 10 episodes: -195.931
---------------------------------------
Total T: 41000 Episode Num: 41 Episode T: 1000 Reward: -320.650
Total T: 42000 Episode Num: 42 Episode T: 1000 Reward: -307.955
Total T: 43000 Episode Num: 43 Episode T: 1000 Reward: -234.300
Total T: 44000 Episode Num: 44 Episode T: 1000 Reward: -260.606
Total T: 45000 Episode Num: 45 Episode T: 1000 Reward: -263.612
---------------------------------------
Evaluation over 10 episodes: -185.629
---------------------------------------
Total T: 46000 Episode Num: 46 Episode T: 1000 Reward: -222.187
Total T: 47000 Episode Num: 47 Episode T: 1000 Reward: -208.465
Total T: 48000 Episode Num: 48 Episode T: 1000 Reward: -129.090
Total T: 49000 Episode Num: 49 Episode T: 1000 Reward: -178.852
Total T: 50000 Episode Num: 50 Episode T: 1000 Reward: -116.002
---------------------------------------
Evaluation over 10 episodes: -0.803
---------------------------------------
Total T: 51000 Episode Num: 51 Episode T: 1000 Reward: -39.294
Total T: 52000 Episode Num: 52 Episode T: 1000 Reward: -50.320
Total T: 53000 Episode Num: 53 Episode T: 1000 Reward: 28.592
Total T: 54000 Episode Num: 54 Episode T: 1000 Reward: -175.314
Total T: 55000 Episode Num: 55 Episode T: 1000 Reward: -48.217
---------------------------------------
Evaluation over 10 episodes: 116.606
---------------------------------------
Total T: 56000 Episode Num: 56 Episode T: 1000 Reward: 277.472
Total T: 57000 Episode Num: 57 Episode T: 1000 Reward: 411.727
Total T: 58000 Episode Num: 58 Episode T: 1000 Reward: -5.869
Total T: 59000 Episode Num: 59 Episode T: 1000 Reward: -1.642
Total T: 60000 Episode Num: 60 Episode T: 1000 Reward: -16.997
---------------------------------------
Evaluation over 10 episodes: 153.178
---------------------------------------
Total T: 61000 Episode Num: 61 Episode T: 1000 Reward: 291.169
Total T: 62000 Episode Num: 62 Episode T: 1000 Reward: 3.040
Total T: 63000 Episode Num: 63 Episode T: 1000 Reward: 843.352
Total T: 64000 Episode Num: 64 Episode T: 1000 Reward: 330.594
Total T: 65000 Episode Num: 65 Episode T: 1000 Reward: 188.146
---------------------------------------
Evaluation over 10 episodes: 154.638
---------------------------------------
Total T: 66000 Episode Num: 66 Episode T: 1000 Reward: 455.464
Total T: 67000 Episode Num: 67 Episode T: 1000 Reward: 89.519
Total T: 68000 Episode Num: 68 Episode T: 1000 Reward: 814.531
Total T: 69000 Episode Num: 69 Episode T: 1000 Reward: -14.415
Total T: 70000 Episode Num: 70 Episode T: 1000 Reward: 461.500
---------------------------------------
Evaluation over 10 episodes: 228.427
---------------------------------------
Total T: 71000 Episode Num: 71 Episode T: 1000 Reward: 11.645
Total T: 72000 Episode Num: 72 Episode T: 1000 Reward: 967.249
Total T: 73000 Episode Num: 73 Episode T: 1000 Reward: 180.896
Total T: 74000 Episode Num: 74 Episode T: 1000 Reward: 812.960
Total T: 75000 Episode Num: 75 Episode T: 1000 Reward: 1345.284
---------------------------------------
Evaluation over 10 episodes: 704.394
---------------------------------------
Total T: 76000 Episode Num: 76 Episode T: 1000 Reward: 849.681
Total T: 77000 Episode Num: 77 Episode T: 1000 Reward: 1277.730
Total T: 78000 Episode Num: 78 Episode T: 1000 Reward: 1307.472
Total T: 79000 Episode Num: 79 Episode T: 1000 Reward: 1435.926
Total T: 80000 Episode Num: 80 Episode T: 1000 Reward: 1421.692
---------------------------------------
Evaluation over 10 episodes: 885.006
---------------------------------------
Total T: 81000 Episode Num: 81 Episode T: 1000 Reward: 202.626
Total T: 82000 Episode Num: 82 Episode T: 1000 Reward: 687.461
Total T: 83000 Episode Num: 83 Episode T: 1000 Reward: 1506.454
Total T: 84000 Episode Num: 84 Episode T: 1000 Reward: 759.997
Total T: 85000 Episode Num: 85 Episode T: 1000 Reward: 888.413
---------------------------------------
Evaluation over 10 episodes: 1035.447
---------------------------------------
Total T: 86000 Episode Num: 86 Episode T: 1000 Reward: 1703.672
Total T: 87000 Episode Num: 87 Episode T: 1000 Reward: 1725.152
Total T: 88000 Episode Num: 88 Episode T: 1000 Reward: 1903.707
Total T: 89000 Episode Num: 89 Episode T: 1000 Reward: 551.844
Total T: 90000 Episode Num: 90 Episode T: 1000 Reward: 2046.796
---------------------------------------
Evaluation over 10 episodes: 1604.955
---------------------------------------
Total T: 91000 Episode Num: 91 Episode T: 1000 Reward: 1912.386
Total T: 92000 Episode Num: 92 Episode T: 1000 Reward: 2185.584
Total T: 93000 Episode Num: 93 Episode T: 1000 Reward: 2292.931
Total T: 94000 Episode Num: 94 Episode T: 1000 Reward: 1822.828
Total T: 95000 Episode Num: 95 Episode T: 1000 Reward: 2548.492
---------------------------------------
Evaluation over 10 episodes: 1747.995
---------------------------------------
Total T: 96000 Episode Num: 96 Episode T: 1000 Reward: 1599.644
Total T: 97000 Episode Num: 97 Episode T: 1000 Reward: 2448.812
Total T: 98000 Episode Num: 98 Episode T: 1000 Reward: 2236.390
Total T: 99000 Episode Num: 99 Episode T: 1000 Reward: 2519.757
Total T: 100000 Episode Num: 100 Episode T: 1000 Reward: 420.374
---------------------------------------
Evaluation over 10 episodes: 1788.873
---------------------------------------
Total T: 101000 Episode Num: 101 Episode T: 1000 Reward: 1566.755
Total T: 102000 Episode Num: 102 Episode T: 1000 Reward: 94.358
Total T: 103000 Episode Num: 103 Episode T: 1000 Reward: 1920.670
Total T: 104000 Episode Num: 104 Episode T: 1000 Reward: -11.275
Total T: 105000 Episode Num: 105 Episode T: 1000 Reward: 394.493
---------------------------------------
Evaluation over 10 episodes: 1006.165
---------------------------------------
Total T: 106000 Episode Num: 106 Episode T: 1000 Reward: -52.564
Total T: 107000 Episode Num: 107 Episode T: 1000 Reward: 722.126
Total T: 108000 Episode Num: 108 Episode T: 1000 Reward: 2122.719
Total T: 109000 Episode Num: 109 Episode T: 1000 Reward: 1942.014
Total T: 110000 Episode Num: 110 Episode T: 1000 Reward: 1605.143
---------------------------------------
Evaluation over 10 episodes: 1642.774
---------------------------------------
Total T: 111000 Episode Num: 111 Episode T: 1000 Reward: 1843.475
Total T: 112000 Episode Num: 112 Episode T: 1000 Reward: 1171.971
Total T: 113000 Episode Num: 113 Episode T: 1000 Reward: 401.380
Total T: 114000 Episode Num: 114 Episode T: 1000 Reward: 362.196
Total T: 115000 Episode Num: 115 Episode T: 1000 Reward: 2237.943
---------------------------------------
Evaluation over 10 episodes: 2496.050
---------------------------------------
Total T: 116000 Episode Num: 116 Episode T: 1000 Reward: 2544.710
Total T: 117000 Episode Num: 117 Episode T: 1000 Reward: 2833.038
Total T: 118000 Episode Num: 118 Episode T: 1000 Reward: 3110.371
Total T: 119000 Episode Num: 119 Episode T: 1000 Reward: 3035.802
Total T: 120000 Episode Num: 120 Episode T: 1000 Reward: 2966.322
---------------------------------------
Evaluation over 10 episodes: 2883.881
---------------------------------------
Total T: 121000 Episode Num: 121 Episode T: 1000 Reward: 2734.149
Total T: 122000 Episode Num: 122 Episode T: 1000 Reward: 2843.174
Total T: 123000 Episode Num: 123 Episode T: 1000 Reward: 2809.169
Total T: 124000 Episode Num: 124 Episode T: 1000 Reward: 2802.171
Total T: 125000 Episode Num: 125 Episode T: 1000 Reward: 2715.883
---------------------------------------
Evaluation over 10 episodes: 2402.387
---------------------------------------
Total T: 126000 Episode Num: 126 Episode T: 1000 Reward: 2810.951
Total T: 127000 Episode Num: 127 Episode T: 1000 Reward: 2496.777
Total T: 128000 Episode Num: 128 Episode T: 1000 Reward: 2353.063
Total T: 129000 Episode Num: 129 Episode T: 1000 Reward: 2732.578
Total T: 130000 Episode Num: 130 Episode T: 1000 Reward: 704.247
---------------------------------------
Evaluation over 10 episodes: 2564.047
---------------------------------------
Total T: 131000 Episode Num: 131 Episode T: 1000 Reward: 2677.725
Total T: 132000 Episode Num: 132 Episode T: 1000 Reward: 2432.367
Total T: 133000 Episode Num: 133 Episode T: 1000 Reward: 2159.667
Total T: 134000 Episode Num: 134 Episode T: 1000 Reward: 2615.288
Total T: 135000 Episode Num: 135 Episode T: 1000 Reward: 2578.105
---------------------------------------
Evaluation over 10 episodes: 2642.686
---------------------------------------
Total T: 136000 Episode Num: 136 Episode T: 1000 Reward: 2697.764
Total T: 137000 Episode Num: 137 Episode T: 1000 Reward: 2667.372
Total T: 138000 Episode Num: 138 Episode T: 1000 Reward: 2655.634
Total T: 139000 Episode Num: 139 Episode T: 1000 Reward: 2606.261
Total T: 140000 Episode Num: 140 Episode T: 1000 Reward: 2600.386
---------------------------------------
Evaluation over 10 episodes: 2702.377
---------------------------------------
Total T: 141000 Episode Num: 141 Episode T: 1000 Reward: 2592.567
Total T: 142000 Episode Num: 142 Episode T: 1000 Reward: 2697.568
Total T: 143000 Episode Num: 143 Episode T: 1000 Reward: 2570.429
Total T: 144000 Episode Num: 144 Episode T: 1000 Reward: 2683.021
Total T: 145000 Episode Num: 145 Episode T: 1000 Reward: 2670.454
---------------------------------------
Evaluation over 10 episodes: 2595.345
---------------------------------------
Total T: 146000 Episode Num: 146 Episode T: 1000 Reward: 2491.375
Total T: 147000 Episode Num: 147 Episode T: 1000 Reward: 2611.446
Total T: 148000 Episode Num: 148 Episode T: 1000 Reward: 2659.832
Total T: 149000 Episode Num: 149 Episode T: 1000 Reward: 2728.852
Total T: 150000 Episode Num: 150 Episode T: 1000 Reward: 2532.335
---------------------------------------
Evaluation over 10 episodes: 2651.466
---------------------------------------
Total T: 151000 Episode Num: 151 Episode T: 1000 Reward: 2623.673
Total T: 152000 Episode Num: 152 Episode T: 1000 Reward: 2488.436
Total T: 153000 Episode Num: 153 Episode T: 1000 Reward: 2566.779
Total T: 154000 Episode Num: 154 Episode T: 1000 Reward: 2602.751
Total T: 155000 Episode Num: 155 Episode T: 1000 Reward: 2528.963
---------------------------------------
Evaluation over 10 episodes: 2464.211
---------------------------------------
Total T: 156000 Episode Num: 156 Episode T: 1000 Reward: 2619.251
Total T: 157000 Episode Num: 157 Episode T: 1000 Reward: 2592.164
Total T: 158000 Episode Num: 158 Episode T: 1000 Reward: 2654.924
Total T: 159000 Episode Num: 159 Episode T: 1000 Reward: 2591.918
Total T: 160000 Episode Num: 160 Episode T: 1000 Reward: 2478.596
---------------------------------------
Evaluation over 10 episodes: 2476.643
---------------------------------------
Total T: 161000 Episode Num: 161 Episode T: 1000 Reward: 2655.554
Total T: 162000 Episode Num: 162 Episode T: 1000 Reward: 2590.992
Total T: 163000 Episode Num: 163 Episode T: 1000 Reward: 2487.176
Total T: 164000 Episode Num: 164 Episode T: 1000 Reward: 2458.218
Total T: 165000 Episode Num: 165 Episode T: 1000 Reward: 2439.633
---------------------------------------
Evaluation over 10 episodes: 2572.642
---------------------------------------
Total T: 166000 Episode Num: 166 Episode T: 1000 Reward: 2469.834
Total T: 167000 Episode Num: 167 Episode T: 1000 Reward: 2577.885
Total T: 168000 Episode Num: 168 Episode T: 1000 Reward: 2527.221
Total T: 169000 Episode Num: 169 Episode T: 1000 Reward: 2444.674
Total T: 170000 Episode Num: 170 Episode T: 1000 Reward: 2275.702
---------------------------------------
Evaluation over 10 episodes: 2246.293
---------------------------------------
Total T: 171000 Episode Num: 171 Episode T: 1000 Reward: 2389.436
Total T: 172000 Episode Num: 172 Episode T: 1000 Reward: 2321.880
Total T: 173000 Episode Num: 173 Episode T: 1000 Reward: 2293.923
Total T: 174000 Episode Num: 174 Episode T: 1000 Reward: 2307.363
Total T: 175000 Episode Num: 175 Episode T: 1000 Reward: 2304.117
---------------------------------------
Evaluation over 10 episodes: 2236.699
---------------------------------------
Total T: 176000 Episode Num: 176 Episode T: 1000 Reward: 2188.845
Total T: 177000 Episode Num: 177 Episode T: 1000 Reward: 2279.468
Total T: 178000 Episode Num: 178 Episode T: 1000 Reward: 2227.929
Total T: 179000 Episode Num: 179 Episode T: 1000 Reward: 2346.627
Total T: 180000 Episode Num: 180 Episode T: 1000 Reward: 2433.026
---------------------------------------
Evaluation over 10 episodes: 2316.644
---------------------------------------
Total T: 181000 Episode Num: 181 Episode T: 1000 Reward: 2445.453
Total T: 182000 Episode Num: 182 Episode T: 1000 Reward: 2315.549
Total T: 183000 Episode Num: 183 Episode T: 1000 Reward: 2336.634
Total T: 184000 Episode Num: 184 Episode T: 1000 Reward: 2336.007
Total T: 185000 Episode Num: 185 Episode T: 1000 Reward: 2323.220
---------------------------------------
Evaluation over 10 episodes: 2293.708
---------------------------------------
Total T: 186000 Episode Num: 186 Episode T: 1000 Reward: 2242.683
Total T: 187000 Episode Num: 187 Episode T: 1000 Reward: 2213.854
Total T: 188000 Episode Num: 188 Episode T: 1000 Reward: 2464.476
Total T: 189000 Episode Num: 189 Episode T: 1000 Reward: 2450.648
Total T: 190000 Episode Num: 190 Episode T: 1000 Reward: 2444.782
---------------------------------------
Evaluation over 10 episodes: 2329.953
---------------------------------------
Total T: 191000 Episode Num: 191 Episode T: 1000 Reward: 2420.071
Total T: 192000 Episode Num: 192 Episode T: 1000 Reward: 2442.209
Total T: 193000 Episode Num: 193 Episode T: 1000 Reward: 2464.499
Total T: 194000 Episode Num: 194 Episode T: 1000 Reward: 2600.377
Total T: 195000 Episode Num: 195 Episode T: 1000 Reward: 2711.898
---------------------------------------
Evaluation over 10 episodes: 2451.981
---------------------------------------
Total T: 196000 Episode Num: 196 Episode T: 1000 Reward: 2627.410
Total T: 197000 Episode Num: 197 Episode T: 1000 Reward: 2640.297
Total T: 198000 Episode Num: 198 Episode T: 1000 Reward: 2618.178
Total T: 199000 Episode Num: 199 Episode T: 1000 Reward: 2653.079
Total T: 200000 Episode Num: 200 Episode T: 1000 Reward: 2633.004
---------------------------------------
Evaluation over 10 episodes: 2657.292
---------------------------------------
Total T: 201000 Episode Num: 201 Episode T: 1000 Reward: 2624.642
Total T: 202000 Episode Num: 202 Episode T: 1000 Reward: 2630.696
Total T: 203000 Episode Num: 203 Episode T: 1000 Reward: 2479.915
Total T: 204000 Episode Num: 204 Episode T: 1000 Reward: 2730.091
Total T: 205000 Episode Num: 205 Episode T: 1000 Reward: 2696.297
---------------------------------------
Evaluation over 10 episodes: 2674.064
---------------------------------------
Total T: 206000 Episode Num: 206 Episode T: 1000 Reward: 2817.516
Total T: 207000 Episode Num: 207 Episode T: 1000 Reward: 2892.699
Total T: 208000 Episode Num: 208 Episode T: 1000 Reward: 2826.504
Total T: 209000 Episode Num: 209 Episode T: 1000 Reward: 2621.857
Total T: 210000 Episode Num: 210 Episode T: 1000 Reward: 2739.204
---------------------------------------
Evaluation over 10 episodes: 2656.864
---------------------------------------
Total T: 211000 Episode Num: 211 Episode T: 1000 Reward: 2662.098
Total T: 212000 Episode Num: 212 Episode T: 1000 Reward: 2725.177
Total T: 213000 Episode Num: 213 Episode T: 1000 Reward: 2666.817
Total T: 214000 Episode Num: 214 Episode T: 1000 Reward: 2345.909
Total T: 215000 Episode Num: 215 Episode T: 1000 Reward: 2571.650
---------------------------------------
Evaluation over 10 episodes: 2628.665
---------------------------------------
Total T: 216000 Episode Num: 216 Episode T: 1000 Reward: 2477.775
Total T: 217000 Episode Num: 217 Episode T: 1000 Reward: 2783.170
Total T: 218000 Episode Num: 218 Episode T: 1000 Reward: 2816.483
Total T: 219000 Episode Num: 219 Episode T: 1000 Reward: 2683.558
Total T: 220000 Episode Num: 220 Episode T: 1000 Reward: 2528.644
---------------------------------------
Evaluation over 10 episodes: 2625.235
---------------------------------------
Total T: 221000 Episode Num: 221 Episode T: 1000 Reward: 2556.805
Total T: 222000 Episode Num: 222 Episode T: 1000 Reward: 2678.553
Total T: 223000 Episode Num: 223 Episode T: 1000 Reward: 2599.412
Total T: 224000 Episode Num: 224 Episode T: 1000 Reward: 2593.776
Total T: 225000 Episode Num: 225 Episode T: 1000 Reward: 2438.671
---------------------------------------
Evaluation over 10 episodes: 2556.794
---------------------------------------
Total T: 226000 Episode Num: 226 Episode T: 1000 Reward: 2689.136
Total T: 227000 Episode Num: 227 Episode T: 1000 Reward: 2644.813
Total T: 228000 Episode Num: 228 Episode T: 1000 Reward: 2503.833
Total T: 229000 Episode Num: 229 Episode T: 1000 Reward: 2631.295
Total T: 230000 Episode Num: 230 Episode T: 1000 Reward: 2706.955
---------------------------------------
Evaluation over 10 episodes: 2623.270
---------------------------------------
Total T: 231000 Episode Num: 231 Episode T: 1000 Reward: 2627.579
Total T: 232000 Episode Num: 232 Episode T: 1000 Reward: 2547.487
Total T: 233000 Episode Num: 233 Episode T: 1000 Reward: 2515.289
Total T: 234000 Episode Num: 234 Episode T: 1000 Reward: 2716.366
Total T: 235000 Episode Num: 235 Episode T: 1000 Reward: 2446.830
---------------------------------------
Evaluation over 10 episodes: 2671.069
---------------------------------------
Total T: 236000 Episode Num: 236 Episode T: 1000 Reward: 2487.560
Total T: 237000 Episode Num: 237 Episode T: 1000 Reward: 2433.175
Total T: 238000 Episode Num: 238 Episode T: 1000 Reward: 2681.942
Total T: 239000 Episode Num: 239 Episode T: 1000 Reward: 2745.571
Total T: 240000 Episode Num: 240 Episode T: 1000 Reward: 2719.296
---------------------------------------
Evaluation over 10 episodes: 2570.379
---------------------------------------
Total T: 241000 Episode Num: 241 Episode T: 1000 Reward: 2899.435
Total T: 242000 Episode Num: 242 Episode T: 1000 Reward: 2666.964
Total T: 243000 Episode Num: 243 Episode T: 1000 Reward: 2828.692
Total T: 244000 Episode Num: 244 Episode T: 1000 Reward: 2690.995
Total T: 245000 Episode Num: 245 Episode T: 1000 Reward: 2667.737
---------------------------------------
Evaluation over 10 episodes: 2589.024
---------------------------------------
Total T: 246000 Episode Num: 246 Episode T: 1000 Reward: 2705.531
Total T: 247000 Episode Num: 247 Episode T: 1000 Reward: 2666.444
Total T: 248000 Episode Num: 248 Episode T: 1000 Reward: 2562.540
Total T: 249000 Episode Num: 249 Episode T: 1000 Reward: 2584.328
Total T: 250000 Episode Num: 250 Episode T: 1000 Reward: 2687.220
---------------------------------------
Evaluation over 10 episodes: 2557.469
---------------------------------------
Total T: 251000 Episode Num: 251 Episode T: 1000 Reward: 2617.078
Total T: 252000 Episode Num: 252 Episode T: 1000 Reward: 2619.656
Total T: 253000 Episode Num: 253 Episode T: 1000 Reward: 2635.717
Total T: 254000 Episode Num: 254 Episode T: 1000 Reward: 2669.874
Total T: 255000 Episode Num: 255 Episode T: 1000 Reward: 2665.192
---------------------------------------
Evaluation over 10 episodes: 2564.777
---------------------------------------
Total T: 256000 Episode Num: 256 Episode T: 1000 Reward: 2723.207
Total T: 257000 Episode Num: 257 Episode T: 1000 Reward: 2739.889
Total T: 258000 Episode Num: 258 Episode T: 1000 Reward: 2438.282
Total T: 259000 Episode Num: 259 Episode T: 1000 Reward: 2749.794
Total T: 260000 Episode Num: 260 Episode T: 1000 Reward: 2761.722
---------------------------------------
Evaluation over 10 episodes: 2540.574
---------------------------------------
Total T: 261000 Episode Num: 261 Episode T: 1000 Reward: 2636.863
Total T: 262000 Episode Num: 262 Episode T: 1000 Reward: 2508.047
Total T: 263000 Episode Num: 263 Episode T: 1000 Reward: 2621.369
Total T: 264000 Episode Num: 264 Episode T: 1000 Reward: 2805.591
Total T: 265000 Episode Num: 265 Episode T: 1000 Reward: 2522.652
---------------------------------------
Evaluation over 10 episodes: 2651.428
---------------------------------------
Total T: 266000 Episode Num: 266 Episode T: 1000 Reward: 2747.039
Total T: 267000 Episode Num: 267 Episode T: 1000 Reward: 2730.439
Total T: 268000 Episode Num: 268 Episode T: 1000 Reward: 2717.383
Total T: 269000 Episode Num: 269 Episode T: 1000 Reward: 2764.506
Total T: 270000 Episode Num: 270 Episode T: 1000 Reward: 2684.942
---------------------------------------
Evaluation over 10 episodes: 2800.644
---------------------------------------
Total T: 271000 Episode Num: 271 Episode T: 1000 Reward: 2776.705
Total T: 272000 Episode Num: 272 Episode T: 1000 Reward: 2816.882
Total T: 273000 Episode Num: 273 Episode T: 1000 Reward: 2890.814
Total T: 274000 Episode Num: 274 Episode T: 1000 Reward: 2855.624
Total T: 275000 Episode Num: 275 Episode T: 1000 Reward: 2690.253
---------------------------------------
Evaluation over 10 episodes: 2798.704
---------------------------------------
Total T: 276000 Episode Num: 276 Episode T: 1000 Reward: 2722.216
Total T: 277000 Episode Num: 277 Episode T: 1000 Reward: 2769.169
Total T: 278000 Episode Num: 278 Episode T: 1000 Reward: 2860.179
Total T: 279000 Episode Num: 279 Episode T: 1000 Reward: 2736.762
Total T: 280000 Episode Num: 280 Episode T: 1000 Reward: 2893.610
---------------------------------------
Evaluation over 10 episodes: 2841.398
---------------------------------------
Total T: 281000 Episode Num: 281 Episode T: 1000 Reward: 2669.794
Total T: 282000 Episode Num: 282 Episode T: 1000 Reward: 2919.525
Total T: 283000 Episode Num: 283 Episode T: 1000 Reward: 2803.752
Total T: 284000 Episode Num: 284 Episode T: 1000 Reward: 3024.681
Total T: 285000 Episode Num: 285 Episode T: 1000 Reward: 2814.814
---------------------------------------
Evaluation over 10 episodes: 2833.966
---------------------------------------
Total T: 286000 Episode Num: 286 Episode T: 1000 Reward: 2915.297
Total T: 287000 Episode Num: 287 Episode T: 1000 Reward: 2874.446
Total T: 288000 Episode Num: 288 Episode T: 1000 Reward: 2864.080
Total T: 289000 Episode Num: 289 Episode T: 1000 Reward: 2719.442
Total T: 290000 Episode Num: 290 Episode T: 1000 Reward: 2958.840
---------------------------------------
Evaluation over 10 episodes: 2872.334
---------------------------------------
Total T: 291000 Episode Num: 291 Episode T: 1000 Reward: 2931.550
Total T: 292000 Episode Num: 292 Episode T: 1000 Reward: 2641.797
Total T: 293000 Episode Num: 293 Episode T: 1000 Reward: 2930.018
Total T: 294000 Episode Num: 294 Episode T: 1000 Reward: 2802.112
Total T: 295000 Episode Num: 295 Episode T: 1000 Reward: 2863.140
---------------------------------------
Evaluation over 10 episodes: 2881.298
---------------------------------------
Total T: 296000 Episode Num: 296 Episode T: 1000 Reward: 2832.264
Total T: 297000 Episode Num: 297 Episode T: 1000 Reward: 2612.282
Total T: 298000 Episode Num: 298 Episode T: 1000 Reward: 2673.388
Total T: 299000 Episode Num: 299 Episode T: 1000 Reward: 2764.332
Total T: 300000 Episode Num: 300 Episode T: 1000 Reward: 2917.203
---------------------------------------
Evaluation over 10 episodes: 2771.000
---------------------------------------
Total T: 301000 Episode Num: 301 Episode T: 1000 Reward: 2790.898
Total T: 302000 Episode Num: 302 Episode T: 1000 Reward: 2817.714
Total T: 303000 Episode Num: 303 Episode T: 1000 Reward: 2891.386
Total T: 304000 Episode Num: 304 Episode T: 1000 Reward: 2904.108
Total T: 305000 Episode Num: 305 Episode T: 1000 Reward: 2889.903
---------------------------------------
Evaluation over 10 episodes: 2820.959
---------------------------------------
Total T: 306000 Episode Num: 306 Episode T: 1000 Reward: 2857.689
Total T: 307000 Episode Num: 307 Episode T: 1000 Reward: 2894.134
Total T: 308000 Episode Num: 308 Episode T: 1000 Reward: 2886.671
Total T: 309000 Episode Num: 309 Episode T: 1000 Reward: 3104.078
Total T: 310000 Episode Num: 310 Episode T: 1000 Reward: 2910.771
---------------------------------------
Evaluation over 10 episodes: 2978.273
---------------------------------------
Total T: 311000 Episode Num: 311 Episode T: 1000 Reward: 3038.806
Total T: 312000 Episode Num: 312 Episode T: 1000 Reward: 3026.140
Total T: 313000 Episode Num: 313 Episode T: 1000 Reward: 2889.545
Total T: 314000 Episode Num: 314 Episode T: 1000 Reward: 2938.227
Total T: 315000 Episode Num: 315 Episode T: 1000 Reward: 2874.694
---------------------------------------
Evaluation over 10 episodes: 2996.358
---------------------------------------
Total T: 316000 Episode Num: 316 Episode T: 1000 Reward: 2967.181
Total T: 317000 Episode Num: 317 Episode T: 1000 Reward: 2894.422
Total T: 318000 Episode Num: 318 Episode T: 1000 Reward: 2987.516
Total T: 319000 Episode Num: 319 Episode T: 1000 Reward: 2941.461
Total T: 320000 Episode Num: 320 Episode T: 1000 Reward: 2780.103
---------------------------------------
Evaluation over 10 episodes: 2906.141
---------------------------------------
Total T: 321000 Episode Num: 321 Episode T: 1000 Reward: 2988.117
Total T: 322000 Episode Num: 322 Episode T: 1000 Reward: 3009.839
Total T: 323000 Episode Num: 323 Episode T: 1000 Reward: 3092.774
Total T: 324000 Episode Num: 324 Episode T: 1000 Reward: 2869.918
Total T: 325000 Episode Num: 325 Episode T: 1000 Reward: 3011.291
---------------------------------------
Evaluation over 10 episodes: 3003.948
---------------------------------------
Total T: 326000 Episode Num: 326 Episode T: 1000 Reward: 3123.323
Total T: 327000 Episode Num: 327 Episode T: 1000 Reward: 2939.211
Total T: 328000 Episode Num: 328 Episode T: 1000 Reward: 3111.962
Total T: 329000 Episode Num: 329 Episode T: 1000 Reward: 3036.830
Total T: 330000 Episode Num: 330 Episode T: 1000 Reward: 3109.505
---------------------------------------
Evaluation over 10 episodes: 3120.269
---------------------------------------
Total T: 331000 Episode Num: 331 Episode T: 1000 Reward: 2951.063
Total T: 332000 Episode Num: 332 Episode T: 1000 Reward: 3038.105
Total T: 333000 Episode Num: 333 Episode T: 1000 Reward: 3091.972
Total T: 334000 Episode Num: 334 Episode T: 1000 Reward: 2879.388
Total T: 335000 Episode Num: 335 Episode T: 1000 Reward: 3016.793
---------------------------------------
Evaluation over 10 episodes: 3066.459
---------------------------------------
Total T: 336000 Episode Num: 336 Episode T: 1000 Reward: 3156.654
Total T: 337000 Episode Num: 337 Episode T: 1000 Reward: 3171.908
Total T: 338000 Episode Num: 338 Episode T: 1000 Reward: 3038.344
Total T: 339000 Episode Num: 339 Episode T: 1000 Reward: 2926.821
Total T: 340000 Episode Num: 340 Episode T: 1000 Reward: 3132.378
---------------------------------------
Evaluation over 10 episodes: 3078.938
---------------------------------------
Total T: 341000 Episode Num: 341 Episode T: 1000 Reward: 3068.176
Total T: 342000 Episode Num: 342 Episode T: 1000 Reward: 3064.762
Total T: 343000 Episode Num: 343 Episode T: 1000 Reward: 3002.269
Total T: 344000 Episode Num: 344 Episode T: 1000 Reward: 3057.780
Total T: 345000 Episode Num: 345 Episode T: 1000 Reward: 2927.595
---------------------------------------
Evaluation over 10 episodes: 3149.234
---------------------------------------
Total T: 346000 Episode Num: 346 Episode T: 1000 Reward: 3063.616
Total T: 347000 Episode Num: 347 Episode T: 1000 Reward: 3106.364
Total T: 348000 Episode Num: 348 Episode T: 1000 Reward: 3077.592
Total T: 349000 Episode Num: 349 Episode T: 1000 Reward: 3149.583
Total T: 350000 Episode Num: 350 Episode T: 1000 Reward: 3135.659
---------------------------------------
Evaluation over 10 episodes: 2991.860
---------------------------------------
Total T: 351000 Episode Num: 351 Episode T: 1000 Reward: 3160.207
Total T: 352000 Episode Num: 352 Episode T: 1000 Reward: 3093.802
Total T: 353000 Episode Num: 353 Episode T: 1000 Reward: 3201.267
Total T: 354000 Episode Num: 354 Episode T: 1000 Reward: 3153.156
Total T: 355000 Episode Num: 355 Episode T: 1000 Reward: 3105.694
---------------------------------------
Evaluation over 10 episodes: 3092.297
---------------------------------------
Total T: 356000 Episode Num: 356 Episode T: 1000 Reward: 3036.196
Total T: 357000 Episode Num: 357 Episode T: 1000 Reward: 3214.860
Total T: 358000 Episode Num: 358 Episode T: 1000 Reward: 3182.333
Total T: 359000 Episode Num: 359 Episode T: 1000 Reward: 3017.861
Total T: 360000 Episode Num: 360 Episode T: 1000 Reward: 3193.823
---------------------------------------
Evaluation over 10 episodes: 3097.602
---------------------------------------
Total T: 361000 Episode Num: 361 Episode T: 1000 Reward: 3208.020
Total T: 362000 Episode Num: 362 Episode T: 1000 Reward: 3228.726
Total T: 363000 Episode Num: 363 Episode T: 1000 Reward: 3100.151
Total T: 364000 Episode Num: 364 Episode T: 1000 Reward: 3219.498
Total T: 365000 Episode Num: 365 Episode T: 1000 Reward: 3137.255
---------------------------------------
Evaluation over 10 episodes: 3215.167
---------------------------------------
Total T: 366000 Episode Num: 366 Episode T: 1000 Reward: 3157.399
Total T: 367000 Episode Num: 367 Episode T: 1000 Reward: 3178.957
Total T: 368000 Episode Num: 368 Episode T: 1000 Reward: 3211.620
Total T: 369000 Episode Num: 369 Episode T: 1000 Reward: 3207.404
Total T: 370000 Episode Num: 370 Episode T: 1000 Reward: 3214.310
---------------------------------------
Evaluation over 10 episodes: 3244.616
---------------------------------------
Total T: 371000 Episode Num: 371 Episode T: 1000 Reward: 3307.434
Total T: 372000 Episode Num: 372 Episode T: 1000 Reward: 3338.103
Total T: 373000 Episode Num: 373 Episode T: 1000 Reward: 3194.280
Total T: 374000 Episode Num: 374 Episode T: 1000 Reward: 3194.098
Total T: 375000 Episode Num: 375 Episode T: 1000 Reward: 3183.459
---------------------------------------
Evaluation over 10 episodes: 3277.902
---------------------------------------
Total T: 376000 Episode Num: 376 Episode T: 1000 Reward: 3278.909
Total T: 377000 Episode Num: 377 Episode T: 1000 Reward: 3240.657
Total T: 378000 Episode Num: 378 Episode T: 1000 Reward: 534.287
Total T: 379000 Episode Num: 379 Episode T: 1000 Reward: 3204.788
Total T: 380000 Episode Num: 380 Episode T: 1000 Reward: 3261.698
---------------------------------------
Evaluation over 10 episodes: 3208.804
---------------------------------------
Total T: 381000 Episode Num: 381 Episode T: 1000 Reward: 3347.953
Total T: 382000 Episode Num: 382 Episode T: 1000 Reward: 3265.214
Total T: 383000 Episode Num: 383 Episode T: 1000 Reward: 3222.012
Total T: 384000 Episode Num: 384 Episode T: 1000 Reward: 3414.566
Total T: 385000 Episode Num: 385 Episode T: 1000 Reward: 3168.637
---------------------------------------
Evaluation over 10 episodes: 3267.591
---------------------------------------
Total T: 386000 Episode Num: 386 Episode T: 1000 Reward: 3326.395
Total T: 387000 Episode Num: 387 Episode T: 1000 Reward: 3163.931
Total T: 388000 Episode Num: 388 Episode T: 1000 Reward: 3210.673
Total T: 389000 Episode Num: 389 Episode T: 1000 Reward: 3257.597
Total T: 390000 Episode Num: 390 Episode T: 1000 Reward: 3322.849
---------------------------------------
Evaluation over 10 episodes: 3288.266
---------------------------------------
Total T: 391000 Episode Num: 391 Episode T: 1000 Reward: 3405.460
Total T: 392000 Episode Num: 392 Episode T: 1000 Reward: 3363.145
Total T: 393000 Episode Num: 393 Episode T: 1000 Reward: 3294.644
Total T: 394000 Episode Num: 394 Episode T: 1000 Reward: 3187.941
Total T: 395000 Episode Num: 395 Episode T: 1000 Reward: 3271.741
---------------------------------------
Evaluation over 10 episodes: 3269.266
---------------------------------------
Total T: 396000 Episode Num: 396 Episode T: 1000 Reward: 3390.939
Total T: 397000 Episode Num: 397 Episode T: 1000 Reward: 3156.384
Total T: 398000 Episode Num: 398 Episode T: 1000 Reward: 3331.305
Total T: 399000 Episode Num: 399 Episode T: 1000 Reward: 3445.452
Total T: 400000 Episode Num: 400 Episode T: 1000 Reward: 3344.404
---------------------------------------
Evaluation over 10 episodes: 3442.860
---------------------------------------
Total T: 401000 Episode Num: 401 Episode T: 1000 Reward: 3305.085
Total T: 402000 Episode Num: 402 Episode T: 1000 Reward: 3552.510
Total T: 403000 Episode Num: 403 Episode T: 1000 Reward: 3354.086
Total T: 404000 Episode Num: 404 Episode T: 1000 Reward: 3269.483
Total T: 405000 Episode Num: 405 Episode T: 1000 Reward: 3302.609
---------------------------------------
Evaluation over 10 episodes: 3354.102
---------------------------------------
Total T: 406000 Episode Num: 406 Episode T: 1000 Reward: 3386.592
Total T: 407000 Episode Num: 407 Episode T: 1000 Reward: 3307.771
Total T: 408000 Episode Num: 408 Episode T: 1000 Reward: 3171.429
Total T: 409000 Episode Num: 409 Episode T: 1000 Reward: 3347.597
Total T: 410000 Episode Num: 410 Episode T: 1000 Reward: 3476.547
---------------------------------------
Evaluation over 10 episodes: 3358.607
---------------------------------------
Total T: 411000 Episode Num: 411 Episode T: 1000 Reward: 3362.534
Total T: 412000 Episode Num: 412 Episode T: 1000 Reward: 3390.401
Total T: 413000 Episode Num: 413 Episode T: 1000 Reward: 3400.883
Total T: 414000 Episode Num: 414 Episode T: 1000 Reward: 3455.331
Total T: 415000 Episode Num: 415 Episode T: 1000 Reward: 3344.505
---------------------------------------
Evaluation over 10 episodes: 3479.967
---------------------------------------
Total T: 416000 Episode Num: 416 Episode T: 1000 Reward: 3379.066
Total T: 417000 Episode Num: 417 Episode T: 1000 Reward: 3425.069
Total T: 418000 Episode Num: 418 Episode T: 1000 Reward: 3575.344
Total T: 419000 Episode Num: 419 Episode T: 1000 Reward: 3435.099
Total T: 420000 Episode Num: 420 Episode T: 1000 Reward: 3605.234
---------------------------------------
Evaluation over 10 episodes: 3510.020
---------------------------------------
Total T: 421000 Episode Num: 421 Episode T: 1000 Reward: 3286.438
Total T: 422000 Episode Num: 422 Episode T: 1000 Reward: 3480.070
Total T: 423000 Episode Num: 423 Episode T: 1000 Reward: 3408.210
Total T: 424000 Episode Num: 424 Episode T: 1000 Reward: 3489.249
Total T: 425000 Episode Num: 425 Episode T: 1000 Reward: 3643.768
---------------------------------------
Evaluation over 10 episodes: 3592.488
---------------------------------------
Total T: 426000 Episode Num: 426 Episode T: 1000 Reward: 3516.842
Total T: 427000 Episode Num: 427 Episode T: 1000 Reward: 3562.800
Total T: 428000 Episode Num: 428 Episode T: 1000 Reward: 3677.349
Total T: 429000 Episode Num: 429 Episode T: 1000 Reward: 3703.534
Total T: 430000 Episode Num: 430 Episode T: 1000 Reward: 3427.952
---------------------------------------
Evaluation over 10 episodes: 3486.361
---------------------------------------
Total T: 431000 Episode Num: 431 Episode T: 1000 Reward: 3513.982
Total T: 432000 Episode Num: 432 Episode T: 1000 Reward: 3724.294
Total T: 433000 Episode Num: 433 Episode T: 1000 Reward: 3611.702
Total T: 434000 Episode Num: 434 Episode T: 1000 Reward: 3546.543
Total T: 435000 Episode Num: 435 Episode T: 1000 Reward: 3641.236
---------------------------------------
Evaluation over 10 episodes: 3657.902
---------------------------------------
Total T: 436000 Episode Num: 436 Episode T: 1000 Reward: 3747.423
Total T: 437000 Episode Num: 437 Episode T: 1000 Reward: 3523.711
Total T: 438000 Episode Num: 438 Episode T: 1000 Reward: 3575.514
Total T: 439000 Episode Num: 439 Episode T: 1000 Reward: 3596.963
Total T: 440000 Episode Num: 440 Episode T: 1000 Reward: 3559.451
---------------------------------------
Evaluation over 10 episodes: 3551.485
---------------------------------------
Total T: 441000 Episode Num: 441 Episode T: 1000 Reward: 3593.642
Total T: 442000 Episode Num: 442 Episode T: 1000 Reward: 3774.611
Total T: 443000 Episode Num: 443 Episode T: 1000 Reward: 3753.722
Total T: 444000 Episode Num: 444 Episode T: 1000 Reward: 3566.864
Total T: 445000 Episode Num: 445 Episode T: 1000 Reward: 3588.159
---------------------------------------
Evaluation over 10 episodes: 3778.772
---------------------------------------
Total T: 446000 Episode Num: 446 Episode T: 1000 Reward: 3655.752
Total T: 447000 Episode Num: 447 Episode T: 1000 Reward: 3723.099
Total T: 448000 Episode Num: 448 Episode T: 1000 Reward: 3720.214
Total T: 449000 Episode Num: 449 Episode T: 1000 Reward: 3428.160
Total T: 450000 Episode Num: 450 Episode T: 1000 Reward: 3814.450
---------------------------------------
Evaluation over 10 episodes: 3681.440
---------------------------------------
Total T: 451000 Episode Num: 451 Episode T: 1000 Reward: 3810.737
Total T: 452000 Episode Num: 452 Episode T: 1000 Reward: 3745.672
Total T: 453000 Episode Num: 453 Episode T: 1000 Reward: 3659.919
Total T: 454000 Episode Num: 454 Episode T: 1000 Reward: 3845.134
Total T: 455000 Episode Num: 455 Episode T: 1000 Reward: 3670.279
---------------------------------------
Evaluation over 10 episodes: 3709.886
---------------------------------------
Total T: 456000 Episode Num: 456 Episode T: 1000 Reward: 3809.038
Total T: 457000 Episode Num: 457 Episode T: 1000 Reward: 3734.903
Total T: 458000 Episode Num: 458 Episode T: 1000 Reward: 3717.915
Total T: 459000 Episode Num: 459 Episode T: 1000 Reward: 3886.492
Total T: 460000 Episode Num: 460 Episode T: 1000 Reward: 3616.409
---------------------------------------
Evaluation over 10 episodes: 3846.182
---------------------------------------
Total T: 461000 Episode Num: 461 Episode T: 1000 Reward: 3786.255
Total T: 462000 Episode Num: 462 Episode T: 1000 Reward: 3925.803
Total T: 463000 Episode Num: 463 Episode T: 1000 Reward: 3902.704
Total T: 464000 Episode Num: 464 Episode T: 1000 Reward: 3897.698
Total T: 465000 Episode Num: 465 Episode T: 1000 Reward: 3694.700
---------------------------------------
Evaluation over 10 episodes: 3826.172
---------------------------------------
Total T: 466000 Episode Num: 466 Episode T: 1000 Reward: 3733.419
Total T: 467000 Episode Num: 467 Episode T: 1000 Reward: 3981.696
Total T: 468000 Episode Num: 468 Episode T: 1000 Reward: 3795.591
Total T: 469000 Episode Num: 469 Episode T: 1000 Reward: 3796.941
Total T: 470000 Episode Num: 470 Episode T: 1000 Reward: 3824.611
---------------------------------------
Evaluation over 10 episodes: 3843.321
---------------------------------------
Total T: 471000 Episode Num: 471 Episode T: 1000 Reward: 3906.793
Total T: 472000 Episode Num: 472 Episode T: 1000 Reward: 3863.069
Total T: 473000 Episode Num: 473 Episode T: 1000 Reward: 3932.257
Total T: 474000 Episode Num: 474 Episode T: 1000 Reward: 3819.185
Total T: 475000 Episode Num: 475 Episode T: 1000 Reward: 4028.254
---------------------------------------
Evaluation over 10 episodes: 3966.032
---------------------------------------
Total T: 476000 Episode Num: 476 Episode T: 1000 Reward: 3730.131
Total T: 477000 Episode Num: 477 Episode T: 1000 Reward: 3813.483
Total T: 478000 Episode Num: 478 Episode T: 1000 Reward: 3870.688
Total T: 479000 Episode Num: 479 Episode T: 1000 Reward: 4028.681
Total T: 480000 Episode Num: 480 Episode T: 1000 Reward: 4059.018
---------------------------------------
Evaluation over 10 episodes: 3889.569
---------------------------------------
Total T: 481000 Episode Num: 481 Episode T: 1000 Reward: 3783.720
Total T: 482000 Episode Num: 482 Episode T: 1000 Reward: 3961.230
Total T: 483000 Episode Num: 483 Episode T: 1000 Reward: 3969.243
Total T: 484000 Episode Num: 484 Episode T: 1000 Reward: 4058.615
Total T: 485000 Episode Num: 485 Episode T: 1000 Reward: 3755.200
---------------------------------------
Evaluation over 10 episodes: 3930.945
---------------------------------------
Total T: 486000 Episode Num: 486 Episode T: 1000 Reward: 3834.845
Total T: 487000 Episode Num: 487 Episode T: 1000 Reward: 3924.723
Total T: 488000 Episode Num: 488 Episode T: 1000 Reward: 3927.723
Total T: 489000 Episode Num: 489 Episode T: 1000 Reward: 3923.812
Total T: 490000 Episode Num: 490 Episode T: 1000 Reward: 3951.077
---------------------------------------
Evaluation over 10 episodes: 3922.880
---------------------------------------
Total T: 491000 Episode Num: 491 Episode T: 1000 Reward: 3913.295
Total T: 492000 Episode Num: 492 Episode T: 1000 Reward: 3826.552
Total T: 493000 Episode Num: 493 Episode T: 1000 Reward: 4049.643
Total T: 494000 Episode Num: 494 Episode T: 1000 Reward: 3989.596
Total T: 495000 Episode Num: 495 Episode T: 1000 Reward: 3864.751
---------------------------------------
Evaluation over 10 episodes: 3970.279
---------------------------------------
Total T: 496000 Episode Num: 496 Episode T: 1000 Reward: 4120.088
Total T: 497000 Episode Num: 497 Episode T: 1000 Reward: 3971.538
Total T: 498000 Episode Num: 498 Episode T: 1000 Reward: 3829.049
Total T: 499000 Episode Num: 499 Episode T: 1000 Reward: 3899.923
Total T: 500000 Episode Num: 500 Episode T: 1000 Reward: 3884.937
---------------------------------------
Evaluation over 10 episodes: 3940.583
---------------------------------------
Total T: 501000 Episode Num: 501 Episode T: 1000 Reward: 3906.617
Total T: 502000 Episode Num: 502 Episode T: 1000 Reward: 3896.971
Total T: 503000 Episode Num: 503 Episode T: 1000 Reward: 4104.070
Total T: 504000 Episode Num: 504 Episode T: 1000 Reward: 3711.295
Total T: 505000 Episode Num: 505 Episode T: 1000 Reward: 3902.029
---------------------------------------
Evaluation over 10 episodes: 3935.741
---------------------------------------
Total T: 506000 Episode Num: 506 Episode T: 1000 Reward: 3860.445
Total T: 507000 Episode Num: 507 Episode T: 1000 Reward: 3986.902
Total T: 508000 Episode Num: 508 Episode T: 1000 Reward: 3948.778
Total T: 509000 Episode Num: 509 Episode T: 1000 Reward: 3900.147
Total T: 510000 Episode Num: 510 Episode T: 1000 Reward: 3984.492
---------------------------------------
Evaluation over 10 episodes: 3981.137
---------------------------------------
Total T: 511000 Episode Num: 511 Episode T: 1000 Reward: 4124.275
Total T: 512000 Episode Num: 512 Episode T: 1000 Reward: 3967.619
Total T: 513000 Episode Num: 513 Episode T: 1000 Reward: 4027.125
Total T: 514000 Episode Num: 514 Episode T: 1000 Reward: 4054.238
Total T: 515000 Episode Num: 515 Episode T: 1000 Reward: 3930.954
---------------------------------------
Evaluation over 10 episodes: 4010.758
---------------------------------------
Total T: 516000 Episode Num: 516 Episode T: 1000 Reward: 3859.284
Total T: 517000 Episode Num: 517 Episode T: 1000 Reward: 4043.950
Total T: 518000 Episode Num: 518 Episode T: 1000 Reward: 3950.529
Total T: 519000 Episode Num: 519 Episode T: 1000 Reward: 3805.588
Total T: 520000 Episode Num: 520 Episode T: 1000 Reward: 4081.522
---------------------------------------
Evaluation over 10 episodes: 3881.480
---------------------------------------
Total T: 521000 Episode Num: 521 Episode T: 1000 Reward: 3993.584
Total T: 522000 Episode Num: 522 Episode T: 1000 Reward: 3980.122
Total T: 523000 Episode Num: 523 Episode T: 1000 Reward: 4062.538
Total T: 524000 Episode Num: 524 Episode T: 1000 Reward: 4149.348
Total T: 525000 Episode Num: 525 Episode T: 1000 Reward: 3944.366
---------------------------------------
Evaluation over 10 episodes: 4006.679
---------------------------------------
Total T: 526000 Episode Num: 526 Episode T: 1000 Reward: 4022.618
Total T: 527000 Episode Num: 527 Episode T: 1000 Reward: 3975.032
Total T: 528000 Episode Num: 528 Episode T: 1000 Reward: 4022.128
Total T: 529000 Episode Num: 529 Episode T: 1000 Reward: 4017.999
Total T: 530000 Episode Num: 530 Episode T: 1000 Reward: 3974.832
---------------------------------------
Evaluation over 10 episodes: 4007.283
---------------------------------------
Total T: 531000 Episode Num: 531 Episode T: 1000 Reward: 3947.370
Total T: 532000 Episode Num: 532 Episode T: 1000 Reward: 3908.968
Total T: 533000 Episode Num: 533 Episode T: 1000 Reward: 4003.892
Total T: 534000 Episode Num: 534 Episode T: 1000 Reward: 4079.993
Total T: 535000 Episode Num: 535 Episode T: 1000 Reward: 3911.239
---------------------------------------
Evaluation over 10 episodes: 4147.522
---------------------------------------
Total T: 536000 Episode Num: 536 Episode T: 1000 Reward: 4023.909
Total T: 537000 Episode Num: 537 Episode T: 1000 Reward: 4002.036
Total T: 538000 Episode Num: 538 Episode T: 1000 Reward: 3961.072
Total T: 539000 Episode Num: 539 Episode T: 1000 Reward: 3924.173
Total T: 540000 Episode Num: 540 Episode T: 1000 Reward: 4132.800
---------------------------------------
Evaluation over 10 episodes: 4014.604
---------------------------------------
Total T: 541000 Episode Num: 541 Episode T: 1000 Reward: 4007.509
Total T: 542000 Episode Num: 542 Episode T: 1000 Reward: 4115.181
Total T: 543000 Episode Num: 543 Episode T: 1000 Reward: 3954.609
Total T: 544000 Episode Num: 544 Episode T: 1000 Reward: 4031.978
Total T: 545000 Episode Num: 545 Episode T: 1000 Reward: 3852.777
---------------------------------------
Evaluation over 10 episodes: 4148.482
---------------------------------------
Total T: 546000 Episode Num: 546 Episode T: 1000 Reward: 3868.590
Total T: 547000 Episode Num: 547 Episode T: 1000 Reward: 4024.754
Total T: 548000 Episode Num: 548 Episode T: 1000 Reward: 3829.832
Total T: 549000 Episode Num: 549 Episode T: 1000 Reward: 4111.938
Total T: 550000 Episode Num: 550 Episode T: 1000 Reward: 4017.394
---------------------------------------
Evaluation over 10 episodes: 4065.019
---------------------------------------
Total T: 551000 Episode Num: 551 Episode T: 1000 Reward: 4087.758
Total T: 552000 Episode Num: 552 Episode T: 1000 Reward: 4107.277
Total T: 553000 Episode Num: 553 Episode T: 1000 Reward: 4228.920
Total T: 554000 Episode Num: 554 Episode T: 1000 Reward: 3926.587
Total T: 555000 Episode Num: 555 Episode T: 1000 Reward: 4084.010
---------------------------------------
Evaluation over 10 episodes: 4052.855
---------------------------------------
Total T: 556000 Episode Num: 556 Episode T: 1000 Reward: 4207.010
Total T: 557000 Episode Num: 557 Episode T: 1000 Reward: 4285.804
Total T: 558000 Episode Num: 558 Episode T: 1000 Reward: 4167.632
Total T: 559000 Episode Num: 559 Episode T: 1000 Reward: 4184.298
Total T: 560000 Episode Num: 560 Episode T: 1000 Reward: 4276.418
---------------------------------------
Evaluation over 10 episodes: 4151.231
---------------------------------------
Total T: 561000 Episode Num: 561 Episode T: 1000 Reward: 4194.775
Total T: 562000 Episode Num: 562 Episode T: 1000 Reward: 4109.731
Total T: 563000 Episode Num: 563 Episode T: 1000 Reward: 4141.964
Total T: 564000 Episode Num: 564 Episode T: 1000 Reward: 4130.924
Total T: 565000 Episode Num: 565 Episode T: 1000 Reward: 4275.966
---------------------------------------
Evaluation over 10 episodes: 4220.996
---------------------------------------
Total T: 566000 Episode Num: 566 Episode T: 1000 Reward: 4085.219
Total T: 567000 Episode Num: 567 Episode T: 1000 Reward: 4186.292
Total T: 568000 Episode Num: 568 Episode T: 1000 Reward: 4143.065
Total T: 569000 Episode Num: 569 Episode T: 1000 Reward: 4122.008
Total T: 570000 Episode Num: 570 Episode T: 1000 Reward: 4125.495
---------------------------------------
Evaluation over 10 episodes: 4152.394
---------------------------------------
Total T: 571000 Episode Num: 571 Episode T: 1000 Reward: 4127.412
Total T: 572000 Episode Num: 572 Episode T: 1000 Reward: 4057.469
Total T: 573000 Episode Num: 573 Episode T: 1000 Reward: 4218.684
Total T: 574000 Episode Num: 574 Episode T: 1000 Reward: 4111.601
Total T: 575000 Episode Num: 575 Episode T: 1000 Reward: 4092.263
---------------------------------------
Evaluation over 10 episodes: 4108.133
---------------------------------------
Total T: 576000 Episode Num: 576 Episode T: 1000 Reward: 4063.441
Total T: 577000 Episode Num: 577 Episode T: 1000 Reward: 4050.837
Total T: 578000 Episode Num: 578 Episode T: 1000 Reward: 4134.005
Total T: 579000 Episode Num: 579 Episode T: 1000 Reward: 4082.370
Total T: 580000 Episode Num: 580 Episode T: 1000 Reward: 4164.123
---------------------------------------
Evaluation over 10 episodes: 4106.268
---------------------------------------
Total T: 581000 Episode Num: 581 Episode T: 1000 Reward: 4127.730
Total T: 582000 Episode Num: 582 Episode T: 1000 Reward: 4323.095
Total T: 583000 Episode Num: 583 Episode T: 1000 Reward: 4118.564
Total T: 584000 Episode Num: 584 Episode T: 1000 Reward: 4043.111
Total T: 585000 Episode Num: 585 Episode T: 1000 Reward: 4306.059
---------------------------------------
Evaluation over 10 episodes: 4135.758
---------------------------------------
Total T: 586000 Episode Num: 586 Episode T: 1000 Reward: 4188.331
Total T: 587000 Episode Num: 587 Episode T: 1000 Reward: 4258.155
Total T: 588000 Episode Num: 588 Episode T: 1000 Reward: 4103.722
Total T: 589000 Episode Num: 589 Episode T: 1000 Reward: 4082.858
Total T: 590000 Episode Num: 590 Episode T: 1000 Reward: 4316.461
---------------------------------------
Evaluation over 10 episodes: 4099.625
---------------------------------------
Total T: 591000 Episode Num: 591 Episode T: 1000 Reward: 4293.691
Total T: 592000 Episode Num: 592 Episode T: 1000 Reward: 4107.774
Total T: 593000 Episode Num: 593 Episode T: 1000 Reward: 4110.951
Total T: 594000 Episode Num: 594 Episode T: 1000 Reward: 4239.042
Total T: 595000 Episode Num: 595 Episode T: 1000 Reward: 4201.502
---------------------------------------
Evaluation over 10 episodes: 4225.627
---------------------------------------
Total T: 596000 Episode Num: 596 Episode T: 1000 Reward: 4225.083
Total T: 597000 Episode Num: 597 Episode T: 1000 Reward: 4256.134
Total T: 598000 Episode Num: 598 Episode T: 1000 Reward: 4102.965
Total T: 599000 Episode Num: 599 Episode T: 1000 Reward: 4096.725
Total T: 600000 Episode Num: 600 Episode T: 1000 Reward: 4291.577
---------------------------------------
Evaluation over 10 episodes: 4215.606
---------------------------------------
Total T: 601000 Episode Num: 601 Episode T: 1000 Reward: 4196.420
Total T: 602000 Episode Num: 602 Episode T: 1000 Reward: 4316.747
Total T: 603000 Episode Num: 603 Episode T: 1000 Reward: 4326.144
Total T: 604000 Episode Num: 604 Episode T: 1000 Reward: 3985.872
Total T: 605000 Episode Num: 605 Episode T: 1000 Reward: 4276.767
---------------------------------------
Evaluation over 10 episodes: 4270.655
---------------------------------------
Total T: 606000 Episode Num: 606 Episode T: 1000 Reward: 4169.922
Total T: 607000 Episode Num: 607 Episode T: 1000 Reward: 4230.063
Total T: 608000 Episode Num: 608 Episode T: 1000 Reward: 4199.490
Total T: 609000 Episode Num: 609 Episode T: 1000 Reward: 4280.677
Total T: 610000 Episode Num: 610 Episode T: 1000 Reward: 4196.683
---------------------------------------
Evaluation over 10 episodes: 4286.091
---------------------------------------
Total T: 611000 Episode Num: 611 Episode T: 1000 Reward: 4227.966
Total T: 612000 Episode Num: 612 Episode T: 1000 Reward: 4378.741
Total T: 613000 Episode Num: 613 Episode T: 1000 Reward: 4328.564
Total T: 614000 Episode Num: 614 Episode T: 1000 Reward: 4207.279
Total T: 615000 Episode Num: 615 Episode T: 1000 Reward: 4351.015
---------------------------------------
Evaluation over 10 episodes: 4258.927
---------------------------------------
Total T: 616000 Episode Num: 616 Episode T: 1000 Reward: 4389.365
Total T: 617000 Episode Num: 617 Episode T: 1000 Reward: 4150.642
Total T: 618000 Episode Num: 618 Episode T: 1000 Reward: 4346.041
Total T: 619000 Episode Num: 619 Episode T: 1000 Reward: 4154.280
Total T: 620000 Episode Num: 620 Episode T: 1000 Reward: 4351.368
---------------------------------------
Evaluation over 10 episodes: 4157.034
---------------------------------------
Total T: 621000 Episode Num: 621 Episode T: 1000 Reward: 4401.441
Total T: 622000 Episode Num: 622 Episode T: 1000 Reward: 4409.221
Total T: 623000 Episode Num: 623 Episode T: 1000 Reward: 4133.008
Total T: 624000 Episode Num: 624 Episode T: 1000 Reward: 4331.551
Total T: 625000 Episode Num: 625 Episode T: 1000 Reward: 4396.790
---------------------------------------
Evaluation over 10 episodes: 4407.290
---------------------------------------
Total T: 626000 Episode Num: 626 Episode T: 1000 Reward: 4237.150
Total T: 627000 Episode Num: 627 Episode T: 1000 Reward: 4393.073
Total T: 628000 Episode Num: 628 Episode T: 1000 Reward: 4398.921
Total T: 629000 Episode Num: 629 Episode T: 1000 Reward: 4602.683
Total T: 630000 Episode Num: 630 Episode T: 1000 Reward: 4333.947
---------------------------------------
Evaluation over 10 episodes: 4284.996
---------------------------------------
Total T: 631000 Episode Num: 631 Episode T: 1000 Reward: 4155.369
Total T: 632000 Episode Num: 632 Episode T: 1000 Reward: 4324.953
Total T: 633000 Episode Num: 633 Episode T: 1000 Reward: 4419.103
Total T: 634000 Episode Num: 634 Episode T: 1000 Reward: 4445.770
Total T: 635000 Episode Num: 635 Episode T: 1000 Reward: 4418.390
---------------------------------------
Evaluation over 10 episodes: 4331.734
---------------------------------------
Total T: 636000 Episode Num: 636 Episode T: 1000 Reward: 4366.545
Total T: 637000 Episode Num: 637 Episode T: 1000 Reward: 4339.368
Total T: 638000 Episode Num: 638 Episode T: 1000 Reward: 4436.643
Total T: 639000 Episode Num: 639 Episode T: 1000 Reward: 4297.860
Total T: 640000 Episode Num: 640 Episode T: 1000 Reward: 4332.238
---------------------------------------
Evaluation over 10 episodes: 4294.738
---------------------------------------
Total T: 641000 Episode Num: 641 Episode T: 1000 Reward: 4410.225
Total T: 642000 Episode Num: 642 Episode T: 1000 Reward: 4446.093
Total T: 643000 Episode Num: 643 Episode T: 1000 Reward: 4418.938